Connecting to host 10.136.80.179, port 5201
[  5] local 10.136.173.114 port 43068 connected to 10.136.80.179 port 5201
[ ID] Interval           Transfer     Bitrate         Total Datagrams
[  5]   0.00-1.00   sec  57.1 MBytes   479 Mbits/sec  50810  (omitted)
[  5]   0.00-1.00   sec  58.0 MBytes   486 Mbits/sec  51600  
[  5]   1.00-2.00   sec  56.3 MBytes   472 Mbits/sec  50140  
[  5]   2.00-3.00   sec  56.5 MBytes   474 Mbits/sec  50330  
[  5]   3.00-4.00   sec  56.6 MBytes   475 Mbits/sec  50420  
[  5]   4.00-5.00   sec  56.7 MBytes   476 Mbits/sec  50500  
[  5]   5.00-6.00   sec  53.2 MBytes   446 Mbits/sec  47370  
[  5]   6.00-7.00   sec  46.8 MBytes   392 Mbits/sec  41630  
[  5]   7.00-8.00   sec  56.9 MBytes   477 Mbits/sec  50610  
[  5]   8.00-9.00   sec  53.1 MBytes   446 Mbits/sec  47280  
[  5]   9.00-10.00  sec  53.8 MBytes   451 Mbits/sec  47880  
[  5]  10.00-11.00  sec  62.1 MBytes   521 Mbits/sec  55300  
[  5]  11.00-12.00  sec  58.0 MBytes   487 Mbits/sec  51650  
[  5]  12.00-13.00  sec  54.9 MBytes   461 Mbits/sec  48900  
[  5]  13.00-14.00  sec  50.7 MBytes   425 Mbits/sec  45140  
[  5]  14.00-15.00  sec  55.6 MBytes   466 Mbits/sec  49450  
[  5]  15.00-16.00  sec  50.2 MBytes   421 Mbits/sec  44690  
[  5]  16.00-17.00  sec  54.7 MBytes   459 Mbits/sec  48680  
[  5]  17.00-18.00  sec  43.3 MBytes   363 Mbits/sec  38530  
[  5]  18.00-19.00  sec  53.8 MBytes   452 Mbits/sec  47920  
[  5]  19.00-20.00  sec  55.2 MBytes   463 Mbits/sec  49100  
[  5]  20.00-21.00  sec  58.8 MBytes   493 Mbits/sec  52350  
[  5]  21.00-22.00  sec  57.0 MBytes   478 Mbits/sec  50760  
[  5]  22.00-23.00  sec  61.8 MBytes   519 Mbits/sec  55050  
[  5]  23.00-24.00  sec  59.4 MBytes   498 Mbits/sec  52860  
[  5]  24.00-25.00  sec  55.5 MBytes   465 Mbits/sec  49390  
[  5]  25.00-26.00  sec  55.9 MBytes   469 Mbits/sec  49790  
[  5]  26.00-27.00  sec  58.2 MBytes   488 Mbits/sec  51770  
[  5]  27.00-28.00  sec  60.1 MBytes   504 Mbits/sec  53520  
[  5]  28.00-29.00  sec  54.5 MBytes   457 Mbits/sec  48540  
[  5]  29.00-30.00  sec  52.8 MBytes   443 Mbits/sec  46970  
[  5]  30.00-31.00  sec  50.7 MBytes   425 Mbits/sec  45090  
[  5]  31.00-32.00  sec  47.7 MBytes   400 Mbits/sec  42480  
[  5]  32.00-33.00  sec  52.8 MBytes   443 Mbits/sec  47040  
[  5]  33.00-34.00  sec  43.8 MBytes   368 Mbits/sec  39020  
[  5]  34.00-35.00  sec  49.6 MBytes   416 Mbits/sec  44180  
[  5]  35.00-36.00  sec  58.3 MBytes   489 Mbits/sec  51930  
[  5]  36.00-37.00  sec  56.8 MBytes   476 Mbits/sec  50560  
[  5]  37.00-38.00  sec  59.1 MBytes   496 Mbits/sec  52590  
[  5]  38.00-39.00  sec  46.3 MBytes   388 Mbits/sec  41200  
[  5]  39.00-40.00  sec  56.8 MBytes   476 Mbits/sec  50540  
[  5]  40.00-41.00  sec  56.3 MBytes   473 Mbits/sec  50130  
[  5]  41.00-42.00  sec  53.1 MBytes   446 Mbits/sec  47310  
[  5]  42.00-43.00  sec  56.0 MBytes   470 Mbits/sec  49840  
[  5]  43.00-44.00  sec  55.9 MBytes   469 Mbits/sec  49790  
[  5]  44.00-45.00  sec  60.1 MBytes   504 Mbits/sec  53520  
[  5]  45.00-46.00  sec  60.7 MBytes   509 Mbits/sec  53990  
[  5]  46.00-47.00  sec  58.2 MBytes   488 Mbits/sec  51790  
[  5]  47.00-48.00  sec  60.2 MBytes   505 Mbits/sec  53580  
[  5]  48.00-49.00  sec  55.9 MBytes   469 Mbits/sec  49730  
[  5]  49.00-50.00  sec  57.1 MBytes   479 Mbits/sec  50830  
[  5]  50.00-51.00  sec  57.4 MBytes   481 Mbits/sec  51080  
[  5]  51.00-52.00  sec  51.6 MBytes   433 Mbits/sec  45890  
[  5]  52.00-53.00  sec  59.2 MBytes   497 Mbits/sec  52720  
[  5]  53.00-54.00  sec  61.4 MBytes   515 Mbits/sec  54690  
[  5]  54.00-55.00  sec  51.6 MBytes   433 Mbits/sec  45940  
[  5]  55.00-56.00  sec  45.9 MBytes   385 Mbits/sec  40890  
[  5]  56.00-57.00  sec  52.5 MBytes   441 Mbits/sec  46770  
[  5]  57.00-58.00  sec  57.9 MBytes   486 Mbits/sec  51580  
[  5]  58.00-59.00  sec  57.6 MBytes   483 Mbits/sec  51270  
[  5]  59.00-60.00  sec  53.1 MBytes   446 Mbits/sec  47290  
- - - - - - - - - - - - - - - - - - - - - - - - -
[ ID] Interval           Transfer     Bitrate         Jitter    Lost/Total Datagrams
[  5]   0.00-60.00  sec  3.23 GBytes   462 Mbits/sec  0.000 ms  0/2941380 (0%)  sender
[  5]   0.00-60.25  sec  1.99 GBytes   284 Mbits/sec  0.030 ms  1147875/2941366 (39%)  receiver

iperf Done.
