Connecting to host 10.136.80.186, port 5201
[  5] local 10.136.173.122 port 39747 connected to 10.136.80.186 port 5201
[ ID] Interval           Transfer     Bitrate         Total Datagrams
[  5]   0.00-1.00   sec  63.7 MBytes   535 Mbits/sec  56730  (omitted)
[  5]   0.00-1.00   sec  59.9 MBytes   503 Mbits/sec  53330  
[  5]   1.00-2.00   sec  57.8 MBytes   485 Mbits/sec  51490  
[  5]   2.00-3.00   sec  59.0 MBytes   495 Mbits/sec  52530  
[  5]   3.00-4.00   sec  54.6 MBytes   458 Mbits/sec  48580  
[  5]   4.00-5.00   sec  58.4 MBytes   490 Mbits/sec  51990  
[  5]   5.00-6.00   sec  55.9 MBytes   469 Mbits/sec  49800  
[  5]   6.00-7.00   sec  61.5 MBytes   516 Mbits/sec  54710  
[  5]   7.00-8.00   sec  61.3 MBytes   514 Mbits/sec  54530  
[  5]   8.00-9.00   sec  56.3 MBytes   473 Mbits/sec  50140  
[  5]   9.00-10.00  sec  58.5 MBytes   491 Mbits/sec  52110  
[  5]  10.00-11.00  sec  59.0 MBytes   495 Mbits/sec  52520  
[  5]  11.00-12.00  sec  60.9 MBytes   511 Mbits/sec  54240  
[  5]  12.00-13.00  sec  54.2 MBytes   455 Mbits/sec  48250  
[  5]  13.00-14.00  sec  58.6 MBytes   491 Mbits/sec  52120  
[  5]  14.00-15.00  sec  57.2 MBytes   480 Mbits/sec  50940  
[  5]  15.00-16.00  sec  61.0 MBytes   512 Mbits/sec  54280  
[  5]  16.00-17.00  sec  62.2 MBytes   522 Mbits/sec  55370  
[  5]  17.00-18.00  sec  56.0 MBytes   470 Mbits/sec  49860  
[  5]  18.00-19.00  sec  63.4 MBytes   532 Mbits/sec  56460  
[  5]  19.00-20.00  sec  58.6 MBytes   492 Mbits/sec  52200  
[  5]  20.00-21.00  sec  55.8 MBytes   468 Mbits/sec  49650  
[  5]  21.00-22.00  sec  52.2 MBytes   438 Mbits/sec  46430  
[  5]  22.00-23.00  sec  62.4 MBytes   523 Mbits/sec  55540  
[  5]  23.00-24.00  sec  57.5 MBytes   482 Mbits/sec  51160  
[  5]  24.00-25.00  sec  58.6 MBytes   491 Mbits/sec  52140  
[  5]  25.00-26.00  sec  61.5 MBytes   516 Mbits/sec  54700  
[  5]  26.00-27.00  sec  59.0 MBytes   495 Mbits/sec  52560  
[  5]  27.00-28.00  sec  59.7 MBytes   501 Mbits/sec  53150  
[  5]  28.00-29.00  sec  60.0 MBytes   503 Mbits/sec  53410  
[  5]  29.00-30.00  sec  58.3 MBytes   489 Mbits/sec  51890  
[  5]  30.00-31.00  sec  51.6 MBytes   433 Mbits/sec  45940  
[  5]  31.00-32.00  sec  65.5 MBytes   549 Mbits/sec  58300  
[  5]  32.00-33.00  sec  59.2 MBytes   497 Mbits/sec  52700  
[  5]  33.00-34.00  sec  55.5 MBytes   466 Mbits/sec  49430  
[  5]  34.00-35.00  sec  58.2 MBytes   488 Mbits/sec  51770  
[  5]  35.00-36.00  sec  54.1 MBytes   454 Mbits/sec  48190  
[  5]  36.00-37.00  sec  60.1 MBytes   504 Mbits/sec  53520  
[  5]  37.00-38.00  sec  59.7 MBytes   500 Mbits/sec  53100  
[  5]  38.00-39.00  sec  58.6 MBytes   492 Mbits/sec  52190  
[  5]  39.00-40.00  sec  62.9 MBytes   528 Mbits/sec  56020  
[  5]  40.00-41.00  sec  62.2 MBytes   522 Mbits/sec  55390  
[  5]  41.00-42.00  sec  57.5 MBytes   482 Mbits/sec  51190  
[  5]  42.00-43.00  sec  60.3 MBytes   506 Mbits/sec  53700  
[  5]  43.00-44.00  sec  58.1 MBytes   488 Mbits/sec  51750  
[  5]  44.00-45.00  sec  58.8 MBytes   493 Mbits/sec  52320  
[  5]  45.00-46.00  sec  55.8 MBytes   468 Mbits/sec  49700  
[  5]  46.00-47.00  sec  56.2 MBytes   471 Mbits/sec  50030  
[  5]  47.00-48.00  sec  63.6 MBytes   534 Mbits/sec  56600  
[  5]  48.00-49.00  sec  63.0 MBytes   529 Mbits/sec  56100  
[  5]  49.00-50.00  sec  56.4 MBytes   473 Mbits/sec  50220  
[  5]  50.00-51.00  sec  64.0 MBytes   536 Mbits/sec  56930  
[  5]  51.00-52.00  sec  54.3 MBytes   455 Mbits/sec  48320  
[  5]  52.00-53.00  sec  59.1 MBytes   495 Mbits/sec  52570  
[  5]  53.00-54.00  sec  58.5 MBytes   491 Mbits/sec  52080  
[  5]  54.00-55.00  sec  64.8 MBytes   544 Mbits/sec  57720  
[  5]  55.00-56.00  sec  60.1 MBytes   504 Mbits/sec  53530  
[  5]  56.00-57.00  sec  60.3 MBytes   506 Mbits/sec  53640  
[  5]  57.00-58.00  sec  60.2 MBytes   505 Mbits/sec  53570  
[  5]  58.00-59.00  sec  61.3 MBytes   514 Mbits/sec  54530  
[  5]  59.00-60.00  sec  60.8 MBytes   510 Mbits/sec  54140  
- - - - - - - - - - - - - - - - - - - - - - - - -
[ ID] Interval           Transfer     Bitrate         Jitter    Lost/Total Datagrams
[  5]   0.00-60.00  sec  3.46 GBytes   495 Mbits/sec  0.000 ms  0/3151270 (0%)  sender
[  5]   0.00-60.39  sec   192 MBytes  26.6 Mbits/sec  0.053 ms  3035398/3151266 (96%)  receiver

iperf Done.
