Connecting to host 10.136.80.140, port 5201
[  5] local 10.136.173.72 port 33288 connected to 10.136.80.140 port 5201
[ ID] Interval           Transfer     Bitrate         Retr  Cwnd
[  5]   0.00-1.00   sec  93.4 MBytes   784 Mbits/sec   48    583 KBytes       (omitted)
[  5]   0.00-1.00   sec  92.4 MBytes   775 Mbits/sec    0    692 KBytes       
[  5]   1.00-2.00   sec  92.5 MBytes   776 Mbits/sec    9    552 KBytes       
[  5]   2.00-3.00   sec  91.2 MBytes   765 Mbits/sec    0    664 KBytes       
[  5]   3.00-4.00   sec  91.2 MBytes   766 Mbits/sec    4    755 KBytes       
[  5]   4.00-5.00   sec  92.5 MBytes   776 Mbits/sec    0    841 KBytes       
[  5]   5.00-6.00   sec  91.2 MBytes   765 Mbits/sec    0    919 KBytes       
[  5]   6.00-7.00   sec  92.5 MBytes   776 Mbits/sec   21    734 KBytes       
[  5]   7.00-8.00   sec  92.5 MBytes   776 Mbits/sec    0    822 KBytes       
[  5]   8.00-9.00   sec  91.2 MBytes   765 Mbits/sec    0    902 KBytes       
[  5]   9.00-10.00  sec  92.5 MBytes   776 Mbits/sec    0    975 KBytes       
[  5]  10.00-11.00  sec  91.2 MBytes   765 Mbits/sec    0   1.02 MBytes       
[  5]  11.00-12.00  sec  92.5 MBytes   776 Mbits/sec  119    576 KBytes       
[  5]  12.00-13.00  sec  92.5 MBytes   776 Mbits/sec    6    489 KBytes       
[  5]  13.00-14.00  sec  91.2 MBytes   765 Mbits/sec    0    612 KBytes       
[  5]  14.00-15.00  sec  92.5 MBytes   776 Mbits/sec    0    714 KBytes       
[  5]  15.00-16.00  sec  91.2 MBytes   765 Mbits/sec    8    598 KBytes       
[  5]  16.00-17.00  sec  91.2 MBytes   765 Mbits/sec    6    502 KBytes       
[  5]  17.00-18.00  sec  91.2 MBytes   765 Mbits/sec    0    624 KBytes       
[  5]  18.00-19.00  sec  92.5 MBytes   776 Mbits/sec    0    726 KBytes       
[  5]  19.00-20.00  sec  91.2 MBytes   765 Mbits/sec    0    815 KBytes       
[  5]  20.00-21.00  sec  92.5 MBytes   776 Mbits/sec    7    625 KBytes       
[  5]  21.00-22.00  sec  92.5 MBytes   776 Mbits/sec    0    725 KBytes       
[  5]  22.00-23.00  sec  91.2 MBytes   765 Mbits/sec    0    815 KBytes       
[  5]  23.00-24.00  sec  91.2 MBytes   765 Mbits/sec    7    669 KBytes       
[  5]  24.00-25.00  sec  92.5 MBytes   776 Mbits/sec    0    765 KBytes       
[  5]  25.00-26.00  sec  91.2 MBytes   765 Mbits/sec    0    851 KBytes       
[  5]  26.00-27.00  sec  92.5 MBytes   776 Mbits/sec   14    694 KBytes       
[  5]  27.00-28.00  sec  92.5 MBytes   776 Mbits/sec    0    786 KBytes       
[  5]  28.00-29.00  sec  91.2 MBytes   765 Mbits/sec    0    870 KBytes       
[  5]  29.00-30.00  sec  92.5 MBytes   776 Mbits/sec    0    943 KBytes       
[  5]  30.00-31.00  sec  77.5 MBytes   650 Mbits/sec   34   1003 KBytes       
[  5]  31.00-32.00  sec  90.0 MBytes   755 Mbits/sec   25    584 KBytes       
[  5]  32.00-33.00  sec  91.2 MBytes   765 Mbits/sec    6    493 KBytes       
[  5]  33.00-34.00  sec  91.2 MBytes   765 Mbits/sec   35    482 KBytes       
[  5]  34.00-35.00  sec  92.5 MBytes   776 Mbits/sec    0    608 KBytes       
[  5]  35.00-36.00  sec  91.2 MBytes   765 Mbits/sec    5    500 KBytes       
[  5]  36.00-37.00  sec  92.5 MBytes   776 Mbits/sec    0    623 KBytes       
[  5]  37.00-38.00  sec  91.2 MBytes   765 Mbits/sec    0    725 KBytes       
[  5]  38.00-39.00  sec  92.5 MBytes   776 Mbits/sec    0    814 KBytes       
[  5]  39.00-40.00  sec  92.5 MBytes   776 Mbits/sec    7    647 KBytes       
[  5]  40.00-41.00  sec  91.2 MBytes   765 Mbits/sec    0    747 KBytes       
[  5]  41.00-42.00  sec  92.5 MBytes   775 Mbits/sec    0    833 KBytes       
[  5]  42.00-43.00  sec  92.5 MBytes   777 Mbits/sec    5    669 KBytes       
[  5]  43.00-44.00  sec  91.2 MBytes   765 Mbits/sec    5    765 KBytes       
[  5]  44.00-45.00  sec  91.2 MBytes   766 Mbits/sec   13    515 KBytes       
[  5]  45.00-46.00  sec  91.2 MBytes   765 Mbits/sec    6    463 KBytes       
[  5]  46.00-47.00  sec  92.5 MBytes   776 Mbits/sec    0    595 KBytes       
[  5]  47.00-48.00  sec  91.2 MBytes   766 Mbits/sec    0    699 KBytes       
[  5]  48.00-49.00  sec  92.5 MBytes   776 Mbits/sec    0    792 KBytes       
[  5]  49.00-50.00  sec  91.2 MBytes   766 Mbits/sec    6    613 KBytes       
[  5]  50.00-51.00  sec  92.5 MBytes   776 Mbits/sec    0    714 KBytes       
[  5]  51.00-52.00  sec  91.2 MBytes   765 Mbits/sec    7    599 KBytes       
[  5]  52.00-53.00  sec  92.5 MBytes   776 Mbits/sec    0    703 KBytes       
[  5]  53.00-54.00  sec  91.2 MBytes   765 Mbits/sec    0    796 KBytes       
[  5]  54.00-55.00  sec  92.5 MBytes   776 Mbits/sec    0    878 KBytes       
[  5]  55.00-56.00  sec  92.5 MBytes   776 Mbits/sec    7    713 KBytes       
[  5]  56.00-57.00  sec  91.2 MBytes   765 Mbits/sec    6    610 KBytes       
[  5]  57.00-58.00  sec  91.2 MBytes   765 Mbits/sec    0    714 KBytes       
[  5]  58.00-59.00  sec  92.5 MBytes   776 Mbits/sec    0    805 KBytes       
[  5]  59.00-60.00  sec  92.5 MBytes   776 Mbits/sec    0    886 KBytes       
- - - - - - - - - - - - - - - - - - - - - - - - -
[ ID] Interval           Transfer     Bitrate         Retr
[  5]   0.00-60.00  sec  5.37 GBytes   769 Mbits/sec  368             sender
[  5]   0.00-60.05  sec  5.37 GBytes   769 Mbits/sec                  receiver

iperf Done.
