Connecting to host 10.136.80.130, port 5201
[  5] local 10.136.173.125 port 49521 connected to 10.136.80.130 port 5201
[ ID] Interval           Transfer     Bitrate         Total Datagrams
[  5]   0.00-1.00   sec  72.0 MBytes   604 Mbits/sec  64090  (omitted)
[  5]   0.00-1.00   sec  63.9 MBytes   536 Mbits/sec  56880  
[  5]   1.00-2.00   sec  66.6 MBytes   559 Mbits/sec  59320  
[  5]   2.00-3.00   sec  67.4 MBytes   566 Mbits/sec  60030  
[  5]   3.00-4.00   sec  67.1 MBytes   563 Mbits/sec  59750  
[  5]   4.00-5.00   sec  64.8 MBytes   544 Mbits/sec  57720  
[  5]   5.00-6.00   sec  64.2 MBytes   538 Mbits/sec  57120  
[  5]   6.00-7.00   sec  64.9 MBytes   544 Mbits/sec  57760  
[  5]   7.00-8.00   sec  67.1 MBytes   563 Mbits/sec  59700  
[  5]   8.00-9.00   sec  66.3 MBytes   556 Mbits/sec  59050  
[  5]   9.00-10.00  sec  68.1 MBytes   571 Mbits/sec  60620  
[  5]  10.00-11.00  sec  80.8 MBytes   677 Mbits/sec  71880  
[  5]  11.00-12.00  sec  81.8 MBytes   686 Mbits/sec  72820  
[  5]  12.00-13.00  sec  82.4 MBytes   691 Mbits/sec  73340  
[  5]  13.00-14.00  sec  82.0 MBytes   688 Mbits/sec  73010  
[  5]  14.00-15.00  sec  82.6 MBytes   693 Mbits/sec  73510  
[  5]  15.00-16.00  sec  82.9 MBytes   695 Mbits/sec  73770  
[  5]  16.00-17.00  sec  82.6 MBytes   693 Mbits/sec  73520  
[  5]  17.00-18.00  sec  82.3 MBytes   691 Mbits/sec  73300  
[  5]  18.00-19.00  sec  81.8 MBytes   686 Mbits/sec  72850  
[  5]  19.00-20.00  sec  81.3 MBytes   682 Mbits/sec  72410  
[  5]  20.00-21.00  sec  80.7 MBytes   677 Mbits/sec  71790  
[  5]  21.00-22.00  sec  81.7 MBytes   686 Mbits/sec  72750  
[  5]  22.00-23.00  sec  81.6 MBytes   685 Mbits/sec  72660  
[  5]  23.00-24.00  sec  81.3 MBytes   682 Mbits/sec  72330  
[  5]  24.00-25.00  sec  81.7 MBytes   685 Mbits/sec  72720  
[  5]  25.00-26.00  sec  82.0 MBytes   688 Mbits/sec  72970  
[  5]  26.00-27.00  sec  81.6 MBytes   684 Mbits/sec  72630  
[  5]  27.00-28.00  sec  82.0 MBytes   688 Mbits/sec  72950  
[  5]  28.00-29.00  sec  81.7 MBytes   685 Mbits/sec  72730  
[  5]  29.00-30.00  sec  81.1 MBytes   680 Mbits/sec  72190  
[  5]  30.00-31.00  sec  81.4 MBytes   683 Mbits/sec  72440  
[  5]  31.00-32.00  sec  80.8 MBytes   678 Mbits/sec  71920  
[  5]  32.00-33.00  sec  81.6 MBytes   685 Mbits/sec  72670  
[  5]  33.00-34.00  sec  81.0 MBytes   679 Mbits/sec  72100  
[  5]  34.00-35.00  sec  82.7 MBytes   694 Mbits/sec  73600  
[  5]  35.00-36.00  sec  82.0 MBytes   688 Mbits/sec  72980  
[  5]  36.00-37.00  sec  81.2 MBytes   681 Mbits/sec  72290  
[  5]  37.00-38.00  sec  81.9 MBytes   687 Mbits/sec  72940  
[  5]  38.00-39.00  sec  82.7 MBytes   694 Mbits/sec  73610  
[  5]  39.00-40.00  sec  81.6 MBytes   685 Mbits/sec  72640  
[  5]  40.00-41.00  sec  79.8 MBytes   670 Mbits/sec  71070  
[  5]  41.00-42.00  sec  80.2 MBytes   673 Mbits/sec  71420  
[  5]  42.00-43.00  sec  83.4 MBytes   699 Mbits/sec  74230  
[  5]  43.00-44.00  sec  70.7 MBytes   593 Mbits/sec  62960  
[  5]  44.00-45.00  sec  64.4 MBytes   540 Mbits/sec  57330  
[  5]  45.00-46.00  sec  65.6 MBytes   550 Mbits/sec  58420  
[  5]  46.00-47.00  sec  66.8 MBytes   560 Mbits/sec  59470  
[  5]  47.00-48.00  sec  66.5 MBytes   558 Mbits/sec  59230  
[  5]  48.00-49.00  sec  67.0 MBytes   562 Mbits/sec  59670  
[  5]  49.00-50.00  sec  63.6 MBytes   534 Mbits/sec  56640  
[  5]  50.00-51.00  sec  66.6 MBytes   559 Mbits/sec  59260  
[  5]  51.00-52.00  sec  66.6 MBytes   558 Mbits/sec  59260  
[  5]  52.00-53.00  sec  62.0 MBytes   520 Mbits/sec  55210  
[  5]  53.00-54.00  sec  67.6 MBytes   567 Mbits/sec  60200  
[  5]  54.00-55.00  sec  80.9 MBytes   679 Mbits/sec  72040  
[  5]  55.00-56.00  sec  82.5 MBytes   692 Mbits/sec  73440  
[  5]  56.00-57.00  sec  81.7 MBytes   685 Mbits/sec  72710  
[  5]  57.00-58.00  sec  82.1 MBytes   688 Mbits/sec  73050  
[  5]  58.00-59.00  sec  80.8 MBytes   677 Mbits/sec  71880  
[  5]  59.00-60.00  sec  81.5 MBytes   684 Mbits/sec  72540  
- - - - - - - - - - - - - - - - - - - - - - - - -
[ ID] Interval           Transfer     Bitrate         Jitter    Lost/Total Datagrams
[  5]   0.00-60.00  sec  4.47 GBytes   639 Mbits/sec  0.000 ms  0/4071300 (0%)  sender
[  5]   0.00-60.04  sec  4.47 GBytes   639 Mbits/sec  0.009 ms  1748/4071300 (0.043%)  receiver

iperf Done.
