Connecting to host 10.136.80.146, port 5201
[  5] local 10.136.173.82 port 49778 connected to 10.136.80.146 port 5201
[ ID] Interval           Transfer     Bitrate         Retr  Cwnd
[  5]   0.00-1.00   sec  84.4 MBytes   708 Mbits/sec   31    231 KBytes       (omitted)
[  5]   0.00-1.00   sec  87.2 MBytes   732 Mbits/sec   11    275 KBytes       
[  5]   1.00-2.00   sec  86.8 MBytes   728 Mbits/sec    6    377 KBytes       
[  5]   2.00-3.00   sec  85.1 MBytes   714 Mbits/sec   28    205 KBytes       
[  5]   3.00-4.00   sec  85.7 MBytes   717 Mbits/sec    7    338 KBytes       
[  5]   4.00-5.00   sec  86.0 MBytes   722 Mbits/sec   30    214 KBytes       
[  5]   5.00-6.00   sec  75.1 MBytes   630 Mbits/sec   21    224 KBytes       
[  5]   6.00-7.00   sec  84.8 MBytes   711 Mbits/sec    6    357 KBytes       
[  5]   7.00-8.00   sec  86.9 MBytes   729 Mbits/sec   23    284 KBytes       
[  5]   8.00-9.00   sec  87.6 MBytes   734 Mbits/sec   32    220 KBytes       
[  5]   9.00-10.00  sec  84.5 MBytes   709 Mbits/sec   14    238 KBytes       
[  5]  10.00-11.00  sec  85.5 MBytes   717 Mbits/sec   19    359 KBytes       
[  5]  11.00-12.00  sec  65.3 MBytes   548 Mbits/sec   39    227 KBytes       
[  5]  12.00-13.00  sec  87.4 MBytes   733 Mbits/sec   13    347 KBytes       
[  5]  13.00-14.00  sec  81.6 MBytes   684 Mbits/sec   28    208 KBytes       
[  5]  14.00-15.00  sec  88.4 MBytes   742 Mbits/sec   12    291 KBytes       
[  5]  15.00-16.00  sec  80.2 MBytes   673 Mbits/sec   22    289 KBytes       
[  5]  16.00-17.00  sec  89.0 MBytes   747 Mbits/sec   14    268 KBytes       
[  5]  17.00-18.00  sec  86.3 MBytes   724 Mbits/sec   11    329 KBytes       
[  5]  18.00-19.00  sec  83.5 MBytes   700 Mbits/sec   14    355 KBytes       
[  5]  19.00-20.00  sec  84.0 MBytes   705 Mbits/sec   28    201 KBytes       
[  5]  20.00-21.00  sec  86.0 MBytes   722 Mbits/sec    7    296 KBytes       
[  5]  21.00-22.00  sec  81.5 MBytes   684 Mbits/sec    9    365 KBytes       
[  5]  22.00-23.00  sec  88.2 MBytes   740 Mbits/sec   22    303 KBytes       
[  5]  23.00-24.00  sec  88.2 MBytes   740 Mbits/sec   13    300 KBytes       
[  5]  24.00-25.00  sec  84.5 MBytes   709 Mbits/sec   30    269 KBytes       
[  5]  25.00-26.00  sec  80.7 MBytes   677 Mbits/sec   21    257 KBytes       
[  5]  26.00-27.00  sec  83.9 MBytes   704 Mbits/sec   13    283 KBytes       
[  5]  27.00-28.00  sec  83.3 MBytes   698 Mbits/sec   15    216 KBytes       
[  5]  28.00-29.00  sec  86.9 MBytes   729 Mbits/sec    0    395 KBytes       
[  5]  29.00-30.00  sec  88.1 MBytes   739 Mbits/sec    6    385 KBytes       
[  5]  30.00-31.00  sec  87.0 MBytes   730 Mbits/sec   57    201 KBytes       
[  5]  31.00-32.00  sec  82.4 MBytes   691 Mbits/sec    6    298 KBytes       
[  5]  32.00-33.00  sec  88.8 MBytes   745 Mbits/sec   21    259 KBytes       
[  5]  33.00-34.00  sec  83.2 MBytes   698 Mbits/sec   23    260 KBytes       
[  5]  34.00-35.00  sec  85.5 MBytes   717 Mbits/sec   13    318 KBytes       
[  5]  35.00-36.00  sec  80.3 MBytes   674 Mbits/sec   23    266 KBytes       
[  5]  36.00-37.00  sec  79.8 MBytes   669 Mbits/sec   13    257 KBytes       
[  5]  37.00-38.00  sec  83.4 MBytes   700 Mbits/sec   15    227 KBytes       
[  5]  38.00-39.00  sec  88.2 MBytes   740 Mbits/sec   13    213 KBytes       
[  5]  39.00-40.00  sec  86.8 MBytes   728 Mbits/sec    7    284 KBytes       
[  5]  40.00-41.00  sec  84.5 MBytes   709 Mbits/sec   19    221 KBytes       
[  5]  41.00-42.00  sec  78.0 MBytes   654 Mbits/sec   15    285 KBytes       
[  5]  42.00-43.00  sec  81.6 MBytes   684 Mbits/sec   80    151 KBytes       
[  5]  43.00-44.00  sec  77.1 MBytes   646 Mbits/sec   12    231 KBytes       
[  5]  44.00-45.00  sec  82.7 MBytes   694 Mbits/sec   18    260 KBytes       
[  5]  45.00-46.00  sec  82.9 MBytes   695 Mbits/sec    6    315 KBytes       
[  5]  46.00-47.01  sec  82.4 MBytes   683 Mbits/sec   20    231 KBytes       
[  5]  47.01-48.00  sec  85.5 MBytes   726 Mbits/sec   13    281 KBytes       
[  5]  48.00-49.00  sec  79.6 MBytes   668 Mbits/sec   41    312 KBytes       
[  5]  49.00-50.00  sec  83.7 MBytes   702 Mbits/sec   14    313 KBytes       
[  5]  50.00-51.00  sec  83.1 MBytes   697 Mbits/sec   21    223 KBytes       
[  5]  51.00-52.00  sec  82.2 MBytes   690 Mbits/sec   14    275 KBytes       
[  5]  52.00-53.00  sec  86.9 MBytes   729 Mbits/sec   14    263 KBytes       
[  5]  53.00-54.00  sec  84.8 MBytes   712 Mbits/sec   19    191 KBytes       
[  5]  54.00-55.00  sec  84.4 MBytes   708 Mbits/sec   17    267 KBytes       
[  5]  55.00-56.00  sec  83.4 MBytes   700 Mbits/sec    8    313 KBytes       
[  5]  56.00-57.00  sec  83.9 MBytes   704 Mbits/sec   29    269 KBytes       
[  5]  57.00-58.00  sec  83.0 MBytes   696 Mbits/sec   19    262 KBytes       
[  5]  58.00-59.00  sec  87.7 MBytes   736 Mbits/sec   13    246 KBytes       
[  5]  59.00-60.00  sec  82.7 MBytes   694 Mbits/sec   17    280 KBytes       
- - - - - - - - - - - - - - - - - - - - - - - - -
[ ID] Interval           Transfer     Bitrate         Retr
[  5]   0.00-60.00  sec  4.92 GBytes   704 Mbits/sec  1114             sender
[  5]   0.00-60.04  sec  4.92 GBytes   704 Mbits/sec                  receiver

iperf Done.
