Connecting to host 10.136.80.148, port 5201
[  5] local 10.136.173.84 port 37917 connected to 10.136.80.148 port 5201
[ ID] Interval           Transfer     Bitrate         Total Datagrams
[  5]   0.00-1.00   sec  61.5 MBytes   516 Mbits/sec  54720  (omitted)
[  5]   0.00-1.00   sec  63.4 MBytes   532 Mbits/sec  56450  
[  5]   1.00-2.00   sec  60.4 MBytes   506 Mbits/sec  53720  
[  5]   2.00-3.00   sec  61.1 MBytes   512 Mbits/sec  54370  
[  5]   3.00-4.00   sec  62.6 MBytes   525 Mbits/sec  55740  
[  5]   4.00-5.00   sec  62.2 MBytes   522 Mbits/sec  55350  
[  5]   5.00-6.00   sec  63.6 MBytes   533 Mbits/sec  56570  
[  5]   6.00-7.00   sec  62.9 MBytes   528 Mbits/sec  56020  
[  5]   7.00-8.00   sec  61.1 MBytes   513 Mbits/sec  54420  
[  5]   8.00-9.00   sec  65.5 MBytes   549 Mbits/sec  58310  
[  5]   9.00-10.00  sec  64.1 MBytes   538 Mbits/sec  57050  
[  5]  10.00-11.00  sec  65.6 MBytes   550 Mbits/sec  58370  
[  5]  11.00-12.00  sec  62.2 MBytes   522 Mbits/sec  55360  
[  5]  12.00-13.00  sec  64.1 MBytes   538 Mbits/sec  57060  
[  5]  13.00-14.00  sec  61.4 MBytes   515 Mbits/sec  54620  
[  5]  14.00-15.00  sec  66.0 MBytes   554 Mbits/sec  58750  
[  5]  15.00-16.00  sec  56.6 MBytes   475 Mbits/sec  50370  
[  5]  16.00-17.00  sec  52.0 MBytes   436 Mbits/sec  46290  
[  5]  17.00-18.00  sec  56.8 MBytes   476 Mbits/sec  50550  
[  5]  18.00-19.00  sec  56.0 MBytes   470 Mbits/sec  49850  
[  5]  19.00-20.00  sec  65.3 MBytes   548 Mbits/sec  58150  
[  5]  20.00-21.00  sec  52.3 MBytes   439 Mbits/sec  46540  
[  5]  21.00-22.00  sec  65.2 MBytes   547 Mbits/sec  58060  
[  5]  22.00-23.00  sec  60.3 MBytes   506 Mbits/sec  53670  
[  5]  23.00-24.00  sec  66.0 MBytes   554 Mbits/sec  58750  
[  5]  24.00-25.00  sec  63.6 MBytes   534 Mbits/sec  56630  
[  5]  25.00-26.00  sec  65.9 MBytes   553 Mbits/sec  58630  
[  5]  26.00-27.00  sec  64.2 MBytes   539 Mbits/sec  57140  
[  5]  27.00-28.00  sec  64.0 MBytes   537 Mbits/sec  56980  
[  5]  28.00-29.00  sec  63.4 MBytes   532 Mbits/sec  56470  
[  5]  29.00-30.00  sec  64.8 MBytes   544 Mbits/sec  57720  
[  5]  30.00-31.00  sec  59.6 MBytes   500 Mbits/sec  53070  
[  5]  31.00-32.00  sec  61.7 MBytes   518 Mbits/sec  54930  
[  5]  32.00-33.00  sec  62.1 MBytes   521 Mbits/sec  55250  
[  5]  33.00-34.00  sec  52.0 MBytes   437 Mbits/sec  46320  
[  5]  34.00-35.00  sec  61.8 MBytes   518 Mbits/sec  54980  
[  5]  35.00-36.00  sec  67.7 MBytes   568 Mbits/sec  60250  
[  5]  36.00-37.00  sec  65.5 MBytes   549 Mbits/sec  58290  
[  5]  37.00-38.00  sec  61.5 MBytes   516 Mbits/sec  54780  
[  5]  38.00-39.00  sec  58.6 MBytes   491 Mbits/sec  52120  
[  5]  39.00-40.00  sec  61.7 MBytes   517 Mbits/sec  54910  
[  5]  40.00-41.00  sec  64.5 MBytes   541 Mbits/sec  57370  
[  5]  41.00-42.00  sec  66.8 MBytes   560 Mbits/sec  59430  
[  5]  42.00-43.00  sec  59.2 MBytes   496 Mbits/sec  52660  
[  5]  43.00-44.00  sec  62.3 MBytes   523 Mbits/sec  55450  
[  5]  44.00-45.00  sec  64.8 MBytes   544 Mbits/sec  57700  
[  5]  45.00-46.00  sec  54.9 MBytes   461 Mbits/sec  48880  
[  5]  46.00-47.00  sec  55.0 MBytes   461 Mbits/sec  48940  
[  5]  47.00-48.00  sec  61.5 MBytes   516 Mbits/sec  54700  
[  5]  48.00-49.00  sec  64.8 MBytes   543 Mbits/sec  57670  
[  5]  49.00-50.00  sec  65.9 MBytes   553 Mbits/sec  58700  
[  5]  50.00-51.00  sec  69.6 MBytes   584 Mbits/sec  61950  
[  5]  51.00-52.00  sec  53.0 MBytes   445 Mbits/sec  47190  
[  5]  52.00-53.00  sec  55.7 MBytes   467 Mbits/sec  49540  
[  5]  53.00-54.00  sec  62.8 MBytes   527 Mbits/sec  55900  
[  5]  54.00-55.00  sec  65.6 MBytes   550 Mbits/sec  58380  
[  5]  55.00-56.00  sec  61.1 MBytes   513 Mbits/sec  54420  
[  5]  56.00-57.00  sec  51.4 MBytes   431 Mbits/sec  45740  
[  5]  57.00-58.00  sec  61.8 MBytes   518 Mbits/sec  54970  
[  5]  58.00-59.00  sec  63.4 MBytes   532 Mbits/sec  56460  
[  5]  59.00-60.00  sec  65.2 MBytes   547 Mbits/sec  58000  
- - - - - - - - - - - - - - - - - - - - - - - - -
[ ID] Interval           Transfer     Bitrate         Jitter    Lost/Total Datagrams
[  5]   0.00-60.00  sec  3.62 GBytes   518 Mbits/sec  0.000 ms  0/3296910 (0%)  sender
[  5]   0.00-60.04  sec  3.36 GBytes   480 Mbits/sec  0.021 ms  243427/3296910 (7.4%)  receiver

iperf Done.
