Connecting to host 10.136.80.176, port 5201
[  5] local 10.136.173.112 port 34057 connected to 10.136.80.176 port 5201
[ ID] Interval           Transfer     Bitrate         Total Datagrams
[  5]   0.00-1.00   sec  52.2 MBytes   438 Mbits/sec  46460  (omitted)
[  5]   0.00-1.00   sec  55.5 MBytes   466 Mbits/sec  49430  
[  5]   1.00-2.00   sec  54.2 MBytes   455 Mbits/sec  48260  
[  5]   2.00-3.00   sec  53.0 MBytes   445 Mbits/sec  47170  
[  5]   3.00-4.00   sec  58.3 MBytes   489 Mbits/sec  51870  
[  5]   4.00-5.00   sec  57.8 MBytes   485 Mbits/sec  51460  
[  5]   5.00-6.00   sec  51.3 MBytes   430 Mbits/sec  45680  
[  5]   6.00-7.00   sec  53.5 MBytes   449 Mbits/sec  47620  
[  5]   7.00-8.00   sec  52.9 MBytes   444 Mbits/sec  47100  
[  5]   8.00-9.00   sec  54.9 MBytes   461 Mbits/sec  48870  
[  5]   9.00-10.00  sec  59.5 MBytes   499 Mbits/sec  52920  
[  5]  10.00-11.00  sec  54.3 MBytes   456 Mbits/sec  48370  
[  5]  11.00-12.00  sec  52.0 MBytes   436 Mbits/sec  46260  
[  5]  12.00-13.00  sec  54.8 MBytes   460 Mbits/sec  48780  
[  5]  13.00-14.00  sec  53.5 MBytes   449 Mbits/sec  47600  
[  5]  14.00-15.00  sec  53.5 MBytes   448 Mbits/sec  47590  
[  5]  15.00-16.00  sec  52.2 MBytes   438 Mbits/sec  46490  
[  5]  16.00-17.00  sec  53.9 MBytes   452 Mbits/sec  48010  
[  5]  17.00-18.00  sec  50.9 MBytes   427 Mbits/sec  45340  
[  5]  18.00-19.00  sec  51.4 MBytes   431 Mbits/sec  45720  
[  5]  19.00-20.00  sec  55.0 MBytes   462 Mbits/sec  49000  
[  5]  20.00-21.00  sec  53.1 MBytes   446 Mbits/sec  47280  
[  5]  21.00-22.00  sec  54.4 MBytes   456 Mbits/sec  48390  
[  5]  22.00-23.00  sec  57.4 MBytes   482 Mbits/sec  51120  
[  5]  23.00-24.00  sec  53.6 MBytes   449 Mbits/sec  47700  
[  5]  24.00-25.00  sec  51.2 MBytes   430 Mbits/sec  45600  
[  5]  25.00-26.00  sec  50.3 MBytes   422 Mbits/sec  44770  
[  5]  26.00-27.00  sec  52.4 MBytes   439 Mbits/sec  46640  
[  5]  27.00-28.00  sec  47.4 MBytes   398 Mbits/sec  42210  
[  5]  28.00-29.00  sec  49.9 MBytes   419 Mbits/sec  44420  
[  5]  29.00-30.00  sec  58.7 MBytes   493 Mbits/sec  52270  
[  5]  30.00-31.00  sec  51.8 MBytes   435 Mbits/sec  46150  
[  5]  31.00-32.00  sec  54.3 MBytes   455 Mbits/sec  48290  
[  5]  32.00-33.00  sec  56.7 MBytes   475 Mbits/sec  50430  
[  5]  33.00-34.00  sec  53.4 MBytes   448 Mbits/sec  47530  
[  5]  34.00-35.00  sec  54.5 MBytes   458 Mbits/sec  48540  
[  5]  35.00-36.00  sec  61.6 MBytes   517 Mbits/sec  54870  
[  5]  36.00-37.00  sec  54.4 MBytes   456 Mbits/sec  48390  
[  5]  37.00-38.00  sec  54.6 MBytes   458 Mbits/sec  48630  
[  5]  38.00-39.00  sec  55.7 MBytes   467 Mbits/sec  49600  
[  5]  39.00-40.00  sec  59.4 MBytes   498 Mbits/sec  52870  
[  5]  40.00-41.00  sec  52.6 MBytes   441 Mbits/sec  46780  
[  5]  41.00-42.00  sec  53.5 MBytes   449 Mbits/sec  47630  
[  5]  42.00-43.00  sec  55.6 MBytes   466 Mbits/sec  49480  
[  5]  43.00-44.00  sec  54.9 MBytes   460 Mbits/sec  48850  
[  5]  44.00-45.00  sec  55.6 MBytes   466 Mbits/sec  49490  
[  5]  45.00-46.00  sec  50.7 MBytes   425 Mbits/sec  45090  
[  5]  46.00-47.00  sec  55.2 MBytes   463 Mbits/sec  49100  
[  5]  47.00-48.00  sec  51.8 MBytes   434 Mbits/sec  46100  
[  5]  48.00-49.00  sec  54.8 MBytes   459 Mbits/sec  48750  
[  5]  49.00-50.00  sec  55.5 MBytes   466 Mbits/sec  49430  
[  5]  50.00-51.00  sec  52.9 MBytes   443 Mbits/sec  47050  
[  5]  51.00-52.00  sec  53.1 MBytes   445 Mbits/sec  47250  
[  5]  52.00-53.00  sec  55.9 MBytes   469 Mbits/sec  49760  
[  5]  53.00-54.00  sec  54.1 MBytes   453 Mbits/sec  48120  
[  5]  54.00-55.00  sec  49.5 MBytes   415 Mbits/sec  44060  
[  5]  55.00-56.00  sec  52.5 MBytes   440 Mbits/sec  46730  
[  5]  56.00-57.00  sec  57.4 MBytes   482 Mbits/sec  51110  
[  5]  57.00-58.00  sec  52.9 MBytes   444 Mbits/sec  47120  
[  5]  58.00-59.00  sec  50.3 MBytes   422 Mbits/sec  44800  
[  5]  59.00-60.00  sec  51.8 MBytes   435 Mbits/sec  46100  
- - - - - - - - - - - - - - - - - - - - - - - - -
[ ID] Interval           Transfer     Bitrate         Jitter    Lost/Total Datagrams
[  5]   0.00-60.00  sec  3.16 GBytes   453 Mbits/sec  0.000 ms  0/2882040 (0%)  sender
[  5]   0.00-60.31  sec  2.18 GBytes   311 Mbits/sec  0.007 ms  910489/2882040 (32%)  receiver

iperf Done.
