Connecting to host 10.136.80.152, port 5201
[  5] local 10.136.173.88 port 60104 connected to 10.136.80.152 port 5201
[ ID] Interval           Transfer     Bitrate         Retr  Cwnd
[  5]   0.00-1.00   sec  4.23 MBytes  35.5 Mbits/sec   67    259 KBytes       (omitted)
[  5]   0.00-1.00   sec  4.88 MBytes  40.9 Mbits/sec    0    294 KBytes       
[  5]   1.00-2.00   sec  5.81 MBytes  48.7 Mbits/sec    0    318 KBytes       
[  5]   2.00-3.00   sec  6.18 MBytes  51.8 Mbits/sec    0    330 KBytes       
[  5]   3.00-4.00   sec  5.68 MBytes  47.7 Mbits/sec    0    336 KBytes       
[  5]   4.00-5.00   sec  6.30 MBytes  52.9 Mbits/sec    0    337 KBytes       
[  5]   5.00-6.00   sec  6.30 MBytes  52.9 Mbits/sec    0    337 KBytes       
[  5]   6.00-7.00   sec  6.24 MBytes  52.4 Mbits/sec    0    338 KBytes       
[  5]   7.00-8.00   sec  5.31 MBytes  44.6 Mbits/sec    1    265 KBytes       
[  5]   8.00-9.00   sec  5.00 MBytes  42.0 Mbits/sec    1    207 KBytes       
[  5]   9.00-10.00  sec  4.08 MBytes  34.2 Mbits/sec    0    232 KBytes       
[  5]  10.00-11.00  sec  4.08 MBytes  34.2 Mbits/sec    0    245 KBytes       
[  5]  11.00-12.00  sec  4.88 MBytes  40.9 Mbits/sec    0    251 KBytes       
[  5]  12.00-13.00  sec  4.51 MBytes  37.8 Mbits/sec    0    253 KBytes       
[  5]  13.00-14.00  sec  4.57 MBytes  38.4 Mbits/sec    0    265 KBytes       
[  5]  14.00-15.00  sec  5.00 MBytes  42.0 Mbits/sec    0    276 KBytes       
[  5]  15.00-16.00  sec  5.44 MBytes  45.6 Mbits/sec    0    288 KBytes       
[  5]  16.00-17.00  sec  5.44 MBytes  45.6 Mbits/sec    0    299 KBytes       
[  5]  17.00-18.00  sec  5.38 MBytes  45.1 Mbits/sec    0    311 KBytes       
[  5]  18.00-19.00  sec  6.06 MBytes  50.8 Mbits/sec    0    324 KBytes       
[  5]  19.00-20.00  sec  6.18 MBytes  51.8 Mbits/sec    0    373 KBytes       
[  5]  20.00-21.00  sec  7.54 MBytes  63.2 Mbits/sec    0    438 KBytes       
[  5]  21.00-22.00  sec  8.84 MBytes  74.1 Mbits/sec    0    526 KBytes       
[  5]  22.00-23.00  sec  11.3 MBytes  94.9 Mbits/sec    0    636 KBytes       
[  5]  23.00-24.00  sec  8.84 MBytes  74.1 Mbits/sec   72    511 KBytes       
[  5]  24.00-25.00  sec  9.52 MBytes  79.8 Mbits/sec   12    392 KBytes       
[  5]  25.00-26.00  sec  7.79 MBytes  65.3 Mbits/sec    0    430 KBytes       
[  5]  26.00-27.00  sec  8.65 MBytes  72.6 Mbits/sec    0    454 KBytes       
[  5]  27.00-28.00  sec  7.79 MBytes  65.3 Mbits/sec    0    468 KBytes       
[  5]  28.00-29.00  sec  8.65 MBytes  72.6 Mbits/sec    0    474 KBytes       
[  5]  29.00-30.00  sec  8.65 MBytes  72.6 Mbits/sec    0    475 KBytes       
[  5]  30.00-31.00  sec  9.52 MBytes  79.8 Mbits/sec    0    475 KBytes       
[  5]  31.00-32.00  sec  8.65 MBytes  72.6 Mbits/sec    0    476 KBytes       
[  5]  32.00-33.00  sec  8.65 MBytes  72.6 Mbits/sec    0    483 KBytes       
[  5]  33.00-34.00  sec  8.65 MBytes  72.6 Mbits/sec    0    495 KBytes       
[  5]  34.00-35.00  sec  9.52 MBytes  79.8 Mbits/sec    0    513 KBytes       
[  5]  35.00-36.00  sec  9.52 MBytes  79.8 Mbits/sec    0    545 KBytes       
[  5]  36.00-37.00  sec  10.5 MBytes  88.1 Mbits/sec   55    411 KBytes       
[  5]  37.00-38.00  sec  7.79 MBytes  65.3 Mbits/sec    0    475 KBytes       
[  5]  38.00-39.00  sec  9.52 MBytes  79.8 Mbits/sec    0    521 KBytes       
[  5]  39.00-40.00  sec  9.52 MBytes  79.8 Mbits/sec    0    552 KBytes       
[  5]  40.00-41.00  sec  10.4 MBytes  87.1 Mbits/sec   23    400 KBytes       
[  5]  41.00-42.00  sec  6.92 MBytes  58.0 Mbits/sec    0    438 KBytes       
[  5]  42.00-43.00  sec  8.65 MBytes  72.6 Mbits/sec    0    462 KBytes       
[  5]  43.00-44.00  sec  8.65 MBytes  72.6 Mbits/sec    0    477 KBytes       
[  5]  44.00-45.00  sec  8.65 MBytes  72.6 Mbits/sec    0    484 KBytes       
[  5]  45.00-46.00  sec  8.65 MBytes  72.6 Mbits/sec    0    485 KBytes       
[  5]  46.00-47.00  sec  7.04 MBytes  59.1 Mbits/sec    2    384 KBytes       
[  5]  47.00-48.00  sec  6.92 MBytes  58.0 Mbits/sec   14    299 KBytes       
[  5]  48.00-49.00  sec  6.06 MBytes  50.8 Mbits/sec    0    327 KBytes       
[  5]  49.00-50.00  sec  6.06 MBytes  50.8 Mbits/sec    0    344 KBytes       
[  5]  50.00-51.00  sec  6.92 MBytes  58.1 Mbits/sec    0    352 KBytes       
[  5]  51.00-52.00  sec  6.06 MBytes  50.8 Mbits/sec    0    354 KBytes       
[  5]  52.00-53.00  sec  6.92 MBytes  58.1 Mbits/sec    2    251 KBytes       
[  5]  53.00-54.00  sec  4.33 MBytes  36.3 Mbits/sec    0    294 KBytes       
[  5]  54.00-55.00  sec  6.06 MBytes  50.8 Mbits/sec    0    323 KBytes       
[  5]  55.00-56.00  sec  6.06 MBytes  50.8 Mbits/sec    0    342 KBytes       
[  5]  56.00-57.00  sec  6.92 MBytes  58.1 Mbits/sec    0    351 KBytes       
[  5]  57.00-58.00  sec  6.06 MBytes  50.8 Mbits/sec    0    354 KBytes       
[  5]  58.00-59.00  sec  6.92 MBytes  58.0 Mbits/sec    0    354 KBytes       
[  5]  59.00-60.00  sec  6.06 MBytes  50.8 Mbits/sec    0    354 KBytes       
- - - - - - - - - - - - - - - - - - - - - - - - -
[ ID] Interval           Transfer     Bitrate         Retr
[  5]   0.00-60.00  sec   427 MBytes  59.7 Mbits/sec  182             sender
[  5]   0.00-60.05  sec   426 MBytes  59.6 Mbits/sec                  receiver

iperf Done.
