Connecting to host 10.136.80.159, port 5201
[  5] local 10.136.173.90 port 57541 connected to 10.136.80.159 port 5201
[ ID] Interval           Transfer     Bitrate         Total Datagrams
[  5]   0.00-1.00   sec  54.0 MBytes   453 Mbits/sec  48040  (omitted)
[  5]   0.00-1.00   sec  47.8 MBytes   401 Mbits/sec  42520  
[  5]   1.00-2.00   sec  51.1 MBytes   429 Mbits/sec  45460  
[  5]   2.00-3.00   sec  55.9 MBytes   469 Mbits/sec  49770  
[  5]   3.00-4.00   sec  52.3 MBytes   438 Mbits/sec  46520  
[  5]   4.00-5.00   sec  52.3 MBytes   439 Mbits/sec  46570  
[  5]   5.00-6.00   sec  51.3 MBytes   430 Mbits/sec  45620  
[  5]   6.00-7.00   sec  51.9 MBytes   436 Mbits/sec  46240  
[  5]   7.00-8.00   sec  50.3 MBytes   422 Mbits/sec  44790  
[  5]   8.00-9.00   sec  55.7 MBytes   467 Mbits/sec  49590  
[  5]   9.00-10.00  sec  53.7 MBytes   450 Mbits/sec  47780  
[  5]  10.00-11.00  sec  52.8 MBytes   443 Mbits/sec  46980  
[  5]  11.00-12.00  sec  53.8 MBytes   452 Mbits/sec  47910  
[  5]  12.00-13.00  sec  53.2 MBytes   446 Mbits/sec  47350  
[  5]  13.00-14.00  sec  51.2 MBytes   429 Mbits/sec  45540  
[  5]  14.00-15.00  sec  54.3 MBytes   455 Mbits/sec  48300  
[  5]  15.00-16.00  sec  54.5 MBytes   457 Mbits/sec  48520  
[  5]  16.00-17.00  sec  51.5 MBytes   432 Mbits/sec  45850  
[  5]  17.00-18.00  sec  53.5 MBytes   449 Mbits/sec  47610  
[  5]  18.00-19.00  sec  53.0 MBytes   445 Mbits/sec  47190  
[  5]  19.00-20.00  sec  52.4 MBytes   439 Mbits/sec  46600  
[  5]  20.00-21.00  sec  51.8 MBytes   435 Mbits/sec  46140  
[  5]  21.00-22.00  sec  55.0 MBytes   462 Mbits/sec  48980  
[  5]  22.00-23.00  sec  54.4 MBytes   456 Mbits/sec  48430  
[  5]  23.00-24.00  sec  54.5 MBytes   458 Mbits/sec  48550  
[  5]  24.00-25.00  sec  54.8 MBytes   460 Mbits/sec  48760  
[  5]  25.00-26.00  sec  52.2 MBytes   438 Mbits/sec  46440  
[  5]  26.00-27.00  sec  52.5 MBytes   440 Mbits/sec  46700  
[  5]  27.00-28.00  sec  52.9 MBytes   444 Mbits/sec  47070  
[  5]  28.00-29.00  sec  53.1 MBytes   446 Mbits/sec  47270  
[  5]  29.00-30.00  sec  54.8 MBytes   459 Mbits/sec  48750  
[  5]  30.00-31.00  sec  51.9 MBytes   435 Mbits/sec  46160  
[  5]  31.00-32.00  sec  53.5 MBytes   449 Mbits/sec  47620  
[  5]  32.00-33.00  sec  51.7 MBytes   434 Mbits/sec  46010  
[  5]  33.00-34.00  sec  51.4 MBytes   431 Mbits/sec  45710  
[  5]  34.00-35.00  sec  53.0 MBytes   444 Mbits/sec  47170  
[  5]  35.00-36.00  sec  52.8 MBytes   443 Mbits/sec  47020  
[  5]  36.00-37.00  sec  52.7 MBytes   442 Mbits/sec  46890  
[  5]  37.00-38.00  sec  51.9 MBytes   436 Mbits/sec  46210  
[  5]  38.00-39.00  sec  54.4 MBytes   456 Mbits/sec  48400  
[  5]  39.00-40.00  sec  54.7 MBytes   459 Mbits/sec  48660  
[  5]  40.00-41.00  sec  52.6 MBytes   441 Mbits/sec  46850  
[  5]  41.00-42.00  sec  54.8 MBytes   460 Mbits/sec  48800  
[  5]  42.00-43.00  sec  51.5 MBytes   432 Mbits/sec  45830  
[  5]  43.00-44.00  sec  51.0 MBytes   428 Mbits/sec  45360  
[  5]  44.00-45.00  sec  55.4 MBytes   465 Mbits/sec  49340  
[  5]  45.00-46.00  sec  55.6 MBytes   466 Mbits/sec  49470  
[  5]  46.00-47.00  sec  53.0 MBytes   444 Mbits/sec  47140  
[  5]  47.00-48.00  sec  52.6 MBytes   441 Mbits/sec  46830  
[  5]  48.00-49.00  sec  51.9 MBytes   435 Mbits/sec  46160  
[  5]  49.00-50.00  sec  51.7 MBytes   434 Mbits/sec  46060  
[  5]  50.00-51.00  sec  55.7 MBytes   467 Mbits/sec  49600  
[  5]  51.00-52.00  sec  51.7 MBytes   433 Mbits/sec  45990  
[  5]  52.00-53.00  sec  51.2 MBytes   429 Mbits/sec  45540  
[  5]  53.00-54.00  sec  52.8 MBytes   443 Mbits/sec  46960  
[  5]  54.00-55.00  sec  55.2 MBytes   463 Mbits/sec  49110  
[  5]  55.00-56.00  sec  55.5 MBytes   466 Mbits/sec  49410  
[  5]  56.00-57.00  sec  53.8 MBytes   451 Mbits/sec  47870  
[  5]  57.00-58.00  sec  48.6 MBytes   407 Mbits/sec  43230  
[  5]  58.00-59.00  sec  51.6 MBytes   433 Mbits/sec  45970  
[  5]  59.00-60.00  sec  52.4 MBytes   439 Mbits/sec  46620  
- - - - - - - - - - - - - - - - - - - - - - - - -
[ ID] Interval           Transfer     Bitrate         Jitter    Lost/Total Datagrams
[  5]   0.00-60.00  sec  3.10 GBytes   444 Mbits/sec  0.000 ms  0/2825790 (0%)  sender
[  5]   0.00-60.23  sec  1.86 GBytes   265 Mbits/sec  0.013 ms  1153307/2825790 (41%)  receiver

iperf Done.
