Connecting to host knb-server-62489, port 5201
[  5] local 10.136.173.86 port 45665 connected to 10.43.65.94 port 5201
[ ID] Interval           Transfer     Bitrate         Total Datagrams
[  5]   0.00-1.00   sec  51.0 MBytes   428 Mbits/sec  45400  (omitted)
[  5]   0.00-1.00   sec  52.4 MBytes   440 Mbits/sec  46650  
[  5]   1.00-2.00   sec  52.4 MBytes   440 Mbits/sec  46670  
[  5]   2.00-3.00   sec  51.3 MBytes   430 Mbits/sec  45650  
[  5]   3.00-4.00   sec  51.5 MBytes   432 Mbits/sec  45830  
[  5]   4.00-5.00   sec  51.4 MBytes   431 Mbits/sec  45760  
[  5]   5.00-6.00   sec  52.0 MBytes   437 Mbits/sec  46330  
[  5]   6.00-7.00   sec  53.7 MBytes   450 Mbits/sec  47770  
[  5]   7.00-8.00   sec  52.2 MBytes   438 Mbits/sec  46460  
[  5]   8.00-9.00   sec  49.8 MBytes   418 Mbits/sec  44370  
[  5]   9.00-10.00  sec  51.3 MBytes   431 Mbits/sec  45700  
[  5]  10.00-11.00  sec  50.1 MBytes   420 Mbits/sec  44570  
[  5]  11.00-12.00  sec  50.2 MBytes   421 Mbits/sec  44680  
[  5]  12.00-13.00  sec  49.4 MBytes   414 Mbits/sec  43970  
[  5]  13.00-14.00  sec  49.7 MBytes   417 Mbits/sec  44270  
[  5]  14.00-15.00  sec  51.4 MBytes   431 Mbits/sec  45710  
[  5]  15.00-16.00  sec  43.1 MBytes   362 Mbits/sec  38370  
[  5]  16.00-17.00  sec  40.3 MBytes   338 Mbits/sec  35880  
[  5]  17.00-18.00  sec  52.5 MBytes   440 Mbits/sec  46690  
[  5]  18.00-19.00  sec  51.0 MBytes   428 Mbits/sec  45440  
[  5]  19.00-20.00  sec  52.2 MBytes   438 Mbits/sec  46440  
[  5]  20.00-21.00  sec  51.3 MBytes   431 Mbits/sec  45690  
[  5]  21.00-22.00  sec  53.4 MBytes   448 Mbits/sec  47500  
[  5]  22.00-23.00  sec  51.4 MBytes   431 Mbits/sec  45730  
[  5]  23.00-24.00  sec  50.6 MBytes   425 Mbits/sec  45080  
[  5]  24.00-25.00  sec  51.6 MBytes   433 Mbits/sec  45930  
[  5]  25.00-26.00  sec  50.6 MBytes   424 Mbits/sec  45040  
[  5]  26.00-27.00  sec  49.6 MBytes   416 Mbits/sec  44120  
[  5]  27.00-28.00  sec  49.9 MBytes   419 Mbits/sec  44460  
[  5]  28.00-29.00  sec  51.4 MBytes   431 Mbits/sec  45770  
[  5]  29.00-30.00  sec  52.0 MBytes   436 Mbits/sec  46310  
[  5]  30.00-31.00  sec  52.6 MBytes   441 Mbits/sec  46780  
[  5]  31.00-32.00  sec  50.2 MBytes   421 Mbits/sec  44660  
[  5]  32.00-33.00  sec  54.0 MBytes   453 Mbits/sec  48050  
[  5]  33.00-34.00  sec  49.0 MBytes   411 Mbits/sec  43650  
[  5]  34.00-35.00  sec  50.0 MBytes   419 Mbits/sec  44490  
[  5]  35.00-36.00  sec  50.7 MBytes   426 Mbits/sec  45160  
[  5]  36.00-37.00  sec  53.1 MBytes   445 Mbits/sec  47230  
[  5]  37.00-38.00  sec  49.8 MBytes   418 Mbits/sec  44360  
[  5]  38.00-39.00  sec  49.8 MBytes   418 Mbits/sec  44330  
[  5]  39.00-40.00  sec  49.5 MBytes   416 Mbits/sec  44100  
[  5]  40.00-41.00  sec  49.6 MBytes   416 Mbits/sec  44140  
[  5]  41.00-42.00  sec  50.8 MBytes   426 Mbits/sec  45200  
[  5]  42.00-43.00  sec  52.1 MBytes   437 Mbits/sec  46370  
[  5]  43.00-44.00  sec  51.3 MBytes   430 Mbits/sec  45640  
[  5]  44.00-45.00  sec  53.7 MBytes   450 Mbits/sec  47780  
[  5]  45.00-46.00  sec  52.9 MBytes   444 Mbits/sec  47110  
[  5]  46.00-47.00  sec  50.8 MBytes   426 Mbits/sec  45240  
[  5]  47.00-48.00  sec  50.4 MBytes   423 Mbits/sec  44890  
[  5]  48.00-49.00  sec  50.7 MBytes   425 Mbits/sec  45090  
[  5]  49.00-50.00  sec  50.7 MBytes   426 Mbits/sec  45170  
[  5]  50.00-51.00  sec  51.5 MBytes   432 Mbits/sec  45800  
[  5]  51.00-52.00  sec  52.7 MBytes   442 Mbits/sec  46930  
[  5]  52.00-53.00  sec  54.7 MBytes   459 Mbits/sec  48720  
[  5]  53.00-54.00  sec  51.7 MBytes   434 Mbits/sec  46040  
[  5]  54.00-55.00  sec  52.4 MBytes   440 Mbits/sec  46680  
[  5]  55.00-56.00  sec  51.8 MBytes   435 Mbits/sec  46120  
[  5]  56.00-57.00  sec  55.3 MBytes   464 Mbits/sec  49260  
[  5]  57.00-58.00  sec  51.6 MBytes   433 Mbits/sec  45930  
[  5]  58.00-59.00  sec  49.6 MBytes   416 Mbits/sec  44160  
[  5]  59.00-60.00  sec  55.6 MBytes   467 Mbits/sec  49520  
- - - - - - - - - - - - - - - - - - - - - - - - -
[ ID] Interval           Transfer     Bitrate         Jitter    Lost/Total Datagrams
[  5]   0.00-60.00  sec  3.00 GBytes   429 Mbits/sec  0.000 ms  0/2731440 (0%)  sender
[  5]   0.00-60.21  sec  1.88 GBytes   268 Mbits/sec  0.010 ms  1038659/2731440 (38%)  receiver

iperf Done.
