Connecting to host knb-server-457055, port 5201
[  5] local 10.136.173.95 port 46492 connected to 10.43.11.162 port 5201
[ ID] Interval           Transfer     Bitrate         Retr  Cwnd
[  5]   0.00-1.00   sec  6.58 MBytes  55.2 Mbits/sec   30   65.6 KBytes       (omitted)
[  5]   0.00-1.00   sec  4.51 MBytes  37.8 Mbits/sec   70   1.15 KBytes       
[  5]   1.00-2.00   sec  0.00 Bytes  0.00 Mbits/sec    1   1.15 KBytes       
[  5]   2.00-3.00   sec  7.04 MBytes  59.1 Mbits/sec   66   73.6 KBytes       
[  5]   3.00-4.00   sec  7.41 MBytes  62.2 Mbits/sec   10   98.9 KBytes       
[  5]   4.00-5.00   sec  10.4 MBytes  87.1 Mbits/sec   62   66.7 KBytes       
[  5]   5.00-6.00   sec  3.95 MBytes  33.2 Mbits/sec    0   96.6 KBytes       
[  5]   6.00-7.00   sec  10.4 MBytes  87.1 Mbits/sec    9   98.9 KBytes       
[  5]   7.00-8.00   sec  6.43 MBytes  53.9 Mbits/sec   39    104 KBytes       
[  5]   8.00-9.00   sec  2.97 MBytes  24.9 Mbits/sec    0    120 KBytes       
[  5]   9.00-10.00  sec  11.9 MBytes  99.5 Mbits/sec   57   95.5 KBytes       
[  5]  10.00-11.00  sec  5.44 MBytes  45.6 Mbits/sec   42   1.15 KBytes       
[  5]  11.00-12.00  sec  7.79 MBytes  65.3 Mbits/sec  172   49.5 KBytes       
[  5]  12.00-13.00  sec  3.71 MBytes  31.1 Mbits/sec    0   85.1 KBytes       
[  5]  13.00-14.00  sec  10.2 MBytes  85.5 Mbits/sec   22   75.9 KBytes       
[  5]  14.00-15.00  sec  10.8 MBytes  90.7 Mbits/sec   25    102 KBytes       
[  5]  15.00-16.00  sec  2.16 MBytes  18.1 Mbits/sec    1    216 KBytes       
[  5]  16.00-17.00  sec  7.72 MBytes  64.8 Mbits/sec   90    324 KBytes       
[  5]  17.00-18.00  sec  5.56 MBytes  46.6 Mbits/sec    0    376 KBytes       
[  5]  18.00-19.00  sec  4.33 MBytes  36.3 Mbits/sec    4    289 KBytes       
[  5]  19.00-20.00  sec  9.89 MBytes  82.9 Mbits/sec  174   66.7 KBytes       
[  5]  20.00-21.00  sec  8.03 MBytes  67.4 Mbits/sec   10   89.7 KBytes       
[  5]  21.00-22.00  sec  1.24 MBytes  10.4 Mbits/sec    1   98.9 KBytes       
[  5]  22.00-23.00  sec  10.5 MBytes  88.1 Mbits/sec  114   82.8 KBytes       
[  5]  23.00-24.00  sec  8.03 MBytes  67.4 Mbits/sec    9   89.7 KBytes       
[  5]  24.00-25.00  sec  17.3 MBytes   145 Mbits/sec   62   85.1 KBytes       
[  5]  25.00-26.00  sec  8.65 MBytes  72.6 Mbits/sec   25   95.5 KBytes       
[  5]  26.00-27.00  sec  11.1 MBytes  93.3 Mbits/sec    1    118 KBytes       
[  5]  27.00-28.00  sec  3.71 MBytes  31.1 Mbits/sec    0    137 KBytes       
[  5]  28.00-29.00  sec  12.4 MBytes   104 Mbits/sec   13   74.8 KBytes       
[  5]  29.00-30.00  sec  11.1 MBytes  93.3 Mbits/sec    9   87.4 KBytes       
[  5]  30.00-31.00  sec  3.71 MBytes  31.1 Mbits/sec    0    113 KBytes       
[  5]  31.00-32.00  sec  11.7 MBytes  98.5 Mbits/sec   30   86.3 KBytes       
[  5]  32.00-33.00  sec  6.80 MBytes  57.0 Mbits/sec    2   79.4 KBytes       
[  5]  33.00-34.00  sec  13.0 MBytes   109 Mbits/sec   17   64.4 KBytes       
[  5]  34.00-35.00  sec  7.48 MBytes  62.7 Mbits/sec    3   92.0 KBytes       
[  5]  35.00-36.00  sec  8.03 MBytes  67.4 Mbits/sec   17   72.5 KBytes       
[  5]  36.00-37.00  sec  3.09 MBytes  25.9 Mbits/sec    9   73.6 KBytes       
[  5]  37.00-38.00  sec  7.41 MBytes  62.2 Mbits/sec   31   56.4 KBytes       
[  5]  38.00-39.00  sec  14.8 MBytes   124 Mbits/sec   15    122 KBytes       
[  5]  39.00-40.00  sec  8.09 MBytes  67.9 Mbits/sec   47   69.0 KBytes       
[  5]  40.00-41.00  sec  6.80 MBytes  57.0 Mbits/sec   16   85.1 KBytes       
[  5]  41.00-42.00  sec  2.47 MBytes  20.7 Mbits/sec    0    105 KBytes       
[  5]  42.00-43.00  sec  6.80 MBytes  57.0 Mbits/sec    0    139 KBytes       
[  5]  43.00-44.00  sec  8.03 MBytes  67.4 Mbits/sec    1    212 KBytes       
[  5]  44.00-45.00  sec  18.7 MBytes   157 Mbits/sec  173   94.3 KBytes       
[  5]  45.00-46.00  sec  8.03 MBytes  67.4 Mbits/sec    9   90.9 KBytes       
[  5]  46.00-47.00  sec  5.56 MBytes  46.7 Mbits/sec   27   67.9 KBytes       
[  5]  47.00-48.00  sec  11.1 MBytes  93.3 Mbits/sec   34   61.0 KBytes       
[  5]  48.00-49.00  sec  3.09 MBytes  25.9 Mbits/sec    0   89.7 KBytes       
[  5]  49.00-50.00  sec  3.09 MBytes  25.9 Mbits/sec   12   78.2 KBytes       
[  5]  50.00-51.00  sec  6.18 MBytes  51.8 Mbits/sec    0    116 KBytes       
[  5]  51.00-52.00  sec  7.41 MBytes  62.2 Mbits/sec   70   80.5 KBytes       
[  5]  52.00-53.00  sec  7.41 MBytes  62.2 Mbits/sec    2    133 KBytes       
[  5]  53.00-54.00  sec  7.41 MBytes  62.2 Mbits/sec   51   1.15 KBytes       
[  5]  54.00-55.00  sec  9.33 MBytes  78.3 Mbits/sec   81   63.3 KBytes       
[  5]  55.00-56.00  sec  8.03 MBytes  67.3 Mbits/sec    1   1.15 KBytes       
[  5]  56.00-57.00  sec  3.15 MBytes  26.4 Mbits/sec   38   1.15 KBytes       
[  5]  57.00-58.00  sec  6.18 MBytes  51.9 Mbits/sec   34    274 KBytes       
[  5]  58.00-59.00  sec  6.18 MBytes  51.8 Mbits/sec   35    211 KBytes       
[  5]  59.00-60.00  sec  7.48 MBytes  62.7 Mbits/sec    8    158 KBytes       
- - - - - - - - - - - - - - - - - - - - - - - - -
[ ID] Interval           Transfer     Bitrate         Retr
[  5]   0.00-60.00  sec   451 MBytes  63.1 Mbits/sec  1851             sender
[  5]   0.00-60.18  sec   450 MBytes  62.7 Mbits/sec                  receiver

iperf Done.
