Connecting to host knb-server-457055, port 5201
[  5] local 10.136.173.96 port 56081 connected to 10.43.11.162 port 5201
[ ID] Interval           Transfer     Bitrate         Total Datagrams
[  5]   0.00-1.00   sec  53.7 MBytes   450 Mbits/sec  47790  (omitted)
[  5]   0.00-1.00   sec  53.9 MBytes   452 Mbits/sec  47940  
[  5]   1.00-2.00   sec  53.5 MBytes   448 Mbits/sec  47580  
[  5]   2.00-3.00   sec  56.5 MBytes   474 Mbits/sec  50260  
[  5]   3.00-4.00   sec  57.1 MBytes   479 Mbits/sec  50850  
[  5]   4.00-5.00   sec  54.5 MBytes   457 Mbits/sec  48480  
[  5]   5.00-6.00   sec  57.2 MBytes   480 Mbits/sec  50940  
[  5]   6.00-7.00   sec  54.9 MBytes   461 Mbits/sec  48890  
[  5]   7.00-8.00   sec  56.9 MBytes   477 Mbits/sec  50630  
[  5]   8.00-9.00   sec  58.9 MBytes   494 Mbits/sec  52460  
[  5]   9.00-10.00  sec  53.9 MBytes   452 Mbits/sec  47940  
[  5]  10.00-11.00  sec  57.3 MBytes   481 Mbits/sec  51020  
[  5]  11.00-12.00  sec  56.6 MBytes   475 Mbits/sec  50350  
[  5]  12.00-13.00  sec  56.3 MBytes   472 Mbits/sec  50130  
[  5]  13.00-14.00  sec  52.5 MBytes   440 Mbits/sec  46730  
[  5]  14.00-15.00  sec  60.5 MBytes   508 Mbits/sec  53870  
[  5]  15.00-16.00  sec  57.6 MBytes   484 Mbits/sec  51300  
[  5]  16.00-17.00  sec  54.9 MBytes   460 Mbits/sec  48850  
[  5]  17.00-18.00  sec  52.7 MBytes   442 Mbits/sec  46900  
[  5]  18.00-19.00  sec  55.3 MBytes   464 Mbits/sec  49200  
[  5]  19.00-20.00  sec  53.9 MBytes   453 Mbits/sec  48020  
[  5]  20.00-21.00  sec  53.7 MBytes   451 Mbits/sec  47800  
[  5]  21.00-22.00  sec  58.2 MBytes   489 Mbits/sec  51840  
[  5]  22.00-23.00  sec  54.8 MBytes   460 Mbits/sec  48800  
[  5]  23.00-24.00  sec  58.8 MBytes   493 Mbits/sec  52360  
[  5]  24.00-25.00  sec  50.5 MBytes   423 Mbits/sec  44920  
[  5]  25.00-26.00  sec  56.2 MBytes   472 Mbits/sec  50050  
[  5]  26.00-27.00  sec  54.8 MBytes   459 Mbits/sec  48750  
[  5]  27.00-28.00  sec  56.7 MBytes   476 Mbits/sec  50510  
[  5]  28.00-29.00  sec  54.6 MBytes   458 Mbits/sec  48630  
[  5]  29.00-30.00  sec  54.4 MBytes   457 Mbits/sec  48460  
[  5]  30.00-31.00  sec  57.9 MBytes   485 Mbits/sec  51500  
[  5]  31.00-32.00  sec  54.0 MBytes   453 Mbits/sec  48070  
[  5]  32.00-33.00  sec  57.9 MBytes   485 Mbits/sec  51510  
[  5]  33.00-34.00  sec  54.1 MBytes   454 Mbits/sec  48130  
[  5]  34.00-35.00  sec  54.7 MBytes   459 Mbits/sec  48660  
[  5]  35.00-36.00  sec  56.0 MBytes   469 Mbits/sec  49820  
[  5]  36.00-37.00  sec  54.1 MBytes   454 Mbits/sec  48180  
[  5]  37.00-38.00  sec  56.2 MBytes   471 Mbits/sec  50030  
[  5]  38.00-39.00  sec  56.0 MBytes   470 Mbits/sec  49850  
[  5]  39.00-40.00  sec  56.4 MBytes   473 Mbits/sec  50220  
[  5]  40.00-41.00  sec  54.1 MBytes   454 Mbits/sec  48140  
[  5]  41.00-42.00  sec  53.6 MBytes   449 Mbits/sec  47700  
[  5]  42.00-43.00  sec  52.5 MBytes   440 Mbits/sec  46730  
[  5]  43.00-44.00  sec  53.4 MBytes   448 Mbits/sec  47530  
[  5]  44.00-45.00  sec  55.7 MBytes   467 Mbits/sec  49580  
[  5]  45.00-46.00  sec  56.2 MBytes   471 Mbits/sec  50010  
[  5]  46.00-47.00  sec  56.0 MBytes   470 Mbits/sec  49860  
[  5]  47.00-48.00  sec  55.2 MBytes   463 Mbits/sec  49130  
[  5]  48.00-49.00  sec  50.6 MBytes   425 Mbits/sec  45070  
[  5]  49.00-50.00  sec  58.0 MBytes   487 Mbits/sec  51620  
[  5]  50.00-51.00  sec  51.8 MBytes   435 Mbits/sec  46130  
[  5]  51.00-52.00  sec  55.8 MBytes   468 Mbits/sec  49710  
[  5]  52.00-53.00  sec  56.1 MBytes   471 Mbits/sec  49980  
[  5]  53.00-54.00  sec  56.0 MBytes   470 Mbits/sec  49870  
[  5]  54.00-55.00  sec  56.0 MBytes   469 Mbits/sec  49810  
[  5]  55.00-56.00  sec  54.5 MBytes   457 Mbits/sec  48470  
[  5]  56.00-57.00  sec  54.6 MBytes   458 Mbits/sec  48640  
[  5]  57.00-58.00  sec  55.1 MBytes   462 Mbits/sec  49040  
[  5]  58.00-59.00  sec  53.8 MBytes   451 Mbits/sec  47850  
[  5]  59.00-60.00  sec  58.8 MBytes   494 Mbits/sec  52360  
- - - - - - - - - - - - - - - - - - - - - - - - -
[ ID] Interval           Transfer     Bitrate         Jitter    Lost/Total Datagrams
[  5]   0.00-60.00  sec  3.24 GBytes   465 Mbits/sec  0.000 ms  0/2957660 (0%)  sender
[  5]   0.00-60.07  sec   771 MBytes   108 Mbits/sec  0.009 ms  2305043/2957660 (78%)  receiver

iperf Done.
