Connecting to host 10.136.80.181, port 5201
[  5] local 10.136.173.93 port 44894 connected to 10.136.80.181 port 5201
[ ID] Interval           Transfer     Bitrate         Retr  Cwnd
[  5]   0.00-1.00   sec  3.43 MBytes  28.8 Mbits/sec   43   90.9 KBytes       (omitted)
[  5]   0.00-1.00   sec  2.60 MBytes  21.8 Mbits/sec    0    109 KBytes       
[  5]   1.00-2.00   sec  2.04 MBytes  17.1 Mbits/sec    0    120 KBytes       
[  5]   2.00-3.00   sec  11.5 MBytes  96.4 Mbits/sec  118    101 KBytes       
[  5]   3.00-4.00   sec  13.7 MBytes   115 Mbits/sec   61   69.0 KBytes       
[  5]   4.00-5.00   sec  7.41 MBytes  62.2 Mbits/sec    2    102 KBytes       
[  5]   5.00-6.00   sec  9.58 MBytes  80.3 Mbits/sec   20   85.1 KBytes       
[  5]   6.00-7.00   sec  8.65 MBytes  72.6 Mbits/sec   17   86.3 KBytes       
[  5]   7.00-8.00   sec  6.80 MBytes  57.0 Mbits/sec   17   95.5 KBytes       
[  5]   8.00-9.00   sec  1.85 MBytes  15.5 Mbits/sec    0    108 KBytes       
[  5]   9.00-10.00  sec  1.85 MBytes  15.5 Mbits/sec    1   1.15 KBytes       
[  5]  10.00-11.00  sec  7.54 MBytes  63.3 Mbits/sec   22   64.4 KBytes       
[  5]  11.00-12.00  sec  7.41 MBytes  62.2 Mbits/sec   10   94.3 KBytes       
[  5]  12.00-13.00  sec  9.89 MBytes  82.9 Mbits/sec   34   89.7 KBytes       
[  5]  13.00-14.00  sec  12.4 MBytes   104 Mbits/sec   17   88.6 KBytes       
[  5]  14.00-15.00  sec  12.4 MBytes   104 Mbits/sec   19   94.3 KBytes       
[  5]  15.00-16.00  sec  3.71 MBytes  31.1 Mbits/sec   15   98.9 KBytes       
[  5]  16.00-17.00  sec   949 KBytes  7.77 Mbits/sec   21   82.8 KBytes       
[  5]  17.00-18.00  sec  8.96 MBytes  75.2 Mbits/sec  172   70.2 KBytes       
[  5]  18.00-19.00  sec  8.22 MBytes  68.9 Mbits/sec    1    263 KBytes       
[  5]  19.00-20.00  sec  9.52 MBytes  79.8 Mbits/sec   95   89.7 KBytes       
[  5]  20.00-21.00  sec  7.35 MBytes  61.7 Mbits/sec   16    113 KBytes       
[  5]  21.00-22.00  sec  9.52 MBytes  79.9 Mbits/sec   38   77.1 KBytes       
[  5]  22.00-23.00  sec  8.65 MBytes  72.6 Mbits/sec   19   88.6 KBytes       
[  5]  23.00-24.00  sec  2.60 MBytes  21.8 Mbits/sec   60   56.4 KBytes       
[  5]  24.00-25.00  sec  12.5 MBytes   105 Mbits/sec   37   71.3 KBytes       
[  5]  25.00-26.00  sec  8.22 MBytes  68.9 Mbits/sec   10   89.7 KBytes       
[  5]  26.00-27.00  sec  7.79 MBytes  65.3 Mbits/sec   16   86.3 KBytes       
[  5]  27.00-28.00  sec  6.49 MBytes  54.4 Mbits/sec   15   73.6 KBytes       
[  5]  28.00-29.00  sec  9.52 MBytes  79.8 Mbits/sec   11    100 KBytes       
[  5]  29.00-30.00  sec  9.95 MBytes  83.4 Mbits/sec    2    113 KBytes       
[  5]  30.00-31.00  sec  9.52 MBytes  79.8 Mbits/sec   46    112 KBytes       
[  5]  31.00-32.00  sec  6.49 MBytes  54.4 Mbits/sec    0    143 KBytes       
[  5]  32.00-33.00  sec  5.25 MBytes  44.1 Mbits/sec   33   73.6 KBytes       
[  5]  33.00-34.00  sec  8.22 MBytes  68.9 Mbits/sec   27   78.2 KBytes       
[  5]  34.00-35.00  sec  11.2 MBytes  94.3 Mbits/sec   15    110 KBytes       
[  5]  35.00-36.00  sec  7.35 MBytes  61.7 Mbits/sec   41    107 KBytes       
[  5]  36.00-37.00  sec  6.92 MBytes  58.0 Mbits/sec   17    112 KBytes       
[  5]  37.00-38.00  sec  3.89 MBytes  32.7 Mbits/sec   12    101 KBytes       
[  5]  38.00-39.00  sec  5.19 MBytes  43.5 Mbits/sec   26   67.9 KBytes       
[  5]  39.00-40.00  sec  7.35 MBytes  61.7 Mbits/sec   19   86.3 KBytes       
[  5]  40.00-41.00  sec  5.19 MBytes  43.5 Mbits/sec    5    244 KBytes       
[  5]  41.00-42.00  sec  8.34 MBytes  70.0 Mbits/sec  100   77.1 KBytes       
[  5]  42.00-43.00  sec  1.73 MBytes  14.5 Mbits/sec    4   1.15 KBytes       
[  5]  43.00-44.00  sec  10.8 MBytes  90.8 Mbits/sec   63   89.7 KBytes       
[  5]  44.00-45.00  sec  6.06 MBytes  50.8 Mbits/sec   15   87.4 KBytes       
[  5]  45.00-46.00  sec  7.79 MBytes  65.3 Mbits/sec    0    132 KBytes       
[  5]  46.00-47.00  sec  5.19 MBytes  43.5 Mbits/sec   43   98.9 KBytes       
[  5]  47.00-48.00  sec  9.52 MBytes  79.8 Mbits/sec   80    118 KBytes       
[  5]  48.00-49.00  sec  7.35 MBytes  61.7 Mbits/sec   28   73.6 KBytes       
[  5]  49.00-50.00  sec  2.60 MBytes  21.8 Mbits/sec   48   64.4 KBytes       
[  5]  50.00-51.00  sec  13.5 MBytes   113 Mbits/sec   36   92.0 KBytes       
[  5]  51.00-52.00  sec  5.19 MBytes  43.5 Mbits/sec   27   98.9 KBytes       
[  5]  52.00-53.00  sec  1.73 MBytes  14.5 Mbits/sec    1    156 KBytes       
[  5]  53.00-54.00  sec  8.03 MBytes  67.4 Mbits/sec  100   80.5 KBytes       
[  5]  54.00-55.00  sec  6.49 MBytes  54.4 Mbits/sec    7   84.0 KBytes       
[  5]  55.00-56.00  sec  5.62 MBytes  47.2 Mbits/sec   30   67.9 KBytes       
[  5]  56.00-57.00  sec  8.65 MBytes  72.6 Mbits/sec    5   88.6 KBytes       
[  5]  57.00-58.00  sec  6.49 MBytes  54.4 Mbits/sec    8   92.0 KBytes       
[  5]  58.00-59.00  sec  9.08 MBytes  76.2 Mbits/sec   27   65.6 KBytes       
[  5]  59.00-60.00  sec  7.35 MBytes  61.7 Mbits/sec   30   61.0 KBytes       
- - - - - - - - - - - - - - - - - - - - - - - - -
[ ID] Interval           Transfer     Bitrate         Retr
[  5]   0.00-60.00  sec   438 MBytes  61.2 Mbits/sec  1759             sender
[  5]   0.00-60.25  sec   437 MBytes  60.8 Mbits/sec                  receiver

iperf Done.
