Connecting to host 10.136.80.181, port 5201
[  5] local 10.136.173.94 port 43283 connected to 10.136.80.181 port 5201
[ ID] Interval           Transfer     Bitrate         Total Datagrams
[  5]   0.00-1.00   sec  48.0 MBytes   402 Mbits/sec  42700  (omitted)
[  5]   0.00-1.00   sec  53.2 MBytes   446 Mbits/sec  47370  
[  5]   1.00-2.00   sec  56.7 MBytes   475 Mbits/sec  50430  
[  5]   2.00-3.00   sec  57.6 MBytes   483 Mbits/sec  51300  
[  5]   3.00-4.00   sec  59.5 MBytes   499 Mbits/sec  52940  
[  5]   4.00-5.00   sec  46.1 MBytes   387 Mbits/sec  41060  
[  5]   5.00-6.00   sec  57.2 MBytes   480 Mbits/sec  50930  
[  5]   6.00-7.00   sec  55.3 MBytes   464 Mbits/sec  49230  
[  5]   7.00-8.00   sec  55.2 MBytes   463 Mbits/sec  49110  
[  5]   8.00-9.00   sec  56.7 MBytes   475 Mbits/sec  50430  
[  5]   9.00-10.00  sec  55.5 MBytes   466 Mbits/sec  49420  
[  5]  10.00-11.00  sec  56.4 MBytes   473 Mbits/sec  50220  
[  5]  11.00-12.00  sec  60.4 MBytes   507 Mbits/sec  53750  
[  5]  12.00-13.00  sec  55.8 MBytes   468 Mbits/sec  49670  
[  5]  13.00-14.00  sec  55.1 MBytes   462 Mbits/sec  49010  
[  5]  14.00-15.00  sec  58.9 MBytes   494 Mbits/sec  52460  
[  5]  15.00-16.00  sec  47.8 MBytes   401 Mbits/sec  42530  
[  5]  16.00-17.00  sec  52.9 MBytes   444 Mbits/sec  47130  
[  5]  17.00-18.00  sec  56.0 MBytes   470 Mbits/sec  49880  
[  5]  18.00-19.00  sec  58.6 MBytes   492 Mbits/sec  52160  
[  5]  19.00-20.00  sec  52.4 MBytes   440 Mbits/sec  46650  
[  5]  20.00-21.00  sec  56.1 MBytes   471 Mbits/sec  49950  
[  5]  21.00-22.00  sec  56.2 MBytes   471 Mbits/sec  50020  
[  5]  22.00-23.00  sec  55.1 MBytes   462 Mbits/sec  49020  
[  5]  23.00-24.00  sec  57.0 MBytes   478 Mbits/sec  50770  
[  5]  24.00-25.00  sec  56.2 MBytes   472 Mbits/sec  50050  
[  5]  25.00-26.00  sec  54.0 MBytes   453 Mbits/sec  48060  
[  5]  26.00-27.00  sec  58.3 MBytes   489 Mbits/sec  51880  
[  5]  27.00-28.00  sec  50.4 MBytes   422 Mbits/sec  44820  
[  5]  28.00-29.00  sec  36.1 MBytes   303 Mbits/sec  32110  
[  5]  29.00-30.00  sec  44.0 MBytes   369 Mbits/sec  39200  
[  5]  30.00-31.00  sec  54.4 MBytes   456 Mbits/sec  48440  
[  5]  31.00-32.00  sec  56.0 MBytes   469 Mbits/sec  49810  
[  5]  32.00-33.00  sec  54.8 MBytes   459 Mbits/sec  48750  
[  5]  33.00-34.00  sec  55.2 MBytes   463 Mbits/sec  49100  
[  5]  34.00-35.00  sec  54.3 MBytes   455 Mbits/sec  48330  
[  5]  35.00-36.00  sec  56.9 MBytes   478 Mbits/sec  50690  
[  5]  36.00-37.00  sec  54.8 MBytes   460 Mbits/sec  48770  
[  5]  37.00-38.00  sec  55.5 MBytes   466 Mbits/sec  49420  
[  5]  38.00-39.00  sec  58.7 MBytes   493 Mbits/sec  52280  
[  5]  39.00-40.00  sec  47.9 MBytes   402 Mbits/sec  42630  
[  5]  40.00-41.00  sec  50.0 MBytes   419 Mbits/sec  44490  
[  5]  41.00-42.00  sec  54.4 MBytes   456 Mbits/sec  48390  
[  5]  42.00-43.00  sec  57.2 MBytes   480 Mbits/sec  50880  
[  5]  43.00-44.00  sec  57.1 MBytes   479 Mbits/sec  50790  
[  5]  44.00-45.00  sec  56.2 MBytes   472 Mbits/sec  50050  
[  5]  45.00-46.00  sec  56.9 MBytes   477 Mbits/sec  50660  
[  5]  46.00-47.00  sec  52.7 MBytes   442 Mbits/sec  46880  
[  5]  47.00-48.00  sec  54.8 MBytes   460 Mbits/sec  48760  
[  5]  48.00-49.00  sec  60.5 MBytes   507 Mbits/sec  53830  
[  5]  49.00-50.00  sec  56.3 MBytes   472 Mbits/sec  50090  
[  5]  50.00-51.00  sec  57.7 MBytes   484 Mbits/sec  51320  
[  5]  51.00-52.00  sec  53.8 MBytes   451 Mbits/sec  47920  
[  5]  52.00-53.00  sec  51.5 MBytes   432 Mbits/sec  45850  
[  5]  53.00-54.00  sec  58.3 MBytes   489 Mbits/sec  51900  
[  5]  54.00-55.00  sec  52.4 MBytes   439 Mbits/sec  46600  
[  5]  55.00-56.00  sec  53.4 MBytes   448 Mbits/sec  47490  
[  5]  56.00-57.00  sec  53.4 MBytes   448 Mbits/sec  47530  
[  5]  57.00-58.00  sec  61.0 MBytes   512 Mbits/sec  54280  
[  5]  58.00-59.00  sec  63.1 MBytes   529 Mbits/sec  56180  
[  5]  59.00-60.00  sec  60.3 MBytes   506 Mbits/sec  53660  
- - - - - - - - - - - - - - - - - - - - - - - - -
[ ID] Interval           Transfer     Bitrate         Jitter    Lost/Total Datagrams
[  5]   0.00-60.00  sec  3.22 GBytes   461 Mbits/sec  0.000 ms  0/2937330 (0%)  sender
[  5]   0.00-60.47  sec   774 MBytes   107 Mbits/sec  0.030 ms  2257271/2917610 (77%)  receiver

iperf Done.
