Connecting to host 10.136.80.146, port 5201
[  5] local 10.136.173.82 port 32818 connected to 10.136.80.146 port 5201
[ ID] Interval           Transfer     Bitrate         Total Datagrams
[  5]   0.00-1.00   sec  64.9 MBytes   544 Mbits/sec  57740  (omitted)
[  5]   0.00-1.00   sec  62.6 MBytes   525 Mbits/sec  55760  
[  5]   1.00-2.00   sec  64.5 MBytes   541 Mbits/sec  57420  
[  5]   2.00-3.00   sec  63.6 MBytes   534 Mbits/sec  56630  
[  5]   3.00-4.00   sec  64.8 MBytes   543 Mbits/sec  57640  
[  5]   4.00-5.00   sec  65.8 MBytes   552 Mbits/sec  58600  
[  5]   5.00-6.00   sec  57.8 MBytes   485 Mbits/sec  51460  
[  5]   6.00-7.00   sec  67.0 MBytes   562 Mbits/sec  59610  
[  5]   7.00-8.00   sec  62.1 MBytes   521 Mbits/sec  55250  
[  5]   8.00-9.00   sec  62.8 MBytes   527 Mbits/sec  55900  
[  5]   9.00-10.00  sec  62.7 MBytes   526 Mbits/sec  55790  
[  5]  10.00-11.00  sec  63.6 MBytes   533 Mbits/sec  56600  
[  5]  11.00-12.00  sec  64.8 MBytes   544 Mbits/sec  57680  
[  5]  12.00-13.00  sec  66.4 MBytes   557 Mbits/sec  59120  
[  5]  13.00-14.00  sec  66.7 MBytes   560 Mbits/sec  59380  
[  5]  14.00-15.00  sec  59.0 MBytes   495 Mbits/sec  52480  
[  5]  15.00-16.00  sec  63.3 MBytes   531 Mbits/sec  56360  
[  5]  16.00-17.00  sec  65.3 MBytes   548 Mbits/sec  58160  
[  5]  17.00-18.00  sec  65.8 MBytes   552 Mbits/sec  58610  
[  5]  18.00-19.00  sec  62.0 MBytes   520 Mbits/sec  55210  
[  5]  19.00-20.00  sec  63.9 MBytes   536 Mbits/sec  56870  
[  5]  20.00-21.00  sec  62.5 MBytes   524 Mbits/sec  55640  
[  5]  21.00-22.00  sec  62.9 MBytes   528 Mbits/sec  56000  
[  5]  22.00-23.00  sec  66.6 MBytes   559 Mbits/sec  59280  
[  5]  23.00-24.00  sec  53.9 MBytes   453 Mbits/sec  48020  
[  5]  24.00-25.00  sec  52.9 MBytes   444 Mbits/sec  47070  
[  5]  25.00-26.00  sec  63.9 MBytes   536 Mbits/sec  56910  
[  5]  26.00-27.00  sec  65.2 MBytes   547 Mbits/sec  58030  
[  5]  27.00-28.00  sec  55.9 MBytes   469 Mbits/sec  49790  
[  5]  28.00-29.00  sec  64.7 MBytes   543 Mbits/sec  57620  
[  5]  29.00-30.00  sec  58.7 MBytes   492 Mbits/sec  52210  
[  5]  30.00-31.00  sec  60.7 MBytes   509 Mbits/sec  53990  
[  5]  31.00-32.00  sec  69.1 MBytes   579 Mbits/sec  61470  
[  5]  32.00-33.00  sec  64.4 MBytes   540 Mbits/sec  57290  
[  5]  33.00-34.00  sec  64.5 MBytes   541 Mbits/sec  57390  
[  5]  34.00-35.00  sec  60.6 MBytes   508 Mbits/sec  53950  
[  5]  35.00-36.00  sec  62.3 MBytes   523 Mbits/sec  55450  
[  5]  36.00-37.00  sec  61.3 MBytes   514 Mbits/sec  54570  
[  5]  37.00-38.00  sec  61.6 MBytes   516 Mbits/sec  54800  
[  5]  38.00-39.00  sec  69.4 MBytes   582 Mbits/sec  61760  
[  5]  39.00-40.00  sec  51.8 MBytes   435 Mbits/sec  46120  
[  5]  40.00-41.00  sec  54.4 MBytes   456 Mbits/sec  48390  
[  5]  41.00-42.00  sec  68.8 MBytes   577 Mbits/sec  61210  
[  5]  42.00-43.00  sec  72.5 MBytes   608 Mbits/sec  64530  
[  5]  43.00-44.00  sec  62.5 MBytes   524 Mbits/sec  55620  
[  5]  44.00-45.00  sec  64.3 MBytes   539 Mbits/sec  57240  
[  5]  45.00-46.00  sec  62.4 MBytes   524 Mbits/sec  55570  
[  5]  46.00-47.00  sec  60.2 MBytes   506 Mbits/sec  53630  
[  5]  47.00-48.00  sec  56.1 MBytes   471 Mbits/sec  49940  
[  5]  48.00-49.00  sec  61.8 MBytes   519 Mbits/sec  55050  
[  5]  49.00-50.00  sec  61.7 MBytes   518 Mbits/sec  54940  
[  5]  50.00-51.00  sec  65.2 MBytes   547 Mbits/sec  58010  
[  5]  51.00-52.00  sec  67.6 MBytes   567 Mbits/sec  60180  
[  5]  52.00-53.00  sec  64.0 MBytes   537 Mbits/sec  56960  
[  5]  53.00-54.00  sec  65.0 MBytes   546 Mbits/sec  57880  
[  5]  54.00-55.00  sec  61.1 MBytes   513 Mbits/sec  54410  
[  5]  55.00-56.00  sec  61.7 MBytes   518 Mbits/sec  54910  
[  5]  56.00-57.00  sec  66.9 MBytes   561 Mbits/sec  59520  
[  5]  57.00-58.00  sec  61.6 MBytes   517 Mbits/sec  54840  
[  5]  58.00-59.00  sec  61.4 MBytes   515 Mbits/sec  54610  
[  5]  59.00-60.00  sec  64.7 MBytes   543 Mbits/sec  57580  
- - - - - - - - - - - - - - - - - - - - - - - - -
[ ID] Interval           Transfer     Bitrate         Jitter    Lost/Total Datagrams
[  5]   0.00-60.00  sec  3.68 GBytes   527 Mbits/sec  0.000 ms  0/3356910 (0%)  sender
[  5]   0.00-60.04  sec  3.41 GBytes   488 Mbits/sec  0.024 ms  252395/3356909 (7.5%)  receiver

iperf Done.
