Connecting to host knb-server-362309, port 5201
[  5] local 10.136.173.106 port 57148 connected to 10.43.118.100 port 5201
[ ID] Interval           Transfer     Bitrate         Total Datagrams
[  5]   0.00-1.00   sec  54.8 MBytes   459 Mbits/sec  48740  (omitted)
[  5]   0.00-1.00   sec  51.1 MBytes   429 Mbits/sec  45500  
[  5]   1.00-2.00   sec  52.2 MBytes   438 Mbits/sec  46460  
[  5]   2.00-3.00   sec  56.1 MBytes   470 Mbits/sec  49910  
[  5]   3.00-4.00   sec  50.9 MBytes   427 Mbits/sec  45320  
[  5]   4.00-5.00   sec  51.7 MBytes   434 Mbits/sec  46060  
[  5]   5.00-6.00   sec  52.3 MBytes   439 Mbits/sec  46540  
[  5]   6.00-7.00   sec  50.3 MBytes   422 Mbits/sec  44780  
[  5]   7.00-8.00   sec  52.8 MBytes   443 Mbits/sec  46990  
[  5]   8.00-9.00   sec  52.2 MBytes   438 Mbits/sec  46460  
[  5]   9.00-10.00  sec  52.2 MBytes   438 Mbits/sec  46450  
[  5]  10.00-11.00  sec  56.6 MBytes   475 Mbits/sec  50420  
[  5]  11.00-12.00  sec  52.5 MBytes   441 Mbits/sec  46750  
[  5]  12.00-13.00  sec  53.2 MBytes   446 Mbits/sec  47330  
[  5]  13.00-14.00  sec  49.2 MBytes   413 Mbits/sec  43830  
[  5]  14.00-15.00  sec  52.4 MBytes   440 Mbits/sec  46650  
[  5]  15.00-16.00  sec  50.7 MBytes   426 Mbits/sec  45160  
[  5]  16.00-17.00  sec  49.2 MBytes   413 Mbits/sec  43790  
[  5]  17.00-18.00  sec  50.3 MBytes   422 Mbits/sec  44760  
[  5]  18.00-19.00  sec  53.1 MBytes   445 Mbits/sec  47260  
[  5]  19.00-20.00  sec  53.6 MBytes   450 Mbits/sec  47730  
[  5]  20.00-21.00  sec  52.2 MBytes   438 Mbits/sec  46440  
[  5]  21.00-22.00  sec  55.6 MBytes   467 Mbits/sec  49530  
[  5]  22.00-23.00  sec  51.8 MBytes   434 Mbits/sec  46070  
[  5]  23.00-24.00  sec  51.4 MBytes   431 Mbits/sec  45780  
[  5]  24.00-25.00  sec  51.6 MBytes   433 Mbits/sec  45970  
[  5]  25.00-26.00  sec  54.4 MBytes   457 Mbits/sec  48460  
[  5]  26.00-27.00  sec  50.2 MBytes   421 Mbits/sec  44660  
[  5]  27.00-28.00  sec  52.7 MBytes   442 Mbits/sec  46890  
[  5]  28.00-29.00  sec  50.9 MBytes   427 Mbits/sec  45310  
[  5]  29.00-30.00  sec  52.4 MBytes   439 Mbits/sec  46620  
[  5]  30.00-31.00  sec  51.1 MBytes   429 Mbits/sec  45480  
[  5]  31.00-32.00  sec  52.8 MBytes   443 Mbits/sec  47020  
[  5]  32.00-33.00  sec  51.8 MBytes   434 Mbits/sec  46080  
[  5]  33.00-34.00  sec  51.1 MBytes   429 Mbits/sec  45470  
[  5]  34.00-35.00  sec  52.3 MBytes   439 Mbits/sec  46580  
[  5]  35.00-36.00  sec  53.0 MBytes   445 Mbits/sec  47180  
[  5]  36.00-37.00  sec  50.3 MBytes   422 Mbits/sec  44760  
[  5]  37.00-38.00  sec  50.8 MBytes   426 Mbits/sec  45180  
[  5]  38.00-39.00  sec  51.4 MBytes   431 Mbits/sec  45760  
[  5]  39.00-40.00  sec  51.1 MBytes   429 Mbits/sec  45500  
[  5]  40.00-41.00  sec  53.1 MBytes   445 Mbits/sec  47250  
[  5]  41.00-42.00  sec  51.0 MBytes   428 Mbits/sec  45410  
[  5]  42.00-43.00  sec  49.8 MBytes   418 Mbits/sec  44370  
[  5]  43.00-44.00  sec  49.0 MBytes   411 Mbits/sec  43610  
[  5]  44.00-45.00  sec  51.8 MBytes   435 Mbits/sec  46130  
[  5]  45.00-46.00  sec  52.8 MBytes   443 Mbits/sec  47010  
[  5]  46.00-47.00  sec  53.8 MBytes   452 Mbits/sec  47920  
[  5]  47.00-48.00  sec  51.4 MBytes   431 Mbits/sec  45720  
[  5]  48.00-49.00  sec  52.7 MBytes   442 Mbits/sec  46900  
[  5]  49.00-50.00  sec  52.5 MBytes   440 Mbits/sec  46730  
[  5]  50.00-51.00  sec  52.4 MBytes   440 Mbits/sec  46660  
[  5]  51.00-52.00  sec  52.9 MBytes   444 Mbits/sec  47110  
[  5]  52.00-53.00  sec  51.7 MBytes   434 Mbits/sec  46050  
[  5]  53.00-54.00  sec  51.0 MBytes   428 Mbits/sec  45440  
[  5]  54.00-55.00  sec  55.0 MBytes   462 Mbits/sec  48990  
[  5]  55.00-56.00  sec  50.9 MBytes   427 Mbits/sec  45300  
[  5]  56.00-57.00  sec  51.6 MBytes   433 Mbits/sec  45960  
[  5]  57.00-58.00  sec  50.7 MBytes   425 Mbits/sec  45140  
[  5]  58.00-59.00  sec  51.6 MBytes   433 Mbits/sec  45900  
[  5]  59.00-60.00  sec  51.4 MBytes   431 Mbits/sec  45710  
- - - - - - - - - - - - - - - - - - - - - - - - -
[ ID] Interval           Transfer     Bitrate         Jitter    Lost/Total Datagrams
[  5]   0.00-60.00  sec  3.05 GBytes   436 Mbits/sec  0.000 ms  0/2776200 (0%)  sender
[  5]   0.00-60.25  sec  1.87 GBytes   267 Mbits/sec  0.016 ms  1094249/2776200 (39%)  receiver

iperf Done.
