Connecting to host 10.136.80.163, port 5201
[  5] local 10.136.173.98 port 46937 connected to 10.136.80.163 port 5201
[ ID] Interval           Transfer     Bitrate         Total Datagrams
[  5]   0.00-1.00   sec  53.9 MBytes   452 Mbits/sec  47970  (omitted)
[  5]   0.00-1.00   sec  54.8 MBytes   460 Mbits/sec  48770  
[  5]   1.00-2.00   sec  54.9 MBytes   461 Mbits/sec  48870  
[  5]   2.00-3.00   sec  58.1 MBytes   488 Mbits/sec  51750  
[  5]   3.00-4.00   sec  51.6 MBytes   433 Mbits/sec  45910  
[  5]   4.00-5.00   sec  49.8 MBytes   418 Mbits/sec  44330  
[  5]   5.00-6.00   sec  51.4 MBytes   431 Mbits/sec  45760  
[  5]   6.00-7.00   sec  54.6 MBytes   458 Mbits/sec  48600  
[  5]   7.00-8.00   sec  55.4 MBytes   465 Mbits/sec  49350  
[  5]   8.00-9.00   sec  56.5 MBytes   474 Mbits/sec  50260  
[  5]   9.00-10.00  sec  53.9 MBytes   452 Mbits/sec  47950  
[  5]  10.00-11.00  sec  55.4 MBytes   465 Mbits/sec  49300  
[  5]  11.00-12.00  sec  56.7 MBytes   475 Mbits/sec  50450  
[  5]  12.00-13.00  sec  52.2 MBytes   438 Mbits/sec  46440  
[  5]  13.00-14.00  sec  54.1 MBytes   454 Mbits/sec  48190  
[  5]  14.00-15.00  sec  56.6 MBytes   475 Mbits/sec  50410  
[  5]  15.00-16.00  sec  57.6 MBytes   483 Mbits/sec  51260  
[  5]  16.00-17.00  sec  54.0 MBytes   453 Mbits/sec  48040  
[  5]  17.00-18.00  sec  54.5 MBytes   457 Mbits/sec  48540  
[  5]  18.00-19.00  sec  52.3 MBytes   438 Mbits/sec  46530  
[  5]  19.00-20.00  sec  49.3 MBytes   413 Mbits/sec  43850  
[  5]  20.00-21.00  sec  55.6 MBytes   467 Mbits/sec  49500  
[  5]  21.00-22.00  sec  53.0 MBytes   445 Mbits/sec  47170  
[  5]  22.00-23.00  sec  55.8 MBytes   468 Mbits/sec  49660  
[  5]  23.00-24.00  sec  55.7 MBytes   467 Mbits/sec  49570  
[  5]  24.00-25.00  sec  52.6 MBytes   441 Mbits/sec  46800  
[  5]  25.00-26.00  sec  59.4 MBytes   498 Mbits/sec  52860  
[  5]  26.00-27.00  sec  56.5 MBytes   474 Mbits/sec  50290  
[  5]  27.00-28.00  sec  54.8 MBytes   460 Mbits/sec  48810  
[  5]  28.00-29.00  sec  55.0 MBytes   461 Mbits/sec  48970  
[  5]  29.00-30.00  sec  54.8 MBytes   460 Mbits/sec  48820  
[  5]  30.00-31.00  sec  52.8 MBytes   443 Mbits/sec  47020  
[  5]  31.00-32.00  sec  53.5 MBytes   449 Mbits/sec  47610  
[  5]  32.00-33.00  sec  56.5 MBytes   474 Mbits/sec  50280  
[  5]  33.00-34.00  sec  49.2 MBytes   413 Mbits/sec  43820  
[  5]  34.00-35.00  sec  55.2 MBytes   463 Mbits/sec  49170  
[  5]  35.00-36.00  sec  54.3 MBytes   455 Mbits/sec  48320  
[  5]  36.00-37.00  sec  52.6 MBytes   441 Mbits/sec  46780  
[  5]  37.00-38.00  sec  53.0 MBytes   444 Mbits/sec  47170  
[  5]  38.00-39.00  sec  52.0 MBytes   437 Mbits/sec  46330  
[  5]  39.00-40.00  sec  51.9 MBytes   435 Mbits/sec  46200  
[  5]  40.00-41.00  sec  53.4 MBytes   448 Mbits/sec  47500  
[  5]  41.00-42.00  sec  53.4 MBytes   448 Mbits/sec  47510  
[  5]  42.00-43.00  sec  55.5 MBytes   466 Mbits/sec  49430  
[  5]  43.00-44.00  sec  52.8 MBytes   443 Mbits/sec  46970  
[  5]  44.00-45.00  sec  51.0 MBytes   428 Mbits/sec  45400  
[  5]  45.00-46.00  sec  53.3 MBytes   447 Mbits/sec  47440  
[  5]  46.00-47.00  sec  51.1 MBytes   429 Mbits/sec  45510  
[  5]  47.00-48.00  sec  54.2 MBytes   455 Mbits/sec  48230  
[  5]  48.00-49.00  sec  55.6 MBytes   467 Mbits/sec  49510  
[  5]  49.00-50.00  sec  58.4 MBytes   490 Mbits/sec  52020  
[  5]  50.00-51.00  sec  50.3 MBytes   422 Mbits/sec  44750  
[  5]  51.00-52.00  sec  48.8 MBytes   410 Mbits/sec  43460  
[  5]  52.00-53.00  sec  51.0 MBytes   428 Mbits/sec  45420  
[  5]  53.00-54.00  sec  52.1 MBytes   437 Mbits/sec  46360  
[  5]  54.00-55.00  sec  50.2 MBytes   421 Mbits/sec  44670  
[  5]  55.00-56.00  sec  59.4 MBytes   498 Mbits/sec  52860  
[  5]  56.00-57.00  sec  60.5 MBytes   508 Mbits/sec  53870  
[  5]  57.00-58.00  sec  51.2 MBytes   430 Mbits/sec  45610  
[  5]  58.00-59.00  sec  54.0 MBytes   453 Mbits/sec  48110  
[  5]  59.00-60.00  sec  52.4 MBytes   439 Mbits/sec  46620  
- - - - - - - - - - - - - - - - - - - - - - - - -
[ ID] Interval           Transfer     Bitrate         Jitter    Lost/Total Datagrams
[  5]   0.00-60.00  sec  3.16 GBytes   453 Mbits/sec  0.000 ms  0/2880960 (0%)  sender
[  5]   0.00-60.25  sec  1.95 GBytes   279 Mbits/sec  0.006 ms  1116794/2880960 (39%)  receiver

iperf Done.
