Connecting to host 10.136.80.176, port 5201
[  5] local 10.136.173.87 port 41061 connected to 10.136.80.176 port 5201
[ ID] Interval           Transfer     Bitrate         Total Datagrams
[  5]   0.00-1.00   sec  19.2 MBytes   161 Mbits/sec  17050  (omitted)
[  5]   0.00-1.00   sec  75.6 MBytes   634 Mbits/sec  67310  
[  5]   1.00-2.00   sec  64.0 MBytes   537 Mbits/sec  56990  
[  5]   2.00-3.00   sec  74.0 MBytes   621 Mbits/sec  65910  
[  5]   3.00-4.00   sec  75.0 MBytes   629 Mbits/sec  66760  
[  5]   4.00-5.00   sec  73.4 MBytes   616 Mbits/sec  65340  
[  5]   5.00-6.00   sec  74.4 MBytes   624 Mbits/sec  66210  
[  5]   6.00-7.00   sec  73.9 MBytes   619 Mbits/sec  65740  
[  5]   7.00-8.00   sec  73.5 MBytes   617 Mbits/sec  65440  
[  5]   8.00-9.00   sec  61.6 MBytes   517 Mbits/sec  54840  
[  5]   9.00-10.00  sec  72.5 MBytes   608 Mbits/sec  64540  
[  5]  10.00-11.00  sec  62.7 MBytes   526 Mbits/sec  55840  
[  5]  11.00-12.00  sec  76.2 MBytes   640 Mbits/sec  67870  
[  5]  12.00-13.00  sec  76.3 MBytes   640 Mbits/sec  67960  
[  5]  13.00-14.00  sec  76.2 MBytes   639 Mbits/sec  67790  
[  5]  14.00-15.00  sec  78.8 MBytes   661 Mbits/sec  70110  
[  5]  15.00-16.00  sec  77.1 MBytes   646 Mbits/sec  68590  
[  5]  16.00-17.00  sec  74.9 MBytes   628 Mbits/sec  66670  
[  5]  17.00-18.00  sec  75.7 MBytes   635 Mbits/sec  67410  
[  5]  18.00-19.00  sec  75.2 MBytes   631 Mbits/sec  66940  
[  5]  19.00-20.00  sec  74.7 MBytes   627 Mbits/sec  66530  
[  5]  20.00-21.00  sec  72.6 MBytes   609 Mbits/sec  64660  
[  5]  21.00-22.00  sec  73.3 MBytes   615 Mbits/sec  65230  
[  5]  22.00-23.00  sec  73.3 MBytes   615 Mbits/sec  65270  
[  5]  23.00-24.00  sec  74.6 MBytes   626 Mbits/sec  66400  
[  5]  24.00-25.00  sec  65.7 MBytes   551 Mbits/sec  58520  
[  5]  25.00-26.00  sec  64.5 MBytes   541 Mbits/sec  57380  
[  5]  26.00-27.00  sec  75.7 MBytes   635 Mbits/sec  67400  
[  5]  27.00-28.00  sec  75.9 MBytes   637 Mbits/sec  67600  
[  5]  28.00-29.00  sec  76.0 MBytes   638 Mbits/sec  67690  
[  5]  29.00-30.00  sec  73.5 MBytes   617 Mbits/sec  65420  
[  5]  30.00-31.00  sec  74.9 MBytes   628 Mbits/sec  66630  
[  5]  31.00-32.00  sec  72.7 MBytes   610 Mbits/sec  64700  
[  5]  32.00-33.00  sec  73.9 MBytes   620 Mbits/sec  65810  
[  5]  33.00-34.00  sec  73.6 MBytes   617 Mbits/sec  65530  
[  5]  34.00-35.00  sec  72.8 MBytes   611 Mbits/sec  64840  
[  5]  35.00-36.00  sec  74.1 MBytes   622 Mbits/sec  66000  
[  5]  36.00-37.00  sec  73.2 MBytes   614 Mbits/sec  65160  
[  5]  37.00-38.00  sec  73.6 MBytes   617 Mbits/sec  65520  
[  5]  38.00-39.00  sec  73.2 MBytes   614 Mbits/sec  65180  
[  5]  39.00-40.00  sec  73.6 MBytes   617 Mbits/sec  65510  
[  5]  40.00-41.00  sec  66.1 MBytes   554 Mbits/sec  58800  
[  5]  41.00-42.00  sec  71.5 MBytes   600 Mbits/sec  63630  
[  5]  42.00-43.00  sec  72.3 MBytes   607 Mbits/sec  64360  
[  5]  43.00-44.00  sec  76.5 MBytes   642 Mbits/sec  68090  
[  5]  44.00-45.00  sec  74.4 MBytes   624 Mbits/sec  66200  
[  5]  45.00-46.00  sec  76.6 MBytes   643 Mbits/sec  68200  
[  5]  46.00-47.00  sec  76.8 MBytes   645 Mbits/sec  68400  
[  5]  47.00-48.00  sec  76.8 MBytes   644 Mbits/sec  68330  
[  5]  48.00-49.00  sec  75.8 MBytes   636 Mbits/sec  67510  
[  5]  49.00-50.00  sec  75.4 MBytes   633 Mbits/sec  67130  
[  5]  50.00-51.00  sec  70.5 MBytes   591 Mbits/sec  62720  
[  5]  51.00-52.00  sec  75.6 MBytes   634 Mbits/sec  67280  
[  5]  52.00-53.00  sec  72.6 MBytes   609 Mbits/sec  64620  
[  5]  53.00-54.00  sec  58.1 MBytes   488 Mbits/sec  51750  
[  5]  54.00-55.00  sec  67.7 MBytes   568 Mbits/sec  60290  
[  5]  55.00-56.00  sec  76.3 MBytes   640 Mbits/sec  67950  
[  5]  56.00-57.00  sec  76.2 MBytes   639 Mbits/sec  67850  
[  5]  57.00-58.00  sec  76.4 MBytes   641 Mbits/sec  67980  
[  5]  58.00-59.00  sec  77.6 MBytes   651 Mbits/sec  69090  
[  5]  59.00-60.00  sec  75.0 MBytes   630 Mbits/sec  66800  
- - - - - - - - - - - - - - - - - - - - - - - - -
[ ID] Interval           Transfer     Bitrate         Jitter    Lost/Total Datagrams
[  5]   0.00-60.00  sec  4.29 GBytes   614 Mbits/sec  0.000 ms  0/3912220 (0%)  sender
[  5]   0.00-62.17  sec   285 MBytes  38.5 Mbits/sec  0.147 ms  3668748/3905572 (94%)  receiver

iperf Done.
