Connecting to host knb-server-869643, port 5201
[  5] local 10.136.173.65 port 54100 connected to 10.43.197.105 port 5201
[ ID] Interval           Transfer     Bitrate         Total Datagrams
[  5]   0.00-1.00   sec  35.8 MBytes   300 Mbits/sec  31840  (omitted)
[  5]   0.00-1.00   sec  71.2 MBytes   598 Mbits/sec  63410  
[  5]   1.00-2.00   sec  71.6 MBytes   600 Mbits/sec  63710  
[  5]   2.00-3.00   sec  72.7 MBytes   610 Mbits/sec  64700  
[  5]   3.00-4.00   sec  73.7 MBytes   618 Mbits/sec  65600  
[  5]   4.00-5.00   sec  74.3 MBytes   623 Mbits/sec  66150  
[  5]   5.00-6.00   sec  73.1 MBytes   613 Mbits/sec  65030  
[  5]   6.00-7.00   sec  69.6 MBytes   584 Mbits/sec  61920  
[  5]   7.00-8.00   sec  72.7 MBytes   610 Mbits/sec  64700  
[  5]   8.00-9.00   sec  72.6 MBytes   609 Mbits/sec  64630  
[  5]   9.00-10.00  sec  72.3 MBytes   606 Mbits/sec  64320  
[  5]  10.00-11.00  sec  66.4 MBytes   557 Mbits/sec  59090  
[  5]  11.00-12.00  sec  71.9 MBytes   603 Mbits/sec  64000  
[  5]  12.00-13.00  sec  66.0 MBytes   554 Mbits/sec  58790  
[  5]  13.00-14.00  sec  60.4 MBytes   506 Mbits/sec  53730  
[  5]  14.00-15.00  sec  73.6 MBytes   618 Mbits/sec  65540  
[  5]  15.00-16.00  sec  73.1 MBytes   613 Mbits/sec  65070  
[  5]  16.00-17.00  sec  71.1 MBytes   596 Mbits/sec  63260  
[  5]  17.00-18.00  sec  53.5 MBytes   449 Mbits/sec  47640  
[  5]  18.00-19.00  sec  72.0 MBytes   604 Mbits/sec  64080  
[  5]  19.00-20.00  sec  72.9 MBytes   611 Mbits/sec  64860  
[  5]  20.00-21.00  sec  72.8 MBytes   611 Mbits/sec  64820  
[  5]  21.00-22.00  sec  71.1 MBytes   596 Mbits/sec  63250  
[  5]  22.00-23.00  sec  65.9 MBytes   553 Mbits/sec  58640  
[  5]  23.00-24.00  sec  46.1 MBytes   386 Mbits/sec  41000  
[  5]  24.00-25.00  sec  72.3 MBytes   606 Mbits/sec  64320  
[  5]  25.00-26.00  sec  73.1 MBytes   613 Mbits/sec  65050  
[  5]  26.00-27.00  sec  72.1 MBytes   605 Mbits/sec  64220  
[  5]  27.00-28.00  sec  73.2 MBytes   614 Mbits/sec  65170  
[  5]  28.00-29.00  sec  73.0 MBytes   612 Mbits/sec  64980  
[  5]  29.00-30.00  sec  73.0 MBytes   612 Mbits/sec  64970  
[  5]  30.00-31.00  sec  73.4 MBytes   616 Mbits/sec  65340  
[  5]  31.00-32.00  sec  69.7 MBytes   585 Mbits/sec  62040  
[  5]  32.00-33.00  sec  71.4 MBytes   599 Mbits/sec  63580  
[  5]  33.00-34.00  sec  72.7 MBytes   610 Mbits/sec  64670  
[  5]  34.00-35.00  sec  72.5 MBytes   608 Mbits/sec  64510  
[  5]  35.00-36.00  sec  71.6 MBytes   600 Mbits/sec  63700  
[  5]  36.00-37.00  sec  72.3 MBytes   606 Mbits/sec  64340  
[  5]  37.00-38.00  sec  72.2 MBytes   606 Mbits/sec  64270  
[  5]  38.00-39.00  sec  71.3 MBytes   598 Mbits/sec  63490  
[  5]  39.00-40.00  sec  69.6 MBytes   583 Mbits/sec  61910  
[  5]  40.00-41.00  sec  71.4 MBytes   599 Mbits/sec  63530  
[  5]  41.00-42.00  sec  63.5 MBytes   532 Mbits/sec  56500  
[  5]  42.00-43.00  sec  69.2 MBytes   581 Mbits/sec  61620  
[  5]  43.00-44.00  sec  69.8 MBytes   585 Mbits/sec  62110  
[  5]  44.00-45.00  sec  68.8 MBytes   577 Mbits/sec  61230  
[  5]  45.00-46.00  sec  62.4 MBytes   524 Mbits/sec  55580  
[  5]  46.00-47.00  sec  64.3 MBytes   539 Mbits/sec  57200  
[  5]  47.00-48.00  sec  68.5 MBytes   575 Mbits/sec  60980  
[  5]  48.00-49.00  sec  69.4 MBytes   583 Mbits/sec  61810  
[  5]  49.00-50.00  sec  69.9 MBytes   587 Mbits/sec  62260  
[  5]  50.00-51.00  sec  69.8 MBytes   585 Mbits/sec  62110  
[  5]  51.00-52.00  sec  67.1 MBytes   563 Mbits/sec  59750  
[  5]  52.00-53.00  sec  69.2 MBytes   581 Mbits/sec  61600  
[  5]  53.00-54.00  sec  74.6 MBytes   625 Mbits/sec  66370  
[  5]  54.00-55.00  sec  66.4 MBytes   557 Mbits/sec  59080  
[  5]  55.00-56.00  sec  73.1 MBytes   613 Mbits/sec  65050  
[  5]  56.00-57.00  sec  72.6 MBytes   609 Mbits/sec  64640  
[  5]  57.00-58.00  sec  73.2 MBytes   614 Mbits/sec  65130  
[  5]  58.00-59.00  sec  73.0 MBytes   612 Mbits/sec  64990  
[  5]  59.00-60.00  sec  72.9 MBytes   612 Mbits/sec  64910  
- - - - - - - - - - - - - - - - - - - - - - - - -
[ ID] Interval           Transfer     Bitrate         Jitter    Lost/Total Datagrams
[  5]   0.00-60.00  sec  4.10 GBytes   588 Mbits/sec  0.000 ms  0/3740950 (0%)  sender
[  5]   0.00-61.92  sec   276 MBytes  37.4 Mbits/sec  0.117 ms  3515334/3729559 (94%)  receiver

iperf Done.
