Connecting to host 10.136.80.165, port 5201
[  5] local 10.136.173.108 port 49232 connected to 10.136.80.165 port 5201
[ ID] Interval           Transfer     Bitrate         Total Datagrams
[  5]   0.00-1.00   sec  51.6 MBytes   433 Mbits/sec  45950  (omitted)
[  5]   0.00-1.00   sec  54.7 MBytes   459 Mbits/sec  48720  
[  5]   1.00-2.00   sec  52.8 MBytes   443 Mbits/sec  46960  
[  5]   2.00-3.00   sec  53.2 MBytes   446 Mbits/sec  47340  
[  5]   3.00-4.00   sec  51.7 MBytes   433 Mbits/sec  46000  
[  5]   4.00-5.00   sec  52.1 MBytes   437 Mbits/sec  46380  
[  5]   5.00-6.00   sec  50.0 MBytes   419 Mbits/sec  44480  
[  5]   6.00-7.00   sec  49.2 MBytes   413 Mbits/sec  43830  
[  5]   7.00-8.00   sec  52.6 MBytes   441 Mbits/sec  46810  
[  5]   8.00-9.00   sec  53.6 MBytes   449 Mbits/sec  47700  
[  5]   9.00-10.00  sec  52.0 MBytes   436 Mbits/sec  46290  
[  5]  10.00-11.00  sec  52.6 MBytes   442 Mbits/sec  46860  
[  5]  11.00-12.00  sec  53.7 MBytes   451 Mbits/sec  47820  
[  5]  12.00-13.00  sec  54.2 MBytes   455 Mbits/sec  48280  
[  5]  13.00-14.00  sec  52.8 MBytes   443 Mbits/sec  47040  
[  5]  14.00-15.00  sec  52.5 MBytes   441 Mbits/sec  46760  
[  5]  15.00-16.00  sec  53.6 MBytes   450 Mbits/sec  47730  
[  5]  16.00-17.00  sec  52.3 MBytes   438 Mbits/sec  46530  
[  5]  17.00-18.00  sec  52.0 MBytes   437 Mbits/sec  46320  
[  5]  18.00-19.00  sec  52.6 MBytes   441 Mbits/sec  46840  
[  5]  19.00-20.00  sec  52.1 MBytes   437 Mbits/sec  46340  
[  5]  20.00-21.00  sec  53.9 MBytes   452 Mbits/sec  47940  
[  5]  21.00-22.00  sec  55.0 MBytes   462 Mbits/sec  49000  
[  5]  22.00-23.00  sec  52.2 MBytes   438 Mbits/sec  46460  
[  5]  23.00-24.00  sec  52.8 MBytes   443 Mbits/sec  47040  
[  5]  24.00-25.00  sec  53.3 MBytes   447 Mbits/sec  47480  
[  5]  25.00-26.00  sec  53.7 MBytes   451 Mbits/sec  47830  
[  5]  26.00-27.00  sec  52.5 MBytes   441 Mbits/sec  46750  
[  5]  27.00-28.00  sec  50.0 MBytes   420 Mbits/sec  44510  
[  5]  28.00-29.00  sec  51.3 MBytes   430 Mbits/sec  45680  
[  5]  29.00-30.00  sec  51.2 MBytes   430 Mbits/sec  45600  
[  5]  30.00-31.00  sec  51.5 MBytes   432 Mbits/sec  45810  
[  5]  31.00-32.00  sec  52.3 MBytes   438 Mbits/sec  46530  
[  5]  32.00-33.00  sec  53.3 MBytes   447 Mbits/sec  47420  
[  5]  33.00-34.00  sec  53.8 MBytes   451 Mbits/sec  47880  
[  5]  34.00-35.00  sec  56.4 MBytes   473 Mbits/sec  50170  
[  5]  35.00-36.00  sec  52.7 MBytes   442 Mbits/sec  46870  
[  5]  36.00-37.00  sec  52.0 MBytes   436 Mbits/sec  46300  
[  5]  37.00-38.00  sec  51.7 MBytes   433 Mbits/sec  45990  
[  5]  38.00-39.00  sec  51.8 MBytes   434 Mbits/sec  46070  
[  5]  39.00-40.00  sec  52.3 MBytes   439 Mbits/sec  46590  
[  5]  40.00-41.00  sec  51.6 MBytes   433 Mbits/sec  45940  
[  5]  41.00-42.00  sec  53.0 MBytes   445 Mbits/sec  47180  
[  5]  42.00-43.00  sec  52.9 MBytes   444 Mbits/sec  47100  
[  5]  43.00-44.00  sec  52.7 MBytes   442 Mbits/sec  46900  
[  5]  44.00-45.00  sec  52.9 MBytes   443 Mbits/sec  47050  
[  5]  45.00-46.00  sec  55.0 MBytes   461 Mbits/sec  48940  
[  5]  46.00-47.00  sec  51.4 MBytes   431 Mbits/sec  45740  
[  5]  47.00-48.00  sec  53.1 MBytes   445 Mbits/sec  47250  
[  5]  48.00-49.00  sec  54.8 MBytes   460 Mbits/sec  48770  
[  5]  49.00-50.00  sec  51.3 MBytes   430 Mbits/sec  45640  
[  5]  50.00-51.00  sec  50.4 MBytes   423 Mbits/sec  44870  
[  5]  51.00-52.00  sec  53.3 MBytes   448 Mbits/sec  47480  
[  5]  52.00-53.00  sec  52.6 MBytes   441 Mbits/sec  46810  
[  5]  53.00-54.00  sec  53.7 MBytes   450 Mbits/sec  47790  
[  5]  54.00-55.00  sec  51.9 MBytes   436 Mbits/sec  46240  
[  5]  55.00-56.00  sec  46.5 MBytes   390 Mbits/sec  41410  
[  5]  56.00-57.00  sec  51.6 MBytes   433 Mbits/sec  45930  
[  5]  57.00-58.00  sec  56.5 MBytes   473 Mbits/sec  50250  
[  5]  58.00-59.00  sec  54.6 MBytes   458 Mbits/sec  48610  
[  5]  59.00-60.00  sec  54.3 MBytes   456 Mbits/sec  48370  
- - - - - - - - - - - - - - - - - - - - - - - - -
[ ID] Interval           Transfer     Bitrate         Jitter    Lost/Total Datagrams
[  5]   0.00-60.00  sec  3.08 GBytes   442 Mbits/sec  0.000 ms  0/2811220 (0%)  sender
[  5]   0.00-60.21  sec  1.88 GBytes   268 Mbits/sec  0.018 ms  1118780/2811220 (40%)  receiver

iperf Done.
