Connecting to host 10.136.80.184, port 5201
[  5] local 10.136.173.108 port 49498 connected to 10.136.80.184 port 5201
[ ID] Interval           Transfer     Bitrate         Total Datagrams
[  5]   0.00-1.00   sec  94.1 MBytes   789 Mbits/sec  70600  (omitted)
[  5]   0.00-1.00   sec  93.6 MBytes   785 Mbits/sec  70180  
[  5]   1.00-2.00   sec  92.2 MBytes   774 Mbits/sec  69160  
[  5]   2.00-3.00   sec  93.3 MBytes   783 Mbits/sec  70010  
[  5]   3.00-4.00   sec  93.8 MBytes   786 Mbits/sec  70320  
[  5]   4.00-5.00   sec  93.3 MBytes   783 Mbits/sec  70010  
[  5]   5.00-6.00   sec  94.0 MBytes   788 Mbits/sec  70490  
[  5]   6.00-7.00   sec  93.8 MBytes   787 Mbits/sec  70360  
[  5]   7.00-8.00   sec  93.8 MBytes   787 Mbits/sec  70380  
[  5]   8.00-9.00   sec  93.2 MBytes   782 Mbits/sec  69920  
[  5]   9.00-10.00  sec  93.4 MBytes   784 Mbits/sec  70070  
[  5]  10.00-11.00  sec  93.7 MBytes   786 Mbits/sec  70280  
[  5]  11.00-12.00  sec  91.6 MBytes   768 Mbits/sec  68680  
[  5]  12.00-13.00  sec  95.8 MBytes   804 Mbits/sec  71890  
[  5]  13.00-14.00  sec  95.0 MBytes   797 Mbits/sec  71270  
[  5]  14.00-15.00  sec  83.5 MBytes   701 Mbits/sec  62660  
[  5]  15.00-16.00  sec  96.7 MBytes   811 Mbits/sec  72540  
[  5]  16.00-17.00  sec  92.8 MBytes   778 Mbits/sec  69570  
[  5]  17.00-18.00  sec  92.9 MBytes   779 Mbits/sec  69660  
[  5]  18.00-19.00  sec  93.9 MBytes   788 Mbits/sec  70450  
[  5]  19.00-20.00  sec  94.9 MBytes   796 Mbits/sec  71200  
[  5]  20.00-21.00  sec  93.6 MBytes   785 Mbits/sec  70210  
[  5]  21.00-22.00  sec  94.2 MBytes   790 Mbits/sec  70650  
[  5]  22.00-23.00  sec  95.9 MBytes   804 Mbits/sec  71930  
[  5]  23.00-24.00  sec  93.5 MBytes   785 Mbits/sec  70160  
[  5]  24.00-25.00  sec  93.2 MBytes   782 Mbits/sec  69900  
[  5]  25.00-26.00  sec  93.8 MBytes   787 Mbits/sec  70340  
[  5]  26.00-27.00  sec  93.9 MBytes   787 Mbits/sec  70400  
[  5]  27.00-28.00  sec  93.2 MBytes   782 Mbits/sec  69940  
[  5]  28.00-29.00  sec  93.8 MBytes   787 Mbits/sec  70380  
[  5]  29.00-30.00  sec  93.6 MBytes   786 Mbits/sec  70240  
[  5]  30.00-31.00  sec  97.3 MBytes   816 Mbits/sec  72980  
[  5]  31.00-32.00  sec  91.8 MBytes   770 Mbits/sec  68880  
[  5]  32.00-33.00  sec  93.3 MBytes   783 Mbits/sec  69990  
[  5]  33.00-34.00  sec  93.1 MBytes   781 Mbits/sec  69860  
[  5]  34.00-35.00  sec  94.8 MBytes   796 Mbits/sec  71130  
[  5]  35.00-36.00  sec  94.1 MBytes   789 Mbits/sec  70590  
[  5]  36.00-37.00  sec  93.4 MBytes   783 Mbits/sec  70040  
[  5]  37.00-38.00  sec  94.0 MBytes   788 Mbits/sec  70470  
[  5]  38.00-39.00  sec  94.2 MBytes   790 Mbits/sec  70620  
[  5]  39.00-40.00  sec  94.2 MBytes   790 Mbits/sec  70630  
[  5]  40.00-41.00  sec  93.7 MBytes   786 Mbits/sec  70250  
[  5]  41.00-42.00  sec  90.8 MBytes   762 Mbits/sec  68140  
[  5]  42.00-43.00  sec  93.2 MBytes   781 Mbits/sec  69880  
[  5]  43.00-44.00  sec  92.7 MBytes   778 Mbits/sec  69520  
[  5]  44.00-45.00  sec  92.7 MBytes   778 Mbits/sec  69560  
[  5]  45.00-46.00  sec  93.5 MBytes   785 Mbits/sec  70160  
[  5]  46.00-47.00  sec  93.5 MBytes   785 Mbits/sec  70160  
[  5]  47.00-48.00  sec  89.7 MBytes   752 Mbits/sec  67280  
[  5]  48.00-49.00  sec  95.7 MBytes   803 Mbits/sec  71780  
[  5]  49.00-50.00  sec  93.3 MBytes   782 Mbits/sec  69960  
[  5]  50.00-51.00  sec  93.5 MBytes   785 Mbits/sec  70160  
[  5]  51.00-52.00  sec  95.0 MBytes   797 Mbits/sec  71260  
[  5]  52.00-53.00  sec  98.3 MBytes   825 Mbits/sec  73720  
[  5]  53.00-54.00  sec  93.9 MBytes   788 Mbits/sec  70460  
[  5]  54.00-55.00  sec  92.4 MBytes   775 Mbits/sec  69300  
[  5]  55.00-56.00  sec  93.5 MBytes   784 Mbits/sec  70130  
[  5]  56.00-57.00  sec  93.9 MBytes   788 Mbits/sec  70460  
[  5]  57.00-58.00  sec  93.6 MBytes   785 Mbits/sec  70180  
[  5]  58.00-59.00  sec  93.6 MBytes   785 Mbits/sec  70170  
[  5]  59.00-60.00  sec  93.6 MBytes   785 Mbits/sec  70220  
- - - - - - - - - - - - - - - - - - - - - - - - -
[ ID] Interval           Transfer     Bitrate         Jitter    Lost/Total Datagrams
[  5]   0.00-60.00  sec  5.48 GBytes   785 Mbits/sec  0.000 ms  0/4211190 (0%)  sender
[  5]   0.00-60.04  sec  5.49 GBytes   785 Mbits/sec  0.011 ms  1570/4211189 (0.037%)  receiver

iperf Done.
