Connecting to host 10.136.80.152, port 5201
[  5] local 10.136.173.121 port 59480 connected to 10.136.80.152 port 5201
[ ID] Interval           Transfer     Bitrate         Total Datagrams
[  5]   0.00-1.00   sec  50.8 MBytes   426 Mbits/sec  45180  (omitted)
[  5]   0.00-1.00   sec  50.1 MBytes   420 Mbits/sec  44590  
[  5]   1.00-2.00   sec  54.3 MBytes   455 Mbits/sec  48300  
[  5]   2.00-3.00   sec  50.8 MBytes   426 Mbits/sec  45200  
[  5]   3.00-4.00   sec  54.2 MBytes   455 Mbits/sec  48240  
[  5]   4.00-5.00   sec  60.1 MBytes   504 Mbits/sec  53490  
[  5]   5.00-6.00   sec  57.4 MBytes   482 Mbits/sec  51100  
[  5]   6.00-7.00   sec  53.5 MBytes   449 Mbits/sec  47600  
[  5]   7.00-8.00   sec  54.7 MBytes   459 Mbits/sec  48730  
[  5]   8.00-9.00   sec  51.0 MBytes   428 Mbits/sec  45400  
[  5]   9.00-10.00  sec  59.1 MBytes   496 Mbits/sec  52630  
[  5]  10.00-11.00  sec  54.4 MBytes   456 Mbits/sec  48390  
[  5]  11.00-12.00  sec  55.1 MBytes   462 Mbits/sec  49010  
[  5]  12.00-13.00  sec  51.8 MBytes   435 Mbits/sec  46130  
[  5]  13.00-14.00  sec  57.8 MBytes   485 Mbits/sec  51460  
[  5]  14.00-15.00  sec  49.7 MBytes   417 Mbits/sec  44200  
[  5]  15.00-16.00  sec  49.8 MBytes   418 Mbits/sec  44320  
[  5]  16.00-17.00  sec  51.8 MBytes   435 Mbits/sec  46120  
[  5]  17.00-18.00  sec  50.5 MBytes   424 Mbits/sec  44950  
[  5]  18.00-19.00  sec  53.5 MBytes   449 Mbits/sec  47600  
[  5]  19.00-20.00  sec  51.0 MBytes   428 Mbits/sec  45440  
[  5]  20.00-21.00  sec  53.9 MBytes   452 Mbits/sec  47960  
[  5]  21.00-22.00  sec  55.0 MBytes   461 Mbits/sec  48960  
[  5]  22.00-23.00  sec  53.1 MBytes   445 Mbits/sec  47230  
[  5]  23.00-24.00  sec  51.2 MBytes   430 Mbits/sec  45610  
[  5]  24.00-25.00  sec  56.5 MBytes   474 Mbits/sec  50250  
[  5]  25.00-26.00  sec  53.7 MBytes   450 Mbits/sec  47780  
[  5]  26.00-27.00  sec  56.9 MBytes   477 Mbits/sec  50650  
[  5]  27.00-28.00  sec  51.2 MBytes   430 Mbits/sec  45580  
[  5]  28.00-29.00  sec  50.4 MBytes   422 Mbits/sec  44820  
[  5]  29.00-30.00  sec  56.0 MBytes   470 Mbits/sec  49840  
[  5]  30.00-31.00  sec  55.1 MBytes   463 Mbits/sec  49080  
[  5]  31.00-32.00  sec  61.4 MBytes   515 Mbits/sec  54620  
[  5]  32.00-33.00  sec  56.8 MBytes   477 Mbits/sec  50580  
[  5]  33.00-34.00  sec  56.5 MBytes   474 Mbits/sec  50260  
[  5]  34.00-35.00  sec  57.4 MBytes   481 Mbits/sec  51070  
[  5]  35.00-36.00  sec  52.9 MBytes   444 Mbits/sec  47060  
[  5]  36.00-37.00  sec  55.2 MBytes   463 Mbits/sec  49150  
[  5]  37.00-38.00  sec  52.9 MBytes   444 Mbits/sec  47060  
[  5]  38.00-39.00  sec  58.4 MBytes   490 Mbits/sec  52010  
[  5]  39.00-40.00  sec  53.7 MBytes   451 Mbits/sec  47840  
[  5]  40.00-41.00  sec  57.0 MBytes   478 Mbits/sec  50730  
[  5]  41.00-42.00  sec  57.7 MBytes   484 Mbits/sec  51380  
[  5]  42.00-43.00  sec  57.9 MBytes   485 Mbits/sec  51500  
[  5]  43.00-44.00  sec  55.7 MBytes   467 Mbits/sec  49600  
[  5]  44.00-45.00  sec  54.6 MBytes   458 Mbits/sec  48580  
[  5]  45.00-46.00  sec  55.3 MBytes   463 Mbits/sec  49180  
[  5]  46.00-47.00  sec  53.6 MBytes   450 Mbits/sec  47730  
[  5]  47.00-48.00  sec  55.3 MBytes   463 Mbits/sec  49180  
[  5]  48.00-49.00  sec  51.0 MBytes   428 Mbits/sec  45370  
[  5]  49.00-50.00  sec  57.1 MBytes   479 Mbits/sec  50800  
[  5]  50.00-51.00  sec  53.2 MBytes   447 Mbits/sec  47390  
[  5]  51.00-52.00  sec  55.5 MBytes   466 Mbits/sec  49400  
[  5]  52.00-53.00  sec  52.4 MBytes   440 Mbits/sec  46670  
[  5]  53.00-54.00  sec  55.9 MBytes   469 Mbits/sec  49760  
[  5]  54.00-55.00  sec  55.6 MBytes   466 Mbits/sec  49460  
[  5]  55.00-56.00  sec  57.2 MBytes   480 Mbits/sec  50930  
[  5]  56.00-57.00  sec  52.3 MBytes   439 Mbits/sec  46590  
[  5]  57.00-58.00  sec  54.7 MBytes   458 Mbits/sec  48650  
[  5]  58.00-59.00  sec  49.4 MBytes   414 Mbits/sec  43970  
[  5]  59.00-60.00  sec  51.6 MBytes   433 Mbits/sec  45950  
- - - - - - - - - - - - - - - - - - - - - - - - -
[ ID] Interval           Transfer     Bitrate         Jitter    Lost/Total Datagrams
[  5]   0.00-60.00  sec  3.19 GBytes   456 Mbits/sec  0.000 ms  0/2903130 (0%)  sender
[  5]   0.00-61.33  sec   194 MBytes  26.6 Mbits/sec  0.018 ms  2769629/2899269 (96%)  receiver

iperf Done.
