Connecting to host 10.136.80.167, port 5201
[  5] local 10.136.173.104 port 47034 connected to 10.136.80.167 port 5201
[ ID] Interval           Transfer     Bitrate         Retr  Cwnd
[  5]   0.00-1.00   sec  4.37 MBytes  36.6 Mbits/sec  219   2.30 KBytes       (omitted)
[  5]   0.00-1.00   sec  2.52 MBytes  21.1 Mbits/sec  110   2.30 KBytes       
[  5]   1.00-2.00   sec   329 KBytes  2.70 Mbits/sec   21   5.75 KBytes       
[  5]   2.00-3.00   sec  1.71 MBytes  14.3 Mbits/sec   75   2.30 KBytes       
[  5]   3.00-4.00   sec  1.54 MBytes  12.9 Mbits/sec   72   2.30 KBytes       
[  5]   4.00-5.00   sec  1.44 MBytes  12.1 Mbits/sec   59   2.30 KBytes       
[  5]   5.00-6.00   sec  1.28 MBytes  10.7 Mbits/sec   55   5.75 KBytes       
[  5]   6.00-7.00   sec  2.13 MBytes  17.9 Mbits/sec   92   1.15 KBytes       
[  5]   7.00-8.00   sec  2.22 MBytes  18.6 Mbits/sec   98   2.30 KBytes       
[  5]   8.00-9.00   sec   676 KBytes  5.54 Mbits/sec   32   1.15 KBytes       
[  5]   9.00-10.00  sec   958 KBytes  7.85 Mbits/sec   43   2.30 KBytes       
[  5]  10.00-11.00  sec  1.17 MBytes  9.82 Mbits/sec   63   2.30 KBytes       
[  5]  11.00-12.00  sec   908 KBytes  7.44 Mbits/sec   47   2.30 KBytes       
[  5]  12.00-13.00  sec  1.68 MBytes  14.1 Mbits/sec   91   1.15 KBytes       
[  5]  13.00-14.00  sec  1.87 MBytes  15.7 Mbits/sec   83   1.15 KBytes       
[  5]  14.00-15.00  sec  1.15 MBytes  9.69 Mbits/sec   64   2.30 KBytes       
[  5]  15.00-16.00  sec   961 KBytes  7.87 Mbits/sec   40   2.30 KBytes       
[  5]  16.00-17.00  sec  1.22 MBytes  10.2 Mbits/sec   68   1.15 KBytes       
[  5]  17.00-18.00  sec  2.63 MBytes  22.1 Mbits/sec  127   3.45 KBytes       
[  5]  18.00-19.00  sec  2.71 MBytes  22.7 Mbits/sec  120   1.15 KBytes       
[  5]  19.00-20.00  sec  1.40 MBytes  11.7 Mbits/sec   61   2.30 KBytes       
[  5]  20.00-21.00  sec   940 KBytes  7.70 Mbits/sec   49   2.30 KBytes       
[  5]  21.00-22.00  sec  1.08 MBytes  9.07 Mbits/sec   56   1.15 KBytes       
[  5]  22.00-23.00  sec  1.81 MBytes  15.2 Mbits/sec   85   3.45 KBytes       
[  5]  23.00-24.00  sec  1.61 MBytes  13.5 Mbits/sec   92   2.30 KBytes       
[  5]  24.00-25.00  sec  2.04 MBytes  17.1 Mbits/sec   86   3.45 KBytes       
[  5]  25.00-26.00  sec  1.76 MBytes  14.7 Mbits/sec   98   1.15 KBytes       
[  5]  26.00-27.00  sec  1.14 MBytes  9.54 Mbits/sec   55   3.45 KBytes       
[  5]  27.00-28.00  sec  1.49 MBytes  12.5 Mbits/sec   63   5.75 KBytes       
[  5]  28.00-29.00  sec  1.24 MBytes  10.4 Mbits/sec   62   5.75 KBytes       
[  5]  29.00-30.00  sec  1.35 MBytes  11.3 Mbits/sec   57   1.15 KBytes       
[  5]  30.00-31.00  sec  2.27 MBytes  19.0 Mbits/sec  102   1.15 KBytes       
[  5]  31.00-32.00  sec  1.01 MBytes  8.44 Mbits/sec   55   9.20 KBytes       
[  5]  32.00-33.00  sec   963 KBytes  7.89 Mbits/sec   50   1.15 KBytes       
[  5]  33.00-34.00  sec   588 KBytes  4.82 Mbits/sec   30   6.90 KBytes       
[  5]  34.00-35.00  sec  1.25 MBytes  10.5 Mbits/sec   75   1.15 KBytes       
[  5]  35.00-36.00  sec  1.24 MBytes  10.4 Mbits/sec   63   2.30 KBytes       
[  5]  36.00-37.00  sec  1.94 MBytes  16.2 Mbits/sec   99   8.05 KBytes       
[  5]  37.00-38.00  sec  1.67 MBytes  14.0 Mbits/sec   87   1.15 KBytes       
[  5]  38.00-39.00  sec   636 KBytes  5.21 Mbits/sec   31   1.15 KBytes       
[  5]  39.00-40.00  sec  2.65 MBytes  22.2 Mbits/sec  104   1.15 KBytes       
[  5]  40.00-41.00  sec  2.50 MBytes  21.0 Mbits/sec   95   2.30 KBytes       
[  5]  41.00-42.00  sec  1.60 MBytes  13.5 Mbits/sec   78   2.30 KBytes       
[  5]  42.00-43.00  sec  1.01 MBytes  8.48 Mbits/sec   41   2.30 KBytes       
[  5]  43.00-44.00  sec  1.09 MBytes  9.12 Mbits/sec   48   2.30 KBytes       
[  5]  44.00-45.00  sec  1.94 MBytes  16.3 Mbits/sec   90   2.30 KBytes       
[  5]  45.00-46.00  sec  1.47 MBytes  12.3 Mbits/sec   75   3.45 KBytes       
[  5]  46.00-47.00  sec  1.67 MBytes  14.0 Mbits/sec   87   2.30 KBytes       
[  5]  47.00-48.00  sec  1.24 MBytes  10.4 Mbits/sec   58   2.30 KBytes       
[  5]  48.00-49.00  sec  1.43 MBytes  12.0 Mbits/sec   64   2.30 KBytes       
[  5]  49.00-50.00  sec  1.31 MBytes  11.0 Mbits/sec   61   2.30 KBytes       
[  5]  50.00-51.00  sec  1.37 MBytes  11.5 Mbits/sec   68   5.75 KBytes       
[  5]  51.00-52.00  sec  2.71 MBytes  22.7 Mbits/sec  130   6.90 KBytes       
[  5]  52.00-53.00  sec  1.85 MBytes  15.5 Mbits/sec   78   10.4 KBytes       
[  5]  53.00-54.00  sec  3.10 MBytes  26.0 Mbits/sec  156   6.90 KBytes       
[  5]  54.00-55.00  sec  1.72 MBytes  14.4 Mbits/sec   68   4.60 KBytes       
[  5]  55.00-56.00  sec  1.14 MBytes  9.55 Mbits/sec   50   2.30 KBytes       
[  5]  56.00-57.00  sec  1.14 MBytes  9.54 Mbits/sec   53   2.30 KBytes       
[  5]  57.00-58.00  sec  1.48 MBytes  12.5 Mbits/sec   72   5.75 KBytes       
[  5]  58.00-59.00  sec  2.64 MBytes  22.2 Mbits/sec  114   4.60 KBytes       
[  5]  59.00-60.00  sec   545 KBytes  4.47 Mbits/sec   33   2.30 KBytes       
- - - - - - - - - - - - - - - - - - - - - - - - -
[ ID] Interval           Transfer     Bitrate         Retr
[  5]   0.00-60.00  sec  91.9 MBytes  12.9 Mbits/sec  4339             sender
[  5]   0.00-60.04  sec  92.0 MBytes  12.8 Mbits/sec                  receiver

iperf Done.
