Connecting to host 10.136.80.180, port 5201
[  5] local 10.136.173.110 port 52727 connected to 10.136.80.180 port 5201
[ ID] Interval           Transfer     Bitrate         Total Datagrams
[  5]   0.00-1.00   sec  71.9 MBytes   603 Mbits/sec  63980  (omitted)
[  5]   0.00-1.00   sec  69.4 MBytes   582 Mbits/sec  61750  
[  5]   1.00-2.00   sec  74.6 MBytes   625 Mbits/sec  66370  
[  5]   2.00-3.00   sec  76.1 MBytes   639 Mbits/sec  67770  
[  5]   3.00-4.00   sec  76.8 MBytes   644 Mbits/sec  68330  
[  5]   4.00-5.00   sec  76.3 MBytes   640 Mbits/sec  67950  
[  5]   5.00-6.00   sec  64.7 MBytes   543 Mbits/sec  57620  
[  5]   6.00-7.00   sec  60.4 MBytes   507 Mbits/sec  53750  
[  5]   7.00-8.00   sec  77.4 MBytes   650 Mbits/sec  68930  
[  5]   8.00-9.00   sec  76.9 MBytes   645 Mbits/sec  68420  
[  5]   9.00-10.00  sec  78.0 MBytes   654 Mbits/sec  69410  
[  5]  10.00-11.00  sec  78.1 MBytes   656 Mbits/sec  69560  
[  5]  11.00-12.00  sec  76.4 MBytes   641 Mbits/sec  67980  
[  5]  12.00-13.00  sec  77.0 MBytes   646 Mbits/sec  68550  
[  5]  13.00-14.00  sec  77.0 MBytes   646 Mbits/sec  68570  
[  5]  14.00-15.00  sec  76.7 MBytes   644 Mbits/sec  68300  
[  5]  15.00-16.00  sec  79.8 MBytes   669 Mbits/sec  71000  
[  5]  16.00-17.00  sec  76.4 MBytes   641 Mbits/sec  68050  
[  5]  17.00-18.00  sec  77.4 MBytes   649 Mbits/sec  68880  
[  5]  18.00-19.00  sec  79.2 MBytes   664 Mbits/sec  70490  
[  5]  19.00-20.00  sec  77.7 MBytes   652 Mbits/sec  69130  
[  5]  20.00-21.00  sec  77.7 MBytes   652 Mbits/sec  69180  
[  5]  21.00-22.00  sec  71.5 MBytes   600 Mbits/sec  63630  
[  5]  22.00-23.00  sec  68.9 MBytes   578 Mbits/sec  61350  
[  5]  23.00-24.00  sec  76.8 MBytes   644 Mbits/sec  68320  
[  5]  24.00-25.00  sec  76.3 MBytes   640 Mbits/sec  67930  
[  5]  25.00-26.00  sec  75.9 MBytes   637 Mbits/sec  67550  
[  5]  26.00-27.00  sec  76.8 MBytes   644 Mbits/sec  68320  
[  5]  27.00-28.00  sec  78.1 MBytes   655 Mbits/sec  69520  
[  5]  28.00-29.00  sec  74.1 MBytes   621 Mbits/sec  65950  
[  5]  29.00-30.00  sec  78.9 MBytes   662 Mbits/sec  70210  
[  5]  30.00-31.00  sec  78.0 MBytes   655 Mbits/sec  69460  
[  5]  31.00-32.00  sec  77.3 MBytes   648 Mbits/sec  68770  
[  5]  32.00-33.00  sec  76.7 MBytes   643 Mbits/sec  68250  
[  5]  33.00-34.00  sec  76.8 MBytes   644 Mbits/sec  68330  
[  5]  34.00-35.00  sec  77.1 MBytes   647 Mbits/sec  68670  
[  5]  35.00-36.00  sec  76.6 MBytes   642 Mbits/sec  68140  
[  5]  36.00-37.00  sec  75.3 MBytes   632 Mbits/sec  67050  
[  5]  37.00-38.00  sec  75.6 MBytes   634 Mbits/sec  67320  
[  5]  38.00-39.00  sec  76.9 MBytes   645 Mbits/sec  68440  
[  5]  39.00-40.00  sec  77.3 MBytes   648 Mbits/sec  68790  
[  5]  40.00-41.00  sec  78.1 MBytes   655 Mbits/sec  69550  
[  5]  41.00-42.00  sec  77.8 MBytes   653 Mbits/sec  69240  
[  5]  42.00-43.00  sec  77.8 MBytes   653 Mbits/sec  69260  
[  5]  43.00-44.00  sec  78.5 MBytes   659 Mbits/sec  69880  
[  5]  44.00-45.00  sec  76.8 MBytes   644 Mbits/sec  68390  
[  5]  45.00-46.00  sec  77.2 MBytes   648 Mbits/sec  68750  
[  5]  46.00-47.00  sec  75.8 MBytes   636 Mbits/sec  67510  
[  5]  47.00-48.00  sec  76.0 MBytes   638 Mbits/sec  67680  
[  5]  48.00-49.00  sec  78.0 MBytes   655 Mbits/sec  69450  
[  5]  49.00-50.00  sec  76.5 MBytes   642 Mbits/sec  68110  
[  5]  50.00-51.00  sec  76.7 MBytes   643 Mbits/sec  68270  
[  5]  51.00-52.00  sec  78.3 MBytes   657 Mbits/sec  69740  
[  5]  52.00-53.00  sec  78.0 MBytes   654 Mbits/sec  69400  
[  5]  53.00-54.00  sec  77.8 MBytes   653 Mbits/sec  69260  
[  5]  54.00-55.00  sec  78.5 MBytes   658 Mbits/sec  69870  
[  5]  55.00-56.00  sec  79.1 MBytes   664 Mbits/sec  70450  
[  5]  56.00-57.00  sec  74.9 MBytes   628 Mbits/sec  66630  
[  5]  57.00-58.00  sec  77.7 MBytes   652 Mbits/sec  69130  
[  5]  58.00-59.00  sec  77.2 MBytes   647 Mbits/sec  68680  
[  5]  59.00-60.00  sec  76.5 MBytes   642 Mbits/sec  68120  
- - - - - - - - - - - - - - - - - - - - - - - - -
[ ID] Interval           Transfer     Bitrate         Jitter    Lost/Total Datagrams
[  5]   0.00-60.00  sec  4.47 GBytes   640 Mbits/sec  0.000 ms  0/4073360 (0%)  sender
[  5]   0.00-60.26  sec  1.70 GBytes   242 Mbits/sec  0.021 ms  2564764/4073307 (63%)  receiver

iperf Done.
