Connecting to host knb-server-438388, port 5201
[  5] local 10.136.173.100 port 33747 connected to 10.43.83.147 port 5201
[ ID] Interval           Transfer     Bitrate         Total Datagrams
[  5]   0.00-1.00   sec  73.2 MBytes   614 Mbits/sec  65120  (omitted)
[  5]   0.00-1.00   sec  71.8 MBytes   602 Mbits/sec  63930  
[  5]   1.00-2.00   sec  70.2 MBytes   589 Mbits/sec  62530  
[  5]   2.00-3.00   sec  57.6 MBytes   483 Mbits/sec  51270  
[  5]   3.00-4.00   sec  54.3 MBytes   456 Mbits/sec  48350  
[  5]   4.00-5.00   sec  54.4 MBytes   456 Mbits/sec  48430  
[  5]   5.00-6.00   sec  48.8 MBytes   409 Mbits/sec  43440  
[  5]   6.00-7.00   sec  66.4 MBytes   557 Mbits/sec  59120  
[  5]   7.00-8.00   sec  59.6 MBytes   500 Mbits/sec  53090  
[  5]   8.00-9.00   sec  53.1 MBytes   446 Mbits/sec  47290  
[  5]   9.00-10.00  sec  53.6 MBytes   450 Mbits/sec  47740  
[  5]  10.00-11.00  sec  53.1 MBytes   446 Mbits/sec  47290  
[  5]  11.00-12.00  sec  64.5 MBytes   541 Mbits/sec  57440  
[  5]  12.00-13.00  sec  73.4 MBytes   616 Mbits/sec  65380  
[  5]  13.00-14.00  sec  71.7 MBytes   602 Mbits/sec  63860  
[  5]  14.00-15.00  sec  72.4 MBytes   607 Mbits/sec  64420  
[  5]  15.00-16.00  sec  72.9 MBytes   611 Mbits/sec  64880  
[  5]  16.00-17.00  sec  72.7 MBytes   609 Mbits/sec  64670  
[  5]  17.00-18.00  sec  69.1 MBytes   579 Mbits/sec  61490  
[  5]  18.00-19.00  sec  69.8 MBytes   586 Mbits/sec  62170  
[  5]  19.00-20.00  sec  70.8 MBytes   594 Mbits/sec  63050  
[  5]  20.00-21.00  sec  70.4 MBytes   591 Mbits/sec  62660  
[  5]  21.00-22.00  sec  72.4 MBytes   608 Mbits/sec  64490  
[  5]  22.00-23.00  sec  70.6 MBytes   592 Mbits/sec  62840  
[  5]  23.00-24.00  sec  69.3 MBytes   582 Mbits/sec  61700  
[  5]  24.00-25.00  sec  57.0 MBytes   479 Mbits/sec  50780  
[  5]  25.00-26.00  sec  52.5 MBytes   441 Mbits/sec  46760  
[  5]  26.00-27.00  sec  53.9 MBytes   452 Mbits/sec  47970  
[  5]  27.00-28.00  sec  52.3 MBytes   439 Mbits/sec  46530  
[  5]  28.00-29.00  sec  54.1 MBytes   454 Mbits/sec  48200  
[  5]  29.00-30.00  sec  71.7 MBytes   601 Mbits/sec  63780  
[  5]  30.00-31.00  sec  71.2 MBytes   597 Mbits/sec  63390  
[  5]  31.00-32.00  sec  72.9 MBytes   612 Mbits/sec  64890  
[  5]  32.00-33.00  sec  74.0 MBytes   621 Mbits/sec  65860  
[  5]  33.00-34.00  sec  73.0 MBytes   613 Mbits/sec  64990  
[  5]  34.00-35.00  sec  74.2 MBytes   622 Mbits/sec  66050  
[  5]  35.00-36.00  sec  74.2 MBytes   622 Mbits/sec  66020  
[  5]  36.00-37.00  sec  73.8 MBytes   619 Mbits/sec  65700  
[  5]  37.00-38.00  sec  70.7 MBytes   593 Mbits/sec  62960  
[  5]  38.00-39.00  sec  72.3 MBytes   607 Mbits/sec  64370  
[  5]  39.00-40.00  sec  73.6 MBytes   617 Mbits/sec  65520  
[  5]  40.00-41.00  sec  74.5 MBytes   625 Mbits/sec  66320  
[  5]  41.00-42.00  sec  72.6 MBytes   609 Mbits/sec  64600  
[  5]  42.00-43.00  sec  73.3 MBytes   615 Mbits/sec  65240  
[  5]  43.00-44.00  sec  71.8 MBytes   602 Mbits/sec  63870  
[  5]  44.00-45.00  sec  73.2 MBytes   614 Mbits/sec  65150  
[  5]  45.00-46.00  sec  73.5 MBytes   617 Mbits/sec  65420  
[  5]  46.00-47.00  sec  74.3 MBytes   623 Mbits/sec  66100  
[  5]  47.00-48.00  sec  72.4 MBytes   608 Mbits/sec  64470  
[  5]  48.00-49.00  sec  74.1 MBytes   622 Mbits/sec  65960  
[  5]  49.00-50.00  sec  68.8 MBytes   577 Mbits/sec  61260  
[  5]  50.00-51.00  sec  74.2 MBytes   623 Mbits/sec  66070  
[  5]  51.00-52.00  sec  74.2 MBytes   622 Mbits/sec  66050  
[  5]  52.00-53.00  sec  74.1 MBytes   621 Mbits/sec  65940  
[  5]  53.00-54.00  sec  74.0 MBytes   620 Mbits/sec  65840  
[  5]  54.00-55.00  sec  70.9 MBytes   595 Mbits/sec  63140  
[  5]  55.00-56.00  sec  62.8 MBytes   527 Mbits/sec  55890  
[  5]  56.00-57.00  sec  69.4 MBytes   582 Mbits/sec  61750  
[  5]  57.00-58.00  sec  69.6 MBytes   584 Mbits/sec  61950  
[  5]  58.00-59.00  sec  71.6 MBytes   601 Mbits/sec  63770  
[  5]  59.00-60.00  sec  69.8 MBytes   586 Mbits/sec  62130  
- - - - - - - - - - - - - - - - - - - - - - - - -
[ ID] Interval           Transfer     Bitrate         Jitter    Lost/Total Datagrams
[  5]   0.00-60.00  sec  3.98 GBytes   570 Mbits/sec  0.000 ms  0/3626220 (0%)  sender
[  5]   0.00-60.15  sec  1.90 GBytes   272 Mbits/sec  0.041 ms  1927844/3626220 (53%)  receiver

iperf Done.
