Connecting to host knb-server-294691, port 5201
[  5] local 10.136.173.89 port 44020 connected to 10.43.16.126 port 5201
[ ID] Interval           Transfer     Bitrate         Total Datagrams
[  5]   0.00-1.00   sec  64.7 MBytes   543 Mbits/sec  57580  (omitted)
[  5]   0.00-1.00   sec  71.7 MBytes   601 Mbits/sec  63820  
[  5]   1.00-2.00   sec  72.5 MBytes   608 Mbits/sec  64540  
[  5]   2.00-3.00   sec  73.0 MBytes   612 Mbits/sec  64960  
[  5]   3.00-4.00   sec  70.6 MBytes   592 Mbits/sec  62820  
[  5]   4.00-5.00   sec  52.7 MBytes   442 Mbits/sec  46900  
[  5]   5.00-6.00   sec  69.9 MBytes   587 Mbits/sec  62240  
[  5]   6.00-7.00   sec  68.8 MBytes   577 Mbits/sec  61240  
[  5]   7.00-8.00   sec  71.0 MBytes   596 Mbits/sec  63190  
[  5]   8.00-9.00   sec  72.6 MBytes   609 Mbits/sec  64640  
[  5]   9.00-10.00  sec  73.5 MBytes   617 Mbits/sec  65450  
[  5]  10.00-11.00  sec  67.5 MBytes   566 Mbits/sec  60070  
[  5]  11.00-12.00  sec  68.3 MBytes   573 Mbits/sec  60820  
[  5]  12.00-13.00  sec  72.6 MBytes   609 Mbits/sec  64650  
[  5]  13.00-14.00  sec  68.9 MBytes   578 Mbits/sec  61360  
[  5]  14.00-15.00  sec  52.7 MBytes   442 Mbits/sec  46930  
[  5]  15.00-16.00  sec  62.8 MBytes   526 Mbits/sec  55860  
[  5]  16.00-17.00  sec  69.0 MBytes   579 Mbits/sec  61460  
[  5]  17.00-18.00  sec  74.2 MBytes   622 Mbits/sec  66010  
[  5]  18.00-19.00  sec  69.1 MBytes   580 Mbits/sec  61540  
[  5]  19.00-20.00  sec  72.8 MBytes   611 Mbits/sec  64840  
[  5]  20.00-21.00  sec  73.0 MBytes   612 Mbits/sec  64950  
[  5]  21.00-22.00  sec  71.4 MBytes   599 Mbits/sec  63530  
[  5]  22.00-23.00  sec  72.4 MBytes   607 Mbits/sec  64450  
[  5]  23.00-24.00  sec  72.3 MBytes   607 Mbits/sec  64400  
[  5]  24.00-25.00  sec  71.7 MBytes   601 Mbits/sec  63800  
[  5]  25.00-26.00  sec  68.7 MBytes   576 Mbits/sec  61110  
[  5]  26.00-27.00  sec  74.1 MBytes   622 Mbits/sec  66000  
[  5]  27.00-28.00  sec  73.9 MBytes   620 Mbits/sec  65790  
[  5]  28.00-29.00  sec  73.9 MBytes   620 Mbits/sec  65810  
[  5]  29.00-30.00  sec  74.0 MBytes   620 Mbits/sec  65840  
[  5]  30.00-31.00  sec  73.3 MBytes   615 Mbits/sec  65260  
[  5]  31.00-32.00  sec  71.8 MBytes   603 Mbits/sec  63940  
[  5]  32.00-33.00  sec  73.1 MBytes   613 Mbits/sec  65030  
[  5]  33.00-34.00  sec  73.2 MBytes   614 Mbits/sec  65170  
[  5]  34.00-35.00  sec  54.0 MBytes   453 Mbits/sec  48060  
[  5]  35.00-36.00  sec  69.7 MBytes   585 Mbits/sec  62070  
[  5]  36.00-37.00  sec  74.2 MBytes   622 Mbits/sec  66020  
[  5]  37.00-38.00  sec  73.1 MBytes   613 Mbits/sec  65060  
[  5]  38.00-39.00  sec  74.2 MBytes   622 Mbits/sec  66030  
[  5]  39.00-40.00  sec  73.8 MBytes   619 Mbits/sec  65650  
[  5]  40.00-41.00  sec  73.2 MBytes   614 Mbits/sec  65120  
[  5]  41.00-42.00  sec  72.4 MBytes   608 Mbits/sec  64470  
[  5]  42.00-43.00  sec  73.9 MBytes   620 Mbits/sec  65810  
[  5]  43.00-44.00  sec  73.3 MBytes   615 Mbits/sec  65260  
[  5]  44.00-45.00  sec  74.5 MBytes   625 Mbits/sec  66320  
[  5]  45.00-46.00  sec  72.1 MBytes   604 Mbits/sec  64140  
[  5]  46.00-47.00  sec  72.8 MBytes   611 Mbits/sec  64820  
[  5]  47.00-48.00  sec  71.8 MBytes   602 Mbits/sec  63910  
[  5]  48.00-49.00  sec  71.3 MBytes   598 Mbits/sec  63470  
[  5]  49.00-50.00  sec  72.2 MBytes   606 Mbits/sec  64260  
[  5]  50.00-51.00  sec  73.3 MBytes   615 Mbits/sec  65290  
[  5]  51.00-52.00  sec  68.9 MBytes   578 Mbits/sec  61290  
[  5]  52.00-53.00  sec  52.7 MBytes   442 Mbits/sec  46890  
[  5]  53.00-54.00  sec  75.0 MBytes   629 Mbits/sec  66750  
[  5]  54.00-55.00  sec  72.7 MBytes   609 Mbits/sec  64670  
[  5]  55.00-56.00  sec  73.1 MBytes   613 Mbits/sec  65090  
[  5]  56.00-57.00  sec  74.3 MBytes   623 Mbits/sec  66150  
[  5]  57.00-58.00  sec  75.1 MBytes   630 Mbits/sec  66840  
[  5]  58.00-59.00  sec  67.2 MBytes   564 Mbits/sec  59790  
[  5]  59.00-60.00  sec  72.4 MBytes   607 Mbits/sec  64420  
- - - - - - - - - - - - - - - - - - - - - - - - -
[ ID] Interval           Transfer     Bitrate         Jitter    Lost/Total Datagrams
[  5]   0.00-60.00  sec  4.14 GBytes   593 Mbits/sec  0.000 ms  0/3776070 (0%)  sender
[  5]   0.00-60.25  sec  1.56 GBytes   222 Mbits/sec  0.452 ms  2372506/3761261 (63%)  receiver

iperf Done.
