Connecting to host 10.136.80.132, port 5201
[  5] local 10.136.173.126 port 59720 connected to 10.136.80.132 port 5201
[ ID] Interval           Transfer     Bitrate         Total Datagrams
[  5]   0.00-1.00   sec  78.6 MBytes   660 Mbits/sec  70000  (omitted)
[  5]   0.00-1.00   sec  78.3 MBytes   657 Mbits/sec  69730  
[  5]   1.00-2.00   sec  80.5 MBytes   675 Mbits/sec  71650  
[  5]   2.00-3.00   sec  79.7 MBytes   669 Mbits/sec  70940  
[  5]   3.00-4.00   sec  79.8 MBytes   669 Mbits/sec  71010  
[  5]   4.00-5.00   sec  79.8 MBytes   669 Mbits/sec  71020  
[  5]   5.00-6.00   sec  79.1 MBytes   663 Mbits/sec  70370  
[  5]   6.00-7.00   sec  79.6 MBytes   668 Mbits/sec  70830  
[  5]   7.00-8.00   sec  78.7 MBytes   660 Mbits/sec  70060  
[  5]   8.00-9.00   sec  79.1 MBytes   664 Mbits/sec  70450  
[  5]   9.00-10.00  sec  79.5 MBytes   667 Mbits/sec  70740  
[  5]  10.00-11.00  sec  79.0 MBytes   663 Mbits/sec  70360  
[  5]  11.00-12.00  sec  79.7 MBytes   669 Mbits/sec  70950  
[  5]  12.00-13.00  sec  79.5 MBytes   667 Mbits/sec  70750  
[  5]  13.00-14.00  sec  79.7 MBytes   668 Mbits/sec  70920  
[  5]  14.00-15.00  sec  80.7 MBytes   677 Mbits/sec  71810  
[  5]  15.00-16.00  sec  79.0 MBytes   663 Mbits/sec  70320  
[  5]  16.00-17.00  sec  78.8 MBytes   661 Mbits/sec  70180  
[  5]  17.00-18.00  sec  79.9 MBytes   671 Mbits/sec  71150  
[  5]  18.00-19.00  sec  79.3 MBytes   665 Mbits/sec  70580  
[  5]  19.00-20.00  sec  75.4 MBytes   632 Mbits/sec  67110  
[  5]  20.00-21.00  sec  79.0 MBytes   663 Mbits/sec  70330  
[  5]  21.00-22.00  sec  79.5 MBytes   667 Mbits/sec  70730  
[  5]  22.00-23.00  sec  77.2 MBytes   648 Mbits/sec  68740  
[  5]  23.00-24.00  sec  77.2 MBytes   648 Mbits/sec  68730  
[  5]  24.00-25.00  sec  79.8 MBytes   670 Mbits/sec  71050  
[  5]  25.00-26.00  sec  79.8 MBytes   670 Mbits/sec  71060  
[  5]  26.00-27.00  sec  78.6 MBytes   659 Mbits/sec  69960  
[  5]  27.00-28.00  sec  78.7 MBytes   660 Mbits/sec  70050  
[  5]  28.00-29.00  sec  78.0 MBytes   654 Mbits/sec  69440  
[  5]  29.00-30.00  sec  79.5 MBytes   667 Mbits/sec  70770  
[  5]  30.00-31.00  sec  77.9 MBytes   654 Mbits/sec  69340  
[  5]  31.00-32.00  sec  78.6 MBytes   660 Mbits/sec  70000  
[  5]  32.00-33.00  sec  78.4 MBytes   658 Mbits/sec  69790  
[  5]  33.00-34.00  sec  78.3 MBytes   657 Mbits/sec  69720  
[  5]  34.00-35.00  sec  76.4 MBytes   641 Mbits/sec  68040  
[  5]  35.00-36.00  sec  81.9 MBytes   687 Mbits/sec  72860  
[  5]  36.00-37.00  sec  77.6 MBytes   651 Mbits/sec  69050  
[  5]  37.00-38.00  sec  78.4 MBytes   658 Mbits/sec  69820  
[  5]  38.00-39.00  sec  78.6 MBytes   659 Mbits/sec  69950  
[  5]  39.00-40.00  sec  77.2 MBytes   647 Mbits/sec  68680  
[  5]  40.00-41.00  sec  78.2 MBytes   656 Mbits/sec  69600  
[  5]  41.00-42.00  sec  78.4 MBytes   658 Mbits/sec  69800  
[  5]  42.00-43.00  sec  78.5 MBytes   659 Mbits/sec  69900  
[  5]  43.00-44.00  sec  78.3 MBytes   657 Mbits/sec  69720  
[  5]  44.00-45.00  sec  83.3 MBytes   699 Mbits/sec  74190  
[  5]  45.00-46.00  sec  82.8 MBytes   695 Mbits/sec  73700  
[  5]  46.00-47.00  sec  77.4 MBytes   650 Mbits/sec  68940  
[  5]  47.00-48.00  sec  77.4 MBytes   649 Mbits/sec  68880  
[  5]  48.00-49.00  sec  78.7 MBytes   660 Mbits/sec  70020  
[  5]  49.00-50.00  sec  79.6 MBytes   668 Mbits/sec  70850  
[  5]  50.00-51.00  sec  79.9 MBytes   670 Mbits/sec  71100  
[  5]  51.00-52.00  sec  79.4 MBytes   666 Mbits/sec  70660  
[  5]  52.00-53.00  sec  79.5 MBytes   667 Mbits/sec  70770  
[  5]  53.00-54.00  sec  79.8 MBytes   669 Mbits/sec  70990  
[  5]  54.00-55.00  sec  80.8 MBytes   678 Mbits/sec  71940  
[  5]  55.00-56.00  sec  79.9 MBytes   670 Mbits/sec  71090  
[  5]  56.00-57.00  sec  79.3 MBytes   665 Mbits/sec  70570  
[  5]  57.00-58.00  sec  79.0 MBytes   663 Mbits/sec  70340  
[  5]  58.00-59.00  sec  79.5 MBytes   667 Mbits/sec  70760  
[  5]  59.00-60.00  sec  79.6 MBytes   668 Mbits/sec  70870  
- - - - - - - - - - - - - - - - - - - - - - - - -
[ ID] Interval           Transfer     Bitrate         Jitter    Lost/Total Datagrams
[  5]   0.00-60.00  sec  4.63 GBytes   663 Mbits/sec  0.000 ms  0/4223730 (0%)  sender
[  5]   0.00-61.40  sec   185 MBytes  25.3 Mbits/sec  0.025 ms  4126186/4223048 (98%)  receiver

iperf Done.
