Connecting to host knb-server-4125723, port 5201
[  5] local 10.136.173.86 port 46178 connected to 10.43.106.213 port 5201
[ ID] Interval           Transfer     Bitrate         Total Datagrams
[  5]   0.00-1.00   sec  69.0 MBytes   578 Mbits/sec  61380  (omitted)
[  5]   0.00-1.00   sec  56.8 MBytes   476 Mbits/sec  50560  
[  5]   1.00-2.00   sec  54.0 MBytes   453 Mbits/sec  48050  
[  5]   2.00-3.00   sec  64.3 MBytes   539 Mbits/sec  57240  
[  5]   3.00-4.00   sec  75.5 MBytes   633 Mbits/sec  67190  
[  5]   4.00-5.00   sec  73.4 MBytes   616 Mbits/sec  65370  
[  5]   5.00-6.00   sec  71.8 MBytes   602 Mbits/sec  63910  
[  5]   6.00-7.00   sec  73.4 MBytes   616 Mbits/sec  65370  
[  5]   7.00-8.00   sec  73.3 MBytes   615 Mbits/sec  65260  
[  5]   8.00-9.00   sec  73.2 MBytes   614 Mbits/sec  65200  
[  5]   9.00-10.00  sec  73.0 MBytes   612 Mbits/sec  64970  
[  5]  10.00-11.00  sec  73.6 MBytes   618 Mbits/sec  65530  
[  5]  11.00-12.00  sec  73.6 MBytes   617 Mbits/sec  65520  
[  5]  12.00-13.00  sec  74.6 MBytes   625 Mbits/sec  66370  
[  5]  13.00-14.00  sec  66.6 MBytes   558 Mbits/sec  59260  
[  5]  14.00-15.00  sec  60.7 MBytes   509 Mbits/sec  54050  
[  5]  15.00-16.00  sec  69.8 MBytes   586 Mbits/sec  62130  
[  5]  16.00-17.00  sec  73.9 MBytes   620 Mbits/sec  65750  
[  5]  17.00-18.00  sec  72.0 MBytes   604 Mbits/sec  64120  
[  5]  18.00-19.00  sec  78.0 MBytes   655 Mbits/sec  69470  
[  5]  19.00-20.00  sec  73.3 MBytes   615 Mbits/sec  65240  
[  5]  20.00-21.00  sec  74.7 MBytes   627 Mbits/sec  66520  
[  5]  21.00-22.00  sec  65.1 MBytes   546 Mbits/sec  57970  
[  5]  22.00-23.00  sec  60.8 MBytes   510 Mbits/sec  54160  
[  5]  23.00-24.00  sec  73.0 MBytes   612 Mbits/sec  64950  
[  5]  24.00-25.00  sec  74.4 MBytes   624 Mbits/sec  66230  
[  5]  25.00-26.00  sec  65.7 MBytes   551 Mbits/sec  58500  
[  5]  26.00-27.00  sec  72.1 MBytes   605 Mbits/sec  64220  
[  5]  27.00-28.00  sec  73.6 MBytes   618 Mbits/sec  65540  
[  5]  28.00-29.00  sec  72.7 MBytes   609 Mbits/sec  64670  
[  5]  29.00-30.00  sec  66.0 MBytes   554 Mbits/sec  58740  
[  5]  30.00-31.00  sec  73.6 MBytes   618 Mbits/sec  65550  
[  5]  31.00-32.00  sec  72.9 MBytes   612 Mbits/sec  64910  
[  5]  32.00-33.00  sec  73.3 MBytes   615 Mbits/sec  65220  
[  5]  33.00-34.00  sec  70.5 MBytes   592 Mbits/sec  62780  
[  5]  34.00-35.00  sec  71.8 MBytes   602 Mbits/sec  63890  
[  5]  35.00-36.00  sec  69.3 MBytes   582 Mbits/sec  61710  
[  5]  36.00-37.00  sec  73.2 MBytes   614 Mbits/sec  65150  
[  5]  37.00-38.00  sec  73.2 MBytes   614 Mbits/sec  65190  
[  5]  38.00-39.00  sec  73.8 MBytes   619 Mbits/sec  65660  
[  5]  39.00-40.00  sec  73.2 MBytes   614 Mbits/sec  65120  
[  5]  40.00-41.00  sec  73.6 MBytes   617 Mbits/sec  65490  
[  5]  41.00-42.00  sec  73.6 MBytes   617 Mbits/sec  65510  
[  5]  42.00-43.00  sec  74.3 MBytes   623 Mbits/sec  66130  
[  5]  43.00-44.00  sec  73.4 MBytes   616 Mbits/sec  65370  
[  5]  44.00-45.00  sec  74.3 MBytes   623 Mbits/sec  66100  
[  5]  45.00-46.00  sec  74.4 MBytes   625 Mbits/sec  66270  
[  5]  46.00-47.00  sec  73.9 MBytes   620 Mbits/sec  65820  
[  5]  47.00-48.00  sec  73.8 MBytes   619 Mbits/sec  65670  
[  5]  48.00-49.00  sec  75.7 MBytes   635 Mbits/sec  67390  
[  5]  49.00-50.00  sec  66.9 MBytes   561 Mbits/sec  59550  
[  5]  50.00-51.00  sec  62.9 MBytes   528 Mbits/sec  55990  
[  5]  51.00-52.00  sec  55.0 MBytes   461 Mbits/sec  48940  
[  5]  52.00-53.00  sec  55.6 MBytes   466 Mbits/sec  49490  
[  5]  53.00-54.00  sec  55.4 MBytes   465 Mbits/sec  49300  
[  5]  54.00-55.00  sec  54.1 MBytes   454 Mbits/sec  48170  
[  5]  55.00-56.00  sec  65.8 MBytes   552 Mbits/sec  58590  
[  5]  56.00-57.00  sec  73.2 MBytes   614 Mbits/sec  65130  
[  5]  57.00-58.00  sec  72.4 MBytes   607 Mbits/sec  64460  
[  5]  58.00-59.00  sec  73.3 MBytes   615 Mbits/sec  65230  
[  5]  59.00-60.00  sec  67.5 MBytes   567 Mbits/sec  60110  
- - - - - - - - - - - - - - - - - - - - - - - - -
[ ID] Interval           Transfer     Bitrate         Jitter    Lost/Total Datagrams
[  5]   0.00-60.00  sec  4.10 GBytes   587 Mbits/sec  0.000 ms  0/3735950 (0%)  sender
[  5]   0.00-60.06  sec  1.31 GBytes   188 Mbits/sec  0.009 ms  2585866/3735950 (69%)  receiver

iperf Done.
