Connecting to host knb-server-810015, port 5201
[  5] local 10.136.173.73 port 59405 connected to 10.43.240.103 port 5201
[ ID] Interval           Transfer     Bitrate         Total Datagrams
[  5]   0.00-1.00   sec  35.5 MBytes   298 Mbits/sec  31620  (omitted)
[  5]   0.00-1.00   sec  56.6 MBytes   475 Mbits/sec  50410  
[  5]   1.00-2.00   sec  59.3 MBytes   497 Mbits/sec  52780  
[  5]   2.00-3.00   sec  54.9 MBytes   460 Mbits/sec  48830  
[  5]   3.00-4.00   sec  61.3 MBytes   514 Mbits/sec  54590  
[  5]   4.00-5.00   sec  57.6 MBytes   484 Mbits/sec  51310  
[  5]   5.00-6.00   sec  54.5 MBytes   457 Mbits/sec  48480  
[  5]   6.00-7.00   sec  63.4 MBytes   532 Mbits/sec  56420  
[  5]   7.00-8.00   sec  57.1 MBytes   479 Mbits/sec  50840  
[  5]   8.00-9.00   sec  55.8 MBytes   468 Mbits/sec  49640  
[  5]   9.00-10.00  sec  53.3 MBytes   447 Mbits/sec  47430  
[  5]  10.00-11.00  sec  52.5 MBytes   440 Mbits/sec  46710  
[  5]  11.00-12.00  sec  53.1 MBytes   446 Mbits/sec  47310  
[  5]  12.00-13.00  sec  60.2 MBytes   505 Mbits/sec  53610  
[  5]  13.00-14.00  sec  54.7 MBytes   459 Mbits/sec  48670  
[  5]  14.00-15.00  sec  56.4 MBytes   473 Mbits/sec  50180  
[  5]  15.00-16.00  sec  55.5 MBytes   466 Mbits/sec  49400  
[  5]  16.00-17.00  sec  59.1 MBytes   496 Mbits/sec  52600  
[  5]  17.00-18.00  sec  56.8 MBytes   477 Mbits/sec  50580  
[  5]  18.00-19.00  sec  61.2 MBytes   514 Mbits/sec  54520  
[  5]  19.00-20.00  sec  59.3 MBytes   497 Mbits/sec  52780  
[  5]  20.00-21.00  sec  54.6 MBytes   458 Mbits/sec  48580  
[  5]  21.00-22.00  sec  54.1 MBytes   454 Mbits/sec  48140  
[  5]  22.00-23.00  sec  59.4 MBytes   499 Mbits/sec  52900  
[  5]  23.00-24.00  sec  59.2 MBytes   496 Mbits/sec  52660  
[  5]  24.00-25.00  sec  53.4 MBytes   448 Mbits/sec  47540  
[  5]  25.00-26.00  sec  58.2 MBytes   488 Mbits/sec  51800  
[  5]  26.00-27.00  sec  57.1 MBytes   479 Mbits/sec  50830  
[  5]  27.00-28.00  sec  56.3 MBytes   472 Mbits/sec  50100  
[  5]  28.00-29.00  sec  58.4 MBytes   490 Mbits/sec  51970  
[  5]  29.00-30.00  sec  53.7 MBytes   450 Mbits/sec  47790  
[  5]  30.00-31.00  sec  59.0 MBytes   495 Mbits/sec  52540  
[  5]  31.00-32.00  sec  54.6 MBytes   458 Mbits/sec  48580  
[  5]  32.00-33.00  sec  55.4 MBytes   465 Mbits/sec  49290  
[  5]  33.00-34.00  sec  55.5 MBytes   465 Mbits/sec  49370  
[  5]  34.00-35.00  sec  57.4 MBytes   482 Mbits/sec  51130  
[  5]  35.00-36.00  sec  56.7 MBytes   476 Mbits/sec  50480  
[  5]  36.00-37.00  sec  57.0 MBytes   478 Mbits/sec  50710  
[  5]  37.00-38.00  sec  54.3 MBytes   456 Mbits/sec  48360  
[  5]  38.00-39.00  sec  56.9 MBytes   478 Mbits/sec  50670  
[  5]  39.00-40.00  sec  54.2 MBytes   455 Mbits/sec  48280  
[  5]  40.00-41.00  sec  59.3 MBytes   497 Mbits/sec  52770  
[  5]  41.00-42.00  sec  55.0 MBytes   461 Mbits/sec  48970  
[  5]  42.00-43.00  sec  57.3 MBytes   481 Mbits/sec  50990  
[  5]  43.00-44.00  sec  56.2 MBytes   471 Mbits/sec  50000  
[  5]  44.00-45.00  sec  57.5 MBytes   483 Mbits/sec  51210  
[  5]  45.00-46.00  sec  59.8 MBytes   502 Mbits/sec  53230  
[  5]  46.00-47.00  sec  57.4 MBytes   482 Mbits/sec  51130  
[  5]  47.00-48.00  sec  58.7 MBytes   493 Mbits/sec  52290  
[  5]  48.00-49.00  sec  59.0 MBytes   495 Mbits/sec  52520  
[  5]  49.00-50.00  sec  56.0 MBytes   469 Mbits/sec  49810  
[  5]  50.00-51.00  sec  55.8 MBytes   468 Mbits/sec  49660  
[  5]  51.00-52.00  sec  56.1 MBytes   471 Mbits/sec  49930  
[  5]  52.00-53.00  sec  57.2 MBytes   480 Mbits/sec  50890  
[  5]  53.00-54.00  sec  52.2 MBytes   438 Mbits/sec  46480  
[  5]  54.00-55.00  sec  54.7 MBytes   459 Mbits/sec  48720  
[  5]  55.00-56.00  sec  57.4 MBytes   481 Mbits/sec  51060  
[  5]  56.00-57.00  sec  56.0 MBytes   469 Mbits/sec  49820  
[  5]  57.00-58.00  sec  51.4 MBytes   431 Mbits/sec  45740  
[  5]  58.00-59.00  sec  56.3 MBytes   472 Mbits/sec  50120  
[  5]  59.00-60.00  sec  57.5 MBytes   482 Mbits/sec  51180  
- - - - - - - - - - - - - - - - - - - - - - - - -
[ ID] Interval           Transfer     Bitrate         Jitter    Lost/Total Datagrams
[  5]   0.00-60.00  sec  3.32 GBytes   475 Mbits/sec  0.000 ms  0/3025330 (0%)  sender
[  5]   0.00-61.28  sec   160 MBytes  21.9 Mbits/sec  0.022 ms  2898008/3009265 (96%)  receiver

iperf Done.
