Connecting to host 10.136.80.141, port 5201
[  5] local 10.136.173.71 port 53964 connected to 10.136.80.141 port 5201
[ ID] Interval           Transfer     Bitrate         Total Datagrams
[  5]   0.00-1.00   sec  55.6 MBytes   467 Mbits/sec  49520  (omitted)
[  5]   0.00-1.00   sec  57.9 MBytes   486 Mbits/sec  51550  
[  5]   1.00-2.00   sec  58.1 MBytes   488 Mbits/sec  51740  
[  5]   2.00-3.00   sec  56.8 MBytes   477 Mbits/sec  50600  
[  5]   3.00-4.00   sec  57.4 MBytes   481 Mbits/sec  51070  
[  5]   4.00-5.00   sec  60.2 MBytes   505 Mbits/sec  53620  
[  5]   5.00-6.00   sec  57.0 MBytes   478 Mbits/sec  50750  
[  5]   6.00-7.00   sec  57.9 MBytes   486 Mbits/sec  51550  
[  5]   7.00-8.00   sec  55.0 MBytes   461 Mbits/sec  48940  
[  5]   8.00-9.00   sec  56.6 MBytes   475 Mbits/sec  50400  
[  5]   9.00-10.00  sec  62.7 MBytes   526 Mbits/sec  55830  
[  5]  10.00-11.00  sec  63.2 MBytes   530 Mbits/sec  56270  
[  5]  11.00-12.00  sec  60.7 MBytes   509 Mbits/sec  54000  
[  5]  12.00-13.00  sec  55.0 MBytes   461 Mbits/sec  48930  
[  5]  13.00-14.00  sec  59.4 MBytes   499 Mbits/sec  52910  
[  5]  14.00-15.00  sec  60.2 MBytes   505 Mbits/sec  53620  
[  5]  15.00-16.00  sec  63.1 MBytes   529 Mbits/sec  56160  
[  5]  16.00-17.00  sec  63.3 MBytes   531 Mbits/sec  56340  
[  5]  17.00-18.00  sec  57.1 MBytes   479 Mbits/sec  50800  
[  5]  18.00-19.00  sec  60.4 MBytes   507 Mbits/sec  53770  
[  5]  19.00-20.00  sec  61.7 MBytes   518 Mbits/sec  54940  
[  5]  20.00-21.00  sec  59.8 MBytes   502 Mbits/sec  53230  
[  5]  21.00-22.00  sec  55.8 MBytes   468 Mbits/sec  49630  
[  5]  22.00-23.00  sec  62.4 MBytes   523 Mbits/sec  55520  
[  5]  23.00-24.00  sec  56.5 MBytes   474 Mbits/sec  50270  
[  5]  24.00-25.00  sec  56.6 MBytes   475 Mbits/sec  50380  
[  5]  25.00-26.00  sec  56.8 MBytes   477 Mbits/sec  50570  
[  5]  26.00-27.00  sec  59.1 MBytes   496 Mbits/sec  52600  
[  5]  27.00-28.00  sec  55.9 MBytes   469 Mbits/sec  49760  
[  5]  28.00-29.00  sec  59.0 MBytes   495 Mbits/sec  52530  
[  5]  29.00-30.00  sec  54.7 MBytes   459 Mbits/sec  48680  
[  5]  30.00-31.00  sec  59.6 MBytes   500 Mbits/sec  53050  
[  5]  31.00-32.00  sec  55.5 MBytes   465 Mbits/sec  49380  
[  5]  32.00-33.00  sec  55.4 MBytes   465 Mbits/sec  49290  
[  5]  33.00-34.00  sec  56.1 MBytes   471 Mbits/sec  49950  
[  5]  34.00-35.00  sec  55.3 MBytes   464 Mbits/sec  49260  
[  5]  35.00-36.00  sec  56.1 MBytes   471 Mbits/sec  49950  
[  5]  36.00-37.00  sec  54.4 MBytes   456 Mbits/sec  48410  
[  5]  37.00-38.00  sec  55.7 MBytes   467 Mbits/sec  49580  
[  5]  38.00-39.00  sec  57.9 MBytes   486 Mbits/sec  51570  
[  5]  39.00-40.00  sec  57.6 MBytes   483 Mbits/sec  51310  
[  5]  40.00-41.00  sec  54.6 MBytes   458 Mbits/sec  48570  
[  5]  41.00-42.00  sec  57.5 MBytes   482 Mbits/sec  51150  
[  5]  42.00-43.00  sec  57.0 MBytes   478 Mbits/sec  50720  
[  5]  43.00-44.00  sec  57.0 MBytes   478 Mbits/sec  50710  
[  5]  44.00-45.00  sec  57.3 MBytes   481 Mbits/sec  51040  
[  5]  45.00-46.00  sec  60.8 MBytes   510 Mbits/sec  54150  
[  5]  46.00-47.00  sec  62.9 MBytes   527 Mbits/sec  55950  
[  5]  47.00-48.00  sec  57.7 MBytes   484 Mbits/sec  51330  
[  5]  48.00-49.00  sec  58.1 MBytes   488 Mbits/sec  51750  
[  5]  49.00-50.00  sec  55.3 MBytes   464 Mbits/sec  49240  
[  5]  50.00-51.00  sec  57.6 MBytes   483 Mbits/sec  51280  
[  5]  51.00-52.00  sec  60.4 MBytes   506 Mbits/sec  53720  
[  5]  52.00-53.00  sec  53.0 MBytes   445 Mbits/sec  47180  
[  5]  53.00-54.00  sec  60.9 MBytes   511 Mbits/sec  54250  
[  5]  54.00-55.00  sec  57.4 MBytes   482 Mbits/sec  51120  
[  5]  55.00-56.00  sec  58.2 MBytes   488 Mbits/sec  51810  
[  5]  56.00-57.00  sec  58.3 MBytes   489 Mbits/sec  51910  
[  5]  57.00-58.00  sec  57.0 MBytes   478 Mbits/sec  50730  
[  5]  58.00-59.00  sec  53.7 MBytes   451 Mbits/sec  47830  
[  5]  59.00-60.00  sec  58.5 MBytes   490 Mbits/sec  52030  
- - - - - - - - - - - - - - - - - - - - - - - - -
[ ID] Interval           Transfer     Bitrate         Jitter    Lost/Total Datagrams
[  5]   0.00-60.00  sec  3.40 GBytes   486 Mbits/sec  0.000 ms  0/3095180 (0%)  sender
[  5]   0.00-61.34  sec   187 MBytes  25.5 Mbits/sec  0.028 ms  2963435/3081677 (96%)  receiver

iperf Done.
