Connecting to host 10.136.80.168, port 5201
[  5] local 10.136.173.109 port 55754 connected to 10.136.80.168 port 5201
[ ID] Interval           Transfer     Bitrate         Total Datagrams
[  5]   0.00-1.00   sec  77.9 MBytes   653 Mbits/sec  69310  (omitted)
[  5]   0.00-1.00   sec  78.5 MBytes   658 Mbits/sec  69850  
[  5]   1.00-2.00   sec  79.2 MBytes   664 Mbits/sec  70460  
[  5]   2.00-3.00   sec  79.5 MBytes   667 Mbits/sec  70780  
[  5]   3.00-4.00   sec  79.2 MBytes   664 Mbits/sec  70480  
[  5]   4.00-5.00   sec  78.2 MBytes   656 Mbits/sec  69620  
[  5]   5.00-6.00   sec  79.8 MBytes   670 Mbits/sec  71060  
[  5]   6.00-7.00   sec  78.5 MBytes   659 Mbits/sec  69900  
[  5]   7.00-8.00   sec  73.9 MBytes   620 Mbits/sec  65820  
[  5]   8.00-9.00   sec  72.4 MBytes   608 Mbits/sec  64490  
[  5]   9.00-10.00  sec  80.1 MBytes   672 Mbits/sec  71330  
[  5]  10.00-11.00  sec  78.8 MBytes   661 Mbits/sec  70120  
[  5]  11.00-12.00  sec  79.2 MBytes   664 Mbits/sec  70480  
[  5]  12.00-13.00  sec  78.7 MBytes   660 Mbits/sec  70010  
[  5]  13.00-14.00  sec  79.2 MBytes   665 Mbits/sec  70520  
[  5]  14.00-15.00  sec  78.7 MBytes   660 Mbits/sec  70080  
[  5]  15.00-16.00  sec  78.7 MBytes   660 Mbits/sec  70070  
[  5]  16.00-17.00  sec  77.9 MBytes   654 Mbits/sec  69360  
[  5]  17.00-18.00  sec  77.4 MBytes   649 Mbits/sec  68920  
[  5]  18.00-19.00  sec  78.8 MBytes   661 Mbits/sec  70160  
[  5]  19.00-20.00  sec  78.6 MBytes   659 Mbits/sec  69930  
[  5]  20.00-21.00  sec  78.1 MBytes   655 Mbits/sec  69540  
[  5]  21.00-22.00  sec  79.1 MBytes   664 Mbits/sec  70450  
[  5]  22.00-23.00  sec  78.8 MBytes   661 Mbits/sec  70160  
[  5]  23.00-24.00  sec  78.7 MBytes   660 Mbits/sec  70060  
[  5]  24.00-25.00  sec  79.4 MBytes   666 Mbits/sec  70660  
[  5]  25.00-26.00  sec  79.8 MBytes   669 Mbits/sec  70990  
[  5]  26.00-27.00  sec  78.1 MBytes   655 Mbits/sec  69480  
[  5]  27.00-28.00  sec  78.9 MBytes   662 Mbits/sec  70240  
[  5]  28.00-29.00  sec  79.8 MBytes   669 Mbits/sec  71020  
[  5]  29.00-30.00  sec  79.0 MBytes   663 Mbits/sec  70330  
[  5]  30.00-31.00  sec  79.2 MBytes   664 Mbits/sec  70490  
[  5]  31.00-32.00  sec  79.5 MBytes   667 Mbits/sec  70770  
[  5]  32.00-33.00  sec  79.6 MBytes   668 Mbits/sec  70860  
[  5]  33.00-34.00  sec  80.0 MBytes   671 Mbits/sec  71190  
[  5]  34.00-35.00  sec  78.4 MBytes   658 Mbits/sec  69830  
[  5]  35.00-36.00  sec  79.4 MBytes   666 Mbits/sec  70690  
[  5]  36.00-37.00  sec  78.6 MBytes   659 Mbits/sec  69930  
[  5]  37.00-38.00  sec  78.1 MBytes   655 Mbits/sec  69520  
[  5]  38.00-39.00  sec  78.3 MBytes   657 Mbits/sec  69700  
[  5]  39.00-40.00  sec  78.1 MBytes   655 Mbits/sec  69490  
[  5]  40.00-41.00  sec  79.3 MBytes   665 Mbits/sec  70560  
[  5]  41.00-42.00  sec  78.9 MBytes   662 Mbits/sec  70230  
[  5]  42.00-43.00  sec  79.1 MBytes   664 Mbits/sec  70410  
[  5]  43.00-44.00  sec  78.7 MBytes   660 Mbits/sec  70060  
[  5]  44.00-45.00  sec  78.4 MBytes   658 Mbits/sec  69770  
[  5]  45.00-46.00  sec  78.5 MBytes   659 Mbits/sec  69880  
[  5]  46.00-47.00  sec  78.1 MBytes   655 Mbits/sec  69490  
[  5]  47.00-48.00  sec  78.0 MBytes   654 Mbits/sec  69440  
[  5]  48.00-49.00  sec  78.7 MBytes   660 Mbits/sec  70030  
[  5]  49.00-50.00  sec  78.9 MBytes   662 Mbits/sec  70250  
[  5]  50.00-51.00  sec  79.0 MBytes   662 Mbits/sec  70300  
[  5]  51.00-52.00  sec  79.3 MBytes   665 Mbits/sec  70600  
[  5]  52.00-53.00  sec  79.0 MBytes   662 Mbits/sec  70290  
[  5]  53.00-54.00  sec  79.1 MBytes   664 Mbits/sec  70450  
[  5]  54.00-55.00  sec  79.9 MBytes   670 Mbits/sec  71090  
[  5]  55.00-56.00  sec  78.6 MBytes   659 Mbits/sec  69940  
[  5]  56.00-57.00  sec  77.0 MBytes   646 Mbits/sec  68570  
[  5]  57.00-58.00  sec  78.2 MBytes   656 Mbits/sec  69610  
[  5]  58.00-59.00  sec  79.0 MBytes   662 Mbits/sec  70280  
[  5]  59.00-60.00  sec  77.7 MBytes   651 Mbits/sec  69120  
- - - - - - - - - - - - - - - - - - - - - - - - -
[ ID] Interval           Transfer     Bitrate         Jitter    Lost/Total Datagrams
[  5]   0.00-60.00  sec  4.61 GBytes   660 Mbits/sec  0.000 ms  0/4199210 (0%)  sender
[  5]   0.00-60.04  sec  4.56 GBytes   653 Mbits/sec  0.017 ms  44115/4199206 (1.1%)  receiver

iperf Done.
