Connecting to host knb-server-424661, port 5201
[  5] local 10.136.173.112 port 50338 connected to 10.43.67.7 port 5201
[ ID] Interval           Transfer     Bitrate         Retr  Cwnd
[  5]   0.00-1.00   sec  18.7 MBytes   157 Mbits/sec   76   66.7 KBytes       (omitted)
[  5]   0.00-1.00   sec  19.6 MBytes   165 Mbits/sec   62   67.9 KBytes       
[  5]   1.00-2.00   sec  18.5 MBytes   155 Mbits/sec   53   54.1 KBytes       
[  5]   2.00-3.00   sec  19.0 MBytes   159 Mbits/sec   43   82.8 KBytes       
[  5]   3.00-4.00   sec  19.5 MBytes   164 Mbits/sec   78   84.0 KBytes       
[  5]   4.00-5.00   sec  19.6 MBytes   164 Mbits/sec   42   64.4 KBytes       
[  5]   5.00-6.00   sec  19.3 MBytes   162 Mbits/sec   35   86.3 KBytes       
[  5]   6.00-7.00   sec  20.0 MBytes   167 Mbits/sec   80   58.7 KBytes       
[  5]   7.00-8.00   sec  18.7 MBytes   157 Mbits/sec   43   72.5 KBytes       
[  5]   8.00-9.00   sec  18.8 MBytes   158 Mbits/sec   45   55.2 KBytes       
[  5]   9.00-10.00  sec  19.3 MBytes   162 Mbits/sec   40   67.9 KBytes       
[  5]  10.00-11.00  sec  19.2 MBytes   161 Mbits/sec   41   71.3 KBytes       
[  5]  11.00-12.00  sec  19.6 MBytes   164 Mbits/sec   61   58.7 KBytes       
[  5]  12.00-13.00  sec  19.7 MBytes   165 Mbits/sec   59   75.9 KBytes       
[  5]  13.00-14.00  sec  19.3 MBytes   162 Mbits/sec   57   65.6 KBytes       
[  5]  14.00-15.00  sec  19.6 MBytes   165 Mbits/sec   35   97.8 KBytes       
[  5]  15.00-16.00  sec  19.7 MBytes   165 Mbits/sec   51   71.3 KBytes       
[  5]  16.00-17.00  sec  19.6 MBytes   165 Mbits/sec   23   63.3 KBytes       
[  5]  17.00-18.00  sec  20.1 MBytes   169 Mbits/sec   40   75.9 KBytes       
[  5]  18.00-19.00  sec  20.3 MBytes   171 Mbits/sec   68   84.0 KBytes       
[  5]  19.00-20.00  sec  19.6 MBytes   164 Mbits/sec   51   92.0 KBytes       
[  5]  20.00-21.00  sec  20.3 MBytes   171 Mbits/sec   48   62.1 KBytes       
[  5]  21.00-22.00  sec  19.5 MBytes   164 Mbits/sec   66   79.4 KBytes       
[  5]  22.00-23.00  sec  19.8 MBytes   166 Mbits/sec   62   51.8 KBytes       
[  5]  23.00-24.00  sec  19.5 MBytes   164 Mbits/sec   29   57.5 KBytes       
[  5]  24.00-25.00  sec  21.3 MBytes   179 Mbits/sec   27   96.6 KBytes       
[  5]  25.00-26.00  sec  19.8 MBytes   166 Mbits/sec   46   87.4 KBytes       
[  5]  26.00-27.00  sec  19.8 MBytes   166 Mbits/sec   76   65.6 KBytes       
[  5]  27.00-28.00  sec  19.8 MBytes   166 Mbits/sec   34   71.3 KBytes       
[  5]  28.00-29.00  sec  19.6 MBytes   165 Mbits/sec   26   94.3 KBytes       
[  5]  29.00-30.00  sec  19.8 MBytes   166 Mbits/sec   23   81.7 KBytes       
[  5]  30.00-31.00  sec  19.7 MBytes   165 Mbits/sec   35   58.7 KBytes       
[  5]  31.00-32.00  sec  19.3 MBytes   162 Mbits/sec   24   57.5 KBytes       
[  5]  32.00-33.00  sec  19.6 MBytes   164 Mbits/sec   24   67.9 KBytes       
[  5]  33.00-34.00  sec  20.3 MBytes   170 Mbits/sec   42    136 KBytes       
[  5]  34.00-35.00  sec  19.5 MBytes   164 Mbits/sec   84   79.4 KBytes       
[  5]  35.00-36.00  sec  18.4 MBytes   154 Mbits/sec   37    104 KBytes       
[  5]  36.00-37.00  sec  19.4 MBytes   163 Mbits/sec   56   82.8 KBytes       
[  5]  37.00-38.00  sec  15.9 MBytes   133 Mbits/sec   30   85.1 KBytes       
[  5]  38.00-39.00  sec  18.7 MBytes   157 Mbits/sec   16   70.2 KBytes       
[  5]  39.00-40.00  sec  19.9 MBytes   167 Mbits/sec   25    105 KBytes       
[  5]  40.00-41.00  sec  19.5 MBytes   163 Mbits/sec   82   59.8 KBytes       
[  5]  41.00-42.00  sec  19.2 MBytes   161 Mbits/sec   31   80.5 KBytes       
[  5]  42.00-43.00  sec  19.8 MBytes   166 Mbits/sec   38   49.5 KBytes       
[  5]  43.00-44.00  sec  19.8 MBytes   166 Mbits/sec   41   51.8 KBytes       
[  5]  44.00-45.00  sec  19.3 MBytes   162 Mbits/sec   25   89.7 KBytes       
[  5]  45.00-46.00  sec  20.4 MBytes   171 Mbits/sec   61   58.7 KBytes       
[  5]  46.00-47.00  sec  19.3 MBytes   162 Mbits/sec   63   73.6 KBytes       
[  5]  47.00-48.00  sec  20.1 MBytes   168 Mbits/sec   29   77.1 KBytes       
[  5]  48.00-49.00  sec  20.9 MBytes   175 Mbits/sec   68   62.1 KBytes       
[  5]  49.00-50.00  sec  19.6 MBytes   164 Mbits/sec   48   67.9 KBytes       
[  5]  50.00-51.00  sec  19.8 MBytes   166 Mbits/sec   43   88.6 KBytes       
[  5]  51.00-52.00  sec  19.1 MBytes   160 Mbits/sec   40   56.4 KBytes       
[  5]  52.00-53.00  sec  19.4 MBytes   163 Mbits/sec   37   74.8 KBytes       
[  5]  53.00-54.00  sec  20.0 MBytes   168 Mbits/sec   42    113 KBytes       
[  5]  54.00-55.00  sec  18.3 MBytes   153 Mbits/sec   44   86.3 KBytes       
[  5]  55.00-56.00  sec  19.5 MBytes   163 Mbits/sec   48   92.0 KBytes       
[  5]  56.00-57.00  sec  14.6 MBytes   123 Mbits/sec   35   73.6 KBytes       
[  5]  57.00-58.00  sec  19.8 MBytes   166 Mbits/sec   38   74.8 KBytes       
[  5]  58.00-59.00  sec  20.1 MBytes   168 Mbits/sec   37   69.0 KBytes       
[  5]  59.00-60.00  sec  19.5 MBytes   163 Mbits/sec   37   93.2 KBytes       
- - - - - - - - - - - - - - - - - - - - - - - - -
[ ID] Interval           Transfer     Bitrate         Retr
[  5]   0.00-60.00  sec  1.14 GBytes   163 Mbits/sec  2704             sender
[  5]   0.00-60.04  sec  1.14 GBytes   163 Mbits/sec                  receiver

iperf Done.
