Connecting to host 10.136.80.167, port 5201
[  5] local 10.136.173.111 port 38147 connected to 10.136.80.167 port 5201
[ ID] Interval           Transfer     Bitrate         Total Datagrams
[  5]   0.00-1.00   sec  43.1 MBytes   361 Mbits/sec  38340  (omitted)
[  5]   0.00-1.00   sec  53.7 MBytes   451 Mbits/sec  47840  
[  5]   1.00-2.00   sec  52.8 MBytes   443 Mbits/sec  47040  
[  5]   2.00-3.00   sec  50.2 MBytes   421 Mbits/sec  44690  
[  5]   3.00-4.00   sec  43.0 MBytes   361 Mbits/sec  38310  
[  5]   4.00-5.00   sec  54.1 MBytes   454 Mbits/sec  48150  
[  5]   5.00-6.00   sec  52.1 MBytes   437 Mbits/sec  46390  
[  5]   6.00-7.00   sec  52.7 MBytes   442 Mbits/sec  46940  
[  5]   7.00-8.00   sec  52.8 MBytes   443 Mbits/sec  47030  
[  5]   8.00-9.00   sec  53.6 MBytes   450 Mbits/sec  47750  
[  5]   9.00-10.00  sec  53.2 MBytes   446 Mbits/sec  47370  
[  5]  10.00-11.00  sec  52.4 MBytes   440 Mbits/sec  46640  
[  5]  11.00-12.00  sec  55.2 MBytes   463 Mbits/sec  49110  
[  5]  12.00-13.00  sec  56.8 MBytes   477 Mbits/sec  50600  
[  5]  13.00-14.00  sec  52.8 MBytes   443 Mbits/sec  47000  
[  5]  14.00-15.00  sec  51.1 MBytes   429 Mbits/sec  45510  
[  5]  15.00-16.00  sec  55.3 MBytes   464 Mbits/sec  49210  
[  5]  16.00-17.00  sec  53.9 MBytes   452 Mbits/sec  47970  
[  5]  17.00-18.00  sec  51.3 MBytes   430 Mbits/sec  45670  
[  5]  18.00-19.00  sec  56.6 MBytes   475 Mbits/sec  50370  
[  5]  19.00-20.00  sec  53.4 MBytes   448 Mbits/sec  47510  
[  5]  20.00-21.00  sec  55.1 MBytes   462 Mbits/sec  49040  
[  5]  21.00-22.00  sec  51.5 MBytes   432 Mbits/sec  45870  
[  5]  22.00-23.00  sec  55.4 MBytes   465 Mbits/sec  49280  
[  5]  23.00-24.00  sec  54.1 MBytes   453 Mbits/sec  48120  
[  5]  24.00-25.00  sec  55.4 MBytes   465 Mbits/sec  49310  
[  5]  25.00-26.00  sec  58.1 MBytes   487 Mbits/sec  51730  
[  5]  26.00-27.00  sec  50.4 MBytes   423 Mbits/sec  44850  
[  5]  27.00-28.00  sec  51.8 MBytes   435 Mbits/sec  46150  
[  5]  28.00-29.00  sec  55.0 MBytes   461 Mbits/sec  48950  
[  5]  29.00-30.00  sec  52.0 MBytes   436 Mbits/sec  46280  
[  5]  30.00-31.00  sec  54.2 MBytes   455 Mbits/sec  48280  
[  5]  31.00-32.00  sec  53.1 MBytes   445 Mbits/sec  47230  
[  5]  32.00-33.00  sec  51.9 MBytes   436 Mbits/sec  46230  
[  5]  33.00-34.00  sec  55.8 MBytes   468 Mbits/sec  49700  
[  5]  34.00-35.00  sec  50.8 MBytes   426 Mbits/sec  45200  
[  5]  35.00-36.00  sec  50.8 MBytes   426 Mbits/sec  45240  
[  5]  36.00-37.00  sec  56.1 MBytes   471 Mbits/sec  49960  
[  5]  37.00-38.00  sec  56.3 MBytes   472 Mbits/sec  50080  
[  5]  38.00-39.00  sec  51.9 MBytes   435 Mbits/sec  46170  
[  5]  39.00-40.00  sec  53.5 MBytes   449 Mbits/sec  47610  
[  5]  40.00-41.00  sec  55.6 MBytes   466 Mbits/sec  49500  
[  5]  41.00-42.00  sec  53.6 MBytes   449 Mbits/sec  47680  
[  5]  42.00-43.00  sec  52.4 MBytes   440 Mbits/sec  46660  
[  5]  43.00-44.00  sec  53.0 MBytes   445 Mbits/sec  47220  
[  5]  44.00-45.00  sec  54.8 MBytes   460 Mbits/sec  48820  
[  5]  45.00-46.00  sec  52.0 MBytes   436 Mbits/sec  46270  
[  5]  46.00-47.00  sec  53.3 MBytes   447 Mbits/sec  47430  
[  5]  47.00-48.00  sec  51.8 MBytes   435 Mbits/sec  46140  
[  5]  48.00-49.00  sec  54.7 MBytes   459 Mbits/sec  48670  
[  5]  49.00-50.00  sec  52.9 MBytes   444 Mbits/sec  47100  
[  5]  50.00-51.00  sec  37.3 MBytes   313 Mbits/sec  33160  
[  5]  51.00-52.00  sec  41.3 MBytes   347 Mbits/sec  36780  
[  5]  52.00-53.00  sec  51.2 MBytes   430 Mbits/sec  45590  
[  5]  53.00-54.00  sec  50.8 MBytes   426 Mbits/sec  45200  
[  5]  54.00-55.00  sec  53.8 MBytes   451 Mbits/sec  47850  
[  5]  55.00-56.00  sec  52.6 MBytes   442 Mbits/sec  46860  
[  5]  56.00-57.00  sec  50.5 MBytes   424 Mbits/sec  44990  
[  5]  57.00-58.00  sec  50.3 MBytes   422 Mbits/sec  44770  
[  5]  58.00-59.00  sec  48.7 MBytes   409 Mbits/sec  43390  
[  5]  59.00-60.00  sec  53.2 MBytes   447 Mbits/sec  47370  
- - - - - - - - - - - - - - - - - - - - - - - - -
[ ID] Interval           Transfer     Bitrate         Jitter    Lost/Total Datagrams
[  5]   0.00-60.00  sec  3.08 GBytes   441 Mbits/sec  0.000 ms  0/2807830 (0%)  sender
[  5]   0.00-60.24  sec  1.88 GBytes   268 Mbits/sec  0.008 ms  1108675/2807830 (39%)  receiver

iperf Done.
