Connecting to host 10.136.80.175, port 5201
[  5] local 10.136.173.76 port 49744 connected to 10.136.80.175 port 5201
[ ID] Interval           Transfer     Bitrate         Total Datagrams
[  5]   0.00-1.00   sec  83.7 MBytes   702 Mbits/sec  74490  (omitted)
[  5]   0.00-1.00   sec  84.9 MBytes   712 Mbits/sec  75540  
[  5]   1.00-2.00   sec  84.7 MBytes   711 Mbits/sec  75400  
[  5]   2.00-3.00   sec  84.3 MBytes   707 Mbits/sec  75060  
[  5]   3.00-4.00   sec  85.2 MBytes   714 Mbits/sec  75800  
[  5]   4.00-5.00   sec  84.4 MBytes   708 Mbits/sec  75110  
[  5]   5.00-6.00   sec  85.0 MBytes   713 Mbits/sec  75620  
[  5]   6.00-7.00   sec  83.9 MBytes   704 Mbits/sec  74710  
[  5]   7.00-8.00   sec  83.8 MBytes   703 Mbits/sec  74630  
[  5]   8.00-9.00   sec  83.9 MBytes   704 Mbits/sec  74670  
[  5]   9.00-10.00  sec  84.0 MBytes   705 Mbits/sec  74790  
[  5]  10.00-11.00  sec  84.1 MBytes   705 Mbits/sec  74830  
[  5]  11.00-12.00  sec  84.4 MBytes   708 Mbits/sec  75140  
[  5]  12.00-13.00  sec  84.8 MBytes   711 Mbits/sec  75470  
[  5]  13.00-14.00  sec  84.8 MBytes   711 Mbits/sec  75490  
[  5]  14.00-15.00  sec  84.0 MBytes   705 Mbits/sec  74810  
[  5]  15.00-16.00  sec  84.8 MBytes   711 Mbits/sec  75490  
[  5]  16.00-17.00  sec  84.4 MBytes   708 Mbits/sec  75110  
[  5]  17.00-18.00  sec  84.7 MBytes   711 Mbits/sec  75420  
[  5]  18.00-19.00  sec  83.7 MBytes   702 Mbits/sec  74510  
[  5]  19.00-20.00  sec  83.3 MBytes   699 Mbits/sec  74120  
[  5]  20.00-21.00  sec  83.6 MBytes   701 Mbits/sec  74410  
[  5]  21.00-22.00  sec  82.7 MBytes   694 Mbits/sec  73640  
[  5]  22.00-23.00  sec  84.3 MBytes   708 Mbits/sec  75070  
[  5]  23.00-24.00  sec  83.5 MBytes   700 Mbits/sec  74320  
[  5]  24.00-25.00  sec  83.0 MBytes   696 Mbits/sec  73880  
[  5]  25.00-26.00  sec  84.0 MBytes   705 Mbits/sec  74770  
[  5]  26.00-27.00  sec  83.6 MBytes   702 Mbits/sec  74450  
[  5]  27.00-28.00  sec  84.6 MBytes   710 Mbits/sec  75290  
[  5]  28.00-29.00  sec  82.7 MBytes   694 Mbits/sec  73600  
[  5]  29.00-30.00  sec  83.3 MBytes   699 Mbits/sec  74160  
[  5]  30.00-31.00  sec  84.4 MBytes   708 Mbits/sec  75160  
[  5]  31.00-32.00  sec  84.2 MBytes   706 Mbits/sec  74940  
[  5]  32.00-33.00  sec  85.0 MBytes   713 Mbits/sec  75700  
[  5]  33.00-34.00  sec  85.2 MBytes   715 Mbits/sec  75830  
[  5]  34.00-35.00  sec  84.0 MBytes   705 Mbits/sec  74800  
[  5]  35.00-36.00  sec  84.5 MBytes   709 Mbits/sec  75250  
[  5]  36.00-37.00  sec  84.4 MBytes   708 Mbits/sec  75150  
[  5]  37.00-38.00  sec  85.3 MBytes   715 Mbits/sec  75910  
[  5]  38.00-39.00  sec  83.9 MBytes   704 Mbits/sec  74680  
[  5]  39.00-40.00  sec  83.5 MBytes   701 Mbits/sec  74360  
[  5]  40.00-41.00  sec  84.8 MBytes   712 Mbits/sec  75500  
[  5]  41.00-42.00  sec  84.1 MBytes   705 Mbits/sec  74860  
[  5]  42.00-43.00  sec  84.2 MBytes   706 Mbits/sec  74940  
[  5]  43.00-44.00  sec  84.2 MBytes   706 Mbits/sec  74960  
[  5]  44.00-45.00  sec  85.0 MBytes   713 Mbits/sec  75620  
[  5]  45.00-46.00  sec  83.6 MBytes   701 Mbits/sec  74410  
[  5]  46.00-47.00  sec  83.3 MBytes   699 Mbits/sec  74170  
[  5]  47.00-48.00  sec  84.2 MBytes   707 Mbits/sec  74990  
[  5]  48.00-49.00  sec  82.9 MBytes   696 Mbits/sec  73800  
[  5]  49.00-50.00  sec  83.8 MBytes   703 Mbits/sec  74610  
[  5]  50.00-51.00  sec  84.8 MBytes   711 Mbits/sec  75470  
[  5]  51.00-52.00  sec  84.5 MBytes   709 Mbits/sec  75220  
[  5]  52.00-53.00  sec  84.9 MBytes   712 Mbits/sec  75600  
[  5]  53.00-54.00  sec  85.0 MBytes   713 Mbits/sec  75620  
[  5]  54.00-55.00  sec  84.3 MBytes   708 Mbits/sec  75070  
[  5]  55.00-56.00  sec  84.2 MBytes   706 Mbits/sec  74930  
[  5]  56.00-57.00  sec  83.4 MBytes   700 Mbits/sec  74270  
[  5]  57.00-58.00  sec  84.7 MBytes   710 Mbits/sec  75350  
[  5]  58.00-59.00  sec  83.5 MBytes   701 Mbits/sec  74340  
[  5]  59.00-60.00  sec  84.1 MBytes   706 Mbits/sec  74900  
- - - - - - - - - - - - - - - - - - - - - - - - -
[ ID] Interval           Transfer     Bitrate         Jitter    Lost/Total Datagrams
[  5]   0.00-60.00  sec  4.93 GBytes   706 Mbits/sec  0.000 ms  0/4495720 (0%)  sender
[  5]   0.00-60.97  sec   271 MBytes  37.2 Mbits/sec  0.019 ms  4313470/4482866 (96%)  receiver

iperf Done.
