Connecting to host knb-server-891282, port 5201
[  5] local 10.136.173.90 port 39574 connected to 10.43.181.215 port 5201
[ ID] Interval           Transfer     Bitrate         Total Datagrams
[  5]   0.00-1.05   sec  11.5 KBytes  0.09 Mbits/sec  10  (omitted)
[  5]   0.00-1.00   sec  75.2 MBytes   631 Mbits/sec  66950  
[  5]   1.00-2.00   sec  74.6 MBytes   626 Mbits/sec  66390  
[  5]   2.00-3.00   sec  74.6 MBytes   626 Mbits/sec  66430  
[  5]   3.00-4.00   sec  74.9 MBytes   628 Mbits/sec  66670  
[  5]   4.00-5.00   sec  74.6 MBytes   626 Mbits/sec  66390  
[  5]   5.00-6.00   sec  74.2 MBytes   622 Mbits/sec  66050  
[  5]   6.00-7.00   sec  73.0 MBytes   613 Mbits/sec  65010  
[  5]   7.00-8.00   sec  74.7 MBytes   626 Mbits/sec  66470  
[  5]   8.00-9.00   sec  74.6 MBytes   626 Mbits/sec  66380  
[  5]   9.00-10.00  sec  74.5 MBytes   625 Mbits/sec  66350  
[  5]  10.00-11.00  sec  73.5 MBytes   617 Mbits/sec  65420  
[  5]  11.00-12.00  sec  74.7 MBytes   626 Mbits/sec  66460  
[  5]  12.00-13.00  sec  74.5 MBytes   625 Mbits/sec  66350  
[  5]  13.00-14.00  sec  74.1 MBytes   621 Mbits/sec  65930  
[  5]  14.00-15.00  sec  74.0 MBytes   621 Mbits/sec  65850  
[  5]  15.00-16.00  sec  73.9 MBytes   620 Mbits/sec  65770  
[  5]  16.00-17.00  sec  71.2 MBytes   597 Mbits/sec  63370  
[  5]  17.00-18.00  sec  71.8 MBytes   602 Mbits/sec  63890  
[  5]  18.00-19.00  sec  64.2 MBytes   538 Mbits/sec  57110  
[  5]  19.00-20.00  sec  75.0 MBytes   629 Mbits/sec  66790  
[  5]  20.00-21.00  sec  73.9 MBytes   620 Mbits/sec  65790  
[  5]  21.00-22.00  sec  74.2 MBytes   622 Mbits/sec  66040  
[  5]  22.00-23.00  sec  74.3 MBytes   624 Mbits/sec  66170  
[  5]  23.00-24.00  sec  75.3 MBytes   631 Mbits/sec  67000  
[  5]  24.00-25.00  sec  74.5 MBytes   625 Mbits/sec  66310  
[  5]  25.00-26.00  sec  74.2 MBytes   622 Mbits/sec  66040  
[  5]  26.00-27.00  sec  73.4 MBytes   616 Mbits/sec  65380  
[  5]  27.00-28.00  sec  74.2 MBytes   623 Mbits/sec  66070  
[  5]  28.00-29.00  sec  73.8 MBytes   619 Mbits/sec  65710  
[  5]  29.00-30.00  sec  72.9 MBytes   612 Mbits/sec  64930  
[  5]  30.00-31.00  sec  72.8 MBytes   611 Mbits/sec  64840  
[  5]  31.00-32.00  sec  68.9 MBytes   578 Mbits/sec  61350  
[  5]  32.00-33.00  sec  73.4 MBytes   616 Mbits/sec  65380  
[  5]  33.00-34.00  sec  73.2 MBytes   614 Mbits/sec  65190  
[  5]  34.00-35.00  sec  72.8 MBytes   611 Mbits/sec  64780  
[  5]  35.00-36.00  sec  73.2 MBytes   614 Mbits/sec  65160  
[  5]  36.00-37.00  sec  65.5 MBytes   550 Mbits/sec  58330  
[  5]  37.00-38.00  sec  73.5 MBytes   616 Mbits/sec  65390  
[  5]  38.00-39.00  sec  73.7 MBytes   618 Mbits/sec  65600  
[  5]  39.00-40.00  sec  73.9 MBytes   620 Mbits/sec  65740  
[  5]  40.00-41.00  sec  72.1 MBytes   605 Mbits/sec  64170  
[  5]  41.00-42.00  sec  77.2 MBytes   647 Mbits/sec  68690  
[  5]  42.00-43.00  sec  84.6 MBytes   710 Mbits/sec  75300  
[  5]  43.00-44.00  sec  77.0 MBytes   646 Mbits/sec  68520  
[  5]  44.00-45.00  sec  74.3 MBytes   623 Mbits/sec  66130  
[  5]  45.00-46.00  sec  74.8 MBytes   628 Mbits/sec  66600  
[  5]  46.00-47.00  sec  73.3 MBytes   615 Mbits/sec  65270  
[  5]  47.00-48.00  sec  72.4 MBytes   607 Mbits/sec  64440  
[  5]  48.00-49.00  sec  72.5 MBytes   608 Mbits/sec  64530  
[  5]  49.00-50.00  sec  72.0 MBytes   604 Mbits/sec  64050  
[  5]  50.00-51.00  sec  72.3 MBytes   607 Mbits/sec  64390  
[  5]  51.00-52.00  sec  72.8 MBytes   610 Mbits/sec  64780  
[  5]  52.00-53.00  sec  54.9 MBytes   460 Mbits/sec  48850  
[  5]  53.00-54.00  sec  74.8 MBytes   627 Mbits/sec  66560  
[  5]  54.00-55.00  sec  74.3 MBytes   623 Mbits/sec  66160  
[  5]  55.00-56.00  sec  74.1 MBytes   622 Mbits/sec  65950  
[  5]  56.00-57.00  sec  72.0 MBytes   604 Mbits/sec  64100  
[  5]  57.00-58.00  sec  72.6 MBytes   609 Mbits/sec  64590  
[  5]  58.00-59.00  sec  71.4 MBytes   599 Mbits/sec  63560  
[  5]  59.00-59.95  sec  67.1 MBytes   593 Mbits/sec  59750  
- - - - - - - - - - - - - - - - - - - - - - - - -
[ ID] Interval           Transfer     Bitrate         Jitter    Lost/Total Datagrams
[  5]   0.00-59.95  sec  4.29 GBytes   614 Mbits/sec  0.000 ms  0/3907620 (0%)  sender
[  5]   0.00-63.13  sec   162 MBytes  21.6 Mbits/sec  0.027 ms  3741172/3885693 (96%)  receiver

iperf Done.
