Connecting to host 10.136.80.190, port 5201
[  5] local 10.136.173.127 port 58899 connected to 10.136.80.190 port 5201
[ ID] Interval           Transfer     Bitrate         Total Datagrams
[  5]   0.00-1.00   sec  62.3 MBytes   522 Mbits/sec  55430  (omitted)
[  5]   0.00-1.00   sec  62.6 MBytes   525 Mbits/sec  55710  
[  5]   1.00-2.00   sec  66.5 MBytes   558 Mbits/sec  59210  
[  5]   2.00-3.00   sec  63.7 MBytes   535 Mbits/sec  56730  
[  5]   3.00-4.00   sec  62.6 MBytes   525 Mbits/sec  55710  
[  5]   4.00-5.00   sec  66.6 MBytes   559 Mbits/sec  59300  
[  5]   5.00-6.00   sec  70.4 MBytes   590 Mbits/sec  62650  
[  5]   6.00-7.00   sec  54.1 MBytes   454 Mbits/sec  48170  
[  5]   7.00-8.00   sec  63.3 MBytes   531 Mbits/sec  56340  
[  5]   8.00-9.00   sec  57.5 MBytes   482 Mbits/sec  51180  
[  5]   9.00-10.00  sec  62.9 MBytes   528 Mbits/sec  56020  
[  5]  10.00-11.00  sec  69.8 MBytes   585 Mbits/sec  62100  
[  5]  11.00-12.00  sec  63.4 MBytes   532 Mbits/sec  56460  
[  5]  12.00-13.00  sec  63.2 MBytes   530 Mbits/sec  56270  
[  5]  13.00-14.00  sec  62.9 MBytes   528 Mbits/sec  56010  
[  5]  14.00-15.00  sec  63.7 MBytes   534 Mbits/sec  56680  
[  5]  15.00-16.00  sec  64.9 MBytes   544 Mbits/sec  57760  
[  5]  16.00-17.00  sec  65.5 MBytes   550 Mbits/sec  58320  
[  5]  17.00-18.00  sec  55.7 MBytes   467 Mbits/sec  49570  
[  5]  18.00-19.00  sec  61.2 MBytes   513 Mbits/sec  54440  
[  5]  19.00-20.00  sec  62.4 MBytes   524 Mbits/sec  55570  
[  5]  20.00-21.00  sec  66.8 MBytes   560 Mbits/sec  59470  
[  5]  21.00-22.00  sec  63.4 MBytes   531 Mbits/sec  56390  
[  5]  22.00-23.00  sec  64.9 MBytes   545 Mbits/sec  57810  
[  5]  23.00-24.00  sec  63.0 MBytes   528 Mbits/sec  56040  
[  5]  24.00-25.00  sec  67.8 MBytes   569 Mbits/sec  60390  
[  5]  25.00-26.00  sec  66.1 MBytes   555 Mbits/sec  58880  
[  5]  26.00-27.00  sec  65.9 MBytes   552 Mbits/sec  58620  
[  5]  27.00-28.00  sec  65.5 MBytes   549 Mbits/sec  58290  
[  5]  28.00-29.00  sec  63.4 MBytes   532 Mbits/sec  56460  
[  5]  29.00-30.00  sec  63.1 MBytes   530 Mbits/sec  56200  
[  5]  30.00-31.00  sec  66.9 MBytes   561 Mbits/sec  59550  
[  5]  31.00-32.00  sec  63.9 MBytes   536 Mbits/sec  56870  
[  5]  32.00-33.00  sec  62.7 MBytes   526 Mbits/sec  55790  
[  5]  33.00-34.00  sec  61.0 MBytes   512 Mbits/sec  54340  
[  5]  34.00-35.00  sec  62.7 MBytes   526 Mbits/sec  55800  
[  5]  35.00-36.00  sec  62.8 MBytes   527 Mbits/sec  55900  
[  5]  36.00-37.00  sec  64.8 MBytes   544 Mbits/sec  57700  
[  5]  37.00-38.00  sec  63.5 MBytes   533 Mbits/sec  56520  
[  5]  38.00-39.00  sec  59.3 MBytes   498 Mbits/sec  52810  
[  5]  39.00-40.00  sec  55.2 MBytes   463 Mbits/sec  49160  
[  5]  40.00-41.00  sec  61.1 MBytes   512 Mbits/sec  54350  
[  5]  41.00-42.00  sec  65.3 MBytes   548 Mbits/sec  58130  
[  5]  42.00-43.00  sec  62.6 MBytes   525 Mbits/sec  55710  
[  5]  43.00-44.00  sec  61.0 MBytes   512 Mbits/sec  54280  
[  5]  44.00-45.00  sec  61.4 MBytes   515 Mbits/sec  54640  
[  5]  45.00-46.00  sec  63.1 MBytes   529 Mbits/sec  56170  
[  5]  46.00-47.00  sec  64.6 MBytes   542 Mbits/sec  57460  
[  5]  47.00-48.00  sec  69.3 MBytes   581 Mbits/sec  61660  
[  5]  48.00-49.00  sec  63.7 MBytes   535 Mbits/sec  56730  
[  5]  49.00-50.00  sec  63.3 MBytes   531 Mbits/sec  56310  
[  5]  50.00-51.00  sec  62.2 MBytes   522 Mbits/sec  55410  
[  5]  51.00-52.00  sec  64.7 MBytes   542 Mbits/sec  57550  
[  5]  52.00-53.00  sec  62.5 MBytes   524 Mbits/sec  55600  
[  5]  53.00-54.00  sec  69.6 MBytes   584 Mbits/sec  61970  
[  5]  54.00-55.00  sec  63.1 MBytes   529 Mbits/sec  56160  
[  5]  55.00-56.00  sec  62.4 MBytes   523 Mbits/sec  55530  
[  5]  56.00-57.00  sec  64.0 MBytes   537 Mbits/sec  56980  
[  5]  57.00-58.00  sec  64.1 MBytes   538 Mbits/sec  57040  
[  5]  58.00-59.00  sec  62.5 MBytes   524 Mbits/sec  55640  
[  5]  59.00-60.00  sec  64.7 MBytes   543 Mbits/sec  57580  
- - - - - - - - - - - - - - - - - - - - - - - - -
[ ID] Interval           Transfer     Bitrate         Jitter    Lost/Total Datagrams
[  5]   0.00-60.00  sec  3.72 GBytes   533 Mbits/sec  0.000 ms  0/3392090 (0%)  sender
[  5]   0.00-60.04  sec  3.58 GBytes   512 Mbits/sec  0.023 ms  131596/3392080 (3.9%)  receiver

iperf Done.
