Connecting to host 10.136.80.145, port 5201
[  5] local 10.136.173.80 port 37686 connected to 10.136.80.145 port 5201
[ ID] Interval           Transfer     Bitrate         Retr  Cwnd
[  5]   0.00-1.00   sec  8.77 MBytes  73.5 Mbits/sec   88   4.60 KBytes       (omitted)
[  5]   0.00-1.00   sec  8.05 MBytes  67.6 Mbits/sec   68   5.75 KBytes       
[  5]   1.00-2.00   sec  7.23 MBytes  60.6 Mbits/sec   72   11.5 KBytes       
[  5]   2.00-3.00   sec  9.77 MBytes  82.0 Mbits/sec   77   11.5 KBytes       
[  5]   3.00-4.00   sec  8.90 MBytes  74.7 Mbits/sec   76   11.5 KBytes       
[  5]   4.00-5.00   sec  9.27 MBytes  77.8 Mbits/sec   82   4.60 KBytes       
[  5]   5.00-6.00   sec  6.67 MBytes  56.0 Mbits/sec   63   15.0 KBytes       
[  5]   6.00-7.00   sec  9.91 MBytes  83.1 Mbits/sec   97   10.4 KBytes       
[  5]   7.00-8.00   sec  9.77 MBytes  81.9 Mbits/sec   79   9.20 KBytes       
[  5]   8.00-9.00   sec  10.3 MBytes  86.1 Mbits/sec   97   5.75 KBytes       
[  5]   9.00-10.00  sec  8.41 MBytes  70.6 Mbits/sec   82   10.4 KBytes       
[  5]  10.00-11.00  sec  9.39 MBytes  78.8 Mbits/sec   82   5.75 KBytes       
[  5]  11.00-12.00  sec  6.92 MBytes  58.1 Mbits/sec   74   5.75 KBytes       
[  5]  12.00-13.00  sec  8.73 MBytes  73.2 Mbits/sec   77   9.20 KBytes       
[  5]  13.00-14.00  sec  8.61 MBytes  72.2 Mbits/sec   74   12.7 KBytes       
[  5]  14.00-15.00  sec  9.33 MBytes  78.3 Mbits/sec   65   5.75 KBytes       
[  5]  15.00-16.00  sec  8.16 MBytes  68.4 Mbits/sec   80   10.4 KBytes       
[  5]  16.00-17.00  sec  8.16 MBytes  68.4 Mbits/sec   74   4.60 KBytes       
[  5]  17.00-18.00  sec  7.91 MBytes  66.3 Mbits/sec   86   13.8 KBytes       
[  5]  18.00-19.00  sec  9.02 MBytes  75.7 Mbits/sec   77   21.9 KBytes       
[  5]  19.00-20.00  sec  8.40 MBytes  70.5 Mbits/sec   84   16.1 KBytes       
[  5]  20.00-21.00  sec  7.91 MBytes  66.3 Mbits/sec   64   8.05 KBytes       
[  5]  21.00-22.00  sec  9.27 MBytes  77.7 Mbits/sec   83   6.90 KBytes       
[  5]  22.00-23.00  sec  9.39 MBytes  78.8 Mbits/sec   85   6.90 KBytes       
[  5]  23.00-24.00  sec  8.03 MBytes  67.4 Mbits/sec   74   6.90 KBytes       
[  5]  24.00-25.00  sec  8.77 MBytes  73.6 Mbits/sec   78   8.05 KBytes       
[  5]  25.00-26.00  sec  9.02 MBytes  75.7 Mbits/sec   89   12.7 KBytes       
[  5]  26.00-27.00  sec  9.14 MBytes  76.7 Mbits/sec   78   6.90 KBytes       
[  5]  27.00-28.00  sec  8.90 MBytes  74.6 Mbits/sec   80   2.30 KBytes       
[  5]  28.00-29.00  sec  10.6 MBytes  89.2 Mbits/sec   90   17.3 KBytes       
[  5]  29.00-30.00  sec  10.5 MBytes  88.1 Mbits/sec   89   10.4 KBytes       
[  5]  30.00-31.00  sec  9.02 MBytes  75.7 Mbits/sec   72   4.60 KBytes       
[  5]  31.00-32.00  sec  8.65 MBytes  72.6 Mbits/sec   75   4.60 KBytes       
[  5]  32.00-33.00  sec  9.27 MBytes  77.7 Mbits/sec   87   6.90 KBytes       
[  5]  33.00-34.00  sec  7.79 MBytes  65.3 Mbits/sec   86   9.20 KBytes       
[  5]  34.00-35.00  sec  8.03 MBytes  67.4 Mbits/sec   69   6.90 KBytes       
[  5]  35.00-36.00  sec  8.16 MBytes  68.4 Mbits/sec   80   9.20 KBytes       
[  5]  36.00-37.00  sec  8.65 MBytes  72.6 Mbits/sec   74   6.90 KBytes       
[  5]  37.00-38.00  sec  9.14 MBytes  76.7 Mbits/sec   89   5.75 KBytes       
[  5]  38.00-39.00  sec  8.40 MBytes  70.5 Mbits/sec   88   10.4 KBytes       
[  5]  39.00-40.00  sec  8.53 MBytes  71.5 Mbits/sec   83   5.75 KBytes       
[  5]  40.00-41.00  sec  7.54 MBytes  63.2 Mbits/sec   68   12.7 KBytes       
[  5]  41.00-42.00  sec  8.40 MBytes  70.5 Mbits/sec   80   4.60 KBytes       
[  5]  42.00-43.00  sec  8.65 MBytes  72.6 Mbits/sec   81   10.4 KBytes       
[  5]  43.00-44.00  sec  7.54 MBytes  63.2 Mbits/sec   74   5.75 KBytes       
[  5]  44.00-45.00  sec  8.16 MBytes  68.4 Mbits/sec   78   9.20 KBytes       
[  5]  45.00-46.00  sec  9.27 MBytes  77.7 Mbits/sec   80   12.7 KBytes       
[  5]  46.00-47.00  sec  9.27 MBytes  77.7 Mbits/sec   75   12.7 KBytes       
[  5]  47.00-48.00  sec  9.14 MBytes  76.7 Mbits/sec   78   3.45 KBytes       
[  5]  48.00-49.00  sec  8.03 MBytes  67.4 Mbits/sec   80   15.0 KBytes       
[  5]  49.00-50.00  sec  10.3 MBytes  86.0 Mbits/sec   90   19.6 KBytes       
[  5]  50.00-51.00  sec  8.53 MBytes  71.5 Mbits/sec   70   31.1 KBytes       
[  5]  51.00-52.00  sec  9.89 MBytes  82.9 Mbits/sec   97   4.60 KBytes       
[  5]  52.00-53.00  sec  9.76 MBytes  81.9 Mbits/sec   79   6.90 KBytes       
[  5]  53.00-54.00  sec  9.89 MBytes  82.9 Mbits/sec   82   6.90 KBytes       
[  5]  54.00-55.00  sec  8.53 MBytes  71.5 Mbits/sec   91   9.20 KBytes       
[  5]  55.00-56.00  sec  7.79 MBytes  65.3 Mbits/sec   92   10.4 KBytes       
[  5]  56.00-57.00  sec  9.39 MBytes  78.8 Mbits/sec   90   10.4 KBytes       
[  5]  57.00-58.00  sec  9.52 MBytes  79.8 Mbits/sec   82   13.8 KBytes       
[  5]  58.00-59.00  sec  7.54 MBytes  63.2 Mbits/sec   79   4.60 KBytes       
[  5]  59.00-60.00  sec  9.89 MBytes  82.9 Mbits/sec  102   5.75 KBytes       
- - - - - - - - - - - - - - - - - - - - - - - - -
[ ID] Interval           Transfer     Bitrate         Retr
[  5]   0.00-60.00  sec   527 MBytes  73.7 Mbits/sec  4827             sender
[  5]   0.00-60.04  sec   528 MBytes  73.7 Mbits/sec                  receiver

iperf Done.
