Connecting to host 10.136.80.134, port 5201
[  5] local 10.136.173.72 port 54516 connected to 10.136.80.134 port 5201
[ ID] Interval           Transfer     Bitrate         Retr  Cwnd
[  5]   0.00-1.00   sec   318 KBytes  2.60 Mbits/sec   28   1.15 KBytes       (omitted)
[  5]   0.00-1.00   sec   167 KBytes  1.37 Mbits/sec   20   2.30 KBytes       
[  5]   1.00-2.00   sec   534 KBytes  4.37 Mbits/sec   56   1.15 KBytes       
[  5]   2.00-3.00   sec   935 KBytes  7.66 Mbits/sec   91   2.30 KBytes       
[  5]   3.00-4.00   sec   182 KBytes  1.49 Mbits/sec   20   1.15 KBytes       
[  5]   4.00-5.00   sec  79.4 KBytes  0.65 Mbits/sec   10   2.30 KBytes       
[  5]   5.00-6.00   sec  1.06 MBytes  8.92 Mbits/sec  104   2.30 KBytes       
[  5]   6.00-7.00   sec   182 KBytes  1.49 Mbits/sec   24   1.15 KBytes       
[  5]   7.00-8.00   sec   239 KBytes  1.96 Mbits/sec   24   2.30 KBytes       
[  5]   8.00-9.00   sec   399 KBytes  3.27 Mbits/sec   30   1.15 KBytes       
[  5]   9.00-10.00  sec   165 KBytes  1.35 Mbits/sec   23   2.30 KBytes       
[  5]  10.00-11.00  sec   972 KBytes  7.97 Mbits/sec   80   1.15 KBytes       
[  5]  11.00-12.00  sec   104 KBytes  0.85 Mbits/sec   14   1.15 KBytes       
[  5]  12.00-13.00  sec   344 KBytes  2.82 Mbits/sec   29   2.30 KBytes       
[  5]  13.00-14.00  sec   467 KBytes  3.83 Mbits/sec   41   2.30 KBytes       
[  5]  14.00-15.00  sec   533 KBytes  4.36 Mbits/sec   43   2.30 KBytes       
[  5]  15.00-16.00  sec   826 KBytes  6.77 Mbits/sec   73   2.30 KBytes       
[  5]  16.00-17.00  sec   155 KBytes  1.27 Mbits/sec   21   2.30 KBytes       
[  5]  17.00-18.00  sec   423 KBytes  3.47 Mbits/sec   47   1.15 KBytes       
[  5]  18.00-19.00  sec   709 KBytes  5.80 Mbits/sec   72   2.30 KBytes       
[  5]  19.00-20.00  sec   220 KBytes  1.80 Mbits/sec   20   2.30 KBytes       
[  5]  20.00-21.00  sec   571 KBytes  4.67 Mbits/sec   47   2.30 KBytes       
[  5]  21.00-22.00  sec   380 KBytes  3.11 Mbits/sec   35   2.30 KBytes       
[  5]  22.00-23.00  sec   263 KBytes  2.16 Mbits/sec   33   1.15 KBytes       
[  5]  23.00-24.00  sec   366 KBytes  3.00 Mbits/sec   39   1.15 KBytes       
[  5]  24.00-25.00  sec   480 KBytes  3.93 Mbits/sec   40   1.15 KBytes       
[  5]  25.00-26.00  sec   312 KBytes  2.55 Mbits/sec   25   1.15 KBytes       
[  5]  26.00-27.00  sec   269 KBytes  2.20 Mbits/sec   18   2.30 KBytes       
[  5]  27.00-28.00  sec   262 KBytes  2.15 Mbits/sec   33   1.15 KBytes       
[  5]  28.00-29.00  sec   237 KBytes  1.94 Mbits/sec   26   2.30 KBytes       
[  5]  29.00-30.00  sec   110 KBytes  0.90 Mbits/sec   16   1.15 KBytes       
[  5]  30.00-31.00  sec   334 KBytes  2.73 Mbits/sec   32   1.15 KBytes       
[  5]  31.00-32.00  sec   314 KBytes  2.57 Mbits/sec   37   2.30 KBytes       
[  5]  32.00-33.00  sec   667 KBytes  5.47 Mbits/sec   65   2.30 KBytes       
[  5]  33.00-34.00  sec   286 KBytes  2.35 Mbits/sec   34   1.15 KBytes       
[  5]  34.00-35.00  sec   364 KBytes  2.98 Mbits/sec   34   2.30 KBytes       
[  5]  35.00-36.00  sec   933 KBytes  7.64 Mbits/sec   87   2.30 KBytes       
[  5]  36.00-37.00  sec   344 KBytes  2.82 Mbits/sec   41   2.30 KBytes       
[  5]  37.00-38.00  sec   414 KBytes  3.39 Mbits/sec   36   1.15 KBytes       
[  5]  38.00-39.00  sec   698 KBytes  5.72 Mbits/sec   60   2.30 KBytes       
[  5]  39.00-40.00  sec   282 KBytes  2.31 Mbits/sec   29   1.15 KBytes       
[  5]  40.00-41.00  sec   505 KBytes  4.14 Mbits/sec   46   1.15 KBytes       
[  5]  41.00-42.00  sec   299 KBytes  2.45 Mbits/sec   33   1.15 KBytes       
[  5]  42.00-43.00  sec   236 KBytes  1.93 Mbits/sec   35   1.15 KBytes       
[  5]  43.00-44.00  sec   344 KBytes  2.82 Mbits/sec   37   1.15 KBytes       
[  5]  44.00-45.00  sec   326 KBytes  2.67 Mbits/sec   33   2.30 KBytes       
[  5]  45.00-46.00  sec   944 KBytes  7.74 Mbits/sec   74   2.30 KBytes       
[  5]  46.00-47.00  sec   537 KBytes  4.40 Mbits/sec   44   2.30 KBytes       
[  5]  47.00-48.00  sec   471 KBytes  3.85 Mbits/sec   50   1.15 KBytes       
[  5]  48.00-49.00  sec   304 KBytes  2.49 Mbits/sec   29   2.30 KBytes       
[  5]  49.00-50.00  sec   900 KBytes  7.37 Mbits/sec   68   1.15 KBytes       
[  5]  50.00-51.00  sec   135 KBytes  1.10 Mbits/sec   22   2.30 KBytes       
[  5]  51.00-52.00  sec   557 KBytes  4.56 Mbits/sec   63   1.15 KBytes       
[  5]  52.00-53.00  sec   341 KBytes  2.79 Mbits/sec   30   2.30 KBytes       
[  5]  53.00-54.00  sec   207 KBytes  1.70 Mbits/sec   27   1.15 KBytes       
[  5]  54.00-55.00  sec   355 KBytes  2.91 Mbits/sec   37   1.15 KBytes       
[  5]  55.00-56.00  sec   895 KBytes  7.33 Mbits/sec   76   1.15 KBytes       
[  5]  56.00-57.00  sec   315 KBytes  2.58 Mbits/sec   31   1.15 KBytes       
[  5]  57.00-58.00  sec   521 KBytes  4.27 Mbits/sec   54   2.30 KBytes       
[  5]  58.00-59.00  sec   329 KBytes  2.69 Mbits/sec   26   1.15 KBytes       
[  5]  59.00-60.00  sec   291 KBytes  2.39 Mbits/sec   27   2.30 KBytes       
- - - - - - - - - - - - - - - - - - - - - - - - -
[ ID] Interval           Transfer     Bitrate         Retr
[  5]   0.00-60.00  sec  24.8 MBytes  3.47 Mbits/sec  2451             sender
[  5]   0.00-60.04  sec  24.8 MBytes  3.47 Mbits/sec                  receiver

iperf Done.
