Connecting to host 10.136.80.143, port 5201
[  5] local 10.136.173.126 port 39238 connected to 10.136.80.143 port 5201
[ ID] Interval           Transfer     Bitrate         Total Datagrams
[  5]   0.00-1.00   sec  96.9 MBytes   812 Mbits/sec  72650  (omitted)
[  5]   0.00-1.00   sec  92.9 MBytes   779 Mbits/sec  69680  
[  5]   1.00-2.00   sec  94.0 MBytes   788 Mbits/sec  70480  
[  5]   2.00-3.00   sec  94.1 MBytes   789 Mbits/sec  70550  
[  5]   3.00-4.00   sec  93.7 MBytes   786 Mbits/sec  70310  
[  5]   4.00-5.00   sec  94.5 MBytes   793 Mbits/sec  70910  
[  5]   5.00-6.00   sec  94.7 MBytes   795 Mbits/sec  71040  
[  5]   6.00-7.00   sec  93.1 MBytes   781 Mbits/sec  69820  
[  5]   7.00-8.00   sec  93.6 MBytes   785 Mbits/sec  70230  
[  5]   8.00-9.00   sec  94.8 MBytes   795 Mbits/sec  71090  
[  5]   9.00-10.00  sec  93.5 MBytes   784 Mbits/sec  70110  
[  5]  10.00-11.00  sec  92.7 MBytes   778 Mbits/sec  69560  
[  5]  11.00-12.00  sec  93.8 MBytes   787 Mbits/sec  70350  
[  5]  12.00-13.00  sec  94.2 MBytes   790 Mbits/sec  70660  
[  5]  13.00-14.00  sec  94.0 MBytes   788 Mbits/sec  70480  
[  5]  14.00-15.00  sec  94.0 MBytes   788 Mbits/sec  70500  
[  5]  15.00-16.00  sec  93.8 MBytes   787 Mbits/sec  70350  
[  5]  16.00-17.00  sec  94.3 MBytes   791 Mbits/sec  70760  
[  5]  17.00-18.00  sec  87.6 MBytes   735 Mbits/sec  65700  
[  5]  18.00-19.00  sec  93.4 MBytes   783 Mbits/sec  70030  
[  5]  19.00-20.00  sec  93.9 MBytes   788 Mbits/sec  70430  
[  5]  20.00-21.00  sec  92.2 MBytes   773 Mbits/sec  69140  
[  5]  21.00-22.00  sec  93.7 MBytes   786 Mbits/sec  70270  
[  5]  22.00-23.00  sec  93.8 MBytes   787 Mbits/sec  70380  
[  5]  23.00-24.00  sec  92.6 MBytes   777 Mbits/sec  69430  
[  5]  24.00-25.00  sec  94.0 MBytes   789 Mbits/sec  70510  
[  5]  25.00-26.00  sec  93.9 MBytes   788 Mbits/sec  70420  
[  5]  26.00-27.00  sec  94.2 MBytes   790 Mbits/sec  70640  
[  5]  27.00-28.00  sec  93.4 MBytes   783 Mbits/sec  70020  
[  5]  28.00-29.00  sec  93.5 MBytes   784 Mbits/sec  70140  
[  5]  29.00-30.00  sec  93.6 MBytes   785 Mbits/sec  70210  
[  5]  30.00-31.00  sec  93.1 MBytes   781 Mbits/sec  69850  
[  5]  31.00-32.00  sec  93.9 MBytes   787 Mbits/sec  70410  
[  5]  32.00-33.00  sec  93.9 MBytes   787 Mbits/sec  70400  
[  5]  33.00-34.00  sec  93.8 MBytes   787 Mbits/sec  70340  
[  5]  34.00-35.00  sec  93.5 MBytes   785 Mbits/sec  70150  
[  5]  35.00-36.00  sec  92.6 MBytes   777 Mbits/sec  69450  
[  5]  36.00-37.00  sec  93.6 MBytes   785 Mbits/sec  70200  
[  5]  37.00-38.00  sec  80.3 MBytes   674 Mbits/sec  60250  
[  5]  38.00-39.00  sec  78.8 MBytes   661 Mbits/sec  59100  
[  5]  39.00-40.00  sec  79.0 MBytes   663 Mbits/sec  59240  
[  5]  40.00-41.00  sec  78.0 MBytes   654 Mbits/sec  58510  
[  5]  41.00-42.00  sec  79.4 MBytes   666 Mbits/sec  59580  
[  5]  42.00-43.00  sec  79.2 MBytes   664 Mbits/sec  59380  
[  5]  43.00-44.00  sec  77.7 MBytes   652 Mbits/sec  58260  
[  5]  44.00-45.00  sec  79.1 MBytes   664 Mbits/sec  59360  
[  5]  45.00-46.00  sec  79.1 MBytes   664 Mbits/sec  59340  
[  5]  46.00-47.00  sec  78.8 MBytes   661 Mbits/sec  59080  
[  5]  47.00-48.00  sec  78.0 MBytes   654 Mbits/sec  58470  
[  5]  48.00-49.00  sec  78.7 MBytes   660 Mbits/sec  59030  
[  5]  49.00-50.00  sec  79.4 MBytes   666 Mbits/sec  59560  
[  5]  50.00-51.00  sec  78.8 MBytes   661 Mbits/sec  59070  
[  5]  51.00-52.00  sec  78.7 MBytes   660 Mbits/sec  59020  
[  5]  52.00-53.00  sec  78.8 MBytes   661 Mbits/sec  59110  
[  5]  53.00-54.00  sec  95.1 MBytes   797 Mbits/sec  71300  
[  5]  54.00-55.00  sec  93.9 MBytes   788 Mbits/sec  70440  
[  5]  55.00-56.00  sec  93.1 MBytes   781 Mbits/sec  69830  
[  5]  56.00-57.00  sec  95.2 MBytes   798 Mbits/sec  71370  
[  5]  57.00-58.00  sec  92.6 MBytes   777 Mbits/sec  69480  
[  5]  58.00-59.00  sec  95.8 MBytes   803 Mbits/sec  71830  
[  5]  59.00-60.00  sec  93.3 MBytes   783 Mbits/sec  70000  
- - - - - - - - - - - - - - - - - - - - - - - - -
[ ID] Interval           Transfer     Bitrate         Jitter    Lost/Total Datagrams
[  5]   0.00-60.00  sec  5.25 GBytes   752 Mbits/sec  0.000 ms  0/4035610 (0%)  sender
[  5]   0.00-60.04  sec  5.26 GBytes   752 Mbits/sec  0.015 ms  915/4035609 (0.023%)  receiver

iperf Done.
