Connecting to host 10.136.80.140, port 5201
[  5] local 10.136.173.109 port 43925 connected to 10.136.80.140 port 5201
[ ID] Interval           Transfer     Bitrate         Total Datagrams
[  5]   0.00-1.00   sec  54.8 MBytes   460 Mbits/sec  48800  (omitted)
[  5]   0.00-1.00   sec  60.0 MBytes   503 Mbits/sec  53390  
[  5]   1.00-2.00   sec  56.2 MBytes   472 Mbits/sec  50050  
[  5]   2.00-3.00   sec  55.5 MBytes   465 Mbits/sec  49360  
[  5]   3.00-4.00   sec  52.1 MBytes   437 Mbits/sec  46360  
[  5]   4.00-5.00   sec  56.5 MBytes   474 Mbits/sec  50310  
[  5]   5.00-6.00   sec  50.6 MBytes   424 Mbits/sec  45020  
[  5]   6.00-7.00   sec  53.3 MBytes   447 Mbits/sec  47440  
[  5]   7.00-8.00   sec  50.1 MBytes   421 Mbits/sec  44640  
[  5]   8.00-9.00   sec  52.1 MBytes   437 Mbits/sec  46420  
[  5]   9.00-10.00  sec  62.1 MBytes   521 Mbits/sec  55270  
[  5]  10.00-11.00  sec  54.8 MBytes   460 Mbits/sec  48820  
[  5]  11.00-12.00  sec  55.6 MBytes   466 Mbits/sec  49470  
[  5]  12.00-13.00  sec  50.7 MBytes   425 Mbits/sec  45090  
[  5]  13.00-14.00  sec  57.0 MBytes   478 Mbits/sec  50770  
[  5]  14.00-15.00  sec  52.2 MBytes   438 Mbits/sec  46430  
[  5]  15.00-16.00  sec  58.2 MBytes   488 Mbits/sec  51790  
[  5]  16.00-17.00  sec  55.5 MBytes   465 Mbits/sec  49380  
[  5]  17.00-18.00  sec  58.1 MBytes   488 Mbits/sec  51750  
[  5]  18.00-19.00  sec  55.3 MBytes   464 Mbits/sec  49230  
[  5]  19.00-20.00  sec  53.9 MBytes   452 Mbits/sec  47950  
[  5]  20.00-21.00  sec  55.0 MBytes   461 Mbits/sec  48920  
[  5]  21.00-22.00  sec  59.1 MBytes   496 Mbits/sec  52610  
[  5]  22.00-23.00  sec  50.4 MBytes   423 Mbits/sec  44900  
[  5]  23.00-24.00  sec  52.5 MBytes   440 Mbits/sec  46730  
[  5]  24.00-25.00  sec  52.7 MBytes   442 Mbits/sec  46900  
[  5]  25.00-26.00  sec  54.5 MBytes   457 Mbits/sec  48520  
[  5]  26.00-27.00  sec  55.8 MBytes   468 Mbits/sec  49660  
[  5]  27.00-28.00  sec  48.7 MBytes   409 Mbits/sec  43360  
[  5]  28.00-29.00  sec  53.4 MBytes   448 Mbits/sec  47570  
[  5]  29.00-30.00  sec  53.1 MBytes   446 Mbits/sec  47310  
[  5]  30.00-31.00  sec  53.1 MBytes   445 Mbits/sec  47250  
[  5]  31.00-32.00  sec  53.8 MBytes   451 Mbits/sec  47880  
[  5]  32.00-33.00  sec  49.8 MBytes   418 Mbits/sec  44360  
[  5]  33.00-34.00  sec  53.7 MBytes   450 Mbits/sec  47800  
[  5]  34.00-35.00  sec  52.3 MBytes   439 Mbits/sec  46590  
[  5]  35.00-36.00  sec  52.5 MBytes   441 Mbits/sec  46760  
[  5]  36.00-37.00  sec  60.1 MBytes   504 Mbits/sec  53530  
[  5]  37.00-38.00  sec  55.5 MBytes   466 Mbits/sec  49440  
[  5]  38.00-39.00  sec  53.8 MBytes   452 Mbits/sec  47920  
[  5]  39.00-40.00  sec  48.9 MBytes   410 Mbits/sec  43500  
[  5]  40.00-41.00  sec  55.8 MBytes   468 Mbits/sec  49660  
[  5]  41.00-42.00  sec  59.9 MBytes   503 Mbits/sec  53340  
[  5]  42.00-43.00  sec  54.0 MBytes   453 Mbits/sec  48110  
[  5]  43.00-44.00  sec  54.4 MBytes   456 Mbits/sec  48420  
[  5]  44.00-45.00  sec  54.0 MBytes   453 Mbits/sec  48030  
[  5]  45.00-46.00  sec  57.4 MBytes   481 Mbits/sec  51100  
[  5]  46.00-47.00  sec  52.4 MBytes   440 Mbits/sec  46660  
[  5]  47.00-48.00  sec  55.9 MBytes   469 Mbits/sec  49770  
[  5]  48.00-49.00  sec  55.5 MBytes   466 Mbits/sec  49420  
[  5]  49.00-50.00  sec  56.3 MBytes   473 Mbits/sec  50150  
[  5]  50.00-51.00  sec  56.6 MBytes   475 Mbits/sec  50380  
[  5]  51.00-52.00  sec  51.0 MBytes   427 Mbits/sec  45370  
[  5]  52.00-53.00  sec  55.4 MBytes   465 Mbits/sec  49320  
[  5]  53.00-54.00  sec  51.0 MBytes   428 Mbits/sec  45420  
[  5]  54.00-55.00  sec  52.5 MBytes   441 Mbits/sec  46770  
[  5]  55.00-56.00  sec  61.8 MBytes   518 Mbits/sec  54990  
[  5]  56.00-57.00  sec  52.7 MBytes   443 Mbits/sec  46950  
[  5]  57.00-58.00  sec  53.5 MBytes   449 Mbits/sec  47650  
[  5]  58.00-59.00  sec  56.8 MBytes   477 Mbits/sec  50600  
[  5]  59.00-60.00  sec  53.2 MBytes   446 Mbits/sec  47330  
- - - - - - - - - - - - - - - - - - - - - - - - -
[ ID] Interval           Transfer     Bitrate         Jitter    Lost/Total Datagrams
[  5]   0.00-60.00  sec  3.19 GBytes   457 Mbits/sec  0.000 ms  0/2909890 (0%)  sender
[  5]   0.00-60.96  sec   271 MBytes  37.3 Mbits/sec  0.041 ms  2714733/2909890 (93%)  receiver

iperf Done.
