Connecting to host 10.136.80.145, port 5201
[  5] local 10.136.173.80 port 45573 connected to 10.136.80.145 port 5201
[ ID] Interval           Transfer     Bitrate         Total Datagrams
[  5]   0.00-1.00   sec  41.8 MBytes   351 Mbits/sec  37240  (omitted)
[  5]   0.00-1.00   sec  51.0 MBytes   428 Mbits/sec  45410  
[  5]   1.00-2.00   sec  50.5 MBytes   424 Mbits/sec  44950  
[  5]   2.00-3.00   sec  59.3 MBytes   498 Mbits/sec  52800  
[  5]   3.00-4.00   sec  55.7 MBytes   467 Mbits/sec  49590  
[  5]   4.00-5.00   sec  55.4 MBytes   464 Mbits/sec  49270  
[  5]   5.00-6.00   sec  54.1 MBytes   454 Mbits/sec  48180  
[  5]   6.00-7.00   sec  48.9 MBytes   410 Mbits/sec  43490  
[  5]   7.00-8.00   sec  60.2 MBytes   505 Mbits/sec  53560  
[  5]   8.00-9.00   sec  55.0 MBytes   461 Mbits/sec  48960  
[  5]   9.00-10.00  sec  57.6 MBytes   483 Mbits/sec  51230  
[  5]  10.00-11.00  sec  54.6 MBytes   458 Mbits/sec  48580  
[  5]  11.00-12.00  sec  62.7 MBytes   526 Mbits/sec  55820  
[  5]  12.00-13.00  sec  56.0 MBytes   470 Mbits/sec  49840  
[  5]  13.00-14.00  sec  51.7 MBytes   433 Mbits/sec  45990  
[  5]  14.00-15.00  sec  58.4 MBytes   490 Mbits/sec  52000  
[  5]  15.00-16.00  sec  57.6 MBytes   483 Mbits/sec  51250  
[  5]  16.00-17.00  sec  47.3 MBytes   396 Mbits/sec  42060  
[  5]  17.00-18.00  sec  57.4 MBytes   482 Mbits/sec  51100  
[  5]  18.00-19.00  sec  54.2 MBytes   455 Mbits/sec  48280  
[  5]  19.00-20.00  sec  61.4 MBytes   515 Mbits/sec  54650  
[  5]  20.00-21.00  sec  54.2 MBytes   454 Mbits/sec  48230  
[  5]  21.00-22.00  sec  57.0 MBytes   479 Mbits/sec  50770  
[  5]  22.00-23.00  sec  57.7 MBytes   484 Mbits/sec  51350  
[  5]  23.00-24.00  sec  58.7 MBytes   493 Mbits/sec  52260  
[  5]  24.00-25.00  sec  54.5 MBytes   457 Mbits/sec  48490  
[  5]  25.00-26.00  sec  55.5 MBytes   466 Mbits/sec  49430  
[  5]  26.00-27.00  sec  51.6 MBytes   433 Mbits/sec  45940  
[  5]  27.00-28.00  sec  46.1 MBytes   387 Mbits/sec  41020  
[  5]  28.00-29.00  sec  62.0 MBytes   520 Mbits/sec  55210  
[  5]  29.00-30.00  sec  57.0 MBytes   478 Mbits/sec  50700  
[  5]  30.00-31.00  sec  53.3 MBytes   447 Mbits/sec  47430  
[  5]  31.00-32.00  sec  58.4 MBytes   490 Mbits/sec  51970  
[  5]  32.00-33.00  sec  50.9 MBytes   427 Mbits/sec  45340  
[  5]  33.00-34.00  sec  50.2 MBytes   421 Mbits/sec  44680  
[  5]  34.00-35.00  sec  57.4 MBytes   482 Mbits/sec  51120  
[  5]  35.00-36.00  sec  53.3 MBytes   447 Mbits/sec  47470  
[  5]  36.00-37.00  sec  53.3 MBytes   447 Mbits/sec  47450  
[  5]  37.00-38.00  sec  60.8 MBytes   510 Mbits/sec  54090  
[  5]  38.00-39.00  sec  56.3 MBytes   472 Mbits/sec  50120  
[  5]  39.00-40.00  sec  57.1 MBytes   479 Mbits/sec  50800  
[  5]  40.00-41.00  sec  57.7 MBytes   484 Mbits/sec  51370  
[  5]  41.00-42.00  sec  55.3 MBytes   464 Mbits/sec  49260  
[  5]  42.00-43.00  sec  53.2 MBytes   447 Mbits/sec  47390  
[  5]  43.00-44.00  sec  53.4 MBytes   448 Mbits/sec  47570  
[  5]  44.00-45.00  sec  60.4 MBytes   506 Mbits/sec  53720  
[  5]  45.00-46.00  sec  56.9 MBytes   477 Mbits/sec  50650  
[  5]  46.00-47.00  sec  53.4 MBytes   448 Mbits/sec  47530  
[  5]  47.00-48.00  sec  47.2 MBytes   396 Mbits/sec  42000  
[  5]  48.00-49.00  sec  48.3 MBytes   405 Mbits/sec  42960  
[  5]  49.00-50.00  sec  53.2 MBytes   446 Mbits/sec  47360  
[  5]  50.00-51.00  sec  53.0 MBytes   445 Mbits/sec  47200  
[  5]  51.00-52.00  sec  46.7 MBytes   392 Mbits/sec  41590  
[  5]  52.00-53.00  sec  54.1 MBytes   454 Mbits/sec  48190  
[  5]  53.00-54.00  sec  55.3 MBytes   464 Mbits/sec  49210  
[  5]  54.00-55.00  sec  59.0 MBytes   495 Mbits/sec  52490  
[  5]  55.00-56.00  sec  54.2 MBytes   454 Mbits/sec  48220  
[  5]  56.00-57.00  sec  54.5 MBytes   457 Mbits/sec  48520  
[  5]  57.00-58.00  sec  50.0 MBytes   419 Mbits/sec  44500  
[  5]  58.00-59.00  sec  52.9 MBytes   443 Mbits/sec  47060  
[  5]  59.00-60.00  sec  57.6 MBytes   484 Mbits/sec  51310  
- - - - - - - - - - - - - - - - - - - - - - - - -
[ ID] Interval           Transfer     Bitrate         Jitter    Lost/Total Datagrams
[  5]   0.00-60.00  sec  3.21 GBytes   460 Mbits/sec  0.000 ms  0/2928980 (0%)  sender
[  5]   0.00-60.26  sec  2.00 GBytes   285 Mbits/sec  0.070 ms  1108599/2928973 (38%)  receiver

iperf Done.
