Connecting to host 10.136.80.138, port 5201
[  5] local 10.136.173.117 port 36895 connected to 10.136.80.138 port 5201
[ ID] Interval           Transfer     Bitrate         Total Datagrams
[  5]   0.00-1.00   sec  83.3 MBytes   698 Mbits/sec  62450  (omitted)
[  5]   0.00-1.00   sec  78.2 MBytes   656 Mbits/sec  58640  
[  5]   1.00-2.00   sec  76.9 MBytes   645 Mbits/sec  57710  
[  5]   2.00-3.00   sec  77.3 MBytes   649 Mbits/sec  58000  
[  5]   3.00-4.00   sec  76.6 MBytes   642 Mbits/sec  57440  
[  5]   4.00-5.00   sec  78.3 MBytes   657 Mbits/sec  58730  
[  5]   5.00-6.00   sec  77.2 MBytes   648 Mbits/sec  57910  
[  5]   6.00-7.00   sec  77.0 MBytes   646 Mbits/sec  57730  
[  5]   7.00-8.00   sec  78.6 MBytes   660 Mbits/sec  58990  
[  5]   8.00-9.00   sec  76.5 MBytes   642 Mbits/sec  57390  
[  5]   9.00-10.00  sec  77.4 MBytes   649 Mbits/sec  58070  
[  5]  10.00-11.00  sec  77.8 MBytes   653 Mbits/sec  58340  
[  5]  11.00-12.00  sec  77.1 MBytes   647 Mbits/sec  57850  
[  5]  12.00-13.00  sec  78.2 MBytes   656 Mbits/sec  58640  
[  5]  13.00-14.00  sec  84.1 MBytes   706 Mbits/sec  63090  
[  5]  14.00-15.00  sec  93.2 MBytes   782 Mbits/sec  69910  
[  5]  15.00-16.00  sec  92.8 MBytes   778 Mbits/sec  69570  
[  5]  16.00-17.00  sec  91.0 MBytes   763 Mbits/sec  68240  
[  5]  17.00-18.00  sec  83.3 MBytes   699 Mbits/sec  62480  
[  5]  18.00-19.00  sec  91.4 MBytes   766 Mbits/sec  68520  
[  5]  19.00-20.00  sec  76.2 MBytes   639 Mbits/sec  57120  
[  5]  20.00-21.00  sec  78.4 MBytes   658 Mbits/sec  58800  
[  5]  21.00-22.00  sec  78.0 MBytes   654 Mbits/sec  58480  
[  5]  22.00-23.00  sec  76.6 MBytes   642 Mbits/sec  57420  
[  5]  23.00-24.00  sec  94.4 MBytes   792 Mbits/sec  70790  
[  5]  24.00-25.00  sec  93.7 MBytes   786 Mbits/sec  70250  
[  5]  25.00-26.00  sec  92.9 MBytes   779 Mbits/sec  69680  
[  5]  26.00-27.00  sec  94.1 MBytes   789 Mbits/sec  70570  
[  5]  27.00-28.00  sec  92.7 MBytes   778 Mbits/sec  69540  
[  5]  28.00-29.00  sec  94.2 MBytes   790 Mbits/sec  70640  
[  5]  29.00-30.00  sec  93.8 MBytes   787 Mbits/sec  70390  
[  5]  30.00-31.00  sec  93.4 MBytes   784 Mbits/sec  70080  
[  5]  31.00-32.00  sec  94.5 MBytes   793 Mbits/sec  70900  
[  5]  32.00-33.00  sec  93.0 MBytes   781 Mbits/sec  69790  
[  5]  33.00-34.00  sec  93.6 MBytes   785 Mbits/sec  70200  
[  5]  34.00-35.00  sec  94.2 MBytes   790 Mbits/sec  70620  
[  5]  35.00-36.00  sec  94.1 MBytes   790 Mbits/sec  70610  
[  5]  36.00-37.00  sec  93.5 MBytes   784 Mbits/sec  70120  
[  5]  37.00-38.00  sec  93.7 MBytes   786 Mbits/sec  70250  
[  5]  38.00-39.00  sec  92.7 MBytes   777 Mbits/sec  69500  
[  5]  39.00-40.00  sec  93.7 MBytes   786 Mbits/sec  70280  
[  5]  40.00-41.00  sec  93.6 MBytes   785 Mbits/sec  70190  
[  5]  41.00-42.00  sec  93.7 MBytes   786 Mbits/sec  70300  
[  5]  42.00-43.00  sec  93.9 MBytes   788 Mbits/sec  70430  
[  5]  43.00-44.00  sec  93.2 MBytes   782 Mbits/sec  69900  
[  5]  44.00-45.00  sec  93.7 MBytes   786 Mbits/sec  70260  
[  5]  45.00-46.00  sec  93.5 MBytes   785 Mbits/sec  70150  
[  5]  46.00-47.00  sec  93.4 MBytes   783 Mbits/sec  70040  
[  5]  47.00-48.00  sec  93.4 MBytes   783 Mbits/sec  70040  
[  5]  48.00-49.00  sec  93.3 MBytes   783 Mbits/sec  69980  
[  5]  49.00-50.00  sec  94.5 MBytes   793 Mbits/sec  70860  
[  5]  50.00-51.00  sec  94.1 MBytes   790 Mbits/sec  70590  
[  5]  51.00-52.00  sec  94.2 MBytes   790 Mbits/sec  70630  
[  5]  52.00-53.00  sec  94.2 MBytes   790 Mbits/sec  70680  
[  5]  53.00-54.00  sec  94.6 MBytes   793 Mbits/sec  70930  
[  5]  54.00-55.00  sec  95.3 MBytes   800 Mbits/sec  71510  
[  5]  55.00-56.00  sec  93.2 MBytes   782 Mbits/sec  69870  
[  5]  56.00-57.00  sec  93.9 MBytes   788 Mbits/sec  70460  
[  5]  57.00-58.00  sec  93.3 MBytes   783 Mbits/sec  70010  
[  5]  58.00-59.00  sec  94.0 MBytes   788 Mbits/sec  70490  
[  5]  59.00-60.00  sec  93.7 MBytes   786 Mbits/sec  70310  
- - - - - - - - - - - - - - - - - - - - - - - - -
[ ID] Interval           Transfer     Bitrate         Jitter    Lost/Total Datagrams
[  5]   0.00-60.00  sec  5.20 GBytes   744 Mbits/sec  0.000 ms  0/3990910 (0%)  sender
[  5]   0.00-60.04  sec  4.94 GBytes   706 Mbits/sec  0.013 ms  204147/3990909 (5.1%)  receiver

iperf Done.
