Connecting to host 10.136.80.151, port 5201
[  5] local 10.136.173.69 port 43545 connected to 10.136.80.151 port 5201
[ ID] Interval           Transfer     Bitrate         Total Datagrams
[  5]   0.00-1.00   sec  58.2 MBytes   488 Mbits/sec  51810  (omitted)
[  5]   0.00-1.00   sec  58.8 MBytes   494 Mbits/sec  52380  
[  5]   1.00-2.00   sec  58.6 MBytes   492 Mbits/sec  52180  
[  5]   2.00-3.00   sec  57.6 MBytes   483 Mbits/sec  51240  
[  5]   3.00-4.00   sec  60.0 MBytes   503 Mbits/sec  53380  
[  5]   4.00-5.00   sec  62.5 MBytes   524 Mbits/sec  55650  
[  5]   5.00-6.00   sec  55.2 MBytes   463 Mbits/sec  49100  
[  5]   6.00-7.00   sec  58.5 MBytes   490 Mbits/sec  52030  
[  5]   7.00-8.00   sec  56.0 MBytes   470 Mbits/sec  49840  
[  5]   8.00-9.00   sec  60.8 MBytes   510 Mbits/sec  54110  
[  5]   9.00-10.00  sec  56.4 MBytes   473 Mbits/sec  50190  
[  5]  10.00-11.00  sec  53.6 MBytes   450 Mbits/sec  47720  
[  5]  11.00-12.00  sec  57.2 MBytes   480 Mbits/sec  50910  
[  5]  12.00-13.00  sec  58.5 MBytes   490 Mbits/sec  52030  
[  5]  13.00-14.00  sec  54.4 MBytes   456 Mbits/sec  48430  
[  5]  14.00-15.00  sec  54.1 MBytes   454 Mbits/sec  48130  
[  5]  15.00-16.00  sec  54.9 MBytes   461 Mbits/sec  48870  
[  5]  16.00-17.00  sec  51.4 MBytes   431 Mbits/sec  45710  
[  5]  17.00-18.00  sec  54.2 MBytes   454 Mbits/sec  48220  
[  5]  18.00-19.00  sec  53.9 MBytes   452 Mbits/sec  47960  
[  5]  19.00-20.00  sec  57.2 MBytes   480 Mbits/sec  50900  
[  5]  20.00-21.00  sec  54.0 MBytes   453 Mbits/sec  48040  
[  5]  21.00-22.00  sec  53.8 MBytes   452 Mbits/sec  47920  
[  5]  22.00-23.00  sec  56.0 MBytes   470 Mbits/sec  49870  
[  5]  23.00-24.00  sec  53.6 MBytes   450 Mbits/sec  47730  
[  5]  24.00-25.00  sec  55.2 MBytes   463 Mbits/sec  49150  
[  5]  25.00-26.00  sec  54.1 MBytes   454 Mbits/sec  48160  
[  5]  26.00-27.00  sec  57.8 MBytes   485 Mbits/sec  51460  
[  5]  27.00-28.00  sec  55.2 MBytes   463 Mbits/sec  49110  
[  5]  28.00-29.00  sec  55.1 MBytes   462 Mbits/sec  49010  
[  5]  29.00-30.00  sec  56.5 MBytes   474 Mbits/sec  50320  
[  5]  30.00-31.00  sec  54.4 MBytes   457 Mbits/sec  48460  
[  5]  31.00-32.00  sec  57.4 MBytes   482 Mbits/sec  51090  
[  5]  32.00-33.00  sec  59.7 MBytes   501 Mbits/sec  53130  
[  5]  33.00-34.00  sec  61.6 MBytes   516 Mbits/sec  54790  
[  5]  34.00-35.00  sec  58.6 MBytes   491 Mbits/sec  52120  
[  5]  35.00-36.00  sec  57.5 MBytes   483 Mbits/sec  51220  
[  5]  36.00-37.00  sec  59.2 MBytes   496 Mbits/sec  52690  
[  5]  37.00-38.00  sec  58.4 MBytes   490 Mbits/sec  51960  
[  5]  38.00-39.00  sec  54.3 MBytes   455 Mbits/sec  48290  
[  5]  39.00-40.00  sec  55.2 MBytes   463 Mbits/sec  49100  
[  5]  40.00-41.00  sec  53.5 MBytes   448 Mbits/sec  47580  
[  5]  41.00-42.00  sec  50.1 MBytes   421 Mbits/sec  44640  
[  5]  42.00-43.00  sec  59.8 MBytes   502 Mbits/sec  53270  
[  5]  43.00-44.00  sec  56.4 MBytes   473 Mbits/sec  50230  
[  5]  44.00-45.00  sec  57.4 MBytes   482 Mbits/sec  51120  
[  5]  45.00-46.00  sec  57.5 MBytes   483 Mbits/sec  51210  
[  5]  46.00-47.00  sec  58.7 MBytes   492 Mbits/sec  52210  
[  5]  47.00-48.00  sec  58.7 MBytes   492 Mbits/sec  52240  
[  5]  48.00-49.00  sec  62.6 MBytes   525 Mbits/sec  55690  
[  5]  49.00-50.00  sec  56.9 MBytes   477 Mbits/sec  50650  
[  5]  50.00-51.00  sec  59.3 MBytes   497 Mbits/sec  52790  
[  5]  51.00-52.00  sec  58.9 MBytes   494 Mbits/sec  52440  
[  5]  52.00-53.00  sec  56.6 MBytes   475 Mbits/sec  50390  
[  5]  53.00-54.00  sec  56.0 MBytes   469 Mbits/sec  49810  
[  5]  54.00-55.00  sec  61.2 MBytes   513 Mbits/sec  54450  
[  5]  55.00-56.00  sec  55.5 MBytes   466 Mbits/sec  49420  
[  5]  56.00-57.00  sec  58.4 MBytes   490 Mbits/sec  52000  
[  5]  57.00-58.00  sec  58.0 MBytes   486 Mbits/sec  51620  
[  5]  58.00-59.00  sec  58.0 MBytes   486 Mbits/sec  51610  
[  5]  59.00-60.00  sec  56.9 MBytes   477 Mbits/sec  50660  
- - - - - - - - - - - - - - - - - - - - - - - - -
[ ID] Interval           Transfer     Bitrate         Jitter    Lost/Total Datagrams
[  5]   0.00-60.00  sec  3.33 GBytes   477 Mbits/sec  0.000 ms  0/3036630 (0%)  sender
[  5]   0.00-61.32  sec   191 MBytes  26.1 Mbits/sec  2.213 ms  2903949/3022360 (96%)  receiver

iperf Done.
