Connecting to host 10.136.80.169, port 5201
[  5] local 10.136.173.111 port 59404 connected to 10.136.80.169 port 5201
[ ID] Interval           Transfer     Bitrate         Retr  Cwnd
[  5]   0.00-1.00   sec   729 KBytes  5.97 Mbits/sec   71   1.15 KBytes       (omitted)
[  5]   0.00-1.00   sec   212 KBytes  1.73 Mbits/sec   20   1.15 KBytes       
[  5]   1.00-2.00   sec   212 KBytes  1.73 Mbits/sec   18   1.15 KBytes       
[  5]   2.00-3.00   sec   530 KBytes  4.34 Mbits/sec   64   3.45 KBytes       
[  5]   3.00-4.00   sec   728 KBytes  5.97 Mbits/sec   53   1.15 KBytes       
[  5]   4.00-5.00   sec   499 KBytes  4.09 Mbits/sec   43   2.30 KBytes       
[  5]   5.00-6.00   sec  69.0 KBytes  0.57 Mbits/sec   14   1.15 KBytes       
[  5]   6.00-7.00   sec   213 KBytes  1.74 Mbits/sec   20   1.15 KBytes       
[  5]   7.00-8.00   sec   376 KBytes  3.08 Mbits/sec   43   1.15 KBytes       
[  5]   8.00-9.00   sec   622 KBytes  5.10 Mbits/sec   46   1.15 KBytes       
[  5]   9.00-10.00  sec   587 KBytes  4.81 Mbits/sec   68   1.15 KBytes       
[  5]  10.00-11.00  sec   624 KBytes  5.11 Mbits/sec   71   1.15 KBytes       
[  5]  11.00-12.00  sec   286 KBytes  2.35 Mbits/sec   21   1.15 KBytes       
[  5]  12.00-13.00  sec   450 KBytes  3.68 Mbits/sec   46   2.30 KBytes       
[  5]  13.00-14.00  sec  71.3 KBytes  0.58 Mbits/sec   15   1.15 KBytes       
[  5]  14.00-15.00  sec  1.85 MBytes  15.6 Mbits/sec  174   1.15 KBytes       
[  5]  15.00-16.00  sec   435 KBytes  3.56 Mbits/sec   40   2.30 KBytes       
[  5]  16.00-17.00  sec   145 KBytes  1.19 Mbits/sec   27   2.30 KBytes       
[  5]  17.00-18.00  sec   534 KBytes  4.37 Mbits/sec   45   2.30 KBytes       
[  5]  18.00-19.00  sec   284 KBytes  2.33 Mbits/sec   32   1.15 KBytes       
[  5]  19.00-20.00  sec   140 KBytes  1.15 Mbits/sec   14   1.15 KBytes       
[  5]  20.00-21.00  sec   444 KBytes  3.64 Mbits/sec   41   1.15 KBytes       
[  5]  21.00-22.00  sec   140 KBytes  1.15 Mbits/sec   21   2.30 KBytes       
[  5]  22.00-23.00  sec   282 KBytes  2.31 Mbits/sec   25   2.30 KBytes       
[  5]  23.00-24.00  sec  1.12 MBytes  9.40 Mbits/sec  110   1.15 KBytes       
[  5]  24.00-25.00  sec   819 KBytes  6.71 Mbits/sec   71   1.15 KBytes       
[  5]  25.00-26.00  sec   520 KBytes  4.26 Mbits/sec   51   1.15 KBytes       
[  5]  26.00-27.00  sec   832 KBytes  6.81 Mbits/sec   76   1.15 KBytes       
[  5]  27.00-28.00  sec   228 KBytes  1.87 Mbits/sec   27   1.15 KBytes       
[  5]  28.00-29.00  sec   140 KBytes  1.15 Mbits/sec   17   2.30 KBytes       
[  5]  29.00-30.00  sec   215 KBytes  1.76 Mbits/sec   31   1.15 KBytes       
[  5]  30.00-31.00  sec  1.14 MBytes  9.57 Mbits/sec  108   1.15 KBytes       
[  5]  31.00-32.00  sec   522 KBytes  4.28 Mbits/sec   57   2.30 KBytes       
[  5]  32.00-33.00  sec   212 KBytes  1.73 Mbits/sec   18   1.15 KBytes       
[  5]  33.00-34.00  sec   515 KBytes  4.22 Mbits/sec   45   2.30 KBytes       
[  5]  34.00-35.00  sec  71.3 KBytes  0.58 Mbits/sec   13   1.15 KBytes       
[  5]  35.00-36.00  sec   214 KBytes  1.75 Mbits/sec   21   2.30 KBytes       
[  5]  36.00-37.00  sec   665 KBytes  5.45 Mbits/sec   73   1.15 KBytes       
[  5]  37.00-38.00  sec   282 KBytes  2.31 Mbits/sec   23   1.15 KBytes       
[  5]  38.00-39.00  sec   507 KBytes  4.16 Mbits/sec   42   1.15 KBytes       
[  5]  39.00-40.00  sec   466 KBytes  3.82 Mbits/sec   45   1.15 KBytes       
[  5]  40.00-41.00  sec   423 KBytes  3.47 Mbits/sec   40   1.15 KBytes       
[  5]  41.00-42.00  sec   368 KBytes  3.02 Mbits/sec   35   2.30 KBytes       
[  5]  42.00-43.00  sec   358 KBytes  2.93 Mbits/sec   41   1.15 KBytes       
[  5]  43.00-44.00  sec   438 KBytes  3.59 Mbits/sec   51   1.15 KBytes       
[  5]  44.00-45.00  sec  71.3 KBytes  0.58 Mbits/sec   13   1.15 KBytes       
[  5]  45.00-46.00  sec   359 KBytes  2.94 Mbits/sec   43   1.15 KBytes       
[  5]  46.00-47.00  sec  1.11 MBytes  9.31 Mbits/sec   92   1.15 KBytes       
[  5]  47.00-48.00  sec   213 KBytes  1.74 Mbits/sec   24   1.15 KBytes       
[  5]  48.00-49.00  sec   143 KBytes  1.17 Mbits/sec   21   2.30 KBytes       
[  5]  49.00-50.00  sec   894 KBytes  7.32 Mbits/sec   80   2.30 KBytes       
[  5]  50.00-51.00  sec  1015 KBytes  8.31 Mbits/sec   90   1.15 KBytes       
[  5]  51.00-52.00  sec   757 KBytes  6.20 Mbits/sec   69   1.15 KBytes       
[  5]  52.00-53.00  sec   597 KBytes  4.89 Mbits/sec   60   2.30 KBytes       
[  5]  53.00-54.00  sec  1.48 MBytes  12.4 Mbits/sec  154   5.75 KBytes       
[  5]  54.00-55.00  sec   399 KBytes  3.27 Mbits/sec   51   1.15 KBytes       
[  5]  55.00-56.00  sec   293 KBytes  2.40 Mbits/sec   38   1.15 KBytes       
[  5]  56.00-57.00  sec   602 KBytes  4.93 Mbits/sec   53   2.30 KBytes       
[  5]  57.00-58.00  sec  1.36 MBytes  11.4 Mbits/sec  132   2.30 KBytes       
[  5]  58.00-59.00  sec   212 KBytes  1.73 Mbits/sec   21   1.15 KBytes       
[  5]  59.00-60.00  sec   212 KBytes  1.73 Mbits/sec   22   1.15 KBytes       
- - - - - - - - - - - - - - - - - - - - - - - - -
[ ID] Interval           Transfer     Bitrate         Retr
[  5]   0.00-60.00  sec  29.0 MBytes  4.06 Mbits/sec  2919             sender
[  5]   0.00-60.04  sec  29.0 MBytes  4.05 Mbits/sec                  receiver

iperf Done.
