Connecting to host 10.136.80.169, port 5201
[  5] local 10.136.173.88 port 55281 connected to 10.136.80.169 port 5201
[ ID] Interval           Transfer     Bitrate         Total Datagrams
[  5]   0.00-1.00   sec  77.5 MBytes   650 Mbits/sec  69000  (omitted)
[  5]   0.00-1.00   sec  73.2 MBytes   614 Mbits/sec  65160  
[  5]   1.00-2.00   sec  79.9 MBytes   670 Mbits/sec  71080  
[  5]   2.00-3.00   sec  79.8 MBytes   670 Mbits/sec  71070  
[  5]   3.00-4.00   sec  80.0 MBytes   671 Mbits/sec  71230  
[  5]   4.00-5.00   sec  79.0 MBytes   662 Mbits/sec  70290  
[  5]   5.00-6.00   sec  79.7 MBytes   669 Mbits/sec  70960  
[  5]   6.00-7.00   sec  79.1 MBytes   664 Mbits/sec  70420  
[  5]   7.00-8.00   sec  75.0 MBytes   629 Mbits/sec  66750  
[  5]   8.00-9.00   sec  66.0 MBytes   554 Mbits/sec  58790  
[  5]   9.00-10.00  sec  66.6 MBytes   559 Mbits/sec  59320  
[  5]  10.00-11.00  sec  65.6 MBytes   550 Mbits/sec  58380  
[  5]  11.00-12.00  sec  68.1 MBytes   571 Mbits/sec  60640  
[  5]  12.00-13.00  sec  67.8 MBytes   569 Mbits/sec  60330  
[  5]  13.00-14.00  sec  67.7 MBytes   568 Mbits/sec  60250  
[  5]  14.00-15.00  sec  76.2 MBytes   639 Mbits/sec  67810  
[  5]  15.00-16.00  sec  80.1 MBytes   672 Mbits/sec  71320  
[  5]  16.00-17.00  sec  79.4 MBytes   666 Mbits/sec  70710  
[  5]  17.00-18.00  sec  80.2 MBytes   673 Mbits/sec  71400  
[  5]  18.00-19.00  sec  80.2 MBytes   673 Mbits/sec  71390  
[  5]  19.00-20.00  sec  79.5 MBytes   667 Mbits/sec  70790  
[  5]  20.00-21.00  sec  80.4 MBytes   674 Mbits/sec  71540  
[  5]  21.00-22.00  sec  80.2 MBytes   672 Mbits/sec  71350  
[  5]  22.00-23.00  sec  79.5 MBytes   667 Mbits/sec  70760  
[  5]  23.00-24.00  sec  79.8 MBytes   670 Mbits/sec  71060  
[  5]  24.00-25.00  sec  78.6 MBytes   660 Mbits/sec  70000  
[  5]  25.00-26.00  sec  79.6 MBytes   667 Mbits/sec  70820  
[  5]  26.00-27.00  sec  78.4 MBytes   658 Mbits/sec  69800  
[  5]  27.00-28.00  sec  79.6 MBytes   668 Mbits/sec  70870  
[  5]  28.00-29.00  sec  80.0 MBytes   671 Mbits/sec  71230  
[  5]  29.00-30.00  sec  80.0 MBytes   671 Mbits/sec  71220  
[  5]  30.00-31.00  sec  80.5 MBytes   676 Mbits/sec  71690  
[  5]  31.00-32.00  sec  80.4 MBytes   675 Mbits/sec  71610  
[  5]  32.00-33.00  sec  80.0 MBytes   671 Mbits/sec  71200  
[  5]  33.00-34.00  sec  79.6 MBytes   668 Mbits/sec  70870  
[  5]  34.00-35.00  sec  79.9 MBytes   670 Mbits/sec  71080  
[  5]  35.00-36.00  sec  79.8 MBytes   670 Mbits/sec  71040  
[  5]  36.00-37.00  sec  79.2 MBytes   665 Mbits/sec  70530  
[  5]  37.00-38.00  sec  79.6 MBytes   668 Mbits/sec  70860  
[  5]  38.00-39.00  sec  78.9 MBytes   662 Mbits/sec  70210  
[  5]  39.00-40.00  sec  79.7 MBytes   669 Mbits/sec  70960  
[  5]  40.00-41.00  sec  79.9 MBytes   671 Mbits/sec  71150  
[  5]  41.00-42.00  sec  80.2 MBytes   673 Mbits/sec  71360  
[  5]  42.00-43.00  sec  79.3 MBytes   665 Mbits/sec  70580  
[  5]  43.00-44.00  sec  82.2 MBytes   690 Mbits/sec  73170  
[  5]  44.00-45.00  sec  80.4 MBytes   674 Mbits/sec  71570  
[  5]  45.00-46.00  sec  79.7 MBytes   669 Mbits/sec  70980  
[  5]  46.00-47.00  sec  76.8 MBytes   644 Mbits/sec  68380  
[  5]  47.00-48.00  sec  67.1 MBytes   563 Mbits/sec  59720  
[  5]  48.00-49.00  sec  65.0 MBytes   545 Mbits/sec  57850  
[  5]  49.00-50.00  sec  63.2 MBytes   530 Mbits/sec  56270  
[  5]  50.00-51.00  sec  67.6 MBytes   567 Mbits/sec  60170  
[  5]  51.00-52.00  sec  67.2 MBytes   564 Mbits/sec  59800  
[  5]  52.00-53.00  sec  65.6 MBytes   551 Mbits/sec  58430  
[  5]  53.00-54.00  sec  66.9 MBytes   561 Mbits/sec  59520  
[  5]  54.00-55.00  sec  65.5 MBytes   550 Mbits/sec  58330  
[  5]  55.00-56.00  sec  67.5 MBytes   566 Mbits/sec  60060  
[  5]  56.00-57.00  sec  66.2 MBytes   555 Mbits/sec  58900  
[  5]  57.00-58.00  sec  66.8 MBytes   560 Mbits/sec  59430  
[  5]  58.00-59.00  sec  67.7 MBytes   568 Mbits/sec  60240  
[  5]  59.00-60.00  sec  67.4 MBytes   565 Mbits/sec  60000  
- - - - - - - - - - - - - - - - - - - - - - - - -
[ ID] Interval           Transfer     Bitrate         Jitter    Lost/Total Datagrams
[  5]   0.00-60.00  sec  4.41 GBytes   632 Mbits/sec  0.000 ms  0/4022700 (0%)  sender
[  5]   0.00-60.04  sec  3.97 GBytes   568 Mbits/sec  0.015 ms  411934/4022699 (10%)  receiver

iperf Done.
