Connecting to host knb-server-722809, port 5201
[  5] local 10.136.173.107 port 33316 connected to 10.43.177.200 port 5201
[ ID] Interval           Transfer     Bitrate         Retr  Cwnd
[  5]   0.00-1.00   sec  1.27 MBytes  10.7 Mbits/sec  102   2.30 KBytes       (omitted)
[  5]   0.00-1.00   sec   599 KBytes  4.91 Mbits/sec   47   1.15 KBytes       
[  5]   1.00-2.00   sec  70.2 KBytes  0.57 Mbits/sec   18   1.15 KBytes       
[  5]   2.00-3.00   sec  0.00 Bytes  0.00 Mbits/sec    1   1.15 KBytes       
[  5]   3.00-4.00   sec   835 KBytes  6.85 Mbits/sec   88   1.15 KBytes       
[  5]   4.00-5.00   sec   370 KBytes  3.03 Mbits/sec   32   1.15 KBytes       
[  5]   5.00-6.00   sec   671 KBytes  5.50 Mbits/sec   66   2.30 KBytes       
[  5]   6.00-7.00   sec  0.00 Bytes  0.00 Mbits/sec    9   1.15 KBytes       
[  5]   7.00-8.00   sec   580 KBytes  4.75 Mbits/sec   61   1.15 KBytes       
[  5]   8.00-9.00   sec   384 KBytes  3.15 Mbits/sec   46   3.45 KBytes       
[  5]   9.00-10.00  sec  1.21 MBytes  10.2 Mbits/sec  125   6.90 KBytes       
[  5]  10.00-11.00  sec   981 KBytes  8.04 Mbits/sec   90   2.30 KBytes       
[  5]  11.00-12.00  sec  71.3 KBytes  0.58 Mbits/sec   11   1.15 KBytes       
[  5]  12.00-13.00  sec  1.67 MBytes  14.0 Mbits/sec  135   1.15 KBytes       
[  5]  13.00-14.00  sec  1.21 MBytes  10.2 Mbits/sec  113   1.15 KBytes       
[  5]  14.00-15.00  sec   414 KBytes  3.39 Mbits/sec   44   2.30 KBytes       
[  5]  15.00-16.00  sec   260 KBytes  2.13 Mbits/sec   31   1.15 KBytes       
[  5]  16.00-17.00  sec   752 KBytes  6.16 Mbits/sec   78   1.15 KBytes       
[  5]  17.00-18.00  sec   395 KBytes  3.23 Mbits/sec   41   1.15 KBytes       
[  5]  18.00-19.00  sec   194 KBytes  1.59 Mbits/sec   24   2.30 KBytes       
[  5]  19.00-20.00  sec  1.45 MBytes  12.2 Mbits/sec  116   1.15 KBytes       
[  5]  20.00-21.00  sec   474 KBytes  3.88 Mbits/sec   49   2.30 KBytes       
[  5]  21.00-22.00  sec   848 KBytes  6.95 Mbits/sec   80   2.30 KBytes       
[  5]  22.00-23.00  sec   633 KBytes  5.18 Mbits/sec   56   1.15 KBytes       
[  5]  23.00-24.00  sec   569 KBytes  4.66 Mbits/sec   70   1.15 KBytes       
[  5]  24.00-25.00  sec  1.57 MBytes  13.2 Mbits/sec  155   1.15 KBytes       
[  5]  25.00-26.00  sec  1.49 MBytes  12.5 Mbits/sec  127   1.15 KBytes       
[  5]  26.00-27.00  sec  1.52 MBytes  12.8 Mbits/sec  130   1.15 KBytes       
[  5]  27.00-28.00  sec   137 KBytes  1.12 Mbits/sec   16   1.15 KBytes       
[  5]  28.00-29.00  sec   135 KBytes  1.10 Mbits/sec   22   2.30 KBytes       
[  5]  29.00-30.00  sec   345 KBytes  2.83 Mbits/sec   39   2.30 KBytes       
[  5]  30.00-31.00  sec   261 KBytes  2.14 Mbits/sec   25   1.15 KBytes       
[  5]  31.00-32.00  sec   197 KBytes  1.61 Mbits/sec   24   1.15 KBytes       
[  5]  32.00-33.00  sec   400 KBytes  3.28 Mbits/sec   34   2.30 KBytes       
[  5]  33.00-34.00  sec   636 KBytes  5.21 Mbits/sec   58   2.30 KBytes       
[  5]  34.00-35.00  sec  1.18 MBytes  9.91 Mbits/sec  123   1.15 KBytes       
[  5]  35.00-36.00  sec   460 KBytes  3.77 Mbits/sec   38   2.30 KBytes       
[  5]  36.00-37.00  sec   536 KBytes  4.39 Mbits/sec   44   2.30 KBytes       
[  5]  37.00-38.00  sec   484 KBytes  3.97 Mbits/sec   49   2.30 KBytes       
[  5]  38.00-39.00  sec   521 KBytes  4.27 Mbits/sec   46   2.30 KBytes       
[  5]  39.00-40.00  sec   129 KBytes  1.06 Mbits/sec   23   1.15 KBytes       
[  5]  40.00-41.00  sec   339 KBytes  2.78 Mbits/sec   39   1.15 KBytes       
[  5]  41.00-42.00  sec   972 KBytes  7.96 Mbits/sec   96   1.15 KBytes       
[  5]  42.00-43.00  sec   536 KBytes  4.39 Mbits/sec   52   1.15 KBytes       
[  5]  43.00-44.00  sec  1.40 MBytes  11.7 Mbits/sec  134   1.15 KBytes       
[  5]  44.00-45.00  sec   194 KBytes  1.59 Mbits/sec   34   1.15 KBytes       
[  5]  45.00-46.00  sec   908 KBytes  7.44 Mbits/sec   98   1.15 KBytes       
[  5]  46.00-47.00  sec   928 KBytes  7.61 Mbits/sec   80   1.15 KBytes       
[  5]  47.00-48.00  sec  1.03 MBytes  8.68 Mbits/sec   95   1.15 KBytes       
[  5]  48.00-49.00  sec  1.04 MBytes  8.71 Mbits/sec   93   1.15 KBytes       
[  5]  49.00-50.00  sec  0.00 Bytes  0.00 Mbits/sec    3   1.15 KBytes       
[  5]  50.00-51.00  sec   621 KBytes  5.09 Mbits/sec   63   2.30 KBytes       
[  5]  51.00-52.00  sec   130 KBytes  1.07 Mbits/sec   11   2.30 KBytes       
[  5]  52.00-53.00  sec   197 KBytes  1.61 Mbits/sec   22   3.45 KBytes       
[  5]  53.00-54.00  sec   944 KBytes  7.74 Mbits/sec   82   2.30 KBytes       
[  5]  54.00-55.00  sec   130 KBytes  1.06 Mbits/sec   18   2.30 KBytes       
[  5]  55.00-56.00  sec   973 KBytes  7.97 Mbits/sec   92   1.15 KBytes       
[  5]  56.00-57.00  sec   392 KBytes  3.21 Mbits/sec   35   2.30 KBytes       
[  5]  57.00-58.00  sec   464 KBytes  3.80 Mbits/sec   47   2.30 KBytes       
[  5]  58.00-59.00  sec   130 KBytes  1.06 Mbits/sec   14   2.30 KBytes       
[  5]  59.00-60.00  sec   680 KBytes  5.57 Mbits/sec   58   2.30 KBytes       
- - - - - - - - - - - - - - - - - - - - - - - - -
[ ID] Interval           Transfer     Bitrate         Retr
[  5]   0.00-60.00  sec  36.2 MBytes  5.05 Mbits/sec  3550             sender
[  5]   0.00-60.04  sec  36.2 MBytes  5.05 Mbits/sec                  receiver

iperf Done.
