Connecting to host 10.136.80.154, port 5201
[  5] local 10.136.173.91 port 49920 connected to 10.136.80.154 port 5201
[ ID] Interval           Transfer     Bitrate         Total Datagrams
[  5]   0.00-1.00   sec  60.7 MBytes   510 Mbits/sec  54070  (omitted)
[  5]   0.00-1.00   sec  69.7 MBytes   584 Mbits/sec  62000  
[  5]   1.00-2.00   sec  54.9 MBytes   461 Mbits/sec  48890  
[  5]   2.00-3.00   sec  49.9 MBytes   419 Mbits/sec  44460  
[  5]   3.00-4.00   sec  59.1 MBytes   496 Mbits/sec  52650  
[  5]   4.00-5.00   sec  56.1 MBytes   471 Mbits/sec  49940  
[  5]   5.00-6.00   sec  65.8 MBytes   552 Mbits/sec  58560  
[  5]   6.00-7.00   sec  61.2 MBytes   513 Mbits/sec  54460  
[  5]   7.00-8.00   sec  64.2 MBytes   538 Mbits/sec  57120  
[  5]   8.00-9.00   sec  61.1 MBytes   513 Mbits/sec  54420  
[  5]   9.00-10.00  sec  61.1 MBytes   512 Mbits/sec  54350  
[  5]  10.00-11.00  sec  59.5 MBytes   499 Mbits/sec  53000  
[  5]  11.00-12.00  sec  62.1 MBytes   521 Mbits/sec  55280  
[  5]  12.00-13.00  sec  60.9 MBytes   511 Mbits/sec  54200  
[  5]  13.00-14.00  sec  62.4 MBytes   523 Mbits/sec  55530  
[  5]  14.00-15.00  sec  62.0 MBytes   520 Mbits/sec  55150  
[  5]  15.00-16.00  sec  62.9 MBytes   528 Mbits/sec  56010  
[  5]  16.00-17.00  sec  58.4 MBytes   490 Mbits/sec  51990  
[  5]  17.00-18.00  sec  68.5 MBytes   574 Mbits/sec  60940  
[  5]  18.00-19.00  sec  63.3 MBytes   531 Mbits/sec  56320  
[  5]  19.00-20.00  sec  62.1 MBytes   521 Mbits/sec  55260  
[  5]  20.00-21.00  sec  61.8 MBytes   518 Mbits/sec  54970  
[  5]  21.00-22.00  sec  63.3 MBytes   531 Mbits/sec  56330  
[  5]  22.00-23.00  sec  61.5 MBytes   516 Mbits/sec  54730  
[  5]  23.00-24.00  sec  62.3 MBytes   522 Mbits/sec  55420  
[  5]  24.00-25.00  sec  61.0 MBytes   512 Mbits/sec  54290  
[  5]  25.00-26.00  sec  61.4 MBytes   515 Mbits/sec  54650  
[  5]  26.00-27.00  sec  62.5 MBytes   524 Mbits/sec  55620  
[  5]  27.00-28.00  sec  61.7 MBytes   518 Mbits/sec  54960  
[  5]  28.00-29.00  sec  63.4 MBytes   532 Mbits/sec  56440  
[  5]  29.00-30.00  sec  61.9 MBytes   519 Mbits/sec  55100  
[  5]  30.00-31.00  sec  62.8 MBytes   527 Mbits/sec  55930  
[  5]  31.00-32.00  sec  63.6 MBytes   534 Mbits/sec  56610  
[  5]  32.00-33.00  sec  60.5 MBytes   507 Mbits/sec  53840  
[  5]  33.00-34.00  sec  61.0 MBytes   512 Mbits/sec  54320  
[  5]  34.00-35.00  sec  61.6 MBytes   517 Mbits/sec  54850  
[  5]  35.00-36.00  sec  60.9 MBytes   511 Mbits/sec  54230  
[  5]  36.00-37.00  sec  60.9 MBytes   511 Mbits/sec  54180  
[  5]  37.00-38.00  sec  58.7 MBytes   492 Mbits/sec  52250  
[  5]  38.00-39.00  sec  60.5 MBytes   508 Mbits/sec  53850  
[  5]  39.00-40.00  sec  54.3 MBytes   456 Mbits/sec  48360  
[  5]  40.00-41.00  sec  61.7 MBytes   518 Mbits/sec  54940  
[  5]  41.00-42.00  sec  63.3 MBytes   531 Mbits/sec  56370  
[  5]  42.00-43.00  sec  64.2 MBytes   538 Mbits/sec  57110  
[  5]  43.00-44.00  sec  61.9 MBytes   519 Mbits/sec  55100  
[  5]  44.00-45.00  sec  61.4 MBytes   515 Mbits/sec  54650  
[  5]  45.00-46.00  sec  61.2 MBytes   513 Mbits/sec  54450  
[  5]  46.00-47.00  sec  63.9 MBytes   536 Mbits/sec  56890  
[  5]  47.00-48.00  sec  67.1 MBytes   563 Mbits/sec  59710  
[  5]  48.00-49.00  sec  72.9 MBytes   611 Mbits/sec  64850  
[  5]  49.00-50.00  sec  60.4 MBytes   507 Mbits/sec  53770  
[  5]  50.00-51.00  sec  61.5 MBytes   516 Mbits/sec  54750  
[  5]  51.00-52.00  sec  64.0 MBytes   537 Mbits/sec  56950  
[  5]  52.00-53.00  sec  70.0 MBytes   587 Mbits/sec  62320  
[  5]  53.00-54.00  sec  61.7 MBytes   518 Mbits/sec  54950  
[  5]  54.00-55.00  sec  60.0 MBytes   504 Mbits/sec  53450  
[  5]  55.00-56.00  sec  63.6 MBytes   534 Mbits/sec  56620  
[  5]  56.00-57.00  sec  67.3 MBytes   565 Mbits/sec  59950  
[  5]  57.00-58.00  sec  61.6 MBytes   516 Mbits/sec  54790  
[  5]  58.00-59.00  sec  63.0 MBytes   529 Mbits/sec  56110  
[  5]  59.00-60.00  sec  62.7 MBytes   526 Mbits/sec  55780  
- - - - - - - - - - - - - - - - - - - - - - - - -
[ ID] Interval           Transfer     Bitrate         Jitter    Lost/Total Datagrams
[  5]   0.00-60.00  sec  3.64 GBytes   521 Mbits/sec  0.000 ms  0/3314970 (0%)  sender
[  5]   0.00-60.04  sec  3.58 GBytes   512 Mbits/sec  0.023 ms  55921/3314968 (1.7%)  receiver

iperf Done.
