Connecting to host 10.136.80.164, port 5201
[  5] local 10.136.173.101 port 56444 connected to 10.136.80.164 port 5201
[ ID] Interval           Transfer     Bitrate         Retr  Cwnd
[  5]   0.00-1.00   sec  84.7 MBytes   711 Mbits/sec   53    242 KBytes       (omitted)
[  5]   0.00-1.00   sec  86.6 MBytes   727 Mbits/sec   61    316 KBytes       
[  5]   1.00-2.00   sec  84.7 MBytes   710 Mbits/sec   15    312 KBytes       
[  5]   2.00-3.00   sec  90.2 MBytes   757 Mbits/sec   15    343 KBytes       
[  5]   3.00-4.00   sec  83.7 MBytes   702 Mbits/sec   17    306 KBytes       
[  5]   4.00-5.00   sec  84.8 MBytes   711 Mbits/sec   19    239 KBytes       
[  5]   5.00-6.00   sec  88.3 MBytes   741 Mbits/sec    8    319 KBytes       
[  5]   6.00-7.00   sec  84.4 MBytes   708 Mbits/sec   23    179 KBytes       
[  5]   7.00-8.00   sec  84.2 MBytes   706 Mbits/sec    6    320 KBytes       
[  5]   8.00-9.00   sec  86.3 MBytes   724 Mbits/sec   15    267 KBytes       
[  5]   9.00-10.00  sec  82.9 MBytes   695 Mbits/sec   20    303 KBytes       
[  5]  10.00-11.00  sec  85.7 MBytes   719 Mbits/sec   75    219 KBytes       
[  5]  11.00-12.00  sec  80.9 MBytes   678 Mbits/sec   34    268 KBytes       
[  5]  12.00-13.00  sec  88.9 MBytes   745 Mbits/sec    8    328 KBytes       
[  5]  13.00-14.00  sec  85.1 MBytes   714 Mbits/sec   19    265 KBytes       
[  5]  14.00-15.00  sec  84.1 MBytes   705 Mbits/sec    6    365 KBytes       
[  5]  15.00-16.00  sec  88.0 MBytes   738 Mbits/sec   20    240 KBytes       
[  5]  16.00-17.00  sec  84.9 MBytes   712 Mbits/sec   64    228 KBytes       
[  5]  17.00-18.00  sec  89.7 MBytes   752 Mbits/sec    0    404 KBytes       
[  5]  18.00-19.00  sec  85.4 MBytes   716 Mbits/sec   18    331 KBytes       
[  5]  19.00-20.00  sec  85.2 MBytes   715 Mbits/sec   13    270 KBytes       
[  5]  20.00-21.00  sec  86.6 MBytes   727 Mbits/sec   12    281 KBytes       
[  5]  21.00-22.00  sec  86.8 MBytes   728 Mbits/sec   30    335 KBytes       
[  5]  22.00-23.00  sec  83.8 MBytes   703 Mbits/sec   13    294 KBytes       
[  5]  23.00-24.00  sec  83.5 MBytes   700 Mbits/sec   13    290 KBytes       
[  5]  24.00-25.00  sec  82.4 MBytes   691 Mbits/sec   12    337 KBytes       
[  5]  25.00-26.00  sec  86.8 MBytes   728 Mbits/sec   20    176 KBytes       
[  5]  26.00-27.00  sec  84.2 MBytes   706 Mbits/sec   13    228 KBytes       
[  5]  27.00-28.00  sec  86.8 MBytes   728 Mbits/sec   17    178 KBytes       
[  5]  28.00-29.00  sec  63.6 MBytes   534 Mbits/sec   22    138 KBytes       
[  5]  29.00-30.00  sec  75.7 MBytes   635 Mbits/sec   87    324 KBytes       
[  5]  30.00-31.00  sec  81.7 MBytes   686 Mbits/sec   32    193 KBytes       
[  5]  31.00-32.00  sec  86.4 MBytes   725 Mbits/sec    9    301 KBytes       
[  5]  32.00-33.00  sec  84.8 MBytes   711 Mbits/sec   19    271 KBytes       
[  5]  33.00-34.00  sec  79.2 MBytes   664 Mbits/sec   13    276 KBytes       
[  5]  34.00-35.00  sec  86.2 MBytes   723 Mbits/sec   12    298 KBytes       
[  5]  35.00-36.00  sec  86.4 MBytes   725 Mbits/sec   47    206 KBytes       
[  5]  36.00-37.00  sec  80.8 MBytes   678 Mbits/sec   11    223 KBytes       
[  5]  37.00-38.00  sec  85.8 MBytes   718 Mbits/sec   15    245 KBytes       
[  5]  38.00-39.00  sec  79.4 MBytes   668 Mbits/sec   27    250 KBytes       
[  5]  39.00-40.00  sec  87.7 MBytes   735 Mbits/sec    7    326 KBytes       
[  5]  40.00-41.00  sec  87.7 MBytes   736 Mbits/sec   15    304 KBytes       
[  5]  41.00-42.00  sec  88.7 MBytes   744 Mbits/sec    6    369 KBytes       
[  5]  42.00-43.00  sec  87.6 MBytes   734 Mbits/sec   19    312 KBytes       
[  5]  43.00-44.00  sec  83.5 MBytes   700 Mbits/sec   21    237 KBytes       
[  5]  44.00-45.00  sec  87.8 MBytes   737 Mbits/sec   21    211 KBytes       
[  5]  45.00-46.00  sec  88.0 MBytes   738 Mbits/sec   15    214 KBytes       
[  5]  46.00-47.00  sec  56.7 MBytes   476 Mbits/sec   62    156 KBytes       
[  5]  47.00-48.00  sec  78.0 MBytes   655 Mbits/sec   41    347 KBytes       
[  5]  48.00-49.00  sec  60.5 MBytes   508 Mbits/sec  108    247 KBytes       
[  5]  49.00-50.00  sec  80.6 MBytes   676 Mbits/sec   42    192 KBytes       
[  5]  50.00-51.00  sec  78.2 MBytes   656 Mbits/sec   23    175 KBytes       
[  5]  51.00-52.00  sec  82.6 MBytes   693 Mbits/sec   48    305 KBytes       
[  5]  52.00-53.00  sec  85.0 MBytes   713 Mbits/sec   13    316 KBytes       
[  5]  53.00-54.00  sec  81.7 MBytes   685 Mbits/sec   16    304 KBytes       
[  5]  54.00-55.00  sec  80.3 MBytes   673 Mbits/sec   41    192 KBytes       
[  5]  55.00-56.00  sec  87.9 MBytes   738 Mbits/sec   42    316 KBytes       
[  5]  56.00-57.00  sec  84.8 MBytes   712 Mbits/sec   20    223 KBytes       
[  5]  57.00-58.00  sec  86.6 MBytes   727 Mbits/sec    6    321 KBytes       
[  5]  58.00-59.00  sec  81.8 MBytes   686 Mbits/sec   20    206 KBytes       
[  5]  59.00-60.00  sec  85.1 MBytes   714 Mbits/sec    0    387 KBytes       
- - - - - - - - - - - - - - - - - - - - - - - - -
[ ID] Interval           Transfer     Bitrate         Retr
[  5]   0.00-60.00  sec  4.89 GBytes   700 Mbits/sec  1466             sender
[  5]   0.00-60.04  sec  4.89 GBytes   700 Mbits/sec                  receiver

iperf Done.
