Connecting to host 10.136.80.186, port 5201
[  5] local 10.136.173.123 port 44682 connected to 10.136.80.186 port 5201
[ ID] Interval           Transfer     Bitrate         Total Datagrams
[  5]   0.00-1.00   sec  66.5 MBytes   558 Mbits/sec  59200  (omitted)
[  5]   0.00-1.00   sec  64.0 MBytes   537 Mbits/sec  56970  
[  5]   1.00-2.00   sec  63.5 MBytes   533 Mbits/sec  56560  
[  5]   2.00-3.00   sec  63.3 MBytes   531 Mbits/sec  56330  
[  5]   3.00-4.00   sec  61.5 MBytes   516 Mbits/sec  54700  
[  5]   4.00-5.00   sec  62.4 MBytes   524 Mbits/sec  55560  
[  5]   5.00-6.00   sec  62.9 MBytes   528 Mbits/sec  56020  
[  5]   6.00-7.00   sec  61.3 MBytes   514 Mbits/sec  54580  
[  5]   7.00-8.00   sec  62.1 MBytes   521 Mbits/sec  55240  
[  5]   8.00-9.00   sec  62.6 MBytes   525 Mbits/sec  55710  
[  5]   9.00-10.00  sec  61.2 MBytes   514 Mbits/sec  54520  
[  5]  10.00-11.00  sec  61.9 MBytes   520 Mbits/sec  55120  
[  5]  11.00-12.00  sec  64.5 MBytes   541 Mbits/sec  57410  
[  5]  12.00-13.00  sec  61.6 MBytes   517 Mbits/sec  54870  
[  5]  13.00-14.00  sec  61.9 MBytes   519 Mbits/sec  55060  
[  5]  14.00-15.00  sec  63.1 MBytes   529 Mbits/sec  56170  
[  5]  15.00-16.00  sec  62.0 MBytes   520 Mbits/sec  55190  
[  5]  16.00-17.00  sec  67.0 MBytes   562 Mbits/sec  59650  
[  5]  17.00-18.00  sec  63.1 MBytes   530 Mbits/sec  56210  
[  5]  18.00-19.00  sec  63.6 MBytes   534 Mbits/sec  56650  
[  5]  19.00-20.00  sec  65.1 MBytes   546 Mbits/sec  57910  
[  5]  20.00-21.00  sec  64.0 MBytes   537 Mbits/sec  56960  
[  5]  21.00-22.00  sec  66.8 MBytes   560 Mbits/sec  59460  
[  5]  22.00-23.00  sec  63.9 MBytes   536 Mbits/sec  56880  
[  5]  23.00-24.00  sec  64.3 MBytes   539 Mbits/sec  57240  
[  5]  24.00-25.00  sec  70.8 MBytes   594 Mbits/sec  63010  
[  5]  25.00-26.00  sec  67.0 MBytes   562 Mbits/sec  59600  
[  5]  26.00-27.00  sec  61.8 MBytes   519 Mbits/sec  55030  
[  5]  27.00-28.00  sec  61.8 MBytes   518 Mbits/sec  55020  
[  5]  28.00-29.00  sec  60.5 MBytes   507 Mbits/sec  53820  
[  5]  29.00-30.00  sec  63.2 MBytes   530 Mbits/sec  56240  
[  5]  30.00-31.00  sec  69.0 MBytes   579 Mbits/sec  61460  
[  5]  31.00-32.00  sec  63.3 MBytes   531 Mbits/sec  56320  
[  5]  32.00-33.00  sec  65.3 MBytes   548 Mbits/sec  58160  
[  5]  33.00-34.00  sec  71.2 MBytes   598 Mbits/sec  63420  
[  5]  34.00-35.00  sec  63.0 MBytes   528 Mbits/sec  56050  
[  5]  35.00-36.00  sec  64.0 MBytes   537 Mbits/sec  57000  
[  5]  36.00-37.00  sec  63.2 MBytes   530 Mbits/sec  56250  
[  5]  37.00-38.00  sec  60.9 MBytes   511 Mbits/sec  54170  
[  5]  38.00-39.00  sec  61.2 MBytes   513 Mbits/sec  54470  
[  5]  39.00-40.00  sec  63.6 MBytes   533 Mbits/sec  56610  
[  5]  40.00-41.00  sec  64.1 MBytes   538 Mbits/sec  57050  
[  5]  41.00-42.00  sec  65.4 MBytes   548 Mbits/sec  58200  
[  5]  42.00-43.00  sec  63.4 MBytes   531 Mbits/sec  56390  
[  5]  43.00-44.00  sec  63.7 MBytes   534 Mbits/sec  56690  
[  5]  44.00-45.00  sec  63.4 MBytes   532 Mbits/sec  56430  
[  5]  45.00-46.00  sec  65.7 MBytes   551 Mbits/sec  58480  
[  5]  46.00-47.00  sec  67.7 MBytes   568 Mbits/sec  60290  
[  5]  47.00-48.00  sec  65.2 MBytes   547 Mbits/sec  58080  
[  5]  48.00-49.00  sec  62.6 MBytes   525 Mbits/sec  55690  
[  5]  49.00-50.00  sec  64.0 MBytes   537 Mbits/sec  56980  
[  5]  50.00-51.00  sec  66.7 MBytes   559 Mbits/sec  59360  
[  5]  51.00-52.00  sec  64.8 MBytes   543 Mbits/sec  57650  
[  5]  52.00-53.00  sec  66.4 MBytes   557 Mbits/sec  59090  
[  5]  53.00-54.00  sec  62.8 MBytes   527 Mbits/sec  55920  
[  5]  54.00-55.00  sec  60.7 MBytes   510 Mbits/sec  54070  
[  5]  55.00-56.00  sec  63.4 MBytes   532 Mbits/sec  56470  
[  5]  56.00-57.00  sec  65.3 MBytes   547 Mbits/sec  58100  
[  5]  57.00-58.00  sec  61.4 MBytes   515 Mbits/sec  54680  
[  5]  58.00-59.00  sec  61.6 MBytes   516 Mbits/sec  54800  
[  5]  59.00-60.00  sec  60.6 MBytes   508 Mbits/sec  53910  
- - - - - - - - - - - - - - - - - - - - - - - - -
[ ID] Interval           Transfer     Bitrate         Jitter    Lost/Total Datagrams
[  5]   0.00-60.00  sec  3.74 GBytes   535 Mbits/sec  0.000 ms  0/3405930 (0%)  sender
[  5]   0.00-60.04  sec  3.67 GBytes   524 Mbits/sec  0.020 ms  68945/3405929 (2%)  receiver

iperf Done.
