Connecting to host 10.136.80.150, port 5201
[  5] local 10.136.173.86 port 51346 connected to 10.136.80.150 port 5201
[ ID] Interval           Transfer     Bitrate         Retr  Cwnd
[  5]   0.00-1.00   sec  1.83 MBytes  15.3 Mbits/sec   86   8.05 KBytes       (omitted)
[  5]   0.00-1.00   sec  1.76 MBytes  14.8 Mbits/sec   94   3.45 KBytes       
[  5]   1.00-2.00   sec  1.73 MBytes  14.5 Mbits/sec   87   2.30 KBytes       
[  5]   2.00-3.00   sec   974 KBytes  7.98 Mbits/sec   47   1.15 KBytes       
[  5]   3.00-4.00   sec  2.12 MBytes  17.8 Mbits/sec   80   2.30 KBytes       
[  5]   4.00-5.00   sec  1.88 MBytes  15.8 Mbits/sec   94   2.30 KBytes       
[  5]   5.00-6.00   sec   823 KBytes  6.74 Mbits/sec   34   2.30 KBytes       
[  5]   6.00-7.00   sec  2.05 MBytes  17.2 Mbits/sec   87   2.30 KBytes       
[  5]   7.00-8.00   sec  1022 KBytes  8.37 Mbits/sec   67   2.30 KBytes       
[  5]   8.00-9.00   sec   569 KBytes  4.66 Mbits/sec   36   1.15 KBytes       
[  5]   9.00-10.00  sec  1.24 MBytes  10.4 Mbits/sec   64   2.30 KBytes       
[  5]  10.00-11.00  sec  2.06 MBytes  17.3 Mbits/sec  103   1.15 KBytes       
[  5]  11.00-12.00  sec  3.12 MBytes  26.2 Mbits/sec  143   4.60 KBytes       
[  5]  12.00-13.00  sec  1.86 MBytes  15.6 Mbits/sec   78   2.30 KBytes       
[  5]  13.00-14.00  sec   759 KBytes  6.22 Mbits/sec   41   2.30 KBytes       
[  5]  14.00-15.00  sec  1.36 MBytes  11.4 Mbits/sec   60   2.30 KBytes       
[  5]  15.00-16.00  sec  1.36 MBytes  11.4 Mbits/sec   58   2.30 KBytes       
[  5]  16.00-17.00  sec  2.32 MBytes  19.5 Mbits/sec  112   5.75 KBytes       
[  5]  17.00-18.00  sec  2.23 MBytes  18.7 Mbits/sec  115   1.15 KBytes       
[  5]  18.00-19.00  sec  2.35 MBytes  19.7 Mbits/sec   97   2.30 KBytes       
[  5]  19.00-20.00  sec  1.17 MBytes  9.85 Mbits/sec   55   2.30 KBytes       
[  5]  20.00-21.00  sec  1.42 MBytes  12.0 Mbits/sec   62   8.05 KBytes       
[  5]  21.00-22.00  sec  1.85 MBytes  15.5 Mbits/sec   77   1.15 KBytes       
[  5]  22.00-23.00  sec  2.17 MBytes  18.2 Mbits/sec   93   5.75 KBytes       
[  5]  23.00-24.00  sec  2.47 MBytes  20.7 Mbits/sec   97   5.75 KBytes       
[  5]  24.00-25.00  sec  1.98 MBytes  16.6 Mbits/sec   76   2.30 KBytes       
[  5]  25.00-26.00  sec  1.79 MBytes  15.0 Mbits/sec   72   2.30 KBytes       
[  5]  26.00-27.00  sec  1.79 MBytes  15.0 Mbits/sec   73   1.15 KBytes       
[  5]  27.00-28.00  sec  1.48 MBytes  12.4 Mbits/sec   79   2.30 KBytes       
[  5]  28.00-29.00  sec  2.16 MBytes  18.1 Mbits/sec  107   6.90 KBytes       
[  5]  29.00-30.00  sec  1.42 MBytes  11.9 Mbits/sec   70   2.30 KBytes       
[  5]  30.00-31.00  sec   759 KBytes  6.22 Mbits/sec   37   1.15 KBytes       
[  5]  31.00-32.00  sec  1.42 MBytes  11.9 Mbits/sec   78   5.75 KBytes       
[  5]  32.00-33.00  sec  2.29 MBytes  19.2 Mbits/sec  129   5.75 KBytes       
[  5]  33.00-34.00  sec  1.67 MBytes  14.0 Mbits/sec   85   1.15 KBytes       
[  5]  34.00-35.00  sec  2.84 MBytes  23.9 Mbits/sec  149   5.75 KBytes       
[  5]  35.00-36.00  sec  2.66 MBytes  22.3 Mbits/sec  118   2.30 KBytes       
[  5]  36.00-37.00  sec  1.55 MBytes  13.0 Mbits/sec   78   1.15 KBytes       
[  5]  37.00-38.00  sec   886 KBytes  7.26 Mbits/sec   42   2.30 KBytes       
[  5]  38.00-39.00  sec  2.60 MBytes  21.8 Mbits/sec  126   1.15 KBytes       
[  5]  39.00-40.00  sec  1.17 MBytes  9.85 Mbits/sec   54   2.30 KBytes       
[  5]  40.00-41.00  sec  2.29 MBytes  19.2 Mbits/sec  108   2.30 KBytes       
[  5]  41.00-42.00  sec  1.67 MBytes  14.0 Mbits/sec   81   1.15 KBytes       
[  5]  42.00-43.00  sec  2.66 MBytes  22.3 Mbits/sec  131   2.30 KBytes       
[  5]  43.00-44.00  sec  1.48 MBytes  12.4 Mbits/sec   73   2.30 KBytes       
[  5]  44.00-45.00  sec   696 KBytes  5.70 Mbits/sec   37   1.15 KBytes       
[  5]  45.00-46.00  sec  2.53 MBytes  21.3 Mbits/sec  134   2.30 KBytes       
[  5]  46.00-47.00  sec   886 KBytes  7.26 Mbits/sec   42   2.30 KBytes       
[  5]  47.00-48.00  sec  1012 KBytes  8.29 Mbits/sec   44   2.30 KBytes       
[  5]  48.00-49.00  sec  63.3 KBytes  0.52 Mbits/sec   10   1.15 KBytes       
[  5]  49.00-50.00  sec  63.3 KBytes  0.52 Mbits/sec    4   3.45 KBytes       
[  5]  50.00-51.00  sec   823 KBytes  6.74 Mbits/sec   42   1.15 KBytes       
[  5]  51.00-52.00  sec   886 KBytes  7.26 Mbits/sec   52   3.45 KBytes       
[  5]  52.00-53.00  sec  2.22 MBytes  18.7 Mbits/sec  101   3.45 KBytes       
[  5]  53.00-54.00  sec  2.84 MBytes  23.8 Mbits/sec  126   2.30 KBytes       
[  5]  54.00-55.00  sec  1.98 MBytes  16.6 Mbits/sec  102   4.60 KBytes       
[  5]  55.00-56.00  sec  1.18 MBytes  9.88 Mbits/sec   57   2.30 KBytes       
[  5]  56.00-57.00  sec  1.05 MBytes  8.81 Mbits/sec   52   2.30 KBytes       
[  5]  57.00-58.00  sec  2.67 MBytes  22.4 Mbits/sec  137   1.15 KBytes       
[  5]  58.00-59.00  sec  1.36 MBytes  11.4 Mbits/sec   66   2.30 KBytes       
[  5]  59.00-60.00  sec  1.79 MBytes  15.0 Mbits/sec   83   5.75 KBytes       
- - - - - - - - - - - - - - - - - - - - - - - - -
[ ID] Interval           Transfer     Bitrate         Retr
[  5]   0.00-60.00  sec  99.1 MBytes  13.8 Mbits/sec  4736             sender
[  5]   0.00-60.04  sec  99.2 MBytes  13.9 Mbits/sec                  receiver

iperf Done.
