Connecting to host 10.136.80.190, port 5201
[  5] local 10.136.173.108 port 35453 connected to 10.136.80.190 port 5201
[ ID] Interval           Transfer     Bitrate         Total Datagrams
[  5]   0.00-1.00   sec  56.6 MBytes   475 Mbits/sec  50410  (omitted)
[  5]   0.00-1.00   sec  53.7 MBytes   450 Mbits/sec  47800  
[  5]   1.00-2.00   sec  52.9 MBytes   444 Mbits/sec  47100  
[  5]   2.00-3.00   sec  60.4 MBytes   506 Mbits/sec  53720  
[  5]   3.00-4.00   sec  52.9 MBytes   444 Mbits/sec  47130  
[  5]   4.00-5.00   sec  58.0 MBytes   486 Mbits/sec  51610  
[  5]   5.00-6.00   sec  55.9 MBytes   469 Mbits/sec  49750  
[  5]   6.00-7.00   sec  57.0 MBytes   478 Mbits/sec  50740  
[  5]   7.00-8.00   sec  58.4 MBytes   490 Mbits/sec  52000  
[  5]   8.00-9.00   sec  59.2 MBytes   496 Mbits/sec  52660  
[  5]   9.00-10.00  sec  57.3 MBytes   481 Mbits/sec  51010  
[  5]  10.00-11.00  sec  49.3 MBytes   414 Mbits/sec  43880  
[  5]  11.00-12.00  sec  50.4 MBytes   423 Mbits/sec  44850  
[  5]  12.00-13.00  sec  45.3 MBytes   380 Mbits/sec  40300  
[  5]  13.00-14.00  sec  55.3 MBytes   464 Mbits/sec  49260  
[  5]  14.00-15.00  sec  54.8 MBytes   460 Mbits/sec  48780  
[  5]  15.00-16.00  sec  53.6 MBytes   450 Mbits/sec  47710  
[  5]  16.00-17.00  sec  57.5 MBytes   482 Mbits/sec  51140  
[  5]  17.00-18.00  sec  55.4 MBytes   465 Mbits/sec  49320  
[  5]  18.00-19.00  sec  55.0 MBytes   462 Mbits/sec  49000  
[  5]  19.00-20.00  sec  51.7 MBytes   434 Mbits/sec  46010  
[  5]  20.00-21.00  sec  58.1 MBytes   487 Mbits/sec  51700  
[  5]  21.00-22.00  sec  56.4 MBytes   473 Mbits/sec  50180  
[  5]  22.00-23.00  sec  55.0 MBytes   461 Mbits/sec  48970  
[  5]  23.00-24.00  sec  57.1 MBytes   479 Mbits/sec  50830  
[  5]  24.00-25.00  sec  57.2 MBytes   480 Mbits/sec  50950  
[  5]  25.00-26.00  sec  57.5 MBytes   483 Mbits/sec  51220  
[  5]  26.00-27.00  sec  57.9 MBytes   486 Mbits/sec  51530  
[  5]  27.00-28.00  sec  51.1 MBytes   428 Mbits/sec  45450  
[  5]  28.00-29.00  sec  52.3 MBytes   438 Mbits/sec  46510  
[  5]  29.00-30.00  sec  56.8 MBytes   477 Mbits/sec  50590  
[  5]  30.00-31.00  sec  50.7 MBytes   425 Mbits/sec  45140  
[  5]  31.00-32.00  sec  38.9 MBytes   327 Mbits/sec  34650  
[  5]  32.00-33.00  sec  51.7 MBytes   434 Mbits/sec  46040  
[  5]  33.00-34.00  sec  56.7 MBytes   475 Mbits/sec  50450  
[  5]  34.00-35.00  sec  60.2 MBytes   505 Mbits/sec  53600  
[  5]  35.00-36.00  sec  54.9 MBytes   461 Mbits/sec  48890  
[  5]  36.00-37.00  sec  54.8 MBytes   459 Mbits/sec  48740  
[  5]  37.00-38.00  sec  51.8 MBytes   434 Mbits/sec  46100  
[  5]  38.00-39.00  sec  55.9 MBytes   469 Mbits/sec  49800  
[  5]  39.00-40.00  sec  56.7 MBytes   476 Mbits/sec  50510  
[  5]  40.00-41.00  sec  54.7 MBytes   459 Mbits/sec  48720  
[  5]  41.00-42.00  sec  55.1 MBytes   462 Mbits/sec  49020  
[  5]  42.00-43.00  sec  56.0 MBytes   470 Mbits/sec  49860  
[  5]  43.00-44.00  sec  55.9 MBytes   469 Mbits/sec  49790  
[  5]  44.00-45.00  sec  59.1 MBytes   496 Mbits/sec  52620  
[  5]  45.00-46.00  sec  61.7 MBytes   518 Mbits/sec  54920  
[  5]  46.00-47.00  sec  54.4 MBytes   456 Mbits/sec  48440  
[  5]  47.00-48.00  sec  54.7 MBytes   459 Mbits/sec  48670  
[  5]  48.00-49.00  sec  57.8 MBytes   485 Mbits/sec  51430  
[  5]  49.00-50.00  sec  53.9 MBytes   452 Mbits/sec  47970  
[  5]  50.00-51.00  sec  60.2 MBytes   505 Mbits/sec  53550  
[  5]  51.00-52.00  sec  54.8 MBytes   460 Mbits/sec  48770  
[  5]  52.00-53.00  sec  50.6 MBytes   424 Mbits/sec  45000  
[  5]  53.00-54.00  sec  55.9 MBytes   469 Mbits/sec  49760  
[  5]  54.00-55.00  sec  51.2 MBytes   430 Mbits/sec  45600  
[  5]  55.00-56.00  sec  56.9 MBytes   477 Mbits/sec  50650  
[  5]  56.00-57.00  sec  62.9 MBytes   528 Mbits/sec  55990  
[  5]  57.00-58.00  sec  54.4 MBytes   456 Mbits/sec  48430  
[  5]  58.00-59.00  sec  57.7 MBytes   484 Mbits/sec  51330  
[  5]  59.00-60.00  sec  60.5 MBytes   507 Mbits/sec  53810  
- - - - - - - - - - - - - - - - - - - - - - - - -
[ ID] Interval           Transfer     Bitrate         Jitter    Lost/Total Datagrams
[  5]   0.00-60.00  sec  3.24 GBytes   463 Mbits/sec  0.000 ms  0/2949950 (0%)  sender
[  5]   0.00-60.25  sec  73.7 MBytes  10.3 Mbits/sec  0.031 ms  2920337/2938294 (99%)  receiver

iperf Done.
