Connecting to host knb-server-35237, port 5201
[  5] local 10.136.173.115 port 45414 connected to 10.43.206.163 port 5201
[ ID] Interval           Transfer     Bitrate         Total Datagrams
[  5]   0.00-1.00   sec  49.3 MBytes   413 Mbits/sec  43850  (omitted)
[  5]   0.00-1.00   sec  50.7 MBytes   425 Mbits/sec  45150  
[  5]   1.00-2.00   sec  54.5 MBytes   457 Mbits/sec  48470  
[  5]   2.00-3.00   sec  52.9 MBytes   444 Mbits/sec  47130  
[  5]   3.00-4.00   sec  54.3 MBytes   456 Mbits/sec  48370  
[  5]   4.00-5.00   sec  50.0 MBytes   420 Mbits/sec  44540  
[  5]   5.00-6.00   sec  51.9 MBytes   436 Mbits/sec  46220  
[  5]   6.00-7.00   sec  51.3 MBytes   431 Mbits/sec  45690  
[  5]   7.00-8.00   sec  51.9 MBytes   435 Mbits/sec  46200  
[  5]   8.00-9.00   sec  50.6 MBytes   425 Mbits/sec  45040  
[  5]   9.00-10.00  sec  53.5 MBytes   449 Mbits/sec  47640  
[  5]  10.00-11.00  sec  52.4 MBytes   440 Mbits/sec  46660  
[  5]  11.00-12.00  sec  51.9 MBytes   435 Mbits/sec  46210  
[  5]  12.00-13.00  sec  51.0 MBytes   428 Mbits/sec  45390  
[  5]  13.00-14.00  sec  51.0 MBytes   427 Mbits/sec  45360  
[  5]  14.00-15.00  sec  50.4 MBytes   423 Mbits/sec  44880  
[  5]  15.00-16.00  sec  49.3 MBytes   413 Mbits/sec  43870  
[  5]  16.00-17.00  sec  51.6 MBytes   433 Mbits/sec  45920  
[  5]  17.00-18.00  sec  52.7 MBytes   442 Mbits/sec  46930  
[  5]  18.00-19.00  sec  51.1 MBytes   429 Mbits/sec  45490  
[  5]  19.00-20.00  sec  53.4 MBytes   448 Mbits/sec  47550  
[  5]  20.00-21.00  sec  52.8 MBytes   443 Mbits/sec  47030  
[  5]  21.00-22.00  sec  52.8 MBytes   443 Mbits/sec  47010  
[  5]  22.00-23.00  sec  55.9 MBytes   469 Mbits/sec  49750  
[  5]  23.00-24.00  sec  51.0 MBytes   428 Mbits/sec  45410  
[  5]  24.00-25.00  sec  52.0 MBytes   436 Mbits/sec  46300  
[  5]  25.00-26.00  sec  53.8 MBytes   451 Mbits/sec  47870  
[  5]  26.00-27.00  sec  51.4 MBytes   431 Mbits/sec  45770  
[  5]  27.00-28.00  sec  51.1 MBytes   429 Mbits/sec  45480  
[  5]  28.00-29.00  sec  52.0 MBytes   436 Mbits/sec  46320  
[  5]  29.00-30.00  sec  51.0 MBytes   428 Mbits/sec  45360  
[  5]  30.00-31.00  sec  51.3 MBytes   430 Mbits/sec  45650  
[  5]  31.00-32.00  sec  51.7 MBytes   434 Mbits/sec  46040  
[  5]  32.00-33.00  sec  50.6 MBytes   425 Mbits/sec  45080  
[  5]  33.00-34.00  sec  52.7 MBytes   442 Mbits/sec  46900  
[  5]  34.00-35.00  sec  53.3 MBytes   447 Mbits/sec  47480  
[  5]  35.00-36.00  sec  50.8 MBytes   427 Mbits/sec  45260  
[  5]  36.00-37.00  sec  51.7 MBytes   434 Mbits/sec  46040  
[  5]  37.00-38.00  sec  50.3 MBytes   422 Mbits/sec  44800  
[  5]  38.00-39.00  sec  51.3 MBytes   430 Mbits/sec  45670  
[  5]  39.00-40.00  sec  52.0 MBytes   436 Mbits/sec  46300  
[  5]  40.00-41.00  sec  50.1 MBytes   421 Mbits/sec  44620  
[  5]  41.00-42.00  sec  50.7 MBytes   425 Mbits/sec  45090  
[  5]  42.00-43.00  sec  50.9 MBytes   427 Mbits/sec  45320  
[  5]  43.00-44.00  sec  50.9 MBytes   427 Mbits/sec  45350  
[  5]  44.00-45.00  sec  52.4 MBytes   439 Mbits/sec  46620  
[  5]  45.00-46.00  sec  52.3 MBytes   438 Mbits/sec  46510  
[  5]  46.00-47.00  sec  54.0 MBytes   453 Mbits/sec  48060  
[  5]  47.00-48.00  sec  50.6 MBytes   424 Mbits/sec  45050  
[  5]  48.00-49.00  sec  51.1 MBytes   429 Mbits/sec  45470  
[  5]  49.00-50.00  sec  50.7 MBytes   426 Mbits/sec  45170  
[  5]  50.00-51.00  sec  51.1 MBytes   429 Mbits/sec  45500  
[  5]  51.00-52.00  sec  51.7 MBytes   434 Mbits/sec  46020  
[  5]  52.00-53.00  sec  50.2 MBytes   421 Mbits/sec  44660  
[  5]  53.00-54.00  sec  51.8 MBytes   434 Mbits/sec  46100  
[  5]  54.00-55.00  sec  52.5 MBytes   440 Mbits/sec  46700  
[  5]  55.00-56.00  sec  51.4 MBytes   431 Mbits/sec  45790  
[  5]  56.00-57.00  sec  51.1 MBytes   429 Mbits/sec  45510  
[  5]  57.00-58.00  sec  50.5 MBytes   423 Mbits/sec  44920  
[  5]  58.00-59.00  sec  53.4 MBytes   448 Mbits/sec  47530  
[  5]  59.00-60.00  sec  50.7 MBytes   425 Mbits/sec  45120  
- - - - - - - - - - - - - - - - - - - - - - - - -
[ ID] Interval           Transfer     Bitrate         Jitter    Lost/Total Datagrams
[  5]   0.00-60.00  sec  3.03 GBytes   434 Mbits/sec  0.000 ms  0/2763340 (0%)  sender
[  5]   0.00-60.21  sec  1.88 GBytes   268 Mbits/sec  0.009 ms  1066669/2763340 (39%)  receiver

iperf Done.
