Connecting to host 10.136.80.146, port 5201
[  5] local 10.136.173.82 port 36932 connected to 10.136.80.146 port 5201
[ ID] Interval           Transfer     Bitrate         Total Datagrams
[  5]   0.00-1.00   sec  54.9 MBytes   461 Mbits/sec  48890  (omitted)
[  5]   0.00-1.00   sec  59.1 MBytes   496 Mbits/sec  52600  
[  5]   1.00-2.00   sec  54.0 MBytes   453 Mbits/sec  48030  
[  5]   2.00-3.00   sec  53.2 MBytes   447 Mbits/sec  47390  
[  5]   3.00-4.00   sec  61.1 MBytes   513 Mbits/sec  54390  
[  5]   4.00-5.00   sec  56.0 MBytes   470 Mbits/sec  49860  
[  5]   5.00-6.00   sec  59.6 MBytes   500 Mbits/sec  53090  
[  5]   6.00-7.00   sec  55.4 MBytes   465 Mbits/sec  49310  
[  5]   7.00-8.00   sec  57.5 MBytes   482 Mbits/sec  51150  
[  5]   8.00-9.00   sec  54.0 MBytes   453 Mbits/sec  48030  
[  5]   9.00-10.00  sec  50.1 MBytes   420 Mbits/sec  44580  
[  5]  10.00-11.00  sec  49.7 MBytes   417 Mbits/sec  44200  
[  5]  11.00-12.00  sec  56.5 MBytes   474 Mbits/sec  50320  
[  5]  12.00-13.00  sec  55.1 MBytes   462 Mbits/sec  49010  
[  5]  13.00-14.00  sec  57.4 MBytes   482 Mbits/sec  51110  
[  5]  14.00-15.00  sec  49.4 MBytes   415 Mbits/sec  44010  
[  5]  15.00-16.00  sec  58.1 MBytes   487 Mbits/sec  51680  
[  5]  16.00-17.00  sec  59.0 MBytes   495 Mbits/sec  52540  
[  5]  17.00-18.00  sec  57.9 MBytes   486 Mbits/sec  51570  
[  5]  18.00-19.00  sec  52.7 MBytes   442 Mbits/sec  46890  
[  5]  19.00-20.00  sec  53.5 MBytes   449 Mbits/sec  47610  
[  5]  20.00-21.00  sec  64.1 MBytes   537 Mbits/sec  57020  
[  5]  21.00-22.00  sec  58.8 MBytes   493 Mbits/sec  52300  
[  5]  22.00-23.00  sec  51.6 MBytes   433 Mbits/sec  45960  
[  5]  23.00-24.00  sec  43.5 MBytes   365 Mbits/sec  38680  
[  5]  24.00-25.00  sec  59.1 MBytes   496 Mbits/sec  52610  
[  5]  25.00-26.00  sec  56.4 MBytes   473 Mbits/sec  50190  
[  5]  26.00-27.00  sec  49.7 MBytes   417 Mbits/sec  44240  
[  5]  27.00-28.00  sec  55.2 MBytes   463 Mbits/sec  49110  
[  5]  28.00-29.00  sec  56.7 MBytes   475 Mbits/sec  50440  
[  5]  29.00-30.00  sec  52.6 MBytes   441 Mbits/sec  46830  
[  5]  30.00-31.00  sec  58.9 MBytes   494 Mbits/sec  52390  
[  5]  31.00-32.00  sec  54.2 MBytes   454 Mbits/sec  48240  
[  5]  32.00-33.00  sec  48.1 MBytes   403 Mbits/sec  42790  
[  5]  33.00-34.00  sec  52.1 MBytes   437 Mbits/sec  46360  
[  5]  34.00-35.00  sec  49.4 MBytes   414 Mbits/sec  43950  
[  5]  35.00-36.00  sec  52.9 MBytes   444 Mbits/sec  47070  
[  5]  36.00-37.00  sec  60.4 MBytes   507 Mbits/sec  53800  
[  5]  37.00-38.00  sec  56.8 MBytes   477 Mbits/sec  50570  
[  5]  38.00-39.00  sec  57.4 MBytes   481 Mbits/sec  51050  
[  5]  39.00-40.00  sec  47.9 MBytes   402 Mbits/sec  42610  
[  5]  40.00-41.00  sec  57.8 MBytes   485 Mbits/sec  51420  
[  5]  41.00-42.00  sec  55.6 MBytes   466 Mbits/sec  49490  
[  5]  42.00-43.00  sec  56.6 MBytes   475 Mbits/sec  50390  
[  5]  43.00-44.00  sec  57.9 MBytes   486 Mbits/sec  51520  
[  5]  44.00-45.00  sec  61.7 MBytes   518 Mbits/sec  54920  
[  5]  45.00-46.00  sec  56.4 MBytes   473 Mbits/sec  50180  
[  5]  46.00-47.00  sec  49.3 MBytes   414 Mbits/sec  43910  
[  5]  47.00-48.00  sec  57.2 MBytes   480 Mbits/sec  50920  
[  5]  48.00-49.00  sec  52.8 MBytes   443 Mbits/sec  46970  
[  5]  49.00-50.00  sec  47.3 MBytes   397 Mbits/sec  42110  
[  5]  50.00-51.00  sec  50.4 MBytes   423 Mbits/sec  44880  
[  5]  51.00-52.00  sec  56.1 MBytes   471 Mbits/sec  49970  
[  5]  52.00-53.00  sec  52.8 MBytes   443 Mbits/sec  46980  
[  5]  53.00-54.00  sec  55.8 MBytes   468 Mbits/sec  49700  
[  5]  54.00-55.00  sec  52.9 MBytes   444 Mbits/sec  47080  
[  5]  55.00-56.00  sec  58.4 MBytes   490 Mbits/sec  51970  
[  5]  56.00-57.00  sec  55.0 MBytes   462 Mbits/sec  48990  
[  5]  57.00-58.00  sec  57.5 MBytes   483 Mbits/sec  51220  
[  5]  58.00-59.00  sec  57.8 MBytes   485 Mbits/sec  51490  
[  5]  59.00-60.00  sec  56.7 MBytes   476 Mbits/sec  50500  
- - - - - - - - - - - - - - - - - - - - - - - - -
[ ID] Interval           Transfer     Bitrate         Jitter    Lost/Total Datagrams
[  5]   0.00-60.00  sec  3.22 GBytes   461 Mbits/sec  0.000 ms  0/2938190 (0%)  sender
[  5]   0.00-60.25  sec  2.00 GBytes   285 Mbits/sec  0.022 ms  1135514/2938184 (39%)  receiver

iperf Done.
