Connecting to host knb-server-4131874, port 5201
[  5] local 10.136.173.98 port 45900 connected to 10.43.21.250 port 5201
[ ID] Interval           Transfer     Bitrate         Total Datagrams
[  5]   0.00-1.00   sec  72.7 MBytes   610 Mbits/sec  64690  (omitted)
[  5]   0.00-1.00   sec  69.9 MBytes   586 Mbits/sec  62180  
[  5]   1.00-2.00   sec  66.2 MBytes   555 Mbits/sec  58890  
[  5]   2.00-3.00   sec  68.6 MBytes   576 Mbits/sec  61100  
[  5]   3.00-4.00   sec  53.8 MBytes   451 Mbits/sec  47890  
[  5]   4.00-5.00   sec  74.6 MBytes   626 Mbits/sec  66440  
[  5]   5.00-6.00   sec  73.7 MBytes   619 Mbits/sec  65640  
[  5]   6.00-7.00   sec  73.3 MBytes   615 Mbits/sec  65270  
[  5]   7.00-8.00   sec  73.5 MBytes   616 Mbits/sec  65420  
[  5]   8.00-9.00   sec  71.3 MBytes   598 Mbits/sec  63440  
[  5]   9.00-10.00  sec  62.3 MBytes   523 Mbits/sec  55460  
[  5]  10.00-11.00  sec  58.1 MBytes   487 Mbits/sec  51700  
[  5]  11.00-12.00  sec  53.9 MBytes   452 Mbits/sec  48000  
[  5]  12.00-13.00  sec  68.4 MBytes   574 Mbits/sec  60910  
[  5]  13.00-14.00  sec  75.1 MBytes   630 Mbits/sec  66840  
[  5]  14.00-15.00  sec  71.4 MBytes   599 Mbits/sec  63560  
[  5]  15.00-16.00  sec  73.9 MBytes   620 Mbits/sec  65750  
[  5]  16.00-17.00  sec  75.4 MBytes   632 Mbits/sec  67110  
[  5]  17.00-18.00  sec  74.6 MBytes   626 Mbits/sec  66420  
[  5]  18.00-19.00  sec  74.0 MBytes   621 Mbits/sec  65860  
[  5]  19.00-20.00  sec  73.6 MBytes   617 Mbits/sec  65500  
[  5]  20.00-21.00  sec  73.8 MBytes   619 Mbits/sec  65700  
[  5]  21.00-22.00  sec  76.1 MBytes   638 Mbits/sec  67720  
[  5]  22.00-23.00  sec  74.2 MBytes   623 Mbits/sec  66060  
[  5]  23.00-24.00  sec  72.7 MBytes   609 Mbits/sec  64680  
[  5]  24.00-25.00  sec  66.3 MBytes   557 Mbits/sec  59050  
[  5]  25.00-26.00  sec  74.3 MBytes   623 Mbits/sec  66120  
[  5]  26.00-27.00  sec  74.3 MBytes   623 Mbits/sec  66110  
[  5]  27.00-28.00  sec  74.3 MBytes   623 Mbits/sec  66130  
[  5]  28.00-29.00  sec  72.8 MBytes   611 Mbits/sec  64810  
[  5]  29.00-30.00  sec  72.0 MBytes   604 Mbits/sec  64130  
[  5]  30.00-31.00  sec  73.6 MBytes   617 Mbits/sec  65520  
[  5]  31.00-32.00  sec  70.7 MBytes   593 Mbits/sec  62920  
[  5]  32.00-33.00  sec  73.6 MBytes   617 Mbits/sec  65510  
[  5]  33.00-34.00  sec  74.7 MBytes   626 Mbits/sec  66470  
[  5]  34.00-35.00  sec  74.0 MBytes   620 Mbits/sec  65840  
[  5]  35.00-36.00  sec  72.6 MBytes   609 Mbits/sec  64640  
[  5]  36.00-37.00  sec  74.0 MBytes   621 Mbits/sec  65900  
[  5]  37.00-38.00  sec  74.6 MBytes   626 Mbits/sec  66390  
[  5]  38.00-39.00  sec  70.5 MBytes   591 Mbits/sec  62730  
[  5]  39.00-40.00  sec  72.7 MBytes   610 Mbits/sec  64750  
[  5]  40.00-41.00  sec  72.9 MBytes   612 Mbits/sec  64890  
[  5]  41.00-42.00  sec  73.9 MBytes   620 Mbits/sec  65790  
[  5]  42.00-43.00  sec  74.2 MBytes   623 Mbits/sec  66080  
[  5]  43.00-44.00  sec  72.9 MBytes   612 Mbits/sec  64900  
[  5]  44.00-45.00  sec  75.6 MBytes   634 Mbits/sec  67260  
[  5]  45.00-46.00  sec  74.4 MBytes   624 Mbits/sec  66240  
[  5]  46.00-47.00  sec  74.4 MBytes   624 Mbits/sec  66230  
[  5]  47.00-48.00  sec  74.8 MBytes   628 Mbits/sec  66590  
[  5]  48.00-49.00  sec  72.2 MBytes   605 Mbits/sec  64250  
[  5]  49.00-50.00  sec  68.9 MBytes   578 Mbits/sec  61370  
[  5]  50.00-51.00  sec  72.2 MBytes   606 Mbits/sec  64300  
[  5]  51.00-52.00  sec  70.8 MBytes   594 Mbits/sec  63040  
[  5]  52.00-53.00  sec  74.0 MBytes   620 Mbits/sec  65840  
[  5]  53.00-54.00  sec  73.6 MBytes   618 Mbits/sec  65530  
[  5]  54.00-55.00  sec  72.4 MBytes   607 Mbits/sec  64410  
[  5]  55.00-56.00  sec  74.3 MBytes   623 Mbits/sec  66120  
[  5]  56.00-57.00  sec  73.1 MBytes   613 Mbits/sec  65040  
[  5]  57.00-58.00  sec  74.2 MBytes   623 Mbits/sec  66070  
[  5]  58.00-59.00  sec  66.2 MBytes   555 Mbits/sec  58920  
[  5]  59.00-60.00  sec  73.7 MBytes   619 Mbits/sec  65630  
- - - - - - - - - - - - - - - - - - - - - - - - -
[ ID] Interval           Transfer     Bitrate         Jitter    Lost/Total Datagrams
[  5]   0.00-60.00  sec  4.21 GBytes   602 Mbits/sec  0.000 ms  0/3833060 (0%)  sender
[  5]   0.00-60.08  sec  1.11 GBytes   158 Mbits/sec  0.010 ms  2873094/3833060 (75%)  receiver

iperf Done.
