Connecting to host 10.136.80.158, port 5201
[  5] local 10.136.173.94 port 46976 connected to 10.136.80.158 port 5201
[ ID] Interval           Transfer     Bitrate         Total Datagrams
[  5]   0.00-1.00   sec  57.0 MBytes   478 Mbits/sec  50780  (omitted)
[  5]   0.00-1.00   sec  59.2 MBytes   497 Mbits/sec  52740  
[  5]   1.00-2.00   sec  57.9 MBytes   486 Mbits/sec  51550  
[  5]   2.00-3.00   sec  57.4 MBytes   481 Mbits/sec  51090  
[  5]   3.00-4.00   sec  58.2 MBytes   488 Mbits/sec  51790  
[  5]   4.00-5.00   sec  57.0 MBytes   479 Mbits/sec  50780  
[  5]   5.00-6.00   sec  51.5 MBytes   432 Mbits/sec  45870  
[  5]   6.00-7.00   sec  59.3 MBytes   498 Mbits/sec  52820  
[  5]   7.00-8.00   sec  52.5 MBytes   440 Mbits/sec  46740  
[  5]   8.00-9.00   sec  61.9 MBytes   520 Mbits/sec  55130  
[  5]   9.00-10.00  sec  63.2 MBytes   530 Mbits/sec  56260  
[  5]  10.00-11.00  sec  56.3 MBytes   472 Mbits/sec  50120  
[  5]  11.00-12.00  sec  54.9 MBytes   460 Mbits/sec  48860  
[  5]  12.00-13.00  sec  55.6 MBytes   466 Mbits/sec  49460  
[  5]  13.00-14.00  sec  57.9 MBytes   486 Mbits/sec  51570  
[  5]  14.00-15.00  sec  59.7 MBytes   501 Mbits/sec  53170  
[  5]  15.00-16.00  sec  46.7 MBytes   392 Mbits/sec  41550  
[  5]  16.00-17.00  sec  54.8 MBytes   460 Mbits/sec  48780  
[  5]  17.00-18.00  sec  57.7 MBytes   484 Mbits/sec  51350  
[  5]  18.00-19.00  sec  60.6 MBytes   508 Mbits/sec  53940  
[  5]  19.00-20.00  sec  55.3 MBytes   464 Mbits/sec  49250  
[  5]  20.00-21.00  sec  60.4 MBytes   506 Mbits/sec  53740  
[  5]  21.00-22.00  sec  52.2 MBytes   438 Mbits/sec  46440  
[  5]  22.00-23.00  sec  53.3 MBytes   447 Mbits/sec  47430  
[  5]  23.00-24.00  sec  59.6 MBytes   500 Mbits/sec  53080  
[  5]  24.00-25.00  sec  57.0 MBytes   478 Mbits/sec  50730  
[  5]  25.00-26.00  sec  58.8 MBytes   493 Mbits/sec  52320  
[  5]  26.00-27.00  sec  59.6 MBytes   500 Mbits/sec  53050  
[  5]  27.00-28.00  sec  48.6 MBytes   408 Mbits/sec  43300  
[  5]  28.00-29.00  sec  52.5 MBytes   441 Mbits/sec  46760  
[  5]  29.00-30.00  sec  58.0 MBytes   487 Mbits/sec  51670  
[  5]  30.00-31.00  sec  56.1 MBytes   470 Mbits/sec  49930  
[  5]  31.00-32.00  sec  52.8 MBytes   443 Mbits/sec  47030  
[  5]  32.00-33.00  sec  61.6 MBytes   517 Mbits/sec  54860  
[  5]  33.00-34.00  sec  56.1 MBytes   471 Mbits/sec  49940  
[  5]  34.00-35.00  sec  47.6 MBytes   400 Mbits/sec  42410  
[  5]  35.00-36.00  sec  53.4 MBytes   448 Mbits/sec  47500  
[  5]  36.00-37.00  sec  56.8 MBytes   477 Mbits/sec  50590  
[  5]  37.00-38.00  sec  58.8 MBytes   493 Mbits/sec  52330  
[  5]  38.00-39.00  sec  55.5 MBytes   466 Mbits/sec  49440  
[  5]  39.00-40.00  sec  58.7 MBytes   493 Mbits/sec  52280  
[  5]  40.00-41.00  sec  53.1 MBytes   445 Mbits/sec  47230  
[  5]  41.00-42.00  sec  60.9 MBytes   511 Mbits/sec  54190  
[  5]  42.00-43.00  sec  55.6 MBytes   466 Mbits/sec  49470  
[  5]  43.00-44.00  sec  56.2 MBytes   472 Mbits/sec  50060  
[  5]  44.00-45.00  sec  59.5 MBytes   499 Mbits/sec  52980  
[  5]  45.00-46.00  sec  44.0 MBytes   369 Mbits/sec  39150  
[  5]  46.00-47.00  sec  55.2 MBytes   463 Mbits/sec  49140  
[  5]  47.00-48.00  sec  60.3 MBytes   506 Mbits/sec  53650  
[  5]  48.00-49.00  sec  56.5 MBytes   474 Mbits/sec  50270  
[  5]  49.00-50.00  sec  57.9 MBytes   486 Mbits/sec  51570  
[  5]  50.00-51.00  sec  53.7 MBytes   451 Mbits/sec  47830  
[  5]  51.00-52.00  sec  57.1 MBytes   479 Mbits/sec  50810  
[  5]  52.00-53.00  sec  59.0 MBytes   495 Mbits/sec  52490  
[  5]  53.00-54.00  sec  59.6 MBytes   500 Mbits/sec  53050  
[  5]  54.00-55.00  sec  55.7 MBytes   467 Mbits/sec  49570  
[  5]  55.00-56.00  sec  62.6 MBytes   525 Mbits/sec  55680  
[  5]  56.00-57.00  sec  55.1 MBytes   462 Mbits/sec  49050  
[  5]  57.00-58.00  sec  58.9 MBytes   494 Mbits/sec  52470  
[  5]  58.00-59.00  sec  57.3 MBytes   480 Mbits/sec  50980  
[  5]  59.00-60.00  sec  51.0 MBytes   428 Mbits/sec  45370  
- - - - - - - - - - - - - - - - - - - - - - - - -
[ ID] Interval           Transfer     Bitrate         Jitter    Lost/Total Datagrams
[  5]   0.00-60.00  sec  3.31 GBytes   473 Mbits/sec  0.000 ms  0/3012660 (0%)  sender
[  5]   0.00-60.36  sec  1.29 GBytes   183 Mbits/sec  0.028 ms  1872518/3012660 (62%)  receiver

iperf Done.
