Connecting to host 10.136.80.142, port 5201
[  5] local 10.136.173.78 port 53385 connected to 10.136.80.142 port 5201
[ ID] Interval           Transfer     Bitrate         Total Datagrams
[  5]   0.00-1.00   sec  55.0 MBytes   461 Mbits/sec  48920  (omitted)
[  5]   0.00-1.00   sec  62.8 MBytes   527 Mbits/sec  55900  
[  5]   1.00-2.00   sec  52.7 MBytes   442 Mbits/sec  46930  
[  5]   2.00-3.00   sec  52.4 MBytes   440 Mbits/sec  46660  
[  5]   3.00-4.00   sec  56.5 MBytes   474 Mbits/sec  50270  
[  5]   4.00-5.00   sec  51.5 MBytes   432 Mbits/sec  45850  
[  5]   5.00-6.00   sec  54.1 MBytes   454 Mbits/sec  48190  
[  5]   6.00-7.00   sec  56.0 MBytes   470 Mbits/sec  49830  
[  5]   7.00-8.00   sec  50.8 MBytes   426 Mbits/sec  45230  
[  5]   8.00-9.00   sec  51.9 MBytes   436 Mbits/sec  46230  
[  5]   9.00-10.00  sec  58.3 MBytes   489 Mbits/sec  51910  
[  5]  10.00-11.00  sec  60.2 MBytes   505 Mbits/sec  53600  
[  5]  11.00-12.00  sec  62.9 MBytes   527 Mbits/sec  55960  
[  5]  12.00-13.00  sec  57.4 MBytes   482 Mbits/sec  51110  
[  5]  13.00-14.00  sec  52.2 MBytes   438 Mbits/sec  46460  
[  5]  14.00-15.00  sec  56.0 MBytes   470 Mbits/sec  49890  
[  5]  15.00-16.00  sec  61.7 MBytes   517 Mbits/sec  54910  
[  5]  16.00-17.00  sec  54.9 MBytes   460 Mbits/sec  48840  
[  5]  17.00-18.00  sec  62.3 MBytes   522 Mbits/sec  55430  
[  5]  18.00-19.00  sec  55.6 MBytes   467 Mbits/sec  49520  
[  5]  19.00-20.00  sec  55.6 MBytes   466 Mbits/sec  49490  
[  5]  20.00-21.00  sec  58.9 MBytes   494 Mbits/sec  52450  
[  5]  21.00-22.00  sec  50.0 MBytes   419 Mbits/sec  44500  
[  5]  22.00-23.00  sec  58.7 MBytes   493 Mbits/sec  52270  
[  5]  23.00-24.00  sec  43.7 MBytes   366 Mbits/sec  38880  
[  5]  24.00-25.00  sec  49.8 MBytes   417 Mbits/sec  44300  
[  5]  25.00-26.00  sec  54.6 MBytes   458 Mbits/sec  48590  
[  5]  26.00-27.00  sec  54.0 MBytes   453 Mbits/sec  48100  
[  5]  27.00-28.00  sec  55.0 MBytes   461 Mbits/sec  48950  
[  5]  28.00-29.00  sec  55.6 MBytes   467 Mbits/sec  49530  
[  5]  29.00-30.00  sec  52.6 MBytes   442 Mbits/sec  46860  
[  5]  30.00-31.00  sec  56.7 MBytes   476 Mbits/sec  50490  
[  5]  31.00-32.00  sec  54.3 MBytes   456 Mbits/sec  48360  
[  5]  32.00-33.00  sec  56.8 MBytes   477 Mbits/sec  50550  
[  5]  33.00-34.00  sec  60.1 MBytes   504 Mbits/sec  53490  
[  5]  34.00-35.00  sec  55.5 MBytes   466 Mbits/sec  49420  
[  5]  35.00-36.00  sec  60.7 MBytes   509 Mbits/sec  54030  
[  5]  36.00-37.00  sec  59.5 MBytes   499 Mbits/sec  52950  
[  5]  37.00-38.00  sec  50.8 MBytes   426 Mbits/sec  45230  
[  5]  38.00-39.00  sec  49.3 MBytes   413 Mbits/sec  43860  
[  5]  39.00-40.00  sec  61.1 MBytes   512 Mbits/sec  54370  
[  5]  40.00-41.00  sec  54.2 MBytes   455 Mbits/sec  48270  
[  5]  41.00-42.00  sec  56.9 MBytes   477 Mbits/sec  50630  
[  5]  42.00-43.00  sec  54.7 MBytes   459 Mbits/sec  48650  
[  5]  43.00-44.00  sec  57.4 MBytes   481 Mbits/sec  51050  
[  5]  44.00-45.00  sec  63.1 MBytes   529 Mbits/sec  56170  
[  5]  45.00-46.00  sec  57.0 MBytes   478 Mbits/sec  50700  
[  5]  46.00-47.00  sec  54.2 MBytes   455 Mbits/sec  48250  
[  5]  47.00-48.00  sec  61.7 MBytes   517 Mbits/sec  54890  
[  5]  48.00-49.00  sec  57.8 MBytes   485 Mbits/sec  51470  
[  5]  49.00-50.00  sec  42.3 MBytes   355 Mbits/sec  37650  
[  5]  50.00-51.00  sec  60.3 MBytes   506 Mbits/sec  53700  
[  5]  51.00-52.00  sec  58.3 MBytes   489 Mbits/sec  51880  
[  5]  52.00-53.00  sec  57.6 MBytes   483 Mbits/sec  51230  
[  5]  53.00-54.00  sec  53.1 MBytes   446 Mbits/sec  47300  
[  5]  54.00-55.00  sec  54.5 MBytes   457 Mbits/sec  48520  
[  5]  55.00-56.00  sec  53.0 MBytes   445 Mbits/sec  47170  
[  5]  56.00-57.00  sec  56.6 MBytes   475 Mbits/sec  50360  
[  5]  57.00-58.00  sec  54.8 MBytes   460 Mbits/sec  48820  
[  5]  58.00-59.00  sec  56.3 MBytes   472 Mbits/sec  50100  
[  5]  59.00-60.00  sec  53.0 MBytes   445 Mbits/sec  47170  
- - - - - - - - - - - - - - - - - - - - - - - - -
[ ID] Interval           Transfer     Bitrate         Jitter    Lost/Total Datagrams
[  5]   0.00-60.00  sec  3.26 GBytes   467 Mbits/sec  0.000 ms  0/2973370 (0%)  sender
[  5]   0.00-60.06  sec  2.01 GBytes   287 Mbits/sec  0.022 ms  1165170/2973370 (39%)  receiver

iperf Done.
