Connecting to host knb-server-452808, port 5201
[  5] local 10.136.173.115 port 58332 connected to 10.43.236.123 port 5201
[ ID] Interval           Transfer     Bitrate         Total Datagrams
[  5]   0.00-1.00   sec  70.2 MBytes   588 Mbits/sec  62450  (omitted)
[  5]   0.00-1.00   sec  57.0 MBytes   478 Mbits/sec  50760  
[  5]   1.00-2.00   sec  55.4 MBytes   465 Mbits/sec  49300  
[  5]   2.00-3.00   sec  55.0 MBytes   461 Mbits/sec  48930  
[  5]   3.00-4.00   sec  58.9 MBytes   494 Mbits/sec  52400  
[  5]   4.00-5.00   sec  60.6 MBytes   508 Mbits/sec  53920  
[  5]   5.00-6.00   sec  55.7 MBytes   467 Mbits/sec  49540  
[  5]   6.00-7.00   sec  54.4 MBytes   456 Mbits/sec  48420  
[  5]   7.00-8.00   sec  53.0 MBytes   444 Mbits/sec  47140  
[  5]   8.00-9.00   sec  54.2 MBytes   455 Mbits/sec  48280  
[  5]   9.00-10.00  sec  53.0 MBytes   445 Mbits/sec  47210  
[  5]  10.00-11.00  sec  50.6 MBytes   424 Mbits/sec  45030  
[  5]  11.00-12.00  sec  75.4 MBytes   633 Mbits/sec  67140  
[  5]  12.00-13.00  sec  74.7 MBytes   627 Mbits/sec  66500  
[  5]  13.00-14.00  sec  73.0 MBytes   612 Mbits/sec  64970  
[  5]  14.00-15.00  sec  71.6 MBytes   600 Mbits/sec  63690  
[  5]  15.00-16.00  sec  73.1 MBytes   613 Mbits/sec  65100  
[  5]  16.00-17.00  sec  73.3 MBytes   615 Mbits/sec  65210  
[  5]  17.00-18.00  sec  70.0 MBytes   587 Mbits/sec  62310  
[  5]  18.00-19.00  sec  65.9 MBytes   553 Mbits/sec  58630  
[  5]  19.00-20.00  sec  68.7 MBytes   576 Mbits/sec  61110  
[  5]  20.00-21.00  sec  73.4 MBytes   616 Mbits/sec  65360  
[  5]  21.00-22.00  sec  72.5 MBytes   608 Mbits/sec  64510  
[  5]  22.00-23.00  sec  73.5 MBytes   616 Mbits/sec  65410  
[  5]  23.00-24.00  sec  74.5 MBytes   625 Mbits/sec  66350  
[  5]  24.00-25.00  sec  72.0 MBytes   604 Mbits/sec  64100  
[  5]  25.00-26.00  sec  70.0 MBytes   587 Mbits/sec  62340  
[  5]  26.00-27.00  sec  69.9 MBytes   586 Mbits/sec  62220  
[  5]  27.00-28.00  sec  72.3 MBytes   607 Mbits/sec  64400  
[  5]  28.00-29.00  sec  70.7 MBytes   593 Mbits/sec  62900  
[  5]  29.00-30.00  sec  71.2 MBytes   597 Mbits/sec  63350  
[  5]  30.00-31.00  sec  73.5 MBytes   616 Mbits/sec  65420  
[  5]  31.00-32.00  sec  72.9 MBytes   612 Mbits/sec  64890  
[  5]  32.00-33.00  sec  72.3 MBytes   606 Mbits/sec  64320  
[  5]  33.00-34.00  sec  73.6 MBytes   617 Mbits/sec  65480  
[  5]  34.00-35.00  sec  72.6 MBytes   609 Mbits/sec  64630  
[  5]  35.00-36.00  sec  72.9 MBytes   611 Mbits/sec  64860  
[  5]  36.00-37.00  sec  72.9 MBytes   611 Mbits/sec  64850  
[  5]  37.00-38.00  sec  70.9 MBytes   594 Mbits/sec  63070  
[  5]  38.00-39.00  sec  70.7 MBytes   593 Mbits/sec  62910  
[  5]  39.00-40.00  sec  71.3 MBytes   598 Mbits/sec  63480  
[  5]  40.00-41.00  sec  72.2 MBytes   606 Mbits/sec  64270  
[  5]  41.00-42.00  sec  72.0 MBytes   604 Mbits/sec  64060  
[  5]  42.00-43.00  sec  73.7 MBytes   618 Mbits/sec  65600  
[  5]  43.00-44.00  sec  73.6 MBytes   617 Mbits/sec  65490  
[  5]  44.00-45.00  sec  73.5 MBytes   617 Mbits/sec  65450  
[  5]  45.00-46.00  sec  73.1 MBytes   613 Mbits/sec  65080  
[  5]  46.00-47.00  sec  73.8 MBytes   619 Mbits/sec  65710  
[  5]  47.00-48.00  sec  72.0 MBytes   604 Mbits/sec  64070  
[  5]  48.00-49.00  sec  73.2 MBytes   614 Mbits/sec  65190  
[  5]  49.00-50.00  sec  71.3 MBytes   598 Mbits/sec  63460  
[  5]  50.00-51.00  sec  74.1 MBytes   621 Mbits/sec  65950  
[  5]  51.00-52.00  sec  73.2 MBytes   614 Mbits/sec  65180  
[  5]  52.00-53.00  sec  72.4 MBytes   607 Mbits/sec  64430  
[  5]  53.00-54.00  sec  68.5 MBytes   575 Mbits/sec  60990  
[  5]  54.00-55.00  sec  71.9 MBytes   603 Mbits/sec  63960  
[  5]  55.00-56.00  sec  70.9 MBytes   595 Mbits/sec  63130  
[  5]  56.00-57.00  sec  70.7 MBytes   593 Mbits/sec  62930  
[  5]  57.00-58.00  sec  71.6 MBytes   600 Mbits/sec  63700  
[  5]  58.00-59.00  sec  72.1 MBytes   605 Mbits/sec  64150  
[  5]  59.00-60.00  sec  66.3 MBytes   557 Mbits/sec  59050  
- - - - - - - - - - - - - - - - - - - - - - - - -
[ ID] Interval           Transfer     Bitrate         Jitter    Lost/Total Datagrams
[  5]   0.00-60.00  sec  4.04 GBytes   578 Mbits/sec  0.000 ms  0/3682290 (0%)  sender
[  5]   0.00-60.26  sec  1.75 GBytes   250 Mbits/sec  0.434 ms  2120820/3682279 (58%)  receiver

iperf Done.
