Connecting to host 10.136.80.150, port 5201
[  5] local 10.136.173.86 port 59942 connected to 10.136.80.150 port 5201
[ ID] Interval           Transfer     Bitrate         Total Datagrams
[  5]   0.00-1.00   sec  53.1 MBytes   445 Mbits/sec  47250  (omitted)
[  5]   0.00-1.00   sec  48.2 MBytes   404 Mbits/sec  42920  
[  5]   1.00-2.00   sec  56.4 MBytes   473 Mbits/sec  50190  
[  5]   2.00-3.00   sec  52.1 MBytes   437 Mbits/sec  46350  
[  5]   3.00-4.00   sec  54.3 MBytes   456 Mbits/sec  48350  
[  5]   4.00-5.00   sec  56.6 MBytes   475 Mbits/sec  50420  
[  5]   5.00-6.00   sec  49.3 MBytes   414 Mbits/sec  43880  
[  5]   6.00-7.00   sec  53.1 MBytes   445 Mbits/sec  47240  
[  5]   7.00-8.00   sec  54.8 MBytes   460 Mbits/sec  48790  
[  5]   8.00-9.00   sec  51.4 MBytes   431 Mbits/sec  45750  
[  5]   9.00-10.00  sec  53.3 MBytes   447 Mbits/sec  47400  
[  5]  10.00-11.00  sec  54.4 MBytes   456 Mbits/sec  48420  
[  5]  11.00-12.00  sec  53.6 MBytes   450 Mbits/sec  47700  
[  5]  12.00-13.00  sec  56.5 MBytes   474 Mbits/sec  50260  
[  5]  13.00-14.00  sec  59.0 MBytes   495 Mbits/sec  52540  
[  5]  14.00-15.00  sec  53.3 MBytes   447 Mbits/sec  47450  
[  5]  15.00-16.00  sec  55.3 MBytes   464 Mbits/sec  49210  
[  5]  16.00-17.00  sec  52.4 MBytes   440 Mbits/sec  46680  
[  5]  17.00-18.00  sec  55.9 MBytes   469 Mbits/sec  49750  
[  5]  18.00-19.00  sec  59.0 MBytes   495 Mbits/sec  52540  
[  5]  19.00-20.00  sec  55.7 MBytes   467 Mbits/sec  49580  
[  5]  20.00-21.00  sec  61.1 MBytes   513 Mbits/sec  54420  
[  5]  21.00-22.00  sec  56.2 MBytes   471 Mbits/sec  50010  
[  5]  22.00-23.00  sec  60.4 MBytes   507 Mbits/sec  53800  
[  5]  23.00-24.00  sec  57.0 MBytes   478 Mbits/sec  50770  
[  5]  24.00-25.00  sec  50.2 MBytes   421 Mbits/sec  44680  
[  5]  25.00-26.00  sec  52.5 MBytes   440 Mbits/sec  46720  
[  5]  26.00-27.00  sec  52.9 MBytes   444 Mbits/sec  47120  
[  5]  27.00-28.00  sec  55.8 MBytes   468 Mbits/sec  49650  
[  5]  28.00-29.00  sec  55.1 MBytes   462 Mbits/sec  49040  
[  5]  29.00-30.00  sec  52.0 MBytes   436 Mbits/sec  46260  
[  5]  30.00-31.00  sec  52.2 MBytes   438 Mbits/sec  46500  
[  5]  31.00-32.00  sec  54.6 MBytes   458 Mbits/sec  48590  
[  5]  32.00-33.00  sec  56.0 MBytes   470 Mbits/sec  49830  
[  5]  33.00-34.00  sec  50.4 MBytes   423 Mbits/sec  44840  
[  5]  34.00-35.00  sec  50.5 MBytes   424 Mbits/sec  44950  
[  5]  35.00-36.00  sec  49.6 MBytes   416 Mbits/sec  44190  
[  5]  36.00-37.00  sec  53.6 MBytes   450 Mbits/sec  47750  
[  5]  37.00-38.00  sec  46.9 MBytes   394 Mbits/sec  41760  
[  5]  38.00-39.00  sec  50.9 MBytes   427 Mbits/sec  45310  
[  5]  39.00-40.00  sec  55.4 MBytes   465 Mbits/sec  49320  
[  5]  40.00-41.00  sec  54.2 MBytes   455 Mbits/sec  48260  
[  5]  41.00-42.00  sec  57.9 MBytes   486 Mbits/sec  51570  
[  5]  42.00-43.00  sec  56.8 MBytes   477 Mbits/sec  50570  
[  5]  43.00-44.00  sec  57.8 MBytes   485 Mbits/sec  51490  
[  5]  44.00-45.00  sec  53.8 MBytes   451 Mbits/sec  47860  
[  5]  45.00-46.00  sec  56.2 MBytes   472 Mbits/sec  50040  
[  5]  46.00-47.00  sec  49.5 MBytes   415 Mbits/sec  44080  
[  5]  47.00-48.00  sec  55.4 MBytes   465 Mbits/sec  49350  
[  5]  48.00-49.00  sec  57.6 MBytes   483 Mbits/sec  51230  
[  5]  49.00-50.00  sec  49.6 MBytes   416 Mbits/sec  44110  
[  5]  50.00-51.00  sec  49.3 MBytes   413 Mbits/sec  43850  
[  5]  51.00-52.00  sec  50.6 MBytes   425 Mbits/sec  45050  
[  5]  52.00-53.00  sec  55.4 MBytes   465 Mbits/sec  49330  
[  5]  53.00-54.00  sec  51.1 MBytes   428 Mbits/sec  45460  
[  5]  54.00-55.00  sec  51.0 MBytes   428 Mbits/sec  45390  
[  5]  55.00-56.00  sec  52.4 MBytes   440 Mbits/sec  46680  
[  5]  56.00-57.00  sec  54.7 MBytes   459 Mbits/sec  48730  
[  5]  57.00-58.00  sec  58.4 MBytes   490 Mbits/sec  52020  
[  5]  58.00-59.00  sec  55.7 MBytes   467 Mbits/sec  49610  
[  5]  59.00-60.00  sec  54.6 MBytes   458 Mbits/sec  48590  
- - - - - - - - - - - - - - - - - - - - - - - - -
[ ID] Interval           Transfer     Bitrate         Jitter    Lost/Total Datagrams
[  5]   0.00-60.00  sec  3.16 GBytes   453 Mbits/sec  0.000 ms  0/2884200 (0%)  sender
[  5]   0.00-60.27  sec  1.96 GBytes   279 Mbits/sec  0.008 ms  1114289/2884200 (39%)  receiver

iperf Done.
