Connecting to host 10.136.80.185, port 5201
[  5] local 10.136.173.106 port 60407 connected to 10.136.80.185 port 5201
[ ID] Interval           Transfer     Bitrate         Total Datagrams
[  5]   0.00-1.00   sec  55.1 MBytes   462 Mbits/sec  49070  (omitted)
[  5]   0.00-1.00   sec  54.1 MBytes   454 Mbits/sec  48130  
[  5]   1.00-2.00   sec  55.5 MBytes   466 Mbits/sec  49400  
[  5]   2.00-3.00   sec  52.3 MBytes   439 Mbits/sec  46540  
[  5]   3.00-4.00   sec  53.7 MBytes   450 Mbits/sec  47760  
[  5]   4.00-5.00   sec  57.0 MBytes   478 Mbits/sec  50700  
[  5]   5.00-6.00   sec  52.9 MBytes   444 Mbits/sec  47100  
[  5]   6.00-7.00   sec  50.8 MBytes   426 Mbits/sec  45230  
[  5]   7.00-8.00   sec  53.8 MBytes   451 Mbits/sec  47900  
[  5]   8.00-9.00   sec  54.8 MBytes   460 Mbits/sec  48760  
[  5]   9.00-10.00  sec  55.4 MBytes   465 Mbits/sec  49310  
[  5]  10.00-11.00  sec  50.0 MBytes   420 Mbits/sec  44520  
[  5]  11.00-12.00  sec  53.1 MBytes   445 Mbits/sec  47260  
[  5]  12.00-13.00  sec  51.9 MBytes   436 Mbits/sec  46220  
[  5]  13.00-14.00  sec  52.2 MBytes   438 Mbits/sec  46450  
[  5]  14.00-15.00  sec  51.2 MBytes   430 Mbits/sec  45580  
[  5]  15.00-16.00  sec  52.3 MBytes   439 Mbits/sec  46560  
[  5]  16.00-17.00  sec  39.9 MBytes   334 Mbits/sec  35500  
[  5]  17.00-18.00  sec  47.4 MBytes   398 Mbits/sec  42230  
[  5]  18.00-19.00  sec  54.7 MBytes   459 Mbits/sec  48680  
[  5]  19.00-20.00  sec  52.8 MBytes   443 Mbits/sec  46970  
[  5]  20.00-21.00  sec  54.1 MBytes   454 Mbits/sec  48160  
[  5]  21.00-22.00  sec  53.9 MBytes   452 Mbits/sec  47950  
[  5]  22.00-23.00  sec  51.3 MBytes   430 Mbits/sec  45670  
[  5]  23.00-24.00  sec  55.7 MBytes   467 Mbits/sec  49570  
[  5]  24.00-25.00  sec  53.9 MBytes   452 Mbits/sec  48000  
[  5]  25.00-26.00  sec  52.5 MBytes   440 Mbits/sec  46700  
[  5]  26.00-27.00  sec  53.8 MBytes   451 Mbits/sec  47850  
[  5]  27.00-28.00  sec  51.3 MBytes   430 Mbits/sec  45630  
[  5]  28.00-29.00  sec  53.3 MBytes   447 Mbits/sec  47420  
[  5]  29.00-30.00  sec  55.4 MBytes   465 Mbits/sec  49300  
[  5]  30.00-31.00  sec  53.1 MBytes   446 Mbits/sec  47310  
[  5]  31.00-32.00  sec  52.2 MBytes   438 Mbits/sec  46430  
[  5]  32.00-33.00  sec  53.0 MBytes   445 Mbits/sec  47180  
[  5]  33.00-34.00  sec  53.7 MBytes   451 Mbits/sec  47830  
[  5]  34.00-35.00  sec  54.2 MBytes   455 Mbits/sec  48280  
[  5]  35.00-36.00  sec  56.9 MBytes   477 Mbits/sec  50630  
[  5]  36.00-37.00  sec  52.8 MBytes   443 Mbits/sec  46980  
[  5]  37.00-38.00  sec  52.1 MBytes   437 Mbits/sec  46350  
[  5]  38.00-39.00  sec  55.0 MBytes   462 Mbits/sec  48970  
[  5]  39.00-40.00  sec  54.2 MBytes   455 Mbits/sec  48270  
[  5]  40.00-41.00  sec  54.7 MBytes   459 Mbits/sec  48690  
[  5]  41.00-42.00  sec  54.1 MBytes   454 Mbits/sec  48120  
[  5]  42.00-43.00  sec  52.3 MBytes   439 Mbits/sec  46550  
[  5]  43.00-44.00  sec  52.7 MBytes   442 Mbits/sec  46930  
[  5]  44.00-45.00  sec  52.4 MBytes   439 Mbits/sec  46600  
[  5]  45.00-46.00  sec  54.1 MBytes   454 Mbits/sec  48170  
[  5]  46.00-47.00  sec  52.2 MBytes   438 Mbits/sec  46430  
[  5]  47.00-48.00  sec  55.2 MBytes   463 Mbits/sec  49130  
[  5]  48.00-49.00  sec  52.8 MBytes   443 Mbits/sec  47010  
[  5]  49.00-50.00  sec  54.8 MBytes   459 Mbits/sec  48760  
[  5]  50.00-51.00  sec  54.0 MBytes   453 Mbits/sec  48030  
[  5]  51.00-52.00  sec  53.7 MBytes   451 Mbits/sec  47840  
[  5]  52.00-53.00  sec  54.3 MBytes   455 Mbits/sec  48300  
[  5]  53.00-54.00  sec  55.3 MBytes   463 Mbits/sec  49190  
[  5]  54.00-55.00  sec  54.6 MBytes   458 Mbits/sec  48560  
[  5]  55.00-56.00  sec  54.9 MBytes   460 Mbits/sec  48850  
[  5]  56.00-57.00  sec  56.3 MBytes   472 Mbits/sec  50110  
[  5]  57.00-58.00  sec  52.1 MBytes   437 Mbits/sec  46340  
[  5]  58.00-59.00  sec  51.3 MBytes   431 Mbits/sec  45700  
[  5]  59.00-60.00  sec  52.9 MBytes   443 Mbits/sec  47050  
- - - - - - - - - - - - - - - - - - - - - - - - -
[ ID] Interval           Transfer     Bitrate         Jitter    Lost/Total Datagrams
[  5]   0.00-60.00  sec  3.12 GBytes   446 Mbits/sec  0.000 ms  0/2841640 (0%)  sender
[  5]   0.00-60.22  sec  1.88 GBytes   268 Mbits/sec  0.007 ms  1149365/2841640 (40%)  receiver

iperf Done.
