Connecting to host knb-server-230730, port 5201
[  5] local 10.136.173.108 port 35783 connected to 10.43.143.117 port 5201
[ ID] Interval           Transfer     Bitrate         Total Datagrams
[  5]   0.00-1.00   sec  53.5 MBytes   449 Mbits/sec  47610  (omitted)
[  5]   0.00-1.00   sec  54.2 MBytes   454 Mbits/sec  48210  
[  5]   1.00-2.00   sec  52.1 MBytes   437 Mbits/sec  46370  
[  5]   2.00-3.00   sec  49.2 MBytes   413 Mbits/sec  43830  
[  5]   3.00-4.00   sec  51.1 MBytes   429 Mbits/sec  45500  
[  5]   4.00-5.00   sec  50.0 MBytes   419 Mbits/sec  44470  
[  5]   5.00-6.00   sec  54.3 MBytes   455 Mbits/sec  48300  
[  5]   6.00-7.00   sec  47.4 MBytes   397 Mbits/sec  42180  
[  5]   7.00-8.00   sec  54.0 MBytes   453 Mbits/sec  48030  
[  5]   8.00-9.00   sec  53.1 MBytes   445 Mbits/sec  47260  
[  5]   9.00-10.00  sec  54.0 MBytes   453 Mbits/sec  48040  
[  5]  10.00-11.00  sec  52.2 MBytes   438 Mbits/sec  46470  
[  5]  11.00-12.00  sec  54.2 MBytes   455 Mbits/sec  48260  
[  5]  12.00-13.00  sec  51.4 MBytes   432 Mbits/sec  45790  
[  5]  13.00-14.00  sec  52.0 MBytes   437 Mbits/sec  46320  
[  5]  14.00-15.00  sec  54.7 MBytes   459 Mbits/sec  48700  
[  5]  15.00-16.00  sec  55.2 MBytes   463 Mbits/sec  49150  
[  5]  16.00-17.00  sec  55.0 MBytes   462 Mbits/sec  48980  
[  5]  17.00-18.00  sec  53.3 MBytes   447 Mbits/sec  47400  
[  5]  18.00-19.00  sec  53.7 MBytes   450 Mbits/sec  47790  
[  5]  19.00-20.00  sec  50.4 MBytes   423 Mbits/sec  44890  
[  5]  20.00-21.00  sec  53.0 MBytes   445 Mbits/sec  47200  
[  5]  21.00-22.00  sec  51.3 MBytes   431 Mbits/sec  45690  
[  5]  22.00-23.00  sec  53.1 MBytes   445 Mbits/sec  47230  
[  5]  23.00-24.00  sec  52.7 MBytes   442 Mbits/sec  46910  
[  5]  24.00-25.00  sec  34.6 MBytes   290 Mbits/sec  30790  
[  5]  25.00-26.00  sec  54.6 MBytes   458 Mbits/sec  48590  
[  5]  26.00-27.00  sec  50.7 MBytes   426 Mbits/sec  45170  
[  5]  27.00-28.00  sec  51.2 MBytes   430 Mbits/sec  45600  
[  5]  28.00-29.00  sec  52.6 MBytes   441 Mbits/sec  46850  
[  5]  29.00-30.00  sec  51.3 MBytes   430 Mbits/sec  45670  
[  5]  30.00-31.00  sec  54.1 MBytes   453 Mbits/sec  48120  
[  5]  31.00-32.00  sec  51.0 MBytes   428 Mbits/sec  45420  
[  5]  32.00-33.00  sec  51.3 MBytes   431 Mbits/sec  45690  
[  5]  33.00-34.00  sec  51.2 MBytes   430 Mbits/sec  45580  
[  5]  34.00-35.00  sec  53.3 MBytes   447 Mbits/sec  47430  
[  5]  35.00-36.00  sec  54.6 MBytes   458 Mbits/sec  48560  
[  5]  36.00-37.00  sec  53.0 MBytes   444 Mbits/sec  47160  
[  5]  37.00-38.00  sec  52.5 MBytes   441 Mbits/sec  46750  
[  5]  38.00-39.00  sec  54.1 MBytes   454 Mbits/sec  48130  
[  5]  39.00-40.00  sec  52.8 MBytes   442 Mbits/sec  46960  
[  5]  40.00-41.00  sec  51.8 MBytes   435 Mbits/sec  46150  
[  5]  41.00-42.00  sec  53.7 MBytes   451 Mbits/sec  47840  
[  5]  42.00-43.00  sec  52.1 MBytes   437 Mbits/sec  46370  
[  5]  43.00-44.00  sec  49.9 MBytes   418 Mbits/sec  44390  
[  5]  44.00-45.00  sec  52.2 MBytes   438 Mbits/sec  46480  
[  5]  45.00-46.00  sec  51.5 MBytes   432 Mbits/sec  45810  
[  5]  46.00-47.00  sec  52.4 MBytes   439 Mbits/sec  46620  
[  5]  47.00-48.00  sec  52.5 MBytes   440 Mbits/sec  46700  
[  5]  48.00-49.00  sec  51.9 MBytes   436 Mbits/sec  46220  
[  5]  49.00-50.00  sec  51.0 MBytes   428 Mbits/sec  45430  
[  5]  50.00-51.00  sec  50.3 MBytes   422 Mbits/sec  44770  
[  5]  51.00-52.00  sec  52.9 MBytes   444 Mbits/sec  47130  
[  5]  52.00-53.00  sec  52.6 MBytes   441 Mbits/sec  46830  
[  5]  53.00-54.00  sec  52.9 MBytes   444 Mbits/sec  47080  
[  5]  54.00-55.00  sec  52.9 MBytes   444 Mbits/sec  47130  
[  5]  55.00-56.00  sec  51.4 MBytes   431 Mbits/sec  45770  
[  5]  56.00-57.00  sec  54.2 MBytes   455 Mbits/sec  48230  
[  5]  57.00-58.00  sec  50.1 MBytes   420 Mbits/sec  44570  
[  5]  58.00-59.00  sec  52.9 MBytes   444 Mbits/sec  47070  
[  5]  59.00-60.00  sec  53.5 MBytes   449 Mbits/sec  47630  
- - - - - - - - - - - - - - - - - - - - - - - - -
[ ID] Interval           Transfer     Bitrate         Jitter    Lost/Total Datagrams
[  5]   0.00-60.00  sec  3.05 GBytes   437 Mbits/sec  0.000 ms  0/2783660 (0%)  sender
[  5]   0.00-60.27  sec  1.87 GBytes   267 Mbits/sec  0.730 ms  1100381/2783660 (40%)  receiver

iperf Done.
