Connecting to host 10.136.80.134, port 5201
[  5] local 10.136.173.70 port 34383 connected to 10.136.80.134 port 5201
[ ID] Interval           Transfer     Bitrate         Total Datagrams
[  5]   0.00-1.00   sec  52.0 MBytes   436 Mbits/sec  46260  (omitted)
[  5]   0.00-1.00   sec  55.5 MBytes   466 Mbits/sec  49400  
[  5]   1.00-2.00   sec  57.2 MBytes   480 Mbits/sec  50890  
[  5]   2.00-3.00   sec  53.6 MBytes   450 Mbits/sec  47720  
[  5]   3.00-4.00   sec  51.6 MBytes   433 Mbits/sec  45920  
[  5]   4.00-5.00   sec  51.4 MBytes   431 Mbits/sec  45770  
[  5]   5.00-6.00   sec  55.8 MBytes   468 Mbits/sec  49670  
[  5]   6.00-7.00   sec  55.4 MBytes   465 Mbits/sec  49320  
[  5]   7.00-8.00   sec  54.5 MBytes   457 Mbits/sec  48480  
[  5]   8.00-9.00   sec  51.2 MBytes   429 Mbits/sec  45560  
[  5]   9.00-10.00  sec  53.4 MBytes   448 Mbits/sec  47510  
[  5]  10.00-11.00  sec  56.8 MBytes   476 Mbits/sec  50550  
[  5]  11.00-12.00  sec  50.5 MBytes   424 Mbits/sec  44950  
[  5]  12.00-13.00  sec  55.2 MBytes   463 Mbits/sec  49150  
[  5]  13.00-14.00  sec  57.3 MBytes   481 Mbits/sec  51000  
[  5]  14.00-15.00  sec  62.1 MBytes   521 Mbits/sec  55320  
[  5]  15.00-16.00  sec  51.4 MBytes   431 Mbits/sec  45750  
[  5]  16.00-17.00  sec  53.2 MBytes   447 Mbits/sec  47380  
[  5]  17.00-18.00  sec  54.3 MBytes   455 Mbits/sec  48340  
[  5]  18.00-19.00  sec  55.7 MBytes   468 Mbits/sec  49620  
[  5]  19.00-20.00  sec  53.4 MBytes   448 Mbits/sec  47500  
[  5]  20.00-21.00  sec  55.4 MBytes   464 Mbits/sec  49280  
[  5]  21.00-22.00  sec  51.9 MBytes   435 Mbits/sec  46170  
[  5]  22.00-23.00  sec  55.7 MBytes   467 Mbits/sec  49590  
[  5]  23.00-24.00  sec  50.8 MBytes   426 Mbits/sec  45200  
[  5]  24.00-25.00  sec  60.9 MBytes   511 Mbits/sec  54230  
[  5]  25.00-26.00  sec  57.2 MBytes   480 Mbits/sec  50940  
[  5]  26.00-27.00  sec  53.2 MBytes   446 Mbits/sec  47320  
[  5]  27.00-28.00  sec  54.8 MBytes   460 Mbits/sec  48780  
[  5]  28.00-29.00  sec  55.4 MBytes   465 Mbits/sec  49330  
[  5]  29.00-30.00  sec  56.6 MBytes   475 Mbits/sec  50410  
[  5]  30.00-31.00  sec  53.2 MBytes   446 Mbits/sec  47350  
[  5]  31.00-32.00  sec  52.8 MBytes   443 Mbits/sec  46960  
[  5]  32.00-33.00  sec  55.6 MBytes   466 Mbits/sec  49490  
[  5]  33.00-34.00  sec  53.6 MBytes   449 Mbits/sec  47680  
[  5]  34.00-35.00  sec  55.1 MBytes   463 Mbits/sec  49090  
[  5]  35.00-36.00  sec  51.8 MBytes   435 Mbits/sec  46120  
[  5]  36.00-37.00  sec  52.2 MBytes   438 Mbits/sec  46440  
[  5]  37.00-38.00  sec  55.7 MBytes   467 Mbits/sec  49560  
[  5]  38.00-39.00  sec  56.8 MBytes   476 Mbits/sec  50550  
[  5]  39.00-40.00  sec  56.0 MBytes   470 Mbits/sec  49890  
[  5]  40.00-41.00  sec  52.6 MBytes   442 Mbits/sec  46860  
[  5]  41.00-42.00  sec  52.7 MBytes   442 Mbits/sec  46870  
[  5]  42.00-43.00  sec  54.3 MBytes   456 Mbits/sec  48340  
[  5]  43.00-44.00  sec  53.8 MBytes   451 Mbits/sec  47900  
[  5]  44.00-45.00  sec  49.7 MBytes   417 Mbits/sec  44280  
[  5]  45.00-46.00  sec  54.2 MBytes   454 Mbits/sec  48210  
[  5]  46.00-47.00  sec  53.7 MBytes   450 Mbits/sec  47770  
[  5]  47.00-48.00  sec  51.4 MBytes   431 Mbits/sec  45750  
[  5]  48.00-49.00  sec  54.3 MBytes   455 Mbits/sec  48290  
[  5]  49.00-50.00  sec  52.7 MBytes   442 Mbits/sec  46950  
[  5]  50.00-51.00  sec  55.1 MBytes   462 Mbits/sec  49040  
[  5]  51.00-52.00  sec  55.4 MBytes   464 Mbits/sec  49290  
[  5]  52.00-53.00  sec  57.7 MBytes   484 Mbits/sec  51350  
[  5]  53.00-54.00  sec  53.6 MBytes   450 Mbits/sec  47730  
[  5]  54.00-55.00  sec  52.7 MBytes   442 Mbits/sec  46890  
[  5]  55.00-56.00  sec  54.0 MBytes   453 Mbits/sec  48050  
[  5]  56.00-57.00  sec  54.6 MBytes   458 Mbits/sec  48600  
[  5]  57.00-58.00  sec  53.9 MBytes   453 Mbits/sec  48020  
[  5]  58.00-59.00  sec  53.5 MBytes   448 Mbits/sec  47590  
[  5]  59.00-60.00  sec  52.1 MBytes   437 Mbits/sec  46340  
- - - - - - - - - - - - - - - - - - - - - - - - -
[ ID] Interval           Transfer     Bitrate         Jitter    Lost/Total Datagrams
[  5]   0.00-60.00  sec  3.18 GBytes   455 Mbits/sec  0.000 ms  0/2898300 (0%)  sender
[  5]   0.00-60.28  sec  2.20 GBytes   314 Mbits/sec  0.007 ms  906916/2898300 (31%)  receiver

iperf Done.
