Connecting to host knb-server-63321, port 5201
[  5] local 10.136.173.85 port 54362 connected to 10.43.193.41 port 5201
[ ID] Interval           Transfer     Bitrate         Total Datagrams
[  5]   0.00-1.00   sec  80.7 MBytes   677 Mbits/sec  71830  (omitted)
[  5]   0.00-1.00   sec  78.0 MBytes   654 Mbits/sec  69390  
[  5]   1.00-2.00   sec  79.1 MBytes   664 Mbits/sec  70440  
[  5]   2.00-3.00   sec  80.0 MBytes   671 Mbits/sec  71220  
[  5]   3.00-4.00   sec  79.0 MBytes   662 Mbits/sec  70290  
[  5]   4.00-5.00   sec  79.0 MBytes   662 Mbits/sec  70290  
[  5]   5.00-6.00   sec  80.9 MBytes   679 Mbits/sec  72000  
[  5]   6.00-7.00   sec  79.1 MBytes   664 Mbits/sec  70450  
[  5]   7.00-8.00   sec  79.1 MBytes   663 Mbits/sec  70390  
[  5]   8.00-9.00   sec  79.3 MBytes   665 Mbits/sec  70610  
[  5]   9.00-10.00  sec  79.6 MBytes   668 Mbits/sec  70850  
[  5]  10.00-11.00  sec  78.9 MBytes   662 Mbits/sec  70200  
[  5]  11.00-12.00  sec  78.9 MBytes   661 Mbits/sec  70190  
[  5]  12.00-13.00  sec  80.1 MBytes   672 Mbits/sec  71280  
[  5]  13.00-14.00  sec  80.1 MBytes   672 Mbits/sec  71300  
[  5]  14.00-15.00  sec  79.4 MBytes   666 Mbits/sec  70710  
[  5]  15.00-16.00  sec  79.7 MBytes   669 Mbits/sec  70960  
[  5]  16.00-17.00  sec  79.4 MBytes   666 Mbits/sec  70690  
[  5]  17.00-18.00  sec  79.4 MBytes   666 Mbits/sec  70680  
[  5]  18.00-19.00  sec  79.6 MBytes   668 Mbits/sec  70880  
[  5]  19.00-20.00  sec  79.9 MBytes   670 Mbits/sec  71130  
[  5]  20.00-21.00  sec  80.1 MBytes   672 Mbits/sec  71340  
[  5]  21.00-22.00  sec  79.4 MBytes   666 Mbits/sec  70710  
[  5]  22.00-23.00  sec  79.7 MBytes   668 Mbits/sec  70900  
[  5]  23.00-24.00  sec  79.0 MBytes   663 Mbits/sec  70300  
[  5]  24.00-25.00  sec  78.7 MBytes   660 Mbits/sec  70050  
[  5]  25.00-26.00  sec  80.0 MBytes   671 Mbits/sec  71210  
[  5]  26.00-27.00  sec  79.7 MBytes   668 Mbits/sec  70900  
[  5]  27.00-28.00  sec  79.3 MBytes   665 Mbits/sec  70590  
[  5]  28.00-29.00  sec  79.9 MBytes   670 Mbits/sec  71120  
[  5]  29.00-30.00  sec  79.3 MBytes   665 Mbits/sec  70560  
[  5]  30.00-31.00  sec  77.9 MBytes   654 Mbits/sec  69360  
[  5]  31.00-32.00  sec  77.5 MBytes   650 Mbits/sec  68990  
[  5]  32.00-33.00  sec  79.3 MBytes   665 Mbits/sec  70600  
[  5]  33.00-34.00  sec  78.0 MBytes   654 Mbits/sec  69450  
[  5]  34.00-35.00  sec  66.7 MBytes   559 Mbits/sec  59350  
[  5]  35.00-36.00  sec  64.3 MBytes   539 Mbits/sec  57230  
[  5]  36.00-37.00  sec  64.8 MBytes   544 Mbits/sec  57720  
[  5]  37.00-38.00  sec  61.7 MBytes   517 Mbits/sec  54890  
[  5]  38.00-39.00  sec  66.1 MBytes   555 Mbits/sec  58880  
[  5]  39.00-40.00  sec  79.6 MBytes   668 Mbits/sec  70850  
[  5]  40.00-41.00  sec  79.2 MBytes   665 Mbits/sec  70530  
[  5]  41.00-42.00  sec  79.4 MBytes   666 Mbits/sec  70690  
[  5]  42.00-43.00  sec  80.0 MBytes   671 Mbits/sec  71190  
[  5]  43.00-44.00  sec  79.1 MBytes   663 Mbits/sec  70390  
[  5]  44.00-45.00  sec  73.9 MBytes   620 Mbits/sec  65800  
[  5]  45.00-46.00  sec  64.2 MBytes   539 Mbits/sec  57160  
[  5]  46.00-47.00  sec  61.6 MBytes   517 Mbits/sec  54870  
[  5]  47.00-48.00  sec  63.2 MBytes   530 Mbits/sec  56250  
[  5]  48.00-49.00  sec  62.5 MBytes   524 Mbits/sec  55610  
[  5]  49.00-50.00  sec  65.2 MBytes   547 Mbits/sec  58000  
[  5]  50.00-51.00  sec  64.4 MBytes   540 Mbits/sec  57310  
[  5]  51.00-52.00  sec  71.7 MBytes   601 Mbits/sec  63810  
[  5]  52.00-53.00  sec  79.4 MBytes   666 Mbits/sec  70720  
[  5]  53.00-54.00  sec  79.9 MBytes   670 Mbits/sec  71140  
[  5]  54.00-55.00  sec  78.8 MBytes   661 Mbits/sec  70150  
[  5]  55.00-56.00  sec  79.3 MBytes   666 Mbits/sec  70620  
[  5]  56.00-57.00  sec  65.4 MBytes   549 Mbits/sec  58250  
[  5]  57.00-58.00  sec  63.8 MBytes   535 Mbits/sec  56770  
[  5]  58.00-59.00  sec  65.1 MBytes   546 Mbits/sec  57980  
[  5]  59.00-60.00  sec  63.3 MBytes   531 Mbits/sec  56330  
- - - - - - - - - - - - - - - - - - - - - - - - -
[ ID] Interval           Transfer     Bitrate         Jitter    Lost/Total Datagrams
[  5]   0.00-60.00  sec  4.41 GBytes   632 Mbits/sec  0.000 ms  0/4022520 (0%)  sender
[  5]   0.00-60.04  sec  4.41 GBytes   632 Mbits/sec  0.012 ms  1978/4022520 (0.049%)  receiver

iperf Done.
