Connecting to host knb-server-623183, port 5201
[  5] local 10.136.173.126 port 44901 connected to 10.43.161.153 port 5201
[ ID] Interval           Transfer     Bitrate         Total Datagrams
[  5]   0.00-1.00   sec  50.8 MBytes   426 Mbits/sec  45210  (omitted)
[  5]   0.00-1.00   sec  54.2 MBytes   455 Mbits/sec  48260  
[  5]   1.00-2.00   sec  52.6 MBytes   441 Mbits/sec  46790  
[  5]   2.00-3.00   sec  52.8 MBytes   443 Mbits/sec  46960  
[  5]   3.00-4.00   sec  58.8 MBytes   493 Mbits/sec  52310  
[  5]   4.00-5.00   sec  57.2 MBytes   480 Mbits/sec  50910  
[  5]   5.00-6.00   sec  57.2 MBytes   480 Mbits/sec  50940  
[  5]   6.00-7.00   sec  56.0 MBytes   470 Mbits/sec  49880  
[  5]   7.00-8.00   sec  52.9 MBytes   444 Mbits/sec  47070  
[  5]   8.00-9.00   sec  51.3 MBytes   430 Mbits/sec  45650  
[  5]   9.00-10.00  sec  53.0 MBytes   445 Mbits/sec  47220  
[  5]  10.00-11.00  sec  54.0 MBytes   453 Mbits/sec  48040  
[  5]  11.00-12.00  sec  54.1 MBytes   454 Mbits/sec  48180  
[  5]  12.00-13.00  sec  51.5 MBytes   432 Mbits/sec  45820  
[  5]  13.00-14.00  sec  52.9 MBytes   443 Mbits/sec  47060  
[  5]  14.00-15.00  sec  46.6 MBytes   391 Mbits/sec  41440  
[  5]  15.00-16.00  sec  54.0 MBytes   453 Mbits/sec  48050  
[  5]  16.00-17.00  sec  51.1 MBytes   428 Mbits/sec  45460  
[  5]  17.00-18.00  sec  52.8 MBytes   443 Mbits/sec  46960  
[  5]  18.00-19.00  sec  49.8 MBytes   418 Mbits/sec  44370  
[  5]  19.00-20.00  sec  51.3 MBytes   430 Mbits/sec  45670  
[  5]  20.00-21.00  sec  51.9 MBytes   436 Mbits/sec  46220  
[  5]  21.00-22.00  sec  52.6 MBytes   441 Mbits/sec  46810  
[  5]  22.00-23.00  sec  55.1 MBytes   462 Mbits/sec  49080  
[  5]  23.00-24.00  sec  55.0 MBytes   461 Mbits/sec  48920  
[  5]  24.00-25.00  sec  55.2 MBytes   463 Mbits/sec  49140  
[  5]  25.00-26.00  sec  53.1 MBytes   445 Mbits/sec  47250  
[  5]  26.00-27.00  sec  50.2 MBytes   421 Mbits/sec  44700  
[  5]  27.00-28.00  sec  49.2 MBytes   412 Mbits/sec  43770  
[  5]  28.00-29.00  sec  56.1 MBytes   471 Mbits/sec  49930  
[  5]  29.00-30.00  sec  52.2 MBytes   438 Mbits/sec  46480  
[  5]  30.00-31.00  sec  52.6 MBytes   441 Mbits/sec  46780  
[  5]  31.00-32.00  sec  53.1 MBytes   445 Mbits/sec  47240  
[  5]  32.00-33.00  sec  54.8 MBytes   459 Mbits/sec  48760  
[  5]  33.00-34.00  sec  52.0 MBytes   436 Mbits/sec  46310  
[  5]  34.00-35.00  sec  54.2 MBytes   455 Mbits/sec  48260  
[  5]  35.00-36.00  sec  53.7 MBytes   451 Mbits/sec  47820  
[  5]  36.00-37.00  sec  56.6 MBytes   474 Mbits/sec  50340  
[  5]  37.00-38.00  sec  52.9 MBytes   444 Mbits/sec  47070  
[  5]  38.00-39.00  sec  49.8 MBytes   418 Mbits/sec  44360  
[  5]  39.00-40.00  sec  51.9 MBytes   435 Mbits/sec  46160  
[  5]  40.00-41.00  sec  54.4 MBytes   456 Mbits/sec  48380  
[  5]  41.00-42.00  sec  54.5 MBytes   457 Mbits/sec  48480  
[  5]  42.00-43.00  sec  53.5 MBytes   449 Mbits/sec  47650  
[  5]  43.00-44.00  sec  46.2 MBytes   387 Mbits/sec  41080  
[  5]  44.00-45.00  sec  54.9 MBytes   461 Mbits/sec  48900  
[  5]  45.00-46.00  sec  52.6 MBytes   441 Mbits/sec  46790  
[  5]  46.00-47.00  sec  53.5 MBytes   449 Mbits/sec  47660  
[  5]  47.00-48.00  sec  51.5 MBytes   432 Mbits/sec  45880  
[  5]  48.00-49.00  sec  57.0 MBytes   478 Mbits/sec  50750  
[  5]  49.00-50.00  sec  56.0 MBytes   470 Mbits/sec  49870  
[  5]  50.00-51.00  sec  51.6 MBytes   433 Mbits/sec  45960  
[  5]  51.00-52.00  sec  51.5 MBytes   432 Mbits/sec  45830  
[  5]  52.00-53.00  sec  49.0 MBytes   411 Mbits/sec  43590  
[  5]  53.00-54.00  sec  51.8 MBytes   435 Mbits/sec  46130  
[  5]  54.00-55.00  sec  52.2 MBytes   438 Mbits/sec  46430  
[  5]  55.00-56.00  sec  51.4 MBytes   431 Mbits/sec  45750  
[  5]  56.00-57.00  sec  51.0 MBytes   428 Mbits/sec  45400  
[  5]  57.00-58.00  sec  55.5 MBytes   466 Mbits/sec  49390  
[  5]  58.00-59.00  sec  51.9 MBytes   435 Mbits/sec  46170  
[  5]  59.00-60.00  sec  53.2 MBytes   447 Mbits/sec  47380  
- - - - - - - - - - - - - - - - - - - - - - - - -
[ ID] Interval           Transfer     Bitrate         Jitter    Lost/Total Datagrams
[  5]   0.00-60.00  sec  3.10 GBytes   444 Mbits/sec  0.000 ms  0/2829910 (0%)  sender
[  5]   0.00-60.12  sec   985 MBytes   137 Mbits/sec  0.006 ms  1993604/2829910 (70%)  receiver

iperf Done.
