Connecting to host knb-server-270124, port 5201
[  5] local 10.136.173.112 port 59199 connected to 10.43.233.254 port 5201
[ ID] Interval           Transfer     Bitrate         Total Datagrams
[  5]   0.00-1.00   sec  70.7 MBytes   593 Mbits/sec  62950  (omitted)
[  5]   0.00-1.00   sec  71.7 MBytes   601 Mbits/sec  63810  
[  5]   1.00-2.00   sec  74.2 MBytes   622 Mbits/sec  66020  
[  5]   2.00-3.00   sec  71.3 MBytes   598 Mbits/sec  63440  
[  5]   3.00-4.00   sec  74.0 MBytes   621 Mbits/sec  65870  
[  5]   4.00-5.00   sec  76.0 MBytes   638 Mbits/sec  67680  
[  5]   5.00-6.00   sec  73.0 MBytes   612 Mbits/sec  64980  
[  5]   6.00-7.00   sec  73.7 MBytes   618 Mbits/sec  65590  
[  5]   7.00-8.00   sec  73.0 MBytes   612 Mbits/sec  64980  
[  5]   8.00-9.00   sec  73.5 MBytes   616 Mbits/sec  65420  
[  5]   9.00-10.00  sec  72.9 MBytes   612 Mbits/sec  64890  
[  5]  10.00-11.00  sec  72.3 MBytes   607 Mbits/sec  64400  
[  5]  11.00-12.00  sec  74.1 MBytes   621 Mbits/sec  65920  
[  5]  12.00-13.00  sec  62.1 MBytes   521 Mbits/sec  55310  
[  5]  13.00-14.00  sec  68.8 MBytes   577 Mbits/sec  61230  
[  5]  14.00-15.00  sec  64.9 MBytes   545 Mbits/sec  57800  
[  5]  15.00-16.00  sec  73.3 MBytes   615 Mbits/sec  65260  
[  5]  16.00-17.00  sec  73.3 MBytes   615 Mbits/sec  65250  
[  5]  17.00-18.00  sec  71.7 MBytes   601 Mbits/sec  63800  
[  5]  18.00-19.00  sec  71.8 MBytes   602 Mbits/sec  63910  
[  5]  19.00-20.00  sec  72.4 MBytes   607 Mbits/sec  64440  
[  5]  20.00-21.00  sec  72.7 MBytes   610 Mbits/sec  64710  
[  5]  21.00-22.00  sec  63.8 MBytes   535 Mbits/sec  56760  
[  5]  22.00-23.00  sec  60.4 MBytes   507 Mbits/sec  53770  
[  5]  23.00-24.00  sec  71.4 MBytes   599 Mbits/sec  63590  
[  5]  24.00-25.00  sec  71.5 MBytes   599 Mbits/sec  63610  
[  5]  25.00-26.00  sec  74.9 MBytes   628 Mbits/sec  66650  
[  5]  26.00-27.00  sec  73.8 MBytes   619 Mbits/sec  65660  
[  5]  27.00-28.00  sec  73.8 MBytes   619 Mbits/sec  65650  
[  5]  28.00-29.00  sec  73.0 MBytes   613 Mbits/sec  65020  
[  5]  29.00-30.00  sec  72.8 MBytes   611 Mbits/sec  64780  
[  5]  30.00-31.00  sec  68.2 MBytes   572 Mbits/sec  60720  
[  5]  31.00-32.00  sec  76.1 MBytes   638 Mbits/sec  67740  
[  5]  32.00-33.00  sec  70.9 MBytes   595 Mbits/sec  63110  
[  5]  33.00-34.00  sec  59.3 MBytes   497 Mbits/sec  52790  
[  5]  34.00-35.00  sec  72.0 MBytes   604 Mbits/sec  64050  
[  5]  35.00-36.00  sec  72.6 MBytes   609 Mbits/sec  64660  
[  5]  36.00-37.00  sec  72.1 MBytes   605 Mbits/sec  64170  
[  5]  37.00-38.00  sec  72.7 MBytes   610 Mbits/sec  64680  
[  5]  38.00-39.00  sec  71.1 MBytes   596 Mbits/sec  63270  
[  5]  39.00-40.00  sec  62.5 MBytes   524 Mbits/sec  55600  
[  5]  40.00-41.00  sec  71.2 MBytes   597 Mbits/sec  63390  
[  5]  41.00-42.00  sec  73.6 MBytes   617 Mbits/sec  65520  
[  5]  42.00-43.00  sec  72.9 MBytes   612 Mbits/sec  64910  
[  5]  43.00-44.00  sec  74.2 MBytes   623 Mbits/sec  66060  
[  5]  44.00-45.00  sec  64.0 MBytes   537 Mbits/sec  57010  
[  5]  45.00-46.00  sec  52.9 MBytes   443 Mbits/sec  47060  
[  5]  46.00-47.00  sec  53.6 MBytes   449 Mbits/sec  47690  
[  5]  47.00-48.00  sec  72.7 MBytes   610 Mbits/sec  64700  
[  5]  48.00-49.00  sec  72.6 MBytes   609 Mbits/sec  64650  
[  5]  49.00-50.00  sec  72.2 MBytes   606 Mbits/sec  64280  
[  5]  50.00-51.00  sec  71.1 MBytes   596 Mbits/sec  63250  
[  5]  51.00-52.00  sec  72.9 MBytes   611 Mbits/sec  64850  
[  5]  52.00-53.00  sec  71.5 MBytes   600 Mbits/sec  63640  
[  5]  53.00-54.00  sec  71.3 MBytes   598 Mbits/sec  63460  
[  5]  54.00-55.00  sec  71.3 MBytes   598 Mbits/sec  63440  
[  5]  55.00-56.00  sec  71.6 MBytes   601 Mbits/sec  63770  
[  5]  56.00-57.00  sec  75.2 MBytes   631 Mbits/sec  66910  
[  5]  57.00-58.00  sec  67.7 MBytes   568 Mbits/sec  60240  
[  5]  58.00-59.00  sec  55.5 MBytes   466 Mbits/sec  49430  
[  5]  59.00-60.00  sec  54.3 MBytes   455 Mbits/sec  48300  
- - - - - - - - - - - - - - - - - - - - - - - - -
[ ID] Interval           Transfer     Bitrate         Jitter    Lost/Total Datagrams
[  5]   0.00-60.00  sec  4.11 GBytes   588 Mbits/sec  0.000 ms  0/3743550 (0%)  sender
[  5]   0.00-60.16  sec  1.69 GBytes   242 Mbits/sec  0.008 ms  2241011/3743550 (60%)  receiver

iperf Done.
