Connecting to host 10.136.80.136, port 5201
[  5] local 10.136.173.77 port 46351 connected to 10.136.80.136 port 5201
[ ID] Interval           Transfer     Bitrate         Total Datagrams
[  5]   0.00-1.00   sec  63.6 MBytes   534 Mbits/sec  56640  (omitted)
[  5]   0.00-1.00   sec  63.4 MBytes   532 Mbits/sec  56470  
[  5]   1.00-2.00   sec  64.4 MBytes   540 Mbits/sec  57290  
[  5]   2.00-3.00   sec  61.9 MBytes   519 Mbits/sec  55090  
[  5]   3.00-4.00   sec  61.2 MBytes   514 Mbits/sec  54490  
[  5]   4.00-5.00   sec  63.3 MBytes   531 Mbits/sec  56330  
[  5]   5.00-6.00   sec  62.9 MBytes   527 Mbits/sec  55970  
[  5]   6.00-7.00   sec  64.7 MBytes   543 Mbits/sec  57600  
[  5]   7.00-8.00   sec  64.7 MBytes   543 Mbits/sec  57570  
[  5]   8.00-9.00   sec  62.8 MBytes   527 Mbits/sec  55910  
[  5]   9.00-10.00  sec  63.8 MBytes   536 Mbits/sec  56830  
[  5]  10.00-11.00  sec  64.5 MBytes   541 Mbits/sec  57420  
[  5]  11.00-12.00  sec  64.7 MBytes   542 Mbits/sec  57550  
[  5]  12.00-13.00  sec  64.3 MBytes   540 Mbits/sec  57280  
[  5]  13.00-14.00  sec  64.5 MBytes   541 Mbits/sec  57380  
[  5]  14.00-15.00  sec  64.7 MBytes   542 Mbits/sec  57550  
[  5]  15.00-16.00  sec  62.9 MBytes   528 Mbits/sec  56010  
[  5]  16.00-17.00  sec  62.6 MBytes   525 Mbits/sec  55710  
[  5]  17.00-18.00  sec  61.5 MBytes   516 Mbits/sec  54730  
[  5]  18.00-19.00  sec  64.8 MBytes   543 Mbits/sec  57660  
[  5]  19.00-20.00  sec  77.0 MBytes   646 Mbits/sec  68510  
[  5]  20.00-21.00  sec  78.6 MBytes   659 Mbits/sec  69970  
[  5]  21.00-22.00  sec  79.5 MBytes   667 Mbits/sec  70770  
[  5]  22.00-23.00  sec  79.5 MBytes   667 Mbits/sec  70740  
[  5]  23.00-24.00  sec  79.3 MBytes   665 Mbits/sec  70580  
[  5]  24.00-25.00  sec  80.2 MBytes   673 Mbits/sec  71370  
[  5]  25.00-26.00  sec  63.1 MBytes   530 Mbits/sec  56200  
[  5]  26.00-27.00  sec  63.4 MBytes   532 Mbits/sec  56470  
[  5]  27.00-28.00  sec  61.0 MBytes   512 Mbits/sec  54280  
[  5]  28.00-29.00  sec  76.8 MBytes   644 Mbits/sec  68380  
[  5]  29.00-30.00  sec  79.2 MBytes   665 Mbits/sec  70520  
[  5]  30.00-31.00  sec  78.3 MBytes   656 Mbits/sec  69660  
[  5]  31.00-32.00  sec  78.3 MBytes   657 Mbits/sec  69730  
[  5]  32.00-33.00  sec  78.5 MBytes   659 Mbits/sec  69870  
[  5]  33.00-34.00  sec  78.4 MBytes   658 Mbits/sec  69800  
[  5]  34.00-35.00  sec  78.5 MBytes   659 Mbits/sec  69880  
[  5]  35.00-36.00  sec  77.7 MBytes   652 Mbits/sec  69130  
[  5]  36.00-37.00  sec  75.8 MBytes   636 Mbits/sec  67500  
[  5]  37.00-38.00  sec  60.4 MBytes   507 Mbits/sec  53800  
[  5]  38.00-39.00  sec  73.0 MBytes   613 Mbits/sec  65010  
[  5]  39.00-40.00  sec  79.2 MBytes   664 Mbits/sec  70500  
[  5]  40.00-41.00  sec  80.0 MBytes   671 Mbits/sec  71230  
[  5]  41.00-42.00  sec  76.8 MBytes   644 Mbits/sec  68380  
[  5]  42.00-43.00  sec  63.2 MBytes   530 Mbits/sec  56260  
[  5]  43.00-44.00  sec  62.1 MBytes   521 Mbits/sec  55250  
[  5]  44.00-45.00  sec  61.4 MBytes   515 Mbits/sec  54620  
[  5]  45.00-46.00  sec  63.6 MBytes   533 Mbits/sec  56570  
[  5]  46.00-47.00  sec  62.1 MBytes   521 Mbits/sec  55280  
[  5]  47.00-48.00  sec  63.3 MBytes   531 Mbits/sec  56370  
[  5]  48.00-49.00  sec  63.9 MBytes   536 Mbits/sec  56840  
[  5]  49.00-50.00  sec  64.4 MBytes   540 Mbits/sec  57340  
[  5]  50.00-51.00  sec  68.5 MBytes   575 Mbits/sec  61010  
[  5]  51.00-52.00  sec  78.3 MBytes   657 Mbits/sec  69680  
[  5]  52.00-53.00  sec  78.8 MBytes   661 Mbits/sec  70170  
[  5]  53.00-54.00  sec  71.5 MBytes   600 Mbits/sec  63630  
[  5]  54.00-55.00  sec  62.3 MBytes   522 Mbits/sec  55420  
[  5]  55.00-56.00  sec  71.9 MBytes   604 Mbits/sec  64040  
[  5]  56.00-57.00  sec  78.4 MBytes   658 Mbits/sec  69830  
[  5]  57.00-58.00  sec  78.4 MBytes   658 Mbits/sec  69820  
[  5]  58.00-59.00  sec  69.6 MBytes   584 Mbits/sec  61930  
[  5]  59.00-60.00  sec  75.1 MBytes   630 Mbits/sec  66820  
- - - - - - - - - - - - - - - - - - - - - - - - -
[ ID] Interval           Transfer     Bitrate         Jitter    Lost/Total Datagrams
[  5]   0.00-60.00  sec  4.08 GBytes   584 Mbits/sec  0.000 ms  0/3718000 (0%)  sender
[  5]   0.00-60.04  sec  4.08 GBytes   584 Mbits/sec  0.016 ms  2233/3717997 (0.06%)  receiver

iperf Done.
