Connecting to host knb-server-306864, port 5201
[  5] local 10.136.173.98 port 60691 connected to 10.43.77.19 port 5201
[ ID] Interval           Transfer     Bitrate         Total Datagrams
[  5]   0.00-1.00   sec  74.1 MBytes   621 Mbits/sec  65950  (omitted)
[  5]   0.00-1.00   sec  73.9 MBytes   620 Mbits/sec  65760  
[  5]   1.00-2.00   sec  68.4 MBytes   573 Mbits/sec  60860  
[  5]   2.00-3.00   sec  68.7 MBytes   576 Mbits/sec  61110  
[  5]   3.00-4.00   sec  72.6 MBytes   609 Mbits/sec  64650  
[  5]   4.00-5.00   sec  74.4 MBytes   624 Mbits/sec  66250  
[  5]   5.00-6.00   sec  75.0 MBytes   629 Mbits/sec  66790  
[  5]   6.00-7.00   sec  74.0 MBytes   621 Mbits/sec  65900  
[  5]   7.00-8.00   sec  72.0 MBytes   604 Mbits/sec  64070  
[  5]   8.00-9.00   sec  73.7 MBytes   618 Mbits/sec  65610  
[  5]   9.00-10.00  sec  73.8 MBytes   619 Mbits/sec  65660  
[  5]  10.00-11.00  sec  74.7 MBytes   627 Mbits/sec  66480  
[  5]  11.00-12.00  sec  60.9 MBytes   511 Mbits/sec  54200  
[  5]  12.00-13.00  sec  53.8 MBytes   451 Mbits/sec  47870  
[  5]  13.00-14.00  sec  54.0 MBytes   453 Mbits/sec  48060  
[  5]  14.00-15.00  sec  53.4 MBytes   448 Mbits/sec  47510  
[  5]  15.00-16.00  sec  53.9 MBytes   453 Mbits/sec  48020  
[  5]  16.00-17.00  sec  55.1 MBytes   462 Mbits/sec  49030  
[  5]  17.00-18.00  sec  56.3 MBytes   472 Mbits/sec  50070  
[  5]  18.00-19.00  sec  74.9 MBytes   628 Mbits/sec  66690  
[  5]  19.00-20.00  sec  73.9 MBytes   620 Mbits/sec  65800  
[  5]  20.00-21.00  sec  74.2 MBytes   623 Mbits/sec  66060  
[  5]  21.00-22.00  sec  73.4 MBytes   616 Mbits/sec  65340  
[  5]  22.00-23.00  sec  73.4 MBytes   616 Mbits/sec  65360  
[  5]  23.00-24.00  sec  64.6 MBytes   542 Mbits/sec  57490  
[  5]  24.00-25.00  sec  68.5 MBytes   574 Mbits/sec  60940  
[  5]  25.00-26.00  sec  74.5 MBytes   625 Mbits/sec  66310  
[  5]  26.00-27.00  sec  73.9 MBytes   620 Mbits/sec  65750  
[  5]  27.00-28.00  sec  67.0 MBytes   562 Mbits/sec  59680  
[  5]  28.00-29.00  sec  66.3 MBytes   556 Mbits/sec  59040  
[  5]  29.00-30.00  sec  68.2 MBytes   572 Mbits/sec  60680  
[  5]  30.00-31.00  sec  74.4 MBytes   625 Mbits/sec  66270  
[  5]  31.00-32.00  sec  73.6 MBytes   617 Mbits/sec  65490  
[  5]  32.00-33.00  sec  74.1 MBytes   621 Mbits/sec  65930  
[  5]  33.00-34.00  sec  70.3 MBytes   590 Mbits/sec  62600  
[  5]  34.00-35.00  sec  71.5 MBytes   600 Mbits/sec  63660  
[  5]  35.00-36.00  sec  72.4 MBytes   608 Mbits/sec  64470  
[  5]  36.00-37.00  sec  59.9 MBytes   502 Mbits/sec  53290  
[  5]  37.00-38.00  sec  63.8 MBytes   535 Mbits/sec  56760  
[  5]  38.00-39.00  sec  73.3 MBytes   615 Mbits/sec  65230  
[  5]  39.00-40.00  sec  73.6 MBytes   618 Mbits/sec  65530  
[  5]  40.00-41.00  sec  74.5 MBytes   625 Mbits/sec  66350  
[  5]  41.00-42.00  sec  74.2 MBytes   622 Mbits/sec  66030  
[  5]  42.00-43.00  sec  69.9 MBytes   586 Mbits/sec  62210  
[  5]  43.00-44.00  sec  58.5 MBytes   491 Mbits/sec  52060  
[  5]  44.00-45.00  sec  52.6 MBytes   442 Mbits/sec  46860  
[  5]  45.00-46.00  sec  71.9 MBytes   603 Mbits/sec  64010  
[  5]  46.00-47.00  sec  72.4 MBytes   607 Mbits/sec  64430  
[  5]  47.00-48.00  sec  71.0 MBytes   595 Mbits/sec  63160  
[  5]  48.00-49.00  sec  73.6 MBytes   618 Mbits/sec  65540  
[  5]  49.00-50.00  sec  73.3 MBytes   614 Mbits/sec  65210  
[  5]  50.00-51.00  sec  72.8 MBytes   610 Mbits/sec  64780  
[  5]  51.00-52.00  sec  74.5 MBytes   625 Mbits/sec  66340  
[  5]  52.00-53.00  sec  76.5 MBytes   642 Mbits/sec  68100  
[  5]  53.00-54.00  sec  70.3 MBytes   589 Mbits/sec  62550  
[  5]  54.00-55.00  sec  75.5 MBytes   633 Mbits/sec  67170  
[  5]  55.00-56.00  sec  75.5 MBytes   633 Mbits/sec  67180  
[  5]  56.00-57.00  sec  74.3 MBytes   623 Mbits/sec  66160  
[  5]  57.00-58.00  sec  72.7 MBytes   610 Mbits/sec  64750  
[  5]  58.00-59.00  sec  73.5 MBytes   616 Mbits/sec  65420  
[  5]  59.00-60.00  sec  73.8 MBytes   619 Mbits/sec  65660  
- - - - - - - - - - - - - - - - - - - - - - - - -
[ ID] Interval           Transfer     Bitrate         Jitter    Lost/Total Datagrams
[  5]   0.00-60.00  sec  4.08 GBytes   584 Mbits/sec  0.000 ms  0/3720240 (0%)  sender
[  5]   0.00-60.26  sec  1.74 GBytes   248 Mbits/sec  0.008 ms  2178203/3720071 (59%)  receiver

iperf Done.
