Connecting to host 10.136.80.152, port 5201
[  5] local 10.136.173.89 port 39444 connected to 10.136.80.152 port 5201
[ ID] Interval           Transfer     Bitrate         Total Datagrams
[  5]   0.00-1.00   sec  65.3 MBytes   548 Mbits/sec  58140  (omitted)
[  5]   0.00-1.00   sec  62.9 MBytes   528 Mbits/sec  56010  
[  5]   1.00-2.00   sec  70.4 MBytes   591 Mbits/sec  62670  
[  5]   2.00-3.00   sec  63.8 MBytes   535 Mbits/sec  56760  
[  5]   3.00-4.00   sec  54.5 MBytes   457 Mbits/sec  48520  
[  5]   4.00-5.00   sec  60.8 MBytes   510 Mbits/sec  54110  
[  5]   5.00-6.00   sec  68.4 MBytes   573 Mbits/sec  60850  
[  5]   6.00-7.00   sec  69.4 MBytes   582 Mbits/sec  61800  
[  5]   7.00-8.00   sec  66.5 MBytes   558 Mbits/sec  59190  
[  5]   8.00-9.00   sec  55.6 MBytes   467 Mbits/sec  49520  
[  5]   9.00-10.00  sec  59.8 MBytes   501 Mbits/sec  53190  
[  5]  10.00-11.00  sec  65.8 MBytes   552 Mbits/sec  58550  
[  5]  11.00-12.00  sec  63.4 MBytes   531 Mbits/sec  56400  
[  5]  12.00-13.00  sec  62.0 MBytes   520 Mbits/sec  55200  
[  5]  13.00-14.00  sec  67.2 MBytes   564 Mbits/sec  59800  
[  5]  14.00-15.00  sec  63.0 MBytes   529 Mbits/sec  56090  
[  5]  15.00-16.00  sec  65.7 MBytes   551 Mbits/sec  58460  
[  5]  16.00-17.00  sec  62.4 MBytes   523 Mbits/sec  55530  
[  5]  17.00-18.00  sec  69.5 MBytes   583 Mbits/sec  61850  
[  5]  18.00-19.00  sec  62.4 MBytes   524 Mbits/sec  55570  
[  5]  19.00-20.00  sec  67.0 MBytes   562 Mbits/sec  59650  
[  5]  20.00-21.00  sec  54.5 MBytes   457 Mbits/sec  48500  
[  5]  21.00-22.00  sec  66.1 MBytes   555 Mbits/sec  58860  
[  5]  22.00-23.00  sec  62.6 MBytes   525 Mbits/sec  55750  
[  5]  23.00-24.00  sec  63.3 MBytes   531 Mbits/sec  56310  
[  5]  24.00-25.00  sec  62.1 MBytes   521 Mbits/sec  55240  
[  5]  25.00-26.00  sec  60.6 MBytes   508 Mbits/sec  53960  
[  5]  26.00-27.00  sec  64.1 MBytes   538 Mbits/sec  57030  
[  5]  27.00-28.00  sec  62.6 MBytes   525 Mbits/sec  55750  
[  5]  28.00-29.00  sec  63.4 MBytes   532 Mbits/sec  56410  
[  5]  29.00-30.00  sec  64.6 MBytes   542 Mbits/sec  57530  
[  5]  30.00-31.00  sec  62.0 MBytes   520 Mbits/sec  55180  
[  5]  31.00-32.00  sec  61.8 MBytes   519 Mbits/sec  55050  
[  5]  32.00-33.00  sec  64.4 MBytes   541 Mbits/sec  57360  
[  5]  33.00-34.00  sec  63.1 MBytes   529 Mbits/sec  56140  
[  5]  34.00-35.00  sec  64.4 MBytes   540 Mbits/sec  57330  
[  5]  35.00-36.00  sec  63.9 MBytes   536 Mbits/sec  56880  
[  5]  36.00-37.00  sec  62.9 MBytes   527 Mbits/sec  55960  
[  5]  37.00-38.00  sec  63.2 MBytes   530 Mbits/sec  56260  
[  5]  38.00-39.00  sec  63.2 MBytes   530 Mbits/sec  56270  
[  5]  39.00-40.00  sec  65.0 MBytes   546 Mbits/sec  57900  
[  5]  40.00-41.00  sec  62.4 MBytes   523 Mbits/sec  55500  
[  5]  41.00-42.00  sec  63.8 MBytes   535 Mbits/sec  56750  
[  5]  42.00-43.00  sec  64.4 MBytes   540 Mbits/sec  57290  
[  5]  43.00-44.00  sec  62.9 MBytes   527 Mbits/sec  55980  
[  5]  44.00-45.00  sec  63.3 MBytes   531 Mbits/sec  56340  
[  5]  45.00-46.00  sec  63.3 MBytes   531 Mbits/sec  56370  
[  5]  46.00-47.00  sec  62.3 MBytes   523 Mbits/sec  55460  
[  5]  47.00-48.00  sec  65.1 MBytes   546 Mbits/sec  57920  
[  5]  48.00-49.00  sec  65.5 MBytes   549 Mbits/sec  58270  
[  5]  49.00-50.00  sec  61.6 MBytes   517 Mbits/sec  54830  
[  5]  50.00-51.00  sec  62.9 MBytes   527 Mbits/sec  55950  
[  5]  51.00-52.00  sec  63.0 MBytes   529 Mbits/sec  56100  
[  5]  52.00-53.00  sec  70.0 MBytes   587 Mbits/sec  62310  
[  5]  53.00-54.00  sec  63.9 MBytes   536 Mbits/sec  56840  
[  5]  54.00-55.00  sec  63.9 MBytes   536 Mbits/sec  56910  
[  5]  55.00-56.00  sec  66.7 MBytes   559 Mbits/sec  59360  
[  5]  56.00-57.00  sec  66.1 MBytes   555 Mbits/sec  58840  
[  5]  57.00-58.00  sec  64.5 MBytes   541 Mbits/sec  57380  
[  5]  58.00-59.00  sec  68.6 MBytes   575 Mbits/sec  61040  
[  5]  59.00-60.00  sec  61.8 MBytes   518 Mbits/sec  54970  
- - - - - - - - - - - - - - - - - - - - - - - - -
[ ID] Interval           Transfer     Bitrate         Jitter    Lost/Total Datagrams
[  5]   0.00-60.00  sec  3.73 GBytes   535 Mbits/sec  0.000 ms  0/3403800 (0%)  sender
[  5]   0.00-60.04  sec  3.64 GBytes   521 Mbits/sec  0.020 ms  97875/3403799 (2.9%)  receiver

iperf Done.
