Connecting to host 10.136.80.152, port 5201
[  5] local 10.136.173.73 port 47879 connected to 10.136.80.152 port 5201
[ ID] Interval           Transfer     Bitrate         Total Datagrams
[  5]   0.00-1.00   sec  73.6 MBytes   617 Mbits/sec  65470  (omitted)
[  5]   0.00-1.00   sec  64.9 MBytes   545 Mbits/sec  57800  
[  5]   1.00-2.00   sec  75.8 MBytes   636 Mbits/sec  67460  
[  5]   2.00-3.00   sec  64.6 MBytes   542 Mbits/sec  57520  
[  5]   3.00-4.00   sec  55.6 MBytes   466 Mbits/sec  49450  
[  5]   4.00-5.00   sec  53.8 MBytes   451 Mbits/sec  47900  
[  5]   5.00-6.00   sec  56.2 MBytes   471 Mbits/sec  50000  
[  5]   6.00-7.00   sec  67.1 MBytes   563 Mbits/sec  59730  
[  5]   7.00-8.00   sec  70.6 MBytes   592 Mbits/sec  62840  
[  5]   8.00-9.00   sec  71.7 MBytes   602 Mbits/sec  63860  
[  5]   9.00-10.00  sec  73.5 MBytes   617 Mbits/sec  65420  
[  5]  10.00-11.00  sec  75.2 MBytes   631 Mbits/sec  66930  
[  5]  11.00-12.00  sec  76.1 MBytes   638 Mbits/sec  67740  
[  5]  12.00-13.00  sec  76.5 MBytes   642 Mbits/sec  68110  
[  5]  13.00-14.00  sec  76.7 MBytes   644 Mbits/sec  68300  
[  5]  14.00-15.00  sec  74.4 MBytes   624 Mbits/sec  66240  
[  5]  15.00-16.00  sec  74.9 MBytes   628 Mbits/sec  66690  
[  5]  16.00-17.00  sec  61.5 MBytes   516 Mbits/sec  54730  
[  5]  17.00-18.00  sec  57.5 MBytes   482 Mbits/sec  51140  
[  5]  18.00-19.00  sec  67.5 MBytes   566 Mbits/sec  60050  
[  5]  19.00-20.00  sec  74.9 MBytes   628 Mbits/sec  66660  
[  5]  20.00-21.00  sec  73.9 MBytes   620 Mbits/sec  65780  
[  5]  21.00-22.00  sec  75.1 MBytes   630 Mbits/sec  66850  
[  5]  22.00-23.00  sec  73.7 MBytes   618 Mbits/sec  65620  
[  5]  23.00-24.00  sec  77.0 MBytes   646 Mbits/sec  68580  
[  5]  24.00-25.00  sec  73.9 MBytes   620 Mbits/sec  65820  
[  5]  25.00-26.00  sec  76.1 MBytes   638 Mbits/sec  67710  
[  5]  26.00-27.00  sec  65.4 MBytes   549 Mbits/sec  58230  
[  5]  27.00-28.00  sec  71.2 MBytes   597 Mbits/sec  63350  
[  5]  28.00-29.00  sec  75.8 MBytes   635 Mbits/sec  67430  
[  5]  29.00-30.00  sec  77.6 MBytes   651 Mbits/sec  69080  
[  5]  30.00-31.00  sec  72.5 MBytes   609 Mbits/sec  64570  
[  5]  31.00-32.00  sec  75.7 MBytes   635 Mbits/sec  67350  
[  5]  32.00-33.00  sec  74.3 MBytes   623 Mbits/sec  66160  
[  5]  33.00-34.00  sec  73.6 MBytes   618 Mbits/sec  65540  
[  5]  34.00-35.00  sec  73.8 MBytes   619 Mbits/sec  65700  
[  5]  35.00-36.00  sec  75.0 MBytes   629 Mbits/sec  66790  
[  5]  36.00-37.00  sec  73.9 MBytes   620 Mbits/sec  65760  
[  5]  37.00-38.00  sec  75.0 MBytes   629 Mbits/sec  66760  
[  5]  38.00-39.00  sec  73.4 MBytes   616 Mbits/sec  65330  
[  5]  39.00-40.00  sec  70.7 MBytes   593 Mbits/sec  62890  
[  5]  40.00-41.00  sec  78.2 MBytes   656 Mbits/sec  69640  
[  5]  41.00-42.00  sec  74.2 MBytes   622 Mbits/sec  66010  
[  5]  42.00-43.00  sec  73.3 MBytes   615 Mbits/sec  65260  
[  5]  43.00-44.00  sec  74.1 MBytes   622 Mbits/sec  65990  
[  5]  44.00-45.00  sec  72.9 MBytes   612 Mbits/sec  64920  
[  5]  45.00-46.00  sec  70.7 MBytes   593 Mbits/sec  62890  
[  5]  46.00-47.00  sec  76.2 MBytes   639 Mbits/sec  67850  
[  5]  47.00-48.00  sec  74.9 MBytes   628 Mbits/sec  66630  
[  5]  48.00-49.00  sec  75.0 MBytes   629 Mbits/sec  66790  
[  5]  49.00-50.00  sec  74.2 MBytes   623 Mbits/sec  66060  
[  5]  50.00-51.00  sec  72.9 MBytes   611 Mbits/sec  64850  
[  5]  51.00-52.00  sec  75.5 MBytes   633 Mbits/sec  67210  
[  5]  52.00-53.00  sec  74.3 MBytes   623 Mbits/sec  66110  
[  5]  53.00-54.00  sec  75.2 MBytes   631 Mbits/sec  66960  
[  5]  54.00-55.00  sec  74.6 MBytes   626 Mbits/sec  66390  
[  5]  55.00-56.00  sec  74.7 MBytes   627 Mbits/sec  66510  
[  5]  56.00-57.00  sec  69.6 MBytes   584 Mbits/sec  61950  
[  5]  57.00-58.00  sec  68.2 MBytes   572 Mbits/sec  60750  
[  5]  58.00-59.00  sec  75.1 MBytes   630 Mbits/sec  66810  
[  5]  59.00-60.00  sec  74.3 MBytes   623 Mbits/sec  66110  
- - - - - - - - - - - - - - - - - - - - - - - - -
[ ID] Interval           Transfer     Bitrate         Jitter    Lost/Total Datagrams
[  5]   0.00-60.00  sec  4.22 GBytes   605 Mbits/sec  0.000 ms  0/3849560 (0%)  sender
[  5]   0.00-60.35  sec  1.83 GBytes   260 Mbits/sec  0.628 ms  2207783/3830748 (58%)  receiver

iperf Done.
