Connecting to host 10.136.80.151, port 5201
[  5] local 10.136.173.125 port 44071 connected to 10.136.80.151 port 5201
[ ID] Interval           Transfer     Bitrate         Total Datagrams
[  5]   0.00-1.00   sec  75.7 MBytes   635 Mbits/sec  67380  (omitted)
[  5]   0.00-1.00   sec  77.5 MBytes   650 Mbits/sec  68950  
[  5]   1.00-2.00   sec  78.6 MBytes   659 Mbits/sec  69920  
[  5]   2.00-3.00   sec  78.7 MBytes   661 Mbits/sec  70090  
[  5]   3.00-4.00   sec  78.6 MBytes   659 Mbits/sec  69960  
[  5]   4.00-5.00   sec  78.4 MBytes   657 Mbits/sec  69750  
[  5]   5.00-6.00   sec  77.6 MBytes   651 Mbits/sec  69080  
[  5]   6.00-7.00   sec  77.8 MBytes   653 Mbits/sec  69250  
[  5]   7.00-8.00   sec  77.4 MBytes   650 Mbits/sec  68940  
[  5]   8.00-9.00   sec  78.1 MBytes   655 Mbits/sec  69540  
[  5]   9.00-10.00  sec  78.0 MBytes   654 Mbits/sec  69390  
[  5]  10.00-11.00  sec  78.1 MBytes   655 Mbits/sec  69540  
[  5]  11.00-12.00  sec  78.8 MBytes   661 Mbits/sec  70110  
[  5]  12.00-13.00  sec  79.1 MBytes   664 Mbits/sec  70410  
[  5]  13.00-14.00  sec  78.6 MBytes   660 Mbits/sec  70000  
[  5]  14.00-15.00  sec  78.2 MBytes   656 Mbits/sec  69590  
[  5]  15.00-16.00  sec  78.3 MBytes   657 Mbits/sec  69730  
[  5]  16.00-17.00  sec  78.8 MBytes   661 Mbits/sec  70130  
[  5]  17.00-18.00  sec  77.8 MBytes   653 Mbits/sec  69250  
[  5]  18.00-19.00  sec  78.6 MBytes   659 Mbits/sec  69950  
[  5]  19.00-20.00  sec  78.1 MBytes   655 Mbits/sec  69480  
[  5]  20.00-21.00  sec  77.8 MBytes   652 Mbits/sec  69220  
[  5]  21.00-22.00  sec  79.4 MBytes   666 Mbits/sec  70680  
[  5]  22.00-23.00  sec  78.4 MBytes   658 Mbits/sec  69820  
[  5]  23.00-24.00  sec  78.1 MBytes   655 Mbits/sec  69550  
[  5]  24.00-25.00  sec  78.3 MBytes   657 Mbits/sec  69710  
[  5]  25.00-26.00  sec  64.5 MBytes   541 Mbits/sec  57400  
[  5]  26.00-27.00  sec  75.6 MBytes   634 Mbits/sec  67250  
[  5]  27.00-28.00  sec  78.1 MBytes   655 Mbits/sec  69540  
[  5]  28.00-29.00  sec  78.1 MBytes   656 Mbits/sec  69560  
[  5]  29.00-30.00  sec  79.0 MBytes   662 Mbits/sec  70280  
[  5]  30.00-31.00  sec  78.4 MBytes   658 Mbits/sec  69830  
[  5]  31.00-32.00  sec  78.1 MBytes   655 Mbits/sec  69540  
[  5]  32.00-33.00  sec  78.6 MBytes   659 Mbits/sec  69960  
[  5]  33.00-34.00  sec  74.8 MBytes   627 Mbits/sec  66550  
[  5]  34.00-35.00  sec  79.1 MBytes   664 Mbits/sec  70410  
[  5]  35.00-36.00  sec  79.1 MBytes   663 Mbits/sec  70380  
[  5]  36.00-37.00  sec  78.3 MBytes   657 Mbits/sec  69730  
[  5]  37.00-38.00  sec  78.2 MBytes   656 Mbits/sec  69630  
[  5]  38.00-39.00  sec  77.4 MBytes   649 Mbits/sec  68870  
[  5]  39.00-40.00  sec  78.3 MBytes   657 Mbits/sec  69700  
[  5]  40.00-41.00  sec  78.0 MBytes   655 Mbits/sec  69460  
[  5]  41.00-42.00  sec  77.6 MBytes   651 Mbits/sec  69100  
[  5]  42.00-43.00  sec  77.9 MBytes   654 Mbits/sec  69360  
[  5]  43.00-44.00  sec  77.9 MBytes   653 Mbits/sec  69320  
[  5]  44.00-45.00  sec  77.2 MBytes   648 Mbits/sec  68750  
[  5]  45.00-46.00  sec  77.7 MBytes   652 Mbits/sec  69200  
[  5]  46.00-47.00  sec  77.8 MBytes   653 Mbits/sec  69270  
[  5]  47.00-48.00  sec  76.8 MBytes   644 Mbits/sec  68380  
[  5]  48.00-49.00  sec  78.2 MBytes   656 Mbits/sec  69640  
[  5]  49.00-50.00  sec  78.1 MBytes   655 Mbits/sec  69550  
[  5]  50.00-51.00  sec  77.3 MBytes   649 Mbits/sec  68850  
[  5]  51.00-52.00  sec  78.5 MBytes   659 Mbits/sec  69910  
[  5]  52.00-53.00  sec  78.3 MBytes   657 Mbits/sec  69700  
[  5]  53.00-54.00  sec  78.2 MBytes   656 Mbits/sec  69580  
[  5]  54.00-55.00  sec  79.0 MBytes   662 Mbits/sec  70290  
[  5]  55.00-56.00  sec  77.8 MBytes   653 Mbits/sec  69270  
[  5]  56.00-57.00  sec  78.2 MBytes   656 Mbits/sec  69600  
[  5]  57.00-58.00  sec  77.9 MBytes   653 Mbits/sec  69340  
[  5]  58.00-59.00  sec  78.1 MBytes   655 Mbits/sec  69480  
[  5]  59.00-60.00  sec  78.0 MBytes   654 Mbits/sec  69410  
- - - - - - - - - - - - - - - - - - - - - - - - -
[ ID] Interval           Transfer     Bitrate         Jitter    Lost/Total Datagrams
[  5]   0.00-60.00  sec  4.56 GBytes   653 Mbits/sec  0.000 ms  0/4158130 (0%)  sender
[  5]   0.00-60.04  sec  4.56 GBytes   653 Mbits/sec  0.009 ms  1329/4158130 (0.032%)  receiver

iperf Done.
