Connecting to host 10.136.80.189, port 5201
[  5] local 10.136.173.126 port 51472 connected to 10.136.80.189 port 5201
[ ID] Interval           Transfer     Bitrate         Total Datagrams
[  5]   0.00-1.00   sec  78.5 MBytes   658 Mbits/sec  69840  (omitted)
[  5]   0.00-1.00   sec  81.3 MBytes   682 Mbits/sec  72350  
[  5]   1.00-2.00   sec  83.8 MBytes   703 Mbits/sec  74560  
[  5]   2.00-3.00   sec  83.2 MBytes   698 Mbits/sec  74080  
[  5]   3.00-4.00   sec  84.4 MBytes   708 Mbits/sec  75150  
[  5]   4.00-5.00   sec  82.7 MBytes   694 Mbits/sec  73610  
[  5]   5.00-6.00   sec  83.4 MBytes   700 Mbits/sec  74280  
[  5]   6.00-7.00   sec  83.0 MBytes   696 Mbits/sec  73850  
[  5]   7.00-8.00   sec  81.7 MBytes   685 Mbits/sec  72720  
[  5]   8.00-9.00   sec  82.9 MBytes   695 Mbits/sec  73750  
[  5]   9.00-10.00  sec  83.2 MBytes   698 Mbits/sec  74060  
[  5]  10.00-11.00  sec  83.0 MBytes   696 Mbits/sec  73890  
[  5]  11.00-12.00  sec  84.7 MBytes   710 Mbits/sec  75350  
[  5]  12.00-13.00  sec  82.4 MBytes   692 Mbits/sec  73390  
[  5]  13.00-14.00  sec  84.0 MBytes   704 Mbits/sec  74730  
[  5]  14.00-15.00  sec  82.9 MBytes   695 Mbits/sec  73770  
[  5]  15.00-16.00  sec  82.2 MBytes   690 Mbits/sec  73180  
[  5]  16.00-17.00  sec  80.9 MBytes   679 Mbits/sec  72020  
[  5]  17.00-18.00  sec  81.9 MBytes   687 Mbits/sec  72910  
[  5]  18.00-19.00  sec  83.0 MBytes   697 Mbits/sec  73920  
[  5]  19.00-20.00  sec  83.3 MBytes   699 Mbits/sec  74170  
[  5]  20.00-21.00  sec  84.7 MBytes   710 Mbits/sec  75370  
[  5]  21.00-22.00  sec  83.5 MBytes   700 Mbits/sec  74330  
[  5]  22.00-23.00  sec  83.4 MBytes   700 Mbits/sec  74270  
[  5]  23.00-24.00  sec  83.8 MBytes   703 Mbits/sec  74630  
[  5]  24.00-25.00  sec  83.5 MBytes   700 Mbits/sec  74330  
[  5]  25.00-26.00  sec  82.7 MBytes   693 Mbits/sec  73570  
[  5]  26.00-27.00  sec  83.7 MBytes   702 Mbits/sec  74530  
[  5]  27.00-28.00  sec  82.2 MBytes   689 Mbits/sec  73140  
[  5]  28.00-29.00  sec  83.2 MBytes   698 Mbits/sec  74090  
[  5]  29.00-30.00  sec  84.0 MBytes   705 Mbits/sec  74770  
[  5]  30.00-31.00  sec  82.0 MBytes   688 Mbits/sec  72990  
[  5]  31.00-32.00  sec  82.3 MBytes   690 Mbits/sec  73240  
[  5]  32.00-33.00  sec  78.3 MBytes   657 Mbits/sec  69670  
[  5]  33.00-34.00  sec  76.3 MBytes   640 Mbits/sec  67940  
[  5]  34.00-35.00  sec  70.5 MBytes   592 Mbits/sec  62790  
[  5]  35.00-36.00  sec  69.0 MBytes   579 Mbits/sec  61410  
[  5]  36.00-37.00  sec  82.1 MBytes   689 Mbits/sec  73110  
[  5]  37.00-38.00  sec  80.4 MBytes   674 Mbits/sec  71550  
[  5]  38.00-39.00  sec  81.9 MBytes   687 Mbits/sec  72940  
[  5]  39.00-40.00  sec  82.0 MBytes   688 Mbits/sec  72980  
[  5]  40.00-41.00  sec  82.6 MBytes   693 Mbits/sec  73530  
[  5]  41.00-42.00  sec  82.8 MBytes   694 Mbits/sec  73670  
[  5]  42.00-43.00  sec  82.5 MBytes   692 Mbits/sec  73420  
[  5]  43.00-44.00  sec  84.3 MBytes   707 Mbits/sec  75040  
[  5]  44.00-45.00  sec  83.5 MBytes   700 Mbits/sec  74290  
[  5]  45.00-46.00  sec  81.8 MBytes   686 Mbits/sec  72810  
[  5]  46.00-47.00  sec  84.3 MBytes   708 Mbits/sec  75080  
[  5]  47.00-48.00  sec  83.6 MBytes   702 Mbits/sec  74450  
[  5]  48.00-49.00  sec  83.6 MBytes   701 Mbits/sec  74410  
[  5]  49.00-50.00  sec  82.4 MBytes   692 Mbits/sec  73390  
[  5]  50.00-51.00  sec  85.6 MBytes   718 Mbits/sec  76220  
[  5]  51.00-52.00  sec  83.0 MBytes   696 Mbits/sec  73850  
[  5]  52.00-53.00  sec  82.3 MBytes   690 Mbits/sec  73220  
[  5]  53.00-54.00  sec  83.4 MBytes   699 Mbits/sec  74220  
[  5]  54.00-55.00  sec  82.4 MBytes   692 Mbits/sec  73390  
[  5]  55.00-56.00  sec  83.1 MBytes   697 Mbits/sec  73980  
[  5]  56.00-57.00  sec  82.7 MBytes   694 Mbits/sec  73620  
[  5]  57.00-58.00  sec  82.3 MBytes   691 Mbits/sec  73280  
[  5]  58.00-59.00  sec  83.2 MBytes   698 Mbits/sec  74040  
[  5]  59.00-60.00  sec  83.3 MBytes   699 Mbits/sec  74160  
- - - - - - - - - - - - - - - - - - - - - - - - -
[ ID] Interval           Transfer     Bitrate         Jitter    Lost/Total Datagrams
[  5]   0.00-60.00  sec  4.82 GBytes   691 Mbits/sec  0.000 ms  0/4397460 (0%)  sender
[  5]   0.00-60.08  sec  2.47 GBytes   353 Mbits/sec  0.012 ms  2180036/4397460 (50%)  receiver

iperf Done.
