Connecting to host 10.136.80.178, port 5201
[  5] local 10.136.173.115 port 55931 connected to 10.136.80.178 port 5201
[ ID] Interval           Transfer     Bitrate         Total Datagrams
[  5]   0.00-1.00   sec  53.8 MBytes   451 Mbits/sec  47870  (omitted)
[  5]   0.00-1.00   sec  56.6 MBytes   475 Mbits/sec  50420  
[  5]   1.00-2.00   sec  60.5 MBytes   508 Mbits/sec  53850  
[  5]   2.00-3.00   sec  54.7 MBytes   458 Mbits/sec  48650  
[  5]   3.00-4.00   sec  72.1 MBytes   605 Mbits/sec  64210  
[  5]   4.00-5.00   sec  63.4 MBytes   532 Mbits/sec  56450  
[  5]   5.00-6.00   sec  63.0 MBytes   529 Mbits/sec  56100  
[  5]   6.00-7.00   sec  59.2 MBytes   497 Mbits/sec  52690  
[  5]   7.00-8.00   sec  60.6 MBytes   508 Mbits/sec  53940  
[  5]   8.00-9.00   sec  65.6 MBytes   550 Mbits/sec  58410  
[  5]   9.00-10.00  sec  65.8 MBytes   552 Mbits/sec  58550  
[  5]  10.00-11.00  sec  63.4 MBytes   531 Mbits/sec  56390  
[  5]  11.00-12.00  sec  58.6 MBytes   491 Mbits/sec  52130  
[  5]  12.00-13.00  sec  62.4 MBytes   523 Mbits/sec  55500  
[  5]  13.00-14.00  sec  61.5 MBytes   516 Mbits/sec  54710  
[  5]  14.00-15.00  sec  61.2 MBytes   513 Mbits/sec  54480  
[  5]  15.00-16.00  sec  63.4 MBytes   532 Mbits/sec  56410  
[  5]  16.00-17.00  sec  58.7 MBytes   492 Mbits/sec  52250  
[  5]  17.00-18.00  sec  68.9 MBytes   578 Mbits/sec  61370  
[  5]  18.00-19.00  sec  64.7 MBytes   543 Mbits/sec  57610  
[  5]  19.00-20.00  sec  60.7 MBytes   509 Mbits/sec  54010  
[  5]  20.00-21.00  sec  59.8 MBytes   502 Mbits/sec  53240  
[  5]  21.00-22.00  sec  52.9 MBytes   444 Mbits/sec  47130  
[  5]  22.00-23.00  sec  51.2 MBytes   430 Mbits/sec  45610  
[  5]  23.00-24.00  sec  51.1 MBytes   429 Mbits/sec  45480  
[  5]  24.00-25.00  sec  51.3 MBytes   430 Mbits/sec  45680  
[  5]  25.00-26.00  sec  55.5 MBytes   466 Mbits/sec  49420  
[  5]  26.00-27.00  sec  64.0 MBytes   537 Mbits/sec  56950  
[  5]  27.00-28.00  sec  62.1 MBytes   521 Mbits/sec  55320  
[  5]  28.00-29.00  sec  61.2 MBytes   513 Mbits/sec  54470  
[  5]  29.00-30.00  sec  79.5 MBytes   667 Mbits/sec  70740  
[  5]  30.00-31.00  sec  61.0 MBytes   511 Mbits/sec  54270  
[  5]  31.00-32.00  sec  72.1 MBytes   605 Mbits/sec  64150  
[  5]  32.00-33.00  sec  61.6 MBytes   516 Mbits/sec  54800  
[  5]  33.00-34.00  sec  60.3 MBytes   506 Mbits/sec  53670  
[  5]  34.00-35.00  sec  56.2 MBytes   471 Mbits/sec  50010  
[  5]  35.00-36.00  sec  59.6 MBytes   500 Mbits/sec  53010  
[  5]  36.00-37.00  sec  62.7 MBytes   526 Mbits/sec  55770  
[  5]  37.00-38.00  sec  62.7 MBytes   526 Mbits/sec  55790  
[  5]  38.00-39.00  sec  64.9 MBytes   545 Mbits/sec  57800  
[  5]  39.00-40.00  sec  63.7 MBytes   535 Mbits/sec  56730  
[  5]  40.00-41.00  sec  67.9 MBytes   569 Mbits/sec  60420  
[  5]  41.00-42.00  sec  54.2 MBytes   455 Mbits/sec  48280  
[  5]  42.00-43.00  sec  79.4 MBytes   666 Mbits/sec  70710  
[  5]  43.00-44.00  sec  81.4 MBytes   683 Mbits/sec  72440  
[  5]  44.00-45.00  sec  85.1 MBytes   714 Mbits/sec  75740  
[  5]  45.00-46.00  sec  81.9 MBytes   687 Mbits/sec  72880  
[  5]  46.00-47.00  sec  81.9 MBytes   687 Mbits/sec  72920  
[  5]  47.00-48.00  sec  83.3 MBytes   699 Mbits/sec  74140  
[  5]  48.00-49.00  sec  81.6 MBytes   685 Mbits/sec  72660  
[  5]  49.00-50.00  sec  81.9 MBytes   687 Mbits/sec  72860  
[  5]  50.00-51.00  sec  80.9 MBytes   679 Mbits/sec  72020  
[  5]  51.00-52.00  sec  62.4 MBytes   523 Mbits/sec  55510  
[  5]  52.00-53.00  sec  71.4 MBytes   599 Mbits/sec  63580  
[  5]  53.00-54.00  sec  62.6 MBytes   525 Mbits/sec  55750  
[  5]  54.00-55.00  sec  61.9 MBytes   520 Mbits/sec  55130  
[  5]  55.00-56.00  sec  61.0 MBytes   512 Mbits/sec  54340  
[  5]  56.00-57.00  sec  61.1 MBytes   513 Mbits/sec  54420  
[  5]  57.00-58.00  sec  64.8 MBytes   544 Mbits/sec  57700  
[  5]  58.00-59.00  sec  61.5 MBytes   516 Mbits/sec  54740  
[  5]  59.00-60.00  sec  62.7 MBytes   526 Mbits/sec  55780  
- - - - - - - - - - - - - - - - - - - - - - - - -
[ ID] Interval           Transfer     Bitrate         Jitter    Lost/Total Datagrams
[  5]   0.00-60.00  sec  3.80 GBytes   543 Mbits/sec  0.000 ms  0/3460190 (0%)  sender
[  5]   0.00-60.05  sec  2.98 GBytes   426 Mbits/sec  7.055 ms  749665/3458986 (22%)  receiver

iperf Done.
