Connecting to host knb-server-553088, port 5201
[  5] local 10.136.173.116 port 53182 connected to 10.43.29.90 port 5201
[ ID] Interval           Transfer     Bitrate         Retr  Cwnd
[  5]   0.00-1.00   sec  24.3 MBytes   204 Mbits/sec  237   9.20 KBytes       (omitted)
[  5]   0.00-1.00   sec  21.9 MBytes   183 Mbits/sec  232   13.8 KBytes       
[  5]   1.00-2.00   sec  21.1 MBytes   177 Mbits/sec  200   11.5 KBytes       
[  5]   2.00-3.00   sec  20.6 MBytes   173 Mbits/sec  182   13.8 KBytes       
[  5]   3.00-4.00   sec  21.5 MBytes   180 Mbits/sec  191   20.7 KBytes       
[  5]   4.00-5.00   sec  21.1 MBytes   177 Mbits/sec  211   10.4 KBytes       
[  5]   5.00-6.00   sec  23.4 MBytes   196 Mbits/sec  213   9.20 KBytes       
[  5]   6.00-7.00   sec  22.8 MBytes   191 Mbits/sec  220   9.20 KBytes       
[  5]   7.00-8.00   sec  22.7 MBytes   191 Mbits/sec  186   8.05 KBytes       
[  5]   8.00-9.00   sec  22.6 MBytes   190 Mbits/sec  186   8.05 KBytes       
[  5]   9.00-10.00  sec  20.8 MBytes   174 Mbits/sec  215   5.75 KBytes       
[  5]  10.00-11.00  sec  23.5 MBytes   197 Mbits/sec  207   13.8 KBytes       
[  5]  11.00-12.00  sec  20.8 MBytes   174 Mbits/sec  205   10.4 KBytes       
[  5]  12.00-13.00  sec  22.2 MBytes   187 Mbits/sec  184   15.0 KBytes       
[  5]  13.00-14.00  sec  22.8 MBytes   191 Mbits/sec  217   12.7 KBytes       
[  5]  14.00-15.00  sec  21.1 MBytes   177 Mbits/sec  183   20.7 KBytes       
[  5]  15.00-16.00  sec  22.2 MBytes   187 Mbits/sec  205   4.60 KBytes       
[  5]  16.00-17.00  sec  22.1 MBytes   185 Mbits/sec  202   12.7 KBytes       
[  5]  17.00-18.00  sec  21.7 MBytes   182 Mbits/sec  190   16.1 KBytes       
[  5]  18.00-19.00  sec  23.4 MBytes   196 Mbits/sec  206   21.9 KBytes       
[  5]  19.00-20.00  sec  21.3 MBytes   179 Mbits/sec  207   17.3 KBytes       
[  5]  20.00-21.00  sec  22.3 MBytes   187 Mbits/sec  204   8.05 KBytes       
[  5]  21.00-22.00  sec  20.4 MBytes   171 Mbits/sec  168   9.20 KBytes       
[  5]  22.00-23.00  sec  22.4 MBytes   188 Mbits/sec  218   11.5 KBytes       
[  5]  23.00-24.00  sec  21.0 MBytes   176 Mbits/sec  189   16.1 KBytes       
[  5]  24.00-25.00  sec  21.3 MBytes   179 Mbits/sec  180   11.5 KBytes       
[  5]  25.00-26.00  sec  20.9 MBytes   176 Mbits/sec  186   12.7 KBytes       
[  5]  26.00-27.00  sec  22.4 MBytes   188 Mbits/sec  194   6.90 KBytes       
[  5]  27.00-28.00  sec  23.0 MBytes   193 Mbits/sec  201   15.0 KBytes       
[  5]  28.00-29.00  sec  24.4 MBytes   205 Mbits/sec  221   19.6 KBytes       
[  5]  29.00-30.00  sec  23.2 MBytes   194 Mbits/sec  198   11.5 KBytes       
[  5]  30.00-31.00  sec  23.5 MBytes   197 Mbits/sec  225   19.6 KBytes       
[  5]  31.00-32.00  sec  23.2 MBytes   194 Mbits/sec  189   11.5 KBytes       
[  5]  32.00-33.00  sec  24.5 MBytes   205 Mbits/sec  205   13.8 KBytes       
[  5]  33.00-34.00  sec  21.9 MBytes   183 Mbits/sec  192   12.7 KBytes       
[  5]  34.00-35.00  sec  23.0 MBytes   193 Mbits/sec  235   8.05 KBytes       
[  5]  35.00-36.00  sec  22.1 MBytes   185 Mbits/sec  188   24.2 KBytes       
[  5]  36.00-37.00  sec  21.1 MBytes   177 Mbits/sec  188   10.4 KBytes       
[  5]  37.00-38.00  sec  22.4 MBytes   188 Mbits/sec  212   12.7 KBytes       
[  5]  38.00-39.00  sec  22.2 MBytes   187 Mbits/sec  208   21.9 KBytes       
[  5]  39.00-40.00  sec  23.9 MBytes   201 Mbits/sec  186   13.8 KBytes       
[  5]  40.00-41.00  sec  21.7 MBytes   182 Mbits/sec  201   19.6 KBytes       
[  5]  41.00-42.00  sec  18.7 MBytes   157 Mbits/sec  166   4.60 KBytes       
[  5]  42.00-43.00  sec  17.8 MBytes   149 Mbits/sec  163   18.4 KBytes       
[  5]  43.00-44.00  sec  22.4 MBytes   188 Mbits/sec  215   15.0 KBytes       
[  5]  44.00-45.00  sec  22.4 MBytes   188 Mbits/sec  191   12.7 KBytes       
[  5]  45.00-46.00  sec  23.2 MBytes   194 Mbits/sec  212   13.8 KBytes       
[  5]  46.00-47.00  sec  19.1 MBytes   160 Mbits/sec  180   15.0 KBytes       
[  5]  47.00-48.00  sec  22.2 MBytes   187 Mbits/sec  197   19.6 KBytes       
[  5]  48.00-49.00  sec  23.5 MBytes   197 Mbits/sec  217   5.75 KBytes       
[  5]  49.00-50.00  sec  22.8 MBytes   191 Mbits/sec  190   8.05 KBytes       
[  5]  50.00-51.00  sec  21.3 MBytes   179 Mbits/sec  201   6.90 KBytes       
[  5]  51.00-52.00  sec  18.4 MBytes   154 Mbits/sec  174   17.3 KBytes       
[  5]  52.00-53.00  sec  22.8 MBytes   191 Mbits/sec  213   13.8 KBytes       
[  5]  53.00-54.00  sec  22.1 MBytes   185 Mbits/sec  176   35.7 KBytes       
[  5]  54.00-55.00  sec  20.6 MBytes   173 Mbits/sec  196   15.0 KBytes       
[  5]  55.00-56.00  sec  22.8 MBytes   191 Mbits/sec  200   12.7 KBytes       
[  5]  56.00-57.00  sec  22.4 MBytes   188 Mbits/sec  224   8.05 KBytes       
[  5]  57.00-58.00  sec  22.6 MBytes   190 Mbits/sec  196   15.0 KBytes       
[  5]  58.00-59.00  sec  22.8 MBytes   191 Mbits/sec  190   20.7 KBytes       
[  5]  59.00-60.00  sec  20.8 MBytes   174 Mbits/sec  188   9.20 KBytes       
- - - - - - - - - - - - - - - - - - - - - - - - -
[ ID] Interval           Transfer     Bitrate         Retr
[  5]   0.00-60.00  sec  1.29 GBytes   184 Mbits/sec  11919             sender
[  5]   0.00-60.08  sec  1.29 GBytes   184 Mbits/sec                  receiver

iperf Done.
