Connecting to host knb-server-213245, port 5201
[  5] local 10.136.173.127 port 34723 connected to 10.43.156.193 port 5201
[ ID] Interval           Transfer     Bitrate         Total Datagrams
[  5]   0.00-1.00   sec  80.1 MBytes   672 Mbits/sec  71340  (omitted)
[  5]   0.00-1.00   sec  79.3 MBytes   665 Mbits/sec  70560  
[  5]   1.00-2.00   sec  78.9 MBytes   662 Mbits/sec  70240  
[  5]   2.00-3.00   sec  79.5 MBytes   667 Mbits/sec  70740  
[  5]   3.00-4.00   sec  80.8 MBytes   678 Mbits/sec  71930  
[  5]   4.00-5.00   sec  79.7 MBytes   669 Mbits/sec  70980  
[  5]   5.00-6.00   sec  80.3 MBytes   674 Mbits/sec  71500  
[  5]   6.00-7.00   sec  79.3 MBytes   666 Mbits/sec  70630  
[  5]   7.00-8.00   sec  79.9 MBytes   670 Mbits/sec  71120  
[  5]   8.00-9.00   sec  80.0 MBytes   671 Mbits/sec  71230  
[  5]   9.00-10.00  sec  79.9 MBytes   670 Mbits/sec  71140  
[  5]  10.00-11.00  sec  79.2 MBytes   664 Mbits/sec  70490  
[  5]  11.00-12.00  sec  79.7 MBytes   669 Mbits/sec  70960  
[  5]  12.00-13.00  sec  79.9 MBytes   671 Mbits/sec  71160  
[  5]  13.00-14.00  sec  79.7 MBytes   669 Mbits/sec  70950  
[  5]  14.00-15.00  sec  79.0 MBytes   663 Mbits/sec  70330  
[  5]  15.00-16.00  sec  79.7 MBytes   669 Mbits/sec  70940  
[  5]  16.00-17.00  sec  79.1 MBytes   664 Mbits/sec  70410  
[  5]  17.00-18.00  sec  79.2 MBytes   665 Mbits/sec  70540  
[  5]  18.00-19.00  sec  79.3 MBytes   665 Mbits/sec  70610  
[  5]  19.00-20.00  sec  79.5 MBytes   667 Mbits/sec  70730  
[  5]  20.00-21.00  sec  69.5 MBytes   583 Mbits/sec  61820  
[  5]  21.00-22.00  sec  64.6 MBytes   542 Mbits/sec  57530  
[  5]  22.00-23.00  sec  61.6 MBytes   517 Mbits/sec  54820  
[  5]  23.00-24.00  sec  63.3 MBytes   531 Mbits/sec  56330  
[  5]  24.00-25.00  sec  65.2 MBytes   547 Mbits/sec  58070  
[  5]  25.00-26.00  sec  65.3 MBytes   548 Mbits/sec  58160  
[  5]  26.00-27.00  sec  63.9 MBytes   536 Mbits/sec  56920  
[  5]  27.00-28.00  sec  61.4 MBytes   515 Mbits/sec  54690  
[  5]  28.00-29.00  sec  66.4 MBytes   557 Mbits/sec  59070  
[  5]  29.00-30.00  sec  62.4 MBytes   523 Mbits/sec  55530  
[  5]  30.00-31.00  sec  61.8 MBytes   518 Mbits/sec  54970  
[  5]  31.00-32.00  sec  61.7 MBytes   517 Mbits/sec  54910  
[  5]  32.00-33.00  sec  76.2 MBytes   639 Mbits/sec  67810  
[  5]  33.00-34.00  sec  79.1 MBytes   663 Mbits/sec  70400  
[  5]  34.00-35.00  sec  78.7 MBytes   660 Mbits/sec  70060  
[  5]  35.00-36.00  sec  79.6 MBytes   668 Mbits/sec  70880  
[  5]  36.00-37.00  sec  78.8 MBytes   661 Mbits/sec  70120  
[  5]  37.00-38.00  sec  78.9 MBytes   662 Mbits/sec  70190  
[  5]  38.00-39.00  sec  79.4 MBytes   666 Mbits/sec  70700  
[  5]  39.00-40.00  sec  79.4 MBytes   666 Mbits/sec  70650  
[  5]  40.00-41.00  sec  78.5 MBytes   658 Mbits/sec  69850  
[  5]  41.00-42.00  sec  79.3 MBytes   665 Mbits/sec  70590  
[  5]  42.00-43.00  sec  79.1 MBytes   664 Mbits/sec  70430  
[  5]  43.00-44.00  sec  78.6 MBytes   659 Mbits/sec  69980  
[  5]  44.00-45.00  sec  74.6 MBytes   625 Mbits/sec  66360  
[  5]  45.00-46.00  sec  75.7 MBytes   635 Mbits/sec  67400  
[  5]  46.00-47.00  sec  79.3 MBytes   665 Mbits/sec  70610  
[  5]  47.00-48.00  sec  79.2 MBytes   665 Mbits/sec  70510  
[  5]  48.00-49.00  sec  78.9 MBytes   662 Mbits/sec  70210  
[  5]  49.00-50.00  sec  79.0 MBytes   663 Mbits/sec  70310  
[  5]  50.00-51.00  sec  78.9 MBytes   662 Mbits/sec  70270  
[  5]  51.00-52.00  sec  78.9 MBytes   662 Mbits/sec  70250  
[  5]  52.00-53.00  sec  78.2 MBytes   656 Mbits/sec  69610  
[  5]  53.00-54.00  sec  79.8 MBytes   669 Mbits/sec  71000  
[  5]  54.00-55.00  sec  78.4 MBytes   658 Mbits/sec  69830  
[  5]  55.00-56.00  sec  79.7 MBytes   668 Mbits/sec  70920  
[  5]  56.00-57.00  sec  79.7 MBytes   668 Mbits/sec  70920  
[  5]  57.00-58.00  sec  79.8 MBytes   669 Mbits/sec  71030  
[  5]  58.00-59.00  sec  79.9 MBytes   670 Mbits/sec  71130  
[  5]  59.00-60.00  sec  79.2 MBytes   664 Mbits/sec  70490  
- - - - - - - - - - - - - - - - - - - - - - - - -
[ ID] Interval           Transfer     Bitrate         Jitter    Lost/Total Datagrams
[  5]   0.00-60.00  sec  4.46 GBytes   638 Mbits/sec  0.000 ms  0/4062520 (0%)  sender
[  5]   0.00-60.04  sec  4.46 GBytes   638 Mbits/sec  0.015 ms  1067/4062520 (0.026%)  receiver

iperf Done.
