Connecting to host 10.136.80.172, port 5201
[  5] local 10.136.173.108 port 40274 connected to 10.136.80.172 port 5201
[ ID] Interval           Transfer     Bitrate         Total Datagrams
[  5]   0.00-1.00   sec  50.9 MBytes   427 Mbits/sec  45320  (omitted)
[  5]   0.00-1.00   sec  53.2 MBytes   447 Mbits/sec  47390  
[  5]   1.00-2.00   sec  49.8 MBytes   418 Mbits/sec  44310  
[  5]   2.00-3.00   sec  55.3 MBytes   464 Mbits/sec  49190  
[  5]   3.00-4.00   sec  51.4 MBytes   431 Mbits/sec  45790  
[  5]   4.00-5.00   sec  57.6 MBytes   483 Mbits/sec  51250  
[  5]   5.00-6.00   sec  56.3 MBytes   472 Mbits/sec  50070  
[  5]   6.00-7.00   sec  54.5 MBytes   457 Mbits/sec  48490  
[  5]   7.00-8.00   sec  50.6 MBytes   424 Mbits/sec  45010  
[  5]   8.00-9.00   sec  53.7 MBytes   450 Mbits/sec  47760  
[  5]   9.00-10.00  sec  59.9 MBytes   502 Mbits/sec  53280  
[  5]  10.00-11.00  sec  53.9 MBytes   452 Mbits/sec  48020  
[  5]  11.00-12.00  sec  54.0 MBytes   453 Mbits/sec  48050  
[  5]  12.00-13.00  sec  52.1 MBytes   437 Mbits/sec  46410  
[  5]  13.00-14.00  sec  54.1 MBytes   454 Mbits/sec  48200  
[  5]  14.00-15.00  sec  52.9 MBytes   444 Mbits/sec  47080  
[  5]  15.00-16.00  sec  52.9 MBytes   444 Mbits/sec  47100  
[  5]  16.00-17.00  sec  50.5 MBytes   424 Mbits/sec  44990  
[  5]  17.00-18.00  sec  52.4 MBytes   439 Mbits/sec  46620  
[  5]  18.00-19.00  sec  53.2 MBytes   446 Mbits/sec  47370  
[  5]  19.00-20.00  sec  49.7 MBytes   416 Mbits/sec  44200  
[  5]  20.00-21.00  sec  50.9 MBytes   427 Mbits/sec  45350  
[  5]  21.00-22.00  sec  53.5 MBytes   448 Mbits/sec  47580  
[  5]  22.00-23.00  sec  54.7 MBytes   459 Mbits/sec  48650  
[  5]  23.00-24.00  sec  60.2 MBytes   505 Mbits/sec  53570  
[  5]  24.00-25.00  sec  56.0 MBytes   470 Mbits/sec  49880  
[  5]  25.00-26.00  sec  56.2 MBytes   472 Mbits/sec  50040  
[  5]  26.00-27.00  sec  56.1 MBytes   471 Mbits/sec  49980  
[  5]  27.00-28.00  sec  50.3 MBytes   422 Mbits/sec  44790  
[  5]  28.00-29.00  sec  57.1 MBytes   479 Mbits/sec  50790  
[  5]  29.00-30.00  sec  55.3 MBytes   464 Mbits/sec  49250  
[  5]  30.00-31.00  sec  58.0 MBytes   487 Mbits/sec  51660  
[  5]  31.00-32.00  sec  55.3 MBytes   464 Mbits/sec  49220  
[  5]  32.00-33.00  sec  56.2 MBytes   471 Mbits/sec  50020  
[  5]  33.00-34.00  sec  53.0 MBytes   445 Mbits/sec  47180  
[  5]  34.00-35.00  sec  53.6 MBytes   450 Mbits/sec  47750  
[  5]  35.00-36.00  sec  53.9 MBytes   452 Mbits/sec  48000  
[  5]  36.00-37.00  sec  56.6 MBytes   475 Mbits/sec  50400  
[  5]  37.00-38.00  sec  55.4 MBytes   464 Mbits/sec  49270  
[  5]  38.00-39.00  sec  52.9 MBytes   443 Mbits/sec  47050  
[  5]  39.00-40.00  sec  55.3 MBytes   463 Mbits/sec  49180  
[  5]  40.00-41.00  sec  50.9 MBytes   427 Mbits/sec  45310  
[  5]  41.00-42.00  sec  59.7 MBytes   501 Mbits/sec  53150  
[  5]  42.00-43.00  sec  55.4 MBytes   465 Mbits/sec  49300  
[  5]  43.00-44.00  sec  50.5 MBytes   424 Mbits/sec  44980  
[  5]  44.00-45.00  sec  53.7 MBytes   450 Mbits/sec  47790  
[  5]  45.00-46.00  sec  51.5 MBytes   432 Mbits/sec  45850  
[  5]  46.00-47.00  sec  53.0 MBytes   444 Mbits/sec  47140  
[  5]  47.00-48.00  sec  52.8 MBytes   443 Mbits/sec  47000  
[  5]  48.00-49.00  sec  56.1 MBytes   471 Mbits/sec  49970  
[  5]  49.00-50.00  sec  53.1 MBytes   446 Mbits/sec  47290  
[  5]  50.00-51.00  sec  54.5 MBytes   457 Mbits/sec  48520  
[  5]  51.00-52.00  sec  55.1 MBytes   462 Mbits/sec  49020  
[  5]  52.00-53.00  sec  51.8 MBytes   434 Mbits/sec  46100  
[  5]  53.00-54.00  sec  57.2 MBytes   480 Mbits/sec  50910  
[  5]  54.00-55.00  sec  51.2 MBytes   429 Mbits/sec  45570  
[  5]  55.00-56.00  sec  51.7 MBytes   434 Mbits/sec  46010  
[  5]  56.00-57.00  sec  54.4 MBytes   456 Mbits/sec  48380  
[  5]  57.00-58.00  sec  53.9 MBytes   452 Mbits/sec  47940  
[  5]  58.00-59.00  sec  53.3 MBytes   447 Mbits/sec  47450  
[  5]  59.00-60.00  sec  51.9 MBytes   435 Mbits/sec  46170  
- - - - - - - - - - - - - - - - - - - - - - - - -
[ ID] Interval           Transfer     Bitrate         Jitter    Lost/Total Datagrams
[  5]   0.00-60.00  sec  3.16 GBytes   453 Mbits/sec  0.000 ms  0/2884040 (0%)  sender
[  5]   0.00-60.26  sec  1.91 GBytes   272 Mbits/sec  0.008 ms  1161759/2883968 (40%)  receiver

iperf Done.
