Connecting to host 10.136.80.137, port 5201
[  5] local 10.136.173.77 port 43815 connected to 10.136.80.137 port 5201
[ ID] Interval           Transfer     Bitrate         Total Datagrams
[  5]   0.00-1.00   sec  63.0 MBytes   528 Mbits/sec  56050  (omitted)
[  5]   0.00-1.00   sec  74.8 MBytes   627 Mbits/sec  66570  
[  5]   1.00-2.00   sec  73.5 MBytes   617 Mbits/sec  65420  
[  5]   2.00-3.00   sec  66.7 MBytes   560 Mbits/sec  59390  
[  5]   3.00-4.00   sec  70.5 MBytes   592 Mbits/sec  62770  
[  5]   4.00-5.00   sec  76.4 MBytes   641 Mbits/sec  68000  
[  5]   5.00-6.00   sec  68.2 MBytes   572 Mbits/sec  60700  
[  5]   6.00-7.00   sec  66.9 MBytes   561 Mbits/sec  59570  
[  5]   7.00-8.00   sec  74.7 MBytes   627 Mbits/sec  66500  
[  5]   8.00-9.00   sec  70.8 MBytes   594 Mbits/sec  63040  
[  5]   9.00-10.00  sec  74.8 MBytes   627 Mbits/sec  66570  
[  5]  10.00-11.00  sec  75.3 MBytes   632 Mbits/sec  67030  
[  5]  11.00-12.00  sec  74.9 MBytes   628 Mbits/sec  66630  
[  5]  12.00-13.00  sec  74.4 MBytes   624 Mbits/sec  66210  
[  5]  13.00-14.00  sec  75.2 MBytes   631 Mbits/sec  66960  
[  5]  14.00-15.00  sec  74.6 MBytes   626 Mbits/sec  66410  
[  5]  15.00-16.00  sec  70.2 MBytes   589 Mbits/sec  62490  
[  5]  16.00-17.00  sec  74.3 MBytes   623 Mbits/sec  66110  
[  5]  17.00-18.00  sec  80.7 MBytes   677 Mbits/sec  71810  
[  5]  18.00-19.00  sec  73.7 MBytes   619 Mbits/sec  65640  
[  5]  19.00-20.00  sec  74.4 MBytes   624 Mbits/sec  66210  
[  5]  20.00-21.00  sec  74.7 MBytes   626 Mbits/sec  66450  
[  5]  21.00-22.00  sec  72.7 MBytes   610 Mbits/sec  64740  
[  5]  22.00-23.00  sec  74.6 MBytes   626 Mbits/sec  66410  
[  5]  23.00-24.00  sec  74.5 MBytes   625 Mbits/sec  66280  
[  5]  24.00-25.00  sec  74.6 MBytes   626 Mbits/sec  66430  
[  5]  25.00-26.00  sec  74.3 MBytes   624 Mbits/sec  66170  
[  5]  26.00-27.00  sec  75.2 MBytes   631 Mbits/sec  66980  
[  5]  27.00-28.00  sec  60.3 MBytes   506 Mbits/sec  53670  
[  5]  28.00-29.00  sec  74.1 MBytes   622 Mbits/sec  65980  
[  5]  29.00-30.00  sec  73.6 MBytes   617 Mbits/sec  65490  
[  5]  30.00-31.00  sec  71.6 MBytes   601 Mbits/sec  63760  
[  5]  31.00-32.00  sec  65.7 MBytes   551 Mbits/sec  58450  
[  5]  32.00-33.00  sec  72.7 MBytes   610 Mbits/sec  64710  
[  5]  33.00-34.00  sec  72.4 MBytes   608 Mbits/sec  64490  
[  5]  34.00-35.00  sec  74.1 MBytes   622 Mbits/sec  65990  
[  5]  35.00-36.00  sec  65.3 MBytes   548 Mbits/sec  58170  
[  5]  36.00-37.00  sec  74.3 MBytes   624 Mbits/sec  66180  
[  5]  37.00-38.00  sec  80.9 MBytes   679 Mbits/sec  72030  
[  5]  38.00-39.00  sec  85.8 MBytes   719 Mbits/sec  76330  
[  5]  39.00-40.00  sec  86.4 MBytes   725 Mbits/sec  76890  
[  5]  40.00-41.00  sec  76.2 MBytes   639 Mbits/sec  67820  
[  5]  41.00-42.00  sec  74.6 MBytes   626 Mbits/sec  66380  
[  5]  42.00-43.00  sec  75.9 MBytes   636 Mbits/sec  67520  
[  5]  43.00-44.00  sec  75.0 MBytes   629 Mbits/sec  66780  
[  5]  44.00-45.00  sec  76.1 MBytes   639 Mbits/sec  67780  
[  5]  45.00-46.00  sec  59.0 MBytes   495 Mbits/sec  52530  
[  5]  46.00-47.00  sec  60.7 MBytes   509 Mbits/sec  54000  
[  5]  47.00-48.00  sec  74.2 MBytes   622 Mbits/sec  66040  
[  5]  48.00-49.00  sec  74.4 MBytes   625 Mbits/sec  66270  
[  5]  49.00-50.00  sec  74.4 MBytes   624 Mbits/sec  66240  
[  5]  50.00-51.00  sec  74.8 MBytes   627 Mbits/sec  66540  
[  5]  51.00-52.00  sec  56.7 MBytes   476 Mbits/sec  50460  
[  5]  52.00-53.00  sec  64.5 MBytes   541 Mbits/sec  57420  
[  5]  53.00-54.00  sec  74.4 MBytes   624 Mbits/sec  66240  
[  5]  54.00-55.00  sec  74.8 MBytes   628 Mbits/sec  66620  
[  5]  55.00-56.00  sec  72.7 MBytes   610 Mbits/sec  64720  
[  5]  56.00-57.00  sec  74.5 MBytes   625 Mbits/sec  66350  
[  5]  57.00-58.00  sec  74.4 MBytes   624 Mbits/sec  66210  
[  5]  58.00-59.00  sec  77.4 MBytes   650 Mbits/sec  68920  
[  5]  59.00-60.00  sec  76.0 MBytes   637 Mbits/sec  67630  
- - - - - - - - - - - - - - - - - - - - - - - - -
[ ID] Interval           Transfer     Bitrate         Jitter    Lost/Total Datagrams
[  5]   0.00-60.00  sec  4.28 GBytes   613 Mbits/sec  0.000 ms  0/3902100 (0%)  sender
[  5]   0.00-61.33  sec  52.0 MBytes  7.11 Mbits/sec  0.737 ms  3832698/3823284 (1e+02%)  receiver

iperf Done.
