Connecting to host knb-server-1186928, port 5201
[  5] local 10.136.173.74 port 57481 connected to 10.43.101.16 port 5201
[ ID] Interval           Transfer     Bitrate         Total Datagrams
[  5]   0.00-1.00   sec  73.3 MBytes   615 Mbits/sec  65290  (omitted)
[  5]   0.00-1.00   sec  74.1 MBytes   622 Mbits/sec  65980  
[  5]   1.00-2.00   sec  70.4 MBytes   590 Mbits/sec  62630  
[  5]   2.00-3.00   sec  73.8 MBytes   619 Mbits/sec  65650  
[  5]   3.00-4.00   sec  64.2 MBytes   538 Mbits/sec  57120  
[  5]   4.00-5.00   sec  71.8 MBytes   602 Mbits/sec  63910  
[  5]   5.00-6.00   sec  74.2 MBytes   623 Mbits/sec  66050  
[  5]   6.00-7.00   sec  74.1 MBytes   622 Mbits/sec  66000  
[  5]   7.00-8.00   sec  73.6 MBytes   617 Mbits/sec  65510  
[  5]   8.00-9.00   sec  73.3 MBytes   615 Mbits/sec  65290  
[  5]   9.00-10.00  sec  75.1 MBytes   630 Mbits/sec  66890  
[  5]  10.00-11.00  sec  57.8 MBytes   485 Mbits/sec  51450  
[  5]  11.00-12.00  sec  69.7 MBytes   584 Mbits/sec  62000  
[  5]  12.00-13.00  sec  73.5 MBytes   617 Mbits/sec  65440  
[  5]  13.00-14.00  sec  73.2 MBytes   614 Mbits/sec  65140  
[  5]  14.00-15.00  sec  73.1 MBytes   614 Mbits/sec  65110  
[  5]  15.00-16.00  sec  73.0 MBytes   612 Mbits/sec  64960  
[  5]  16.00-17.00  sec  73.1 MBytes   614 Mbits/sec  65110  
[  5]  17.00-18.00  sec  74.0 MBytes   621 Mbits/sec  65900  
[  5]  18.00-19.00  sec  72.8 MBytes   611 Mbits/sec  64810  
[  5]  19.00-20.00  sec  75.0 MBytes   629 Mbits/sec  66760  
[  5]  20.00-21.00  sec  74.3 MBytes   623 Mbits/sec  66150  
[  5]  21.00-22.00  sec  73.2 MBytes   614 Mbits/sec  65140  
[  5]  22.00-23.00  sec  73.2 MBytes   614 Mbits/sec  65180  
[  5]  23.00-24.00  sec  72.5 MBytes   608 Mbits/sec  64530  
[  5]  24.00-25.00  sec  72.5 MBytes   608 Mbits/sec  64520  
[  5]  25.00-26.00  sec  72.6 MBytes   609 Mbits/sec  64660  
[  5]  26.00-27.00  sec  72.7 MBytes   610 Mbits/sec  64720  
[  5]  27.00-28.00  sec  71.8 MBytes   602 Mbits/sec  63910  
[  5]  28.00-29.00  sec  72.7 MBytes   610 Mbits/sec  64730  
[  5]  29.00-30.00  sec  73.4 MBytes   616 Mbits/sec  65360  
[  5]  30.00-31.00  sec  72.1 MBytes   605 Mbits/sec  64170  
[  5]  31.00-32.00  sec  72.8 MBytes   611 Mbits/sec  64820  
[  5]  32.00-33.00  sec  73.0 MBytes   612 Mbits/sec  64970  
[  5]  33.00-34.00  sec  70.4 MBytes   591 Mbits/sec  62680  
[  5]  34.00-35.00  sec  73.4 MBytes   616 Mbits/sec  65340  
[  5]  35.00-36.00  sec  72.1 MBytes   605 Mbits/sec  64210  
[  5]  36.00-37.00  sec  71.3 MBytes   598 Mbits/sec  63450  
[  5]  37.00-38.00  sec  73.4 MBytes   616 Mbits/sec  65320  
[  5]  38.00-39.00  sec  74.1 MBytes   622 Mbits/sec  66000  
[  5]  39.00-40.00  sec  73.2 MBytes   614 Mbits/sec  65200  
[  5]  40.00-41.00  sec  62.9 MBytes   527 Mbits/sec  55960  
[  5]  41.00-42.00  sec  67.0 MBytes   562 Mbits/sec  59610  
[  5]  42.00-43.00  sec  73.9 MBytes   620 Mbits/sec  65820  
[  5]  43.00-44.00  sec  60.9 MBytes   511 Mbits/sec  54250  
[  5]  44.00-45.00  sec  70.7 MBytes   593 Mbits/sec  62890  
[  5]  45.00-46.00  sec  72.9 MBytes   612 Mbits/sec  64900  
[  5]  46.00-47.00  sec  74.1 MBytes   622 Mbits/sec  65990  
[  5]  47.00-48.00  sec  83.1 MBytes   697 Mbits/sec  73960  
[  5]  48.00-49.00  sec  78.6 MBytes   659 Mbits/sec  69930  
[  5]  49.00-50.00  sec  73.2 MBytes   614 Mbits/sec  65180  
[  5]  50.00-51.00  sec  73.2 MBytes   614 Mbits/sec  65160  
[  5]  51.00-52.00  sec  68.3 MBytes   573 Mbits/sec  60800  
[  5]  52.00-53.00  sec  68.6 MBytes   576 Mbits/sec  61100  
[  5]  53.00-54.00  sec  70.1 MBytes   588 Mbits/sec  62360  
[  5]  54.00-55.00  sec  72.2 MBytes   605 Mbits/sec  64240  
[  5]  55.00-56.00  sec  74.0 MBytes   621 Mbits/sec  65900  
[  5]  56.00-57.00  sec  73.5 MBytes   617 Mbits/sec  65420  
[  5]  57.00-58.00  sec  71.2 MBytes   597 Mbits/sec  63400  
[  5]  58.00-59.00  sec  73.9 MBytes   620 Mbits/sec  65770  
[  5]  59.00-60.00  sec  73.5 MBytes   616 Mbits/sec  65390  
- - - - - - - - - - - - - - - - - - - - - - - - -
[ ID] Interval           Transfer     Bitrate         Jitter    Lost/Total Datagrams
[  5]   0.00-60.00  sec  4.23 GBytes   605 Mbits/sec  0.000 ms  0/3854800 (0%)  sender
[  5]   0.00-63.97  sec  62.1 MBytes  8.15 Mbits/sec  0.031 ms  3695978/3686817 (1e+02%)  receiver

iperf Done.
