Connecting to host 10.136.80.183, port 5201
[  5] local 10.136.173.65 port 53800 connected to 10.136.80.183 port 5201
[ ID] Interval           Transfer     Bitrate         Total Datagrams
[  5]   0.00-1.00   sec  61.1 MBytes   512 Mbits/sec  54380  (omitted)
[  5]   0.00-1.00   sec  60.9 MBytes   510 Mbits/sec  54170  
[  5]   1.00-2.00   sec  76.8 MBytes   644 Mbits/sec  68320  
[  5]   2.00-3.00   sec  74.8 MBytes   628 Mbits/sec  66610  
[  5]   3.00-4.00   sec  77.2 MBytes   647 Mbits/sec  68700  
[  5]   4.00-5.00   sec  71.1 MBytes   596 Mbits/sec  63290  
[  5]   5.00-6.00   sec  74.7 MBytes   627 Mbits/sec  66500  
[  5]   6.00-7.00   sec  70.8 MBytes   594 Mbits/sec  63030  
[  5]   7.00-8.00   sec  55.0 MBytes   461 Mbits/sec  48920  
[  5]   8.00-9.00   sec  59.9 MBytes   502 Mbits/sec  53290  
[  5]   9.00-10.00  sec  74.6 MBytes   626 Mbits/sec  66440  
[  5]  10.00-11.00  sec  73.9 MBytes   620 Mbits/sec  65780  
[  5]  11.00-12.00  sec  74.5 MBytes   625 Mbits/sec  66300  
[  5]  12.00-13.00  sec  73.2 MBytes   614 Mbits/sec  65130  
[  5]  13.00-14.00  sec  75.0 MBytes   629 Mbits/sec  66730  
[  5]  14.00-15.00  sec  76.7 MBytes   644 Mbits/sec  68300  
[  5]  15.00-16.00  sec  76.8 MBytes   644 Mbits/sec  68380  
[  5]  16.00-17.00  sec  76.9 MBytes   645 Mbits/sec  68420  
[  5]  17.00-18.00  sec  76.3 MBytes   640 Mbits/sec  67920  
[  5]  18.00-19.00  sec  74.2 MBytes   622 Mbits/sec  66050  
[  5]  19.00-20.00  sec  76.8 MBytes   644 Mbits/sec  68380  
[  5]  20.00-21.00  sec  75.7 MBytes   635 Mbits/sec  67340  
[  5]  21.00-22.00  sec  74.8 MBytes   627 Mbits/sec  66550  
[  5]  22.00-23.00  sec  73.6 MBytes   617 Mbits/sec  65500  
[  5]  23.00-24.00  sec  74.7 MBytes   627 Mbits/sec  66490  
[  5]  24.00-25.00  sec  74.5 MBytes   625 Mbits/sec  66310  
[  5]  25.00-26.00  sec  75.5 MBytes   634 Mbits/sec  67230  
[  5]  26.00-27.00  sec  74.8 MBytes   628 Mbits/sec  66620  
[  5]  27.00-28.00  sec  74.9 MBytes   629 Mbits/sec  66700  
[  5]  28.00-29.00  sec  78.2 MBytes   656 Mbits/sec  69590  
[  5]  29.00-30.00  sec  76.9 MBytes   645 Mbits/sec  68480  
[  5]  30.00-31.00  sec  75.9 MBytes   637 Mbits/sec  67600  
[  5]  31.00-32.00  sec  74.4 MBytes   624 Mbits/sec  66200  
[  5]  32.00-33.00  sec  62.3 MBytes   522 Mbits/sec  55420  
[  5]  33.00-34.00  sec  57.4 MBytes   481 Mbits/sec  51080  
[  5]  34.00-35.00  sec  55.2 MBytes   463 Mbits/sec  49120  
[  5]  35.00-36.00  sec  55.4 MBytes   464 Mbits/sec  49280  
[  5]  36.00-37.00  sec  56.1 MBytes   470 Mbits/sec  49910  
[  5]  37.00-38.00  sec  56.8 MBytes   476 Mbits/sec  50520  
[  5]  38.00-39.00  sec  67.6 MBytes   567 Mbits/sec  60160  
[  5]  39.00-40.00  sec  74.9 MBytes   628 Mbits/sec  66650  
[  5]  40.00-41.00  sec  74.8 MBytes   628 Mbits/sec  66590  
[  5]  41.00-42.00  sec  74.0 MBytes   620 Mbits/sec  65830  
[  5]  42.00-43.00  sec  73.7 MBytes   618 Mbits/sec  65630  
[  5]  43.00-44.00  sec  74.6 MBytes   626 Mbits/sec  66390  
[  5]  44.00-45.00  sec  74.6 MBytes   626 Mbits/sec  66410  
[  5]  45.00-46.00  sec  74.1 MBytes   621 Mbits/sec  65930  
[  5]  46.00-47.00  sec  75.7 MBytes   635 Mbits/sec  67340  
[  5]  47.00-48.00  sec  75.4 MBytes   632 Mbits/sec  67090  
[  5]  48.00-49.00  sec  73.2 MBytes   614 Mbits/sec  65150  
[  5]  49.00-50.00  sec  74.2 MBytes   623 Mbits/sec  66060  
[  5]  50.00-51.00  sec  73.9 MBytes   620 Mbits/sec  65770  
[  5]  51.00-52.00  sec  70.1 MBytes   588 Mbits/sec  62420  
[  5]  52.00-53.00  sec  73.5 MBytes   617 Mbits/sec  65420  
[  5]  53.00-54.00  sec  62.2 MBytes   522 Mbits/sec  55390  
[  5]  54.00-55.00  sec  56.1 MBytes   471 Mbits/sec  49950  
[  5]  55.00-56.00  sec  72.6 MBytes   609 Mbits/sec  64580  
[  5]  56.00-57.00  sec  75.7 MBytes   635 Mbits/sec  67370  
[  5]  57.00-58.00  sec  74.2 MBytes   623 Mbits/sec  66090  
[  5]  58.00-59.00  sec  73.3 MBytes   615 Mbits/sec  65270  
[  5]  59.00-60.00  sec  74.8 MBytes   627 Mbits/sec  66570  
- - - - - - - - - - - - - - - - - - - - - - - - -
[ ID] Interval           Transfer     Bitrate         Jitter    Lost/Total Datagrams
[  5]   0.00-60.00  sec  4.19 GBytes   600 Mbits/sec  0.000 ms  0/3818660 (0%)  sender
[  5]   0.00-60.56  sec  1.82 GBytes   258 Mbits/sec  0.477 ms  2186611/3817204 (57%)  receiver

iperf Done.
