Connecting to host 10.136.80.145, port 5201
[  5] local 10.136.173.82 port 43082 connected to 10.136.80.145 port 5201
[ ID] Interval           Transfer     Bitrate         Total Datagrams
[  5]   0.00-1.00   sec  77.2 MBytes   647 Mbits/sec  68690  (omitted)
[  5]   0.00-1.00   sec  67.4 MBytes   566 Mbits/sec  60030  
[  5]   1.00-2.00   sec  77.0 MBytes   646 Mbits/sec  68500  
[  5]   2.00-3.00   sec  76.1 MBytes   638 Mbits/sec  67700  
[  5]   3.00-4.00   sec  76.1 MBytes   639 Mbits/sec  67780  
[  5]   4.00-5.00   sec  70.9 MBytes   595 Mbits/sec  63120  
[  5]   5.00-6.00   sec  57.7 MBytes   484 Mbits/sec  51330  
[  5]   6.00-7.00   sec  61.3 MBytes   515 Mbits/sec  54600  
[  5]   7.00-8.00   sec  59.3 MBytes   498 Mbits/sec  52820  
[  5]   8.00-9.00   sec  59.9 MBytes   503 Mbits/sec  53350  
[  5]   9.00-10.00  sec  76.8 MBytes   644 Mbits/sec  68380  
[  5]  10.00-11.00  sec  83.1 MBytes   697 Mbits/sec  74010  
[  5]  11.00-12.00  sec  82.7 MBytes   694 Mbits/sec  73620  
[  5]  12.00-13.00  sec  82.2 MBytes   689 Mbits/sec  73150  
[  5]  13.00-14.00  sec  82.2 MBytes   689 Mbits/sec  73140  
[  5]  14.00-15.00  sec  81.3 MBytes   682 Mbits/sec  72390  
[  5]  15.00-16.00  sec  82.7 MBytes   694 Mbits/sec  73630  
[  5]  16.00-17.00  sec  80.1 MBytes   672 Mbits/sec  71330  
[  5]  17.00-18.00  sec  82.3 MBytes   690 Mbits/sec  73240  
[  5]  18.00-19.00  sec  82.7 MBytes   694 Mbits/sec  73620  
[  5]  19.00-20.00  sec  84.3 MBytes   707 Mbits/sec  75030  
[  5]  20.00-21.00  sec  82.2 MBytes   689 Mbits/sec  73150  
[  5]  21.00-22.00  sec  83.5 MBytes   700 Mbits/sec  74300  
[  5]  22.00-23.00  sec  82.7 MBytes   693 Mbits/sec  73570  
[  5]  23.00-24.00  sec  82.0 MBytes   688 Mbits/sec  72990  
[  5]  24.00-25.00  sec  83.1 MBytes   697 Mbits/sec  73950  
[  5]  25.00-26.00  sec  82.6 MBytes   693 Mbits/sec  73510  
[  5]  26.00-27.00  sec  81.6 MBytes   684 Mbits/sec  72610  
[  5]  27.00-28.00  sec  82.3 MBytes   690 Mbits/sec  73260  
[  5]  28.00-29.00  sec  82.6 MBytes   693 Mbits/sec  73540  
[  5]  29.00-30.00  sec  82.4 MBytes   692 Mbits/sec  73380  
[  5]  30.00-31.00  sec  82.3 MBytes   690 Mbits/sec  73250  
[  5]  31.00-32.00  sec  82.0 MBytes   687 Mbits/sec  72950  
[  5]  32.00-33.00  sec  82.8 MBytes   695 Mbits/sec  73720  
[  5]  33.00-34.00  sec  82.7 MBytes   694 Mbits/sec  73600  
[  5]  34.00-35.00  sec  82.9 MBytes   696 Mbits/sec  73820  
[  5]  35.00-36.00  sec  82.2 MBytes   690 Mbits/sec  73210  
[  5]  36.00-37.00  sec  81.1 MBytes   681 Mbits/sec  72220  
[  5]  37.00-38.00  sec  84.0 MBytes   705 Mbits/sec  74810  
[  5]  38.00-39.00  sec  82.6 MBytes   693 Mbits/sec  73490  
[  5]  39.00-40.00  sec  82.4 MBytes   692 Mbits/sec  73390  
[  5]  40.00-41.00  sec  83.0 MBytes   696 Mbits/sec  73880  
[  5]  41.00-42.00  sec  82.4 MBytes   692 Mbits/sec  73380  
[  5]  42.00-43.00  sec  85.0 MBytes   713 Mbits/sec  75650  
[  5]  43.00-44.00  sec  82.6 MBytes   693 Mbits/sec  73520  
[  5]  44.00-45.00  sec  83.4 MBytes   700 Mbits/sec  74240  
[  5]  45.00-46.00  sec  83.4 MBytes   699 Mbits/sec  74210  
[  5]  46.00-47.00  sec  82.1 MBytes   689 Mbits/sec  73090  
[  5]  47.00-48.00  sec  83.1 MBytes   697 Mbits/sec  74010  
[  5]  48.00-49.00  sec  83.3 MBytes   699 Mbits/sec  74190  
[  5]  49.00-50.00  sec  83.5 MBytes   700 Mbits/sec  74290  
[  5]  50.00-51.00  sec  81.7 MBytes   685 Mbits/sec  72720  
[  5]  51.00-52.00  sec  82.0 MBytes   688 Mbits/sec  73000  
[  5]  52.00-53.00  sec  82.2 MBytes   690 Mbits/sec  73210  
[  5]  53.00-54.00  sec  81.4 MBytes   683 Mbits/sec  72440  
[  5]  54.00-55.00  sec  81.7 MBytes   685 Mbits/sec  72680  
[  5]  55.00-56.00  sec  82.4 MBytes   692 Mbits/sec  73380  
[  5]  56.00-57.00  sec  80.9 MBytes   679 Mbits/sec  72040  
[  5]  57.00-58.00  sec  83.1 MBytes   697 Mbits/sec  73970  
[  5]  58.00-59.00  sec  83.3 MBytes   699 Mbits/sec  74190  
[  5]  59.00-60.00  sec  83.3 MBytes   699 Mbits/sec  74120  
- - - - - - - - - - - - - - - - - - - - - - - - -
[ ID] Interval           Transfer     Bitrate         Jitter    Lost/Total Datagrams
[  5]   0.00-60.00  sec  4.70 GBytes   673 Mbits/sec  0.000 ms  0/4281700 (0%)  sender
[  5]   0.00-60.08  sec  2.49 GBytes   355 Mbits/sec  0.021 ms  2045669/4281700 (48%)  receiver

iperf Done.
