Connecting to host 10.136.80.147, port 5201
[  5] local 10.136.173.108 port 39424 connected to 10.136.80.147 port 5201
[ ID] Interval           Transfer     Bitrate         Retr  Cwnd
[  5]   0.00-1.00   sec   575 KBytes  4.71 Mbits/sec   50   1.15 KBytes       (omitted)
[  5]   0.00-1.00   sec   649 KBytes  5.31 Mbits/sec   58   3.45 KBytes       
[  5]   1.00-2.00   sec   104 KBytes  0.85 Mbits/sec   13   2.30 KBytes       
[  5]   2.00-3.00   sec   499 KBytes  4.09 Mbits/sec   45   1.15 KBytes       
[  5]   3.00-4.00   sec   598 KBytes  4.90 Mbits/sec   55   2.30 KBytes       
[  5]   4.00-5.00   sec   918 KBytes  7.52 Mbits/sec   81   1.15 KBytes       
[  5]   5.00-6.00   sec  67.9 KBytes  0.56 Mbits/sec   12   1.15 KBytes       
[  5]   6.00-7.00   sec   341 KBytes  2.79 Mbits/sec   39   1.15 KBytes       
[  5]   7.00-8.00   sec   697 KBytes  5.71 Mbits/sec   67   3.45 KBytes       
[  5]   8.00-9.00   sec   481 KBytes  3.94 Mbits/sec   48   2.30 KBytes       
[  5]   9.00-10.00  sec   101 KBytes  0.83 Mbits/sec   10   1.15 KBytes       
[  5]  10.00-11.00  sec   206 KBytes  1.69 Mbits/sec   19   1.15 KBytes       
[  5]  11.00-12.00  sec   503 KBytes  4.12 Mbits/sec   58   1.15 KBytes       
[  5]  12.00-13.00  sec   701 KBytes  5.74 Mbits/sec   58   1.15 KBytes       
[  5]  13.00-14.00  sec   549 KBytes  4.50 Mbits/sec   65   1.15 KBytes       
[  5]  14.00-15.00  sec   318 KBytes  2.60 Mbits/sec   29   2.30 KBytes       
[  5]  15.00-16.00  sec  1.61 MBytes  13.5 Mbits/sec  143   1.15 KBytes       
[  5]  16.00-17.00  sec   242 KBytes  1.98 Mbits/sec   23   2.30 KBytes       
[  5]  17.00-18.00  sec   222 KBytes  1.82 Mbits/sec   24   1.15 KBytes       
[  5]  18.00-19.00  sec  0.00 Bytes  0.00 Mbits/sec    8   1.15 KBytes       
[  5]  19.00-20.00  sec   454 KBytes  3.73 Mbits/sec   47   2.30 KBytes       
[  5]  20.00-21.00  sec  1.33 MBytes  11.2 Mbits/sec  138   1.15 KBytes       
[  5]  21.00-22.00  sec   445 KBytes  3.65 Mbits/sec   39   1.15 KBytes       
[  5]  22.00-23.00  sec   622 KBytes  5.10 Mbits/sec   59   1.15 KBytes       
[  5]  23.00-24.00  sec  1.54 MBytes  12.9 Mbits/sec  143   1.15 KBytes       
[  5]  24.00-25.00  sec  1.44 MBytes  12.1 Mbits/sec  137   1.15 KBytes       
[  5]  25.00-26.00  sec  1.01 MBytes  8.48 Mbits/sec   89   2.30 KBytes       
[  5]  26.00-27.00  sec   224 KBytes  1.84 Mbits/sec   25   2.30 KBytes       
[  5]  27.00-28.00  sec   696 KBytes  5.70 Mbits/sec   66   1.15 KBytes       
[  5]  28.00-29.00  sec   222 KBytes  1.82 Mbits/sec   34   1.15 KBytes       
[  5]  29.00-30.00  sec   301 KBytes  2.47 Mbits/sec   29   2.30 KBytes       
[  5]  30.00-31.00  sec  2.29 MBytes  19.2 Mbits/sec  202   1.15 KBytes       
[  5]  31.00-32.00  sec   127 KBytes  1.04 Mbits/sec   16   1.15 KBytes       
[  5]  32.00-33.00  sec   127 KBytes  1.04 Mbits/sec   22   1.15 KBytes       
[  5]  33.00-34.00  sec   127 KBytes  1.04 Mbits/sec   13   1.15 KBytes       
[  5]  34.00-35.00  sec  1.37 MBytes  11.5 Mbits/sec  109   2.30 KBytes       
[  5]  35.00-36.00  sec  1.06 MBytes  8.88 Mbits/sec   84   2.30 KBytes       
[  5]  36.00-37.00  sec   443 KBytes  3.63 Mbits/sec   32   2.30 KBytes       
[  5]  37.00-38.00  sec  0.00 Bytes  0.00 Mbits/sec    8   1.15 KBytes       
[  5]  38.00-39.00  sec   636 KBytes  5.22 Mbits/sec   43   1.15 KBytes       
[  5]  39.00-40.00  sec   527 KBytes  4.32 Mbits/sec   59   3.45 KBytes       
[  5]  40.00-41.00  sec   390 KBytes  3.19 Mbits/sec   44   1.15 KBytes       
[  5]  41.00-42.00  sec  63.3 KBytes  0.52 Mbits/sec   14   1.15 KBytes       
[  5]  42.00-43.00  sec   879 KBytes  7.21 Mbits/sec   74   2.30 KBytes       
[  5]  43.00-44.00  sec   405 KBytes  3.32 Mbits/sec   40   1.15 KBytes       
[  5]  44.00-45.00  sec  1.31 MBytes  11.0 Mbits/sec  117   1.15 KBytes       
[  5]  45.00-46.00  sec   324 KBytes  2.66 Mbits/sec   20   1.15 KBytes       
[  5]  46.00-47.00  sec  64.4 KBytes  0.53 Mbits/sec   12   1.15 KBytes       
[  5]  47.00-48.00  sec   255 KBytes  2.09 Mbits/sec   22   1.15 KBytes       
[  5]  48.00-49.00  sec   933 KBytes  7.64 Mbits/sec   79   1.15 KBytes       
[  5]  49.00-50.00  sec  63.3 KBytes  0.52 Mbits/sec   10   1.15 KBytes       
[  5]  50.00-51.00  sec   464 KBytes  3.80 Mbits/sec   52   2.30 KBytes       
[  5]  51.00-52.00  sec   586 KBytes  4.80 Mbits/sec   70   1.15 KBytes       
[  5]  52.00-53.00  sec   571 KBytes  4.67 Mbits/sec   50   1.15 KBytes       
[  5]  53.00-54.00  sec   443 KBytes  3.63 Mbits/sec   43   1.15 KBytes       
[  5]  54.00-55.00  sec   261 KBytes  2.14 Mbits/sec   31   2.30 KBytes       
[  5]  55.00-56.00  sec   481 KBytes  3.94 Mbits/sec   51   2.30 KBytes       
[  5]  56.00-57.00  sec   254 KBytes  2.08 Mbits/sec   21   1.15 KBytes       
[  5]  57.00-58.00  sec   322 KBytes  2.64 Mbits/sec   38   1.15 KBytes       
[  5]  58.00-59.00  sec   194 KBytes  1.59 Mbits/sec   33   1.15 KBytes       
[  5]  59.00-60.00  sec  1.57 MBytes  13.2 Mbits/sec  147   2.30 KBytes       
- - - - - - - - - - - - - - - - - - - - - - - - -
[ ID] Interval           Transfer     Bitrate         Retr
[  5]   0.00-60.00  sec  33.2 MBytes  4.64 Mbits/sec  3217             sender
[  5]   0.00-60.04  sec  33.2 MBytes  4.64 Mbits/sec                  receiver

iperf Done.
