Connecting to host 10.136.80.136, port 5201
[  5] local 10.136.173.123 port 49775 connected to 10.136.80.136 port 5201
[ ID] Interval           Transfer     Bitrate         Total Datagrams
[  5]   0.00-1.00   sec  90.6 MBytes   760 Mbits/sec  67920  (omitted)
[  5]   0.00-1.00   sec  92.7 MBytes   778 Mbits/sec  69550  
[  5]   1.00-2.00   sec  92.9 MBytes   780 Mbits/sec  69710  
[  5]   2.00-3.00   sec  91.6 MBytes   769 Mbits/sec  68730  
[  5]   3.00-4.00   sec  92.9 MBytes   779 Mbits/sec  69660  
[  5]   4.00-5.00   sec  93.4 MBytes   783 Mbits/sec  70020  
[  5]   5.00-6.00   sec  92.8 MBytes   779 Mbits/sec  69630  
[  5]   6.00-7.00   sec  93.6 MBytes   785 Mbits/sec  70170  
[  5]   7.00-8.00   sec  94.6 MBytes   793 Mbits/sec  70920  
[  5]   8.00-9.00   sec  92.9 MBytes   779 Mbits/sec  69680  
[  5]   9.00-10.00  sec  92.5 MBytes   776 Mbits/sec  69410  
[  5]  10.00-11.00  sec  93.1 MBytes   781 Mbits/sec  69850  
[  5]  11.00-12.00  sec  91.9 MBytes   771 Mbits/sec  68960  
[  5]  12.00-13.00  sec  92.6 MBytes   776 Mbits/sec  69420  
[  5]  13.00-14.00  sec  93.4 MBytes   784 Mbits/sec  70060  
[  5]  14.00-15.00  sec  92.2 MBytes   773 Mbits/sec  69130  
[  5]  15.00-16.00  sec   100 MBytes   842 Mbits/sec  75290  
[  5]  16.00-17.00  sec  94.4 MBytes   792 Mbits/sec  70790  
[  5]  17.00-18.00  sec  93.5 MBytes   785 Mbits/sec  70160  
[  5]  18.00-19.00  sec  93.4 MBytes   784 Mbits/sec  70080  
[  5]  19.00-20.00  sec  91.9 MBytes   771 Mbits/sec  68940  
[  5]  20.00-21.00  sec  93.8 MBytes   787 Mbits/sec  70370  
[  5]  21.00-22.00  sec  93.7 MBytes   786 Mbits/sec  70270  
[  5]  22.00-23.00  sec  93.0 MBytes   780 Mbits/sec  69780  
[  5]  23.00-24.00  sec  93.7 MBytes   786 Mbits/sec  70270  
[  5]  24.00-25.00  sec  93.9 MBytes   787 Mbits/sec  70400  
[  5]  25.00-26.00  sec  93.6 MBytes   785 Mbits/sec  70220  
[  5]  26.00-27.00  sec  92.8 MBytes   778 Mbits/sec  69600  
[  5]  27.00-28.00  sec  93.5 MBytes   784 Mbits/sec  70100  
[  5]  28.00-29.00  sec  93.4 MBytes   783 Mbits/sec  70020  
[  5]  29.00-30.00  sec  93.0 MBytes   780 Mbits/sec  69720  
[  5]  30.00-31.00  sec  93.1 MBytes   781 Mbits/sec  69850  
[  5]  31.00-32.00  sec  92.7 MBytes   778 Mbits/sec  69540  
[  5]  32.00-33.00  sec  93.0 MBytes   780 Mbits/sec  69740  
[  5]  33.00-34.00  sec  93.4 MBytes   784 Mbits/sec  70080  
[  5]  34.00-35.00  sec  93.1 MBytes   781 Mbits/sec  69840  
[  5]  35.00-36.00  sec  93.6 MBytes   785 Mbits/sec  70200  
[  5]  36.00-37.00  sec  91.2 MBytes   765 Mbits/sec  68410  
[  5]  37.00-38.00  sec  78.4 MBytes   658 Mbits/sec  58820  
[  5]  38.00-39.00  sec  83.6 MBytes   702 Mbits/sec  62730  
[  5]  39.00-40.00  sec  77.7 MBytes   652 Mbits/sec  58280  
[  5]  40.00-41.00  sec  78.0 MBytes   655 Mbits/sec  58540  
[  5]  41.00-42.00  sec  77.5 MBytes   650 Mbits/sec  58100  
[  5]  42.00-43.00  sec  78.3 MBytes   656 Mbits/sec  58700  
[  5]  43.00-44.00  sec  78.3 MBytes   657 Mbits/sec  58730  
[  5]  44.00-45.00  sec  85.8 MBytes   720 Mbits/sec  64340  
[  5]  45.00-46.00  sec  92.8 MBytes   779 Mbits/sec  69640  
[  5]  46.00-47.00  sec  92.1 MBytes   773 Mbits/sec  69090  
[  5]  47.00-48.00  sec  92.7 MBytes   778 Mbits/sec  69540  
[  5]  48.00-49.00  sec  93.7 MBytes   786 Mbits/sec  70250  
[  5]  49.00-50.00  sec  92.3 MBytes   774 Mbits/sec  69220  
[  5]  50.00-51.00  sec  93.0 MBytes   780 Mbits/sec  69790  
[  5]  51.00-52.00  sec  93.4 MBytes   784 Mbits/sec  70070  
[  5]  52.00-53.00  sec  93.7 MBytes   786 Mbits/sec  70250  
[  5]  53.00-54.00  sec  93.0 MBytes   780 Mbits/sec  69790  
[  5]  54.00-55.00  sec  93.5 MBytes   784 Mbits/sec  70110  
[  5]  55.00-56.00  sec  93.3 MBytes   783 Mbits/sec  69970  
[  5]  56.00-57.00  sec  92.4 MBytes   775 Mbits/sec  69300  
[  5]  57.00-58.00  sec  93.3 MBytes   783 Mbits/sec  70000  
[  5]  58.00-59.00  sec  93.2 MBytes   782 Mbits/sec  69940  
[  5]  59.00-60.00  sec  92.4 MBytes   775 Mbits/sec  69270  
- - - - - - - - - - - - - - - - - - - - - - - - -
[ ID] Interval           Transfer     Bitrate         Jitter    Lost/Total Datagrams
[  5]   0.00-60.00  sec  5.36 GBytes   767 Mbits/sec  0.000 ms  0/4113040 (0%)  sender
[  5]   0.00-60.04  sec  5.36 GBytes   767 Mbits/sec  0.012 ms  991/4113040 (0.024%)  receiver

iperf Done.
