Connecting to host knb-server-770581, port 5201
[  5] local 10.136.173.104 port 33023 connected to 10.43.125.21 port 5201
[ ID] Interval           Transfer     Bitrate         Total Datagrams
[  5]   0.00-1.00   sec  42.8 MBytes   359 Mbits/sec  38070  (omitted)
[  5]   0.00-1.00   sec  57.6 MBytes   483 Mbits/sec  51280  
[  5]   1.00-2.00   sec  54.1 MBytes   454 Mbits/sec  48130  
[  5]   2.00-3.00   sec  58.3 MBytes   489 Mbits/sec  51870  
[  5]   3.00-4.00   sec  57.3 MBytes   481 Mbits/sec  50990  
[  5]   4.00-5.00   sec  53.5 MBytes   449 Mbits/sec  47630  
[  5]   5.00-6.00   sec  53.9 MBytes   452 Mbits/sec  48010  
[  5]   6.00-7.00   sec  58.1 MBytes   487 Mbits/sec  51730  
[  5]   7.00-8.00   sec  54.4 MBytes   457 Mbits/sec  48450  
[  5]   8.00-9.00   sec  52.8 MBytes   443 Mbits/sec  47020  
[  5]   9.00-10.00  sec  57.9 MBytes   486 Mbits/sec  51550  
[  5]  10.00-11.00  sec  52.0 MBytes   436 Mbits/sec  46310  
[  5]  11.00-12.00  sec  53.6 MBytes   450 Mbits/sec  47720  
[  5]  12.00-13.00  sec  57.7 MBytes   484 Mbits/sec  51340  
[  5]  13.00-14.00  sec  56.4 MBytes   473 Mbits/sec  50210  
[  5]  14.00-15.00  sec  57.6 MBytes   484 Mbits/sec  51310  
[  5]  15.00-16.00  sec  58.4 MBytes   490 Mbits/sec  51950  
[  5]  16.00-17.00  sec  56.9 MBytes   478 Mbits/sec  50690  
[  5]  17.00-18.00  sec  55.6 MBytes   467 Mbits/sec  49520  
[  5]  18.00-19.00  sec  52.4 MBytes   439 Mbits/sec  46620  
[  5]  19.00-20.00  sec  51.4 MBytes   431 Mbits/sec  45710  
[  5]  20.00-21.00  sec  53.2 MBytes   446 Mbits/sec  47350  
[  5]  21.00-22.00  sec  53.3 MBytes   447 Mbits/sec  47460  
[  5]  22.00-23.00  sec  52.8 MBytes   443 Mbits/sec  47010  
[  5]  23.00-24.00  sec  60.7 MBytes   509 Mbits/sec  54020  
[  5]  24.00-25.00  sec  57.8 MBytes   485 Mbits/sec  51470  
[  5]  25.00-26.00  sec  56.4 MBytes   473 Mbits/sec  50220  
[  5]  26.00-27.00  sec  55.1 MBytes   462 Mbits/sec  49030  
[  5]  27.00-28.00  sec  57.9 MBytes   486 Mbits/sec  51570  
[  5]  28.00-29.00  sec  52.2 MBytes   438 Mbits/sec  46470  
[  5]  29.00-30.00  sec  58.6 MBytes   492 Mbits/sec  52200  
[  5]  30.00-31.00  sec  55.3 MBytes   464 Mbits/sec  49220  
[  5]  31.00-32.00  sec  55.2 MBytes   463 Mbits/sec  49170  
[  5]  32.00-33.00  sec  50.9 MBytes   427 Mbits/sec  45270  
[  5]  33.00-34.00  sec  57.6 MBytes   483 Mbits/sec  51250  
[  5]  34.00-35.00  sec  53.9 MBytes   453 Mbits/sec  48020  
[  5]  35.00-36.00  sec  56.7 MBytes   476 Mbits/sec  50490  
[  5]  36.00-37.00  sec  55.7 MBytes   467 Mbits/sec  49600  
[  5]  37.00-38.00  sec  54.3 MBytes   456 Mbits/sec  48370  
[  5]  38.00-39.00  sec  55.9 MBytes   469 Mbits/sec  49770  
[  5]  39.00-40.00  sec  55.7 MBytes   467 Mbits/sec  49590  
[  5]  40.00-41.00  sec  54.7 MBytes   459 Mbits/sec  48680  
[  5]  41.00-42.00  sec  55.0 MBytes   461 Mbits/sec  48930  
[  5]  42.00-43.00  sec  52.6 MBytes   441 Mbits/sec  46830  
[  5]  43.00-44.00  sec  54.9 MBytes   460 Mbits/sec  48840  
[  5]  44.00-45.00  sec  52.8 MBytes   443 Mbits/sec  47010  
[  5]  45.00-46.00  sec  51.9 MBytes   435 Mbits/sec  46160  
[  5]  46.00-47.00  sec  56.4 MBytes   473 Mbits/sec  50200  
[  5]  47.00-48.00  sec  56.1 MBytes   471 Mbits/sec  49960  
[  5]  48.00-49.00  sec  53.7 MBytes   451 Mbits/sec  47830  
[  5]  49.00-50.00  sec  57.2 MBytes   480 Mbits/sec  50890  
[  5]  50.00-51.00  sec  57.1 MBytes   479 Mbits/sec  50820  
[  5]  51.00-52.00  sec  56.0 MBytes   469 Mbits/sec  49820  
[  5]  52.00-53.00  sec  56.4 MBytes   473 Mbits/sec  50190  
[  5]  53.00-54.00  sec  57.7 MBytes   484 Mbits/sec  51330  
[  5]  54.00-55.00  sec  54.2 MBytes   455 Mbits/sec  48250  
[  5]  55.00-56.00  sec  56.6 MBytes   474 Mbits/sec  50350  
[  5]  56.00-57.00  sec  51.9 MBytes   435 Mbits/sec  46170  
[  5]  57.00-58.00  sec  51.8 MBytes   434 Mbits/sec  46080  
[  5]  58.00-59.00  sec  53.6 MBytes   450 Mbits/sec  47750  
[  5]  59.00-60.00  sec  56.3 MBytes   472 Mbits/sec  50080  
- - - - - - - - - - - - - - - - - - - - - - - - -
[ ID] Interval           Transfer     Bitrate         Jitter    Lost/Total Datagrams
[  5]   0.00-60.00  sec  3.24 GBytes   464 Mbits/sec  0.000 ms  0/2951760 (0%)  sender
[  5]   0.00-60.94  sec   242 MBytes  33.3 Mbits/sec  0.214 ms  2771884/2949882 (94%)  receiver

iperf Done.
