Connecting to host knb-server-264061, port 5201
[  5] local 10.136.173.119 port 37306 connected to 10.43.88.18 port 5201
[ ID] Interval           Transfer     Bitrate         Total Datagrams
[  5]   0.00-1.00   sec  70.1 MBytes   588 Mbits/sec  62400  (omitted)
[  5]   0.00-1.00   sec  70.4 MBytes   591 Mbits/sec  62700  
[  5]   1.00-2.00   sec  72.2 MBytes   605 Mbits/sec  64250  
[  5]   2.00-3.00   sec  73.8 MBytes   619 Mbits/sec  65720  
[  5]   3.00-4.00   sec  73.4 MBytes   616 Mbits/sec  65330  
[  5]   4.00-5.00   sec  72.5 MBytes   608 Mbits/sec  64500  
[  5]   5.00-6.00   sec  69.0 MBytes   579 Mbits/sec  61420  
[  5]   6.00-7.00   sec  72.6 MBytes   609 Mbits/sec  64650  
[  5]   7.00-8.00   sec  68.5 MBytes   575 Mbits/sec  61010  
[  5]   8.00-9.00   sec  72.6 MBytes   609 Mbits/sec  64610  
[  5]   9.00-10.00  sec  73.7 MBytes   618 Mbits/sec  65580  
[  5]  10.00-11.00  sec  72.2 MBytes   606 Mbits/sec  64310  
[  5]  11.00-12.00  sec  62.8 MBytes   527 Mbits/sec  55910  
[  5]  12.00-13.00  sec  57.7 MBytes   484 Mbits/sec  51400  
[  5]  13.00-14.00  sec  52.9 MBytes   444 Mbits/sec  47060  
[  5]  14.00-15.00  sec  52.9 MBytes   444 Mbits/sec  47110  
[  5]  15.00-16.00  sec  66.3 MBytes   556 Mbits/sec  59020  
[  5]  16.00-17.00  sec  74.2 MBytes   623 Mbits/sec  66060  
[  5]  17.00-18.00  sec  63.0 MBytes   529 Mbits/sec  56100  
[  5]  18.00-19.00  sec  71.3 MBytes   598 Mbits/sec  63430  
[  5]  19.00-20.00  sec  71.5 MBytes   600 Mbits/sec  63650  
[  5]  20.00-21.00  sec  72.0 MBytes   604 Mbits/sec  64070  
[  5]  21.00-22.00  sec  66.6 MBytes   559 Mbits/sec  59270  
[  5]  22.00-23.00  sec  68.9 MBytes   578 Mbits/sec  61360  
[  5]  23.00-24.00  sec  73.0 MBytes   613 Mbits/sec  65020  
[  5]  24.00-25.00  sec  71.1 MBytes   596 Mbits/sec  63260  
[  5]  25.00-26.00  sec  73.6 MBytes   617 Mbits/sec  65470  
[  5]  26.00-27.00  sec  70.8 MBytes   594 Mbits/sec  63040  
[  5]  27.00-28.00  sec  60.0 MBytes   503 Mbits/sec  53410  
[  5]  28.00-29.00  sec  56.1 MBytes   471 Mbits/sec  49950  
[  5]  29.00-30.00  sec  73.3 MBytes   615 Mbits/sec  65260  
[  5]  30.00-31.00  sec  71.5 MBytes   599 Mbits/sec  63600  
[  5]  31.00-32.00  sec  71.3 MBytes   598 Mbits/sec  63430  
[  5]  32.00-33.00  sec  73.4 MBytes   616 Mbits/sec  65350  
[  5]  33.00-34.00  sec  60.9 MBytes   511 Mbits/sec  54240  
[  5]  34.00-35.00  sec  73.2 MBytes   614 Mbits/sec  65170  
[  5]  35.00-36.00  sec  67.1 MBytes   562 Mbits/sec  59690  
[  5]  36.00-37.00  sec  71.7 MBytes   601 Mbits/sec  63790  
[  5]  37.00-38.00  sec  72.2 MBytes   606 Mbits/sec  64260  
[  5]  38.00-39.00  sec  67.2 MBytes   564 Mbits/sec  59850  
[  5]  39.00-40.00  sec  59.9 MBytes   502 Mbits/sec  53280  
[  5]  40.00-41.00  sec  53.5 MBytes   449 Mbits/sec  47630  
[  5]  41.00-42.00  sec  68.6 MBytes   575 Mbits/sec  61050  
[  5]  42.00-43.00  sec  72.0 MBytes   604 Mbits/sec  64050  
[  5]  43.00-44.00  sec  71.5 MBytes   600 Mbits/sec  63660  
[  5]  44.00-45.00  sec  71.1 MBytes   596 Mbits/sec  63250  
[  5]  45.00-46.00  sec  69.2 MBytes   581 Mbits/sec  61640  
[  5]  46.00-47.00  sec  71.6 MBytes   601 Mbits/sec  63770  
[  5]  47.00-48.00  sec  71.9 MBytes   603 Mbits/sec  63980  
[  5]  48.00-49.00  sec  72.4 MBytes   607 Mbits/sec  64440  
[  5]  49.00-50.00  sec  62.0 MBytes   520 Mbits/sec  55210  
[  5]  50.00-51.00  sec  71.8 MBytes   603 Mbits/sec  63950  
[  5]  51.00-52.00  sec  70.9 MBytes   595 Mbits/sec  63130  
[  5]  52.00-53.00  sec  73.4 MBytes   616 Mbits/sec  65340  
[  5]  53.00-54.00  sec  71.3 MBytes   598 Mbits/sec  63460  
[  5]  54.00-55.00  sec  73.5 MBytes   616 Mbits/sec  65390  
[  5]  55.00-56.00  sec  53.7 MBytes   451 Mbits/sec  47820  
[  5]  56.00-57.00  sec  52.5 MBytes   440 Mbits/sec  46730  
[  5]  57.00-58.00  sec  60.3 MBytes   506 Mbits/sec  53680  
[  5]  58.00-59.00  sec  71.6 MBytes   601 Mbits/sec  63770  
[  5]  59.00-60.00  sec  71.2 MBytes   597 Mbits/sec  63360  
- - - - - - - - - - - - - - - - - - - - - - - - -
[ ID] Interval           Transfer     Bitrate         Jitter    Lost/Total Datagrams
[  5]   0.00-60.00  sec  4.00 GBytes   572 Mbits/sec  0.000 ms  0/3641900 (0%)  sender
[  5]   0.00-60.10  sec  1.78 GBytes   254 Mbits/sec  0.019 ms  2047997/3641780 (56%)  receiver

iperf Done.
