Connecting to host 10.136.80.135, port 5201
[  5] local 10.136.173.122 port 43972 connected to 10.136.80.135 port 5201
[ ID] Interval           Transfer     Bitrate         Total Datagrams
[  5]   0.00-1.00   sec  76.4 MBytes   641 Mbits/sec  67990  (omitted)
[  5]   0.00-1.00   sec  75.0 MBytes   629 Mbits/sec  66760  
[  5]   1.00-2.00   sec  61.3 MBytes   514 Mbits/sec  54530  
[  5]   2.00-3.00   sec  54.8 MBytes   460 Mbits/sec  48810  
[  5]   3.00-4.00   sec  55.3 MBytes   464 Mbits/sec  49230  
[  5]   4.00-5.00   sec  55.4 MBytes   464 Mbits/sec  49270  
[  5]   5.00-6.00   sec  56.6 MBytes   475 Mbits/sec  50400  
[  5]   6.00-7.00   sec  74.5 MBytes   625 Mbits/sec  66340  
[  5]   7.00-8.00   sec  75.2 MBytes   631 Mbits/sec  66980  
[  5]   8.00-9.00   sec  75.0 MBytes   629 Mbits/sec  66720  
[  5]   9.00-10.00  sec  75.7 MBytes   635 Mbits/sec  67380  
[  5]  10.00-11.00  sec  75.1 MBytes   630 Mbits/sec  66870  
[  5]  11.00-12.00  sec  75.2 MBytes   631 Mbits/sec  66950  
[  5]  12.00-13.00  sec  76.6 MBytes   642 Mbits/sec  68170  
[  5]  13.00-14.00  sec  75.7 MBytes   635 Mbits/sec  67390  
[  5]  14.00-15.00  sec  62.3 MBytes   523 Mbits/sec  55460  
[  5]  15.00-16.00  sec  68.7 MBytes   576 Mbits/sec  61170  
[  5]  16.00-17.00  sec  76.7 MBytes   643 Mbits/sec  68230  
[  5]  17.00-18.00  sec  76.5 MBytes   642 Mbits/sec  68130  
[  5]  18.00-19.00  sec  73.0 MBytes   612 Mbits/sec  64970  
[  5]  19.00-20.00  sec  74.8 MBytes   628 Mbits/sec  66590  
[  5]  20.00-21.00  sec  74.2 MBytes   622 Mbits/sec  66050  
[  5]  21.00-22.00  sec  69.0 MBytes   579 Mbits/sec  61450  
[  5]  22.00-23.00  sec  76.2 MBytes   639 Mbits/sec  67800  
[  5]  23.00-24.00  sec  75.6 MBytes   634 Mbits/sec  67310  
[  5]  24.00-25.00  sec  74.9 MBytes   628 Mbits/sec  66650  
[  5]  25.00-26.00  sec  73.0 MBytes   612 Mbits/sec  64940  
[  5]  26.00-27.00  sec  75.5 MBytes   634 Mbits/sec  67230  
[  5]  27.00-28.00  sec  75.7 MBytes   635 Mbits/sec  67350  
[  5]  28.00-29.00  sec  73.8 MBytes   619 Mbits/sec  65690  
[  5]  29.00-30.00  sec  75.1 MBytes   630 Mbits/sec  66840  
[  5]  30.00-31.00  sec  76.3 MBytes   640 Mbits/sec  67960  
[  5]  31.00-32.00  sec  62.8 MBytes   527 Mbits/sec  55870  
[  5]  32.00-33.00  sec  72.8 MBytes   610 Mbits/sec  64780  
[  5]  33.00-34.00  sec  74.1 MBytes   622 Mbits/sec  65960  
[  5]  34.00-35.00  sec  74.5 MBytes   625 Mbits/sec  66280  
[  5]  35.00-36.00  sec  75.4 MBytes   633 Mbits/sec  67150  
[  5]  36.00-37.00  sec  75.1 MBytes   630 Mbits/sec  66850  
[  5]  37.00-38.00  sec  74.6 MBytes   626 Mbits/sec  66410  
[  5]  38.00-39.00  sec  76.4 MBytes   641 Mbits/sec  67980  
[  5]  39.00-40.00  sec  75.0 MBytes   629 Mbits/sec  66800  
[  5]  40.00-41.00  sec  74.8 MBytes   627 Mbits/sec  66550  
[  5]  41.00-42.00  sec  73.3 MBytes   615 Mbits/sec  65290  
[  5]  42.00-43.00  sec  74.7 MBytes   626 Mbits/sec  66450  
[  5]  43.00-44.00  sec  75.6 MBytes   634 Mbits/sec  67320  
[  5]  44.00-45.00  sec  74.4 MBytes   624 Mbits/sec  66260  
[  5]  45.00-46.00  sec  74.3 MBytes   623 Mbits/sec  66100  
[  5]  46.00-47.00  sec  78.1 MBytes   656 Mbits/sec  69560  
[  5]  47.00-48.00  sec  76.8 MBytes   644 Mbits/sec  68380  
[  5]  48.00-49.00  sec  76.4 MBytes   640 Mbits/sec  67970  
[  5]  49.00-50.00  sec  76.1 MBytes   639 Mbits/sec  67770  
[  5]  50.00-51.00  sec  75.8 MBytes   636 Mbits/sec  67510  
[  5]  51.00-52.00  sec  74.1 MBytes   622 Mbits/sec  65980  
[  5]  52.00-53.00  sec  75.7 MBytes   635 Mbits/sec  67340  
[  5]  53.00-54.00  sec  69.6 MBytes   584 Mbits/sec  61980  
[  5]  54.00-55.00  sec  74.6 MBytes   625 Mbits/sec  66370  
[  5]  55.00-56.00  sec  68.7 MBytes   577 Mbits/sec  61180  
[  5]  56.00-57.00  sec  55.9 MBytes   469 Mbits/sec  49750  
[  5]  57.00-58.00  sec  58.6 MBytes   492 Mbits/sec  52170  
[  5]  58.00-59.00  sec  57.9 MBytes   485 Mbits/sec  51510  
[  5]  59.00-60.00  sec  56.8 MBytes   476 Mbits/sec  50520  
- - - - - - - - - - - - - - - - - - - - - - - - -
[ ID] Interval           Transfer     Bitrate         Jitter    Lost/Total Datagrams
[  5]   0.00-60.00  sec  4.19 GBytes   601 Mbits/sec  0.000 ms  0/3823660 (0%)  sender
[  5]   0.00-60.09  sec  1.74 GBytes   248 Mbits/sec  0.008 ms  2276560/3823660 (60%)  receiver

iperf Done.
