Connecting to host 10.136.80.159, port 5201
[  5] local 10.136.173.94 port 58271 connected to 10.136.80.159 port 5201
[ ID] Interval           Transfer     Bitrate         Total Datagrams
[  5]   0.00-1.00   sec  53.6 MBytes   450 Mbits/sec  47700  (omitted)
[  5]   0.00-1.00   sec  50.8 MBytes   426 Mbits/sec  45230  
[  5]   1.00-2.00   sec  51.4 MBytes   431 Mbits/sec  45710  
[  5]   2.00-3.00   sec  53.0 MBytes   445 Mbits/sec  47200  
[  5]   3.00-4.00   sec  55.2 MBytes   463 Mbits/sec  49170  
[  5]   4.00-5.00   sec  51.4 MBytes   431 Mbits/sec  45720  
[  5]   5.00-6.00   sec  52.4 MBytes   440 Mbits/sec  46660  
[  5]   6.00-7.00   sec  56.6 MBytes   475 Mbits/sec  50410  
[  5]   7.00-8.00   sec  52.4 MBytes   440 Mbits/sec  46670  
[  5]   8.00-9.00   sec  55.3 MBytes   464 Mbits/sec  49250  
[  5]   9.00-10.00  sec  53.9 MBytes   452 Mbits/sec  47960  
[  5]  10.00-11.00  sec  57.4 MBytes   482 Mbits/sec  51130  
[  5]  11.00-12.00  sec  52.9 MBytes   443 Mbits/sec  47050  
[  5]  12.00-13.00  sec  56.1 MBytes   471 Mbits/sec  49960  
[  5]  13.00-14.00  sec  51.9 MBytes   436 Mbits/sec  46220  
[  5]  14.00-15.00  sec  54.8 MBytes   460 Mbits/sec  48810  
[  5]  15.00-16.00  sec  49.6 MBytes   416 Mbits/sec  44110  
[  5]  16.00-17.00  sec  51.5 MBytes   432 Mbits/sec  45850  
[  5]  17.00-18.00  sec  52.4 MBytes   440 Mbits/sec  46650  
[  5]  18.00-19.00  sec  56.0 MBytes   470 Mbits/sec  49840  
[  5]  19.00-20.00  sec  56.9 MBytes   478 Mbits/sec  50670  
[  5]  20.00-21.00  sec  50.8 MBytes   426 Mbits/sec  45210  
[  5]  21.00-22.00  sec  49.6 MBytes   416 Mbits/sec  44180  
[  5]  22.00-23.00  sec  50.1 MBytes   420 Mbits/sec  44580  
[  5]  23.00-24.00  sec  60.1 MBytes   504 Mbits/sec  53460  
[  5]  24.00-25.00  sec  54.5 MBytes   457 Mbits/sec  48540  
[  5]  25.00-26.00  sec  53.5 MBytes   449 Mbits/sec  47610  
[  5]  26.00-27.00  sec  49.0 MBytes   411 Mbits/sec  43590  
[  5]  27.00-28.00  sec  52.0 MBytes   436 Mbits/sec  46270  
[  5]  28.00-29.00  sec  55.2 MBytes   463 Mbits/sec  49130  
[  5]  29.00-30.00  sec  52.0 MBytes   436 Mbits/sec  46280  
[  5]  30.00-31.00  sec  52.5 MBytes   440 Mbits/sec  46720  
[  5]  31.00-32.00  sec  50.1 MBytes   420 Mbits/sec  44610  
[  5]  32.00-33.00  sec  57.2 MBytes   480 Mbits/sec  50910  
[  5]  33.00-34.00  sec  61.5 MBytes   516 Mbits/sec  54770  
[  5]  34.00-35.00  sec  53.3 MBytes   447 Mbits/sec  47400  
[  5]  35.00-36.00  sec  54.1 MBytes   454 Mbits/sec  48170  
[  5]  36.00-37.00  sec  53.6 MBytes   449 Mbits/sec  47680  
[  5]  37.00-38.00  sec  50.7 MBytes   426 Mbits/sec  45160  
[  5]  38.00-39.00  sec  52.6 MBytes   441 Mbits/sec  46840  
[  5]  39.00-40.00  sec  50.5 MBytes   424 Mbits/sec  44980  
[  5]  40.00-41.00  sec  57.3 MBytes   481 Mbits/sec  51040  
[  5]  41.00-42.00  sec  49.8 MBytes   418 Mbits/sec  44320  
[  5]  42.00-43.00  sec  52.1 MBytes   437 Mbits/sec  46370  
[  5]  43.00-44.00  sec  50.4 MBytes   423 Mbits/sec  44840  
[  5]  44.00-45.00  sec  57.0 MBytes   479 Mbits/sec  50770  
[  5]  45.00-46.00  sec  51.8 MBytes   434 Mbits/sec  46090  
[  5]  46.00-47.00  sec  53.3 MBytes   447 Mbits/sec  47470  
[  5]  47.00-48.00  sec  52.6 MBytes   441 Mbits/sec  46820  
[  5]  48.00-49.00  sec  54.8 MBytes   459 Mbits/sec  48760  
[  5]  49.00-50.00  sec  57.5 MBytes   483 Mbits/sec  51220  
[  5]  50.00-51.00  sec  62.7 MBytes   526 Mbits/sec  55780  
[  5]  51.00-52.00  sec  61.3 MBytes   514 Mbits/sec  54560  
[  5]  52.00-53.00  sec  56.6 MBytes   475 Mbits/sec  50410  
[  5]  53.00-54.00  sec  55.4 MBytes   465 Mbits/sec  49350  
[  5]  54.00-55.00  sec  60.7 MBytes   509 Mbits/sec  54020  
[  5]  55.00-56.00  sec  53.2 MBytes   446 Mbits/sec  47350  
[  5]  56.00-57.00  sec  54.9 MBytes   460 Mbits/sec  48850  
[  5]  57.00-58.00  sec  58.3 MBytes   489 Mbits/sec  51910  
[  5]  58.00-59.00  sec  52.9 MBytes   444 Mbits/sec  47090  
[  5]  59.00-60.00  sec  52.3 MBytes   438 Mbits/sec  46510  
- - - - - - - - - - - - - - - - - - - - - - - - -
[ ID] Interval           Transfer     Bitrate         Jitter    Lost/Total Datagrams
[  5]   0.00-60.00  sec  3.16 GBytes   453 Mbits/sec  0.000 ms  0/2883890 (0%)  sender
[  5]   0.00-60.27  sec  2.00 GBytes   285 Mbits/sec  0.007 ms  1074767/2883890 (37%)  receiver

iperf Done.
