Connecting to host 10.136.80.169, port 5201
[  5] local 10.136.173.95 port 35561 connected to 10.136.80.169 port 5201
[ ID] Interval           Transfer     Bitrate         Total Datagrams
[  5]   0.00-1.00   sec  88.5 MBytes   742 Mbits/sec  66380  (omitted)
[  5]   0.00-1.00   sec  93.3 MBytes   783 Mbits/sec  70010  
[  5]   1.00-2.00   sec  92.9 MBytes   780 Mbits/sec  69710  
[  5]   2.00-3.00   sec  93.3 MBytes   783 Mbits/sec  69980  
[  5]   3.00-4.00   sec  93.7 MBytes   786 Mbits/sec  70260  
[  5]   4.00-5.00   sec  92.9 MBytes   780 Mbits/sec  69700  
[  5]   5.00-6.00   sec  93.9 MBytes   788 Mbits/sec  70450  
[  5]   6.00-7.00   sec  91.3 MBytes   766 Mbits/sec  68470  
[  5]   7.00-8.00   sec  81.7 MBytes   685 Mbits/sec  61270  
[  5]   8.00-9.00   sec  93.4 MBytes   783 Mbits/sec  70020  
[  5]   9.00-10.00  sec  93.5 MBytes   784 Mbits/sec  70120  
[  5]  10.00-11.00  sec  94.1 MBytes   789 Mbits/sec  70550  
[  5]  11.00-12.00  sec  93.3 MBytes   783 Mbits/sec  70010  
[  5]  12.00-13.00  sec  94.0 MBytes   788 Mbits/sec  70470  
[  5]  13.00-14.00  sec  94.2 MBytes   790 Mbits/sec  70660  
[  5]  14.00-15.00  sec  93.4 MBytes   784 Mbits/sec  70080  
[  5]  15.00-16.00  sec  93.3 MBytes   783 Mbits/sec  69980  
[  5]  16.00-17.00  sec  90.3 MBytes   758 Mbits/sec  67750  
[  5]  17.00-18.00  sec  82.0 MBytes   688 Mbits/sec  61540  
[  5]  18.00-19.00  sec  93.2 MBytes   782 Mbits/sec  69940  
[  5]  19.00-20.00  sec  93.6 MBytes   785 Mbits/sec  70190  
[  5]  20.00-21.00  sec  93.5 MBytes   785 Mbits/sec  70150  
[  5]  21.00-22.00  sec  92.3 MBytes   774 Mbits/sec  69240  
[  5]  22.00-23.00  sec  76.9 MBytes   645 Mbits/sec  57710  
[  5]  23.00-24.00  sec  77.7 MBytes   652 Mbits/sec  58270  
[  5]  24.00-25.00  sec  78.2 MBytes   656 Mbits/sec  58630  
[  5]  25.00-26.00  sec  79.2 MBytes   665 Mbits/sec  59440  
[  5]  26.00-27.00  sec  79.6 MBytes   668 Mbits/sec  59710  
[  5]  27.00-28.00  sec  78.9 MBytes   661 Mbits/sec  59150  
[  5]  28.00-29.00  sec  77.2 MBytes   647 Mbits/sec  57880  
[  5]  29.00-30.00  sec  77.9 MBytes   653 Mbits/sec  58430  
[  5]  30.00-31.00  sec  78.7 MBytes   660 Mbits/sec  59010  
[  5]  31.00-32.00  sec  78.4 MBytes   657 Mbits/sec  58780  
[  5]  32.00-33.00  sec  84.4 MBytes   708 Mbits/sec  63320  
[  5]  33.00-34.00  sec  93.8 MBytes   787 Mbits/sec  70350  
[  5]  34.00-35.00  sec  92.7 MBytes   777 Mbits/sec  69500  
[  5]  35.00-36.00  sec  93.8 MBytes   787 Mbits/sec  70340  
[  5]  36.00-37.00  sec  93.7 MBytes   786 Mbits/sec  70270  
[  5]  37.00-38.00  sec  93.2 MBytes   782 Mbits/sec  69920  
[  5]  38.00-39.00  sec  93.4 MBytes   783 Mbits/sec  70020  
[  5]  39.00-40.00  sec  93.8 MBytes   787 Mbits/sec  70380  
[  5]  40.00-41.00  sec  93.2 MBytes   782 Mbits/sec  69940  
[  5]  41.00-42.00  sec  93.0 MBytes   780 Mbits/sec  69790  
[  5]  42.00-43.00  sec  93.3 MBytes   783 Mbits/sec  69980  
[  5]  43.00-44.00  sec  93.3 MBytes   783 Mbits/sec  69970  
[  5]  44.00-45.00  sec  92.9 MBytes   779 Mbits/sec  69650  
[  5]  45.00-46.00  sec  93.6 MBytes   785 Mbits/sec  70180  
[  5]  46.00-47.00  sec  92.9 MBytes   780 Mbits/sec  69700  
[  5]  47.00-48.00  sec  93.2 MBytes   782 Mbits/sec  69910  
[  5]  48.00-49.00  sec  93.0 MBytes   780 Mbits/sec  69720  
[  5]  49.00-50.00  sec  93.7 MBytes   786 Mbits/sec  70250  
[  5]  50.00-51.00  sec  93.8 MBytes   787 Mbits/sec  70340  
[  5]  51.00-52.00  sec  93.6 MBytes   785 Mbits/sec  70170  
[  5]  52.00-53.00  sec  93.3 MBytes   782 Mbits/sec  69950  
[  5]  53.00-54.00  sec  93.9 MBytes   788 Mbits/sec  70440  
[  5]  54.00-55.00  sec  93.1 MBytes   781 Mbits/sec  69800  
[  5]  55.00-56.00  sec  93.7 MBytes   786 Mbits/sec  70290  
[  5]  56.00-57.00  sec  93.7 MBytes   786 Mbits/sec  70310  
[  5]  57.00-58.00  sec  92.7 MBytes   778 Mbits/sec  69540  
[  5]  58.00-59.00  sec  93.2 MBytes   781 Mbits/sec  69870  
[  5]  59.00-60.00  sec  93.7 MBytes   786 Mbits/sec  70270  
- - - - - - - - - - - - - - - - - - - - - - - - -
[ ID] Interval           Transfer     Bitrate         Jitter    Lost/Total Datagrams
[  5]   0.00-60.00  sec  5.29 GBytes   757 Mbits/sec  0.000 ms  0/4061730 (0%)  sender
[  5]   0.00-60.04  sec  5.29 GBytes   757 Mbits/sec  0.008 ms  994/4061730 (0.024%)  receiver

iperf Done.
