Connecting to host knb-server-4193430, port 5201
[  5] local 10.136.173.96 port 46298 connected to 10.43.152.170 port 5201
[ ID] Interval           Transfer     Bitrate         Total Datagrams
[  5]   0.00-1.00   sec  76.6 MBytes   643 Mbits/sec  68200  (omitted)
[  5]   0.00-1.00   sec  68.3 MBytes   573 Mbits/sec  60840  
[  5]   1.00-2.00   sec  69.6 MBytes   584 Mbits/sec  61990  
[  5]   2.00-3.00   sec  71.6 MBytes   600 Mbits/sec  63700  
[  5]   3.00-4.00   sec  71.8 MBytes   602 Mbits/sec  63930  
[  5]   4.00-5.00   sec  66.5 MBytes   558 Mbits/sec  59200  
[  5]   5.00-6.00   sec  69.3 MBytes   581 Mbits/sec  61650  
[  5]   6.00-7.00   sec  69.3 MBytes   582 Mbits/sec  61710  
[  5]   7.00-8.00   sec  69.9 MBytes   586 Mbits/sec  62190  
[  5]   8.00-9.00   sec  63.9 MBytes   536 Mbits/sec  56890  
[  5]   9.00-10.00  sec  72.1 MBytes   605 Mbits/sec  64190  
[  5]  10.00-11.00  sec  71.1 MBytes   597 Mbits/sec  63310  
[  5]  11.00-12.00  sec  69.9 MBytes   587 Mbits/sec  62260  
[  5]  12.00-13.00  sec  71.0 MBytes   596 Mbits/sec  63210  
[  5]  13.00-14.00  sec  71.0 MBytes   596 Mbits/sec  63190  
[  5]  14.00-15.00  sec  57.5 MBytes   482 Mbits/sec  51160  
[  5]  15.00-16.00  sec  60.9 MBytes   511 Mbits/sec  54210  
[  5]  16.00-17.00  sec  72.8 MBytes   610 Mbits/sec  64770  
[  5]  17.00-18.00  sec  72.5 MBytes   608 Mbits/sec  64510  
[  5]  18.00-19.00  sec  70.3 MBytes   590 Mbits/sec  62600  
[  5]  19.00-20.00  sec  70.2 MBytes   589 Mbits/sec  62470  
[  5]  20.00-21.00  sec  70.9 MBytes   595 Mbits/sec  63090  
[  5]  21.00-22.00  sec  70.3 MBytes   590 Mbits/sec  62600  
[  5]  22.00-23.00  sec  70.5 MBytes   591 Mbits/sec  62720  
[  5]  23.00-24.00  sec  73.0 MBytes   613 Mbits/sec  64990  
[  5]  24.00-25.00  sec  69.6 MBytes   584 Mbits/sec  61960  
[  5]  25.00-26.00  sec  70.4 MBytes   591 Mbits/sec  62670  
[  5]  26.00-27.00  sec  72.2 MBytes   606 Mbits/sec  64270  
[  5]  27.00-28.00  sec  73.6 MBytes   617 Mbits/sec  65510  
[  5]  28.00-29.00  sec  69.6 MBytes   584 Mbits/sec  61940  
[  5]  29.00-30.00  sec  68.4 MBytes   574 Mbits/sec  60920  
[  5]  30.00-31.00  sec  66.9 MBytes   561 Mbits/sec  59580  
[  5]  31.00-32.00  sec  69.3 MBytes   581 Mbits/sec  61660  
[  5]  32.00-33.00  sec  68.8 MBytes   577 Mbits/sec  61220  
[  5]  33.00-34.00  sec  70.0 MBytes   588 Mbits/sec  62350  
[  5]  34.00-35.00  sec  67.3 MBytes   565 Mbits/sec  59910  
[  5]  35.00-36.00  sec  61.9 MBytes   519 Mbits/sec  55100  
[  5]  36.00-37.00  sec  62.7 MBytes   526 Mbits/sec  55850  
[  5]  37.00-38.00  sec  66.8 MBytes   561 Mbits/sec  59490  
[  5]  38.00-39.00  sec  74.0 MBytes   620 Mbits/sec  65850  
[  5]  39.00-40.00  sec  73.0 MBytes   613 Mbits/sec  64990  
[  5]  40.00-41.00  sec  72.1 MBytes   605 Mbits/sec  64190  
[  5]  41.00-42.00  sec  72.7 MBytes   610 Mbits/sec  64750  
[  5]  42.00-43.00  sec  70.6 MBytes   592 Mbits/sec  62810  
[  5]  43.00-44.00  sec  72.2 MBytes   605 Mbits/sec  64240  
[  5]  44.00-45.00  sec  67.7 MBytes   568 Mbits/sec  60260  
[  5]  45.00-46.00  sec  68.9 MBytes   578 Mbits/sec  61290  
[  5]  46.00-47.00  sec  70.9 MBytes   595 Mbits/sec  63100  
[  5]  47.00-48.00  sec  70.5 MBytes   591 Mbits/sec  62730  
[  5]  48.00-49.00  sec  68.4 MBytes   574 Mbits/sec  60870  
[  5]  49.00-50.00  sec  71.5 MBytes   599 Mbits/sec  63600  
[  5]  50.00-51.00  sec  71.5 MBytes   599 Mbits/sec  63610  
[  5]  51.00-52.00  sec  70.3 MBytes   590 Mbits/sec  62580  
[  5]  52.00-53.00  sec  70.5 MBytes   592 Mbits/sec  62780  
[  5]  53.00-54.00  sec  71.1 MBytes   597 Mbits/sec  63330  
[  5]  54.00-55.00  sec  62.4 MBytes   523 Mbits/sec  55530  
[  5]  55.00-56.00  sec  51.5 MBytes   432 Mbits/sec  45830  
[  5]  56.00-57.00  sec  52.5 MBytes   441 Mbits/sec  46760  
[  5]  57.00-58.00  sec  51.7 MBytes   433 Mbits/sec  45990  
[  5]  58.00-59.00  sec  64.9 MBytes   544 Mbits/sec  57730  
[  5]  59.00-60.00  sec  70.3 MBytes   590 Mbits/sec  62560  
- - - - - - - - - - - - - - - - - - - - - - - - -
[ ID] Interval           Transfer     Bitrate         Jitter    Lost/Total Datagrams
[  5]   0.00-60.00  sec  4.01 GBytes   575 Mbits/sec  0.000 ms  0/3659190 (0%)  sender
[  5]   0.00-60.08  sec  1.76 GBytes   252 Mbits/sec  0.008 ms  2092861/3659053 (57%)  receiver

iperf Done.
