Connecting to host 10.136.80.164, port 5201
[  5] local 10.136.173.94 port 45789 connected to 10.136.80.164 port 5201
[ ID] Interval           Transfer     Bitrate         Total Datagrams
[  5]   0.00-1.00   sec  65.0 MBytes   545 Mbits/sec  57830  (omitted)
[  5]   0.00-1.00   sec  56.0 MBytes   470 Mbits/sec  49830  
[  5]   1.00-2.00   sec  54.8 MBytes   460 Mbits/sec  48790  
[  5]   2.00-3.00   sec  59.0 MBytes   495 Mbits/sec  52550  
[  5]   3.00-4.00   sec  77.1 MBytes   647 Mbits/sec  68670  
[  5]   4.00-5.00   sec  74.6 MBytes   626 Mbits/sec  66400  
[  5]   5.00-6.00   sec  76.3 MBytes   640 Mbits/sec  67910  
[  5]   6.00-7.00   sec  76.9 MBytes   645 Mbits/sec  68440  
[  5]   7.00-8.00   sec  76.7 MBytes   644 Mbits/sec  68290  
[  5]   8.00-9.00   sec  74.7 MBytes   626 Mbits/sec  66450  
[  5]   9.00-10.00  sec  54.8 MBytes   460 Mbits/sec  48790  
[  5]  10.00-11.00  sec  55.4 MBytes   465 Mbits/sec  49300  
[  5]  11.00-12.00  sec  55.6 MBytes   467 Mbits/sec  49530  
[  5]  12.00-13.00  sec  54.9 MBytes   460 Mbits/sec  48830  
[  5]  13.00-14.00  sec  57.3 MBytes   481 Mbits/sec  50990  
[  5]  14.00-15.00  sec  54.1 MBytes   454 Mbits/sec  48180  
[  5]  15.00-16.00  sec  61.5 MBytes   516 Mbits/sec  54730  
[  5]  16.00-17.00  sec  75.9 MBytes   636 Mbits/sec  67530  
[  5]  17.00-18.00  sec  75.9 MBytes   637 Mbits/sec  67600  
[  5]  18.00-19.00  sec  51.8 MBytes   434 Mbits/sec  46090  
[  5]  19.00-20.00  sec  67.5 MBytes   566 Mbits/sec  60090  
[  5]  20.00-21.00  sec  74.8 MBytes   627 Mbits/sec  66570  
[  5]  21.00-22.00  sec  75.7 MBytes   635 Mbits/sec  67370  
[  5]  22.00-23.00  sec  74.6 MBytes   626 Mbits/sec  66400  
[  5]  23.00-24.00  sec  74.6 MBytes   625 Mbits/sec  66370  
[  5]  24.00-25.00  sec  73.9 MBytes   620 Mbits/sec  65780  
[  5]  25.00-26.00  sec  76.0 MBytes   637 Mbits/sec  67630  
[  5]  26.00-27.00  sec  77.1 MBytes   647 Mbits/sec  68630  
[  5]  27.00-28.00  sec  75.9 MBytes   636 Mbits/sec  67520  
[  5]  28.00-29.00  sec  73.7 MBytes   618 Mbits/sec  65580  
[  5]  29.00-30.00  sec  75.6 MBytes   634 Mbits/sec  67250  
[  5]  30.00-31.00  sec  53.7 MBytes   451 Mbits/sec  47810  
[  5]  31.00-32.00  sec  59.8 MBytes   502 Mbits/sec  53240  
[  5]  32.00-33.00  sec  74.2 MBytes   622 Mbits/sec  66010  
[  5]  33.00-34.00  sec  76.4 MBytes   641 Mbits/sec  67990  
[  5]  34.00-35.00  sec  72.2 MBytes   606 Mbits/sec  64280  
[  5]  35.00-36.00  sec  76.0 MBytes   637 Mbits/sec  67620  
[  5]  36.00-37.00  sec  76.9 MBytes   645 Mbits/sec  68410  
[  5]  37.00-38.00  sec  64.1 MBytes   538 Mbits/sec  57070  
[  5]  38.00-39.00  sec  73.3 MBytes   615 Mbits/sec  65210  
[  5]  39.00-40.00  sec  54.0 MBytes   453 Mbits/sec  48030  
[  5]  40.00-41.00  sec  54.6 MBytes   458 Mbits/sec  48560  
[  5]  41.00-42.00  sec  55.5 MBytes   466 Mbits/sec  49440  
[  5]  42.00-43.00  sec  74.4 MBytes   624 Mbits/sec  66190  
[  5]  43.00-44.00  sec  54.4 MBytes   456 Mbits/sec  48400  
[  5]  44.00-45.00  sec  60.8 MBytes   510 Mbits/sec  54140  
[  5]  45.00-46.00  sec  75.7 MBytes   635 Mbits/sec  67350  
[  5]  46.00-47.00  sec  76.3 MBytes   640 Mbits/sec  67920  
[  5]  47.00-48.00  sec  77.0 MBytes   646 Mbits/sec  68520  
[  5]  48.00-49.00  sec  73.5 MBytes   617 Mbits/sec  65450  
[  5]  49.00-50.00  sec  74.7 MBytes   626 Mbits/sec  66450  
[  5]  50.00-51.00  sec  65.8 MBytes   552 Mbits/sec  58560  
[  5]  51.00-52.00  sec  72.5 MBytes   608 Mbits/sec  64530  
[  5]  52.00-53.00  sec  58.5 MBytes   491 Mbits/sec  52050  
[  5]  53.00-54.00  sec  62.1 MBytes   521 Mbits/sec  55250  
[  5]  54.00-55.00  sec  68.0 MBytes   571 Mbits/sec  60560  
[  5]  55.00-56.00  sec  75.5 MBytes   633 Mbits/sec  67180  
[  5]  56.00-57.00  sec  76.7 MBytes   644 Mbits/sec  68310  
[  5]  57.00-58.00  sec  74.7 MBytes   626 Mbits/sec  66450  
[  5]  58.00-59.00  sec  74.5 MBytes   625 Mbits/sec  66290  
[  5]  59.00-60.00  sec  74.5 MBytes   625 Mbits/sec  66330  
- - - - - - - - - - - - - - - - - - - - - - - - -
[ ID] Interval           Transfer     Bitrate         Jitter    Lost/Total Datagrams
[  5]   0.00-60.00  sec  4.01 GBytes   574 Mbits/sec  0.000 ms  0/3651690 (0%)  sender
[  5]   0.00-60.16  sec  1.81 GBytes   258 Mbits/sec  0.019 ms  2038012/3651690 (56%)  receiver

iperf Done.
