Connecting to host knb-server-267971, port 5201
[  5] local 10.136.173.115 port 35510 connected to 10.43.153.234 port 5201
[ ID] Interval           Transfer     Bitrate         Total Datagrams
[  5]   0.00-1.00   sec  76.6 MBytes   642 Mbits/sec  68150  (omitted)
[  5]   0.00-1.00   sec  77.4 MBytes   649 Mbits/sec  68900  
[  5]   1.00-2.00   sec  77.3 MBytes   649 Mbits/sec  68850  
[  5]   2.00-3.00   sec  77.9 MBytes   654 Mbits/sec  69360  
[  5]   3.00-4.00   sec  78.1 MBytes   656 Mbits/sec  69560  
[  5]   4.00-5.00   sec  77.7 MBytes   652 Mbits/sec  69170  
[  5]   5.00-6.00   sec  78.3 MBytes   657 Mbits/sec  69680  
[  5]   6.00-7.00   sec  77.7 MBytes   652 Mbits/sec  69200  
[  5]   7.00-8.00   sec  76.8 MBytes   644 Mbits/sec  68380  
[  5]   8.00-9.00   sec  77.9 MBytes   653 Mbits/sec  69330  
[  5]   9.00-10.00  sec  73.8 MBytes   619 Mbits/sec  65730  
[  5]  10.00-11.00  sec  63.7 MBytes   534 Mbits/sec  56670  
[  5]  11.00-12.00  sec  64.4 MBytes   540 Mbits/sec  57350  
[  5]  12.00-13.00  sec  62.7 MBytes   526 Mbits/sec  55840  
[  5]  13.00-14.00  sec  61.8 MBytes   519 Mbits/sec  55030  
[  5]  14.00-15.00  sec  63.0 MBytes   529 Mbits/sec  56080  
[  5]  15.00-16.00  sec  64.1 MBytes   538 Mbits/sec  57090  
[  5]  16.00-17.00  sec  63.2 MBytes   530 Mbits/sec  56230  
[  5]  17.00-18.00  sec  61.2 MBytes   514 Mbits/sec  54520  
[  5]  18.00-19.00  sec  61.9 MBytes   519 Mbits/sec  55110  
[  5]  19.00-20.00  sec  63.2 MBytes   530 Mbits/sec  56280  
[  5]  20.00-21.00  sec  61.2 MBytes   513 Mbits/sec  54470  
[  5]  21.00-22.00  sec  65.8 MBytes   552 Mbits/sec  58540  
[  5]  22.00-23.00  sec  75.5 MBytes   633 Mbits/sec  67180  
[  5]  23.00-24.00  sec  62.0 MBytes   520 Mbits/sec  55200  
[  5]  24.00-25.00  sec  63.9 MBytes   536 Mbits/sec  56880  
[  5]  25.00-26.00  sec  64.9 MBytes   544 Mbits/sec  57770  
[  5]  26.00-27.00  sec  64.9 MBytes   545 Mbits/sec  57780  
[  5]  27.00-28.00  sec  61.2 MBytes   514 Mbits/sec  54500  
[  5]  28.00-29.00  sec  66.4 MBytes   557 Mbits/sec  59100  
[  5]  29.00-30.00  sec  79.0 MBytes   663 Mbits/sec  70340  
[  5]  30.00-31.00  sec  77.4 MBytes   650 Mbits/sec  68930  
[  5]  31.00-32.00  sec  78.3 MBytes   657 Mbits/sec  69710  
[  5]  32.00-33.00  sec  78.5 MBytes   659 Mbits/sec  69890  
[  5]  33.00-34.00  sec  77.9 MBytes   653 Mbits/sec  69300  
[  5]  34.00-35.00  sec  78.5 MBytes   659 Mbits/sec  69900  
[  5]  35.00-36.00  sec  78.6 MBytes   659 Mbits/sec  69980  
[  5]  36.00-37.00  sec  78.8 MBytes   661 Mbits/sec  70120  
[  5]  37.00-38.00  sec  77.6 MBytes   651 Mbits/sec  69070  
[  5]  38.00-39.00  sec  77.3 MBytes   649 Mbits/sec  68830  
[  5]  39.00-40.00  sec  77.1 MBytes   647 Mbits/sec  68650  
[  5]  40.00-41.00  sec  78.2 MBytes   656 Mbits/sec  69570  
[  5]  41.00-42.00  sec  77.9 MBytes   654 Mbits/sec  69380  
[  5]  42.00-43.00  sec  77.2 MBytes   648 Mbits/sec  68750  
[  5]  43.00-44.00  sec  77.6 MBytes   651 Mbits/sec  69090  
[  5]  44.00-45.00  sec  77.6 MBytes   651 Mbits/sec  69080  
[  5]  45.00-46.00  sec  77.8 MBytes   652 Mbits/sec  69230  
[  5]  46.00-47.00  sec  77.0 MBytes   646 Mbits/sec  68560  
[  5]  47.00-48.00  sec  77.0 MBytes   646 Mbits/sec  68500  
[  5]  48.00-49.00  sec  77.4 MBytes   650 Mbits/sec  68940  
[  5]  49.00-50.00  sec  77.6 MBytes   651 Mbits/sec  69060  
[  5]  50.00-51.00  sec  77.2 MBytes   647 Mbits/sec  68680  
[  5]  51.00-52.00  sec  78.0 MBytes   655 Mbits/sec  69460  
[  5]  52.00-53.00  sec  78.6 MBytes   660 Mbits/sec  70000  
[  5]  53.00-54.00  sec  77.8 MBytes   653 Mbits/sec  69240  
[  5]  54.00-55.00  sec  77.4 MBytes   649 Mbits/sec  68910  
[  5]  55.00-56.00  sec  78.4 MBytes   658 Mbits/sec  69790  
[  5]  56.00-57.00  sec  78.6 MBytes   660 Mbits/sec  69990  
[  5]  57.00-58.00  sec  77.7 MBytes   652 Mbits/sec  69150  
[  5]  58.00-59.00  sec  77.5 MBytes   650 Mbits/sec  69010  
[  5]  59.00-60.00  sec  77.8 MBytes   653 Mbits/sec  69260  
- - - - - - - - - - - - - - - - - - - - - - - - -
[ ID] Interval           Transfer     Bitrate         Jitter    Lost/Total Datagrams
[  5]   0.00-60.00  sec  4.30 GBytes   615 Mbits/sec  0.000 ms  0/3918150 (0%)  sender
[  5]   0.00-60.04  sec  4.30 GBytes   615 Mbits/sec  0.011 ms  1765/3918150 (0.045%)  receiver

iperf Done.
