Connecting to host 10.136.80.134, port 5201
[  5] local 10.136.173.70 port 55947 connected to 10.136.80.134 port 5201
[ ID] Interval           Transfer     Bitrate         Total Datagrams
[  5]   0.00-1.00   sec  62.4 MBytes   524 Mbits/sec  55560  (omitted)
[  5]   0.00-1.00   sec  56.4 MBytes   473 Mbits/sec  50170  
[  5]   1.00-2.00   sec  42.4 MBytes   355 Mbits/sec  37700  
[  5]   2.00-3.00   sec  50.9 MBytes   427 Mbits/sec  45320  
[  5]   3.00-4.00   sec  58.0 MBytes   486 Mbits/sec  51600  
[  5]   4.00-5.00   sec  54.5 MBytes   457 Mbits/sec  48540  
[  5]   5.00-6.00   sec  55.8 MBytes   468 Mbits/sec  49690  
[  5]   6.00-7.00   sec  58.2 MBytes   489 Mbits/sec  51840  
[  5]   7.00-8.00   sec  47.3 MBytes   397 Mbits/sec  42110  
[  5]   8.00-9.00   sec  54.7 MBytes   459 Mbits/sec  48730  
[  5]   9.00-10.00  sec  62.0 MBytes   520 Mbits/sec  55220  
[  5]  10.00-11.00  sec  46.8 MBytes   393 Mbits/sec  41650  
[  5]  11.00-12.00  sec  53.9 MBytes   452 Mbits/sec  47960  
[  5]  12.00-13.00  sec  52.8 MBytes   443 Mbits/sec  47020  
[  5]  13.00-14.00  sec  53.9 MBytes   452 Mbits/sec  47960  
[  5]  14.00-15.00  sec  57.3 MBytes   481 Mbits/sec  51040  
[  5]  15.00-16.00  sec  52.0 MBytes   437 Mbits/sec  46320  
[  5]  16.00-17.00  sec  56.7 MBytes   476 Mbits/sec  50510  
[  5]  17.00-18.00  sec  51.2 MBytes   430 Mbits/sec  45610  
[  5]  18.00-19.00  sec  55.4 MBytes   465 Mbits/sec  49340  
[  5]  19.00-20.00  sec  51.2 MBytes   429 Mbits/sec  45550  
[  5]  20.00-21.00  sec  52.0 MBytes   436 Mbits/sec  46300  
[  5]  21.00-22.00  sec  59.7 MBytes   501 Mbits/sec  53180  
[  5]  22.00-23.00  sec  49.9 MBytes   418 Mbits/sec  44410  
[  5]  23.00-24.00  sec  57.8 MBytes   485 Mbits/sec  51420  
[  5]  24.00-25.00  sec  55.3 MBytes   464 Mbits/sec  49220  
[  5]  25.00-26.00  sec  53.6 MBytes   450 Mbits/sec  47740  
[  5]  26.00-27.00  sec  59.6 MBytes   500 Mbits/sec  53090  
[  5]  27.00-28.00  sec  57.1 MBytes   479 Mbits/sec  50850  
[  5]  28.00-29.00  sec  56.0 MBytes   470 Mbits/sec  49850  
[  5]  29.00-30.00  sec  57.7 MBytes   484 Mbits/sec  51400  
[  5]  30.00-31.00  sec  61.0 MBytes   511 Mbits/sec  54260  
[  5]  31.00-32.00  sec  56.3 MBytes   473 Mbits/sec  50150  
[  5]  32.00-33.00  sec  65.0 MBytes   545 Mbits/sec  57880  
[  5]  33.00-34.00  sec  58.8 MBytes   493 Mbits/sec  52320  
[  5]  34.00-35.00  sec  53.9 MBytes   453 Mbits/sec  48020  
[  5]  35.00-36.00  sec  47.8 MBytes   401 Mbits/sec  42550  
[  5]  36.00-37.00  sec  53.3 MBytes   447 Mbits/sec  47400  
[  5]  37.00-38.00  sec  58.1 MBytes   488 Mbits/sec  51760  
[  5]  38.00-39.00  sec  56.5 MBytes   474 Mbits/sec  50320  
[  5]  39.00-40.00  sec  56.3 MBytes   472 Mbits/sec  50100  
[  5]  40.00-41.00  sec  56.1 MBytes   470 Mbits/sec  49900  
[  5]  41.00-42.00  sec  60.0 MBytes   503 Mbits/sec  53420  
[  5]  42.00-43.00  sec  57.2 MBytes   480 Mbits/sec  50920  
[  5]  43.00-44.00  sec  59.6 MBytes   500 Mbits/sec  53090  
[  5]  44.00-45.00  sec  57.8 MBytes   485 Mbits/sec  51460  
[  5]  45.00-46.00  sec  61.3 MBytes   514 Mbits/sec  54570  
[  5]  46.00-47.00  sec  58.2 MBytes   489 Mbits/sec  51850  
[  5]  47.00-48.00  sec  53.4 MBytes   448 Mbits/sec  47550  
[  5]  48.00-49.00  sec  54.2 MBytes   455 Mbits/sec  48230  
[  5]  49.00-50.00  sec  57.1 MBytes   479 Mbits/sec  50860  
[  5]  50.00-51.00  sec  63.0 MBytes   529 Mbits/sec  56110  
[  5]  51.00-52.00  sec  44.7 MBytes   375 Mbits/sec  39800  
[  5]  52.00-53.00  sec  51.3 MBytes   431 Mbits/sec  45700  
[  5]  53.00-54.00  sec  54.5 MBytes   457 Mbits/sec  48470  
[  5]  54.00-55.00  sec  41.6 MBytes   349 Mbits/sec  37070  
[  5]  55.00-56.00  sec  60.4 MBytes   507 Mbits/sec  53800  
[  5]  56.00-57.00  sec  58.0 MBytes   487 Mbits/sec  51660  
[  5]  57.00-58.00  sec  56.1 MBytes   471 Mbits/sec  49940  
[  5]  58.00-59.00  sec  59.4 MBytes   498 Mbits/sec  52840  
[  5]  59.00-60.00  sec  59.2 MBytes   497 Mbits/sec  52690  
- - - - - - - - - - - - - - - - - - - - - - - - -
[ ID] Interval           Transfer     Bitrate         Jitter    Lost/Total Datagrams
[  5]   0.00-60.00  sec  3.24 GBytes   464 Mbits/sec  0.000 ms  0/2956030 (0%)  sender
[  5]   0.00-60.05  sec  2.04 GBytes   292 Mbits/sec  0.019 ms  1122687/2956030 (38%)  receiver

iperf Done.
