Connecting to host 10.136.80.181, port 5201
[  5] local 10.136.173.118 port 47451 connected to 10.136.80.181 port 5201
[ ID] Interval           Transfer     Bitrate         Total Datagrams
[  5]   0.00-1.00   sec  74.1 MBytes   622 Mbits/sec  65960  (omitted)
[  5]   0.00-1.00   sec  75.3 MBytes   632 Mbits/sec  67070  
[  5]   1.00-2.00   sec  76.2 MBytes   639 Mbits/sec  67830  
[  5]   2.00-3.00   sec  74.2 MBytes   623 Mbits/sec  66070  
[  5]   3.00-4.00   sec  75.7 MBytes   635 Mbits/sec  67370  
[  5]   4.00-5.00   sec  76.2 MBytes   639 Mbits/sec  67820  
[  5]   5.00-6.00   sec  76.7 MBytes   643 Mbits/sec  68240  
[  5]   6.00-7.00   sec  76.8 MBytes   644 Mbits/sec  68320  
[  5]   7.00-8.00   sec  80.9 MBytes   679 Mbits/sec  72040  
[  5]   8.00-9.00   sec  81.4 MBytes   683 Mbits/sec  72470  
[  5]   9.00-10.00  sec  82.9 MBytes   695 Mbits/sec  73790  
[  5]  10.00-11.00  sec  82.3 MBytes   690 Mbits/sec  73270  
[  5]  11.00-12.00  sec  82.0 MBytes   688 Mbits/sec  73010  
[  5]  12.00-13.00  sec  82.6 MBytes   693 Mbits/sec  73560  
[  5]  13.00-14.00  sec  82.6 MBytes   693 Mbits/sec  73530  
[  5]  14.00-15.00  sec  82.0 MBytes   688 Mbits/sec  73000  
[  5]  15.00-16.00  sec  84.0 MBytes   705 Mbits/sec  74790  
[  5]  16.00-17.00  sec  80.1 MBytes   672 Mbits/sec  71300  
[  5]  17.00-18.00  sec  81.0 MBytes   680 Mbits/sec  72120  
[  5]  18.00-19.00  sec  82.4 MBytes   692 Mbits/sec  73380  
[  5]  19.00-20.00  sec  80.8 MBytes   678 Mbits/sec  71900  
[  5]  20.00-21.00  sec  80.5 MBytes   675 Mbits/sec  71630  
[  5]  21.00-22.00  sec  81.3 MBytes   682 Mbits/sec  72360  
[  5]  22.00-23.00  sec  82.6 MBytes   693 Mbits/sec  73490  
[  5]  23.00-24.00  sec  81.0 MBytes   679 Mbits/sec  72080  
[  5]  24.00-25.00  sec  81.8 MBytes   686 Mbits/sec  72810  
[  5]  25.00-26.00  sec  82.7 MBytes   693 Mbits/sec  73570  
[  5]  26.00-27.00  sec  82.4 MBytes   692 Mbits/sec  73390  
[  5]  27.00-28.00  sec  83.2 MBytes   698 Mbits/sec  74060  
[  5]  28.00-29.00  sec  80.1 MBytes   672 Mbits/sec  71260  
[  5]  29.00-30.00  sec  76.8 MBytes   644 Mbits/sec  68360  
[  5]  30.00-31.00  sec  80.6 MBytes   676 Mbits/sec  71770  
[  5]  31.00-32.00  sec  81.5 MBytes   684 Mbits/sec  72530  
[  5]  32.00-33.00  sec  82.3 MBytes   690 Mbits/sec  73250  
[  5]  33.00-34.00  sec  83.0 MBytes   696 Mbits/sec  73910  
[  5]  34.00-35.00  sec  80.6 MBytes   676 Mbits/sec  71750  
[  5]  35.00-36.00  sec  82.5 MBytes   693 Mbits/sec  73480  
[  5]  36.00-37.00  sec  82.4 MBytes   692 Mbits/sec  73390  
[  5]  37.00-38.00  sec  82.4 MBytes   691 Mbits/sec  73310  
[  5]  38.00-39.00  sec  80.2 MBytes   673 Mbits/sec  71370  
[  5]  39.00-40.00  sec  81.4 MBytes   683 Mbits/sec  72460  
[  5]  40.00-41.00  sec  81.7 MBytes   685 Mbits/sec  72700  
[  5]  41.00-42.00  sec  81.4 MBytes   683 Mbits/sec  72440  
[  5]  42.00-43.00  sec  79.8 MBytes   669 Mbits/sec  70990  
[  5]  43.00-44.00  sec  79.9 MBytes   670 Mbits/sec  71100  
[  5]  44.00-45.00  sec  76.9 MBytes   645 Mbits/sec  68440  
[  5]  45.00-46.00  sec  85.3 MBytes   716 Mbits/sec  75970  
[  5]  46.00-47.00  sec  82.3 MBytes   691 Mbits/sec  73280  
[  5]  47.00-48.00  sec  81.7 MBytes   686 Mbits/sec  72760  
[  5]  48.00-49.00  sec  82.3 MBytes   690 Mbits/sec  73260  
[  5]  49.00-50.00  sec  82.8 MBytes   695 Mbits/sec  73740  
[  5]  50.00-51.00  sec  81.9 MBytes   687 Mbits/sec  72860  
[  5]  51.00-52.00  sec  72.9 MBytes   612 Mbits/sec  64890  
[  5]  52.00-53.00  sec  78.6 MBytes   659 Mbits/sec  69960  
[  5]  53.00-54.00  sec  81.4 MBytes   683 Mbits/sec  72490  
[  5]  54.00-55.00  sec  82.4 MBytes   691 Mbits/sec  73350  
[  5]  55.00-56.00  sec  82.3 MBytes   691 Mbits/sec  73280  
[  5]  56.00-57.00  sec  82.2 MBytes   690 Mbits/sec  73190  
[  5]  57.00-58.00  sec  83.6 MBytes   701 Mbits/sec  74380  
[  5]  58.00-59.00  sec  82.4 MBytes   691 Mbits/sec  73370  
[  5]  59.00-60.00  sec  81.6 MBytes   685 Mbits/sec  72630  
- - - - - - - - - - - - - - - - - - - - - - - - -
[ ID] Interval           Transfer     Bitrate         Jitter    Lost/Total Datagrams
[  5]   0.00-60.00  sec  4.74 GBytes   678 Mbits/sec  0.000 ms  0/4316190 (0%)  sender
[  5]   0.00-60.08  sec  2.46 GBytes   352 Mbits/sec  0.009 ms  2101366/4316190 (49%)  receiver

iperf Done.
