Connecting to host 10.136.80.156, port 5201
[  5] local 10.136.173.93 port 48912 connected to 10.136.80.156 port 5201
[ ID] Interval           Transfer     Bitrate         Total Datagrams
[  5]   0.00-1.00   sec  68.0 MBytes   570 Mbits/sec  60530  (omitted)
[  5]   0.00-1.00   sec  52.2 MBytes   438 Mbits/sec  46450  
[  5]   1.00-2.00   sec  50.8 MBytes   426 Mbits/sec  45180  
[  5]   2.00-3.00   sec  49.9 MBytes   419 Mbits/sec  44410  
[  5]   3.00-4.00   sec  53.6 MBytes   450 Mbits/sec  47750  
[  5]   4.00-5.00   sec  60.3 MBytes   506 Mbits/sec  53670  
[  5]   5.00-6.00   sec  56.6 MBytes   475 Mbits/sec  50360  
[  5]   6.00-7.00   sec  50.3 MBytes   422 Mbits/sec  44750  
[  5]   7.00-8.00   sec  60.0 MBytes   504 Mbits/sec  53430  
[  5]   8.00-9.00   sec  62.6 MBytes   525 Mbits/sec  55710  
[  5]   9.00-10.00  sec  63.4 MBytes   531 Mbits/sec  56390  
[  5]  10.00-11.00  sec  64.0 MBytes   537 Mbits/sec  56990  
[  5]  11.00-12.00  sec  51.4 MBytes   431 Mbits/sec  45750  
[  5]  12.00-13.00  sec  68.8 MBytes   577 Mbits/sec  61200  
[  5]  13.00-14.00  sec  65.4 MBytes   549 Mbits/sec  58240  
[  5]  14.00-15.00  sec  62.7 MBytes   526 Mbits/sec  55800  
[  5]  15.00-16.00  sec  64.4 MBytes   540 Mbits/sec  57310  
[  5]  16.00-17.00  sec  61.6 MBytes   517 Mbits/sec  54860  
[  5]  17.00-18.00  sec  59.0 MBytes   495 Mbits/sec  52560  
[  5]  18.00-19.00  sec  63.0 MBytes   529 Mbits/sec  56100  
[  5]  19.00-20.00  sec  62.7 MBytes   526 Mbits/sec  55810  
[  5]  20.00-21.00  sec  64.0 MBytes   536 Mbits/sec  56930  
[  5]  21.00-22.00  sec  61.3 MBytes   514 Mbits/sec  54590  
[  5]  22.00-23.00  sec  56.1 MBytes   471 Mbits/sec  49950  
[  5]  23.00-24.00  sec  56.6 MBytes   474 Mbits/sec  50350  
[  5]  24.00-25.00  sec  55.2 MBytes   463 Mbits/sec  49110  
[  5]  25.00-26.00  sec  63.3 MBytes   531 Mbits/sec  56360  
[  5]  26.00-27.00  sec  63.1 MBytes   529 Mbits/sec  56130  
[  5]  27.00-28.00  sec  62.3 MBytes   522 Mbits/sec  55440  
[  5]  28.00-29.00  sec  64.5 MBytes   541 Mbits/sec  57450  
[  5]  29.00-30.00  sec  63.8 MBytes   536 Mbits/sec  56830  
[  5]  30.00-31.00  sec  62.3 MBytes   523 Mbits/sec  55470  
[  5]  31.00-32.00  sec  63.5 MBytes   533 Mbits/sec  56510  
[  5]  32.00-33.00  sec  62.5 MBytes   524 Mbits/sec  55640  
[  5]  33.00-34.00  sec  61.6 MBytes   517 Mbits/sec  54830  
[  5]  34.00-35.00  sec  66.3 MBytes   556 Mbits/sec  59010  
[  5]  35.00-36.00  sec  64.3 MBytes   539 Mbits/sec  57200  
[  5]  36.00-37.00  sec  64.1 MBytes   538 Mbits/sec  57070  
[  5]  37.00-38.00  sec  67.2 MBytes   563 Mbits/sec  59790  
[  5]  38.00-39.00  sec  62.3 MBytes   523 Mbits/sec  55490  
[  5]  39.00-40.00  sec  61.1 MBytes   512 Mbits/sec  54370  
[  5]  40.00-41.00  sec  63.1 MBytes   529 Mbits/sec  56180  
[  5]  41.00-42.00  sec  60.0 MBytes   504 Mbits/sec  53450  
[  5]  42.00-43.00  sec  62.4 MBytes   523 Mbits/sec  55510  
[  5]  43.00-44.00  sec  67.1 MBytes   563 Mbits/sec  59760  
[  5]  44.00-45.00  sec  62.7 MBytes   526 Mbits/sec  55770  
[  5]  45.00-46.00  sec  57.9 MBytes   486 Mbits/sec  51570  
[  5]  46.00-47.00  sec  49.5 MBytes   415 Mbits/sec  44080  
[  5]  47.00-48.00  sec  50.7 MBytes   425 Mbits/sec  45150  
[  5]  48.00-49.00  sec  67.7 MBytes   568 Mbits/sec  60220  
[  5]  49.00-50.00  sec  58.8 MBytes   494 Mbits/sec  52380  
[  5]  50.00-51.00  sec  66.5 MBytes   558 Mbits/sec  59200  
[  5]  51.00-52.00  sec  63.9 MBytes   536 Mbits/sec  56900  
[  5]  52.00-53.00  sec  63.4 MBytes   532 Mbits/sec  56460  
[  5]  53.00-54.00  sec  60.8 MBytes   510 Mbits/sec  54160  
[  5]  54.00-55.00  sec  60.8 MBytes   510 Mbits/sec  54110  
[  5]  55.00-56.00  sec  65.7 MBytes   551 Mbits/sec  58510  
[  5]  56.00-57.00  sec  62.3 MBytes   523 Mbits/sec  55480  
[  5]  57.00-58.00  sec  62.4 MBytes   524 Mbits/sec  55570  
[  5]  58.00-59.00  sec  70.1 MBytes   588 Mbits/sec  62390  
[  5]  59.00-60.00  sec  62.9 MBytes   528 Mbits/sec  56000  
- - - - - - - - - - - - - - - - - - - - - - - - -
[ ID] Interval           Transfer     Bitrate         Jitter    Lost/Total Datagrams
[  5]   0.00-60.00  sec  3.58 GBytes   513 Mbits/sec  0.000 ms  0/3264090 (0%)  sender
[  5]   0.00-60.04  sec  3.48 GBytes   497 Mbits/sec  0.022 ms  105773/3264089 (3.2%)  receiver

iperf Done.
