Connecting to host 10.136.80.160, port 5201
[  5] local 10.136.173.96 port 36240 connected to 10.136.80.160 port 5201
[ ID] Interval           Transfer     Bitrate         Total Datagrams
[  5]   0.00-1.00   sec  51.7 MBytes   434 Mbits/sec  46060  (omitted)
[  5]   0.00-1.00   sec  51.2 MBytes   430 Mbits/sec  45600  
[  5]   1.00-2.00   sec  53.6 MBytes   450 Mbits/sec  47730  
[  5]   2.00-3.00   sec  58.7 MBytes   493 Mbits/sec  52270  
[  5]   3.00-4.00   sec  50.1 MBytes   420 Mbits/sec  44620  
[  5]   4.00-5.00   sec  56.9 MBytes   478 Mbits/sec  50680  
[  5]   5.00-6.00   sec  57.6 MBytes   483 Mbits/sec  51240  
[  5]   6.00-7.00   sec  48.1 MBytes   404 Mbits/sec  42820  
[  5]   7.00-8.00   sec  48.0 MBytes   403 Mbits/sec  42770  
[  5]   8.00-9.00   sec  59.6 MBytes   500 Mbits/sec  53060  
[  5]   9.00-10.00  sec  56.7 MBytes   476 Mbits/sec  50460  
[  5]  10.00-11.00  sec  54.1 MBytes   454 Mbits/sec  48150  
[  5]  11.00-12.00  sec  60.9 MBytes   511 Mbits/sec  54190  
[  5]  12.00-13.00  sec  44.6 MBytes   374 Mbits/sec  39660  
[  5]  13.00-14.00  sec  61.1 MBytes   512 Mbits/sec  54350  
[  5]  14.00-15.00  sec  57.8 MBytes   485 Mbits/sec  51480  
[  5]  15.00-16.00  sec  48.8 MBytes   409 Mbits/sec  43450  
[  5]  16.00-17.00  sec  55.8 MBytes   468 Mbits/sec  49640  
[  5]  17.00-18.00  sec  55.0 MBytes   462 Mbits/sec  48990  
[  5]  18.00-19.00  sec  60.7 MBytes   509 Mbits/sec  54030  
[  5]  19.00-20.00  sec  50.6 MBytes   425 Mbits/sec  45080  
[  5]  20.00-21.00  sec  52.3 MBytes   438 Mbits/sec  46520  
[  5]  21.00-22.00  sec  54.6 MBytes   458 Mbits/sec  48600  
[  5]  22.00-23.00  sec  56.0 MBytes   470 Mbits/sec  49850  
[  5]  23.00-24.00  sec  57.0 MBytes   478 Mbits/sec  50770  
[  5]  24.00-25.00  sec  60.4 MBytes   506 Mbits/sec  53730  
[  5]  25.00-26.00  sec  61.0 MBytes   512 Mbits/sec  54300  
[  5]  26.00-27.00  sec  60.2 MBytes   505 Mbits/sec  53610  
[  5]  27.00-28.00  sec  61.0 MBytes   511 Mbits/sec  54270  
[  5]  28.00-29.00  sec  55.6 MBytes   467 Mbits/sec  49520  
[  5]  29.00-30.00  sec  56.7 MBytes   475 Mbits/sec  50450  
[  5]  30.00-31.00  sec  48.2 MBytes   404 Mbits/sec  42870  
[  5]  31.00-32.00  sec  47.9 MBytes   402 Mbits/sec  42680  
[  5]  32.00-33.00  sec  45.5 MBytes   381 Mbits/sec  40470  
[  5]  33.00-34.00  sec  57.8 MBytes   485 Mbits/sec  51410  
[  5]  34.00-35.00  sec  60.2 MBytes   505 Mbits/sec  53570  
[  5]  35.00-36.00  sec  48.0 MBytes   403 Mbits/sec  42770  
[  5]  36.00-37.00  sec  52.7 MBytes   442 Mbits/sec  46910  
[  5]  37.00-38.00  sec  57.5 MBytes   483 Mbits/sec  51220  
[  5]  38.00-39.00  sec  55.5 MBytes   465 Mbits/sec  49360  
[  5]  39.00-40.00  sec  58.6 MBytes   492 Mbits/sec  52170  
[  5]  40.00-41.00  sec  54.6 MBytes   458 Mbits/sec  48640  
[  5]  41.00-42.00  sec  51.9 MBytes   435 Mbits/sec  46210  
[  5]  42.00-43.00  sec  45.7 MBytes   383 Mbits/sec  40650  
[  5]  43.00-44.00  sec  44.9 MBytes   376 Mbits/sec  39950  
[  5]  44.00-45.00  sec  44.3 MBytes   371 Mbits/sec  39390  
[  5]  45.00-46.00  sec  51.9 MBytes   436 Mbits/sec  46230  
[  5]  46.00-47.00  sec  56.2 MBytes   471 Mbits/sec  50030  
[  5]  47.00-48.00  sec  56.8 MBytes   477 Mbits/sec  50600  
[  5]  48.00-49.00  sec  57.5 MBytes   482 Mbits/sec  51170  
[  5]  49.00-50.00  sec  67.3 MBytes   565 Mbits/sec  59920  
[  5]  50.00-51.00  sec  58.4 MBytes   490 Mbits/sec  52010  
[  5]  51.00-52.00  sec  50.4 MBytes   423 Mbits/sec  44860  
[  5]  52.00-53.00  sec  60.2 MBytes   505 Mbits/sec  53560  
[  5]  53.00-54.00  sec  56.1 MBytes   471 Mbits/sec  49920  
[  5]  54.00-55.00  sec  59.2 MBytes   497 Mbits/sec  52710  
[  5]  55.00-56.00  sec  56.9 MBytes   478 Mbits/sec  50670  
[  5]  56.00-57.00  sec  59.7 MBytes   501 Mbits/sec  53130  
[  5]  57.00-58.00  sec  56.2 MBytes   472 Mbits/sec  50030  
[  5]  58.00-59.00  sec  52.7 MBytes   442 Mbits/sec  46900  
[  5]  59.00-60.00  sec  46.2 MBytes   388 Mbits/sec  41140  
- - - - - - - - - - - - - - - - - - - - - - - - -
[ ID] Interval           Transfer     Bitrate         Jitter    Lost/Total Datagrams
[  5]   0.00-60.00  sec  3.21 GBytes   459 Mbits/sec  0.000 ms  0/2923040 (0%)  sender
[  5]   0.00-60.05  sec  2.03 GBytes   291 Mbits/sec  0.018 ms  1087905/2923040 (37%)  receiver

iperf Done.
