Connecting to host 10.136.80.164, port 5201
[  5] local 10.136.173.100 port 34816 connected to 10.136.80.164 port 5201
[ ID] Interval           Transfer     Bitrate         Retr  Cwnd
[  5]   0.00-1.00   sec  23.9 MBytes   201 Mbits/sec    4    165 KBytes       (omitted)
[  5]   0.00-1.00   sec  26.4 MBytes   221 Mbits/sec   42   84.0 KBytes       
[  5]   1.00-2.00   sec  24.8 MBytes   208 Mbits/sec   73    100 KBytes       
[  5]   2.00-3.00   sec  25.8 MBytes   216 Mbits/sec   46    114 KBytes       
[  5]   3.00-4.00   sec  23.9 MBytes   201 Mbits/sec   37    120 KBytes       
[  5]   4.00-5.00   sec  25.3 MBytes   213 Mbits/sec   54    115 KBytes       
[  5]   5.00-6.00   sec  25.3 MBytes   213 Mbits/sec   30    151 KBytes       
[  5]   6.00-7.00   sec  25.0 MBytes   210 Mbits/sec   51    116 KBytes       
[  5]   7.00-8.00   sec  25.8 MBytes   217 Mbits/sec   40   89.7 KBytes       
[  5]   8.00-9.00   sec  25.4 MBytes   213 Mbits/sec   25    181 KBytes       
[  5]   9.00-10.00  sec  25.4 MBytes   213 Mbits/sec   41    151 KBytes       
[  5]  10.00-11.00  sec  26.8 MBytes   225 Mbits/sec   45   97.8 KBytes       
[  5]  11.00-12.00  sec  27.7 MBytes   233 Mbits/sec   10    100 KBytes       
[  5]  12.00-13.00  sec  28.7 MBytes   241 Mbits/sec   11    127 KBytes       
[  5]  13.00-14.00  sec  25.6 MBytes   215 Mbits/sec   41    122 KBytes       
[  5]  14.00-15.00  sec  24.0 MBytes   202 Mbits/sec   58   73.6 KBytes       
[  5]  15.00-16.00  sec  24.1 MBytes   202 Mbits/sec   12    110 KBytes       
[  5]  16.00-17.00  sec  25.2 MBytes   211 Mbits/sec    9    139 KBytes       
[  5]  17.00-18.00  sec  27.3 MBytes   229 Mbits/sec   90   89.7 KBytes       
[  5]  18.00-19.00  sec  25.8 MBytes   216 Mbits/sec   46   94.3 KBytes       
[  5]  19.00-20.00  sec  25.3 MBytes   213 Mbits/sec   32    124 KBytes       
[  5]  20.00-21.00  sec  24.9 MBytes   209 Mbits/sec   16    129 KBytes       
[  5]  21.00-22.00  sec  25.0 MBytes   210 Mbits/sec   33    110 KBytes       
[  5]  22.00-23.00  sec  26.6 MBytes   223 Mbits/sec   32    102 KBytes       
[  5]  23.00-24.00  sec  27.9 MBytes   234 Mbits/sec   14    108 KBytes       
[  5]  24.00-25.00  sec  26.8 MBytes   225 Mbits/sec   17    112 KBytes       
[  5]  25.00-26.00  sec  26.4 MBytes   222 Mbits/sec   25    110 KBytes       
[  5]  26.00-27.00  sec  27.8 MBytes   233 Mbits/sec   35    120 KBytes       
[  5]  27.00-28.00  sec  25.7 MBytes   216 Mbits/sec   22   73.6 KBytes       
[  5]  28.00-29.00  sec  24.1 MBytes   202 Mbits/sec   26   96.6 KBytes       
[  5]  29.00-30.00  sec  24.2 MBytes   203 Mbits/sec   19   80.5 KBytes       
[  5]  30.00-31.00  sec  24.2 MBytes   203 Mbits/sec   26   84.0 KBytes       
[  5]  31.00-32.00  sec  25.6 MBytes   215 Mbits/sec   19    102 KBytes       
[  5]  32.00-33.00  sec  25.9 MBytes   217 Mbits/sec   14   86.3 KBytes       
[  5]  33.00-34.00  sec  28.5 MBytes   239 Mbits/sec   33   77.1 KBytes       
[  5]  34.00-35.00  sec  27.2 MBytes   229 Mbits/sec   29    112 KBytes       
[  5]  35.00-36.00  sec  25.5 MBytes   214 Mbits/sec   27   95.5 KBytes       
[  5]  36.00-37.00  sec  24.9 MBytes   209 Mbits/sec   33   71.3 KBytes       
[  5]  37.00-38.00  sec  25.1 MBytes   210 Mbits/sec   16   85.1 KBytes       
[  5]  38.00-39.00  sec  26.3 MBytes   221 Mbits/sec   26   90.9 KBytes       
[  5]  39.00-40.00  sec  24.2 MBytes   203 Mbits/sec   17   95.5 KBytes       
[  5]  40.00-41.00  sec  24.7 MBytes   207 Mbits/sec   24   79.4 KBytes       
[  5]  41.00-42.00  sec  25.9 MBytes   217 Mbits/sec   30   84.0 KBytes       
[  5]  42.00-43.00  sec  24.7 MBytes   207 Mbits/sec   10   97.8 KBytes       
[  5]  43.00-44.00  sec  25.4 MBytes   213 Mbits/sec   25    105 KBytes       
[  5]  44.00-45.00  sec  23.5 MBytes   197 Mbits/sec    9   98.9 KBytes       
[  5]  45.00-46.00  sec  25.6 MBytes   215 Mbits/sec   42    106 KBytes       
[  5]  46.00-47.00  sec  25.1 MBytes   211 Mbits/sec   48   93.2 KBytes       
[  5]  47.00-48.00  sec  23.5 MBytes   197 Mbits/sec   15    100 KBytes       
[  5]  48.00-49.00  sec  24.2 MBytes   203 Mbits/sec   18   82.8 KBytes       
[  5]  49.00-50.00  sec  24.0 MBytes   201 Mbits/sec   11    106 KBytes       
[  5]  50.00-51.00  sec  23.7 MBytes   199 Mbits/sec   24   78.2 KBytes       
[  5]  51.00-52.00  sec  24.0 MBytes   201 Mbits/sec   11   79.4 KBytes       
[  5]  52.00-53.00  sec  25.3 MBytes   213 Mbits/sec   20   93.2 KBytes       
[  5]  53.00-54.00  sec  25.1 MBytes   210 Mbits/sec   24   79.4 KBytes       
[  5]  54.00-55.00  sec  24.5 MBytes   206 Mbits/sec    6    102 KBytes       
[  5]  55.00-56.00  sec  24.6 MBytes   206 Mbits/sec   21    117 KBytes       
[  5]  56.00-57.00  sec  25.5 MBytes   214 Mbits/sec   35   95.5 KBytes       
[  5]  57.00-58.00  sec  25.0 MBytes   210 Mbits/sec   12    105 KBytes       
[  5]  58.00-59.00  sec  21.9 MBytes   184 Mbits/sec   19   73.6 KBytes       
[  5]  59.00-60.00  sec  25.0 MBytes   210 Mbits/sec   60    104 KBytes       
- - - - - - - - - - - - - - - - - - - - - - - - -
[ ID] Interval           Transfer     Bitrate         Retr
[  5]   0.00-60.00  sec  1.49 GBytes   213 Mbits/sec  1736             sender
[  5]   0.00-60.04  sec  1.49 GBytes   213 Mbits/sec                  receiver

iperf Done.
