Connecting to host knb-server-298650, port 5201
[  5] local 10.136.173.115 port 55484 connected to 10.43.134.73 port 5201
[ ID] Interval           Transfer     Bitrate         Total Datagrams
[  5]   0.00-1.00   sec  80.2 MBytes   672 Mbits/sec  71350  (omitted)
[  5]   0.00-1.00   sec  80.0 MBytes   671 Mbits/sec  71250  
[  5]   1.00-2.00   sec  78.7 MBytes   660 Mbits/sec  70070  
[  5]   2.00-3.00   sec  78.3 MBytes   657 Mbits/sec  69720  
[  5]   3.00-4.00   sec  80.8 MBytes   678 Mbits/sec  71960  
[  5]   4.00-5.00   sec  80.4 MBytes   674 Mbits/sec  71560  
[  5]   5.00-6.00   sec  78.7 MBytes   661 Mbits/sec  70090  
[  5]   6.00-7.00   sec  79.2 MBytes   665 Mbits/sec  70520  
[  5]   7.00-8.00   sec  79.4 MBytes   666 Mbits/sec  70670  
[  5]   8.00-9.00   sec  80.6 MBytes   676 Mbits/sec  71730  
[  5]   9.00-10.00  sec  79.7 MBytes   668 Mbits/sec  70900  
[  5]  10.00-11.00  sec  80.1 MBytes   672 Mbits/sec  71310  
[  5]  11.00-12.00  sec  79.0 MBytes   663 Mbits/sec  70300  
[  5]  12.00-13.00  sec  79.6 MBytes   668 Mbits/sec  70840  
[  5]  13.00-14.00  sec  80.1 MBytes   672 Mbits/sec  71300  
[  5]  14.00-15.00  sec  79.3 MBytes   665 Mbits/sec  70590  
[  5]  15.00-16.00  sec  79.2 MBytes   664 Mbits/sec  70490  
[  5]  16.00-17.00  sec  80.0 MBytes   671 Mbits/sec  71180  
[  5]  17.00-18.00  sec  79.7 MBytes   668 Mbits/sec  70920  
[  5]  18.00-19.00  sec  79.7 MBytes   668 Mbits/sec  70900  
[  5]  19.00-20.00  sec  79.3 MBytes   665 Mbits/sec  70560  
[  5]  20.00-21.00  sec  80.0 MBytes   671 Mbits/sec  71220  
[  5]  21.00-22.00  sec  78.9 MBytes   662 Mbits/sec  70200  
[  5]  22.00-23.00  sec  64.9 MBytes   544 Mbits/sec  57740  
[  5]  23.00-24.00  sec  61.9 MBytes   520 Mbits/sec  55130  
[  5]  24.00-25.00  sec  60.9 MBytes   511 Mbits/sec  54210  
[  5]  25.00-26.00  sec  63.6 MBytes   533 Mbits/sec  56580  
[  5]  26.00-27.00  sec  66.6 MBytes   559 Mbits/sec  59280  
[  5]  27.00-28.00  sec  66.1 MBytes   555 Mbits/sec  58870  
[  5]  28.00-29.00  sec  64.6 MBytes   542 Mbits/sec  57460  
[  5]  29.00-30.00  sec  64.2 MBytes   539 Mbits/sec  57140  
[  5]  30.00-31.00  sec  65.3 MBytes   547 Mbits/sec  58100  
[  5]  31.00-32.00  sec  64.2 MBytes   538 Mbits/sec  57120  
[  5]  32.00-33.00  sec  65.0 MBytes   545 Mbits/sec  57820  
[  5]  33.00-34.00  sec  64.4 MBytes   540 Mbits/sec  57310  
[  5]  34.00-35.00  sec  61.4 MBytes   515 Mbits/sec  54670  
[  5]  35.00-36.00  sec  79.2 MBytes   665 Mbits/sec  70520  
[  5]  36.00-37.00  sec  79.6 MBytes   668 Mbits/sec  70890  
[  5]  37.00-38.00  sec  79.4 MBytes   666 Mbits/sec  70710  
[  5]  38.00-39.00  sec  79.4 MBytes   666 Mbits/sec  70670  
[  5]  39.00-40.00  sec  79.3 MBytes   665 Mbits/sec  70580  
[  5]  40.00-41.00  sec  79.0 MBytes   663 Mbits/sec  70310  
[  5]  41.00-42.00  sec  78.1 MBytes   655 Mbits/sec  69530  
[  5]  42.00-43.00  sec  79.6 MBytes   668 Mbits/sec  70860  
[  5]  43.00-44.00  sec  80.6 MBytes   676 Mbits/sec  71710  
[  5]  44.00-45.00  sec  80.2 MBytes   673 Mbits/sec  71410  
[  5]  45.00-46.00  sec  80.1 MBytes   672 Mbits/sec  71260  
[  5]  46.00-47.00  sec  80.8 MBytes   678 Mbits/sec  71920  
[  5]  47.00-48.00  sec  80.6 MBytes   676 Mbits/sec  71710  
[  5]  48.00-49.00  sec  80.2 MBytes   673 Mbits/sec  71360  
[  5]  49.00-50.00  sec  80.5 MBytes   676 Mbits/sec  71700  
[  5]  50.00-51.00  sec  80.3 MBytes   674 Mbits/sec  71490  
[  5]  51.00-52.00  sec  79.7 MBytes   669 Mbits/sec  70980  
[  5]  52.00-53.00  sec  79.7 MBytes   669 Mbits/sec  70960  
[  5]  53.00-54.00  sec  80.2 MBytes   672 Mbits/sec  71350  
[  5]  54.00-55.00  sec  79.5 MBytes   667 Mbits/sec  70800  
[  5]  55.00-56.00  sec  79.9 MBytes   670 Mbits/sec  71130  
[  5]  56.00-57.00  sec  81.1 MBytes   680 Mbits/sec  72200  
[  5]  57.00-58.00  sec  79.7 MBytes   668 Mbits/sec  70910  
[  5]  58.00-59.00  sec  80.0 MBytes   671 Mbits/sec  71240  
[  5]  59.00-60.00  sec  80.9 MBytes   678 Mbits/sec  71970  
- - - - - - - - - - - - - - - - - - - - - - - - -
[ ID] Interval           Transfer     Bitrate         Jitter    Lost/Total Datagrams
[  5]   0.00-60.00  sec  4.47 GBytes   640 Mbits/sec  0.000 ms  0/4077880 (0%)  sender
[  5]   0.00-60.04  sec  4.48 GBytes   640 Mbits/sec  0.015 ms  1448/4077880 (0.036%)  receiver

iperf Done.
