Connecting to host 10.136.80.188, port 5201
[  5] local 10.136.173.113 port 60071 connected to 10.136.80.188 port 5201
[ ID] Interval           Transfer     Bitrate         Total Datagrams
[  5]   0.00-1.00   sec  80.8 MBytes   678 Mbits/sec  71900  (omitted)
[  5]   0.00-1.00   sec  81.2 MBytes   681 Mbits/sec  72260  
[  5]   1.00-2.00   sec  71.6 MBytes   600 Mbits/sec  63720  
[  5]   2.00-3.00   sec  79.6 MBytes   668 Mbits/sec  70840  
[  5]   3.00-4.00   sec  80.5 MBytes   676 Mbits/sec  71690  
[  5]   4.00-5.00   sec  80.8 MBytes   677 Mbits/sec  71880  
[  5]   5.00-6.00   sec  80.7 MBytes   677 Mbits/sec  71810  
[  5]   6.00-7.00   sec  81.5 MBytes   684 Mbits/sec  72560  
[  5]   7.00-8.00   sec  81.5 MBytes   683 Mbits/sec  72510  
[  5]   8.00-9.00   sec  82.9 MBytes   696 Mbits/sec  73810  
[  5]   9.00-10.00  sec  82.4 MBytes   692 Mbits/sec  73380  
[  5]  10.00-11.00  sec  82.4 MBytes   692 Mbits/sec  73380  
[  5]  11.00-12.00  sec  81.6 MBytes   684 Mbits/sec  72610  
[  5]  12.00-13.00  sec  82.6 MBytes   693 Mbits/sec  73540  
[  5]  13.00-14.00  sec  82.9 MBytes   695 Mbits/sec  73800  
[  5]  14.00-15.00  sec  81.9 MBytes   687 Mbits/sec  72860  
[  5]  15.00-16.00  sec  81.6 MBytes   685 Mbits/sec  72640  
[  5]  16.00-17.00  sec  81.5 MBytes   683 Mbits/sec  72510  
[  5]  17.00-18.00  sec  82.1 MBytes   688 Mbits/sec  73040  
[  5]  18.00-19.00  sec  83.8 MBytes   703 Mbits/sec  74550  
[  5]  19.00-20.00  sec  82.2 MBytes   689 Mbits/sec  73160  
[  5]  20.00-21.00  sec  82.5 MBytes   692 Mbits/sec  73450  
[  5]  21.00-22.00  sec  82.7 MBytes   694 Mbits/sec  73590  
[  5]  22.00-23.00  sec  82.7 MBytes   693 Mbits/sec  73570  
[  5]  23.00-24.00  sec  82.0 MBytes   688 Mbits/sec  73020  
[  5]  24.00-25.00  sec  82.7 MBytes   693 Mbits/sec  73570  
[  5]  25.00-26.00  sec  82.0 MBytes   688 Mbits/sec  73000  
[  5]  26.00-27.00  sec  81.8 MBytes   686 Mbits/sec  72780  
[  5]  27.00-28.00  sec  81.8 MBytes   686 Mbits/sec  72850  
[  5]  28.00-29.00  sec  82.1 MBytes   689 Mbits/sec  73090  
[  5]  29.00-30.00  sec  82.2 MBytes   690 Mbits/sec  73180  
[  5]  30.00-31.00  sec  82.1 MBytes   688 Mbits/sec  73050  
[  5]  31.00-32.00  sec  82.2 MBytes   689 Mbits/sec  73140  
[  5]  32.00-33.00  sec  81.9 MBytes   687 Mbits/sec  72930  
[  5]  33.00-34.00  sec  83.0 MBytes   696 Mbits/sec  73890  
[  5]  34.00-35.00  sec  82.1 MBytes   689 Mbits/sec  73090  
[  5]  35.00-36.00  sec  81.7 MBytes   686 Mbits/sec  72750  
[  5]  36.00-37.00  sec  81.7 MBytes   685 Mbits/sec  72730  
[  5]  37.00-38.00  sec  82.1 MBytes   689 Mbits/sec  73100  
[  5]  38.00-39.00  sec  82.3 MBytes   691 Mbits/sec  73300  
[  5]  39.00-40.00  sec  81.5 MBytes   684 Mbits/sec  72530  
[  5]  40.00-41.00  sec  81.1 MBytes   680 Mbits/sec  72160  
[  5]  41.00-42.00  sec  82.0 MBytes   688 Mbits/sec  72990  
[  5]  42.00-43.00  sec  81.3 MBytes   682 Mbits/sec  72370  
[  5]  43.00-44.00  sec  82.0 MBytes   688 Mbits/sec  73000  
[  5]  44.00-45.00  sec  83.2 MBytes   698 Mbits/sec  74080  
[  5]  45.00-46.00  sec  82.2 MBytes   690 Mbits/sec  73190  
[  5]  46.00-47.00  sec  81.9 MBytes   687 Mbits/sec  72880  
[  5]  47.00-48.00  sec  81.6 MBytes   685 Mbits/sec  72640  
[  5]  48.00-49.00  sec  82.8 MBytes   695 Mbits/sec  73700  
[  5]  49.00-50.00  sec  74.8 MBytes   628 Mbits/sec  66600  
[  5]  50.00-51.00  sec  67.3 MBytes   564 Mbits/sec  59900  
[  5]  51.00-52.00  sec  68.4 MBytes   574 Mbits/sec  60860  
[  5]  52.00-53.00  sec  68.4 MBytes   574 Mbits/sec  60880  
[  5]  53.00-54.00  sec  67.8 MBytes   569 Mbits/sec  60390  
[  5]  54.00-55.00  sec  66.4 MBytes   557 Mbits/sec  59080  
[  5]  55.00-56.00  sec  67.4 MBytes   566 Mbits/sec  60030  
[  5]  56.00-57.00  sec  66.3 MBytes   556 Mbits/sec  58980  
[  5]  57.00-58.00  sec  68.8 MBytes   577 Mbits/sec  61200  
[  5]  58.00-59.00  sec  67.4 MBytes   566 Mbits/sec  60010  
[  5]  59.00-60.00  sec  67.8 MBytes   569 Mbits/sec  60330  
- - - - - - - - - - - - - - - - - - - - - - - - -
[ ID] Interval           Transfer     Bitrate         Jitter    Lost/Total Datagrams
[  5]   0.00-60.00  sec  4.65 GBytes   665 Mbits/sec  0.000 ms  0/4234430 (0%)  sender
[  5]   0.00-60.04  sec  4.65 GBytes   665 Mbits/sec  0.016 ms  419/4234427 (0.0099%)  receiver

iperf Done.
