Connecting to host 10.136.80.157, port 5201
[  5] local 10.136.173.92 port 42346 connected to 10.136.80.157 port 5201
[ ID] Interval           Transfer     Bitrate         Retr  Cwnd
[  5]   0.00-1.00   sec  1.21 MBytes  10.1 Mbits/sec   63   3.45 KBytes       (omitted)
[  5]   0.00-1.00   sec   722 KBytes  5.92 Mbits/sec   35   2.30 KBytes       
[  5]   1.00-2.00   sec   976 KBytes  7.99 Mbits/sec   50   1.15 KBytes       
[  5]   2.00-3.00   sec   791 KBytes  6.49 Mbits/sec   36   3.45 KBytes       
[  5]   3.00-4.00   sec  1.24 MBytes  10.4 Mbits/sec   57   2.30 KBytes       
[  5]   4.00-5.00   sec  1009 KBytes  8.26 Mbits/sec   47   4.60 KBytes       
[  5]   5.00-6.00   sec  1.16 MBytes  9.74 Mbits/sec   60   2.30 KBytes       
[  5]   6.00-7.00   sec  1.26 MBytes  10.6 Mbits/sec   50   1.15 KBytes       
[  5]   7.00-8.00   sec  1.43 MBytes  12.0 Mbits/sec   65   2.30 KBytes       
[  5]   8.00-9.00   sec   673 KBytes  5.51 Mbits/sec   39   1.15 KBytes       
[  5]   9.00-10.00  sec   944 KBytes  7.74 Mbits/sec   39   2.30 KBytes       
[  5]  10.00-11.00  sec   860 KBytes  7.05 Mbits/sec   42   1.15 KBytes       
[  5]  11.00-12.00  sec  0.00 Bytes  0.00 Mbits/sec    2   1.15 KBytes       
[  5]  12.00-13.00  sec   935 KBytes  7.67 Mbits/sec   37   8.05 KBytes       
[  5]  13.00-14.00  sec  1.28 MBytes  10.8 Mbits/sec   62   2.30 KBytes       
[  5]  14.00-15.00  sec  1024 KBytes  8.39 Mbits/sec   41   1.15 KBytes       
[  5]  15.00-16.00  sec   722 KBytes  5.92 Mbits/sec   34   1.15 KBytes       
[  5]  16.00-17.00  sec   414 KBytes  3.39 Mbits/sec   27   1.15 KBytes       
[  5]  17.00-18.00  sec  1.29 MBytes  10.8 Mbits/sec   53   3.45 KBytes       
[  5]  18.00-19.00  sec   912 KBytes  7.47 Mbits/sec   38   3.45 KBytes       
[  5]  19.00-20.00  sec  1.10 MBytes  9.25 Mbits/sec   52   3.45 KBytes       
[  5]  20.00-21.00  sec   796 KBytes  6.52 Mbits/sec   41   2.30 KBytes       
[  5]  21.00-22.00  sec  0.00 Bytes  0.00 Mbits/sec    2   1.15 KBytes       
[  5]  22.00-23.00  sec   400 KBytes  3.28 Mbits/sec   21   1.15 KBytes       
[  5]  23.00-24.00  sec  1010 KBytes  8.27 Mbits/sec   42   3.45 KBytes       
[  5]  24.00-25.00  sec  1.12 MBytes  9.42 Mbits/sec   63   4.60 KBytes       
[  5]  25.00-26.00  sec  1.15 MBytes  9.69 Mbits/sec   51   1.15 KBytes       
[  5]  26.00-27.00  sec  1.09 MBytes  9.13 Mbits/sec   55   2.30 KBytes       
[  5]  27.00-28.00  sec  1007 KBytes  8.25 Mbits/sec   54   3.45 KBytes       
[  5]  28.00-29.00  sec   786 KBytes  6.44 Mbits/sec   47   3.45 KBytes       
[  5]  29.00-30.00  sec   742 KBytes  6.08 Mbits/sec   39   2.30 KBytes       
[  5]  30.00-31.00  sec  1.01 MBytes  8.51 Mbits/sec   51   1.15 KBytes       
[  5]  31.00-32.00  sec  1.31 MBytes  11.0 Mbits/sec   58   5.75 KBytes       
[  5]  32.00-33.00  sec  1.53 MBytes  12.8 Mbits/sec   72   5.75 KBytes       
[  5]  33.00-34.00  sec   977 KBytes  8.00 Mbits/sec   44   2.30 KBytes       
[  5]  34.00-35.00  sec  1017 KBytes  8.33 Mbits/sec   50   2.30 KBytes       
[  5]  35.00-36.00  sec   499 KBytes  4.09 Mbits/sec   22   1.15 KBytes       
[  5]  36.00-37.00  sec  1.10 MBytes  9.21 Mbits/sec   50   2.30 KBytes       
[  5]  37.00-38.00  sec  1.24 MBytes  10.4 Mbits/sec   55   5.75 KBytes       
[  5]  38.00-39.00  sec  1012 KBytes  8.29 Mbits/sec   41   2.30 KBytes       
[  5]  39.00-40.00  sec  1.38 MBytes  11.6 Mbits/sec   67   2.30 KBytes       
[  5]  40.00-41.00  sec  1.18 MBytes  9.91 Mbits/sec   58   2.30 KBytes       
[  5]  41.00-42.00  sec   778 KBytes  6.37 Mbits/sec   37   3.45 KBytes       
[  5]  42.00-43.00  sec  1.34 MBytes  11.2 Mbits/sec   53   2.30 KBytes       
[  5]  43.00-44.00  sec  1.15 MBytes  9.68 Mbits/sec   63   1.15 KBytes       
[  5]  44.00-45.00  sec  1.13 MBytes  9.52 Mbits/sec   50   2.30 KBytes       
[  5]  45.00-46.00  sec  1.14 MBytes  9.54 Mbits/sec   58   2.30 KBytes       
[  5]  46.00-47.00  sec   412 KBytes  3.37 Mbits/sec   26   1.15 KBytes       
[  5]  47.00-48.00  sec  0.00 Bytes  0.00 Mbits/sec    1   1.15 KBytes       
[  5]  48.00-49.00  sec   900 KBytes  7.37 Mbits/sec   50   1.15 KBytes       
[  5]  49.00-50.00  sec  1.35 MBytes  11.3 Mbits/sec   62   2.30 KBytes       
[  5]  50.00-51.00  sec   819 KBytes  6.71 Mbits/sec   47   2.30 KBytes       
[  5]  51.00-52.00  sec  1.25 MBytes  10.5 Mbits/sec   57   2.30 KBytes       
[  5]  52.00-53.00  sec  1.32 MBytes  11.1 Mbits/sec   64   3.45 KBytes       
[  5]  53.00-54.00  sec   620 KBytes  5.08 Mbits/sec   35   1.15 KBytes       
[  5]  54.00-55.00  sec  1.20 MBytes  10.0 Mbits/sec   58   3.45 KBytes       
[  5]  55.00-56.00  sec   993 KBytes  8.13 Mbits/sec   54   2.30 KBytes       
[  5]  56.00-57.00  sec  1.13 MBytes  9.48 Mbits/sec   52   5.75 KBytes       
[  5]  57.00-58.00  sec  1.19 MBytes  9.99 Mbits/sec   47   2.30 KBytes       
[  5]  58.00-59.00  sec   573 KBytes  4.69 Mbits/sec   34   3.45 KBytes       
[  5]  59.00-60.00  sec  0.00 Bytes  0.00 Mbits/sec    3   1.15 KBytes       
- - - - - - - - - - - - - - - - - - - - - - - - -
[ ID] Interval           Transfer     Bitrate         Retr
[  5]   0.00-60.00  sec  55.9 MBytes  7.81 Mbits/sec  2700             sender
[  5]   0.00-60.05  sec  55.9 MBytes  7.81 Mbits/sec                  receiver

iperf Done.
