Connecting to host 10.136.80.138, port 5201
[  5] local 10.136.173.74 port 52208 connected to 10.136.80.138 port 5201
[ ID] Interval           Transfer     Bitrate         Retr  Cwnd
[  5]   0.00-1.00   sec  1011 KBytes  8.28 Mbits/sec   79   2.30 KBytes       (omitted)
[  5]   0.00-1.00   sec   437 KBytes  3.58 Mbits/sec   44   1.15 KBytes       
[  5]   1.00-2.00   sec   620 KBytes  5.08 Mbits/sec   59   1.15 KBytes       
[  5]   2.00-3.00   sec   374 KBytes  3.06 Mbits/sec   37   1.15 KBytes       
[  5]   3.00-4.00   sec   191 KBytes  1.56 Mbits/sec   26   1.15 KBytes       
[  5]   4.00-5.00   sec   703 KBytes  5.76 Mbits/sec   41   1.15 KBytes       
[  5]   5.00-6.00   sec  62.1 KBytes  0.51 Mbits/sec    8   1.15 KBytes       
[  5]   6.00-7.00   sec   352 KBytes  2.88 Mbits/sec   40   1.15 KBytes       
[  5]   7.00-8.00   sec   190 KBytes  1.56 Mbits/sec   20   1.15 KBytes       
[  5]   8.00-9.00   sec   443 KBytes  3.63 Mbits/sec   42   1.15 KBytes       
[  5]   9.00-10.00  sec   331 KBytes  2.71 Mbits/sec   38   2.30 KBytes       
[  5]  10.00-11.00  sec   159 KBytes  1.30 Mbits/sec   22   1.15 KBytes       
[  5]  11.00-12.00  sec   254 KBytes  2.08 Mbits/sec   18   1.15 KBytes       
[  5]  12.00-13.00  sec   732 KBytes  6.00 Mbits/sec   62   2.30 KBytes       
[  5]  13.00-14.00  sec   188 KBytes  1.54 Mbits/sec   19   1.15 KBytes       
[  5]  14.00-15.00  sec   563 KBytes  4.61 Mbits/sec   51   2.30 KBytes       
[  5]  15.00-16.00  sec   336 KBytes  2.75 Mbits/sec   28   1.15 KBytes       
[  5]  16.00-17.00  sec   372 KBytes  3.05 Mbits/sec   41   2.30 KBytes       
[  5]  17.00-18.00  sec   158 KBytes  1.29 Mbits/sec   19   2.30 KBytes       
[  5]  18.00-19.00  sec   424 KBytes  3.48 Mbits/sec   38   1.15 KBytes       
[  5]  19.00-20.00  sec   253 KBytes  2.07 Mbits/sec   24   1.15 KBytes       
[  5]  20.00-21.00  sec   528 KBytes  4.32 Mbits/sec   50   1.15 KBytes       
[  5]  21.00-22.00  sec   129 KBytes  1.06 Mbits/sec   21   1.15 KBytes       
[  5]  22.00-23.00  sec   438 KBytes  3.59 Mbits/sec   42   1.15 KBytes       
[  5]  23.00-24.00  sec   159 KBytes  1.30 Mbits/sec   18   1.15 KBytes       
[  5]  24.00-25.00  sec   481 KBytes  3.94 Mbits/sec   47   1.15 KBytes       
[  5]  25.00-26.00  sec   197 KBytes  1.61 Mbits/sec   25   1.15 KBytes       
[  5]  26.00-27.00  sec   224 KBytes  1.84 Mbits/sec   18   1.15 KBytes       
[  5]  27.00-28.00  sec   502 KBytes  4.11 Mbits/sec   50   1.15 KBytes       
[  5]  28.00-29.00  sec   420 KBytes  3.44 Mbits/sec   37   2.30 KBytes       
[  5]  29.00-30.00  sec   252 KBytes  2.06 Mbits/sec   25   2.30 KBytes       
[  5]  30.00-31.00  sec   450 KBytes  3.68 Mbits/sec   50   1.15 KBytes       
[  5]  31.00-32.00  sec   939 KBytes  7.70 Mbits/sec   76   2.30 KBytes       
[  5]  32.00-33.00  sec   127 KBytes  1.04 Mbits/sec   19   1.15 KBytes       
[  5]  33.00-34.00  sec   575 KBytes  4.71 Mbits/sec   52   2.30 KBytes       
[  5]  34.00-35.00  sec   257 KBytes  2.10 Mbits/sec   23   2.30 KBytes       
[  5]  35.00-36.00  sec   299 KBytes  2.45 Mbits/sec   28   1.15 KBytes       
[  5]  36.00-37.00  sec   376 KBytes  3.08 Mbits/sec   44   1.15 KBytes       
[  5]  37.00-38.00  sec   383 KBytes  3.14 Mbits/sec   39   1.15 KBytes       
[  5]  38.00-39.00  sec   609 KBytes  4.99 Mbits/sec   53   4.60 KBytes       
[  5]  39.00-40.00  sec   389 KBytes  3.19 Mbits/sec   33   1.15 KBytes       
[  5]  40.00-41.00  sec   498 KBytes  4.08 Mbits/sec   36   1.15 KBytes       
[  5]  41.00-42.00  sec   370 KBytes  3.03 Mbits/sec   46   2.30 KBytes       
[  5]  42.00-43.00  sec   145 KBytes  1.19 Mbits/sec   23   1.15 KBytes       
[  5]  43.00-44.00  sec   323 KBytes  2.65 Mbits/sec   36   1.15 KBytes       
[  5]  44.00-45.00  sec   391 KBytes  3.20 Mbits/sec   31   2.30 KBytes       
[  5]  45.00-46.00  sec   531 KBytes  4.35 Mbits/sec   48   1.15 KBytes       
[  5]  46.00-47.00  sec   129 KBytes  1.06 Mbits/sec   20   2.30 KBytes       
[  5]  47.00-48.00  sec   260 KBytes  2.13 Mbits/sec   26   1.15 KBytes       
[  5]  48.00-49.00  sec   236 KBytes  1.93 Mbits/sec   25   1.15 KBytes       
[  5]  49.00-50.00  sec   156 KBytes  1.28 Mbits/sec   17   1.15 KBytes       
[  5]  50.00-51.00  sec   191 KBytes  1.56 Mbits/sec   20   1.15 KBytes       
[  5]  51.00-52.00  sec  32.2 KBytes  0.26 Mbits/sec    8   1.15 KBytes       
[  5]  52.00-53.00  sec   252 KBytes  2.07 Mbits/sec   27   1.15 KBytes       
[  5]  53.00-54.00  sec   665 KBytes  5.45 Mbits/sec   48   1.15 KBytes       
[  5]  54.00-55.00  sec   128 KBytes  1.05 Mbits/sec   17   1.15 KBytes       
[  5]  55.00-56.00  sec   328 KBytes  2.69 Mbits/sec   38   2.30 KBytes       
[  5]  56.00-57.00  sec   353 KBytes  2.89 Mbits/sec   32   1.15 KBytes       
[  5]  57.00-58.00  sec   375 KBytes  3.07 Mbits/sec   33   2.30 KBytes       
[  5]  58.00-59.00  sec   536 KBytes  4.39 Mbits/sec   44   1.15 KBytes       
[  5]  59.00-60.00  sec  0.00 Bytes  0.00 Mbits/sec    1   1.15 KBytes       
- - - - - - - - - - - - - - - - - - - - - - - - -
[ ID] Interval           Transfer     Bitrate         Retr
[  5]   0.00-60.00  sec  20.3 MBytes  2.84 Mbits/sec  2003             sender
[  5]   0.00-60.21  sec  20.7 MBytes  2.88 Mbits/sec                  receiver

iperf Done.
