Connecting to host 10.136.80.141, port 5201
[  5] local 10.136.173.95 port 58278 connected to 10.136.80.141 port 5201
[ ID] Interval           Transfer     Bitrate         Total Datagrams
[  5]   0.00-1.00   sec  51.2 MBytes   429 Mbits/sec  45560  (omitted)
[  5]   0.00-1.00   sec  55.5 MBytes   465 Mbits/sec  49390  
[  5]   1.00-2.00   sec  51.8 MBytes   434 Mbits/sec  46100  
[  5]   2.00-3.00   sec  54.4 MBytes   456 Mbits/sec  48390  
[  5]   3.00-4.00   sec  54.4 MBytes   456 Mbits/sec  48410  
[  5]   4.00-5.00   sec  55.1 MBytes   462 Mbits/sec  49010  
[  5]   5.00-6.00   sec  53.8 MBytes   451 Mbits/sec  47890  
[  5]   6.00-7.00   sec  53.4 MBytes   448 Mbits/sec  47570  
[  5]   7.00-8.00   sec  52.9 MBytes   443 Mbits/sec  47050  
[  5]   8.00-9.00   sec  51.9 MBytes   435 Mbits/sec  46160  
[  5]   9.00-10.00  sec  56.1 MBytes   471 Mbits/sec  49970  
[  5]  10.00-11.00  sec  53.2 MBytes   447 Mbits/sec  47380  
[  5]  11.00-12.00  sec  52.2 MBytes   438 Mbits/sec  46440  
[  5]  12.00-13.00  sec  57.9 MBytes   486 Mbits/sec  51580  
[  5]  13.00-14.00  sec  53.4 MBytes   448 Mbits/sec  47550  
[  5]  14.00-15.00  sec  56.9 MBytes   477 Mbits/sec  50650  
[  5]  15.00-16.00  sec  52.5 MBytes   441 Mbits/sec  46750  
[  5]  16.00-17.00  sec  52.7 MBytes   442 Mbits/sec  46890  
[  5]  17.00-18.00  sec  57.2 MBytes   480 Mbits/sec  50900  
[  5]  18.00-19.00  sec  56.0 MBytes   470 Mbits/sec  49850  
[  5]  19.00-20.00  sec  55.8 MBytes   468 Mbits/sec  49670  
[  5]  20.00-21.00  sec  54.0 MBytes   453 Mbits/sec  48110  
[  5]  21.00-22.00  sec  54.1 MBytes   454 Mbits/sec  48160  
[  5]  22.00-23.00  sec  55.5 MBytes   466 Mbits/sec  49430  
[  5]  23.00-24.00  sec  53.9 MBytes   452 Mbits/sec  47950  
[  5]  24.00-25.00  sec  51.0 MBytes   428 Mbits/sec  45440  
[  5]  25.00-26.00  sec  52.3 MBytes   438 Mbits/sec  46530  
[  5]  26.00-27.00  sec  56.2 MBytes   472 Mbits/sec  50040  
[  5]  27.00-28.00  sec  52.4 MBytes   439 Mbits/sec  46640  
[  5]  28.00-29.00  sec  53.4 MBytes   448 Mbits/sec  47520  
[  5]  29.00-30.00  sec  52.8 MBytes   443 Mbits/sec  47020  
[  5]  30.00-31.00  sec  52.1 MBytes   437 Mbits/sec  46340  
[  5]  31.00-32.00  sec  56.0 MBytes   470 Mbits/sec  49890  
[  5]  32.00-33.00  sec  57.2 MBytes   480 Mbits/sec  50890  
[  5]  33.00-34.00  sec  53.9 MBytes   452 Mbits/sec  47980  
[  5]  34.00-35.00  sec  52.0 MBytes   436 Mbits/sec  46270  
[  5]  35.00-36.00  sec  54.8 MBytes   460 Mbits/sec  48780  
[  5]  36.00-37.00  sec  55.3 MBytes   463 Mbits/sec  49180  
[  5]  37.00-38.00  sec  53.5 MBytes   449 Mbits/sec  47610  
[  5]  38.00-39.00  sec  54.0 MBytes   453 Mbits/sec  48110  
[  5]  39.00-40.00  sec  54.3 MBytes   455 Mbits/sec  48330  
[  5]  40.00-41.00  sec  50.8 MBytes   426 Mbits/sec  45180  
[  5]  41.00-42.00  sec  54.9 MBytes   460 Mbits/sec  48860  
[  5]  42.00-43.00  sec  53.4 MBytes   448 Mbits/sec  47540  
[  5]  43.00-44.00  sec  52.7 MBytes   442 Mbits/sec  46910  
[  5]  44.00-45.00  sec  55.8 MBytes   468 Mbits/sec  49690  
[  5]  45.00-46.00  sec  55.1 MBytes   462 Mbits/sec  49020  
[  5]  46.00-47.00  sec  54.4 MBytes   456 Mbits/sec  48440  
[  5]  47.00-48.00  sec  54.2 MBytes   455 Mbits/sec  48250  
[  5]  48.00-49.00  sec  53.6 MBytes   449 Mbits/sec  47680  
[  5]  49.00-50.00  sec  52.5 MBytes   441 Mbits/sec  46760  
[  5]  50.00-51.00  sec  54.7 MBytes   458 Mbits/sec  48660  
[  5]  51.00-52.00  sec  52.7 MBytes   442 Mbits/sec  46870  
[  5]  52.00-53.00  sec  54.0 MBytes   453 Mbits/sec  48080  
[  5]  53.00-54.00  sec  52.8 MBytes   443 Mbits/sec  47010  
[  5]  54.00-55.00  sec  52.4 MBytes   439 Mbits/sec  46600  
[  5]  55.00-56.00  sec  53.4 MBytes   448 Mbits/sec  47530  
[  5]  56.00-57.00  sec  51.3 MBytes   430 Mbits/sec  45640  
[  5]  57.00-58.00  sec  55.8 MBytes   468 Mbits/sec  49670  
[  5]  58.00-59.00  sec  53.9 MBytes   453 Mbits/sec  48020  
[  5]  59.00-60.00  sec  52.8 MBytes   443 Mbits/sec  46990  
- - - - - - - - - - - - - - - - - - - - - - - - -
[ ID] Interval           Transfer     Bitrate         Jitter    Lost/Total Datagrams
[  5]   0.00-60.00  sec  3.16 GBytes   453 Mbits/sec  0.000 ms  0/2881220 (0%)  sender
[  5]   0.00-60.22  sec  1.90 GBytes   271 Mbits/sec  0.023 ms  1167302/2881220 (41%)  receiver

iperf Done.
