Connecting to host 10.136.80.146, port 5201
[  5] local 10.136.173.107 port 57055 connected to 10.136.80.146 port 5201
[ ID] Interval           Transfer     Bitrate         Total Datagrams
[  5]   0.00-1.00   sec  67.6 MBytes   567 Mbits/sec  60160  (omitted)
[  5]   0.00-1.00   sec  68.6 MBytes   576 Mbits/sec  61080  
[  5]   1.00-2.00   sec  68.5 MBytes   574 Mbits/sec  60930  
[  5]   2.00-3.00   sec  78.8 MBytes   661 Mbits/sec  70170  
[  5]   3.00-4.00   sec  81.9 MBytes   687 Mbits/sec  72870  
[  5]   4.00-5.00   sec  82.1 MBytes   689 Mbits/sec  73070  
[  5]   5.00-6.00   sec  81.3 MBytes   682 Mbits/sec  72360  
[  5]   6.00-7.00   sec  83.0 MBytes   696 Mbits/sec  73880  
[  5]   7.00-8.00   sec  83.2 MBytes   698 Mbits/sec  74090  
[  5]   8.00-9.00   sec  81.7 MBytes   686 Mbits/sec  72740  
[  5]   9.00-10.00  sec  81.9 MBytes   687 Mbits/sec  72900  
[  5]  10.00-11.00  sec  82.3 MBytes   690 Mbits/sec  73230  
[  5]  11.00-12.00  sec  82.2 MBytes   689 Mbits/sec  73130  
[  5]  12.00-13.00  sec  79.7 MBytes   668 Mbits/sec  70930  
[  5]  13.00-14.00  sec  67.9 MBytes   569 Mbits/sec  60400  
[  5]  14.00-15.00  sec  65.1 MBytes   546 Mbits/sec  57930  
[  5]  15.00-16.00  sec  69.1 MBytes   580 Mbits/sec  61520  
[  5]  16.00-17.00  sec  68.8 MBytes   577 Mbits/sec  61220  
[  5]  17.00-18.00  sec  66.4 MBytes   557 Mbits/sec  59070  
[  5]  18.00-19.00  sec  68.1 MBytes   572 Mbits/sec  60660  
[  5]  19.00-20.00  sec  68.0 MBytes   570 Mbits/sec  60500  
[  5]  20.00-21.00  sec  66.9 MBytes   561 Mbits/sec  59560  
[  5]  21.00-22.00  sec  80.3 MBytes   674 Mbits/sec  71480  
[  5]  22.00-23.00  sec  83.6 MBytes   702 Mbits/sec  74450  
[  5]  23.00-24.00  sec  83.0 MBytes   696 Mbits/sec  73840  
[  5]  24.00-25.00  sec  82.9 MBytes   696 Mbits/sec  73810  
[  5]  25.00-26.00  sec  83.1 MBytes   697 Mbits/sec  73930  
[  5]  26.00-27.00  sec  83.2 MBytes   698 Mbits/sec  74080  
[  5]  27.00-28.00  sec  83.2 MBytes   698 Mbits/sec  74030  
[  5]  28.00-29.00  sec  83.1 MBytes   697 Mbits/sec  74000  
[  5]  29.00-30.00  sec  82.6 MBytes   693 Mbits/sec  73560  
[  5]  30.00-31.00  sec  82.4 MBytes   691 Mbits/sec  73320  
[  5]  31.00-32.00  sec  82.8 MBytes   695 Mbits/sec  73700  
[  5]  32.00-33.00  sec  81.7 MBytes   686 Mbits/sec  72740  
[  5]  33.00-34.00  sec  81.8 MBytes   686 Mbits/sec  72820  
[  5]  34.00-35.00  sec  83.0 MBytes   697 Mbits/sec  73920  
[  5]  35.00-36.00  sec  82.5 MBytes   692 Mbits/sec  73440  
[  5]  36.00-37.00  sec  82.3 MBytes   691 Mbits/sec  73300  
[  5]  37.00-38.00  sec  82.8 MBytes   694 Mbits/sec  73690  
[  5]  38.00-39.00  sec  82.7 MBytes   694 Mbits/sec  73620  
[  5]  39.00-40.00  sec  80.7 MBytes   677 Mbits/sec  71850  
[  5]  40.00-41.00  sec  82.8 MBytes   695 Mbits/sec  73730  
[  5]  41.00-42.00  sec  83.4 MBytes   700 Mbits/sec  74270  
[  5]  42.00-43.00  sec  82.6 MBytes   693 Mbits/sec  73560  
[  5]  43.00-44.00  sec  83.2 MBytes   698 Mbits/sec  74060  
[  5]  44.00-45.00  sec  83.3 MBytes   699 Mbits/sec  74160  
[  5]  45.00-46.00  sec  81.4 MBytes   683 Mbits/sec  72450  
[  5]  46.00-47.00  sec  82.6 MBytes   693 Mbits/sec  73550  
[  5]  47.00-48.00  sec  82.4 MBytes   692 Mbits/sec  73380  
[  5]  48.00-49.00  sec  82.4 MBytes   691 Mbits/sec  73370  
[  5]  49.00-50.00  sec  80.9 MBytes   678 Mbits/sec  71990  
[  5]  50.00-51.00  sec  83.0 MBytes   696 Mbits/sec  73850  
[  5]  51.00-52.00  sec  82.9 MBytes   695 Mbits/sec  73760  
[  5]  52.00-53.00  sec  82.6 MBytes   693 Mbits/sec  73540  
[  5]  53.00-54.00  sec  82.8 MBytes   694 Mbits/sec  73670  
[  5]  54.00-55.00  sec  83.0 MBytes   696 Mbits/sec  73890  
[  5]  55.00-56.00  sec  83.1 MBytes   697 Mbits/sec  73970  
[  5]  56.00-57.00  sec  82.8 MBytes   695 Mbits/sec  73730  
[  5]  57.00-58.00  sec  82.7 MBytes   693 Mbits/sec  73570  
[  5]  58.00-59.00  sec  82.5 MBytes   692 Mbits/sec  73420  
[  5]  59.00-60.00  sec  81.6 MBytes   684 Mbits/sec  72600  
- - - - - - - - - - - - - - - - - - - - - - - - -
[ ID] Interval           Transfer     Bitrate         Jitter    Lost/Total Datagrams
[  5]   0.00-60.00  sec  4.68 GBytes   670 Mbits/sec  0.000 ms  0/4268340 (0%)  sender
[  5]   0.00-60.04  sec  4.69 GBytes   670 Mbits/sec  0.009 ms  0/4268340 (0%)  receiver

iperf Done.
