Connecting to host 10.136.80.157, port 5201
[  5] local 10.136.173.113 port 40626 connected to 10.136.80.157 port 5201
[ ID] Interval           Transfer     Bitrate         Total Datagrams
[  5]   0.00-1.00   sec  62.6 MBytes   525 Mbits/sec  55730  (omitted)
[  5]   0.00-1.00   sec  59.8 MBytes   501 Mbits/sec  53210  
[  5]   1.00-2.00   sec  63.0 MBytes   528 Mbits/sec  56070  
[  5]   2.00-3.00   sec  60.5 MBytes   507 Mbits/sec  53810  
[  5]   3.00-4.00   sec  64.2 MBytes   538 Mbits/sec  57120  
[  5]   4.00-5.00   sec  65.5 MBytes   549 Mbits/sec  58290  
[  5]   5.00-6.00   sec  61.3 MBytes   514 Mbits/sec  54540  
[  5]   6.00-7.00   sec  59.6 MBytes   500 Mbits/sec  53070  
[  5]   7.00-8.00   sec  63.0 MBytes   528 Mbits/sec  56070  
[  5]   8.00-9.00   sec  60.2 MBytes   505 Mbits/sec  53570  
[  5]   9.00-10.00  sec  61.4 MBytes   515 Mbits/sec  54650  
[  5]  10.00-11.00  sec  69.1 MBytes   579 Mbits/sec  61480  
[  5]  11.00-12.00  sec  61.8 MBytes   518 Mbits/sec  54970  
[  5]  12.00-13.00  sec  74.3 MBytes   623 Mbits/sec  66100  
[  5]  13.00-14.00  sec  81.4 MBytes   683 Mbits/sec  72460  
[  5]  14.00-15.00  sec  80.1 MBytes   672 Mbits/sec  71300  
[  5]  15.00-16.00  sec  71.7 MBytes   602 Mbits/sec  63860  
[  5]  16.00-17.00  sec  69.6 MBytes   584 Mbits/sec  61990  
[  5]  17.00-18.00  sec  70.5 MBytes   591 Mbits/sec  62750  
[  5]  18.00-19.00  sec  69.9 MBytes   587 Mbits/sec  62250  
[  5]  19.00-20.00  sec  70.0 MBytes   587 Mbits/sec  62280  
[  5]  20.00-21.00  sec  68.6 MBytes   575 Mbits/sec  61030  
[  5]  21.00-22.00  sec  59.4 MBytes   498 Mbits/sec  52890  
[  5]  22.00-23.00  sec  60.0 MBytes   503 Mbits/sec  53410  
[  5]  23.00-24.00  sec  63.9 MBytes   536 Mbits/sec  56920  
[  5]  24.00-25.00  sec  77.2 MBytes   648 Mbits/sec  68740  
[  5]  25.00-26.00  sec  79.4 MBytes   666 Mbits/sec  70720  
[  5]  26.00-27.00  sec  66.1 MBytes   554 Mbits/sec  58840  
[  5]  27.00-28.00  sec  63.0 MBytes   528 Mbits/sec  56050  
[  5]  28.00-29.00  sec  63.1 MBytes   529 Mbits/sec  56170  
[  5]  29.00-30.00  sec  61.3 MBytes   514 Mbits/sec  54530  
[  5]  30.00-31.00  sec  64.8 MBytes   544 Mbits/sec  57700  
[  5]  31.00-32.00  sec  60.6 MBytes   508 Mbits/sec  53950  
[  5]  32.00-33.00  sec  59.8 MBytes   501 Mbits/sec  53190  
[  5]  33.00-34.00  sec  63.4 MBytes   532 Mbits/sec  56400  
[  5]  34.00-35.00  sec  65.3 MBytes   548 Mbits/sec  58120  
[  5]  35.00-36.00  sec  68.0 MBytes   571 Mbits/sec  60560  
[  5]  36.00-37.00  sec  78.8 MBytes   661 Mbits/sec  70160  
[  5]  37.00-38.00  sec  78.3 MBytes   657 Mbits/sec  69690  
[  5]  38.00-39.00  sec  63.7 MBytes   534 Mbits/sec  56720  
[  5]  39.00-40.00  sec  63.1 MBytes   530 Mbits/sec  56200  
[  5]  40.00-41.00  sec  61.4 MBytes   515 Mbits/sec  54610  
[  5]  41.00-42.00  sec  58.1 MBytes   487 Mbits/sec  51700  
[  5]  42.00-43.00  sec  66.9 MBytes   561 Mbits/sec  59570  
[  5]  43.00-44.00  sec  62.1 MBytes   521 Mbits/sec  55300  
[  5]  44.00-45.00  sec  59.4 MBytes   498 Mbits/sec  52840  
[  5]  45.00-46.00  sec  61.9 MBytes   519 Mbits/sec  55060  
[  5]  46.00-47.00  sec  58.6 MBytes   492 Mbits/sec  52180  
[  5]  47.00-48.00  sec  62.2 MBytes   522 Mbits/sec  55410  
[  5]  48.00-49.00  sec  61.0 MBytes   512 Mbits/sec  54290  
[  5]  49.00-50.00  sec  61.7 MBytes   518 Mbits/sec  54920  
[  5]  50.00-51.00  sec  60.5 MBytes   507 Mbits/sec  53840  
[  5]  51.00-52.00  sec  59.3 MBytes   497 Mbits/sec  52780  
[  5]  52.00-53.00  sec  60.9 MBytes   511 Mbits/sec  54210  
[  5]  53.00-54.00  sec  62.9 MBytes   528 Mbits/sec  56020  
[  5]  54.00-55.00  sec  83.2 MBytes   698 Mbits/sec  74090  
[  5]  55.00-56.00  sec  80.9 MBytes   679 Mbits/sec  72040  
[  5]  56.00-57.00  sec  79.5 MBytes   667 Mbits/sec  70750  
[  5]  57.00-58.00  sec  80.7 MBytes   677 Mbits/sec  71840  
[  5]  58.00-59.00  sec  79.8 MBytes   669 Mbits/sec  71010  
[  5]  59.00-60.00  sec  75.5 MBytes   634 Mbits/sec  67240  
- - - - - - - - - - - - - - - - - - - - - - - - -
[ ID] Interval           Transfer     Bitrate         Jitter    Lost/Total Datagrams
[  5]   0.00-60.00  sec  3.91 GBytes   559 Mbits/sec  0.000 ms  0/3561530 (0%)  sender
[  5]   0.00-60.37  sec  85.3 MBytes  11.8 Mbits/sec  0.042 ms  3538332/3561484 (99%)  receiver

iperf Done.
