Connecting to host knb-server-442983, port 5201
[  5] local 10.136.173.77 port 48124 connected to 10.43.217.50 port 5201
[ ID] Interval           Transfer     Bitrate         Retr  Cwnd
[  5]   0.00-1.00   sec  6.56 MBytes  55.0 Mbits/sec   34    117 KBytes       (omitted)
[  5]   0.00-1.00   sec  2.78 MBytes  23.3 Mbits/sec    4   1.15 KBytes       
[  5]   1.00-2.00   sec  2.16 MBytes  18.1 Mbits/sec    6    145 KBytes       
[  5]   2.00-3.00   sec  4.02 MBytes  33.7 Mbits/sec    0    175 KBytes       
[  5]   3.00-4.00   sec  6.30 MBytes  52.9 Mbits/sec   54   66.7 KBytes       
[  5]   4.00-5.00   sec  5.38 MBytes  45.1 Mbits/sec    1   1.15 KBytes       
[  5]   5.00-6.00   sec  2.78 MBytes  23.3 Mbits/sec    0    251 KBytes       
[  5]   6.00-7.00   sec  9.64 MBytes  80.9 Mbits/sec  252   62.1 KBytes       
[  5]   7.00-8.00   sec  5.07 MBytes  42.5 Mbits/sec  131   70.2 KBytes       
[  5]   8.00-9.00   sec  3.40 MBytes  28.5 Mbits/sec   19   78.2 KBytes       
[  5]   9.00-10.00  sec  3.34 MBytes  28.0 Mbits/sec    0    101 KBytes       
[  5]  10.00-11.00  sec  5.56 MBytes  46.7 Mbits/sec   23   65.6 KBytes       
[  5]  11.00-12.00  sec  5.56 MBytes  46.6 Mbits/sec    0    107 KBytes       
[  5]  12.00-13.00  sec  5.00 MBytes  42.0 Mbits/sec    0    135 KBytes       
[  5]  13.00-14.00  sec  10.1 MBytes  85.0 Mbits/sec   63    122 KBytes       
[  5]  14.00-15.00  sec  12.2 MBytes   103 Mbits/sec   39   73.6 KBytes       
[  5]  15.00-16.00  sec  17.2 MBytes   145 Mbits/sec   23   57.5 KBytes       
[  5]  16.00-17.00  sec  9.45 MBytes  79.3 Mbits/sec    0    128 KBytes       
[  5]  17.00-18.00  sec  8.90 MBytes  74.7 Mbits/sec   50   62.1 KBytes       
[  5]  18.00-19.00  sec  1.11 MBytes  9.32 Mbits/sec    0   73.6 KBytes       
[  5]  19.00-20.00  sec  2.78 MBytes  23.3 Mbits/sec    1   1.15 KBytes       
[  5]  20.00-21.00  sec  3.89 MBytes  32.7 Mbits/sec   51   82.8 KBytes       
[  5]  21.00-22.00  sec  7.23 MBytes  60.6 Mbits/sec   12   79.4 KBytes       
[  5]  22.00-23.00  sec  6.12 MBytes  51.3 Mbits/sec   20   58.7 KBytes       
[  5]  23.00-24.00  sec  7.23 MBytes  60.6 Mbits/sec   72    104 KBytes       
[  5]  24.00-25.00  sec  10.0 MBytes  84.0 Mbits/sec   23    128 KBytes       
[  5]  25.00-26.00  sec  11.7 MBytes  98.0 Mbits/sec   50    105 KBytes       
[  5]  26.00-27.00  sec  5.56 MBytes  46.7 Mbits/sec   44   77.1 KBytes       
[  5]  27.00-28.00  sec  5.00 MBytes  42.0 Mbits/sec   49    166 KBytes       
[  5]  28.00-29.00  sec  10.6 MBytes  88.6 Mbits/sec   20    161 KBytes       
[  5]  29.00-30.00  sec  4.45 MBytes  37.3 Mbits/sec   25    133 KBytes       
[  5]  30.00-31.00  sec  3.89 MBytes  32.7 Mbits/sec    3    114 KBytes       
[  5]  31.00-32.00  sec  7.23 MBytes  60.7 Mbits/sec   49    115 KBytes       
[  5]  32.00-33.00  sec  9.45 MBytes  79.3 Mbits/sec   45   88.6 KBytes       
[  5]  33.00-34.00  sec  7.23 MBytes  60.6 Mbits/sec   21    101 KBytes       
[  5]  34.00-35.00  sec  9.45 MBytes  79.3 Mbits/sec   59    156 KBytes       
[  5]  35.00-36.00  sec  7.23 MBytes  60.6 Mbits/sec   52   62.1 KBytes       
[  5]  36.00-37.00  sec  8.90 MBytes  74.6 Mbits/sec   21   57.5 KBytes       
[  5]  37.00-38.00  sec  12.8 MBytes   107 Mbits/sec   50   70.2 KBytes       
[  5]  38.00-39.00  sec  12.8 MBytes   107 Mbits/sec   16   94.3 KBytes       
[  5]  39.00-40.00  sec  6.12 MBytes  51.3 Mbits/sec   22    104 KBytes       
[  5]  40.00-41.00  sec  10.8 MBytes  90.2 Mbits/sec  106   61.0 KBytes       
[  5]  41.00-42.00  sec  5.00 MBytes  42.0 Mbits/sec    0   97.8 KBytes       
[  5]  42.00-43.00  sec  7.79 MBytes  65.3 Mbits/sec   28   59.8 KBytes       
[  5]  43.00-44.00  sec  10.0 MBytes  84.0 Mbits/sec    8   86.3 KBytes       
[  5]  44.00-45.00  sec  13.3 MBytes   112 Mbits/sec   43   97.8 KBytes       
[  5]  45.00-46.00  sec  3.89 MBytes  32.7 Mbits/sec    1    207 KBytes       
[  5]  46.00-47.00  sec  4.51 MBytes  37.8 Mbits/sec   94   92.0 KBytes       
[  5]  47.00-48.00  sec  2.78 MBytes  23.3 Mbits/sec    1    227 KBytes       
[  5]  48.00-49.00  sec  4.45 MBytes  37.3 Mbits/sec  191   89.7 KBytes       
[  5]  49.00-50.00  sec  4.45 MBytes  37.3 Mbits/sec   14   85.1 KBytes       
[  5]  50.00-51.00  sec  2.22 MBytes  18.7 Mbits/sec    0   97.8 KBytes       
[  5]  51.00-52.00  sec  11.7 MBytes  98.5 Mbits/sec   11   72.5 KBytes       
[  5]  52.00-53.00  sec  5.00 MBytes  42.0 Mbits/sec    0    107 KBytes       
[  5]  53.00-54.00  sec  6.12 MBytes  51.3 Mbits/sec   32   95.5 KBytes       
[  5]  54.00-55.00  sec  1.67 MBytes  14.0 Mbits/sec    0    104 KBytes       
[  5]  55.00-56.00  sec  11.1 MBytes  93.3 Mbits/sec   60   55.2 KBytes       
[  5]  56.00-57.00  sec  6.67 MBytes  56.0 Mbits/sec    0    107 KBytes       
[  5]  57.00-58.00  sec  7.79 MBytes  65.3 Mbits/sec  105   82.8 KBytes       
[  5]  58.00-59.00  sec  3.34 MBytes  28.0 Mbits/sec   32   95.5 KBytes       
[  5]  59.00-60.00  sec  12.2 MBytes   103 Mbits/sec   16   65.6 KBytes       
- - - - - - - - - - - - - - - - - - - - - - - - -
[ ID] Interval           Transfer     Bitrate         Retr
[  5]   0.00-60.00  sec   415 MBytes  58.0 Mbits/sec  2112             sender
[  5]   0.00-60.00  sec   414 MBytes  57.9 Mbits/sec                  receiver

iperf Done.
