Connecting to host 10.136.80.134, port 5201
[  5] local 10.136.173.117 port 39942 connected to 10.136.80.134 port 5201
[ ID] Interval           Transfer     Bitrate         Retr  Cwnd
[  5]   0.00-1.00   sec  3.14 MBytes  26.3 Mbits/sec  130   1.37 KBytes       (omitted)
[  5]   0.00-1.00   sec  2.55 MBytes  21.4 Mbits/sec   95   1.37 KBytes       
[  5]   1.00-2.00   sec  6.40 MBytes  53.6 Mbits/sec  236   2.73 KBytes       
[  5]   2.00-3.00   sec  4.78 MBytes  40.1 Mbits/sec  173   2.73 KBytes       
[  5]   3.00-4.00   sec  4.78 MBytes  40.1 Mbits/sec  196   1.37 KBytes       
[  5]   4.00-5.00   sec  5.64 MBytes  47.3 Mbits/sec  219   2.73 KBytes       
[  5]   5.00-6.00   sec  6.26 MBytes  52.5 Mbits/sec  222   2.73 KBytes       
[  5]   6.00-7.00   sec  1.10 MBytes  9.26 Mbits/sec   43   1.37 KBytes       
[  5]   7.00-8.00   sec  7.42 MBytes  62.3 Mbits/sec  287   10.9 KBytes       
[  5]   8.00-9.00   sec  6.62 MBytes  55.6 Mbits/sec  248   1.37 KBytes       
[  5]   9.00-10.00  sec  3.19 MBytes  26.8 Mbits/sec  146   1.37 KBytes       
[  5]  10.00-11.00  sec  8.22 MBytes  68.9 Mbits/sec  333   1.37 KBytes       
[  5]  11.00-12.00  sec  9.69 MBytes  81.3 Mbits/sec  377   4.10 KBytes       
[  5]  12.00-13.00  sec  1.23 MBytes  10.3 Mbits/sec   56   2.73 KBytes       
[  5]  13.00-14.00  sec  5.89 MBytes  49.4 Mbits/sec  209   2.73 KBytes       
[  5]  14.00-15.00  sec  5.34 MBytes  44.8 Mbits/sec  195   1.37 KBytes       
[  5]  15.00-16.00  sec  2.33 MBytes  19.5 Mbits/sec   88   1.37 KBytes       
[  5]  16.00-17.00  sec  12.1 MBytes   101 Mbits/sec  482   6.83 KBytes       
[  5]  17.00-18.00  sec  6.87 MBytes  57.6 Mbits/sec  257   2.73 KBytes       
[  5]  18.00-19.00  sec  5.15 MBytes  43.2 Mbits/sec  175   1.37 KBytes       
[  5]  19.00-20.00  sec  4.05 MBytes  34.0 Mbits/sec  153   2.73 KBytes       
[  5]  20.00-21.00  sec  11.0 MBytes  92.6 Mbits/sec  406   10.9 KBytes       
[  5]  21.00-22.00  sec  8.59 MBytes  72.0 Mbits/sec  304   2.73 KBytes       
[  5]  22.00-23.00  sec  8.83 MBytes  74.1 Mbits/sec  327   5.46 KBytes       
[  5]  23.00-24.00  sec  6.26 MBytes  52.5 Mbits/sec  227   1.37 KBytes       
[  5]  24.00-25.00  sec  1.96 MBytes  16.5 Mbits/sec   70   2.73 KBytes       
[  5]  25.00-26.00  sec  5.52 MBytes  46.3 Mbits/sec  215   1.37 KBytes       
[  5]  26.00-27.00  sec  3.31 MBytes  27.8 Mbits/sec  128   1.37 KBytes       
[  5]  27.00-28.00  sec  3.43 MBytes  28.8 Mbits/sec  120   6.83 KBytes       
[  5]  28.00-29.00  sec  2.94 MBytes  24.7 Mbits/sec  123   1.37 KBytes       
[  5]  29.00-30.00  sec  3.37 MBytes  28.3 Mbits/sec  130   9.56 KBytes       
[  5]  30.00-31.00  sec  7.24 MBytes  60.7 Mbits/sec  308   1.37 KBytes       
[  5]  31.00-32.00  sec  3.19 MBytes  26.8 Mbits/sec  134   2.73 KBytes       
[  5]  32.00-33.00  sec  4.42 MBytes  37.0 Mbits/sec  186   2.73 KBytes       
[  5]  33.00-34.00  sec  1.35 MBytes  11.3 Mbits/sec   53   2.73 KBytes       
[  5]  34.00-35.00  sec  5.15 MBytes  43.2 Mbits/sec  186   2.73 KBytes       
[  5]  35.00-36.00  sec  2.70 MBytes  22.6 Mbits/sec   99   2.73 KBytes       
[  5]  36.00-37.00  sec  2.45 MBytes  20.6 Mbits/sec  104   1.37 KBytes       
[  5]  37.00-38.00  sec  2.21 MBytes  18.5 Mbits/sec   89   4.10 KBytes       
[  5]  38.00-39.00  sec  5.27 MBytes  44.2 Mbits/sec  226   2.73 KBytes       
[  5]  39.00-40.00  sec  6.01 MBytes  50.4 Mbits/sec  270   6.83 KBytes       
[  5]  40.00-41.00  sec  4.17 MBytes  35.0 Mbits/sec  189   1.37 KBytes       
[  5]  41.00-42.00  sec  4.78 MBytes  40.1 Mbits/sec  195   2.73 KBytes       
[  5]  42.00-43.00  sec  7.97 MBytes  66.9 Mbits/sec  329   1.37 KBytes       
[  5]  43.00-44.00  sec  9.94 MBytes  83.3 Mbits/sec  390   1.37 KBytes       
[  5]  44.00-45.00  sec  5.40 MBytes  45.3 Mbits/sec  206   2.73 KBytes       
[  5]  45.00-46.00  sec  5.52 MBytes  46.3 Mbits/sec  242   1.37 KBytes       
[  5]  46.00-47.00  sec  6.01 MBytes  50.4 Mbits/sec  237   2.73 KBytes       
[  5]  47.00-48.00  sec  6.38 MBytes  53.5 Mbits/sec  268   8.19 KBytes       
[  5]  48.00-49.00  sec  10.4 MBytes  87.5 Mbits/sec  385   12.3 KBytes       
[  5]  49.00-50.00  sec  8.71 MBytes  73.1 Mbits/sec  355   2.73 KBytes       
[  5]  50.00-51.00  sec  2.82 MBytes  23.7 Mbits/sec  107   2.73 KBytes       
[  5]  51.00-52.00  sec   754 KBytes  6.17 Mbits/sec   36   1.37 KBytes       
[  5]  52.00-53.00  sec  7.11 MBytes  59.7 Mbits/sec  294   2.73 KBytes       
[  5]  53.00-54.00  sec  3.43 MBytes  28.8 Mbits/sec  150   2.73 KBytes       
[  5]  54.00-55.00  sec  4.78 MBytes  40.1 Mbits/sec  202   15.0 KBytes       
[  5]  55.00-56.00  sec  4.17 MBytes  35.0 Mbits/sec  161   1.37 KBytes       
[  5]  56.00-57.00  sec  2.70 MBytes  22.6 Mbits/sec  105   6.83 KBytes       
[  5]  57.00-58.00  sec  4.91 MBytes  41.2 Mbits/sec  193   2.73 KBytes       
[  5]  58.00-59.00  sec  4.05 MBytes  34.0 Mbits/sec  156   1.37 KBytes       
[  5]  59.00-60.00  sec   628 KBytes  5.15 Mbits/sec   23   1.37 KBytes       
- - - - - - - - - - - - - - - - - - - - - - - - -
[ ID] Interval           Transfer     Bitrate         Retr
[  5]   0.00-60.00  sec   309 MBytes  43.3 Mbits/sec  12118             sender
[  5]   0.00-60.04  sec   309 MBytes  43.2 Mbits/sec                  receiver

iperf Done.
