Connecting to host 10.136.80.173, port 5201
[  5] local 10.136.173.103 port 48250 connected to 10.136.80.173 port 5201
[ ID] Interval           Transfer     Bitrate         Retr  Cwnd
[  5]   0.00-1.00   sec   778 KBytes  6.37 Mbits/sec   40   1.15 KBytes       (omitted)
[  5]   0.00-1.00   sec  1.09 MBytes  9.17 Mbits/sec   49   1.15 KBytes       
[  5]   1.00-2.00   sec  1.08 MBytes  9.03 Mbits/sec   50   2.30 KBytes       
[  5]   2.00-3.00   sec  1.51 MBytes  12.7 Mbits/sec   65   5.75 KBytes       
[  5]   3.00-4.00   sec   634 KBytes  5.19 Mbits/sec   40   1.15 KBytes       
[  5]   4.00-5.00   sec   586 KBytes  4.80 Mbits/sec   30   2.30 KBytes       
[  5]   5.00-6.00   sec  1.33 MBytes  11.2 Mbits/sec   63   1.15 KBytes       
[  5]   6.00-7.00   sec  1018 KBytes  8.34 Mbits/sec   48   3.45 KBytes       
[  5]   7.00-8.00   sec  1.31 MBytes  11.0 Mbits/sec   59   3.45 KBytes       
[  5]   8.00-9.00   sec  1.11 MBytes  9.27 Mbits/sec   60   3.45 KBytes       
[  5]   9.00-10.00  sec  1.08 MBytes  9.05 Mbits/sec   53   2.30 KBytes       
[  5]  10.00-11.00  sec   803 KBytes  6.58 Mbits/sec   46   2.30 KBytes       
[  5]  11.00-12.00  sec  1.52 MBytes  12.8 Mbits/sec   60   2.30 KBytes       
[  5]  12.00-13.00  sec   777 KBytes  6.36 Mbits/sec   42   2.30 KBytes       
[  5]  13.00-14.00  sec  1.21 MBytes  10.2 Mbits/sec   64   2.30 KBytes       
[  5]  14.00-15.00  sec   583 KBytes  4.78 Mbits/sec   24   11.5 KBytes       
[  5]  15.00-16.00  sec  1.31 MBytes  11.0 Mbits/sec   73   3.45 KBytes       
[  5]  16.00-17.00  sec  1.57 MBytes  13.1 Mbits/sec   70   4.60 KBytes       
[  5]  17.00-18.00  sec  1.39 MBytes  11.6 Mbits/sec   70   2.30 KBytes       
[  5]  18.00-19.00  sec  1.30 MBytes  10.9 Mbits/sec   57   2.30 KBytes       
[  5]  19.00-20.00  sec   913 KBytes  7.48 Mbits/sec   46   3.45 KBytes       
[  5]  20.00-21.00  sec  1008 KBytes  8.25 Mbits/sec   48   2.30 KBytes       
[  5]  21.00-22.00  sec   844 KBytes  6.92 Mbits/sec   45   3.45 KBytes       
[  5]  22.00-23.00  sec  1.30 MBytes  10.9 Mbits/sec   53   1.15 KBytes       
[  5]  23.00-24.00  sec  1.24 MBytes  10.4 Mbits/sec   59   4.60 KBytes       
[  5]  24.00-25.00  sec   545 KBytes  4.47 Mbits/sec   35   2.30 KBytes       
[  5]  25.00-26.00  sec   392 KBytes  3.21 Mbits/sec   23   2.30 KBytes       
[  5]  26.00-27.00  sec   897 KBytes  7.35 Mbits/sec   48   1.15 KBytes       
[  5]  27.00-28.00  sec  1.07 MBytes  9.01 Mbits/sec   47   1.15 KBytes       
[  5]  28.00-29.00  sec   453 KBytes  3.71 Mbits/sec   25   2.30 KBytes       
[  5]  29.00-30.00  sec   980 KBytes  8.03 Mbits/sec   39   2.30 KBytes       
[  5]  30.00-31.00  sec   604 KBytes  4.95 Mbits/sec   38   2.30 KBytes       
[  5]  31.00-32.00  sec  1.16 MBytes  9.76 Mbits/sec   57   9.20 KBytes       
[  5]  32.00-33.00  sec  1.12 MBytes  9.39 Mbits/sec   49   1.15 KBytes       
[  5]  33.00-34.00  sec   999 KBytes  8.18 Mbits/sec   45   3.45 KBytes       
[  5]  34.00-35.00  sec   706 KBytes  5.79 Mbits/sec   40   3.45 KBytes       
[  5]  35.00-36.00  sec  1.02 MBytes  8.52 Mbits/sec   40   2.30 KBytes       
[  5]  36.00-37.00  sec   519 KBytes  4.25 Mbits/sec   33   2.30 KBytes       
[  5]  37.00-38.00  sec   671 KBytes  5.49 Mbits/sec   44   2.30 KBytes       
[  5]  38.00-39.00  sec   846 KBytes  6.93 Mbits/sec   35   2.30 KBytes       
[  5]  39.00-40.00  sec   665 KBytes  5.45 Mbits/sec   35   1.15 KBytes       
[  5]  40.00-41.00  sec   449 KBytes  3.67 Mbits/sec   29   1.15 KBytes       
[  5]  41.00-42.00  sec   650 KBytes  5.33 Mbits/sec   31   1.15 KBytes       
[  5]  42.00-43.00  sec  1.36 MBytes  11.4 Mbits/sec   55   3.45 KBytes       
[  5]  43.00-44.00  sec   771 KBytes  6.31 Mbits/sec   43   1.15 KBytes       
[  5]  44.00-45.00  sec   720 KBytes  5.90 Mbits/sec   39   1.15 KBytes       
[  5]  45.00-46.00  sec   934 KBytes  7.65 Mbits/sec   61   3.45 KBytes       
[  5]  46.00-47.00  sec  1.19 MBytes  9.96 Mbits/sec   51   1.15 KBytes       
[  5]  47.00-48.00  sec  1.30 MBytes  10.9 Mbits/sec   56   4.60 KBytes       
[  5]  48.00-49.00  sec  1.55 MBytes  13.0 Mbits/sec   73   2.30 KBytes       
[  5]  49.00-50.00  sec  1.36 MBytes  11.4 Mbits/sec   62   2.30 KBytes       
[  5]  50.00-51.00  sec  1.11 MBytes  9.30 Mbits/sec   48   1.15 KBytes       
[  5]  51.00-52.00  sec  1.03 MBytes  8.67 Mbits/sec   63   3.45 KBytes       
[  5]  52.00-53.00  sec  1.52 MBytes  12.8 Mbits/sec   56   1.15 KBytes       
[  5]  53.00-54.00  sec  1.45 MBytes  12.2 Mbits/sec   68   3.45 KBytes       
[  5]  54.00-55.00  sec  1.26 MBytes  10.6 Mbits/sec   46   5.75 KBytes       
[  5]  55.00-56.00  sec  1.35 MBytes  11.3 Mbits/sec   58   2.30 KBytes       
[  5]  56.00-57.00  sec   128 KBytes  1.05 Mbits/sec   13   1.15 KBytes       
[  5]  57.00-58.00  sec   910 KBytes  7.46 Mbits/sec   48   2.30 KBytes       
[  5]  58.00-59.00  sec  1.61 MBytes  13.5 Mbits/sec   63   2.30 KBytes       
[  5]  59.00-60.00  sec  1.20 MBytes  10.0 Mbits/sec   54   3.45 KBytes       
- - - - - - - - - - - - - - - - - - - - - - - - -
[ ID] Interval           Transfer     Bitrate         Retr
[  5]   0.00-60.00  sec  60.6 MBytes  8.47 Mbits/sec  2924             sender
[  5]   0.00-60.05  sec  60.5 MBytes  8.45 Mbits/sec                  receiver

iperf Done.
