Connecting to host 10.136.80.177, port 5201
[  5] local 10.136.173.112 port 56849 connected to 10.136.80.177 port 5201
[ ID] Interval           Transfer     Bitrate         Total Datagrams
[  5]   0.00-1.00   sec  50.3 MBytes   421 Mbits/sec  44730  (omitted)
[  5]   0.00-1.00   sec  57.5 MBytes   482 Mbits/sec  51160  
[  5]   1.00-2.00   sec  53.2 MBytes   447 Mbits/sec  47390  
[  5]   2.00-3.00   sec  53.7 MBytes   451 Mbits/sec  47820  
[  5]   3.00-4.00   sec  55.3 MBytes   464 Mbits/sec  49230  
[  5]   4.00-5.00   sec  56.9 MBytes   477 Mbits/sec  50660  
[  5]   5.00-6.00   sec  56.4 MBytes   473 Mbits/sec  50220  
[  5]   6.00-7.00   sec  59.0 MBytes   495 Mbits/sec  52490  
[  5]   7.00-8.00   sec  60.4 MBytes   507 Mbits/sec  53750  
[  5]   8.00-9.00   sec  53.4 MBytes   448 Mbits/sec  47560  
[  5]   9.00-10.00  sec  53.5 MBytes   449 Mbits/sec  47630  
[  5]  10.00-11.00  sec  54.3 MBytes   455 Mbits/sec  48300  
[  5]  11.00-12.00  sec  53.7 MBytes   450 Mbits/sec  47790  
[  5]  12.00-13.00  sec  58.6 MBytes   492 Mbits/sec  52150  
[  5]  13.00-14.00  sec  57.3 MBytes   481 Mbits/sec  51030  
[  5]  14.00-15.00  sec  61.3 MBytes   514 Mbits/sec  54580  
[  5]  15.00-16.00  sec  54.4 MBytes   456 Mbits/sec  48380  
[  5]  16.00-17.00  sec  55.8 MBytes   468 Mbits/sec  49710  
[  5]  17.00-18.00  sec  60.7 MBytes   509 Mbits/sec  54050  
[  5]  18.00-19.00  sec  57.5 MBytes   483 Mbits/sec  51220  
[  5]  19.00-20.00  sec  51.8 MBytes   435 Mbits/sec  46110  
[  5]  20.00-21.00  sec  53.6 MBytes   449 Mbits/sec  47680  
[  5]  21.00-22.00  sec  57.3 MBytes   481 Mbits/sec  51000  
[  5]  22.00-23.00  sec  50.6 MBytes   424 Mbits/sec  45010  
[  5]  23.00-24.00  sec  54.7 MBytes   459 Mbits/sec  48730  
[  5]  24.00-25.00  sec  54.1 MBytes   454 Mbits/sec  48190  
[  5]  25.00-26.00  sec  53.8 MBytes   452 Mbits/sec  47930  
[  5]  26.00-27.00  sec  57.4 MBytes   481 Mbits/sec  51050  
[  5]  27.00-28.00  sec  51.1 MBytes   429 Mbits/sec  45480  
[  5]  28.00-29.00  sec  58.9 MBytes   494 Mbits/sec  52440  
[  5]  29.00-30.00  sec  55.2 MBytes   463 Mbits/sec  49140  
[  5]  30.00-31.00  sec  57.8 MBytes   485 Mbits/sec  51490  
[  5]  31.00-32.00  sec  57.4 MBytes   481 Mbits/sec  51080  
[  5]  32.00-33.00  sec  55.6 MBytes   466 Mbits/sec  49480  
[  5]  33.00-34.00  sec  53.5 MBytes   449 Mbits/sec  47620  
[  5]  34.00-35.00  sec  52.0 MBytes   436 Mbits/sec  46280  
[  5]  35.00-36.00  sec  54.2 MBytes   455 Mbits/sec  48260  
[  5]  36.00-37.00  sec  54.4 MBytes   457 Mbits/sec  48450  
[  5]  37.00-38.00  sec  55.0 MBytes   461 Mbits/sec  48920  
[  5]  38.00-39.00  sec  53.3 MBytes   447 Mbits/sec  47460  
[  5]  39.00-40.00  sec  55.9 MBytes   469 Mbits/sec  49800  
[  5]  40.00-41.00  sec  56.7 MBytes   476 Mbits/sec  50510  
[  5]  41.00-42.00  sec  54.9 MBytes   460 Mbits/sec  48860  
[  5]  42.00-43.00  sec  53.8 MBytes   451 Mbits/sec  47870  
[  5]  43.00-44.00  sec  52.0 MBytes   436 Mbits/sec  46290  
[  5]  44.00-45.00  sec  51.5 MBytes   432 Mbits/sec  45830  
[  5]  45.00-46.00  sec  45.2 MBytes   379 Mbits/sec  40230  
[  5]  46.00-47.00  sec  51.2 MBytes   430 Mbits/sec  45590  
[  5]  47.00-48.00  sec  49.9 MBytes   418 Mbits/sec  44380  
[  5]  48.00-49.00  sec  51.9 MBytes   435 Mbits/sec  46210  
[  5]  49.00-50.00  sec  51.7 MBytes   434 Mbits/sec  46010  
[  5]  50.00-51.00  sec  54.7 MBytes   459 Mbits/sec  48690  
[  5]  51.00-52.00  sec  54.5 MBytes   457 Mbits/sec  48530  
[  5]  52.00-53.00  sec  53.9 MBytes   452 Mbits/sec  47940  
[  5]  53.00-54.00  sec  52.7 MBytes   442 Mbits/sec  46900  
[  5]  54.00-55.00  sec  48.4 MBytes   406 Mbits/sec  43090  
[  5]  55.00-56.00  sec  52.4 MBytes   439 Mbits/sec  46610  
[  5]  56.00-57.00  sec  57.5 MBytes   482 Mbits/sec  51140  
[  5]  57.00-58.00  sec  55.1 MBytes   462 Mbits/sec  49070  
[  5]  58.00-59.00  sec  51.3 MBytes   430 Mbits/sec  45670  
[  5]  59.00-60.00  sec  55.1 MBytes   462 Mbits/sec  49070  
- - - - - - - - - - - - - - - - - - - - - - - - -
[ ID] Interval           Transfer     Bitrate         Jitter    Lost/Total Datagrams
[  5]   0.00-60.00  sec  3.20 GBytes   458 Mbits/sec  0.000 ms  0/2915210 (0%)  sender
[  5]   0.00-60.23  sec  1.96 GBytes   280 Mbits/sec  0.007 ms  1138539/2915210 (39%)  receiver

iperf Done.
