Connecting to host 10.136.80.168, port 5201
[  5] local 10.136.173.104 port 58945 connected to 10.136.80.168 port 5201
[ ID] Interval           Transfer     Bitrate         Total Datagrams
[  5]   0.00-1.00   sec  53.8 MBytes   451 Mbits/sec  47910  (omitted)
[  5]   0.00-1.00   sec  51.4 MBytes   431 Mbits/sec  45710  
[  5]   1.00-2.00   sec  60.0 MBytes   504 Mbits/sec  53450  
[  5]   2.00-3.00   sec  54.9 MBytes   461 Mbits/sec  48900  
[  5]   3.00-4.00   sec  50.3 MBytes   422 Mbits/sec  44750  
[  5]   4.00-5.00   sec  56.1 MBytes   470 Mbits/sec  49910  
[  5]   5.00-6.00   sec  58.3 MBytes   489 Mbits/sec  51920  
[  5]   6.00-7.00   sec  56.9 MBytes   477 Mbits/sec  50640  
[  5]   7.00-8.00   sec  53.2 MBytes   446 Mbits/sec  47340  
[  5]   8.00-9.00   sec  51.7 MBytes   433 Mbits/sec  45990  
[  5]   9.00-10.00  sec  47.7 MBytes   400 Mbits/sec  42440  
[  5]  10.00-11.00  sec  50.8 MBytes   426 Mbits/sec  45200  
[  5]  11.00-12.00  sec  59.8 MBytes   501 Mbits/sec  53210  
[  5]  12.00-13.00  sec  58.7 MBytes   492 Mbits/sec  52210  
[  5]  13.00-14.00  sec  55.5 MBytes   466 Mbits/sec  49440  
[  5]  14.00-15.00  sec  51.1 MBytes   429 Mbits/sec  45500  
[  5]  15.00-16.00  sec  60.9 MBytes   511 Mbits/sec  54200  
[  5]  16.00-17.00  sec  59.6 MBytes   499 Mbits/sec  53010  
[  5]  17.00-18.00  sec  52.1 MBytes   437 Mbits/sec  46390  
[  5]  18.00-19.00  sec  50.2 MBytes   421 Mbits/sec  44680  
[  5]  19.00-20.00  sec  53.8 MBytes   451 Mbits/sec  47900  
[  5]  20.00-21.00  sec  46.8 MBytes   392 Mbits/sec  41620  
[  5]  21.00-22.00  sec  53.4 MBytes   448 Mbits/sec  47550  
[  5]  22.00-23.00  sec  50.8 MBytes   426 Mbits/sec  45180  
[  5]  23.00-24.00  sec  55.8 MBytes   468 Mbits/sec  49700  
[  5]  24.00-25.00  sec  55.9 MBytes   469 Mbits/sec  49760  
[  5]  25.00-26.00  sec  56.6 MBytes   475 Mbits/sec  50380  
[  5]  26.00-27.00  sec  56.1 MBytes   470 Mbits/sec  49920  
[  5]  27.00-28.00  sec  57.2 MBytes   480 Mbits/sec  50910  
[  5]  28.00-29.00  sec  59.5 MBytes   499 Mbits/sec  52980  
[  5]  29.00-30.00  sec  54.7 MBytes   459 Mbits/sec  48680  
[  5]  30.00-31.00  sec  42.2 MBytes   354 Mbits/sec  37580  
[  5]  31.00-32.00  sec  57.5 MBytes   482 Mbits/sec  51170  
[  5]  32.00-33.00  sec  58.9 MBytes   494 Mbits/sec  52440  
[  5]  33.00-34.00  sec  57.7 MBytes   484 Mbits/sec  51320  
[  5]  34.00-35.00  sec  46.9 MBytes   393 Mbits/sec  41740  
[  5]  35.00-36.00  sec  53.1 MBytes   445 Mbits/sec  47250  
[  5]  36.00-37.00  sec  56.5 MBytes   474 Mbits/sec  50330  
[  5]  37.00-38.00  sec  60.9 MBytes   511 Mbits/sec  54200  
[  5]  38.00-39.00  sec  59.0 MBytes   495 Mbits/sec  52510  
[  5]  39.00-40.00  sec  56.7 MBytes   476 Mbits/sec  50460  
[  5]  40.00-41.00  sec  57.3 MBytes   481 Mbits/sec  51040  
[  5]  41.00-42.00  sec  56.6 MBytes   475 Mbits/sec  50410  
[  5]  42.00-43.00  sec  56.6 MBytes   475 Mbits/sec  50370  
[  5]  43.00-44.00  sec  54.3 MBytes   456 Mbits/sec  48350  
[  5]  44.00-45.00  sec  47.1 MBytes   395 Mbits/sec  41900  
[  5]  45.00-46.00  sec  62.1 MBytes   521 Mbits/sec  55250  
[  5]  46.00-47.00  sec  55.8 MBytes   468 Mbits/sec  49710  
[  5]  47.00-48.00  sec  58.7 MBytes   492 Mbits/sec  52260  
[  5]  48.00-49.00  sec  59.3 MBytes   498 Mbits/sec  52820  
[  5]  49.00-50.00  sec  56.0 MBytes   470 Mbits/sec  49870  
[  5]  50.00-51.00  sec  57.0 MBytes   478 Mbits/sec  50720  
[  5]  51.00-52.00  sec  58.3 MBytes   489 Mbits/sec  51920  
[  5]  52.00-53.00  sec  62.2 MBytes   522 Mbits/sec  55390  
[  5]  53.00-54.00  sec  54.9 MBytes   461 Mbits/sec  48910  
[  5]  54.00-55.00  sec  62.7 MBytes   526 Mbits/sec  55770  
[  5]  55.00-56.00  sec  55.0 MBytes   461 Mbits/sec  48940  
[  5]  56.00-57.00  sec  59.3 MBytes   497 Mbits/sec  52750  
[  5]  57.00-58.00  sec  55.5 MBytes   465 Mbits/sec  49370  
[  5]  58.00-59.00  sec  59.1 MBytes   496 Mbits/sec  52620  
[  5]  59.00-60.00  sec  50.1 MBytes   420 Mbits/sec  44590  
- - - - - - - - - - - - - - - - - - - - - - - - -
[ ID] Interval           Transfer     Bitrate         Jitter    Lost/Total Datagrams
[  5]   0.00-60.00  sec  3.25 GBytes   465 Mbits/sec  0.000 ms  0/2961430 (0%)  sender
[  5]   0.00-60.25  sec  2.00 GBytes   285 Mbits/sec  0.019 ms  1154452/2961416 (39%)  receiver

iperf Done.
