Connecting to host 10.136.80.189, port 5201
[  5] local 10.136.173.118 port 37723 connected to 10.136.80.189 port 5201
[ ID] Interval           Transfer     Bitrate         Total Datagrams
[  5]   0.00-1.00   sec  51.9 MBytes   436 Mbits/sec  46230  (omitted)
[  5]   0.00-1.00   sec  53.8 MBytes   451 Mbits/sec  47850  
[  5]   1.00-2.00   sec  56.2 MBytes   471 Mbits/sec  50000  
[  5]   2.00-3.00   sec  54.5 MBytes   458 Mbits/sec  48550  
[  5]   3.00-4.00   sec  55.7 MBytes   468 Mbits/sec  49620  
[  5]   4.00-5.00   sec  52.1 MBytes   437 Mbits/sec  46370  
[  5]   5.00-6.00   sec  53.4 MBytes   448 Mbits/sec  47540  
[  5]   6.00-7.00   sec  53.3 MBytes   447 Mbits/sec  47420  
[  5]   7.00-8.00   sec  48.1 MBytes   404 Mbits/sec  42830  
[  5]   8.00-9.00   sec  55.4 MBytes   465 Mbits/sec  49340  
[  5]   9.00-10.00  sec  53.4 MBytes   447 Mbits/sec  47490  
[  5]  10.00-11.00  sec  55.4 MBytes   465 Mbits/sec  49350  
[  5]  11.00-12.00  sec  53.0 MBytes   444 Mbits/sec  47150  
[  5]  12.00-13.00  sec  55.1 MBytes   462 Mbits/sec  49010  
[  5]  13.00-14.00  sec  53.5 MBytes   449 Mbits/sec  47630  
[  5]  14.00-15.00  sec  55.7 MBytes   467 Mbits/sec  49540  
[  5]  15.00-16.00  sec  52.1 MBytes   437 Mbits/sec  46420  
[  5]  16.00-17.00  sec  55.6 MBytes   466 Mbits/sec  49450  
[  5]  17.00-18.00  sec  54.0 MBytes   453 Mbits/sec  48040  
[  5]  18.00-19.00  sec  54.1 MBytes   454 Mbits/sec  48200  
[  5]  19.00-20.00  sec  54.0 MBytes   453 Mbits/sec  48060  
[  5]  20.00-21.00  sec  57.7 MBytes   484 Mbits/sec  51320  
[  5]  21.00-22.00  sec  53.8 MBytes   451 Mbits/sec  47880  
[  5]  22.00-23.00  sec  54.2 MBytes   454 Mbits/sec  48210  
[  5]  23.00-24.00  sec  53.3 MBytes   447 Mbits/sec  47410  
[  5]  24.00-25.00  sec  56.5 MBytes   474 Mbits/sec  50310  
[  5]  25.00-26.00  sec  53.3 MBytes   447 Mbits/sec  47410  
[  5]  26.00-27.00  sec  51.4 MBytes   431 Mbits/sec  45730  
[  5]  27.00-28.00  sec  51.1 MBytes   428 Mbits/sec  45460  
[  5]  28.00-29.00  sec  57.4 MBytes   481 Mbits/sec  51070  
[  5]  29.00-30.00  sec  51.8 MBytes   435 Mbits/sec  46130  
[  5]  30.00-31.00  sec  53.8 MBytes   452 Mbits/sec  47920  
[  5]  31.00-32.00  sec  55.9 MBytes   469 Mbits/sec  49760  
[  5]  32.00-33.00  sec  52.4 MBytes   439 Mbits/sec  46610  
[  5]  33.00-34.00  sec  56.2 MBytes   471 Mbits/sec  50020  
[  5]  34.00-35.00  sec  57.9 MBytes   486 Mbits/sec  51560  
[  5]  35.00-36.00  sec  54.0 MBytes   453 Mbits/sec  48060  
[  5]  36.00-37.00  sec  55.5 MBytes   466 Mbits/sec  49410  
[  5]  37.00-38.00  sec  53.1 MBytes   445 Mbits/sec  47260  
[  5]  38.00-39.00  sec  53.2 MBytes   447 Mbits/sec  47390  
[  5]  39.00-40.00  sec  54.3 MBytes   456 Mbits/sec  48350  
[  5]  40.00-41.00  sec  54.2 MBytes   455 Mbits/sec  48280  
[  5]  41.00-42.00  sec  52.3 MBytes   439 Mbits/sec  46550  
[  5]  42.00-43.00  sec  53.8 MBytes   451 Mbits/sec  47890  
[  5]  43.00-44.00  sec  54.5 MBytes   457 Mbits/sec  48510  
[  5]  44.00-45.00  sec  52.2 MBytes   438 Mbits/sec  46470  
[  5]  45.00-46.00  sec  54.7 MBytes   459 Mbits/sec  48670  
[  5]  46.00-47.00  sec  53.8 MBytes   452 Mbits/sec  47920  
[  5]  47.00-48.00  sec  53.6 MBytes   450 Mbits/sec  47730  
[  5]  48.00-49.00  sec  54.3 MBytes   456 Mbits/sec  48340  
[  5]  49.00-50.00  sec  55.4 MBytes   465 Mbits/sec  49350  
[  5]  50.00-51.00  sec  56.1 MBytes   470 Mbits/sec  49910  
[  5]  51.00-52.00  sec  52.9 MBytes   444 Mbits/sec  47110  
[  5]  52.00-53.00  sec  54.6 MBytes   458 Mbits/sec  48590  
[  5]  53.00-54.00  sec  54.1 MBytes   454 Mbits/sec  48140  
[  5]  54.00-55.00  sec  54.3 MBytes   455 Mbits/sec  48320  
[  5]  55.00-56.00  sec  55.3 MBytes   464 Mbits/sec  49250  
[  5]  56.00-57.00  sec  52.3 MBytes   438 Mbits/sec  46520  
[  5]  57.00-58.00  sec  54.9 MBytes   460 Mbits/sec  48840  
[  5]  58.00-59.00  sec  56.8 MBytes   477 Mbits/sec  50570  
[  5]  59.00-60.00  sec  55.0 MBytes   461 Mbits/sec  48960  
- - - - - - - - - - - - - - - - - - - - - - - - -
[ ID] Interval           Transfer     Bitrate         Jitter    Lost/Total Datagrams
[  5]   0.00-60.00  sec  3.17 GBytes   454 Mbits/sec  0.000 ms  0/2893050 (0%)  sender
[  5]   0.00-60.23  sec  1.87 GBytes   267 Mbits/sec  0.008 ms  1206611/2893050 (42%)  receiver

iperf Done.
