Connecting to host 10.136.80.173, port 5201
[  5] local 10.136.173.123 port 59910 connected to 10.136.80.173 port 5201
[ ID] Interval           Transfer     Bitrate         Total Datagrams
[  5]   0.00-1.00   sec  76.7 MBytes   644 Mbits/sec  68290  (omitted)
[  5]   0.00-1.00   sec  76.4 MBytes   641 Mbits/sec  68050  
[  5]   1.00-2.00   sec  76.4 MBytes   641 Mbits/sec  68010  
[  5]   2.00-3.00   sec  68.8 MBytes   577 Mbits/sec  61270  
[  5]   3.00-4.00   sec  71.6 MBytes   601 Mbits/sec  63720  
[  5]   4.00-5.00   sec  71.5 MBytes   600 Mbits/sec  63620  
[  5]   5.00-6.00   sec  76.8 MBytes   644 Mbits/sec  68340  
[  5]   6.00-7.00   sec  75.9 MBytes   637 Mbits/sec  67600  
[  5]   7.00-8.00   sec  70.8 MBytes   594 Mbits/sec  63020  
[  5]   8.00-9.00   sec  80.1 MBytes   672 Mbits/sec  71310  
[  5]   9.00-10.00  sec  79.1 MBytes   664 Mbits/sec  70410  
[  5]  10.00-11.00  sec  75.3 MBytes   632 Mbits/sec  67010  
[  5]  11.00-12.00  sec  76.8 MBytes   644 Mbits/sec  68370  
[  5]  12.00-13.00  sec  75.3 MBytes   632 Mbits/sec  67070  
[  5]  13.00-14.00  sec  75.4 MBytes   632 Mbits/sec  67080  
[  5]  14.00-15.00  sec  70.4 MBytes   590 Mbits/sec  62630  
[  5]  15.00-16.00  sec  73.5 MBytes   616 Mbits/sec  65410  
[  5]  16.00-17.00  sec  75.2 MBytes   631 Mbits/sec  66960  
[  5]  17.00-18.00  sec  77.7 MBytes   652 Mbits/sec  69160  
[  5]  18.00-19.00  sec  76.5 MBytes   642 Mbits/sec  68080  
[  5]  19.00-20.00  sec  69.1 MBytes   580 Mbits/sec  61500  
[  5]  20.00-21.00  sec  75.0 MBytes   629 Mbits/sec  66770  
[  5]  21.00-22.00  sec  75.9 MBytes   637 Mbits/sec  67560  
[  5]  22.00-23.00  sec  68.5 MBytes   574 Mbits/sec  60940  
[  5]  23.00-24.00  sec  75.0 MBytes   629 Mbits/sec  66720  
[  5]  24.00-25.00  sec  70.5 MBytes   592 Mbits/sec  62790  
[  5]  25.00-26.00  sec  76.0 MBytes   637 Mbits/sec  67640  
[  5]  26.00-27.00  sec  77.2 MBytes   647 Mbits/sec  68690  
[  5]  27.00-28.00  sec  74.1 MBytes   621 Mbits/sec  65940  
[  5]  28.00-29.00  sec  77.5 MBytes   650 Mbits/sec  68950  
[  5]  29.00-30.00  sec  77.2 MBytes   648 Mbits/sec  68750  
[  5]  30.00-31.00  sec  77.8 MBytes   652 Mbits/sec  69210  
[  5]  31.00-32.00  sec  75.5 MBytes   633 Mbits/sec  67210  
[  5]  32.00-33.00  sec  76.4 MBytes   641 Mbits/sec  68030  
[  5]  33.00-34.00  sec  72.7 MBytes   610 Mbits/sec  64740  
[  5]  34.00-35.00  sec  76.6 MBytes   642 Mbits/sec  68160  
[  5]  35.00-36.00  sec  76.1 MBytes   638 Mbits/sec  67710  
[  5]  36.00-37.00  sec  76.4 MBytes   641 Mbits/sec  68020  
[  5]  37.00-38.00  sec  65.3 MBytes   548 Mbits/sec  58160  
[  5]  38.00-39.00  sec  76.2 MBytes   639 Mbits/sec  67820  
[  5]  39.00-40.00  sec  73.8 MBytes   619 Mbits/sec  65680  
[  5]  40.00-41.00  sec  73.7 MBytes   618 Mbits/sec  65610  
[  5]  41.00-42.00  sec  76.7 MBytes   643 Mbits/sec  68230  
[  5]  42.00-43.00  sec  74.2 MBytes   622 Mbits/sec  66010  
[  5]  43.00-44.00  sec  70.5 MBytes   591 Mbits/sec  62750  
[  5]  44.00-45.00  sec  76.4 MBytes   641 Mbits/sec  68040  
[  5]  45.00-46.00  sec  77.7 MBytes   652 Mbits/sec  69150  
[  5]  46.00-47.00  sec  78.0 MBytes   654 Mbits/sec  69390  
[  5]  47.00-48.00  sec  77.0 MBytes   646 Mbits/sec  68570  
[  5]  48.00-49.00  sec  75.7 MBytes   635 Mbits/sec  67410  
[  5]  49.00-50.00  sec  76.7 MBytes   644 Mbits/sec  68290  
[  5]  50.00-51.00  sec  77.1 MBytes   647 Mbits/sec  68660  
[  5]  51.00-52.00  sec  78.5 MBytes   659 Mbits/sec  69900  
[  5]  52.00-53.00  sec  77.3 MBytes   649 Mbits/sec  68820  
[  5]  53.00-54.00  sec  78.0 MBytes   654 Mbits/sec  69390  
[  5]  54.00-55.00  sec  76.6 MBytes   643 Mbits/sec  68200  
[  5]  55.00-56.00  sec  74.7 MBytes   627 Mbits/sec  66500  
[  5]  56.00-57.00  sec  77.0 MBytes   646 Mbits/sec  68560  
[  5]  57.00-58.00  sec  74.9 MBytes   629 Mbits/sec  66700  
[  5]  58.00-59.00  sec  70.9 MBytes   595 Mbits/sec  63120  
[  5]  59.00-60.00  sec  76.2 MBytes   640 Mbits/sec  67870  
- - - - - - - - - - - - - - - - - - - - - - - - -
[ ID] Interval           Transfer     Bitrate         Jitter    Lost/Total Datagrams
[  5]   0.00-60.00  sec  4.40 GBytes   630 Mbits/sec  0.000 ms  0/4009280 (0%)  sender
[  5]   0.00-60.70  sec   611 MBytes  84.4 Mbits/sec  0.027 ms  3507833/3983587 (88%)  receiver

iperf Done.
