Connecting to host knb-server-139795, port 5201
[  5] local 10.136.173.103 port 58432 connected to 10.43.226.121 port 5201
[ ID] Interval           Transfer     Bitrate         Total Datagrams
[  5]   0.00-1.00   sec  78.6 MBytes   660 Mbits/sec  69990  (omitted)
[  5]   0.00-1.00   sec  79.5 MBytes   667 Mbits/sec  70780  
[  5]   1.00-2.00   sec  80.1 MBytes   672 Mbits/sec  71300  
[  5]   2.00-3.00   sec  80.2 MBytes   673 Mbits/sec  71370  
[  5]   3.00-4.00   sec  79.7 MBytes   669 Mbits/sec  70970  
[  5]   4.00-5.00   sec  79.8 MBytes   669 Mbits/sec  71000  
[  5]   5.00-6.00   sec  78.0 MBytes   654 Mbits/sec  69430  
[  5]   6.00-7.00   sec  79.1 MBytes   663 Mbits/sec  70390  
[  5]   7.00-8.00   sec  79.2 MBytes   664 Mbits/sec  70460  
[  5]   8.00-9.00   sec  79.5 MBytes   667 Mbits/sec  70780  
[  5]   9.00-10.00  sec  79.9 MBytes   670 Mbits/sec  71150  
[  5]  10.00-11.00  sec  79.1 MBytes   663 Mbits/sec  70380  
[  5]  11.00-12.00  sec  79.5 MBytes   667 Mbits/sec  70770  
[  5]  12.00-13.00  sec  79.5 MBytes   667 Mbits/sec  70800  
[  5]  13.00-14.00  sec  79.4 MBytes   666 Mbits/sec  70670  
[  5]  14.00-15.00  sec  79.8 MBytes   670 Mbits/sec  71040  
[  5]  15.00-16.00  sec  79.5 MBytes   667 Mbits/sec  70790  
[  5]  16.00-17.00  sec  79.7 MBytes   668 Mbits/sec  70930  
[  5]  17.00-18.00  sec  79.9 MBytes   670 Mbits/sec  71150  
[  5]  18.00-19.00  sec  79.9 MBytes   670 Mbits/sec  71090  
[  5]  19.00-20.00  sec  79.3 MBytes   665 Mbits/sec  70570  
[  5]  20.00-21.00  sec  79.3 MBytes   665 Mbits/sec  70610  
[  5]  21.00-22.00  sec  79.2 MBytes   665 Mbits/sec  70540  
[  5]  22.00-23.00  sec  79.5 MBytes   667 Mbits/sec  70750  
[  5]  23.00-24.00  sec  78.8 MBytes   661 Mbits/sec  70180  
[  5]  24.00-25.00  sec  79.2 MBytes   664 Mbits/sec  70470  
[  5]  25.00-26.00  sec  79.1 MBytes   663 Mbits/sec  70390  
[  5]  26.00-27.00  sec  79.0 MBytes   662 Mbits/sec  70290  
[  5]  27.00-28.00  sec  73.0 MBytes   612 Mbits/sec  64940  
[  5]  28.00-29.00  sec  64.6 MBytes   542 Mbits/sec  57460  
[  5]  29.00-30.00  sec  62.5 MBytes   524 Mbits/sec  55620  
[  5]  30.00-31.00  sec  61.1 MBytes   512 Mbits/sec  54370  
[  5]  31.00-32.00  sec  61.0 MBytes   512 Mbits/sec  54310  
[  5]  32.00-33.00  sec  61.6 MBytes   517 Mbits/sec  54820  
[  5]  33.00-34.00  sec  62.9 MBytes   528 Mbits/sec  56030  
[  5]  34.00-35.00  sec  81.1 MBytes   680 Mbits/sec  72150  
[  5]  35.00-36.00  sec  80.0 MBytes   671 Mbits/sec  71250  
[  5]  36.00-37.00  sec  78.4 MBytes   658 Mbits/sec  69780  
[  5]  37.00-38.00  sec  79.4 MBytes   666 Mbits/sec  70640  
[  5]  38.00-39.00  sec  79.2 MBytes   665 Mbits/sec  70540  
[  5]  39.00-40.00  sec  77.9 MBytes   654 Mbits/sec  69370  
[  5]  40.00-41.00  sec  79.1 MBytes   663 Mbits/sec  70380  
[  5]  41.00-42.00  sec  77.7 MBytes   652 Mbits/sec  69140  
[  5]  42.00-43.00  sec  64.5 MBytes   541 Mbits/sec  57420  
[  5]  43.00-44.00  sec  63.1 MBytes   529 Mbits/sec  56160  
[  5]  44.00-45.00  sec  62.2 MBytes   522 Mbits/sec  55340  
[  5]  45.00-46.00  sec  61.6 MBytes   517 Mbits/sec  54830  
[  5]  46.00-47.00  sec  61.8 MBytes   518 Mbits/sec  55010  
[  5]  47.00-48.00  sec  63.6 MBytes   534 Mbits/sec  56630  
[  5]  48.00-49.00  sec  65.1 MBytes   546 Mbits/sec  57950  
[  5]  49.00-50.00  sec  62.2 MBytes   522 Mbits/sec  55390  
[  5]  50.00-51.00  sec  62.2 MBytes   521 Mbits/sec  55330  
[  5]  51.00-52.00  sec  65.4 MBytes   549 Mbits/sec  58250  
[  5]  52.00-53.00  sec  79.5 MBytes   667 Mbits/sec  70760  
[  5]  53.00-54.00  sec  78.9 MBytes   662 Mbits/sec  70260  
[  5]  54.00-55.00  sec  79.7 MBytes   669 Mbits/sec  70950  
[  5]  55.00-56.00  sec  79.4 MBytes   666 Mbits/sec  70680  
[  5]  56.00-57.00  sec  79.1 MBytes   664 Mbits/sec  70430  
[  5]  57.00-58.00  sec  78.8 MBytes   661 Mbits/sec  70140  
[  5]  58.00-59.00  sec  79.7 MBytes   668 Mbits/sec  70910  
[  5]  59.00-60.00  sec  76.4 MBytes   641 Mbits/sec  68010  
- - - - - - - - - - - - - - - - - - - - - - - - -
[ ID] Interval           Transfer     Bitrate         Jitter    Lost/Total Datagrams
[  5]   0.00-60.00  sec  4.38 GBytes   627 Mbits/sec  0.000 ms  0/3994300 (0%)  sender
[  5]   0.00-60.04  sec  4.38 GBytes   627 Mbits/sec  0.011 ms  1923/3994300 (0.048%)  receiver

iperf Done.
