Connecting to host 10.136.80.163, port 5201
[  5] local 10.136.173.98 port 47554 connected to 10.136.80.163 port 5201
[ ID] Interval           Transfer     Bitrate         Total Datagrams
[  5]   0.00-1.00   sec  64.5 MBytes   541 Mbits/sec  57440  (omitted)
[  5]   0.00-1.00   sec  57.3 MBytes   480 Mbits/sec  50970  
[  5]   1.00-2.00   sec  59.4 MBytes   499 Mbits/sec  52900  
[  5]   2.00-3.00   sec  56.2 MBytes   472 Mbits/sec  50060  
[  5]   3.00-4.00   sec  55.9 MBytes   469 Mbits/sec  49770  
[  5]   4.00-5.00   sec  56.8 MBytes   477 Mbits/sec  50600  
[  5]   5.00-6.00   sec  57.5 MBytes   482 Mbits/sec  51180  
[  5]   6.00-7.00   sec  56.7 MBytes   475 Mbits/sec  50430  
[  5]   7.00-8.00   sec  41.6 MBytes   349 Mbits/sec  37030  
[  5]   8.00-9.00   sec  51.1 MBytes   429 Mbits/sec  45490  
[  5]   9.00-10.00  sec  59.2 MBytes   496 Mbits/sec  52680  
[  5]  10.00-11.00  sec  56.3 MBytes   472 Mbits/sec  50120  
[  5]  11.00-12.00  sec  56.3 MBytes   472 Mbits/sec  50130  
[  5]  12.00-13.00  sec  56.2 MBytes   472 Mbits/sec  50040  
[  5]  13.00-14.00  sec  52.1 MBytes   437 Mbits/sec  46390  
[  5]  14.00-15.00  sec  55.1 MBytes   462 Mbits/sec  49070  
[  5]  15.00-16.00  sec  52.3 MBytes   439 Mbits/sec  46570  
[  5]  16.00-17.00  sec  53.7 MBytes   450 Mbits/sec  47780  
[  5]  17.00-18.00  sec  50.7 MBytes   425 Mbits/sec  45120  
[  5]  18.00-19.00  sec  46.3 MBytes   389 Mbits/sec  41230  
[  5]  19.00-20.00  sec  61.6 MBytes   516 Mbits/sec  54790  
[  5]  20.00-21.00  sec  46.0 MBytes   386 Mbits/sec  40980  
[  5]  21.00-22.00  sec  58.2 MBytes   488 Mbits/sec  51790  
[  5]  22.00-23.00  sec  57.6 MBytes   483 Mbits/sec  51270  
[  5]  23.00-24.00  sec  61.1 MBytes   513 Mbits/sec  54390  
[  5]  24.00-25.00  sec  52.0 MBytes   436 Mbits/sec  46260  
[  5]  25.00-26.00  sec  55.9 MBytes   469 Mbits/sec  49800  
[  5]  26.00-27.00  sec  58.6 MBytes   491 Mbits/sec  52120  
[  5]  27.00-28.00  sec  56.6 MBytes   474 Mbits/sec  50340  
[  5]  28.00-29.00  sec  52.2 MBytes   438 Mbits/sec  46490  
[  5]  29.00-30.00  sec  56.7 MBytes   476 Mbits/sec  50460  
[  5]  30.00-31.00  sec  55.9 MBytes   469 Mbits/sec  49730  
[  5]  31.00-32.00  sec  54.1 MBytes   454 Mbits/sec  48150  
[  5]  32.00-33.00  sec  62.5 MBytes   524 Mbits/sec  55630  
[  5]  33.00-34.00  sec  55.5 MBytes   465 Mbits/sec  49380  
[  5]  34.00-35.00  sec  58.6 MBytes   491 Mbits/sec  52130  
[  5]  35.00-36.00  sec  59.8 MBytes   502 Mbits/sec  53240  
[  5]  36.00-37.00  sec  54.7 MBytes   459 Mbits/sec  48650  
[  5]  37.00-38.00  sec  60.5 MBytes   508 Mbits/sec  53860  
[  5]  38.00-39.00  sec  59.1 MBytes   496 Mbits/sec  52590  
[  5]  39.00-40.00  sec  53.9 MBytes   452 Mbits/sec  47970  
[  5]  40.00-41.00  sec  55.4 MBytes   465 Mbits/sec  49350  
[  5]  41.00-42.00  sec  55.4 MBytes   465 Mbits/sec  49330  
[  5]  42.00-43.00  sec  51.0 MBytes   428 Mbits/sec  45430  
[  5]  43.00-44.00  sec  53.1 MBytes   446 Mbits/sec  47280  
[  5]  44.00-45.00  sec  52.4 MBytes   440 Mbits/sec  46670  
[  5]  45.00-46.00  sec  54.8 MBytes   459 Mbits/sec  48740  
[  5]  46.00-47.00  sec  63.9 MBytes   536 Mbits/sec  56900  
[  5]  47.00-48.00  sec  53.1 MBytes   446 Mbits/sec  47300  
[  5]  48.00-49.00  sec  57.3 MBytes   481 Mbits/sec  51000  
[  5]  49.00-50.00  sec  55.4 MBytes   465 Mbits/sec  49320  
[  5]  50.00-51.00  sec  55.3 MBytes   464 Mbits/sec  49220  
[  5]  51.00-52.00  sec  61.5 MBytes   516 Mbits/sec  54740  
[  5]  52.00-53.00  sec  61.0 MBytes   512 Mbits/sec  54320  
[  5]  53.00-54.00  sec  57.1 MBytes   479 Mbits/sec  50790  
[  5]  54.00-55.00  sec  53.0 MBytes   445 Mbits/sec  47200  
[  5]  55.00-56.00  sec  56.8 MBytes   476 Mbits/sec  50530  
[  5]  56.00-57.00  sec  53.7 MBytes   450 Mbits/sec  47770  
[  5]  57.00-58.00  sec  56.5 MBytes   474 Mbits/sec  50250  
[  5]  58.00-59.00  sec  56.2 MBytes   471 Mbits/sec  50010  
[  5]  59.00-60.00  sec  65.9 MBytes   553 Mbits/sec  58690  
- - - - - - - - - - - - - - - - - - - - - - - - -
[ ID] Interval           Transfer     Bitrate         Jitter    Lost/Total Datagrams
[  5]   0.00-60.00  sec  3.27 GBytes   468 Mbits/sec  0.000 ms  0/2982420 (0%)  sender
[  5]   0.00-60.05  sec  2.00 GBytes   287 Mbits/sec  0.026 ms  1184427/2982420 (40%)  receiver

iperf Done.
