Connecting to host 10.136.80.151, port 5201
[  5] local 10.136.173.96 port 37567 connected to 10.136.80.151 port 5201
[ ID] Interval           Transfer     Bitrate         Total Datagrams
[  5]   0.00-1.00   sec  65.0 MBytes   546 Mbits/sec  57900  (omitted)
[  5]   0.00-1.00   sec  70.8 MBytes   594 Mbits/sec  63050  
[  5]   1.00-2.00   sec  72.3 MBytes   607 Mbits/sec  64390  
[  5]   2.00-3.00   sec  69.2 MBytes   580 Mbits/sec  61560  
[  5]   3.00-4.00   sec  61.2 MBytes   514 Mbits/sec  54510  
[  5]   4.00-5.00   sec  76.5 MBytes   642 Mbits/sec  68100  
[  5]   5.00-6.00   sec  72.8 MBytes   610 Mbits/sec  64780  
[  5]   6.00-7.00   sec  73.3 MBytes   615 Mbits/sec  65230  
[  5]   7.00-8.00   sec  72.5 MBytes   608 Mbits/sec  64510  
[  5]   8.00-9.00   sec  75.2 MBytes   631 Mbits/sec  66970  
[  5]   9.00-10.00  sec  73.5 MBytes   616 Mbits/sec  65410  
[  5]  10.00-11.00  sec  73.7 MBytes   618 Mbits/sec  65610  
[  5]  11.00-12.00  sec  72.4 MBytes   608 Mbits/sec  64470  
[  5]  12.00-13.00  sec  72.4 MBytes   608 Mbits/sec  64490  
[  5]  13.00-14.00  sec  71.8 MBytes   602 Mbits/sec  63870  
[  5]  14.00-15.00  sec  72.7 MBytes   610 Mbits/sec  64700  
[  5]  15.00-16.00  sec  73.5 MBytes   617 Mbits/sec  65460  
[  5]  16.00-17.00  sec  72.3 MBytes   607 Mbits/sec  64400  
[  5]  17.00-18.00  sec  71.3 MBytes   598 Mbits/sec  63490  
[  5]  18.00-19.00  sec  70.4 MBytes   591 Mbits/sec  62700  
[  5]  19.00-20.00  sec  70.8 MBytes   594 Mbits/sec  63040  
[  5]  20.00-21.00  sec  66.1 MBytes   555 Mbits/sec  58860  
[  5]  21.00-22.00  sec  73.1 MBytes   614 Mbits/sec  65110  
[  5]  22.00-23.00  sec  73.3 MBytes   615 Mbits/sec  65240  
[  5]  23.00-24.00  sec  68.0 MBytes   570 Mbits/sec  60510  
[  5]  24.00-25.00  sec  74.1 MBytes   622 Mbits/sec  65960  
[  5]  25.00-26.00  sec  72.6 MBytes   609 Mbits/sec  64600  
[  5]  26.00-27.00  sec  64.3 MBytes   539 Mbits/sec  57200  
[  5]  27.00-28.00  sec  65.1 MBytes   546 Mbits/sec  57910  
[  5]  28.00-29.00  sec  71.8 MBytes   602 Mbits/sec  63880  
[  5]  29.00-30.00  sec  59.4 MBytes   498 Mbits/sec  52870  
[  5]  30.00-31.00  sec  73.9 MBytes   620 Mbits/sec  65800  
[  5]  31.00-32.00  sec  74.1 MBytes   621 Mbits/sec  65920  
[  5]  32.00-33.00  sec  72.8 MBytes   611 Mbits/sec  64840  
[  5]  33.00-34.00  sec  70.8 MBytes   594 Mbits/sec  63000  
[  5]  34.00-35.00  sec  66.6 MBytes   559 Mbits/sec  59310  
[  5]  35.00-36.00  sec  75.1 MBytes   630 Mbits/sec  66830  
[  5]  36.00-37.00  sec  62.5 MBytes   524 Mbits/sec  55620  
[  5]  37.00-38.00  sec  71.4 MBytes   599 Mbits/sec  63540  
[  5]  38.00-39.00  sec  71.5 MBytes   599 Mbits/sec  63600  
[  5]  39.00-40.00  sec  73.2 MBytes   614 Mbits/sec  65130  
[  5]  40.00-41.00  sec  73.4 MBytes   616 Mbits/sec  65330  
[  5]  41.00-42.00  sec  72.4 MBytes   607 Mbits/sec  64430  
[  5]  42.00-43.00  sec  69.6 MBytes   584 Mbits/sec  61970  
[  5]  43.00-44.00  sec  71.3 MBytes   598 Mbits/sec  63460  
[  5]  44.00-45.00  sec  67.9 MBytes   569 Mbits/sec  60410  
[  5]  45.00-46.00  sec  71.9 MBytes   603 Mbits/sec  63960  
[  5]  46.00-47.00  sec  73.2 MBytes   614 Mbits/sec  65120  
[  5]  47.00-48.00  sec  73.1 MBytes   613 Mbits/sec  65050  
[  5]  48.00-49.00  sec  73.7 MBytes   618 Mbits/sec  65610  
[  5]  49.00-50.00  sec  74.4 MBytes   624 Mbits/sec  66230  
[  5]  50.00-51.00  sec  72.9 MBytes   612 Mbits/sec  64900  
[  5]  51.00-52.00  sec  74.6 MBytes   626 Mbits/sec  66370  
[  5]  52.00-53.00  sec  73.6 MBytes   617 Mbits/sec  65490  
[  5]  53.00-54.00  sec  69.0 MBytes   579 Mbits/sec  61390  
[  5]  54.00-55.00  sec  62.5 MBytes   525 Mbits/sec  55670  
[  5]  55.00-56.00  sec  67.5 MBytes   567 Mbits/sec  60120  
[  5]  56.00-57.00  sec  72.0 MBytes   604 Mbits/sec  64100  
[  5]  57.00-58.00  sec  69.7 MBytes   585 Mbits/sec  62040  
[  5]  58.00-59.00  sec  70.8 MBytes   594 Mbits/sec  63000  
[  5]  59.00-60.00  sec  69.2 MBytes   581 Mbits/sec  61600  
- - - - - - - - - - - - - - - - - - - - - - - - -
[ ID] Interval           Transfer     Bitrate         Jitter    Lost/Total Datagrams
[  5]   0.00-60.00  sec  4.16 GBytes   596 Mbits/sec  0.000 ms  0/3792720 (0%)  sender
[  5]   0.00-60.88  sec   596 MBytes  82.1 Mbits/sec  0.035 ms  3311399/3788543 (87%)  receiver

iperf Done.
