Connecting to host 10.136.80.144, port 5201
[  5] local 10.136.173.80 port 40609 connected to 10.136.80.144 port 5201
[ ID] Interval           Transfer     Bitrate         Total Datagrams
[  5]   0.00-1.00   sec  52.4 MBytes   439 Mbits/sec  46630  (omitted)
[  5]   0.00-1.00   sec  53.7 MBytes   451 Mbits/sec  47820  
[  5]   1.00-2.00   sec  54.9 MBytes   460 Mbits/sec  48860  
[  5]   2.00-3.00   sec  57.2 MBytes   480 Mbits/sec  50890  
[  5]   3.00-4.00   sec  59.9 MBytes   502 Mbits/sec  53310  
[  5]   4.00-5.00   sec  57.8 MBytes   485 Mbits/sec  51490  
[  5]   5.00-6.00   sec  50.2 MBytes   421 Mbits/sec  44670  
[  5]   6.00-7.00   sec  57.9 MBytes   486 Mbits/sec  51540  
[  5]   7.00-8.00   sec  56.3 MBytes   472 Mbits/sec  50140  
[  5]   8.00-9.00   sec  53.2 MBytes   446 Mbits/sec  47360  
[  5]   9.00-10.00  sec  54.1 MBytes   454 Mbits/sec  48180  
[  5]  10.00-11.00  sec  59.0 MBytes   495 Mbits/sec  52500  
[  5]  11.00-12.00  sec  52.0 MBytes   436 Mbits/sec  46310  
[  5]  12.00-13.00  sec  57.9 MBytes   485 Mbits/sec  51500  
[  5]  13.00-14.00  sec  55.4 MBytes   464 Mbits/sec  49270  
[  5]  14.00-15.00  sec  54.7 MBytes   459 Mbits/sec  48680  
[  5]  15.00-16.00  sec  52.1 MBytes   437 Mbits/sec  46400  
[  5]  16.00-17.00  sec  55.7 MBytes   467 Mbits/sec  49540  
[  5]  17.00-18.00  sec  55.1 MBytes   462 Mbits/sec  49030  
[  5]  18.00-19.00  sec  58.2 MBytes   488 Mbits/sec  51810  
[  5]  19.00-20.00  sec  55.6 MBytes   466 Mbits/sec  49460  
[  5]  20.00-21.00  sec  46.7 MBytes   392 Mbits/sec  41570  
[  5]  21.00-22.00  sec  56.5 MBytes   474 Mbits/sec  50300  
[  5]  22.00-23.00  sec  58.3 MBytes   489 Mbits/sec  51910  
[  5]  23.00-24.00  sec  64.9 MBytes   545 Mbits/sec  57800  
[  5]  24.00-25.00  sec  59.2 MBytes   496 Mbits/sec  52670  
[  5]  25.00-26.00  sec  55.7 MBytes   468 Mbits/sec  49610  
[  5]  26.00-27.00  sec  45.4 MBytes   381 Mbits/sec  40410  
[  5]  27.00-28.00  sec  51.0 MBytes   428 Mbits/sec  45370  
[  5]  28.00-29.00  sec  42.8 MBytes   359 Mbits/sec  38080  
[  5]  29.00-30.00  sec  44.6 MBytes   374 Mbits/sec  39660  
[  5]  30.00-31.00  sec  43.4 MBytes   364 Mbits/sec  38650  
[  5]  31.00-32.00  sec  43.6 MBytes   365 Mbits/sec  38770  
[  5]  32.00-33.00  sec  51.9 MBytes   435 Mbits/sec  46170  
[  5]  33.00-34.00  sec  44.7 MBytes   375 Mbits/sec  39820  
[  5]  34.00-35.00  sec  46.7 MBytes   392 Mbits/sec  41600  
[  5]  35.00-36.00  sec  56.3 MBytes   472 Mbits/sec  50110  
[  5]  36.00-37.00  sec  54.4 MBytes   456 Mbits/sec  48440  
[  5]  37.00-38.00  sec  58.1 MBytes   488 Mbits/sec  51730  
[  5]  38.00-39.00  sec  46.7 MBytes   392 Mbits/sec  41600  
[  5]  39.00-40.00  sec  58.0 MBytes   487 Mbits/sec  51670  
[  5]  40.00-41.00  sec  49.7 MBytes   417 Mbits/sec  44280  
[  5]  41.00-42.00  sec  59.6 MBytes   500 Mbits/sec  53080  
[  5]  42.00-43.00  sec  57.0 MBytes   478 Mbits/sec  50730  
[  5]  43.00-44.00  sec  55.6 MBytes   467 Mbits/sec  49520  
[  5]  44.00-45.00  sec  60.2 MBytes   505 Mbits/sec  53570  
[  5]  45.00-46.00  sec  59.4 MBytes   498 Mbits/sec  52860  
[  5]  46.00-47.00  sec  58.1 MBytes   487 Mbits/sec  51680  
[  5]  47.00-48.00  sec  54.6 MBytes   458 Mbits/sec  48560  
[  5]  48.00-49.00  sec  58.2 MBytes   488 Mbits/sec  51790  
[  5]  49.00-50.00  sec  50.2 MBytes   421 Mbits/sec  44650  
[  5]  50.00-51.00  sec  59.1 MBytes   496 Mbits/sec  52610  
[  5]  51.00-52.00  sec  57.0 MBytes   478 Mbits/sec  50700  
[  5]  52.00-53.00  sec  57.0 MBytes   478 Mbits/sec  50730  
[  5]  53.00-54.00  sec  60.2 MBytes   505 Mbits/sec  53570  
[  5]  54.00-55.00  sec  52.6 MBytes   442 Mbits/sec  46860  
[  5]  55.00-56.00  sec  47.9 MBytes   402 Mbits/sec  42630  
[  5]  56.00-57.00  sec  56.0 MBytes   470 Mbits/sec  49870  
[  5]  57.00-58.00  sec  59.9 MBytes   503 Mbits/sec  53330  
[  5]  58.00-59.00  sec  59.3 MBytes   497 Mbits/sec  52780  
[  5]  59.00-60.00  sec  51.7 MBytes   434 Mbits/sec  46030  
- - - - - - - - - - - - - - - - - - - - - - - - -
[ ID] Interval           Transfer     Bitrate         Jitter    Lost/Total Datagrams
[  5]   0.00-60.00  sec  3.19 GBytes   456 Mbits/sec  0.000 ms  0/2904530 (0%)  sender
[  5]   0.00-60.05  sec  2.01 GBytes   288 Mbits/sec  0.023 ms  1085995/2904529 (37%)  receiver

iperf Done.
