Connecting to host 10.136.80.144, port 5201
[  5] local 10.136.173.77 port 33797 connected to 10.136.80.144 port 5201
[ ID] Interval           Transfer     Bitrate         Total Datagrams
[  5]   0.00-1.00   sec  69.3 MBytes   581 Mbits/sec  61690  (omitted)
[  5]   0.00-1.00   sec  57.0 MBytes   478 Mbits/sec  50710  
[  5]   1.00-2.00   sec  54.4 MBytes   457 Mbits/sec  48450  
[  5]   2.00-3.00   sec  70.9 MBytes   595 Mbits/sec  63100  
[  5]   3.00-4.00   sec  68.5 MBytes   574 Mbits/sec  60940  
[  5]   4.00-5.00   sec  71.8 MBytes   603 Mbits/sec  63950  
[  5]   5.00-6.00   sec  67.2 MBytes   564 Mbits/sec  59800  
[  5]   6.00-7.00   sec  72.6 MBytes   609 Mbits/sec  64640  
[  5]   7.00-8.00   sec  71.6 MBytes   601 Mbits/sec  63730  
[  5]   8.00-9.00   sec  73.2 MBytes   614 Mbits/sec  65130  
[  5]   9.00-10.00  sec  74.4 MBytes   624 Mbits/sec  66190  
[  5]  10.00-11.00  sec  74.7 MBytes   627 Mbits/sec  66500  
[  5]  11.00-12.00  sec  70.1 MBytes   588 Mbits/sec  62390  
[  5]  12.00-13.00  sec  73.6 MBytes   618 Mbits/sec  65540  
[  5]  13.00-14.00  sec  69.4 MBytes   582 Mbits/sec  61760  
[  5]  14.00-15.00  sec  72.3 MBytes   607 Mbits/sec  64360  
[  5]  15.00-16.00  sec  72.8 MBytes   610 Mbits/sec  64760  
[  5]  16.00-17.00  sec  74.2 MBytes   623 Mbits/sec  66050  
[  5]  17.00-18.00  sec  73.6 MBytes   617 Mbits/sec  65500  
[  5]  18.00-19.00  sec  72.8 MBytes   611 Mbits/sec  64780  
[  5]  19.00-20.00  sec  67.6 MBytes   567 Mbits/sec  60130  
[  5]  20.00-21.00  sec  63.3 MBytes   531 Mbits/sec  56320  
[  5]  21.00-22.00  sec  72.1 MBytes   605 Mbits/sec  64150  
[  5]  22.00-23.00  sec  72.5 MBytes   608 Mbits/sec  64500  
[  5]  23.00-24.00  sec  71.8 MBytes   602 Mbits/sec  63890  
[  5]  24.00-25.00  sec  72.4 MBytes   608 Mbits/sec  64470  
[  5]  25.00-26.00  sec  72.7 MBytes   610 Mbits/sec  64680  
[  5]  26.00-27.00  sec  59.0 MBytes   495 Mbits/sec  52510  
[  5]  27.00-28.00  sec  64.7 MBytes   543 Mbits/sec  57610  
[  5]  28.00-29.00  sec  54.5 MBytes   457 Mbits/sec  48500  
[  5]  29.00-30.00  sec  53.5 MBytes   449 Mbits/sec  47640  
[  5]  30.00-31.00  sec  53.3 MBytes   447 Mbits/sec  47430  
[  5]  31.00-32.00  sec  54.6 MBytes   458 Mbits/sec  48590  
[  5]  32.00-33.00  sec  52.6 MBytes   442 Mbits/sec  46860  
[  5]  33.00-34.00  sec  76.4 MBytes   641 Mbits/sec  68000  
[  5]  34.00-35.00  sec  74.4 MBytes   624 Mbits/sec  66200  
[  5]  35.00-36.00  sec  75.2 MBytes   631 Mbits/sec  66960  
[  5]  36.00-37.00  sec  73.4 MBytes   615 Mbits/sec  65310  
[  5]  37.00-38.00  sec  77.8 MBytes   652 Mbits/sec  69220  
[  5]  38.00-39.00  sec  75.4 MBytes   632 Mbits/sec  67090  
[  5]  39.00-40.00  sec  73.7 MBytes   618 Mbits/sec  65560  
[  5]  40.00-41.00  sec  72.8 MBytes   611 Mbits/sec  64830  
[  5]  41.00-42.00  sec  56.9 MBytes   477 Mbits/sec  50620  
[  5]  42.00-43.00  sec  71.1 MBytes   596 Mbits/sec  63270  
[  5]  43.00-44.00  sec  58.0 MBytes   487 Mbits/sec  51640  
[  5]  44.00-45.00  sec  55.2 MBytes   463 Mbits/sec  49170  
[  5]  45.00-46.00  sec  63.5 MBytes   533 Mbits/sec  56510  
[  5]  46.00-47.00  sec  62.8 MBytes   527 Mbits/sec  55900  
[  5]  47.00-48.00  sec  70.3 MBytes   590 Mbits/sec  62580  
[  5]  48.00-49.00  sec  73.4 MBytes   616 Mbits/sec  65330  
[  5]  49.00-50.00  sec  73.8 MBytes   619 Mbits/sec  65690  
[  5]  50.00-51.00  sec  72.9 MBytes   612 Mbits/sec  64890  
[  5]  51.00-52.00  sec  61.9 MBytes   519 Mbits/sec  55110  
[  5]  52.00-53.00  sec  71.1 MBytes   596 Mbits/sec  63260  
[  5]  53.00-54.00  sec  75.5 MBytes   633 Mbits/sec  67170  
[  5]  54.00-55.00  sec  72.0 MBytes   604 Mbits/sec  64060  
[  5]  55.00-56.00  sec  75.2 MBytes   631 Mbits/sec  66920  
[  5]  56.00-57.00  sec  74.1 MBytes   621 Mbits/sec  65920  
[  5]  57.00-58.00  sec  73.4 MBytes   616 Mbits/sec  65340  
[  5]  58.00-59.00  sec  75.3 MBytes   631 Mbits/sec  67010  
[  5]  59.00-60.00  sec  73.4 MBytes   616 Mbits/sec  65320  
- - - - - - - - - - - - - - - - - - - - - - - - -
[ ID] Interval           Transfer     Bitrate         Jitter    Lost/Total Datagrams
[  5]   0.00-60.00  sec  4.03 GBytes   577 Mbits/sec  0.000 ms  0/3674440 (0%)  sender
[  5]   0.00-60.27  sec  1.79 GBytes   255 Mbits/sec  0.536 ms  2083826/3668441 (57%)  receiver

iperf Done.
