Connecting to host 10.136.80.162, port 5201
[  5] local 10.136.173.100 port 41237 connected to 10.136.80.162 port 5201
[ ID] Interval           Transfer     Bitrate         Total Datagrams
[  5]   0.00-1.00   sec  80.7 MBytes   677 Mbits/sec  71810  (omitted)
[  5]   0.00-1.00   sec  82.2 MBytes   689 Mbits/sec  73160  
[  5]   1.00-2.00   sec  65.8 MBytes   552 Mbits/sec  58530  
[  5]   2.00-3.00   sec  59.6 MBytes   500 Mbits/sec  53020  
[  5]   3.00-4.00   sec  59.9 MBytes   503 Mbits/sec  53340  
[  5]   4.00-5.00   sec  60.8 MBytes   510 Mbits/sec  54130  
[  5]   5.00-6.00   sec  59.6 MBytes   500 Mbits/sec  53020  
[  5]   6.00-7.00   sec  73.6 MBytes   618 Mbits/sec  65550  
[  5]   7.00-8.00   sec  81.3 MBytes   682 Mbits/sec  72400  
[  5]   8.00-9.00   sec  80.1 MBytes   672 Mbits/sec  71290  
[  5]   9.00-10.00  sec  81.7 MBytes   685 Mbits/sec  72690  
[  5]  10.00-11.00  sec  81.2 MBytes   681 Mbits/sec  72300  
[  5]  11.00-12.00  sec  83.0 MBytes   697 Mbits/sec  73920  
[  5]  12.00-13.00  sec  82.1 MBytes   689 Mbits/sec  73090  
[  5]  13.00-14.00  sec  83.3 MBytes   699 Mbits/sec  74160  
[  5]  14.00-15.00  sec  81.4 MBytes   683 Mbits/sec  72440  
[  5]  15.00-16.00  sec  80.7 MBytes   677 Mbits/sec  71820  
[  5]  16.00-17.00  sec  79.9 MBytes   670 Mbits/sec  71080  
[  5]  17.00-18.00  sec  81.6 MBytes   685 Mbits/sec  72670  
[  5]  18.00-19.00  sec  80.4 MBytes   674 Mbits/sec  71530  
[  5]  19.00-20.00  sec  82.5 MBytes   692 Mbits/sec  73420  
[  5]  20.00-21.00  sec  81.8 MBytes   686 Mbits/sec  72820  
[  5]  21.00-22.00  sec  81.3 MBytes   682 Mbits/sec  72370  
[  5]  22.00-23.00  sec  81.3 MBytes   682 Mbits/sec  72330  
[  5]  23.00-24.00  sec  80.0 MBytes   671 Mbits/sec  71190  
[  5]  24.00-25.00  sec  80.6 MBytes   676 Mbits/sec  71740  
[  5]  25.00-26.00  sec  82.8 MBytes   695 Mbits/sec  73730  
[  5]  26.00-27.00  sec  81.9 MBytes   687 Mbits/sec  72900  
[  5]  27.00-28.00  sec  82.5 MBytes   692 Mbits/sec  73440  
[  5]  28.00-29.00  sec  79.0 MBytes   663 Mbits/sec  70350  
[  5]  29.00-30.00  sec  82.9 MBytes   695 Mbits/sec  73780  
[  5]  30.00-31.00  sec  80.8 MBytes   678 Mbits/sec  71950  
[  5]  31.00-32.00  sec  82.1 MBytes   688 Mbits/sec  73040  
[  5]  32.00-33.00  sec  81.4 MBytes   683 Mbits/sec  72440  
[  5]  33.00-34.00  sec  81.8 MBytes   686 Mbits/sec  72830  
[  5]  34.00-35.00  sec  83.1 MBytes   697 Mbits/sec  73930  
[  5]  35.00-36.00  sec  82.4 MBytes   691 Mbits/sec  73370  
[  5]  36.00-37.00  sec  80.1 MBytes   672 Mbits/sec  71330  
[  5]  37.00-38.00  sec  76.1 MBytes   638 Mbits/sec  67730  
[  5]  38.00-39.00  sec  75.6 MBytes   634 Mbits/sec  67260  
[  5]  39.00-40.00  sec  76.1 MBytes   639 Mbits/sec  67750  
[  5]  40.00-41.00  sec  66.2 MBytes   555 Mbits/sec  58890  
[  5]  41.00-42.00  sec  65.4 MBytes   548 Mbits/sec  58200  
[  5]  42.00-43.00  sec  76.3 MBytes   640 Mbits/sec  67890  
[  5]  43.00-44.00  sec  76.7 MBytes   644 Mbits/sec  68300  
[  5]  44.00-45.00  sec  77.0 MBytes   646 Mbits/sec  68500  
[  5]  45.00-46.00  sec  76.3 MBytes   640 Mbits/sec  67880  
[  5]  46.00-47.00  sec  80.9 MBytes   678 Mbits/sec  71990  
[  5]  47.00-48.00  sec  80.7 MBytes   677 Mbits/sec  71870  
[  5]  48.00-49.00  sec  79.8 MBytes   670 Mbits/sec  71060  
[  5]  49.00-50.00  sec  82.7 MBytes   694 Mbits/sec  73620  
[  5]  50.00-51.00  sec  81.9 MBytes   687 Mbits/sec  72940  
[  5]  51.00-52.00  sec  81.8 MBytes   686 Mbits/sec  72830  
[  5]  52.00-53.00  sec  81.3 MBytes   682 Mbits/sec  72330  
[  5]  53.00-54.00  sec  82.3 MBytes   690 Mbits/sec  73220  
[  5]  54.00-55.00  sec  82.2 MBytes   690 Mbits/sec  73200  
[  5]  55.00-56.00  sec  81.7 MBytes   686 Mbits/sec  72750  
[  5]  56.00-57.00  sec  81.9 MBytes   687 Mbits/sec  72910  
[  5]  57.00-58.00  sec  82.0 MBytes   688 Mbits/sec  72990  
[  5]  58.00-59.00  sec  81.4 MBytes   683 Mbits/sec  72420  
[  5]  59.00-60.00  sec  82.1 MBytes   689 Mbits/sec  73060  
- - - - - - - - - - - - - - - - - - - - - - - - -
[ ID] Interval           Transfer     Bitrate         Jitter    Lost/Total Datagrams
[  5]   0.00-60.00  sec  4.60 GBytes   659 Mbits/sec  0.000 ms  0/4196690 (0%)  sender
[  5]   0.00-60.08  sec  2.48 GBytes   354 Mbits/sec  0.021 ms  1979854/4196690 (47%)  receiver

iperf Done.
