Connecting to host knb-server-190246, port 5201
[  5] local 10.136.173.105 port 58524 connected to 10.43.161.59 port 5201
[ ID] Interval           Transfer     Bitrate         Total Datagrams
[  5]   0.00-1.00   sec  54.4 MBytes   456 Mbits/sec  48400  (omitted)
[  5]   0.00-1.00   sec  55.6 MBytes   466 Mbits/sec  49500  
[  5]   1.00-2.00   sec  60.6 MBytes   508 Mbits/sec  53900  
[  5]   2.00-3.00   sec  75.0 MBytes   629 Mbits/sec  66750  
[  5]   3.00-4.00   sec  75.0 MBytes   629 Mbits/sec  66770  
[  5]   4.00-5.00   sec  74.8 MBytes   627 Mbits/sec  66590  
[  5]   5.00-6.00   sec  73.4 MBytes   616 Mbits/sec  65310  
[  5]   6.00-7.00   sec  73.8 MBytes   619 Mbits/sec  65700  
[  5]   7.00-8.00   sec  74.8 MBytes   628 Mbits/sec  66600  
[  5]   8.00-9.00   sec  73.5 MBytes   617 Mbits/sec  65420  
[  5]   9.00-10.00  sec  74.2 MBytes   623 Mbits/sec  66080  
[  5]  10.00-11.00  sec  64.6 MBytes   542 Mbits/sec  57530  
[  5]  11.00-12.00  sec  63.4 MBytes   532 Mbits/sec  56410  
[  5]  12.00-13.00  sec  75.3 MBytes   632 Mbits/sec  67050  
[  5]  13.00-14.00  sec  74.4 MBytes   624 Mbits/sec  66220  
[  5]  14.00-15.00  sec  73.5 MBytes   617 Mbits/sec  65460  
[  5]  15.00-16.00  sec  74.2 MBytes   622 Mbits/sec  66040  
[  5]  16.00-17.00  sec  77.2 MBytes   647 Mbits/sec  68680  
[  5]  17.00-18.00  sec  74.9 MBytes   628 Mbits/sec  66660  
[  5]  18.00-19.00  sec  74.8 MBytes   628 Mbits/sec  66600  
[  5]  19.00-20.00  sec  72.9 MBytes   611 Mbits/sec  64850  
[  5]  20.00-21.00  sec  73.1 MBytes   614 Mbits/sec  65110  
[  5]  21.00-22.00  sec  61.4 MBytes   515 Mbits/sec  54620  
[  5]  22.00-23.00  sec  63.9 MBytes   536 Mbits/sec  56850  
[  5]  23.00-24.00  sec  72.9 MBytes   611 Mbits/sec  64880  
[  5]  24.00-25.00  sec  73.1 MBytes   613 Mbits/sec  65090  
[  5]  25.00-26.00  sec  59.4 MBytes   498 Mbits/sec  52830  
[  5]  26.00-27.00  sec  73.9 MBytes   620 Mbits/sec  65780  
[  5]  27.00-28.00  sec  72.4 MBytes   607 Mbits/sec  64430  
[  5]  28.00-29.00  sec  71.6 MBytes   601 Mbits/sec  63770  
[  5]  29.00-30.00  sec  58.7 MBytes   493 Mbits/sec  52270  
[  5]  30.00-31.00  sec  72.4 MBytes   607 Mbits/sec  64410  
[  5]  31.00-32.00  sec  72.6 MBytes   609 Mbits/sec  64580  
[  5]  32.00-33.00  sec  72.6 MBytes   609 Mbits/sec  64610  
[  5]  33.00-34.00  sec  73.3 MBytes   615 Mbits/sec  65220  
[  5]  34.00-35.00  sec  73.9 MBytes   620 Mbits/sec  65750  
[  5]  35.00-36.00  sec  73.2 MBytes   614 Mbits/sec  65190  
[  5]  36.00-37.00  sec  74.8 MBytes   628 Mbits/sec  66610  
[  5]  37.00-38.00  sec  75.8 MBytes   636 Mbits/sec  67510  
[  5]  38.00-39.00  sec  72.7 MBytes   610 Mbits/sec  64700  
[  5]  39.00-40.00  sec  67.6 MBytes   567 Mbits/sec  60190  
[  5]  40.00-41.00  sec  55.8 MBytes   468 Mbits/sec  49670  
[  5]  41.00-42.00  sec  64.0 MBytes   537 Mbits/sec  57000  
[  5]  42.00-43.00  sec  73.3 MBytes   615 Mbits/sec  65260  
[  5]  43.00-44.00  sec  69.6 MBytes   584 Mbits/sec  61970  
[  5]  44.00-45.00  sec  71.0 MBytes   596 Mbits/sec  63200  
[  5]  45.00-46.00  sec  67.3 MBytes   564 Mbits/sec  59900  
[  5]  46.00-47.00  sec  73.0 MBytes   613 Mbits/sec  64990  
[  5]  47.00-48.00  sec  74.2 MBytes   622 Mbits/sec  66020  
[  5]  48.00-49.00  sec  74.0 MBytes   621 Mbits/sec  65880  
[  5]  49.00-50.00  sec  70.4 MBytes   590 Mbits/sec  62640  
[  5]  50.00-51.00  sec  52.6 MBytes   441 Mbits/sec  46840  
[  5]  51.00-52.00  sec  65.1 MBytes   546 Mbits/sec  57930  
[  5]  52.00-53.00  sec  74.7 MBytes   627 Mbits/sec  66510  
[  5]  53.00-54.00  sec  74.6 MBytes   626 Mbits/sec  66420  
[  5]  54.00-55.00  sec  76.1 MBytes   638 Mbits/sec  67710  
[  5]  55.00-56.00  sec  76.4 MBytes   641 Mbits/sec  68030  
[  5]  56.00-57.00  sec  75.6 MBytes   634 Mbits/sec  67310  
[  5]  57.00-58.00  sec  74.0 MBytes   620 Mbits/sec  65830  
[  5]  58.00-59.00  sec  56.9 MBytes   478 Mbits/sec  50680  
[  5]  59.00-60.00  sec  72.9 MBytes   612 Mbits/sec  64910  
- - - - - - - - - - - - - - - - - - - - - - - - -
[ ID] Interval           Transfer     Bitrate         Jitter    Lost/Total Datagrams
[  5]   0.00-60.00  sec  4.14 GBytes   592 Mbits/sec  0.000 ms  0/3771220 (0%)  sender
[  5]   0.00-60.23  sec  1.58 GBytes   226 Mbits/sec  0.010 ms  2344890/3771114 (62%)  receiver

iperf Done.
