Connecting to host 10.136.80.171, port 5201
[  5] local 10.136.173.95 port 53967 connected to 10.136.80.171 port 5201
[ ID] Interval           Transfer     Bitrate         Total Datagrams
[  5]   0.00-1.00   sec  74.7 MBytes   626 Mbits/sec  66460  (omitted)
[  5]   0.00-1.00   sec  75.0 MBytes   629 Mbits/sec  66800  
[  5]   1.00-2.00   sec  70.0 MBytes   587 Mbits/sec  62290  
[  5]   2.00-3.00   sec  56.1 MBytes   471 Mbits/sec  49950  
[  5]   3.00-4.00   sec  59.0 MBytes   495 Mbits/sec  52540  
[  5]   4.00-5.00   sec  61.2 MBytes   514 Mbits/sec  54500  
[  5]   5.00-6.00   sec  58.0 MBytes   487 Mbits/sec  51670  
[  5]   6.00-7.00   sec  73.8 MBytes   619 Mbits/sec  65730  
[  5]   7.00-8.00   sec  74.4 MBytes   624 Mbits/sec  66220  
[  5]   8.00-9.00   sec  74.1 MBytes   621 Mbits/sec  65920  
[  5]   9.00-10.00  sec  74.6 MBytes   626 Mbits/sec  66440  
[  5]  10.00-11.00  sec  74.2 MBytes   623 Mbits/sec  66080  
[  5]  11.00-12.00  sec  70.4 MBytes   590 Mbits/sec  62640  
[  5]  12.00-13.00  sec  76.7 MBytes   643 Mbits/sec  68230  
[  5]  13.00-14.00  sec  78.8 MBytes   661 Mbits/sec  70140  
[  5]  14.00-15.00  sec  74.7 MBytes   626 Mbits/sec  66470  
[  5]  15.00-16.00  sec  71.9 MBytes   603 Mbits/sec  63970  
[  5]  16.00-17.00  sec  77.1 MBytes   647 Mbits/sec  68610  
[  5]  17.00-18.00  sec  75.4 MBytes   633 Mbits/sec  67160  
[  5]  18.00-19.00  sec  76.0 MBytes   637 Mbits/sec  67620  
[  5]  19.00-20.00  sec  75.7 MBytes   635 Mbits/sec  67420  
[  5]  20.00-21.00  sec  75.6 MBytes   634 Mbits/sec  67270  
[  5]  21.00-22.00  sec  75.2 MBytes   631 Mbits/sec  66920  
[  5]  22.00-23.00  sec  73.4 MBytes   616 Mbits/sec  65330  
[  5]  23.00-24.00  sec  75.4 MBytes   633 Mbits/sec  67160  
[  5]  24.00-25.00  sec  74.1 MBytes   621 Mbits/sec  65930  
[  5]  25.00-26.00  sec  72.0 MBytes   604 Mbits/sec  64110  
[  5]  26.00-27.00  sec  75.4 MBytes   632 Mbits/sec  67110  
[  5]  27.00-28.00  sec  74.2 MBytes   622 Mbits/sec  66010  
[  5]  28.00-29.00  sec  72.7 MBytes   610 Mbits/sec  64710  
[  5]  29.00-30.00  sec  72.3 MBytes   607 Mbits/sec  64360  
[  5]  30.00-31.00  sec  74.3 MBytes   623 Mbits/sec  66160  
[  5]  31.00-32.00  sec  75.1 MBytes   630 Mbits/sec  66850  
[  5]  32.00-33.00  sec  74.2 MBytes   623 Mbits/sec  66060  
[  5]  33.00-34.00  sec  74.3 MBytes   624 Mbits/sec  66170  
[  5]  34.00-35.00  sec  74.0 MBytes   620 Mbits/sec  65840  
[  5]  35.00-36.00  sec  72.6 MBytes   609 Mbits/sec  64590  
[  5]  36.00-37.00  sec  54.7 MBytes   459 Mbits/sec  48730  
[  5]  37.00-38.00  sec  54.0 MBytes   453 Mbits/sec  48030  
[  5]  38.00-39.00  sec  53.5 MBytes   448 Mbits/sec  47580  
[  5]  39.00-40.00  sec  73.7 MBytes   618 Mbits/sec  65600  
[  5]  40.00-41.00  sec  74.9 MBytes   628 Mbits/sec  66680  
[  5]  41.00-42.00  sec  72.3 MBytes   606 Mbits/sec  64350  
[  5]  42.00-43.00  sec  62.2 MBytes   521 Mbits/sec  55340  
[  5]  43.00-44.00  sec  63.4 MBytes   532 Mbits/sec  56410  
[  5]  44.00-45.00  sec  73.7 MBytes   619 Mbits/sec  65640  
[  5]  45.00-46.00  sec  73.6 MBytes   617 Mbits/sec  65470  
[  5]  46.00-47.00  sec  76.7 MBytes   643 Mbits/sec  68240  
[  5]  47.00-48.00  sec  74.9 MBytes   628 Mbits/sec  66640  
[  5]  48.00-49.00  sec  74.2 MBytes   623 Mbits/sec  66080  
[  5]  49.00-50.00  sec  74.8 MBytes   627 Mbits/sec  66580  
[  5]  50.00-51.00  sec  73.3 MBytes   615 Mbits/sec  65240  
[  5]  51.00-52.00  sec  70.8 MBytes   593 Mbits/sec  62980  
[  5]  52.00-53.00  sec  74.3 MBytes   624 Mbits/sec  66180  
[  5]  53.00-54.00  sec  74.5 MBytes   625 Mbits/sec  66280  
[  5]  54.00-55.00  sec  74.6 MBytes   626 Mbits/sec  66400  
[  5]  55.00-56.00  sec  71.4 MBytes   599 Mbits/sec  63570  
[  5]  56.00-57.00  sec  72.4 MBytes   607 Mbits/sec  64460  
[  5]  57.00-58.00  sec  56.5 MBytes   474 Mbits/sec  50260  
[  5]  58.00-59.00  sec  53.0 MBytes   444 Mbits/sec  47140  
[  5]  59.00-60.00  sec  53.3 MBytes   447 Mbits/sec  47410  
- - - - - - - - - - - - - - - - - - - - - - - - -
[ ID] Interval           Transfer     Bitrate         Jitter    Lost/Total Datagrams
[  5]   0.00-60.00  sec  4.14 GBytes   593 Mbits/sec  0.000 ms  0/3776270 (0%)  sender
[  5]   0.00-60.22  sec  1.67 GBytes   238 Mbits/sec  0.008 ms  2296897/3776270 (61%)  receiver

iperf Done.
