Connecting to host 10.136.80.162, port 5201
[  5] local 10.136.173.86 port 41259 connected to 10.136.80.162 port 5201
[ ID] Interval           Transfer     Bitrate         Total Datagrams
[  5]   0.00-1.00   sec  91.4 MBytes   766 Mbits/sec  68520  (omitted)
[  5]   0.00-1.00   sec  93.1 MBytes   781 Mbits/sec  69840  
[  5]   1.00-2.00   sec  93.0 MBytes   780 Mbits/sec  69740  
[  5]   2.00-3.00   sec  92.9 MBytes   779 Mbits/sec  69680  
[  5]   3.00-4.00   sec  92.6 MBytes   777 Mbits/sec  69460  
[  5]   4.00-5.00   sec  92.6 MBytes   777 Mbits/sec  69430  
[  5]   5.00-6.00   sec  92.8 MBytes   779 Mbits/sec  69620  
[  5]   6.00-7.00   sec  92.5 MBytes   776 Mbits/sec  69400  
[  5]   7.00-8.00   sec  93.2 MBytes   782 Mbits/sec  69880  
[  5]   8.00-9.00   sec  93.2 MBytes   782 Mbits/sec  69920  
[  5]   9.00-10.00  sec  92.1 MBytes   772 Mbits/sec  69060  
[  5]  10.00-11.00  sec  93.3 MBytes   783 Mbits/sec  69980  
[  5]  11.00-12.00  sec  93.1 MBytes   781 Mbits/sec  69840  
[  5]  12.00-13.00  sec  92.5 MBytes   776 Mbits/sec  69390  
[  5]  13.00-14.00  sec  93.0 MBytes   780 Mbits/sec  69730  
[  5]  14.00-15.00  sec  93.0 MBytes   780 Mbits/sec  69740  
[  5]  15.00-16.00  sec  78.3 MBytes   657 Mbits/sec  58730  
[  5]  16.00-17.00  sec  88.7 MBytes   744 Mbits/sec  66550  
[  5]  17.00-18.00  sec  77.9 MBytes   653 Mbits/sec  58430  
[  5]  18.00-19.00  sec  78.4 MBytes   658 Mbits/sec  58830  
[  5]  19.00-20.00  sec  77.7 MBytes   652 Mbits/sec  58310  
[  5]  20.00-21.00  sec  78.7 MBytes   660 Mbits/sec  59040  
[  5]  21.00-22.00  sec  78.2 MBytes   656 Mbits/sec  58660  
[  5]  22.00-23.00  sec  77.9 MBytes   653 Mbits/sec  58400  
[  5]  23.00-24.00  sec  79.3 MBytes   665 Mbits/sec  59450  
[  5]  24.00-25.00  sec  93.7 MBytes   786 Mbits/sec  70310  
[  5]  25.00-26.00  sec  93.7 MBytes   786 Mbits/sec  70250  
[  5]  26.00-27.00  sec  91.7 MBytes   769 Mbits/sec  68750  
[  5]  27.00-28.00  sec  92.7 MBytes   778 Mbits/sec  69540  
[  5]  28.00-29.00  sec  93.8 MBytes   787 Mbits/sec  70350  
[  5]  29.00-30.00  sec  92.6 MBytes   777 Mbits/sec  69480  
[  5]  30.00-31.00  sec  93.2 MBytes   782 Mbits/sec  69900  
[  5]  31.00-32.00  sec  93.4 MBytes   784 Mbits/sec  70090  
[  5]  32.00-33.00  sec  92.9 MBytes   780 Mbits/sec  69700  
[  5]  33.00-34.00  sec  87.2 MBytes   731 Mbits/sec  65390  
[  5]  34.00-35.00  sec  76.8 MBytes   644 Mbits/sec  57590  
[  5]  35.00-36.00  sec  79.0 MBytes   663 Mbits/sec  59290  
[  5]  36.00-37.00  sec  80.4 MBytes   675 Mbits/sec  60340  
[  5]  37.00-38.00  sec  92.9 MBytes   779 Mbits/sec  69680  
[  5]  38.00-39.00  sec  93.5 MBytes   784 Mbits/sec  70130  
[  5]  39.00-40.00  sec  84.1 MBytes   706 Mbits/sec  63100  
[  5]  40.00-41.00  sec  78.3 MBytes   656 Mbits/sec  58700  
[  5]  41.00-42.00  sec  78.7 MBytes   661 Mbits/sec  59060  
[  5]  42.00-43.00  sec  78.9 MBytes   662 Mbits/sec  59180  
[  5]  43.00-44.00  sec  78.9 MBytes   662 Mbits/sec  59210  
[  5]  44.00-45.00  sec  78.7 MBytes   660 Mbits/sec  59040  
[  5]  45.00-46.00  sec  77.8 MBytes   653 Mbits/sec  58360  
[  5]  46.00-47.00  sec  75.6 MBytes   634 Mbits/sec  56700  
[  5]  47.00-48.00  sec  84.8 MBytes   712 Mbits/sec  63640  
[  5]  48.00-49.00  sec  93.3 MBytes   783 Mbits/sec  69980  
[  5]  49.00-50.00  sec  93.2 MBytes   781 Mbits/sec  69870  
[  5]  50.00-51.00  sec  93.5 MBytes   784 Mbits/sec  70100  
[  5]  51.00-52.00  sec  93.0 MBytes   780 Mbits/sec  69770  
[  5]  52.00-53.00  sec  93.3 MBytes   783 Mbits/sec  69980  
[  5]  53.00-54.00  sec  93.4 MBytes   784 Mbits/sec  70070  
[  5]  54.00-55.00  sec  93.5 MBytes   785 Mbits/sec  70150  
[  5]  55.00-56.00  sec  93.6 MBytes   785 Mbits/sec  70210  
[  5]  56.00-57.00  sec  93.4 MBytes   783 Mbits/sec  70050  
[  5]  57.00-58.00  sec  93.0 MBytes   780 Mbits/sec  69720  
[  5]  58.00-59.00  sec  93.3 MBytes   783 Mbits/sec  69970  
[  5]  59.00-60.00  sec  92.1 MBytes   773 Mbits/sec  69100  
- - - - - - - - - - - - - - - - - - - - - - - - -
[ ID] Interval           Transfer     Bitrate         Jitter    Lost/Total Datagrams
[  5]   0.00-60.00  sec  5.17 GBytes   740 Mbits/sec  0.000 ms  0/3967860 (0%)  sender
[  5]   0.00-60.04  sec  5.17 GBytes   739 Mbits/sec  0.014 ms  1102/3967860 (0.028%)  receiver

iperf Done.
