Connecting to host 10.136.80.174, port 5201
[  5] local 10.136.173.110 port 43364 connected to 10.136.80.174 port 5201
[ ID] Interval           Transfer     Bitrate         Total Datagrams
[  5]   0.00-1.00   sec  66.2 MBytes   555 Mbits/sec  58920  (omitted)
[  5]   0.00-1.00   sec  54.0 MBytes   453 Mbits/sec  48070  
[  5]   1.00-2.00   sec  60.0 MBytes   503 Mbits/sec  53390  
[  5]   2.00-3.00   sec  55.4 MBytes   465 Mbits/sec  49330  
[  5]   3.00-4.00   sec  64.8 MBytes   544 Mbits/sec  57680  
[  5]   4.00-5.00   sec  57.2 MBytes   480 Mbits/sec  50910  
[  5]   5.00-6.00   sec  59.6 MBytes   500 Mbits/sec  53080  
[  5]   6.00-7.00   sec  53.4 MBytes   448 Mbits/sec  47560  
[  5]   7.00-8.00   sec  56.7 MBytes   476 Mbits/sec  50490  
[  5]   8.00-9.00   sec  57.6 MBytes   483 Mbits/sec  51290  
[  5]   9.00-10.00  sec  64.9 MBytes   544 Mbits/sec  57740  
[  5]  10.00-11.00  sec  51.5 MBytes   432 Mbits/sec  45860  
[  5]  11.00-12.00  sec  58.4 MBytes   490 Mbits/sec  51940  
[  5]  12.00-13.00  sec  46.7 MBytes   391 Mbits/sec  41530  
[  5]  13.00-14.00  sec  54.6 MBytes   458 Mbits/sec  48630  
[  5]  14.00-15.00  sec  55.2 MBytes   463 Mbits/sec  49120  
[  5]  15.00-16.00  sec  46.7 MBytes   392 Mbits/sec  41560  
[  5]  16.00-17.00  sec  57.6 MBytes   483 Mbits/sec  51280  
[  5]  17.00-18.00  sec  54.2 MBytes   455 Mbits/sec  48270  
[  5]  18.00-19.00  sec  62.0 MBytes   520 Mbits/sec  55220  
[  5]  19.00-20.00  sec  47.7 MBytes   400 Mbits/sec  42430  
[  5]  20.00-21.00  sec  58.2 MBytes   488 Mbits/sec  51790  
[  5]  21.00-22.00  sec  63.2 MBytes   530 Mbits/sec  56250  
[  5]  22.00-23.00  sec  60.4 MBytes   507 Mbits/sec  53790  
[  5]  23.00-24.00  sec  62.6 MBytes   525 Mbits/sec  55710  
[  5]  24.00-25.00  sec  56.9 MBytes   477 Mbits/sec  50650  
[  5]  25.00-26.00  sec  59.8 MBytes   502 Mbits/sec  53240  
[  5]  26.00-27.00  sec  56.6 MBytes   475 Mbits/sec  50390  
[  5]  27.00-28.00  sec  60.2 MBytes   505 Mbits/sec  53620  
[  5]  28.00-29.00  sec  60.8 MBytes   510 Mbits/sec  54120  
[  5]  29.00-30.00  sec  60.5 MBytes   508 Mbits/sec  53880  
[  5]  30.00-31.00  sec  57.3 MBytes   480 Mbits/sec  50970  
[  5]  31.00-32.00  sec  58.3 MBytes   489 Mbits/sec  51860  
[  5]  32.00-33.00  sec  57.5 MBytes   483 Mbits/sec  51210  
[  5]  33.00-34.00  sec  56.5 MBytes   474 Mbits/sec  50280  
[  5]  34.00-35.00  sec  57.0 MBytes   478 Mbits/sec  50730  
[  5]  35.00-36.00  sec  51.2 MBytes   430 Mbits/sec  45590  
[  5]  36.00-37.00  sec  61.0 MBytes   512 Mbits/sec  54300  
[  5]  37.00-38.00  sec  64.0 MBytes   537 Mbits/sec  56980  
[  5]  38.00-39.00  sec  58.6 MBytes   492 Mbits/sec  52160  
[  5]  39.00-40.00  sec  54.5 MBytes   457 Mbits/sec  48500  
[  5]  40.00-41.00  sec  53.0 MBytes   444 Mbits/sec  47160  
[  5]  41.00-42.00  sec  52.2 MBytes   438 Mbits/sec  46480  
[  5]  42.00-43.00  sec  58.2 MBytes   489 Mbits/sec  51850  
[  5]  43.00-44.00  sec  59.8 MBytes   502 Mbits/sec  53260  
[  5]  44.00-45.00  sec  53.8 MBytes   451 Mbits/sec  47910  
[  5]  45.00-46.00  sec  56.4 MBytes   473 Mbits/sec  50210  
[  5]  46.00-47.00  sec  55.3 MBytes   464 Mbits/sec  49200  
[  5]  47.00-48.00  sec  57.7 MBytes   484 Mbits/sec  51370  
[  5]  48.00-49.00  sec  58.1 MBytes   487 Mbits/sec  51680  
[  5]  49.00-50.00  sec  56.8 MBytes   476 Mbits/sec  50540  
[  5]  50.00-51.00  sec  57.3 MBytes   481 Mbits/sec  51030  
[  5]  51.00-52.00  sec  61.6 MBytes   517 Mbits/sec  54840  
[  5]  52.00-53.00  sec  64.1 MBytes   538 Mbits/sec  57100  
[  5]  53.00-54.00  sec  59.8 MBytes   501 Mbits/sec  53200  
[  5]  54.00-55.00  sec  62.0 MBytes   520 Mbits/sec  55200  
[  5]  55.00-56.00  sec  57.2 MBytes   480 Mbits/sec  50930  
[  5]  56.00-57.00  sec  56.9 MBytes   477 Mbits/sec  50620  
[  5]  57.00-58.00  sec  52.5 MBytes   441 Mbits/sec  46770  
[  5]  58.00-59.00  sec  55.0 MBytes   461 Mbits/sec  48950  
[  5]  59.00-60.00  sec  59.0 MBytes   495 Mbits/sec  52550  
- - - - - - - - - - - - - - - - - - - - - - - - -
[ ID] Interval           Transfer     Bitrate         Jitter    Lost/Total Datagrams
[  5]   0.00-60.00  sec  3.36 GBytes   481 Mbits/sec  0.000 ms  0/3062250 (0%)  sender
[  5]   0.00-60.98  sec   269 MBytes  37.0 Mbits/sec  0.076 ms  2876439/3059880 (94%)  receiver

iperf Done.
