Connecting to host knb-server-996194, port 5201
[  5] local 10.136.173.105 port 35018 connected to 10.43.247.247 port 5201
[ ID] Interval           Transfer     Bitrate         Total Datagrams
[  5]   0.00-1.00   sec  72.2 MBytes   606 Mbits/sec  64290  (omitted)
[  5]   0.00-1.00   sec  74.5 MBytes   625 Mbits/sec  66350  
[  5]   1.00-2.00   sec  73.3 MBytes   615 Mbits/sec  65230  
[  5]   2.00-3.00   sec  73.0 MBytes   613 Mbits/sec  65020  
[  5]   3.00-4.00   sec  73.7 MBytes   619 Mbits/sec  65640  
[  5]   4.00-5.00   sec  72.7 MBytes   610 Mbits/sec  64750  
[  5]   5.00-6.00   sec  72.6 MBytes   609 Mbits/sec  64600  
[  5]   6.00-7.00   sec  74.4 MBytes   624 Mbits/sec  66190  
[  5]   7.00-8.00   sec  74.8 MBytes   628 Mbits/sec  66600  
[  5]   8.00-9.00   sec  69.5 MBytes   583 Mbits/sec  61880  
[  5]   9.00-10.00  sec  75.7 MBytes   635 Mbits/sec  67420  
[  5]  10.00-11.00  sec  73.7 MBytes   618 Mbits/sec  65560  
[  5]  11.00-12.00  sec  73.3 MBytes   615 Mbits/sec  65240  
[  5]  12.00-13.00  sec  72.8 MBytes   611 Mbits/sec  64790  
[  5]  13.00-14.00  sec  73.5 MBytes   616 Mbits/sec  65410  
[  5]  14.00-15.00  sec  73.8 MBytes   619 Mbits/sec  65660  
[  5]  15.00-16.00  sec  73.1 MBytes   614 Mbits/sec  65100  
[  5]  16.00-17.00  sec  73.9 MBytes   620 Mbits/sec  65770  
[  5]  17.00-18.00  sec  74.4 MBytes   624 Mbits/sec  66210  
[  5]  18.00-19.00  sec  73.5 MBytes   616 Mbits/sec  65390  
[  5]  19.00-20.00  sec  73.7 MBytes   618 Mbits/sec  65620  
[  5]  20.00-21.00  sec  73.5 MBytes   617 Mbits/sec  65460  
[  5]  21.00-22.00  sec  72.2 MBytes   606 Mbits/sec  64280  
[  5]  22.00-23.00  sec  69.2 MBytes   580 Mbits/sec  61590  
[  5]  23.00-24.00  sec  74.1 MBytes   621 Mbits/sec  65950  
[  5]  24.00-25.00  sec  70.2 MBytes   589 Mbits/sec  62490  
[  5]  25.00-26.00  sec  75.1 MBytes   630 Mbits/sec  66880  
[  5]  26.00-27.00  sec  71.9 MBytes   603 Mbits/sec  64030  
[  5]  27.00-28.00  sec  75.1 MBytes   630 Mbits/sec  66860  
[  5]  28.00-29.00  sec  75.2 MBytes   631 Mbits/sec  66910  
[  5]  29.00-30.00  sec  72.7 MBytes   610 Mbits/sec  64730  
[  5]  30.00-31.00  sec  72.9 MBytes   611 Mbits/sec  64860  
[  5]  31.00-32.00  sec  67.1 MBytes   563 Mbits/sec  59740  
[  5]  32.00-33.00  sec  73.1 MBytes   613 Mbits/sec  65090  
[  5]  33.00-34.00  sec  75.2 MBytes   631 Mbits/sec  66930  
[  5]  34.00-35.00  sec  73.3 MBytes   615 Mbits/sec  65220  
[  5]  35.00-36.00  sec  73.8 MBytes   619 Mbits/sec  65720  
[  5]  36.00-37.00  sec  69.7 MBytes   584 Mbits/sec  62010  
[  5]  37.00-38.00  sec  70.7 MBytes   593 Mbits/sec  62960  
[  5]  38.00-39.00  sec  68.1 MBytes   571 Mbits/sec  60580  
[  5]  39.00-40.00  sec  73.6 MBytes   617 Mbits/sec  65470  
[  5]  40.00-41.00  sec  75.1 MBytes   630 Mbits/sec  66870  
[  5]  41.00-42.00  sec  73.2 MBytes   614 Mbits/sec  65140  
[  5]  42.00-43.00  sec  74.2 MBytes   623 Mbits/sec  66080  
[  5]  43.00-44.00  sec  74.9 MBytes   628 Mbits/sec  66630  
[  5]  44.00-45.00  sec  73.3 MBytes   615 Mbits/sec  65240  
[  5]  45.00-46.00  sec  70.8 MBytes   594 Mbits/sec  63010  
[  5]  46.00-47.00  sec  73.4 MBytes   616 Mbits/sec  65380  
[  5]  47.00-48.00  sec  75.3 MBytes   632 Mbits/sec  67040  
[  5]  48.00-49.00  sec  74.4 MBytes   624 Mbits/sec  66220  
[  5]  49.00-50.00  sec  71.4 MBytes   599 Mbits/sec  63520  
[  5]  50.00-51.00  sec  73.5 MBytes   616 Mbits/sec  65410  
[  5]  51.00-52.00  sec  73.3 MBytes   615 Mbits/sec  65270  
[  5]  52.00-53.00  sec  73.6 MBytes   618 Mbits/sec  65530  
[  5]  53.00-54.00  sec  74.9 MBytes   628 Mbits/sec  66630  
[  5]  54.00-55.00  sec  71.7 MBytes   602 Mbits/sec  63850  
[  5]  55.00-56.00  sec  72.9 MBytes   612 Mbits/sec  64930  
[  5]  56.00-57.00  sec  71.1 MBytes   597 Mbits/sec  63310  
[  5]  57.00-58.00  sec  73.1 MBytes   613 Mbits/sec  65040  
[  5]  58.00-59.00  sec  73.1 MBytes   613 Mbits/sec  65060  
[  5]  59.00-60.00  sec  73.5 MBytes   617 Mbits/sec  65420  
- - - - - - - - - - - - - - - - - - - - - - - - -
[ ID] Interval           Transfer     Bitrate         Jitter    Lost/Total Datagrams
[  5]   0.00-60.00  sec  4.28 GBytes   613 Mbits/sec  0.000 ms  0/3901770 (0%)  sender
[  5]   0.00-60.38  sec  1.56 GBytes   221 Mbits/sec  0.476 ms  2516587/3898211 (65%)  receiver

iperf Done.
