Connecting to host knb-server-996194, port 5201
[  5] local 10.136.173.90 port 43122 connected to 10.43.247.247 port 5201
[ ID] Interval           Transfer     Bitrate         Retr  Cwnd
[  5]   0.00-1.00   sec  27.6 MBytes   231 Mbits/sec  103    177 KBytes       (omitted)
[  5]   0.00-1.00   sec  27.7 MBytes   233 Mbits/sec    0    259 KBytes       
[  5]   1.00-2.00   sec  27.2 MBytes   228 Mbits/sec    0    319 KBytes       
[  5]   2.00-3.00   sec  34.6 MBytes   290 Mbits/sec    0    381 KBytes       
[  5]   3.00-4.00   sec  32.2 MBytes   270 Mbits/sec    8    304 KBytes       
[  5]   4.00-5.00   sec  27.8 MBytes   233 Mbits/sec    2    280 KBytes       
[  5]   5.00-6.00   sec  28.4 MBytes   238 Mbits/sec   10    250 KBytes       
[  5]   6.00-7.00   sec  32.1 MBytes   270 Mbits/sec    0    321 KBytes       
[  5]   7.00-8.00   sec  28.3 MBytes   237 Mbits/sec   59    283 KBytes       
[  5]   8.00-9.00   sec  32.7 MBytes   274 Mbits/sec   12    273 KBytes       
[  5]   9.00-10.00  sec  30.8 MBytes   259 Mbits/sec    4    236 KBytes       
[  5]  10.00-11.00  sec  34.5 MBytes   290 Mbits/sec   30    225 KBytes       
[  5]  11.00-12.00  sec  30.3 MBytes   254 Mbits/sec    0    298 KBytes       
[  5]  12.00-13.00  sec  31.8 MBytes   266 Mbits/sec    6    252 KBytes       
[  5]  13.00-14.00  sec  27.1 MBytes   228 Mbits/sec    0    313 KBytes       
[  5]  14.00-15.00  sec  29.2 MBytes   245 Mbits/sec   35    196 KBytes       
[  5]  15.00-16.00  sec  30.3 MBytes   254 Mbits/sec    4    198 KBytes       
[  5]  16.00-17.00  sec  38.5 MBytes   323 Mbits/sec    1    211 KBytes       
[  5]  17.00-18.00  sec  33.9 MBytes   285 Mbits/sec    7    237 KBytes       
[  5]  18.00-19.00  sec  31.0 MBytes   260 Mbits/sec   15    238 KBytes       
[  5]  19.00-20.00  sec  32.9 MBytes   276 Mbits/sec    5    259 KBytes       
[  5]  20.00-21.00  sec  32.7 MBytes   274 Mbits/sec    0    330 KBytes       
[  5]  21.00-22.00  sec  29.5 MBytes   248 Mbits/sec    0    382 KBytes       
[  5]  22.00-23.00  sec  29.7 MBytes   249 Mbits/sec    0    428 KBytes       
[  5]  23.00-24.00  sec  31.0 MBytes   260 Mbits/sec   37    245 KBytes       
[  5]  24.00-25.00  sec  30.4 MBytes   255 Mbits/sec    5    234 KBytes       
[  5]  25.00-26.00  sec  28.4 MBytes   238 Mbits/sec   13    221 KBytes       
[  5]  26.00-27.00  sec  25.3 MBytes   213 Mbits/sec    0    283 KBytes       
[  5]  27.00-28.00  sec  25.3 MBytes   213 Mbits/sec    0    336 KBytes       
[  5]  28.00-29.00  sec  27.2 MBytes   228 Mbits/sec    0    382 KBytes       
[  5]  29.00-30.00  sec  30.3 MBytes   254 Mbits/sec   43    306 KBytes       
[  5]  30.00-31.00  sec  32.2 MBytes   270 Mbits/sec    4    284 KBytes       
[  5]  31.00-32.00  sec  29.7 MBytes   249 Mbits/sec    0    344 KBytes       
[  5]  32.00-33.00  sec  27.2 MBytes   228 Mbits/sec    0    390 KBytes       
[  5]  33.00-34.00  sec  23.5 MBytes   197 Mbits/sec    0    427 KBytes       
[  5]  34.00-35.00  sec  28.6 MBytes   240 Mbits/sec   44    242 KBytes       
[  5]  35.00-36.00  sec  32.2 MBytes   270 Mbits/sec    9    250 KBytes       
[  5]  36.00-37.00  sec  27.2 MBytes   228 Mbits/sec    0    312 KBytes       
[  5]  37.00-38.00  sec  33.6 MBytes   281 Mbits/sec   81    269 KBytes       
[  5]  38.00-39.00  sec  28.4 MBytes   238 Mbits/sec    0    329 KBytes       
[  5]  39.00-40.00  sec  25.5 MBytes   214 Mbits/sec   21    185 KBytes       
[  5]  40.00-41.00  sec  27.9 MBytes   234 Mbits/sec    0    262 KBytes       
[  5]  41.00-42.00  sec  26.6 MBytes   223 Mbits/sec   17    232 KBytes       
[  5]  42.00-43.00  sec  27.2 MBytes   228 Mbits/sec    0    298 KBytes       
[  5]  43.00-44.00  sec  32.2 MBytes   270 Mbits/sec    0    359 KBytes       
[  5]  44.00-45.00  sec  31.6 MBytes   265 Mbits/sec   63    290 KBytes       
[  5]  45.00-46.00  sec  32.8 MBytes   275 Mbits/sec    0    353 KBytes       
[  5]  46.00-47.00  sec  29.1 MBytes   244 Mbits/sec   50    229 KBytes       
[  5]  47.00-48.00  sec  31.0 MBytes   260 Mbits/sec    0    303 KBytes       
[  5]  48.00-49.00  sec  26.6 MBytes   223 Mbits/sec    0    353 KBytes       
[  5]  49.00-50.00  sec  29.7 MBytes   249 Mbits/sec   18    282 KBytes       
[  5]  50.00-51.00  sec  33.5 MBytes   281 Mbits/sec   15    276 KBytes       
[  5]  51.00-52.00  sec  27.2 MBytes   228 Mbits/sec    0    332 KBytes       
[  5]  52.00-53.00  sec  32.7 MBytes   275 Mbits/sec    0    390 KBytes       
[  5]  53.00-54.00  sec  29.7 MBytes   249 Mbits/sec    0    435 KBytes       
[  5]  54.00-55.00  sec  30.9 MBytes   259 Mbits/sec   29    257 KBytes       
[  5]  55.00-56.00  sec  29.3 MBytes   246 Mbits/sec    1    259 KBytes       
[  5]  56.00-57.00  sec  31.0 MBytes   260 Mbits/sec   33    227 KBytes       
[  5]  57.00-58.00  sec  30.3 MBytes   254 Mbits/sec    0    299 KBytes       
[  5]  58.00-59.00  sec  30.9 MBytes   259 Mbits/sec    0    358 KBytes       
[  5]  59.00-60.00  sec  31.0 MBytes   260 Mbits/sec   20    211 KBytes       
- - - - - - - - - - - - - - - - - - - - - - - - -
[ ID] Interval           Transfer     Bitrate         Retr
[  5]   0.00-60.00  sec  1.76 GBytes   252 Mbits/sec  701             sender
[  5]   0.00-60.05  sec  1.76 GBytes   252 Mbits/sec                  receiver

iperf Done.
