Connecting to host knb-server-782765, port 5201
[  5] local 10.136.173.91 port 60206 connected to 10.43.91.78 port 5201
[ ID] Interval           Transfer     Bitrate         Total Datagrams
[  5]   0.00-1.00   sec  18.8 MBytes   158 Mbits/sec  16740  (omitted)
[  5]   0.00-1.00   sec  75.2 MBytes   631 Mbits/sec  66960  
[  5]   1.00-2.00   sec  74.5 MBytes   625 Mbits/sec  66310  
[  5]   2.00-3.00   sec  74.5 MBytes   625 Mbits/sec  66340  
[  5]   3.00-4.00   sec  74.4 MBytes   624 Mbits/sec  66190  
[  5]   4.00-5.00   sec  74.1 MBytes   622 Mbits/sec  65970  
[  5]   5.00-6.00   sec  59.1 MBytes   496 Mbits/sec  52630  
[  5]   6.00-7.00   sec  75.2 MBytes   631 Mbits/sec  66920  
[  5]   7.00-8.00   sec  76.0 MBytes   638 Mbits/sec  67660  
[  5]   8.00-9.00   sec  62.9 MBytes   528 Mbits/sec  56010  
[  5]   9.00-10.00  sec  74.6 MBytes   626 Mbits/sec  66430  
[  5]  10.00-11.00  sec  74.6 MBytes   626 Mbits/sec  66430  
[  5]  11.00-12.00  sec  67.9 MBytes   570 Mbits/sec  60470  
[  5]  12.00-13.00  sec  75.7 MBytes   635 Mbits/sec  67390  
[  5]  13.00-14.00  sec  74.2 MBytes   623 Mbits/sec  66070  
[  5]  14.00-15.00  sec  72.8 MBytes   611 Mbits/sec  64830  
[  5]  15.00-16.00  sec  71.4 MBytes   599 Mbits/sec  63580  
[  5]  16.00-17.00  sec  68.2 MBytes   572 Mbits/sec  60740  
[  5]  17.00-18.00  sec  72.8 MBytes   611 Mbits/sec  64790  
[  5]  18.00-19.00  sec  74.3 MBytes   623 Mbits/sec  66120  
[  5]  19.00-20.00  sec  75.4 MBytes   632 Mbits/sec  67090  
[  5]  20.00-21.00  sec  67.5 MBytes   566 Mbits/sec  60090  
[  5]  21.00-22.00  sec  69.2 MBytes   581 Mbits/sec  61640  
[  5]  22.00-23.00  sec  72.4 MBytes   607 Mbits/sec  64410  
[  5]  23.00-24.00  sec  75.1 MBytes   630 Mbits/sec  66840  
[  5]  24.00-25.00  sec  73.2 MBytes   614 Mbits/sec  65140  
[  5]  25.00-26.00  sec  74.7 MBytes   627 Mbits/sec  66520  
[  5]  26.00-27.00  sec  74.5 MBytes   625 Mbits/sec  66320  
[  5]  27.00-28.00  sec  74.3 MBytes   623 Mbits/sec  66130  
[  5]  28.00-29.00  sec  73.6 MBytes   618 Mbits/sec  65530  
[  5]  29.00-30.00  sec  74.1 MBytes   622 Mbits/sec  65950  
[  5]  30.00-31.00  sec  74.9 MBytes   628 Mbits/sec  66650  
[  5]  31.00-32.00  sec  74.6 MBytes   626 Mbits/sec  66430  
[  5]  32.00-33.00  sec  74.6 MBytes   626 Mbits/sec  66390  
[  5]  33.00-34.00  sec  73.7 MBytes   618 Mbits/sec  65610  
[  5]  34.00-35.00  sec  69.7 MBytes   584 Mbits/sec  62010  
[  5]  35.00-36.00  sec  68.4 MBytes   574 Mbits/sec  60870  
[  5]  36.00-37.00  sec  70.9 MBytes   594 Mbits/sec  63070  
[  5]  37.00-38.00  sec  71.0 MBytes   596 Mbits/sec  63200  
[  5]  38.00-39.00  sec  70.5 MBytes   591 Mbits/sec  62740  
[  5]  39.00-40.00  sec  75.0 MBytes   629 Mbits/sec  66760  
[  5]  40.00-41.00  sec  72.7 MBytes   610 Mbits/sec  64690  
[  5]  41.00-42.00  sec  73.7 MBytes   618 Mbits/sec  65560  
[  5]  42.00-43.00  sec  73.1 MBytes   613 Mbits/sec  65090  
[  5]  43.00-44.00  sec  67.8 MBytes   569 Mbits/sec  60330  
[  5]  44.00-45.00  sec  73.3 MBytes   615 Mbits/sec  65220  
[  5]  45.00-46.00  sec  57.2 MBytes   480 Mbits/sec  50920  
[  5]  46.00-47.00  sec  69.2 MBytes   580 Mbits/sec  61580  
[  5]  47.00-48.00  sec  70.2 MBytes   589 Mbits/sec  62470  
[  5]  48.00-49.00  sec  66.8 MBytes   561 Mbits/sec  59490  
[  5]  49.00-50.00  sec  73.1 MBytes   614 Mbits/sec  65100  
[  5]  50.00-51.00  sec  73.9 MBytes   620 Mbits/sec  65810  
[  5]  51.00-52.00  sec  74.0 MBytes   621 Mbits/sec  65860  
[  5]  52.00-53.00  sec  70.1 MBytes   588 Mbits/sec  62400  
[  5]  53.00-54.00  sec  69.8 MBytes   585 Mbits/sec  62090  
[  5]  54.00-55.00  sec  72.4 MBytes   608 Mbits/sec  64480  
[  5]  55.00-56.00  sec  76.0 MBytes   638 Mbits/sec  67690  
[  5]  56.00-57.00  sec  84.7 MBytes   710 Mbits/sec  75380  
[  5]  57.00-58.00  sec  81.8 MBytes   686 Mbits/sec  72770  
[  5]  58.00-59.00  sec  70.3 MBytes   590 Mbits/sec  62620  
[  5]  59.00-60.00  sec  73.8 MBytes   619 Mbits/sec  65650  
- - - - - - - - - - - - - - - - - - - - - - - - -
[ ID] Interval           Transfer     Bitrate         Jitter    Lost/Total Datagrams
[  5]   0.00-60.00  sec  4.24 GBytes   607 Mbits/sec  0.000 ms  0/3866430 (0%)  sender
[  5]   0.00-62.43  sec   296 MBytes  39.8 Mbits/sec  0.026 ms  3616427/3863112 (94%)  receiver

iperf Done.
