Connecting to host 10.136.80.162, port 5201
[  5] local 10.136.173.98 port 39859 connected to 10.136.80.162 port 5201
[ ID] Interval           Transfer     Bitrate         Total Datagrams
[  5]   0.00-1.00   sec  76.7 MBytes   643 Mbits/sec  68230  (omitted)
[  5]   0.00-1.00   sec  75.3 MBytes   632 Mbits/sec  67060  
[  5]   1.00-2.00   sec  75.1 MBytes   630 Mbits/sec  66870  
[  5]   2.00-3.00   sec  75.5 MBytes   634 Mbits/sec  67230  
[  5]   3.00-4.00   sec  75.7 MBytes   635 Mbits/sec  67380  
[  5]   4.00-5.00   sec  58.6 MBytes   492 Mbits/sec  52170  
[  5]   5.00-6.00   sec  73.9 MBytes   620 Mbits/sec  65790  
[  5]   6.00-7.00   sec  75.3 MBytes   632 Mbits/sec  67010  
[  5]   7.00-8.00   sec  76.1 MBytes   638 Mbits/sec  67750  
[  5]   8.00-9.00   sec  74.0 MBytes   621 Mbits/sec  65870  
[  5]   9.00-10.00  sec  75.2 MBytes   631 Mbits/sec  66930  
[  5]  10.00-11.00  sec  75.6 MBytes   634 Mbits/sec  67270  
[  5]  11.00-12.00  sec  75.1 MBytes   630 Mbits/sec  66880  
[  5]  12.00-13.00  sec  75.2 MBytes   631 Mbits/sec  66910  
[  5]  13.00-14.00  sec  75.6 MBytes   634 Mbits/sec  67290  
[  5]  14.00-15.00  sec  68.2 MBytes   572 Mbits/sec  60680  
[  5]  15.00-16.00  sec  75.3 MBytes   632 Mbits/sec  67030  
[  5]  16.00-17.00  sec  75.2 MBytes   631 Mbits/sec  66920  
[  5]  17.00-18.00  sec  61.9 MBytes   519 Mbits/sec  55120  
[  5]  18.00-19.00  sec  72.8 MBytes   611 Mbits/sec  64840  
[  5]  19.00-20.00  sec  76.6 MBytes   642 Mbits/sec  68160  
[  5]  20.00-21.00  sec  75.2 MBytes   631 Mbits/sec  66930  
[  5]  21.00-22.00  sec  75.2 MBytes   631 Mbits/sec  66950  
[  5]  22.00-23.00  sec  74.7 MBytes   626 Mbits/sec  66460  
[  5]  23.00-24.00  sec  75.9 MBytes   636 Mbits/sec  67520  
[  5]  24.00-25.00  sec  71.9 MBytes   603 Mbits/sec  63960  
[  5]  25.00-26.00  sec  75.1 MBytes   630 Mbits/sec  66890  
[  5]  26.00-27.00  sec  75.8 MBytes   636 Mbits/sec  67450  
[  5]  27.00-28.00  sec  76.2 MBytes   639 Mbits/sec  67820  
[  5]  28.00-29.00  sec  71.7 MBytes   602 Mbits/sec  63860  
[  5]  29.00-30.00  sec  67.6 MBytes   567 Mbits/sec  60160  
[  5]  30.00-31.00  sec  55.3 MBytes   464 Mbits/sec  49200  
[  5]  31.00-32.00  sec  76.2 MBytes   639 Mbits/sec  67800  
[  5]  32.00-33.00  sec  75.3 MBytes   632 Mbits/sec  67010  
[  5]  33.00-34.00  sec  72.0 MBytes   604 Mbits/sec  64060  
[  5]  34.00-35.00  sec  69.3 MBytes   582 Mbits/sec  61730  
[  5]  35.00-36.00  sec  68.7 MBytes   576 Mbits/sec  61110  
[  5]  36.00-37.00  sec  75.3 MBytes   632 Mbits/sec  67030  
[  5]  37.00-38.00  sec  76.8 MBytes   644 Mbits/sec  68350  
[  5]  38.00-39.00  sec  71.8 MBytes   602 Mbits/sec  63900  
[  5]  39.00-40.00  sec  76.7 MBytes   643 Mbits/sec  68270  
[  5]  40.00-41.00  sec  74.8 MBytes   627 Mbits/sec  66550  
[  5]  41.00-42.00  sec  75.7 MBytes   635 Mbits/sec  67420  
[  5]  42.00-43.00  sec  75.0 MBytes   630 Mbits/sec  66800  
[  5]  43.00-44.00  sec  75.1 MBytes   630 Mbits/sec  66890  
[  5]  44.00-45.00  sec  67.7 MBytes   568 Mbits/sec  60230  
[  5]  45.00-46.00  sec  75.2 MBytes   631 Mbits/sec  66910  
[  5]  46.00-47.00  sec  75.9 MBytes   636 Mbits/sec  67540  
[  5]  47.00-48.00  sec  76.5 MBytes   642 Mbits/sec  68090  
[  5]  48.00-49.00  sec  72.6 MBytes   609 Mbits/sec  64580  
[  5]  49.00-50.00  sec  76.0 MBytes   638 Mbits/sec  67690  
[  5]  50.00-51.00  sec  72.8 MBytes   611 Mbits/sec  64790  
[  5]  51.00-52.00  sec  74.4 MBytes   624 Mbits/sec  66240  
[  5]  52.00-53.00  sec  74.3 MBytes   623 Mbits/sec  66140  
[  5]  53.00-54.00  sec  74.4 MBytes   624 Mbits/sec  66210  
[  5]  54.00-55.00  sec  64.6 MBytes   542 Mbits/sec  57480  
[  5]  55.00-56.00  sec  75.7 MBytes   635 Mbits/sec  67390  
[  5]  56.00-57.00  sec  75.8 MBytes   636 Mbits/sec  67450  
[  5]  57.00-58.00  sec  76.0 MBytes   637 Mbits/sec  67610  
[  5]  58.00-59.00  sec  75.2 MBytes   631 Mbits/sec  66910  
[  5]  59.00-60.00  sec  70.9 MBytes   595 Mbits/sec  63140  
- - - - - - - - - - - - - - - - - - - - - - - - -
[ ID] Interval           Transfer     Bitrate         Jitter    Lost/Total Datagrams
[  5]   0.00-60.00  sec  4.30 GBytes   615 Mbits/sec  0.000 ms  0/3917680 (0%)  sender
[  5]   0.00-62.48  sec   273 MBytes  36.7 Mbits/sec  0.027 ms  3740605/3916227 (96%)  receiver

iperf Done.
