Connecting to host 10.136.80.184, port 5201
[  5] local 10.136.173.122 port 57131 connected to 10.136.80.184 port 5201
[ ID] Interval           Transfer     Bitrate         Total Datagrams
[  5]   0.00-1.00   sec  79.1 MBytes   663 Mbits/sec  70410  (omitted)
[  5]   0.00-1.00   sec  79.9 MBytes   670 Mbits/sec  71100  
[  5]   1.00-2.00   sec  80.5 MBytes   675 Mbits/sec  71630  
[  5]   2.00-3.00   sec  81.5 MBytes   683 Mbits/sec  72530  
[  5]   3.00-4.00   sec  81.7 MBytes   685 Mbits/sec  72720  
[  5]   4.00-5.00   sec  82.6 MBytes   693 Mbits/sec  73550  
[  5]   5.00-6.00   sec  79.8 MBytes   669 Mbits/sec  71010  
[  5]   6.00-7.00   sec  80.3 MBytes   674 Mbits/sec  71480  
[  5]   7.00-8.00   sec  80.4 MBytes   674 Mbits/sec  71530  
[  5]   8.00-9.00   sec  80.9 MBytes   679 Mbits/sec  72050  
[  5]   9.00-10.00  sec  80.4 MBytes   675 Mbits/sec  71600  
[  5]  10.00-11.00  sec  80.3 MBytes   673 Mbits/sec  71440  
[  5]  11.00-12.00  sec  80.2 MBytes   673 Mbits/sec  71430  
[  5]  12.00-13.00  sec  80.9 MBytes   679 Mbits/sec  72030  
[  5]  13.00-14.00  sec  80.0 MBytes   671 Mbits/sec  71200  
[  5]  14.00-15.00  sec  81.5 MBytes   684 Mbits/sec  72590  
[  5]  15.00-16.00  sec  79.8 MBytes   670 Mbits/sec  71060  
[  5]  16.00-17.00  sec  78.8 MBytes   661 Mbits/sec  70110  
[  5]  17.00-18.00  sec  76.2 MBytes   639 Mbits/sec  67830  
[  5]  18.00-19.00  sec  74.6 MBytes   625 Mbits/sec  66360  
[  5]  19.00-20.00  sec  74.6 MBytes   626 Mbits/sec  66430  
[  5]  20.00-21.00  sec  74.8 MBytes   628 Mbits/sec  66610  
[  5]  21.00-22.00  sec  74.8 MBytes   628 Mbits/sec  66620  
[  5]  22.00-23.00  sec  79.1 MBytes   664 Mbits/sec  70450  
[  5]  23.00-24.00  sec  80.5 MBytes   675 Mbits/sec  71660  
[  5]  24.00-25.00  sec  80.0 MBytes   671 Mbits/sec  71200  
[  5]  25.00-26.00  sec  80.7 MBytes   677 Mbits/sec  71810  
[  5]  26.00-27.00  sec  80.9 MBytes   679 Mbits/sec  72030  
[  5]  27.00-28.00  sec  80.2 MBytes   673 Mbits/sec  71390  
[  5]  28.00-29.00  sec  80.4 MBytes   675 Mbits/sec  71590  
[  5]  29.00-30.00  sec  80.6 MBytes   676 Mbits/sec  71780  
[  5]  30.00-31.00  sec  79.7 MBytes   669 Mbits/sec  70970  
[  5]  31.00-32.00  sec  80.9 MBytes   679 Mbits/sec  72010  
[  5]  32.00-33.00  sec  80.9 MBytes   679 Mbits/sec  72020  
[  5]  33.00-34.00  sec  79.7 MBytes   669 Mbits/sec  70970  
[  5]  34.00-35.00  sec  80.5 MBytes   676 Mbits/sec  71700  
[  5]  35.00-36.00  sec  80.0 MBytes   671 Mbits/sec  71210  
[  5]  36.00-37.00  sec  82.1 MBytes   688 Mbits/sec  73060  
[  5]  37.00-38.00  sec  81.0 MBytes   680 Mbits/sec  72130  
[  5]  38.00-39.00  sec  81.5 MBytes   684 Mbits/sec  72560  
[  5]  39.00-40.00  sec  80.8 MBytes   678 Mbits/sec  71950  
[  5]  40.00-41.00  sec  79.5 MBytes   667 Mbits/sec  70730  
[  5]  41.00-42.00  sec  80.0 MBytes   671 Mbits/sec  71220  
[  5]  42.00-43.00  sec  79.6 MBytes   668 Mbits/sec  70890  
[  5]  43.00-44.00  sec  79.8 MBytes   670 Mbits/sec  71070  
[  5]  44.00-45.00  sec  80.1 MBytes   672 Mbits/sec  71270  
[  5]  45.00-46.00  sec  78.8 MBytes   661 Mbits/sec  70160  
[  5]  46.00-47.00  sec  80.5 MBytes   675 Mbits/sec  71650  
[  5]  47.00-48.00  sec  80.2 MBytes   673 Mbits/sec  71370  
[  5]  48.00-49.00  sec  80.7 MBytes   677 Mbits/sec  71790  
[  5]  49.00-50.00  sec  80.1 MBytes   672 Mbits/sec  71270  
[  5]  50.00-51.00  sec  80.8 MBytes   678 Mbits/sec  71900  
[  5]  51.00-52.00  sec  81.4 MBytes   682 Mbits/sec  72420  
[  5]  52.00-53.00  sec  81.0 MBytes   680 Mbits/sec  72130  
[  5]  53.00-54.00  sec  80.1 MBytes   672 Mbits/sec  71340  
[  5]  54.00-55.00  sec  81.3 MBytes   682 Mbits/sec  72360  
[  5]  55.00-56.00  sec  79.5 MBytes   667 Mbits/sec  70790  
[  5]  56.00-57.00  sec  80.1 MBytes   672 Mbits/sec  71290  
[  5]  57.00-58.00  sec  81.9 MBytes   687 Mbits/sec  72910  
[  5]  58.00-59.00  sec  80.5 MBytes   675 Mbits/sec  71630  
[  5]  59.00-60.00  sec  82.1 MBytes   688 Mbits/sec  73040  
- - - - - - - - - - - - - - - - - - - - - - - - -
[ ID] Interval           Transfer     Bitrate         Jitter    Lost/Total Datagrams
[  5]   0.00-60.00  sec  4.69 GBytes   671 Mbits/sec  0.000 ms  0/4274630 (0%)  sender
[  5]   0.00-60.08  sec  2.51 GBytes   359 Mbits/sec  0.009 ms  2021699/4274630 (47%)  receiver

iperf Done.
