Connecting to host 10.136.80.176, port 5201
[  5] local 10.136.173.77 port 39351 connected to 10.136.80.176 port 5201
[ ID] Interval           Transfer     Bitrate         Total Datagrams
[  5]   0.00-1.00   sec  63.2 MBytes   530 Mbits/sec  56270  (omitted)
[  5]   0.00-1.00   sec  73.4 MBytes   615 Mbits/sec  65320  
[  5]   1.00-2.00   sec  70.3 MBytes   589 Mbits/sec  62540  
[  5]   2.00-3.00   sec  74.5 MBytes   625 Mbits/sec  66310  
[  5]   3.00-4.00   sec  69.4 MBytes   582 Mbits/sec  61770  
[  5]   4.00-5.00   sec  56.6 MBytes   474 Mbits/sec  50340  
[  5]   5.00-6.00   sec  55.0 MBytes   461 Mbits/sec  48970  
[  5]   6.00-7.00   sec  52.7 MBytes   442 Mbits/sec  46930  
[  5]   7.00-8.00   sec  75.1 MBytes   630 Mbits/sec  66830  
[  5]   8.00-9.00   sec  73.8 MBytes   619 Mbits/sec  65670  
[  5]   9.00-10.00  sec  75.1 MBytes   630 Mbits/sec  66850  
[  5]  10.00-11.00  sec  71.5 MBytes   599 Mbits/sec  63610  
[  5]  11.00-12.00  sec  58.8 MBytes   494 Mbits/sec  52360  
[  5]  12.00-13.00  sec  71.2 MBytes   597 Mbits/sec  63390  
[  5]  13.00-14.00  sec  70.5 MBytes   591 Mbits/sec  62740  
[  5]  14.00-15.00  sec  72.4 MBytes   607 Mbits/sec  64450  
[  5]  15.00-16.00  sec  72.7 MBytes   610 Mbits/sec  64750  
[  5]  16.00-17.00  sec  67.5 MBytes   566 Mbits/sec  60060  
[  5]  17.00-18.00  sec  54.4 MBytes   456 Mbits/sec  48380  
[  5]  18.00-19.00  sec  53.9 MBytes   452 Mbits/sec  47990  
[  5]  19.00-20.00  sec  54.3 MBytes   456 Mbits/sec  48340  
[  5]  20.00-21.00  sec  56.4 MBytes   473 Mbits/sec  50180  
[  5]  21.00-22.00  sec  75.3 MBytes   631 Mbits/sec  66990  
[  5]  22.00-23.00  sec  75.5 MBytes   633 Mbits/sec  67210  
[  5]  23.00-24.00  sec  74.8 MBytes   627 Mbits/sec  66560  
[  5]  24.00-25.00  sec  73.4 MBytes   616 Mbits/sec  65360  
[  5]  25.00-26.00  sec  73.8 MBytes   619 Mbits/sec  65700  
[  5]  26.00-27.00  sec  73.3 MBytes   615 Mbits/sec  65230  
[  5]  27.00-28.00  sec  72.6 MBytes   609 Mbits/sec  64610  
[  5]  28.00-29.00  sec  73.2 MBytes   614 Mbits/sec  65120  
[  5]  29.00-30.00  sec  74.0 MBytes   621 Mbits/sec  65870  
[  5]  30.00-31.00  sec  73.5 MBytes   616 Mbits/sec  65390  
[  5]  31.00-32.00  sec  74.7 MBytes   627 Mbits/sec  66500  
[  5]  32.00-33.00  sec  72.4 MBytes   607 Mbits/sec  64420  
[  5]  33.00-34.00  sec  73.0 MBytes   613 Mbits/sec  65010  
[  5]  34.00-35.00  sec  75.4 MBytes   633 Mbits/sec  67150  
[  5]  35.00-36.00  sec  74.8 MBytes   627 Mbits/sec  66580  
[  5]  36.00-37.00  sec  73.4 MBytes   615 Mbits/sec  65300  
[  5]  37.00-38.00  sec  73.3 MBytes   615 Mbits/sec  65230  
[  5]  38.00-39.00  sec  74.1 MBytes   622 Mbits/sec  65950  
[  5]  39.00-40.00  sec  74.4 MBytes   625 Mbits/sec  66270  
[  5]  40.00-41.00  sec  75.0 MBytes   629 Mbits/sec  66720  
[  5]  41.00-42.00  sec  61.9 MBytes   520 Mbits/sec  55140  
[  5]  42.00-43.00  sec  57.7 MBytes   484 Mbits/sec  51370  
[  5]  43.00-44.00  sec  70.0 MBytes   587 Mbits/sec  62330  
[  5]  44.00-45.00  sec  71.2 MBytes   597 Mbits/sec  63340  
[  5]  45.00-46.00  sec  72.7 MBytes   610 Mbits/sec  64740  
[  5]  46.00-47.00  sec  73.7 MBytes   618 Mbits/sec  65590  
[  5]  47.00-48.00  sec  71.9 MBytes   603 Mbits/sec  63980  
[  5]  48.00-49.00  sec  74.6 MBytes   626 Mbits/sec  66390  
[  5]  49.00-50.00  sec  72.8 MBytes   611 Mbits/sec  64780  
[  5]  50.00-51.00  sec  73.2 MBytes   614 Mbits/sec  65150  
[  5]  51.00-52.00  sec  73.4 MBytes   615 Mbits/sec  65310  
[  5]  52.00-53.00  sec  72.9 MBytes   611 Mbits/sec  64870  
[  5]  53.00-54.00  sec  71.8 MBytes   603 Mbits/sec  63940  
[  5]  54.00-55.00  sec  73.8 MBytes   619 Mbits/sec  65650  
[  5]  55.00-56.00  sec  69.5 MBytes   583 Mbits/sec  61880  
[  5]  56.00-57.00  sec  73.2 MBytes   614 Mbits/sec  65200  
[  5]  57.00-58.00  sec  74.0 MBytes   620 Mbits/sec  65840  
[  5]  58.00-59.00  sec  74.2 MBytes   622 Mbits/sec  66020  
[  5]  59.00-60.00  sec  74.1 MBytes   622 Mbits/sec  66000  
- - - - - - - - - - - - - - - - - - - - - - - - -
[ ID] Interval           Transfer     Bitrate         Jitter    Lost/Total Datagrams
[  5]   0.00-60.00  sec  4.12 GBytes   589 Mbits/sec  0.000 ms  0/3752460 (0%)  sender
[  5]   0.00-60.27  sec  1.62 GBytes   231 Mbits/sec  0.892 ms  2288798/3736560 (61%)  receiver

iperf Done.
