Connecting to host 10.136.80.165, port 5201
[  5] local 10.136.173.100 port 34296 connected to 10.136.80.165 port 5201
[ ID] Interval           Transfer     Bitrate         Total Datagrams
[  5]   0.00-1.00   sec  53.7 MBytes   450 Mbits/sec  47780  (omitted)
[  5]   0.00-1.00   sec  53.7 MBytes   450 Mbits/sec  47770  
[  5]   1.00-2.00   sec  54.8 MBytes   460 Mbits/sec  48810  
[  5]   2.00-3.00   sec  53.1 MBytes   445 Mbits/sec  47230  
[  5]   3.00-4.00   sec  52.6 MBytes   442 Mbits/sec  46860  
[  5]   4.00-5.00   sec  51.4 MBytes   431 Mbits/sec  45710  
[  5]   5.00-6.00   sec  52.7 MBytes   442 Mbits/sec  46880  
[  5]   6.00-7.00   sec  52.8 MBytes   443 Mbits/sec  46970  
[  5]   7.00-8.00   sec  53.6 MBytes   450 Mbits/sec  47720  
[  5]   8.00-9.00   sec  49.1 MBytes   412 Mbits/sec  43710  
[  5]   9.00-10.00  sec  53.0 MBytes   444 Mbits/sec  47150  
[  5]  10.00-11.00  sec  59.2 MBytes   497 Mbits/sec  52740  
[  5]  11.00-12.00  sec  55.9 MBytes   469 Mbits/sec  49750  
[  5]  12.00-13.00  sec  53.4 MBytes   448 Mbits/sec  47510  
[  5]  13.00-14.00  sec  49.6 MBytes   416 Mbits/sec  44150  
[  5]  14.00-15.00  sec  50.7 MBytes   425 Mbits/sec  45100  
[  5]  15.00-16.00  sec  52.4 MBytes   440 Mbits/sec  46680  
[  5]  16.00-17.00  sec  53.3 MBytes   447 Mbits/sec  47450  
[  5]  17.00-18.00  sec  52.1 MBytes   437 Mbits/sec  46380  
[  5]  18.00-19.00  sec  48.9 MBytes   410 Mbits/sec  43520  
[  5]  19.00-20.00  sec  55.4 MBytes   465 Mbits/sec  49340  
[  5]  20.00-21.00  sec  49.5 MBytes   416 Mbits/sec  44090  
[  5]  21.00-22.00  sec  54.7 MBytes   459 Mbits/sec  48700  
[  5]  22.00-23.00  sec  53.5 MBytes   449 Mbits/sec  47610  
[  5]  23.00-24.00  sec  56.0 MBytes   470 Mbits/sec  49890  
[  5]  24.00-25.00  sec  53.6 MBytes   449 Mbits/sec  47690  
[  5]  25.00-26.00  sec  56.1 MBytes   471 Mbits/sec  49960  
[  5]  26.00-27.00  sec  55.3 MBytes   463 Mbits/sec  49180  
[  5]  27.00-28.00  sec  52.1 MBytes   437 Mbits/sec  46410  
[  5]  28.00-29.00  sec  54.1 MBytes   454 Mbits/sec  48180  
[  5]  29.00-30.00  sec  53.3 MBytes   447 Mbits/sec  47410  
[  5]  30.00-31.00  sec  53.6 MBytes   449 Mbits/sec  47690  
[  5]  31.00-32.00  sec  55.6 MBytes   466 Mbits/sec  49470  
[  5]  32.00-33.00  sec  51.9 MBytes   435 Mbits/sec  46190  
[  5]  33.00-34.00  sec  55.3 MBytes   464 Mbits/sec  49250  
[  5]  34.00-35.00  sec  52.1 MBytes   437 Mbits/sec  46370  
[  5]  35.00-36.00  sec  52.1 MBytes   437 Mbits/sec  46380  
[  5]  36.00-37.00  sec  51.8 MBytes   435 Mbits/sec  46110  
[  5]  37.00-38.00  sec  51.5 MBytes   432 Mbits/sec  45840  
[  5]  38.00-39.00  sec  52.2 MBytes   438 Mbits/sec  46440  
[  5]  39.00-40.00  sec  49.7 MBytes   417 Mbits/sec  44220  
[  5]  40.00-41.00  sec  53.4 MBytes   448 Mbits/sec  47570  
[  5]  41.00-42.00  sec  59.9 MBytes   503 Mbits/sec  53320  
[  5]  42.00-43.00  sec  51.4 MBytes   431 Mbits/sec  45760  
[  5]  43.00-44.00  sec  52.6 MBytes   441 Mbits/sec  46810  
[  5]  44.00-45.00  sec  51.4 MBytes   431 Mbits/sec  45730  
[  5]  45.00-46.00  sec  59.2 MBytes   497 Mbits/sec  52710  
[  5]  46.00-47.00  sec  50.9 MBytes   427 Mbits/sec  45280  
[  5]  47.00-48.00  sec  46.7 MBytes   392 Mbits/sec  41610  
[  5]  48.00-49.00  sec  54.7 MBytes   459 Mbits/sec  48660  
[  5]  49.00-50.00  sec  53.8 MBytes   451 Mbits/sec  47850  
[  5]  50.00-51.00  sec  56.3 MBytes   472 Mbits/sec  50110  
[  5]  51.00-52.00  sec  61.1 MBytes   512 Mbits/sec  54390  
[  5]  52.00-53.00  sec  58.9 MBytes   494 Mbits/sec  52440  
[  5]  53.00-54.00  sec  56.1 MBytes   471 Mbits/sec  49920  
[  5]  54.00-55.00  sec  58.5 MBytes   491 Mbits/sec  52100  
[  5]  55.00-56.00  sec  56.9 MBytes   477 Mbits/sec  50650  
[  5]  56.00-57.00  sec  54.6 MBytes   458 Mbits/sec  48560  
[  5]  57.00-58.00  sec  52.8 MBytes   443 Mbits/sec  46980  
[  5]  58.00-59.00  sec  54.7 MBytes   459 Mbits/sec  48700  
[  5]  59.00-60.00  sec  55.5 MBytes   466 Mbits/sec  49440  
- - - - - - - - - - - - - - - - - - - - - - - - -
[ ID] Interval           Transfer     Bitrate         Jitter    Lost/Total Datagrams
[  5]   0.00-60.00  sec  3.15 GBytes   450 Mbits/sec  0.000 ms  0/2867100 (0%)  sender
[  5]   0.00-60.26  sec  1.96 GBytes   280 Mbits/sec  0.007 ms  1095212/2867100 (38%)  receiver

iperf Done.
