Connecting to host 10.136.80.155, port 5201
[  5] local 10.136.173.92 port 56461 connected to 10.136.80.155 port 5201
[ ID] Interval           Transfer     Bitrate         Total Datagrams
[  5]   0.00-1.00   sec  73.5 MBytes   616 Mbits/sec  65390  (omitted)
[  5]   0.00-1.00   sec  74.8 MBytes   627 Mbits/sec  66550  
[  5]   1.00-2.00   sec  74.8 MBytes   627 Mbits/sec  66540  
[  5]   2.00-3.00   sec  74.0 MBytes   621 Mbits/sec  65860  
[  5]   3.00-4.00   sec  70.9 MBytes   595 Mbits/sec  63150  
[  5]   4.00-5.00   sec  75.4 MBytes   633 Mbits/sec  67130  
[  5]   5.00-6.00   sec  81.0 MBytes   679 Mbits/sec  72060  
[  5]   6.00-7.00   sec  80.4 MBytes   675 Mbits/sec  71610  
[  5]   7.00-8.00   sec  80.8 MBytes   678 Mbits/sec  71900  
[  5]   8.00-9.00   sec  79.0 MBytes   663 Mbits/sec  70320  
[  5]   9.00-10.00  sec  80.4 MBytes   675 Mbits/sec  71610  
[  5]  10.00-11.00  sec  80.4 MBytes   675 Mbits/sec  71580  
[  5]  11.00-12.00  sec  80.2 MBytes   672 Mbits/sec  71350  
[  5]  12.00-13.00  sec  78.4 MBytes   658 Mbits/sec  69830  
[  5]  13.00-14.00  sec  79.3 MBytes   665 Mbits/sec  70600  
[  5]  14.00-15.00  sec  78.7 MBytes   660 Mbits/sec  70040  
[  5]  15.00-16.00  sec  79.0 MBytes   663 Mbits/sec  70320  
[  5]  16.00-17.00  sec  76.5 MBytes   642 Mbits/sec  68130  
[  5]  17.00-18.00  sec  80.6 MBytes   676 Mbits/sec  71720  
[  5]  18.00-19.00  sec  82.0 MBytes   688 Mbits/sec  72950  
[  5]  19.00-20.00  sec  80.3 MBytes   674 Mbits/sec  71480  
[  5]  20.00-21.00  sec  80.3 MBytes   673 Mbits/sec  71440  
[  5]  21.00-22.00  sec  80.7 MBytes   677 Mbits/sec  71790  
[  5]  22.00-23.00  sec  78.9 MBytes   662 Mbits/sec  70230  
[  5]  23.00-24.00  sec  81.1 MBytes   680 Mbits/sec  72170  
[  5]  24.00-25.00  sec  80.1 MBytes   672 Mbits/sec  71270  
[  5]  25.00-26.00  sec  82.2 MBytes   690 Mbits/sec  73190  
[  5]  26.00-27.00  sec  81.3 MBytes   682 Mbits/sec  72360  
[  5]  27.00-28.00  sec  81.3 MBytes   682 Mbits/sec  72360  
[  5]  28.00-29.00  sec  81.1 MBytes   680 Mbits/sec  72200  
[  5]  29.00-30.00  sec  81.0 MBytes   679 Mbits/sec  72080  
[  5]  30.00-31.00  sec  81.3 MBytes   682 Mbits/sec  72350  
[  5]  31.00-32.00  sec  83.9 MBytes   703 Mbits/sec  74650  
[  5]  32.00-33.00  sec  79.7 MBytes   668 Mbits/sec  70900  
[  5]  33.00-34.00  sec  81.3 MBytes   682 Mbits/sec  72410  
[  5]  34.00-35.00  sec  81.5 MBytes   683 Mbits/sec  72510  
[  5]  35.00-36.00  sec  81.2 MBytes   681 Mbits/sec  72300  
[  5]  36.00-37.00  sec  81.6 MBytes   684 Mbits/sec  72630  
[  5]  37.00-38.00  sec  81.7 MBytes   685 Mbits/sec  72700  
[  5]  38.00-39.00  sec  80.8 MBytes   678 Mbits/sec  71910  
[  5]  39.00-40.00  sec  81.5 MBytes   684 Mbits/sec  72590  
[  5]  40.00-41.00  sec  81.4 MBytes   683 Mbits/sec  72460  
[  5]  41.00-42.00  sec  81.1 MBytes   680 Mbits/sec  72170  
[  5]  42.00-43.00  sec  75.0 MBytes   629 Mbits/sec  66790  
[  5]  43.00-44.00  sec  76.5 MBytes   642 Mbits/sec  68080  
[  5]  44.00-45.00  sec  74.1 MBytes   621 Mbits/sec  65930  
[  5]  45.00-46.00  sec  75.5 MBytes   634 Mbits/sec  67230  
[  5]  46.00-47.00  sec  75.3 MBytes   632 Mbits/sec  67040  
[  5]  47.00-48.00  sec  75.3 MBytes   632 Mbits/sec  67060  
[  5]  48.00-49.00  sec  75.1 MBytes   630 Mbits/sec  66860  
[  5]  49.00-50.00  sec  75.6 MBytes   634 Mbits/sec  67260  
[  5]  50.00-51.00  sec  79.5 MBytes   667 Mbits/sec  70770  
[  5]  51.00-52.00  sec  81.9 MBytes   687 Mbits/sec  72890  
[  5]  52.00-53.00  sec  81.1 MBytes   681 Mbits/sec  72220  
[  5]  53.00-54.00  sec  80.9 MBytes   679 Mbits/sec  72040  
[  5]  54.00-55.00  sec  79.8 MBytes   669 Mbits/sec  71030  
[  5]  55.00-56.00  sec  80.7 MBytes   677 Mbits/sec  71870  
[  5]  56.00-57.00  sec  81.5 MBytes   684 Mbits/sec  72590  
[  5]  57.00-58.00  sec  81.3 MBytes   682 Mbits/sec  72380  
[  5]  58.00-59.00  sec  82.2 MBytes   690 Mbits/sec  73200  
[  5]  59.00-60.00  sec  82.1 MBytes   688 Mbits/sec  73040  
- - - - - - - - - - - - - - - - - - - - - - - - -
[ ID] Interval           Transfer     Bitrate         Jitter    Lost/Total Datagrams
[  5]   0.00-60.00  sec  4.65 GBytes   666 Mbits/sec  0.000 ms  0/4241680 (0%)  sender
[  5]   0.00-60.08  sec  2.43 GBytes   348 Mbits/sec  0.010 ms  2049574/4241680 (48%)  receiver

iperf Done.
