Connecting to host 10.136.80.141, port 5201
[  5] local 10.136.173.69 port 36398 connected to 10.136.80.141 port 5201
[ ID] Interval           Transfer     Bitrate         Total Datagrams
[  5]   0.00-1.00   sec  74.6 MBytes   625 Mbits/sec  66370  (omitted)
[  5]   0.00-1.00   sec  72.3 MBytes   607 Mbits/sec  64360  
[  5]   1.00-2.00   sec  75.3 MBytes   631 Mbits/sec  66990  
[  5]   2.00-3.00   sec  69.5 MBytes   583 Mbits/sec  61850  
[  5]   3.00-4.00   sec  75.3 MBytes   632 Mbits/sec  67030  
[  5]   4.00-5.00   sec  77.1 MBytes   647 Mbits/sec  68610  
[  5]   5.00-6.00   sec  72.5 MBytes   609 Mbits/sec  64570  
[  5]   6.00-7.00   sec  66.0 MBytes   554 Mbits/sec  58750  
[  5]   7.00-8.00   sec  65.8 MBytes   552 Mbits/sec  58560  
[  5]   8.00-9.00   sec  75.7 MBytes   635 Mbits/sec  67410  
[  5]   9.00-10.00  sec  76.5 MBytes   642 Mbits/sec  68110  
[  5]  10.00-11.00  sec  73.7 MBytes   618 Mbits/sec  65560  
[  5]  11.00-12.00  sec  75.0 MBytes   629 Mbits/sec  66750  
[  5]  12.00-13.00  sec  74.9 MBytes   628 Mbits/sec  66630  
[  5]  13.00-14.00  sec  76.7 MBytes   643 Mbits/sec  68250  
[  5]  14.00-15.00  sec  74.6 MBytes   626 Mbits/sec  66430  
[  5]  15.00-16.00  sec  72.4 MBytes   608 Mbits/sec  64490  
[  5]  16.00-17.00  sec  73.5 MBytes   617 Mbits/sec  65420  
[  5]  17.00-18.00  sec  75.4 MBytes   632 Mbits/sec  67100  
[  5]  18.00-19.00  sec  75.7 MBytes   635 Mbits/sec  67350  
[  5]  19.00-20.00  sec  76.7 MBytes   644 Mbits/sec  68300  
[  5]  20.00-21.00  sec  73.0 MBytes   612 Mbits/sec  64960  
[  5]  21.00-22.00  sec  75.6 MBytes   634 Mbits/sec  67290  
[  5]  22.00-23.00  sec  76.1 MBytes   638 Mbits/sec  67750  
[  5]  23.00-24.00  sec  76.1 MBytes   639 Mbits/sec  67780  
[  5]  24.00-25.00  sec  75.3 MBytes   632 Mbits/sec  67040  
[  5]  25.00-26.00  sec  67.7 MBytes   568 Mbits/sec  60300  
[  5]  26.00-27.00  sec  76.1 MBytes   638 Mbits/sec  67700  
[  5]  27.00-28.00  sec  76.1 MBytes   638 Mbits/sec  67730  
[  5]  28.00-29.00  sec  71.1 MBytes   597 Mbits/sec  63310  
[  5]  29.00-30.00  sec  78.2 MBytes   656 Mbits/sec  69600  
[  5]  30.00-31.00  sec  78.9 MBytes   662 Mbits/sec  70210  
[  5]  31.00-32.00  sec  70.4 MBytes   590 Mbits/sec  62650  
[  5]  32.00-33.00  sec  60.4 MBytes   507 Mbits/sec  53750  
[  5]  33.00-34.00  sec  62.4 MBytes   524 Mbits/sec  55560  
[  5]  34.00-35.00  sec  74.5 MBytes   625 Mbits/sec  66330  
[  5]  35.00-36.00  sec  75.3 MBytes   632 Mbits/sec  67020  
[  5]  36.00-37.00  sec  68.9 MBytes   578 Mbits/sec  61340  
[  5]  37.00-38.00  sec  60.5 MBytes   507 Mbits/sec  53820  
[  5]  38.00-39.00  sec  54.2 MBytes   455 Mbits/sec  48270  
[  5]  39.00-40.00  sec  67.2 MBytes   564 Mbits/sec  59830  
[  5]  40.00-41.00  sec  62.4 MBytes   524 Mbits/sec  55550  
[  5]  41.00-42.00  sec  59.0 MBytes   495 Mbits/sec  52560  
[  5]  42.00-43.00  sec  54.5 MBytes   458 Mbits/sec  48550  
[  5]  43.00-44.00  sec  54.6 MBytes   458 Mbits/sec  48570  
[  5]  44.00-45.00  sec  67.7 MBytes   568 Mbits/sec  60260  
[  5]  45.00-46.00  sec  73.3 MBytes   615 Mbits/sec  65230  
[  5]  46.00-47.00  sec  73.9 MBytes   620 Mbits/sec  65760  
[  5]  47.00-48.00  sec  65.5 MBytes   550 Mbits/sec  58310  
[  5]  48.00-49.00  sec  76.3 MBytes   640 Mbits/sec  67880  
[  5]  49.00-50.00  sec  75.4 MBytes   633 Mbits/sec  67130  
[  5]  50.00-51.00  sec  69.8 MBytes   585 Mbits/sec  62120  
[  5]  51.00-52.00  sec  75.8 MBytes   636 Mbits/sec  67460  
[  5]  52.00-53.00  sec  74.1 MBytes   622 Mbits/sec  66000  
[  5]  53.00-54.00  sec  70.6 MBytes   592 Mbits/sec  62840  
[  5]  54.00-55.00  sec  74.9 MBytes   628 Mbits/sec  66660  
[  5]  55.00-56.00  sec  74.4 MBytes   624 Mbits/sec  66200  
[  5]  56.00-57.00  sec  76.2 MBytes   639 Mbits/sec  67840  
[  5]  57.00-58.00  sec  75.3 MBytes   632 Mbits/sec  67020  
[  5]  58.00-59.00  sec  76.1 MBytes   638 Mbits/sec  67700  
[  5]  59.00-60.00  sec  75.6 MBytes   634 Mbits/sec  67250  
- - - - - - - - - - - - - - - - - - - - - - - - -
[ ID] Interval           Transfer     Bitrate         Jitter    Lost/Total Datagrams
[  5]   0.00-60.00  sec  4.20 GBytes   601 Mbits/sec  0.000 ms  0/3825650 (0%)  sender
[  5]   0.00-60.26  sec  1.03 GBytes   147 Mbits/sec  0.377 ms  2935058/3823477 (77%)  receiver

iperf Done.
