Connecting to host 10.136.80.140, port 5201
[  5] local 10.136.173.123 port 42186 connected to 10.136.80.140 port 5201
[ ID] Interval           Transfer     Bitrate         Retr  Cwnd
[  5]   0.00-1.00   sec  6.66 MBytes  55.9 Mbits/sec  266   8.19 KBytes       (omitted)
[  5]   0.00-1.00   sec  5.34 MBytes  44.8 Mbits/sec  229   8.19 KBytes       
[  5]   1.00-2.00   sec  5.09 MBytes  42.7 Mbits/sec  202   1.37 KBytes       
[  5]   2.00-3.00   sec  8.16 MBytes  68.4 Mbits/sec  301   8.19 KBytes       
[  5]   3.00-4.00   sec  7.11 MBytes  59.7 Mbits/sec  271   1.37 KBytes       
[  5]   4.00-5.00   sec  7.11 MBytes  59.7 Mbits/sec  276   9.56 KBytes       
[  5]   5.00-6.00   sec  3.43 MBytes  28.8 Mbits/sec  126   2.73 KBytes       
[  5]   6.00-7.00   sec  3.07 MBytes  25.7 Mbits/sec  112   2.73 KBytes       
[  5]   7.00-8.00   sec  4.54 MBytes  38.1 Mbits/sec  167   2.73 KBytes       
[  5]   8.00-9.00   sec  4.29 MBytes  36.0 Mbits/sec  166   4.10 KBytes       
[  5]   9.00-10.00  sec  3.80 MBytes  31.9 Mbits/sec  141   2.73 KBytes       
[  5]  10.00-11.00  sec  4.05 MBytes  34.0 Mbits/sec  149   4.10 KBytes       
[  5]  11.00-12.00  sec  6.62 MBytes  55.6 Mbits/sec  238   1.37 KBytes       
[  5]  12.00-13.00  sec  3.43 MBytes  28.8 Mbits/sec  164   1.37 KBytes       
[  5]  13.00-14.00  sec  1.10 MBytes  9.26 Mbits/sec   57   2.73 KBytes       
[  5]  14.00-15.00  sec  4.54 MBytes  38.1 Mbits/sec  193   2.73 KBytes       
[  5]  15.00-16.00  sec  3.80 MBytes  31.9 Mbits/sec  142   2.73 KBytes       
[  5]  16.00-17.00  sec  5.89 MBytes  49.4 Mbits/sec  266   2.73 KBytes       
[  5]  17.00-18.00  sec  2.21 MBytes  18.5 Mbits/sec   72   2.73 KBytes       
[  5]  18.00-19.00  sec  4.05 MBytes  34.0 Mbits/sec  147   2.73 KBytes       
[  5]  19.00-20.00  sec  1.72 MBytes  14.4 Mbits/sec   64   2.73 KBytes       
[  5]  20.00-21.00  sec  3.56 MBytes  29.8 Mbits/sec  159   2.73 KBytes       
[  5]  21.00-22.00  sec  4.42 MBytes  37.1 Mbits/sec  155   1.37 KBytes       
[  5]  22.00-23.00  sec  6.01 MBytes  50.4 Mbits/sec  249   1.37 KBytes       
[  5]  23.00-24.00  sec  5.40 MBytes  45.3 Mbits/sec  204   12.3 KBytes       
[  5]  24.00-25.00  sec  14.5 MBytes   121 Mbits/sec  528   4.10 KBytes       
[  5]  25.00-26.00  sec  4.23 MBytes  35.5 Mbits/sec  178   1.37 KBytes       
[  5]  26.00-27.00  sec  3.93 MBytes  32.9 Mbits/sec  155   2.73 KBytes       
[  5]  27.00-28.00  sec  5.64 MBytes  47.3 Mbits/sec  217   2.73 KBytes       
[  5]  28.00-29.00  sec  6.62 MBytes  55.6 Mbits/sec  250   2.73 KBytes       
[  5]  29.00-30.00  sec  2.82 MBytes  23.7 Mbits/sec  128   1.37 KBytes       
[  5]  30.00-31.00  sec  1.84 MBytes  15.4 Mbits/sec   88   2.73 KBytes       
[  5]  31.00-32.00  sec  1.47 MBytes  12.3 Mbits/sec   80   2.73 KBytes       
[  5]  32.00-33.00  sec  7.48 MBytes  62.8 Mbits/sec  265   17.7 KBytes       
[  5]  33.00-34.00  sec  1.47 MBytes  12.3 Mbits/sec   61   1.37 KBytes       
[  5]  34.00-35.00  sec  3.80 MBytes  31.9 Mbits/sec  152   1.37 KBytes       
[  5]  35.00-36.00  sec  1.72 MBytes  14.4 Mbits/sec   61   2.73 KBytes       
[  5]  36.00-37.00  sec  4.78 MBytes  40.1 Mbits/sec  171   2.73 KBytes       
[  5]  37.00-38.00  sec  3.19 MBytes  26.7 Mbits/sec  121   2.73 KBytes       
[  5]  38.00-39.00  sec  2.45 MBytes  20.6 Mbits/sec  101   2.73 KBytes       
[  5]  39.00-40.00  sec  5.27 MBytes  44.2 Mbits/sec  194   12.3 KBytes       
[  5]  40.00-41.00  sec  1.84 MBytes  15.4 Mbits/sec   79   6.83 KBytes       
[  5]  41.00-42.00  sec  3.68 MBytes  30.9 Mbits/sec  138   1.37 KBytes       
[  5]  42.00-43.00  sec  3.43 MBytes  28.8 Mbits/sec  148   1.37 KBytes       
[  5]  43.00-44.00  sec  3.43 MBytes  28.8 Mbits/sec  144   6.83 KBytes       
[  5]  44.00-45.00  sec  6.68 MBytes  56.1 Mbits/sec  281   1.37 KBytes       
[  5]  45.00-46.00  sec  1.59 MBytes  13.4 Mbits/sec   75   2.73 KBytes       
[  5]  46.00-47.00  sec  1.84 MBytes  15.4 Mbits/sec   89   2.73 KBytes       
[  5]  47.00-48.00  sec  2.45 MBytes  20.6 Mbits/sec  116   1.37 KBytes       
[  5]  48.00-49.00  sec  6.87 MBytes  57.6 Mbits/sec  250   2.73 KBytes       
[  5]  49.00-50.00  sec  2.09 MBytes  17.5 Mbits/sec   71   1.37 KBytes       
[  5]  50.00-51.00  sec  5.89 MBytes  49.4 Mbits/sec  253   1.37 KBytes       
[  5]  51.00-52.00  sec  6.93 MBytes  58.2 Mbits/sec  285   19.1 KBytes       
[  5]  52.00-53.00  sec  12.9 MBytes   108 Mbits/sec  503   10.9 KBytes       
[  5]  53.00-54.00  sec  6.44 MBytes  54.0 Mbits/sec  259   2.73 KBytes       
[  5]  54.00-55.00  sec  3.07 MBytes  25.7 Mbits/sec  117   1.37 KBytes       
[  5]  55.00-56.00  sec  8.52 MBytes  71.5 Mbits/sec  330   2.73 KBytes       
[  5]  56.00-57.00  sec  2.45 MBytes  20.6 Mbits/sec  102   2.73 KBytes       
[  5]  57.00-58.00  sec  3.68 MBytes  30.9 Mbits/sec  142   5.46 KBytes       
[  5]  58.00-59.00  sec  6.50 MBytes  54.5 Mbits/sec  273   4.10 KBytes       
[  5]  59.00-60.00  sec  4.54 MBytes  38.1 Mbits/sec  162   1.37 KBytes       
- - - - - - - - - - - - - - - - - - - - - - - - -
[ ID] Interval           Transfer     Bitrate         Retr
[  5]   0.00-60.00  sec   275 MBytes  38.4 Mbits/sec  10817             sender
[  5]   0.00-60.00  sec   275 MBytes  38.4 Mbits/sec                  receiver

iperf Done.
