Connecting to host 10.136.80.150, port 5201
[  5] local 10.136.173.87 port 41347 connected to 10.136.80.150 port 5201
[ ID] Interval           Transfer     Bitrate         Total Datagrams
[  5]   0.00-1.00   sec  59.7 MBytes   501 Mbits/sec  53170  (omitted)
[  5]   0.00-1.00   sec  59.8 MBytes   502 Mbits/sec  53250  
[  5]   1.00-2.00   sec  61.1 MBytes   512 Mbits/sec  54360  
[  5]   2.00-3.00   sec  60.4 MBytes   507 Mbits/sec  53800  
[  5]   3.00-4.00   sec  60.9 MBytes   511 Mbits/sec  54190  
[  5]   4.00-5.00   sec  60.6 MBytes   508 Mbits/sec  53910  
[  5]   5.00-6.00   sec  60.6 MBytes   508 Mbits/sec  53910  
[  5]   6.00-7.00   sec  60.6 MBytes   508 Mbits/sec  53930  
[  5]   7.00-8.00   sec  61.4 MBytes   515 Mbits/sec  54680  
[  5]   8.00-9.00   sec  60.7 MBytes   510 Mbits/sec  54070  
[  5]   9.00-10.00  sec  62.1 MBytes   521 Mbits/sec  55280  
[  5]  10.00-11.00  sec  60.6 MBytes   508 Mbits/sec  53940  
[  5]  11.00-12.00  sec  63.0 MBytes   528 Mbits/sec  56050  
[  5]  12.00-13.00  sec  64.0 MBytes   537 Mbits/sec  57000  
[  5]  13.00-14.00  sec  60.9 MBytes   511 Mbits/sec  54190  
[  5]  14.00-15.00  sec  63.6 MBytes   533 Mbits/sec  56610  
[  5]  15.00-16.00  sec  61.1 MBytes   513 Mbits/sec  54430  
[  5]  16.00-17.00  sec  56.4 MBytes   473 Mbits/sec  50210  
[  5]  17.00-18.00  sec  63.2 MBytes   530 Mbits/sec  56220  
[  5]  18.00-19.00  sec  62.4 MBytes   523 Mbits/sec  55540  
[  5]  19.00-20.00  sec  62.8 MBytes   527 Mbits/sec  55920  
[  5]  20.00-21.00  sec  61.7 MBytes   518 Mbits/sec  54940  
[  5]  21.00-22.00  sec  61.1 MBytes   513 Mbits/sec  54430  
[  5]  22.00-23.00  sec  64.3 MBytes   539 Mbits/sec  57250  
[  5]  23.00-24.00  sec  62.0 MBytes   520 Mbits/sec  55210  
[  5]  24.00-25.00  sec  60.4 MBytes   506 Mbits/sec  53740  
[  5]  25.00-26.00  sec  49.9 MBytes   419 Mbits/sec  44460  
[  5]  26.00-27.00  sec  64.3 MBytes   539 Mbits/sec  57230  
[  5]  27.00-28.00  sec  61.2 MBytes   513 Mbits/sec  54450  
[  5]  28.00-29.00  sec  63.9 MBytes   536 Mbits/sec  56850  
[  5]  29.00-30.00  sec  60.3 MBytes   506 Mbits/sec  53650  
[  5]  30.00-31.00  sec  63.0 MBytes   529 Mbits/sec  56100  
[  5]  31.00-32.00  sec  62.1 MBytes   521 Mbits/sec  55280  
[  5]  32.00-33.00  sec  64.0 MBytes   537 Mbits/sec  56940  
[  5]  33.00-34.00  sec  62.1 MBytes   521 Mbits/sec  55240  
[  5]  34.00-35.00  sec  65.6 MBytes   550 Mbits/sec  58400  
[  5]  35.00-36.00  sec  64.6 MBytes   542 Mbits/sec  57490  
[  5]  36.00-37.00  sec  63.0 MBytes   528 Mbits/sec  56060  
[  5]  37.00-38.00  sec  63.1 MBytes   529 Mbits/sec  56140  
[  5]  38.00-39.00  sec  60.5 MBytes   508 Mbits/sec  53870  
[  5]  39.00-40.00  sec  60.4 MBytes   507 Mbits/sec  53800  
[  5]  40.00-41.00  sec  60.8 MBytes   510 Mbits/sec  54090  
[  5]  41.00-42.00  sec  61.0 MBytes   511 Mbits/sec  54270  
[  5]  42.00-43.00  sec  62.5 MBytes   524 Mbits/sec  55600  
[  5]  43.00-44.00  sec  59.6 MBytes   500 Mbits/sec  53010  
[  5]  44.00-45.00  sec  70.9 MBytes   594 Mbits/sec  63080  
[  5]  45.00-46.00  sec  61.9 MBytes   519 Mbits/sec  55120  
[  5]  46.00-47.00  sec  57.0 MBytes   479 Mbits/sec  50780  
[  5]  47.00-48.00  sec  65.0 MBytes   545 Mbits/sec  57870  
[  5]  48.00-49.00  sec  61.1 MBytes   513 Mbits/sec  54410  
[  5]  49.00-50.00  sec  61.5 MBytes   516 Mbits/sec  54760  
[  5]  50.00-51.00  sec  61.5 MBytes   516 Mbits/sec  54720  
[  5]  51.00-52.00  sec  61.5 MBytes   516 Mbits/sec  54720  
[  5]  52.00-53.00  sec  61.0 MBytes   512 Mbits/sec  54330  
[  5]  53.00-54.00  sec  63.0 MBytes   528 Mbits/sec  56080  
[  5]  54.00-55.00  sec  60.6 MBytes   508 Mbits/sec  53940  
[  5]  55.00-56.00  sec  61.6 MBytes   517 Mbits/sec  54850  
[  5]  56.00-57.00  sec  62.6 MBytes   525 Mbits/sec  55680  
[  5]  57.00-58.00  sec  63.1 MBytes   529 Mbits/sec  56160  
[  5]  58.00-59.00  sec  60.0 MBytes   503 Mbits/sec  53390  
[  5]  59.00-60.00  sec  62.5 MBytes   525 Mbits/sec  55660  
- - - - - - - - - - - - - - - - - - - - - - - - -
[ ID] Interval           Transfer     Bitrate         Jitter    Lost/Total Datagrams
[  5]   0.00-60.00  sec  3.62 GBytes   518 Mbits/sec  0.000 ms  0/3295540 (0%)  sender
[  5]   0.00-60.04  sec  3.56 GBytes   509 Mbits/sec  0.027 ms  52722/3295536 (1.6%)  receiver

iperf Done.
