Connecting to host 10.136.80.188, port 5201
[  5] local 10.136.173.120 port 58416 connected to 10.136.80.188 port 5201
[ ID] Interval           Transfer     Bitrate         Total Datagrams
[  5]   0.00-1.00   sec  68.2 MBytes   572 Mbits/sec  60710  (omitted)
[  5]   0.00-1.00   sec  75.9 MBytes   636 Mbits/sec  67530  
[  5]   1.00-2.00   sec  76.6 MBytes   642 Mbits/sec  68140  
[  5]   2.00-3.00   sec  76.4 MBytes   641 Mbits/sec  67970  
[  5]   3.00-4.00   sec  75.1 MBytes   630 Mbits/sec  66850  
[  5]   4.00-5.00   sec  76.0 MBytes   638 Mbits/sec  67660  
[  5]   5.00-6.00   sec  75.3 MBytes   632 Mbits/sec  67050  
[  5]   6.00-7.00   sec  75.6 MBytes   634 Mbits/sec  67260  
[  5]   7.00-8.00   sec  71.3 MBytes   598 Mbits/sec  63500  
[  5]   8.00-9.00   sec  63.3 MBytes   531 Mbits/sec  56350  
[  5]   9.00-10.00  sec  61.0 MBytes   512 Mbits/sec  54310  
[  5]  10.00-11.00  sec  75.3 MBytes   631 Mbits/sec  66990  
[  5]  11.00-12.00  sec  77.0 MBytes   646 Mbits/sec  68550  
[  5]  12.00-13.00  sec  75.2 MBytes   631 Mbits/sec  66980  
[  5]  13.00-14.00  sec  71.3 MBytes   598 Mbits/sec  63460  
[  5]  14.00-15.00  sec  76.1 MBytes   638 Mbits/sec  67750  
[  5]  15.00-16.00  sec  79.3 MBytes   666 Mbits/sec  70610  
[  5]  16.00-17.00  sec  75.6 MBytes   634 Mbits/sec  67250  
[  5]  17.00-18.00  sec  76.8 MBytes   644 Mbits/sec  68340  
[  5]  18.00-19.00  sec  74.5 MBytes   625 Mbits/sec  66320  
[  5]  19.00-20.00  sec  73.3 MBytes   615 Mbits/sec  65250  
[  5]  20.00-21.00  sec  76.3 MBytes   640 Mbits/sec  67920  
[  5]  21.00-22.00  sec  76.0 MBytes   637 Mbits/sec  67610  
[  5]  22.00-23.00  sec  75.7 MBytes   635 Mbits/sec  67400  
[  5]  23.00-24.00  sec  70.9 MBytes   594 Mbits/sec  63080  
[  5]  24.00-25.00  sec  55.6 MBytes   466 Mbits/sec  49480  
[  5]  25.00-26.00  sec  54.7 MBytes   459 Mbits/sec  48690  
[  5]  26.00-27.00  sec  54.1 MBytes   454 Mbits/sec  48150  
[  5]  27.00-28.00  sec  73.2 MBytes   614 Mbits/sec  65200  
[  5]  28.00-29.00  sec  76.9 MBytes   645 Mbits/sec  68440  
[  5]  29.00-30.00  sec  77.8 MBytes   653 Mbits/sec  69290  
[  5]  30.00-31.00  sec  77.0 MBytes   646 Mbits/sec  68570  
[  5]  31.00-32.00  sec  82.5 MBytes   692 Mbits/sec  73410  
[  5]  32.00-33.00  sec  76.1 MBytes   638 Mbits/sec  67740  
[  5]  33.00-34.00  sec  77.2 MBytes   648 Mbits/sec  68740  
[  5]  34.00-35.00  sec  76.8 MBytes   644 Mbits/sec  68350  
[  5]  35.00-36.00  sec  71.3 MBytes   598 Mbits/sec  63490  
[  5]  36.00-37.00  sec  75.2 MBytes   631 Mbits/sec  66950  
[  5]  37.00-38.00  sec  61.8 MBytes   519 Mbits/sec  55040  
[  5]  38.00-39.00  sec  76.1 MBytes   638 Mbits/sec  67740  
[  5]  39.00-40.00  sec  62.6 MBytes   525 Mbits/sec  55720  
[  5]  40.00-41.00  sec  55.5 MBytes   466 Mbits/sec  49400  
[  5]  41.00-42.00  sec  55.3 MBytes   463 Mbits/sec  49180  
[  5]  42.00-43.00  sec  54.7 MBytes   458 Mbits/sec  48650  
[  5]  43.00-44.00  sec  70.7 MBytes   593 Mbits/sec  62910  
[  5]  44.00-45.00  sec  75.3 MBytes   632 Mbits/sec  67070  
[  5]  45.00-46.00  sec  75.0 MBytes   629 Mbits/sec  66750  
[  5]  46.00-47.00  sec  71.7 MBytes   602 Mbits/sec  63860  
[  5]  47.00-48.00  sec  75.4 MBytes   632 Mbits/sec  67080  
[  5]  48.00-49.00  sec  74.6 MBytes   626 Mbits/sec  66410  
[  5]  49.00-50.00  sec  71.3 MBytes   598 Mbits/sec  63430  
[  5]  50.00-51.00  sec  76.3 MBytes   640 Mbits/sec  67930  
[  5]  51.00-52.00  sec  73.9 MBytes   620 Mbits/sec  65820  
[  5]  52.00-53.00  sec  73.8 MBytes   619 Mbits/sec  65700  
[  5]  53.00-54.00  sec  67.6 MBytes   567 Mbits/sec  60190  
[  5]  54.00-55.00  sec  64.7 MBytes   543 Mbits/sec  57590  
[  5]  55.00-56.00  sec  73.9 MBytes   620 Mbits/sec  65770  
[  5]  56.00-57.00  sec  74.5 MBytes   625 Mbits/sec  66310  
[  5]  57.00-58.00  sec  78.0 MBytes   654 Mbits/sec  69390  
[  5]  58.00-59.00  sec  75.0 MBytes   629 Mbits/sec  66780  
[  5]  59.00-60.00  sec  74.2 MBytes   623 Mbits/sec  66070  
- - - - - - - - - - - - - - - - - - - - - - - - -
[ ID] Interval           Transfer     Bitrate         Jitter    Lost/Total Datagrams
[  5]   0.00-60.00  sec  4.22 GBytes   604 Mbits/sec  0.000 ms  0/3845420 (0%)  sender
[  5]   0.00-60.54  sec  1.66 GBytes   236 Mbits/sec  0.639 ms  2360825/3841094 (61%)  receiver

iperf Done.
