Connecting to host knb-server-85505, port 5201
[  5] local 10.136.173.109 port 55800 connected to 10.43.160.235 port 5201
[ ID] Interval           Transfer     Bitrate         Total Datagrams
[  5]   0.00-1.00   sec  73.2 MBytes   614 Mbits/sec  65130  (omitted)
[  5]   0.00-1.00   sec  73.1 MBytes   613 Mbits/sec  65060  
[  5]   1.00-2.00   sec  73.8 MBytes   619 Mbits/sec  65710  
[  5]   2.00-3.00   sec  75.3 MBytes   631 Mbits/sec  66990  
[  5]   3.00-4.00   sec  75.1 MBytes   630 Mbits/sec  66850  
[  5]   4.00-5.00   sec  74.9 MBytes   628 Mbits/sec  66690  
[  5]   5.00-6.00   sec  72.9 MBytes   611 Mbits/sec  64850  
[  5]   6.00-7.00   sec  72.8 MBytes   611 Mbits/sec  64790  
[  5]   7.00-8.00   sec  72.7 MBytes   610 Mbits/sec  64700  
[  5]   8.00-9.00   sec  71.9 MBytes   603 Mbits/sec  64030  
[  5]   9.00-10.00  sec  74.6 MBytes   625 Mbits/sec  66370  
[  5]  10.00-11.00  sec  74.4 MBytes   624 Mbits/sec  66230  
[  5]  11.00-12.00  sec  72.9 MBytes   612 Mbits/sec  64930  
[  5]  12.00-13.00  sec  71.3 MBytes   598 Mbits/sec  63460  
[  5]  13.00-14.00  sec  53.4 MBytes   448 Mbits/sec  47510  
[  5]  14.00-15.00  sec  53.3 MBytes   447 Mbits/sec  47420  
[  5]  15.00-16.00  sec  53.2 MBytes   446 Mbits/sec  47340  
[  5]  16.00-17.00  sec  53.4 MBytes   448 Mbits/sec  47550  
[  5]  17.00-18.00  sec  59.6 MBytes   500 Mbits/sec  53070  
[  5]  18.00-19.00  sec  74.1 MBytes   621 Mbits/sec  65920  
[  5]  19.00-20.00  sec  70.8 MBytes   594 Mbits/sec  63050  
[  5]  20.00-21.00  sec  70.5 MBytes   591 Mbits/sec  62750  
[  5]  21.00-22.00  sec  73.1 MBytes   613 Mbits/sec  65030  
[  5]  22.00-23.00  sec  74.9 MBytes   628 Mbits/sec  66630  
[  5]  23.00-24.00  sec  73.9 MBytes   620 Mbits/sec  65740  
[  5]  24.00-25.00  sec  73.4 MBytes   616 Mbits/sec  65360  
[  5]  25.00-26.00  sec  74.1 MBytes   621 Mbits/sec  65950  
[  5]  26.00-27.00  sec  70.0 MBytes   587 Mbits/sec  62310  
[  5]  27.00-28.00  sec  73.0 MBytes   612 Mbits/sec  64990  
[  5]  28.00-29.00  sec  70.8 MBytes   594 Mbits/sec  63030  
[  5]  29.00-30.00  sec  54.7 MBytes   459 Mbits/sec  48700  
[  5]  30.00-31.00  sec  53.1 MBytes   445 Mbits/sec  47250  
[  5]  31.00-32.00  sec  53.5 MBytes   449 Mbits/sec  47610  
[  5]  32.00-33.00  sec  60.0 MBytes   503 Mbits/sec  53420  
[  5]  33.00-34.00  sec  57.1 MBytes   479 Mbits/sec  50840  
[  5]  34.00-35.00  sec  60.9 MBytes   511 Mbits/sec  54250  
[  5]  35.00-36.00  sec  68.7 MBytes   576 Mbits/sec  61120  
[  5]  36.00-37.00  sec  66.8 MBytes   561 Mbits/sec  59500  
[  5]  37.00-38.00  sec  52.4 MBytes   440 Mbits/sec  46670  
[  5]  38.00-39.00  sec  53.8 MBytes   451 Mbits/sec  47850  
[  5]  39.00-40.00  sec  54.1 MBytes   454 Mbits/sec  48160  
[  5]  40.00-41.00  sec  52.6 MBytes   441 Mbits/sec  46820  
[  5]  41.00-42.00  sec  53.1 MBytes   445 Mbits/sec  47240  
[  5]  42.00-43.00  sec  58.4 MBytes   490 Mbits/sec  51940  
[  5]  43.00-44.00  sec  74.3 MBytes   623 Mbits/sec  66160  
[  5]  44.00-45.00  sec  73.7 MBytes   618 Mbits/sec  65590  
[  5]  45.00-46.00  sec  74.5 MBytes   625 Mbits/sec  66280  
[  5]  46.00-47.00  sec  72.3 MBytes   607 Mbits/sec  64360  
[  5]  47.00-48.00  sec  74.6 MBytes   625 Mbits/sec  66370  
[  5]  48.00-49.00  sec  72.9 MBytes   612 Mbits/sec  64930  
[  5]  49.00-50.00  sec  73.3 MBytes   615 Mbits/sec  65290  
[  5]  50.00-51.00  sec  65.1 MBytes   546 Mbits/sec  57980  
[  5]  51.00-52.00  sec  73.2 MBytes   614 Mbits/sec  65200  
[  5]  52.00-53.00  sec  72.4 MBytes   608 Mbits/sec  64470  
[  5]  53.00-54.00  sec  72.9 MBytes   611 Mbits/sec  64870  
[  5]  54.00-55.00  sec  74.2 MBytes   623 Mbits/sec  66060  
[  5]  55.00-56.00  sec  74.0 MBytes   621 Mbits/sec  65900  
[  5]  56.00-57.00  sec  74.0 MBytes   621 Mbits/sec  65910  
[  5]  57.00-58.00  sec  73.4 MBytes   616 Mbits/sec  65340  
[  5]  58.00-59.00  sec  67.6 MBytes   567 Mbits/sec  60170  
[  5]  59.00-60.00  sec  63.5 MBytes   533 Mbits/sec  56520  
- - - - - - - - - - - - - - - - - - - - - - - - -
[ ID] Interval           Transfer     Bitrate         Jitter    Lost/Total Datagrams
[  5]   0.00-60.00  sec  3.96 GBytes   567 Mbits/sec  0.000 ms  0/3607080 (0%)  sender
[  5]   0.00-60.07  sec  1.79 GBytes   255 Mbits/sec  0.014 ms  2022733/3607080 (56%)  receiver

iperf Done.
