Connecting to host 10.136.80.177, port 5201
[  5] local 10.136.173.81 port 60488 connected to 10.136.80.177 port 5201
[ ID] Interval           Transfer     Bitrate         Retr  Cwnd
[  5]   0.00-1.00   sec  9.49 MBytes  79.6 Mbits/sec  180   95.5 KBytes       (omitted)
[  5]   0.00-1.00   sec  13.0 MBytes   109 Mbits/sec   70   73.6 KBytes       
[  5]   1.00-2.00   sec  1.85 MBytes  15.5 Mbits/sec   47   64.4 KBytes       
[  5]   2.00-3.00   sec  9.64 MBytes  80.9 Mbits/sec   12   98.9 KBytes       
[  5]   3.00-4.00   sec  5.19 MBytes  43.5 Mbits/sec    0    129 KBytes       
[  5]   4.00-5.00   sec  4.45 MBytes  37.3 Mbits/sec   25    115 KBytes       
[  5]   5.00-6.00   sec  8.90 MBytes  74.6 Mbits/sec   53   78.2 KBytes       
[  5]   6.00-7.00   sec  4.82 MBytes  40.4 Mbits/sec    7   89.7 KBytes       
[  5]   7.00-8.00   sec  11.9 MBytes  99.5 Mbits/sec   17   94.3 KBytes       
[  5]   8.00-9.00   sec  8.90 MBytes  74.6 Mbits/sec   52   77.1 KBytes       
[  5]   9.00-10.00  sec  4.45 MBytes  37.3 Mbits/sec   19   87.4 KBytes       
[  5]  10.00-11.00  sec  11.6 MBytes  96.9 Mbits/sec   29   86.3 KBytes       
[  5]  11.00-12.00  sec  12.6 MBytes   106 Mbits/sec   31   84.0 KBytes       
[  5]  12.00-13.00  sec  7.79 MBytes  65.3 Mbits/sec   44   61.0 KBytes       
[  5]  13.00-14.00  sec  13.3 MBytes   112 Mbits/sec    8    115 KBytes       
[  5]  14.00-15.00  sec  8.59 MBytes  72.0 Mbits/sec   24   92.0 KBytes       
[  5]  15.00-16.00  sec  8.16 MBytes  68.4 Mbits/sec   11    114 KBytes       
[  5]  16.00-17.00  sec  7.85 MBytes  65.8 Mbits/sec   42   90.9 KBytes       
[  5]  17.00-18.00  sec  8.53 MBytes  71.5 Mbits/sec   34   82.8 KBytes       
[  5]  18.00-19.00  sec  7.41 MBytes  62.2 Mbits/sec    6   96.6 KBytes       
[  5]  19.00-20.00  sec  1.11 MBytes  9.33 Mbits/sec    0    107 KBytes       
[  5]  20.00-21.00  sec  7.60 MBytes  63.8 Mbits/sec  148    181 KBytes       
[  5]  21.00-22.00  sec  10.4 MBytes  87.1 Mbits/sec   36    121 KBytes       
[  5]  22.00-23.00  sec  5.44 MBytes  45.6 Mbits/sec   46   72.5 KBytes       
[  5]  23.00-24.00  sec  6.98 MBytes  58.6 Mbits/sec   20   93.2 KBytes       
[  5]  24.00-25.00  sec  12.4 MBytes   104 Mbits/sec   26   81.7 KBytes       
[  5]  25.00-26.00  sec  9.89 MBytes  82.9 Mbits/sec   29   67.9 KBytes       
[  5]  26.00-27.00  sec  3.95 MBytes  33.2 Mbits/sec    0   97.8 KBytes       
[  5]  27.00-28.00  sec  5.44 MBytes  45.6 Mbits/sec   18   71.3 KBytes       
[  5]  28.00-29.00  sec  11.4 MBytes  95.4 Mbits/sec   53   66.7 KBytes       
[  5]  29.00-30.00  sec  6.92 MBytes  58.0 Mbits/sec    7   77.1 KBytes       
[  5]  30.00-31.00  sec  13.8 MBytes   116 Mbits/sec   35   70.2 KBytes       
[  5]  31.00-32.00  sec  5.93 MBytes  49.8 Mbits/sec   75   75.9 KBytes       
[  5]  32.00-33.00  sec  6.98 MBytes  58.5 Mbits/sec   11    101 KBytes       
[  5]  33.00-34.00  sec  13.3 MBytes   112 Mbits/sec   43   87.4 KBytes       
[  5]  34.00-35.00  sec  3.46 MBytes  29.0 Mbits/sec    0    110 KBytes       
[  5]  35.00-36.00  sec  9.95 MBytes  83.4 Mbits/sec   34   94.3 KBytes       
[  5]  36.00-37.00  sec  8.40 MBytes  70.5 Mbits/sec   15   70.2 KBytes       
[  5]  37.00-38.00  sec  10.9 MBytes  91.2 Mbits/sec   29   69.0 KBytes       
[  5]  38.00-39.00  sec  5.44 MBytes  45.6 Mbits/sec   16   57.5 KBytes       
[  5]  39.00-40.00  sec  7.04 MBytes  59.1 Mbits/sec    4   87.4 KBytes       
[  5]  40.00-41.00  sec  7.91 MBytes  66.3 Mbits/sec   24   80.5 KBytes       
[  5]  41.00-42.00  sec  5.93 MBytes  49.8 Mbits/sec   10   94.3 KBytes       
[  5]  42.00-43.00  sec  5.93 MBytes  49.8 Mbits/sec   29    112 KBytes       
[  5]  43.00-44.00  sec  8.90 MBytes  74.6 Mbits/sec   29    278 KBytes       
[  5]  44.00-45.00  sec  5.50 MBytes  46.1 Mbits/sec   72    208 KBytes       
[  5]  45.00-46.00  sec  4.26 MBytes  35.8 Mbits/sec   11    163 KBytes       
[  5]  46.00-47.00  sec  4.88 MBytes  40.9 Mbits/sec   17    129 KBytes       
[  5]  47.00-48.00  sec  11.4 MBytes  95.9 Mbits/sec   81   61.0 KBytes       
[  5]  48.00-49.00  sec  1.61 MBytes  13.5 Mbits/sec    0   72.5 KBytes       
[  5]  49.00-50.00  sec  8.65 MBytes  72.6 Mbits/sec   30   77.1 KBytes       
[  5]  50.00-51.00  sec  3.21 MBytes  27.0 Mbits/sec    0   98.9 KBytes       
[  5]  51.00-52.00  sec   569 KBytes  4.66 Mbits/sec    1   1.15 KBytes       
[  5]  52.00-53.00  sec  12.4 MBytes   104 Mbits/sec  102   54.1 KBytes       
[  5]  53.00-54.00  sec  6.30 MBytes  52.9 Mbits/sec    9   86.3 KBytes       
[  5]  54.00-55.00  sec  1.61 MBytes  13.5 Mbits/sec   22   72.5 KBytes       
[  5]  55.00-56.00  sec  7.54 MBytes  63.2 Mbits/sec   16   64.4 KBytes       
[  5]  56.00-57.00  sec  11.1 MBytes  92.8 Mbits/sec   35   61.0 KBytes       
[  5]  57.00-58.00  sec  11.6 MBytes  97.5 Mbits/sec   28   79.4 KBytes       
[  5]  58.00-59.00  sec  3.15 MBytes  26.4 Mbits/sec    0    104 KBytes       
[  5]  59.00-60.00  sec  12.0 MBytes   101 Mbits/sec   72    104 KBytes       
- - - - - - - - - - - - - - - - - - - - - - - - -
[ ID] Interval           Transfer     Bitrate         Retr
[  5]   0.00-60.00  sec   460 MBytes  64.3 Mbits/sec  1764             sender
[  5]   0.00-60.22  sec   462 MBytes  64.3 Mbits/sec                  receiver

iperf Done.
