Connecting to host 10.136.80.190, port 5201
[  5] local 10.136.173.67 port 60948 connected to 10.136.80.190 port 5201
[ ID] Interval           Transfer     Bitrate         Retr  Cwnd
[  5]   0.00-1.00   sec  34.2 MBytes   287 Mbits/sec   54    717 KBytes       (omitted)
[  5]   0.00-1.00   sec  41.2 MBytes   346 Mbits/sec    0    801 KBytes       
[  5]   1.00-2.00   sec  32.5 MBytes   273 Mbits/sec    0    867 KBytes       
[  5]   2.00-3.00   sec  30.0 MBytes   252 Mbits/sec    6    717 KBytes       
[  5]   3.00-4.00   sec  30.0 MBytes   252 Mbits/sec    1    690 KBytes       
[  5]   4.00-5.00   sec  26.2 MBytes   220 Mbits/sec    0    728 KBytes       
[  5]   5.00-6.00   sec  35.0 MBytes   294 Mbits/sec    0    754 KBytes       
[  5]   6.00-7.00   sec  36.2 MBytes   304 Mbits/sec    0    767 KBytes       
[  5]   7.00-8.00   sec  37.5 MBytes   315 Mbits/sec    0    779 KBytes       
[  5]   8.00-9.00   sec  36.2 MBytes   304 Mbits/sec    4    806 KBytes       
[  5]   9.00-10.00  sec  38.7 MBytes   325 Mbits/sec    0    837 KBytes       
[  5]  10.00-11.00  sec  35.0 MBytes   294 Mbits/sec    0    862 KBytes       
[  5]  11.00-12.00  sec  35.0 MBytes   294 Mbits/sec    0    888 KBytes       
[  5]  12.00-13.00  sec  37.5 MBytes   315 Mbits/sec    0    913 KBytes       
[  5]  13.00-14.00  sec  40.0 MBytes   336 Mbits/sec   15    697 KBytes       
[  5]  14.00-15.00  sec  38.8 MBytes   325 Mbits/sec    0    772 KBytes       
[  5]  15.00-16.00  sec  38.8 MBytes   325 Mbits/sec    0    831 KBytes       
[  5]  16.00-17.00  sec  38.7 MBytes   325 Mbits/sec    0    871 KBytes       
[  5]  17.00-18.00  sec  31.2 MBytes   262 Mbits/sec    0    897 KBytes       
[  5]  18.00-19.00  sec  38.7 MBytes   325 Mbits/sec    0    915 KBytes       
[  5]  19.00-20.00  sec  31.2 MBytes   262 Mbits/sec    6    687 KBytes       
[  5]  20.00-21.00  sec  25.0 MBytes   210 Mbits/sec    0    726 KBytes       
[  5]  21.00-22.00  sec  37.5 MBytes   315 Mbits/sec    0    751 KBytes       
[  5]  22.00-23.00  sec  41.2 MBytes   346 Mbits/sec    0    767 KBytes       
[  5]  23.00-24.00  sec  41.2 MBytes   346 Mbits/sec    0    787 KBytes       
[  5]  24.00-25.00  sec  33.7 MBytes   283 Mbits/sec    0    813 KBytes       
[  5]  25.00-26.00  sec  31.2 MBytes   262 Mbits/sec    0    837 KBytes       
[  5]  26.00-27.00  sec  32.5 MBytes   273 Mbits/sec    0    860 KBytes       
[  5]  27.00-28.00  sec  30.0 MBytes   252 Mbits/sec    0    882 KBytes       
[  5]  28.00-29.00  sec  27.5 MBytes   231 Mbits/sec    4    630 KBytes       
[  5]  29.00-30.00  sec  35.0 MBytes   294 Mbits/sec    0    717 KBytes       
[  5]  30.00-31.00  sec  37.5 MBytes   315 Mbits/sec    0    781 KBytes       
[  5]  31.00-32.00  sec  35.0 MBytes   294 Mbits/sec    0    829 KBytes       
[  5]  32.00-33.00  sec  31.2 MBytes   262 Mbits/sec    0    863 KBytes       
[  5]  33.00-34.00  sec  35.0 MBytes   294 Mbits/sec    0    884 KBytes       
[  5]  34.00-35.00  sec  30.0 MBytes   252 Mbits/sec    0    894 KBytes       
[  5]  35.00-36.00  sec  32.5 MBytes   273 Mbits/sec    0    898 KBytes       
[  5]  36.00-37.00  sec  41.2 MBytes   346 Mbits/sec    0    900 KBytes       
[  5]  37.00-38.00  sec  38.7 MBytes   325 Mbits/sec    0    900 KBytes       
[  5]  38.00-39.00  sec  38.7 MBytes   325 Mbits/sec    0    901 KBytes       
[  5]  39.00-40.00  sec  37.5 MBytes   315 Mbits/sec   11    644 KBytes       
[  5]  40.00-41.00  sec  40.0 MBytes   336 Mbits/sec    0    729 KBytes       
[  5]  41.00-42.00  sec  36.2 MBytes   304 Mbits/sec    0    797 KBytes       
[  5]  42.00-43.00  sec  41.2 MBytes   346 Mbits/sec    0    847 KBytes       
[  5]  43.00-44.00  sec  37.5 MBytes   314 Mbits/sec    0    881 KBytes       
[  5]  44.00-45.00  sec  42.5 MBytes   357 Mbits/sec    0    903 KBytes       
[  5]  45.00-46.00  sec  32.5 MBytes   273 Mbits/sec    2    661 KBytes       
[  5]  46.00-47.00  sec  37.5 MBytes   315 Mbits/sec    0    707 KBytes       
[  5]  47.00-48.00  sec  31.2 MBytes   262 Mbits/sec    0    739 KBytes       
[  5]  48.00-49.00  sec  31.2 MBytes   262 Mbits/sec    0    758 KBytes       
[  5]  49.00-50.00  sec  31.2 MBytes   262 Mbits/sec    0    768 KBytes       
[  5]  50.00-51.00  sec  35.0 MBytes   294 Mbits/sec    0    789 KBytes       
[  5]  51.00-52.00  sec  32.5 MBytes   273 Mbits/sec    0    816 KBytes       
[  5]  52.00-53.00  sec  31.2 MBytes   262 Mbits/sec    0    839 KBytes       
[  5]  53.00-54.00  sec  31.2 MBytes   262 Mbits/sec    0    863 KBytes       
[  5]  54.00-55.00  sec  33.8 MBytes   283 Mbits/sec    0    887 KBytes       
[  5]  55.00-56.00  sec  37.5 MBytes   315 Mbits/sec    0    912 KBytes       
[  5]  56.00-57.00  sec  32.5 MBytes   273 Mbits/sec    2    711 KBytes       
[  5]  57.00-58.00  sec  31.2 MBytes   262 Mbits/sec    0    781 KBytes       
[  5]  58.00-59.00  sec  32.5 MBytes   273 Mbits/sec    0    833 KBytes       
[  5]  59.00-60.00  sec  41.2 MBytes   346 Mbits/sec    0    870 KBytes       
- - - - - - - - - - - - - - - - - - - - - - - - -
[ ID] Interval           Transfer     Bitrate         Retr
[  5]   0.00-60.00  sec  2.05 GBytes   294 Mbits/sec   51             sender
[  5]   0.00-60.06  sec  2.05 GBytes   294 Mbits/sec                  receiver

iperf Done.
