Connecting to host knb-server-274318, port 5201
[  5] local 10.136.173.127 port 42515 connected to 10.43.97.12 port 5201
[ ID] Interval           Transfer     Bitrate         Total Datagrams
[  5]   0.00-1.00   sec  55.1 MBytes   463 Mbits/sec  49080  (omitted)
[  5]   0.00-1.00   sec  53.6 MBytes   449 Mbits/sec  47680  
[  5]   1.00-2.00   sec  53.1 MBytes   445 Mbits/sec  47230  
[  5]   2.00-3.00   sec  52.1 MBytes   437 Mbits/sec  46380  
[  5]   3.00-4.00   sec  52.4 MBytes   439 Mbits/sec  46630  
[  5]   4.00-5.00   sec  51.2 MBytes   429 Mbits/sec  45550  
[  5]   5.00-6.00   sec  49.6 MBytes   416 Mbits/sec  44180  
[  5]   6.00-7.00   sec  50.3 MBytes   422 Mbits/sec  44730  
[  5]   7.00-8.00   sec  50.8 MBytes   426 Mbits/sec  45180  
[  5]   8.00-9.00   sec  51.0 MBytes   428 Mbits/sec  45420  
[  5]   9.00-10.00  sec  51.3 MBytes   430 Mbits/sec  45640  
[  5]  10.00-11.00  sec  52.5 MBytes   440 Mbits/sec  46730  
[  5]  11.00-12.00  sec  52.0 MBytes   436 Mbits/sec  46250  
[  5]  12.00-13.00  sec  52.0 MBytes   436 Mbits/sec  46310  
[  5]  13.00-14.00  sec  50.0 MBytes   419 Mbits/sec  44470  
[  5]  14.00-15.00  sec  52.1 MBytes   437 Mbits/sec  46410  
[  5]  15.00-16.00  sec  50.2 MBytes   421 Mbits/sec  44700  
[  5]  16.00-17.00  sec  51.0 MBytes   428 Mbits/sec  45370  
[  5]  17.00-18.00  sec  52.4 MBytes   440 Mbits/sec  46680  
[  5]  18.00-19.00  sec  51.2 MBytes   429 Mbits/sec  45560  
[  5]  19.00-20.00  sec  51.5 MBytes   432 Mbits/sec  45850  
[  5]  20.00-21.00  sec  49.9 MBytes   418 Mbits/sec  44390  
[  5]  21.00-22.00  sec  50.5 MBytes   424 Mbits/sec  44970  
[  5]  22.00-23.00  sec  49.1 MBytes   412 Mbits/sec  43710  
[  5]  23.00-24.00  sec  49.7 MBytes   417 Mbits/sec  44230  
[  5]  24.00-25.00  sec  53.3 MBytes   447 Mbits/sec  47450  
[  5]  25.00-26.00  sec  52.3 MBytes   439 Mbits/sec  46570  
[  5]  26.00-27.00  sec  52.9 MBytes   444 Mbits/sec  47130  
[  5]  27.00-28.00  sec  54.2 MBytes   455 Mbits/sec  48270  
[  5]  28.00-29.00  sec  52.6 MBytes   442 Mbits/sec  46850  
[  5]  29.00-30.00  sec  53.6 MBytes   450 Mbits/sec  47740  
[  5]  30.00-31.00  sec  54.0 MBytes   453 Mbits/sec  48030  
[  5]  31.00-32.00  sec  52.0 MBytes   436 Mbits/sec  46260  
[  5]  32.00-33.00  sec  52.3 MBytes   439 Mbits/sec  46540  
[  5]  33.00-34.00  sec  51.2 MBytes   430 Mbits/sec  45590  
[  5]  34.00-35.00  sec  53.7 MBytes   450 Mbits/sec  47770  
[  5]  35.00-36.00  sec  49.7 MBytes   416 Mbits/sec  44200  
[  5]  36.00-37.00  sec  51.4 MBytes   432 Mbits/sec  45780  
[  5]  37.00-38.00  sec  51.5 MBytes   432 Mbits/sec  45880  
[  5]  38.00-39.00  sec  52.2 MBytes   438 Mbits/sec  46440  
[  5]  39.00-40.00  sec  50.2 MBytes   421 Mbits/sec  44720  
[  5]  40.00-41.00  sec  52.1 MBytes   437 Mbits/sec  46370  
[  5]  41.00-42.00  sec  50.7 MBytes   425 Mbits/sec  45120  
[  5]  42.00-43.00  sec  58.2 MBytes   489 Mbits/sec  51850  
[  5]  43.00-44.00  sec  52.3 MBytes   439 Mbits/sec  46570  
[  5]  44.00-45.00  sec  52.6 MBytes   442 Mbits/sec  46850  
[  5]  45.00-46.00  sec  51.7 MBytes   434 Mbits/sec  46050  
[  5]  46.00-47.00  sec  52.5 MBytes   441 Mbits/sec  46750  
[  5]  47.00-48.00  sec  51.3 MBytes   430 Mbits/sec  45660  
[  5]  48.00-49.00  sec  52.3 MBytes   439 Mbits/sec  46580  
[  5]  49.00-50.00  sec  51.8 MBytes   434 Mbits/sec  46080  
[  5]  50.00-51.00  sec  53.4 MBytes   448 Mbits/sec  47510  
[  5]  51.00-52.00  sec  54.9 MBytes   461 Mbits/sec  48880  
[  5]  52.00-53.00  sec  52.3 MBytes   439 Mbits/sec  46560  
[  5]  53.00-54.00  sec  52.5 MBytes   441 Mbits/sec  46740  
[  5]  54.00-55.00  sec  49.3 MBytes   414 Mbits/sec  43890  
[  5]  55.00-56.00  sec  51.2 MBytes   430 Mbits/sec  45600  
[  5]  56.00-57.00  sec  54.5 MBytes   457 Mbits/sec  48540  
[  5]  57.00-58.00  sec  51.3 MBytes   430 Mbits/sec  45650  
[  5]  58.00-59.00  sec  50.5 MBytes   423 Mbits/sec  44930  
[  5]  59.00-60.00  sec  52.0 MBytes   436 Mbits/sec  46290  
- - - - - - - - - - - - - - - - - - - - - - - - -
[ ID] Interval           Transfer     Bitrate         Jitter    Lost/Total Datagrams
[  5]   0.00-60.00  sec  3.04 GBytes   435 Mbits/sec  0.000 ms  0/2771940 (0%)  sender
[  5]   0.00-60.26  sec  1.85 GBytes   264 Mbits/sec  0.104 ms  1106223/2771940 (40%)  receiver

iperf Done.
