Connecting to host 10.136.80.151, port 5201
[  5] local 10.136.173.125 port 34151 connected to 10.136.80.151 port 5201
[ ID] Interval           Transfer     Bitrate         Total Datagrams
[  5]   0.00-1.00   sec  55.6 MBytes   466 Mbits/sec  49480  (omitted)
[  5]   0.00-1.00   sec  54.7 MBytes   459 Mbits/sec  48670  
[  5]   1.00-2.00   sec  53.4 MBytes   448 Mbits/sec  47550  
[  5]   2.00-3.00   sec  54.8 MBytes   460 Mbits/sec  48770  
[  5]   3.00-4.00   sec  53.8 MBytes   451 Mbits/sec  47860  
[  5]   4.00-5.00   sec  54.8 MBytes   460 Mbits/sec  48800  
[  5]   5.00-6.00   sec  51.2 MBytes   429 Mbits/sec  45540  
[  5]   6.00-7.00   sec  56.4 MBytes   473 Mbits/sec  50220  
[  5]   7.00-8.00   sec  57.2 MBytes   480 Mbits/sec  50900  
[  5]   8.00-9.00   sec  54.9 MBytes   461 Mbits/sec  48870  
[  5]   9.00-10.00  sec  52.1 MBytes   437 Mbits/sec  46360  
[  5]  10.00-11.00  sec  55.0 MBytes   461 Mbits/sec  48950  
[  5]  11.00-12.00  sec  53.4 MBytes   448 Mbits/sec  47500  
[  5]  12.00-13.00  sec  53.5 MBytes   449 Mbits/sec  47650  
[  5]  13.00-14.00  sec  53.7 MBytes   450 Mbits/sec  47800  
[  5]  14.00-15.00  sec  51.7 MBytes   433 Mbits/sec  45980  
[  5]  15.00-16.00  sec  54.9 MBytes   460 Mbits/sec  48860  
[  5]  16.00-17.00  sec  53.7 MBytes   450 Mbits/sec  47790  
[  5]  17.00-18.00  sec  51.7 MBytes   434 Mbits/sec  46060  
[  5]  18.00-19.00  sec  52.5 MBytes   441 Mbits/sec  46750  
[  5]  19.00-20.00  sec  52.9 MBytes   444 Mbits/sec  47070  
[  5]  20.00-21.00  sec  53.1 MBytes   445 Mbits/sec  47260  
[  5]  21.00-22.00  sec  53.7 MBytes   450 Mbits/sec  47790  
[  5]  22.00-23.00  sec  52.3 MBytes   438 Mbits/sec  46520  
[  5]  23.00-24.00  sec  51.9 MBytes   436 Mbits/sec  46230  
[  5]  24.00-25.00  sec  42.2 MBytes   354 Mbits/sec  37520  
[  5]  25.00-26.00  sec  51.5 MBytes   432 Mbits/sec  45810  
[  5]  26.00-27.00  sec  53.5 MBytes   449 Mbits/sec  47620  
[  5]  27.00-28.00  sec  53.8 MBytes   451 Mbits/sec  47860  
[  5]  28.00-29.00  sec  54.3 MBytes   455 Mbits/sec  48330  
[  5]  29.00-30.00  sec  49.8 MBytes   418 Mbits/sec  44360  
[  5]  30.00-31.00  sec  50.8 MBytes   426 Mbits/sec  45190  
[  5]  31.00-32.00  sec  52.0 MBytes   436 Mbits/sec  46260  
[  5]  32.00-33.00  sec  52.6 MBytes   441 Mbits/sec  46840  
[  5]  33.00-34.00  sec  50.8 MBytes   426 Mbits/sec  45190  
[  5]  34.00-35.00  sec  48.6 MBytes   407 Mbits/sec  43220  
[  5]  35.00-36.00  sec  53.6 MBytes   449 Mbits/sec  47690  
[  5]  36.00-37.00  sec  53.2 MBytes   446 Mbits/sec  47360  
[  5]  37.00-38.00  sec  55.8 MBytes   468 Mbits/sec  49710  
[  5]  38.00-39.00  sec  52.8 MBytes   443 Mbits/sec  46960  
[  5]  39.00-40.00  sec  52.6 MBytes   441 Mbits/sec  46830  
[  5]  40.00-41.00  sec  51.7 MBytes   433 Mbits/sec  46000  
[  5]  41.00-42.00  sec  54.3 MBytes   455 Mbits/sec  48320  
[  5]  42.00-43.00  sec  56.6 MBytes   474 Mbits/sec  50350  
[  5]  43.00-44.00  sec  57.2 MBytes   480 Mbits/sec  50960  
[  5]  44.00-45.00  sec  52.4 MBytes   440 Mbits/sec  46680  
[  5]  45.00-46.00  sec  56.4 MBytes   473 Mbits/sec  50210  
[  5]  46.00-47.00  sec  55.3 MBytes   464 Mbits/sec  49210  
[  5]  47.00-48.00  sec  53.1 MBytes   446 Mbits/sec  47280  
[  5]  48.00-49.00  sec  53.4 MBytes   448 Mbits/sec  47570  
[  5]  49.00-50.00  sec  52.2 MBytes   437 Mbits/sec  46430  
[  5]  50.00-51.00  sec  53.9 MBytes   452 Mbits/sec  47950  
[  5]  51.00-52.00  sec  52.3 MBytes   439 Mbits/sec  46580  
[  5]  52.00-53.00  sec  51.3 MBytes   431 Mbits/sec  45690  
[  5]  53.00-54.00  sec  54.1 MBytes   454 Mbits/sec  48130  
[  5]  54.00-55.00  sec  58.0 MBytes   486 Mbits/sec  51590  
[  5]  55.00-56.00  sec  54.7 MBytes   459 Mbits/sec  48700  
[  5]  56.00-57.00  sec  54.7 MBytes   459 Mbits/sec  48700  
[  5]  57.00-58.00  sec  52.9 MBytes   444 Mbits/sec  47120  
[  5]  58.00-59.00  sec  52.3 MBytes   439 Mbits/sec  46530  
[  5]  59.00-60.00  sec  54.5 MBytes   457 Mbits/sec  48500  
- - - - - - - - - - - - - - - - - - - - - - - - -
[ ID] Interval           Transfer     Bitrate         Jitter    Lost/Total Datagrams
[  5]   0.00-60.00  sec  3.12 GBytes   447 Mbits/sec  0.000 ms  0/2845000 (0%)  sender
[  5]   0.00-60.22  sec  1.86 GBytes   265 Mbits/sec  0.048 ms  1174953/2845000 (41%)  receiver

iperf Done.
