Connecting to host knb-server-164352, port 5201
[  5] local 10.136.173.91 port 39659 connected to 10.43.70.202 port 5201
[ ID] Interval           Transfer     Bitrate         Total Datagrams
[  5]   0.00-1.00   sec  76.1 MBytes   638 Mbits/sec  67720  (omitted)
[  5]   0.00-1.00   sec  76.6 MBytes   642 Mbits/sec  68160  
[  5]   1.00-2.00   sec  76.9 MBytes   645 Mbits/sec  68450  
[  5]   2.00-3.00   sec  76.7 MBytes   644 Mbits/sec  68310  
[  5]   3.00-4.00   sec  76.1 MBytes   638 Mbits/sec  67750  
[  5]   4.00-5.00   sec  76.1 MBytes   638 Mbits/sec  67730  
[  5]   5.00-6.00   sec  78.8 MBytes   661 Mbits/sec  70110  
[  5]   6.00-7.00   sec  76.5 MBytes   642 Mbits/sec  68130  
[  5]   7.00-8.00   sec  76.9 MBytes   645 Mbits/sec  68460  
[  5]   8.00-9.00   sec  77.1 MBytes   647 Mbits/sec  68650  
[  5]   9.00-10.00  sec  76.7 MBytes   643 Mbits/sec  68250  
[  5]  10.00-11.00  sec  76.7 MBytes   643 Mbits/sec  68280  
[  5]  11.00-12.00  sec  78.0 MBytes   654 Mbits/sec  69450  
[  5]  12.00-13.00  sec  75.4 MBytes   632 Mbits/sec  67100  
[  5]  13.00-14.00  sec  75.8 MBytes   636 Mbits/sec  67480  
[  5]  14.00-15.00  sec  76.1 MBytes   639 Mbits/sec  67760  
[  5]  15.00-16.00  sec  68.5 MBytes   575 Mbits/sec  61010  
[  5]  16.00-17.00  sec  59.3 MBytes   497 Mbits/sec  52770  
[  5]  17.00-18.00  sec  80.4 MBytes   674 Mbits/sec  71560  
[  5]  18.00-19.00  sec  77.1 MBytes   646 Mbits/sec  68600  
[  5]  19.00-20.00  sec  76.7 MBytes   643 Mbits/sec  68230  
[  5]  20.00-21.00  sec  76.4 MBytes   641 Mbits/sec  68020  
[  5]  21.00-22.00  sec  76.9 MBytes   645 Mbits/sec  68430  
[  5]  22.00-23.00  sec  76.8 MBytes   644 Mbits/sec  68350  
[  5]  23.00-24.00  sec  75.4 MBytes   633 Mbits/sec  67150  
[  5]  24.00-25.00  sec  76.4 MBytes   641 Mbits/sec  68050  
[  5]  25.00-26.00  sec  76.3 MBytes   640 Mbits/sec  67930  
[  5]  26.00-27.00  sec  76.6 MBytes   642 Mbits/sec  68140  
[  5]  27.00-28.00  sec  77.0 MBytes   646 Mbits/sec  68500  
[  5]  28.00-29.00  sec  77.1 MBytes   647 Mbits/sec  68660  
[  5]  29.00-30.00  sec  76.8 MBytes   644 Mbits/sec  68380  
[  5]  30.00-31.00  sec  76.7 MBytes   644 Mbits/sec  68280  
[  5]  31.00-32.00  sec  77.3 MBytes   648 Mbits/sec  68810  
[  5]  32.00-33.00  sec  77.2 MBytes   647 Mbits/sec  68690  
[  5]  33.00-34.00  sec  74.9 MBytes   628 Mbits/sec  66680  
[  5]  34.00-35.00  sec  75.7 MBytes   635 Mbits/sec  67400  
[  5]  35.00-36.00  sec  75.9 MBytes   637 Mbits/sec  67600  
[  5]  36.00-37.00  sec  75.8 MBytes   636 Mbits/sec  67470  
[  5]  37.00-38.00  sec  76.8 MBytes   644 Mbits/sec  68340  
[  5]  38.00-39.00  sec  76.0 MBytes   638 Mbits/sec  67690  
[  5]  39.00-40.00  sec  76.6 MBytes   643 Mbits/sec  68180  
[  5]  40.00-41.00  sec  76.6 MBytes   643 Mbits/sec  68190  
[  5]  41.00-42.00  sec  77.0 MBytes   646 Mbits/sec  68540  
[  5]  42.00-43.00  sec  76.9 MBytes   645 Mbits/sec  68440  
[  5]  43.00-44.00  sec  76.2 MBytes   639 Mbits/sec  67810  
[  5]  44.00-45.00  sec  75.9 MBytes   637 Mbits/sec  67560  
[  5]  45.00-46.00  sec  77.1 MBytes   646 Mbits/sec  68590  
[  5]  46.00-47.00  sec  77.5 MBytes   650 Mbits/sec  69020  
[  5]  47.00-48.00  sec  76.8 MBytes   644 Mbits/sec  68330  
[  5]  48.00-49.00  sec  77.1 MBytes   647 Mbits/sec  68630  
[  5]  49.00-50.00  sec  73.1 MBytes   614 Mbits/sec  65110  
[  5]  50.00-51.00  sec  76.9 MBytes   645 Mbits/sec  68470  
[  5]  51.00-52.00  sec  77.1 MBytes   647 Mbits/sec  68660  
[  5]  52.00-53.00  sec  77.6 MBytes   651 Mbits/sec  69040  
[  5]  53.00-54.00  sec  76.6 MBytes   642 Mbits/sec  68160  
[  5]  54.00-55.00  sec  76.7 MBytes   643 Mbits/sec  68280  
[  5]  55.00-56.00  sec  76.3 MBytes   640 Mbits/sec  67890  
[  5]  56.00-57.00  sec  75.6 MBytes   634 Mbits/sec  67290  
[  5]  57.00-58.00  sec  76.4 MBytes   641 Mbits/sec  68000  
[  5]  58.00-59.00  sec  76.4 MBytes   641 Mbits/sec  68010  
[  5]  59.00-60.00  sec  76.8 MBytes   644 Mbits/sec  68330  
- - - - - - - - - - - - - - - - - - - - - - - - -
[ ID] Interval           Transfer     Bitrate         Jitter    Lost/Total Datagrams
[  5]   0.00-60.00  sec  4.46 GBytes   639 Mbits/sec  0.000 ms  0/4069340 (0%)  sender
[  5]   0.00-60.04  sec  4.47 GBytes   639 Mbits/sec  0.011 ms  1333/4069339 (0.033%)  receiver

iperf Done.
