Connecting to host knb-server-433611, port 5201
[  5] local 10.136.173.95 port 40099 connected to 10.43.120.84 port 5201
[ ID] Interval           Transfer     Bitrate         Total Datagrams
[  5]   0.00-1.00   sec  71.5 MBytes   600 Mbits/sec  63620  (omitted)
[  5]   0.00-1.00   sec  55.9 MBytes   469 Mbits/sec  49780  
[  5]   1.00-2.00   sec  75.6 MBytes   634 Mbits/sec  67260  
[  5]   2.00-3.00   sec  62.0 MBytes   520 Mbits/sec  55150  
[  5]   3.00-4.00   sec  72.0 MBytes   604 Mbits/sec  64120  
[  5]   4.00-5.00   sec  71.2 MBytes   598 Mbits/sec  63410  
[  5]   5.00-6.00   sec  71.2 MBytes   597 Mbits/sec  63380  
[  5]   6.00-7.00   sec  68.6 MBytes   576 Mbits/sec  61090  
[  5]   7.00-8.00   sec  67.7 MBytes   567 Mbits/sec  60220  
[  5]   8.00-9.00   sec  72.9 MBytes   612 Mbits/sec  64900  
[  5]   9.00-10.00  sec  55.6 MBytes   466 Mbits/sec  49450  
[  5]  10.00-11.00  sec  68.2 MBytes   572 Mbits/sec  60730  
[  5]  11.00-12.00  sec  65.1 MBytes   546 Mbits/sec  57960  
[  5]  12.00-13.00  sec  72.3 MBytes   607 Mbits/sec  64400  
[  5]  13.00-14.00  sec  71.4 MBytes   599 Mbits/sec  63580  
[  5]  14.00-15.00  sec  71.1 MBytes   596 Mbits/sec  63250  
[  5]  15.00-16.00  sec  72.3 MBytes   607 Mbits/sec  64370  
[  5]  16.00-17.00  sec  69.2 MBytes   580 Mbits/sec  61590  
[  5]  17.00-18.00  sec  73.6 MBytes   617 Mbits/sec  65490  
[  5]  18.00-19.00  sec  71.1 MBytes   597 Mbits/sec  63330  
[  5]  19.00-20.00  sec  71.1 MBytes   596 Mbits/sec  63260  
[  5]  20.00-21.00  sec  70.8 MBytes   594 Mbits/sec  63060  
[  5]  21.00-22.00  sec  72.4 MBytes   607 Mbits/sec  64410  
[  5]  22.00-23.00  sec  72.5 MBytes   608 Mbits/sec  64540  
[  5]  23.00-24.00  sec  73.0 MBytes   613 Mbits/sec  64990  
[  5]  24.00-25.00  sec  71.4 MBytes   599 Mbits/sec  63570  
[  5]  25.00-26.00  sec  69.5 MBytes   583 Mbits/sec  61860  
[  5]  26.00-27.00  sec  69.9 MBytes   586 Mbits/sec  62200  
[  5]  27.00-28.00  sec  72.0 MBytes   604 Mbits/sec  64120  
[  5]  28.00-29.00  sec  71.8 MBytes   603 Mbits/sec  63940  
[  5]  29.00-30.00  sec  71.3 MBytes   599 Mbits/sec  63500  
[  5]  30.00-31.00  sec  70.3 MBytes   590 Mbits/sec  62560  
[  5]  31.00-32.00  sec  72.4 MBytes   608 Mbits/sec  64470  
[  5]  32.00-33.00  sec  72.2 MBytes   606 Mbits/sec  64250  
[  5]  33.00-34.00  sec  70.2 MBytes   589 Mbits/sec  62470  
[  5]  34.00-35.00  sec  70.1 MBytes   588 Mbits/sec  62440  
[  5]  35.00-36.00  sec  71.5 MBytes   600 Mbits/sec  63670  
[  5]  36.00-37.00  sec  71.5 MBytes   600 Mbits/sec  63630  
[  5]  37.00-38.00  sec  71.9 MBytes   603 Mbits/sec  63990  
[  5]  38.00-39.00  sec  72.4 MBytes   607 Mbits/sec  64420  
[  5]  39.00-40.00  sec  72.8 MBytes   610 Mbits/sec  64780  
[  5]  40.00-41.00  sec  70.6 MBytes   592 Mbits/sec  62840  
[  5]  41.00-42.00  sec  73.7 MBytes   619 Mbits/sec  65630  
[  5]  42.00-43.00  sec  70.5 MBytes   591 Mbits/sec  62710  
[  5]  43.00-44.00  sec  70.4 MBytes   590 Mbits/sec  62640  
[  5]  44.00-45.00  sec  66.3 MBytes   556 Mbits/sec  59020  
[  5]  45.00-46.00  sec  71.0 MBytes   596 Mbits/sec  63240  
[  5]  46.00-47.00  sec  55.1 MBytes   462 Mbits/sec  49080  
[  5]  47.00-48.00  sec  52.5 MBytes   441 Mbits/sec  46770  
[  5]  48.00-49.00  sec  53.1 MBytes   445 Mbits/sec  47260  
[  5]  49.00-50.00  sec  52.8 MBytes   443 Mbits/sec  47000  
[  5]  50.00-51.00  sec  61.1 MBytes   513 Mbits/sec  54400  
[  5]  51.00-52.00  sec  70.6 MBytes   592 Mbits/sec  62860  
[  5]  52.00-53.00  sec  70.5 MBytes   591 Mbits/sec  62760  
[  5]  53.00-54.00  sec  70.9 MBytes   594 Mbits/sec  63070  
[  5]  54.00-55.00  sec  70.4 MBytes   590 Mbits/sec  62640  
[  5]  55.00-56.00  sec  71.5 MBytes   600 Mbits/sec  63670  
[  5]  56.00-57.00  sec  69.2 MBytes   580 Mbits/sec  61570  
[  5]  57.00-58.00  sec  69.4 MBytes   582 Mbits/sec  61810  
[  5]  58.00-59.00  sec  70.3 MBytes   590 Mbits/sec  62560  
[  5]  59.00-60.00  sec  70.8 MBytes   594 Mbits/sec  63000  
- - - - - - - - - - - - - - - - - - - - - - - - -
[ ID] Interval           Transfer     Bitrate         Jitter    Lost/Total Datagrams
[  5]   0.00-60.00  sec  4.04 GBytes   579 Mbits/sec  0.000 ms  0/3684120 (0%)  sender
[  5]   0.00-60.31  sec  1.88 GBytes   267 Mbits/sec  0.651 ms  1999089/3667016 (55%)  receiver

iperf Done.
