Connecting to host 10.136.80.136, port 5201
[  5] local 10.136.173.76 port 45040 connected to 10.136.80.136 port 5201
[ ID] Interval           Transfer     Bitrate         Total Datagrams
[  5]   0.00-1.00   sec  73.1 MBytes   613 Mbits/sec  65030  (omitted)
[  5]   0.00-1.00   sec  73.3 MBytes   615 Mbits/sec  65270  
[  5]   1.00-2.00   sec  73.8 MBytes   619 Mbits/sec  65650  
[  5]   2.00-3.00   sec  67.4 MBytes   566 Mbits/sec  60010  
[  5]   3.00-4.00   sec  63.7 MBytes   534 Mbits/sec  56690  
[  5]   4.00-5.00   sec  72.1 MBytes   605 Mbits/sec  64190  
[  5]   5.00-6.00   sec  73.0 MBytes   612 Mbits/sec  64940  
[  5]   6.00-7.00   sec  72.6 MBytes   609 Mbits/sec  64610  
[  5]   7.00-8.00   sec  73.2 MBytes   614 Mbits/sec  65150  
[  5]   8.00-9.00   sec  65.9 MBytes   553 Mbits/sec  58640  
[  5]   9.00-10.00  sec  74.6 MBytes   626 Mbits/sec  66420  
[  5]  10.00-11.00  sec  74.3 MBytes   624 Mbits/sec  66170  
[  5]  11.00-12.00  sec  75.6 MBytes   634 Mbits/sec  67280  
[  5]  12.00-13.00  sec  75.4 MBytes   633 Mbits/sec  67160  
[  5]  13.00-14.00  sec  74.8 MBytes   627 Mbits/sec  66570  
[  5]  14.00-15.00  sec  65.1 MBytes   546 Mbits/sec  57990  
[  5]  15.00-16.00  sec  75.1 MBytes   630 Mbits/sec  66850  
[  5]  16.00-17.00  sec  74.9 MBytes   629 Mbits/sec  66690  
[  5]  17.00-18.00  sec  75.0 MBytes   629 Mbits/sec  66720  
[  5]  18.00-19.00  sec  71.9 MBytes   603 Mbits/sec  63990  
[  5]  19.00-20.00  sec  72.8 MBytes   611 Mbits/sec  64810  
[  5]  20.00-21.00  sec  74.8 MBytes   627 Mbits/sec  66570  
[  5]  21.00-22.00  sec  75.8 MBytes   636 Mbits/sec  67470  
[  5]  22.00-23.00  sec  74.5 MBytes   625 Mbits/sec  66330  
[  5]  23.00-24.00  sec  74.8 MBytes   628 Mbits/sec  66610  
[  5]  24.00-25.00  sec  72.6 MBytes   609 Mbits/sec  64620  
[  5]  25.00-26.00  sec  74.3 MBytes   623 Mbits/sec  66140  
[  5]  26.00-27.00  sec  75.2 MBytes   631 Mbits/sec  66960  
[  5]  27.00-28.00  sec  75.4 MBytes   632 Mbits/sec  67110  
[  5]  28.00-29.00  sec  71.9 MBytes   603 Mbits/sec  64030  
[  5]  29.00-30.00  sec  73.4 MBytes   616 Mbits/sec  65370  
[  5]  30.00-31.00  sec  72.7 MBytes   610 Mbits/sec  64740  
[  5]  31.00-32.00  sec  74.4 MBytes   624 Mbits/sec  66260  
[  5]  32.00-33.00  sec  72.9 MBytes   612 Mbits/sec  64900  
[  5]  33.00-34.00  sec  73.8 MBytes   619 Mbits/sec  65650  
[  5]  34.00-35.00  sec  71.0 MBytes   595 Mbits/sec  63160  
[  5]  35.00-36.00  sec  75.2 MBytes   631 Mbits/sec  66970  
[  5]  36.00-37.00  sec  76.0 MBytes   638 Mbits/sec  67690  
[  5]  37.00-38.00  sec  74.3 MBytes   623 Mbits/sec  66140  
[  5]  38.00-39.00  sec  69.7 MBytes   585 Mbits/sec  62050  
[  5]  39.00-40.00  sec  74.9 MBytes   629 Mbits/sec  66700  
[  5]  40.00-41.00  sec  57.9 MBytes   485 Mbits/sec  51500  
[  5]  41.00-42.00  sec  70.5 MBytes   591 Mbits/sec  62740  
[  5]  42.00-43.00  sec  74.9 MBytes   628 Mbits/sec  66680  
[  5]  43.00-44.00  sec  72.8 MBytes   611 Mbits/sec  64780  
[  5]  44.00-45.00  sec  73.2 MBytes   614 Mbits/sec  65130  
[  5]  45.00-46.00  sec  74.0 MBytes   621 Mbits/sec  65880  
[  5]  46.00-47.00  sec  74.6 MBytes   625 Mbits/sec  66360  
[  5]  47.00-48.00  sec  74.5 MBytes   625 Mbits/sec  66280  
[  5]  48.00-49.00  sec  74.6 MBytes   626 Mbits/sec  66430  
[  5]  49.00-50.00  sec  74.7 MBytes   627 Mbits/sec  66530  
[  5]  50.00-51.00  sec  74.8 MBytes   627 Mbits/sec  66570  
[  5]  51.00-52.00  sec  73.3 MBytes   615 Mbits/sec  65250  
[  5]  52.00-53.00  sec  73.4 MBytes   616 Mbits/sec  65350  
[  5]  53.00-54.00  sec  63.7 MBytes   534 Mbits/sec  56720  
[  5]  54.00-55.00  sec  66.6 MBytes   559 Mbits/sec  59320  
[  5]  55.00-56.00  sec  75.0 MBytes   629 Mbits/sec  66720  
[  5]  56.00-57.00  sec  75.1 MBytes   630 Mbits/sec  66850  
[  5]  57.00-58.00  sec  74.8 MBytes   627 Mbits/sec  66540  
[  5]  58.00-59.00  sec  76.8 MBytes   645 Mbits/sec  68400  
[  5]  59.00-60.00  sec  69.0 MBytes   579 Mbits/sec  61430  
- - - - - - - - - - - - - - - - - - - - - - - - -
[ ID] Interval           Transfer     Bitrate         Jitter    Lost/Total Datagrams
[  5]   0.00-60.00  sec  4.26 GBytes   610 Mbits/sec  0.000 ms  0/3886730 (0%)  sender
[  5]   0.00-60.26  sec  1.65 GBytes   236 Mbits/sec  0.442 ms  2396523/3871804 (62%)  receiver

iperf Done.
