Connecting to host knb-server-1033449, port 5201
[  5] local 10.136.173.71 port 48013 connected to 10.43.135.136 port 5201
[ ID] Interval           Transfer     Bitrate         Total Datagrams
[  5]   0.00-1.00   sec  69.3 MBytes   581 Mbits/sec  61670  (omitted)
[  5]   0.00-1.00   sec  69.6 MBytes   584 Mbits/sec  61950  
[  5]   1.00-2.00   sec  73.5 MBytes   616 Mbits/sec  65420  
[  5]   2.00-3.00   sec  74.3 MBytes   623 Mbits/sec  66130  
[  5]   3.00-4.00   sec  70.4 MBytes   591 Mbits/sec  62690  
[  5]   4.00-5.00   sec  73.5 MBytes   616 Mbits/sec  65410  
[  5]   5.00-6.00   sec  72.1 MBytes   605 Mbits/sec  64210  
[  5]   6.00-7.00   sec  72.3 MBytes   607 Mbits/sec  64350  
[  5]   7.00-8.00   sec  70.7 MBytes   593 Mbits/sec  62900  
[  5]   8.00-9.00   sec  73.6 MBytes   617 Mbits/sec  65500  
[  5]   9.00-10.00  sec  72.9 MBytes   612 Mbits/sec  64920  
[  5]  10.00-11.00  sec  72.3 MBytes   606 Mbits/sec  64320  
[  5]  11.00-12.00  sec  72.1 MBytes   605 Mbits/sec  64170  
[  5]  12.00-13.00  sec  72.0 MBytes   604 Mbits/sec  64060  
[  5]  13.00-14.00  sec  69.6 MBytes   584 Mbits/sec  61940  
[  5]  14.00-15.00  sec  71.3 MBytes   598 Mbits/sec  63510  
[  5]  15.00-16.00  sec  71.2 MBytes   597 Mbits/sec  63390  
[  5]  16.00-17.00  sec  71.5 MBytes   600 Mbits/sec  63610  
[  5]  17.00-18.00  sec  71.6 MBytes   600 Mbits/sec  63710  
[  5]  18.00-19.00  sec  72.1 MBytes   605 Mbits/sec  64200  
[  5]  19.00-20.00  sec  68.0 MBytes   571 Mbits/sec  60560  
[  5]  20.00-21.00  sec  61.1 MBytes   512 Mbits/sec  54370  
[  5]  21.00-22.00  sec  71.5 MBytes   600 Mbits/sec  63630  
[  5]  22.00-23.00  sec  73.1 MBytes   613 Mbits/sec  65030  
[  5]  23.00-24.00  sec  71.8 MBytes   602 Mbits/sec  63900  
[  5]  24.00-25.00  sec  71.9 MBytes   603 Mbits/sec  64040  
[  5]  25.00-26.00  sec  72.2 MBytes   606 Mbits/sec  64300  
[  5]  26.00-27.00  sec  73.3 MBytes   615 Mbits/sec  65210  
[  5]  27.00-28.00  sec  72.7 MBytes   610 Mbits/sec  64720  
[  5]  28.00-29.00  sec  73.2 MBytes   614 Mbits/sec  65140  
[  5]  29.00-30.00  sec  70.6 MBytes   592 Mbits/sec  62860  
[  5]  30.00-31.00  sec  67.7 MBytes   568 Mbits/sec  60220  
[  5]  31.00-32.00  sec  63.9 MBytes   536 Mbits/sec  56860  
[  5]  32.00-33.00  sec  62.1 MBytes   521 Mbits/sec  55270  
[  5]  33.00-34.00  sec  71.9 MBytes   603 Mbits/sec  64020  
[  5]  34.00-35.00  sec  68.3 MBytes   573 Mbits/sec  60810  
[  5]  35.00-36.00  sec  61.5 MBytes   516 Mbits/sec  54740  
[  5]  36.00-37.00  sec  66.1 MBytes   555 Mbits/sec  58850  
[  5]  37.00-38.00  sec  62.7 MBytes   526 Mbits/sec  55820  
[  5]  38.00-39.00  sec  72.0 MBytes   604 Mbits/sec  64080  
[  5]  39.00-40.00  sec  71.1 MBytes   597 Mbits/sec  63300  
[  5]  40.00-41.00  sec  67.6 MBytes   567 Mbits/sec  60150  
[  5]  41.00-42.00  sec  70.4 MBytes   591 Mbits/sec  62680  
[  5]  42.00-43.00  sec  71.8 MBytes   602 Mbits/sec  63870  
[  5]  43.00-44.00  sec  71.3 MBytes   598 Mbits/sec  63470  
[  5]  44.00-45.00  sec  65.0 MBytes   545 Mbits/sec  57880  
[  5]  45.00-46.00  sec  72.6 MBytes   609 Mbits/sec  64640  
[  5]  46.00-47.00  sec  72.5 MBytes   608 Mbits/sec  64540  
[  5]  47.00-48.00  sec  73.1 MBytes   613 Mbits/sec  65090  
[  5]  48.00-49.00  sec  73.4 MBytes   616 Mbits/sec  65330  
[  5]  49.00-50.00  sec  73.0 MBytes   613 Mbits/sec  64990  
[  5]  50.00-51.00  sec  71.5 MBytes   600 Mbits/sec  63630  
[  5]  51.00-52.00  sec  72.1 MBytes   605 Mbits/sec  64170  
[  5]  52.00-53.00  sec  71.9 MBytes   603 Mbits/sec  63990  
[  5]  53.00-54.00  sec  71.2 MBytes   597 Mbits/sec  63370  
[  5]  54.00-55.00  sec  69.4 MBytes   582 Mbits/sec  61790  
[  5]  55.00-56.00  sec  73.6 MBytes   618 Mbits/sec  65530  
[  5]  56.00-57.00  sec  75.0 MBytes   629 Mbits/sec  66740  
[  5]  57.00-58.00  sec  73.4 MBytes   616 Mbits/sec  65330  
[  5]  58.00-59.00  sec  73.5 MBytes   617 Mbits/sec  65430  
[  5]  59.00-60.00  sec  66.0 MBytes   554 Mbits/sec  58750  
- - - - - - - - - - - - - - - - - - - - - - - - -
[ ID] Interval           Transfer     Bitrate         Jitter    Lost/Total Datagrams
[  5]   0.00-60.00  sec  4.14 GBytes   593 Mbits/sec  0.000 ms  0/3775490 (0%)  sender
[  5]   0.00-60.32  sec  1.67 GBytes   237 Mbits/sec  0.514 ms  2284501/3768159 (61%)  receiver

iperf Done.
