Connecting to host 10.136.80.179, port 5201
[  5] local 10.136.173.83 port 55156 connected to 10.136.80.179 port 5201
[ ID] Interval           Transfer     Bitrate         Total Datagrams
[  5]   0.00-1.00   sec  53.6 MBytes   449 Mbits/sec  47690  (omitted)
[  5]   0.00-1.00   sec  55.0 MBytes   461 Mbits/sec  48970  
[  5]   1.00-2.00   sec  50.4 MBytes   423 Mbits/sec  44840  
[  5]   2.00-3.00   sec  57.4 MBytes   481 Mbits/sec  51080  
[  5]   3.00-4.00   sec  56.0 MBytes   469 Mbits/sec  49810  
[  5]   4.00-5.00   sec  49.8 MBytes   418 Mbits/sec  44350  
[  5]   5.00-6.00   sec  46.0 MBytes   386 Mbits/sec  40970  
[  5]   6.00-7.00   sec  48.8 MBytes   409 Mbits/sec  43440  
[  5]   7.00-8.00   sec  58.6 MBytes   491 Mbits/sec  52120  
[  5]   8.00-9.00   sec  57.3 MBytes   481 Mbits/sec  51020  
[  5]   9.00-10.00  sec  53.6 MBytes   449 Mbits/sec  47680  
[  5]  10.00-11.00  sec  57.6 MBytes   483 Mbits/sec  51290  
[  5]  11.00-12.00  sec  50.4 MBytes   423 Mbits/sec  44900  
[  5]  12.00-13.00  sec  52.4 MBytes   439 Mbits/sec  46610  
[  5]  13.00-14.00  sec  52.5 MBytes   440 Mbits/sec  46730  
[  5]  14.00-15.00  sec  51.7 MBytes   434 Mbits/sec  46030  
[  5]  15.00-16.00  sec  56.1 MBytes   471 Mbits/sec  49970  
[  5]  16.00-17.00  sec  54.4 MBytes   456 Mbits/sec  48420  
[  5]  17.00-18.00  sec  56.9 MBytes   478 Mbits/sec  50690  
[  5]  18.00-19.00  sec  51.3 MBytes   430 Mbits/sec  45620  
[  5]  19.00-20.00  sec  52.3 MBytes   439 Mbits/sec  46590  
[  5]  20.00-21.00  sec  50.4 MBytes   422 Mbits/sec  44820  
[  5]  21.00-22.00  sec  49.5 MBytes   415 Mbits/sec  44070  
[  5]  22.00-23.00  sec  56.6 MBytes   475 Mbits/sec  50390  
[  5]  23.00-24.00  sec  58.0 MBytes   487 Mbits/sec  51620  
[  5]  24.00-25.00  sec  58.5 MBytes   491 Mbits/sec  52100  
[  5]  25.00-26.00  sec  54.1 MBytes   454 Mbits/sec  48180  
[  5]  26.00-27.00  sec  55.2 MBytes   463 Mbits/sec  49140  
[  5]  27.00-28.00  sec  56.4 MBytes   473 Mbits/sec  50230  
[  5]  28.00-29.00  sec  59.3 MBytes   497 Mbits/sec  52780  
[  5]  29.00-30.00  sec  50.9 MBytes   427 Mbits/sec  45340  
[  5]  30.00-31.00  sec  49.5 MBytes   415 Mbits/sec  44080  
[  5]  31.00-32.00  sec  50.7 MBytes   426 Mbits/sec  45170  
[  5]  32.00-33.00  sec  48.9 MBytes   411 Mbits/sec  43570  
[  5]  33.00-34.00  sec  51.6 MBytes   433 Mbits/sec  45940  
[  5]  34.00-35.00  sec  54.2 MBytes   454 Mbits/sec  48210  
[  5]  35.00-36.00  sec  51.9 MBytes   436 Mbits/sec  46230  
[  5]  36.00-37.00  sec  55.1 MBytes   463 Mbits/sec  49070  
[  5]  37.00-38.00  sec  50.5 MBytes   424 Mbits/sec  44990  
[  5]  38.00-39.00  sec  52.1 MBytes   437 Mbits/sec  46410  
[  5]  39.00-40.00  sec  59.7 MBytes   500 Mbits/sec  53100  
[  5]  40.00-41.00  sec  56.5 MBytes   474 Mbits/sec  50270  
[  5]  41.00-42.00  sec  53.1 MBytes   445 Mbits/sec  47260  
[  5]  42.00-43.00  sec  48.3 MBytes   405 Mbits/sec  42990  
[  5]  43.00-44.00  sec  56.6 MBytes   475 Mbits/sec  50390  
[  5]  44.00-45.00  sec  53.5 MBytes   449 Mbits/sec  47640  
[  5]  45.00-46.00  sec  53.5 MBytes   449 Mbits/sec  47600  
[  5]  46.00-47.00  sec  53.6 MBytes   450 Mbits/sec  47740  
[  5]  47.00-48.00  sec  49.8 MBytes   418 Mbits/sec  44370  
[  5]  48.00-49.00  sec  54.3 MBytes   455 Mbits/sec  48310  
[  5]  49.00-50.00  sec  49.5 MBytes   415 Mbits/sec  44080  
[  5]  50.00-51.00  sec  50.9 MBytes   427 Mbits/sec  45280  
[  5]  51.00-52.00  sec  57.0 MBytes   478 Mbits/sec  50770  
[  5]  52.00-53.00  sec  58.6 MBytes   492 Mbits/sec  52160  
[  5]  53.00-54.00  sec  56.6 MBytes   474 Mbits/sec  50350  
[  5]  54.00-55.00  sec  51.6 MBytes   433 Mbits/sec  45920  
[  5]  55.00-56.00  sec  47.5 MBytes   398 Mbits/sec  42250  
[  5]  56.00-57.00  sec  55.7 MBytes   467 Mbits/sec  49570  
[  5]  57.00-58.00  sec  51.4 MBytes   431 Mbits/sec  45710  
[  5]  58.00-59.00  sec  52.5 MBytes   441 Mbits/sec  46770  
[  5]  59.00-60.00  sec  54.7 MBytes   459 Mbits/sec  48650  
- - - - - - - - - - - - - - - - - - - - - - - - -
[ ID] Interval           Transfer     Bitrate         Jitter    Lost/Total Datagrams
[  5]   0.00-60.00  sec  3.13 GBytes   448 Mbits/sec  0.000 ms  0/2854650 (0%)  sender
[  5]   0.00-60.10  sec  1.32 GBytes   188 Mbits/sec  0.031 ms  1684456/2854650 (59%)  receiver

iperf Done.
