Connecting to host 10.136.80.139, port 5201
[  5] local 10.136.173.73 port 37240 connected to 10.136.80.139 port 5201
[ ID] Interval           Transfer     Bitrate         Retr  Cwnd
[  5]   0.00-1.00   sec  92.7 MBytes   777 Mbits/sec  343    497 KBytes       (omitted)
[  5]   0.00-1.00   sec  91.9 MBytes   771 Mbits/sec    0    620 KBytes       
[  5]   1.00-2.00   sec  92.5 MBytes   776 Mbits/sec    9    539 KBytes       
[  5]   2.00-3.00   sec  91.2 MBytes   765 Mbits/sec    0    654 KBytes       
[  5]   3.00-4.00   sec  92.5 MBytes   776 Mbits/sec    0    752 KBytes       
[  5]   4.00-5.00   sec  92.5 MBytes   776 Mbits/sec    0    840 KBytes       
[  5]   5.00-6.00   sec  91.2 MBytes   766 Mbits/sec    8    668 KBytes       
[  5]   6.00-7.00   sec  91.2 MBytes   765 Mbits/sec    0    763 KBytes       
[  5]   7.00-8.00   sec  91.2 MBytes   765 Mbits/sec    0    848 KBytes       
[  5]   8.00-9.00   sec  92.5 MBytes   776 Mbits/sec    0    926 KBytes       
[  5]   9.00-10.00  sec  92.5 MBytes   776 Mbits/sec    0    998 KBytes       
[  5]  10.00-11.00  sec  91.2 MBytes   765 Mbits/sec    0   1.04 MBytes       
[  5]  11.00-12.00  sec  92.5 MBytes   776 Mbits/sec   21    826 KBytes       
[  5]  12.00-13.00  sec  92.5 MBytes   776 Mbits/sec    1    909 KBytes       
[  5]  13.00-14.00  sec  91.2 MBytes   765 Mbits/sec   14    688 KBytes       
[  5]  14.00-15.00  sec  92.5 MBytes   776 Mbits/sec    0    782 KBytes       
[  5]  15.00-16.00  sec  92.5 MBytes   776 Mbits/sec    0    861 KBytes       
[  5]  16.00-17.00  sec  91.2 MBytes   765 Mbits/sec    4    665 KBytes       
[  5]  17.00-18.00  sec  91.2 MBytes   765 Mbits/sec    5    582 KBytes       
[  5]  18.00-19.00  sec  92.5 MBytes   776 Mbits/sec    0    691 KBytes       
[  5]  19.00-20.00  sec  92.5 MBytes   776 Mbits/sec    0    784 KBytes       
[  5]  20.00-21.00  sec  91.2 MBytes   766 Mbits/sec    0    866 KBytes       
[  5]  21.00-22.00  sec  91.2 MBytes   765 Mbits/sec    6    688 KBytes       
[  5]  22.00-23.00  sec  92.5 MBytes   776 Mbits/sec    0    781 KBytes       
[  5]  23.00-24.00  sec  91.2 MBytes   765 Mbits/sec    0    864 KBytes       
[  5]  24.00-25.00  sec  92.5 MBytes   776 Mbits/sec    0    941 KBytes       
[  5]  25.00-26.00  sec  92.5 MBytes   776 Mbits/sec   21    737 KBytes       
[  5]  26.00-27.00  sec  91.2 MBytes   765 Mbits/sec    0    822 KBytes       
[  5]  27.00-28.00  sec  92.5 MBytes   776 Mbits/sec    0    900 KBytes       
[  5]  28.00-29.00  sec  91.2 MBytes   765 Mbits/sec   21    699 KBytes       
[  5]  29.00-30.00  sec  92.5 MBytes   776 Mbits/sec   37    788 KBytes       
[  5]  30.00-31.00  sec  92.5 MBytes   776 Mbits/sec    7    635 KBytes       
[  5]  31.00-32.00  sec  91.2 MBytes   765 Mbits/sec    6    523 KBytes       
[  5]  32.00-33.00  sec  92.5 MBytes   775 Mbits/sec    0    639 KBytes       
[  5]  33.00-34.00  sec  91.2 MBytes   766 Mbits/sec    0    739 KBytes       
[  5]  34.00-35.00  sec  91.2 MBytes   765 Mbits/sec   14    627 KBytes       
[  5]  35.00-36.00  sec  92.5 MBytes   776 Mbits/sec    0    728 KBytes       
[  5]  36.00-37.00  sec  91.2 MBytes   765 Mbits/sec    0    816 KBytes       
[  5]  37.00-38.00  sec  91.2 MBytes   765 Mbits/sec    7    659 KBytes       
[  5]  38.00-39.00  sec  92.5 MBytes   776 Mbits/sec    6    580 KBytes       
[  5]  39.00-40.00  sec  91.2 MBytes   765 Mbits/sec    0    689 KBytes       
[  5]  40.00-41.00  sec  92.5 MBytes   776 Mbits/sec    0    782 KBytes       
[  5]  41.00-42.00  sec  91.2 MBytes   765 Mbits/sec    5    610 KBytes       
[  5]  42.00-43.00  sec  92.5 MBytes   776 Mbits/sec    0    714 KBytes       
[  5]  43.00-44.00  sec  91.2 MBytes   765 Mbits/sec    0    804 KBytes       
[  5]  44.00-45.00  sec  92.5 MBytes   776 Mbits/sec    0    886 KBytes       
[  5]  45.00-46.00  sec  92.5 MBytes   776 Mbits/sec    7    685 KBytes       
[  5]  46.00-47.00  sec  91.2 MBytes   765 Mbits/sec    0    778 KBytes       
[  5]  47.00-48.00  sec  92.5 MBytes   776 Mbits/sec    0    861 KBytes       
[  5]  48.00-49.00  sec  92.5 MBytes   776 Mbits/sec    8    700 KBytes       
[  5]  49.00-50.00  sec  91.2 MBytes   765 Mbits/sec   13    411 KBytes       
[  5]  50.00-51.00  sec  91.2 MBytes   765 Mbits/sec    0    552 KBytes       
[  5]  51.00-52.00  sec  91.2 MBytes   765 Mbits/sec    1    661 KBytes       
[  5]  52.00-53.00  sec  91.2 MBytes   765 Mbits/sec    0    755 KBytes       
[  5]  53.00-54.00  sec  92.5 MBytes   776 Mbits/sec    0    842 KBytes       
[  5]  54.00-55.00  sec  92.5 MBytes   776 Mbits/sec    1    917 KBytes       
[  5]  55.00-56.00  sec  92.5 MBytes   776 Mbits/sec    0    990 KBytes       
[  5]  56.00-57.00  sec  91.2 MBytes   765 Mbits/sec    0   1.03 MBytes       
[  5]  57.00-58.00  sec  92.5 MBytes   776 Mbits/sec   14    821 KBytes       
[  5]  58.00-59.00  sec  92.5 MBytes   776 Mbits/sec    0    909 KBytes       
[  5]  59.00-60.00  sec  91.2 MBytes   765 Mbits/sec   21    714 KBytes       
- - - - - - - - - - - - - - - - - - - - - - - - -
[ ID] Interval           Transfer     Bitrate         Retr
[  5]   0.00-60.00  sec  5.39 GBytes   771 Mbits/sec  257             sender
[  5]   0.00-60.04  sec  5.39 GBytes   771 Mbits/sec                  receiver

iperf Done.
