Connecting to host 10.136.80.140, port 5201
[  5] local 10.136.173.78 port 39487 connected to 10.136.80.140 port 5201
[ ID] Interval           Transfer     Bitrate         Total Datagrams
[  5]   0.00-1.00   sec  81.4 MBytes   683 Mbits/sec  72440  (omitted)
[  5]   0.00-1.00   sec  80.4 MBytes   674 Mbits/sec  71560  
[  5]   1.00-2.00   sec  81.6 MBytes   684 Mbits/sec  72620  
[  5]   2.00-3.00   sec  81.4 MBytes   683 Mbits/sec  72430  
[  5]   3.00-4.00   sec  81.1 MBytes   680 Mbits/sec  72190  
[  5]   4.00-5.00   sec  81.0 MBytes   679 Mbits/sec  72080  
[  5]   5.00-6.00   sec  81.5 MBytes   684 Mbits/sec  72570  
[  5]   6.00-7.00   sec  81.2 MBytes   681 Mbits/sec  72270  
[  5]   7.00-8.00   sec  80.9 MBytes   679 Mbits/sec  72050  
[  5]   8.00-9.00   sec  81.3 MBytes   682 Mbits/sec  72330  
[  5]   9.00-10.00  sec  81.1 MBytes   680 Mbits/sec  72180  
[  5]  10.00-11.00  sec  81.1 MBytes   681 Mbits/sec  72220  
[  5]  11.00-12.00  sec  81.7 MBytes   685 Mbits/sec  72730  
[  5]  12.00-13.00  sec  81.3 MBytes   682 Mbits/sec  72350  
[  5]  13.00-14.00  sec  80.6 MBytes   676 Mbits/sec  71710  
[  5]  14.00-15.00  sec  80.7 MBytes   677 Mbits/sec  71850  
[  5]  15.00-16.00  sec  80.5 MBytes   675 Mbits/sec  71650  
[  5]  16.00-17.00  sec  78.2 MBytes   656 Mbits/sec  69610  
[  5]  17.00-18.00  sec  79.5 MBytes   667 Mbits/sec  70760  
[  5]  18.00-19.00  sec  80.1 MBytes   672 Mbits/sec  71260  
[  5]  19.00-20.00  sec  80.2 MBytes   673 Mbits/sec  71400  
[  5]  20.00-21.00  sec  75.9 MBytes   637 Mbits/sec  67600  
[  5]  21.00-22.00  sec  76.1 MBytes   638 Mbits/sec  67730  
[  5]  22.00-23.00  sec  75.6 MBytes   635 Mbits/sec  67330  
[  5]  23.00-24.00  sec  75.9 MBytes   637 Mbits/sec  67550  
[  5]  24.00-25.00  sec  79.9 MBytes   670 Mbits/sec  71130  
[  5]  25.00-26.00  sec  84.6 MBytes   710 Mbits/sec  75300  
[  5]  26.00-27.00  sec  80.2 MBytes   673 Mbits/sec  71420  
[  5]  27.00-28.00  sec  81.0 MBytes   680 Mbits/sec  72130  
[  5]  28.00-29.00  sec  80.5 MBytes   675 Mbits/sec  71620  
[  5]  29.00-30.00  sec  81.3 MBytes   682 Mbits/sec  72390  
[  5]  30.00-31.00  sec  81.2 MBytes   681 Mbits/sec  72240  
[  5]  31.00-32.00  sec  81.7 MBytes   685 Mbits/sec  72700  
[  5]  32.00-33.00  sec  81.6 MBytes   685 Mbits/sec  72640  
[  5]  33.00-34.00  sec  81.1 MBytes   681 Mbits/sec  72220  
[  5]  34.00-35.00  sec  78.7 MBytes   660 Mbits/sec  70080  
[  5]  35.00-36.00  sec  74.9 MBytes   628 Mbits/sec  66650  
[  5]  36.00-37.00  sec  73.5 MBytes   616 Mbits/sec  65400  
[  5]  37.00-38.00  sec  75.8 MBytes   636 Mbits/sec  67460  
[  5]  38.00-39.00  sec  70.9 MBytes   595 Mbits/sec  63100  
[  5]  39.00-40.00  sec  74.7 MBytes   627 Mbits/sec  66490  
[  5]  40.00-41.00  sec  60.3 MBytes   506 Mbits/sec  53670  
[  5]  41.00-42.00  sec  58.0 MBytes   487 Mbits/sec  51650  
[  5]  42.00-43.00  sec  75.1 MBytes   630 Mbits/sec  66890  
[  5]  43.00-44.00  sec  76.2 MBytes   639 Mbits/sec  67850  
[  5]  44.00-45.00  sec  69.9 MBytes   586 Mbits/sec  62180  
[  5]  45.00-46.00  sec  73.8 MBytes   619 Mbits/sec  65650  
[  5]  46.00-47.00  sec  75.7 MBytes   635 Mbits/sec  67420  
[  5]  47.00-48.00  sec  75.3 MBytes   632 Mbits/sec  67030  
[  5]  48.00-49.00  sec  81.2 MBytes   681 Mbits/sec  72290  
[  5]  49.00-50.00  sec  81.2 MBytes   681 Mbits/sec  72260  
[  5]  50.00-51.00  sec  79.7 MBytes   669 Mbits/sec  70980  
[  5]  51.00-52.00  sec  81.5 MBytes   684 Mbits/sec  72540  
[  5]  52.00-53.00  sec  75.9 MBytes   636 Mbits/sec  67540  
[  5]  53.00-54.00  sec  75.7 MBytes   635 Mbits/sec  67420  
[  5]  54.00-55.00  sec  76.7 MBytes   644 Mbits/sec  68310  
[  5]  55.00-56.00  sec  78.8 MBytes   661 Mbits/sec  70130  
[  5]  56.00-57.00  sec  79.9 MBytes   670 Mbits/sec  71140  
[  5]  57.00-58.00  sec  79.4 MBytes   667 Mbits/sec  70720  
[  5]  58.00-59.00  sec  79.9 MBytes   670 Mbits/sec  71100  
[  5]  59.00-60.00  sec  80.5 MBytes   675 Mbits/sec  71660  
- - - - - - - - - - - - - - - - - - - - - - - - -
[ ID] Interval           Transfer     Bitrate         Jitter    Lost/Total Datagrams
[  5]   0.00-60.00  sec  4.59 GBytes   656 Mbits/sec  0.000 ms  0/4179430 (0%)  sender
[  5]   0.00-60.08  sec  2.56 GBytes   367 Mbits/sec  0.081 ms  1880072/4179430 (45%)  receiver

iperf Done.
