Connecting to host 10.136.80.141, port 5201
[  5] local 10.136.173.116 port 44358 connected to 10.136.80.141 port 5201
[ ID] Interval           Transfer     Bitrate         Total Datagrams
[  5]   0.00-1.00   sec  96.0 MBytes   805 Mbits/sec  71980  (omitted)
[  5]   0.00-1.00   sec  97.7 MBytes   819 Mbits/sec  73250  
[  5]   1.00-2.00   sec  97.4 MBytes   817 Mbits/sec  73070  
[  5]   2.00-3.00   sec  98.3 MBytes   825 Mbits/sec  73740  
[  5]   3.00-4.00   sec  96.9 MBytes   812 Mbits/sec  72650  
[  5]   4.00-5.00   sec  95.3 MBytes   800 Mbits/sec  71500  
[  5]   5.00-6.00   sec  97.8 MBytes   821 Mbits/sec  73370  
[  5]   6.00-7.00   sec  95.1 MBytes   798 Mbits/sec  71320  
[  5]   7.00-8.00   sec  95.4 MBytes   800 Mbits/sec  71560  
[  5]   8.00-9.00   sec  94.7 MBytes   794 Mbits/sec  71010  
[  5]   9.00-10.00  sec  96.5 MBytes   810 Mbits/sec  72400  
[  5]  10.00-11.00  sec  95.7 MBytes   803 Mbits/sec  71770  
[  5]  11.00-12.00  sec  95.9 MBytes   804 Mbits/sec  71920  
[  5]  12.00-13.00  sec  97.4 MBytes   817 Mbits/sec  73050  
[  5]  13.00-14.00  sec  98.2 MBytes   824 Mbits/sec  73680  
[  5]  14.00-15.00  sec  98.5 MBytes   826 Mbits/sec  73880  
[  5]  15.00-16.00  sec  99.0 MBytes   830 Mbits/sec  74220  
[  5]  16.00-17.00  sec  95.1 MBytes   798 Mbits/sec  71330  
[  5]  17.00-18.00  sec  98.1 MBytes   823 Mbits/sec  73570  
[  5]  18.00-19.00  sec  98.2 MBytes   824 Mbits/sec  73630  
[  5]  19.00-20.00  sec  98.4 MBytes   826 Mbits/sec  73840  
[  5]  20.00-21.00  sec  99.4 MBytes   834 Mbits/sec  74540  
[  5]  21.00-22.00  sec  99.1 MBytes   831 Mbits/sec  74350  
[  5]  22.00-23.00  sec  98.6 MBytes   827 Mbits/sec  73920  
[  5]  23.00-24.00  sec  97.4 MBytes   817 Mbits/sec  73020  
[  5]  24.00-25.00  sec  98.9 MBytes   830 Mbits/sec  74210  
[  5]  25.00-26.00  sec  99.0 MBytes   830 Mbits/sec  74240  
[  5]  26.00-27.00  sec  98.1 MBytes   823 Mbits/sec  73560  
[  5]  27.00-28.00  sec  98.7 MBytes   828 Mbits/sec  74040  
[  5]  28.00-29.00  sec  98.8 MBytes   829 Mbits/sec  74110  
[  5]  29.00-30.00  sec  98.5 MBytes   826 Mbits/sec  73870  
[  5]  30.00-31.00  sec  98.5 MBytes   827 Mbits/sec  73900  
[  5]  31.00-32.00  sec  98.3 MBytes   825 Mbits/sec  73750  
[  5]  32.00-33.00  sec  98.9 MBytes   829 Mbits/sec  74160  
[  5]  33.00-34.00  sec  98.6 MBytes   827 Mbits/sec  73960  
[  5]  34.00-35.00  sec  99.0 MBytes   831 Mbits/sec  74270  
[  5]  35.00-36.00  sec  98.9 MBytes   830 Mbits/sec  74180  
[  5]  36.00-37.00  sec  98.2 MBytes   823 Mbits/sec  73620  
[  5]  37.00-38.00  sec  99.3 MBytes   833 Mbits/sec  74470  
[  5]  38.00-39.00  sec  98.0 MBytes   822 Mbits/sec  73530  
[  5]  39.00-40.00  sec  97.8 MBytes   821 Mbits/sec  73360  
[  5]  40.00-41.00  sec  98.1 MBytes   823 Mbits/sec  73580  
[  5]  41.00-42.00  sec  97.9 MBytes   821 Mbits/sec  73400  
[  5]  42.00-43.00  sec  98.0 MBytes   822 Mbits/sec  73540  
[  5]  43.00-44.00  sec  96.2 MBytes   807 Mbits/sec  72160  
[  5]  44.00-45.00  sec  97.3 MBytes   816 Mbits/sec  73000  
[  5]  45.00-46.00  sec  96.7 MBytes   811 Mbits/sec  72560  
[  5]  46.00-47.00  sec  94.8 MBytes   795 Mbits/sec  71120  
[  5]  47.00-48.00  sec  96.7 MBytes   811 Mbits/sec  72530  
[  5]  48.00-49.00  sec  96.0 MBytes   805 Mbits/sec  72010  
[  5]  49.00-50.00  sec  95.5 MBytes   801 Mbits/sec  71620  
[  5]  50.00-51.00  sec  96.6 MBytes   811 Mbits/sec  72490  
[  5]  51.00-52.00  sec  96.8 MBytes   812 Mbits/sec  72610  
[  5]  52.00-53.00  sec  96.8 MBytes   812 Mbits/sec  72630  
[  5]  53.00-54.00  sec   101 MBytes   846 Mbits/sec  75660  
[  5]  54.00-55.00  sec  97.8 MBytes   820 Mbits/sec  73330  
[  5]  55.00-56.00  sec  98.6 MBytes   827 Mbits/sec  73990  
[  5]  56.00-57.00  sec  97.5 MBytes   818 Mbits/sec  73100  
[  5]  57.00-58.00  sec  98.2 MBytes   824 Mbits/sec  73670  
[  5]  58.00-59.00  sec  98.2 MBytes   824 Mbits/sec  73660  
[  5]  59.00-60.00  sec  99.6 MBytes   835 Mbits/sec  74680  
- - - - - - - - - - - - - - - - - - - - - - - - -
[ ID] Interval           Transfer     Bitrate         Jitter    Lost/Total Datagrams
[  5]   0.00-60.00  sec  5.72 GBytes   819 Mbits/sec  0.000 ms  0/4395160 (0%)  sender
[  5]   0.00-60.97  sec   321 MBytes  44.2 Mbits/sec  0.018 ms  4207475/4379203 (96%)  receiver

iperf Done.
