Connecting to host 10.136.80.182, port 5201
[  5] local 10.136.173.119 port 60978 connected to 10.136.80.182 port 5201
[ ID] Interval           Transfer     Bitrate         Retr  Cwnd
[  5]   0.00-1.00   sec  10.7 MBytes  89.8 Mbits/sec   99   8.05 KBytes       (omitted)
[  5]   0.00-1.00   sec  10.3 MBytes  86.0 Mbits/sec  102   5.75 KBytes       
[  5]   1.00-2.00   sec  11.7 MBytes  98.5 Mbits/sec   99   10.4 KBytes       
[  5]   2.00-3.00   sec  10.0 MBytes  84.0 Mbits/sec  100   11.5 KBytes       
[  5]   3.00-4.00   sec  12.7 MBytes   107 Mbits/sec  111   4.60 KBytes       
[  5]   4.00-5.00   sec  10.9 MBytes  91.2 Mbits/sec   96   5.75 KBytes       
[  5]   5.00-6.00   sec  10.6 MBytes  89.2 Mbits/sec   95   8.05 KBytes       
[  5]   6.00-7.00   sec  9.02 MBytes  75.7 Mbits/sec   91   4.60 KBytes       
[  5]   7.00-8.00   sec  9.27 MBytes  77.7 Mbits/sec   96   1.15 KBytes       
[  5]   8.00-9.00   sec  10.6 MBytes  89.2 Mbits/sec   84   10.4 KBytes       
[  5]   9.00-10.00  sec  12.1 MBytes   102 Mbits/sec   97   9.20 KBytes       
[  5]  10.00-11.00  sec  10.8 MBytes  90.2 Mbits/sec   94   5.75 KBytes       
[  5]  11.00-12.00  sec  13.1 MBytes   110 Mbits/sec   96   5.75 KBytes       
[  5]  12.00-13.00  sec  9.89 MBytes  82.9 Mbits/sec   91   5.75 KBytes       
[  5]  13.00-14.00  sec  8.90 MBytes  74.6 Mbits/sec   90   8.05 KBytes       
[  5]  14.00-15.00  sec  11.4 MBytes  95.9 Mbits/sec   94   9.20 KBytes       
[  5]  15.00-16.00  sec  10.4 MBytes  87.2 Mbits/sec   95   8.05 KBytes       
[  5]  16.00-17.00  sec  8.77 MBytes  73.6 Mbits/sec   92   6.90 KBytes       
[  5]  17.00-18.00  sec  12.8 MBytes   107 Mbits/sec  107   11.5 KBytes       
[  5]  18.00-19.00  sec  11.4 MBytes  95.9 Mbits/sec  114   12.7 KBytes       
[  5]  19.00-20.00  sec  12.0 MBytes   101 Mbits/sec   99   10.4 KBytes       
[  5]  20.00-21.00  sec  11.2 MBytes  93.8 Mbits/sec   91   8.05 KBytes       
[  5]  21.00-22.00  sec  8.59 MBytes  72.1 Mbits/sec   76   4.60 KBytes       
[  5]  22.00-23.00  sec  11.6 MBytes  97.4 Mbits/sec   92   10.4 KBytes       
[  5]  23.00-24.00  sec  9.95 MBytes  83.5 Mbits/sec  102   2.30 KBytes       
[  5]  24.00-25.00  sec  9.76 MBytes  81.9 Mbits/sec   89   9.20 KBytes       
[  5]  25.00-26.00  sec  7.91 MBytes  66.3 Mbits/sec   92   13.8 KBytes       
[  5]  26.00-27.00  sec  8.90 MBytes  74.6 Mbits/sec   96   12.7 KBytes       
[  5]  27.00-28.00  sec  8.47 MBytes  71.0 Mbits/sec   78   12.7 KBytes       
[  5]  28.00-29.00  sec  10.9 MBytes  91.7 Mbits/sec  100   16.1 KBytes       
[  5]  29.00-30.00  sec  8.53 MBytes  71.5 Mbits/sec   84   11.5 KBytes       
[  5]  30.00-31.00  sec  10.2 MBytes  85.5 Mbits/sec   97   8.05 KBytes       
[  5]  31.00-32.00  sec  8.65 MBytes  72.6 Mbits/sec   96   8.05 KBytes       
[  5]  32.00-33.00  sec  10.6 MBytes  89.1 Mbits/sec   98   8.05 KBytes       
[  5]  33.00-34.00  sec  11.9 MBytes   100 Mbits/sec   98   4.60 KBytes       
[  5]  34.00-35.00  sec  10.6 MBytes  88.6 Mbits/sec  105   8.05 KBytes       
[  5]  35.00-36.00  sec  11.0 MBytes  92.3 Mbits/sec   96   46.0 KBytes       
[  5]  36.00-37.00  sec  10.6 MBytes  89.2 Mbits/sec   86   3.45 KBytes       
[  5]  37.00-38.00  sec  11.6 MBytes  96.9 Mbits/sec   94   6.90 KBytes       
[  5]  38.00-39.00  sec  9.52 MBytes  79.8 Mbits/sec   89   5.75 KBytes       
[  5]  39.00-40.00  sec  11.9 MBytes  99.5 Mbits/sec  124   9.20 KBytes       
[  5]  40.00-41.00  sec  10.9 MBytes  91.2 Mbits/sec   96   11.5 KBytes       
[  5]  41.00-42.00  sec  8.77 MBytes  73.6 Mbits/sec   91   9.20 KBytes       
[  5]  42.00-43.00  sec  10.3 MBytes  86.0 Mbits/sec   84   11.5 KBytes       
[  5]  43.00-44.00  sec  9.27 MBytes  77.7 Mbits/sec   86   9.20 KBytes       
[  5]  44.00-45.00  sec  10.4 MBytes  87.1 Mbits/sec   86   9.20 KBytes       
[  5]  45.00-46.00  sec  9.52 MBytes  79.8 Mbits/sec   90   9.20 KBytes       
[  5]  46.00-47.00  sec  9.89 MBytes  82.9 Mbits/sec  106   9.20 KBytes       
[  5]  47.00-48.00  sec  10.6 MBytes  89.2 Mbits/sec   93   5.75 KBytes       
[  5]  48.00-49.00  sec  10.7 MBytes  89.7 Mbits/sec   98   6.90 KBytes       
[  5]  49.00-50.00  sec  11.4 MBytes  95.9 Mbits/sec   90   9.20 KBytes       
[  5]  50.00-51.00  sec  10.4 MBytes  87.6 Mbits/sec  112   10.4 KBytes       
[  5]  51.00-52.00  sec  9.02 MBytes  75.7 Mbits/sec   93   4.60 KBytes       
[  5]  52.00-53.00  sec  10.1 MBytes  84.5 Mbits/sec  108   6.90 KBytes       
[  5]  53.00-54.00  sec  8.62 MBytes  72.3 Mbits/sec   87   43.7 KBytes       
[  5]  54.00-55.00  sec  9.45 MBytes  79.3 Mbits/sec   93   10.4 KBytes       
[  5]  55.00-56.00  sec  10.5 MBytes  88.1 Mbits/sec   95   5.75 KBytes       
[  5]  56.00-57.00  sec  8.09 MBytes  67.9 Mbits/sec   95   2.30 KBytes       
[  5]  57.00-58.00  sec  10.1 MBytes  84.5 Mbits/sec   87   6.90 KBytes       
[  5]  58.00-59.00  sec  10.5 MBytes  88.1 Mbits/sec  106   8.05 KBytes       
[  5]  59.00-60.00  sec  10.4 MBytes  87.1 Mbits/sec   87   4.60 KBytes       
- - - - - - - - - - - - - - - - - - - - - - - - -
[ ID] Interval           Transfer     Bitrate         Retr
[  5]   0.00-60.00  sec   618 MBytes  86.4 Mbits/sec  5709             sender
[  5]   0.00-60.00  sec   618 MBytes  86.4 Mbits/sec                  receiver

iperf Done.
