Connecting to host 10.136.80.170, port 5201
[  5] local 10.136.173.106 port 54030 connected to 10.136.80.170 port 5201
[ ID] Interval           Transfer     Bitrate         Total Datagrams
[  5]   0.00-1.00   sec  58.5 MBytes   491 Mbits/sec  52100  (omitted)
[  5]   0.00-1.00   sec  57.1 MBytes   479 Mbits/sec  50810  
[  5]   1.00-2.00   sec  53.8 MBytes   452 Mbits/sec  47930  
[  5]   2.00-3.00   sec  57.6 MBytes   483 Mbits/sec  51270  
[  5]   3.00-4.00   sec  42.7 MBytes   359 Mbits/sec  38050  
[  5]   4.00-5.00   sec  49.3 MBytes   414 Mbits/sec  43910  
[  5]   5.00-6.00   sec  54.6 MBytes   458 Mbits/sec  48620  
[  5]   6.00-7.00   sec  63.2 MBytes   530 Mbits/sec  56240  
[  5]   7.00-8.00   sec  56.7 MBytes   476 Mbits/sec  50500  
[  5]   8.00-9.00   sec  56.8 MBytes   477 Mbits/sec  50590  
[  5]   9.00-10.00  sec  50.6 MBytes   425 Mbits/sec  45080  
[  5]  10.00-11.00  sec  57.4 MBytes   481 Mbits/sec  51090  
[  5]  11.00-12.00  sec  51.0 MBytes   428 Mbits/sec  45380  
[  5]  12.00-13.00  sec  55.0 MBytes   462 Mbits/sec  49000  
[  5]  13.00-14.00  sec  53.8 MBytes   451 Mbits/sec  47860  
[  5]  14.00-15.00  sec  55.8 MBytes   468 Mbits/sec  49690  
[  5]  15.00-16.00  sec  55.1 MBytes   462 Mbits/sec  49050  
[  5]  16.00-17.00  sec  56.9 MBytes   477 Mbits/sec  50620  
[  5]  17.00-18.00  sec  54.4 MBytes   456 Mbits/sec  48420  
[  5]  18.00-19.00  sec  54.7 MBytes   459 Mbits/sec  48700  
[  5]  19.00-20.00  sec  54.5 MBytes   457 Mbits/sec  48470  
[  5]  20.00-21.00  sec  52.8 MBytes   443 Mbits/sec  47010  
[  5]  21.00-22.00  sec  51.6 MBytes   433 Mbits/sec  45960  
[  5]  22.00-23.00  sec  50.8 MBytes   426 Mbits/sec  45180  
[  5]  23.00-24.00  sec  52.3 MBytes   438 Mbits/sec  46530  
[  5]  24.00-25.00  sec  52.0 MBytes   436 Mbits/sec  46310  
[  5]  25.00-26.00  sec  51.5 MBytes   432 Mbits/sec  45810  
[  5]  26.00-27.00  sec  51.1 MBytes   429 Mbits/sec  45500  
[  5]  27.00-28.00  sec  54.3 MBytes   455 Mbits/sec  48310  
[  5]  28.00-29.00  sec  52.0 MBytes   437 Mbits/sec  46330  
[  5]  29.00-30.00  sec  54.0 MBytes   453 Mbits/sec  48060  
[  5]  30.00-31.00  sec  53.2 MBytes   446 Mbits/sec  47330  
[  5]  31.00-32.00  sec  53.3 MBytes   447 Mbits/sec  47420  
[  5]  32.00-33.00  sec  52.2 MBytes   438 Mbits/sec  46460  
[  5]  33.00-34.00  sec  52.0 MBytes   436 Mbits/sec  46310  
[  5]  34.00-35.00  sec  55.6 MBytes   466 Mbits/sec  49450  
[  5]  35.00-36.00  sec  58.9 MBytes   494 Mbits/sec  52470  
[  5]  36.00-37.00  sec  55.6 MBytes   466 Mbits/sec  49490  
[  5]  37.00-38.00  sec  56.2 MBytes   471 Mbits/sec  49990  
[  5]  38.00-39.00  sec  58.5 MBytes   491 Mbits/sec  52110  
[  5]  39.00-40.00  sec  60.0 MBytes   504 Mbits/sec  53430  
[  5]  40.00-41.00  sec  54.0 MBytes   453 Mbits/sec  48050  
[  5]  41.00-42.00  sec  52.3 MBytes   438 Mbits/sec  46510  
[  5]  42.00-43.00  sec  44.1 MBytes   370 Mbits/sec  39240  
[  5]  43.00-44.00  sec  54.2 MBytes   455 Mbits/sec  48240  
[  5]  44.00-45.00  sec  55.1 MBytes   462 Mbits/sec  49060  
[  5]  45.00-46.00  sec  52.0 MBytes   436 Mbits/sec  46320  
[  5]  46.00-47.00  sec  56.2 MBytes   472 Mbits/sec  50040  
[  5]  47.00-48.00  sec  51.6 MBytes   433 Mbits/sec  45950  
[  5]  48.00-49.00  sec  54.6 MBytes   458 Mbits/sec  48590  
[  5]  49.00-50.00  sec  50.5 MBytes   424 Mbits/sec  44950  
[  5]  50.00-51.00  sec  55.9 MBytes   469 Mbits/sec  49760  
[  5]  51.00-52.00  sec  54.1 MBytes   454 Mbits/sec  48160  
[  5]  52.00-53.00  sec  55.1 MBytes   462 Mbits/sec  49020  
[  5]  53.00-54.00  sec  51.8 MBytes   434 Mbits/sec  46090  
[  5]  54.00-55.00  sec  53.3 MBytes   447 Mbits/sec  47440  
[  5]  55.00-56.00  sec  51.9 MBytes   435 Mbits/sec  46200  
[  5]  56.00-57.00  sec  57.6 MBytes   483 Mbits/sec  51270  
[  5]  57.00-58.00  sec  60.0 MBytes   504 Mbits/sec  53430  
[  5]  58.00-59.00  sec  51.7 MBytes   434 Mbits/sec  46030  
[  5]  59.00-60.00  sec  54.2 MBytes   454 Mbits/sec  48210  
- - - - - - - - - - - - - - - - - - - - - - - - -
[ ID] Interval           Transfer     Bitrate         Jitter    Lost/Total Datagrams
[  5]   0.00-60.00  sec  3.16 GBytes   453 Mbits/sec  0.000 ms  0/2883300 (0%)  sender
[  5]   0.00-60.28  sec  1.92 GBytes   274 Mbits/sec  0.010 ms  1151142/2883300 (40%)  receiver

iperf Done.
