Connecting to host 10.136.80.157, port 5201
[  5] local 10.136.173.123 port 38293 connected to 10.136.80.157 port 5201
[ ID] Interval           Transfer     Bitrate         Total Datagrams
[  5]   0.00-1.00   sec  50.6 MBytes   424 Mbits/sec  45030  (omitted)
[  5]   0.00-1.00   sec  50.9 MBytes   427 Mbits/sec  45290  
[  5]   1.00-2.00   sec  51.0 MBytes   428 Mbits/sec  45390  
[  5]   2.00-3.00   sec  56.0 MBytes   470 Mbits/sec  49850  
[  5]   3.00-4.00   sec  56.0 MBytes   470 Mbits/sec  49880  
[  5]   4.00-5.00   sec  54.5 MBytes   457 Mbits/sec  48530  
[  5]   5.00-6.00   sec  61.3 MBytes   515 Mbits/sec  54600  
[  5]   6.00-7.00   sec  56.3 MBytes   472 Mbits/sec  50130  
[  5]   7.00-8.00   sec  52.7 MBytes   442 Mbits/sec  46890  
[  5]   8.00-9.00   sec  54.2 MBytes   455 Mbits/sec  48270  
[  5]   9.00-10.00  sec  56.9 MBytes   478 Mbits/sec  50680  
[  5]  10.00-11.00  sec  52.5 MBytes   441 Mbits/sec  46760  
[  5]  11.00-12.00  sec  56.1 MBytes   471 Mbits/sec  49940  
[  5]  12.00-13.00  sec  55.8 MBytes   468 Mbits/sec  49660  
[  5]  13.00-14.00  sec  56.7 MBytes   476 Mbits/sec  50510  
[  5]  14.00-15.00  sec  50.6 MBytes   425 Mbits/sec  45060  
[  5]  15.00-16.00  sec  53.8 MBytes   451 Mbits/sec  47850  
[  5]  16.00-17.00  sec  57.1 MBytes   479 Mbits/sec  50860  
[  5]  17.00-18.00  sec  53.4 MBytes   448 Mbits/sec  47530  
[  5]  18.00-19.00  sec  58.3 MBytes   489 Mbits/sec  51870  
[  5]  19.00-20.00  sec  54.6 MBytes   458 Mbits/sec  48570  
[  5]  20.00-21.00  sec  50.7 MBytes   425 Mbits/sec  45090  
[  5]  21.00-22.00  sec  54.3 MBytes   455 Mbits/sec  48290  
[  5]  22.00-23.00  sec  52.9 MBytes   444 Mbits/sec  47130  
[  5]  23.00-24.00  sec  58.6 MBytes   491 Mbits/sec  52130  
[  5]  24.00-25.00  sec  49.2 MBytes   412 Mbits/sec  43760  
[  5]  25.00-26.00  sec  50.0 MBytes   419 Mbits/sec  44470  
[  5]  26.00-27.00  sec  54.1 MBytes   454 Mbits/sec  48140  
[  5]  27.00-28.00  sec  50.5 MBytes   423 Mbits/sec  44930  
[  5]  28.00-29.00  sec  49.8 MBytes   418 Mbits/sec  44350  
[  5]  29.00-30.00  sec  57.1 MBytes   479 Mbits/sec  50840  
[  5]  30.00-31.00  sec  49.9 MBytes   419 Mbits/sec  44410  
[  5]  31.00-32.00  sec  52.1 MBytes   437 Mbits/sec  46410  
[  5]  32.00-33.00  sec  53.9 MBytes   452 Mbits/sec  47940  
[  5]  33.00-34.00  sec  50.2 MBytes   421 Mbits/sec  44690  
[  5]  34.00-35.00  sec  55.1 MBytes   463 Mbits/sec  49090  
[  5]  35.00-36.00  sec  53.6 MBytes   450 Mbits/sec  47700  
[  5]  36.00-37.00  sec  53.5 MBytes   449 Mbits/sec  47660  
[  5]  37.00-38.00  sec  53.3 MBytes   447 Mbits/sec  47420  
[  5]  38.00-39.00  sec  59.9 MBytes   502 Mbits/sec  53300  
[  5]  39.00-40.00  sec  48.4 MBytes   406 Mbits/sec  43050  
[  5]  40.00-41.00  sec  52.3 MBytes   439 Mbits/sec  46590  
[  5]  41.00-42.00  sec  51.5 MBytes   432 Mbits/sec  45830  
[  5]  42.00-43.00  sec  56.3 MBytes   472 Mbits/sec  50140  
[  5]  43.00-44.00  sec  57.2 MBytes   480 Mbits/sec  50930  
[  5]  44.00-45.00  sec  53.5 MBytes   449 Mbits/sec  47640  
[  5]  45.00-46.00  sec  55.0 MBytes   461 Mbits/sec  48960  
[  5]  46.00-47.00  sec  51.5 MBytes   432 Mbits/sec  45830  
[  5]  47.00-48.00  sec  58.1 MBytes   487 Mbits/sec  51680  
[  5]  48.00-49.00  sec  53.5 MBytes   449 Mbits/sec  47620  
[  5]  49.00-50.00  sec  57.8 MBytes   485 Mbits/sec  51430  
[  5]  50.00-51.00  sec  53.6 MBytes   449 Mbits/sec  47690  
[  5]  51.00-52.00  sec  58.1 MBytes   488 Mbits/sec  51730  
[  5]  52.00-53.00  sec  58.8 MBytes   494 Mbits/sec  52380  
[  5]  53.00-54.00  sec  56.9 MBytes   477 Mbits/sec  50670  
[  5]  54.00-55.00  sec  59.8 MBytes   502 Mbits/sec  53230  
[  5]  55.00-56.00  sec  55.5 MBytes   466 Mbits/sec  49440  
[  5]  56.00-57.00  sec  58.1 MBytes   488 Mbits/sec  51760  
[  5]  57.00-58.00  sec  55.4 MBytes   465 Mbits/sec  49310  
[  5]  58.00-59.00  sec  58.9 MBytes   494 Mbits/sec  52400  
[  5]  59.00-60.00  sec  55.6 MBytes   467 Mbits/sec  49490  
- - - - - - - - - - - - - - - - - - - - - - - - -
[ ID] Interval           Transfer     Bitrate         Jitter    Lost/Total Datagrams
[  5]   0.00-60.00  sec  3.20 GBytes   458 Mbits/sec  0.000 ms  0/2913670 (0%)  sender
[  5]   0.00-60.88  sec  1.81 GBytes   255 Mbits/sec  25.465 ms  1090022/2723651 (40%)  receiver

iperf Done.
