Connecting to host 10.136.80.172, port 5201
[  5] local 10.136.173.88 port 51677 connected to 10.136.80.172 port 5201
[ ID] Interval           Transfer     Bitrate         Total Datagrams
[  5]   0.00-1.00   sec  91.2 MBytes   765 Mbits/sec  68400  (omitted)
[  5]   0.00-1.00   sec  92.7 MBytes   778 Mbits/sec  69530  
[  5]   1.00-2.00   sec  92.9 MBytes   779 Mbits/sec  69680  
[  5]   2.00-3.00   sec  93.2 MBytes   781 Mbits/sec  69870  
[  5]   3.00-4.00   sec  92.4 MBytes   775 Mbits/sec  69280  
[  5]   4.00-5.00   sec  93.5 MBytes   784 Mbits/sec  70150  
[  5]   5.00-6.00   sec  93.2 MBytes   782 Mbits/sec  69900  
[  5]   6.00-7.00   sec  91.6 MBytes   768 Mbits/sec  68670  
[  5]   7.00-8.00   sec  92.1 MBytes   773 Mbits/sec  69100  
[  5]   8.00-9.00   sec  92.9 MBytes   780 Mbits/sec  69710  
[  5]   9.00-10.00  sec  91.7 MBytes   769 Mbits/sec  68770  
[  5]  10.00-11.00  sec  94.2 MBytes   791 Mbits/sec  70690  
[  5]  11.00-12.00  sec  93.2 MBytes   782 Mbits/sec  69900  
[  5]  12.00-13.00  sec  90.7 MBytes   761 Mbits/sec  68010  
[  5]  13.00-14.00  sec  93.0 MBytes   780 Mbits/sec  69760  
[  5]  14.00-15.00  sec  93.5 MBytes   784 Mbits/sec  70110  
[  5]  15.00-16.00  sec  93.6 MBytes   786 Mbits/sec  70240  
[  5]  16.00-17.00  sec  91.8 MBytes   770 Mbits/sec  68840  
[  5]  17.00-18.00  sec  93.2 MBytes   782 Mbits/sec  69930  
[  5]  18.00-19.00  sec  93.5 MBytes   785 Mbits/sec  70160  
[  5]  19.00-20.00  sec  92.8 MBytes   779 Mbits/sec  69620  
[  5]  20.00-21.00  sec  93.7 MBytes   786 Mbits/sec  70250  
[  5]  21.00-22.00  sec  93.3 MBytes   783 Mbits/sec  69990  
[  5]  22.00-23.00  sec  93.4 MBytes   784 Mbits/sec  70090  
[  5]  23.00-24.00  sec  92.7 MBytes   778 Mbits/sec  69560  
[  5]  24.00-25.00  sec  93.3 MBytes   783 Mbits/sec  69970  
[  5]  25.00-26.00  sec  92.4 MBytes   775 Mbits/sec  69340  
[  5]  26.00-27.00  sec  89.6 MBytes   752 Mbits/sec  67230  
[  5]  27.00-28.00  sec  92.7 MBytes   777 Mbits/sec  69510  
[  5]  28.00-29.00  sec  92.0 MBytes   771 Mbits/sec  68970  
[  5]  29.00-30.00  sec  92.7 MBytes   778 Mbits/sec  69550  
[  5]  30.00-31.00  sec  92.7 MBytes   778 Mbits/sec  69540  
[  5]  31.00-32.00  sec  92.1 MBytes   773 Mbits/sec  69080  
[  5]  32.00-33.00  sec  92.9 MBytes   780 Mbits/sec  69700  
[  5]  33.00-34.00  sec  91.3 MBytes   766 Mbits/sec  68480  
[  5]  34.00-35.00  sec  93.0 MBytes   780 Mbits/sec  69720  
[  5]  35.00-36.00  sec  92.4 MBytes   775 Mbits/sec  69280  
[  5]  36.00-37.00  sec  91.2 MBytes   765 Mbits/sec  68390  
[  5]  37.00-38.00  sec  92.3 MBytes   774 Mbits/sec  69220  
[  5]  38.00-39.00  sec  92.4 MBytes   775 Mbits/sec  69320  
[  5]  39.00-40.00  sec  92.8 MBytes   778 Mbits/sec  69600  
[  5]  40.00-41.00  sec  93.3 MBytes   783 Mbits/sec  69990  
[  5]  41.00-42.00  sec  92.6 MBytes   776 Mbits/sec  69420  
[  5]  42.00-43.00  sec  93.5 MBytes   785 Mbits/sec  70160  
[  5]  43.00-44.00  sec  93.2 MBytes   781 Mbits/sec  69870  
[  5]  44.00-45.00  sec  93.5 MBytes   785 Mbits/sec  70150  
[  5]  45.00-46.00  sec  91.6 MBytes   769 Mbits/sec  68720  
[  5]  46.00-47.00  sec  92.0 MBytes   772 Mbits/sec  69040  
[  5]  47.00-48.00  sec  93.2 MBytes   782 Mbits/sec  69890  
[  5]  48.00-49.00  sec  94.0 MBytes   789 Mbits/sec  70540  
[  5]  49.00-50.00  sec  92.3 MBytes   774 Mbits/sec  69200  
[  5]  50.00-51.00  sec  92.9 MBytes   779 Mbits/sec  69680  
[  5]  51.00-52.00  sec  93.6 MBytes   786 Mbits/sec  70240  
[  5]  52.00-53.00  sec  94.1 MBytes   790 Mbits/sec  70600  
[  5]  53.00-54.00  sec  94.2 MBytes   790 Mbits/sec  70640  
[  5]  54.00-55.00  sec  93.2 MBytes   782 Mbits/sec  69900  
[  5]  55.00-56.00  sec  93.2 MBytes   782 Mbits/sec  69900  
[  5]  56.00-57.00  sec  85.4 MBytes   717 Mbits/sec  64090  
[  5]  57.00-58.00  sec  87.8 MBytes   737 Mbits/sec  65860  
[  5]  58.00-59.00  sec  88.2 MBytes   740 Mbits/sec  66160  
[  5]  59.00-60.00  sec  85.3 MBytes   715 Mbits/sec  63950  
- - - - - - - - - - - - - - - - - - - - - - - - -
[ ID] Interval           Transfer     Bitrate         Jitter    Lost/Total Datagrams
[  5]   0.00-60.00  sec  5.41 GBytes   775 Mbits/sec  0.000 ms  0/4156710 (0%)  sender
[  5]   0.00-60.09  sec  1.56 GBytes   223 Mbits/sec  0.024 ms  3006384/4156710 (72%)  receiver

iperf Done.
