Connecting to host knb-server-32533, port 5201
[  5] local 10.136.173.103 port 39895 connected to 10.43.34.1 port 5201
[ ID] Interval           Transfer     Bitrate         Total Datagrams
[  5]   0.00-1.00   sec  78.8 MBytes   661 Mbits/sec  70100  (omitted)
[  5]   0.00-1.00   sec  78.0 MBytes   654 Mbits/sec  69450  
[  5]   1.00-2.00   sec  77.1 MBytes   647 Mbits/sec  68620  
[  5]   2.00-3.00   sec  76.9 MBytes   645 Mbits/sec  68480  
[  5]   3.00-4.00   sec  66.5 MBytes   558 Mbits/sec  59230  
[  5]   4.00-5.00   sec  77.6 MBytes   651 Mbits/sec  69030  
[  5]   5.00-6.00   sec  77.3 MBytes   648 Mbits/sec  68770  
[  5]   6.00-7.00   sec  78.1 MBytes   655 Mbits/sec  69530  
[  5]   7.00-8.00   sec  77.4 MBytes   649 Mbits/sec  68900  
[  5]   8.00-9.00   sec  77.5 MBytes   650 Mbits/sec  69020  
[  5]   9.00-10.00  sec  77.0 MBytes   646 Mbits/sec  68520  
[  5]  10.00-11.00  sec  77.7 MBytes   651 Mbits/sec  69120  
[  5]  11.00-12.00  sec  76.8 MBytes   644 Mbits/sec  68380  
[  5]  12.00-13.00  sec  77.7 MBytes   652 Mbits/sec  69150  
[  5]  13.00-14.00  sec  78.2 MBytes   656 Mbits/sec  69610  
[  5]  14.00-15.00  sec  77.2 MBytes   647 Mbits/sec  68690  
[  5]  15.00-16.00  sec  77.9 MBytes   653 Mbits/sec  69310  
[  5]  16.00-17.00  sec  78.6 MBytes   660 Mbits/sec  69990  
[  5]  17.00-18.00  sec  77.9 MBytes   653 Mbits/sec  69300  
[  5]  18.00-19.00  sec  78.1 MBytes   655 Mbits/sec  69490  
[  5]  19.00-20.00  sec  78.1 MBytes   656 Mbits/sec  69560  
[  5]  20.00-21.00  sec  78.3 MBytes   657 Mbits/sec  69710  
[  5]  21.00-22.00  sec  76.9 MBytes   645 Mbits/sec  68460  
[  5]  22.00-23.00  sec  77.4 MBytes   649 Mbits/sec  68890  
[  5]  23.00-24.00  sec  77.8 MBytes   652 Mbits/sec  69220  
[  5]  24.00-25.00  sec  77.3 MBytes   649 Mbits/sec  68850  
[  5]  25.00-26.00  sec  77.8 MBytes   653 Mbits/sec  69260  
[  5]  26.00-27.00  sec  78.0 MBytes   654 Mbits/sec  69420  
[  5]  27.00-28.00  sec  78.2 MBytes   656 Mbits/sec  69590  
[  5]  28.00-29.00  sec  78.2 MBytes   656 Mbits/sec  69580  
[  5]  29.00-30.00  sec  78.1 MBytes   655 Mbits/sec  69480  
[  5]  30.00-31.00  sec  78.1 MBytes   655 Mbits/sec  69550  
[  5]  31.00-32.00  sec  77.0 MBytes   646 Mbits/sec  68530  
[  5]  32.00-33.00  sec  77.8 MBytes   653 Mbits/sec  69290  
[  5]  33.00-34.00  sec  78.2 MBytes   656 Mbits/sec  69620  
[  5]  34.00-35.00  sec  77.7 MBytes   652 Mbits/sec  69190  
[  5]  35.00-36.00  sec  77.4 MBytes   649 Mbits/sec  68880  
[  5]  36.00-37.00  sec  77.3 MBytes   649 Mbits/sec  68820  
[  5]  37.00-38.00  sec  77.5 MBytes   650 Mbits/sec  69000  
[  5]  38.00-39.00  sec  77.7 MBytes   652 Mbits/sec  69190  
[  5]  39.00-40.00  sec  77.6 MBytes   651 Mbits/sec  69070  
[  5]  40.00-41.00  sec  76.8 MBytes   645 Mbits/sec  68400  
[  5]  41.00-42.00  sec  75.6 MBytes   634 Mbits/sec  67320  
[  5]  42.00-43.00  sec  75.8 MBytes   636 Mbits/sec  67450  
[  5]  43.00-44.00  sec  77.3 MBytes   649 Mbits/sec  68820  
[  5]  44.00-45.00  sec  76.7 MBytes   643 Mbits/sec  68230  
[  5]  45.00-46.00  sec  76.9 MBytes   645 Mbits/sec  68470  
[  5]  46.00-47.00  sec  77.1 MBytes   647 Mbits/sec  68670  
[  5]  47.00-48.00  sec  77.5 MBytes   650 Mbits/sec  69000  
[  5]  48.00-49.00  sec  77.2 MBytes   647 Mbits/sec  68680  
[  5]  49.00-50.00  sec  77.1 MBytes   647 Mbits/sec  68600  
[  5]  50.00-51.00  sec  77.7 MBytes   652 Mbits/sec  69150  
[  5]  51.00-52.00  sec  76.8 MBytes   644 Mbits/sec  68340  
[  5]  52.00-53.00  sec  76.4 MBytes   641 Mbits/sec  68050  
[  5]  53.00-54.00  sec  76.9 MBytes   645 Mbits/sec  68460  
[  5]  54.00-55.00  sec  76.9 MBytes   645 Mbits/sec  68450  
[  5]  55.00-56.00  sec  77.3 MBytes   648 Mbits/sec  68780  
[  5]  56.00-57.00  sec  77.6 MBytes   651 Mbits/sec  69050  
[  5]  57.00-58.00  sec  76.8 MBytes   644 Mbits/sec  68360  
[  5]  58.00-59.00  sec  78.7 MBytes   660 Mbits/sec  70080  
[  5]  59.00-60.00  sec  63.8 MBytes   535 Mbits/sec  56800  
- - - - - - - - - - - - - - - - - - - - - - - - -
[ ID] Interval           Transfer     Bitrate         Jitter    Lost/Total Datagrams
[  5]   0.00-60.00  sec  4.51 GBytes   646 Mbits/sec  0.000 ms  0/4114910 (0%)  sender
[  5]   0.00-60.04  sec  4.52 GBytes   646 Mbits/sec  0.024 ms  1369/4114909 (0.033%)  receiver

iperf Done.
