Connecting to host 10.136.80.172, port 5201
[  5] local 10.136.173.108 port 47310 connected to 10.136.80.172 port 5201
[ ID] Interval           Transfer     Bitrate         Total Datagrams
[  5]   0.00-1.00   sec  64.1 MBytes   538 Mbits/sec  57080  (omitted)
[  5]   0.00-1.00   sec  63.3 MBytes   531 Mbits/sec  56320  
[  5]   1.00-2.00   sec  58.5 MBytes   490 Mbits/sec  52030  
[  5]   2.00-3.00   sec  52.4 MBytes   439 Mbits/sec  46620  
[  5]   3.00-4.00   sec  52.4 MBytes   439 Mbits/sec  46610  
[  5]   4.00-5.00   sec  52.6 MBytes   441 Mbits/sec  46840  
[  5]   5.00-6.00   sec  62.3 MBytes   523 Mbits/sec  55440  
[  5]   6.00-7.00   sec  69.9 MBytes   587 Mbits/sec  62250  
[  5]   7.00-8.00   sec  62.5 MBytes   525 Mbits/sec  55670  
[  5]   8.00-9.00   sec  65.9 MBytes   553 Mbits/sec  58670  
[  5]   9.00-10.00  sec  61.4 MBytes   515 Mbits/sec  54650  
[  5]  10.00-11.00  sec  53.8 MBytes   451 Mbits/sec  47900  
[  5]  11.00-12.00  sec  61.9 MBytes   519 Mbits/sec  55080  
[  5]  12.00-13.00  sec  62.5 MBytes   525 Mbits/sec  55660  
[  5]  13.00-14.00  sec  64.6 MBytes   542 Mbits/sec  57510  
[  5]  14.00-15.00  sec  62.1 MBytes   521 Mbits/sec  55240  
[  5]  15.00-16.00  sec  64.6 MBytes   542 Mbits/sec  57480  
[  5]  16.00-17.00  sec  58.1 MBytes   487 Mbits/sec  51680  
[  5]  17.00-18.00  sec  61.5 MBytes   516 Mbits/sec  54720  
[  5]  18.00-19.00  sec  63.2 MBytes   531 Mbits/sec  56300  
[  5]  19.00-20.00  sec  64.6 MBytes   542 Mbits/sec  57460  
[  5]  20.00-21.00  sec  63.2 MBytes   530 Mbits/sec  56290  
[  5]  21.00-22.00  sec  65.9 MBytes   553 Mbits/sec  58640  
[  5]  22.00-23.00  sec  65.2 MBytes   547 Mbits/sec  58070  
[  5]  23.00-24.00  sec  63.2 MBytes   530 Mbits/sec  56230  
[  5]  24.00-25.00  sec  64.2 MBytes   538 Mbits/sec  57140  
[  5]  25.00-26.00  sec  62.2 MBytes   521 Mbits/sec  55330  
[  5]  26.00-27.00  sec  61.5 MBytes   516 Mbits/sec  54770  
[  5]  27.00-28.00  sec  62.3 MBytes   522 Mbits/sec  55420  
[  5]  28.00-29.00  sec  62.7 MBytes   526 Mbits/sec  55780  
[  5]  29.00-30.00  sec  68.1 MBytes   571 Mbits/sec  60630  
[  5]  30.00-31.00  sec  64.2 MBytes   539 Mbits/sec  57190  
[  5]  31.00-32.00  sec  61.4 MBytes   515 Mbits/sec  54670  
[  5]  32.00-33.00  sec  62.8 MBytes   527 Mbits/sec  55930  
[  5]  33.00-34.00  sec  63.7 MBytes   534 Mbits/sec  56710  
[  5]  34.00-35.00  sec  68.7 MBytes   576 Mbits/sec  61110  
[  5]  35.00-36.00  sec  62.1 MBytes   521 Mbits/sec  55250  
[  5]  36.00-37.00  sec  67.1 MBytes   563 Mbits/sec  59740  
[  5]  37.00-38.00  sec  64.5 MBytes   541 Mbits/sec  57440  
[  5]  38.00-39.00  sec  56.1 MBytes   470 Mbits/sec  49900  
[  5]  39.00-40.00  sec  58.0 MBytes   486 Mbits/sec  51590  
[  5]  40.00-41.00  sec  54.2 MBytes   455 Mbits/sec  48270  
[  5]  41.00-42.00  sec  59.5 MBytes   499 Mbits/sec  52990  
[  5]  42.00-43.00  sec  64.4 MBytes   540 Mbits/sec  57330  
[  5]  43.00-44.00  sec  60.4 MBytes   507 Mbits/sec  53800  
[  5]  44.00-45.00  sec  53.2 MBytes   446 Mbits/sec  47350  
[  5]  45.00-46.00  sec  65.8 MBytes   552 Mbits/sec  58530  
[  5]  46.00-47.00  sec  62.9 MBytes   527 Mbits/sec  55970  
[  5]  47.00-48.00  sec  66.6 MBytes   559 Mbits/sec  59310  
[  5]  48.00-49.00  sec  67.1 MBytes   563 Mbits/sec  59760  
[  5]  49.00-50.00  sec  63.3 MBytes   531 Mbits/sec  56370  
[  5]  50.00-51.00  sec  64.9 MBytes   545 Mbits/sec  57790  
[  5]  51.00-52.00  sec  61.7 MBytes   518 Mbits/sec  54920  
[  5]  52.00-53.00  sec  63.0 MBytes   528 Mbits/sec  56070  
[  5]  53.00-54.00  sec  62.8 MBytes   526 Mbits/sec  55870  
[  5]  54.00-55.00  sec  64.5 MBytes   541 Mbits/sec  57410  
[  5]  55.00-56.00  sec  56.0 MBytes   470 Mbits/sec  49880  
[  5]  56.00-57.00  sec  61.6 MBytes   517 Mbits/sec  54810  
[  5]  57.00-58.00  sec  63.2 MBytes   530 Mbits/sec  56290  
[  5]  58.00-59.00  sec  64.2 MBytes   539 Mbits/sec  57190  
[  5]  59.00-60.00  sec  63.1 MBytes   529 Mbits/sec  56140  
- - - - - - - - - - - - - - - - - - - - - - - - -
[ ID] Interval           Transfer     Bitrate         Jitter    Lost/Total Datagrams
[  5]   0.00-60.00  sec  3.64 GBytes   521 Mbits/sec  0.000 ms  0/3318010 (0%)  sender
[  5]   0.00-60.04  sec  3.58 GBytes   512 Mbits/sec  0.024 ms  58329/3318008 (1.8%)  receiver

iperf Done.
