Connecting to host 10.136.80.142, port 5201
[  5] local 10.136.173.78 port 45641 connected to 10.136.80.142 port 5201
[ ID] Interval           Transfer     Bitrate         Total Datagrams
[  5]   0.00-1.00   sec  54.9 MBytes   461 Mbits/sec  48900  (omitted)
[  5]   0.00-1.00   sec  60.2 MBytes   505 Mbits/sec  53600  
[  5]   1.00-2.00   sec  47.6 MBytes   399 Mbits/sec  42340  
[  5]   2.00-3.00   sec  43.2 MBytes   362 Mbits/sec  38450  
[  5]   3.00-4.00   sec  58.4 MBytes   490 Mbits/sec  51970  
[  5]   4.00-5.00   sec  59.3 MBytes   498 Mbits/sec  52800  
[  5]   5.00-6.00   sec  53.6 MBytes   450 Mbits/sec  47740  
[  5]   6.00-7.00   sec  60.1 MBytes   504 Mbits/sec  53500  
[  5]   7.00-8.00   sec  47.7 MBytes   400 Mbits/sec  42440  
[  5]   8.00-9.00   sec  51.0 MBytes   428 Mbits/sec  45410  
[  5]   9.00-10.00  sec  58.5 MBytes   490 Mbits/sec  52030  
[  5]  10.00-11.00  sec  57.3 MBytes   481 Mbits/sec  51020  
[  5]  11.00-12.00  sec  56.2 MBytes   472 Mbits/sec  50040  
[  5]  12.00-13.00  sec  58.2 MBytes   488 Mbits/sec  51790  
[  5]  13.00-14.00  sec  59.8 MBytes   502 Mbits/sec  53230  
[  5]  14.00-15.00  sec  57.5 MBytes   483 Mbits/sec  51210  
[  5]  15.00-16.00  sec  54.7 MBytes   459 Mbits/sec  48720  
[  5]  16.00-17.00  sec  48.6 MBytes   408 Mbits/sec  43280  
[  5]  17.00-18.00  sec  61.5 MBytes   516 Mbits/sec  54740  
[  5]  18.00-19.00  sec  52.8 MBytes   443 Mbits/sec  47040  
[  5]  19.00-20.00  sec  58.6 MBytes   491 Mbits/sec  52140  
[  5]  20.00-21.00  sec  67.2 MBytes   564 Mbits/sec  59830  
[  5]  21.00-22.00  sec  54.3 MBytes   456 Mbits/sec  48370  
[  5]  22.00-23.00  sec  50.5 MBytes   423 Mbits/sec  44930  
[  5]  23.00-24.00  sec  55.4 MBytes   464 Mbits/sec  49280  
[  5]  24.00-25.00  sec  59.0 MBytes   495 Mbits/sec  52520  
[  5]  25.00-26.00  sec  50.1 MBytes   421 Mbits/sec  44640  
[  5]  26.00-27.00  sec  60.5 MBytes   507 Mbits/sec  53810  
[  5]  27.00-28.00  sec  59.1 MBytes   496 Mbits/sec  52590  
[  5]  28.00-29.00  sec  47.5 MBytes   398 Mbits/sec  42280  
[  5]  29.00-30.00  sec  51.7 MBytes   433 Mbits/sec  45980  
[  5]  30.00-31.00  sec  58.5 MBytes   491 Mbits/sec  52070  
[  5]  31.00-32.00  sec  55.2 MBytes   463 Mbits/sec  49170  
[  5]  32.00-33.00  sec  60.1 MBytes   504 Mbits/sec  53460  
[  5]  33.00-34.00  sec  60.6 MBytes   508 Mbits/sec  53910  
[  5]  34.00-35.00  sec  46.5 MBytes   390 Mbits/sec  41350  
[  5]  35.00-36.00  sec  61.0 MBytes   512 Mbits/sec  54320  
[  5]  36.00-37.00  sec  60.2 MBytes   505 Mbits/sec  53620  
[  5]  37.00-38.00  sec  63.1 MBytes   530 Mbits/sec  56200  
[  5]  38.00-39.00  sec  58.4 MBytes   490 Mbits/sec  51960  
[  5]  39.00-40.00  sec  53.0 MBytes   445 Mbits/sec  47180  
[  5]  40.00-41.00  sec  49.7 MBytes   417 Mbits/sec  44210  
[  5]  41.00-42.00  sec  59.2 MBytes   496 Mbits/sec  52670  
[  5]  42.00-43.00  sec  51.2 MBytes   429 Mbits/sec  45570  
[  5]  43.00-44.00  sec  49.9 MBytes   419 Mbits/sec  44430  
[  5]  44.00-45.00  sec  54.1 MBytes   454 Mbits/sec  48130  
[  5]  45.00-46.00  sec  56.3 MBytes   472 Mbits/sec  50070  
[  5]  46.00-47.00  sec  43.5 MBytes   365 Mbits/sec  38750  
[  5]  47.00-48.00  sec  56.5 MBytes   474 Mbits/sec  50280  
[  5]  48.00-49.00  sec  54.4 MBytes   456 Mbits/sec  48410  
[  5]  49.00-50.00  sec  52.2 MBytes   438 Mbits/sec  46500  
[  5]  50.00-51.00  sec  58.0 MBytes   486 Mbits/sec  51610  
[  5]  51.00-52.00  sec  55.6 MBytes   467 Mbits/sec  49530  
[  5]  52.00-53.00  sec  56.5 MBytes   474 Mbits/sec  50320  
[  5]  53.00-54.00  sec  58.3 MBytes   489 Mbits/sec  51890  
[  5]  54.00-55.00  sec  56.8 MBytes   476 Mbits/sec  50530  
[  5]  55.00-56.00  sec  54.8 MBytes   459 Mbits/sec  48740  
[  5]  56.00-57.00  sec  59.5 MBytes   499 Mbits/sec  52960  
[  5]  57.00-58.00  sec  58.3 MBytes   489 Mbits/sec  51890  
[  5]  58.00-59.00  sec  56.3 MBytes   473 Mbits/sec  50150  
[  5]  59.00-60.00  sec  53.3 MBytes   447 Mbits/sec  47460  
- - - - - - - - - - - - - - - - - - - - - - - - -
[ ID] Interval           Transfer     Bitrate         Jitter    Lost/Total Datagrams
[  5]   0.00-60.00  sec  3.25 GBytes   466 Mbits/sec  0.000 ms  0/2965060 (0%)  sender
[  5]   0.00-60.05  sec  2.03 GBytes   291 Mbits/sec  0.014 ms  1129257/2965060 (38%)  receiver

iperf Done.
