Connecting to host 10.136.80.157, port 5201
[  5] local 10.136.173.83 port 60412 connected to 10.136.80.157 port 5201
[ ID] Interval           Transfer     Bitrate         Total Datagrams
[  5]   0.00-1.00   sec  78.1 MBytes   655 Mbits/sec  69550  (omitted)
[  5]   0.00-1.00   sec  76.5 MBytes   641 Mbits/sec  68070  
[  5]   1.00-2.00   sec  76.7 MBytes   644 Mbits/sec  68290  
[  5]   2.00-3.00   sec  76.6 MBytes   643 Mbits/sec  68220  
[  5]   3.00-4.00   sec  76.0 MBytes   638 Mbits/sec  67690  
[  5]   4.00-5.00   sec  76.4 MBytes   641 Mbits/sec  67990  
[  5]   5.00-6.00   sec  75.8 MBytes   636 Mbits/sec  67510  
[  5]   6.00-7.00   sec  77.0 MBytes   646 Mbits/sec  68500  
[  5]   7.00-8.00   sec  77.6 MBytes   651 Mbits/sec  69110  
[  5]   8.00-9.00   sec  77.3 MBytes   648 Mbits/sec  68780  
[  5]   9.00-10.00  sec  77.6 MBytes   651 Mbits/sec  69070  
[  5]  10.00-11.00  sec  77.2 MBytes   647 Mbits/sec  68700  
[  5]  11.00-12.00  sec  77.1 MBytes   647 Mbits/sec  68670  
[  5]  12.00-13.00  sec  77.2 MBytes   648 Mbits/sec  68750  
[  5]  13.00-14.00  sec  77.4 MBytes   649 Mbits/sec  68870  
[  5]  14.00-15.00  sec  76.5 MBytes   642 Mbits/sec  68120  
[  5]  15.00-16.00  sec  76.7 MBytes   643 Mbits/sec  68260  
[  5]  16.00-17.00  sec  76.3 MBytes   640 Mbits/sec  67880  
[  5]  17.00-18.00  sec  77.6 MBytes   651 Mbits/sec  69050  
[  5]  18.00-19.00  sec  76.0 MBytes   637 Mbits/sec  67620  
[  5]  19.00-20.00  sec  75.9 MBytes   637 Mbits/sec  67560  
[  5]  20.00-21.00  sec  76.2 MBytes   639 Mbits/sec  67810  
[  5]  21.00-22.00  sec  75.7 MBytes   635 Mbits/sec  67410  
[  5]  22.00-23.00  sec  76.5 MBytes   641 Mbits/sec  68060  
[  5]  23.00-24.00  sec  75.5 MBytes   633 Mbits/sec  67170  
[  5]  24.00-25.00  sec  76.7 MBytes   643 Mbits/sec  68250  
[  5]  25.00-26.00  sec  76.2 MBytes   640 Mbits/sec  67870  
[  5]  26.00-27.00  sec  75.9 MBytes   636 Mbits/sec  67520  
[  5]  27.00-28.00  sec  72.7 MBytes   610 Mbits/sec  64750  
[  5]  28.00-29.00  sec  75.0 MBytes   629 Mbits/sec  66750  
[  5]  29.00-30.00  sec  76.3 MBytes   640 Mbits/sec  67910  
[  5]  30.00-31.00  sec  76.2 MBytes   639 Mbits/sec  67790  
[  5]  31.00-32.00  sec  76.6 MBytes   643 Mbits/sec  68220  
[  5]  32.00-33.00  sec  76.8 MBytes   644 Mbits/sec  68380  
[  5]  33.00-34.00  sec  76.4 MBytes   641 Mbits/sec  67990  
[  5]  34.00-35.00  sec  76.4 MBytes   641 Mbits/sec  68050  
[  5]  35.00-36.00  sec  75.5 MBytes   633 Mbits/sec  67170  
[  5]  36.00-37.00  sec  75.6 MBytes   634 Mbits/sec  67250  
[  5]  37.00-38.00  sec  76.8 MBytes   644 Mbits/sec  68350  
[  5]  38.00-39.00  sec  75.7 MBytes   635 Mbits/sec  67400  
[  5]  39.00-40.00  sec  76.1 MBytes   638 Mbits/sec  67740  
[  5]  40.00-41.00  sec  76.6 MBytes   642 Mbits/sec  68170  
[  5]  41.00-42.00  sec  77.6 MBytes   651 Mbits/sec  69050  
[  5]  42.00-43.00  sec  78.3 MBytes   657 Mbits/sec  69740  
[  5]  43.00-44.00  sec  70.1 MBytes   588 Mbits/sec  62360  
[  5]  44.00-45.00  sec  69.2 MBytes   581 Mbits/sec  61640  
[  5]  45.00-46.00  sec  70.9 MBytes   595 Mbits/sec  63150  
[  5]  46.00-47.00  sec  69.0 MBytes   579 Mbits/sec  61420  
[  5]  47.00-48.00  sec  67.4 MBytes   565 Mbits/sec  59960  
[  5]  48.00-49.00  sec  70.8 MBytes   594 Mbits/sec  63060  
[  5]  49.00-50.00  sec  70.2 MBytes   589 Mbits/sec  62500  
[  5]  50.00-51.00  sec  71.1 MBytes   596 Mbits/sec  63270  
[  5]  51.00-52.00  sec  67.2 MBytes   564 Mbits/sec  59850  
[  5]  52.00-53.00  sec  67.3 MBytes   565 Mbits/sec  59900  
[  5]  53.00-54.00  sec  72.6 MBytes   609 Mbits/sec  64580  
[  5]  54.00-55.00  sec  76.0 MBytes   638 Mbits/sec  67650  
[  5]  55.00-56.00  sec  77.0 MBytes   645 Mbits/sec  68500  
[  5]  56.00-57.00  sec  77.1 MBytes   647 Mbits/sec  68620  
[  5]  57.00-58.00  sec  76.7 MBytes   644 Mbits/sec  68300  
[  5]  58.00-59.00  sec  76.1 MBytes   638 Mbits/sec  67730  
[  5]  59.00-60.00  sec  76.9 MBytes   645 Mbits/sec  68460  
- - - - - - - - - - - - - - - - - - - - - - - - -
[ ID] Interval           Transfer     Bitrate         Jitter    Lost/Total Datagrams
[  5]   0.00-60.00  sec  4.41 GBytes   631 Mbits/sec  0.000 ms  0/4016460 (0%)  sender
[  5]   0.00-60.36  sec  1.32 GBytes   187 Mbits/sec  0.021 ms  2867570/4016460 (71%)  receiver

iperf Done.
