Connecting to host 10.136.80.145, port 5201
[  5] local 10.136.173.82 port 45454 connected to 10.136.80.145 port 5201
[ ID] Interval           Transfer     Bitrate         Total Datagrams
[  5]   0.00-1.00   sec  61.6 MBytes   516 Mbits/sec  54790  (omitted)
[  5]   0.00-1.00   sec  69.0 MBytes   579 Mbits/sec  61440  
[  5]   1.00-2.00   sec  56.7 MBytes   476 Mbits/sec  50510  
[  5]   2.00-3.00   sec  66.3 MBytes   556 Mbits/sec  59010  
[  5]   3.00-4.00   sec  76.7 MBytes   643 Mbits/sec  68270  
[  5]   4.00-5.00   sec  76.2 MBytes   639 Mbits/sec  67840  
[  5]   5.00-6.00   sec  75.8 MBytes   636 Mbits/sec  67440  
[  5]   6.00-7.00   sec  77.9 MBytes   654 Mbits/sec  69360  
[  5]   7.00-8.00   sec  56.4 MBytes   473 Mbits/sec  50230  
[  5]   8.00-9.00   sec  57.5 MBytes   482 Mbits/sec  51170  
[  5]   9.00-10.00  sec  77.1 MBytes   647 Mbits/sec  68650  
[  5]  10.00-11.00  sec  76.3 MBytes   640 Mbits/sec  67900  
[  5]  11.00-12.00  sec  76.2 MBytes   639 Mbits/sec  67830  
[  5]  12.00-13.00  sec  76.3 MBytes   640 Mbits/sec  67930  
[  5]  13.00-14.00  sec  76.1 MBytes   639 Mbits/sec  67760  
[  5]  14.00-15.00  sec  73.3 MBytes   615 Mbits/sec  65280  
[  5]  15.00-16.00  sec  74.9 MBytes   628 Mbits/sec  66660  
[  5]  16.00-17.00  sec  74.1 MBytes   622 Mbits/sec  65990  
[  5]  17.00-18.00  sec  74.9 MBytes   628 Mbits/sec  66650  
[  5]  18.00-19.00  sec  70.4 MBytes   590 Mbits/sec  62650  
[  5]  19.00-20.00  sec  76.9 MBytes   645 Mbits/sec  68470  
[  5]  20.00-21.00  sec  76.0 MBytes   638 Mbits/sec  67680  
[  5]  21.00-22.00  sec  76.1 MBytes   638 Mbits/sec  67730  
[  5]  22.00-23.00  sec  76.9 MBytes   645 Mbits/sec  68470  
[  5]  23.00-24.00  sec  76.5 MBytes   642 Mbits/sec  68090  
[  5]  24.00-25.00  sec  75.6 MBytes   634 Mbits/sec  67330  
[  5]  25.00-26.00  sec  78.8 MBytes   661 Mbits/sec  70110  
[  5]  26.00-27.00  sec  75.8 MBytes   636 Mbits/sec  67440  
[  5]  27.00-28.00  sec  76.0 MBytes   638 Mbits/sec  67670  
[  5]  28.00-29.00  sec  72.8 MBytes   610 Mbits/sec  64760  
[  5]  29.00-30.00  sec  62.8 MBytes   527 Mbits/sec  55920  
[  5]  30.00-31.00  sec  54.6 MBytes   458 Mbits/sec  48630  
[  5]  31.00-32.00  sec  54.8 MBytes   459 Mbits/sec  48740  
[  5]  32.00-33.00  sec  55.2 MBytes   463 Mbits/sec  49160  
[  5]  33.00-34.00  sec  55.3 MBytes   464 Mbits/sec  49250  
[  5]  34.00-35.00  sec  61.4 MBytes   515 Mbits/sec  54640  
[  5]  35.00-36.00  sec  67.5 MBytes   566 Mbits/sec  60040  
[  5]  36.00-37.00  sec  66.0 MBytes   553 Mbits/sec  58710  
[  5]  37.00-38.00  sec  80.0 MBytes   671 Mbits/sec  71250  
[  5]  38.00-39.00  sec  74.6 MBytes   625 Mbits/sec  66380  
[  5]  39.00-40.00  sec  77.0 MBytes   646 Mbits/sec  68580  
[  5]  40.00-41.00  sec  76.0 MBytes   637 Mbits/sec  67630  
[  5]  41.00-42.00  sec  76.5 MBytes   642 Mbits/sec  68110  
[  5]  42.00-43.00  sec  77.1 MBytes   647 Mbits/sec  68610  
[  5]  43.00-44.00  sec  76.6 MBytes   643 Mbits/sec  68190  
[  5]  44.00-45.00  sec  73.7 MBytes   618 Mbits/sec  65560  
[  5]  45.00-46.00  sec  64.3 MBytes   540 Mbits/sec  57260  
[  5]  46.00-47.00  sec  54.1 MBytes   454 Mbits/sec  48140  
[  5]  47.00-48.00  sec  54.4 MBytes   457 Mbits/sec  48460  
[  5]  48.00-49.00  sec  68.4 MBytes   574 Mbits/sec  60870  
[  5]  49.00-50.00  sec  75.8 MBytes   636 Mbits/sec  67500  
[  5]  50.00-51.00  sec  76.3 MBytes   640 Mbits/sec  67890  
[  5]  51.00-52.00  sec  75.6 MBytes   634 Mbits/sec  67260  
[  5]  52.00-53.00  sec  75.7 MBytes   635 Mbits/sec  67400  
[  5]  53.00-54.00  sec  75.8 MBytes   636 Mbits/sec  67480  
[  5]  54.00-55.00  sec  72.1 MBytes   605 Mbits/sec  64200  
[  5]  55.00-56.00  sec  77.3 MBytes   649 Mbits/sec  68840  
[  5]  56.00-57.00  sec  76.6 MBytes   642 Mbits/sec  68170  
[  5]  57.00-58.00  sec  75.0 MBytes   629 Mbits/sec  66770  
[  5]  58.00-59.00  sec  75.4 MBytes   633 Mbits/sec  67140  
[  5]  59.00-60.00  sec  68.5 MBytes   574 Mbits/sec  60930  
- - - - - - - - - - - - - - - - - - - - - - - - -
[ ID] Interval           Transfer     Bitrate         Jitter    Lost/Total Datagrams
[  5]   0.00-60.00  sec  4.18 GBytes   598 Mbits/sec  0.000 ms  0/3808030 (0%)  sender
[  5]   0.00-60.29  sec  1.12 GBytes   160 Mbits/sec  6.621 ms  2794266/3789971 (74%)  receiver

iperf Done.
