Connecting to host knb-server-4113495, port 5201
[  5] local 10.136.173.77 port 44404 connected to 10.43.60.184 port 5201
[ ID] Interval           Transfer     Bitrate         Total Datagrams
[  5]   0.00-1.00   sec  69.4 MBytes   582 Mbits/sec  61740  (omitted)
[  5]   0.00-1.00   sec  72.1 MBytes   605 Mbits/sec  64190  
[  5]   1.00-2.00   sec  72.2 MBytes   606 Mbits/sec  64310  
[  5]   2.00-3.00   sec  71.1 MBytes   596 Mbits/sec  63260  
[  5]   3.00-4.00   sec  71.9 MBytes   603 Mbits/sec  63990  
[  5]   4.00-5.00   sec  71.0 MBytes   596 Mbits/sec  63190  
[  5]   5.00-6.00   sec  72.1 MBytes   605 Mbits/sec  64150  
[  5]   6.00-7.00   sec  71.9 MBytes   603 Mbits/sec  64000  
[  5]   7.00-8.00   sec  71.3 MBytes   598 Mbits/sec  63500  
[  5]   8.00-9.00   sec  71.0 MBytes   595 Mbits/sec  63160  
[  5]   9.00-10.00  sec  55.0 MBytes   461 Mbits/sec  48960  
[  5]  10.00-11.00  sec  67.3 MBytes   564 Mbits/sec  59880  
[  5]  11.00-12.00  sec  72.5 MBytes   608 Mbits/sec  64550  
[  5]  12.00-13.00  sec  72.2 MBytes   606 Mbits/sec  64310  
[  5]  13.00-14.00  sec  72.6 MBytes   609 Mbits/sec  64640  
[  5]  14.00-15.00  sec  63.7 MBytes   534 Mbits/sec  56680  
[  5]  15.00-16.00  sec  70.2 MBytes   589 Mbits/sec  62510  
[  5]  16.00-17.00  sec  71.5 MBytes   600 Mbits/sec  63610  
[  5]  17.00-18.00  sec  71.2 MBytes   597 Mbits/sec  63350  
[  5]  18.00-19.00  sec  71.6 MBytes   600 Mbits/sec  63700  
[  5]  19.00-20.00  sec  55.9 MBytes   469 Mbits/sec  49760  
[  5]  20.00-21.00  sec  72.4 MBytes   608 Mbits/sec  64490  
[  5]  21.00-22.00  sec  73.4 MBytes   616 Mbits/sec  65370  
[  5]  22.00-23.00  sec  64.2 MBytes   539 Mbits/sec  57190  
[  5]  23.00-24.00  sec  72.0 MBytes   604 Mbits/sec  64110  
[  5]  24.00-25.00  sec  71.7 MBytes   602 Mbits/sec  63860  
[  5]  25.00-26.00  sec  73.5 MBytes   617 Mbits/sec  65440  
[  5]  26.00-27.00  sec  72.1 MBytes   604 Mbits/sec  64140  
[  5]  27.00-28.00  sec  71.9 MBytes   603 Mbits/sec  64010  
[  5]  28.00-29.00  sec  72.0 MBytes   604 Mbits/sec  64130  
[  5]  29.00-30.00  sec  71.7 MBytes   601 Mbits/sec  63820  
[  5]  30.00-31.00  sec  71.3 MBytes   598 Mbits/sec  63430  
[  5]  31.00-32.00  sec  72.1 MBytes   605 Mbits/sec  64180  
[  5]  32.00-33.00  sec  70.7 MBytes   593 Mbits/sec  62970  
[  5]  33.00-34.00  sec  65.2 MBytes   547 Mbits/sec  58000  
[  5]  34.00-35.00  sec  64.4 MBytes   541 Mbits/sec  57360  
[  5]  35.00-36.00  sec  72.1 MBytes   604 Mbits/sec  64150  
[  5]  36.00-37.00  sec  70.6 MBytes   592 Mbits/sec  62830  
[  5]  37.00-38.00  sec  72.9 MBytes   612 Mbits/sec  64890  
[  5]  38.00-39.00  sec  72.6 MBytes   609 Mbits/sec  64610  
[  5]  39.00-40.00  sec  73.4 MBytes   616 Mbits/sec  65330  
[  5]  40.00-41.00  sec  73.3 MBytes   615 Mbits/sec  65210  
[  5]  41.00-42.00  sec  72.9 MBytes   612 Mbits/sec  64920  
[  5]  42.00-43.00  sec  72.2 MBytes   606 Mbits/sec  64270  
[  5]  43.00-44.00  sec  72.6 MBytes   609 Mbits/sec  64660  
[  5]  44.00-45.00  sec  70.1 MBytes   588 Mbits/sec  62360  
[  5]  45.00-46.00  sec  70.8 MBytes   594 Mbits/sec  63060  
[  5]  46.00-47.00  sec  72.9 MBytes   611 Mbits/sec  64850  
[  5]  47.00-48.00  sec  73.2 MBytes   614 Mbits/sec  65180  
[  5]  48.00-49.00  sec  64.6 MBytes   542 Mbits/sec  57510  
[  5]  49.00-50.00  sec  52.8 MBytes   443 Mbits/sec  46970  
[  5]  50.00-51.00  sec  62.8 MBytes   527 Mbits/sec  55920  
[  5]  51.00-52.00  sec  71.3 MBytes   598 Mbits/sec  63430  
[  5]  52.00-53.00  sec  70.7 MBytes   593 Mbits/sec  62890  
[  5]  53.00-54.00  sec  71.0 MBytes   596 Mbits/sec  63200  
[  5]  54.00-55.00  sec  69.5 MBytes   583 Mbits/sec  61870  
[  5]  55.00-56.00  sec  73.3 MBytes   615 Mbits/sec  65220  
[  5]  56.00-57.00  sec  72.1 MBytes   605 Mbits/sec  64150  
[  5]  57.00-58.00  sec  72.6 MBytes   609 Mbits/sec  64630  
[  5]  58.00-59.00  sec  71.4 MBytes   599 Mbits/sec  63540  
[  5]  59.00-60.00  sec  71.9 MBytes   603 Mbits/sec  63960  
- - - - - - - - - - - - - - - - - - - - - - - - -
[ ID] Interval           Transfer     Bitrate         Jitter    Lost/Total Datagrams
[  5]   0.00-60.00  sec  4.11 GBytes   589 Mbits/sec  0.000 ms  0/3747810 (0%)  sender
[  5]   0.00-60.22  sec  1.13 GBytes   162 Mbits/sec  0.702 ms  2740465/3733740 (73%)  receiver

iperf Done.
