Connecting to host 10.136.80.154, port 5201
[  5] local 10.136.173.82 port 47509 connected to 10.136.80.154 port 5201
[ ID] Interval           Transfer     Bitrate         Total Datagrams
[  5]   0.00-1.00   sec  98.2 MBytes   824 Mbits/sec  73650  (omitted)
[  5]   0.00-1.00   sec  93.7 MBytes   786 Mbits/sec  70250  
[  5]   1.00-2.00   sec  93.5 MBytes   785 Mbits/sec  70160  
[  5]   2.00-3.00   sec  93.8 MBytes   787 Mbits/sec  70360  
[  5]   3.00-4.00   sec  94.2 MBytes   790 Mbits/sec  70670  
[  5]   4.00-5.00   sec  93.7 MBytes   786 Mbits/sec  70290  
[  5]   5.00-6.00   sec  93.5 MBytes   784 Mbits/sec  70100  
[  5]   6.00-7.00   sec  94.2 MBytes   790 Mbits/sec  70620  
[  5]   7.00-8.00   sec  93.7 MBytes   786 Mbits/sec  70260  
[  5]   8.00-9.00   sec  92.8 MBytes   778 Mbits/sec  69580  
[  5]   9.00-10.00  sec  93.7 MBytes   786 Mbits/sec  70290  
[  5]  10.00-11.00  sec  93.8 MBytes   787 Mbits/sec  70350  
[  5]  11.00-12.00  sec  93.7 MBytes   786 Mbits/sec  70300  
[  5]  12.00-13.00  sec  94.4 MBytes   792 Mbits/sec  70830  
[  5]  13.00-14.00  sec  94.0 MBytes   789 Mbits/sec  70500  
[  5]  14.00-15.00  sec  95.5 MBytes   801 Mbits/sec  71640  
[  5]  15.00-16.00  sec  93.5 MBytes   784 Mbits/sec  70100  
[  5]  16.00-17.00  sec  93.2 MBytes   782 Mbits/sec  69940  
[  5]  17.00-18.00  sec  89.8 MBytes   753 Mbits/sec  67360  
[  5]  18.00-19.00  sec  79.9 MBytes   671 Mbits/sec  59950  
[  5]  19.00-20.00  sec  80.4 MBytes   674 Mbits/sec  60290  
[  5]  20.00-21.00  sec  88.9 MBytes   746 Mbits/sec  66660  
[  5]  21.00-22.00  sec  94.1 MBytes   790 Mbits/sec  70610  
[  5]  22.00-23.00  sec  94.1 MBytes   789 Mbits/sec  70590  
[  5]  23.00-24.00  sec  95.3 MBytes   799 Mbits/sec  71480  
[  5]  24.00-25.00  sec  93.2 MBytes   782 Mbits/sec  69930  
[  5]  25.00-26.00  sec  92.1 MBytes   772 Mbits/sec  69070  
[  5]  26.00-27.00  sec  94.1 MBytes   789 Mbits/sec  70570  
[  5]  27.00-28.00  sec  93.3 MBytes   783 Mbits/sec  70010  
[  5]  28.00-29.00  sec  93.7 MBytes   786 Mbits/sec  70290  
[  5]  29.00-30.00  sec  82.1 MBytes   689 Mbits/sec  61590  
[  5]  30.00-31.00  sec  80.8 MBytes   678 Mbits/sec  60580  
[  5]  31.00-32.00  sec  79.9 MBytes   670 Mbits/sec  59950  
[  5]  32.00-33.00  sec  81.1 MBytes   680 Mbits/sec  60810  
[  5]  33.00-34.00  sec  79.4 MBytes   666 Mbits/sec  59520  
[  5]  34.00-35.00  sec  80.4 MBytes   675 Mbits/sec  60310  
[  5]  35.00-36.00  sec  79.8 MBytes   670 Mbits/sec  59870  
[  5]  36.00-37.00  sec  89.7 MBytes   753 Mbits/sec  67280  
[  5]  37.00-38.00  sec  93.5 MBytes   784 Mbits/sec  70100  
[  5]  38.00-39.00  sec  95.2 MBytes   799 Mbits/sec  71420  
[  5]  39.00-40.00  sec  94.2 MBytes   790 Mbits/sec  70660  
[  5]  40.00-41.00  sec  93.5 MBytes   784 Mbits/sec  70110  
[  5]  41.00-42.00  sec  94.3 MBytes   791 Mbits/sec  70710  
[  5]  42.00-43.00  sec  93.6 MBytes   786 Mbits/sec  70240  
[  5]  43.00-44.00  sec  94.0 MBytes   788 Mbits/sec  70490  
[  5]  44.00-45.00  sec  93.6 MBytes   785 Mbits/sec  70200  
[  5]  45.00-46.00  sec  93.7 MBytes   786 Mbits/sec  70300  
[  5]  46.00-47.00  sec  94.0 MBytes   788 Mbits/sec  70490  
[  5]  47.00-48.00  sec  94.0 MBytes   789 Mbits/sec  70540  
[  5]  48.00-49.00  sec  91.9 MBytes   771 Mbits/sec  68960  
[  5]  49.00-50.00  sec  94.0 MBytes   788 Mbits/sec  70490  
[  5]  50.00-51.00  sec  94.0 MBytes   788 Mbits/sec  70490  
[  5]  51.00-52.00  sec  94.4 MBytes   792 Mbits/sec  70790  
[  5]  52.00-53.00  sec  93.8 MBytes   787 Mbits/sec  70330  
[  5]  53.00-54.00  sec  94.3 MBytes   791 Mbits/sec  70750  
[  5]  54.00-55.00  sec  94.1 MBytes   789 Mbits/sec  70570  
[  5]  55.00-56.00  sec  91.8 MBytes   770 Mbits/sec  68880  
[  5]  56.00-57.00  sec  92.3 MBytes   774 Mbits/sec  69250  
[  5]  57.00-58.00  sec  94.1 MBytes   789 Mbits/sec  70570  
[  5]  58.00-59.00  sec  93.4 MBytes   783 Mbits/sec  70020  
[  5]  59.00-60.00  sec  94.0 MBytes   789 Mbits/sec  70540  
- - - - - - - - - - - - - - - - - - - - - - - - -
[ ID] Interval           Transfer     Bitrate         Jitter    Lost/Total Datagrams
[  5]   0.00-60.00  sec  5.36 GBytes   768 Mbits/sec  0.000 ms  0/4119860 (0%)  sender
[  5]   0.00-60.04  sec  5.37 GBytes   768 Mbits/sec  0.013 ms  1579/4119860 (0.038%)  receiver

iperf Done.
