Connecting to host knb-server-4119681, port 5201
[  5] local 10.136.173.89 port 53119 connected to 10.43.8.139 port 5201
[ ID] Interval           Transfer     Bitrate         Total Datagrams
[  5]   0.00-1.00   sec  75.7 MBytes   635 Mbits/sec  67410  (omitted)
[  5]   0.00-1.00   sec  66.8 MBytes   560 Mbits/sec  59420  
[  5]   1.00-2.00   sec  73.5 MBytes   616 Mbits/sec  65410  
[  5]   2.00-3.00   sec  67.7 MBytes   568 Mbits/sec  60280  
[  5]   3.00-4.00   sec  73.7 MBytes   618 Mbits/sec  65620  
[  5]   4.00-5.00   sec  69.9 MBytes   587 Mbits/sec  62250  
[  5]   5.00-6.00   sec  75.1 MBytes   630 Mbits/sec  66870  
[  5]   6.00-7.00   sec  72.4 MBytes   608 Mbits/sec  64480  
[  5]   7.00-8.00   sec  71.8 MBytes   602 Mbits/sec  63870  
[  5]   8.00-9.00   sec  68.9 MBytes   578 Mbits/sec  61370  
[  5]   9.00-10.00  sec  71.8 MBytes   602 Mbits/sec  63890  
[  5]  10.00-11.00  sec  72.0 MBytes   604 Mbits/sec  64090  
[  5]  11.00-12.00  sec  72.1 MBytes   605 Mbits/sec  64160  
[  5]  12.00-13.00  sec  72.0 MBytes   604 Mbits/sec  64090  
[  5]  13.00-14.00  sec  72.7 MBytes   610 Mbits/sec  64730  
[  5]  14.00-15.00  sec  69.1 MBytes   580 Mbits/sec  61540  
[  5]  15.00-16.00  sec  71.9 MBytes   604 Mbits/sec  64040  
[  5]  16.00-17.00  sec  71.3 MBytes   598 Mbits/sec  63430  
[  5]  17.00-18.00  sec  72.9 MBytes   611 Mbits/sec  64850  
[  5]  18.00-19.00  sec  66.2 MBytes   555 Mbits/sec  58920  
[  5]  19.00-20.00  sec  72.9 MBytes   612 Mbits/sec  64890  
[  5]  20.00-21.00  sec  72.3 MBytes   606 Mbits/sec  64330  
[  5]  21.00-22.00  sec  73.5 MBytes   617 Mbits/sec  65460  
[  5]  22.00-23.00  sec  72.0 MBytes   604 Mbits/sec  64050  
[  5]  23.00-24.00  sec  71.7 MBytes   601 Mbits/sec  63820  
[  5]  24.00-25.00  sec  69.9 MBytes   586 Mbits/sec  62180  
[  5]  25.00-26.00  sec  72.9 MBytes   611 Mbits/sec  64890  
[  5]  26.00-27.00  sec  72.9 MBytes   612 Mbits/sec  64930  
[  5]  27.00-28.00  sec  73.0 MBytes   613 Mbits/sec  65020  
[  5]  28.00-29.00  sec  70.5 MBytes   592 Mbits/sec  62780  
[  5]  29.00-30.00  sec  72.2 MBytes   605 Mbits/sec  64240  
[  5]  30.00-31.00  sec  71.1 MBytes   597 Mbits/sec  63320  
[  5]  31.00-32.00  sec  71.9 MBytes   603 Mbits/sec  63960  
[  5]  32.00-33.00  sec  71.2 MBytes   597 Mbits/sec  63370  
[  5]  33.00-34.00  sec  68.2 MBytes   573 Mbits/sec  60750  
[  5]  34.00-35.00  sec  71.6 MBytes   601 Mbits/sec  63770  
[  5]  35.00-36.00  sec  68.2 MBytes   572 Mbits/sec  60750  
[  5]  36.00-37.00  sec  72.9 MBytes   611 Mbits/sec  64860  
[  5]  37.00-38.00  sec  73.1 MBytes   613 Mbits/sec  65030  
[  5]  38.00-39.00  sec  70.1 MBytes   588 Mbits/sec  62360  
[  5]  39.00-40.00  sec  71.2 MBytes   597 Mbits/sec  63390  
[  5]  40.00-41.00  sec  70.9 MBytes   595 Mbits/sec  63140  
[  5]  41.00-42.00  sec  71.6 MBytes   601 Mbits/sec  63730  
[  5]  42.00-43.00  sec  72.0 MBytes   604 Mbits/sec  64070  
[  5]  43.00-44.00  sec  72.5 MBytes   608 Mbits/sec  64540  
[  5]  44.00-45.00  sec  72.2 MBytes   606 Mbits/sec  64310  
[  5]  45.00-46.00  sec  72.1 MBytes   605 Mbits/sec  64160  
[  5]  46.00-47.00  sec  73.5 MBytes   617 Mbits/sec  65440  
[  5]  47.00-48.00  sec  73.1 MBytes   613 Mbits/sec  65050  
[  5]  48.00-49.00  sec  71.5 MBytes   600 Mbits/sec  63660  
[  5]  49.00-50.00  sec  72.3 MBytes   606 Mbits/sec  64350  
[  5]  50.00-51.00  sec  72.8 MBytes   610 Mbits/sec  64780  
[  5]  51.00-52.00  sec  69.0 MBytes   579 Mbits/sec  61450  
[  5]  52.00-53.00  sec  62.9 MBytes   528 Mbits/sec  55980  
[  5]  53.00-54.00  sec  72.9 MBytes   611 Mbits/sec  64880  
[  5]  54.00-55.00  sec  68.9 MBytes   578 Mbits/sec  61330  
[  5]  55.00-56.00  sec  72.4 MBytes   607 Mbits/sec  64430  
[  5]  56.00-57.00  sec  74.9 MBytes   629 Mbits/sec  66710  
[  5]  57.00-58.00  sec  55.1 MBytes   462 Mbits/sec  49010  
[  5]  58.00-59.00  sec  72.8 MBytes   610 Mbits/sec  64760  
[  5]  59.00-60.00  sec  72.2 MBytes   606 Mbits/sec  64250  
- - - - - - - - - - - - - - - - - - - - - - - - -
[ ID] Interval           Transfer     Bitrate         Jitter    Lost/Total Datagrams
[  5]   0.00-60.00  sec  4.17 GBytes   597 Mbits/sec  0.000 ms  0/3801490 (0%)  sender
[  5]   0.00-60.07  sec  1.12 GBytes   161 Mbits/sec  0.008 ms  2819906/3801490 (74%)  receiver

iperf Done.
