Connecting to host 10.136.80.147, port 5201
[  5] local 10.136.173.65 port 39048 connected to 10.136.80.147 port 5201
[ ID] Interval           Transfer     Bitrate         Retr  Cwnd
[  5]   0.00-1.00   sec  23.2 MBytes   194 Mbits/sec    0   1.03 MBytes       (omitted)
[  5]   0.00-1.00   sec  26.2 MBytes   220 Mbits/sec    0   2.33 MBytes       
[  5]   1.00-2.00   sec  23.8 MBytes   199 Mbits/sec  442   2.19 MBytes       
[  5]   2.00-3.00   sec  26.2 MBytes   220 Mbits/sec  582   1.62 MBytes       
[  5]   3.00-4.00   sec  33.8 MBytes   283 Mbits/sec    0   1.70 MBytes       
[  5]   4.00-5.00   sec  30.0 MBytes   252 Mbits/sec    0   1.76 MBytes       
[  5]   5.00-6.00   sec  30.0 MBytes   252 Mbits/sec    0   1.80 MBytes       
[  5]   6.00-7.00   sec  35.0 MBytes   294 Mbits/sec    0   1.83 MBytes       
[  5]   7.00-8.00   sec  36.2 MBytes   304 Mbits/sec    0   1.85 MBytes       
[  5]   8.00-9.00   sec  32.5 MBytes   273 Mbits/sec    0   1.86 MBytes       
[  5]   9.00-10.00  sec  28.8 MBytes   241 Mbits/sec    0   1.87 MBytes       
[  5]  10.00-11.00  sec  26.2 MBytes   220 Mbits/sec    0   1.87 MBytes       
[  5]  11.00-12.00  sec  27.5 MBytes   231 Mbits/sec    0   1.87 MBytes       
[  5]  12.00-13.00  sec  27.5 MBytes   231 Mbits/sec    0   1.87 MBytes       
[  5]  13.00-14.00  sec  26.2 MBytes   220 Mbits/sec    0   1.88 MBytes       
[  5]  14.00-15.00  sec  32.5 MBytes   273 Mbits/sec    0   1.89 MBytes       
[  5]  15.00-16.00  sec  27.5 MBytes   231 Mbits/sec    0   1.92 MBytes       
[  5]  16.00-17.00  sec  32.5 MBytes   273 Mbits/sec   73   1001 KBytes       
[  5]  17.00-18.00  sec  30.0 MBytes   252 Mbits/sec    0   1.04 MBytes       
[  5]  18.00-19.00  sec  32.5 MBytes   273 Mbits/sec    0   1.08 MBytes       
[  5]  19.00-20.00  sec  32.5 MBytes   273 Mbits/sec    0   1.12 MBytes       
[  5]  20.00-21.00  sec  26.2 MBytes   220 Mbits/sec    0   1.13 MBytes       
[  5]  21.00-22.00  sec  27.5 MBytes   231 Mbits/sec    0   1.14 MBytes       
[  5]  22.00-23.00  sec  27.5 MBytes   231 Mbits/sec    0   1.15 MBytes       
[  5]  23.00-24.00  sec  28.8 MBytes   241 Mbits/sec    0   1.15 MBytes       
[  5]  24.00-25.00  sec  27.5 MBytes   231 Mbits/sec    0   1.15 MBytes       
[  5]  25.00-26.00  sec  28.8 MBytes   241 Mbits/sec    0   1.15 MBytes       
[  5]  26.00-27.00  sec  26.2 MBytes   220 Mbits/sec    0   1.16 MBytes       
[  5]  27.00-28.00  sec  27.5 MBytes   231 Mbits/sec    0   1.17 MBytes       
[  5]  28.00-29.00  sec  27.5 MBytes   231 Mbits/sec    0   1.20 MBytes       
[  5]  29.00-30.00  sec  31.2 MBytes   262 Mbits/sec    0   1.23 MBytes       
[  5]  30.00-31.00  sec  27.5 MBytes   231 Mbits/sec    0   1.29 MBytes       
[  5]  31.00-32.00  sec  31.2 MBytes   262 Mbits/sec    0   1.36 MBytes       
[  5]  32.00-33.00  sec  35.0 MBytes   294 Mbits/sec    0   1.45 MBytes       
[  5]  33.00-34.00  sec  33.8 MBytes   283 Mbits/sec    0   1.56 MBytes       
[  5]  34.00-35.00  sec  36.2 MBytes   304 Mbits/sec    0   1.70 MBytes       
[  5]  35.00-36.00  sec  30.0 MBytes   252 Mbits/sec   78    453 KBytes       
[  5]  36.00-37.00  sec  33.8 MBytes   283 Mbits/sec    0    495 KBytes       
[  5]  37.00-38.00  sec  31.2 MBytes   262 Mbits/sec    0    533 KBytes       
[  5]  38.00-39.00  sec  26.2 MBytes   220 Mbits/sec    6    426 KBytes       
[  5]  39.00-40.00  sec  27.5 MBytes   231 Mbits/sec    0    472 KBytes       
[  5]  40.00-41.00  sec  28.8 MBytes   241 Mbits/sec    0    503 KBytes       
[  5]  41.00-42.00  sec  30.0 MBytes   252 Mbits/sec    0    522 KBytes       
[  5]  42.00-43.00  sec  27.5 MBytes   231 Mbits/sec    0    551 KBytes       
[  5]  43.00-44.00  sec  27.5 MBytes   231 Mbits/sec    0    582 KBytes       
[  5]  44.00-45.00  sec  26.2 MBytes   220 Mbits/sec    0    610 KBytes       
[  5]  45.00-46.00  sec  26.2 MBytes   220 Mbits/sec    0    636 KBytes       
[  5]  46.00-47.00  sec  27.5 MBytes   231 Mbits/sec    0    664 KBytes       
[  5]  47.00-48.00  sec  28.8 MBytes   241 Mbits/sec    0    690 KBytes       
[  5]  48.00-49.00  sec  30.0 MBytes   252 Mbits/sec    5    515 KBytes       
[  5]  49.00-50.00  sec  30.0 MBytes   252 Mbits/sec    0    583 KBytes       
[  5]  50.00-51.00  sec  30.0 MBytes   252 Mbits/sec  100    443 KBytes       
[  5]  51.00-52.00  sec  31.2 MBytes   262 Mbits/sec    0    485 KBytes       
[  5]  52.00-53.00  sec  31.2 MBytes   262 Mbits/sec    0    525 KBytes       
[  5]  53.00-54.00  sec  35.0 MBytes   294 Mbits/sec    0    565 KBytes       
[  5]  54.00-55.00  sec  32.5 MBytes   273 Mbits/sec    0    598 KBytes       
[  5]  55.00-56.00  sec  27.5 MBytes   231 Mbits/sec    0    628 KBytes       
[  5]  56.00-57.00  sec  27.5 MBytes   231 Mbits/sec    0    655 KBytes       
[  5]  57.00-58.00  sec  28.8 MBytes   241 Mbits/sec    0    681 KBytes       
[  5]  58.00-59.00  sec  27.5 MBytes   231 Mbits/sec    0    706 KBytes       
[  5]  59.00-60.00  sec  32.5 MBytes   273 Mbits/sec    0    735 KBytes       
- - - - - - - - - - - - - - - - - - - - - - - - -
[ ID] Interval           Transfer     Bitrate         Retr
[  5]   0.00-60.00  sec  1.73 GBytes   248 Mbits/sec  1286             sender
[  5]   0.00-60.06  sec  1.73 GBytes   248 Mbits/sec                  receiver

iperf Done.
