Connecting to host 10.136.80.147, port 5201
[  5] local 10.136.173.80 port 58778 connected to 10.136.80.147 port 5201
[ ID] Interval           Transfer     Bitrate         Total Datagrams
[  5]   0.00-1.00   sec  69.3 MBytes   582 Mbits/sec  61730  (omitted)
[  5]   0.00-1.00   sec  78.6 MBytes   660 Mbits/sec  69990  
[  5]   1.00-2.00   sec  77.1 MBytes   646 Mbits/sec  68590  
[  5]   2.00-3.00   sec  76.7 MBytes   644 Mbits/sec  68300  
[  5]   3.00-4.00   sec  77.4 MBytes   650 Mbits/sec  68930  
[  5]   4.00-5.00   sec  75.3 MBytes   631 Mbits/sec  67000  
[  5]   5.00-6.00   sec  79.5 MBytes   667 Mbits/sec  70760  
[  5]   6.00-7.00   sec  74.9 MBytes   629 Mbits/sec  66700  
[  5]   7.00-8.00   sec  77.6 MBytes   651 Mbits/sec  69040  
[  5]   8.00-9.00   sec  77.0 MBytes   646 Mbits/sec  68510  
[  5]   9.00-10.00  sec  65.3 MBytes   548 Mbits/sec  58100  
[  5]  10.00-11.00  sec  69.4 MBytes   582 Mbits/sec  61790  
[  5]  11.00-12.00  sec  80.1 MBytes   672 Mbits/sec  71340  
[  5]  12.00-13.00  sec  64.6 MBytes   542 Mbits/sec  57520  
[  5]  13.00-14.00  sec  62.7 MBytes   526 Mbits/sec  55770  
[  5]  14.00-15.00  sec  55.5 MBytes   466 Mbits/sec  49440  
[  5]  15.00-16.00  sec  66.6 MBytes   559 Mbits/sec  59290  
[  5]  16.00-17.00  sec  75.5 MBytes   633 Mbits/sec  67180  
[  5]  17.00-18.00  sec  78.5 MBytes   658 Mbits/sec  69860  
[  5]  18.00-19.00  sec  76.2 MBytes   639 Mbits/sec  67800  
[  5]  19.00-20.00  sec  75.4 MBytes   632 Mbits/sec  67080  
[  5]  20.00-21.00  sec  76.7 MBytes   643 Mbits/sec  68250  
[  5]  21.00-22.00  sec  76.9 MBytes   645 Mbits/sec  68480  
[  5]  22.00-23.00  sec  75.6 MBytes   634 Mbits/sec  67280  
[  5]  23.00-24.00  sec  76.2 MBytes   639 Mbits/sec  67840  
[  5]  24.00-25.00  sec  75.3 MBytes   632 Mbits/sec  67020  
[  5]  25.00-26.00  sec  74.7 MBytes   626 Mbits/sec  66480  
[  5]  26.00-27.00  sec  77.3 MBytes   649 Mbits/sec  68820  
[  5]  27.00-28.00  sec  77.1 MBytes   647 Mbits/sec  68670  
[  5]  28.00-29.00  sec  76.1 MBytes   639 Mbits/sec  67760  
[  5]  29.00-30.00  sec  76.0 MBytes   638 Mbits/sec  67680  
[  5]  30.00-31.00  sec  75.5 MBytes   633 Mbits/sec  67210  
[  5]  31.00-32.00  sec  75.8 MBytes   636 Mbits/sec  67460  
[  5]  32.00-33.00  sec  75.4 MBytes   633 Mbits/sec  67130  
[  5]  33.00-34.00  sec  76.3 MBytes   640 Mbits/sec  67910  
[  5]  34.00-35.00  sec  74.4 MBytes   625 Mbits/sec  66260  
[  5]  35.00-36.00  sec  76.2 MBytes   639 Mbits/sec  67800  
[  5]  36.00-37.00  sec  76.4 MBytes   641 Mbits/sec  67980  
[  5]  37.00-38.00  sec  76.6 MBytes   643 Mbits/sec  68200  
[  5]  38.00-39.00  sec  77.1 MBytes   647 Mbits/sec  68640  
[  5]  39.00-40.00  sec  72.7 MBytes   610 Mbits/sec  64690  
[  5]  40.00-41.00  sec  55.4 MBytes   465 Mbits/sec  49310  
[  5]  41.00-42.00  sec  54.8 MBytes   460 Mbits/sec  48760  
[  5]  42.00-43.00  sec  57.7 MBytes   484 Mbits/sec  51400  
[  5]  43.00-44.00  sec  78.5 MBytes   659 Mbits/sec  69900  
[  5]  44.00-45.00  sec  77.0 MBytes   646 Mbits/sec  68570  
[  5]  45.00-46.00  sec  75.7 MBytes   635 Mbits/sec  67340  
[  5]  46.00-47.00  sec  70.0 MBytes   588 Mbits/sec  62350  
[  5]  47.00-48.00  sec  78.5 MBytes   659 Mbits/sec  69910  
[  5]  48.00-49.00  sec  78.6 MBytes   659 Mbits/sec  69920  
[  5]  49.00-50.00  sec  75.6 MBytes   634 Mbits/sec  67290  
[  5]  50.00-51.00  sec  78.3 MBytes   656 Mbits/sec  69660  
[  5]  51.00-52.00  sec  78.5 MBytes   658 Mbits/sec  69840  
[  5]  52.00-53.00  sec  78.1 MBytes   655 Mbits/sec  69530  
[  5]  53.00-54.00  sec  79.0 MBytes   663 Mbits/sec  70310  
[  5]  54.00-55.00  sec  75.9 MBytes   636 Mbits/sec  67530  
[  5]  55.00-56.00  sec  73.8 MBytes   619 Mbits/sec  65710  
[  5]  56.00-57.00  sec  76.8 MBytes   644 Mbits/sec  68390  
[  5]  57.00-58.00  sec  76.9 MBytes   645 Mbits/sec  68420  
[  5]  58.00-59.00  sec  73.4 MBytes   616 Mbits/sec  65320  
[  5]  59.00-60.00  sec  76.8 MBytes   644 Mbits/sec  68380  
- - - - - - - - - - - - - - - - - - - - - - - - -
[ ID] Interval           Transfer     Bitrate         Jitter    Lost/Total Datagrams
[  5]   0.00-60.00  sec  4.35 GBytes   622 Mbits/sec  0.000 ms  0/3962390 (0%)  sender
[  5]   0.00-60.08  sec  1.08 GBytes   155 Mbits/sec  0.019 ms  3010299/3962234 (76%)  receiver

iperf Done.
