Connecting to host knb-server-300801, port 5201
[  5] local 10.136.173.86 port 53882 connected to 10.43.84.229 port 5201
[ ID] Interval           Transfer     Bitrate         Total Datagrams
[  5]   0.00-1.00   sec  72.6 MBytes   609 Mbits/sec  64620  (omitted)
[  5]   0.00-1.00   sec  72.2 MBytes   605 Mbits/sec  64250  
[  5]   1.00-2.00   sec  71.4 MBytes   599 Mbits/sec  63520  
[  5]   2.00-3.00   sec  70.1 MBytes   588 Mbits/sec  62390  
[  5]   3.00-4.00   sec  72.3 MBytes   607 Mbits/sec  64400  
[  5]   4.00-5.00   sec  73.2 MBytes   614 Mbits/sec  65150  
[  5]   5.00-6.00   sec  73.1 MBytes   613 Mbits/sec  65060  
[  5]   6.00-7.00   sec  72.7 MBytes   610 Mbits/sec  64750  
[  5]   7.00-8.00   sec  72.6 MBytes   609 Mbits/sec  64610  
[  5]   8.00-9.00   sec  72.3 MBytes   606 Mbits/sec  64350  
[  5]   9.00-10.00  sec  73.2 MBytes   614 Mbits/sec  65180  
[  5]  10.00-11.00  sec  73.9 MBytes   620 Mbits/sec  65770  
[  5]  11.00-12.00  sec  72.9 MBytes   612 Mbits/sec  64930  
[  5]  12.00-13.00  sec  72.3 MBytes   607 Mbits/sec  64360  
[  5]  13.00-14.00  sec  72.9 MBytes   612 Mbits/sec  64890  
[  5]  14.00-15.00  sec  73.3 MBytes   615 Mbits/sec  65250  
[  5]  15.00-16.00  sec  73.1 MBytes   613 Mbits/sec  65030  
[  5]  16.00-17.00  sec  77.1 MBytes   646 Mbits/sec  68590  
[  5]  17.00-18.00  sec  73.5 MBytes   616 Mbits/sec  65410  
[  5]  18.00-19.00  sec  72.1 MBytes   605 Mbits/sec  64140  
[  5]  19.00-20.00  sec  71.6 MBytes   601 Mbits/sec  63760  
[  5]  20.00-21.00  sec  72.4 MBytes   607 Mbits/sec  64440  
[  5]  21.00-22.00  sec  73.3 MBytes   615 Mbits/sec  65260  
[  5]  22.00-23.00  sec  54.8 MBytes   460 Mbits/sec  48790  
[  5]  23.00-24.00  sec  60.5 MBytes   507 Mbits/sec  53820  
[  5]  24.00-25.00  sec  70.3 MBytes   590 Mbits/sec  62610  
[  5]  25.00-26.00  sec  72.8 MBytes   611 Mbits/sec  64800  
[  5]  26.00-27.00  sec  71.6 MBytes   601 Mbits/sec  63730  
[  5]  27.00-28.00  sec  73.6 MBytes   617 Mbits/sec  65480  
[  5]  28.00-29.00  sec  73.9 MBytes   620 Mbits/sec  65740  
[  5]  29.00-30.00  sec  74.1 MBytes   622 Mbits/sec  65990  
[  5]  30.00-31.00  sec  73.3 MBytes   615 Mbits/sec  65250  
[  5]  31.00-32.00  sec  74.1 MBytes   621 Mbits/sec  65940  
[  5]  32.00-33.00  sec  58.7 MBytes   493 Mbits/sec  52270  
[  5]  33.00-34.00  sec  52.8 MBytes   443 Mbits/sec  47010  
[  5]  34.00-35.00  sec  71.9 MBytes   603 Mbits/sec  64030  
[  5]  35.00-36.00  sec  72.7 MBytes   609 Mbits/sec  64670  
[  5]  36.00-37.00  sec  67.4 MBytes   565 Mbits/sec  60000  
[  5]  37.00-38.00  sec  74.4 MBytes   624 Mbits/sec  66260  
[  5]  38.00-39.00  sec  75.0 MBytes   629 Mbits/sec  66720  
[  5]  39.00-40.00  sec  73.0 MBytes   613 Mbits/sec  65000  
[  5]  40.00-41.00  sec  73.5 MBytes   616 Mbits/sec  65400  
[  5]  41.00-42.00  sec  74.5 MBytes   625 Mbits/sec  66290  
[  5]  42.00-43.00  sec  73.5 MBytes   616 Mbits/sec  65390  
[  5]  43.00-44.00  sec  67.6 MBytes   567 Mbits/sec  60190  
[  5]  44.00-45.00  sec  65.0 MBytes   546 Mbits/sec  57890  
[  5]  45.00-46.00  sec  73.1 MBytes   613 Mbits/sec  65080  
[  5]  46.00-47.00  sec  71.2 MBytes   597 Mbits/sec  63390  
[  5]  47.00-48.00  sec  72.8 MBytes   611 Mbits/sec  64810  
[  5]  48.00-49.00  sec  64.2 MBytes   538 Mbits/sec  57130  
[  5]  49.00-50.00  sec  71.6 MBytes   600 Mbits/sec  63710  
[  5]  50.00-51.00  sec  57.5 MBytes   483 Mbits/sec  51210  
[  5]  51.00-52.00  sec  53.5 MBytes   449 Mbits/sec  47640  
[  5]  52.00-53.00  sec  52.4 MBytes   440 Mbits/sec  46640  
[  5]  53.00-54.00  sec  72.8 MBytes   611 Mbits/sec  64800  
[  5]  54.00-55.00  sec  70.8 MBytes   593 Mbits/sec  62980  
[  5]  55.00-56.00  sec  78.2 MBytes   656 Mbits/sec  69620  
[  5]  56.00-57.00  sec  73.1 MBytes   613 Mbits/sec  65040  
[  5]  57.00-58.00  sec  72.4 MBytes   607 Mbits/sec  64430  
[  5]  58.00-59.00  sec  66.9 MBytes   561 Mbits/sec  59580  
[  5]  59.00-60.00  sec  74.7 MBytes   627 Mbits/sec  66530  
- - - - - - - - - - - - - - - - - - - - - - - - -
[ ID] Interval           Transfer     Bitrate         Jitter    Lost/Total Datagrams
[  5]   0.00-60.00  sec  4.13 GBytes   591 Mbits/sec  0.000 ms  0/3761350 (0%)  sender
[  5]   0.00-60.05  sec  1.71 GBytes   245 Mbits/sec  0.011 ms  2245419/3761350 (60%)  receiver

iperf Done.
