Connecting to host knb-server-300801, port 5201
[  5] local 10.136.173.88 port 56524 connected to 10.43.84.229 port 5201
[ ID] Interval           Transfer     Bitrate         Retr  Cwnd
[  5]   0.00-1.00   sec  28.0 MBytes   235 Mbits/sec    0   1.23 MBytes       (omitted)
[  5]   0.00-1.00   sec  28.8 MBytes   241 Mbits/sec   11    946 KBytes       
[  5]   1.00-2.00   sec  30.0 MBytes   252 Mbits/sec    0   1009 KBytes       
[  5]   2.00-3.00   sec  33.8 MBytes   283 Mbits/sec    0   1.03 MBytes       
[  5]   3.00-4.00   sec  35.0 MBytes   294 Mbits/sec    0   1.06 MBytes       
[  5]   4.00-5.00   sec  32.5 MBytes   273 Mbits/sec    0   1.08 MBytes       
[  5]   5.00-6.00   sec  32.5 MBytes   273 Mbits/sec    0   1.09 MBytes       
[  5]   6.00-7.00   sec  32.5 MBytes   273 Mbits/sec    0   1.10 MBytes       
[  5]   7.00-8.00   sec  27.5 MBytes   231 Mbits/sec    0   1.10 MBytes       
[  5]   8.00-9.00   sec  26.2 MBytes   220 Mbits/sec    0   1.10 MBytes       
[  5]   9.00-10.00  sec  33.8 MBytes   283 Mbits/sec    0   1.10 MBytes       
[  5]  10.00-11.00  sec  31.2 MBytes   262 Mbits/sec    0   1.11 MBytes       
[  5]  11.00-12.00  sec  33.8 MBytes   283 Mbits/sec    0   1.12 MBytes       
[  5]  12.00-13.00  sec  30.0 MBytes   252 Mbits/sec    0   1.14 MBytes       
[  5]  13.00-14.00  sec  30.0 MBytes   252 Mbits/sec    0   1.18 MBytes       
[  5]  14.00-15.00  sec  28.8 MBytes   241 Mbits/sec    0   1.23 MBytes       
[  5]  15.00-16.00  sec  32.5 MBytes   273 Mbits/sec    0   1.30 MBytes       
[  5]  16.00-17.00  sec  26.2 MBytes   220 Mbits/sec    0   1.39 MBytes       
[  5]  17.00-18.00  sec  35.0 MBytes   294 Mbits/sec    0   1.51 MBytes       
[  5]  18.00-19.00  sec  35.0 MBytes   294 Mbits/sec    0   1.65 MBytes       
[  5]  19.00-20.00  sec  27.5 MBytes   231 Mbits/sec    0   1.82 MBytes       
[  5]  20.00-21.00  sec  33.8 MBytes   283 Mbits/sec    0   2.02 MBytes       
[  5]  21.00-22.00  sec  33.8 MBytes   283 Mbits/sec    0   2.25 MBytes       
[  5]  22.00-23.00  sec  35.0 MBytes   294 Mbits/sec    0   2.52 MBytes       
[  5]  23.00-24.00  sec  32.5 MBytes   273 Mbits/sec  1241    670 KBytes       
[  5]  24.00-25.00  sec  28.8 MBytes   241 Mbits/sec    0    722 KBytes       
[  5]  25.00-26.00  sec  33.8 MBytes   283 Mbits/sec    0    759 KBytes       
[  5]  26.00-27.00  sec  35.0 MBytes   294 Mbits/sec    0    783 KBytes       
[  5]  27.00-28.00  sec  32.5 MBytes   273 Mbits/sec    0    796 KBytes       
[  5]  28.00-29.00  sec  33.8 MBytes   283 Mbits/sec    0    803 KBytes       
[  5]  29.00-30.00  sec  30.0 MBytes   252 Mbits/sec    0    825 KBytes       
[  5]  30.00-31.00  sec  30.0 MBytes   252 Mbits/sec    0    847 KBytes       
[  5]  31.00-32.00  sec  26.2 MBytes   220 Mbits/sec    0    866 KBytes       
[  5]  32.00-33.00  sec  32.5 MBytes   273 Mbits/sec   26    652 KBytes       
[  5]  33.00-34.00  sec  28.8 MBytes   241 Mbits/sec    0    728 KBytes       
[  5]  34.00-35.00  sec  35.0 MBytes   294 Mbits/sec    0    785 KBytes       
[  5]  35.00-36.00  sec  33.8 MBytes   283 Mbits/sec    0    825 KBytes       
[  5]  36.00-37.00  sec  27.5 MBytes   231 Mbits/sec    0    852 KBytes       
[  5]  37.00-38.00  sec  32.5 MBytes   273 Mbits/sec    0    869 KBytes       
[  5]  38.00-39.00  sec  32.5 MBytes   273 Mbits/sec    0    877 KBytes       
[  5]  39.00-40.00  sec  35.0 MBytes   294 Mbits/sec    7    641 KBytes       
[  5]  40.00-41.00  sec  30.0 MBytes   252 Mbits/sec    0    684 KBytes       
[  5]  41.00-42.00  sec  31.2 MBytes   262 Mbits/sec    0    714 KBytes       
[  5]  42.00-43.00  sec  32.5 MBytes   273 Mbits/sec    0    732 KBytes       
[  5]  43.00-44.00  sec  35.0 MBytes   294 Mbits/sec    0    745 KBytes       
[  5]  44.00-45.00  sec  33.8 MBytes   283 Mbits/sec    0    773 KBytes       
[  5]  45.00-46.00  sec  32.5 MBytes   273 Mbits/sec    0    800 KBytes       
[  5]  46.00-47.00  sec  36.2 MBytes   304 Mbits/sec    0    827 KBytes       
[  5]  47.00-48.00  sec  35.0 MBytes   294 Mbits/sec    0    854 KBytes       
[  5]  48.00-49.00  sec  33.8 MBytes   283 Mbits/sec    0    878 KBytes       
[  5]  49.00-50.00  sec  28.8 MBytes   241 Mbits/sec    0    898 KBytes       
[  5]  50.00-51.00  sec  30.0 MBytes   252 Mbits/sec    0    918 KBytes       
[  5]  51.00-52.00  sec  26.2 MBytes   220 Mbits/sec    0    936 KBytes       
[  5]  52.00-53.00  sec  27.5 MBytes   231 Mbits/sec    0    955 KBytes       
[  5]  53.00-54.00  sec  27.5 MBytes   231 Mbits/sec    0    972 KBytes       
[  5]  54.00-55.00  sec  31.2 MBytes   262 Mbits/sec    0   1.04 MBytes       
[  5]  55.00-56.00  sec  33.8 MBytes   283 Mbits/sec    0   1.16 MBytes       
[  5]  56.00-57.00  sec  35.0 MBytes   294 Mbits/sec    0   1.31 MBytes       
[  5]  57.00-58.00  sec  30.0 MBytes   252 Mbits/sec    0   1.48 MBytes       
[  5]  58.00-59.00  sec  31.2 MBytes   262 Mbits/sec    0   1.68 MBytes       
[  5]  59.00-60.00  sec  33.8 MBytes   283 Mbits/sec    0   1.92 MBytes       
- - - - - - - - - - - - - - - - - - - - - - - - -
[ ID] Interval           Transfer     Bitrate         Retr
[  5]   0.00-60.00  sec  1.86 GBytes   266 Mbits/sec  1285             sender
[  5]   0.00-60.05  sec  1.86 GBytes   266 Mbits/sec                  receiver

iperf Done.
