Connecting to host 10.136.80.155, port 5201
[  5] local 10.136.173.92 port 42701 connected to 10.136.80.155 port 5201
[ ID] Interval           Transfer     Bitrate         Total Datagrams
[  5]   0.00-1.00   sec  71.8 MBytes   602 Mbits/sec  63870  (omitted)
[  5]   0.00-1.00   sec  77.4 MBytes   649 Mbits/sec  68910  
[  5]   1.00-2.00   sec  76.7 MBytes   643 Mbits/sec  68280  
[  5]   2.00-3.00   sec  77.1 MBytes   647 Mbits/sec  68620  
[  5]   3.00-4.00   sec  77.6 MBytes   651 Mbits/sec  69040  
[  5]   4.00-5.00   sec  71.5 MBytes   600 Mbits/sec  63620  
[  5]   5.00-6.00   sec  77.6 MBytes   651 Mbits/sec  69070  
[  5]   6.00-7.00   sec  79.1 MBytes   663 Mbits/sec  70370  
[  5]   7.00-8.00   sec  79.3 MBytes   665 Mbits/sec  70610  
[  5]   8.00-9.00   sec  78.9 MBytes   662 Mbits/sec  70210  
[  5]   9.00-10.00  sec  77.7 MBytes   652 Mbits/sec  69150  
[  5]  10.00-11.00  sec  77.6 MBytes   651 Mbits/sec  69060  
[  5]  11.00-12.00  sec  77.2 MBytes   648 Mbits/sec  68760  
[  5]  12.00-13.00  sec  74.0 MBytes   621 Mbits/sec  65850  
[  5]  13.00-14.00  sec  78.4 MBytes   657 Mbits/sec  69770  
[  5]  14.00-15.00  sec  76.7 MBytes   643 Mbits/sec  68270  
[  5]  15.00-16.00  sec  80.8 MBytes   678 Mbits/sec  71950  
[  5]  16.00-17.00  sec  84.3 MBytes   707 Mbits/sec  75020  
[  5]  17.00-18.00  sec  81.7 MBytes   685 Mbits/sec  72710  
[  5]  18.00-19.00  sec  82.8 MBytes   695 Mbits/sec  73720  
[  5]  19.00-20.00  sec  82.3 MBytes   690 Mbits/sec  73270  
[  5]  20.00-21.00  sec  83.1 MBytes   697 Mbits/sec  73980  
[  5]  21.00-22.00  sec  81.5 MBytes   684 Mbits/sec  72560  
[  5]  22.00-23.00  sec  81.5 MBytes   684 Mbits/sec  72550  
[  5]  23.00-24.00  sec  81.8 MBytes   686 Mbits/sec  72810  
[  5]  24.00-25.00  sec  82.7 MBytes   694 Mbits/sec  73610  
[  5]  25.00-26.00  sec  81.7 MBytes   685 Mbits/sec  72720  
[  5]  26.00-27.00  sec  81.9 MBytes   687 Mbits/sec  72920  
[  5]  27.00-28.00  sec  81.8 MBytes   686 Mbits/sec  72780  
[  5]  28.00-29.00  sec  81.2 MBytes   681 Mbits/sec  72270  
[  5]  29.00-30.00  sec  79.9 MBytes   670 Mbits/sec  71130  
[  5]  30.00-31.00  sec  80.9 MBytes   678 Mbits/sec  71980  
[  5]  31.00-32.00  sec  81.0 MBytes   679 Mbits/sec  72090  
[  5]  32.00-33.00  sec  80.5 MBytes   675 Mbits/sec  71620  
[  5]  33.00-34.00  sec  81.7 MBytes   685 Mbits/sec  72690  
[  5]  34.00-35.00  sec  81.8 MBytes   686 Mbits/sec  72840  
[  5]  35.00-36.00  sec  83.0 MBytes   696 Mbits/sec  73870  
[  5]  36.00-37.00  sec  83.8 MBytes   703 Mbits/sec  74560  
[  5]  37.00-38.00  sec  82.2 MBytes   690 Mbits/sec  73190  
[  5]  38.00-39.00  sec  81.5 MBytes   684 Mbits/sec  72590  
[  5]  39.00-40.00  sec  80.7 MBytes   677 Mbits/sec  71790  
[  5]  40.00-41.00  sec  82.1 MBytes   689 Mbits/sec  73120  
[  5]  41.00-42.00  sec  82.9 MBytes   695 Mbits/sec  73760  
[  5]  42.00-43.00  sec  84.8 MBytes   711 Mbits/sec  75450  
[  5]  43.00-44.00  sec  81.5 MBytes   684 Mbits/sec  72570  
[  5]  44.00-45.00  sec  80.9 MBytes   679 Mbits/sec  72000  
[  5]  45.00-46.00  sec  82.1 MBytes   689 Mbits/sec  73110  
[  5]  46.00-47.00  sec  82.3 MBytes   691 Mbits/sec  73290  
[  5]  47.00-48.00  sec  81.4 MBytes   683 Mbits/sec  72440  
[  5]  48.00-49.00  sec  83.8 MBytes   703 Mbits/sec  74560  
[  5]  49.00-50.00  sec  83.4 MBytes   700 Mbits/sec  74270  
[  5]  50.00-51.00  sec  82.5 MBytes   692 Mbits/sec  73470  
[  5]  51.00-52.00  sec  81.4 MBytes   683 Mbits/sec  72470  
[  5]  52.00-53.00  sec  82.0 MBytes   688 Mbits/sec  73010  
[  5]  53.00-54.00  sec  82.1 MBytes   689 Mbits/sec  73100  
[  5]  54.00-55.00  sec  78.4 MBytes   658 Mbits/sec  69820  
[  5]  55.00-56.00  sec  79.2 MBytes   665 Mbits/sec  70530  
[  5]  56.00-57.00  sec  77.7 MBytes   652 Mbits/sec  69190  
[  5]  57.00-58.00  sec  76.7 MBytes   644 Mbits/sec  68300  
[  5]  58.00-59.00  sec  77.9 MBytes   653 Mbits/sec  69300  
[  5]  59.00-60.00  sec  76.0 MBytes   638 Mbits/sec  67690  
- - - - - - - - - - - - - - - - - - - - - - - - -
[ ID] Interval           Transfer     Bitrate         Jitter    Lost/Total Datagrams
[  5]   0.00-60.00  sec  4.71 GBytes   674 Mbits/sec  0.000 ms  0/4292260 (0%)  sender
[  5]   0.00-60.06  sec  2.33 GBytes   334 Mbits/sec  0.009 ms  2208730/4292260 (51%)  receiver

iperf Done.
