Connecting to host 10.136.80.140, port 5201
[  5] local 10.136.173.76 port 58386 connected to 10.136.80.140 port 5201
[ ID] Interval           Transfer     Bitrate         Total Datagrams
[  5]   0.00-1.00   sec  51.2 MBytes   430 Mbits/sec  45610  (omitted)
[  5]   0.00-1.00   sec  52.2 MBytes   438 Mbits/sec  46500  
[  5]   1.00-2.00   sec  41.5 MBytes   348 Mbits/sec  36920  
[  5]   2.00-3.00   sec  54.7 MBytes   459 Mbits/sec  48690  
[  5]   3.00-4.00   sec  50.8 MBytes   427 Mbits/sec  45260  
[  5]   4.00-5.00   sec  55.6 MBytes   467 Mbits/sec  49520  
[  5]   5.00-6.00   sec  51.2 MBytes   429 Mbits/sec  45560  
[  5]   6.00-7.00   sec  49.6 MBytes   416 Mbits/sec  44190  
[  5]   7.00-8.00   sec  53.4 MBytes   448 Mbits/sec  47490  
[  5]   8.00-9.00   sec  50.0 MBytes   419 Mbits/sec  44500  
[  5]   9.00-10.00  sec  50.0 MBytes   420 Mbits/sec  44540  
[  5]  10.00-11.00  sec  55.1 MBytes   463 Mbits/sec  49090  
[  5]  11.00-12.00  sec  54.4 MBytes   456 Mbits/sec  48420  
[  5]  12.00-13.00  sec  53.7 MBytes   451 Mbits/sec  47820  
[  5]  13.00-14.00  sec  59.3 MBytes   497 Mbits/sec  52750  
[  5]  14.00-15.00  sec  56.1 MBytes   471 Mbits/sec  49970  
[  5]  15.00-16.00  sec  57.5 MBytes   482 Mbits/sec  51180  
[  5]  16.00-17.00  sec  54.1 MBytes   454 Mbits/sec  48170  
[  5]  17.00-18.00  sec  54.7 MBytes   459 Mbits/sec  48700  
[  5]  18.00-19.00  sec  55.2 MBytes   463 Mbits/sec  49160  
[  5]  19.00-20.00  sec  55.8 MBytes   468 Mbits/sec  49680  
[  5]  20.00-21.00  sec  57.3 MBytes   480 Mbits/sec  50970  
[  5]  21.00-22.00  sec  55.6 MBytes   466 Mbits/sec  49480  
[  5]  22.00-23.00  sec  60.3 MBytes   506 Mbits/sec  53670  
[  5]  23.00-24.00  sec  57.5 MBytes   483 Mbits/sec  51210  
[  5]  24.00-25.00  sec  56.3 MBytes   472 Mbits/sec  50090  
[  5]  25.00-26.00  sec  58.1 MBytes   487 Mbits/sec  51720  
[  5]  26.00-27.00  sec  55.0 MBytes   461 Mbits/sec  48950  
[  5]  27.00-28.00  sec  54.8 MBytes   460 Mbits/sec  48790  
[  5]  28.00-29.00  sec  55.0 MBytes   462 Mbits/sec  48990  
[  5]  29.00-30.00  sec  54.2 MBytes   454 Mbits/sec  48220  
[  5]  30.00-31.00  sec  55.9 MBytes   469 Mbits/sec  49790  
[  5]  31.00-32.00  sec  54.3 MBytes   455 Mbits/sec  48290  
[  5]  32.00-33.00  sec  54.0 MBytes   453 Mbits/sec  48030  
[  5]  33.00-34.00  sec  51.8 MBytes   435 Mbits/sec  46140  
[  5]  34.00-35.00  sec  56.8 MBytes   476 Mbits/sec  50520  
[  5]  35.00-36.00  sec  58.4 MBytes   490 Mbits/sec  52020  
[  5]  36.00-37.00  sec  52.9 MBytes   443 Mbits/sec  47050  
[  5]  37.00-38.00  sec  56.2 MBytes   471 Mbits/sec  50020  
[  5]  38.00-39.00  sec  58.3 MBytes   489 Mbits/sec  51930  
[  5]  39.00-40.00  sec  53.9 MBytes   452 Mbits/sec  47980  
[  5]  40.00-41.00  sec  50.4 MBytes   423 Mbits/sec  44880  
[  5]  41.00-42.00  sec  55.1 MBytes   462 Mbits/sec  49010  
[  5]  42.00-43.00  sec  49.9 MBytes   418 Mbits/sec  44400  
[  5]  43.00-44.00  sec  55.0 MBytes   461 Mbits/sec  48970  
[  5]  44.00-45.00  sec  55.1 MBytes   462 Mbits/sec  49060  
[  5]  45.00-46.00  sec  57.8 MBytes   485 Mbits/sec  51440  
[  5]  46.00-47.00  sec  56.4 MBytes   473 Mbits/sec  50170  
[  5]  47.00-48.00  sec  53.3 MBytes   447 Mbits/sec  47460  
[  5]  48.00-49.00  sec  57.1 MBytes   479 Mbits/sec  50860  
[  5]  49.00-50.00  sec  53.8 MBytes   451 Mbits/sec  47890  
[  5]  50.00-51.00  sec  51.7 MBytes   434 Mbits/sec  46000  
[  5]  51.00-52.00  sec  54.6 MBytes   458 Mbits/sec  48590  
[  5]  52.00-53.00  sec  50.6 MBytes   425 Mbits/sec  45050  
[  5]  53.00-54.00  sec  54.8 MBytes   460 Mbits/sec  48810  
[  5]  54.00-55.00  sec  56.2 MBytes   471 Mbits/sec  50030  
[  5]  55.00-56.00  sec  54.5 MBytes   457 Mbits/sec  48490  
[  5]  56.00-57.00  sec  50.3 MBytes   422 Mbits/sec  44800  
[  5]  57.00-58.00  sec  56.0 MBytes   470 Mbits/sec  49890  
[  5]  58.00-59.00  sec  52.4 MBytes   440 Mbits/sec  46640  
[  5]  59.00-60.00  sec  50.6 MBytes   424 Mbits/sec  45020  
- - - - - - - - - - - - - - - - - - - - - - - - -
[ ID] Interval           Transfer     Bitrate         Jitter    Lost/Total Datagrams
[  5]   0.00-60.00  sec  3.18 GBytes   455 Mbits/sec  0.000 ms  0/2899430 (0%)  sender
[  5]   0.00-60.32  sec  1.96 GBytes   279 Mbits/sec  0.007 ms  1123413/2898936 (39%)  receiver

iperf Done.
