Connecting to host 10.136.80.144, port 5201
[  5] local 10.136.173.80 port 55162 connected to 10.136.80.144 port 5201
[ ID] Interval           Transfer     Bitrate         Retr  Cwnd
[  5]   0.00-1.00   sec  7.91 MBytes  66.4 Mbits/sec  231    492 KBytes       (omitted)
[  5]   0.00-1.00   sec  8.65 MBytes  72.6 Mbits/sec    8    385 KBytes       
[  5]   1.00-2.00   sec  6.92 MBytes  58.0 Mbits/sec    0    419 KBytes       
[  5]   2.00-3.00   sec  8.71 MBytes  73.1 Mbits/sec    0    441 KBytes       
[  5]   3.00-4.00   sec  7.79 MBytes  65.3 Mbits/sec    0    451 KBytes       
[  5]   4.00-5.00   sec  7.23 MBytes  60.6 Mbits/sec   11    335 KBytes       
[  5]   5.00-6.00   sec  6.06 MBytes  50.8 Mbits/sec    0    361 KBytes       
[  5]   6.00-7.00   sec  6.92 MBytes  58.1 Mbits/sec    0    376 KBytes       
[  5]   7.00-8.00   sec  6.92 MBytes  58.1 Mbits/sec    0    383 KBytes       
[  5]   8.00-9.00   sec  6.92 MBytes  58.1 Mbits/sec    0    385 KBytes       
[  5]   9.00-10.00  sec  7.79 MBytes  65.3 Mbits/sec    0    385 KBytes       
[  5]  10.00-11.00  sec  6.92 MBytes  58.1 Mbits/sec    0    391 KBytes       
[  5]  11.00-12.00  sec  6.92 MBytes  58.1 Mbits/sec    0    403 KBytes       
[  5]  12.00-13.00  sec  7.79 MBytes  65.3 Mbits/sec    0    414 KBytes       
[  5]  13.00-14.00  sec  7.79 MBytes  65.3 Mbits/sec    0    426 KBytes       
[  5]  14.00-15.00  sec  7.85 MBytes  65.8 Mbits/sec    0    450 KBytes       
[  5]  15.00-16.00  sec  8.65 MBytes  72.6 Mbits/sec    0    495 KBytes       
[  5]  16.00-17.00  sec  8.71 MBytes  73.1 Mbits/sec    6    436 KBytes       
[  5]  17.00-18.00  sec  8.16 MBytes  68.4 Mbits/sec    0    446 KBytes       
[  5]  18.00-19.00  sec  7.17 MBytes  60.1 Mbits/sec   18    345 KBytes       
[  5]  19.00-20.00  sec  6.92 MBytes  58.1 Mbits/sec    0    370 KBytes       
[  5]  20.00-21.00  sec  6.92 MBytes  58.1 Mbits/sec    0    387 KBytes       
[  5]  21.00-22.00  sec  6.92 MBytes  58.1 Mbits/sec    0    393 KBytes       
[  5]  22.00-23.00  sec  7.79 MBytes  65.3 Mbits/sec    0    396 KBytes       
[  5]  23.00-24.00  sec  6.98 MBytes  58.6 Mbits/sec    0    396 KBytes       
[  5]  24.00-25.00  sec  6.92 MBytes  58.0 Mbits/sec    0    400 KBytes       
[  5]  25.00-26.00  sec  7.79 MBytes  65.3 Mbits/sec    0    412 KBytes       
[  5]  26.00-27.00  sec  7.79 MBytes  65.3 Mbits/sec    0    423 KBytes       
[  5]  27.00-28.00  sec  7.79 MBytes  65.3 Mbits/sec    0    435 KBytes       
[  5]  28.00-29.00  sec  7.79 MBytes  65.3 Mbits/sec    0    459 KBytes       
[  5]  29.00-30.00  sec  8.71 MBytes  73.1 Mbits/sec    0    504 KBytes       
[  5]  30.00-31.00  sec  10.4 MBytes  87.6 Mbits/sec    0    565 KBytes       
[  5]  31.00-32.00  sec  10.4 MBytes  87.1 Mbits/sec    8    568 KBytes       
[  5]  32.00-33.00  sec  8.84 MBytes  74.1 Mbits/sec    0    517 KBytes       
[  5]  33.00-34.00  sec  10.4 MBytes  87.1 Mbits/sec    0    567 KBytes       
[  5]  34.00-35.00  sec  10.4 MBytes  87.1 Mbits/sec    0    603 KBytes       
[  5]  35.00-36.00  sec  11.2 MBytes  94.3 Mbits/sec    0    626 KBytes       
[  5]  36.00-37.00  sec  12.1 MBytes   102 Mbits/sec    0    638 KBytes       
[  5]  37.00-38.00  sec  12.1 MBytes   102 Mbits/sec    0    644 KBytes       
[  5]  38.00-39.00  sec  11.2 MBytes  94.3 Mbits/sec    0    645 KBytes       
[  5]  39.00-40.00  sec  12.1 MBytes   102 Mbits/sec    0    645 KBytes       
[  5]  40.00-41.00  sec  12.1 MBytes   102 Mbits/sec    0    647 KBytes       
[  5]  41.00-42.00  sec  9.52 MBytes  79.8 Mbits/sec  136    498 KBytes       
[  5]  42.00-43.00  sec  9.52 MBytes  79.8 Mbits/sec    0    553 KBytes       
[  5]  43.00-44.00  sec  10.4 MBytes  87.1 Mbits/sec    0    595 KBytes       
[  5]  44.00-45.00  sec  11.2 MBytes  94.3 Mbits/sec    0    621 KBytes       
[  5]  45.00-46.00  sec  10.8 MBytes  90.7 Mbits/sec   85    454 KBytes       
[  5]  46.00-47.00  sec  6.92 MBytes  58.1 Mbits/sec    3    350 KBytes       
[  5]  47.00-48.00  sec  6.06 MBytes  50.8 Mbits/sec    0    374 KBytes       
[  5]  48.00-49.00  sec  7.79 MBytes  65.3 Mbits/sec    0    389 KBytes       
[  5]  49.00-50.00  sec  6.92 MBytes  58.1 Mbits/sec    0    396 KBytes       
[  5]  50.00-51.00  sec  6.06 MBytes  50.8 Mbits/sec   34    298 KBytes       
[  5]  51.00-52.00  sec  6.06 MBytes  50.8 Mbits/sec    0    339 KBytes       
[  5]  52.00-53.00  sec  6.92 MBytes  58.0 Mbits/sec    0    367 KBytes       
[  5]  53.00-54.00  sec  6.92 MBytes  58.1 Mbits/sec    0    385 KBytes       
[  5]  54.00-55.00  sec  6.92 MBytes  58.1 Mbits/sec    0    393 KBytes       
[  5]  55.00-56.00  sec  6.92 MBytes  58.0 Mbits/sec    0    397 KBytes       
[  5]  56.00-57.00  sec  7.79 MBytes  65.3 Mbits/sec    0    397 KBytes       
[  5]  57.00-58.00  sec  6.92 MBytes  58.1 Mbits/sec    0    397 KBytes       
[  5]  58.00-59.00  sec  7.79 MBytes  65.3 Mbits/sec    0    400 KBytes       
[  5]  59.00-60.00  sec  6.92 MBytes  58.1 Mbits/sec    0    410 KBytes       
- - - - - - - - - - - - - - - - - - - - - - - - -
[ ID] Interval           Transfer     Bitrate         Retr
[  5]   0.00-60.00  sec   496 MBytes  69.3 Mbits/sec  309             sender
[  5]   0.00-60.05  sec   497 MBytes  69.4 Mbits/sec                  receiver

iperf Done.
