Connecting to host 10.136.80.175, port 5201
[  5] local 10.136.173.112 port 49475 connected to 10.136.80.175 port 5201
[ ID] Interval           Transfer     Bitrate         Total Datagrams
[  5]   0.00-1.00   sec  63.8 MBytes   535 Mbits/sec  56810  (omitted)
[  5]   0.00-1.00   sec  63.1 MBytes   529 Mbits/sec  56140  
[  5]   1.00-2.00   sec  76.4 MBytes   641 Mbits/sec  68000  
[  5]   2.00-3.00   sec  77.3 MBytes   648 Mbits/sec  68800  
[  5]   3.00-4.00   sec  77.3 MBytes   649 Mbits/sec  68840  
[  5]   4.00-5.00   sec  76.5 MBytes   642 Mbits/sec  68110  
[  5]   5.00-6.00   sec  77.3 MBytes   648 Mbits/sec  68770  
[  5]   6.00-7.00   sec  77.2 MBytes   648 Mbits/sec  68730  
[  5]   7.00-8.00   sec  77.6 MBytes   651 Mbits/sec  69050  
[  5]   8.00-9.00   sec  77.1 MBytes   646 Mbits/sec  68600  
[  5]   9.00-10.00  sec  75.7 MBytes   635 Mbits/sec  67340  
[  5]  10.00-11.00  sec  57.4 MBytes   482 Mbits/sec  51110  
[  5]  11.00-12.00  sec  57.4 MBytes   481 Mbits/sec  51080  
[  5]  12.00-13.00  sec  74.5 MBytes   625 Mbits/sec  66280  
[  5]  13.00-14.00  sec  82.0 MBytes   688 Mbits/sec  72980  
[  5]  14.00-15.00  sec  82.5 MBytes   692 Mbits/sec  73410  
[  5]  15.00-16.00  sec  82.4 MBytes   692 Mbits/sec  73380  
[  5]  16.00-17.00  sec  81.4 MBytes   683 Mbits/sec  72480  
[  5]  17.00-18.00  sec  79.0 MBytes   662 Mbits/sec  70290  
[  5]  18.00-19.00  sec  79.6 MBytes   668 Mbits/sec  70890  
[  5]  19.00-20.00  sec  84.0 MBytes   704 Mbits/sec  74730  
[  5]  20.00-21.00  sec  83.0 MBytes   696 Mbits/sec  73840  
[  5]  21.00-22.00  sec  82.0 MBytes   688 Mbits/sec  72960  
[  5]  22.00-23.00  sec  80.7 MBytes   677 Mbits/sec  71800  
[  5]  23.00-24.00  sec  82.4 MBytes   691 Mbits/sec  73350  
[  5]  24.00-25.00  sec  82.8 MBytes   695 Mbits/sec  73730  
[  5]  25.00-26.00  sec  81.0 MBytes   679 Mbits/sec  72060  
[  5]  26.00-27.00  sec  81.8 MBytes   686 Mbits/sec  72840  
[  5]  27.00-28.00  sec  82.3 MBytes   690 Mbits/sec  73270  
[  5]  28.00-29.00  sec  82.7 MBytes   693 Mbits/sec  73570  
[  5]  29.00-30.00  sec  83.4 MBytes   700 Mbits/sec  74230  
[  5]  30.00-31.00  sec  81.9 MBytes   687 Mbits/sec  72920  
[  5]  31.00-32.00  sec  82.3 MBytes   690 Mbits/sec  73230  
[  5]  32.00-33.00  sec  80.7 MBytes   677 Mbits/sec  71830  
[  5]  33.00-34.00  sec  82.1 MBytes   689 Mbits/sec  73120  
[  5]  34.00-35.00  sec  81.6 MBytes   684 Mbits/sec  72600  
[  5]  35.00-36.00  sec  81.2 MBytes   681 Mbits/sec  72260  
[  5]  36.00-37.00  sec  81.7 MBytes   685 Mbits/sec  72700  
[  5]  37.00-38.00  sec  83.7 MBytes   702 Mbits/sec  74500  
[  5]  38.00-39.00  sec  81.0 MBytes   680 Mbits/sec  72130  
[  5]  39.00-40.00  sec  82.1 MBytes   689 Mbits/sec  73100  
[  5]  40.00-41.00  sec  81.7 MBytes   685 Mbits/sec  72720  
[  5]  41.00-42.00  sec  82.5 MBytes   692 Mbits/sec  73450  
[  5]  42.00-43.00  sec  83.3 MBytes   699 Mbits/sec  74130  
[  5]  43.00-44.00  sec  82.4 MBytes   691 Mbits/sec  73330  
[  5]  44.00-45.00  sec  82.6 MBytes   693 Mbits/sec  73500  
[  5]  45.00-46.00  sec  83.5 MBytes   700 Mbits/sec  74320  
[  5]  46.00-47.00  sec  79.6 MBytes   667 Mbits/sec  70830  
[  5]  47.00-48.00  sec  66.5 MBytes   558 Mbits/sec  59230  
[  5]  48.00-49.00  sec  81.0 MBytes   679 Mbits/sec  72090  
[  5]  49.00-50.00  sec  81.5 MBytes   683 Mbits/sec  72520  
[  5]  50.00-51.00  sec  81.4 MBytes   683 Mbits/sec  72430  
[  5]  51.00-52.00  sec  82.5 MBytes   692 Mbits/sec  73480  
[  5]  52.00-53.00  sec  82.7 MBytes   693 Mbits/sec  73570  
[  5]  53.00-54.00  sec  82.9 MBytes   696 Mbits/sec  73810  
[  5]  54.00-55.00  sec  83.4 MBytes   700 Mbits/sec  74280  
[  5]  55.00-56.00  sec  82.4 MBytes   691 Mbits/sec  73380  
[  5]  56.00-57.00  sec  83.1 MBytes   697 Mbits/sec  73940  
[  5]  57.00-58.00  sec  80.3 MBytes   673 Mbits/sec  71450  
[  5]  58.00-59.00  sec  81.0 MBytes   680 Mbits/sec  72110  
[  5]  59.00-60.00  sec  81.8 MBytes   686 Mbits/sec  72790  
- - - - - - - - - - - - - - - - - - - - - - - - -
[ ID] Interval           Transfer     Bitrate         Jitter    Lost/Total Datagrams
[  5]   0.00-60.00  sec  4.67 GBytes   669 Mbits/sec  0.000 ms  0/4256410 (0%)  sender
[  5]   0.00-60.25  sec  2.45 GBytes   350 Mbits/sec  0.012 ms  2038913/4254432 (48%)  receiver

iperf Done.
