Connecting to host 10.136.80.150, port 5201
[  5] local 10.136.173.86 port 52024 connected to 10.136.80.150 port 5201
[ ID] Interval           Transfer     Bitrate         Retr  Cwnd
[  5]   0.00-1.00   sec  80.8 MBytes   678 Mbits/sec   38    263 KBytes       (omitted)
[  5]   0.00-1.00   sec  86.4 MBytes   725 Mbits/sec   52    237 KBytes       
[  5]   1.00-2.00   sec  87.5 MBytes   734 Mbits/sec   10    312 KBytes       
[  5]   2.00-3.00   sec  86.4 MBytes   725 Mbits/sec   13    350 KBytes       
[  5]   3.00-4.00   sec  89.1 MBytes   747 Mbits/sec   21    243 KBytes       
[  5]   4.00-5.00   sec  85.8 MBytes   720 Mbits/sec    7    320 KBytes       
[  5]   5.00-6.00   sec  89.7 MBytes   753 Mbits/sec   22    204 KBytes       
[  5]   6.00-7.00   sec  87.7 MBytes   736 Mbits/sec    0    385 KBytes       
[  5]   7.00-8.00   sec  89.4 MBytes   750 Mbits/sec   22    223 KBytes       
[  5]   8.00-9.00   sec  82.1 MBytes   689 Mbits/sec   18    231 KBytes       
[  5]   9.00-10.00  sec  86.7 MBytes   727 Mbits/sec    7    359 KBytes       
[  5]  10.00-11.00  sec  85.7 MBytes   719 Mbits/sec   22    243 KBytes       
[  5]  11.00-12.00  sec  82.8 MBytes   695 Mbits/sec   15    323 KBytes       
[  5]  12.00-13.00  sec  81.9 MBytes   687 Mbits/sec   21    230 KBytes       
[  5]  13.00-14.00  sec  82.4 MBytes   691 Mbits/sec   36    182 KBytes       
[  5]  14.00-15.00  sec  86.0 MBytes   722 Mbits/sec    2    362 KBytes       
[  5]  15.00-16.00  sec  87.4 MBytes   733 Mbits/sec   51    240 KBytes       
[  5]  16.00-17.00  sec  89.7 MBytes   752 Mbits/sec    0    411 KBytes       
[  5]  17.00-18.00  sec  86.0 MBytes   722 Mbits/sec   64    267 KBytes       
[  5]  18.00-19.00  sec  90.9 MBytes   762 Mbits/sec   12    297 KBytes       
[  5]  19.00-20.00  sec  82.9 MBytes   695 Mbits/sec   20    214 KBytes       
[  5]  20.00-21.00  sec  85.1 MBytes   714 Mbits/sec   19    222 KBytes       
[  5]  21.00-22.00  sec  89.2 MBytes   748 Mbits/sec   24    306 KBytes       
[  5]  22.00-23.00  sec  80.3 MBytes   674 Mbits/sec   23    262 KBytes       
[  5]  23.00-24.00  sec  81.2 MBytes   681 Mbits/sec   24    223 KBytes       
[  5]  24.00-25.00  sec  85.1 MBytes   714 Mbits/sec    0    393 KBytes       
[  5]  25.00-26.00  sec  90.3 MBytes   757 Mbits/sec   45    286 KBytes       
[  5]  26.00-27.00  sec  76.8 MBytes   644 Mbits/sec   25    198 KBytes       
[  5]  27.00-28.00  sec  90.0 MBytes   755 Mbits/sec    0    391 KBytes       
[  5]  28.00-29.00  sec  80.5 MBytes   675 Mbits/sec   39    213 KBytes       
[  5]  29.00-30.00  sec  83.7 MBytes   702 Mbits/sec   13    282 KBytes       
[  5]  30.00-31.00  sec  86.6 MBytes   726 Mbits/sec  114    263 KBytes       
[  5]  31.00-32.00  sec  85.9 MBytes   721 Mbits/sec   20    237 KBytes       
[  5]  32.00-33.00  sec  86.3 MBytes   724 Mbits/sec    7    359 KBytes       
[  5]  33.00-34.00  sec  87.1 MBytes   730 Mbits/sec   49    358 KBytes       
[  5]  34.00-35.00  sec  82.0 MBytes   688 Mbits/sec   26    213 KBytes       
[  5]  35.00-36.00  sec  86.3 MBytes   724 Mbits/sec    1    319 KBytes       
[  5]  36.00-37.00  sec  82.5 MBytes   692 Mbits/sec   13    315 KBytes       
[  5]  37.00-38.00  sec  83.6 MBytes   701 Mbits/sec   12    236 KBytes       
[  5]  38.00-39.00  sec  85.2 MBytes   715 Mbits/sec   18    227 KBytes       
[  5]  39.00-40.00  sec  81.0 MBytes   679 Mbits/sec   12    236 KBytes       
[  5]  40.00-41.00  sec  85.2 MBytes   715 Mbits/sec   12    262 KBytes       
[  5]  41.00-42.00  sec  88.1 MBytes   739 Mbits/sec   19    288 KBytes       
[  5]  42.00-43.00  sec  83.0 MBytes   696 Mbits/sec   19    221 KBytes       
[  5]  43.00-44.00  sec  85.3 MBytes   715 Mbits/sec   18    251 KBytes       
[  5]  44.00-45.00  sec  81.3 MBytes   682 Mbits/sec   91    291 KBytes       
[  5]  45.00-46.00  sec  81.4 MBytes   683 Mbits/sec   27    161 KBytes       
[  5]  46.00-47.00  sec  83.8 MBytes   703 Mbits/sec    5    252 KBytes       
[  5]  47.00-48.01  sec  90.4 MBytes   753 Mbits/sec   14    207 KBytes       
[  5]  48.01-49.00  sec  80.8 MBytes   683 Mbits/sec   22    273 KBytes       
[  5]  49.00-50.00  sec  85.0 MBytes   713 Mbits/sec   23    248 KBytes       
[  5]  50.00-51.00  sec  83.3 MBytes   699 Mbits/sec   23    148 KBytes       
[  5]  51.00-52.00  sec  79.8 MBytes   669 Mbits/sec   16    267 KBytes       
[  5]  52.00-53.00  sec  85.6 MBytes   718 Mbits/sec   37    291 KBytes       
[  5]  53.00-54.00  sec  85.4 MBytes   716 Mbits/sec   23    308 KBytes       
[  5]  54.00-55.00  sec  67.2 MBytes   564 Mbits/sec  117    244 KBytes       
[  5]  55.00-56.00  sec  88.4 MBytes   741 Mbits/sec    0    410 KBytes       
[  5]  56.00-57.00  sec  79.5 MBytes   667 Mbits/sec   19    259 KBytes       
[  5]  57.00-58.00  sec  86.1 MBytes   723 Mbits/sec   13    291 KBytes       
[  5]  58.00-59.00  sec  81.9 MBytes   687 Mbits/sec   16    208 KBytes       
[  5]  59.00-60.00  sec  86.1 MBytes   723 Mbits/sec    7    286 KBytes       
- - - - - - - - - - - - - - - - - - - - - - - - -
[ ID] Interval           Transfer     Bitrate         Retr
[  5]   0.00-60.00  sec  4.96 GBytes   711 Mbits/sec  1420             sender
[  5]   0.00-60.04  sec  4.97 GBytes   710 Mbits/sec                  receiver

iperf Done.
