Connecting to host 10.136.80.188, port 5201
[  5] local 10.136.173.75 port 47166 connected to 10.136.80.188 port 5201
[ ID] Interval           Transfer     Bitrate         Total Datagrams
[  5]   0.00-1.00   sec  65.7 MBytes   551 Mbits/sec  58510  (omitted)
[  5]   0.00-1.00   sec  77.3 MBytes   649 Mbits/sec  68850  
[  5]   1.00-2.00   sec  76.9 MBytes   645 Mbits/sec  68480  
[  5]   2.00-3.00   sec  76.8 MBytes   644 Mbits/sec  68330  
[  5]   3.00-4.00   sec  76.0 MBytes   638 Mbits/sec  67660  
[  5]   4.00-5.00   sec  76.3 MBytes   640 Mbits/sec  67930  
[  5]   5.00-6.00   sec  76.8 MBytes   644 Mbits/sec  68320  
[  5]   6.00-7.00   sec  68.9 MBytes   578 Mbits/sec  61290  
[  5]   7.00-8.00   sec  63.7 MBytes   534 Mbits/sec  56670  
[  5]   8.00-9.00   sec  73.9 MBytes   620 Mbits/sec  65780  
[  5]   9.00-10.00  sec  74.2 MBytes   622 Mbits/sec  66020  
[  5]  10.00-11.00  sec  74.4 MBytes   624 Mbits/sec  66240  
[  5]  11.00-12.00  sec  74.0 MBytes   621 Mbits/sec  65850  
[  5]  12.00-13.00  sec  72.4 MBytes   607 Mbits/sec  64410  
[  5]  13.00-14.00  sec  73.9 MBytes   620 Mbits/sec  65760  
[  5]  14.00-15.00  sec  74.1 MBytes   622 Mbits/sec  65960  
[  5]  15.00-16.00  sec  75.0 MBytes   629 Mbits/sec  66780  
[  5]  16.00-17.00  sec  73.6 MBytes   617 Mbits/sec  65510  
[  5]  17.00-18.00  sec  74.1 MBytes   622 Mbits/sec  65990  
[  5]  18.00-19.00  sec  74.8 MBytes   627 Mbits/sec  66560  
[  5]  19.00-20.00  sec  74.7 MBytes   626 Mbits/sec  66470  
[  5]  20.00-21.00  sec  73.9 MBytes   620 Mbits/sec  65800  
[  5]  21.00-22.00  sec  65.5 MBytes   549 Mbits/sec  58270  
[  5]  22.00-23.00  sec  71.5 MBytes   600 Mbits/sec  63660  
[  5]  23.00-24.00  sec  68.9 MBytes   578 Mbits/sec  61300  
[  5]  24.00-25.00  sec  76.9 MBytes   645 Mbits/sec  68410  
[  5]  25.00-26.00  sec  76.9 MBytes   645 Mbits/sec  68460  
[  5]  26.00-27.00  sec  74.9 MBytes   628 Mbits/sec  66640  
[  5]  27.00-28.00  sec  77.3 MBytes   648 Mbits/sec  68770  
[  5]  28.00-29.00  sec  77.5 MBytes   650 Mbits/sec  69020  
[  5]  29.00-30.00  sec  77.5 MBytes   650 Mbits/sec  69000  
[  5]  30.00-31.00  sec  76.8 MBytes   645 Mbits/sec  68390  
[  5]  31.00-32.00  sec  76.1 MBytes   638 Mbits/sec  67710  
[  5]  32.00-33.00  sec  74.1 MBytes   621 Mbits/sec  65930  
[  5]  33.00-34.00  sec  67.4 MBytes   566 Mbits/sec  60030  
[  5]  34.00-35.00  sec  71.9 MBytes   603 Mbits/sec  64020  
[  5]  35.00-36.00  sec  76.2 MBytes   639 Mbits/sec  67840  
[  5]  36.00-37.00  sec  74.6 MBytes   626 Mbits/sec  66390  
[  5]  37.00-38.00  sec  72.3 MBytes   607 Mbits/sec  64380  
[  5]  38.00-39.00  sec  73.7 MBytes   618 Mbits/sec  65620  
[  5]  39.00-40.00  sec  74.1 MBytes   621 Mbits/sec  65930  
[  5]  40.00-41.00  sec  73.4 MBytes   615 Mbits/sec  65300  
[  5]  41.00-42.00  sec  74.4 MBytes   624 Mbits/sec  66190  
[  5]  42.00-43.00  sec  74.5 MBytes   625 Mbits/sec  66280  
[  5]  43.00-44.00  sec  78.2 MBytes   656 Mbits/sec  69640  
[  5]  44.00-45.00  sec  75.1 MBytes   630 Mbits/sec  66820  
[  5]  45.00-46.00  sec  74.2 MBytes   623 Mbits/sec  66070  
[  5]  46.00-47.00  sec  63.5 MBytes   532 Mbits/sec  56480  
[  5]  47.00-48.00  sec  64.0 MBytes   537 Mbits/sec  56940  
[  5]  48.00-49.00  sec  71.9 MBytes   603 Mbits/sec  63990  
[  5]  49.00-50.00  sec  73.7 MBytes   618 Mbits/sec  65620  
[  5]  50.00-51.00  sec  73.9 MBytes   620 Mbits/sec  65790  
[  5]  51.00-52.00  sec  74.0 MBytes   621 Mbits/sec  65900  
[  5]  52.00-53.00  sec  77.6 MBytes   651 Mbits/sec  69050  
[  5]  53.00-54.00  sec  77.8 MBytes   653 Mbits/sec  69240  
[  5]  54.00-55.00  sec  77.0 MBytes   646 Mbits/sec  68500  
[  5]  55.00-56.00  sec  77.3 MBytes   648 Mbits/sec  68810  
[  5]  56.00-57.00  sec  74.7 MBytes   627 Mbits/sec  66480  
[  5]  57.00-58.00  sec  76.8 MBytes   644 Mbits/sec  68350  
[  5]  58.00-59.00  sec  77.3 MBytes   648 Mbits/sec  68810  
[  5]  59.00-60.00  sec  76.5 MBytes   642 Mbits/sec  68090  
- - - - - - - - - - - - - - - - - - - - - - - - -
[ ID] Interval           Transfer     Bitrate         Jitter    Lost/Total Datagrams
[  5]   0.00-60.00  sec  4.34 GBytes   621 Mbits/sec  0.000 ms  0/3956780 (0%)  sender
[  5]   0.00-62.54  sec   232 MBytes  31.1 Mbits/sec  0.743 ms  3787301/3936299 (96%)  receiver

iperf Done.
