Connecting to host knb-server-136746, port 5201
[  5] local 10.136.173.97 port 43012 connected to 10.43.200.84 port 5201
[ ID] Interval           Transfer     Bitrate         Total Datagrams
[  5]   0.00-1.00   sec  77.8 MBytes   652 Mbits/sec  69210  (omitted)
[  5]   0.00-1.00   sec  78.2 MBytes   656 Mbits/sec  69590  
[  5]   1.00-2.00   sec  77.8 MBytes   653 Mbits/sec  69250  
[  5]   2.00-3.00   sec  78.2 MBytes   656 Mbits/sec  69570  
[  5]   3.00-4.00   sec  78.1 MBytes   655 Mbits/sec  69540  
[  5]   4.00-5.00   sec  77.8 MBytes   653 Mbits/sec  69280  
[  5]   5.00-6.00   sec  76.6 MBytes   643 Mbits/sec  68200  
[  5]   6.00-7.00   sec  78.1 MBytes   655 Mbits/sec  69510  
[  5]   7.00-8.00   sec  77.9 MBytes   653 Mbits/sec  69320  
[  5]   8.00-9.00   sec  77.0 MBytes   646 Mbits/sec  68510  
[  5]   9.00-10.00  sec  77.8 MBytes   653 Mbits/sec  69280  
[  5]  10.00-11.00  sec  77.6 MBytes   651 Mbits/sec  69080  
[  5]  11.00-12.00  sec  77.8 MBytes   653 Mbits/sec  69290  
[  5]  12.00-13.00  sec  78.1 MBytes   656 Mbits/sec  69560  
[  5]  13.00-14.00  sec  77.6 MBytes   651 Mbits/sec  69080  
[  5]  14.00-15.00  sec  78.2 MBytes   656 Mbits/sec  69640  
[  5]  15.00-16.00  sec  78.2 MBytes   656 Mbits/sec  69650  
[  5]  16.00-17.00  sec  78.0 MBytes   654 Mbits/sec  69440  
[  5]  17.00-18.00  sec  78.2 MBytes   656 Mbits/sec  69570  
[  5]  18.00-19.00  sec  77.9 MBytes   654 Mbits/sec  69360  
[  5]  19.00-20.00  sec  77.7 MBytes   651 Mbits/sec  69120  
[  5]  20.00-21.00  sec  76.9 MBytes   645 Mbits/sec  68420  
[  5]  21.00-22.00  sec  77.7 MBytes   652 Mbits/sec  69140  
[  5]  22.00-23.00  sec  77.5 MBytes   650 Mbits/sec  69020  
[  5]  23.00-24.00  sec  77.8 MBytes   652 Mbits/sec  69240  
[  5]  24.00-25.00  sec  77.4 MBytes   649 Mbits/sec  68890  
[  5]  25.00-26.00  sec  76.7 MBytes   643 Mbits/sec  68240  
[  5]  26.00-27.00  sec  77.6 MBytes   651 Mbits/sec  69050  
[  5]  27.00-28.00  sec  78.2 MBytes   656 Mbits/sec  69600  
[  5]  28.00-29.00  sec  77.3 MBytes   649 Mbits/sec  68830  
[  5]  29.00-30.00  sec  78.4 MBytes   658 Mbits/sec  69820  
[  5]  30.00-31.00  sec  78.0 MBytes   654 Mbits/sec  69440  
[  5]  31.00-32.00  sec  78.5 MBytes   658 Mbits/sec  69860  
[  5]  32.00-33.00  sec  77.8 MBytes   652 Mbits/sec  69210  
[  5]  33.00-34.00  sec  77.8 MBytes   653 Mbits/sec  69290  
[  5]  34.00-35.00  sec  78.5 MBytes   658 Mbits/sec  69850  
[  5]  35.00-36.00  sec  77.1 MBytes   647 Mbits/sec  68670  
[  5]  36.00-37.00  sec  78.4 MBytes   658 Mbits/sec  69780  
[  5]  37.00-38.00  sec  78.5 MBytes   659 Mbits/sec  69880  
[  5]  38.00-39.00  sec  78.3 MBytes   657 Mbits/sec  69680  
[  5]  39.00-40.00  sec  77.9 MBytes   653 Mbits/sec  69310  
[  5]  40.00-41.00  sec  77.8 MBytes   653 Mbits/sec  69280  
[  5]  41.00-42.00  sec  78.2 MBytes   656 Mbits/sec  69600  
[  5]  42.00-43.00  sec  78.2 MBytes   656 Mbits/sec  69600  
[  5]  43.00-44.00  sec  77.9 MBytes   653 Mbits/sec  69320  
[  5]  44.00-45.00  sec  78.0 MBytes   654 Mbits/sec  69430  
[  5]  45.00-46.00  sec  77.6 MBytes   651 Mbits/sec  69100  
[  5]  46.00-47.00  sec  78.0 MBytes   654 Mbits/sec  69430  
[  5]  47.00-48.00  sec  78.8 MBytes   661 Mbits/sec  70110  
[  5]  48.00-49.00  sec  77.4 MBytes   650 Mbits/sec  68930  
[  5]  49.00-50.00  sec  77.7 MBytes   652 Mbits/sec  69200  
[  5]  50.00-51.00  sec  77.8 MBytes   653 Mbits/sec  69290  
[  5]  51.00-52.00  sec  78.4 MBytes   658 Mbits/sec  69810  
[  5]  52.00-53.00  sec  79.6 MBytes   667 Mbits/sec  70820  
[  5]  53.00-54.00  sec  77.8 MBytes   653 Mbits/sec  69270  
[  5]  54.00-55.00  sec  77.9 MBytes   654 Mbits/sec  69360  
[  5]  55.00-56.00  sec  76.6 MBytes   643 Mbits/sec  68220  
[  5]  56.00-57.00  sec  63.4 MBytes   532 Mbits/sec  56440  
[  5]  57.00-58.00  sec  60.6 MBytes   509 Mbits/sec  53960  
[  5]  58.00-59.00  sec  71.7 MBytes   602 Mbits/sec  63830  
[  5]  59.00-60.00  sec  78.0 MBytes   654 Mbits/sec  69430  
- - - - - - - - - - - - - - - - - - - - - - - - -
[ ID] Interval           Transfer     Bitrate         Jitter    Lost/Total Datagrams
[  5]   0.00-60.00  sec  4.53 GBytes   648 Mbits/sec  0.000 ms  0/4125490 (0%)  sender
[  5]   0.00-60.04  sec  4.53 GBytes   648 Mbits/sec  0.010 ms  1305/4125490 (0.032%)  receiver

iperf Done.
