Connecting to host 10.136.80.141, port 5201
[  5] local 10.136.173.95 port 36493 connected to 10.136.80.141 port 5201
[ ID] Interval           Transfer     Bitrate         Total Datagrams
[  5]   0.00-1.00   sec  80.2 MBytes   673 Mbits/sec  71410  (omitted)
[  5]   0.00-1.00   sec  81.4 MBytes   682 Mbits/sec  72420  
[  5]   1.00-2.00   sec  80.7 MBytes   677 Mbits/sec  71790  
[  5]   2.00-3.00   sec  81.4 MBytes   683 Mbits/sec  72480  
[  5]   3.00-4.00   sec  81.1 MBytes   680 Mbits/sec  72190  
[  5]   4.00-5.00   sec  81.3 MBytes   682 Mbits/sec  72400  
[  5]   5.00-6.00   sec  82.8 MBytes   695 Mbits/sec  73720  
[  5]   6.00-7.00   sec  81.7 MBytes   685 Mbits/sec  72720  
[  5]   7.00-8.00   sec  81.2 MBytes   681 Mbits/sec  72270  
[  5]   8.00-9.00   sec  82.2 MBytes   690 Mbits/sec  73170  
[  5]   9.00-10.00  sec  81.8 MBytes   686 Mbits/sec  72790  
[  5]  10.00-11.00  sec  82.3 MBytes   691 Mbits/sec  73280  
[  5]  11.00-12.00  sec  81.8 MBytes   686 Mbits/sec  72830  
[  5]  12.00-13.00  sec  80.9 MBytes   679 Mbits/sec  72030  
[  5]  13.00-14.00  sec  80.9 MBytes   679 Mbits/sec  72010  
[  5]  14.00-15.00  sec  80.4 MBytes   674 Mbits/sec  71550  
[  5]  15.00-16.00  sec  81.6 MBytes   685 Mbits/sec  72650  
[  5]  16.00-17.00  sec  80.8 MBytes   678 Mbits/sec  71960  
[  5]  17.00-18.00  sec  81.0 MBytes   680 Mbits/sec  72140  
[  5]  18.00-19.00  sec  81.3 MBytes   682 Mbits/sec  72330  
[  5]  19.00-20.00  sec  81.1 MBytes   680 Mbits/sec  72170  
[  5]  20.00-21.00  sec  81.8 MBytes   686 Mbits/sec  72790  
[  5]  21.00-22.00  sec  81.3 MBytes   682 Mbits/sec  72380  
[  5]  22.00-23.00  sec  81.6 MBytes   684 Mbits/sec  72630  
[  5]  23.00-24.00  sec  81.3 MBytes   682 Mbits/sec  72380  
[  5]  24.00-25.00  sec  81.9 MBytes   687 Mbits/sec  72900  
[  5]  25.00-26.00  sec  80.9 MBytes   678 Mbits/sec  71990  
[  5]  26.00-27.00  sec  80.8 MBytes   677 Mbits/sec  71880  
[  5]  27.00-28.00  sec  80.6 MBytes   676 Mbits/sec  71750  
[  5]  28.00-29.00  sec  79.7 MBytes   669 Mbits/sec  70960  
[  5]  29.00-30.00  sec  82.0 MBytes   688 Mbits/sec  73000  
[  5]  30.00-31.00  sec  81.5 MBytes   684 Mbits/sec  72550  
[  5]  31.00-32.00  sec  81.9 MBytes   687 Mbits/sec  72910  
[  5]  32.00-33.00  sec  73.7 MBytes   618 Mbits/sec  65580  
[  5]  33.00-34.00  sec  67.2 MBytes   564 Mbits/sec  59840  
[  5]  34.00-35.00  sec  66.8 MBytes   560 Mbits/sec  59440  
[  5]  35.00-36.00  sec  73.6 MBytes   618 Mbits/sec  65540  
[  5]  36.00-37.00  sec  81.3 MBytes   682 Mbits/sec  72330  
[  5]  37.00-38.00  sec  82.0 MBytes   688 Mbits/sec  72970  
[  5]  38.00-39.00  sec  80.7 MBytes   677 Mbits/sec  71840  
[  5]  39.00-40.00  sec  80.7 MBytes   677 Mbits/sec  71810  
[  5]  40.00-41.00  sec  81.2 MBytes   681 Mbits/sec  72250  
[  5]  41.00-42.00  sec  80.5 MBytes   675 Mbits/sec  71620  
[  5]  42.00-43.00  sec  80.9 MBytes   679 Mbits/sec  72020  
[  5]  43.00-44.00  sec  80.9 MBytes   678 Mbits/sec  71980  
[  5]  44.00-45.00  sec  80.9 MBytes   679 Mbits/sec  72020  
[  5]  45.00-46.00  sec  81.1 MBytes   680 Mbits/sec  72150  
[  5]  46.00-47.00  sec  80.9 MBytes   679 Mbits/sec  72040  
[  5]  47.00-48.00  sec  81.1 MBytes   680 Mbits/sec  72160  
[  5]  48.00-49.00  sec  81.0 MBytes   679 Mbits/sec  72060  
[  5]  49.00-50.00  sec  82.0 MBytes   688 Mbits/sec  72970  
[  5]  50.00-51.00  sec  81.3 MBytes   682 Mbits/sec  72410  
[  5]  51.00-52.00  sec  81.1 MBytes   681 Mbits/sec  72220  
[  5]  52.00-53.00  sec  81.3 MBytes   682 Mbits/sec  72390  
[  5]  53.00-54.00  sec  82.0 MBytes   688 Mbits/sec  73030  
[  5]  54.00-55.00  sec  81.2 MBytes   681 Mbits/sec  72310  
[  5]  55.00-56.00  sec  80.9 MBytes   678 Mbits/sec  71980  
[  5]  56.00-57.00  sec  81.5 MBytes   683 Mbits/sec  72520  
[  5]  57.00-58.00  sec  80.6 MBytes   676 Mbits/sec  71720  
[  5]  58.00-59.00  sec  81.3 MBytes   682 Mbits/sec  72390  
[  5]  59.00-60.00  sec  81.7 MBytes   685 Mbits/sec  72700  
- - - - - - - - - - - - - - - - - - - - - - - - -
[ ID] Interval           Transfer     Bitrate         Jitter    Lost/Total Datagrams
[  5]   0.00-60.00  sec  4.72 GBytes   676 Mbits/sec  0.000 ms  0/4301310 (0%)  sender
[  5]   0.00-60.04  sec  4.72 GBytes   675 Mbits/sec  0.011 ms  2004/4301310 (0.047%)  receiver

iperf Done.
