Connecting to host 10.136.80.175, port 5201
[  5] local 10.136.173.69 port 32800 connected to 10.136.80.175 port 5201
[ ID] Interval           Transfer     Bitrate         Total Datagrams
[  5]   0.00-1.00   sec  60.6 MBytes   509 Mbits/sec  53980  (omitted)
[  5]   0.00-1.00   sec  60.6 MBytes   508 Mbits/sec  53930  
[  5]   1.00-2.00   sec  60.6 MBytes   508 Mbits/sec  53940  
[  5]   2.00-3.00   sec  69.2 MBytes   581 Mbits/sec  61600  
[  5]   3.00-4.00   sec  59.7 MBytes   501 Mbits/sec  53160  
[  5]   4.00-5.00   sec  64.7 MBytes   543 Mbits/sec  57620  
[  5]   5.00-6.00   sec  64.6 MBytes   542 Mbits/sec  57490  
[  5]   6.00-7.00   sec  59.7 MBytes   501 Mbits/sec  53180  
[  5]   7.00-8.00   sec  60.7 MBytes   509 Mbits/sec  54000  
[  5]   8.00-9.00   sec  60.2 MBytes   505 Mbits/sec  53570  
[  5]   9.00-10.00  sec  60.5 MBytes   507 Mbits/sec  53840  
[  5]  10.00-11.00  sec  61.0 MBytes   512 Mbits/sec  54310  
[  5]  11.00-12.00  sec  63.3 MBytes   531 Mbits/sec  56350  
[  5]  12.00-13.00  sec  64.0 MBytes   537 Mbits/sec  56960  
[  5]  13.00-14.00  sec  59.6 MBytes   500 Mbits/sec  53070  
[  5]  14.00-15.00  sec  60.7 MBytes   510 Mbits/sec  54070  
[  5]  15.00-16.00  sec  63.6 MBytes   534 Mbits/sec  56630  
[  5]  16.00-17.00  sec  77.4 MBytes   650 Mbits/sec  68940  
[  5]  17.00-18.00  sec  60.9 MBytes   511 Mbits/sec  54210  
[  5]  18.00-19.00  sec  59.2 MBytes   497 Mbits/sec  52710  
[  5]  19.00-20.00  sec  64.0 MBytes   537 Mbits/sec  56940  
[  5]  20.00-21.00  sec  63.6 MBytes   534 Mbits/sec  56620  
[  5]  21.00-22.00  sec  63.8 MBytes   536 Mbits/sec  56820  
[  5]  22.00-23.00  sec  80.5 MBytes   675 Mbits/sec  71660  
[  5]  23.00-24.00  sec  81.5 MBytes   684 Mbits/sec  72540  
[  5]  24.00-25.00  sec  72.0 MBytes   604 Mbits/sec  64060  
[  5]  25.00-26.00  sec  60.9 MBytes   511 Mbits/sec  54220  
[  5]  26.00-27.00  sec  63.3 MBytes   531 Mbits/sec  56380  
[  5]  27.00-28.00  sec  62.4 MBytes   524 Mbits/sec  55550  
[  5]  28.00-29.00  sec  60.8 MBytes   510 Mbits/sec  54160  
[  5]  29.00-30.00  sec  61.6 MBytes   517 Mbits/sec  54820  
[  5]  30.00-31.00  sec  61.1 MBytes   512 Mbits/sec  54380  
[  5]  31.00-32.00  sec  63.5 MBytes   532 Mbits/sec  56490  
[  5]  32.00-33.00  sec  70.1 MBytes   588 Mbits/sec  62430  
[  5]  33.00-34.00  sec  61.2 MBytes   514 Mbits/sec  54520  
[  5]  34.00-35.00  sec  58.7 MBytes   493 Mbits/sec  52290  
[  5]  35.00-36.00  sec  55.5 MBytes   465 Mbits/sec  49390  
[  5]  36.00-37.00  sec  63.3 MBytes   531 Mbits/sec  56360  
[  5]  37.00-38.00  sec  60.9 MBytes   511 Mbits/sec  54180  
[  5]  38.00-39.00  sec  60.9 MBytes   511 Mbits/sec  54180  
[  5]  39.00-40.00  sec  68.8 MBytes   577 Mbits/sec  61240  
[  5]  40.00-41.00  sec  60.8 MBytes   510 Mbits/sec  54160  
[  5]  41.00-42.00  sec  63.6 MBytes   534 Mbits/sec  56650  
[  5]  42.00-43.00  sec  69.2 MBytes   581 Mbits/sec  61630  
[  5]  43.00-44.00  sec  64.2 MBytes   539 Mbits/sec  57150  
[  5]  44.00-45.00  sec  62.7 MBytes   526 Mbits/sec  55790  
[  5]  45.00-46.00  sec  65.5 MBytes   549 Mbits/sec  58290  
[  5]  46.00-47.00  sec  66.7 MBytes   560 Mbits/sec  59390  
[  5]  47.00-48.00  sec  61.6 MBytes   517 Mbits/sec  54860  
[  5]  48.00-49.00  sec  61.6 MBytes   517 Mbits/sec  54860  
[  5]  49.00-50.00  sec  56.5 MBytes   474 Mbits/sec  50300  
[  5]  50.00-51.00  sec  63.3 MBytes   531 Mbits/sec  56310  
[  5]  51.00-52.00  sec  64.2 MBytes   538 Mbits/sec  57120  
[  5]  52.00-53.00  sec  72.0 MBytes   604 Mbits/sec  64120  
[  5]  53.00-54.00  sec  82.7 MBytes   694 Mbits/sec  73600  
[  5]  54.00-55.00  sec  76.6 MBytes   642 Mbits/sec  68140  
[  5]  55.00-56.00  sec  60.8 MBytes   510 Mbits/sec  54090  
[  5]  56.00-57.00  sec  65.4 MBytes   549 Mbits/sec  58220  
[  5]  57.00-58.00  sec  67.5 MBytes   566 Mbits/sec  60100  
[  5]  58.00-59.00  sec  63.6 MBytes   533 Mbits/sec  56580  
[  5]  59.00-60.00  sec  69.5 MBytes   583 Mbits/sec  61880  
- - - - - - - - - - - - - - - - - - - - - - - - -
[ ID] Interval           Transfer     Bitrate         Jitter    Lost/Total Datagrams
[  5]   0.00-60.00  sec  3.78 GBytes   541 Mbits/sec  0.000 ms  0/3442050 (0%)  sender
[  5]   0.00-60.09  sec   885 MBytes   124 Mbits/sec  0.026 ms  2689734/3442050 (78%)  receiver

iperf Done.
