Connecting to host 10.136.80.139, port 5201
[  5] local 10.136.173.122 port 41339 connected to 10.136.80.139 port 5201
[ ID] Interval           Transfer     Bitrate         Total Datagrams
[  5]   0.00-1.00   sec   102 MBytes   859 Mbits/sec  76770  (omitted)
[  5]   0.00-1.00   sec  93.2 MBytes   781 Mbits/sec  69880  
[  5]   1.00-2.00   sec  98.1 MBytes   823 Mbits/sec  73610  
[  5]   2.00-3.00   sec  93.8 MBytes   787 Mbits/sec  70340  
[  5]   3.00-4.00   sec  93.4 MBytes   783 Mbits/sec  70020  
[  5]   4.00-5.00   sec  94.3 MBytes   791 Mbits/sec  70700  
[  5]   5.00-6.00   sec  94.0 MBytes   789 Mbits/sec  70520  
[  5]   6.00-7.00   sec  93.9 MBytes   788 Mbits/sec  70430  
[  5]   7.00-8.00   sec  93.9 MBytes   788 Mbits/sec  70420  
[  5]   8.00-9.00   sec  92.9 MBytes   779 Mbits/sec  69660  
[  5]   9.00-10.00  sec  92.9 MBytes   779 Mbits/sec  69670  
[  5]  10.00-11.00  sec  94.1 MBytes   789 Mbits/sec  70560  
[  5]  11.00-12.00  sec  93.7 MBytes   786 Mbits/sec  70290  
[  5]  12.00-13.00  sec  93.7 MBytes   786 Mbits/sec  70310  
[  5]  13.00-14.00  sec  93.4 MBytes   784 Mbits/sec  70070  
[  5]  14.00-15.00  sec  93.4 MBytes   784 Mbits/sec  70060  
[  5]  15.00-16.00  sec  87.2 MBytes   731 Mbits/sec  65390  
[  5]  16.00-17.00  sec  94.3 MBytes   791 Mbits/sec  70740  
[  5]  17.00-18.00  sec  99.9 MBytes   838 Mbits/sec  74920  
[  5]  18.00-19.00  sec  93.6 MBytes   785 Mbits/sec  70210  
[  5]  19.00-20.00  sec  93.9 MBytes   787 Mbits/sec  70400  
[  5]  20.00-21.00  sec  93.8 MBytes   786 Mbits/sec  70320  
[  5]  21.00-22.00  sec  93.6 MBytes   785 Mbits/sec  70180  
[  5]  22.00-23.00  sec  94.2 MBytes   790 Mbits/sec  70680  
[  5]  23.00-24.00  sec  94.0 MBytes   789 Mbits/sec  70520  
[  5]  24.00-25.00  sec  94.0 MBytes   788 Mbits/sec  70470  
[  5]  25.00-26.00  sec  92.7 MBytes   778 Mbits/sec  69520  
[  5]  26.00-27.00  sec  94.1 MBytes   790 Mbits/sec  70600  
[  5]  27.00-28.00  sec  93.9 MBytes   788 Mbits/sec  70430  
[  5]  28.00-29.00  sec  93.0 MBytes   780 Mbits/sec  69780  
[  5]  29.00-30.00  sec  93.4 MBytes   784 Mbits/sec  70070  
[  5]  30.00-31.00  sec  89.4 MBytes   750 Mbits/sec  67030  
[  5]  31.00-32.00  sec  95.4 MBytes   800 Mbits/sec  71530  
[  5]  32.00-33.00  sec  93.8 MBytes   786 Mbits/sec  70320  
[  5]  33.00-34.00  sec  83.3 MBytes   698 Mbits/sec  62450  
[  5]  34.00-35.00  sec  79.0 MBytes   663 Mbits/sec  59250  
[  5]  35.00-36.00  sec  78.4 MBytes   658 Mbits/sec  58820  
[  5]  36.00-37.00  sec  79.7 MBytes   669 Mbits/sec  59790  
[  5]  37.00-38.00  sec  79.0 MBytes   663 Mbits/sec  59290  
[  5]  38.00-39.00  sec  78.0 MBytes   655 Mbits/sec  58540  
[  5]  39.00-40.00  sec  79.4 MBytes   666 Mbits/sec  59530  
[  5]  40.00-41.00  sec  79.5 MBytes   667 Mbits/sec  59620  
[  5]  41.00-42.00  sec  79.7 MBytes   669 Mbits/sec  59800  
[  5]  42.00-43.00  sec  79.7 MBytes   668 Mbits/sec  59770  
[  5]  43.00-44.00  sec  78.5 MBytes   658 Mbits/sec  58880  
[  5]  44.00-45.00  sec  79.4 MBytes   666 Mbits/sec  59560  
[  5]  45.00-46.00  sec  77.4 MBytes   649 Mbits/sec  58040  
[  5]  46.00-47.00  sec  78.4 MBytes   657 Mbits/sec  58790  
[  5]  47.00-48.00  sec  80.2 MBytes   673 Mbits/sec  60140  
[  5]  48.00-49.00  sec  88.2 MBytes   740 Mbits/sec  66120  
[  5]  49.00-50.00  sec  93.4 MBytes   784 Mbits/sec  70080  
[  5]  50.00-51.00  sec  93.4 MBytes   784 Mbits/sec  70090  
[  5]  51.00-52.00  sec  93.6 MBytes   785 Mbits/sec  70190  
[  5]  52.00-53.00  sec  94.0 MBytes   789 Mbits/sec  70510  
[  5]  53.00-54.00  sec  93.4 MBytes   784 Mbits/sec  70080  
[  5]  54.00-55.00  sec  94.0 MBytes   788 Mbits/sec  70480  
[  5]  55.00-56.00  sec  93.5 MBytes   784 Mbits/sec  70140  
[  5]  56.00-57.00  sec  99.6 MBytes   835 Mbits/sec  74680  
[  5]  57.00-58.00  sec  80.9 MBytes   678 Mbits/sec  60650  
[  5]  58.00-59.00  sec  79.9 MBytes   670 Mbits/sec  59910  
[  5]  59.00-60.00  sec  79.0 MBytes   663 Mbits/sec  59280  
- - - - - - - - - - - - - - - - - - - - - - - - -
[ ID] Interval           Transfer     Bitrate         Jitter    Lost/Total Datagrams
[  5]   0.00-60.00  sec  5.24 GBytes   750 Mbits/sec  0.000 ms  0/4024130 (0%)  sender
[  5]   0.00-60.04  sec  5.24 GBytes   750 Mbits/sec  0.012 ms  2186/4024130 (0.054%)  receiver

iperf Done.
