Connecting to host knb-server-103985, port 5201
[  5] local 10.136.173.66 port 45654 connected to 10.43.23.236 port 5201
[ ID] Interval           Transfer     Bitrate         Total Datagrams
[  5]   0.00-1.00   sec  70.6 MBytes   592 Mbits/sec  62820  (omitted)
[  5]   0.00-1.00   sec  73.7 MBytes   618 Mbits/sec  65610  
[  5]   1.00-2.00   sec  70.9 MBytes   595 Mbits/sec  63090  
[  5]   2.00-3.00   sec  73.8 MBytes   619 Mbits/sec  65710  
[  5]   3.00-4.00   sec  75.0 MBytes   629 Mbits/sec  66740  
[  5]   4.00-5.00   sec  68.7 MBytes   576 Mbits/sec  61170  
[  5]   5.00-6.00   sec  69.7 MBytes   585 Mbits/sec  62070  
[  5]   6.00-7.00   sec  74.7 MBytes   627 Mbits/sec  66500  
[  5]   7.00-8.00   sec  74.7 MBytes   627 Mbits/sec  66520  
[  5]   8.00-9.00   sec  72.0 MBytes   604 Mbits/sec  64120  
[  5]   9.00-10.00  sec  76.5 MBytes   642 Mbits/sec  68120  
[  5]  10.00-11.00  sec  75.9 MBytes   637 Mbits/sec  67600  
[  5]  11.00-12.00  sec  74.2 MBytes   622 Mbits/sec  66050  
[  5]  12.00-13.00  sec  74.4 MBytes   624 Mbits/sec  66210  
[  5]  13.00-14.00  sec  72.4 MBytes   607 Mbits/sec  64450  
[  5]  14.00-15.00  sec  75.4 MBytes   633 Mbits/sec  67140  
[  5]  15.00-16.00  sec  69.8 MBytes   585 Mbits/sec  62130  
[  5]  16.00-17.00  sec  74.7 MBytes   627 Mbits/sec  66500  
[  5]  17.00-18.00  sec  73.2 MBytes   614 Mbits/sec  65190  
[  5]  18.00-19.00  sec  73.2 MBytes   614 Mbits/sec  65190  
[  5]  19.00-20.00  sec  73.6 MBytes   618 Mbits/sec  65520  
[  5]  20.00-21.00  sec  75.5 MBytes   633 Mbits/sec  67210  
[  5]  21.00-22.00  sec  75.5 MBytes   634 Mbits/sec  67240  
[  5]  22.00-23.00  sec  73.5 MBytes   617 Mbits/sec  65440  
[  5]  23.00-24.00  sec  61.0 MBytes   511 Mbits/sec  54260  
[  5]  24.00-25.00  sec  56.2 MBytes   472 Mbits/sec  50040  
[  5]  25.00-26.00  sec  56.1 MBytes   471 Mbits/sec  49980  
[  5]  26.00-27.00  sec  55.5 MBytes   466 Mbits/sec  49400  
[  5]  27.00-28.00  sec  59.3 MBytes   497 Mbits/sec  52780  
[  5]  28.00-29.00  sec  62.6 MBytes   525 Mbits/sec  55700  
[  5]  29.00-30.00  sec  63.0 MBytes   528 Mbits/sec  56070  
[  5]  30.00-31.00  sec  73.6 MBytes   617 Mbits/sec  65510  
[  5]  31.00-32.00  sec  74.0 MBytes   620 Mbits/sec  65830  
[  5]  32.00-33.00  sec  72.8 MBytes   611 Mbits/sec  64830  
[  5]  33.00-34.00  sec  70.3 MBytes   590 Mbits/sec  62620  
[  5]  34.00-35.00  sec  74.6 MBytes   626 Mbits/sec  66380  
[  5]  35.00-36.00  sec  75.7 MBytes   635 Mbits/sec  67420  
[  5]  36.00-37.00  sec  75.3 MBytes   631 Mbits/sec  67000  
[  5]  37.00-38.00  sec  76.1 MBytes   638 Mbits/sec  67700  
[  5]  38.00-39.00  sec  74.9 MBytes   628 Mbits/sec  66630  
[  5]  39.00-40.00  sec  76.4 MBytes   641 Mbits/sec  67990  
[  5]  40.00-41.00  sec  74.3 MBytes   623 Mbits/sec  66130  
[  5]  41.00-42.00  sec  75.4 MBytes   632 Mbits/sec  67120  
[  5]  42.00-43.00  sec  73.6 MBytes   617 Mbits/sec  65520  
[  5]  43.00-44.00  sec  75.2 MBytes   631 Mbits/sec  66970  
[  5]  44.00-45.00  sec  73.6 MBytes   617 Mbits/sec  65530  
[  5]  45.00-46.00  sec  73.2 MBytes   614 Mbits/sec  65170  
[  5]  46.00-47.00  sec  76.6 MBytes   643 Mbits/sec  68220  
[  5]  47.00-48.00  sec  76.3 MBytes   640 Mbits/sec  67960  
[  5]  48.00-49.00  sec  75.2 MBytes   631 Mbits/sec  66980  
[  5]  49.00-50.00  sec  73.1 MBytes   613 Mbits/sec  65080  
[  5]  50.00-51.00  sec  78.9 MBytes   662 Mbits/sec  70260  
[  5]  51.00-52.00  sec  77.2 MBytes   648 Mbits/sec  68720  
[  5]  52.00-53.00  sec  77.7 MBytes   652 Mbits/sec  69140  
[  5]  53.00-54.00  sec  74.4 MBytes   624 Mbits/sec  66240  
[  5]  54.00-55.00  sec  59.3 MBytes   498 Mbits/sec  52800  
[  5]  55.00-56.00  sec  54.1 MBytes   454 Mbits/sec  48130  
[  5]  56.00-57.00  sec  54.1 MBytes   454 Mbits/sec  48200  
[  5]  57.00-58.00  sec  54.3 MBytes   455 Mbits/sec  48300  
[  5]  58.00-59.00  sec  59.5 MBytes   499 Mbits/sec  52920  
[  5]  59.00-60.00  sec  75.0 MBytes   629 Mbits/sec  66720  
- - - - - - - - - - - - - - - - - - - - - - - - -
[ ID] Interval           Transfer     Bitrate         Jitter    Lost/Total Datagrams
[  5]   0.00-60.00  sec  4.16 GBytes   596 Mbits/sec  0.000 ms  0/3791770 (0%)  sender
[  5]   0.00-60.27  sec  1.59 GBytes   227 Mbits/sec  0.009 ms  2375775/3787349 (63%)  receiver

iperf Done.
