Connecting to host knb-server-575882, port 5201
[  5] local 10.136.173.98 port 53834 connected to 10.43.145.245 port 5201
[ ID] Interval           Transfer     Bitrate         Retr  Cwnd
[  5]   0.00-1.00   sec  2.12 MBytes  17.7 Mbits/sec   98   1.15 KBytes       (omitted)
[  5]   0.00-1.00   sec  4.45 MBytes  37.3 Mbits/sec  210   2.30 KBytes       
[  5]   1.00-2.00   sec  8.42 MBytes  70.6 Mbits/sec  399   2.30 KBytes       
[  5]   2.00-3.00   sec  1012 KBytes  8.29 Mbits/sec   56   2.30 KBytes       
[  5]   3.00-4.00   sec  3.40 MBytes  28.5 Mbits/sec  151   3.45 KBytes       
[  5]   4.00-5.00   sec  3.02 MBytes  25.3 Mbits/sec  130   5.75 KBytes       
[  5]   5.00-6.00   sec   569 KBytes  4.66 Mbits/sec   37   1.15 KBytes       
[  5]   6.00-7.00   sec  6.35 MBytes  53.3 Mbits/sec  308   1.15 KBytes       
[  5]   7.00-8.00   sec  1.37 MBytes  11.5 Mbits/sec   58   2.30 KBytes       
[  5]   8.00-9.00   sec  1.11 MBytes  9.33 Mbits/sec   45   2.30 KBytes       
[  5]   9.00-10.00  sec  2.75 MBytes  23.1 Mbits/sec  118   1.15 KBytes       
[  5]  10.00-11.00  sec  10.4 MBytes  87.6 Mbits/sec  466   9.20 KBytes       
[  5]  11.00-12.00  sec  7.08 MBytes  59.4 Mbits/sec  322   2.30 KBytes       
[  5]  12.00-13.00  sec  2.49 MBytes  20.9 Mbits/sec  118   6.90 KBytes       
[  5]  13.00-14.00  sec  4.09 MBytes  34.3 Mbits/sec  209   1.15 KBytes       
[  5]  14.00-15.00  sec  2.69 MBytes  22.6 Mbits/sec  144   2.30 KBytes       
[  5]  15.00-16.00  sec  1.74 MBytes  14.6 Mbits/sec   82   1.15 KBytes       
[  5]  16.00-17.00  sec  5.46 MBytes  45.8 Mbits/sec  250   4.60 KBytes       
[  5]  17.00-18.00  sec  3.43 MBytes  28.8 Mbits/sec  147   4.60 KBytes       
[  5]  18.00-19.00  sec   443 KBytes  3.63 Mbits/sec   23   1.15 KBytes       
[  5]  19.00-20.00  sec  2.66 MBytes  22.3 Mbits/sec  155   2.30 KBytes       
[  5]  20.00-21.00  sec  6.88 MBytes  57.7 Mbits/sec  308   1.15 KBytes       
[  5]  21.00-22.00  sec  6.27 MBytes  52.6 Mbits/sec  304   5.75 KBytes       
[  5]  22.00-23.00  sec  1.86 MBytes  15.6 Mbits/sec   83   1.15 KBytes       
[  5]  23.00-24.00  sec  3.49 MBytes  29.3 Mbits/sec  166   2.30 KBytes       
[  5]  24.00-25.00  sec  2.56 MBytes  21.5 Mbits/sec  143   2.30 KBytes       
[  5]  25.00-26.00  sec  4.33 MBytes  36.4 Mbits/sec  210   1.15 KBytes       
[  5]  26.00-27.00  sec  3.48 MBytes  29.2 Mbits/sec  167   4.60 KBytes       
[  5]  27.00-28.00  sec  11.2 MBytes  93.9 Mbits/sec  522   9.20 KBytes       
[  5]  28.00-29.00  sec  7.44 MBytes  62.4 Mbits/sec  378   6.90 KBytes       
[  5]  29.00-30.00  sec  4.48 MBytes  37.6 Mbits/sec  203   4.60 KBytes       
[  5]  30.00-31.00  sec  4.26 MBytes  35.7 Mbits/sec  193   2.30 KBytes       
[  5]  31.00-32.00  sec  4.79 MBytes  40.2 Mbits/sec  223   2.30 KBytes       
[  5]  32.00-33.00  sec  2.20 MBytes  18.4 Mbits/sec  119   4.60 KBytes       
[  5]  33.00-34.00  sec  5.50 MBytes  46.2 Mbits/sec  255   9.20 KBytes       
[  5]  34.00-35.00  sec  6.76 MBytes  56.7 Mbits/sec  340   2.30 KBytes       
[  5]  35.00-36.00  sec  3.96 MBytes  33.2 Mbits/sec  215   2.30 KBytes       
[  5]  36.00-37.00  sec  1.73 MBytes  14.5 Mbits/sec   76   2.30 KBytes       
[  5]  37.00-38.00  sec  7.30 MBytes  61.2 Mbits/sec  373   2.30 KBytes       
[  5]  38.00-39.00  sec  1.17 MBytes  9.85 Mbits/sec   52   1.15 KBytes       
[  5]  39.00-40.00  sec  4.96 MBytes  41.6 Mbits/sec  240   16.1 KBytes       
[  5]  40.00-41.00  sec  2.78 MBytes  23.4 Mbits/sec  116   2.30 KBytes       
[  5]  41.00-42.00  sec  2.16 MBytes  18.1 Mbits/sec   98   10.4 KBytes       
[  5]  42.00-43.00  sec  5.36 MBytes  45.0 Mbits/sec  243   6.90 KBytes       
[  5]  43.00-44.00  sec  4.67 MBytes  39.1 Mbits/sec  215   1.15 KBytes       
[  5]  44.00-45.00  sec  5.26 MBytes  44.1 Mbits/sec  276   2.30 KBytes       
[  5]  45.00-46.00  sec  3.89 MBytes  32.7 Mbits/sec  164   10.4 KBytes       
[  5]  46.00-47.00  sec  5.11 MBytes  42.9 Mbits/sec  259   2.30 KBytes       
[  5]  47.00-48.00  sec  1.11 MBytes  9.33 Mbits/sec   55   1.15 KBytes       
[  5]  48.00-49.00  sec   633 KBytes  5.18 Mbits/sec   28   1.15 KBytes       
[  5]  49.00-50.00  sec  6.09 MBytes  51.2 Mbits/sec  291   8.05 KBytes       
[  5]  50.00-51.00  sec  7.08 MBytes  59.3 Mbits/sec  322   1.15 KBytes       
[  5]  51.00-52.00  sec  1012 KBytes  8.29 Mbits/sec   48   2.30 KBytes       
[  5]  52.00-53.00  sec  1.36 MBytes  11.4 Mbits/sec   74   1.15 KBytes       
[  5]  53.00-54.00  sec  6.93 MBytes  58.1 Mbits/sec  310   2.30 KBytes       
[  5]  54.00-55.00  sec  2.31 MBytes  19.4 Mbits/sec   95   2.30 KBytes       
[  5]  55.00-56.00  sec  3.90 MBytes  32.7 Mbits/sec  185   1.15 KBytes       
[  5]  56.00-57.00  sec  1.85 MBytes  15.5 Mbits/sec   79   2.30 KBytes       
[  5]  57.00-58.00  sec  2.47 MBytes  20.7 Mbits/sec  104   2.30 KBytes       
[  5]  58.00-59.00  sec  5.00 MBytes  42.0 Mbits/sec  238   2.30 KBytes       
[  5]  59.00-60.00  sec  2.35 MBytes  19.7 Mbits/sec  109   1.15 KBytes       
- - - - - - - - - - - - - - - - - - - - - - - - -
[ ID] Interval           Transfer     Bitrate         Retr
[  5]   0.00-60.00  sec   239 MBytes  33.4 Mbits/sec  11307             sender
[  5]   0.00-60.04  sec   239 MBytes  33.4 Mbits/sec                  receiver

iperf Done.
