Connecting to host 10.136.80.186, port 5201
[  5] local 10.136.173.102 port 53631 connected to 10.136.80.186 port 5201
[ ID] Interval           Transfer     Bitrate         Total Datagrams
[  5]   0.00-1.00   sec  97.4 MBytes   817 Mbits/sec  73040  (omitted)
[  5]   0.00-1.00   sec  94.9 MBytes   796 Mbits/sec  71180  
[  5]   1.00-2.00   sec  94.7 MBytes   795 Mbits/sec  71060  
[  5]   2.00-3.00   sec  95.2 MBytes   798 Mbits/sec  71380  
[  5]   3.00-4.00   sec  94.6 MBytes   793 Mbits/sec  70940  
[  5]   4.00-5.00   sec  93.5 MBytes   785 Mbits/sec  70150  
[  5]   5.00-6.00   sec  94.4 MBytes   792 Mbits/sec  70780  
[  5]   6.00-7.00   sec  94.7 MBytes   794 Mbits/sec  71030  
[  5]   7.00-8.00   sec  95.5 MBytes   801 Mbits/sec  71650  
[  5]   8.00-9.00   sec  95.5 MBytes   801 Mbits/sec  71630  
[  5]   9.00-10.00  sec  94.4 MBytes   792 Mbits/sec  70830  
[  5]  10.00-11.00  sec  95.3 MBytes   799 Mbits/sec  71470  
[  5]  11.00-12.00  sec  94.2 MBytes   790 Mbits/sec  70660  
[  5]  12.00-13.00  sec  95.2 MBytes   798 Mbits/sec  71370  
[  5]  13.00-14.00  sec  95.2 MBytes   799 Mbits/sec  71410  
[  5]  14.00-15.00  sec  92.0 MBytes   771 Mbits/sec  68970  
[  5]  15.00-16.00  sec  93.3 MBytes   782 Mbits/sec  69960  
[  5]  16.00-17.00  sec  86.3 MBytes   724 Mbits/sec  64710  
[  5]  17.00-18.00  sec  83.9 MBytes   703 Mbits/sec  62900  
[  5]  18.00-19.00  sec  86.0 MBytes   721 Mbits/sec  64480  
[  5]  19.00-20.00  sec  83.0 MBytes   696 Mbits/sec  62250  
[  5]  20.00-21.00  sec  85.1 MBytes   714 Mbits/sec  63830  
[  5]  21.00-22.00  sec  85.6 MBytes   718 Mbits/sec  64180  
[  5]  22.00-23.00  sec  97.6 MBytes   819 Mbits/sec  73220  
[  5]  23.00-24.00  sec  94.1 MBytes   789 Mbits/sec  70570  
[  5]  24.00-25.00  sec  92.3 MBytes   774 Mbits/sec  69220  
[  5]  25.00-26.00  sec  94.8 MBytes   796 Mbits/sec  71140  
[  5]  26.00-27.00  sec  94.3 MBytes   791 Mbits/sec  70760  
[  5]  27.00-28.00  sec  94.4 MBytes   792 Mbits/sec  70800  
[  5]  28.00-29.00  sec  94.0 MBytes   789 Mbits/sec  70520  
[  5]  29.00-30.00  sec  94.4 MBytes   792 Mbits/sec  70780  
[  5]  30.00-31.00  sec  93.6 MBytes   786 Mbits/sec  70240  
[  5]  31.00-32.00  sec  92.4 MBytes   775 Mbits/sec  69290  
[  5]  32.00-33.00  sec  94.1 MBytes   790 Mbits/sec  70600  
[  5]  33.00-34.00  sec  93.7 MBytes   786 Mbits/sec  70280  
[  5]  34.00-35.00  sec  93.5 MBytes   784 Mbits/sec  70120  
[  5]  35.00-36.00  sec  93.3 MBytes   783 Mbits/sec  69970  
[  5]  36.00-37.00  sec  94.8 MBytes   795 Mbits/sec  71070  
[  5]  37.00-38.00  sec  93.9 MBytes   788 Mbits/sec  70460  
[  5]  38.00-39.00  sec  94.4 MBytes   792 Mbits/sec  70800  
[  5]  39.00-40.00  sec  94.2 MBytes   790 Mbits/sec  70660  
[  5]  40.00-41.00  sec  93.9 MBytes   788 Mbits/sec  70430  
[  5]  41.00-42.00  sec  93.0 MBytes   780 Mbits/sec  69740  
[  5]  42.00-43.00  sec  92.6 MBytes   776 Mbits/sec  69420  
[  5]  43.00-44.00  sec  92.8 MBytes   778 Mbits/sec  69570  
[  5]  44.00-45.00  sec  91.7 MBytes   769 Mbits/sec  68760  
[  5]  45.00-46.00  sec  93.9 MBytes   788 Mbits/sec  70460  
[  5]  46.00-47.00  sec  93.8 MBytes   786 Mbits/sec  70320  
[  5]  47.00-48.00  sec  93.3 MBytes   783 Mbits/sec  69970  
[  5]  48.00-49.00  sec  94.1 MBytes   790 Mbits/sec  70610  
[  5]  49.00-50.00  sec  94.1 MBytes   790 Mbits/sec  70600  
[  5]  50.00-51.00  sec  94.1 MBytes   790 Mbits/sec  70600  
[  5]  51.00-52.00  sec  93.2 MBytes   782 Mbits/sec  69940  
[  5]  52.00-53.00  sec  92.7 MBytes   778 Mbits/sec  69550  
[  5]  53.00-54.00  sec  95.0 MBytes   797 Mbits/sec  71290  
[  5]  54.00-55.00  sec  91.9 MBytes   771 Mbits/sec  68950  
[  5]  55.00-56.00  sec  95.1 MBytes   798 Mbits/sec  71350  
[  5]  56.00-57.00  sec  94.6 MBytes   793 Mbits/sec  70930  
[  5]  57.00-58.00  sec  93.1 MBytes   781 Mbits/sec  69830  
[  5]  58.00-59.00  sec  93.7 MBytes   786 Mbits/sec  70300  
[  5]  59.00-60.00  sec  93.9 MBytes   787 Mbits/sec  70410  
- - - - - - - - - - - - - - - - - - - - - - - - -
[ ID] Interval           Transfer     Bitrate         Jitter    Lost/Total Datagrams
[  5]   0.00-60.00  sec  5.46 GBytes   781 Mbits/sec  0.000 ms  0/4190350 (0%)  sender
[  5]   0.00-60.10  sec  1.56 GBytes   223 Mbits/sec  0.029 ms  3045140/4190350 (73%)  receiver

iperf Done.
