Connecting to host 10.136.80.169, port 5201
[  5] local 10.136.173.120 port 42619 connected to 10.136.80.169 port 5201
[ ID] Interval           Transfer     Bitrate         Total Datagrams
[  5]   0.00-1.00   sec  52.6 MBytes   441 Mbits/sec  46800  (omitted)
[  5]   0.00-1.00   sec  53.3 MBytes   447 Mbits/sec  47450  
[  5]   1.00-2.00   sec  51.4 MBytes   431 Mbits/sec  45780  
[  5]   2.00-3.00   sec  51.3 MBytes   431 Mbits/sec  45690  
[  5]   3.00-4.00   sec  53.2 MBytes   446 Mbits/sec  47360  
[  5]   4.00-5.00   sec  51.0 MBytes   428 Mbits/sec  45410  
[  5]   5.00-6.00   sec  53.5 MBytes   449 Mbits/sec  47620  
[  5]   6.00-7.00   sec  51.0 MBytes   428 Mbits/sec  45400  
[  5]   7.00-8.00   sec  52.8 MBytes   443 Mbits/sec  47010  
[  5]   8.00-9.00   sec  51.7 MBytes   434 Mbits/sec  46020  
[  5]   9.00-10.00  sec  55.5 MBytes   465 Mbits/sec  49390  
[  5]  10.00-11.00  sec  54.2 MBytes   454 Mbits/sec  48230  
[  5]  11.00-12.00  sec  51.3 MBytes   430 Mbits/sec  45660  
[  5]  12.00-13.00  sec  50.1 MBytes   421 Mbits/sec  44640  
[  5]  13.00-14.00  sec  53.1 MBytes   446 Mbits/sec  47280  
[  5]  14.00-15.00  sec  53.5 MBytes   449 Mbits/sec  47600  
[  5]  15.00-16.00  sec  50.7 MBytes   425 Mbits/sec  45120  
[  5]  16.00-17.00  sec  52.1 MBytes   437 Mbits/sec  46380  
[  5]  17.00-18.00  sec  53.4 MBytes   448 Mbits/sec  47500  
[  5]  18.00-19.00  sec  52.4 MBytes   439 Mbits/sec  46630  
[  5]  19.00-20.00  sec  51.4 MBytes   431 Mbits/sec  45720  
[  5]  20.00-21.00  sec  51.9 MBytes   435 Mbits/sec  46190  
[  5]  21.00-22.00  sec  51.4 MBytes   432 Mbits/sec  45780  
[  5]  22.00-23.00  sec  52.6 MBytes   441 Mbits/sec  46840  
[  5]  23.00-24.00  sec  56.0 MBytes   470 Mbits/sec  49890  
[  5]  24.00-25.00  sec  53.2 MBytes   446 Mbits/sec  47350  
[  5]  25.00-26.00  sec  54.0 MBytes   453 Mbits/sec  48110  
[  5]  26.00-27.00  sec  51.7 MBytes   434 Mbits/sec  46010  
[  5]  27.00-28.00  sec  53.1 MBytes   445 Mbits/sec  47260  
[  5]  28.00-29.00  sec  53.3 MBytes   447 Mbits/sec  47400  
[  5]  29.00-30.00  sec  52.0 MBytes   436 Mbits/sec  46250  
[  5]  30.00-31.00  sec  52.2 MBytes   438 Mbits/sec  46450  
[  5]  31.00-32.00  sec  50.6 MBytes   425 Mbits/sec  45070  
[  5]  32.00-33.00  sec  51.4 MBytes   431 Mbits/sec  45790  
[  5]  33.00-34.00  sec  52.4 MBytes   440 Mbits/sec  46680  
[  5]  34.00-35.00  sec  52.1 MBytes   437 Mbits/sec  46360  
[  5]  35.00-36.00  sec  52.1 MBytes   437 Mbits/sec  46370  
[  5]  36.00-37.00  sec  52.3 MBytes   438 Mbits/sec  46510  
[  5]  37.00-38.00  sec  52.7 MBytes   442 Mbits/sec  46890  
[  5]  38.00-39.00  sec  54.5 MBytes   457 Mbits/sec  48480  
[  5]  39.00-40.00  sec  51.9 MBytes   435 Mbits/sec  46190  
[  5]  40.00-41.00  sec  52.6 MBytes   442 Mbits/sec  46850  
[  5]  41.00-42.00  sec  50.2 MBytes   421 Mbits/sec  44710  
[  5]  42.00-43.00  sec  50.9 MBytes   427 Mbits/sec  45280  
[  5]  43.00-44.00  sec  52.1 MBytes   437 Mbits/sec  46350  
[  5]  44.00-45.00  sec  48.8 MBytes   410 Mbits/sec  43450  
[  5]  45.00-46.00  sec  53.9 MBytes   452 Mbits/sec  47990  
[  5]  46.00-47.00  sec  55.3 MBytes   464 Mbits/sec  49210  
[  5]  47.00-48.00  sec  54.3 MBytes   455 Mbits/sec  48290  
[  5]  48.00-49.00  sec  51.7 MBytes   434 Mbits/sec  46000  
[  5]  49.00-50.00  sec  51.6 MBytes   433 Mbits/sec  45910  
[  5]  50.00-51.00  sec  51.9 MBytes   435 Mbits/sec  46200  
[  5]  51.00-52.00  sec  47.9 MBytes   402 Mbits/sec  42680  
[  5]  52.00-53.00  sec  51.1 MBytes   429 Mbits/sec  45530  
[  5]  53.00-54.00  sec  51.6 MBytes   433 Mbits/sec  45900  
[  5]  54.00-55.00  sec  51.2 MBytes   429 Mbits/sec  45550  
[  5]  55.00-56.00  sec  50.3 MBytes   422 Mbits/sec  44790  
[  5]  56.00-57.00  sec  51.2 MBytes   429 Mbits/sec  45540  
[  5]  57.00-58.00  sec  51.7 MBytes   434 Mbits/sec  46050  
[  5]  58.00-59.00  sec  56.0 MBytes   469 Mbits/sec  49810  
[  5]  59.00-60.00  sec  54.5 MBytes   457 Mbits/sec  48530  
- - - - - - - - - - - - - - - - - - - - - - - - -
[ ID] Interval           Transfer     Bitrate         Jitter    Lost/Total Datagrams
[  5]   0.00-60.00  sec  3.06 GBytes   439 Mbits/sec  0.000 ms  0/2792380 (0%)  sender
[  5]   0.00-60.22  sec  1.89 GBytes   269 Mbits/sec  0.036 ms  1094868/2792380 (39%)  receiver

iperf Done.
