Connecting to host knb-server-106291, port 5201
[  5] local 10.136.173.97 port 51193 connected to 10.43.114.42 port 5201
[ ID] Interval           Transfer     Bitrate         Total Datagrams
[  5]   0.00-1.00   sec  72.8 MBytes   611 Mbits/sec  64800  (omitted)
[  5]   0.00-1.00   sec  76.1 MBytes   639 Mbits/sec  67780  
[  5]   1.00-2.00   sec  72.9 MBytes   611 Mbits/sec  64860  
[  5]   2.00-3.00   sec  62.1 MBytes   521 Mbits/sec  55300  
[  5]   3.00-4.00   sec  60.1 MBytes   505 Mbits/sec  53540  
[  5]   4.00-5.00   sec  60.4 MBytes   507 Mbits/sec  53780  
[  5]   5.00-6.00   sec  62.1 MBytes   521 Mbits/sec  55300  
[  5]   6.00-7.00   sec  61.0 MBytes   512 Mbits/sec  54300  
[  5]   7.00-8.00   sec  60.8 MBytes   510 Mbits/sec  54150  
[  5]   8.00-9.00   sec  60.6 MBytes   508 Mbits/sec  53910  
[  5]   9.00-10.00  sec  63.1 MBytes   529 Mbits/sec  56160  
[  5]  10.00-11.00  sec  77.3 MBytes   648 Mbits/sec  68800  
[  5]  11.00-12.00  sec  77.7 MBytes   652 Mbits/sec  69200  
[  5]  12.00-13.00  sec  77.2 MBytes   647 Mbits/sec  68680  
[  5]  13.00-14.00  sec  77.0 MBytes   646 Mbits/sec  68500  
[  5]  14.00-15.00  sec  78.2 MBytes   656 Mbits/sec  69590  
[  5]  15.00-16.00  sec  77.6 MBytes   651 Mbits/sec  69070  
[  5]  16.00-17.00  sec  76.7 MBytes   643 Mbits/sec  68240  
[  5]  17.00-18.00  sec  77.3 MBytes   649 Mbits/sec  68840  
[  5]  18.00-19.00  sec  77.5 MBytes   650 Mbits/sec  69000  
[  5]  19.00-20.00  sec  76.7 MBytes   643 Mbits/sec  68230  
[  5]  20.00-21.00  sec  76.6 MBytes   643 Mbits/sec  68170  
[  5]  21.00-22.00  sec  61.3 MBytes   514 Mbits/sec  54530  
[  5]  22.00-23.00  sec  77.4 MBytes   649 Mbits/sec  68880  
[  5]  23.00-24.00  sec  77.0 MBytes   646 Mbits/sec  68520  
[  5]  24.00-25.00  sec  77.7 MBytes   652 Mbits/sec  69150  
[  5]  25.00-26.00  sec  77.3 MBytes   649 Mbits/sec  68830  
[  5]  26.00-27.00  sec  77.0 MBytes   646 Mbits/sec  68510  
[  5]  27.00-28.00  sec  69.8 MBytes   586 Mbits/sec  62140  
[  5]  28.00-29.00  sec  62.0 MBytes   520 Mbits/sec  55160  
[  5]  29.00-30.00  sec  61.8 MBytes   519 Mbits/sec  55020  
[  5]  30.00-31.00  sec  76.0 MBytes   637 Mbits/sec  67610  
[  5]  31.00-32.00  sec  76.4 MBytes   641 Mbits/sec  68030  
[  5]  32.00-33.00  sec  76.3 MBytes   640 Mbits/sec  67880  
[  5]  33.00-34.00  sec  75.8 MBytes   636 Mbits/sec  67480  
[  5]  34.00-35.00  sec  76.6 MBytes   642 Mbits/sec  68150  
[  5]  35.00-36.00  sec  75.7 MBytes   635 Mbits/sec  67380  
[  5]  36.00-37.00  sec  76.0 MBytes   637 Mbits/sec  67620  
[  5]  37.00-38.00  sec  76.8 MBytes   644 Mbits/sec  68320  
[  5]  38.00-39.00  sec  76.7 MBytes   644 Mbits/sec  68280  
[  5]  39.00-40.00  sec  76.8 MBytes   644 Mbits/sec  68380  
[  5]  40.00-41.00  sec  76.4 MBytes   641 Mbits/sec  68000  
[  5]  41.00-42.00  sec  76.2 MBytes   639 Mbits/sec  67820  
[  5]  42.00-43.00  sec  75.9 MBytes   636 Mbits/sec  67520  
[  5]  43.00-44.00  sec  76.2 MBytes   639 Mbits/sec  67820  
[  5]  44.00-45.00  sec  76.4 MBytes   641 Mbits/sec  67990  
[  5]  45.00-46.00  sec  76.5 MBytes   642 Mbits/sec  68110  
[  5]  46.00-47.00  sec  76.2 MBytes   639 Mbits/sec  67820  
[  5]  47.00-48.00  sec  76.1 MBytes   639 Mbits/sec  67760  
[  5]  48.00-49.00  sec  77.2 MBytes   648 Mbits/sec  68720  
[  5]  49.00-50.00  sec  77.3 MBytes   649 Mbits/sec  68830  
[  5]  50.00-51.00  sec  77.3 MBytes   648 Mbits/sec  68770  
[  5]  51.00-52.00  sec  77.2 MBytes   647 Mbits/sec  68700  
[  5]  52.00-53.00  sec  77.3 MBytes   649 Mbits/sec  68820  
[  5]  53.00-54.00  sec  76.8 MBytes   644 Mbits/sec  68350  
[  5]  54.00-55.00  sec  76.9 MBytes   645 Mbits/sec  68490  
[  5]  55.00-56.00  sec  77.3 MBytes   649 Mbits/sec  68830  
[  5]  56.00-57.00  sec  76.8 MBytes   644 Mbits/sec  68360  
[  5]  57.00-58.00  sec  76.1 MBytes   638 Mbits/sec  67700  
[  5]  58.00-59.00  sec  67.4 MBytes   565 Mbits/sec  59960  
[  5]  59.00-60.00  sec  62.8 MBytes   527 Mbits/sec  55940  
- - - - - - - - - - - - - - - - - - - - - - - - -
[ ID] Interval           Transfer     Bitrate         Jitter    Lost/Total Datagrams
[  5]   0.00-60.00  sec  4.30 GBytes   616 Mbits/sec  0.000 ms  0/3919580 (0%)  sender
[  5]   0.00-60.04  sec  4.30 GBytes   615 Mbits/sec  0.014 ms  2917/3919580 (0.074%)  receiver

iperf Done.
