Connecting to host 10.136.80.182, port 5201
[  5] local 10.136.173.95 port 49734 connected to 10.136.80.182 port 5201
[ ID] Interval           Transfer     Bitrate         Total Datagrams
[  5]   0.00-1.00   sec  79.6 MBytes   668 Mbits/sec  70860  (omitted)
[  5]   0.00-1.00   sec  79.4 MBytes   666 Mbits/sec  70670  
[  5]   1.00-2.00   sec  78.6 MBytes   659 Mbits/sec  69940  
[  5]   2.00-3.00   sec  78.7 MBytes   660 Mbits/sec  70080  
[  5]   3.00-4.00   sec  79.6 MBytes   668 Mbits/sec  70890  
[  5]   4.00-5.00   sec  79.2 MBytes   665 Mbits/sec  70520  
[  5]   5.00-6.00   sec  77.8 MBytes   652 Mbits/sec  69230  
[  5]   6.00-7.00   sec  62.7 MBytes   526 Mbits/sec  55830  
[  5]   7.00-8.00   sec  65.0 MBytes   545 Mbits/sec  57880  
[  5]   8.00-9.00   sec  62.7 MBytes   526 Mbits/sec  55770  
[  5]   9.00-10.00  sec  63.6 MBytes   534 Mbits/sec  56630  
[  5]  10.00-11.00  sec  61.9 MBytes   519 Mbits/sec  55080  
[  5]  11.00-12.00  sec  62.5 MBytes   524 Mbits/sec  55640  
[  5]  12.00-13.00  sec  62.5 MBytes   524 Mbits/sec  55630  
[  5]  13.00-14.00  sec  60.8 MBytes   510 Mbits/sec  54160  
[  5]  14.00-15.00  sec  60.7 MBytes   509 Mbits/sec  54020  
[  5]  15.00-16.00  sec  60.9 MBytes   511 Mbits/sec  54240  
[  5]  16.00-17.00  sec  61.1 MBytes   513 Mbits/sec  54430  
[  5]  17.00-18.00  sec  61.0 MBytes   512 Mbits/sec  54280  
[  5]  18.00-19.00  sec  67.7 MBytes   568 Mbits/sec  60230  
[  5]  19.00-20.00  sec  77.9 MBytes   654 Mbits/sec  69360  
[  5]  20.00-21.00  sec  79.7 MBytes   669 Mbits/sec  70940  
[  5]  21.00-22.00  sec  78.7 MBytes   660 Mbits/sec  70040  
[  5]  22.00-23.00  sec  79.3 MBytes   665 Mbits/sec  70570  
[  5]  23.00-24.00  sec  79.9 MBytes   670 Mbits/sec  71080  
[  5]  24.00-25.00  sec  80.3 MBytes   674 Mbits/sec  71470  
[  5]  25.00-26.00  sec  79.4 MBytes   666 Mbits/sec  70660  
[  5]  26.00-27.00  sec  79.5 MBytes   667 Mbits/sec  70780  
[  5]  27.00-28.00  sec  79.6 MBytes   668 Mbits/sec  70860  
[  5]  28.00-29.00  sec  79.0 MBytes   663 Mbits/sec  70360  
[  5]  29.00-30.00  sec  79.8 MBytes   670 Mbits/sec  71070  
[  5]  30.00-31.00  sec  79.4 MBytes   666 Mbits/sec  70690  
[  5]  31.00-32.00  sec  78.9 MBytes   662 Mbits/sec  70270  
[  5]  32.00-33.00  sec  78.9 MBytes   662 Mbits/sec  70230  
[  5]  33.00-34.00  sec  79.2 MBytes   665 Mbits/sec  70520  
[  5]  34.00-35.00  sec  77.5 MBytes   650 Mbits/sec  68960  
[  5]  35.00-36.00  sec  79.9 MBytes   670 Mbits/sec  71140  
[  5]  36.00-37.00  sec  78.9 MBytes   662 Mbits/sec  70230  
[  5]  37.00-38.00  sec  78.7 MBytes   660 Mbits/sec  70070  
[  5]  38.00-39.00  sec  78.7 MBytes   660 Mbits/sec  70020  
[  5]  39.00-40.00  sec  79.0 MBytes   662 Mbits/sec  70290  
[  5]  40.00-41.00  sec  78.8 MBytes   661 Mbits/sec  70180  
[  5]  41.00-42.00  sec  78.2 MBytes   656 Mbits/sec  69590  
[  5]  42.00-43.00  sec  78.1 MBytes   655 Mbits/sec  69510  
[  5]  43.00-44.00  sec  80.5 MBytes   675 Mbits/sec  71670  
[  5]  44.00-45.00  sec  78.9 MBytes   662 Mbits/sec  70250  
[  5]  45.00-46.00  sec  79.1 MBytes   664 Mbits/sec  70440  
[  5]  46.00-47.00  sec  79.2 MBytes   664 Mbits/sec  70470  
[  5]  47.00-48.00  sec  79.0 MBytes   663 Mbits/sec  70300  
[  5]  48.00-49.00  sec  79.1 MBytes   663 Mbits/sec  70390  
[  5]  49.00-50.00  sec  79.4 MBytes   666 Mbits/sec  70710  
[  5]  50.00-51.00  sec  79.1 MBytes   664 Mbits/sec  70430  
[  5]  51.00-52.00  sec  78.1 MBytes   655 Mbits/sec  69550  
[  5]  52.00-53.00  sec  78.7 MBytes   660 Mbits/sec  70020  
[  5]  53.00-54.00  sec  79.3 MBytes   665 Mbits/sec  70550  
[  5]  54.00-55.00  sec  79.2 MBytes   665 Mbits/sec  70510  
[  5]  55.00-56.00  sec  79.9 MBytes   670 Mbits/sec  71140  
[  5]  56.00-57.00  sec  79.3 MBytes   666 Mbits/sec  70620  
[  5]  57.00-58.00  sec  78.7 MBytes   660 Mbits/sec  70080  
[  5]  58.00-59.00  sec  78.8 MBytes   661 Mbits/sec  70160  
[  5]  59.00-60.00  sec  78.7 MBytes   660 Mbits/sec  70050  
- - - - - - - - - - - - - - - - - - - - - - - - -
[ ID] Interval           Transfer     Bitrate         Jitter    Lost/Total Datagrams
[  5]   0.00-60.00  sec  4.42 GBytes   633 Mbits/sec  0.000 ms  0/4031380 (0%)  sender
[  5]   0.00-60.04  sec  4.42 GBytes   633 Mbits/sec  0.014 ms  2292/4031378 (0.057%)  receiver

iperf Done.
