Connecting to host 10.136.80.147, port 5201
[  5] local 10.136.173.90 port 54595 connected to 10.136.80.147 port 5201
[ ID] Interval           Transfer     Bitrate         Total Datagrams
[  5]   0.00-1.00   sec  76.9 MBytes   645 Mbits/sec  68410  (omitted)
[  5]   0.00-1.00   sec  75.6 MBytes   634 Mbits/sec  67330  
[  5]   1.00-2.00   sec  74.3 MBytes   623 Mbits/sec  66140  
[  5]   2.00-3.00   sec  75.9 MBytes   637 Mbits/sec  67570  
[  5]   3.00-4.00   sec  76.4 MBytes   641 Mbits/sec  68000  
[  5]   4.00-5.00   sec  71.7 MBytes   601 Mbits/sec  63810  
[  5]   5.00-6.00   sec  76.5 MBytes   641 Mbits/sec  68060  
[  5]   6.00-7.00   sec  70.0 MBytes   587 Mbits/sec  62330  
[  5]   7.00-8.00   sec  72.0 MBytes   604 Mbits/sec  64090  
[  5]   8.00-9.00   sec  75.3 MBytes   632 Mbits/sec  67030  
[  5]   9.00-10.00  sec  73.9 MBytes   620 Mbits/sec  65740  
[  5]  10.00-11.00  sec  65.9 MBytes   552 Mbits/sec  58630  
[  5]  11.00-12.00  sec  72.7 MBytes   610 Mbits/sec  64710  
[  5]  12.00-13.00  sec  77.9 MBytes   653 Mbits/sec  69300  
[  5]  13.00-14.00  sec  75.6 MBytes   634 Mbits/sec  67310  
[  5]  14.00-15.00  sec  72.4 MBytes   607 Mbits/sec  64460  
[  5]  15.00-16.00  sec  74.9 MBytes   629 Mbits/sec  66710  
[  5]  16.00-17.00  sec  71.2 MBytes   597 Mbits/sec  63390  
[  5]  17.00-18.00  sec  70.0 MBytes   588 Mbits/sec  62340  
[  5]  18.00-19.00  sec  71.7 MBytes   601 Mbits/sec  63820  
[  5]  19.00-20.00  sec  78.4 MBytes   658 Mbits/sec  69800  
[  5]  20.00-21.00  sec  71.2 MBytes   598 Mbits/sec  63410  
[  5]  21.00-22.00  sec  74.0 MBytes   621 Mbits/sec  65910  
[  5]  22.00-23.00  sec  74.9 MBytes   628 Mbits/sec  66630  
[  5]  23.00-24.00  sec  73.9 MBytes   620 Mbits/sec  65790  
[  5]  24.00-25.00  sec  74.0 MBytes   621 Mbits/sec  65860  
[  5]  25.00-26.00  sec  71.8 MBytes   602 Mbits/sec  63910  
[  5]  26.00-27.00  sec  72.9 MBytes   611 Mbits/sec  64890  
[  5]  27.00-28.00  sec  75.1 MBytes   630 Mbits/sec  66880  
[  5]  28.00-29.00  sec  71.4 MBytes   599 Mbits/sec  63530  
[  5]  29.00-30.00  sec  75.4 MBytes   633 Mbits/sec  67160  
[  5]  30.00-31.00  sec  76.7 MBytes   643 Mbits/sec  68270  
[  5]  31.00-32.00  sec  71.1 MBytes   596 Mbits/sec  63260  
[  5]  32.00-33.00  sec  69.0 MBytes   579 Mbits/sec  61460  
[  5]  33.00-34.00  sec  75.4 MBytes   633 Mbits/sec  67160  
[  5]  34.00-35.00  sec  76.0 MBytes   638 Mbits/sec  67680  
[  5]  35.00-36.00  sec  54.1 MBytes   454 Mbits/sec  48180  
[  5]  36.00-37.00  sec  73.0 MBytes   612 Mbits/sec  64960  
[  5]  37.00-38.00  sec  76.2 MBytes   639 Mbits/sec  67790  
[  5]  38.00-39.00  sec  75.7 MBytes   635 Mbits/sec  67390  
[  5]  39.00-40.00  sec  75.3 MBytes   632 Mbits/sec  67040  
[  5]  40.00-41.00  sec  72.8 MBytes   611 Mbits/sec  64840  
[  5]  41.00-42.00  sec  68.0 MBytes   570 Mbits/sec  60530  
[  5]  42.00-43.00  sec  75.4 MBytes   633 Mbits/sec  67150  
[  5]  43.00-44.00  sec  74.0 MBytes   620 Mbits/sec  65830  
[  5]  44.00-45.00  sec  73.8 MBytes   619 Mbits/sec  65730  
[  5]  45.00-46.00  sec  74.7 MBytes   627 Mbits/sec  66490  
[  5]  46.00-47.00  sec  68.3 MBytes   573 Mbits/sec  60790  
[  5]  47.00-48.00  sec  75.5 MBytes   633 Mbits/sec  67210  
[  5]  48.00-49.00  sec  75.2 MBytes   631 Mbits/sec  66970  
[  5]  49.00-50.00  sec  79.1 MBytes   664 Mbits/sec  70410  
[  5]  50.00-51.00  sec  73.3 MBytes   615 Mbits/sec  65250  
[  5]  51.00-52.00  sec  71.2 MBytes   597 Mbits/sec  63390  
[  5]  52.00-53.00  sec  75.6 MBytes   634 Mbits/sec  67270  
[  5]  53.00-54.00  sec  76.0 MBytes   637 Mbits/sec  67640  
[  5]  54.00-55.00  sec  75.8 MBytes   635 Mbits/sec  67430  
[  5]  55.00-56.00  sec  75.7 MBytes   635 Mbits/sec  67400  
[  5]  56.00-57.00  sec  72.6 MBytes   609 Mbits/sec  64580  
[  5]  57.00-58.00  sec  72.9 MBytes   612 Mbits/sec  64910  
[  5]  58.00-59.00  sec  73.0 MBytes   612 Mbits/sec  64980  
[  5]  59.00-60.00  sec  68.7 MBytes   577 Mbits/sec  61190  
- - - - - - - - - - - - - - - - - - - - - - - - -
[ ID] Interval           Transfer     Bitrate         Jitter    Lost/Total Datagrams
[  5]   0.00-60.00  sec  4.30 GBytes   615 Mbits/sec  0.000 ms  0/3917720 (0%)  sender
[  5]   0.00-63.07  sec  75.4 MBytes  10.0 Mbits/sec  0.092 ms  3905272/3905884 (1e+02%)  receiver

iperf Done.
