Connecting to host knb-server-1216899, port 5201
[  5] local 10.136.173.97 port 33857 connected to 10.43.237.125 port 5201
[ ID] Interval           Transfer     Bitrate         Total Datagrams
[  5]   0.00-1.00   sec  64.3 MBytes   539 Mbits/sec  57210  (omitted)
[  5]   0.00-1.00   sec  77.0 MBytes   646 Mbits/sec  68520  
[  5]   1.00-2.00   sec  75.7 MBytes   635 Mbits/sec  67350  
[  5]   2.00-3.00   sec  75.4 MBytes   632 Mbits/sec  67090  
[  5]   3.00-4.00   sec  75.3 MBytes   632 Mbits/sec  67040  
[  5]   4.00-5.00   sec  70.9 MBytes   594 Mbits/sec  63070  
[  5]   5.00-6.00   sec  76.3 MBytes   640 Mbits/sec  67920  
[  5]   6.00-7.00   sec  74.1 MBytes   621 Mbits/sec  65940  
[  5]   7.00-8.00   sec  74.9 MBytes   629 Mbits/sec  66700  
[  5]   8.00-9.00   sec  75.6 MBytes   634 Mbits/sec  67330  
[  5]   9.00-10.00  sec  75.3 MBytes   631 Mbits/sec  67000  
[  5]  10.00-11.00  sec  72.4 MBytes   607 Mbits/sec  64430  
[  5]  11.00-12.00  sec  75.7 MBytes   635 Mbits/sec  67360  
[  5]  12.00-13.00  sec  76.2 MBytes   639 Mbits/sec  67840  
[  5]  13.00-14.00  sec  75.6 MBytes   635 Mbits/sec  67330  
[  5]  14.00-15.00  sec  74.1 MBytes   622 Mbits/sec  65980  
[  5]  15.00-16.00  sec  75.8 MBytes   635 Mbits/sec  67430  
[  5]  16.00-17.00  sec  73.8 MBytes   619 Mbits/sec  65730  
[  5]  17.00-18.00  sec  74.9 MBytes   628 Mbits/sec  66630  
[  5]  18.00-19.00  sec  73.8 MBytes   619 Mbits/sec  65680  
[  5]  19.00-20.00  sec  74.9 MBytes   628 Mbits/sec  66650  
[  5]  20.00-21.00  sec  67.6 MBytes   567 Mbits/sec  60150  
[  5]  21.00-22.00  sec  71.7 MBytes   601 Mbits/sec  63820  
[  5]  22.00-23.00  sec  74.4 MBytes   624 Mbits/sec  66240  
[  5]  23.00-24.00  sec  74.9 MBytes   629 Mbits/sec  66700  
[  5]  24.00-25.00  sec  73.7 MBytes   618 Mbits/sec  65590  
[  5]  25.00-26.00  sec  75.2 MBytes   631 Mbits/sec  66940  
[  5]  26.00-27.00  sec  75.0 MBytes   629 Mbits/sec  66760  
[  5]  27.00-28.00  sec  74.1 MBytes   621 Mbits/sec  65940  
[  5]  28.00-29.00  sec  73.8 MBytes   619 Mbits/sec  65730  
[  5]  29.00-30.00  sec  76.1 MBytes   639 Mbits/sec  67770  
[  5]  30.00-31.00  sec  74.5 MBytes   625 Mbits/sec  66300  
[  5]  31.00-32.00  sec  74.8 MBytes   628 Mbits/sec  66620  
[  5]  32.00-33.00  sec  75.4 MBytes   633 Mbits/sec  67160  
[  5]  33.00-34.00  sec  75.6 MBytes   634 Mbits/sec  67260  
[  5]  34.00-35.00  sec  69.0 MBytes   579 Mbits/sec  61420  
[  5]  35.00-36.00  sec  81.0 MBytes   680 Mbits/sec  72110  
[  5]  36.00-37.00  sec  83.4 MBytes   700 Mbits/sec  74240  
[  5]  37.00-38.00  sec  78.7 MBytes   660 Mbits/sec  70010  
[  5]  38.00-39.00  sec  70.8 MBytes   594 Mbits/sec  62990  
[  5]  39.00-40.00  sec  74.2 MBytes   622 Mbits/sec  66010  
[  5]  40.00-41.00  sec  73.4 MBytes   616 Mbits/sec  65320  
[  5]  41.00-42.00  sec  75.9 MBytes   637 Mbits/sec  67590  
[  5]  42.00-43.00  sec  76.5 MBytes   642 Mbits/sec  68100  
[  5]  43.00-44.00  sec  68.5 MBytes   574 Mbits/sec  60950  
[  5]  44.00-45.00  sec  72.9 MBytes   611 Mbits/sec  64880  
[  5]  45.00-46.00  sec  74.4 MBytes   624 Mbits/sec  66240  
[  5]  46.00-47.00  sec  75.9 MBytes   637 Mbits/sec  67540  
[  5]  47.00-48.00  sec  74.9 MBytes   628 Mbits/sec  66630  
[  5]  48.00-49.00  sec  73.9 MBytes   620 Mbits/sec  65790  
[  5]  49.00-50.00  sec  74.8 MBytes   627 Mbits/sec  66570  
[  5]  50.00-51.00  sec  73.8 MBytes   619 Mbits/sec  65700  
[  5]  51.00-52.00  sec  70.6 MBytes   592 Mbits/sec  62800  
[  5]  52.00-53.00  sec  75.7 MBytes   635 Mbits/sec  67350  
[  5]  53.00-54.00  sec  75.3 MBytes   632 Mbits/sec  67010  
[  5]  54.00-55.00  sec  74.3 MBytes   624 Mbits/sec  66180  
[  5]  55.00-56.00  sec  64.3 MBytes   540 Mbits/sec  57270  
[  5]  56.00-57.00  sec  74.5 MBytes   625 Mbits/sec  66320  
[  5]  57.00-58.00  sec  75.5 MBytes   634 Mbits/sec  67230  
[  5]  58.00-59.00  sec  75.2 MBytes   631 Mbits/sec  66980  
[  5]  59.00-60.00  sec  77.0 MBytes   646 Mbits/sec  68530  
- - - - - - - - - - - - - - - - - - - - - - - - -
[ ID] Interval           Transfer     Bitrate         Jitter    Lost/Total Datagrams
[  5]   0.00-60.00  sec  4.36 GBytes   625 Mbits/sec  0.000 ms  0/3977760 (0%)  sender
[  5]   0.00-62.66  sec  66.7 MBytes  8.92 Mbits/sec  0.040 ms  3792917/3795305 (1e+02%)  receiver

iperf Done.
