Connecting to host 10.136.80.147, port 5201
[  5] local 10.136.173.113 port 55260 connected to 10.136.80.147 port 5201
[ ID] Interval           Transfer     Bitrate         Total Datagrams
[  5]   0.00-1.00   sec  49.8 MBytes   417 Mbits/sec  44300  (omitted)
[  5]   0.00-1.00   sec  53.9 MBytes   453 Mbits/sec  48020  
[  5]   1.00-2.00   sec  54.6 MBytes   458 Mbits/sec  48600  
[  5]   2.00-3.00   sec  50.8 MBytes   426 Mbits/sec  45200  
[  5]   3.00-4.00   sec  54.5 MBytes   457 Mbits/sec  48470  
[  5]   4.00-5.00   sec  48.1 MBytes   403 Mbits/sec  42780  
[  5]   5.00-6.00   sec  53.3 MBytes   447 Mbits/sec  47410  
[  5]   6.00-7.00   sec  54.8 MBytes   459 Mbits/sec  48750  
[  5]   7.00-8.00   sec  56.9 MBytes   477 Mbits/sec  50610  
[  5]   8.00-9.00   sec  55.4 MBytes   465 Mbits/sec  49310  
[  5]   9.00-10.00  sec  53.3 MBytes   447 Mbits/sec  47420  
[  5]  10.00-11.00  sec  56.6 MBytes   475 Mbits/sec  50410  
[  5]  11.00-12.00  sec  50.6 MBytes   425 Mbits/sec  45050  
[  5]  12.00-13.00  sec  54.1 MBytes   454 Mbits/sec  48160  
[  5]  13.00-14.00  sec  58.6 MBytes   492 Mbits/sec  52190  
[  5]  14.00-15.00  sec  58.7 MBytes   492 Mbits/sec  52210  
[  5]  15.00-16.00  sec  54.0 MBytes   453 Mbits/sec  48040  
[  5]  16.00-17.00  sec  59.2 MBytes   496 Mbits/sec  52670  
[  5]  17.00-18.00  sec  57.7 MBytes   484 Mbits/sec  51350  
[  5]  18.00-19.00  sec  55.3 MBytes   464 Mbits/sec  49230  
[  5]  19.00-20.00  sec  53.7 MBytes   451 Mbits/sec  47820  
[  5]  20.00-21.00  sec  50.7 MBytes   425 Mbits/sec  45130  
[  5]  21.00-22.00  sec  53.7 MBytes   451 Mbits/sec  47810  
[  5]  22.00-23.00  sec  55.0 MBytes   462 Mbits/sec  48980  
[  5]  23.00-24.00  sec  59.2 MBytes   497 Mbits/sec  52740  
[  5]  24.00-25.00  sec  55.6 MBytes   466 Mbits/sec  49470  
[  5]  25.00-26.00  sec  56.2 MBytes   471 Mbits/sec  49990  
[  5]  26.00-27.00  sec  51.6 MBytes   433 Mbits/sec  45950  
[  5]  27.00-28.00  sec  50.7 MBytes   425 Mbits/sec  45150  
[  5]  28.00-29.00  sec  52.1 MBytes   437 Mbits/sec  46370  
[  5]  29.00-30.00  sec  53.8 MBytes   451 Mbits/sec  47890  
[  5]  30.00-31.00  sec  51.7 MBytes   434 Mbits/sec  46050  
[  5]  31.00-32.00  sec  55.8 MBytes   468 Mbits/sec  49660  
[  5]  32.00-33.00  sec  54.6 MBytes   458 Mbits/sec  48610  
[  5]  33.00-34.00  sec  52.8 MBytes   443 Mbits/sec  46980  
[  5]  34.00-35.00  sec  58.0 MBytes   487 Mbits/sec  51650  
[  5]  35.00-36.00  sec  56.2 MBytes   472 Mbits/sec  50050  
[  5]  36.00-37.00  sec  57.2 MBytes   480 Mbits/sec  50940  
[  5]  37.00-38.00  sec  51.4 MBytes   431 Mbits/sec  45790  
[  5]  38.00-39.00  sec  59.1 MBytes   496 Mbits/sec  52610  
[  5]  39.00-40.00  sec  51.1 MBytes   429 Mbits/sec  45490  
[  5]  40.00-41.00  sec  57.8 MBytes   485 Mbits/sec  51430  
[  5]  41.00-42.00  sec  62.1 MBytes   521 Mbits/sec  55270  
[  5]  42.00-43.00  sec  55.5 MBytes   465 Mbits/sec  49390  
[  5]  43.00-44.00  sec  54.8 MBytes   460 Mbits/sec  48820  
[  5]  44.00-45.00  sec  51.3 MBytes   430 Mbits/sec  45620  
[  5]  45.00-46.00  sec  51.6 MBytes   433 Mbits/sec  45920  
[  5]  46.00-47.00  sec  52.9 MBytes   444 Mbits/sec  47110  
[  5]  47.00-48.00  sec  53.1 MBytes   445 Mbits/sec  47270  
[  5]  48.00-49.00  sec  54.9 MBytes   460 Mbits/sec  48840  
[  5]  49.00-50.00  sec  54.8 MBytes   460 Mbits/sec  48770  
[  5]  50.00-51.00  sec  51.0 MBytes   428 Mbits/sec  45430  
[  5]  51.00-52.00  sec  52.3 MBytes   439 Mbits/sec  46580  
[  5]  52.00-53.00  sec  53.1 MBytes   445 Mbits/sec  47250  
[  5]  53.00-54.00  sec  57.1 MBytes   479 Mbits/sec  50790  
[  5]  54.00-55.00  sec  55.0 MBytes   461 Mbits/sec  48960  
[  5]  55.00-56.00  sec  54.1 MBytes   454 Mbits/sec  48140  
[  5]  56.00-57.00  sec  58.1 MBytes   487 Mbits/sec  51720  
[  5]  57.00-58.00  sec  53.9 MBytes   452 Mbits/sec  47970  
[  5]  58.00-59.00  sec  58.6 MBytes   492 Mbits/sec  52150  
[  5]  59.00-60.00  sec  56.5 MBytes   474 Mbits/sec  50290  
- - - - - - - - - - - - - - - - - - - - - - - - -
[ ID] Interval           Transfer     Bitrate         Jitter    Lost/Total Datagrams
[  5]   0.00-60.00  sec  3.20 GBytes   458 Mbits/sec  0.000 ms  0/2918730 (0%)  sender
[  5]   0.00-60.30  sec  2.16 GBytes   308 Mbits/sec  0.027 ms  962472/2918730 (33%)  receiver

iperf Done.
