Connecting to host 10.136.80.130, port 5201
[  5] local 10.136.173.101 port 58311 connected to 10.136.80.130 port 5201
[ ID] Interval           Transfer     Bitrate         Total Datagrams
[  5]   0.00-1.00   sec  72.9 MBytes   611 Mbits/sec  64850  (omitted)
[  5]   0.00-1.00   sec  62.9 MBytes   527 Mbits/sec  55950  
[  5]   1.00-2.00   sec  73.7 MBytes   619 Mbits/sec  65630  
[  5]   2.00-3.00   sec  73.6 MBytes   618 Mbits/sec  65550  
[  5]   3.00-4.00   sec  72.9 MBytes   612 Mbits/sec  64930  
[  5]   4.00-5.00   sec  59.0 MBytes   495 Mbits/sec  52510  
[  5]   5.00-6.00   sec  53.0 MBytes   445 Mbits/sec  47190  
[  5]   6.00-7.00   sec  65.8 MBytes   552 Mbits/sec  58580  
[  5]   7.00-8.00   sec  61.4 MBytes   515 Mbits/sec  54670  
[  5]   8.00-9.00   sec  73.2 MBytes   614 Mbits/sec  65120  
[  5]   9.00-10.00  sec  74.0 MBytes   621 Mbits/sec  65850  
[  5]  10.00-11.00  sec  74.2 MBytes   622 Mbits/sec  66010  
[  5]  11.00-12.00  sec  72.8 MBytes   611 Mbits/sec  64790  
[  5]  12.00-13.00  sec  72.9 MBytes   612 Mbits/sec  64910  
[  5]  13.00-14.00  sec  73.0 MBytes   612 Mbits/sec  64970  
[  5]  14.00-15.00  sec  73.8 MBytes   619 Mbits/sec  65670  
[  5]  15.00-16.00  sec  74.0 MBytes   621 Mbits/sec  65880  
[  5]  16.00-17.00  sec  69.5 MBytes   583 Mbits/sec  61860  
[  5]  17.00-18.00  sec  72.8 MBytes   611 Mbits/sec  64820  
[  5]  18.00-19.00  sec  73.8 MBytes   619 Mbits/sec  65670  
[  5]  19.00-20.00  sec  74.1 MBytes   622 Mbits/sec  65990  
[  5]  20.00-21.00  sec  72.7 MBytes   610 Mbits/sec  64730  
[  5]  21.00-22.00  sec  72.8 MBytes   611 Mbits/sec  64840  
[  5]  22.00-23.00  sec  68.8 MBytes   577 Mbits/sec  61250  
[  5]  23.00-24.00  sec  57.3 MBytes   481 Mbits/sec  51040  
[  5]  24.00-25.00  sec  65.3 MBytes   547 Mbits/sec  58090  
[  5]  25.00-26.00  sec  73.4 MBytes   615 Mbits/sec  65310  
[  5]  26.00-27.00  sec  73.7 MBytes   618 Mbits/sec  65590  
[  5]  27.00-28.00  sec  72.2 MBytes   606 Mbits/sec  64250  
[  5]  28.00-29.00  sec  73.0 MBytes   613 Mbits/sec  65010  
[  5]  29.00-30.00  sec  73.7 MBytes   618 Mbits/sec  65610  
[  5]  30.00-31.00  sec  73.7 MBytes   618 Mbits/sec  65570  
[  5]  31.00-32.00  sec  67.1 MBytes   563 Mbits/sec  59760  
[  5]  32.00-33.00  sec  74.3 MBytes   623 Mbits/sec  66120  
[  5]  33.00-34.00  sec  72.6 MBytes   609 Mbits/sec  64620  
[  5]  34.00-35.00  sec  72.1 MBytes   605 Mbits/sec  64160  
[  5]  35.00-36.00  sec  72.9 MBytes   612 Mbits/sec  64930  
[  5]  36.00-37.00  sec  72.5 MBytes   608 Mbits/sec  64520  
[  5]  37.00-38.00  sec  71.6 MBytes   600 Mbits/sec  63700  
[  5]  38.00-39.00  sec  72.7 MBytes   610 Mbits/sec  64710  
[  5]  39.00-40.00  sec  66.3 MBytes   556 Mbits/sec  59020  
[  5]  40.00-41.00  sec  64.3 MBytes   540 Mbits/sec  57260  
[  5]  41.00-42.00  sec  57.4 MBytes   481 Mbits/sec  51060  
[  5]  42.00-43.00  sec  62.6 MBytes   525 Mbits/sec  55710  
[  5]  43.00-44.00  sec  73.3 MBytes   615 Mbits/sec  65240  
[  5]  44.00-45.00  sec  72.6 MBytes   609 Mbits/sec  64580  
[  5]  45.00-46.00  sec  72.8 MBytes   610 Mbits/sec  64770  
[  5]  46.00-47.00  sec  71.8 MBytes   603 Mbits/sec  63930  
[  5]  47.00-48.00  sec  72.7 MBytes   610 Mbits/sec  64730  
[  5]  48.00-49.00  sec  74.4 MBytes   624 Mbits/sec  66220  
[  5]  49.00-50.00  sec  75.8 MBytes   636 Mbits/sec  67490  
[  5]  50.00-51.00  sec  75.6 MBytes   634 Mbits/sec  67290  
[  5]  51.00-52.00  sec  73.6 MBytes   618 Mbits/sec  65550  
[  5]  52.00-53.00  sec  73.6 MBytes   618 Mbits/sec  65520  
[  5]  53.00-54.00  sec  70.1 MBytes   588 Mbits/sec  62370  
[  5]  54.00-55.00  sec  73.4 MBytes   616 Mbits/sec  65340  
[  5]  55.00-56.00  sec  59.9 MBytes   502 Mbits/sec  53320  
[  5]  56.00-57.00  sec  55.3 MBytes   464 Mbits/sec  49260  
[  5]  57.00-58.00  sec  73.3 MBytes   615 Mbits/sec  65210  
[  5]  58.00-59.00  sec  72.6 MBytes   609 Mbits/sec  64610  
[  5]  59.00-60.00  sec  72.7 MBytes   610 Mbits/sec  64680  
- - - - - - - - - - - - - - - - - - - - - - - - -
[ ID] Interval           Transfer     Bitrate         Jitter    Lost/Total Datagrams
[  5]   0.00-60.00  sec  4.12 GBytes   590 Mbits/sec  0.000 ms  0/3753520 (0%)  sender
[  5]   0.00-60.08  sec  1.10 GBytes   157 Mbits/sec  0.008 ms  2797540/3753506 (75%)  receiver

iperf Done.
