Connecting to host 10.136.80.161, port 5201
[  5] local 10.136.173.96 port 52015 connected to 10.136.80.161 port 5201
[ ID] Interval           Transfer     Bitrate         Total Datagrams
[  5]   0.00-1.00   sec  51.7 MBytes   434 Mbits/sec  46030  (omitted)
[  5]   0.00-1.00   sec  60.4 MBytes   507 Mbits/sec  53760  
[  5]   1.00-2.00   sec  57.6 MBytes   483 Mbits/sec  51270  
[  5]   2.00-3.00   sec  53.7 MBytes   451 Mbits/sec  47840  
[  5]   3.00-4.00   sec  49.8 MBytes   417 Mbits/sec  44290  
[  5]   4.00-5.00   sec  56.4 MBytes   473 Mbits/sec  50210  
[  5]   5.00-6.00   sec  59.5 MBytes   499 Mbits/sec  52950  
[  5]   6.00-7.00   sec  56.5 MBytes   474 Mbits/sec  50280  
[  5]   7.00-8.00   sec  58.3 MBytes   489 Mbits/sec  51860  
[  5]   8.00-9.00   sec  52.8 MBytes   443 Mbits/sec  47040  
[  5]   9.00-10.00  sec  50.3 MBytes   422 Mbits/sec  44730  
[  5]  10.00-11.00  sec  58.5 MBytes   491 Mbits/sec  52070  
[  5]  11.00-12.00  sec  55.3 MBytes   464 Mbits/sec  49220  
[  5]  12.00-13.00  sec  61.0 MBytes   512 Mbits/sec  54290  
[  5]  13.00-14.00  sec  54.1 MBytes   454 Mbits/sec  48140  
[  5]  14.00-15.00  sec  52.8 MBytes   443 Mbits/sec  46980  
[  5]  15.00-16.00  sec  59.7 MBytes   501 Mbits/sec  53120  
[  5]  16.00-17.00  sec  59.0 MBytes   495 Mbits/sec  52520  
[  5]  17.00-18.00  sec  55.9 MBytes   469 Mbits/sec  49770  
[  5]  18.00-19.00  sec  59.6 MBytes   500 Mbits/sec  53040  
[  5]  19.00-20.00  sec  62.2 MBytes   522 Mbits/sec  55400  
[  5]  20.00-21.00  sec  58.1 MBytes   487 Mbits/sec  51710  
[  5]  21.00-22.00  sec  53.2 MBytes   446 Mbits/sec  47350  
[  5]  22.00-23.00  sec  56.9 MBytes   478 Mbits/sec  50670  
[  5]  23.00-24.00  sec  56.4 MBytes   473 Mbits/sec  50240  
[  5]  24.00-25.00  sec  52.5 MBytes   441 Mbits/sec  46770  
[  5]  25.00-26.00  sec  54.3 MBytes   455 Mbits/sec  48310  
[  5]  26.00-27.00  sec  54.5 MBytes   458 Mbits/sec  48550  
[  5]  27.00-28.00  sec  54.9 MBytes   460 Mbits/sec  48870  
[  5]  28.00-29.00  sec  61.9 MBytes   520 Mbits/sec  55130  
[  5]  29.00-30.00  sec  57.3 MBytes   481 Mbits/sec  51000  
[  5]  30.00-31.00  sec  55.4 MBytes   465 Mbits/sec  49350  
[  5]  31.00-32.00  sec  57.7 MBytes   484 Mbits/sec  51390  
[  5]  32.00-33.00  sec  54.7 MBytes   459 Mbits/sec  48690  
[  5]  33.00-34.00  sec  43.5 MBytes   365 Mbits/sec  38690  
[  5]  34.00-35.00  sec  46.9 MBytes   394 Mbits/sec  41780  
[  5]  35.00-36.00  sec  61.8 MBytes   519 Mbits/sec  55030  
[  5]  36.00-37.00  sec  57.0 MBytes   478 Mbits/sec  50740  
[  5]  37.00-38.00  sec  53.6 MBytes   450 Mbits/sec  47720  
[  5]  38.00-39.00  sec  55.6 MBytes   465 Mbits/sec  49460  
[  5]  39.00-40.00  sec  56.6 MBytes   477 Mbits/sec  50410  
[  5]  40.00-41.00  sec  59.2 MBytes   496 Mbits/sec  52680  
[  5]  41.00-42.00  sec  60.5 MBytes   507 Mbits/sec  53810  
[  5]  42.00-43.00  sec  58.2 MBytes   489 Mbits/sec  51850  
[  5]  43.00-44.00  sec  58.3 MBytes   489 Mbits/sec  51910  
[  5]  44.00-45.00  sec  56.8 MBytes   477 Mbits/sec  50570  
[  5]  45.00-46.00  sec  46.8 MBytes   392 Mbits/sec  41650  
[  5]  46.00-47.00  sec  48.4 MBytes   406 Mbits/sec  43110  
[  5]  47.00-48.00  sec  58.5 MBytes   491 Mbits/sec  52060  
[  5]  48.00-49.00  sec  57.3 MBytes   481 Mbits/sec  50990  
[  5]  49.00-50.00  sec  52.6 MBytes   441 Mbits/sec  46820  
[  5]  50.00-51.00  sec  57.4 MBytes   481 Mbits/sec  51060  
[  5]  51.00-52.00  sec  61.9 MBytes   519 Mbits/sec  55080  
[  5]  52.00-53.00  sec  56.7 MBytes   476 Mbits/sec  50460  
[  5]  53.00-54.00  sec  56.2 MBytes   472 Mbits/sec  50050  
[  5]  54.00-55.00  sec  58.8 MBytes   493 Mbits/sec  52330  
[  5]  55.00-56.00  sec  62.1 MBytes   521 Mbits/sec  55300  
[  5]  56.00-57.00  sec  55.8 MBytes   468 Mbits/sec  49630  
[  5]  57.00-58.00  sec  51.4 MBytes   431 Mbits/sec  45750  
[  5]  58.00-59.00  sec  52.3 MBytes   439 Mbits/sec  46540  
[  5]  59.00-60.00  sec  49.8 MBytes   418 Mbits/sec  44350  
- - - - - - - - - - - - - - - - - - - - - - - - -
[ ID] Interval           Transfer     Bitrate         Jitter    Lost/Total Datagrams
[  5]   0.00-60.00  sec  3.28 GBytes   469 Mbits/sec  0.000 ms  0/2986640 (0%)  sender
[  5]   0.00-60.05  sec  1.96 GBytes   281 Mbits/sec  0.029 ms  1217202/2986626 (41%)  receiver

iperf Done.
