Connecting to host 10.136.80.140, port 5201
[  5] local 10.136.173.76 port 56922 connected to 10.136.80.140 port 5201
[ ID] Interval           Transfer     Bitrate         Total Datagrams
[  5]   0.00-1.00   sec  61.9 MBytes   519 Mbits/sec  55120  (omitted)
[  5]   0.00-1.00   sec  64.9 MBytes   544 Mbits/sec  57750  
[  5]   1.00-2.00   sec  63.3 MBytes   531 Mbits/sec  56340  
[  5]   2.00-3.00   sec  58.8 MBytes   493 Mbits/sec  52360  
[  5]   3.00-4.00   sec  59.0 MBytes   495 Mbits/sec  52520  
[  5]   4.00-5.00   sec  58.8 MBytes   493 Mbits/sec  52350  
[  5]   5.00-6.00   sec  56.2 MBytes   472 Mbits/sec  50050  
[  5]   6.00-7.00   sec  51.4 MBytes   431 Mbits/sec  45760  
[  5]   7.00-8.00   sec  56.4 MBytes   473 Mbits/sec  50160  
[  5]   8.00-9.00   sec  57.5 MBytes   482 Mbits/sec  51190  
[  5]   9.00-10.00  sec  60.3 MBytes   506 Mbits/sec  53690  
[  5]  10.00-11.00  sec  59.4 MBytes   498 Mbits/sec  52860  
[  5]  11.00-12.00  sec  58.4 MBytes   489 Mbits/sec  51940  
[  5]  12.00-13.00  sec  63.0 MBytes   528 Mbits/sec  56040  
[  5]  13.00-14.00  sec  63.6 MBytes   533 Mbits/sec  56590  
[  5]  14.00-15.00  sec  65.5 MBytes   549 Mbits/sec  58270  
[  5]  15.00-16.00  sec  62.4 MBytes   523 Mbits/sec  55510  
[  5]  16.00-17.00  sec  63.1 MBytes   530 Mbits/sec  56200  
[  5]  17.00-18.00  sec  66.0 MBytes   554 Mbits/sec  58740  
[  5]  18.00-19.00  sec  60.8 MBytes   510 Mbits/sec  54150  
[  5]  19.00-20.00  sec  52.8 MBytes   443 Mbits/sec  46970  
[  5]  20.00-21.00  sec  62.3 MBytes   523 Mbits/sec  55450  
[  5]  21.00-22.00  sec  51.3 MBytes   430 Mbits/sec  45670  
[  5]  22.00-23.00  sec  55.7 MBytes   467 Mbits/sec  49600  
[  5]  23.00-24.00  sec  51.9 MBytes   435 Mbits/sec  46200  
[  5]  24.00-25.00  sec  52.9 MBytes   443 Mbits/sec  47070  
[  5]  25.00-26.00  sec  57.4 MBytes   482 Mbits/sec  51100  
[  5]  26.00-27.00  sec  62.4 MBytes   523 Mbits/sec  55530  
[  5]  27.00-28.00  sec  61.3 MBytes   514 Mbits/sec  54540  
[  5]  28.00-29.00  sec  62.4 MBytes   524 Mbits/sec  55570  
[  5]  29.00-30.00  sec  62.2 MBytes   522 Mbits/sec  55380  
[  5]  30.00-31.00  sec  61.3 MBytes   514 Mbits/sec  54540  
[  5]  31.00-32.00  sec  63.2 MBytes   530 Mbits/sec  56240  
[  5]  32.00-33.00  sec  62.4 MBytes   523 Mbits/sec  55500  
[  5]  33.00-34.00  sec  60.7 MBytes   509 Mbits/sec  54010  
[  5]  34.00-35.00  sec  61.1 MBytes   512 Mbits/sec  54380  
[  5]  35.00-36.00  sec  63.4 MBytes   532 Mbits/sec  56420  
[  5]  36.00-37.00  sec  61.0 MBytes   512 Mbits/sec  54310  
[  5]  37.00-38.00  sec  62.5 MBytes   524 Mbits/sec  55660  
[  5]  38.00-39.00  sec  60.8 MBytes   510 Mbits/sec  54080  
[  5]  39.00-40.00  sec  63.3 MBytes   531 Mbits/sec  56340  
[  5]  40.00-41.00  sec  65.9 MBytes   553 Mbits/sec  58700  
[  5]  41.00-42.00  sec  59.8 MBytes   501 Mbits/sec  53190  
[  5]  42.00-43.00  sec  61.6 MBytes   517 Mbits/sec  54870  
[  5]  43.00-44.00  sec  65.5 MBytes   550 Mbits/sec  58340  
[  5]  44.00-45.00  sec  63.2 MBytes   530 Mbits/sec  56290  
[  5]  45.00-46.00  sec  50.7 MBytes   425 Mbits/sec  45150  
[  5]  46.00-47.00  sec  55.6 MBytes   467 Mbits/sec  49530  
[  5]  47.00-48.00  sec  65.0 MBytes   545 Mbits/sec  57870  
[  5]  48.00-49.00  sec  56.2 MBytes   472 Mbits/sec  50050  
[  5]  49.00-50.00  sec  61.6 MBytes   516 Mbits/sec  54810  
[  5]  50.00-51.00  sec  57.3 MBytes   481 Mbits/sec  51000  
[  5]  51.00-52.00  sec  50.9 MBytes   427 Mbits/sec  45300  
[  5]  52.00-53.00  sec  58.3 MBytes   489 Mbits/sec  51900  
[  5]  53.00-54.00  sec  61.8 MBytes   519 Mbits/sec  55030  
[  5]  54.00-55.00  sec  64.3 MBytes   540 Mbits/sec  57270  
[  5]  55.00-56.00  sec  70.9 MBytes   595 Mbits/sec  63140  
[  5]  56.00-57.00  sec  62.6 MBytes   525 Mbits/sec  55740  
[  5]  57.00-58.00  sec  61.6 MBytes   516 Mbits/sec  54790  
[  5]  58.00-59.00  sec  53.7 MBytes   450 Mbits/sec  47790  
[  5]  59.00-60.00  sec  62.2 MBytes   521 Mbits/sec  55340  
- - - - - - - - - - - - - - - - - - - - - - - - -
[ ID] Interval           Transfer     Bitrate         Jitter    Lost/Total Datagrams
[  5]   0.00-60.00  sec  3.53 GBytes   505 Mbits/sec  0.000 ms  0/3213130 (0%)  sender
[  5]   0.00-60.04  sec  3.27 GBytes   468 Mbits/sec  0.021 ms  237987/3213127 (7.4%)  receiver

iperf Done.
