Connecting to host 10.136.80.155, port 5201
[  5] local 10.136.173.77 port 35641 connected to 10.136.80.155 port 5201
[ ID] Interval           Transfer     Bitrate         Total Datagrams
[  5]   0.00-1.00   sec  78.5 MBytes   658 Mbits/sec  69870  (omitted)
[  5]   0.00-1.00   sec  79.3 MBytes   665 Mbits/sec  70610  
[  5]   1.00-2.00   sec  78.7 MBytes   660 Mbits/sec  70040  
[  5]   2.00-3.00   sec  79.1 MBytes   664 Mbits/sec  70420  
[  5]   3.00-4.00   sec  79.5 MBytes   667 Mbits/sec  70800  
[  5]   4.00-5.00   sec  78.8 MBytes   661 Mbits/sec  70140  
[  5]   5.00-6.00   sec  78.9 MBytes   661 Mbits/sec  70190  
[  5]   6.00-7.00   sec  78.9 MBytes   662 Mbits/sec  70260  
[  5]   7.00-8.00   sec  77.6 MBytes   651 Mbits/sec  69100  
[  5]   8.00-9.00   sec  78.7 MBytes   660 Mbits/sec  70060  
[  5]   9.00-10.00  sec  78.4 MBytes   658 Mbits/sec  69790  
[  5]  10.00-11.00  sec  78.0 MBytes   654 Mbits/sec  69440  
[  5]  11.00-12.00  sec  73.1 MBytes   613 Mbits/sec  65030  
[  5]  12.00-13.00  sec  70.6 MBytes   592 Mbits/sec  62850  
[  5]  13.00-14.00  sec  73.1 MBytes   614 Mbits/sec  65110  
[  5]  14.00-15.00  sec  72.0 MBytes   604 Mbits/sec  64050  
[  5]  15.00-16.00  sec  71.3 MBytes   598 Mbits/sec  63430  
[  5]  16.00-17.00  sec  70.1 MBytes   588 Mbits/sec  62360  
[  5]  17.00-18.00  sec  70.3 MBytes   589 Mbits/sec  62550  
[  5]  18.00-19.00  sec  72.0 MBytes   604 Mbits/sec  64050  
[  5]  19.00-20.00  sec  71.3 MBytes   598 Mbits/sec  63450  
[  5]  20.00-21.00  sec  71.8 MBytes   603 Mbits/sec  63950  
[  5]  21.00-22.00  sec  70.1 MBytes   588 Mbits/sec  62430  
[  5]  22.00-23.00  sec  70.5 MBytes   592 Mbits/sec  62770  
[  5]  23.00-24.00  sec  68.9 MBytes   578 Mbits/sec  61290  
[  5]  24.00-25.00  sec  73.0 MBytes   612 Mbits/sec  64970  
[  5]  25.00-26.00  sec  71.1 MBytes   597 Mbits/sec  63330  
[  5]  26.00-27.00  sec  73.0 MBytes   612 Mbits/sec  64990  
[  5]  27.00-28.00  sec  71.2 MBytes   597 Mbits/sec  63370  
[  5]  28.00-29.00  sec  70.9 MBytes   595 Mbits/sec  63100  
[  5]  29.00-30.00  sec  75.5 MBytes   633 Mbits/sec  67210  
[  5]  30.00-31.00  sec  76.5 MBytes   641 Mbits/sec  68070  
[  5]  31.00-32.00  sec  78.5 MBytes   658 Mbits/sec  69840  
[  5]  32.00-33.00  sec  78.7 MBytes   660 Mbits/sec  70030  
[  5]  33.00-34.00  sec  78.4 MBytes   657 Mbits/sec  69770  
[  5]  34.00-35.00  sec  77.0 MBytes   646 Mbits/sec  68520  
[  5]  35.00-36.00  sec  76.8 MBytes   645 Mbits/sec  68400  
[  5]  36.00-37.00  sec  77.2 MBytes   647 Mbits/sec  68680  
[  5]  37.00-38.00  sec  74.7 MBytes   627 Mbits/sec  66510  
[  5]  38.00-39.00  sec  72.6 MBytes   609 Mbits/sec  64610  
[  5]  39.00-40.00  sec  71.9 MBytes   603 Mbits/sec  64010  
[  5]  40.00-41.00  sec  70.0 MBytes   587 Mbits/sec  62330  
[  5]  41.00-42.00  sec  78.9 MBytes   662 Mbits/sec  70240  
[  5]  42.00-43.00  sec  78.6 MBytes   660 Mbits/sec  69990  
[  5]  43.00-44.00  sec  78.8 MBytes   661 Mbits/sec  70110  
[  5]  44.00-45.00  sec  78.5 MBytes   659 Mbits/sec  69900  
[  5]  45.00-46.00  sec  78.7 MBytes   661 Mbits/sec  70090  
[  5]  46.00-47.00  sec  78.2 MBytes   656 Mbits/sec  69570  
[  5]  47.00-48.00  sec  77.5 MBytes   650 Mbits/sec  68950  
[  5]  48.00-49.00  sec  78.0 MBytes   654 Mbits/sec  69420  
[  5]  49.00-50.00  sec  77.9 MBytes   653 Mbits/sec  69320  
[  5]  50.00-51.00  sec  79.3 MBytes   666 Mbits/sec  70630  
[  5]  51.00-52.00  sec  78.5 MBytes   659 Mbits/sec  69910  
[  5]  52.00-53.00  sec  78.2 MBytes   656 Mbits/sec  69640  
[  5]  53.00-54.00  sec  78.0 MBytes   654 Mbits/sec  69410  
[  5]  54.00-55.00  sec  78.4 MBytes   657 Mbits/sec  69760  
[  5]  55.00-56.00  sec  77.8 MBytes   653 Mbits/sec  69250  
[  5]  56.00-57.00  sec  78.3 MBytes   657 Mbits/sec  69730  
[  5]  57.00-58.00  sec  77.0 MBytes   646 Mbits/sec  68510  
[  5]  58.00-59.00  sec  77.5 MBytes   650 Mbits/sec  68950  
[  5]  59.00-60.00  sec  77.9 MBytes   653 Mbits/sec  69320  
- - - - - - - - - - - - - - - - - - - - - - - - -
[ ID] Interval           Transfer     Bitrate         Jitter    Lost/Total Datagrams
[  5]   0.00-60.00  sec  4.44 GBytes   635 Mbits/sec  0.000 ms  0/4044610 (0%)  sender
[  5]   0.00-60.09  sec  1.32 GBytes   188 Mbits/sec  0.026 ms  2896031/4044610 (72%)  receiver

iperf Done.
