Connecting to host 10.136.80.162, port 5201
[  5] local 10.136.173.98 port 46860 connected to 10.136.80.162 port 5201
[ ID] Interval           Transfer     Bitrate         Total Datagrams
[  5]   0.00-1.00   sec  52.1 MBytes   437 Mbits/sec  46350  (omitted)
[  5]   0.00-1.00   sec  60.5 MBytes   508 Mbits/sec  53880  
[  5]   1.00-2.00   sec  52.8 MBytes   443 Mbits/sec  47000  
[  5]   2.00-3.00   sec  53.7 MBytes   450 Mbits/sec  47760  
[  5]   3.00-4.00   sec  58.4 MBytes   490 Mbits/sec  52000  
[  5]   4.00-5.00   sec  46.8 MBytes   393 Mbits/sec  41650  
[  5]   5.00-6.00   sec  54.8 MBytes   460 Mbits/sec  48810  
[  5]   6.00-7.00   sec  55.9 MBytes   469 Mbits/sec  49740  
[  5]   7.00-8.00   sec  54.1 MBytes   453 Mbits/sec  48120  
[  5]   8.00-9.00   sec  53.2 MBytes   447 Mbits/sec  47380  
[  5]   9.00-10.00  sec  44.0 MBytes   369 Mbits/sec  39200  
[  5]  10.00-11.00  sec  60.7 MBytes   509 Mbits/sec  54050  
[  5]  11.00-12.00  sec  54.0 MBytes   453 Mbits/sec  48080  
[  5]  12.00-13.00  sec  49.2 MBytes   412 Mbits/sec  43760  
[  5]  13.00-14.00  sec  57.2 MBytes   480 Mbits/sec  50910  
[  5]  14.00-15.00  sec  52.9 MBytes   444 Mbits/sec  47080  
[  5]  15.00-16.00  sec  52.0 MBytes   436 Mbits/sec  46250  
[  5]  16.00-17.00  sec  54.5 MBytes   457 Mbits/sec  48470  
[  5]  17.00-18.00  sec  58.2 MBytes   488 Mbits/sec  51830  
[  5]  18.00-19.00  sec  58.9 MBytes   494 Mbits/sec  52420  
[  5]  19.00-20.00  sec  56.8 MBytes   476 Mbits/sec  50520  
[  5]  20.00-21.00  sec  55.7 MBytes   467 Mbits/sec  49610  
[  5]  21.00-22.00  sec  53.2 MBytes   447 Mbits/sec  47390  
[  5]  22.00-23.00  sec  54.6 MBytes   458 Mbits/sec  48610  
[  5]  23.00-24.00  sec  55.1 MBytes   462 Mbits/sec  49060  
[  5]  24.00-25.00  sec  53.9 MBytes   452 Mbits/sec  47950  
[  5]  25.00-26.00  sec  57.0 MBytes   478 Mbits/sec  50700  
[  5]  26.00-27.00  sec  58.8 MBytes   493 Mbits/sec  52330  
[  5]  27.00-28.00  sec  58.8 MBytes   493 Mbits/sec  52370  
[  5]  28.00-29.00  sec  60.5 MBytes   508 Mbits/sec  53880  
[  5]  29.00-30.00  sec  49.1 MBytes   412 Mbits/sec  43710  
[  5]  30.00-31.00  sec  45.6 MBytes   383 Mbits/sec  40630  
[  5]  31.00-32.00  sec  54.7 MBytes   459 Mbits/sec  48660  
[  5]  32.00-33.00  sec  52.7 MBytes   442 Mbits/sec  46930  
[  5]  33.00-34.00  sec  59.1 MBytes   496 Mbits/sec  52610  
[  5]  34.00-35.00  sec  48.9 MBytes   410 Mbits/sec  43530  
[  5]  35.00-36.00  sec  60.9 MBytes   511 Mbits/sec  54210  
[  5]  36.00-37.00  sec  60.7 MBytes   509 Mbits/sec  54020  
[  5]  37.00-38.00  sec  57.3 MBytes   481 Mbits/sec  51040  
[  5]  38.00-39.00  sec  46.0 MBytes   386 Mbits/sec  40910  
[  5]  39.00-40.00  sec  44.0 MBytes   369 Mbits/sec  39180  
[  5]  40.00-41.00  sec  57.7 MBytes   484 Mbits/sec  51360  
[  5]  41.00-42.00  sec  50.9 MBytes   427 Mbits/sec  45340  
[  5]  42.00-43.00  sec  55.9 MBytes   469 Mbits/sec  49800  
[  5]  43.00-44.00  sec  56.6 MBytes   475 Mbits/sec  50410  
[  5]  44.00-45.00  sec  57.9 MBytes   486 Mbits/sec  51530  
[  5]  45.00-46.00  sec  47.3 MBytes   396 Mbits/sec  42070  
[  5]  46.00-47.00  sec  60.2 MBytes   505 Mbits/sec  53630  
[  5]  47.00-48.00  sec  53.8 MBytes   451 Mbits/sec  47870  
[  5]  48.00-49.00  sec  51.3 MBytes   430 Mbits/sec  45630  
[  5]  49.00-50.00  sec  55.9 MBytes   469 Mbits/sec  49770  
[  5]  50.00-51.00  sec  57.3 MBytes   481 Mbits/sec  51020  
[  5]  51.00-52.00  sec  61.2 MBytes   513 Mbits/sec  54450  
[  5]  52.00-53.00  sec  57.0 MBytes   478 Mbits/sec  50740  
[  5]  53.00-54.00  sec  56.1 MBytes   471 Mbits/sec  49960  
[  5]  54.00-55.00  sec  54.1 MBytes   454 Mbits/sec  48130  
[  5]  55.00-56.00  sec  57.7 MBytes   484 Mbits/sec  51340  
[  5]  56.00-57.00  sec  55.7 MBytes   468 Mbits/sec  49610  
[  5]  57.00-58.00  sec  48.8 MBytes   410 Mbits/sec  43470  
[  5]  58.00-59.00  sec  54.9 MBytes   461 Mbits/sec  48890  
[  5]  59.00-60.00  sec  57.1 MBytes   479 Mbits/sec  50790  
- - - - - - - - - - - - - - - - - - - - - - - - -
[ ID] Interval           Transfer     Bitrate         Jitter    Lost/Total Datagrams
[  5]   0.00-60.00  sec  3.21 GBytes   459 Mbits/sec  0.000 ms  0/2922050 (0%)  sender
[  5]   0.00-60.25  sec  1.99 GBytes   284 Mbits/sec  0.024 ms  1127939/2922047 (39%)  receiver

iperf Done.
