Connecting to host 10.136.80.158, port 5201
[  5] local 10.136.173.78 port 48882 connected to 10.136.80.158 port 5201
[ ID] Interval           Transfer     Bitrate         Retr  Cwnd
[  5]   0.00-1.00   sec  92.0 KBytes  0.75 Mbits/sec    0   23.0 KBytes       (omitted)
[  5]   0.00-1.00   sec   498 KBytes  4.08 Mbits/sec    0    184 KBytes       
[  5]   1.00-2.00   sec  3.72 MBytes  31.2 Mbits/sec    0   1.44 MBytes       
[  5]   2.00-3.00   sec  1.25 MBytes  10.5 Mbits/sec  862    653 KBytes       
[  5]   3.00-4.00   sec  3.75 MBytes  31.5 Mbits/sec  410   1.46 MBytes       
[  5]   4.00-5.00   sec  2.50 MBytes  21.0 Mbits/sec  603   1.30 MBytes       
[  5]   5.00-6.00   sec  3.75 MBytes  31.5 Mbits/sec  159    931 KBytes       
[  5]   6.00-7.00   sec  2.50 MBytes  21.0 Mbits/sec    0   1007 KBytes       
[  5]   7.00-8.00   sec  2.50 MBytes  21.0 Mbits/sec    0   1.03 MBytes       
[  5]   8.00-9.00   sec  3.75 MBytes  31.5 Mbits/sec   11    758 KBytes       
[  5]   9.00-10.00  sec  2.50 MBytes  21.0 Mbits/sec    0    823 KBytes       
[  5]  10.00-11.00  sec  1.25 MBytes  10.5 Mbits/sec    0    865 KBytes       
[  5]  11.00-12.00  sec  2.50 MBytes  21.0 Mbits/sec    0    892 KBytes       
[  5]  12.00-13.00  sec  2.50 MBytes  21.0 Mbits/sec    0    905 KBytes       
[  5]  13.00-14.00  sec  2.50 MBytes  21.0 Mbits/sec    0    916 KBytes       
[  5]  14.00-15.00  sec  2.50 MBytes  21.0 Mbits/sec    0    919 KBytes       
[  5]  15.00-16.00  sec  2.50 MBytes  21.0 Mbits/sec    0    919 KBytes       
[  5]  16.00-17.00  sec  2.50 MBytes  21.0 Mbits/sec    0    919 KBytes       
[  5]  17.00-18.00  sec  3.75 MBytes  31.5 Mbits/sec    0    923 KBytes       
[  5]  18.00-19.00  sec  1.25 MBytes  10.5 Mbits/sec    0    932 KBytes       
[  5]  19.00-20.00  sec  2.50 MBytes  21.0 Mbits/sec    0    947 KBytes       
[  5]  20.00-21.00  sec  2.50 MBytes  21.0 Mbits/sec    0    974 KBytes       
[  5]  21.00-22.00  sec  3.75 MBytes  31.5 Mbits/sec    0   1018 KBytes       
[  5]  22.00-23.00  sec  2.50 MBytes  21.0 Mbits/sec    0   1.05 MBytes       
[  5]  23.00-24.00  sec  3.75 MBytes  31.5 Mbits/sec    0   1.13 MBytes       
[  5]  24.00-25.00  sec  2.50 MBytes  21.0 Mbits/sec   38    836 KBytes       
[  5]  25.00-26.00  sec  2.50 MBytes  21.0 Mbits/sec    0    919 KBytes       
[  5]  26.00-27.00  sec  2.50 MBytes  21.0 Mbits/sec    0   1010 KBytes       
[  5]  27.00-28.00  sec  2.50 MBytes  21.0 Mbits/sec    0   1.05 MBytes       
[  5]  28.00-29.00  sec  2.50 MBytes  21.0 Mbits/sec   18    778 KBytes       
[  5]  29.00-30.00  sec  3.75 MBytes  31.5 Mbits/sec    0    835 KBytes       
[  5]  30.00-31.00  sec  2.50 MBytes  21.0 Mbits/sec    0    881 KBytes       
[  5]  31.00-32.00  sec  2.50 MBytes  21.0 Mbits/sec    0    912 KBytes       
[  5]  32.00-33.00  sec  1.25 MBytes  10.5 Mbits/sec    0    927 KBytes       
[  5]  33.00-34.00  sec  2.50 MBytes  21.0 Mbits/sec    0    939 KBytes       
[  5]  34.00-35.00  sec  3.75 MBytes  31.5 Mbits/sec    0    944 KBytes       
[  5]  35.00-36.00  sec  2.50 MBytes  21.0 Mbits/sec    0    944 KBytes       
[  5]  36.00-37.00  sec  2.50 MBytes  21.0 Mbits/sec    0    944 KBytes       
[  5]  37.00-38.00  sec  2.50 MBytes  21.0 Mbits/sec    0    948 KBytes       
[  5]  38.00-39.00  sec  2.50 MBytes  21.0 Mbits/sec    0    955 KBytes       
[  5]  39.00-40.00  sec  2.50 MBytes  21.0 Mbits/sec    0    967 KBytes       
[  5]  40.00-41.00  sec  2.50 MBytes  21.0 Mbits/sec    0    993 KBytes       
[  5]  41.00-42.00  sec  3.75 MBytes  31.5 Mbits/sec    0   1.01 MBytes       
[  5]  42.00-43.00  sec  2.50 MBytes  21.0 Mbits/sec    0   1.06 MBytes       
[  5]  43.00-44.00  sec  3.75 MBytes  31.5 Mbits/sec    0   1.14 MBytes       
[  5]  44.00-45.00  sec  1.25 MBytes  10.5 Mbits/sec   39    836 KBytes       
[  5]  45.00-46.00  sec  3.75 MBytes  31.5 Mbits/sec    0    928 KBytes       
[  5]  46.00-47.00  sec  2.50 MBytes  21.0 Mbits/sec    0   1009 KBytes       
[  5]  47.00-48.00  sec  2.50 MBytes  21.0 Mbits/sec    0   1.05 MBytes       
[  5]  48.00-49.00  sec  2.50 MBytes  21.0 Mbits/sec   18    777 KBytes       
[  5]  49.00-50.00  sec  2.50 MBytes  21.0 Mbits/sec    0    828 KBytes       
[  5]  50.00-51.00  sec  2.50 MBytes  21.0 Mbits/sec    0    877 KBytes       
[  5]  51.00-52.00  sec  2.50 MBytes  21.0 Mbits/sec    0    908 KBytes       
[  5]  52.00-53.00  sec  2.50 MBytes  21.0 Mbits/sec    0    925 KBytes       
[  5]  53.00-54.00  sec  2.50 MBytes  21.0 Mbits/sec    0    938 KBytes       
[  5]  54.00-55.00  sec  2.50 MBytes  21.0 Mbits/sec    0    942 KBytes       
[  5]  55.00-56.00  sec  2.50 MBytes  21.0 Mbits/sec    0    943 KBytes       
[  5]  56.00-57.00  sec  3.75 MBytes  31.5 Mbits/sec    0    943 KBytes       
[  5]  57.00-58.00  sec  2.50 MBytes  21.0 Mbits/sec    0    946 KBytes       
[  5]  58.00-59.00  sec  2.50 MBytes  21.0 Mbits/sec    0    953 KBytes       
[  5]  59.00-60.00  sec  2.50 MBytes  21.0 Mbits/sec    0    965 KBytes       
- - - - - - - - - - - - - - - - - - - - - - - - -
[ ID] Interval           Transfer     Bitrate         Retr
[  5]   0.00-60.00  sec   158 MBytes  22.1 Mbits/sec  2158             sender
[  5]   0.00-60.35  sec   156 MBytes  21.6 Mbits/sec                  receiver

iperf Done.
