Connecting to host knb-server-618339, port 5201
[  5] local 10.136.173.86 port 42000 connected to 10.43.135.84 port 5201
[ ID] Interval           Transfer     Bitrate         Retr  Cwnd
[  5]   0.00-1.00   sec  2.49 MBytes  20.9 Mbits/sec  115   1.15 KBytes       (omitted)
[  5]   0.00-1.00   sec   900 KBytes  7.37 Mbits/sec   40   1.15 KBytes       
[  5]   1.00-2.00   sec  3.28 MBytes  27.5 Mbits/sec  165   6.90 KBytes       
[  5]   2.00-3.00   sec  8.55 MBytes  71.8 Mbits/sec  362   5.75 KBytes       
[  5]   3.00-4.00   sec  2.37 MBytes  19.9 Mbits/sec   88   6.90 KBytes       
[  5]   4.00-5.00   sec  5.12 MBytes  42.9 Mbits/sec  241   2.30 KBytes       
[  5]   5.00-6.00   sec  4.46 MBytes  37.4 Mbits/sec  210   1.15 KBytes       
[  5]   6.00-7.00   sec  3.50 MBytes  29.3 Mbits/sec  169   9.20 KBytes       
[  5]   7.00-8.00   sec  4.87 MBytes  40.8 Mbits/sec  218   2.30 KBytes       
[  5]   8.00-9.00   sec  3.27 MBytes  27.4 Mbits/sec  156   1.15 KBytes       
[  5]   9.00-10.00  sec  2.43 MBytes  20.4 Mbits/sec  127   2.30 KBytes       
[  5]  10.00-11.00  sec  5.82 MBytes  48.8 Mbits/sec  262   2.30 KBytes       
[  5]  11.00-12.00  sec  4.21 MBytes  35.3 Mbits/sec  181   4.60 KBytes       
[  5]  12.00-13.00  sec  4.56 MBytes  38.3 Mbits/sec  215   2.30 KBytes       
[  5]  13.00-14.00  sec  4.54 MBytes  38.1 Mbits/sec  208   2.30 KBytes       
[  5]  14.00-15.00  sec  2.75 MBytes  23.1 Mbits/sec  120   2.30 KBytes       
[  5]  15.00-16.00  sec  1.44 MBytes  12.1 Mbits/sec   77   2.30 KBytes       
[  5]  16.00-17.00  sec  1.98 MBytes  16.6 Mbits/sec   88   2.30 KBytes       
[  5]  17.00-18.00  sec  5.89 MBytes  49.4 Mbits/sec  280   5.75 KBytes       
[  5]  18.00-19.00  sec  4.39 MBytes  36.8 Mbits/sec  216   1.15 KBytes       
[  5]  19.00-20.00  sec  4.17 MBytes  35.0 Mbits/sec  200   2.30 KBytes       
[  5]  20.00-21.00  sec  2.63 MBytes  22.1 Mbits/sec  148   2.30 KBytes       
[  5]  21.00-22.00  sec  2.27 MBytes  19.0 Mbits/sec  117   2.30 KBytes       
[  5]  22.00-23.00  sec   949 KBytes  7.77 Mbits/sec   40   2.30 KBytes       
[  5]  23.00-24.00  sec  3.19 MBytes  26.8 Mbits/sec  151   5.75 KBytes       
[  5]  24.00-25.00  sec  3.20 MBytes  26.9 Mbits/sec  139   2.30 KBytes       
[  5]  25.00-26.00  sec  4.70 MBytes  39.4 Mbits/sec  222   1.15 KBytes       
[  5]  26.00-27.00  sec  2.27 MBytes  19.1 Mbits/sec  111   4.60 KBytes       
[  5]  27.00-28.00  sec  1.62 MBytes  13.6 Mbits/sec   92   1.15 KBytes       
[  5]  28.00-29.00  sec  3.48 MBytes  29.2 Mbits/sec  166   10.4 KBytes       
[  5]  29.00-30.00  sec  7.48 MBytes  62.7 Mbits/sec  321   1.15 KBytes       
[  5]  30.00-31.00  sec  3.09 MBytes  25.9 Mbits/sec  140   1.15 KBytes       
[  5]  31.00-32.00  sec  1.98 MBytes  16.6 Mbits/sec   86   2.30 KBytes       
[  5]  32.00-33.00  sec  2.10 MBytes  17.6 Mbits/sec   85   2.30 KBytes       
[  5]  33.00-34.00  sec  1.79 MBytes  15.0 Mbits/sec   80   1.15 KBytes       
[  5]  34.00-35.00  sec  1.54 MBytes  13.0 Mbits/sec   63   1.15 KBytes       
[  5]  35.00-36.00  sec  1.48 MBytes  12.4 Mbits/sec   57   2.30 KBytes       
[  5]  36.00-37.00  sec  4.88 MBytes  41.0 Mbits/sec  210   6.90 KBytes       
[  5]  37.00-38.00  sec  3.83 MBytes  32.1 Mbits/sec  159   12.7 KBytes       
[  5]  38.00-39.00  sec  3.27 MBytes  27.5 Mbits/sec  169   2.30 KBytes       
[  5]  39.00-40.00  sec  4.26 MBytes  35.8 Mbits/sec  201   11.5 KBytes       
[  5]  40.00-41.00  sec  7.29 MBytes  61.2 Mbits/sec  327   1.15 KBytes       
[  5]  41.00-42.00  sec  2.97 MBytes  24.9 Mbits/sec  144   1.15 KBytes       
[  5]  42.00-43.00  sec  9.82 MBytes  82.4 Mbits/sec  429   2.30 KBytes       
[  5]  43.00-44.00  sec   569 KBytes  4.66 Mbits/sec   26   2.30 KBytes       
[  5]  44.00-45.00  sec  7.72 MBytes  64.8 Mbits/sec  386   2.30 KBytes       
[  5]  45.00-46.00  sec  4.57 MBytes  38.4 Mbits/sec  211   1.15 KBytes       
[  5]  46.00-47.00  sec  4.57 MBytes  38.4 Mbits/sec  243   3.45 KBytes       
[  5]  47.00-48.00  sec  5.68 MBytes  47.7 Mbits/sec  247   3.45 KBytes       
[  5]  48.00-49.00  sec  5.13 MBytes  43.0 Mbits/sec  238   1.15 KBytes       
[  5]  49.00-50.00  sec  5.31 MBytes  44.6 Mbits/sec  227   1.15 KBytes       
[  5]  50.00-51.00  sec  5.45 MBytes  45.7 Mbits/sec  238   1.15 KBytes       
[  5]  51.00-52.00  sec  4.21 MBytes  35.3 Mbits/sec  214   1.15 KBytes       
[  5]  52.00-53.00  sec  1.85 MBytes  15.6 Mbits/sec   81   2.30 KBytes       
[  5]  53.00-54.00  sec  1.30 MBytes  10.9 Mbits/sec   53   2.30 KBytes       
[  5]  54.00-55.00  sec  7.05 MBytes  59.1 Mbits/sec  329   1.15 KBytes       
[  5]  55.00-56.00  sec  3.27 MBytes  27.5 Mbits/sec  158   1.15 KBytes       
[  5]  56.00-57.00  sec  2.10 MBytes  17.6 Mbits/sec  107   1.15 KBytes       
[  5]  57.00-58.00  sec  3.59 MBytes  30.1 Mbits/sec  188   2.30 KBytes       
[  5]  58.00-59.00  sec  2.47 MBytes  20.7 Mbits/sec  123   2.30 KBytes       
[  5]  59.00-60.00  sec   253 KBytes  2.07 Mbits/sec   28   1.15 KBytes       
- - - - - - - - - - - - - - - - - - - - - - - - -
[ ID] Interval           Transfer     Bitrate         Retr
[  5]   0.00-60.00  sec   224 MBytes  31.3 Mbits/sec  10377             sender
[  5]   0.00-60.04  sec   224 MBytes  31.2 Mbits/sec                  receiver

iperf Done.
