Connecting to host 10.136.80.190, port 5201
[  5] local 10.136.173.123 port 54810 connected to 10.136.80.190 port 5201
[ ID] Interval           Transfer     Bitrate         Total Datagrams
[  5]   0.00-1.00   sec  62.6 MBytes   525 Mbits/sec  55720  (omitted)
[  5]   0.00-1.00   sec  76.2 MBytes   639 Mbits/sec  67830  
[  5]   1.00-2.00   sec  74.7 MBytes   627 Mbits/sec  66520  
[  5]   2.00-3.00   sec  58.5 MBytes   491 Mbits/sec  52090  
[  5]   3.00-4.00   sec  54.7 MBytes   459 Mbits/sec  48720  
[  5]   4.00-5.00   sec  56.0 MBytes   470 Mbits/sec  49840  
[  5]   5.00-6.00   sec  56.3 MBytes   473 Mbits/sec  50150  
[  5]   6.00-7.00   sec  78.3 MBytes   657 Mbits/sec  69740  
[  5]   7.00-8.00   sec  76.4 MBytes   641 Mbits/sec  68010  
[  5]   8.00-9.00   sec  71.4 MBytes   599 Mbits/sec  63570  
[  5]   9.00-10.00  sec  72.5 MBytes   608 Mbits/sec  64540  
[  5]  10.00-11.00  sec  78.2 MBytes   656 Mbits/sec  69600  
[  5]  11.00-12.00  sec  72.1 MBytes   605 Mbits/sec  64210  
[  5]  12.00-13.00  sec  76.4 MBytes   641 Mbits/sec  68020  
[  5]  13.00-14.00  sec  77.3 MBytes   648 Mbits/sec  68770  
[  5]  14.00-15.00  sec  76.5 MBytes   641 Mbits/sec  68060  
[  5]  15.00-16.00  sec  76.6 MBytes   643 Mbits/sec  68190  
[  5]  16.00-17.00  sec  75.7 MBytes   635 Mbits/sec  67410  
[  5]  17.00-18.00  sec  73.9 MBytes   620 Mbits/sec  65810  
[  5]  18.00-19.00  sec  64.3 MBytes   539 Mbits/sec  57240  
[  5]  19.00-20.00  sec  63.0 MBytes   529 Mbits/sec  56090  
[  5]  20.00-21.00  sec  62.1 MBytes   521 Mbits/sec  55290  
[  5]  21.00-22.00  sec  63.7 MBytes   534 Mbits/sec  56700  
[  5]  22.00-23.00  sec  77.7 MBytes   652 Mbits/sec  69140  
[  5]  23.00-24.00  sec  76.3 MBytes   640 Mbits/sec  67950  
[  5]  24.00-25.00  sec  65.7 MBytes   551 Mbits/sec  58480  
[  5]  25.00-26.00  sec  55.7 MBytes   467 Mbits/sec  49540  
[  5]  26.00-27.00  sec  55.4 MBytes   465 Mbits/sec  49290  
[  5]  27.00-28.00  sec  57.7 MBytes   484 Mbits/sec  51400  
[  5]  28.00-29.00  sec  75.2 MBytes   631 Mbits/sec  66910  
[  5]  29.00-30.00  sec  77.3 MBytes   648 Mbits/sec  68780  
[  5]  30.00-31.00  sec  76.5 MBytes   642 Mbits/sec  68080  
[  5]  31.00-32.00  sec  77.3 MBytes   648 Mbits/sec  68810  
[  5]  32.00-33.00  sec  68.2 MBytes   572 Mbits/sec  60720  
[  5]  33.00-34.00  sec  76.7 MBytes   644 Mbits/sec  68300  
[  5]  34.00-35.00  sec  60.9 MBytes   511 Mbits/sec  54200  
[  5]  35.00-36.00  sec  65.5 MBytes   549 Mbits/sec  58280  
[  5]  36.00-37.00  sec  76.6 MBytes   642 Mbits/sec  68140  
[  5]  37.00-38.00  sec  74.4 MBytes   624 Mbits/sec  66250  
[  5]  38.00-39.00  sec  76.8 MBytes   644 Mbits/sec  68350  
[  5]  39.00-40.00  sec  78.0 MBytes   654 Mbits/sec  69400  
[  5]  40.00-41.00  sec  78.4 MBytes   657 Mbits/sec  69770  
[  5]  41.00-42.00  sec  77.3 MBytes   648 Mbits/sec  68810  
[  5]  42.00-43.00  sec  76.2 MBytes   639 Mbits/sec  67810  
[  5]  43.00-44.00  sec  77.2 MBytes   648 Mbits/sec  68730  
[  5]  44.00-45.00  sec  75.9 MBytes   637 Mbits/sec  67550  
[  5]  45.00-46.00  sec  76.6 MBytes   643 Mbits/sec  68210  
[  5]  46.00-47.00  sec  78.1 MBytes   655 Mbits/sec  69510  
[  5]  47.00-48.00  sec  77.5 MBytes   650 Mbits/sec  69020  
[  5]  48.00-49.00  sec  77.6 MBytes   651 Mbits/sec  69040  
[  5]  49.00-50.00  sec  78.2 MBytes   656 Mbits/sec  69640  
[  5]  50.00-51.00  sec  75.8 MBytes   636 Mbits/sec  67440  
[  5]  51.00-52.00  sec  76.0 MBytes   638 Mbits/sec  67670  
[  5]  52.00-53.00  sec  60.5 MBytes   508 Mbits/sec  53850  
[  5]  53.00-54.00  sec  56.8 MBytes   476 Mbits/sec  50540  
[  5]  54.00-55.00  sec  57.0 MBytes   478 Mbits/sec  50700  
[  5]  55.00-56.00  sec  57.3 MBytes   481 Mbits/sec  51010  
[  5]  56.00-57.00  sec  55.7 MBytes   468 Mbits/sec  49610  
[  5]  57.00-58.00  sec  66.7 MBytes   560 Mbits/sec  59390  
[  5]  58.00-59.00  sec  54.0 MBytes   453 Mbits/sec  48080  
[  5]  59.00-60.00  sec  62.1 MBytes   521 Mbits/sec  55250  
- - - - - - - - - - - - - - - - - - - - - - - - -
[ ID] Interval           Transfer     Bitrate         Jitter    Lost/Total Datagrams
[  5]   0.00-60.00  sec  4.10 GBytes   587 Mbits/sec  0.000 ms  0/3740050 (0%)  sender
[  5]   0.00-60.08  sec  1.74 GBytes   248 Mbits/sec  0.008 ms  2177252/3739646 (58%)  receiver

iperf Done.
