Connecting to host 10.136.80.155, port 5201
[  5] local 10.136.173.90 port 50017 connected to 10.136.80.155 port 5201
[ ID] Interval           Transfer     Bitrate         Total Datagrams
[  5]   0.00-1.00   sec  53.2 MBytes   447 Mbits/sec  47390  (omitted)
[  5]   0.00-1.00   sec  63.2 MBytes   530 Mbits/sec  56220  
[  5]   1.00-2.00   sec  55.2 MBytes   463 Mbits/sec  49150  
[  5]   2.00-3.00   sec  57.5 MBytes   482 Mbits/sec  51160  
[  5]   3.00-4.00   sec  53.0 MBytes   445 Mbits/sec  47180  
[  5]   4.00-5.00   sec  58.8 MBytes   493 Mbits/sec  52310  
[  5]   5.00-6.00   sec  54.9 MBytes   461 Mbits/sec  48880  
[  5]   6.00-7.00   sec  55.2 MBytes   463 Mbits/sec  49130  
[  5]   7.00-8.00   sec  57.3 MBytes   481 Mbits/sec  51030  
[  5]   8.00-9.00   sec  55.5 MBytes   465 Mbits/sec  49380  
[  5]   9.00-10.00  sec  59.4 MBytes   498 Mbits/sec  52860  
[  5]  10.00-11.00  sec  56.0 MBytes   470 Mbits/sec  49850  
[  5]  11.00-12.00  sec  55.9 MBytes   469 Mbits/sec  49720  
[  5]  12.00-13.00  sec  51.3 MBytes   430 Mbits/sec  45670  
[  5]  13.00-14.00  sec  54.2 MBytes   455 Mbits/sec  48250  
[  5]  14.00-15.00  sec  58.2 MBytes   488 Mbits/sec  51810  
[  5]  15.00-16.00  sec  55.0 MBytes   461 Mbits/sec  48970  
[  5]  16.00-17.00  sec  55.7 MBytes   467 Mbits/sec  49550  
[  5]  17.00-18.00  sec  55.5 MBytes   466 Mbits/sec  49410  
[  5]  18.00-19.00  sec  52.6 MBytes   441 Mbits/sec  46830  
[  5]  19.00-20.00  sec  56.0 MBytes   470 Mbits/sec  49870  
[  5]  20.00-21.00  sec  54.0 MBytes   453 Mbits/sec  48060  
[  5]  21.00-22.00  sec  59.3 MBytes   498 Mbits/sec  52810  
[  5]  22.00-23.00  sec  48.3 MBytes   405 Mbits/sec  42960  
[  5]  23.00-24.00  sec  54.4 MBytes   456 Mbits/sec  48400  
[  5]  24.00-25.00  sec  50.1 MBytes   421 Mbits/sec  44630  
[  5]  25.00-26.00  sec  54.5 MBytes   457 Mbits/sec  48540  
[  5]  26.00-27.00  sec  53.0 MBytes   445 Mbits/sec  47180  
[  5]  27.00-28.00  sec  58.1 MBytes   487 Mbits/sec  51680  
[  5]  28.00-29.00  sec  44.9 MBytes   377 Mbits/sec  39970  
[  5]  29.00-30.00  sec  50.4 MBytes   423 Mbits/sec  44840  
[  5]  30.00-31.00  sec  57.8 MBytes   485 Mbits/sec  51420  
[  5]  31.00-32.00  sec  51.5 MBytes   432 Mbits/sec  45800  
[  5]  32.00-33.00  sec  55.1 MBytes   462 Mbits/sec  49020  
[  5]  33.00-34.00  sec  55.9 MBytes   469 Mbits/sec  49790  
[  5]  34.00-35.00  sec  54.5 MBytes   457 Mbits/sec  48550  
[  5]  35.00-36.00  sec  55.2 MBytes   463 Mbits/sec  49100  
[  5]  36.00-37.00  sec  60.2 MBytes   505 Mbits/sec  53590  
[  5]  37.00-38.00  sec  60.9 MBytes   511 Mbits/sec  54200  
[  5]  38.00-39.00  sec  55.2 MBytes   463 Mbits/sec  49160  
[  5]  39.00-40.00  sec  58.4 MBytes   489 Mbits/sec  51940  
[  5]  40.00-41.00  sec  59.0 MBytes   495 Mbits/sec  52540  
[  5]  41.00-42.00  sec  56.8 MBytes   476 Mbits/sec  50520  
[  5]  42.00-43.00  sec  52.1 MBytes   437 Mbits/sec  46420  
[  5]  43.00-44.00  sec  45.0 MBytes   378 Mbits/sec  40060  
[  5]  44.00-45.00  sec  52.9 MBytes   444 Mbits/sec  47060  
[  5]  45.00-46.00  sec  52.8 MBytes   443 Mbits/sec  47040  
[  5]  46.00-47.00  sec  50.7 MBytes   425 Mbits/sec  45090  
[  5]  47.00-48.00  sec  53.8 MBytes   451 Mbits/sec  47870  
[  5]  48.00-49.00  sec  48.6 MBytes   408 Mbits/sec  43290  
[  5]  49.00-50.00  sec  45.3 MBytes   380 Mbits/sec  40350  
[  5]  50.00-51.00  sec  50.0 MBytes   419 Mbits/sec  44480  
[  5]  51.00-52.00  sec  53.6 MBytes   450 Mbits/sec  47740  
[  5]  52.00-53.00  sec  60.6 MBytes   509 Mbits/sec  53970  
[  5]  53.00-54.00  sec  48.4 MBytes   406 Mbits/sec  43060  
[  5]  54.00-55.00  sec  48.9 MBytes   410 Mbits/sec  43520  
[  5]  55.00-56.00  sec  42.3 MBytes   355 Mbits/sec  37620  
[  5]  56.00-57.00  sec  44.3 MBytes   371 Mbits/sec  39410  
[  5]  57.00-58.00  sec  42.3 MBytes   355 Mbits/sec  37620  
[  5]  58.00-59.00  sec  43.4 MBytes   364 Mbits/sec  38600  
[  5]  59.00-60.00  sec  61.8 MBytes   518 Mbits/sec  54990  
- - - - - - - - - - - - - - - - - - - - - - - - -
[ ID] Interval           Transfer     Bitrate         Jitter    Lost/Total Datagrams
[  5]   0.00-60.00  sec  3.15 GBytes   451 Mbits/sec  0.000 ms  0/2870120 (0%)  sender
[  5]   0.00-60.25  sec  2.01 GBytes   286 Mbits/sec  0.018 ms  1062250/2870104 (37%)  receiver

iperf Done.
