Connecting to host knb-server-4076464, port 5201
[  5] local 10.136.173.97 port 41417 connected to 10.43.225.249 port 5201
[ ID] Interval           Transfer     Bitrate         Total Datagrams
[  5]   0.00-1.00   sec  71.6 MBytes   601 Mbits/sec  63760  (omitted)
[  5]   0.00-1.00   sec  72.9 MBytes   612 Mbits/sec  64900  
[  5]   1.00-2.00   sec  72.6 MBytes   609 Mbits/sec  64590  
[  5]   2.00-3.00   sec  65.6 MBytes   550 Mbits/sec  58390  
[  5]   3.00-4.00   sec  72.8 MBytes   611 Mbits/sec  64840  
[  5]   4.00-5.00   sec  68.6 MBytes   575 Mbits/sec  61050  
[  5]   5.00-6.00   sec  67.5 MBytes   566 Mbits/sec  60110  
[  5]   6.00-7.00   sec  64.3 MBytes   540 Mbits/sec  57260  
[  5]   7.00-8.00   sec  69.6 MBytes   584 Mbits/sec  61960  
[  5]   8.00-9.00   sec  70.8 MBytes   594 Mbits/sec  62980  
[  5]   9.00-10.00  sec  73.4 MBytes   615 Mbits/sec  65300  
[  5]  10.00-11.00  sec  62.9 MBytes   528 Mbits/sec  56030  
[  5]  11.00-12.00  sec  71.8 MBytes   602 Mbits/sec  63900  
[  5]  12.00-13.00  sec  69.3 MBytes   581 Mbits/sec  61650  
[  5]  13.00-14.00  sec  73.1 MBytes   613 Mbits/sec  65050  
[  5]  14.00-15.00  sec  72.6 MBytes   609 Mbits/sec  64660  
[  5]  15.00-16.00  sec  73.5 MBytes   616 Mbits/sec  65400  
[  5]  16.00-17.00  sec  73.5 MBytes   616 Mbits/sec  65410  
[  5]  17.00-18.00  sec  73.4 MBytes   616 Mbits/sec  65350  
[  5]  18.00-19.00  sec  72.1 MBytes   605 Mbits/sec  64190  
[  5]  19.00-20.00  sec  72.7 MBytes   610 Mbits/sec  64700  
[  5]  20.00-21.00  sec  73.8 MBytes   619 Mbits/sec  65670  
[  5]  21.00-22.00  sec  73.8 MBytes   619 Mbits/sec  65720  
[  5]  22.00-23.00  sec  73.8 MBytes   619 Mbits/sec  65690  
[  5]  23.00-24.00  sec  64.3 MBytes   539 Mbits/sec  57200  
[  5]  24.00-25.00  sec  73.3 MBytes   615 Mbits/sec  65240  
[  5]  25.00-26.00  sec  60.4 MBytes   507 Mbits/sec  53790  
[  5]  26.00-27.00  sec  54.0 MBytes   453 Mbits/sec  48110  
[  5]  27.00-28.00  sec  54.6 MBytes   458 Mbits/sec  48620  
[  5]  28.00-29.00  sec  56.3 MBytes   472 Mbits/sec  50120  
[  5]  29.00-30.00  sec  66.0 MBytes   554 Mbits/sec  58750  
[  5]  30.00-31.00  sec  55.4 MBytes   464 Mbits/sec  49270  
[  5]  31.00-32.00  sec  54.8 MBytes   459 Mbits/sec  48740  
[  5]  32.00-33.00  sec  61.8 MBytes   518 Mbits/sec  55010  
[  5]  33.00-34.00  sec  72.9 MBytes   612 Mbits/sec  64910  
[  5]  34.00-35.00  sec  74.2 MBytes   622 Mbits/sec  66030  
[  5]  35.00-36.00  sec  72.5 MBytes   608 Mbits/sec  64530  
[  5]  36.00-37.00  sec  72.3 MBytes   607 Mbits/sec  64370  
[  5]  37.00-38.00  sec  72.6 MBytes   609 Mbits/sec  64610  
[  5]  38.00-39.00  sec  69.7 MBytes   585 Mbits/sec  62040  
[  5]  39.00-40.00  sec  73.1 MBytes   614 Mbits/sec  65100  
[  5]  40.00-41.00  sec  67.7 MBytes   568 Mbits/sec  60220  
[  5]  41.00-42.00  sec  75.1 MBytes   630 Mbits/sec  66830  
[  5]  42.00-43.00  sec  71.7 MBytes   601 Mbits/sec  63790  
[  5]  43.00-44.00  sec  74.2 MBytes   622 Mbits/sec  66010  
[  5]  44.00-45.00  sec  73.1 MBytes   613 Mbits/sec  65080  
[  5]  45.00-46.00  sec  73.1 MBytes   613 Mbits/sec  65080  
[  5]  46.00-47.00  sec  72.9 MBytes   612 Mbits/sec  64890  
[  5]  47.00-48.00  sec  73.1 MBytes   613 Mbits/sec  65070  
[  5]  48.00-49.00  sec  71.7 MBytes   601 Mbits/sec  63820  
[  5]  49.00-50.00  sec  73.2 MBytes   614 Mbits/sec  65130  
[  5]  50.00-51.00  sec  73.9 MBytes   620 Mbits/sec  65760  
[  5]  51.00-52.00  sec  75.7 MBytes   635 Mbits/sec  67350  
[  5]  52.00-53.00  sec  74.1 MBytes   622 Mbits/sec  66000  
[  5]  53.00-54.00  sec  75.5 MBytes   634 Mbits/sec  67220  
[  5]  54.00-55.00  sec  72.6 MBytes   609 Mbits/sec  64660  
[  5]  55.00-56.00  sec  74.2 MBytes   623 Mbits/sec  66090  
[  5]  56.00-57.00  sec  72.7 MBytes   610 Mbits/sec  64700  
[  5]  57.00-58.00  sec  71.3 MBytes   598 Mbits/sec  63480  
[  5]  58.00-59.00  sec  69.6 MBytes   584 Mbits/sec  61990  
[  5]  59.00-60.00  sec  72.6 MBytes   609 Mbits/sec  64650  
- - - - - - - - - - - - - - - - - - - - - - - - -
[ ID] Interval           Transfer     Bitrate         Jitter    Lost/Total Datagrams
[  5]   0.00-60.00  sec  4.10 GBytes   587 Mbits/sec  0.000 ms  0/3739060 (0%)  sender
[  5]   0.00-60.26  sec  1.17 GBytes   167 Mbits/sec  0.125 ms  2708335/3734191 (73%)  receiver

iperf Done.
