Connecting to host 10.136.80.166, port 5201
[  5] local 10.136.173.102 port 54700 connected to 10.136.80.166 port 5201
[ ID] Interval           Transfer     Bitrate         Total Datagrams
[  5]   0.00-1.00   sec  54.1 MBytes   454 Mbits/sec  48190  (omitted)
[  5]   0.00-1.00   sec  64.2 MBytes   539 Mbits/sec  57190  
[  5]   1.00-2.00   sec  54.2 MBytes   455 Mbits/sec  48240  
[  5]   2.00-3.00   sec  62.9 MBytes   527 Mbits/sec  55960  
[  5]   3.00-4.00   sec  53.2 MBytes   446 Mbits/sec  47380  
[  5]   4.00-5.00   sec  53.7 MBytes   451 Mbits/sec  47820  
[  5]   5.00-6.00   sec  50.6 MBytes   424 Mbits/sec  45030  
[  5]   6.00-7.00   sec  54.4 MBytes   456 Mbits/sec  48390  
[  5]   7.00-8.00   sec  56.8 MBytes   477 Mbits/sec  50600  
[  5]   8.00-9.00   sec  53.7 MBytes   451 Mbits/sec  47830  
[  5]   9.00-10.00  sec  56.7 MBytes   476 Mbits/sec  50510  
[  5]  10.00-11.00  sec  58.9 MBytes   494 Mbits/sec  52420  
[  5]  11.00-12.00  sec  57.1 MBytes   479 Mbits/sec  50820  
[  5]  12.00-13.00  sec  55.1 MBytes   463 Mbits/sec  49090  
[  5]  13.00-14.00  sec  56.9 MBytes   477 Mbits/sec  50670  
[  5]  14.00-15.00  sec  57.1 MBytes   479 Mbits/sec  50810  
[  5]  15.00-16.00  sec  58.6 MBytes   492 Mbits/sec  52160  
[  5]  16.00-17.00  sec  46.2 MBytes   387 Mbits/sec  41100  
[  5]  17.00-18.00  sec  64.2 MBytes   539 Mbits/sec  57160  
[  5]  18.00-19.00  sec  56.7 MBytes   476 Mbits/sec  50480  
[  5]  19.00-20.00  sec  54.8 MBytes   460 Mbits/sec  48820  
[  5]  20.00-21.00  sec  59.6 MBytes   500 Mbits/sec  53020  
[  5]  21.00-22.00  sec  52.0 MBytes   436 Mbits/sec  46290  
[  5]  22.00-23.00  sec  50.6 MBytes   425 Mbits/sec  45060  
[  5]  23.00-24.00  sec  55.4 MBytes   464 Mbits/sec  49280  
[  5]  24.00-25.00  sec  56.1 MBytes   471 Mbits/sec  49950  
[  5]  25.00-26.00  sec  62.2 MBytes   522 Mbits/sec  55390  
[  5]  26.00-27.00  sec  57.2 MBytes   479 Mbits/sec  50880  
[  5]  27.00-28.00  sec  54.4 MBytes   457 Mbits/sec  48450  
[  5]  28.00-29.00  sec  50.6 MBytes   425 Mbits/sec  45050  
[  5]  29.00-30.00  sec  55.8 MBytes   468 Mbits/sec  49680  
[  5]  30.00-31.00  sec  59.0 MBytes   495 Mbits/sec  52500  
[  5]  31.00-32.00  sec  44.9 MBytes   376 Mbits/sec  39950  
[  5]  32.00-33.00  sec  57.9 MBytes   486 Mbits/sec  51570  
[  5]  33.00-34.00  sec  55.9 MBytes   469 Mbits/sec  49790  
[  5]  34.00-35.00  sec  51.1 MBytes   428 Mbits/sec  45470  
[  5]  35.00-36.00  sec  60.4 MBytes   507 Mbits/sec  53740  
[  5]  36.00-37.00  sec  57.2 MBytes   480 Mbits/sec  50910  
[  5]  37.00-38.00  sec  51.1 MBytes   429 Mbits/sec  45490  
[  5]  38.00-39.00  sec  60.6 MBytes   509 Mbits/sec  53980  
[  5]  39.00-40.00  sec  59.9 MBytes   503 Mbits/sec  53340  
[  5]  40.00-41.00  sec  48.8 MBytes   409 Mbits/sec  43410  
[  5]  41.00-42.00  sec  43.0 MBytes   361 Mbits/sec  38260  
[  5]  42.00-43.00  sec  56.0 MBytes   470 Mbits/sec  49890  
[  5]  43.00-44.00  sec  57.9 MBytes   486 Mbits/sec  51570  
[  5]  44.00-45.00  sec  60.6 MBytes   509 Mbits/sec  53960  
[  5]  45.00-46.00  sec  51.1 MBytes   429 Mbits/sec  45490  
[  5]  46.00-47.00  sec  58.0 MBytes   487 Mbits/sec  51630  
[  5]  47.00-48.00  sec  64.1 MBytes   538 Mbits/sec  57100  
[  5]  48.00-49.00  sec  51.4 MBytes   431 Mbits/sec  45750  
[  5]  49.00-50.00  sec  54.2 MBytes   455 Mbits/sec  48270  
[  5]  50.00-51.00  sec  52.8 MBytes   443 Mbits/sec  47030  
[  5]  51.00-52.00  sec  52.8 MBytes   443 Mbits/sec  47000  
[  5]  52.00-53.00  sec  53.6 MBytes   450 Mbits/sec  47740  
[  5]  53.00-54.00  sec  54.9 MBytes   461 Mbits/sec  48900  
[  5]  54.00-55.00  sec  53.6 MBytes   450 Mbits/sec  47740  
[  5]  55.00-56.00  sec  52.4 MBytes   440 Mbits/sec  46660  
[  5]  56.00-57.00  sec  43.5 MBytes   365 Mbits/sec  38750  
[  5]  57.00-58.00  sec  55.7 MBytes   467 Mbits/sec  49560  
[  5]  58.00-59.00  sec  58.7 MBytes   492 Mbits/sec  52250  
[  5]  59.00-60.00  sec  46.1 MBytes   387 Mbits/sec  41060  
- - - - - - - - - - - - - - - - - - - - - - - - -
[ ID] Interval           Transfer     Bitrate         Jitter    Lost/Total Datagrams
[  5]   0.00-60.00  sec  3.23 GBytes   462 Mbits/sec  0.000 ms  0/2944290 (0%)  sender
[  5]   0.00-60.05  sec  2.04 GBytes   292 Mbits/sec  0.021 ms  1101825/2944290 (37%)  receiver

iperf Done.
