Connecting to host knb-server-706314, port 5201
[  5] local 10.136.173.121 port 49287 connected to 10.43.16.131 port 5201
[ ID] Interval           Transfer     Bitrate         Total Datagrams
[  5]   0.00-1.00   sec  39.9 MBytes   334 Mbits/sec  35490  (omitted)
[  5]   0.00-1.00   sec  55.8 MBytes   468 Mbits/sec  49690  
[  5]   1.00-2.00   sec  56.6 MBytes   474 Mbits/sec  50350  
[  5]   2.00-3.00   sec  57.9 MBytes   486 Mbits/sec  51570  
[  5]   3.00-4.00   sec  55.2 MBytes   463 Mbits/sec  49170  
[  5]   4.00-5.00   sec  56.3 MBytes   472 Mbits/sec  50100  
[  5]   5.00-6.00   sec  54.8 MBytes   460 Mbits/sec  48820  
[  5]   6.00-7.00   sec  54.7 MBytes   459 Mbits/sec  48700  
[  5]   7.00-8.00   sec  58.1 MBytes   488 Mbits/sec  51730  
[  5]   8.00-9.00   sec  55.8 MBytes   468 Mbits/sec  49640  
[  5]   9.00-10.00  sec  53.5 MBytes   449 Mbits/sec  47620  
[  5]  10.00-11.00  sec  56.2 MBytes   471 Mbits/sec  50000  
[  5]  11.00-12.00  sec  52.8 MBytes   443 Mbits/sec  47010  
[  5]  12.00-13.00  sec  56.3 MBytes   472 Mbits/sec  50080  
[  5]  13.00-14.00  sec  54.6 MBytes   458 Mbits/sec  48560  
[  5]  14.00-15.00  sec  52.8 MBytes   443 Mbits/sec  46970  
[  5]  15.00-16.00  sec  53.5 MBytes   449 Mbits/sec  47660  
[  5]  16.00-17.00  sec  52.6 MBytes   441 Mbits/sec  46800  
[  5]  17.00-18.00  sec  53.8 MBytes   451 Mbits/sec  47890  
[  5]  18.00-19.00  sec  56.1 MBytes   471 Mbits/sec  49940  
[  5]  19.00-20.00  sec  51.2 MBytes   430 Mbits/sec  45580  
[  5]  20.00-21.00  sec  53.3 MBytes   447 Mbits/sec  47410  
[  5]  21.00-22.00  sec  57.6 MBytes   483 Mbits/sec  51250  
[  5]  22.00-23.00  sec  53.7 MBytes   450 Mbits/sec  47800  
[  5]  23.00-24.00  sec  57.1 MBytes   479 Mbits/sec  50790  
[  5]  24.00-25.00  sec  54.6 MBytes   458 Mbits/sec  48640  
[  5]  25.00-26.00  sec  52.9 MBytes   444 Mbits/sec  47070  
[  5]  26.00-27.00  sec  58.0 MBytes   487 Mbits/sec  51660  
[  5]  27.00-28.00  sec  54.1 MBytes   454 Mbits/sec  48130  
[  5]  28.00-29.00  sec  54.7 MBytes   459 Mbits/sec  48670  
[  5]  29.00-30.00  sec  53.0 MBytes   445 Mbits/sec  47200  
[  5]  30.00-31.00  sec  53.5 MBytes   449 Mbits/sec  47620  
[  5]  31.00-32.00  sec  55.0 MBytes   461 Mbits/sec  48920  
[  5]  32.00-33.00  sec  56.2 MBytes   471 Mbits/sec  50030  
[  5]  33.00-34.00  sec  54.6 MBytes   458 Mbits/sec  48610  
[  5]  34.00-35.00  sec  54.2 MBytes   455 Mbits/sec  48260  
[  5]  35.00-36.00  sec  56.5 MBytes   474 Mbits/sec  50270  
[  5]  36.00-37.00  sec  54.2 MBytes   454 Mbits/sec  48210  
[  5]  37.00-38.00  sec  54.1 MBytes   454 Mbits/sec  48180  
[  5]  38.00-39.00  sec  54.5 MBytes   458 Mbits/sec  48550  
[  5]  39.00-40.00  sec  53.9 MBytes   452 Mbits/sec  47950  
[  5]  40.00-41.00  sec  56.4 MBytes   473 Mbits/sec  50240  
[  5]  41.00-42.00  sec  53.9 MBytes   453 Mbits/sec  48020  
[  5]  42.00-43.00  sec  54.0 MBytes   453 Mbits/sec  48090  
[  5]  43.00-44.00  sec  53.2 MBytes   446 Mbits/sec  47370  
[  5]  44.00-45.00  sec  56.7 MBytes   475 Mbits/sec  50450  
[  5]  45.00-46.00  sec  54.0 MBytes   453 Mbits/sec  48090  
[  5]  46.00-47.00  sec  49.5 MBytes   416 Mbits/sec  44100  
[  5]  47.00-48.00  sec  52.6 MBytes   442 Mbits/sec  46860  
[  5]  48.00-49.00  sec  52.4 MBytes   440 Mbits/sec  46680  
[  5]  49.00-50.00  sec  51.3 MBytes   430 Mbits/sec  45630  
[  5]  50.00-51.00  sec  53.0 MBytes   445 Mbits/sec  47200  
[  5]  51.00-52.00  sec  52.7 MBytes   442 Mbits/sec  46930  
[  5]  52.00-53.00  sec  54.4 MBytes   456 Mbits/sec  48380  
[  5]  53.00-54.00  sec  57.6 MBytes   483 Mbits/sec  51230  
[  5]  54.00-55.00  sec  55.1 MBytes   462 Mbits/sec  49030  
[  5]  55.00-56.00  sec  58.6 MBytes   491 Mbits/sec  52130  
[  5]  56.00-57.00  sec  58.1 MBytes   487 Mbits/sec  51680  
[  5]  57.00-58.00  sec  56.7 MBytes   476 Mbits/sec  50510  
[  5]  58.00-59.00  sec  54.3 MBytes   455 Mbits/sec  48320  
[  5]  59.00-60.00  sec  53.1 MBytes   446 Mbits/sec  47270  
- - - - - - - - - - - - - - - - - - - - - - - - -
[ ID] Interval           Transfer     Bitrate         Jitter    Lost/Total Datagrams
[  5]   0.00-60.00  sec  3.20 GBytes   459 Mbits/sec  0.000 ms  0/2921310 (0%)  sender
[  5]   0.00-60.94  sec   282 MBytes  38.8 Mbits/sec  0.023 ms  2691878/2907723 (93%)  receiver

iperf Done.
