Connecting to host 10.136.80.179, port 5201
[  5] local 10.136.173.125 port 51321 connected to 10.136.80.179 port 5201
[ ID] Interval           Transfer     Bitrate         Total Datagrams
[  5]   0.00-1.00   sec  56.4 MBytes   473 Mbits/sec  50220  (omitted)
[  5]   0.00-1.00   sec  54.6 MBytes   458 Mbits/sec  48560  
[  5]   1.00-2.00   sec  55.0 MBytes   462 Mbits/sec  48990  
[  5]   2.00-3.00   sec  54.8 MBytes   460 Mbits/sec  48770  
[  5]   3.00-4.00   sec  55.6 MBytes   466 Mbits/sec  49480  
[  5]   4.00-5.00   sec  56.6 MBytes   475 Mbits/sec  50360  
[  5]   5.00-6.00   sec  55.5 MBytes   466 Mbits/sec  49430  
[  5]   6.00-7.00   sec  54.5 MBytes   457 Mbits/sec  48530  
[  5]   7.00-8.00   sec  54.3 MBytes   455 Mbits/sec  48310  
[  5]   8.00-9.00   sec  53.6 MBytes   450 Mbits/sec  47740  
[  5]   9.00-10.00  sec  52.8 MBytes   443 Mbits/sec  47030  
[  5]  10.00-11.00  sec  55.9 MBytes   469 Mbits/sec  49740  
[  5]  11.00-12.00  sec  56.7 MBytes   476 Mbits/sec  50510  
[  5]  12.00-13.00  sec  57.6 MBytes   484 Mbits/sec  51310  
[  5]  13.00-14.00  sec  55.8 MBytes   468 Mbits/sec  49660  
[  5]  14.00-15.00  sec  61.3 MBytes   514 Mbits/sec  54570  
[  5]  15.00-16.00  sec  56.6 MBytes   475 Mbits/sec  50400  
[  5]  16.00-17.00  sec  56.3 MBytes   472 Mbits/sec  50120  
[  5]  17.00-18.00  sec  54.8 MBytes   460 Mbits/sec  48820  
[  5]  18.00-19.00  sec  55.4 MBytes   465 Mbits/sec  49310  
[  5]  19.00-20.00  sec  53.6 MBytes   450 Mbits/sec  47730  
[  5]  20.00-21.00  sec  48.9 MBytes   410 Mbits/sec  43500  
[  5]  21.00-22.00  sec  48.9 MBytes   410 Mbits/sec  43530  
[  5]  22.00-23.00  sec  57.3 MBytes   481 Mbits/sec  51040  
[  5]  23.00-24.00  sec  58.6 MBytes   491 Mbits/sec  52130  
[  5]  24.00-25.00  sec  58.1 MBytes   487 Mbits/sec  51710  
[  5]  25.00-26.00  sec  53.8 MBytes   451 Mbits/sec  47910  
[  5]  26.00-27.00  sec  55.2 MBytes   463 Mbits/sec  49120  
[  5]  27.00-28.00  sec  55.9 MBytes   469 Mbits/sec  49760  
[  5]  28.00-29.00  sec  54.2 MBytes   455 Mbits/sec  48230  
[  5]  29.00-30.00  sec  54.6 MBytes   458 Mbits/sec  48610  
[  5]  30.00-31.00  sec  54.3 MBytes   455 Mbits/sec  48330  
[  5]  31.00-32.00  sec  56.7 MBytes   476 Mbits/sec  50460  
[  5]  32.00-33.00  sec  54.5 MBytes   457 Mbits/sec  48530  
[  5]  33.00-34.00  sec  55.8 MBytes   469 Mbits/sec  49710  
[  5]  34.00-35.00  sec  57.3 MBytes   481 Mbits/sec  51010  
[  5]  35.00-36.00  sec  53.7 MBytes   450 Mbits/sec  47780  
[  5]  36.00-37.00  sec  51.8 MBytes   435 Mbits/sec  46110  
[  5]  37.00-38.00  sec  53.0 MBytes   445 Mbits/sec  47180  
[  5]  38.00-39.00  sec  51.4 MBytes   432 Mbits/sec  45790  
[  5]  39.00-40.00  sec  53.1 MBytes   445 Mbits/sec  47240  
[  5]  40.00-41.00  sec  54.5 MBytes   457 Mbits/sec  48490  
[  5]  41.00-42.00  sec  51.4 MBytes   431 Mbits/sec  45780  
[  5]  42.00-43.00  sec  54.7 MBytes   459 Mbits/sec  48680  
[  5]  43.00-44.00  sec  52.9 MBytes   444 Mbits/sec  47090  
[  5]  44.00-45.00  sec  54.8 MBytes   460 Mbits/sec  48820  
[  5]  45.00-46.00  sec  54.9 MBytes   461 Mbits/sec  48900  
[  5]  46.00-47.00  sec  58.5 MBytes   490 Mbits/sec  52030  
[  5]  47.00-48.00  sec  57.0 MBytes   478 Mbits/sec  50740  
[  5]  48.00-49.00  sec  54.3 MBytes   456 Mbits/sec  48370  
[  5]  49.00-50.00  sec  54.4 MBytes   457 Mbits/sec  48460  
[  5]  50.00-51.00  sec  55.7 MBytes   467 Mbits/sec  49570  
[  5]  51.00-52.00  sec  57.4 MBytes   482 Mbits/sec  51120  
[  5]  52.00-53.00  sec  56.0 MBytes   469 Mbits/sec  49810  
[  5]  53.00-54.00  sec  53.8 MBytes   451 Mbits/sec  47860  
[  5]  54.00-55.00  sec  53.9 MBytes   452 Mbits/sec  47970  
[  5]  55.00-56.00  sec  58.7 MBytes   493 Mbits/sec  52280  
[  5]  56.00-57.00  sec  54.2 MBytes   454 Mbits/sec  48220  
[  5]  57.00-58.00  sec  52.8 MBytes   443 Mbits/sec  47000  
[  5]  58.00-59.00  sec  50.3 MBytes   422 Mbits/sec  44790  
[  5]  59.00-60.00  sec  52.7 MBytes   442 Mbits/sec  46880  
- - - - - - - - - - - - - - - - - - - - - - - - -
[ ID] Interval           Transfer     Bitrate         Jitter    Lost/Total Datagrams
[  5]   0.00-60.00  sec  3.21 GBytes   460 Mbits/sec  0.000 ms  0/2929910 (0%)  sender
[  5]   0.00-60.98  sec   279 MBytes  38.4 Mbits/sec  0.027 ms  2725249/2924346 (93%)  receiver

iperf Done.
