Connecting to host knb-server-349848, port 5201
[  5] local 10.136.173.127 port 44686 connected to 10.43.43.139 port 5201
[ ID] Interval           Transfer     Bitrate         Total Datagrams
[  5]   0.00-1.00   sec  67.9 MBytes   570 Mbits/sec  60440  (omitted)
[  5]   0.00-1.00   sec  74.1 MBytes   622 Mbits/sec  65960  
[  5]   1.00-2.00   sec  72.9 MBytes   612 Mbits/sec  64930  
[  5]   2.00-3.00   sec  75.7 MBytes   635 Mbits/sec  67410  
[  5]   3.00-4.00   sec  75.7 MBytes   635 Mbits/sec  67350  
[  5]   4.00-5.00   sec  76.4 MBytes   641 Mbits/sec  68030  
[  5]   5.00-6.00   sec  73.8 MBytes   619 Mbits/sec  65720  
[  5]   6.00-7.00   sec  69.1 MBytes   579 Mbits/sec  61490  
[  5]   7.00-8.00   sec  74.1 MBytes   622 Mbits/sec  66000  
[  5]   8.00-9.00   sec  74.1 MBytes   621 Mbits/sec  65940  
[  5]   9.00-10.00  sec  75.1 MBytes   630 Mbits/sec  66820  
[  5]  10.00-11.00  sec  75.5 MBytes   633 Mbits/sec  67190  
[  5]  11.00-12.00  sec  72.6 MBytes   609 Mbits/sec  64600  
[  5]  12.00-13.00  sec  66.1 MBytes   554 Mbits/sec  58820  
[  5]  13.00-14.00  sec  58.3 MBytes   489 Mbits/sec  51910  
[  5]  14.00-15.00  sec  74.9 MBytes   628 Mbits/sec  66630  
[  5]  15.00-16.00  sec  76.4 MBytes   641 Mbits/sec  67970  
[  5]  16.00-17.00  sec  76.7 MBytes   643 Mbits/sec  68260  
[  5]  17.00-18.00  sec  73.8 MBytes   619 Mbits/sec  65690  
[  5]  18.00-19.00  sec  73.5 MBytes   616 Mbits/sec  65400  
[  5]  19.00-20.00  sec  74.0 MBytes   621 Mbits/sec  65890  
[  5]  20.00-21.00  sec  74.3 MBytes   623 Mbits/sec  66140  
[  5]  21.00-22.00  sec  73.9 MBytes   620 Mbits/sec  65750  
[  5]  22.00-23.00  sec  68.7 MBytes   576 Mbits/sec  61110  
[  5]  23.00-24.00  sec  55.9 MBytes   469 Mbits/sec  49750  
[  5]  24.00-25.00  sec  59.3 MBytes   497 Mbits/sec  52760  
[  5]  25.00-26.00  sec  55.7 MBytes   467 Mbits/sec  49550  
[  5]  26.00-27.00  sec  54.6 MBytes   458 Mbits/sec  48620  
[  5]  27.00-28.00  sec  54.1 MBytes   454 Mbits/sec  48200  
[  5]  28.00-29.00  sec  54.2 MBytes   455 Mbits/sec  48250  
[  5]  29.00-30.00  sec  71.9 MBytes   603 Mbits/sec  64030  
[  5]  30.00-31.00  sec  74.6 MBytes   626 Mbits/sec  66400  
[  5]  31.00-32.00  sec  74.2 MBytes   622 Mbits/sec  66030  
[  5]  32.00-33.00  sec  74.8 MBytes   628 Mbits/sec  66600  
[  5]  33.00-34.00  sec  74.6 MBytes   626 Mbits/sec  66400  
[  5]  34.00-35.00  sec  67.0 MBytes   562 Mbits/sec  59650  
[  5]  35.00-36.00  sec  75.1 MBytes   630 Mbits/sec  66850  
[  5]  36.00-37.00  sec  69.1 MBytes   580 Mbits/sec  61540  
[  5]  37.00-38.00  sec  53.8 MBytes   452 Mbits/sec  47920  
[  5]  38.00-39.00  sec  54.3 MBytes   456 Mbits/sec  48370  
[  5]  39.00-40.00  sec  53.9 MBytes   452 Mbits/sec  47950  
[  5]  40.00-41.00  sec  53.7 MBytes   451 Mbits/sec  47830  
[  5]  41.00-42.00  sec  56.7 MBytes   476 Mbits/sec  50480  
[  5]  42.00-43.00  sec  73.8 MBytes   619 Mbits/sec  65720  
[  5]  43.00-44.00  sec  74.5 MBytes   625 Mbits/sec  66280  
[  5]  44.00-45.00  sec  73.2 MBytes   614 Mbits/sec  65180  
[  5]  45.00-46.00  sec  74.2 MBytes   622 Mbits/sec  66010  
[  5]  46.00-47.00  sec  73.3 MBytes   615 Mbits/sec  65230  
[  5]  47.00-48.00  sec  73.8 MBytes   619 Mbits/sec  65700  
[  5]  48.00-49.00  sec  74.6 MBytes   625 Mbits/sec  66370  
[  5]  49.00-50.00  sec  75.0 MBytes   629 Mbits/sec  66770  
[  5]  50.00-51.00  sec  76.3 MBytes   640 Mbits/sec  67920  
[  5]  51.00-52.00  sec  70.8 MBytes   594 Mbits/sec  63040  
[  5]  52.00-53.00  sec  75.1 MBytes   630 Mbits/sec  66870  
[  5]  53.00-54.00  sec  74.6 MBytes   625 Mbits/sec  66360  
[  5]  54.00-55.00  sec  73.7 MBytes   618 Mbits/sec  65620  
[  5]  55.00-56.00  sec  72.9 MBytes   612 Mbits/sec  64930  
[  5]  56.00-57.00  sec  72.7 MBytes   609 Mbits/sec  64670  
[  5]  57.00-58.00  sec  74.1 MBytes   621 Mbits/sec  65940  
[  5]  58.00-59.00  sec  73.6 MBytes   617 Mbits/sec  65490  
[  5]  59.00-60.00  sec  72.9 MBytes   612 Mbits/sec  64910  
- - - - - - - - - - - - - - - - - - - - - - - - -
[ ID] Interval           Transfer     Bitrate         Jitter    Lost/Total Datagrams
[  5]   0.00-60.00  sec  4.10 GBytes   587 Mbits/sec  0.000 ms  0/3735200 (0%)  sender
[  5]   0.00-60.26  sec  1.78 GBytes   254 Mbits/sec  0.007 ms  2141769/3734403 (57%)  receiver

iperf Done.
