Connecting to host 10.136.80.163, port 5201
[  5] local 10.136.173.71 port 53217 connected to 10.136.80.163 port 5201
[ ID] Interval           Transfer     Bitrate         Total Datagrams
[  5]   0.00-1.00   sec  74.4 MBytes   624 Mbits/sec  66210  (omitted)
[  5]   0.00-1.00   sec  75.6 MBytes   634 Mbits/sec  67300  
[  5]   1.00-2.00   sec  74.6 MBytes   625 Mbits/sec  66360  
[  5]   2.00-3.00   sec  70.2 MBytes   589 Mbits/sec  62460  
[  5]   3.00-4.00   sec  75.1 MBytes   630 Mbits/sec  66880  
[  5]   4.00-5.00   sec  73.4 MBytes   615 Mbits/sec  65300  
[  5]   5.00-6.00   sec  75.1 MBytes   630 Mbits/sec  66820  
[  5]   6.00-7.00   sec  75.6 MBytes   634 Mbits/sec  67320  
[  5]   7.00-8.00   sec  76.1 MBytes   638 Mbits/sec  67700  
[  5]   8.00-9.00   sec  75.7 MBytes   635 Mbits/sec  67420  
[  5]   9.00-10.00  sec  76.2 MBytes   640 Mbits/sec  67860  
[  5]  10.00-11.00  sec  75.7 MBytes   635 Mbits/sec  67400  
[  5]  11.00-12.00  sec  75.8 MBytes   636 Mbits/sec  67510  
[  5]  12.00-13.00  sec  59.5 MBytes   499 Mbits/sec  52990  
[  5]  13.00-14.00  sec  56.9 MBytes   477 Mbits/sec  50650  
[  5]  14.00-15.00  sec  58.8 MBytes   493 Mbits/sec  52330  
[  5]  15.00-16.00  sec  56.3 MBytes   472 Mbits/sec  50120  
[  5]  16.00-17.00  sec  71.1 MBytes   597 Mbits/sec  63330  
[  5]  17.00-18.00  sec  74.9 MBytes   628 Mbits/sec  66640  
[  5]  18.00-19.00  sec  75.8 MBytes   636 Mbits/sec  67460  
[  5]  19.00-20.00  sec  79.5 MBytes   667 Mbits/sec  70770  
[  5]  20.00-21.00  sec  74.6 MBytes   626 Mbits/sec  66390  
[  5]  21.00-22.00  sec  74.0 MBytes   621 Mbits/sec  65910  
[  5]  22.00-23.00  sec  73.8 MBytes   619 Mbits/sec  65660  
[  5]  23.00-24.00  sec  73.4 MBytes   616 Mbits/sec  65340  
[  5]  24.00-25.00  sec  75.5 MBytes   633 Mbits/sec  67200  
[  5]  25.00-26.00  sec  75.2 MBytes   631 Mbits/sec  66930  
[  5]  26.00-27.00  sec  65.5 MBytes   550 Mbits/sec  58320  
[  5]  27.00-28.00  sec  75.8 MBytes   636 Mbits/sec  67460  
[  5]  28.00-29.00  sec  64.9 MBytes   545 Mbits/sec  57780  
[  5]  29.00-30.00  sec  74.8 MBytes   628 Mbits/sec  66600  
[  5]  30.00-31.00  sec  74.3 MBytes   623 Mbits/sec  66120  
[  5]  31.00-32.00  sec  73.5 MBytes   616 Mbits/sec  65410  
[  5]  32.00-33.00  sec  70.7 MBytes   593 Mbits/sec  62900  
[  5]  33.00-34.00  sec  74.6 MBytes   626 Mbits/sec  66370  
[  5]  34.00-35.00  sec  60.2 MBytes   505 Mbits/sec  53630  
[  5]  35.00-36.00  sec  62.4 MBytes   524 Mbits/sec  55560  
[  5]  36.00-37.00  sec  75.5 MBytes   633 Mbits/sec  67200  
[  5]  37.00-38.00  sec  71.5 MBytes   600 Mbits/sec  63630  
[  5]  38.00-39.00  sec  73.7 MBytes   618 Mbits/sec  65600  
[  5]  39.00-40.00  sec  73.9 MBytes   620 Mbits/sec  65810  
[  5]  40.00-41.00  sec  73.7 MBytes   618 Mbits/sec  65600  
[  5]  41.00-42.00  sec  73.7 MBytes   618 Mbits/sec  65630  
[  5]  42.00-43.00  sec  70.5 MBytes   592 Mbits/sec  62780  
[  5]  43.00-44.00  sec  53.9 MBytes   452 Mbits/sec  47940  
[  5]  44.00-45.00  sec  54.0 MBytes   453 Mbits/sec  48060  
[  5]  45.00-46.00  sec  57.5 MBytes   483 Mbits/sec  51220  
[  5]  46.00-47.00  sec  74.3 MBytes   623 Mbits/sec  66120  
[  5]  47.00-48.00  sec  67.4 MBytes   565 Mbits/sec  59960  
[  5]  48.00-49.00  sec  55.8 MBytes   468 Mbits/sec  49630  
[  5]  49.00-50.00  sec  68.2 MBytes   572 Mbits/sec  60740  
[  5]  50.00-51.00  sec  71.3 MBytes   598 Mbits/sec  63480  
[  5]  51.00-52.00  sec  54.6 MBytes   458 Mbits/sec  48570  
[  5]  52.00-53.00  sec  66.9 MBytes   561 Mbits/sec  59560  
[  5]  53.00-54.00  sec  74.6 MBytes   626 Mbits/sec  66430  
[  5]  54.00-55.00  sec  74.4 MBytes   624 Mbits/sec  66210  
[  5]  55.00-56.00  sec  74.0 MBytes   621 Mbits/sec  65900  
[  5]  56.00-57.00  sec  69.5 MBytes   583 Mbits/sec  61870  
[  5]  57.00-58.00  sec  75.4 MBytes   632 Mbits/sec  67100  
[  5]  58.00-59.00  sec  74.2 MBytes   623 Mbits/sec  66070  
[  5]  59.00-60.00  sec  74.5 MBytes   625 Mbits/sec  66340  
- - - - - - - - - - - - - - - - - - - - - - - - -
[ ID] Interval           Transfer     Bitrate         Jitter    Lost/Total Datagrams
[  5]   0.00-60.00  sec  4.13 GBytes   591 Mbits/sec  0.000 ms  0/3763650 (0%)  sender
[  5]   0.00-60.09  sec  1.66 GBytes   237 Mbits/sec  0.052 ms  2298123/3763650 (61%)  receiver

iperf Done.
