Connecting to host 10.136.80.185, port 5201
[  5] local 10.136.173.119 port 36042 connected to 10.136.80.185 port 5201
[ ID] Interval           Transfer     Bitrate         Retr  Cwnd
[  5]   0.00-1.00   sec  93.2 MBytes   781 Mbits/sec    9    487 KBytes       (omitted)
[  5]   0.00-1.00   sec  92.1 MBytes   773 Mbits/sec    2    608 KBytes       
[  5]   1.00-2.00   sec  91.2 MBytes   765 Mbits/sec  158    541 KBytes       
[  5]   2.00-3.00   sec  92.5 MBytes   776 Mbits/sec    0    657 KBytes       
[  5]   3.00-4.00   sec  91.2 MBytes   765 Mbits/sec    8    532 KBytes       
[  5]   4.00-5.00   sec  92.5 MBytes   776 Mbits/sec    0    646 KBytes       
[  5]   5.00-6.00   sec  91.2 MBytes   765 Mbits/sec    0    745 KBytes       
[  5]   6.00-7.00   sec  92.5 MBytes   776 Mbits/sec    0    833 KBytes       
[  5]   7.00-8.00   sec  75.0 MBytes   629 Mbits/sec    7    673 KBytes       
[  5]   8.00-9.00   sec  91.2 MBytes   765 Mbits/sec   28   1.07 MBytes       
[  5]   9.00-10.00  sec  92.5 MBytes   776 Mbits/sec   28    644 KBytes       
[  5]  10.00-11.00  sec  91.2 MBytes   765 Mbits/sec    0    743 KBytes       
[  5]  11.00-12.00  sec  92.5 MBytes   776 Mbits/sec    0    830 KBytes       
[  5]  12.00-13.00  sec  92.5 MBytes   776 Mbits/sec    0    909 KBytes       
[  5]  13.00-14.00  sec  91.2 MBytes   765 Mbits/sec    7    730 KBytes       
[  5]  14.00-15.00  sec  92.5 MBytes   776 Mbits/sec    0    818 KBytes       
[  5]  15.00-16.00  sec  92.5 MBytes   775 Mbits/sec    2    896 KBytes       
[  5]  16.00-17.00  sec  91.2 MBytes   766 Mbits/sec   51    393 KBytes       
[  5]  17.00-18.00  sec  91.2 MBytes   765 Mbits/sec   27    438 KBytes       
[  5]  18.00-19.00  sec  91.2 MBytes   765 Mbits/sec    0    575 KBytes       
[  5]  19.00-20.00  sec  92.5 MBytes   776 Mbits/sec    0    683 KBytes       
[  5]  20.00-21.00  sec  91.2 MBytes   765 Mbits/sec    7    565 KBytes       
[  5]  21.00-22.00  sec  92.5 MBytes   776 Mbits/sec    0    676 KBytes       
[  5]  22.00-23.00  sec  92.5 MBytes   776 Mbits/sec    0    771 KBytes       
[  5]  23.00-24.00  sec  91.2 MBytes   765 Mbits/sec   11    466 KBytes       
[  5]  24.00-25.00  sec  91.2 MBytes   765 Mbits/sec    0    594 KBytes       
[  5]  25.00-26.00  sec  92.5 MBytes   776 Mbits/sec    5    513 KBytes       
[  5]  26.00-27.00  sec  91.2 MBytes   765 Mbits/sec    0    633 KBytes       
[  5]  27.00-28.00  sec  92.5 MBytes   776 Mbits/sec    0    736 KBytes       
[  5]  28.00-29.00  sec  91.2 MBytes   765 Mbits/sec    0    823 KBytes       
[  5]  29.00-30.00  sec  92.5 MBytes   776 Mbits/sec    6    642 KBytes       
[  5]  30.00-31.00  sec  92.5 MBytes   776 Mbits/sec    0    741 KBytes       
[  5]  31.00-32.00  sec  91.2 MBytes   765 Mbits/sec    7    597 KBytes       
[  5]  32.00-33.00  sec  92.5 MBytes   776 Mbits/sec    0    702 KBytes       
[  5]  33.00-34.00  sec  92.5 MBytes   776 Mbits/sec    6    561 KBytes       
[  5]  34.00-35.00  sec  91.2 MBytes   765 Mbits/sec    0    670 KBytes       
[  5]  35.00-36.00  sec  92.5 MBytes   776 Mbits/sec    0    767 KBytes       
[  5]  36.00-37.00  sec  92.5 MBytes   776 Mbits/sec    0    851 KBytes       
[  5]  37.00-38.00  sec  91.2 MBytes   765 Mbits/sec   19    496 KBytes       
[  5]  38.00-39.00  sec  91.2 MBytes   765 Mbits/sec    0    617 KBytes       
[  5]  39.00-40.00  sec  92.5 MBytes   776 Mbits/sec    0    721 KBytes       
[  5]  40.00-41.00  sec  92.5 MBytes   776 Mbits/sec    0    810 KBytes       
[  5]  41.00-42.00  sec  75.0 MBytes   629 Mbits/sec   41   1.20 MBytes       
[  5]  42.00-43.00  sec  92.5 MBytes   776 Mbits/sec   13    692 KBytes       
[  5]  43.00-44.00  sec  91.2 MBytes   765 Mbits/sec    0    785 KBytes       
[  5]  44.00-45.00  sec  92.5 MBytes   776 Mbits/sec   14    614 KBytes       
[  5]  45.00-46.00  sec  91.2 MBytes   765 Mbits/sec    0    715 KBytes       
[  5]  46.00-47.00  sec  92.5 MBytes   776 Mbits/sec    0    805 KBytes       
[  5]  47.00-48.00  sec  91.2 MBytes   765 Mbits/sec   13    631 KBytes       
[  5]  48.00-49.00  sec  92.5 MBytes   775 Mbits/sec    6    523 KBytes       
[  5]  49.00-50.00  sec  91.2 MBytes   766 Mbits/sec    0    639 KBytes       
[  5]  50.00-51.00  sec  92.5 MBytes   776 Mbits/sec    8    517 KBytes       
[  5]  51.00-52.00  sec  91.2 MBytes   766 Mbits/sec    0    638 KBytes       
[  5]  52.00-53.00  sec  92.5 MBytes   776 Mbits/sec    0    737 KBytes       
[  5]  53.00-54.00  sec  91.2 MBytes   765 Mbits/sec    0    825 KBytes       
[  5]  54.00-55.00  sec  92.5 MBytes   776 Mbits/sec    0    904 KBytes       
[  5]  55.00-56.00  sec  91.2 MBytes   765 Mbits/sec    7    728 KBytes       
[  5]  56.00-57.00  sec  92.5 MBytes   776 Mbits/sec    6    624 KBytes       
[  5]  57.00-58.00  sec  91.2 MBytes   765 Mbits/sec    0    726 KBytes       
[  5]  58.00-59.00  sec  92.5 MBytes   776 Mbits/sec    0    815 KBytes       
[  5]  59.00-60.00  sec  92.5 MBytes   776 Mbits/sec    0    896 KBytes       
- - - - - - - - - - - - - - - - - - - - - - - - -
[ ID] Interval           Transfer     Bitrate         Retr
[  5]   0.00-60.00  sec  5.35 GBytes   766 Mbits/sec  487             sender
[  5]   0.00-60.05  sec  5.36 GBytes   766 Mbits/sec                  receiver

iperf Done.
