Connecting to host 10.136.80.149, port 5201
[  5] local 10.136.173.116 port 46417 connected to 10.136.80.149 port 5201
[ ID] Interval           Transfer     Bitrate         Total Datagrams
[  5]   0.00-1.00   sec  49.3 MBytes   413 Mbits/sec  43880  (omitted)
[  5]   0.00-1.00   sec  52.7 MBytes   442 Mbits/sec  46930  
[  5]   1.00-2.00   sec  54.9 MBytes   460 Mbits/sec  48830  
[  5]   2.00-3.00   sec  52.4 MBytes   440 Mbits/sec  46680  
[  5]   3.00-4.00   sec  54.6 MBytes   458 Mbits/sec  48560  
[  5]   4.00-5.00   sec  55.9 MBytes   469 Mbits/sec  49720  
[  5]   5.00-6.00   sec  52.7 MBytes   442 Mbits/sec  46870  
[  5]   6.00-7.00   sec  53.3 MBytes   447 Mbits/sec  47420  
[  5]   7.00-8.00   sec  52.2 MBytes   438 Mbits/sec  46470  
[  5]   8.00-9.00   sec  51.8 MBytes   435 Mbits/sec  46150  
[  5]   9.00-10.00  sec  53.4 MBytes   448 Mbits/sec  47520  
[  5]  10.00-11.00  sec  51.7 MBytes   434 Mbits/sec  46010  
[  5]  11.00-12.00  sec  51.5 MBytes   432 Mbits/sec  45830  
[  5]  12.00-13.00  sec  53.8 MBytes   451 Mbits/sec  47860  
[  5]  13.00-14.00  sec  51.6 MBytes   433 Mbits/sec  45930  
[  5]  14.00-15.00  sec  52.8 MBytes   443 Mbits/sec  46980  
[  5]  15.00-16.00  sec  52.2 MBytes   438 Mbits/sec  46440  
[  5]  16.00-17.00  sec  52.8 MBytes   443 Mbits/sec  47030  
[  5]  17.00-18.00  sec  53.0 MBytes   445 Mbits/sec  47180  
[  5]  18.00-19.00  sec  50.1 MBytes   421 Mbits/sec  44640  
[  5]  19.00-20.00  sec  53.6 MBytes   450 Mbits/sec  47710  
[  5]  20.00-21.00  sec  53.1 MBytes   445 Mbits/sec  47260  
[  5]  21.00-22.00  sec  51.0 MBytes   428 Mbits/sec  45430  
[  5]  22.00-23.00  sec  54.5 MBytes   457 Mbits/sec  48500  
[  5]  23.00-24.00  sec  54.2 MBytes   455 Mbits/sec  48250  
[  5]  24.00-25.00  sec  52.8 MBytes   443 Mbits/sec  46990  
[  5]  25.00-26.00  sec  46.1 MBytes   387 Mbits/sec  41060  
[  5]  26.00-27.00  sec  54.0 MBytes   453 Mbits/sec  48060  
[  5]  27.00-28.00  sec  51.6 MBytes   433 Mbits/sec  45970  
[  5]  28.00-29.00  sec  53.4 MBytes   448 Mbits/sec  47550  
[  5]  29.00-30.00  sec  52.0 MBytes   436 Mbits/sec  46290  
[  5]  30.00-31.00  sec  52.4 MBytes   440 Mbits/sec  46650  
[  5]  31.00-32.00  sec  54.4 MBytes   456 Mbits/sec  48420  
[  5]  32.00-33.00  sec  55.2 MBytes   463 Mbits/sec  49120  
[  5]  33.00-34.00  sec  56.1 MBytes   471 Mbits/sec  49930  
[  5]  34.00-35.00  sec  53.4 MBytes   448 Mbits/sec  47540  
[  5]  35.00-36.00  sec  51.7 MBytes   434 Mbits/sec  46020  
[  5]  36.00-37.00  sec  54.8 MBytes   460 Mbits/sec  48800  
[  5]  37.00-38.00  sec  52.8 MBytes   443 Mbits/sec  47030  
[  5]  38.00-39.00  sec  53.9 MBytes   452 Mbits/sec  47940  
[  5]  39.00-40.00  sec  55.6 MBytes   466 Mbits/sec  49470  
[  5]  40.00-41.00  sec  54.8 MBytes   459 Mbits/sec  48750  
[  5]  41.00-42.00  sec  53.6 MBytes   450 Mbits/sec  47750  
[  5]  42.00-43.00  sec  54.1 MBytes   454 Mbits/sec  48200  
[  5]  43.00-44.00  sec  55.0 MBytes   461 Mbits/sec  48970  
[  5]  44.00-45.00  sec  53.6 MBytes   450 Mbits/sec  47740  
[  5]  45.00-46.00  sec  54.4 MBytes   457 Mbits/sec  48450  
[  5]  46.00-47.00  sec  50.7 MBytes   425 Mbits/sec  45150  
[  5]  47.00-48.00  sec  53.0 MBytes   444 Mbits/sec  47160  
[  5]  48.00-49.00  sec  52.9 MBytes   444 Mbits/sec  47100  
[  5]  49.00-50.00  sec  52.6 MBytes   441 Mbits/sec  46780  
[  5]  50.00-51.00  sec  53.4 MBytes   448 Mbits/sec  47540  
[  5]  51.00-52.00  sec  52.8 MBytes   443 Mbits/sec  47040  
[  5]  52.00-53.00  sec  53.6 MBytes   450 Mbits/sec  47720  
[  5]  53.00-54.00  sec  53.9 MBytes   452 Mbits/sec  47980  
[  5]  54.00-55.00  sec  51.5 MBytes   432 Mbits/sec  45800  
[  5]  55.00-56.00  sec  50.8 MBytes   426 Mbits/sec  45230  
[  5]  56.00-57.00  sec  51.5 MBytes   432 Mbits/sec  45820  
[  5]  57.00-58.00  sec  52.1 MBytes   437 Mbits/sec  46370  
[  5]  58.00-59.00  sec  53.5 MBytes   449 Mbits/sec  47660  
[  5]  59.00-60.00  sec  52.6 MBytes   441 Mbits/sec  46820  
- - - - - - - - - - - - - - - - - - - - - - - - -
[ ID] Interval           Transfer     Bitrate         Jitter    Lost/Total Datagrams
[  5]   0.00-60.00  sec  3.11 GBytes   445 Mbits/sec  0.000 ms  0/2831070 (0%)  sender
[  5]   0.00-60.21  sec  1.89 GBytes   270 Mbits/sec  0.008 ms  1124800/2831070 (40%)  receiver

iperf Done.
