Connecting to host 10.136.80.152, port 5201
[  5] local 10.136.173.88 port 46067 connected to 10.136.80.152 port 5201
[ ID] Interval           Transfer     Bitrate         Total Datagrams
[  5]   0.00-1.00   sec  61.8 MBytes   519 Mbits/sec  55030  (omitted)
[  5]   0.00-1.00   sec  55.7 MBytes   467 Mbits/sec  49550  
[  5]   1.00-2.00   sec  54.9 MBytes   461 Mbits/sec  48890  
[  5]   2.00-3.00   sec  58.0 MBytes   486 Mbits/sec  51620  
[  5]   3.00-4.00   sec  56.5 MBytes   474 Mbits/sec  50250  
[  5]   4.00-5.00   sec  58.8 MBytes   494 Mbits/sec  52380  
[  5]   5.00-6.00   sec  53.5 MBytes   449 Mbits/sec  47640  
[  5]   6.00-7.00   sec  54.2 MBytes   454 Mbits/sec  48210  
[  5]   7.00-8.00   sec  49.0 MBytes   411 Mbits/sec  43580  
[  5]   8.00-9.00   sec  60.5 MBytes   507 Mbits/sec  53830  
[  5]   9.00-10.00  sec  48.7 MBytes   409 Mbits/sec  43360  
[  5]  10.00-11.00  sec  54.7 MBytes   459 Mbits/sec  48700  
[  5]  11.00-12.00  sec  50.7 MBytes   425 Mbits/sec  45100  
[  5]  12.00-13.00  sec  54.0 MBytes   453 Mbits/sec  48080  
[  5]  13.00-14.00  sec  52.5 MBytes   440 Mbits/sec  46730  
[  5]  14.00-15.00  sec  63.9 MBytes   536 Mbits/sec  56870  
[  5]  15.00-16.00  sec  56.8 MBytes   476 Mbits/sec  50550  
[  5]  16.00-17.00  sec  59.3 MBytes   498 Mbits/sec  52800  
[  5]  17.00-18.00  sec  52.2 MBytes   438 Mbits/sec  46480  
[  5]  18.00-19.00  sec  56.6 MBytes   475 Mbits/sec  50400  
[  5]  19.00-20.00  sec  52.3 MBytes   439 Mbits/sec  46550  
[  5]  20.00-21.00  sec  56.9 MBytes   477 Mbits/sec  50640  
[  5]  21.00-22.00  sec  53.9 MBytes   452 Mbits/sec  47970  
[  5]  22.00-23.00  sec  59.7 MBytes   501 Mbits/sec  53160  
[  5]  23.00-24.00  sec  46.8 MBytes   392 Mbits/sec  41650  
[  5]  24.00-25.00  sec  49.1 MBytes   412 Mbits/sec  43740  
[  5]  25.00-26.00  sec  56.6 MBytes   474 Mbits/sec  50340  
[  5]  26.00-27.00  sec  55.7 MBytes   468 Mbits/sec  49610  
[  5]  27.00-28.00  sec  55.6 MBytes   467 Mbits/sec  49510  
[  5]  28.00-29.00  sec  46.9 MBytes   394 Mbits/sec  41770  
[  5]  29.00-30.00  sec  57.2 MBytes   480 Mbits/sec  50940  
[  5]  30.00-31.00  sec  55.9 MBytes   469 Mbits/sec  49790  
[  5]  31.00-32.00  sec  60.6 MBytes   508 Mbits/sec  53940  
[  5]  32.00-33.00  sec  57.2 MBytes   480 Mbits/sec  50890  
[  5]  33.00-34.00  sec  61.5 MBytes   516 Mbits/sec  54780  
[  5]  34.00-35.00  sec  47.8 MBytes   401 Mbits/sec  42510  
[  5]  35.00-36.00  sec  59.5 MBytes   499 Mbits/sec  52960  
[  5]  36.00-37.00  sec  53.2 MBytes   446 Mbits/sec  47330  
[  5]  37.00-38.00  sec  55.0 MBytes   462 Mbits/sec  49000  
[  5]  38.00-39.00  sec  57.4 MBytes   481 Mbits/sec  51050  
[  5]  39.00-40.00  sec  50.1 MBytes   420 Mbits/sec  44560  
[  5]  40.00-41.00  sec  45.0 MBytes   378 Mbits/sec  40090  
[  5]  41.00-42.00  sec  49.9 MBytes   418 Mbits/sec  44400  
[  5]  42.00-43.00  sec  47.2 MBytes   396 Mbits/sec  42010  
[  5]  43.00-44.00  sec  53.8 MBytes   451 Mbits/sec  47850  
[  5]  44.00-45.00  sec  45.3 MBytes   380 Mbits/sec  40330  
[  5]  45.00-46.00  sec  48.1 MBytes   404 Mbits/sec  42820  
[  5]  46.00-47.00  sec  55.7 MBytes   467 Mbits/sec  49590  
[  5]  47.00-48.00  sec  54.8 MBytes   460 Mbits/sec  48810  
[  5]  48.00-49.00  sec  53.7 MBytes   450 Mbits/sec  47770  
[  5]  49.00-50.00  sec  54.9 MBytes   461 Mbits/sec  48880  
[  5]  50.00-51.00  sec  53.6 MBytes   450 Mbits/sec  47730  
[  5]  51.00-52.00  sec  52.7 MBytes   442 Mbits/sec  46910  
[  5]  52.00-53.00  sec  58.5 MBytes   491 Mbits/sec  52090  
[  5]  53.00-54.00  sec  52.4 MBytes   439 Mbits/sec  46620  
[  5]  54.00-55.00  sec  53.1 MBytes   445 Mbits/sec  47270  
[  5]  55.00-56.00  sec  60.1 MBytes   504 Mbits/sec  53500  
[  5]  56.00-57.00  sec  62.9 MBytes   528 Mbits/sec  55980  
[  5]  57.00-58.00  sec  58.6 MBytes   492 Mbits/sec  52170  
[  5]  58.00-59.00  sec  55.7 MBytes   467 Mbits/sec  49600  
[  5]  59.00-60.00  sec  58.7 MBytes   492 Mbits/sec  52210  
- - - - - - - - - - - - - - - - - - - - - - - - -
[ ID] Interval           Transfer     Bitrate         Jitter    Lost/Total Datagrams
[  5]   0.00-60.00  sec  3.20 GBytes   458 Mbits/sec  0.000 ms  0/2914340 (0%)  sender
[  5]   0.00-60.25  sec  2.05 GBytes   292 Mbits/sec  0.046 ms  1070933/2914251 (37%)  receiver

iperf Done.
