Connecting to host 10.136.80.166, port 5201
[  5] local 10.136.173.102 port 44977 connected to 10.136.80.166 port 5201
[ ID] Interval           Transfer     Bitrate         Total Datagrams
[  5]   0.00-1.00   sec  59.4 MBytes   499 Mbits/sec  52910  (omitted)
[  5]   0.00-1.00   sec  51.8 MBytes   435 Mbits/sec  46150  
[  5]   1.00-2.00   sec  51.2 MBytes   430 Mbits/sec  45590  
[  5]   2.00-3.00   sec  51.9 MBytes   436 Mbits/sec  46220  
[  5]   3.00-4.00   sec  60.5 MBytes   507 Mbits/sec  53840  
[  5]   4.00-5.00   sec  54.5 MBytes   457 Mbits/sec  48490  
[  5]   5.00-6.00   sec  44.1 MBytes   370 Mbits/sec  39220  
[  5]   6.00-7.00   sec  53.5 MBytes   449 Mbits/sec  47630  
[  5]   7.00-8.00   sec  58.6 MBytes   491 Mbits/sec  52150  
[  5]   8.00-9.00   sec  57.9 MBytes   486 Mbits/sec  51530  
[  5]   9.00-10.00  sec  48.9 MBytes   411 Mbits/sec  43560  
[  5]  10.00-11.00  sec  48.5 MBytes   406 Mbits/sec  43130  
[  5]  11.00-12.00  sec  49.0 MBytes   411 Mbits/sec  43630  
[  5]  12.00-13.00  sec  57.4 MBytes   481 Mbits/sec  51060  
[  5]  13.00-14.00  sec  53.4 MBytes   448 Mbits/sec  47570  
[  5]  14.00-15.00  sec  54.7 MBytes   459 Mbits/sec  48730  
[  5]  15.00-16.00  sec  51.2 MBytes   430 Mbits/sec  45590  
[  5]  16.00-17.00  sec  50.5 MBytes   424 Mbits/sec  44990  
[  5]  17.00-18.00  sec  58.3 MBytes   489 Mbits/sec  51930  
[  5]  18.00-19.00  sec  58.7 MBytes   492 Mbits/sec  52230  
[  5]  19.00-20.00  sec  51.3 MBytes   431 Mbits/sec  45700  
[  5]  20.00-21.00  sec  58.8 MBytes   494 Mbits/sec  52380  
[  5]  21.00-22.00  sec  53.7 MBytes   450 Mbits/sec  47800  
[  5]  22.00-23.00  sec  62.2 MBytes   522 Mbits/sec  55400  
[  5]  23.00-24.00  sec  58.5 MBytes   491 Mbits/sec  52050  
[  5]  24.00-25.00  sec  53.3 MBytes   447 Mbits/sec  47460  
[  5]  25.00-26.00  sec  54.1 MBytes   454 Mbits/sec  48190  
[  5]  26.00-27.00  sec  51.9 MBytes   435 Mbits/sec  46200  
[  5]  27.00-28.00  sec  60.9 MBytes   511 Mbits/sec  54230  
[  5]  28.00-29.00  sec  55.6 MBytes   466 Mbits/sec  49500  
[  5]  29.00-30.00  sec  56.9 MBytes   477 Mbits/sec  50630  
[  5]  30.00-31.00  sec  60.8 MBytes   510 Mbits/sec  54150  
[  5]  31.00-32.00  sec  56.4 MBytes   473 Mbits/sec  50160  
[  5]  32.00-33.00  sec  51.6 MBytes   433 Mbits/sec  45970  
[  5]  33.00-34.00  sec  59.4 MBytes   498 Mbits/sec  52850  
[  5]  34.00-35.00  sec  50.1 MBytes   421 Mbits/sec  44640  
[  5]  35.00-36.00  sec  58.0 MBytes   487 Mbits/sec  51660  
[  5]  36.00-37.00  sec  55.8 MBytes   468 Mbits/sec  49690  
[  5]  37.00-38.00  sec  59.4 MBytes   498 Mbits/sec  52840  
[  5]  38.00-39.00  sec  60.3 MBytes   506 Mbits/sec  53670  
[  5]  39.00-40.00  sec  57.4 MBytes   482 Mbits/sec  51130  
[  5]  40.00-41.00  sec  58.2 MBytes   489 Mbits/sec  51830  
[  5]  41.00-42.00  sec  56.0 MBytes   470 Mbits/sec  49880  
[  5]  42.00-43.00  sec  61.2 MBytes   513 Mbits/sec  54450  
[  5]  43.00-44.00  sec  51.4 MBytes   431 Mbits/sec  45710  
[  5]  44.00-45.00  sec  54.8 MBytes   460 Mbits/sec  48770  
[  5]  45.00-46.00  sec  55.6 MBytes   466 Mbits/sec  49480  
[  5]  46.00-47.00  sec  49.1 MBytes   412 Mbits/sec  43690  
[  5]  47.00-48.00  sec  54.6 MBytes   458 Mbits/sec  48640  
[  5]  48.00-49.00  sec  48.3 MBytes   405 Mbits/sec  42960  
[  5]  49.00-50.00  sec  52.3 MBytes   439 Mbits/sec  46590  
[  5]  50.00-51.00  sec  45.0 MBytes   377 Mbits/sec  40050  
[  5]  51.00-52.00  sec  50.0 MBytes   419 Mbits/sec  44510  
[  5]  52.00-53.00  sec  46.5 MBytes   390 Mbits/sec  41370  
[  5]  53.00-54.00  sec  54.5 MBytes   457 Mbits/sec  48510  
[  5]  54.00-55.00  sec  53.7 MBytes   451 Mbits/sec  47810  
[  5]  55.00-56.00  sec  56.8 MBytes   476 Mbits/sec  50520  
[  5]  56.00-57.00  sec  53.1 MBytes   445 Mbits/sec  47250  
[  5]  57.00-58.00  sec  42.7 MBytes   358 Mbits/sec  38000  
[  5]  58.00-59.00  sec  55.4 MBytes   465 Mbits/sec  49350  
[  5]  59.00-60.00  sec  53.5 MBytes   449 Mbits/sec  47590  
- - - - - - - - - - - - - - - - - - - - - - - - -
[ ID] Interval           Transfer     Bitrate         Jitter    Lost/Total Datagrams
[  5]   0.00-60.00  sec  3.18 GBytes   455 Mbits/sec  0.000 ms  0/2896500 (0%)  sender
[  5]   0.00-60.05  sec  2.05 GBytes   294 Mbits/sec  0.022 ms  1050372/2896500 (36%)  receiver

iperf Done.
