Connecting to host 10.136.80.144, port 5201
[  5] local 10.136.173.80 port 60574 connected to 10.136.80.144 port 5201
[ ID] Interval           Transfer     Bitrate         Retr  Cwnd
[  5]   0.00-1.00   sec  83.5 MBytes   700 Mbits/sec   28    263 KBytes       (omitted)
[  5]   0.00-1.00   sec  86.4 MBytes   725 Mbits/sec   32    215 KBytes       
[  5]   1.00-2.00   sec  88.7 MBytes   744 Mbits/sec    7    320 KBytes       
[  5]   2.00-3.00   sec  83.5 MBytes   701 Mbits/sec   26    168 KBytes       
[  5]   3.00-4.00   sec  89.0 MBytes   746 Mbits/sec   14    297 KBytes       
[  5]   4.00-5.00   sec  85.0 MBytes   713 Mbits/sec    6    339 KBytes       
[  5]   5.00-6.00   sec  87.1 MBytes   730 Mbits/sec   16    318 KBytes       
[  5]   6.00-7.00   sec  88.4 MBytes   741 Mbits/sec   15    354 KBytes       
[  5]   7.00-8.00   sec  86.8 MBytes   728 Mbits/sec   11    336 KBytes       
[  5]   8.00-9.00   sec  85.8 MBytes   720 Mbits/sec   38    257 KBytes       
[  5]   9.00-10.00  sec  84.8 MBytes   712 Mbits/sec   23    192 KBytes       
[  5]  10.00-11.00  sec  85.9 MBytes   720 Mbits/sec   11    269 KBytes       
[  5]  11.00-12.00  sec  86.4 MBytes   726 Mbits/sec   16    276 KBytes       
[  5]  12.00-13.00  sec  87.7 MBytes   735 Mbits/sec   13    335 KBytes       
[  5]  13.00-14.00  sec  87.1 MBytes   731 Mbits/sec    8    351 KBytes       
[  5]  14.00-15.00  sec  84.2 MBytes   707 Mbits/sec   23    173 KBytes       
[  5]  15.00-16.00  sec  82.7 MBytes   694 Mbits/sec    6    294 KBytes       
[  5]  16.00-17.00  sec  88.7 MBytes   744 Mbits/sec   21    357 KBytes       
[  5]  17.00-18.00  sec  88.6 MBytes   743 Mbits/sec   25    332 KBytes       
[  5]  18.00-19.00  sec  86.1 MBytes   723 Mbits/sec   24    178 KBytes       
[  5]  19.00-20.00  sec  83.8 MBytes   703 Mbits/sec   14    209 KBytes       
[  5]  20.00-21.00  sec  86.6 MBytes   726 Mbits/sec    8    301 KBytes       
[  5]  21.00-22.00  sec  83.2 MBytes   698 Mbits/sec   26    173 KBytes       
[  5]  22.00-23.00  sec  79.0 MBytes   663 Mbits/sec   20    162 KBytes       
[  5]  23.00-24.00  sec  77.5 MBytes   651 Mbits/sec    2    313 KBytes       
[  5]  24.00-25.00  sec  58.6 MBytes   492 Mbits/sec  165    168 KBytes       
[  5]  25.00-26.00  sec  81.1 MBytes   678 Mbits/sec   16    199 KBytes       
[  5]  26.00-27.00  sec  87.4 MBytes   736 Mbits/sec   13    189 KBytes       
[  5]  27.00-28.00  sec  84.5 MBytes   709 Mbits/sec    1    274 KBytes       
[  5]  28.00-29.00  sec  85.6 MBytes   718 Mbits/sec   22    294 KBytes       
[  5]  29.00-30.00  sec  82.9 MBytes   696 Mbits/sec   14    334 KBytes       
[  5]  30.00-31.00  sec  86.3 MBytes   724 Mbits/sec   30    252 KBytes       
[  5]  31.00-32.00  sec  87.2 MBytes   732 Mbits/sec   13    269 KBytes       
[  5]  32.00-33.00  sec  80.2 MBytes   673 Mbits/sec   42    225 KBytes       
[  5]  33.00-34.00  sec  85.0 MBytes   713 Mbits/sec   13    239 KBytes       
[  5]  34.00-35.00  sec  86.6 MBytes   726 Mbits/sec    8    328 KBytes       
[  5]  35.00-36.00  sec  83.7 MBytes   702 Mbits/sec   20    237 KBytes       
[  5]  36.00-37.00  sec  85.6 MBytes   718 Mbits/sec    8    341 KBytes       
[  5]  37.00-38.00  sec  84.0 MBytes   705 Mbits/sec   20    243 KBytes       
[  5]  38.00-39.00  sec  84.8 MBytes   711 Mbits/sec   39    167 KBytes       
[  5]  39.00-40.00  sec  82.1 MBytes   689 Mbits/sec    9    329 KBytes       
[  5]  40.00-41.00  sec  89.3 MBytes   749 Mbits/sec   19    237 KBytes       
[  5]  41.00-42.00  sec  86.3 MBytes   724 Mbits/sec   47    224 KBytes       
[  5]  42.00-43.00  sec  83.9 MBytes   704 Mbits/sec   21    194 KBytes       
[  5]  43.00-44.00  sec  87.6 MBytes   735 Mbits/sec    1    382 KBytes       
[  5]  44.00-45.00  sec  81.3 MBytes   682 Mbits/sec   13    314 KBytes       
[  5]  45.00-46.00  sec  84.9 MBytes   712 Mbits/sec   21    244 KBytes       
[  5]  46.00-47.00  sec  84.2 MBytes   706 Mbits/sec   15    213 KBytes       
[  5]  47.00-48.00  sec  83.0 MBytes   697 Mbits/sec   16    254 KBytes       
[  5]  48.00-49.00  sec  79.2 MBytes   664 Mbits/sec   20    209 KBytes       
[  5]  49.00-50.00  sec  86.7 MBytes   727 Mbits/sec    6    357 KBytes       
[  5]  50.00-51.00  sec  85.5 MBytes   717 Mbits/sec   21    251 KBytes       
[  5]  51.00-52.00  sec  88.5 MBytes   742 Mbits/sec   52    186 KBytes       
[  5]  52.00-53.00  sec  83.2 MBytes   698 Mbits/sec   15    262 KBytes       
[  5]  53.00-54.00  sec  87.7 MBytes   736 Mbits/sec    6    335 KBytes       
[  5]  54.00-55.00  sec  84.3 MBytes   708 Mbits/sec   15    293 KBytes       
[  5]  55.00-56.00  sec  83.4 MBytes   699 Mbits/sec   14    284 KBytes       
[  5]  56.00-57.00  sec  85.6 MBytes   718 Mbits/sec   26    263 KBytes       
[  5]  57.00-58.00  sec  84.0 MBytes   704 Mbits/sec   23    222 KBytes       
[  5]  58.00-59.00  sec  83.5 MBytes   700 Mbits/sec   14    240 KBytes       
[  5]  59.00-60.00  sec  83.2 MBytes   698 Mbits/sec    8    354 KBytes       
- - - - - - - - - - - - - - - - - - - - - - - - -
[ ID] Interval           Transfer     Bitrate         Retr
[  5]   0.00-60.00  sec  4.96 GBytes   709 Mbits/sec  1211             sender
[  5]   0.00-60.04  sec  4.96 GBytes   709 Mbits/sec                  receiver

iperf Done.
