Connecting to host 10.136.80.171, port 5201
[  5] local 10.136.173.103 port 33424 connected to 10.136.80.171 port 5201
[ ID] Interval           Transfer     Bitrate         Total Datagrams
[  5]   0.00-1.00   sec  59.9 MBytes   502 Mbits/sec  53300  (omitted)
[  5]   0.00-1.00   sec  56.5 MBytes   474 Mbits/sec  50260  
[  5]   1.00-2.00   sec  66.0 MBytes   554 Mbits/sec  58740  
[  5]   2.00-3.00   sec  58.0 MBytes   486 Mbits/sec  51610  
[  5]   3.00-4.00   sec  57.6 MBytes   483 Mbits/sec  51270  
[  5]   4.00-5.00   sec  61.1 MBytes   513 Mbits/sec  54430  
[  5]   5.00-6.00   sec  58.5 MBytes   491 Mbits/sec  52110  
[  5]   6.00-7.00   sec  58.1 MBytes   487 Mbits/sec  51690  
[  5]   7.00-8.00   sec  57.9 MBytes   486 Mbits/sec  51530  
[  5]   8.00-9.00   sec  60.3 MBytes   506 Mbits/sec  53710  
[  5]   9.00-10.00  sec  57.8 MBytes   485 Mbits/sec  51480  
[  5]  10.00-11.00  sec  63.4 MBytes   532 Mbits/sec  56410  
[  5]  11.00-12.00  sec  57.3 MBytes   481 Mbits/sec  51020  
[  5]  12.00-13.00  sec  57.2 MBytes   480 Mbits/sec  50930  
[  5]  13.00-14.00  sec  55.8 MBytes   468 Mbits/sec  49650  
[  5]  14.00-15.00  sec  61.6 MBytes   516 Mbits/sec  54800  
[  5]  15.00-16.00  sec  55.8 MBytes   468 Mbits/sec  49680  
[  5]  16.00-17.00  sec  59.8 MBytes   502 Mbits/sec  53230  
[  5]  17.00-18.00  sec  56.0 MBytes   470 Mbits/sec  49890  
[  5]  18.00-19.00  sec  66.0 MBytes   554 Mbits/sec  58750  
[  5]  19.00-20.00  sec  57.8 MBytes   485 Mbits/sec  51440  
[  5]  20.00-21.00  sec  57.8 MBytes   485 Mbits/sec  51470  
[  5]  21.00-22.00  sec  49.8 MBytes   417 Mbits/sec  44300  
[  5]  22.00-23.00  sec  53.1 MBytes   446 Mbits/sec  47270  
[  5]  23.00-24.00  sec  53.4 MBytes   448 Mbits/sec  47500  
[  5]  24.00-25.00  sec  55.8 MBytes   468 Mbits/sec  49640  
[  5]  25.00-26.00  sec  63.0 MBytes   529 Mbits/sec  56110  
[  5]  26.00-27.00  sec  60.6 MBytes   509 Mbits/sec  53980  
[  5]  27.00-28.00  sec  54.8 MBytes   460 Mbits/sec  48800  
[  5]  28.00-29.00  sec  56.3 MBytes   472 Mbits/sec  50080  
[  5]  29.00-30.00  sec  56.0 MBytes   469 Mbits/sec  49810  
[  5]  30.00-31.00  sec  45.9 MBytes   385 Mbits/sec  40880  
[  5]  31.00-32.00  sec  43.7 MBytes   367 Mbits/sec  38930  
[  5]  32.00-33.00  sec  62.8 MBytes   527 Mbits/sec  55920  
[  5]  33.00-34.00  sec  57.0 MBytes   478 Mbits/sec  50700  
[  5]  34.00-35.00  sec  60.0 MBytes   503 Mbits/sec  53370  
[  5]  35.00-36.00  sec  61.7 MBytes   517 Mbits/sec  54880  
[  5]  36.00-37.00  sec  57.7 MBytes   484 Mbits/sec  51340  
[  5]  37.00-38.00  sec  53.8 MBytes   451 Mbits/sec  47870  
[  5]  38.00-39.00  sec  56.0 MBytes   470 Mbits/sec  49870  
[  5]  39.00-40.00  sec  61.8 MBytes   519 Mbits/sec  55040  
[  5]  40.00-41.00  sec  58.8 MBytes   493 Mbits/sec  52300  
[  5]  41.00-42.00  sec  61.5 MBytes   516 Mbits/sec  54720  
[  5]  42.00-43.00  sec  57.6 MBytes   483 Mbits/sec  51280  
[  5]  43.00-44.00  sec  61.4 MBytes   515 Mbits/sec  54630  
[  5]  44.00-45.00  sec  59.1 MBytes   496 Mbits/sec  52630  
[  5]  45.00-46.00  sec  59.7 MBytes   500 Mbits/sec  53100  
[  5]  46.00-47.00  sec  54.5 MBytes   457 Mbits/sec  48470  
[  5]  47.00-48.00  sec  51.9 MBytes   436 Mbits/sec  46230  
[  5]  48.00-49.00  sec  62.4 MBytes   524 Mbits/sec  55570  
[  5]  49.00-50.00  sec  53.2 MBytes   446 Mbits/sec  47360  
[  5]  50.00-51.00  sec  43.2 MBytes   362 Mbits/sec  38450  
[  5]  51.00-52.00  sec  43.5 MBytes   365 Mbits/sec  38750  
[  5]  52.00-53.00  sec  54.2 MBytes   455 Mbits/sec  48250  
[  5]  53.00-54.00  sec  61.2 MBytes   514 Mbits/sec  54520  
[  5]  54.00-55.00  sec  47.8 MBytes   401 Mbits/sec  42530  
[  5]  55.00-56.00  sec  60.1 MBytes   504 Mbits/sec  53480  
[  5]  56.00-57.00  sec  59.1 MBytes   496 Mbits/sec  52630  
[  5]  57.00-58.00  sec  52.4 MBytes   439 Mbits/sec  46640  
[  5]  58.00-59.00  sec  54.0 MBytes   453 Mbits/sec  48090  
[  5]  59.00-60.00  sec  51.6 MBytes   433 Mbits/sec  45930  
- - - - - - - - - - - - - - - - - - - - - - - - -
[ ID] Interval           Transfer     Bitrate         Jitter    Lost/Total Datagrams
[  5]   0.00-60.00  sec  3.33 GBytes   477 Mbits/sec  0.000 ms  0/3035950 (0%)  sender
[  5]   0.00-60.98  sec   263 MBytes  36.2 Mbits/sec  0.051 ms  2851587/3035136 (94%)  receiver

iperf Done.
