Connecting to host 10.136.80.186, port 5201
[  5] local 10.136.173.122 port 60405 connected to 10.136.80.186 port 5201
[ ID] Interval           Transfer     Bitrate         Total Datagrams
[  5]   0.00-1.00   sec  58.3 MBytes   489 Mbits/sec  51890  (omitted)
[  5]   0.00-1.00   sec  51.4 MBytes   431 Mbits/sec  45750  
[  5]   1.00-2.00   sec  50.1 MBytes   420 Mbits/sec  44590  
[  5]   2.00-3.00   sec  55.4 MBytes   465 Mbits/sec  49340  
[  5]   3.00-4.00   sec  55.0 MBytes   461 Mbits/sec  48960  
[  5]   4.00-5.00   sec  57.5 MBytes   482 Mbits/sec  51160  
[  5]   5.00-6.00   sec  52.5 MBytes   441 Mbits/sec  46770  
[  5]   6.00-7.00   sec  52.6 MBytes   442 Mbits/sec  46860  
[  5]   7.00-8.00   sec  59.1 MBytes   496 Mbits/sec  52630  
[  5]   8.00-9.00   sec  48.2 MBytes   404 Mbits/sec  42920  
[  5]   9.00-10.00  sec  45.6 MBytes   383 Mbits/sec  40630  
[  5]  10.00-11.00  sec  51.0 MBytes   428 Mbits/sec  45400  
[  5]  11.00-12.00  sec  55.6 MBytes   466 Mbits/sec  49480  
[  5]  12.00-13.00  sec  51.9 MBytes   435 Mbits/sec  46170  
[  5]  13.00-14.00  sec  49.2 MBytes   413 Mbits/sec  43830  
[  5]  14.00-15.00  sec  55.4 MBytes   465 Mbits/sec  49350  
[  5]  15.00-16.00  sec  52.7 MBytes   442 Mbits/sec  46910  
[  5]  16.00-17.00  sec  57.0 MBytes   478 Mbits/sec  50760  
[  5]  17.00-18.00  sec  52.1 MBytes   437 Mbits/sec  46390  
[  5]  18.00-19.00  sec  49.7 MBytes   417 Mbits/sec  44250  
[  5]  19.00-20.00  sec  51.5 MBytes   432 Mbits/sec  45880  
[  5]  20.00-21.00  sec  55.5 MBytes   465 Mbits/sec  49390  
[  5]  21.00-22.00  sec  55.9 MBytes   469 Mbits/sec  49770  
[  5]  22.00-23.00  sec  52.5 MBytes   440 Mbits/sec  46690  
[  5]  23.00-24.00  sec  48.4 MBytes   406 Mbits/sec  43070  
[  5]  24.00-25.00  sec  53.3 MBytes   447 Mbits/sec  47400  
[  5]  25.00-26.00  sec  48.7 MBytes   408 Mbits/sec  43310  
[  5]  26.00-27.00  sec  49.6 MBytes   416 Mbits/sec  44140  
[  5]  27.00-28.00  sec  53.9 MBytes   452 Mbits/sec  47950  
[  5]  28.00-29.00  sec  52.2 MBytes   438 Mbits/sec  46470  
[  5]  29.00-30.00  sec  56.0 MBytes   470 Mbits/sec  49830  
[  5]  30.00-31.00  sec  52.0 MBytes   436 Mbits/sec  46310  
[  5]  31.00-32.00  sec  57.6 MBytes   483 Mbits/sec  51270  
[  5]  32.00-33.00  sec  51.9 MBytes   435 Mbits/sec  46180  
[  5]  33.00-34.00  sec  57.2 MBytes   480 Mbits/sec  50930  
[  5]  34.00-35.00  sec  54.4 MBytes   456 Mbits/sec  48400  
[  5]  35.00-36.00  sec  52.1 MBytes   437 Mbits/sec  46360  
[  5]  36.00-37.00  sec  56.3 MBytes   473 Mbits/sec  50140  
[  5]  37.00-38.00  sec  57.9 MBytes   485 Mbits/sec  51510  
[  5]  38.00-39.00  sec  54.0 MBytes   453 Mbits/sec  48090  
[  5]  39.00-40.00  sec  52.2 MBytes   438 Mbits/sec  46460  
[  5]  40.00-41.00  sec  53.6 MBytes   449 Mbits/sec  47670  
[  5]  41.00-42.00  sec  63.4 MBytes   532 Mbits/sec  56440  
[  5]  42.00-43.00  sec  57.3 MBytes   481 Mbits/sec  51020  
[  5]  43.00-44.00  sec  54.5 MBytes   457 Mbits/sec  48540  
[  5]  44.00-45.00  sec  56.0 MBytes   470 Mbits/sec  49850  
[  5]  45.00-46.00  sec  54.1 MBytes   454 Mbits/sec  48130  
[  5]  46.00-47.00  sec  52.3 MBytes   438 Mbits/sec  46520  
[  5]  47.00-48.00  sec  50.3 MBytes   422 Mbits/sec  44770  
[  5]  48.00-49.00  sec  48.4 MBytes   406 Mbits/sec  43050  
[  5]  49.00-50.00  sec  52.1 MBytes   437 Mbits/sec  46420  
[  5]  50.00-51.00  sec  56.4 MBytes   473 Mbits/sec  50230  
[  5]  51.00-52.00  sec  49.3 MBytes   413 Mbits/sec  43850  
[  5]  52.00-53.00  sec  52.1 MBytes   437 Mbits/sec  46390  
[  5]  53.00-54.00  sec  56.1 MBytes   471 Mbits/sec  49930  
[  5]  54.00-55.00  sec  54.7 MBytes   459 Mbits/sec  48710  
[  5]  55.00-56.00  sec  56.0 MBytes   470 Mbits/sec  49810  
[  5]  56.00-57.00  sec  53.3 MBytes   447 Mbits/sec  47450  
[  5]  57.00-58.00  sec  52.1 MBytes   437 Mbits/sec  46410  
[  5]  58.00-59.00  sec  55.0 MBytes   462 Mbits/sec  48990  
[  5]  59.00-60.00  sec  51.8 MBytes   435 Mbits/sec  46100  
- - - - - - - - - - - - - - - - - - - - - - - - -
[ ID] Interval           Transfer     Bitrate         Jitter    Lost/Total Datagrams
[  5]   0.00-60.00  sec  3.13 GBytes   448 Mbits/sec  0.000 ms  0/2851980 (0%)  sender
[  5]   0.00-60.29  sec  2.19 GBytes   312 Mbits/sec  0.017 ms  875392/2851980 (31%)  receiver

iperf Done.
