Connecting to host 10.136.80.175, port 5201
[  5] local 10.136.173.76 port 46815 connected to 10.136.80.175 port 5201
[ ID] Interval           Transfer     Bitrate         Total Datagrams
[  5]   0.00-1.00   sec  55.6 MBytes   466 Mbits/sec  49450  (omitted)
[  5]   0.00-1.00   sec  52.0 MBytes   437 Mbits/sec  46330  
[  5]   1.00-2.00   sec  52.7 MBytes   442 Mbits/sec  46870  
[  5]   2.00-3.00   sec  53.1 MBytes   445 Mbits/sec  47230  
[  5]   3.00-4.00   sec  52.6 MBytes   441 Mbits/sec  46850  
[  5]   4.00-5.00   sec  55.7 MBytes   467 Mbits/sec  49540  
[  5]   5.00-6.00   sec  52.4 MBytes   439 Mbits/sec  46610  
[  5]   6.00-7.00   sec  52.4 MBytes   440 Mbits/sec  46670  
[  5]   7.00-8.00   sec  52.4 MBytes   439 Mbits/sec  46630  
[  5]   8.00-9.00   sec  53.9 MBytes   452 Mbits/sec  48020  
[  5]   9.00-10.00  sec  51.2 MBytes   430 Mbits/sec  45600  
[  5]  10.00-11.00  sec  54.3 MBytes   455 Mbits/sec  48290  
[  5]  11.00-12.00  sec  51.4 MBytes   431 Mbits/sec  45770  
[  5]  12.00-13.00  sec  54.3 MBytes   456 Mbits/sec  48370  
[  5]  13.00-14.00  sec  51.4 MBytes   431 Mbits/sec  45790  
[  5]  14.00-15.00  sec  53.3 MBytes   447 Mbits/sec  47470  
[  5]  15.00-16.00  sec  52.0 MBytes   436 Mbits/sec  46300  
[  5]  16.00-17.00  sec  54.0 MBytes   453 Mbits/sec  48070  
[  5]  17.00-18.00  sec  53.3 MBytes   447 Mbits/sec  47400  
[  5]  18.00-19.00  sec  55.3 MBytes   464 Mbits/sec  49240  
[  5]  19.00-20.00  sec  52.1 MBytes   437 Mbits/sec  46410  
[  5]  20.00-21.00  sec  52.6 MBytes   442 Mbits/sec  46860  
[  5]  21.00-22.00  sec  52.1 MBytes   437 Mbits/sec  46340  
[  5]  22.00-23.00  sec  52.8 MBytes   443 Mbits/sec  47020  
[  5]  23.00-24.00  sec  55.0 MBytes   461 Mbits/sec  48970  
[  5]  24.00-25.00  sec  52.9 MBytes   444 Mbits/sec  47100  
[  5]  25.00-26.00  sec  54.0 MBytes   453 Mbits/sec  48040  
[  5]  26.00-27.00  sec  48.6 MBytes   407 Mbits/sec  43220  
[  5]  27.00-28.00  sec  52.6 MBytes   441 Mbits/sec  46780  
[  5]  28.00-29.00  sec  54.2 MBytes   455 Mbits/sec  48230  
[  5]  29.00-30.00  sec  50.9 MBytes   427 Mbits/sec  45350  
[  5]  30.00-31.00  sec  51.4 MBytes   431 Mbits/sec  45770  
[  5]  31.00-32.00  sec  52.5 MBytes   440 Mbits/sec  46740  
[  5]  32.00-33.00  sec  53.5 MBytes   449 Mbits/sec  47620  
[  5]  33.00-34.00  sec  53.5 MBytes   449 Mbits/sec  47650  
[  5]  34.00-35.00  sec  42.6 MBytes   357 Mbits/sec  37910  
[  5]  35.00-36.00  sec  37.0 MBytes   310 Mbits/sec  32920  
[  5]  36.00-37.00  sec  53.8 MBytes   451 Mbits/sec  47910  
[  5]  37.00-38.00  sec  54.0 MBytes   453 Mbits/sec  48100  
[  5]  38.00-39.00  sec  49.4 MBytes   414 Mbits/sec  43950  
[  5]  39.00-40.00  sec  52.9 MBytes   444 Mbits/sec  47070  
[  5]  40.00-41.00  sec  53.6 MBytes   449 Mbits/sec  47690  
[  5]  41.00-42.00  sec  54.1 MBytes   454 Mbits/sec  48200  
[  5]  42.00-43.00  sec  54.4 MBytes   456 Mbits/sec  48390  
[  5]  43.00-44.00  sec  51.5 MBytes   432 Mbits/sec  45800  
[  5]  44.00-45.00  sec  51.5 MBytes   432 Mbits/sec  45860  
[  5]  45.00-46.00  sec  52.2 MBytes   437 Mbits/sec  46430  
[  5]  46.00-47.00  sec  56.9 MBytes   478 Mbits/sec  50690  
[  5]  47.00-48.00  sec  54.2 MBytes   455 Mbits/sec  48250  
[  5]  48.00-49.00  sec  53.3 MBytes   447 Mbits/sec  47430  
[  5]  49.00-50.00  sec  51.8 MBytes   434 Mbits/sec  46070  
[  5]  50.00-51.00  sec  52.2 MBytes   438 Mbits/sec  46470  
[  5]  51.00-52.00  sec  52.4 MBytes   440 Mbits/sec  46650  
[  5]  52.00-53.00  sec  51.5 MBytes   432 Mbits/sec  45880  
[  5]  53.00-54.00  sec  54.8 MBytes   460 Mbits/sec  48820  
[  5]  54.00-55.00  sec  53.4 MBytes   448 Mbits/sec  47560  
[  5]  55.00-56.00  sec  51.1 MBytes   429 Mbits/sec  45480  
[  5]  56.00-57.00  sec  51.4 MBytes   431 Mbits/sec  45740  
[  5]  57.00-58.00  sec  55.4 MBytes   465 Mbits/sec  49340  
[  5]  58.00-59.00  sec  53.0 MBytes   445 Mbits/sec  47180  
[  5]  59.00-60.00  sec  50.1 MBytes   420 Mbits/sec  44580  
- - - - - - - - - - - - - - - - - - - - - - - - -
[ ID] Interval           Transfer     Bitrate         Jitter    Lost/Total Datagrams
[  5]   0.00-60.00  sec  3.07 GBytes   440 Mbits/sec  0.000 ms  0/2799520 (0%)  sender
[  5]   0.00-60.22  sec  1.87 GBytes   267 Mbits/sec  0.006 ms  1119057/2799520 (40%)  receiver

iperf Done.
