Connecting to host knb-server-214542, port 5201
[  5] local 10.136.173.78 port 42555 connected to 10.43.51.249 port 5201
[ ID] Interval           Transfer     Bitrate         Total Datagrams
[  5]   0.00-1.00   sec  50.8 MBytes   426 Mbits/sec  45210  (omitted)
[  5]   0.00-1.00   sec  51.0 MBytes   428 Mbits/sec  45400  
[  5]   1.00-2.00   sec  52.4 MBytes   440 Mbits/sec  46650  
[  5]   2.00-3.00   sec  52.7 MBytes   442 Mbits/sec  46880  
[  5]   3.00-4.00   sec  52.0 MBytes   436 Mbits/sec  46310  
[  5]   4.00-5.00   sec  48.9 MBytes   411 Mbits/sec  43570  
[  5]   5.00-6.00   sec  51.9 MBytes   435 Mbits/sec  46170  
[  5]   6.00-7.00   sec  55.7 MBytes   468 Mbits/sec  49610  
[  5]   7.00-8.00   sec  51.4 MBytes   431 Mbits/sec  45740  
[  5]   8.00-9.00   sec  54.6 MBytes   458 Mbits/sec  48620  
[  5]   9.00-10.00  sec  52.3 MBytes   439 Mbits/sec  46560  
[  5]  10.00-11.00  sec  53.0 MBytes   444 Mbits/sec  47140  
[  5]  11.00-12.00  sec  53.4 MBytes   448 Mbits/sec  47530  
[  5]  12.00-13.00  sec  51.6 MBytes   432 Mbits/sec  45890  
[  5]  13.00-14.00  sec  51.7 MBytes   434 Mbits/sec  46010  
[  5]  14.00-15.00  sec  50.2 MBytes   421 Mbits/sec  44700  
[  5]  15.00-16.00  sec  54.5 MBytes   457 Mbits/sec  48540  
[  5]  16.00-17.00  sec  50.0 MBytes   420 Mbits/sec  44530  
[  5]  17.00-18.00  sec  52.1 MBytes   437 Mbits/sec  46390  
[  5]  18.00-19.00  sec  51.2 MBytes   430 Mbits/sec  45590  
[  5]  19.00-20.00  sec  53.4 MBytes   448 Mbits/sec  47570  
[  5]  20.00-21.00  sec  53.2 MBytes   447 Mbits/sec  47390  
[  5]  21.00-22.00  sec  53.9 MBytes   452 Mbits/sec  47960  
[  5]  22.00-23.00  sec  52.9 MBytes   444 Mbits/sec  47090  
[  5]  23.00-24.00  sec  51.9 MBytes   436 Mbits/sec  46210  
[  5]  24.00-25.00  sec  55.5 MBytes   466 Mbits/sec  49410  
[  5]  25.00-26.00  sec  50.3 MBytes   422 Mbits/sec  44730  
[  5]  26.00-27.00  sec  52.5 MBytes   440 Mbits/sec  46730  
[  5]  27.00-28.00  sec  52.0 MBytes   436 Mbits/sec  46260  
[  5]  28.00-29.00  sec  51.7 MBytes   434 Mbits/sec  46010  
[  5]  29.00-30.00  sec  43.5 MBytes   365 Mbits/sec  38680  
[  5]  30.00-31.00  sec  51.1 MBytes   429 Mbits/sec  45470  
[  5]  31.00-32.00  sec  53.5 MBytes   449 Mbits/sec  47660  
[  5]  32.00-33.00  sec  53.4 MBytes   448 Mbits/sec  47510  
[  5]  33.00-34.00  sec  52.0 MBytes   436 Mbits/sec  46250  
[  5]  34.00-35.00  sec  54.8 MBytes   460 Mbits/sec  48800  
[  5]  35.00-36.00  sec  54.7 MBytes   459 Mbits/sec  48690  
[  5]  36.00-37.00  sec  51.3 MBytes   430 Mbits/sec  45630  
[  5]  37.00-38.00  sec  51.0 MBytes   428 Mbits/sec  45410  
[  5]  38.00-39.00  sec  52.6 MBytes   441 Mbits/sec  46850  
[  5]  39.00-40.00  sec  51.0 MBytes   428 Mbits/sec  45380  
[  5]  40.00-41.00  sec  44.9 MBytes   376 Mbits/sec  39940  
[  5]  41.00-42.00  sec  54.3 MBytes   455 Mbits/sec  48310  
[  5]  42.00-43.00  sec  50.9 MBytes   427 Mbits/sec  45320  
[  5]  43.00-44.00  sec  51.7 MBytes   434 Mbits/sec  46030  
[  5]  44.00-45.00  sec  52.0 MBytes   437 Mbits/sec  46330  
[  5]  45.00-46.00  sec  53.1 MBytes   445 Mbits/sec  47240  
[  5]  46.00-47.00  sec  51.7 MBytes   434 Mbits/sec  46030  
[  5]  47.00-48.00  sec  51.8 MBytes   434 Mbits/sec  46100  
[  5]  48.00-49.00  sec  51.6 MBytes   433 Mbits/sec  45910  
[  5]  49.00-50.00  sec  51.0 MBytes   428 Mbits/sec  45400  
[  5]  50.00-51.00  sec  51.8 MBytes   435 Mbits/sec  46120  
[  5]  51.00-52.00  sec  40.6 MBytes   341 Mbits/sec  36130  
[  5]  52.00-53.00  sec  51.7 MBytes   434 Mbits/sec  46020  
[  5]  53.00-54.00  sec  52.5 MBytes   441 Mbits/sec  46760  
[  5]  54.00-55.00  sec  52.3 MBytes   439 Mbits/sec  46540  
[  5]  55.00-56.00  sec  53.2 MBytes   446 Mbits/sec  47340  
[  5]  56.00-57.00  sec  51.0 MBytes   428 Mbits/sec  45360  
[  5]  57.00-58.00  sec  50.7 MBytes   426 Mbits/sec  45170  
[  5]  58.00-59.00  sec  52.6 MBytes   441 Mbits/sec  46780  
[  5]  59.00-60.00  sec  49.9 MBytes   419 Mbits/sec  44450  
- - - - - - - - - - - - - - - - - - - - - - - - -
[ ID] Interval           Transfer     Bitrate         Jitter    Lost/Total Datagrams
[  5]   0.00-60.00  sec  3.03 GBytes   434 Mbits/sec  0.000 ms  0/2764800 (0%)  sender
[  5]   0.00-60.22  sec  1.86 GBytes   265 Mbits/sec  0.232 ms  1093637/2764800 (40%)  receiver

iperf Done.
