Connecting to host knb-server-490704, port 5201
[  5] local 10.136.173.111 port 52664 connected to 10.43.13.107 port 5201
[ ID] Interval           Transfer     Bitrate         Total Datagrams
[  5]   0.00-1.00   sec  52.1 MBytes   437 Mbits/sec  46370  (omitted)
[  5]   0.00-1.00   sec  81.1 MBytes   680 Mbits/sec  72160  
[  5]   1.00-2.00   sec  81.0 MBytes   679 Mbits/sec  72080  
[  5]   2.00-3.00   sec  81.2 MBytes   681 Mbits/sec  72300  
[  5]   3.00-4.00   sec  80.3 MBytes   674 Mbits/sec  71470  
[  5]   4.00-5.00   sec  80.0 MBytes   671 Mbits/sec  71210  
[  5]   5.00-6.00   sec  80.7 MBytes   677 Mbits/sec  71810  
[  5]   6.00-7.00   sec  79.3 MBytes   665 Mbits/sec  70600  
[  5]   7.00-8.00   sec  79.9 MBytes   671 Mbits/sec  71160  
[  5]   8.00-9.00   sec  80.8 MBytes   678 Mbits/sec  71950  
[  5]   9.00-10.00  sec  81.0 MBytes   680 Mbits/sec  72140  
[  5]  10.00-11.00  sec  80.9 MBytes   679 Mbits/sec  72020  
[  5]  11.00-12.00  sec  80.7 MBytes   677 Mbits/sec  71830  
[  5]  12.00-13.00  sec  81.3 MBytes   682 Mbits/sec  72330  
[  5]  13.00-14.00  sec  81.0 MBytes   680 Mbits/sec  72120  
[  5]  14.00-15.00  sec  81.6 MBytes   685 Mbits/sec  72640  
[  5]  15.00-16.00  sec  81.6 MBytes   685 Mbits/sec  72650  
[  5]  16.00-17.00  sec  80.6 MBytes   676 Mbits/sec  71780  
[  5]  17.00-18.00  sec  80.8 MBytes   678 Mbits/sec  71920  
[  5]  18.00-19.00  sec  79.9 MBytes   670 Mbits/sec  71140  
[  5]  19.00-20.00  sec  80.8 MBytes   678 Mbits/sec  71910  
[  5]  20.00-21.00  sec  78.8 MBytes   661 Mbits/sec  70180  
[  5]  21.00-22.00  sec  79.2 MBytes   665 Mbits/sec  70530  
[  5]  22.00-23.00  sec  80.1 MBytes   672 Mbits/sec  71310  
[  5]  23.00-24.00  sec  79.5 MBytes   667 Mbits/sec  70730  
[  5]  24.00-25.00  sec  79.3 MBytes   665 Mbits/sec  70580  
[  5]  25.00-26.00  sec  79.0 MBytes   662 Mbits/sec  70290  
[  5]  26.00-27.00  sec  79.5 MBytes   667 Mbits/sec  70740  
[  5]  27.00-28.00  sec  79.9 MBytes   670 Mbits/sec  71110  
[  5]  28.00-29.00  sec  78.4 MBytes   658 Mbits/sec  69780  
[  5]  29.00-30.00  sec  79.4 MBytes   666 Mbits/sec  70710  
[  5]  30.00-31.00  sec  79.5 MBytes   667 Mbits/sec  70770  
[  5]  31.00-32.00  sec  79.4 MBytes   666 Mbits/sec  70690  
[  5]  32.00-33.00  sec  79.4 MBytes   666 Mbits/sec  70680  
[  5]  33.00-34.00  sec  80.1 MBytes   672 Mbits/sec  71290  
[  5]  34.00-35.00  sec  79.6 MBytes   668 Mbits/sec  70890  
[  5]  35.00-36.00  sec  78.9 MBytes   662 Mbits/sec  70230  
[  5]  36.00-37.00  sec  79.5 MBytes   667 Mbits/sec  70770  
[  5]  37.00-38.00  sec  79.3 MBytes   666 Mbits/sec  70630  
[  5]  38.00-39.00  sec  78.9 MBytes   662 Mbits/sec  70270  
[  5]  39.00-40.00  sec  79.4 MBytes   666 Mbits/sec  70710  
[  5]  40.00-41.00  sec  79.3 MBytes   665 Mbits/sec  70600  
[  5]  41.00-42.00  sec  80.1 MBytes   672 Mbits/sec  71280  
[  5]  42.00-43.00  sec  79.0 MBytes   663 Mbits/sec  70310  
[  5]  43.00-44.00  sec  79.2 MBytes   664 Mbits/sec  70470  
[  5]  44.00-45.00  sec  81.1 MBytes   680 Mbits/sec  72180  
[  5]  45.00-46.00  sec  81.0 MBytes   679 Mbits/sec  72060  
[  5]  46.00-47.00  sec  81.1 MBytes   681 Mbits/sec  72230  
[  5]  47.00-48.00  sec  81.1 MBytes   681 Mbits/sec  72220  
[  5]  48.00-49.00  sec  80.3 MBytes   673 Mbits/sec  71450  
[  5]  49.00-50.00  sec  81.1 MBytes   681 Mbits/sec  72210  
[  5]  50.00-51.00  sec  80.9 MBytes   678 Mbits/sec  71980  
[  5]  51.00-52.00  sec  79.9 MBytes   670 Mbits/sec  71090  
[  5]  52.00-53.00  sec  79.6 MBytes   668 Mbits/sec  70870  
[  5]  53.00-54.00  sec  80.0 MBytes   671 Mbits/sec  71180  
[  5]  54.00-55.00  sec  80.1 MBytes   672 Mbits/sec  71290  
[  5]  55.00-56.00  sec  81.1 MBytes   680 Mbits/sec  72200  
[  5]  56.00-57.00  sec  80.8 MBytes   678 Mbits/sec  71920  
[  5]  57.00-58.00  sec  80.9 MBytes   678 Mbits/sec  71970  
[  5]  58.00-59.00  sec  79.8 MBytes   670 Mbits/sec  71050  
[  5]  59.00-60.00  sec  80.7 MBytes   677 Mbits/sec  71860  
- - - - - - - - - - - - - - - - - - - - - - - - -
[ ID] Interval           Transfer     Bitrate         Jitter    Lost/Total Datagrams
[  5]   0.00-60.00  sec  4.70 GBytes   672 Mbits/sec  0.000 ms  0/4280530 (0%)  sender
[  5]   0.00-61.28  sec   194 MBytes  26.6 Mbits/sec  0.022 ms  4148270/4275777 (97%)  receiver

iperf Done.
