Connecting to host knb-server-411659, port 5201
[  5] local 10.136.173.89 port 57223 connected to 10.43.72.37 port 5201
[ ID] Interval           Transfer     Bitrate         Total Datagrams
[  5]   0.00-1.00   sec  52.7 MBytes   442 Mbits/sec  46940  (omitted)
[  5]   0.00-1.00   sec  51.2 MBytes   429 Mbits/sec  45540  
[  5]   1.00-2.00   sec  51.8 MBytes   434 Mbits/sec  46090  
[  5]   2.00-3.00   sec  53.1 MBytes   446 Mbits/sec  47300  
[  5]   3.00-4.00   sec  52.0 MBytes   436 Mbits/sec  46250  
[  5]   4.00-5.00   sec  51.8 MBytes   435 Mbits/sec  46120  
[  5]   5.00-6.00   sec  52.0 MBytes   436 Mbits/sec  46270  
[  5]   6.00-7.00   sec  49.7 MBytes   417 Mbits/sec  44230  
[  5]   7.00-8.00   sec  51.0 MBytes   428 Mbits/sec  45360  
[  5]   8.00-9.00   sec  50.4 MBytes   422 Mbits/sec  44830  
[  5]   9.00-10.00  sec  51.7 MBytes   434 Mbits/sec  46050  
[  5]  10.00-11.00  sec  48.9 MBytes   410 Mbits/sec  43550  
[  5]  11.00-12.00  sec  51.1 MBytes   429 Mbits/sec  45520  
[  5]  12.00-13.00  sec  52.4 MBytes   440 Mbits/sec  46650  
[  5]  13.00-14.00  sec  50.4 MBytes   423 Mbits/sec  44880  
[  5]  14.00-15.00  sec  48.8 MBytes   409 Mbits/sec  43430  
[  5]  15.00-16.00  sec  50.7 MBytes   425 Mbits/sec  45100  
[  5]  16.00-17.00  sec  51.1 MBytes   429 Mbits/sec  45520  
[  5]  17.00-18.00  sec  53.9 MBytes   452 Mbits/sec  47940  
[  5]  18.00-19.00  sec  50.6 MBytes   425 Mbits/sec  45050  
[  5]  19.00-20.00  sec  50.6 MBytes   425 Mbits/sec  45080  
[  5]  20.00-21.00  sec  53.6 MBytes   449 Mbits/sec  47670  
[  5]  21.00-22.00  sec  50.8 MBytes   426 Mbits/sec  45210  
[  5]  22.00-23.00  sec  54.3 MBytes   455 Mbits/sec  48300  
[  5]  23.00-24.00  sec  51.7 MBytes   434 Mbits/sec  46010  
[  5]  24.00-25.00  sec  51.6 MBytes   433 Mbits/sec  45940  
[  5]  25.00-26.00  sec  52.2 MBytes   438 Mbits/sec  46470  
[  5]  26.00-27.00  sec  53.8 MBytes   451 Mbits/sec  47850  
[  5]  27.00-28.00  sec  52.3 MBytes   438 Mbits/sec  46510  
[  5]  28.00-29.00  sec  50.9 MBytes   427 Mbits/sec  45290  
[  5]  29.00-30.00  sec  53.1 MBytes   445 Mbits/sec  47240  
[  5]  30.00-31.00  sec  51.4 MBytes   431 Mbits/sec  45780  
[  5]  31.00-32.00  sec  51.4 MBytes   432 Mbits/sec  45790  
[  5]  32.00-33.00  sec  52.7 MBytes   442 Mbits/sec  46930  
[  5]  33.00-34.00  sec  42.0 MBytes   352 Mbits/sec  37360  
[  5]  34.00-35.00  sec  48.0 MBytes   403 Mbits/sec  42750  
[  5]  35.00-36.00  sec  50.2 MBytes   421 Mbits/sec  44680  
[  5]  36.00-37.00  sec  51.0 MBytes   428 Mbits/sec  45410  
[  5]  37.00-38.00  sec  51.5 MBytes   432 Mbits/sec  45870  
[  5]  38.00-39.00  sec  49.4 MBytes   415 Mbits/sec  43990  
[  5]  39.00-40.00  sec  40.5 MBytes   340 Mbits/sec  36060  
[  5]  40.00-41.00  sec  52.0 MBytes   436 Mbits/sec  46270  
[  5]  41.00-42.00  sec  54.3 MBytes   456 Mbits/sec  48350  
[  5]  42.00-43.00  sec  51.1 MBytes   429 Mbits/sec  45470  
[  5]  43.00-44.00  sec  52.3 MBytes   439 Mbits/sec  46550  
[  5]  44.00-45.00  sec  50.3 MBytes   422 Mbits/sec  44770  
[  5]  45.00-46.00  sec  50.0 MBytes   419 Mbits/sec  44480  
[  5]  46.00-47.00  sec  52.6 MBytes   441 Mbits/sec  46830  
[  5]  47.00-48.00  sec  50.8 MBytes   426 Mbits/sec  45250  
[  5]  48.00-49.00  sec  50.4 MBytes   422 Mbits/sec  44820  
[  5]  49.00-50.00  sec  44.3 MBytes   371 Mbits/sec  39390  
[  5]  50.00-51.00  sec  33.6 MBytes   282 Mbits/sec  29890  
[  5]  51.00-52.00  sec  43.9 MBytes   368 Mbits/sec  39090  
[  5]  52.00-53.00  sec  50.8 MBytes   426 Mbits/sec  45250  
[  5]  53.00-54.00  sec  56.5 MBytes   474 Mbits/sec  50280  
[  5]  54.00-55.00  sec  49.6 MBytes   416 Mbits/sec  44190  
[  5]  55.00-56.00  sec  49.6 MBytes   416 Mbits/sec  44150  
[  5]  56.00-57.00  sec  50.2 MBytes   421 Mbits/sec  44700  
[  5]  57.00-58.00  sec  48.5 MBytes   407 Mbits/sec  43180  
[  5]  58.00-59.00  sec  52.1 MBytes   437 Mbits/sec  46410  
[  5]  59.00-60.00  sec  52.9 MBytes   444 Mbits/sec  47080  
- - - - - - - - - - - - - - - - - - - - - - - - -
[ ID] Interval           Transfer     Bitrate         Jitter    Lost/Total Datagrams
[  5]   0.00-60.00  sec  2.96 GBytes   424 Mbits/sec  0.000 ms  0/2698270 (0%)  sender
[  5]   0.00-60.27  sec  1.88 GBytes   267 Mbits/sec  0.013 ms  1010601/2698270 (37%)  receiver

iperf Done.
