Connecting to host 10.136.80.144, port 5201
[  5] local 10.136.173.80 port 55886 connected to 10.136.80.144 port 5201
[ ID] Interval           Transfer     Bitrate         Total Datagrams
[  5]   0.00-1.00   sec  62.5 MBytes   524 Mbits/sec  55630  (omitted)
[  5]   0.00-1.00   sec  69.0 MBytes   579 Mbits/sec  61440  
[  5]   1.00-2.00   sec  67.7 MBytes   568 Mbits/sec  60230  
[  5]   2.00-3.00   sec  65.7 MBytes   551 Mbits/sec  58510  
[  5]   3.00-4.00   sec  64.9 MBytes   544 Mbits/sec  57750  
[  5]   4.00-5.00   sec  56.6 MBytes   475 Mbits/sec  50360  
[  5]   5.00-6.00   sec  61.2 MBytes   513 Mbits/sec  54480  
[  5]   6.00-7.00   sec  64.7 MBytes   543 Mbits/sec  57620  
[  5]   7.00-8.00   sec  62.8 MBytes   527 Mbits/sec  55890  
[  5]   8.00-9.00   sec  66.8 MBytes   560 Mbits/sec  59420  
[  5]   9.00-10.00  sec  62.5 MBytes   525 Mbits/sec  55660  
[  5]  10.00-11.00  sec  59.8 MBytes   501 Mbits/sec  53210  
[  5]  11.00-12.00  sec  66.1 MBytes   554 Mbits/sec  58830  
[  5]  12.00-13.00  sec  66.1 MBytes   554 Mbits/sec  58820  
[  5]  13.00-14.00  sec  64.9 MBytes   544 Mbits/sec  57770  
[  5]  14.00-15.00  sec  62.0 MBytes   520 Mbits/sec  55190  
[  5]  15.00-16.00  sec  63.9 MBytes   536 Mbits/sec  56920  
[  5]  16.00-17.00  sec  60.5 MBytes   508 Mbits/sec  53890  
[  5]  17.00-18.00  sec  60.6 MBytes   508 Mbits/sec  53960  
[  5]  18.00-19.00  sec  62.5 MBytes   524 Mbits/sec  55650  
[  5]  19.00-20.00  sec  68.4 MBytes   574 Mbits/sec  60910  
[  5]  20.00-21.00  sec  64.1 MBytes   538 Mbits/sec  57060  
[  5]  21.00-22.00  sec  66.4 MBytes   557 Mbits/sec  59130  
[  5]  22.00-23.00  sec  63.0 MBytes   528 Mbits/sec  56070  
[  5]  23.00-24.00  sec  60.9 MBytes   511 Mbits/sec  54220  
[  5]  24.00-25.00  sec  65.3 MBytes   548 Mbits/sec  58140  
[  5]  25.00-26.00  sec  58.1 MBytes   488 Mbits/sec  51760  
[  5]  26.00-27.00  sec  56.6 MBytes   474 Mbits/sec  50340  
[  5]  27.00-28.00  sec  65.3 MBytes   547 Mbits/sec  58090  
[  5]  28.00-29.00  sec  63.3 MBytes   531 Mbits/sec  56350  
[  5]  29.00-30.00  sec  64.2 MBytes   538 Mbits/sec  57120  
[  5]  30.00-31.00  sec  62.5 MBytes   524 Mbits/sec  55650  
[  5]  31.00-32.00  sec  64.4 MBytes   540 Mbits/sec  57300  
[  5]  32.00-33.00  sec  65.6 MBytes   550 Mbits/sec  58360  
[  5]  33.00-34.00  sec  66.0 MBytes   554 Mbits/sec  58780  
[  5]  34.00-35.00  sec  64.2 MBytes   538 Mbits/sec  57110  
[  5]  35.00-36.00  sec  67.4 MBytes   566 Mbits/sec  60010  
[  5]  36.00-37.00  sec  65.8 MBytes   552 Mbits/sec  58560  
[  5]  37.00-38.00  sec  52.5 MBytes   440 Mbits/sec  46730  
[  5]  38.00-39.00  sec  53.6 MBytes   449 Mbits/sec  47680  
[  5]  39.00-40.00  sec  61.5 MBytes   516 Mbits/sec  54750  
[  5]  40.00-41.00  sec  67.8 MBytes   568 Mbits/sec  60310  
[  5]  41.00-42.00  sec  64.4 MBytes   540 Mbits/sec  57300  
[  5]  42.00-43.00  sec  67.1 MBytes   563 Mbits/sec  59720  
[  5]  43.00-44.00  sec  63.2 MBytes   530 Mbits/sec  56230  
[  5]  44.00-45.00  sec  66.6 MBytes   559 Mbits/sec  59270  
[  5]  45.00-46.00  sec  69.6 MBytes   584 Mbits/sec  61920  
[  5]  46.00-47.00  sec  60.7 MBytes   509 Mbits/sec  54050  
[  5]  47.00-48.00  sec  62.0 MBytes   521 Mbits/sec  55230  
[  5]  48.00-49.00  sec  62.3 MBytes   522 Mbits/sec  55430  
[  5]  49.00-50.00  sec  63.2 MBytes   530 Mbits/sec  56250  
[  5]  50.00-51.00  sec  62.4 MBytes   523 Mbits/sec  55530  
[  5]  51.00-52.00  sec  61.6 MBytes   517 Mbits/sec  54870  
[  5]  52.00-53.00  sec  70.0 MBytes   587 Mbits/sec  62270  
[  5]  53.00-54.00  sec  60.3 MBytes   506 Mbits/sec  53680  
[  5]  54.00-55.00  sec  65.2 MBytes   547 Mbits/sec  58050  
[  5]  55.00-56.00  sec  68.1 MBytes   571 Mbits/sec  60630  
[  5]  56.00-57.00  sec  63.3 MBytes   531 Mbits/sec  56320  
[  5]  57.00-58.00  sec  60.8 MBytes   510 Mbits/sec  54150  
[  5]  58.00-59.00  sec  60.6 MBytes   508 Mbits/sec  53930  
[  5]  59.00-60.00  sec  59.1 MBytes   496 Mbits/sec  52580  
- - - - - - - - - - - - - - - - - - - - - - - - -
[ ID] Interval           Transfer     Bitrate         Jitter    Lost/Total Datagrams
[  5]   0.00-60.00  sec  3.72 GBytes   532 Mbits/sec  0.000 ms  0/3387440 (0%)  sender
[  5]   0.00-60.04  sec  3.45 GBytes   493 Mbits/sec  0.030 ms  253277/3387430 (7.5%)  receiver

iperf Done.
