Connecting to host 10.136.80.151, port 5201
[  5] local 10.136.173.86 port 51384 connected to 10.136.80.151 port 5201
[ ID] Interval           Transfer     Bitrate         Total Datagrams
[  5]   0.00-1.00   sec  55.1 MBytes   462 Mbits/sec  49030  (omitted)
[  5]   0.00-1.00   sec  55.2 MBytes   463 Mbits/sec  49160  
[  5]   1.00-2.00   sec  54.2 MBytes   455 Mbits/sec  48240  
[  5]   2.00-3.00   sec  58.2 MBytes   489 Mbits/sec  51840  
[  5]   3.00-4.00   sec  53.6 MBytes   450 Mbits/sec  47730  
[  5]   4.00-5.00   sec  60.1 MBytes   504 Mbits/sec  53530  
[  5]   5.00-6.00   sec  57.5 MBytes   482 Mbits/sec  51160  
[  5]   6.00-7.00   sec  56.4 MBytes   473 Mbits/sec  50220  
[  5]   7.00-8.00   sec  59.5 MBytes   499 Mbits/sec  52930  
[  5]   8.00-9.00   sec  54.8 MBytes   459 Mbits/sec  48750  
[  5]   9.00-10.00  sec  52.4 MBytes   439 Mbits/sec  46620  
[  5]  10.00-11.00  sec  55.2 MBytes   463 Mbits/sec  49130  
[  5]  11.00-12.00  sec  56.0 MBytes   470 Mbits/sec  49860  
[  5]  12.00-13.00  sec  58.4 MBytes   490 Mbits/sec  51950  
[  5]  13.00-14.00  sec  54.5 MBytes   457 Mbits/sec  48490  
[  5]  14.00-15.00  sec  53.1 MBytes   445 Mbits/sec  47230  
[  5]  15.00-16.00  sec  52.6 MBytes   441 Mbits/sec  46820  
[  5]  16.00-17.00  sec  54.5 MBytes   457 Mbits/sec  48480  
[  5]  17.00-18.00  sec  61.6 MBytes   517 Mbits/sec  54840  
[  5]  18.00-19.00  sec  51.6 MBytes   433 Mbits/sec  45960  
[  5]  19.00-20.00  sec  55.3 MBytes   464 Mbits/sec  49240  
[  5]  20.00-21.00  sec  56.5 MBytes   474 Mbits/sec  50270  
[  5]  21.00-22.00  sec  60.4 MBytes   507 Mbits/sec  53770  
[  5]  22.00-23.00  sec  58.9 MBytes   494 Mbits/sec  52410  
[  5]  23.00-24.00  sec  45.0 MBytes   378 Mbits/sec  40100  
[  5]  24.00-25.00  sec  52.4 MBytes   440 Mbits/sec  46680  
[  5]  25.00-26.00  sec  50.5 MBytes   424 Mbits/sec  44960  
[  5]  26.00-27.00  sec  49.9 MBytes   419 Mbits/sec  44430  
[  5]  27.00-28.00  sec  53.8 MBytes   451 Mbits/sec  47850  
[  5]  28.00-29.00  sec  55.1 MBytes   462 Mbits/sec  49040  
[  5]  29.00-30.00  sec  59.4 MBytes   498 Mbits/sec  52840  
[  5]  30.00-31.00  sec  55.1 MBytes   462 Mbits/sec  49020  
[  5]  31.00-32.00  sec  47.7 MBytes   400 Mbits/sec  42460  
[  5]  32.00-33.00  sec  59.8 MBytes   502 Mbits/sec  53240  
[  5]  33.00-34.00  sec  51.4 MBytes   431 Mbits/sec  45780  
[  5]  34.00-35.00  sec  60.6 MBytes   509 Mbits/sec  53950  
[  5]  35.00-36.00  sec  58.6 MBytes   492 Mbits/sec  52180  
[  5]  36.00-37.00  sec  63.1 MBytes   530 Mbits/sec  56210  
[  5]  37.00-38.00  sec  54.4 MBytes   457 Mbits/sec  48460  
[  5]  38.00-39.00  sec  50.3 MBytes   422 Mbits/sec  44760  
[  5]  39.00-40.00  sec  53.5 MBytes   449 Mbits/sec  47620  
[  5]  40.00-41.00  sec  58.8 MBytes   493 Mbits/sec  52340  
[  5]  41.00-42.00  sec  53.7 MBytes   450 Mbits/sec  47790  
[  5]  42.00-43.00  sec  50.2 MBytes   421 Mbits/sec  44710  
[  5]  43.00-44.00  sec  44.8 MBytes   376 Mbits/sec  39900  
[  5]  44.00-45.00  sec  61.9 MBytes   519 Mbits/sec  55060  
[  5]  45.00-46.00  sec  55.8 MBytes   468 Mbits/sec  49710  
[  5]  46.00-47.00  sec  55.1 MBytes   462 Mbits/sec  49010  
[  5]  47.00-48.00  sec  58.3 MBytes   489 Mbits/sec  51880  
[  5]  48.00-49.00  sec  56.4 MBytes   473 Mbits/sec  50220  
[  5]  49.00-50.00  sec  54.3 MBytes   455 Mbits/sec  48330  
[  5]  50.00-51.00  sec  59.4 MBytes   498 Mbits/sec  52870  
[  5]  51.00-52.00  sec  59.9 MBytes   503 Mbits/sec  53330  
[  5]  52.00-53.00  sec  55.2 MBytes   463 Mbits/sec  49140  
[  5]  53.00-54.00  sec  46.3 MBytes   388 Mbits/sec  41220  
[  5]  54.00-55.00  sec  53.6 MBytes   449 Mbits/sec  47670  
[  5]  55.00-56.00  sec  56.7 MBytes   476 Mbits/sec  50480  
[  5]  56.00-57.00  sec  52.1 MBytes   437 Mbits/sec  46420  
[  5]  57.00-58.00  sec  61.8 MBytes   518 Mbits/sec  54970  
[  5]  58.00-59.00  sec  53.6 MBytes   449 Mbits/sec  47680  
[  5]  59.00-60.00  sec  44.1 MBytes   370 Mbits/sec  39270  
- - - - - - - - - - - - - - - - - - - - - - - - -
[ ID] Interval           Transfer     Bitrate         Jitter    Lost/Total Datagrams
[  5]   0.00-60.00  sec  3.23 GBytes   462 Mbits/sec  0.000 ms  0/2940210 (0%)  sender
[  5]   0.00-60.05  sec  1.99 GBytes   285 Mbits/sec  0.012 ms  1143712/2940210 (39%)  receiver

iperf Done.
