Connecting to host 10.136.80.145, port 5201
[  5] local 10.136.173.111 port 48639 connected to 10.136.80.145 port 5201
[ ID] Interval           Transfer     Bitrate         Total Datagrams
[  5]   0.00-1.00   sec  49.7 MBytes   417 Mbits/sec  44260  (omitted)
[  5]   0.00-1.00   sec  53.0 MBytes   444 Mbits/sec  47170  
[  5]   1.00-2.00   sec  54.2 MBytes   454 Mbits/sec  48230  
[  5]   2.00-3.00   sec  52.7 MBytes   442 Mbits/sec  46890  
[  5]   3.00-4.00   sec  60.0 MBytes   503 Mbits/sec  53410  
[  5]   4.00-5.00   sec  56.9 MBytes   478 Mbits/sec  50690  
[  5]   5.00-6.00   sec  57.6 MBytes   484 Mbits/sec  51310  
[  5]   6.00-7.00   sec  52.2 MBytes   438 Mbits/sec  46480  
[  5]   7.00-8.00   sec  51.1 MBytes   429 Mbits/sec  45480  
[  5]   8.00-9.00   sec  54.7 MBytes   459 Mbits/sec  48680  
[  5]   9.00-10.00  sec  52.9 MBytes   443 Mbits/sec  47050  
[  5]  10.00-11.00  sec  59.1 MBytes   496 Mbits/sec  52580  
[  5]  11.00-12.00  sec  49.0 MBytes   411 Mbits/sec  43630  
[  5]  12.00-13.00  sec  53.7 MBytes   451 Mbits/sec  47810  
[  5]  13.00-14.00  sec  53.6 MBytes   450 Mbits/sec  47740  
[  5]  14.00-15.00  sec  52.5 MBytes   440 Mbits/sec  46700  
[  5]  15.00-16.00  sec  60.2 MBytes   505 Mbits/sec  53600  
[  5]  16.00-17.00  sec  55.3 MBytes   464 Mbits/sec  49260  
[  5]  17.00-18.00  sec  57.6 MBytes   483 Mbits/sec  51250  
[  5]  18.00-19.00  sec  56.9 MBytes   477 Mbits/sec  50650  
[  5]  19.00-20.00  sec  57.8 MBytes   485 Mbits/sec  51420  
[  5]  20.00-21.00  sec  53.2 MBytes   446 Mbits/sec  47340  
[  5]  21.00-22.00  sec  54.8 MBytes   460 Mbits/sec  48760  
[  5]  22.00-23.00  sec  51.5 MBytes   432 Mbits/sec  45830  
[  5]  23.00-24.00  sec  52.5 MBytes   441 Mbits/sec  46750  
[  5]  24.00-25.00  sec  54.1 MBytes   454 Mbits/sec  48130  
[  5]  25.00-26.00  sec  56.1 MBytes   471 Mbits/sec  49980  
[  5]  26.00-27.00  sec  55.5 MBytes   466 Mbits/sec  49420  
[  5]  27.00-28.00  sec  57.7 MBytes   484 Mbits/sec  51360  
[  5]  28.00-29.00  sec  55.4 MBytes   465 Mbits/sec  49340  
[  5]  29.00-30.00  sec  53.1 MBytes   446 Mbits/sec  47290  
[  5]  30.00-31.00  sec  52.4 MBytes   439 Mbits/sec  46640  
[  5]  31.00-32.00  sec  52.6 MBytes   441 Mbits/sec  46810  
[  5]  32.00-33.00  sec  57.5 MBytes   482 Mbits/sec  51140  
[  5]  33.00-34.00  sec  50.7 MBytes   425 Mbits/sec  45130  
[  5]  34.00-35.00  sec  57.1 MBytes   479 Mbits/sec  50800  
[  5]  35.00-36.00  sec  55.0 MBytes   462 Mbits/sec  48990  
[  5]  36.00-37.00  sec  53.3 MBytes   447 Mbits/sec  47400  
[  5]  37.00-38.00  sec  55.4 MBytes   465 Mbits/sec  49330  
[  5]  38.00-39.00  sec  51.3 MBytes   431 Mbits/sec  45690  
[  5]  39.00-40.00  sec  52.0 MBytes   436 Mbits/sec  46260  
[  5]  40.00-41.00  sec  53.9 MBytes   452 Mbits/sec  47980  
[  5]  41.00-42.00  sec  49.6 MBytes   416 Mbits/sec  44130  
[  5]  42.00-43.00  sec  50.2 MBytes   421 Mbits/sec  44650  
[  5]  43.00-44.00  sec  44.4 MBytes   372 Mbits/sec  39490  
[  5]  44.00-45.00  sec  49.4 MBytes   414 Mbits/sec  43980  
[  5]  45.00-46.00  sec  55.3 MBytes   464 Mbits/sec  49260  
[  5]  46.00-47.00  sec  50.9 MBytes   427 Mbits/sec  45340  
[  5]  47.00-48.00  sec  56.9 MBytes   478 Mbits/sec  50690  
[  5]  48.00-49.00  sec  56.8 MBytes   476 Mbits/sec  50560  
[  5]  49.00-50.00  sec  51.9 MBytes   435 Mbits/sec  46210  
[  5]  50.00-51.00  sec  53.5 MBytes   449 Mbits/sec  47590  
[  5]  51.00-52.00  sec  55.9 MBytes   469 Mbits/sec  49740  
[  5]  52.00-53.00  sec  50.3 MBytes   422 Mbits/sec  44800  
[  5]  53.00-54.00  sec  53.9 MBytes   452 Mbits/sec  47940  
[  5]  54.00-55.00  sec  42.0 MBytes   352 Mbits/sec  37400  
[  5]  55.00-56.00  sec  47.5 MBytes   398 Mbits/sec  42240  
[  5]  56.00-57.00  sec  50.5 MBytes   424 Mbits/sec  44950  
[  5]  57.00-58.00  sec  51.1 MBytes   429 Mbits/sec  45500  
[  5]  58.00-59.00  sec  54.0 MBytes   453 Mbits/sec  48070  
[  5]  59.00-60.00  sec  50.8 MBytes   426 Mbits/sec  45190  
- - - - - - - - - - - - - - - - - - - - - - - - -
[ ID] Interval           Transfer     Bitrate         Jitter    Lost/Total Datagrams
[  5]   0.00-60.00  sec  3.14 GBytes   449 Mbits/sec  0.000 ms  0/2858130 (0%)  sender
[  5]   0.00-60.30  sec  2.16 GBytes   308 Mbits/sec  0.008 ms  901912/2858130 (32%)  receiver

iperf Done.
