Connecting to host 10.136.80.172, port 5201
[  5] local 10.136.173.108 port 54146 connected to 10.136.80.172 port 5201
[ ID] Interval           Transfer     Bitrate         Total Datagrams
[  5]   0.00-1.00   sec  61.3 MBytes   514 Mbits/sec  54550  (omitted)
[  5]   0.00-1.00   sec  60.1 MBytes   504 Mbits/sec  53540  
[  5]   1.00-2.00   sec  64.1 MBytes   538 Mbits/sec  57100  
[  5]   2.00-3.00   sec  62.1 MBytes   521 Mbits/sec  55320  
[  5]   3.00-4.00   sec  64.9 MBytes   545 Mbits/sec  57810  
[  5]   4.00-5.00   sec  62.7 MBytes   526 Mbits/sec  55780  
[  5]   5.00-6.00   sec  63.6 MBytes   534 Mbits/sec  56640  
[  5]   6.00-7.00   sec  66.7 MBytes   559 Mbits/sec  59340  
[  5]   7.00-8.00   sec  64.5 MBytes   541 Mbits/sec  57380  
[  5]   8.00-9.00   sec  63.0 MBytes   529 Mbits/sec  56120  
[  5]   9.00-10.00  sec  62.8 MBytes   527 Mbits/sec  55940  
[  5]  10.00-11.00  sec  61.3 MBytes   515 Mbits/sec  54600  
[  5]  11.00-12.00  sec  63.9 MBytes   536 Mbits/sec  56840  
[  5]  12.00-13.00  sec  60.9 MBytes   511 Mbits/sec  54220  
[  5]  13.00-14.00  sec  62.8 MBytes   527 Mbits/sec  55880  
[  5]  14.00-15.00  sec  61.3 MBytes   514 Mbits/sec  54540  
[  5]  15.00-16.00  sec  69.5 MBytes   583 Mbits/sec  61870  
[  5]  16.00-17.00  sec  62.3 MBytes   523 Mbits/sec  55470  
[  5]  17.00-18.00  sec  62.7 MBytes   526 Mbits/sec  55780  
[  5]  18.00-19.00  sec  62.5 MBytes   525 Mbits/sec  55670  
[  5]  19.00-20.00  sec  61.6 MBytes   517 Mbits/sec  54870  
[  5]  20.00-21.00  sec  62.4 MBytes   523 Mbits/sec  55510  
[  5]  21.00-22.00  sec  62.1 MBytes   521 Mbits/sec  55270  
[  5]  22.00-23.00  sec  61.0 MBytes   511 Mbits/sec  54280  
[  5]  23.00-24.00  sec  68.4 MBytes   574 Mbits/sec  60880  
[  5]  24.00-25.00  sec  60.8 MBytes   510 Mbits/sec  54150  
[  5]  25.00-26.00  sec  64.5 MBytes   541 Mbits/sec  57410  
[  5]  26.00-27.00  sec  64.2 MBytes   539 Mbits/sec  57170  
[  5]  27.00-28.00  sec  60.9 MBytes   511 Mbits/sec  54220  
[  5]  28.00-29.00  sec  67.6 MBytes   567 Mbits/sec  60130  
[  5]  29.00-30.00  sec  67.0 MBytes   562 Mbits/sec  59640  
[  5]  30.00-31.00  sec  61.7 MBytes   517 Mbits/sec  54900  
[  5]  31.00-32.00  sec  62.1 MBytes   521 Mbits/sec  55250  
[  5]  32.00-33.00  sec  62.4 MBytes   523 Mbits/sec  55550  
[  5]  33.00-34.00  sec  67.1 MBytes   563 Mbits/sec  59720  
[  5]  34.00-35.00  sec  61.0 MBytes   511 Mbits/sec  54260  
[  5]  35.00-36.00  sec  64.4 MBytes   540 Mbits/sec  57340  
[  5]  36.00-37.00  sec  72.4 MBytes   608 Mbits/sec  64470  
[  5]  37.00-38.00  sec  61.7 MBytes   518 Mbits/sec  54930  
[  5]  38.00-39.00  sec  63.8 MBytes   535 Mbits/sec  56750  
[  5]  39.00-40.00  sec  59.7 MBytes   501 Mbits/sec  53120  
[  5]  40.00-41.00  sec  62.5 MBytes   524 Mbits/sec  55640  
[  5]  41.00-42.00  sec  60.4 MBytes   507 Mbits/sec  53780  
[  5]  42.00-43.00  sec  54.2 MBytes   455 Mbits/sec  48250  
[  5]  43.00-44.00  sec  65.9 MBytes   553 Mbits/sec  58660  
[  5]  44.00-45.00  sec  60.3 MBytes   506 Mbits/sec  53640  
[  5]  45.00-46.00  sec  62.5 MBytes   525 Mbits/sec  55660  
[  5]  46.00-47.00  sec  60.7 MBytes   509 Mbits/sec  53990  
[  5]  47.00-48.00  sec  64.3 MBytes   539 Mbits/sec  57210  
[  5]  48.00-49.00  sec  64.6 MBytes   542 Mbits/sec  57540  
[  5]  49.00-50.00  sec  60.6 MBytes   508 Mbits/sec  53940  
[  5]  50.00-51.00  sec  61.4 MBytes   515 Mbits/sec  54610  
[  5]  51.00-52.00  sec  63.3 MBytes   531 Mbits/sec  56330  
[  5]  52.00-53.00  sec  61.4 MBytes   515 Mbits/sec  54650  
[  5]  53.00-54.00  sec  65.6 MBytes   550 Mbits/sec  58390  
[  5]  54.00-55.00  sec  61.9 MBytes   519 Mbits/sec  55110  
[  5]  55.00-56.00  sec  60.8 MBytes   510 Mbits/sec  54080  
[  5]  56.00-57.00  sec  61.8 MBytes   518 Mbits/sec  54990  
[  5]  57.00-58.00  sec  62.0 MBytes   520 Mbits/sec  55150  
[  5]  58.00-59.00  sec  61.9 MBytes   519 Mbits/sec  55070  
[  5]  59.00-60.00  sec  60.5 MBytes   507 Mbits/sec  53810  
- - - - - - - - - - - - - - - - - - - - - - - - -
[ ID] Interval           Transfer     Bitrate         Jitter    Lost/Total Datagrams
[  5]   0.00-60.00  sec  3.69 GBytes   528 Mbits/sec  0.000 ms  0/3360160 (0%)  sender
[  5]   0.00-60.04  sec  3.60 GBytes   516 Mbits/sec  0.013 ms  77208/3360159 (2.3%)  receiver

iperf Done.
