Connecting to host 10.136.80.170, port 5201
[  5] local 10.136.173.98 port 42472 connected to 10.136.80.170 port 5201
[ ID] Interval           Transfer     Bitrate         Total Datagrams
[  5]   0.00-1.00   sec  97.4 MBytes   817 Mbits/sec  73080  (omitted)
[  5]   0.00-1.00   sec  79.6 MBytes   667 Mbits/sec  59680  
[  5]   1.00-2.00   sec  80.3 MBytes   673 Mbits/sec  60210  
[  5]   2.00-3.00   sec  80.7 MBytes   677 Mbits/sec  60500  
[  5]   3.00-4.00   sec  81.2 MBytes   681 Mbits/sec  60890  
[  5]   4.00-5.00   sec  93.7 MBytes   786 Mbits/sec  70270  
[  5]   5.00-6.00   sec  79.4 MBytes   666 Mbits/sec  59520  
[  5]   6.00-7.00   sec  80.6 MBytes   676 Mbits/sec  60490  
[  5]   7.00-8.00   sec  80.5 MBytes   675 Mbits/sec  60390  
[  5]   8.00-9.00   sec  79.4 MBytes   666 Mbits/sec  59590  
[  5]   9.00-10.00  sec  80.6 MBytes   676 Mbits/sec  60430  
[  5]  10.00-11.00  sec  79.9 MBytes   670 Mbits/sec  59950  
[  5]  11.00-12.00  sec  80.8 MBytes   678 Mbits/sec  60620  
[  5]  12.00-13.00  sec  82.1 MBytes   689 Mbits/sec  61580  
[  5]  13.00-14.00  sec  93.6 MBytes   785 Mbits/sec  70190  
[  5]  14.00-15.00  sec  93.9 MBytes   787 Mbits/sec  70410  
[  5]  15.00-16.00  sec  93.0 MBytes   780 Mbits/sec  69770  
[  5]  16.00-17.00  sec  92.8 MBytes   779 Mbits/sec  69610  
[  5]  17.00-18.00  sec  83.9 MBytes   704 Mbits/sec  62930  
[  5]  18.00-19.00  sec  78.7 MBytes   660 Mbits/sec  59030  
[  5]  19.00-20.00  sec  79.8 MBytes   670 Mbits/sec  59890  
[  5]  20.00-21.00  sec  80.5 MBytes   675 Mbits/sec  60380  
[  5]  21.00-22.00  sec  93.6 MBytes   785 Mbits/sec  70210  
[  5]  22.00-23.00  sec  94.8 MBytes   795 Mbits/sec  71130  
[  5]  23.00-24.00  sec  94.0 MBytes   789 Mbits/sec  70540  
[  5]  24.00-25.00  sec  93.9 MBytes   787 Mbits/sec  70410  
[  5]  25.00-26.00  sec  88.1 MBytes   739 Mbits/sec  66110  
[  5]  26.00-27.00  sec  78.4 MBytes   657 Mbits/sec  58780  
[  5]  27.00-28.00  sec  85.2 MBytes   715 Mbits/sec  63920  
[  5]  28.00-29.00  sec  93.8 MBytes   787 Mbits/sec  70370  
[  5]  29.00-30.00  sec  94.1 MBytes   790 Mbits/sec  70600  
[  5]  30.00-31.00  sec  93.5 MBytes   784 Mbits/sec  70100  
[  5]  31.00-32.00  sec  93.8 MBytes   787 Mbits/sec  70390  
[  5]  32.00-33.00  sec  93.5 MBytes   785 Mbits/sec  70160  
[  5]  33.00-34.00  sec  94.2 MBytes   790 Mbits/sec  70660  
[  5]  34.00-35.00  sec  94.7 MBytes   794 Mbits/sec  71030  
[  5]  35.00-36.00  sec  94.1 MBytes   789 Mbits/sec  70560  
[  5]  36.00-37.00  sec  94.0 MBytes   788 Mbits/sec  70490  
[  5]  37.00-38.00  sec  93.7 MBytes   786 Mbits/sec  70300  
[  5]  38.00-39.00  sec  94.0 MBytes   789 Mbits/sec  70510  
[  5]  39.00-40.00  sec  93.6 MBytes   786 Mbits/sec  70240  
[  5]  40.00-41.00  sec  88.5 MBytes   742 Mbits/sec  66350  
[  5]  41.00-42.00  sec  92.7 MBytes   778 Mbits/sec  69520  
[  5]  42.00-43.00  sec  94.6 MBytes   794 Mbits/sec  70980  
[  5]  43.00-44.00  sec  93.4 MBytes   784 Mbits/sec  70090  
[  5]  44.00-45.00  sec  94.7 MBytes   795 Mbits/sec  71060  
[  5]  45.00-46.00  sec  96.3 MBytes   808 Mbits/sec  72240  
[  5]  46.00-47.00  sec  93.3 MBytes   782 Mbits/sec  69960  
[  5]  47.00-48.00  sec  93.3 MBytes   783 Mbits/sec  70010  
[  5]  48.00-49.00  sec  93.5 MBytes   784 Mbits/sec  70100  
[  5]  49.00-50.00  sec  94.2 MBytes   790 Mbits/sec  70640  
[  5]  50.00-51.00  sec  94.3 MBytes   791 Mbits/sec  70760  
[  5]  51.00-52.00  sec  94.0 MBytes   789 Mbits/sec  70540  
[  5]  52.00-53.00  sec  92.4 MBytes   776 Mbits/sec  69340  
[  5]  53.00-54.00  sec  93.6 MBytes   785 Mbits/sec  70210  
[  5]  54.00-55.00  sec  95.7 MBytes   803 Mbits/sec  71760  
[  5]  55.00-56.00  sec  96.6 MBytes   810 Mbits/sec  72450  
[  5]  56.00-57.00  sec  95.5 MBytes   801 Mbits/sec  71610  
[  5]  57.00-58.00  sec  93.9 MBytes   788 Mbits/sec  70430  
[  5]  58.00-59.00  sec  94.5 MBytes   793 Mbits/sec  70870  
[  5]  59.00-60.00  sec  93.8 MBytes   787 Mbits/sec  70350  
- - - - - - - - - - - - - - - - - - - - - - - - -
[ ID] Interval           Transfer     Bitrate         Jitter    Lost/Total Datagrams
[  5]   0.00-60.00  sec  5.26 GBytes   753 Mbits/sec  0.000 ms  0/4042110 (0%)  sender
[  5]   0.00-60.04  sec  5.26 GBytes   753 Mbits/sec  0.014 ms  1716/4042107 (0.042%)  receiver

iperf Done.
