Connecting to host knb-server-48827, port 5201
[  5] local 10.136.173.70 port 47531 connected to 10.43.81.117 port 5201
[ ID] Interval           Transfer     Bitrate         Total Datagrams
[  5]   0.00-1.00   sec  51.6 MBytes   433 Mbits/sec  45940  (omitted)
[  5]   0.00-1.00   sec  51.9 MBytes   435 Mbits/sec  46220  
[  5]   1.00-2.00   sec  51.7 MBytes   433 Mbits/sec  45980  
[  5]   2.00-3.00   sec  55.6 MBytes   467 Mbits/sec  49530  
[  5]   3.00-4.00   sec  51.4 MBytes   431 Mbits/sec  45740  
[  5]   4.00-5.00   sec  53.7 MBytes   451 Mbits/sec  47840  
[  5]   5.00-6.00   sec  52.4 MBytes   440 Mbits/sec  46640  
[  5]   6.00-7.00   sec  45.6 MBytes   382 Mbits/sec  40550  
[  5]   7.00-8.00   sec  30.3 MBytes   255 Mbits/sec  27010  
[  5]   8.00-9.00   sec  44.8 MBytes   376 Mbits/sec  39910  
[  5]   9.00-10.00  sec  51.7 MBytes   434 Mbits/sec  46050  
[  5]  10.00-11.00  sec  54.9 MBytes   460 Mbits/sec  48830  
[  5]  11.00-12.00  sec  51.6 MBytes   433 Mbits/sec  45890  
[  5]  12.00-13.00  sec  53.7 MBytes   451 Mbits/sec  47820  
[  5]  13.00-14.00  sec  53.0 MBytes   445 Mbits/sec  47170  
[  5]  14.00-15.00  sec  52.0 MBytes   436 Mbits/sec  46250  
[  5]  15.00-16.00  sec  52.4 MBytes   440 Mbits/sec  46660  
[  5]  16.00-17.00  sec  49.7 MBytes   417 Mbits/sec  44220  
[  5]  17.00-18.00  sec  53.5 MBytes   449 Mbits/sec  47660  
[  5]  18.00-19.00  sec  51.1 MBytes   428 Mbits/sec  45460  
[  5]  19.00-20.00  sec  50.9 MBytes   427 Mbits/sec  45320  
[  5]  20.00-21.00  sec  54.6 MBytes   458 Mbits/sec  48640  
[  5]  21.00-22.00  sec  54.0 MBytes   453 Mbits/sec  48090  
[  5]  22.00-23.00  sec  48.0 MBytes   403 Mbits/sec  42730  
[  5]  23.00-24.00  sec  53.2 MBytes   446 Mbits/sec  47340  
[  5]  24.00-25.00  sec  53.0 MBytes   445 Mbits/sec  47220  
[  5]  25.00-26.00  sec  53.3 MBytes   447 Mbits/sec  47420  
[  5]  26.00-27.00  sec  53.1 MBytes   446 Mbits/sec  47300  
[  5]  27.00-28.00  sec  50.1 MBytes   420 Mbits/sec  44610  
[  5]  28.00-29.00  sec  53.8 MBytes   452 Mbits/sec  47910  
[  5]  29.00-30.00  sec  51.9 MBytes   435 Mbits/sec  46160  
[  5]  30.00-31.00  sec  54.2 MBytes   454 Mbits/sec  48210  
[  5]  31.00-32.00  sec  52.8 MBytes   443 Mbits/sec  47020  
[  5]  32.00-33.00  sec  53.4 MBytes   448 Mbits/sec  47520  
[  5]  33.00-34.00  sec  53.3 MBytes   447 Mbits/sec  47430  
[  5]  34.00-35.00  sec  52.6 MBytes   441 Mbits/sec  46840  
[  5]  35.00-36.00  sec  53.4 MBytes   448 Mbits/sec  47500  
[  5]  36.00-37.00  sec  50.5 MBytes   423 Mbits/sec  44930  
[  5]  37.00-38.00  sec  52.8 MBytes   443 Mbits/sec  47040  
[  5]  38.00-39.00  sec  53.0 MBytes   445 Mbits/sec  47210  
[  5]  39.00-40.00  sec  53.1 MBytes   446 Mbits/sec  47290  
[  5]  40.00-41.00  sec  53.7 MBytes   450 Mbits/sec  47770  
[  5]  41.00-42.00  sec  51.9 MBytes   436 Mbits/sec  46220  
[  5]  42.00-43.00  sec  53.5 MBytes   448 Mbits/sec  47580  
[  5]  43.00-44.00  sec  52.5 MBytes   440 Mbits/sec  46710  
[  5]  44.00-45.00  sec  53.2 MBytes   446 Mbits/sec  47350  
[  5]  45.00-46.00  sec  52.8 MBytes   443 Mbits/sec  47020  
[  5]  46.00-47.00  sec  49.6 MBytes   416 Mbits/sec  44130  
[  5]  47.00-48.00  sec  49.7 MBytes   417 Mbits/sec  44280  
[  5]  48.00-49.00  sec  54.1 MBytes   454 Mbits/sec  48150  
[  5]  49.00-50.00  sec  51.8 MBytes   434 Mbits/sec  46070  
[  5]  50.00-51.00  sec  52.5 MBytes   441 Mbits/sec  46750  
[  5]  51.00-52.00  sec  52.2 MBytes   438 Mbits/sec  46500  
[  5]  52.00-53.00  sec  40.2 MBytes   337 Mbits/sec  35810  
[  5]  53.00-54.00  sec  51.4 MBytes   431 Mbits/sec  45720  
[  5]  54.00-55.00  sec  54.3 MBytes   455 Mbits/sec  48300  
[  5]  55.00-56.00  sec  49.2 MBytes   412 Mbits/sec  43760  
[  5]  56.00-57.00  sec  51.3 MBytes   430 Mbits/sec  45640  
[  5]  57.00-58.00  sec  49.7 MBytes   417 Mbits/sec  44210  
[  5]  58.00-59.00  sec  56.8 MBytes   476 Mbits/sec  50520  
[  5]  59.00-60.00  sec  56.4 MBytes   473 Mbits/sec  50170  
- - - - - - - - - - - - - - - - - - - - - - - - -
[ ID] Interval           Transfer     Bitrate         Jitter    Lost/Total Datagrams
[  5]   0.00-60.00  sec  3.03 GBytes   434 Mbits/sec  0.000 ms  0/2761820 (0%)  sender
[  5]   0.00-60.20  sec  1.86 GBytes   265 Mbits/sec  0.022 ms  1087156/2761820 (39%)  receiver

iperf Done.
