Connecting to host 10.136.80.171, port 5201
[  5] local 10.136.173.103 port 44862 connected to 10.136.80.171 port 5201
[ ID] Interval           Transfer     Bitrate         Total Datagrams
[  5]   0.00-1.00   sec  55.1 MBytes   462 Mbits/sec  49070  (omitted)
[  5]   0.00-1.00   sec  61.4 MBytes   515 Mbits/sec  54680  
[  5]   1.00-2.00   sec  57.7 MBytes   484 Mbits/sec  51330  
[  5]   2.00-3.00   sec  58.9 MBytes   494 Mbits/sec  52450  
[  5]   3.00-4.00   sec  46.4 MBytes   389 Mbits/sec  41290  
[  5]   4.00-5.00   sec  60.2 MBytes   505 Mbits/sec  53620  
[  5]   5.00-6.00   sec  61.0 MBytes   512 Mbits/sec  54310  
[  5]   6.00-7.00   sec  57.4 MBytes   481 Mbits/sec  51060  
[  5]   7.00-8.00   sec  51.3 MBytes   431 Mbits/sec  45690  
[  5]   8.00-9.00   sec  58.3 MBytes   489 Mbits/sec  51880  
[  5]   9.00-10.00  sec  54.6 MBytes   458 Mbits/sec  48620  
[  5]  10.00-11.00  sec  56.5 MBytes   474 Mbits/sec  50280  
[  5]  11.00-12.00  sec  57.7 MBytes   484 Mbits/sec  51350  
[  5]  12.00-13.00  sec  64.2 MBytes   539 Mbits/sec  57190  
[  5]  13.00-14.00  sec  54.7 MBytes   459 Mbits/sec  48720  
[  5]  14.00-15.00  sec  56.9 MBytes   477 Mbits/sec  50650  
[  5]  15.00-16.00  sec  61.9 MBytes   520 Mbits/sec  55140  
[  5]  16.00-17.00  sec  54.8 MBytes   460 Mbits/sec  48820  
[  5]  17.00-18.00  sec  58.0 MBytes   487 Mbits/sec  51670  
[  5]  18.00-19.00  sec  57.9 MBytes   486 Mbits/sec  51570  
[  5]  19.00-20.00  sec  56.5 MBytes   474 Mbits/sec  50270  
[  5]  20.00-21.00  sec  50.4 MBytes   422 Mbits/sec  44830  
[  5]  21.00-22.00  sec  54.2 MBytes   455 Mbits/sec  48250  
[  5]  22.00-23.00  sec  60.2 MBytes   505 Mbits/sec  53590  
[  5]  23.00-24.00  sec  62.7 MBytes   526 Mbits/sec  55800  
[  5]  24.00-25.00  sec  55.6 MBytes   466 Mbits/sec  49480  
[  5]  25.00-26.00  sec  53.3 MBytes   447 Mbits/sec  47470  
[  5]  26.00-27.00  sec  52.4 MBytes   440 Mbits/sec  46660  
[  5]  27.00-28.00  sec  58.1 MBytes   487 Mbits/sec  51690  
[  5]  28.00-29.00  sec  59.4 MBytes   498 Mbits/sec  52830  
[  5]  29.00-30.00  sec  57.2 MBytes   480 Mbits/sec  50940  
[  5]  30.00-31.00  sec  59.2 MBytes   497 Mbits/sec  52690  
[  5]  31.00-32.00  sec  58.4 MBytes   489 Mbits/sec  51940  
[  5]  32.00-33.00  sec  49.1 MBytes   412 Mbits/sec  43750  
[  5]  33.00-34.00  sec  61.6 MBytes   516 Mbits/sec  54810  
[  5]  34.00-35.00  sec  58.4 MBytes   489 Mbits/sec  51940  
[  5]  35.00-36.00  sec  62.8 MBytes   527 Mbits/sec  55940  
[  5]  36.00-37.00  sec  62.3 MBytes   522 Mbits/sec  55440  
[  5]  37.00-38.00  sec  50.8 MBytes   426 Mbits/sec  45210  
[  5]  38.00-39.00  sec  54.4 MBytes   456 Mbits/sec  48430  
[  5]  39.00-40.00  sec  45.5 MBytes   382 Mbits/sec  40520  
[  5]  40.00-41.00  sec  50.0 MBytes   419 Mbits/sec  44490  
[  5]  41.00-42.00  sec  52.9 MBytes   444 Mbits/sec  47130  
[  5]  42.00-43.00  sec  55.8 MBytes   468 Mbits/sec  49710  
[  5]  43.00-44.00  sec  58.8 MBytes   494 Mbits/sec  52380  
[  5]  44.00-45.00  sec  52.1 MBytes   437 Mbits/sec  46400  
[  5]  45.00-46.00  sec  45.3 MBytes   380 Mbits/sec  40330  
[  5]  46.00-47.00  sec  52.1 MBytes   437 Mbits/sec  46360  
[  5]  47.00-48.00  sec  58.6 MBytes   491 Mbits/sec  52120  
[  5]  48.00-49.00  sec  63.7 MBytes   534 Mbits/sec  56700  
[  5]  49.00-50.00  sec  56.7 MBytes   476 Mbits/sec  50470  
[  5]  50.00-51.00  sec  58.9 MBytes   494 Mbits/sec  52470  
[  5]  51.00-52.00  sec  52.3 MBytes   439 Mbits/sec  46580  
[  5]  52.00-53.00  sec  55.6 MBytes   466 Mbits/sec  49500  
[  5]  53.00-54.00  sec  60.4 MBytes   507 Mbits/sec  53780  
[  5]  54.00-55.00  sec  49.6 MBytes   416 Mbits/sec  44110  
[  5]  55.00-56.00  sec  50.8 MBytes   426 Mbits/sec  45190  
[  5]  56.00-57.00  sec  56.5 MBytes   474 Mbits/sec  50330  
[  5]  57.00-58.00  sec  57.9 MBytes   485 Mbits/sec  51510  
[  5]  58.00-59.00  sec  53.9 MBytes   452 Mbits/sec  47990  
[  5]  59.00-60.00  sec  47.5 MBytes   399 Mbits/sec  42320  
- - - - - - - - - - - - - - - - - - - - - - - - -
[ ID] Interval           Transfer     Bitrate         Jitter    Lost/Total Datagrams
[  5]   0.00-60.00  sec  3.28 GBytes   470 Mbits/sec  0.000 ms  0/2992670 (0%)  sender
[  5]   0.00-60.05  sec  2.10 GBytes   300 Mbits/sec  0.017 ms  1099156/2992670 (37%)  receiver

iperf Done.
