Connecting to host 10.136.80.170, port 5201
[  5] local 10.136.173.94 port 36501 connected to 10.136.80.170 port 5201
[ ID] Interval           Transfer     Bitrate         Total Datagrams
[  5]   0.00-1.00   sec  92.6 MBytes   777 Mbits/sec  69460  (omitted)
[  5]   0.00-1.00   sec  92.3 MBytes   774 Mbits/sec  69210  
[  5]   1.00-2.00   sec  93.2 MBytes   782 Mbits/sec  69900  
[  5]   2.00-3.00   sec  92.8 MBytes   779 Mbits/sec  69630  
[  5]   3.00-4.00   sec  93.1 MBytes   781 Mbits/sec  69860  
[  5]   4.00-5.00   sec  93.2 MBytes   782 Mbits/sec  69940  
[  5]   5.00-6.00   sec  93.2 MBytes   781 Mbits/sec  69870  
[  5]   6.00-7.00   sec  92.6 MBytes   776 Mbits/sec  69420  
[  5]   7.00-8.00   sec  92.7 MBytes   778 Mbits/sec  69560  
[  5]   8.00-9.00   sec  93.7 MBytes   786 Mbits/sec  70250  
[  5]   9.00-10.00  sec  93.7 MBytes   786 Mbits/sec  70260  
[  5]  10.00-11.00  sec  92.4 MBytes   776 Mbits/sec  69340  
[  5]  11.00-12.00  sec  92.9 MBytes   779 Mbits/sec  69660  
[  5]  12.00-13.00  sec  92.2 MBytes   773 Mbits/sec  69140  
[  5]  13.00-14.00  sec  93.2 MBytes   782 Mbits/sec  69940  
[  5]  14.00-15.00  sec  93.3 MBytes   783 Mbits/sec  69970  
[  5]  15.00-16.00  sec  91.9 MBytes   771 Mbits/sec  68950  
[  5]  16.00-17.00  sec  92.5 MBytes   776 Mbits/sec  69410  
[  5]  17.00-18.00  sec  89.1 MBytes   748 Mbits/sec  66850  
[  5]  18.00-19.00  sec  92.8 MBytes   779 Mbits/sec  69630  
[  5]  19.00-20.00  sec  95.4 MBytes   800 Mbits/sec  71530  
[  5]  20.00-21.00  sec  94.4 MBytes   792 Mbits/sec  70800  
[  5]  21.00-22.00  sec  93.5 MBytes   785 Mbits/sec  70150  
[  5]  22.00-23.00  sec  93.0 MBytes   780 Mbits/sec  69730  
[  5]  23.00-24.00  sec  93.9 MBytes   787 Mbits/sec  70400  
[  5]  24.00-25.00  sec  93.9 MBytes   788 Mbits/sec  70460  
[  5]  25.00-26.00  sec  94.4 MBytes   792 Mbits/sec  70790  
[  5]  26.00-27.00  sec  91.4 MBytes   767 Mbits/sec  68590  
[  5]  27.00-28.00  sec  92.3 MBytes   774 Mbits/sec  69250  
[  5]  28.00-29.00  sec  91.9 MBytes   771 Mbits/sec  68930  
[  5]  29.00-30.00  sec  91.8 MBytes   770 Mbits/sec  68860  
[  5]  30.00-31.00  sec  90.7 MBytes   761 Mbits/sec  68020  
[  5]  31.00-32.00  sec  94.5 MBytes   793 Mbits/sec  70870  
[  5]  32.00-33.00  sec  92.4 MBytes   775 Mbits/sec  69320  
[  5]  33.00-34.00  sec  93.2 MBytes   782 Mbits/sec  69900  
[  5]  34.00-35.00  sec  92.7 MBytes   778 Mbits/sec  69540  
[  5]  35.00-36.00  sec  95.8 MBytes   803 Mbits/sec  71820  
[  5]  36.00-37.00  sec  93.4 MBytes   783 Mbits/sec  70060  
[  5]  37.00-38.00  sec  93.7 MBytes   786 Mbits/sec  70300  
[  5]  38.00-39.00  sec  93.8 MBytes   786 Mbits/sec  70330  
[  5]  39.00-40.00  sec  93.5 MBytes   784 Mbits/sec  70100  
[  5]  40.00-41.00  sec  93.7 MBytes   786 Mbits/sec  70270  
[  5]  41.00-42.00  sec  94.0 MBytes   789 Mbits/sec  70530  
[  5]  42.00-43.00  sec  92.7 MBytes   777 Mbits/sec  69500  
[  5]  43.00-44.00  sec  93.6 MBytes   785 Mbits/sec  70180  
[  5]  44.00-45.00  sec  93.8 MBytes   787 Mbits/sec  70320  
[  5]  45.00-46.00  sec  93.4 MBytes   783 Mbits/sec  70050  
[  5]  46.00-47.00  sec  93.3 MBytes   783 Mbits/sec  69990  
[  5]  47.00-48.00  sec  93.6 MBytes   785 Mbits/sec  70170  
[  5]  48.00-49.00  sec  93.5 MBytes   784 Mbits/sec  70120  
[  5]  49.00-50.00  sec  92.1 MBytes   773 Mbits/sec  69100  
[  5]  50.00-51.00  sec  93.5 MBytes   784 Mbits/sec  70130  
[  5]  51.00-52.00  sec  93.6 MBytes   785 Mbits/sec  70220  
[  5]  52.00-53.00  sec  92.5 MBytes   776 Mbits/sec  69370  
[  5]  53.00-54.00  sec  92.7 MBytes   777 Mbits/sec  69510  
[  5]  54.00-55.00  sec  94.5 MBytes   793 Mbits/sec  70910  
[  5]  55.00-56.00  sec  94.8 MBytes   796 Mbits/sec  71140  
[  5]  56.00-57.00  sec  95.6 MBytes   802 Mbits/sec  71710  
[  5]  57.00-58.00  sec  93.7 MBytes   786 Mbits/sec  70300  
[  5]  58.00-59.00  sec  93.7 MBytes   786 Mbits/sec  70270  
[  5]  59.00-60.00  sec  92.9 MBytes   780 Mbits/sec  69700  
- - - - - - - - - - - - - - - - - - - - - - - - -
[ ID] Interval           Transfer     Bitrate         Jitter    Lost/Total Datagrams
[  5]   0.00-60.00  sec  5.46 GBytes   782 Mbits/sec  0.000 ms  0/4194030 (0%)  sender
[  5]   0.00-60.04  sec  5.46 GBytes   781 Mbits/sec  0.010 ms  2353/4194029 (0.056%)  receiver

iperf Done.
