Connecting to host 10.136.80.140, port 5201
[  5] local 10.136.173.100 port 52016 connected to 10.136.80.140 port 5201
[ ID] Interval           Transfer     Bitrate         Total Datagrams
[  5]   0.00-1.00   sec  59.1 MBytes   496 Mbits/sec  52610  (omitted)
[  5]   0.00-1.00   sec  74.7 MBytes   626 Mbits/sec  66460  
[  5]   1.00-2.00   sec  74.6 MBytes   626 Mbits/sec  66380  
[  5]   2.00-3.00   sec  75.1 MBytes   630 Mbits/sec  66880  
[  5]   3.00-4.00   sec  74.4 MBytes   624 Mbits/sec  66240  
[  5]   4.00-5.00   sec  74.7 MBytes   627 Mbits/sec  66490  
[  5]   5.00-6.00   sec  73.6 MBytes   617 Mbits/sec  65500  
[  5]   6.00-7.00   sec  72.8 MBytes   611 Mbits/sec  64780  
[  5]   7.00-8.00   sec  71.4 MBytes   599 Mbits/sec  63520  
[  5]   8.00-9.00   sec  69.2 MBytes   580 Mbits/sec  61560  
[  5]   9.00-10.00  sec  71.8 MBytes   602 Mbits/sec  63900  
[  5]  10.00-11.00  sec  72.3 MBytes   606 Mbits/sec  64340  
[  5]  11.00-12.00  sec  74.7 MBytes   627 Mbits/sec  66500  
[  5]  12.00-13.00  sec  75.2 MBytes   631 Mbits/sec  66950  
[  5]  13.00-14.00  sec  74.3 MBytes   623 Mbits/sec  66120  
[  5]  14.00-15.00  sec  73.6 MBytes   617 Mbits/sec  65470  
[  5]  15.00-16.00  sec  73.4 MBytes   615 Mbits/sec  65310  
[  5]  16.00-17.00  sec  71.7 MBytes   602 Mbits/sec  63860  
[  5]  17.00-18.00  sec  76.9 MBytes   645 Mbits/sec  68490  
[  5]  18.00-19.00  sec  72.2 MBytes   606 Mbits/sec  64260  
[  5]  19.00-20.00  sec  72.5 MBytes   608 Mbits/sec  64520  
[  5]  20.00-21.00  sec  72.4 MBytes   607 Mbits/sec  64440  
[  5]  21.00-22.00  sec  71.6 MBytes   601 Mbits/sec  63730  
[  5]  22.00-23.00  sec  72.1 MBytes   604 Mbits/sec  64140  
[  5]  23.00-24.00  sec  69.4 MBytes   582 Mbits/sec  61770  
[  5]  24.00-25.00  sec  70.4 MBytes   591 Mbits/sec  62690  
[  5]  25.00-26.00  sec  55.5 MBytes   466 Mbits/sec  49430  
[  5]  26.00-27.00  sec  69.6 MBytes   584 Mbits/sec  61920  
[  5]  27.00-28.00  sec  74.7 MBytes   627 Mbits/sec  66490  
[  5]  28.00-29.00  sec  71.6 MBytes   600 Mbits/sec  63710  
[  5]  29.00-30.00  sec  72.7 MBytes   609 Mbits/sec  64670  
[  5]  30.00-31.00  sec  67.7 MBytes   568 Mbits/sec  60280  
[  5]  31.00-32.00  sec  75.6 MBytes   634 Mbits/sec  67280  
[  5]  32.00-33.00  sec  78.8 MBytes   661 Mbits/sec  70170  
[  5]  33.00-34.00  sec  74.3 MBytes   623 Mbits/sec  66100  
[  5]  34.00-35.00  sec  72.4 MBytes   608 Mbits/sec  64470  
[  5]  35.00-36.00  sec  73.2 MBytes   614 Mbits/sec  65160  
[  5]  36.00-37.00  sec  73.5 MBytes   617 Mbits/sec  65420  
[  5]  37.00-38.00  sec  74.5 MBytes   625 Mbits/sec  66310  
[  5]  38.00-39.00  sec  72.5 MBytes   608 Mbits/sec  64550  
[  5]  39.00-40.00  sec  72.1 MBytes   605 Mbits/sec  64160  
[  5]  40.00-41.00  sec  73.1 MBytes   613 Mbits/sec  65030  
[  5]  41.00-42.00  sec  73.5 MBytes   617 Mbits/sec  65430  
[  5]  42.00-43.00  sec  72.6 MBytes   609 Mbits/sec  64620  
[  5]  43.00-44.00  sec  73.8 MBytes   619 Mbits/sec  65730  
[  5]  44.00-45.00  sec  73.3 MBytes   615 Mbits/sec  65280  
[  5]  45.00-46.00  sec  72.5 MBytes   608 Mbits/sec  64540  
[  5]  46.00-47.00  sec  71.7 MBytes   602 Mbits/sec  63830  
[  5]  47.00-48.00  sec  70.3 MBytes   590 Mbits/sec  62580  
[  5]  48.00-49.00  sec  66.1 MBytes   554 Mbits/sec  58830  
[  5]  49.00-50.00  sec  59.8 MBytes   501 Mbits/sec  53220  
[  5]  50.00-51.00  sec  67.1 MBytes   563 Mbits/sec  59740  
[  5]  51.00-52.00  sec  74.9 MBytes   628 Mbits/sec  66650  
[  5]  52.00-53.00  sec  73.6 MBytes   617 Mbits/sec  65500  
[  5]  53.00-54.00  sec  67.4 MBytes   565 Mbits/sec  59970  
[  5]  54.00-55.00  sec  57.7 MBytes   484 Mbits/sec  51380  
[  5]  55.00-56.00  sec  59.5 MBytes   499 Mbits/sec  52970  
[  5]  56.00-57.00  sec  64.8 MBytes   544 Mbits/sec  57690  
[  5]  57.00-58.00  sec  73.8 MBytes   619 Mbits/sec  65730  
[  5]  58.00-59.00  sec  73.1 MBytes   613 Mbits/sec  65060  
[  5]  59.00-60.00  sec  72.2 MBytes   606 Mbits/sec  64260  
- - - - - - - - - - - - - - - - - - - - - - - - -
[ ID] Interval           Transfer     Bitrate         Jitter    Lost/Total Datagrams
[  5]   0.00-60.00  sec  4.19 GBytes   600 Mbits/sec  0.000 ms  0/3822460 (0%)  sender
[  5]   0.00-60.09  sec  1.69 GBytes   242 Mbits/sec  0.007 ms  2304839/3822460 (60%)  receiver

iperf Done.
