Connecting to host 10.136.80.140, port 5201
[  5] local 10.136.173.114 port 45824 connected to 10.136.80.140 port 5201
[ ID] Interval           Transfer     Bitrate         Retr  Cwnd
[  5]   0.00-1.00   sec  29.1 MBytes   244 Mbits/sec   34    855 KBytes       (omitted)
[  5]   0.00-1.00   sec  28.8 MBytes   241 Mbits/sec   60    464 KBytes       
[  5]   1.00-2.00   sec  30.0 MBytes   252 Mbits/sec  149    193 KBytes       
[  5]   2.00-3.00   sec  32.5 MBytes   273 Mbits/sec    1    220 KBytes       
[  5]   3.00-4.00   sec  27.5 MBytes   231 Mbits/sec    0    288 KBytes       
[  5]   4.00-5.00   sec  28.8 MBytes   241 Mbits/sec   17    185 KBytes       
[  5]   5.00-6.00   sec  28.8 MBytes   241 Mbits/sec    0    266 KBytes       
[  5]   6.00-7.00   sec  23.8 MBytes   199 Mbits/sec    0    316 KBytes       
[  5]   7.00-8.00   sec  25.0 MBytes   210 Mbits/sec    4    254 KBytes       
[  5]   8.00-9.00   sec  21.2 MBytes   178 Mbits/sec    0    299 KBytes       
[  5]   9.00-10.00  sec  28.8 MBytes   241 Mbits/sec    0    355 KBytes       
[  5]  10.00-11.00  sec  26.2 MBytes   220 Mbits/sec    0    400 KBytes       
[  5]  11.00-12.00  sec  31.2 MBytes   262 Mbits/sec    0    446 KBytes       
[  5]  12.00-13.00  sec  31.2 MBytes   262 Mbits/sec    0    487 KBytes       
[  5]  13.00-14.00  sec  30.0 MBytes   252 Mbits/sec  100    391 KBytes       
[  5]  14.00-15.00  sec  27.5 MBytes   231 Mbits/sec    0    435 KBytes       
[  5]  15.00-16.00  sec  31.2 MBytes   262 Mbits/sec    1    357 KBytes       
[  5]  16.00-17.00  sec  27.5 MBytes   231 Mbits/sec   11    303 KBytes       
[  5]  17.00-18.00  sec  27.5 MBytes   231 Mbits/sec   17    262 KBytes       
[  5]  18.00-19.00  sec  30.0 MBytes   252 Mbits/sec   12    188 KBytes       
[  5]  19.00-20.00  sec  31.2 MBytes   262 Mbits/sec    0    271 KBytes       
[  5]  20.00-21.00  sec  28.8 MBytes   241 Mbits/sec    0    332 KBytes       
[  5]  21.00-22.00  sec  31.2 MBytes   262 Mbits/sec    1    385 KBytes       
[  5]  22.00-23.00  sec  32.5 MBytes   273 Mbits/sec   25    248 KBytes       
[  5]  23.00-24.00  sec  31.2 MBytes   262 Mbits/sec   10    247 KBytes       
[  5]  24.00-25.00  sec  31.2 MBytes   262 Mbits/sec   16    250 KBytes       
[  5]  25.00-26.00  sec  36.2 MBytes   304 Mbits/sec   13    250 KBytes       
[  5]  26.00-27.00  sec  33.8 MBytes   283 Mbits/sec    1    262 KBytes       
[  5]  27.00-28.00  sec  28.8 MBytes   241 Mbits/sec   54    239 KBytes       
[  5]  28.00-29.00  sec  32.5 MBytes   273 Mbits/sec    0    311 KBytes       
[  5]  29.00-30.00  sec  28.8 MBytes   241 Mbits/sec   14    186 KBytes       
[  5]  30.00-31.00  sec  32.5 MBytes   273 Mbits/sec    8    214 KBytes       
[  5]  31.00-32.00  sec  30.0 MBytes   252 Mbits/sec    3    220 KBytes       
[  5]  32.00-33.00  sec  25.0 MBytes   210 Mbits/sec    2    221 KBytes       
[  5]  33.00-34.00  sec  32.5 MBytes   273 Mbits/sec    0    300 KBytes       
[  5]  34.00-35.00  sec  33.8 MBytes   283 Mbits/sec   32    263 KBytes       
[  5]  35.00-36.00  sec  31.2 MBytes   262 Mbits/sec    0    329 KBytes       
[  5]  36.00-37.00  sec  33.8 MBytes   283 Mbits/sec   62    213 KBytes       
[  5]  37.00-38.00  sec  27.5 MBytes   231 Mbits/sec    0    281 KBytes       
[  5]  38.00-39.00  sec  26.2 MBytes   220 Mbits/sec    0    336 KBytes       
[  5]  39.00-40.00  sec  28.8 MBytes   241 Mbits/sec    0    385 KBytes       
[  5]  40.00-41.00  sec  23.8 MBytes   199 Mbits/sec    0    423 KBytes       
[  5]  41.00-42.00  sec  31.2 MBytes   262 Mbits/sec    0    467 KBytes       
[  5]  42.00-43.00  sec  28.8 MBytes   241 Mbits/sec    0    504 KBytes       
[  5]  43.00-44.00  sec  27.5 MBytes   231 Mbits/sec    0    536 KBytes       
[  5]  44.00-45.00  sec  30.0 MBytes   252 Mbits/sec    6    421 KBytes       
[  5]  45.00-46.00  sec  30.0 MBytes   252 Mbits/sec    0    473 KBytes       
[  5]  46.00-47.00  sec  30.0 MBytes   252 Mbits/sec    0    507 KBytes       
[  5]  47.00-48.00  sec  32.5 MBytes   273 Mbits/sec   54    384 KBytes       
[  5]  48.00-49.00  sec  30.0 MBytes   252 Mbits/sec   52    234 KBytes       
[  5]  49.00-50.00  sec  31.2 MBytes   262 Mbits/sec   13    219 KBytes       
[  5]  50.00-51.00  sec  30.0 MBytes   252 Mbits/sec   30    206 KBytes       
[  5]  51.00-52.00  sec  30.0 MBytes   252 Mbits/sec    0    282 KBytes       
[  5]  52.00-53.00  sec  31.2 MBytes   262 Mbits/sec   19    200 KBytes       
[  5]  53.00-54.00  sec  31.2 MBytes   262 Mbits/sec    0    282 KBytes       
[  5]  54.00-55.00  sec  31.2 MBytes   262 Mbits/sec   15    202 KBytes       
[  5]  55.00-56.00  sec  33.8 MBytes   283 Mbits/sec   25    231 KBytes       
[  5]  56.00-57.00  sec  26.2 MBytes   220 Mbits/sec    0    292 KBytes       
[  5]  57.00-58.00  sec  26.2 MBytes   220 Mbits/sec    0    346 KBytes       
[  5]  58.00-59.00  sec  30.0 MBytes   252 Mbits/sec   26    173 KBytes       
[  5]  59.00-60.00  sec  30.0 MBytes   252 Mbits/sec    0    260 KBytes       
- - - - - - - - - - - - - - - - - - - - - - - - -
[ ID] Interval           Transfer     Bitrate         Retr
[  5]   0.00-60.00  sec  1.74 GBytes   249 Mbits/sec  853             sender
[  5]   0.00-60.05  sec  1.74 GBytes   249 Mbits/sec                  receiver

iperf Done.
