Connecting to host 10.136.80.172, port 5201
[  5] local 10.136.173.125 port 40578 connected to 10.136.80.172 port 5201
[ ID] Interval           Transfer     Bitrate         Total Datagrams
[  5]   0.00-1.00   sec  79.6 MBytes   668 Mbits/sec  70870  (omitted)
[  5]   0.00-1.00   sec  64.2 MBytes   538 Mbits/sec  57130  
[  5]   1.00-2.00   sec  61.3 MBytes   514 Mbits/sec  54560  
[  5]   2.00-3.00   sec  61.1 MBytes   513 Mbits/sec  54430  
[  5]   3.00-4.00   sec  63.7 MBytes   534 Mbits/sec  56660  
[  5]   4.00-5.00   sec  64.5 MBytes   541 Mbits/sec  57370  
[  5]   5.00-6.00   sec  66.0 MBytes   554 Mbits/sec  58780  
[  5]   6.00-7.00   sec  64.7 MBytes   542 Mbits/sec  57570  
[  5]   7.00-8.00   sec  64.2 MBytes   538 Mbits/sec  57120  
[  5]   8.00-9.00   sec  66.7 MBytes   559 Mbits/sec  59360  
[  5]   9.00-10.00  sec  66.0 MBytes   554 Mbits/sec  58790  
[  5]  10.00-11.00  sec  76.4 MBytes   641 Mbits/sec  68040  
[  5]  11.00-12.00  sec  79.4 MBytes   666 Mbits/sec  70680  
[  5]  12.00-13.00  sec  79.4 MBytes   666 Mbits/sec  70670  
[  5]  13.00-14.00  sec  78.7 MBytes   660 Mbits/sec  70080  
[  5]  14.00-15.00  sec  69.2 MBytes   580 Mbits/sec  61560  
[  5]  15.00-16.00  sec  61.7 MBytes   517 Mbits/sec  54890  
[  5]  16.00-17.00  sec  62.2 MBytes   522 Mbits/sec  55380  
[  5]  17.00-18.00  sec  65.5 MBytes   549 Mbits/sec  58300  
[  5]  18.00-19.00  sec  63.5 MBytes   533 Mbits/sec  56530  
[  5]  19.00-20.00  sec  63.7 MBytes   535 Mbits/sec  56740  
[  5]  20.00-21.00  sec  62.6 MBytes   525 Mbits/sec  55720  
[  5]  21.00-22.00  sec  61.7 MBytes   517 Mbits/sec  54890  
[  5]  22.00-23.00  sec  64.2 MBytes   539 Mbits/sec  57190  
[  5]  23.00-24.00  sec  64.8 MBytes   544 Mbits/sec  57680  
[  5]  24.00-25.00  sec  75.9 MBytes   637 Mbits/sec  67600  
[  5]  25.00-26.00  sec  78.6 MBytes   659 Mbits/sec  69970  
[  5]  26.00-27.00  sec  78.7 MBytes   660 Mbits/sec  70040  
[  5]  27.00-28.00  sec  79.0 MBytes   662 Mbits/sec  70280  
[  5]  28.00-29.00  sec  78.8 MBytes   661 Mbits/sec  70110  
[  5]  29.00-30.00  sec  78.6 MBytes   660 Mbits/sec  69990  
[  5]  30.00-31.00  sec  77.7 MBytes   652 Mbits/sec  69170  
[  5]  31.00-32.00  sec  77.8 MBytes   653 Mbits/sec  69290  
[  5]  32.00-33.00  sec  78.9 MBytes   662 Mbits/sec  70270  
[  5]  33.00-34.00  sec  78.2 MBytes   656 Mbits/sec  69570  
[  5]  34.00-35.00  sec  79.5 MBytes   667 Mbits/sec  70730  
[  5]  35.00-36.00  sec  79.2 MBytes   664 Mbits/sec  70500  
[  5]  36.00-37.00  sec  78.9 MBytes   662 Mbits/sec  70220  
[  5]  37.00-38.00  sec  78.8 MBytes   661 Mbits/sec  70100  
[  5]  38.00-39.00  sec  78.8 MBytes   661 Mbits/sec  70150  
[  5]  39.00-40.00  sec  78.7 MBytes   660 Mbits/sec  70070  
[  5]  40.00-41.00  sec  78.2 MBytes   656 Mbits/sec  69580  
[  5]  41.00-42.00  sec  77.9 MBytes   654 Mbits/sec  69360  
[  5]  42.00-43.00  sec  79.5 MBytes   667 Mbits/sec  70790  
[  5]  43.00-44.00  sec  78.3 MBytes   657 Mbits/sec  69720  
[  5]  44.00-45.00  sec  79.7 MBytes   669 Mbits/sec  70980  
[  5]  45.00-46.00  sec  80.3 MBytes   674 Mbits/sec  71500  
[  5]  46.00-47.00  sec  78.5 MBytes   659 Mbits/sec  69890  
[  5]  47.00-48.00  sec  78.6 MBytes   660 Mbits/sec  69980  
[  5]  48.00-49.00  sec  79.1 MBytes   664 Mbits/sec  70420  
[  5]  49.00-50.00  sec  78.7 MBytes   661 Mbits/sec  70090  
[  5]  50.00-51.00  sec  77.6 MBytes   651 Mbits/sec  69110  
[  5]  51.00-52.00  sec  78.3 MBytes   657 Mbits/sec  69670  
[  5]  52.00-53.00  sec  78.5 MBytes   658 Mbits/sec  69870  
[  5]  53.00-54.00  sec  79.9 MBytes   670 Mbits/sec  71130  
[  5]  54.00-55.00  sec  79.9 MBytes   670 Mbits/sec  71130  
[  5]  55.00-56.00  sec  78.8 MBytes   661 Mbits/sec  70100  
[  5]  56.00-57.00  sec  79.2 MBytes   664 Mbits/sec  70470  
[  5]  57.00-58.00  sec  79.8 MBytes   669 Mbits/sec  71040  
[  5]  58.00-59.00  sec  79.5 MBytes   667 Mbits/sec  70780  
[  5]  59.00-60.00  sec  79.4 MBytes   666 Mbits/sec  70680  
- - - - - - - - - - - - - - - - - - - - - - - - -
[ ID] Interval           Transfer     Bitrate         Jitter    Lost/Total Datagrams
[  5]   0.00-60.00  sec  4.33 GBytes   620 Mbits/sec  0.000 ms  0/3944470 (0%)  sender
[  5]   0.00-60.04  sec  4.33 GBytes   619 Mbits/sec  0.013 ms  2084/3944469 (0.053%)  receiver

iperf Done.
