Connecting to host 10.136.80.136, port 5201
[  5] local 10.136.173.73 port 56923 connected to 10.136.80.136 port 5201
[ ID] Interval           Transfer     Bitrate         Total Datagrams
[  5]   0.00-1.00   sec  62.9 MBytes   527 Mbits/sec  55960  (omitted)
[  5]   0.00-1.00   sec  61.3 MBytes   514 Mbits/sec  54600  
[  5]   1.00-2.00   sec  60.2 MBytes   505 Mbits/sec  53570  
[  5]   2.00-3.00   sec  63.1 MBytes   530 Mbits/sec  56190  
[  5]   3.00-4.00   sec  62.0 MBytes   520 Mbits/sec  55230  
[  5]   4.00-5.00   sec  68.6 MBytes   575 Mbits/sec  61040  
[  5]   5.00-6.00   sec  68.7 MBytes   576 Mbits/sec  61140  
[  5]   6.00-7.00   sec  63.2 MBytes   530 Mbits/sec  56250  
[  5]   7.00-8.00   sec  61.4 MBytes   515 Mbits/sec  54620  
[  5]   8.00-9.00   sec  61.1 MBytes   513 Mbits/sec  54390  
[  5]   9.00-10.00  sec  60.9 MBytes   510 Mbits/sec  54170  
[  5]  10.00-11.00  sec  63.3 MBytes   531 Mbits/sec  56330  
[  5]  11.00-12.00  sec  60.5 MBytes   507 Mbits/sec  53840  
[  5]  12.00-13.00  sec  62.5 MBytes   524 Mbits/sec  55610  
[  5]  13.00-14.00  sec  60.7 MBytes   509 Mbits/sec  54060  
[  5]  14.00-15.00  sec  65.8 MBytes   552 Mbits/sec  58540  
[  5]  15.00-16.00  sec  61.9 MBytes   519 Mbits/sec  55120  
[  5]  16.00-17.00  sec  63.7 MBytes   534 Mbits/sec  56660  
[  5]  17.00-18.00  sec  63.8 MBytes   535 Mbits/sec  56790  
[  5]  18.00-19.00  sec  63.1 MBytes   530 Mbits/sec  56200  
[  5]  19.00-20.00  sec  58.4 MBytes   490 Mbits/sec  51970  
[  5]  20.00-21.00  sec  63.3 MBytes   531 Mbits/sec  56360  
[  5]  21.00-22.00  sec  60.6 MBytes   508 Mbits/sec  53940  
[  5]  22.00-23.00  sec  68.8 MBytes   577 Mbits/sec  61220  
[  5]  23.00-24.00  sec  65.8 MBytes   552 Mbits/sec  58530  
[  5]  24.00-25.00  sec  64.5 MBytes   541 Mbits/sec  57400  
[  5]  25.00-26.00  sec  60.9 MBytes   511 Mbits/sec  54190  
[  5]  26.00-27.00  sec  63.1 MBytes   530 Mbits/sec  56200  
[  5]  27.00-28.00  sec  61.2 MBytes   513 Mbits/sec  54440  
[  5]  28.00-29.00  sec  63.1 MBytes   530 Mbits/sec  56200  
[  5]  29.00-30.00  sec  61.2 MBytes   513 Mbits/sec  54480  
[  5]  30.00-31.00  sec  61.1 MBytes   512 Mbits/sec  54350  
[  5]  31.00-32.00  sec  60.7 MBytes   509 Mbits/sec  54050  
[  5]  32.00-33.00  sec  63.6 MBytes   534 Mbits/sec  56650  
[  5]  33.00-34.00  sec  67.2 MBytes   564 Mbits/sec  59800  
[  5]  34.00-35.00  sec  57.3 MBytes   481 Mbits/sec  51000  
[  5]  35.00-36.00  sec  59.8 MBytes   502 Mbits/sec  53220  
[  5]  36.00-37.00  sec  59.1 MBytes   496 Mbits/sec  52640  
[  5]  37.00-38.00  sec  61.2 MBytes   514 Mbits/sec  54520  
[  5]  38.00-39.00  sec  61.2 MBytes   513 Mbits/sec  54450  
[  5]  39.00-40.00  sec  61.5 MBytes   516 Mbits/sec  54770  
[  5]  40.00-41.00  sec  59.7 MBytes   501 Mbits/sec  53150  
[  5]  41.00-42.00  sec  62.0 MBytes   520 Mbits/sec  55170  
[  5]  42.00-43.00  sec  61.6 MBytes   516 Mbits/sec  54800  
[  5]  43.00-44.00  sec  60.4 MBytes   507 Mbits/sec  53790  
[  5]  44.00-45.00  sec  61.0 MBytes   512 Mbits/sec  54310  
[  5]  45.00-46.00  sec  61.8 MBytes   518 Mbits/sec  54980  
[  5]  46.00-47.00  sec  60.0 MBytes   503 Mbits/sec  53430  
[  5]  47.00-48.00  sec  64.8 MBytes   543 Mbits/sec  57660  
[  5]  48.00-49.00  sec  61.3 MBytes   514 Mbits/sec  54540  
[  5]  49.00-50.00  sec  62.0 MBytes   520 Mbits/sec  55190  
[  5]  50.00-51.00  sec  60.6 MBytes   509 Mbits/sec  53980  
[  5]  51.00-52.00  sec  60.2 MBytes   505 Mbits/sec  53560  
[  5]  52.00-53.00  sec  60.6 MBytes   508 Mbits/sec  53940  
[  5]  53.00-54.00  sec  62.8 MBytes   527 Mbits/sec  55920  
[  5]  54.00-55.00  sec  50.5 MBytes   423 Mbits/sec  44910  
[  5]  55.00-56.00  sec  41.8 MBytes   351 Mbits/sec  37230  
[  5]  56.00-57.00  sec  61.0 MBytes   512 Mbits/sec  54330  
[  5]  57.00-58.00  sec  60.8 MBytes   510 Mbits/sec  54160  
[  5]  58.00-59.00  sec  61.0 MBytes   511 Mbits/sec  54260  
[  5]  59.00-60.00  sec  60.9 MBytes   511 Mbits/sec  54190  
- - - - - - - - - - - - - - - - - - - - - - - - -
[ ID] Interval           Transfer     Bitrate         Jitter    Lost/Total Datagrams
[  5]   0.00-60.00  sec  3.61 GBytes   516 Mbits/sec  0.000 ms  0/3288230 (0%)  sender
[  5]   0.00-60.04  sec  3.54 GBytes   507 Mbits/sec  0.027 ms  65866/3288225 (2%)  receiver

iperf Done.
