Connecting to host 10.136.80.184, port 5201
[  5] local 10.136.173.121 port 52664 connected to 10.136.80.184 port 5201
[ ID] Interval           Transfer     Bitrate         Total Datagrams
[  5]   0.00-1.00   sec  63.1 MBytes   529 Mbits/sec  56150  (omitted)
[  5]   0.00-1.00   sec  62.6 MBytes   525 Mbits/sec  55730  
[  5]   1.00-2.00   sec  62.1 MBytes   521 Mbits/sec  55320  
[  5]   2.00-3.00   sec  63.6 MBytes   533 Mbits/sec  56580  
[  5]   3.00-4.00   sec  60.7 MBytes   509 Mbits/sec  53990  
[  5]   4.00-5.00   sec  63.8 MBytes   535 Mbits/sec  56790  
[  5]   5.00-6.00   sec  63.8 MBytes   535 Mbits/sec  56770  
[  5]   6.00-7.00   sec  62.4 MBytes   523 Mbits/sec  55530  
[  5]   7.00-8.00   sec  67.3 MBytes   565 Mbits/sec  59910  
[  5]   8.00-9.00   sec  62.7 MBytes   526 Mbits/sec  55770  
[  5]   9.00-10.00  sec  66.8 MBytes   560 Mbits/sec  59460  
[  5]  10.00-11.00  sec  63.0 MBytes   528 Mbits/sec  56060  
[  5]  11.00-12.00  sec  63.9 MBytes   536 Mbits/sec  56880  
[  5]  12.00-13.00  sec  65.9 MBytes   552 Mbits/sec  58620  
[  5]  13.00-14.00  sec  62.2 MBytes   522 Mbits/sec  55350  
[  5]  14.00-15.00  sec  62.2 MBytes   522 Mbits/sec  55360  
[  5]  15.00-16.00  sec  74.6 MBytes   626 Mbits/sec  66380  
[  5]  16.00-17.00  sec  61.1 MBytes   513 Mbits/sec  54410  
[  5]  17.00-18.00  sec  63.2 MBytes   530 Mbits/sec  56270  
[  5]  18.00-19.00  sec  55.7 MBytes   467 Mbits/sec  49580  
[  5]  19.00-20.00  sec  63.9 MBytes   536 Mbits/sec  56890  
[  5]  20.00-21.00  sec  65.8 MBytes   552 Mbits/sec  58580  
[  5]  21.00-22.00  sec  63.6 MBytes   534 Mbits/sec  56630  
[  5]  22.00-23.00  sec  62.4 MBytes   523 Mbits/sec  55520  
[  5]  23.00-24.00  sec  60.7 MBytes   509 Mbits/sec  54020  
[  5]  24.00-25.00  sec  63.0 MBytes   529 Mbits/sec  56080  
[  5]  25.00-26.00  sec  69.0 MBytes   579 Mbits/sec  61420  
[  5]  26.00-27.00  sec  62.3 MBytes   523 Mbits/sec  55450  
[  5]  27.00-28.00  sec  64.7 MBytes   542 Mbits/sec  57560  
[  5]  28.00-29.00  sec  62.7 MBytes   526 Mbits/sec  55810  
[  5]  29.00-30.00  sec  67.4 MBytes   565 Mbits/sec  59990  
[  5]  30.00-31.00  sec  63.4 MBytes   532 Mbits/sec  56470  
[  5]  31.00-32.00  sec  66.7 MBytes   560 Mbits/sec  59390  
[  5]  32.00-33.00  sec  62.4 MBytes   523 Mbits/sec  55500  
[  5]  33.00-34.00  sec  65.6 MBytes   550 Mbits/sec  58400  
[  5]  34.00-35.00  sec  64.6 MBytes   542 Mbits/sec  57480  
[  5]  35.00-36.00  sec  67.5 MBytes   567 Mbits/sec  60120  
[  5]  36.00-37.00  sec  61.1 MBytes   512 Mbits/sec  54380  
[  5]  37.00-38.00  sec  65.6 MBytes   550 Mbits/sec  58370  
[  5]  38.00-39.00  sec  62.3 MBytes   523 Mbits/sec  55480  
[  5]  39.00-40.00  sec  63.7 MBytes   534 Mbits/sec  56660  
[  5]  40.00-41.00  sec  65.8 MBytes   552 Mbits/sec  58540  
[  5]  41.00-42.00  sec  62.8 MBytes   527 Mbits/sec  55900  
[  5]  42.00-43.00  sec  64.5 MBytes   541 Mbits/sec  57430  
[  5]  43.00-44.00  sec  65.4 MBytes   548 Mbits/sec  58200  
[  5]  44.00-45.00  sec  64.4 MBytes   540 Mbits/sec  57330  
[  5]  45.00-46.00  sec  64.7 MBytes   542 Mbits/sec  57550  
[  5]  46.00-47.00  sec  64.3 MBytes   539 Mbits/sec  57240  
[  5]  47.00-48.00  sec  63.8 MBytes   535 Mbits/sec  56770  
[  5]  48.00-49.00  sec  71.3 MBytes   599 Mbits/sec  63500  
[  5]  49.00-50.00  sec  84.4 MBytes   708 Mbits/sec  75110  
[  5]  50.00-51.00  sec  74.3 MBytes   623 Mbits/sec  66100  
[  5]  51.00-52.00  sec  67.1 MBytes   563 Mbits/sec  59760  
[  5]  52.00-53.00  sec  69.6 MBytes   584 Mbits/sec  61990  
[  5]  53.00-54.00  sec  65.3 MBytes   548 Mbits/sec  58120  
[  5]  54.00-55.00  sec  63.0 MBytes   528 Mbits/sec  56080  
[  5]  55.00-56.00  sec  62.6 MBytes   525 Mbits/sec  55700  
[  5]  56.00-57.00  sec  61.7 MBytes   517 Mbits/sec  54900  
[  5]  57.00-58.00  sec  61.4 MBytes   515 Mbits/sec  54670  
[  5]  58.00-59.00  sec  60.6 MBytes   508 Mbits/sec  53950  
[  5]  59.00-60.00  sec  62.7 MBytes   526 Mbits/sec  55830  
- - - - - - - - - - - - - - - - - - - - - - - - -
[ ID] Interval           Transfer     Bitrate         Jitter    Lost/Total Datagrams
[  5]   0.00-60.00  sec  3.78 GBytes   542 Mbits/sec  0.000 ms  0/3449630 (0%)  sender
[  5]   0.00-60.04  sec  3.69 GBytes   528 Mbits/sec  0.017 ms  89566/3449630 (2.6%)  receiver

iperf Done.
