Connecting to host 10.136.80.174, port 5201
[  5] local 10.136.173.110 port 60190 connected to 10.136.80.174 port 5201
[ ID] Interval           Transfer     Bitrate         Total Datagrams
[  5]   0.00-1.00   sec  55.4 MBytes   465 Mbits/sec  49320  (omitted)
[  5]   0.00-1.00   sec  53.5 MBytes   448 Mbits/sec  47590  
[  5]   1.00-2.00   sec  52.8 MBytes   443 Mbits/sec  46970  
[  5]   2.00-3.00   sec  52.3 MBytes   438 Mbits/sec  46520  
[  5]   3.00-4.00   sec  56.6 MBytes   475 Mbits/sec  50360  
[  5]   4.00-5.00   sec  57.1 MBytes   479 Mbits/sec  50850  
[  5]   5.00-6.00   sec  58.9 MBytes   494 Mbits/sec  52420  
[  5]   6.00-7.00   sec  54.8 MBytes   460 Mbits/sec  48770  
[  5]   7.00-8.00   sec  56.8 MBytes   476 Mbits/sec  50520  
[  5]   8.00-9.00   sec  54.3 MBytes   455 Mbits/sec  48310  
[  5]   9.00-10.00  sec  56.6 MBytes   474 Mbits/sec  50350  
[  5]  10.00-11.00  sec  42.7 MBytes   358 Mbits/sec  37970  
[  5]  11.00-12.00  sec  51.6 MBytes   433 Mbits/sec  45900  
[  5]  12.00-13.00  sec  55.0 MBytes   462 Mbits/sec  48980  
[  5]  13.00-14.00  sec  57.7 MBytes   484 Mbits/sec  51400  
[  5]  14.00-15.00  sec  57.1 MBytes   479 Mbits/sec  50870  
[  5]  15.00-16.00  sec  59.8 MBytes   502 Mbits/sec  53230  
[  5]  16.00-17.00  sec  54.5 MBytes   457 Mbits/sec  48500  
[  5]  17.00-18.00  sec  55.5 MBytes   465 Mbits/sec  49370  
[  5]  18.00-19.00  sec  62.0 MBytes   520 Mbits/sec  55220  
[  5]  19.00-20.00  sec  51.2 MBytes   429 Mbits/sec  45540  
[  5]  20.00-21.00  sec  58.9 MBytes   494 Mbits/sec  52390  
[  5]  21.00-22.00  sec  63.4 MBytes   532 Mbits/sec  56470  
[  5]  22.00-23.00  sec  58.1 MBytes   487 Mbits/sec  51720  
[  5]  23.00-24.00  sec  52.1 MBytes   437 Mbits/sec  46400  
[  5]  24.00-25.00  sec  61.7 MBytes   518 Mbits/sec  54930  
[  5]  25.00-26.00  sec  55.3 MBytes   464 Mbits/sec  49220  
[  5]  26.00-27.00  sec  56.0 MBytes   470 Mbits/sec  49830  
[  5]  27.00-28.00  sec  50.1 MBytes   420 Mbits/sec  44630  
[  5]  28.00-29.00  sec  56.6 MBytes   475 Mbits/sec  50370  
[  5]  29.00-30.00  sec  56.5 MBytes   474 Mbits/sec  50260  
[  5]  30.00-31.00  sec  60.3 MBytes   506 Mbits/sec  53690  
[  5]  31.00-32.00  sec  49.4 MBytes   415 Mbits/sec  43990  
[  5]  32.00-33.00  sec  54.1 MBytes   454 Mbits/sec  48120  
[  5]  33.00-34.00  sec  57.3 MBytes   481 Mbits/sec  50990  
[  5]  34.00-35.00  sec  54.8 MBytes   460 Mbits/sec  48770  
[  5]  35.00-36.00  sec  54.6 MBytes   458 Mbits/sec  48600  
[  5]  36.00-37.00  sec  58.1 MBytes   487 Mbits/sec  51690  
[  5]  37.00-38.00  sec  57.9 MBytes   485 Mbits/sec  51510  
[  5]  38.00-39.00  sec  57.5 MBytes   482 Mbits/sec  51190  
[  5]  39.00-40.00  sec  58.3 MBytes   489 Mbits/sec  51890  
[  5]  40.00-41.00  sec  57.0 MBytes   478 Mbits/sec  50710  
[  5]  41.00-42.00  sec  43.0 MBytes   360 Mbits/sec  38250  
[  5]  42.00-43.00  sec  44.3 MBytes   372 Mbits/sec  39460  
[  5]  43.00-44.00  sec  42.7 MBytes   358 Mbits/sec  37970  
[  5]  44.00-45.00  sec  42.5 MBytes   357 Mbits/sec  37830  
[  5]  45.00-46.00  sec  56.1 MBytes   470 Mbits/sec  49930  
[  5]  46.00-47.00  sec  61.7 MBytes   518 Mbits/sec  54910  
[  5]  47.00-48.00  sec  53.9 MBytes   452 Mbits/sec  48010  
[  5]  48.00-49.00  sec  55.9 MBytes   469 Mbits/sec  49730  
[  5]  49.00-50.00  sec  42.6 MBytes   357 Mbits/sec  37930  
[  5]  50.00-51.00  sec  44.0 MBytes   369 Mbits/sec  39150  
[  5]  51.00-52.00  sec  48.7 MBytes   409 Mbits/sec  43370  
[  5]  52.00-53.00  sec  50.8 MBytes   426 Mbits/sec  45180  
[  5]  53.00-54.00  sec  58.5 MBytes   490 Mbits/sec  52030  
[  5]  54.00-55.00  sec  54.4 MBytes   456 Mbits/sec  48390  
[  5]  55.00-56.00  sec  56.8 MBytes   476 Mbits/sec  50530  
[  5]  56.00-57.00  sec  56.0 MBytes   470 Mbits/sec  49880  
[  5]  57.00-58.00  sec  54.8 MBytes   460 Mbits/sec  48820  
[  5]  58.00-59.00  sec  57.1 MBytes   479 Mbits/sec  50790  
[  5]  59.00-60.00  sec  57.8 MBytes   485 Mbits/sec  51470  
- - - - - - - - - - - - - - - - - - - - - - - - -
[ ID] Interval           Transfer     Bitrate         Jitter    Lost/Total Datagrams
[  5]   0.00-60.00  sec  3.19 GBytes   457 Mbits/sec  0.000 ms  0/2910640 (0%)  sender
[  5]   0.00-60.25  sec  2.02 GBytes   288 Mbits/sec  0.014 ms  1089213/2910636 (37%)  receiver

iperf Done.
