Connecting to host 10.136.80.150, port 5201
[  5] local 10.136.173.119 port 36757 connected to 10.136.80.150 port 5201
[ ID] Interval           Transfer     Bitrate         Total Datagrams
[  5]   0.00-1.00   sec  51.4 MBytes   431 Mbits/sec  45780  (omitted)
[  5]   0.00-1.00   sec  54.4 MBytes   457 Mbits/sec  48460  
[  5]   1.00-2.00   sec  50.7 MBytes   425 Mbits/sec  45110  
[  5]   2.00-3.00   sec  48.7 MBytes   409 Mbits/sec  43370  
[  5]   3.00-4.00   sec  52.3 MBytes   439 Mbits/sec  46550  
[  5]   4.00-5.00   sec  59.5 MBytes   499 Mbits/sec  52920  
[  5]   5.00-6.00   sec  54.4 MBytes   456 Mbits/sec  48390  
[  5]   6.00-7.00   sec  50.8 MBytes   426 Mbits/sec  45240  
[  5]   7.00-8.00   sec  54.4 MBytes   456 Mbits/sec  48430  
[  5]   8.00-9.00   sec  53.4 MBytes   448 Mbits/sec  47500  
[  5]   9.00-10.00  sec  46.9 MBytes   394 Mbits/sec  41770  
[  5]  10.00-11.00  sec  52.2 MBytes   438 Mbits/sec  46430  
[  5]  11.00-12.00  sec  47.0 MBytes   394 Mbits/sec  41830  
[  5]  12.00-13.00  sec  54.6 MBytes   458 Mbits/sec  48630  
[  5]  13.00-14.00  sec  59.0 MBytes   495 Mbits/sec  52550  
[  5]  14.00-15.00  sec  52.7 MBytes   442 Mbits/sec  46940  
[  5]  15.00-16.00  sec  57.8 MBytes   485 Mbits/sec  51450  
[  5]  16.00-17.00  sec  59.0 MBytes   495 Mbits/sec  52510  
[  5]  17.00-18.00  sec  56.1 MBytes   471 Mbits/sec  49950  
[  5]  18.00-19.00  sec  55.3 MBytes   464 Mbits/sec  49220  
[  5]  19.00-20.00  sec  50.8 MBytes   426 Mbits/sec  45230  
[  5]  20.00-21.00  sec  50.8 MBytes   427 Mbits/sec  45260  
[  5]  21.00-22.00  sec  56.6 MBytes   475 Mbits/sec  50380  
[  5]  22.00-23.00  sec  52.8 MBytes   443 Mbits/sec  47010  
[  5]  23.00-24.00  sec  51.6 MBytes   433 Mbits/sec  45910  
[  5]  24.00-25.00  sec  55.0 MBytes   461 Mbits/sec  48970  
[  5]  25.00-26.00  sec  56.8 MBytes   476 Mbits/sec  50550  
[  5]  26.00-27.00  sec  56.7 MBytes   475 Mbits/sec  50430  
[  5]  27.00-28.00  sec  51.1 MBytes   428 Mbits/sec  45470  
[  5]  28.00-29.00  sec  50.5 MBytes   424 Mbits/sec  44970  
[  5]  29.00-30.00  sec  52.9 MBytes   443 Mbits/sec  47050  
[  5]  30.00-31.00  sec  49.2 MBytes   413 Mbits/sec  43820  
[  5]  31.00-32.00  sec  56.4 MBytes   473 Mbits/sec  50210  
[  5]  32.00-33.00  sec  57.0 MBytes   479 Mbits/sec  50780  
[  5]  33.00-34.00  sec  53.5 MBytes   449 Mbits/sec  47610  
[  5]  34.00-35.00  sec  59.0 MBytes   495 Mbits/sec  52550  
[  5]  35.00-36.00  sec  53.3 MBytes   447 Mbits/sec  47410  
[  5]  36.00-37.00  sec  48.2 MBytes   404 Mbits/sec  42880  
[  5]  37.00-38.00  sec  49.7 MBytes   417 Mbits/sec  44200  
[  5]  38.00-39.00  sec  50.3 MBytes   422 Mbits/sec  44780  
[  5]  39.00-40.00  sec  49.2 MBytes   413 Mbits/sec  43800  
[  5]  40.00-41.00  sec  53.0 MBytes   444 Mbits/sec  47150  
[  5]  41.00-42.00  sec  55.5 MBytes   466 Mbits/sec  49400  
[  5]  42.00-43.00  sec  53.7 MBytes   451 Mbits/sec  47830  
[  5]  43.00-44.00  sec  52.1 MBytes   437 Mbits/sec  46410  
[  5]  44.00-45.00  sec  53.4 MBytes   448 Mbits/sec  47550  
[  5]  45.00-46.00  sec  53.7 MBytes   451 Mbits/sec  47810  
[  5]  46.00-47.00  sec  51.4 MBytes   431 Mbits/sec  45770  
[  5]  47.00-48.00  sec  61.1 MBytes   513 Mbits/sec  54430  
[  5]  48.00-49.00  sec  57.6 MBytes   483 Mbits/sec  51270  
[  5]  49.00-50.00  sec  55.9 MBytes   469 Mbits/sec  49750  
[  5]  50.00-51.00  sec  51.5 MBytes   432 Mbits/sec  45840  
[  5]  51.00-52.00  sec  50.8 MBytes   426 Mbits/sec  45190  
[  5]  52.00-53.00  sec  54.1 MBytes   454 Mbits/sec  48140  
[  5]  53.00-54.00  sec  52.0 MBytes   436 Mbits/sec  46280  
[  5]  54.00-55.00  sec  49.8 MBytes   418 Mbits/sec  44370  
[  5]  55.00-56.00  sec  50.7 MBytes   425 Mbits/sec  45130  
[  5]  56.00-57.00  sec  52.2 MBytes   438 Mbits/sec  46470  
[  5]  57.00-58.00  sec  54.3 MBytes   455 Mbits/sec  48300  
[  5]  58.00-59.00  sec  49.9 MBytes   418 Mbits/sec  44380  
[  5]  59.00-60.00  sec  53.4 MBytes   448 Mbits/sec  47550  
- - - - - - - - - - - - - - - - - - - - - - - - -
[ ID] Interval           Transfer     Bitrate         Jitter    Lost/Total Datagrams
[  5]   0.00-60.00  sec  3.12 GBytes   447 Mbits/sec  0.000 ms  0/2845540 (0%)  sender
[  5]   0.00-61.32  sec   194 MBytes  26.6 Mbits/sec  0.059 ms  2712918/2841926 (95%)  receiver

iperf Done.
