Connecting to host 10.136.80.161, port 5201
[  5] local 10.136.173.98 port 57052 connected to 10.136.80.161 port 5201
[ ID] Interval           Transfer     Bitrate         Retr  Cwnd
[  5]   0.00-1.00   sec  3.10 MBytes  26.0 Mbits/sec  148   2.30 KBytes       (omitted)
[  5]   0.00-1.00   sec  3.16 MBytes  26.5 Mbits/sec  130   2.30 KBytes       
[  5]   1.00-2.00   sec  2.33 MBytes  19.6 Mbits/sec   97   1.15 KBytes       
[  5]   2.00-3.00   sec  2.29 MBytes  19.2 Mbits/sec   92   8.05 KBytes       
[  5]   3.00-4.00   sec  1.58 MBytes  13.3 Mbits/sec   66   1.15 KBytes       
[  5]   4.00-5.00   sec  1.62 MBytes  13.6 Mbits/sec   71   2.30 KBytes       
[  5]   5.00-6.00   sec   875 KBytes  7.17 Mbits/sec   41   2.30 KBytes       
[  5]   6.00-7.00   sec  1.47 MBytes  12.4 Mbits/sec   79   2.30 KBytes       
[  5]   7.00-8.00   sec  2.79 MBytes  23.4 Mbits/sec  151   2.30 KBytes       
[  5]   8.00-9.00   sec  2.44 MBytes  20.5 Mbits/sec  126   1.15 KBytes       
[  5]   9.00-10.00  sec  1.17 MBytes  9.84 Mbits/sec   53   6.90 KBytes       
[  5]  10.00-11.00  sec  2.90 MBytes  24.4 Mbits/sec  129   1.15 KBytes       
[  5]  11.00-12.00  sec  2.71 MBytes  22.7 Mbits/sec  131   6.90 KBytes       
[  5]  12.00-13.00  sec   911 KBytes  7.46 Mbits/sec   47   1.15 KBytes       
[  5]  13.00-14.00  sec  1.84 MBytes  15.4 Mbits/sec   76   2.30 KBytes       
[  5]  14.00-15.00  sec  3.65 MBytes  30.7 Mbits/sec  147   2.30 KBytes       
[  5]  15.00-16.00  sec  2.77 MBytes  23.3 Mbits/sec  117   2.30 KBytes       
[  5]  16.00-17.00  sec  2.67 MBytes  22.4 Mbits/sec   98   1.15 KBytes       
[  5]  17.00-18.00  sec  1.15 MBytes  9.64 Mbits/sec   54   4.60 KBytes       
[  5]  18.00-19.00  sec  1.86 MBytes  15.6 Mbits/sec   77   8.05 KBytes       
[  5]  19.00-20.00  sec  1.25 MBytes  10.5 Mbits/sec   61   1.15 KBytes       
[  5]  20.00-21.00  sec  1.05 MBytes  8.81 Mbits/sec   51   2.30 KBytes       
[  5]  21.00-22.00  sec  2.28 MBytes  19.1 Mbits/sec   92   1.15 KBytes       
[  5]  22.00-23.00  sec  2.49 MBytes  20.9 Mbits/sec  109   2.30 KBytes       
[  5]  23.00-24.00  sec  1.78 MBytes  14.9 Mbits/sec   69   2.30 KBytes       
[  5]  24.00-25.00  sec  1.26 MBytes  10.6 Mbits/sec   58   2.30 KBytes       
[  5]  25.00-26.00  sec  1.67 MBytes  14.0 Mbits/sec   91   2.30 KBytes       
[  5]  26.00-27.00  sec   949 KBytes  7.77 Mbits/sec   46   1.15 KBytes       
[  5]  27.00-28.00  sec   759 KBytes  6.22 Mbits/sec   39   1.15 KBytes       
[  5]  28.00-29.00  sec  3.34 MBytes  28.0 Mbits/sec  133   2.30 KBytes       
[  5]  29.00-30.00  sec   759 KBytes  6.22 Mbits/sec   38   6.90 KBytes       
[  5]  30.00-31.00  sec  1.36 MBytes  11.4 Mbits/sec   66   2.30 KBytes       
[  5]  31.00-32.00  sec  2.78 MBytes  23.3 Mbits/sec  116   2.30 KBytes       
[  5]  32.00-33.00  sec  3.03 MBytes  25.4 Mbits/sec  141   10.4 KBytes       
[  5]  33.00-34.00  sec   823 KBytes  6.74 Mbits/sec   44   1.15 KBytes       
[  5]  34.00-35.00  sec   759 KBytes  6.22 Mbits/sec   38   3.45 KBytes       
[  5]  35.00-36.00  sec  1.48 MBytes  12.4 Mbits/sec   61   1.15 KBytes       
[  5]  36.00-37.00  sec   886 KBytes  7.26 Mbits/sec   41   2.30 KBytes       
[  5]  37.00-38.00  sec  2.72 MBytes  22.8 Mbits/sec  117   2.30 KBytes       
[  5]  38.00-39.00  sec  2.47 MBytes  20.7 Mbits/sec   94   4.60 KBytes       
[  5]  39.00-40.00  sec  1012 KBytes  8.29 Mbits/sec   46   1.15 KBytes       
[  5]  40.00-41.00  sec   949 KBytes  7.78 Mbits/sec   54   1.15 KBytes       
[  5]  41.00-42.00  sec  1.05 MBytes  8.81 Mbits/sec   62   1.15 KBytes       
[  5]  42.00-43.00  sec  1.11 MBytes  9.33 Mbits/sec   58   3.45 KBytes       
[  5]  43.00-44.00  sec  1.54 MBytes  13.0 Mbits/sec   85   1.15 KBytes       
[  5]  44.00-45.00  sec  2.16 MBytes  18.1 Mbits/sec  101   3.45 KBytes       
[  5]  45.00-46.00  sec  1.36 MBytes  11.4 Mbits/sec   65   1.15 KBytes       
[  5]  46.00-47.00  sec  1.30 MBytes  10.9 Mbits/sec   53   2.30 KBytes       
[  5]  47.00-48.00  sec   506 KBytes  4.15 Mbits/sec   28   2.30 KBytes       
[  5]  48.00-49.00  sec  1.67 MBytes  14.0 Mbits/sec   82   1.15 KBytes       
[  5]  49.00-50.00  sec  2.16 MBytes  18.1 Mbits/sec  126   1.15 KBytes       
[  5]  50.00-51.00  sec  2.97 MBytes  24.9 Mbits/sec  111   2.30 KBytes       
[  5]  51.00-52.00  sec   886 KBytes  7.25 Mbits/sec   45   2.30 KBytes       
[  5]  52.00-53.00  sec   696 KBytes  5.70 Mbits/sec   36   2.30 KBytes       
[  5]  53.00-54.00  sec  1.92 MBytes  16.1 Mbits/sec   95   3.45 KBytes       
[  5]  54.00-55.00  sec  1.98 MBytes  16.6 Mbits/sec   89   4.60 KBytes       
[  5]  55.00-56.00  sec  1.54 MBytes  13.0 Mbits/sec   80   2.30 KBytes       
[  5]  56.00-57.00  sec   886 KBytes  7.26 Mbits/sec   39   5.75 KBytes       
[  5]  57.00-58.00  sec  2.35 MBytes  19.7 Mbits/sec  113   5.75 KBytes       
[  5]  58.00-59.00  sec  1.54 MBytes  13.0 Mbits/sec   79   2.30 KBytes       
[  5]  59.00-60.00  sec  2.04 MBytes  17.1 Mbits/sec   99   4.60 KBytes       
- - - - - - - - - - - - - - - - - - - - - - - - -
[ ID] Interval           Transfer     Bitrate         Retr
[  5]   0.00-60.00  sec   105 MBytes  14.7 Mbits/sec  4833             sender
[  5]   0.00-60.04  sec   105 MBytes  14.7 Mbits/sec                  receiver

iperf Done.
