Connecting to host knb-server-1271407, port 5201
[  5] local 10.136.173.76 port 35204 connected to 10.43.90.200 port 5201
[ ID] Interval           Transfer     Bitrate         Total Datagrams
[  5]   0.00-1.00   sec  74.3 MBytes   623 Mbits/sec  66100  (omitted)
[  5]   0.00-1.00   sec  74.5 MBytes   625 Mbits/sec  66320  
[  5]   1.00-2.00   sec  74.1 MBytes   622 Mbits/sec  65990  
[  5]   2.00-3.00   sec  70.2 MBytes   589 Mbits/sec  62530  
[  5]   3.00-4.00   sec  74.9 MBytes   628 Mbits/sec  66670  
[  5]   4.00-5.00   sec  70.0 MBytes   587 Mbits/sec  62330  
[  5]   5.00-6.00   sec  71.5 MBytes   599 Mbits/sec  63610  
[  5]   6.00-7.00   sec  63.0 MBytes   529 Mbits/sec  56120  
[  5]   7.00-8.00   sec  73.3 MBytes   615 Mbits/sec  65230  
[  5]   8.00-9.00   sec  73.7 MBytes   619 Mbits/sec  65640  
[  5]   9.00-10.00  sec  74.2 MBytes   622 Mbits/sec  66010  
[  5]  10.00-11.00  sec  74.3 MBytes   623 Mbits/sec  66140  
[  5]  11.00-12.00  sec  74.6 MBytes   626 Mbits/sec  66380  
[  5]  12.00-13.00  sec  73.9 MBytes   620 Mbits/sec  65740  
[  5]  13.00-14.00  sec  74.8 MBytes   627 Mbits/sec  66560  
[  5]  14.00-15.00  sec  73.3 MBytes   615 Mbits/sec  65240  
[  5]  15.00-16.00  sec  69.3 MBytes   582 Mbits/sec  61710  
[  5]  16.00-17.00  sec  73.0 MBytes   612 Mbits/sec  64940  
[  5]  17.00-18.00  sec  73.8 MBytes   619 Mbits/sec  65700  
[  5]  18.00-19.00  sec  73.4 MBytes   616 Mbits/sec  65320  
[  5]  19.00-20.00  sec  74.4 MBytes   624 Mbits/sec  66210  
[  5]  20.00-21.00  sec  74.0 MBytes   621 Mbits/sec  65880  
[  5]  21.00-22.00  sec  73.0 MBytes   612 Mbits/sec  64950  
[  5]  22.00-23.00  sec  71.6 MBytes   600 Mbits/sec  63690  
[  5]  23.00-24.00  sec  71.0 MBytes   596 Mbits/sec  63210  
[  5]  24.00-25.00  sec  73.1 MBytes   613 Mbits/sec  65090  
[  5]  25.00-26.00  sec  73.4 MBytes   616 Mbits/sec  65360  
[  5]  26.00-27.00  sec  73.7 MBytes   618 Mbits/sec  65580  
[  5]  27.00-28.00  sec  73.6 MBytes   617 Mbits/sec  65500  
[  5]  28.00-29.00  sec  72.3 MBytes   607 Mbits/sec  64380  
[  5]  29.00-30.00  sec  75.3 MBytes   632 Mbits/sec  67020  
[  5]  30.00-31.00  sec  75.4 MBytes   632 Mbits/sec  67090  
[  5]  31.00-32.00  sec  71.6 MBytes   600 Mbits/sec  63720  
[  5]  32.00-33.00  sec  68.3 MBytes   573 Mbits/sec  60840  
[  5]  33.00-34.00  sec  71.3 MBytes   598 Mbits/sec  63490  
[  5]  34.00-35.00  sec  72.3 MBytes   606 Mbits/sec  64340  
[  5]  35.00-36.00  sec  71.4 MBytes   599 Mbits/sec  63550  
[  5]  36.00-37.00  sec  70.5 MBytes   591 Mbits/sec  62760  
[  5]  37.00-38.00  sec  76.3 MBytes   640 Mbits/sec  67900  
[  5]  38.00-39.00  sec  78.6 MBytes   659 Mbits/sec  69930  
[  5]  39.00-40.00  sec  81.6 MBytes   685 Mbits/sec  72640  
[  5]  40.00-41.00  sec  74.3 MBytes   623 Mbits/sec  66150  
[  5]  41.00-42.00  sec  74.1 MBytes   621 Mbits/sec  65920  
[  5]  42.00-43.00  sec  72.7 MBytes   610 Mbits/sec  64740  
[  5]  43.00-44.00  sec  74.3 MBytes   623 Mbits/sec  66140  
[  5]  44.00-45.00  sec  74.2 MBytes   622 Mbits/sec  66040  
[  5]  45.00-46.00  sec  73.3 MBytes   615 Mbits/sec  65260  
[  5]  46.00-47.00  sec  73.1 MBytes   613 Mbits/sec  65080  
[  5]  47.00-48.00  sec  74.6 MBytes   626 Mbits/sec  66430  
[  5]  48.00-49.00  sec  73.6 MBytes   618 Mbits/sec  65540  
[  5]  49.00-50.00  sec  73.4 MBytes   616 Mbits/sec  65360  
[  5]  50.00-51.00  sec  74.0 MBytes   621 Mbits/sec  65880  
[  5]  51.00-52.00  sec  74.3 MBytes   623 Mbits/sec  66140  
[  5]  52.00-53.00  sec  70.1 MBytes   588 Mbits/sec  62410  
[  5]  53.00-54.00  sec  73.2 MBytes   614 Mbits/sec  65130  
[  5]  54.00-55.00  sec  72.5 MBytes   608 Mbits/sec  64530  
[  5]  55.00-56.00  sec  72.3 MBytes   607 Mbits/sec  64370  
[  5]  56.00-57.00  sec  60.4 MBytes   507 Mbits/sec  53790  
[  5]  57.00-58.00  sec  70.1 MBytes   588 Mbits/sec  62380  
[  5]  58.00-59.00  sec  75.0 MBytes   629 Mbits/sec  66740  
[  5]  59.00-60.00  sec  70.4 MBytes   591 Mbits/sec  62700  
- - - - - - - - - - - - - - - - - - - - - - - - -
[ ID] Interval           Transfer     Bitrate         Jitter    Lost/Total Datagrams
[  5]   0.00-60.00  sec  4.27 GBytes   611 Mbits/sec  0.000 ms  0/3892040 (0%)  sender
[  5]   0.00-61.90  sec  38.1 MBytes  5.16 Mbits/sec  0.126 ms  3848605/3816562 (1e+02%)  receiver

iperf Done.
