Connecting to host 10.136.80.153, port 5201
[  5] local 10.136.173.117 port 52354 connected to 10.136.80.153 port 5201
[ ID] Interval           Transfer     Bitrate         Total Datagrams
[  5]   0.00-1.00   sec  67.1 MBytes   563 Mbits/sec  59700  (omitted)
[  5]   0.00-1.00   sec  72.6 MBytes   609 Mbits/sec  64630  
[  5]   1.00-2.00   sec  71.4 MBytes   599 Mbits/sec  63560  
[  5]   2.00-3.00   sec  72.7 MBytes   610 Mbits/sec  64700  
[  5]   3.00-4.00   sec  71.3 MBytes   598 Mbits/sec  63430  
[  5]   4.00-5.00   sec  71.5 MBytes   600 Mbits/sec  63630  
[  5]   5.00-6.00   sec  73.4 MBytes   616 Mbits/sec  65320  
[  5]   6.00-7.00   sec  73.3 MBytes   615 Mbits/sec  65290  
[  5]   7.00-8.00   sec  74.1 MBytes   622 Mbits/sec  66000  
[  5]   8.00-9.00   sec  71.8 MBytes   602 Mbits/sec  63910  
[  5]   9.00-10.00  sec  72.1 MBytes   605 Mbits/sec  64170  
[  5]  10.00-11.00  sec  73.6 MBytes   617 Mbits/sec  65500  
[  5]  11.00-12.00  sec  72.6 MBytes   609 Mbits/sec  64610  
[  5]  12.00-13.00  sec  72.4 MBytes   608 Mbits/sec  64490  
[  5]  13.00-14.00  sec  72.3 MBytes   607 Mbits/sec  64400  
[  5]  14.00-15.00  sec  73.4 MBytes   615 Mbits/sec  65310  
[  5]  15.00-16.00  sec  73.6 MBytes   617 Mbits/sec  65510  
[  5]  16.00-17.00  sec  73.0 MBytes   612 Mbits/sec  64990  
[  5]  17.00-18.00  sec  71.7 MBytes   601 Mbits/sec  63790  
[  5]  18.00-19.00  sec  72.0 MBytes   604 Mbits/sec  64080  
[  5]  19.00-20.00  sec  70.9 MBytes   594 Mbits/sec  63070  
[  5]  20.00-21.00  sec  71.8 MBytes   603 Mbits/sec  63950  
[  5]  21.00-22.00  sec  75.4 MBytes   632 Mbits/sec  67090  
[  5]  22.00-23.00  sec  67.5 MBytes   566 Mbits/sec  60040  
[  5]  23.00-24.00  sec  66.5 MBytes   558 Mbits/sec  59210  
[  5]  24.00-25.00  sec  71.7 MBytes   601 Mbits/sec  63780  
[  5]  25.00-26.00  sec  72.6 MBytes   609 Mbits/sec  64630  
[  5]  26.00-27.00  sec  72.6 MBytes   609 Mbits/sec  64630  
[  5]  27.00-28.00  sec  72.3 MBytes   606 Mbits/sec  64340  
[  5]  28.00-29.00  sec  69.0 MBytes   579 Mbits/sec  61420  
[  5]  29.00-30.00  sec  62.7 MBytes   526 Mbits/sec  55790  
[  5]  30.00-31.00  sec  70.6 MBytes   592 Mbits/sec  62850  
[  5]  31.00-32.00  sec  59.6 MBytes   500 Mbits/sec  53060  
[  5]  32.00-33.00  sec  56.7 MBytes   476 Mbits/sec  50480  
[  5]  33.00-34.00  sec  53.2 MBytes   446 Mbits/sec  47370  
[  5]  34.00-35.00  sec  68.2 MBytes   572 Mbits/sec  60740  
[  5]  35.00-36.00  sec  71.2 MBytes   597 Mbits/sec  63390  
[  5]  36.00-37.00  sec  70.1 MBytes   588 Mbits/sec  62380  
[  5]  37.00-38.00  sec  70.7 MBytes   593 Mbits/sec  62910  
[  5]  38.00-39.00  sec  71.4 MBytes   599 Mbits/sec  63540  
[  5]  39.00-40.00  sec  65.6 MBytes   550 Mbits/sec  58420  
[  5]  40.00-41.00  sec  61.4 MBytes   515 Mbits/sec  54660  
[  5]  41.00-42.00  sec  72.4 MBytes   607 Mbits/sec  64410  
[  5]  42.00-43.00  sec  60.5 MBytes   508 Mbits/sec  53870  
[  5]  43.00-44.00  sec  55.4 MBytes   465 Mbits/sec  49300  
[  5]  44.00-45.00  sec  61.5 MBytes   516 Mbits/sec  54770  
[  5]  45.00-46.00  sec  70.5 MBytes   591 Mbits/sec  62740  
[  5]  46.00-47.00  sec  71.3 MBytes   598 Mbits/sec  63440  
[  5]  47.00-48.00  sec  72.3 MBytes   606 Mbits/sec  64340  
[  5]  48.00-49.00  sec  70.2 MBytes   589 Mbits/sec  62490  
[  5]  49.00-50.00  sec  69.4 MBytes   582 Mbits/sec  61770  
[  5]  50.00-51.00  sec  71.4 MBytes   599 Mbits/sec  63550  
[  5]  51.00-52.00  sec  70.9 MBytes   595 Mbits/sec  63140  
[  5]  52.00-53.00  sec  70.5 MBytes   591 Mbits/sec  62740  
[  5]  53.00-54.00  sec  72.1 MBytes   605 Mbits/sec  64180  
[  5]  54.00-55.00  sec  74.3 MBytes   623 Mbits/sec  66150  
[  5]  55.00-56.00  sec  74.2 MBytes   622 Mbits/sec  66010  
[  5]  56.00-57.00  sec  74.7 MBytes   626 Mbits/sec  66450  
[  5]  57.00-58.00  sec  73.6 MBytes   617 Mbits/sec  65490  
[  5]  58.00-59.00  sec  73.9 MBytes   620 Mbits/sec  65770  
[  5]  59.00-60.00  sec  71.9 MBytes   603 Mbits/sec  63960  
- - - - - - - - - - - - - - - - - - - - - - - - -
[ ID] Interval           Transfer     Bitrate         Jitter    Lost/Total Datagrams
[  5]   0.00-60.00  sec  4.10 GBytes   587 Mbits/sec  0.000 ms  0/3739640 (0%)  sender
[  5]   0.00-60.17  sec  1.69 GBytes   241 Mbits/sec  0.008 ms  2227691/3739640 (60%)  receiver

iperf Done.
