Connecting to host 10.136.80.162, port 5201
[  5] local 10.136.173.100 port 51737 connected to 10.136.80.162 port 5201
[ ID] Interval           Transfer     Bitrate         Total Datagrams
[  5]   0.00-1.00   sec  40.8 MBytes   342 Mbits/sec  36310  (omitted)
[  5]   0.00-1.00   sec  46.2 MBytes   388 Mbits/sec  41160  
[  5]   1.00-2.00   sec  55.3 MBytes   464 Mbits/sec  49240  
[  5]   2.00-3.00   sec  55.2 MBytes   463 Mbits/sec  49120  
[  5]   3.00-4.00   sec  56.7 MBytes   476 Mbits/sec  50480  
[  5]   4.00-5.00   sec  57.1 MBytes   479 Mbits/sec  50860  
[  5]   5.00-6.00   sec  49.8 MBytes   417 Mbits/sec  44290  
[  5]   6.00-7.00   sec  53.5 MBytes   449 Mbits/sec  47610  
[  5]   7.00-8.00   sec  59.1 MBytes   495 Mbits/sec  52570  
[  5]   8.00-9.00   sec  56.8 MBytes   476 Mbits/sec  50540  
[  5]   9.00-10.00  sec  61.6 MBytes   517 Mbits/sec  54870  
[  5]  10.00-11.00  sec  55.2 MBytes   463 Mbits/sec  49160  
[  5]  11.00-12.00  sec  57.1 MBytes   479 Mbits/sec  50860  
[  5]  12.00-13.00  sec  58.1 MBytes   487 Mbits/sec  51710  
[  5]  13.00-14.00  sec  51.8 MBytes   434 Mbits/sec  46070  
[  5]  14.00-15.00  sec  49.2 MBytes   413 Mbits/sec  43820  
[  5]  15.00-16.00  sec  55.2 MBytes   463 Mbits/sec  49170  
[  5]  16.00-17.00  sec  57.9 MBytes   486 Mbits/sec  51580  
[  5]  17.00-18.00  sec  55.5 MBytes   465 Mbits/sec  49370  
[  5]  18.00-19.00  sec  55.1 MBytes   462 Mbits/sec  49050  
[  5]  19.00-20.00  sec  58.9 MBytes   494 Mbits/sec  52440  
[  5]  20.00-21.00  sec  53.6 MBytes   450 Mbits/sec  47730  
[  5]  21.00-22.00  sec  48.6 MBytes   407 Mbits/sec  43230  
[  5]  22.00-23.00  sec  55.2 MBytes   463 Mbits/sec  49110  
[  5]  23.00-24.00  sec  52.5 MBytes   441 Mbits/sec  46770  
[  5]  24.00-25.00  sec  53.5 MBytes   449 Mbits/sec  47650  
[  5]  25.00-26.00  sec  56.3 MBytes   473 Mbits/sec  50150  
[  5]  26.00-27.00  sec  51.9 MBytes   435 Mbits/sec  46170  
[  5]  27.00-28.00  sec  57.8 MBytes   485 Mbits/sec  51420  
[  5]  28.00-29.00  sec  40.7 MBytes   341 Mbits/sec  36230  
[  5]  29.00-30.00  sec  49.7 MBytes   417 Mbits/sec  44270  
[  5]  30.00-31.00  sec  58.1 MBytes   488 Mbits/sec  51730  
[  5]  31.00-32.00  sec  55.7 MBytes   468 Mbits/sec  49620  
[  5]  32.00-33.00  sec  55.0 MBytes   462 Mbits/sec  48990  
[  5]  33.00-34.00  sec  50.8 MBytes   426 Mbits/sec  45210  
[  5]  34.00-35.00  sec  51.9 MBytes   435 Mbits/sec  46210  
[  5]  35.00-36.00  sec  54.4 MBytes   456 Mbits/sec  48400  
[  5]  36.00-37.00  sec  56.2 MBytes   471 Mbits/sec  50030  
[  5]  37.00-38.00  sec  57.5 MBytes   482 Mbits/sec  51140  
[  5]  38.00-39.00  sec  63.3 MBytes   531 Mbits/sec  56310  
[  5]  39.00-40.00  sec  49.6 MBytes   416 Mbits/sec  44150  
[  5]  40.00-41.00  sec  52.6 MBytes   442 Mbits/sec  46850  
[  5]  41.00-42.00  sec  57.9 MBytes   485 Mbits/sec  51510  
[  5]  42.00-43.00  sec  56.7 MBytes   476 Mbits/sec  50510  
[  5]  43.00-44.00  sec  56.5 MBytes   474 Mbits/sec  50280  
[  5]  44.00-45.00  sec  53.8 MBytes   452 Mbits/sec  47920  
[  5]  45.00-46.00  sec  54.8 MBytes   460 Mbits/sec  48810  
[  5]  46.00-47.00  sec  57.8 MBytes   485 Mbits/sec  51440  
[  5]  47.00-48.00  sec  52.5 MBytes   441 Mbits/sec  46760  
[  5]  48.00-49.00  sec  58.6 MBytes   492 Mbits/sec  52190  
[  5]  49.00-50.00  sec  47.1 MBytes   395 Mbits/sec  41900  
[  5]  50.00-51.00  sec  59.6 MBytes   500 Mbits/sec  53050  
[  5]  51.00-52.00  sec  53.7 MBytes   450 Mbits/sec  47800  
[  5]  52.00-53.00  sec  55.1 MBytes   462 Mbits/sec  49040  
[  5]  53.00-54.00  sec  52.3 MBytes   439 Mbits/sec  46590  
[  5]  54.00-55.00  sec  58.2 MBytes   488 Mbits/sec  51820  
[  5]  55.00-56.00  sec  56.5 MBytes   474 Mbits/sec  50290  
[  5]  56.00-57.00  sec  54.0 MBytes   453 Mbits/sec  48070  
[  5]  57.00-58.00  sec  54.8 MBytes   460 Mbits/sec  48770  
[  5]  58.00-59.00  sec  49.8 MBytes   418 Mbits/sec  44310  
[  5]  59.00-60.00  sec  47.9 MBytes   402 Mbits/sec  42610  
- - - - - - - - - - - - - - - - - - - - - - - - -
[ ID] Interval           Transfer     Bitrate         Jitter    Lost/Total Datagrams
[  5]   0.00-60.00  sec  3.19 GBytes   457 Mbits/sec  0.000 ms  0/2909010 (0%)  sender
[  5]   0.00-60.61  sec  60.2 MBytes  8.33 Mbits/sec  0.385 ms  2890366/2908870 (99%)  receiver

iperf Done.
