Connecting to host knb-server-331637, port 5201
[  5] local 10.136.173.120 port 50218 connected to 10.43.70.226 port 5201
[ ID] Interval           Transfer     Bitrate         Total Datagrams
[  5]   0.00-1.00   sec  70.7 MBytes   593 Mbits/sec  62920  (omitted)
[  5]   0.00-1.00   sec  72.8 MBytes   610 Mbits/sec  64760  
[  5]   1.00-2.00   sec  64.9 MBytes   545 Mbits/sec  57780  
[  5]   2.00-3.00   sec  60.7 MBytes   509 Mbits/sec  53990  
[  5]   3.00-4.00   sec  59.7 MBytes   501 Mbits/sec  53130  
[  5]   4.00-5.00   sec  72.2 MBytes   606 Mbits/sec  64300  
[  5]   5.00-6.00   sec  70.7 MBytes   593 Mbits/sec  62970  
[  5]   6.00-7.00   sec  71.9 MBytes   603 Mbits/sec  64040  
[  5]   7.00-8.00   sec  70.5 MBytes   592 Mbits/sec  62780  
[  5]   8.00-9.00   sec  70.5 MBytes   592 Mbits/sec  62780  
[  5]   9.00-10.00  sec  61.9 MBytes   519 Mbits/sec  55120  
[  5]  10.00-11.00  sec  70.5 MBytes   591 Mbits/sec  62740  
[  5]  11.00-12.00  sec  69.2 MBytes   580 Mbits/sec  61560  
[  5]  12.00-13.00  sec  72.0 MBytes   604 Mbits/sec  64080  
[  5]  13.00-14.00  sec  62.1 MBytes   521 Mbits/sec  55300  
[  5]  14.00-15.00  sec  68.6 MBytes   575 Mbits/sec  61050  
[  5]  15.00-16.00  sec  71.8 MBytes   602 Mbits/sec  63890  
[  5]  16.00-17.00  sec  75.8 MBytes   636 Mbits/sec  67440  
[  5]  17.00-18.00  sec  69.4 MBytes   582 Mbits/sec  61750  
[  5]  18.00-19.00  sec  71.5 MBytes   599 Mbits/sec  63600  
[  5]  19.00-20.00  sec  71.1 MBytes   597 Mbits/sec  63330  
[  5]  20.00-21.00  sec  70.8 MBytes   594 Mbits/sec  62990  
[  5]  21.00-22.00  sec  70.9 MBytes   595 Mbits/sec  63090  
[  5]  22.00-23.00  sec  63.2 MBytes   530 Mbits/sec  56240  
[  5]  23.00-24.00  sec  63.9 MBytes   536 Mbits/sec  56880  
[  5]  24.00-25.00  sec  73.8 MBytes   619 Mbits/sec  65660  
[  5]  25.00-26.00  sec  71.6 MBytes   601 Mbits/sec  63770  
[  5]  26.00-27.00  sec  72.2 MBytes   606 Mbits/sec  64280  
[  5]  27.00-28.00  sec  69.2 MBytes   581 Mbits/sec  61610  
[  5]  28.00-29.00  sec  74.4 MBytes   624 Mbits/sec  66200  
[  5]  29.00-30.00  sec  63.8 MBytes   535 Mbits/sec  56790  
[  5]  30.00-31.00  sec  53.5 MBytes   449 Mbits/sec  47590  
[  5]  31.00-32.00  sec  72.1 MBytes   605 Mbits/sec  64150  
[  5]  32.00-33.00  sec  71.9 MBytes   603 Mbits/sec  63960  
[  5]  33.00-34.00  sec  71.7 MBytes   601 Mbits/sec  63800  
[  5]  34.00-35.00  sec  71.1 MBytes   596 Mbits/sec  63290  
[  5]  35.00-36.00  sec  71.3 MBytes   598 Mbits/sec  63470  
[  5]  36.00-37.00  sec  71.7 MBytes   601 Mbits/sec  63800  
[  5]  37.00-38.00  sec  72.1 MBytes   605 Mbits/sec  64160  
[  5]  38.00-39.00  sec  71.1 MBytes   596 Mbits/sec  63280  
[  5]  39.00-40.00  sec  70.6 MBytes   592 Mbits/sec  62810  
[  5]  40.00-41.00  sec  71.0 MBytes   595 Mbits/sec  63180  
[  5]  41.00-42.00  sec  71.8 MBytes   602 Mbits/sec  63880  
[  5]  42.00-43.00  sec  59.3 MBytes   497 Mbits/sec  52790  
[  5]  43.00-44.00  sec  53.4 MBytes   448 Mbits/sec  47510  
[  5]  44.00-45.00  sec  57.4 MBytes   481 Mbits/sec  51060  
[  5]  45.00-46.00  sec  78.2 MBytes   656 Mbits/sec  69610  
[  5]  46.00-47.00  sec  73.3 MBytes   615 Mbits/sec  65290  
[  5]  47.00-48.00  sec  72.7 MBytes   610 Mbits/sec  64720  
[  5]  48.00-49.00  sec  73.6 MBytes   617 Mbits/sec  65470  
[  5]  49.00-50.00  sec  70.7 MBytes   593 Mbits/sec  62960  
[  5]  50.00-51.00  sec  72.1 MBytes   605 Mbits/sec  64170  
[  5]  51.00-52.00  sec  71.9 MBytes   603 Mbits/sec  63980  
[  5]  52.00-53.00  sec  72.0 MBytes   604 Mbits/sec  64050  
[  5]  53.00-54.00  sec  73.4 MBytes   616 Mbits/sec  65320  
[  5]  54.00-55.00  sec  65.7 MBytes   551 Mbits/sec  58440  
[  5]  55.00-56.00  sec  73.4 MBytes   616 Mbits/sec  65330  
[  5]  56.00-57.00  sec  72.1 MBytes   605 Mbits/sec  64160  
[  5]  57.00-58.00  sec  71.8 MBytes   602 Mbits/sec  63910  
[  5]  58.00-59.00  sec  53.4 MBytes   448 Mbits/sec  47560  
[  5]  59.00-60.00  sec  51.4 MBytes   431 Mbits/sec  45740  
- - - - - - - - - - - - - - - - - - - - - - - - -
[ ID] Interval           Transfer     Bitrate         Jitter    Lost/Total Datagrams
[  5]   0.00-60.00  sec  4.03 GBytes   577 Mbits/sec  0.000 ms  0/3673340 (0%)  sender
[  5]   0.00-60.16  sec  1.77 GBytes   253 Mbits/sec  0.018 ms  2093739/3673340 (57%)  receiver

iperf Done.
