Connecting to host 10.136.80.188, port 5201
[  5] local 10.136.173.113 port 54649 connected to 10.136.80.188 port 5201
[ ID] Interval           Transfer     Bitrate         Total Datagrams
[  5]   0.00-1.00   sec  82.6 MBytes   693 Mbits/sec  73500  (omitted)
[  5]   0.00-1.00   sec  82.8 MBytes   694 Mbits/sec  73670  
[  5]   1.00-2.00   sec  82.4 MBytes   691 Mbits/sec  73340  
[  5]   2.00-3.00   sec  81.4 MBytes   683 Mbits/sec  72450  
[  5]   3.00-4.00   sec  81.7 MBytes   685 Mbits/sec  72710  
[  5]   4.00-5.00   sec  82.5 MBytes   692 Mbits/sec  73410  
[  5]   5.00-6.00   sec  84.4 MBytes   708 Mbits/sec  75160  
[  5]   6.00-7.00   sec  82.6 MBytes   693 Mbits/sec  73540  
[  5]   7.00-8.00   sec  75.4 MBytes   633 Mbits/sec  67160  
[  5]   8.00-9.00   sec  67.7 MBytes   568 Mbits/sec  60260  
[  5]   9.00-10.00  sec  81.1 MBytes   680 Mbits/sec  72160  
[  5]  10.00-11.00  sec  81.8 MBytes   686 Mbits/sec  72820  
[  5]  11.00-12.00  sec  82.1 MBytes   689 Mbits/sec  73060  
[  5]  12.00-13.00  sec  81.6 MBytes   685 Mbits/sec  72670  
[  5]  13.00-14.00  sec  82.3 MBytes   690 Mbits/sec  73240  
[  5]  14.00-15.00  sec  82.1 MBytes   689 Mbits/sec  73120  
[  5]  15.00-16.00  sec  81.9 MBytes   687 Mbits/sec  72920  
[  5]  16.00-17.00  sec  81.7 MBytes   686 Mbits/sec  72740  
[  5]  17.00-18.00  sec  82.1 MBytes   689 Mbits/sec  73110  
[  5]  18.00-19.00  sec  82.2 MBytes   689 Mbits/sec  73150  
[  5]  19.00-20.00  sec  82.4 MBytes   691 Mbits/sec  73310  
[  5]  20.00-21.00  sec  81.7 MBytes   686 Mbits/sec  72760  
[  5]  21.00-22.00  sec  82.2 MBytes   689 Mbits/sec  73140  
[  5]  22.00-23.00  sec  81.3 MBytes   682 Mbits/sec  72340  
[  5]  23.00-24.00  sec  81.8 MBytes   686 Mbits/sec  72810  
[  5]  24.00-25.00  sec  82.1 MBytes   689 Mbits/sec  73110  
[  5]  25.00-26.00  sec  81.6 MBytes   685 Mbits/sec  72670  
[  5]  26.00-27.00  sec  82.3 MBytes   690 Mbits/sec  73260  
[  5]  27.00-28.00  sec  83.0 MBytes   696 Mbits/sec  73840  
[  5]  28.00-29.00  sec  82.2 MBytes   690 Mbits/sec  73180  
[  5]  29.00-30.00  sec  82.6 MBytes   693 Mbits/sec  73540  
[  5]  30.00-31.00  sec  82.2 MBytes   690 Mbits/sec  73190  
[  5]  31.00-32.00  sec  82.3 MBytes   691 Mbits/sec  73270  
[  5]  32.00-33.00  sec  81.3 MBytes   682 Mbits/sec  72380  
[  5]  33.00-34.00  sec  81.9 MBytes   687 Mbits/sec  72940  
[  5]  34.00-35.00  sec  82.4 MBytes   691 Mbits/sec  73360  
[  5]  35.00-36.00  sec  82.5 MBytes   692 Mbits/sec  73440  
[  5]  36.00-37.00  sec  82.5 MBytes   692 Mbits/sec  73420  
[  5]  37.00-38.00  sec  82.8 MBytes   695 Mbits/sec  73730  
[  5]  38.00-39.00  sec  81.9 MBytes   687 Mbits/sec  72930  
[  5]  39.00-40.00  sec  82.7 MBytes   694 Mbits/sec  73640  
[  5]  40.00-41.00  sec  82.4 MBytes   691 Mbits/sec  73370  
[  5]  41.00-42.00  sec  81.9 MBytes   687 Mbits/sec  72870  
[  5]  42.00-43.00  sec  82.1 MBytes   689 Mbits/sec  73100  
[  5]  43.00-44.00  sec  81.5 MBytes   683 Mbits/sec  72510  
[  5]  44.00-45.00  sec  82.0 MBytes   688 Mbits/sec  73030  
[  5]  45.00-46.00  sec  81.7 MBytes   685 Mbits/sec  72720  
[  5]  46.00-47.00  sec  82.9 MBytes   696 Mbits/sec  73820  
[  5]  47.00-48.00  sec  83.3 MBytes   699 Mbits/sec  74130  
[  5]  48.00-49.00  sec  82.9 MBytes   695 Mbits/sec  73790  
[  5]  49.00-50.00  sec  82.8 MBytes   694 Mbits/sec  73670  
[  5]  50.00-51.00  sec  82.8 MBytes   695 Mbits/sec  73730  
[  5]  51.00-52.00  sec  82.4 MBytes   691 Mbits/sec  73330  
[  5]  52.00-53.00  sec  82.3 MBytes   690 Mbits/sec  73260  
[  5]  53.00-54.00  sec  82.0 MBytes   688 Mbits/sec  73010  
[  5]  54.00-55.00  sec  81.9 MBytes   687 Mbits/sec  72940  
[  5]  55.00-56.00  sec  85.4 MBytes   716 Mbits/sec  75980  
[  5]  56.00-57.00  sec  82.5 MBytes   692 Mbits/sec  73430  
[  5]  57.00-58.00  sec  82.8 MBytes   694 Mbits/sec  73680  
[  5]  58.00-59.00  sec  82.2 MBytes   690 Mbits/sec  73160  
[  5]  59.00-60.00  sec  81.9 MBytes   687 Mbits/sec  72870  
- - - - - - - - - - - - - - - - - - - - - - - - -
[ ID] Interval           Transfer     Bitrate         Jitter    Lost/Total Datagrams
[  5]   0.00-60.00  sec  4.80 GBytes   687 Mbits/sec  0.000 ms  0/4375350 (0%)  sender
[  5]   0.00-60.04  sec  4.80 GBytes   687 Mbits/sec  0.008 ms  1399/4375350 (0.032%)  receiver

iperf Done.
