Connecting to host 10.136.80.151, port 5201
[  5] local 10.136.173.122 port 52192 connected to 10.136.80.151 port 5201
[ ID] Interval           Transfer     Bitrate         Total Datagrams
[  5]   0.00-1.00   sec  52.0 MBytes   437 Mbits/sec  46330  (omitted)
[  5]   0.00-1.00   sec  55.8 MBytes   468 Mbits/sec  49660  
[  5]   1.00-2.00   sec  53.0 MBytes   444 Mbits/sec  47160  
[  5]   2.00-3.00   sec  54.0 MBytes   453 Mbits/sec  48070  
[  5]   3.00-4.00   sec  53.0 MBytes   445 Mbits/sec  47190  
[  5]   4.00-5.00   sec  50.5 MBytes   424 Mbits/sec  44990  
[  5]   5.00-6.00   sec  53.4 MBytes   448 Mbits/sec  47540  
[  5]   6.00-7.00   sec  54.6 MBytes   458 Mbits/sec  48590  
[  5]   7.00-8.00   sec  53.0 MBytes   444 Mbits/sec  47150  
[  5]   8.00-9.00   sec  54.0 MBytes   453 Mbits/sec  48030  
[  5]   9.00-10.00  sec  54.7 MBytes   459 Mbits/sec  48670  
[  5]  10.00-11.00  sec  53.1 MBytes   445 Mbits/sec  47240  
[  5]  11.00-12.00  sec  53.2 MBytes   446 Mbits/sec  47330  
[  5]  12.00-13.00  sec  55.2 MBytes   463 Mbits/sec  49110  
[  5]  13.00-14.00  sec  55.4 MBytes   465 Mbits/sec  49320  
[  5]  14.00-15.00  sec  52.6 MBytes   442 Mbits/sec  46860  
[  5]  15.00-16.00  sec  53.6 MBytes   450 Mbits/sec  47720  
[  5]  16.00-17.00  sec  53.1 MBytes   446 Mbits/sec  47270  
[  5]  17.00-18.00  sec  57.3 MBytes   480 Mbits/sec  50980  
[  5]  18.00-19.00  sec  55.8 MBytes   468 Mbits/sec  49640  
[  5]  19.00-20.00  sec  53.4 MBytes   448 Mbits/sec  47510  
[  5]  20.00-21.00  sec  53.7 MBytes   450 Mbits/sec  47770  
[  5]  21.00-22.00  sec  53.0 MBytes   445 Mbits/sec  47220  
[  5]  22.00-23.00  sec  52.9 MBytes   444 Mbits/sec  47100  
[  5]  23.00-24.00  sec  52.2 MBytes   438 Mbits/sec  46490  
[  5]  24.00-25.00  sec  55.6 MBytes   466 Mbits/sec  49470  
[  5]  25.00-26.00  sec  51.9 MBytes   435 Mbits/sec  46190  
[  5]  26.00-27.00  sec  53.6 MBytes   449 Mbits/sec  47680  
[  5]  27.00-28.00  sec  51.9 MBytes   436 Mbits/sec  46240  
[  5]  28.00-29.00  sec  53.7 MBytes   451 Mbits/sec  47830  
[  5]  29.00-30.00  sec  53.2 MBytes   446 Mbits/sec  47370  
[  5]  30.00-31.00  sec  51.2 MBytes   429 Mbits/sec  45540  
[  5]  31.00-32.00  sec  53.7 MBytes   450 Mbits/sec  47800  
[  5]  32.00-33.00  sec  51.9 MBytes   435 Mbits/sec  46210  
[  5]  33.00-34.00  sec  53.7 MBytes   451 Mbits/sec  47840  
[  5]  34.00-35.00  sec  52.3 MBytes   439 Mbits/sec  46530  
[  5]  35.00-36.00  sec  56.4 MBytes   473 Mbits/sec  50200  
[  5]  36.00-37.00  sec  54.3 MBytes   456 Mbits/sec  48360  
[  5]  37.00-38.00  sec  49.7 MBytes   417 Mbits/sec  44230  
[  5]  38.00-39.00  sec  51.8 MBytes   435 Mbits/sec  46150  
[  5]  39.00-40.00  sec  51.7 MBytes   433 Mbits/sec  45980  
[  5]  40.00-41.00  sec  53.8 MBytes   451 Mbits/sec  47900  
[  5]  41.00-42.00  sec  48.6 MBytes   408 Mbits/sec  43300  
[  5]  42.00-43.00  sec  52.2 MBytes   438 Mbits/sec  46480  
[  5]  43.00-44.00  sec  54.7 MBytes   459 Mbits/sec  48670  
[  5]  44.00-45.00  sec  52.7 MBytes   442 Mbits/sec  46910  
[  5]  45.00-46.00  sec  59.2 MBytes   497 Mbits/sec  52720  
[  5]  46.00-47.00  sec  54.3 MBytes   455 Mbits/sec  48290  
[  5]  47.00-48.00  sec  52.4 MBytes   439 Mbits/sec  46600  
[  5]  48.00-49.00  sec  53.2 MBytes   446 Mbits/sec  47340  
[  5]  49.00-50.00  sec  53.0 MBytes   444 Mbits/sec  47170  
[  5]  50.00-51.00  sec  54.7 MBytes   459 Mbits/sec  48730  
[  5]  51.00-52.00  sec  51.2 MBytes   429 Mbits/sec  45540  
[  5]  52.00-53.00  sec  52.7 MBytes   442 Mbits/sec  46910  
[  5]  53.00-54.00  sec  54.7 MBytes   459 Mbits/sec  48720  
[  5]  54.00-55.00  sec  53.3 MBytes   447 Mbits/sec  47440  
[  5]  55.00-56.00  sec  54.4 MBytes   456 Mbits/sec  48380  
[  5]  56.00-57.00  sec  51.8 MBytes   435 Mbits/sec  46140  
[  5]  57.00-58.00  sec  51.9 MBytes   436 Mbits/sec  46200  
[  5]  58.00-59.00  sec  52.2 MBytes   438 Mbits/sec  46450  
[  5]  59.00-60.00  sec  48.8 MBytes   410 Mbits/sec  43450  
- - - - - - - - - - - - - - - - - - - - - - - - -
[ ID] Interval           Transfer     Bitrate         Jitter    Lost/Total Datagrams
[  5]   0.00-60.00  sec  3.12 GBytes   447 Mbits/sec  0.000 ms  0/2845570 (0%)  sender
[  5]   0.00-60.25  sec  1.87 GBytes   266 Mbits/sec  0.129 ms  1163958/2845570 (41%)  receiver

iperf Done.
