Connecting to host 10.136.80.149, port 5201
[  5] local 10.136.173.124 port 35232 connected to 10.136.80.149 port 5201
[ ID] Interval           Transfer     Bitrate         Total Datagrams
[  5]   0.00-1.00   sec  96.1 MBytes   806 Mbits/sec  72050  (omitted)
[  5]   0.00-1.00   sec   100 MBytes   841 Mbits/sec  75220  
[  5]   1.00-2.00   sec  99.6 MBytes   835 Mbits/sec  74690  
[  5]   2.00-3.00   sec  99.6 MBytes   836 Mbits/sec  74730  
[  5]   3.00-4.00   sec  97.7 MBytes   820 Mbits/sec  73290  
[  5]   4.00-5.00   sec  99.1 MBytes   831 Mbits/sec  74330  
[  5]   5.00-6.00   sec  99.0 MBytes   830 Mbits/sec  74230  
[  5]   6.00-7.00   sec  98.4 MBytes   826 Mbits/sec  73830  
[  5]   7.00-8.00   sec  99.7 MBytes   837 Mbits/sec  74790  
[  5]   8.00-9.00   sec  99.4 MBytes   834 Mbits/sec  74590  
[  5]   9.00-10.00  sec  97.8 MBytes   821 Mbits/sec  73390  
[  5]  10.00-11.00  sec  98.9 MBytes   830 Mbits/sec  74190  
[  5]  11.00-12.00  sec  98.9 MBytes   830 Mbits/sec  74170  
[  5]  12.00-13.00  sec  99.6 MBytes   836 Mbits/sec  74720  
[  5]  13.00-14.00  sec  97.2 MBytes   816 Mbits/sec  72920  
[  5]  14.00-15.00  sec  98.9 MBytes   829 Mbits/sec  74170  
[  5]  15.00-16.00  sec  99.2 MBytes   832 Mbits/sec  74380  
[  5]  16.00-17.00  sec  98.3 MBytes   824 Mbits/sec  73710  
[  5]  17.00-18.00  sec  99.5 MBytes   834 Mbits/sec  74610  
[  5]  18.00-19.00  sec  98.1 MBytes   823 Mbits/sec  73570  
[  5]  19.00-20.00  sec  98.7 MBytes   828 Mbits/sec  74000  
[  5]  20.00-21.00  sec   101 MBytes   845 Mbits/sec  75580  
[  5]  21.00-22.00  sec   100 MBytes   842 Mbits/sec  75270  
[  5]  22.00-23.00  sec  98.4 MBytes   825 Mbits/sec  73810  
[  5]  23.00-24.00  sec   101 MBytes   847 Mbits/sec  75740  
[  5]  24.00-25.00  sec   100 MBytes   842 Mbits/sec  75290  
[  5]  25.00-26.00  sec   101 MBytes   848 Mbits/sec  75850  
[  5]  26.00-27.00  sec   100 MBytes   840 Mbits/sec  75110  
[  5]  27.00-28.00  sec   100 MBytes   839 Mbits/sec  75050  
[  5]  28.00-29.00  sec   101 MBytes   845 Mbits/sec  75560  
[  5]  29.00-30.00  sec  99.7 MBytes   836 Mbits/sec  74800  
[  5]  30.00-31.00  sec   101 MBytes   846 Mbits/sec  75620  
[  5]  31.00-32.00  sec   101 MBytes   844 Mbits/sec  75460  
[  5]  32.00-33.00  sec   102 MBytes   854 Mbits/sec  76320  
[  5]  33.00-34.00  sec  99.7 MBytes   836 Mbits/sec  74780  
[  5]  34.00-35.00  sec   101 MBytes   846 Mbits/sec  75670  
[  5]  35.00-36.00  sec   102 MBytes   856 Mbits/sec  76530  
[  5]  36.00-37.00  sec  99.1 MBytes   831 Mbits/sec  74340  
[  5]  37.00-38.00  sec   102 MBytes   852 Mbits/sec  76160  
[  5]  38.00-39.00  sec   102 MBytes   855 Mbits/sec  76430  
[  5]  39.00-40.00  sec   101 MBytes   844 Mbits/sec  75430  
[  5]  40.00-41.00  sec  98.7 MBytes   828 Mbits/sec  74020  
[  5]  41.00-42.00  sec   101 MBytes   844 Mbits/sec  75480  
[  5]  42.00-43.00  sec   103 MBytes   861 Mbits/sec  77020  
[  5]  43.00-44.00  sec  99.7 MBytes   836 Mbits/sec  74760  
[  5]  44.00-45.00  sec   100 MBytes   840 Mbits/sec  75140  
[  5]  45.00-46.00  sec  98.3 MBytes   825 Mbits/sec  73730  
[  5]  46.00-47.00  sec  97.4 MBytes   817 Mbits/sec  73070  
[  5]  47.00-48.00  sec  98.8 MBytes   828 Mbits/sec  74070  
[  5]  48.00-49.00  sec  99.7 MBytes   836 Mbits/sec  74760  
[  5]  49.00-50.00  sec  99.3 MBytes   833 Mbits/sec  74480  
[  5]  50.00-51.00  sec  97.8 MBytes   820 Mbits/sec  73320  
[  5]  51.00-52.00  sec  97.7 MBytes   820 Mbits/sec  73310  
[  5]  52.00-53.00  sec  99.6 MBytes   835 Mbits/sec  74670  
[  5]  53.00-54.00  sec  97.0 MBytes   814 Mbits/sec  72790  
[  5]  54.00-55.00  sec  98.6 MBytes   827 Mbits/sec  73920  
[  5]  55.00-56.00  sec  99.4 MBytes   834 Mbits/sec  74560  
[  5]  56.00-57.00  sec  99.6 MBytes   835 Mbits/sec  74690  
[  5]  57.00-58.00  sec   101 MBytes   843 Mbits/sec  75390  
[  5]  58.00-59.00  sec   100 MBytes   843 Mbits/sec  75350  
[  5]  59.00-60.00  sec  99.7 MBytes   836 Mbits/sec  74780  
- - - - - - - - - - - - - - - - - - - - - - - - -
[ ID] Interval           Transfer     Bitrate         Jitter    Lost/Total Datagrams
[  5]   0.00-60.00  sec  5.84 GBytes   835 Mbits/sec  0.000 ms  0/4481640 (0%)  sender
[  5]   0.00-60.97  sec   321 MBytes  44.2 Mbits/sec  0.022 ms  4293426/4465144 (96%)  receiver

iperf Done.
