Connecting to host 10.136.80.172, port 5201
[  5] local 10.136.173.96 port 57386 connected to 10.136.80.172 port 5201
[ ID] Interval           Transfer     Bitrate         Total Datagrams
[  5]   0.00-1.00   sec  81.5 MBytes   684 Mbits/sec  61140  (omitted)
[  5]   0.00-1.00   sec  78.2 MBytes   656 Mbits/sec  58660  
[  5]   1.00-2.00   sec  77.4 MBytes   649 Mbits/sec  58030  
[  5]   2.00-3.00   sec  77.9 MBytes   654 Mbits/sec  58450  
[  5]   3.00-4.00   sec  77.8 MBytes   653 Mbits/sec  58370  
[  5]   4.00-5.00   sec  78.0 MBytes   655 Mbits/sec  58540  
[  5]   5.00-6.00   sec  91.6 MBytes   769 Mbits/sec  68710  
[  5]   6.00-7.00   sec  82.0 MBytes   687 Mbits/sec  61470  
[  5]   7.00-8.00   sec  78.4 MBytes   657 Mbits/sec  58780  
[  5]   8.00-9.00   sec  92.1 MBytes   772 Mbits/sec  69070  
[  5]   9.00-10.00  sec  93.0 MBytes   780 Mbits/sec  69750  
[  5]  10.00-11.00  sec  94.3 MBytes   791 Mbits/sec  70720  
[  5]  11.00-12.00  sec  92.9 MBytes   779 Mbits/sec  69690  
[  5]  12.00-13.00  sec  92.8 MBytes   779 Mbits/sec  69630  
[  5]  13.00-14.00  sec  93.2 MBytes   782 Mbits/sec  69920  
[  5]  14.00-15.00  sec  93.2 MBytes   782 Mbits/sec  69890  
[  5]  15.00-16.00  sec  92.1 MBytes   773 Mbits/sec  69100  
[  5]  16.00-17.00  sec  95.3 MBytes   800 Mbits/sec  71510  
[  5]  17.00-18.00  sec  95.8 MBytes   804 Mbits/sec  71890  
[  5]  18.00-19.00  sec  93.7 MBytes   786 Mbits/sec  70290  
[  5]  19.00-20.00  sec  92.7 MBytes   777 Mbits/sec  69500  
[  5]  20.00-21.00  sec  93.9 MBytes   788 Mbits/sec  70420  
[  5]  21.00-22.00  sec  94.5 MBytes   793 Mbits/sec  70880  
[  5]  22.00-23.00  sec  92.8 MBytes   779 Mbits/sec  69640  
[  5]  23.00-24.00  sec  92.9 MBytes   779 Mbits/sec  69650  
[  5]  24.00-25.00  sec  93.8 MBytes   786 Mbits/sec  70320  
[  5]  25.00-26.00  sec  94.2 MBytes   790 Mbits/sec  70640  
[  5]  26.00-27.00  sec  93.1 MBytes   781 Mbits/sec  69810  
[  5]  27.00-28.00  sec  94.2 MBytes   790 Mbits/sec  70620  
[  5]  28.00-29.00  sec  93.8 MBytes   787 Mbits/sec  70380  
[  5]  29.00-30.00  sec  92.8 MBytes   778 Mbits/sec  69570  
[  5]  30.00-31.00  sec  93.6 MBytes   785 Mbits/sec  70180  
[  5]  31.00-32.00  sec  93.6 MBytes   785 Mbits/sec  70180  
[  5]  32.00-33.00  sec  91.6 MBytes   769 Mbits/sec  68720  
[  5]  33.00-34.00  sec  93.6 MBytes   785 Mbits/sec  70170  
[  5]  34.00-35.00  sec  93.6 MBytes   785 Mbits/sec  70220  
[  5]  35.00-36.00  sec  93.6 MBytes   785 Mbits/sec  70170  
[  5]  36.00-37.00  sec  93.6 MBytes   785 Mbits/sec  70180  
[  5]  37.00-38.00  sec  93.9 MBytes   788 Mbits/sec  70460  
[  5]  38.00-39.00  sec  93.0 MBytes   780 Mbits/sec  69760  
[  5]  39.00-40.00  sec  92.8 MBytes   778 Mbits/sec  69590  
[  5]  40.00-41.00  sec  93.5 MBytes   785 Mbits/sec  70160  
[  5]  41.00-42.00  sec  94.0 MBytes   788 Mbits/sec  70470  
[  5]  42.00-43.00  sec  92.9 MBytes   779 Mbits/sec  69690  
[  5]  43.00-44.00  sec  93.4 MBytes   783 Mbits/sec  70030  
[  5]  44.00-45.00  sec  93.2 MBytes   782 Mbits/sec  69880  
[  5]  45.00-46.00  sec  93.7 MBytes   786 Mbits/sec  70290  
[  5]  46.00-47.00  sec  93.3 MBytes   783 Mbits/sec  70000  
[  5]  47.00-48.00  sec  93.8 MBytes   787 Mbits/sec  70360  
[  5]  48.00-49.00  sec  93.3 MBytes   783 Mbits/sec  70000  
[  5]  49.00-50.00  sec  92.2 MBytes   774 Mbits/sec  69170  
[  5]  50.00-51.00  sec  92.8 MBytes   778 Mbits/sec  69580  
[  5]  51.00-52.00  sec  92.7 MBytes   778 Mbits/sec  69540  
[  5]  52.00-53.00  sec  75.0 MBytes   629 Mbits/sec  56240  
[  5]  53.00-54.00  sec  77.4 MBytes   650 Mbits/sec  58080  
[  5]  54.00-55.00  sec  78.5 MBytes   659 Mbits/sec  58890  
[  5]  55.00-56.00  sec  78.2 MBytes   656 Mbits/sec  58660  
[  5]  56.00-57.00  sec  83.2 MBytes   698 Mbits/sec  62380  
[  5]  57.00-58.00  sec  94.8 MBytes   795 Mbits/sec  71070  
[  5]  58.00-59.00  sec  93.1 MBytes   781 Mbits/sec  69810  
[  5]  59.00-60.00  sec  92.8 MBytes   779 Mbits/sec  69630  
- - - - - - - - - - - - - - - - - - - - - - - - -
[ ID] Interval           Transfer     Bitrate         Jitter    Lost/Total Datagrams
[  5]   0.00-60.00  sec  5.30 GBytes   758 Mbits/sec  0.000 ms  0/4067460 (0%)  sender
[  5]   0.00-60.04  sec  5.30 GBytes   758 Mbits/sec  0.009 ms  326/4067460 (0.008%)  receiver

iperf Done.
