Connecting to host 10.136.80.167, port 5201
[  5] local 10.136.173.114 port 47100 connected to 10.136.80.167 port 5201
[ ID] Interval           Transfer     Bitrate         Total Datagrams
[  5]   0.00-1.00   sec  52.7 MBytes   442 Mbits/sec  46930  (omitted)
[  5]   0.00-1.00   sec  51.9 MBytes   436 Mbits/sec  46220  
[  5]   1.00-2.00   sec  54.8 MBytes   459 Mbits/sec  48750  
[  5]   2.00-3.00   sec  52.2 MBytes   438 Mbits/sec  46490  
[  5]   3.00-4.00   sec  56.1 MBytes   471 Mbits/sec  49950  
[  5]   4.00-5.00   sec  52.8 MBytes   443 Mbits/sec  47000  
[  5]   5.00-6.00   sec  53.3 MBytes   447 Mbits/sec  47480  
[  5]   6.00-7.00   sec  55.4 MBytes   464 Mbits/sec  49280  
[  5]   7.00-8.00   sec  53.5 MBytes   449 Mbits/sec  47600  
[  5]   8.00-9.00   sec  52.9 MBytes   444 Mbits/sec  47110  
[  5]   9.00-10.00  sec  54.1 MBytes   454 Mbits/sec  48120  
[  5]  10.00-11.00  sec  51.7 MBytes   434 Mbits/sec  46060  
[  5]  11.00-12.00  sec  56.7 MBytes   476 Mbits/sec  50500  
[  5]  12.00-13.00  sec  55.7 MBytes   467 Mbits/sec  49540  
[  5]  13.00-14.00  sec  56.8 MBytes   476 Mbits/sec  50560  
[  5]  14.00-15.00  sec  51.5 MBytes   432 Mbits/sec  45880  
[  5]  15.00-16.00  sec  55.1 MBytes   462 Mbits/sec  49040  
[  5]  16.00-17.00  sec  53.4 MBytes   448 Mbits/sec  47570  
[  5]  17.00-18.00  sec  54.9 MBytes   460 Mbits/sec  48860  
[  5]  18.00-19.00  sec  53.9 MBytes   452 Mbits/sec  47950  
[  5]  19.00-20.00  sec  53.5 MBytes   449 Mbits/sec  47610  
[  5]  20.00-21.00  sec  55.0 MBytes   461 Mbits/sec  48920  
[  5]  21.00-22.00  sec  54.6 MBytes   458 Mbits/sec  48620  
[  5]  22.00-23.00  sec  52.9 MBytes   444 Mbits/sec  47070  
[  5]  23.00-24.00  sec  54.3 MBytes   455 Mbits/sec  48320  
[  5]  24.00-25.00  sec  54.6 MBytes   458 Mbits/sec  48610  
[  5]  25.00-26.00  sec  56.3 MBytes   472 Mbits/sec  50070  
[  5]  26.00-27.00  sec  53.3 MBytes   447 Mbits/sec  47400  
[  5]  27.00-28.00  sec  57.5 MBytes   482 Mbits/sec  51150  
[  5]  28.00-29.00  sec  53.4 MBytes   448 Mbits/sec  47550  
[  5]  29.00-30.00  sec  52.3 MBytes   438 Mbits/sec  46530  
[  5]  30.00-31.00  sec  52.9 MBytes   444 Mbits/sec  47120  
[  5]  31.00-32.00  sec  51.9 MBytes   435 Mbits/sec  46200  
[  5]  32.00-33.00  sec  54.8 MBytes   460 Mbits/sec  48780  
[  5]  33.00-34.00  sec  55.3 MBytes   464 Mbits/sec  49260  
[  5]  34.00-35.00  sec  52.8 MBytes   443 Mbits/sec  46990  
[  5]  35.00-36.00  sec  52.6 MBytes   441 Mbits/sec  46780  
[  5]  36.00-37.00  sec  53.7 MBytes   451 Mbits/sec  47840  
[  5]  37.00-38.00  sec  53.4 MBytes   448 Mbits/sec  47510  
[  5]  38.00-39.00  sec  55.6 MBytes   467 Mbits/sec  49520  
[  5]  39.00-40.00  sec  53.6 MBytes   449 Mbits/sec  47690  
[  5]  40.00-41.00  sec  53.6 MBytes   450 Mbits/sec  47750  
[  5]  41.00-42.00  sec  52.5 MBytes   440 Mbits/sec  46740  
[  5]  42.00-43.00  sec  56.3 MBytes   472 Mbits/sec  50130  
[  5]  43.00-44.00  sec  56.7 MBytes   475 Mbits/sec  50460  
[  5]  44.00-45.00  sec  52.4 MBytes   440 Mbits/sec  46600  
[  5]  45.00-46.00  sec  52.0 MBytes   437 Mbits/sec  46320  
[  5]  46.00-47.00  sec  51.6 MBytes   433 Mbits/sec  45930  
[  5]  47.00-48.00  sec  51.8 MBytes   435 Mbits/sec  46150  
[  5]  48.00-49.00  sec  55.8 MBytes   468 Mbits/sec  49690  
[  5]  49.00-50.00  sec  52.2 MBytes   438 Mbits/sec  46470  
[  5]  50.00-51.00  sec  56.3 MBytes   472 Mbits/sec  50080  
[  5]  51.00-52.00  sec  54.9 MBytes   460 Mbits/sec  48860  
[  5]  52.00-53.00  sec  51.6 MBytes   433 Mbits/sec  45940  
[  5]  53.00-54.00  sec  56.1 MBytes   471 Mbits/sec  49960  
[  5]  54.00-55.00  sec  54.4 MBytes   456 Mbits/sec  48390  
[  5]  55.00-56.00  sec  54.9 MBytes   460 Mbits/sec  48840  
[  5]  56.00-57.00  sec  54.2 MBytes   455 Mbits/sec  48240  
[  5]  57.00-58.00  sec  47.9 MBytes   402 Mbits/sec  42660  
[  5]  58.00-59.00  sec  51.0 MBytes   428 Mbits/sec  45440  
[  5]  59.00-60.00  sec  52.4 MBytes   440 Mbits/sec  46630  
- - - - - - - - - - - - - - - - - - - - - - - - -
[ ID] Interval           Transfer     Bitrate         Jitter    Lost/Total Datagrams
[  5]   0.00-60.00  sec  3.15 GBytes   452 Mbits/sec  0.000 ms  0/2874780 (0%)  sender
[  5]   0.00-60.22  sec  1.87 GBytes   267 Mbits/sec  0.014 ms  1188801/2874780 (41%)  receiver

iperf Done.
