Connecting to host 10.136.80.140, port 5201
[  5] local 10.136.173.76 port 42432 connected to 10.136.80.140 port 5201
[ ID] Interval           Transfer     Bitrate         Retr  Cwnd
[  5]   0.00-1.00   sec  82.6 MBytes   693 Mbits/sec   24    260 KBytes       (omitted)
[  5]   0.00-1.00   sec  89.1 MBytes   747 Mbits/sec   17    304 KBytes       
[  5]   1.00-2.00   sec  88.7 MBytes   744 Mbits/sec   13    234 KBytes       
[  5]   2.00-3.00   sec  87.7 MBytes   735 Mbits/sec   20    182 KBytes       
[  5]   3.00-4.00   sec  85.6 MBytes   718 Mbits/sec   11    263 KBytes       
[  5]   4.00-5.00   sec  81.4 MBytes   683 Mbits/sec   31    299 KBytes       
[  5]   5.00-6.00   sec  86.8 MBytes   728 Mbits/sec   15    280 KBytes       
[  5]   6.00-7.00   sec  87.8 MBytes   737 Mbits/sec   13    338 KBytes       
[  5]   7.00-8.00   sec  88.2 MBytes   740 Mbits/sec    6    339 KBytes       
[  5]   8.00-9.00   sec  85.1 MBytes   714 Mbits/sec   19    236 KBytes       
[  5]   9.00-10.00  sec  84.3 MBytes   707 Mbits/sec   13    268 KBytes       
[  5]  10.00-11.00  sec  89.1 MBytes   748 Mbits/sec    7    346 KBytes       
[  5]  11.00-12.00  sec  86.5 MBytes   726 Mbits/sec   96    298 KBytes       
[  5]  12.00-13.00  sec  83.5 MBytes   701 Mbits/sec   16    191 KBytes       
[  5]  13.00-14.00  sec  86.9 MBytes   729 Mbits/sec   14    259 KBytes       
[  5]  14.00-15.00  sec  85.8 MBytes   719 Mbits/sec   77    182 KBytes       
[  5]  15.00-16.00  sec  83.7 MBytes   702 Mbits/sec   15    196 KBytes       
[  5]  16.00-17.00  sec  86.5 MBytes   726 Mbits/sec   12    267 KBytes       
[  5]  17.00-18.00  sec  87.2 MBytes   732 Mbits/sec   18    227 KBytes       
[  5]  18.00-19.00  sec  85.5 MBytes   717 Mbits/sec    6    299 KBytes       
[  5]  19.00-20.00  sec  86.3 MBytes   724 Mbits/sec   15    275 KBytes       
[  5]  20.00-21.00  sec  87.2 MBytes   731 Mbits/sec   16    298 KBytes       
[  5]  21.00-22.00  sec  87.1 MBytes   730 Mbits/sec    7    328 KBytes       
[  5]  22.00-23.00  sec  84.5 MBytes   709 Mbits/sec  100    143 KBytes       
[  5]  23.00-24.00  sec  78.7 MBytes   660 Mbits/sec   28    168 KBytes       
[  5]  24.00-25.00  sec  84.5 MBytes   709 Mbits/sec   14    252 KBytes       
[  5]  25.00-26.00  sec  85.8 MBytes   719 Mbits/sec   22    211 KBytes       
[  5]  26.00-27.00  sec  82.7 MBytes   694 Mbits/sec   24    166 KBytes       
[  5]  27.00-28.00  sec  85.8 MBytes   720 Mbits/sec    8    330 KBytes       
[  5]  28.00-29.00  sec  85.6 MBytes   718 Mbits/sec   30    258 KBytes       
[  5]  29.00-30.00  sec  83.5 MBytes   701 Mbits/sec   17    220 KBytes       
[  5]  30.00-31.00  sec  83.7 MBytes   702 Mbits/sec    0    390 KBytes       
[  5]  31.00-32.00  sec  84.8 MBytes   712 Mbits/sec   95    236 KBytes       
[  5]  32.00-33.00  sec  83.1 MBytes   697 Mbits/sec   29    188 KBytes       
[  5]  33.00-34.00  sec  84.0 MBytes   705 Mbits/sec   14    243 KBytes       
[  5]  34.00-35.00  sec  83.2 MBytes   698 Mbits/sec   26    159 KBytes       
[  5]  35.00-36.00  sec  83.0 MBytes   696 Mbits/sec   16    170 KBytes       
[  5]  36.00-37.00  sec  81.5 MBytes   684 Mbits/sec   18    269 KBytes       
[  5]  37.00-38.00  sec  84.1 MBytes   705 Mbits/sec   18    255 KBytes       
[  5]  38.00-39.00  sec  82.1 MBytes   688 Mbits/sec   24    207 KBytes       
[  5]  39.00-40.01  sec  81.6 MBytes   679 Mbits/sec   13    267 KBytes       
[  5]  40.01-41.00  sec  87.9 MBytes   743 Mbits/sec    8    300 KBytes       
[  5]  41.00-42.00  sec  84.5 MBytes   709 Mbits/sec   20    213 KBytes       
[  5]  42.00-43.00  sec  88.0 MBytes   738 Mbits/sec    5    296 KBytes       
[  5]  43.00-44.00  sec  84.5 MBytes   709 Mbits/sec   22    231 KBytes       
[  5]  44.00-45.00  sec  80.0 MBytes   671 Mbits/sec   18    270 KBytes       
[  5]  45.00-46.00  sec  86.0 MBytes   721 Mbits/sec   12    318 KBytes       
[  5]  46.00-47.00  sec  84.5 MBytes   709 Mbits/sec   15    274 KBytes       
[  5]  47.00-48.00  sec  89.3 MBytes   749 Mbits/sec   19    255 KBytes       
[  5]  48.00-49.00  sec  82.7 MBytes   694 Mbits/sec   19    197 KBytes       
[  5]  49.00-50.00  sec  86.0 MBytes   721 Mbits/sec    8    261 KBytes       
[  5]  50.00-51.00  sec  82.9 MBytes   696 Mbits/sec    7    359 KBytes       
[  5]  51.00-52.00  sec  86.4 MBytes   725 Mbits/sec   12    307 KBytes       
[  5]  52.00-53.00  sec  85.1 MBytes   714 Mbits/sec   13    284 KBytes       
[  5]  53.00-54.00  sec  83.7 MBytes   702 Mbits/sec   19    196 KBytes       
[  5]  54.00-55.01  sec  86.8 MBytes   723 Mbits/sec   14    253 KBytes       
[  5]  55.01-56.00  sec  84.5 MBytes   714 Mbits/sec    6    303 KBytes       
[  5]  56.00-57.00  sec  86.5 MBytes   726 Mbits/sec   12    303 KBytes       
[  5]  57.00-58.00  sec  88.4 MBytes   741 Mbits/sec   13    271 KBytes       
[  5]  58.00-59.00  sec  85.3 MBytes   716 Mbits/sec   13    255 KBytes       
[  5]  59.00-60.00  sec  81.6 MBytes   685 Mbits/sec   25    192 KBytes       
- - - - - - - - - - - - - - - - - - - - - - - - -
[ ID] Interval           Transfer     Bitrate         Retr
[  5]   0.00-60.00  sec  4.99 GBytes   714 Mbits/sec  1233             sender
[  5]   0.00-60.05  sec  4.99 GBytes   714 Mbits/sec                  receiver

iperf Done.
