Connecting to host 10.136.80.161, port 5201
[  5] local 10.136.173.83 port 58479 connected to 10.136.80.161 port 5201
[ ID] Interval           Transfer     Bitrate         Total Datagrams
[  5]   0.00-1.00   sec  93.3 MBytes   783 Mbits/sec  70010  (omitted)
[  5]   0.00-1.00   sec  95.8 MBytes   804 Mbits/sec  71890  
[  5]   1.00-2.00   sec  94.4 MBytes   791 Mbits/sec  70770  
[  5]   2.00-3.00   sec  93.8 MBytes   787 Mbits/sec  70380  
[  5]   3.00-4.00   sec  94.0 MBytes   789 Mbits/sec  70520  
[  5]   4.00-5.00   sec  94.1 MBytes   789 Mbits/sec  70580  
[  5]   5.00-6.00   sec  93.8 MBytes   787 Mbits/sec  70340  
[  5]   6.00-7.00   sec  93.9 MBytes   788 Mbits/sec  70440  
[  5]   7.00-8.00   sec  93.3 MBytes   783 Mbits/sec  69990  
[  5]   8.00-9.00   sec  94.0 MBytes   788 Mbits/sec  70480  
[  5]   9.00-10.00  sec  93.8 MBytes   787 Mbits/sec  70380  
[  5]  10.00-11.00  sec  93.9 MBytes   788 Mbits/sec  70430  
[  5]  11.00-12.00  sec  93.7 MBytes   786 Mbits/sec  70290  
[  5]  12.00-13.00  sec  91.9 MBytes   771 Mbits/sec  68950  
[  5]  13.00-14.00  sec  91.2 MBytes   765 Mbits/sec  68440  
[  5]  14.00-15.00  sec  80.1 MBytes   672 Mbits/sec  60050  
[  5]  15.00-16.00  sec  80.2 MBytes   673 Mbits/sec  60170  
[  5]  16.00-17.00  sec  87.0 MBytes   730 Mbits/sec  65290  
[  5]  17.00-18.00  sec  94.4 MBytes   792 Mbits/sec  70770  
[  5]  18.00-19.00  sec  93.7 MBytes   786 Mbits/sec  70310  
[  5]  19.00-20.00  sec  94.2 MBytes   790 Mbits/sec  70670  
[  5]  20.00-21.00  sec  93.4 MBytes   783 Mbits/sec  70030  
[  5]  21.00-22.00  sec  93.9 MBytes   788 Mbits/sec  70460  
[  5]  22.00-23.00  sec  93.8 MBytes   786 Mbits/sec  70320  
[  5]  23.00-24.00  sec  93.6 MBytes   786 Mbits/sec  70240  
[  5]  24.00-25.00  sec  93.7 MBytes   786 Mbits/sec  70280  
[  5]  25.00-26.00  sec  93.4 MBytes   783 Mbits/sec  70030  
[  5]  26.00-27.00  sec  93.7 MBytes   786 Mbits/sec  70270  
[  5]  27.00-28.00  sec  93.8 MBytes   787 Mbits/sec  70380  
[  5]  28.00-29.00  sec  94.0 MBytes   789 Mbits/sec  70540  
[  5]  29.00-30.00  sec  94.0 MBytes   789 Mbits/sec  70530  
[  5]  30.00-31.00  sec  93.9 MBytes   788 Mbits/sec  70460  
[  5]  31.00-32.00  sec  91.7 MBytes   769 Mbits/sec  68790  
[  5]  32.00-33.00  sec  94.9 MBytes   796 Mbits/sec  71190  
[  5]  33.00-34.00  sec  95.1 MBytes   798 Mbits/sec  71360  
[  5]  34.00-35.00  sec  93.9 MBytes   788 Mbits/sec  70450  
[  5]  35.00-36.00  sec  93.6 MBytes   785 Mbits/sec  70170  
[  5]  36.00-37.00  sec  93.6 MBytes   785 Mbits/sec  70210  
[  5]  37.00-38.00  sec  93.9 MBytes   788 Mbits/sec  70450  
[  5]  38.00-39.00  sec  94.3 MBytes   791 Mbits/sec  70760  
[  5]  39.00-40.00  sec  94.2 MBytes   790 Mbits/sec  70640  
[  5]  40.00-41.00  sec  94.1 MBytes   789 Mbits/sec  70550  
[  5]  41.00-42.00  sec  94.5 MBytes   793 Mbits/sec  70870  
[  5]  42.00-43.00  sec  94.1 MBytes   790 Mbits/sec  70590  
[  5]  43.00-44.00  sec  96.5 MBytes   809 Mbits/sec  72350  
[  5]  44.00-45.00  sec  93.4 MBytes   784 Mbits/sec  70090  
[  5]  45.00-46.00  sec  87.1 MBytes   731 Mbits/sec  65340  
[  5]  46.00-47.00  sec  80.7 MBytes   677 Mbits/sec  60520  
[  5]  47.00-48.00  sec  80.3 MBytes   674 Mbits/sec  60230  
[  5]  48.00-49.00  sec  78.9 MBytes   662 Mbits/sec  59180  
[  5]  49.00-50.00  sec  80.4 MBytes   675 Mbits/sec  60330  
[  5]  50.00-51.00  sec  81.0 MBytes   680 Mbits/sec  60770  
[  5]  51.00-52.00  sec  79.9 MBytes   670 Mbits/sec  59940  
[  5]  52.00-53.00  sec  76.5 MBytes   642 Mbits/sec  57380  
[  5]  53.00-54.00  sec  80.6 MBytes   676 Mbits/sec  60420  
[  5]  54.00-55.00  sec  79.6 MBytes   668 Mbits/sec  59730  
[  5]  55.00-56.00  sec  80.0 MBytes   671 Mbits/sec  59980  
[  5]  56.00-57.00  sec  80.8 MBytes   678 Mbits/sec  60630  
[  5]  57.00-58.00  sec  78.5 MBytes   659 Mbits/sec  58900  
[  5]  58.00-59.00  sec  78.3 MBytes   657 Mbits/sec  58710  
[  5]  59.00-60.00  sec  80.7 MBytes   677 Mbits/sec  60540  
- - - - - - - - - - - - - - - - - - - - - - - - -
[ ID] Interval           Transfer     Bitrate         Jitter    Lost/Total Datagrams
[  5]   0.00-60.00  sec  5.27 GBytes   754 Mbits/sec  0.000 ms  0/4045750 (0%)  sender
[  5]   0.00-60.04  sec  5.27 GBytes   754 Mbits/sec  0.013 ms  363/4045748 (0.009%)  receiver

iperf Done.
