Connecting to host 10.136.80.168, port 5201
[  5] local 10.136.173.105 port 49105 connected to 10.136.80.168 port 5201
[ ID] Interval           Transfer     Bitrate         Total Datagrams
[  5]   0.00-1.00   sec  62.3 MBytes   523 Mbits/sec  55460  (omitted)
[  5]   0.00-1.00   sec  62.4 MBytes   523 Mbits/sec  55510  
[  5]   1.00-2.00   sec  63.5 MBytes   533 Mbits/sec  56550  
[  5]   2.00-3.00   sec  61.6 MBytes   517 Mbits/sec  54840  
[  5]   3.00-4.00   sec  63.5 MBytes   533 Mbits/sec  56520  
[  5]   4.00-5.00   sec  60.2 MBytes   505 Mbits/sec  53600  
[  5]   5.00-6.00   sec  60.6 MBytes   508 Mbits/sec  53950  
[  5]   6.00-7.00   sec  63.6 MBytes   533 Mbits/sec  56620  
[  5]   7.00-8.00   sec  63.6 MBytes   534 Mbits/sec  56650  
[  5]   8.00-9.00   sec  57.8 MBytes   485 Mbits/sec  51430  
[  5]   9.00-10.00  sec  58.7 MBytes   492 Mbits/sec  52230  
[  5]  10.00-11.00  sec  62.6 MBytes   525 Mbits/sec  55720  
[  5]  11.00-12.00  sec  58.6 MBytes   492 Mbits/sec  52170  
[  5]  12.00-13.00  sec  58.9 MBytes   494 Mbits/sec  52440  
[  5]  13.00-14.00  sec  60.8 MBytes   510 Mbits/sec  54160  
[  5]  14.00-15.00  sec  60.6 MBytes   508 Mbits/sec  53940  
[  5]  15.00-16.00  sec  63.4 MBytes   532 Mbits/sec  56410  
[  5]  16.00-17.00  sec  61.3 MBytes   514 Mbits/sec  54540  
[  5]  17.00-18.00  sec  49.8 MBytes   418 Mbits/sec  44320  
[  5]  18.00-19.00  sec  52.4 MBytes   439 Mbits/sec  46600  
[  5]  19.00-20.00  sec  52.2 MBytes   438 Mbits/sec  46500  
[  5]  20.00-21.00  sec  61.3 MBytes   515 Mbits/sec  54600  
[  5]  21.00-22.00  sec  62.5 MBytes   525 Mbits/sec  55670  
[  5]  22.00-23.00  sec  53.8 MBytes   451 Mbits/sec  47910  
[  5]  23.00-24.00  sec  61.3 MBytes   514 Mbits/sec  54540  
[  5]  24.00-25.00  sec  60.1 MBytes   504 Mbits/sec  53500  
[  5]  25.00-26.00  sec  62.3 MBytes   523 Mbits/sec  55480  
[  5]  26.00-27.00  sec  55.6 MBytes   466 Mbits/sec  49460  
[  5]  27.00-28.00  sec  63.6 MBytes   534 Mbits/sec  56630  
[  5]  28.00-29.00  sec  61.9 MBytes   519 Mbits/sec  55070  
[  5]  29.00-30.00  sec  57.0 MBytes   478 Mbits/sec  50710  
[  5]  30.00-31.00  sec  64.3 MBytes   540 Mbits/sec  57280  
[  5]  31.00-32.00  sec  59.0 MBytes   495 Mbits/sec  52560  
[  5]  32.00-33.00  sec  64.3 MBytes   539 Mbits/sec  57240  
[  5]  33.00-34.00  sec  59.0 MBytes   495 Mbits/sec  52530  
[  5]  34.00-35.00  sec  61.0 MBytes   512 Mbits/sec  54310  
[  5]  35.00-36.00  sec  64.5 MBytes   541 Mbits/sec  57430  
[  5]  36.00-37.00  sec  69.7 MBytes   585 Mbits/sec  62070  
[  5]  37.00-38.00  sec  65.3 MBytes   547 Mbits/sec  58090  
[  5]  38.00-39.00  sec  64.7 MBytes   543 Mbits/sec  57610  
[  5]  39.00-40.00  sec  61.7 MBytes   518 Mbits/sec  54920  
[  5]  40.00-41.00  sec  61.0 MBytes   511 Mbits/sec  54270  
[  5]  41.00-42.00  sec  71.0 MBytes   596 Mbits/sec  63240  
[  5]  42.00-43.00  sec  61.6 MBytes   517 Mbits/sec  54840  
[  5]  43.00-44.00  sec  64.2 MBytes   539 Mbits/sec  57140  
[  5]  44.00-45.00  sec  60.7 MBytes   509 Mbits/sec  53990  
[  5]  45.00-46.00  sec  62.1 MBytes   521 Mbits/sec  55260  
[  5]  46.00-47.00  sec  53.1 MBytes   446 Mbits/sec  47300  
[  5]  47.00-48.00  sec  61.5 MBytes   516 Mbits/sec  54780  
[  5]  48.00-49.00  sec  65.5 MBytes   549 Mbits/sec  58300  
[  5]  49.00-50.00  sec  61.9 MBytes   520 Mbits/sec  55140  
[  5]  50.00-51.00  sec  60.0 MBytes   504 Mbits/sec  53430  
[  5]  51.00-52.00  sec  49.5 MBytes   415 Mbits/sec  44060  
[  5]  52.00-53.00  sec  51.6 MBytes   433 Mbits/sec  45970  
[  5]  53.00-54.00  sec  60.6 MBytes   508 Mbits/sec  53940  
[  5]  54.00-55.00  sec  60.4 MBytes   507 Mbits/sec  53790  
[  5]  55.00-56.00  sec  67.2 MBytes   564 Mbits/sec  59790  
[  5]  56.00-57.00  sec  61.6 MBytes   517 Mbits/sec  54810  
[  5]  57.00-58.00  sec  64.7 MBytes   543 Mbits/sec  57630  
[  5]  58.00-59.00  sec  61.5 MBytes   516 Mbits/sec  54740  
[  5]  59.00-60.00  sec  59.9 MBytes   503 Mbits/sec  53320  
- - - - - - - - - - - - - - - - - - - - - - - - -
[ ID] Interval           Transfer     Bitrate         Jitter    Lost/Total Datagrams
[  5]   0.00-60.00  sec  3.56 GBytes   510 Mbits/sec  0.000 ms  0/3248050 (0%)  sender
[  5]   0.00-60.04  sec  3.45 GBytes   494 Mbits/sec  0.019 ms  110073/3248048 (3.4%)  receiver

iperf Done.
