Connecting to host 10.136.80.160, port 5201
[  5] local 10.136.173.97 port 54084 connected to 10.136.80.160 port 5201
[ ID] Interval           Transfer     Bitrate         Retr  Cwnd
[  5]   0.00-1.00   sec  79.9 MBytes   670 Mbits/sec   38    349 KBytes       (omitted)
[  5]   0.00-1.00   sec  85.3 MBytes   716 Mbits/sec   28    222 KBytes       
[  5]   1.00-2.00   sec  85.8 MBytes   720 Mbits/sec    6    357 KBytes       
[  5]   2.00-3.00   sec  85.6 MBytes   718 Mbits/sec   15    270 KBytes       
[  5]   3.00-4.00   sec  86.4 MBytes   725 Mbits/sec    7    359 KBytes       
[  5]   4.00-5.00   sec  88.4 MBytes   741 Mbits/sec    6    353 KBytes       
[  5]   5.00-6.00   sec  88.0 MBytes   739 Mbits/sec    8    354 KBytes       
[  5]   6.00-7.00   sec  88.1 MBytes   739 Mbits/sec   21    238 KBytes       
[  5]   7.00-8.00   sec  87.9 MBytes   737 Mbits/sec    7    300 KBytes       
[  5]   8.00-9.00   sec  86.9 MBytes   729 Mbits/sec   35    285 KBytes       
[  5]   9.00-10.00  sec  87.1 MBytes   730 Mbits/sec   14    220 KBytes       
[  5]  10.00-11.00  sec  87.9 MBytes   737 Mbits/sec   15    215 KBytes       
[  5]  11.00-12.00  sec  84.2 MBytes   706 Mbits/sec   12    239 KBytes       
[  5]  12.00-13.00  sec  81.2 MBytes   681 Mbits/sec    6    341 KBytes       
[  5]  13.00-14.00  sec  87.2 MBytes   732 Mbits/sec    5    404 KBytes       
[  5]  14.00-15.00  sec  84.3 MBytes   707 Mbits/sec   42    114 KBytes       
[  5]  15.00-16.00  sec  84.5 MBytes   709 Mbits/sec    1    296 KBytes       
[  5]  16.00-17.00  sec  85.3 MBytes   716 Mbits/sec   71    259 KBytes       
[  5]  17.00-18.00  sec  86.1 MBytes   722 Mbits/sec   42    170 KBytes       
[  5]  18.00-19.00  sec  84.0 MBytes   704 Mbits/sec   36    321 KBytes       
[  5]  19.00-20.00  sec  87.2 MBytes   731 Mbits/sec   66    248 KBytes       
[  5]  20.00-21.00  sec  63.6 MBytes   533 Mbits/sec   23    198 KBytes       
[  5]  21.00-22.00  sec  90.1 MBytes   756 Mbits/sec    8    275 KBytes       
[  5]  22.00-23.00  sec  84.8 MBytes   711 Mbits/sec   17    281 KBytes       
[  5]  23.00-24.00  sec  83.7 MBytes   702 Mbits/sec    6    362 KBytes       
[  5]  24.00-25.00  sec  86.4 MBytes   725 Mbits/sec   22    222 KBytes       
[  5]  25.00-26.00  sec  87.4 MBytes   733 Mbits/sec    7    293 KBytes       
[  5]  26.00-27.00  sec  84.7 MBytes   710 Mbits/sec   14    258 KBytes       
[  5]  27.00-28.00  sec  86.1 MBytes   722 Mbits/sec   13    240 KBytes       
[  5]  28.00-29.00  sec  87.0 MBytes   731 Mbits/sec   26    228 KBytes       
[  5]  29.00-30.00  sec  83.2 MBytes   698 Mbits/sec   66    276 KBytes       
[  5]  30.00-31.00  sec  85.0 MBytes   713 Mbits/sec   31    266 KBytes       
[  5]  31.00-32.00  sec  85.6 MBytes   718 Mbits/sec   19    193 KBytes       
[  5]  32.00-33.00  sec  80.4 MBytes   675 Mbits/sec   49    299 KBytes       
[  5]  33.00-34.00  sec  87.2 MBytes   732 Mbits/sec   13    281 KBytes       
[  5]  34.00-35.00  sec  83.5 MBytes   701 Mbits/sec   14    248 KBytes       
[  5]  35.00-36.00  sec  87.7 MBytes   736 Mbits/sec   26    326 KBytes       
[  5]  36.00-37.00  sec  86.1 MBytes   722 Mbits/sec   21    189 KBytes       
[  5]  37.00-38.00  sec  84.0 MBytes   705 Mbits/sec   14    246 KBytes       
[  5]  38.00-39.00  sec  84.4 MBytes   708 Mbits/sec    2    357 KBytes       
[  5]  39.00-40.00  sec  83.3 MBytes   699 Mbits/sec   19    211 KBytes       
[  5]  40.00-41.00  sec  83.7 MBytes   702 Mbits/sec   67    284 KBytes       
[  5]  41.00-42.00  sec  87.7 MBytes   736 Mbits/sec    6    305 KBytes       
[  5]  42.00-43.00  sec  79.8 MBytes   667 Mbits/sec   20    282 KBytes       
[  5]  43.00-44.00  sec  86.3 MBytes   727 Mbits/sec   13    289 KBytes       
[  5]  44.00-45.00  sec  87.4 MBytes   733 Mbits/sec   13    251 KBytes       
[  5]  45.00-46.00  sec  88.0 MBytes   738 Mbits/sec    6    368 KBytes       
[  5]  46.00-47.00  sec  84.0 MBytes   705 Mbits/sec   19    246 KBytes       
[  5]  47.00-48.00  sec  84.3 MBytes   707 Mbits/sec   13    323 KBytes       
[  5]  48.00-49.00  sec  77.8 MBytes   653 Mbits/sec   26    259 KBytes       
[  5]  49.00-50.00  sec  88.7 MBytes   744 Mbits/sec    8    322 KBytes       
[  5]  50.00-51.00  sec  85.5 MBytes   717 Mbits/sec   17    332 KBytes       
[  5]  51.00-52.00  sec  84.0 MBytes   705 Mbits/sec   31    232 KBytes       
[  5]  52.00-53.00  sec  79.3 MBytes   665 Mbits/sec   25    262 KBytes       
[  5]  53.00-54.00  sec  83.6 MBytes   702 Mbits/sec   15    299 KBytes       
[  5]  54.00-55.00  sec  82.8 MBytes   695 Mbits/sec   22    225 KBytes       
[  5]  55.00-56.00  sec  85.8 MBytes   720 Mbits/sec   16    283 KBytes       
[  5]  56.00-57.00  sec  86.9 MBytes   729 Mbits/sec   18    261 KBytes       
[  5]  57.00-58.00  sec  85.9 MBytes   721 Mbits/sec   23    176 KBytes       
[  5]  58.00-59.01  sec  82.9 MBytes   687 Mbits/sec   14    219 KBytes       
[  5]  59.01-60.00  sec  85.1 MBytes   723 Mbits/sec    8    316 KBytes       
- - - - - - - - - - - - - - - - - - - - - - - - -
[ ID] Interval           Transfer     Bitrate         Retr
[  5]   0.00-60.00  sec  4.98 GBytes   712 Mbits/sec  1233             sender
[  5]   0.00-60.04  sec  4.98 GBytes   712 Mbits/sec                  receiver

iperf Done.
