Connecting to host knb-server-87934, port 5201
[  5] local 10.136.173.121 port 37559 connected to 10.43.211.254 port 5201
[ ID] Interval           Transfer     Bitrate         Total Datagrams
[  5]   0.00-1.00   sec  75.9 MBytes   636 Mbits/sec  67520  (omitted)
[  5]   0.00-1.00   sec  62.7 MBytes   526 Mbits/sec  55790  
[  5]   1.00-2.00   sec  64.2 MBytes   539 Mbits/sec  57180  
[  5]   2.00-3.00   sec  64.1 MBytes   538 Mbits/sec  57100  
[  5]   3.00-4.00   sec  63.3 MBytes   531 Mbits/sec  56370  
[  5]   4.00-5.00   sec  64.4 MBytes   540 Mbits/sec  57340  
[  5]   5.00-6.00   sec  64.5 MBytes   541 Mbits/sec  57390  
[  5]   6.00-7.00   sec  64.3 MBytes   539 Mbits/sec  57220  
[  5]   7.00-8.00   sec  62.5 MBytes   525 Mbits/sec  55660  
[  5]   8.00-9.00   sec  63.1 MBytes   529 Mbits/sec  56140  
[  5]   9.00-10.00  sec  62.3 MBytes   522 Mbits/sec  55440  
[  5]  10.00-11.00  sec  63.5 MBytes   533 Mbits/sec  56500  
[  5]  11.00-12.00  sec  64.0 MBytes   537 Mbits/sec  56940  
[  5]  12.00-13.00  sec  64.0 MBytes   537 Mbits/sec  56950  
[  5]  13.00-14.00  sec  64.2 MBytes   538 Mbits/sec  57130  
[  5]  14.00-15.00  sec  62.7 MBytes   526 Mbits/sec  55800  
[  5]  15.00-16.00  sec  64.3 MBytes   539 Mbits/sec  57230  
[  5]  16.00-17.00  sec  62.9 MBytes   528 Mbits/sec  55980  
[  5]  17.00-18.00  sec  60.7 MBytes   509 Mbits/sec  54050  
[  5]  18.00-19.00  sec  63.5 MBytes   533 Mbits/sec  56510  
[  5]  19.00-20.00  sec  61.8 MBytes   519 Mbits/sec  55030  
[  5]  20.00-21.00  sec  61.9 MBytes   519 Mbits/sec  55060  
[  5]  21.00-22.00  sec  60.8 MBytes   510 Mbits/sec  54160  
[  5]  22.00-23.00  sec  62.1 MBytes   521 Mbits/sec  55310  
[  5]  23.00-24.00  sec  61.1 MBytes   512 Mbits/sec  54350  
[  5]  24.00-25.00  sec  62.6 MBytes   525 Mbits/sec  55700  
[  5]  25.00-26.00  sec  62.6 MBytes   525 Mbits/sec  55710  
[  5]  26.00-27.00  sec  63.7 MBytes   535 Mbits/sec  56720  
[  5]  27.00-28.00  sec  64.1 MBytes   538 Mbits/sec  57030  
[  5]  28.00-29.00  sec  61.8 MBytes   519 Mbits/sec  55030  
[  5]  29.00-30.00  sec  63.3 MBytes   531 Mbits/sec  56310  
[  5]  30.00-31.00  sec  61.7 MBytes   517 Mbits/sec  54890  
[  5]  31.00-32.00  sec  61.3 MBytes   515 Mbits/sec  54600  
[  5]  32.00-33.00  sec  63.9 MBytes   536 Mbits/sec  56850  
[  5]  33.00-34.00  sec  61.7 MBytes   518 Mbits/sec  54950  
[  5]  34.00-35.00  sec  60.8 MBytes   510 Mbits/sec  54160  
[  5]  35.00-36.00  sec  62.4 MBytes   523 Mbits/sec  55540  
[  5]  36.00-37.00  sec  63.9 MBytes   536 Mbits/sec  56890  
[  5]  37.00-38.00  sec  61.2 MBytes   513 Mbits/sec  54480  
[  5]  38.00-39.00  sec  61.2 MBytes   513 Mbits/sec  54450  
[  5]  39.00-40.00  sec  61.3 MBytes   514 Mbits/sec  54570  
[  5]  40.00-41.00  sec  63.8 MBytes   535 Mbits/sec  56810  
[  5]  41.00-42.00  sec  62.5 MBytes   524 Mbits/sec  55650  
[  5]  42.00-43.00  sec  61.3 MBytes   514 Mbits/sec  54540  
[  5]  43.00-44.00  sec  63.4 MBytes   531 Mbits/sec  56390  
[  5]  44.00-45.00  sec  60.9 MBytes   511 Mbits/sec  54210  
[  5]  45.00-46.00  sec  61.0 MBytes   512 Mbits/sec  54300  
[  5]  46.00-47.00  sec  64.3 MBytes   539 Mbits/sec  57220  
[  5]  47.00-48.00  sec  64.7 MBytes   543 Mbits/sec  57630  
[  5]  48.00-49.00  sec  61.7 MBytes   518 Mbits/sec  54960  
[  5]  49.00-50.00  sec  63.0 MBytes   529 Mbits/sec  56090  
[  5]  50.00-51.00  sec  62.7 MBytes   526 Mbits/sec  55780  
[  5]  51.00-52.00  sec  59.6 MBytes   500 Mbits/sec  53030  
[  5]  52.00-53.00  sec  59.4 MBytes   498 Mbits/sec  52840  
[  5]  53.00-54.00  sec  62.9 MBytes   528 Mbits/sec  56030  
[  5]  54.00-55.00  sec  63.2 MBytes   531 Mbits/sec  56290  
[  5]  55.00-56.00  sec  62.1 MBytes   521 Mbits/sec  55240  
[  5]  56.00-57.00  sec  63.3 MBytes   531 Mbits/sec  56350  
[  5]  57.00-58.00  sec  62.8 MBytes   527 Mbits/sec  55930  
[  5]  58.00-59.00  sec  64.4 MBytes   540 Mbits/sec  57310  
[  5]  59.00-60.00  sec  63.0 MBytes   529 Mbits/sec  56100  
- - - - - - - - - - - - - - - - - - - - - - - - -
[ ID] Interval           Transfer     Bitrate         Jitter    Lost/Total Datagrams
[  5]   0.00-60.00  sec  3.67 GBytes   526 Mbits/sec  0.000 ms  0/3347210 (0%)  sender
[  5]   0.00-60.04  sec  3.67 GBytes   526 Mbits/sec  0.015 ms  938/3347209 (0.028%)  receiver

iperf Done.
