Connecting to host knb-server-221039, port 5201
[  5] local 10.136.173.90 port 53605 connected to 10.43.237.232 port 5201
[ ID] Interval           Transfer     Bitrate         Total Datagrams
[  5]   0.00-1.00   sec  51.9 MBytes   436 Mbits/sec  46230  (omitted)
[  5]   0.00-1.00   sec  51.5 MBytes   432 Mbits/sec  45850  
[  5]   1.00-2.00   sec  52.3 MBytes   439 Mbits/sec  46580  
[  5]   2.00-3.00   sec  51.2 MBytes   430 Mbits/sec  45590  
[  5]   3.00-4.00   sec  56.5 MBytes   474 Mbits/sec  50330  
[  5]   4.00-5.00   sec  54.2 MBytes   455 Mbits/sec  48280  
[  5]   5.00-6.00   sec  48.3 MBytes   405 Mbits/sec  42960  
[  5]   6.00-7.00   sec  52.4 MBytes   440 Mbits/sec  46670  
[  5]   7.00-8.00   sec  52.8 MBytes   443 Mbits/sec  46980  
[  5]   8.00-9.00   sec  51.6 MBytes   433 Mbits/sec  45920  
[  5]   9.00-10.00  sec  55.6 MBytes   467 Mbits/sec  49500  
[  5]  10.00-11.00  sec  52.1 MBytes   437 Mbits/sec  46350  
[  5]  11.00-12.00  sec  53.2 MBytes   447 Mbits/sec  47380  
[  5]  12.00-13.00  sec  51.3 MBytes   430 Mbits/sec  45650  
[  5]  13.00-14.00  sec  51.0 MBytes   428 Mbits/sec  45430  
[  5]  14.00-15.00  sec  52.4 MBytes   439 Mbits/sec  46610  
[  5]  15.00-16.00  sec  53.3 MBytes   447 Mbits/sec  47460  
[  5]  16.00-17.00  sec  51.5 MBytes   432 Mbits/sec  45880  
[  5]  17.00-18.00  sec  56.8 MBytes   476 Mbits/sec  50530  
[  5]  18.00-19.00  sec  52.6 MBytes   441 Mbits/sec  46780  
[  5]  19.00-20.00  sec  51.7 MBytes   434 Mbits/sec  46040  
[  5]  20.00-21.00  sec  52.1 MBytes   437 Mbits/sec  46400  
[  5]  21.00-22.00  sec  49.8 MBytes   418 Mbits/sec  44330  
[  5]  22.00-23.00  sec  52.9 MBytes   444 Mbits/sec  47100  
[  5]  23.00-24.00  sec  55.2 MBytes   463 Mbits/sec  49140  
[  5]  24.00-25.00  sec  51.2 MBytes   429 Mbits/sec  45570  
[  5]  25.00-26.00  sec  51.9 MBytes   435 Mbits/sec  46200  
[  5]  26.00-27.00  sec  53.2 MBytes   446 Mbits/sec  47370  
[  5]  27.00-28.00  sec  51.4 MBytes   431 Mbits/sec  45780  
[  5]  28.00-29.00  sec  52.1 MBytes   437 Mbits/sec  46390  
[  5]  29.00-30.00  sec  49.5 MBytes   415 Mbits/sec  44080  
[  5]  30.00-31.00  sec  52.3 MBytes   439 Mbits/sec  46530  
[  5]  31.00-32.00  sec  51.3 MBytes   431 Mbits/sec  45690  
[  5]  32.00-33.00  sec  53.7 MBytes   451 Mbits/sec  47840  
[  5]  33.00-34.00  sec  53.8 MBytes   451 Mbits/sec  47910  
[  5]  34.00-35.00  sec  52.9 MBytes   443 Mbits/sec  47060  
[  5]  35.00-36.00  sec  50.8 MBytes   426 Mbits/sec  45190  
[  5]  36.00-37.00  sec  54.3 MBytes   455 Mbits/sec  48310  
[  5]  37.00-38.00  sec  55.7 MBytes   467 Mbits/sec  49580  
[  5]  38.00-39.00  sec  53.1 MBytes   446 Mbits/sec  47300  
[  5]  39.00-40.00  sec  53.5 MBytes   449 Mbits/sec  47660  
[  5]  40.00-41.00  sec  52.9 MBytes   443 Mbits/sec  47060  
[  5]  41.00-42.00  sec  53.1 MBytes   446 Mbits/sec  47310  
[  5]  42.00-43.00  sec  50.5 MBytes   423 Mbits/sec  44930  
[  5]  43.00-44.00  sec  54.3 MBytes   455 Mbits/sec  48320  
[  5]  44.00-45.00  sec  52.1 MBytes   437 Mbits/sec  46340  
[  5]  45.00-46.00  sec  54.7 MBytes   459 Mbits/sec  48730  
[  5]  46.00-47.00  sec  51.6 MBytes   433 Mbits/sec  45970  
[  5]  47.00-48.00  sec  52.1 MBytes   437 Mbits/sec  46410  
[  5]  48.00-49.00  sec  55.8 MBytes   468 Mbits/sec  49640  
[  5]  49.00-50.00  sec  51.9 MBytes   435 Mbits/sec  46190  
[  5]  50.00-51.00  sec  53.4 MBytes   448 Mbits/sec  47570  
[  5]  51.00-52.00  sec  48.6 MBytes   408 Mbits/sec  43250  
[  5]  52.00-53.00  sec  56.5 MBytes   474 Mbits/sec  50250  
[  5]  53.00-54.00  sec  50.8 MBytes   426 Mbits/sec  45180  
[  5]  54.00-55.00  sec  49.4 MBytes   414 Mbits/sec  43960  
[  5]  55.00-56.00  sec  50.9 MBytes   427 Mbits/sec  45340  
[  5]  56.00-57.00  sec  51.3 MBytes   430 Mbits/sec  45640  
[  5]  57.00-58.00  sec  52.2 MBytes   438 Mbits/sec  46460  
[  5]  58.00-59.00  sec  54.5 MBytes   457 Mbits/sec  48510  
[  5]  59.00-60.00  sec  50.1 MBytes   420 Mbits/sec  44580  
- - - - - - - - - - - - - - - - - - - - - - - - -
[ ID] Interval           Transfer     Bitrate         Jitter    Lost/Total Datagrams
[  5]   0.00-60.00  sec  3.08 GBytes   440 Mbits/sec  0.000 ms  0/2803840 (0%)  sender
[  5]   0.00-60.21  sec  1.87 GBytes   266 Mbits/sec  0.012 ms  1122131/2803840 (40%)  receiver

iperf Done.
