Connecting to host knb-server-167451, port 5201
[  5] local 10.136.173.97 port 36595 connected to 10.43.138.79 port 5201
[ ID] Interval           Transfer     Bitrate         Total Datagrams
[  5]   0.00-1.00   sec  78.3 MBytes   656 Mbits/sec  69660  (omitted)
[  5]   0.00-1.00   sec  78.8 MBytes   661 Mbits/sec  70130  
[  5]   1.00-2.00   sec  79.2 MBytes   664 Mbits/sec  70500  
[  5]   2.00-3.00   sec  78.4 MBytes   658 Mbits/sec  69830  
[  5]   3.00-4.00   sec  78.9 MBytes   662 Mbits/sec  70270  
[  5]   4.00-5.00   sec  77.2 MBytes   648 Mbits/sec  68730  
[  5]   5.00-6.00   sec  78.0 MBytes   654 Mbits/sec  69400  
[  5]   6.00-7.00   sec  77.2 MBytes   648 Mbits/sec  68720  
[  5]   7.00-8.00   sec  63.7 MBytes   534 Mbits/sec  56690  
[  5]   8.00-9.00   sec  64.0 MBytes   537 Mbits/sec  56960  
[  5]   9.00-10.00  sec  59.6 MBytes   500 Mbits/sec  53020  
[  5]  10.00-11.00  sec  63.8 MBytes   535 Mbits/sec  56820  
[  5]  11.00-12.00  sec  60.9 MBytes   511 Mbits/sec  54170  
[  5]  12.00-13.00  sec  59.3 MBytes   497 Mbits/sec  52780  
[  5]  13.00-14.00  sec  59.6 MBytes   500 Mbits/sec  53020  
[  5]  14.00-15.00  sec  59.6 MBytes   500 Mbits/sec  53060  
[  5]  15.00-16.00  sec  59.5 MBytes   499 Mbits/sec  53000  
[  5]  16.00-17.00  sec  59.0 MBytes   495 Mbits/sec  52530  
[  5]  17.00-18.00  sec  62.3 MBytes   522 Mbits/sec  55440  
[  5]  18.00-19.00  sec  60.3 MBytes   506 Mbits/sec  53690  
[  5]  19.00-20.00  sec  59.4 MBytes   498 Mbits/sec  52830  
[  5]  20.00-21.00  sec  59.5 MBytes   499 Mbits/sec  52960  
[  5]  21.00-22.00  sec  59.4 MBytes   498 Mbits/sec  52870  
[  5]  22.00-23.00  sec  74.4 MBytes   624 Mbits/sec  66260  
[  5]  23.00-24.00  sec  78.0 MBytes   654 Mbits/sec  69440  
[  5]  24.00-25.00  sec  78.4 MBytes   657 Mbits/sec  69760  
[  5]  25.00-26.00  sec  77.9 MBytes   653 Mbits/sec  69340  
[  5]  26.00-27.00  sec  77.7 MBytes   652 Mbits/sec  69160  
[  5]  27.00-28.00  sec  78.3 MBytes   657 Mbits/sec  69710  
[  5]  28.00-29.00  sec  78.5 MBytes   659 Mbits/sec  69910  
[  5]  29.00-30.00  sec  77.4 MBytes   649 Mbits/sec  68860  
[  5]  30.00-31.00  sec  78.4 MBytes   658 Mbits/sec  69810  
[  5]  31.00-32.00  sec  78.2 MBytes   656 Mbits/sec  69640  
[  5]  32.00-33.00  sec  77.7 MBytes   652 Mbits/sec  69140  
[  5]  33.00-34.00  sec  78.1 MBytes   655 Mbits/sec  69490  
[  5]  34.00-35.00  sec  77.7 MBytes   652 Mbits/sec  69190  
[  5]  35.00-36.00  sec  77.9 MBytes   653 Mbits/sec  69320  
[  5]  36.00-37.00  sec  76.8 MBytes   645 Mbits/sec  68400  
[  5]  37.00-38.00  sec  78.4 MBytes   658 Mbits/sec  69810  
[  5]  38.00-39.00  sec  79.2 MBytes   664 Mbits/sec  70460  
[  5]  39.00-40.00  sec  78.0 MBytes   655 Mbits/sec  69470  
[  5]  40.00-41.00  sec  77.6 MBytes   651 Mbits/sec  69080  
[  5]  41.00-42.00  sec  78.9 MBytes   661 Mbits/sec  70190  
[  5]  42.00-43.00  sec  77.4 MBytes   649 Mbits/sec  68910  
[  5]  43.00-44.00  sec  76.6 MBytes   643 Mbits/sec  68200  
[  5]  44.00-45.00  sec  66.5 MBytes   558 Mbits/sec  59180  
[  5]  45.00-46.00  sec  63.3 MBytes   531 Mbits/sec  56330  
[  5]  46.00-47.00  sec  62.7 MBytes   526 Mbits/sec  55790  
[  5]  47.00-48.00  sec  63.2 MBytes   530 Mbits/sec  56230  
[  5]  48.00-49.00  sec  60.2 MBytes   505 Mbits/sec  53590  
[  5]  49.00-50.00  sec  62.0 MBytes   520 Mbits/sec  55210  
[  5]  50.00-51.00  sec  63.6 MBytes   534 Mbits/sec  56650  
[  5]  51.00-52.00  sec  62.7 MBytes   526 Mbits/sec  55790  
[  5]  52.00-53.00  sec  70.3 MBytes   590 Mbits/sec  62580  
[  5]  53.00-54.00  sec  71.0 MBytes   595 Mbits/sec  63160  
[  5]  54.00-55.00  sec  69.7 MBytes   585 Mbits/sec  62040  
[  5]  55.00-56.00  sec  63.3 MBytes   531 Mbits/sec  56370  
[  5]  56.00-57.00  sec  63.1 MBytes   529 Mbits/sec  56130  
[  5]  57.00-58.00  sec  63.9 MBytes   536 Mbits/sec  56860  
[  5]  58.00-59.00  sec  63.4 MBytes   532 Mbits/sec  56450  
[  5]  59.00-60.00  sec  69.5 MBytes   583 Mbits/sec  61870  
- - - - - - - - - - - - - - - - - - - - - - - - -
[ ID] Interval           Transfer     Bitrate         Jitter    Lost/Total Datagrams
[  5]   0.00-60.00  sec  4.11 GBytes   588 Mbits/sec  0.000 ms  0/3745200 (0%)  sender
[  5]   0.00-60.04  sec  4.11 GBytes   588 Mbits/sec  0.015 ms  1189/3745198 (0.032%)  receiver

iperf Done.
