Connecting to host knb-server-923494, port 5201
[  5] local 10.136.173.122 port 38071 connected to 10.43.255.222 port 5201
[ ID] Interval           Transfer     Bitrate         Total Datagrams
[  5]   0.00-1.05   sec  11.5 KBytes  0.09 Mbits/sec  10  (omitted)
[  5]   0.00-1.00   sec  72.3 MBytes   607 Mbits/sec  64370  
[  5]   1.00-2.00   sec  73.5 MBytes   616 Mbits/sec  65410  
[  5]   2.00-3.00   sec  76.9 MBytes   645 Mbits/sec  68450  
[  5]   3.00-4.00   sec  74.7 MBytes   627 Mbits/sec  66530  
[  5]   4.00-5.00   sec  74.9 MBytes   629 Mbits/sec  66690  
[  5]   5.00-6.00   sec  75.7 MBytes   635 Mbits/sec  67400  
[  5]   6.00-7.00   sec  76.3 MBytes   640 Mbits/sec  67930  
[  5]   7.00-8.00   sec  75.7 MBytes   635 Mbits/sec  67380  
[  5]   8.00-9.00   sec  74.4 MBytes   625 Mbits/sec  66270  
[  5]   9.00-10.00  sec  74.2 MBytes   622 Mbits/sec  66050  
[  5]  10.00-11.00  sec  72.7 MBytes   610 Mbits/sec  64710  
[  5]  11.00-12.00  sec  74.8 MBytes   627 Mbits/sec  66570  
[  5]  12.00-13.00  sec  75.5 MBytes   633 Mbits/sec  67170  
[  5]  13.00-14.00  sec  74.4 MBytes   624 Mbits/sec  66240  
[  5]  14.00-15.00  sec  67.6 MBytes   567 Mbits/sec  60140  
[  5]  15.00-16.00  sec  74.9 MBytes   628 Mbits/sec  66640  
[  5]  16.00-17.00  sec  75.2 MBytes   631 Mbits/sec  66940  
[  5]  17.00-18.00  sec  74.9 MBytes   628 Mbits/sec  66690  
[  5]  18.00-19.00  sec  74.5 MBytes   625 Mbits/sec  66350  
[  5]  19.00-20.00  sec  74.8 MBytes   627 Mbits/sec  66560  
[  5]  20.00-21.00  sec  69.7 MBytes   585 Mbits/sec  62060  
[  5]  21.00-22.00  sec  75.5 MBytes   634 Mbits/sec  67240  
[  5]  22.00-23.00  sec  74.2 MBytes   623 Mbits/sec  66080  
[  5]  23.00-24.00  sec  74.5 MBytes   625 Mbits/sec  66320  
[  5]  24.00-25.00  sec  72.6 MBytes   609 Mbits/sec  64610  
[  5]  25.00-26.00  sec  75.4 MBytes   632 Mbits/sec  67110  
[  5]  26.00-27.00  sec  75.0 MBytes   629 Mbits/sec  66780  
[  5]  27.00-28.00  sec  75.0 MBytes   629 Mbits/sec  66760  
[  5]  28.00-29.00  sec  74.2 MBytes   623 Mbits/sec  66080  
[  5]  29.00-30.00  sec  72.8 MBytes   611 Mbits/sec  64830  
[  5]  30.00-31.00  sec  72.1 MBytes   605 Mbits/sec  64210  
[  5]  31.00-32.00  sec  72.4 MBytes   607 Mbits/sec  64450  
[  5]  32.00-33.00  sec  74.5 MBytes   625 Mbits/sec  66280  
[  5]  33.00-34.00  sec  74.6 MBytes   626 Mbits/sec  66400  
[  5]  34.00-35.00  sec  70.3 MBytes   590 Mbits/sec  62580  
[  5]  35.00-36.00  sec  73.2 MBytes   614 Mbits/sec  65120  
[  5]  36.00-37.00  sec  74.0 MBytes   621 Mbits/sec  65870  
[  5]  37.00-38.00  sec  69.1 MBytes   580 Mbits/sec  61520  
[  5]  38.00-39.00  sec  72.3 MBytes   606 Mbits/sec  64350  
[  5]  39.00-40.00  sec  73.3 MBytes   615 Mbits/sec  65270  
[  5]  40.00-41.00  sec  72.8 MBytes   610 Mbits/sec  64770  
[  5]  41.00-42.00  sec  75.0 MBytes   629 Mbits/sec  66780  
[  5]  42.00-43.00  sec  74.8 MBytes   628 Mbits/sec  66590  
[  5]  43.00-44.00  sec  74.5 MBytes   625 Mbits/sec  66280  
[  5]  44.00-45.00  sec  73.5 MBytes   616 Mbits/sec  65410  
[  5]  45.00-46.00  sec  75.9 MBytes   637 Mbits/sec  67570  
[  5]  46.00-47.00  sec  75.9 MBytes   637 Mbits/sec  67540  
[  5]  47.00-48.00  sec  71.0 MBytes   595 Mbits/sec  63190  
[  5]  48.00-49.00  sec  67.4 MBytes   566 Mbits/sec  60030  
[  5]  49.00-50.00  sec  75.9 MBytes   637 Mbits/sec  67560  
[  5]  50.00-51.00  sec  74.3 MBytes   624 Mbits/sec  66180  
[  5]  51.00-52.00  sec  64.5 MBytes   541 Mbits/sec  57410  
[  5]  52.00-53.00  sec  69.8 MBytes   586 Mbits/sec  62170  
[  5]  53.00-54.00  sec  75.1 MBytes   630 Mbits/sec  66830  
[  5]  54.00-55.00  sec  74.0 MBytes   621 Mbits/sec  65860  
[  5]  55.00-56.00  sec  60.1 MBytes   504 Mbits/sec  53520  
[  5]  56.00-57.00  sec  65.6 MBytes   550 Mbits/sec  58380  
[  5]  57.00-58.00  sec  74.8 MBytes   628 Mbits/sec  66600  
[  5]  58.00-59.00  sec  74.0 MBytes   621 Mbits/sec  65900  
[  5]  59.00-59.95  sec  71.0 MBytes   627 Mbits/sec  63170  
- - - - - - - - - - - - - - - - - - - - - - - - -
[ ID] Interval           Transfer     Bitrate         Jitter    Lost/Total Datagrams
[  5]   0.00-59.95  sec  4.29 GBytes   615 Mbits/sec  0.000 ms  0/3910150 (0%)  sender
[  5]   0.00-62.56  sec   203 MBytes  27.3 Mbits/sec  0.169 ms  3711777/3892894 (95%)  receiver

iperf Done.
