Connecting to host 10.136.80.145, port 5201
[  5] local 10.136.173.80 port 50775 connected to 10.136.80.145 port 5201
[ ID] Interval           Transfer     Bitrate         Total Datagrams
[  5]   0.00-1.00   sec  55.7 MBytes   467 Mbits/sec  49580  (omitted)
[  5]   0.00-1.00   sec  61.4 MBytes   515 Mbits/sec  54610  
[  5]   1.00-2.00   sec  50.6 MBytes   425 Mbits/sec  45060  
[  5]   2.00-3.00   sec  59.8 MBytes   502 Mbits/sec  53230  
[  5]   3.00-4.00   sec  58.1 MBytes   487 Mbits/sec  51700  
[  5]   4.00-5.00   sec  49.3 MBytes   414 Mbits/sec  43900  
[  5]   5.00-6.00   sec  57.6 MBytes   483 Mbits/sec  51230  
[  5]   6.00-7.00   sec  50.5 MBytes   423 Mbits/sec  44920  
[  5]   7.00-8.00   sec  57.6 MBytes   483 Mbits/sec  51230  
[  5]   8.00-9.00   sec  57.7 MBytes   484 Mbits/sec  51380  
[  5]   9.00-10.00  sec  56.2 MBytes   472 Mbits/sec  50050  
[  5]  10.00-11.00  sec  59.4 MBytes   498 Mbits/sec  52850  
[  5]  11.00-12.00  sec  57.2 MBytes   480 Mbits/sec  50950  
[  5]  12.00-13.00  sec  57.7 MBytes   484 Mbits/sec  51390  
[  5]  13.00-14.00  sec  44.2 MBytes   371 Mbits/sec  39360  
[  5]  14.00-15.00  sec  54.5 MBytes   457 Mbits/sec  48550  
[  5]  15.00-16.00  sec  58.1 MBytes   487 Mbits/sec  51680  
[  5]  16.00-17.00  sec  62.0 MBytes   520 Mbits/sec  55180  
[  5]  17.00-18.00  sec  51.3 MBytes   430 Mbits/sec  45620  
[  5]  18.00-19.00  sec  54.8 MBytes   459 Mbits/sec  48750  
[  5]  19.00-20.00  sec  59.2 MBytes   497 Mbits/sec  52680  
[  5]  20.00-21.00  sec  56.3 MBytes   473 Mbits/sec  50150  
[  5]  21.00-22.00  sec  61.4 MBytes   515 Mbits/sec  54620  
[  5]  22.00-23.00  sec  51.4 MBytes   431 Mbits/sec  45780  
[  5]  23.00-24.00  sec  52.3 MBytes   439 Mbits/sec  46550  
[  5]  24.00-25.00  sec  50.7 MBytes   426 Mbits/sec  45150  
[  5]  25.00-26.00  sec  56.9 MBytes   478 Mbits/sec  50680  
[  5]  26.00-27.00  sec  47.8 MBytes   401 Mbits/sec  42570  
[  5]  27.00-28.00  sec  42.7 MBytes   358 Mbits/sec  37970  
[  5]  28.00-29.00  sec  54.2 MBytes   454 Mbits/sec  48210  
[  5]  29.00-30.00  sec  58.2 MBytes   489 Mbits/sec  51850  
[  5]  30.00-31.00  sec  60.9 MBytes   510 Mbits/sec  54180  
[  5]  31.00-32.00  sec  47.0 MBytes   395 Mbits/sec  41860  
[  5]  32.00-33.00  sec  60.1 MBytes   505 Mbits/sec  53540  
[  5]  33.00-34.00  sec  56.0 MBytes   470 Mbits/sec  49820  
[  5]  34.00-35.00  sec  45.7 MBytes   383 Mbits/sec  40680  
[  5]  35.00-36.00  sec  44.3 MBytes   372 Mbits/sec  39460  
[  5]  36.00-37.00  sec  48.1 MBytes   404 Mbits/sec  42830  
[  5]  37.00-38.00  sec  57.4 MBytes   481 Mbits/sec  51050  
[  5]  38.00-39.00  sec  55.6 MBytes   467 Mbits/sec  49500  
[  5]  39.00-40.00  sec  58.0 MBytes   487 Mbits/sec  51670  
[  5]  40.00-41.00  sec  56.0 MBytes   470 Mbits/sec  49850  
[  5]  41.00-42.00  sec  59.9 MBytes   503 Mbits/sec  53330  
[  5]  42.00-43.00  sec  58.0 MBytes   486 Mbits/sec  51610  
[  5]  43.00-44.00  sec  56.6 MBytes   475 Mbits/sec  50380  
[  5]  44.00-45.00  sec  56.0 MBytes   469 Mbits/sec  49810  
[  5]  45.00-46.00  sec  50.3 MBytes   422 Mbits/sec  44770  
[  5]  46.00-47.00  sec  55.8 MBytes   468 Mbits/sec  49660  
[  5]  47.00-48.00  sec  59.7 MBytes   501 Mbits/sec  53150  
[  5]  48.00-49.00  sec  61.9 MBytes   519 Mbits/sec  55090  
[  5]  49.00-50.00  sec  58.4 MBytes   490 Mbits/sec  51960  
[  5]  50.00-51.00  sec  57.6 MBytes   483 Mbits/sec  51280  
[  5]  51.00-52.00  sec  53.8 MBytes   451 Mbits/sec  47850  
[  5]  52.00-53.00  sec  51.2 MBytes   430 Mbits/sec  45610  
[  5]  53.00-54.00  sec  55.4 MBytes   465 Mbits/sec  49330  
[  5]  54.00-55.00  sec  53.2 MBytes   446 Mbits/sec  47330  
[  5]  55.00-56.00  sec  57.1 MBytes   479 Mbits/sec  50830  
[  5]  56.00-57.00  sec  52.5 MBytes   440 Mbits/sec  46700  
[  5]  57.00-58.00  sec  60.9 MBytes   511 Mbits/sec  54240  
[  5]  58.00-59.00  sec  51.3 MBytes   430 Mbits/sec  45650  
[  5]  59.00-60.00  sec  54.8 MBytes   460 Mbits/sec  48790  
- - - - - - - - - - - - - - - - - - - - - - - - -
[ ID] Interval           Transfer     Bitrate         Jitter    Lost/Total Datagrams
[  5]   0.00-60.00  sec  3.23 GBytes   462 Mbits/sec  0.000 ms  0/2939660 (0%)  sender
[  5]   0.00-60.05  sec  2.01 GBytes   288 Mbits/sec  0.020 ms  1126288/2939660 (38%)  receiver

iperf Done.
