Connecting to host 10.136.80.159, port 5201
[  5] local 10.136.173.90 port 50786 connected to 10.136.80.159 port 5201
[ ID] Interval           Transfer     Bitrate         Total Datagrams
[  5]   0.00-1.00   sec  39.2 MBytes   328 Mbits/sec  34860  (omitted)
[  5]   0.00-1.00   sec  39.3 MBytes   329 Mbits/sec  34970  
[  5]   1.00-2.00   sec  52.2 MBytes   438 Mbits/sec  46440  
[  5]   2.00-3.00   sec  50.7 MBytes   425 Mbits/sec  45130  
[  5]   3.00-4.00   sec  56.7 MBytes   475 Mbits/sec  50440  
[  5]   4.00-5.00   sec  51.7 MBytes   434 Mbits/sec  46010  
[  5]   5.00-6.00   sec  51.3 MBytes   430 Mbits/sec  45670  
[  5]   6.00-7.00   sec  52.4 MBytes   440 Mbits/sec  46660  
[  5]   7.00-8.00   sec  52.2 MBytes   438 Mbits/sec  46450  
[  5]   8.00-9.00   sec  52.2 MBytes   438 Mbits/sec  46480  
[  5]   9.00-10.00  sec  52.3 MBytes   439 Mbits/sec  46590  
[  5]  10.00-11.00  sec  53.6 MBytes   450 Mbits/sec  47720  
[  5]  11.00-12.00  sec  52.0 MBytes   436 Mbits/sec  46300  
[  5]  12.00-13.00  sec  53.5 MBytes   449 Mbits/sec  47630  
[  5]  13.00-14.00  sec  53.8 MBytes   451 Mbits/sec  47870  
[  5]  14.00-15.00  sec  52.9 MBytes   444 Mbits/sec  47070  
[  5]  15.00-16.00  sec  56.2 MBytes   471 Mbits/sec  50000  
[  5]  16.00-17.00  sec  51.2 MBytes   429 Mbits/sec  45560  
[  5]  17.00-18.00  sec  51.7 MBytes   433 Mbits/sec  45980  
[  5]  18.00-19.00  sec  50.5 MBytes   424 Mbits/sec  44960  
[  5]  19.00-20.00  sec  51.4 MBytes   431 Mbits/sec  45780  
[  5]  20.00-21.00  sec  52.1 MBytes   437 Mbits/sec  46380  
[  5]  21.00-22.00  sec  53.9 MBytes   452 Mbits/sec  47970  
[  5]  22.00-23.00  sec  53.2 MBytes   446 Mbits/sec  47350  
[  5]  23.00-24.00  sec  55.8 MBytes   468 Mbits/sec  49640  
[  5]  24.00-25.00  sec  49.6 MBytes   416 Mbits/sec  44180  
[  5]  25.00-26.00  sec  52.9 MBytes   444 Mbits/sec  47130  
[  5]  26.00-27.00  sec  52.9 MBytes   444 Mbits/sec  47080  
[  5]  27.00-28.00  sec  53.5 MBytes   449 Mbits/sec  47620  
[  5]  28.00-29.00  sec  52.2 MBytes   438 Mbits/sec  46430  
[  5]  29.00-30.00  sec  50.6 MBytes   424 Mbits/sec  45030  
[  5]  30.00-31.00  sec  54.5 MBytes   457 Mbits/sec  48540  
[  5]  31.00-32.00  sec  52.7 MBytes   442 Mbits/sec  46890  
[  5]  32.00-33.00  sec  52.4 MBytes   439 Mbits/sec  46610  
[  5]  33.00-34.00  sec  56.3 MBytes   472 Mbits/sec  50130  
[  5]  34.00-35.00  sec  51.9 MBytes   435 Mbits/sec  46200  
[  5]  35.00-36.00  sec  53.5 MBytes   449 Mbits/sec  47650  
[  5]  36.00-37.00  sec  54.7 MBytes   459 Mbits/sec  48730  
[  5]  37.00-38.00  sec  50.2 MBytes   421 Mbits/sec  44650  
[  5]  38.00-39.00  sec  53.0 MBytes   445 Mbits/sec  47210  
[  5]  39.00-40.00  sec  54.0 MBytes   453 Mbits/sec  48080  
[  5]  40.00-41.00  sec  52.2 MBytes   438 Mbits/sec  46440  
[  5]  41.00-42.00  sec  51.0 MBytes   428 Mbits/sec  45430  
[  5]  42.00-43.00  sec  53.7 MBytes   451 Mbits/sec  47820  
[  5]  43.00-44.00  sec  54.1 MBytes   454 Mbits/sec  48140  
[  5]  44.00-45.00  sec  51.8 MBytes   434 Mbits/sec  46090  
[  5]  45.00-46.00  sec  54.1 MBytes   454 Mbits/sec  48120  
[  5]  46.00-47.00  sec  52.9 MBytes   444 Mbits/sec  47090  
[  5]  47.00-48.00  sec  52.3 MBytes   439 Mbits/sec  46540  
[  5]  48.00-49.00  sec  53.4 MBytes   448 Mbits/sec  47570  
[  5]  49.00-50.00  sec  54.0 MBytes   453 Mbits/sec  48030  
[  5]  50.00-51.00  sec  52.7 MBytes   442 Mbits/sec  46890  
[  5]  51.00-52.00  sec  52.1 MBytes   437 Mbits/sec  46390  
[  5]  52.00-53.00  sec  53.8 MBytes   451 Mbits/sec  47890  
[  5]  53.00-54.00  sec  53.7 MBytes   450 Mbits/sec  47780  
[  5]  54.00-55.00  sec  55.0 MBytes   462 Mbits/sec  48990  
[  5]  55.00-56.00  sec  52.9 MBytes   444 Mbits/sec  47130  
[  5]  56.00-57.00  sec  52.0 MBytes   436 Mbits/sec  46250  
[  5]  57.00-58.00  sec  53.1 MBytes   445 Mbits/sec  47240  
[  5]  58.00-59.00  sec  53.4 MBytes   448 Mbits/sec  47530  
[  5]  59.00-60.00  sec  48.4 MBytes   406 Mbits/sec  43040  
- - - - - - - - - - - - - - - - - - - - - - - - -
[ ID] Interval           Transfer     Bitrate         Jitter    Lost/Total Datagrams
[  5]   0.00-60.00  sec  3.08 GBytes   441 Mbits/sec  0.000 ms  0/2807610 (0%)  sender
[  5]   0.00-60.20  sec  1.89 GBytes   269 Mbits/sec  0.143 ms  1098263/2807610 (39%)  receiver

iperf Done.
