Connecting to host 10.136.80.177, port 5201
[  5] local 10.136.173.109 port 55622 connected to 10.136.80.177 port 5201
[ ID] Interval           Transfer     Bitrate         Total Datagrams
[  5]   0.00-1.00   sec  71.1 MBytes   596 Mbits/sec  63270  (omitted)
[  5]   0.00-1.00   sec  74.3 MBytes   623 Mbits/sec  66160  
[  5]   1.00-2.00   sec  59.6 MBytes   500 Mbits/sec  53010  
[  5]   2.00-3.00   sec  59.2 MBytes   497 Mbits/sec  52700  
[  5]   3.00-4.00   sec  55.2 MBytes   463 Mbits/sec  49160  
[  5]   4.00-5.00   sec  59.8 MBytes   502 Mbits/sec  53220  
[  5]   5.00-6.00   sec  77.8 MBytes   652 Mbits/sec  69230  
[  5]   6.00-7.00   sec  59.8 MBytes   502 Mbits/sec  53250  
[  5]   7.00-8.00   sec  54.9 MBytes   461 Mbits/sec  48900  
[  5]   8.00-9.00   sec  55.6 MBytes   467 Mbits/sec  49510  
[  5]   9.00-10.00  sec  55.5 MBytes   466 Mbits/sec  49430  
[  5]  10.00-11.00  sec  69.0 MBytes   579 Mbits/sec  61440  
[  5]  11.00-12.00  sec  76.6 MBytes   643 Mbits/sec  68190  
[  5]  12.00-13.00  sec  78.6 MBytes   659 Mbits/sec  69980  
[  5]  13.00-14.00  sec  78.2 MBytes   656 Mbits/sec  69580  
[  5]  14.00-15.00  sec  77.4 MBytes   650 Mbits/sec  68940  
[  5]  15.00-16.00  sec  76.4 MBytes   641 Mbits/sec  68030  
[  5]  16.00-17.00  sec  76.1 MBytes   638 Mbits/sec  67720  
[  5]  17.00-18.00  sec  76.8 MBytes   644 Mbits/sec  68320  
[  5]  18.00-19.00  sec  77.6 MBytes   651 Mbits/sec  69080  
[  5]  19.00-20.00  sec  77.7 MBytes   652 Mbits/sec  69160  
[  5]  20.00-21.00  sec  75.0 MBytes   629 Mbits/sec  66740  
[  5]  21.00-22.00  sec  69.9 MBytes   586 Mbits/sec  62210  
[  5]  22.00-23.00  sec  56.9 MBytes   478 Mbits/sec  50670  
[  5]  23.00-24.00  sec  56.4 MBytes   473 Mbits/sec  50170  
[  5]  24.00-25.00  sec  60.9 MBytes   511 Mbits/sec  54210  
[  5]  25.00-26.00  sec  73.8 MBytes   619 Mbits/sec  65670  
[  5]  26.00-27.00  sec  77.7 MBytes   652 Mbits/sec  69160  
[  5]  27.00-28.00  sec  77.9 MBytes   653 Mbits/sec  69320  
[  5]  28.00-29.00  sec  78.9 MBytes   662 Mbits/sec  70230  
[  5]  29.00-30.00  sec  77.7 MBytes   652 Mbits/sec  69150  
[  5]  30.00-31.00  sec  77.4 MBytes   650 Mbits/sec  68940  
[  5]  31.00-32.00  sec  77.7 MBytes   652 Mbits/sec  69180  
[  5]  32.00-33.00  sec  76.3 MBytes   640 Mbits/sec  67920  
[  5]  33.00-34.00  sec  76.3 MBytes   640 Mbits/sec  67960  
[  5]  34.00-35.00  sec  77.1 MBytes   647 Mbits/sec  68630  
[  5]  35.00-36.00  sec  79.7 MBytes   669 Mbits/sec  70940  
[  5]  36.00-37.00  sec  75.8 MBytes   636 Mbits/sec  67480  
[  5]  37.00-38.00  sec  78.3 MBytes   657 Mbits/sec  69690  
[  5]  38.00-39.00  sec  78.4 MBytes   658 Mbits/sec  69810  
[  5]  39.00-40.00  sec  77.4 MBytes   649 Mbits/sec  68900  
[  5]  40.00-41.00  sec  73.2 MBytes   614 Mbits/sec  65180  
[  5]  41.00-42.00  sec  77.8 MBytes   652 Mbits/sec  69210  
[  5]  42.00-43.00  sec  75.0 MBytes   629 Mbits/sec  66760  
[  5]  43.00-44.00  sec  77.2 MBytes   647 Mbits/sec  68710  
[  5]  44.00-45.00  sec  73.1 MBytes   613 Mbits/sec  65030  
[  5]  45.00-46.00  sec  59.2 MBytes   497 Mbits/sec  52710  
[  5]  46.00-47.00  sec  78.6 MBytes   659 Mbits/sec  69980  
[  5]  47.00-48.00  sec  78.2 MBytes   656 Mbits/sec  69620  
[  5]  48.00-49.00  sec  72.1 MBytes   605 Mbits/sec  64210  
[  5]  49.00-50.00  sec  76.2 MBytes   639 Mbits/sec  67840  
[  5]  50.00-51.00  sec  78.2 MBytes   656 Mbits/sec  69590  
[  5]  51.00-52.00  sec  77.3 MBytes   649 Mbits/sec  68850  
[  5]  52.00-53.00  sec  78.0 MBytes   654 Mbits/sec  69410  
[  5]  53.00-54.00  sec  60.6 MBytes   508 Mbits/sec  53940  
[  5]  54.00-55.00  sec  73.7 MBytes   619 Mbits/sec  65640  
[  5]  55.00-56.00  sec  76.7 MBytes   644 Mbits/sec  68310  
[  5]  56.00-57.00  sec  77.6 MBytes   651 Mbits/sec  69070  
[  5]  57.00-58.00  sec  68.1 MBytes   571 Mbits/sec  60620  
[  5]  58.00-59.00  sec  76.2 MBytes   640 Mbits/sec  67860  
[  5]  59.00-60.00  sec  76.9 MBytes   645 Mbits/sec  68480  
- - - - - - - - - - - - - - - - - - - - - - - - -
[ ID] Interval           Transfer     Bitrate         Jitter    Lost/Total Datagrams
[  5]   0.00-60.00  sec  4.24 GBytes   607 Mbits/sec  0.000 ms  0/3863010 (0%)  sender
[  5]   0.00-60.16  sec  1.76 GBytes   252 Mbits/sec  0.008 ms  2285668/3863010 (59%)  receiver

iperf Done.
