Connecting to host 10.136.80.191, port 5201
[  5] local 10.136.173.126 port 44610 connected to 10.136.80.191 port 5201
[ ID] Interval           Transfer     Bitrate         Total Datagrams
[  5]   0.00-1.00   sec  60.4 MBytes   507 Mbits/sec  53760  (omitted)
[  5]   0.00-1.00   sec  59.3 MBytes   498 Mbits/sec  52810  
[  5]   1.00-2.00   sec  55.5 MBytes   465 Mbits/sec  49380  
[  5]   2.00-3.00   sec  57.2 MBytes   480 Mbits/sec  50890  
[  5]   3.00-4.00   sec  56.0 MBytes   470 Mbits/sec  49860  
[  5]   4.00-5.00   sec  56.8 MBytes   477 Mbits/sec  50570  
[  5]   5.00-6.00   sec  55.9 MBytes   469 Mbits/sec  49730  
[  5]   6.00-7.00   sec  59.6 MBytes   500 Mbits/sec  53050  
[  5]   7.00-8.00   sec  64.2 MBytes   539 Mbits/sec  57150  
[  5]   8.00-9.00   sec  59.5 MBytes   499 Mbits/sec  52950  
[  5]   9.00-10.00  sec  62.3 MBytes   522 Mbits/sec  55430  
[  5]  10.00-11.00  sec  63.1 MBytes   530 Mbits/sec  56200  
[  5]  11.00-12.00  sec  54.5 MBytes   457 Mbits/sec  48490  
[  5]  12.00-13.00  sec  49.0 MBytes   411 Mbits/sec  43590  
[  5]  13.00-14.00  sec  61.1 MBytes   512 Mbits/sec  54350  
[  5]  14.00-15.00  sec  59.7 MBytes   500 Mbits/sec  53100  
[  5]  15.00-16.00  sec  53.4 MBytes   448 Mbits/sec  47530  
[  5]  16.00-17.00  sec  56.0 MBytes   470 Mbits/sec  49870  
[  5]  17.00-18.00  sec  54.3 MBytes   455 Mbits/sec  48330  
[  5]  18.00-19.00  sec  46.9 MBytes   393 Mbits/sec  41760  
[  5]  19.00-20.00  sec  55.0 MBytes   461 Mbits/sec  48960  
[  5]  20.00-21.00  sec  57.9 MBytes   486 Mbits/sec  51540  
[  5]  21.00-22.00  sec  54.9 MBytes   461 Mbits/sec  48870  
[  5]  22.00-23.00  sec  49.2 MBytes   412 Mbits/sec  43760  
[  5]  23.00-24.00  sec  58.2 MBytes   489 Mbits/sec  51850  
[  5]  24.00-25.00  sec  56.3 MBytes   472 Mbits/sec  50070  
[  5]  25.00-26.00  sec  49.5 MBytes   416 Mbits/sec  44090  
[  5]  26.00-27.00  sec  52.3 MBytes   439 Mbits/sec  46590  
[  5]  27.00-28.00  sec  54.6 MBytes   458 Mbits/sec  48610  
[  5]  28.00-29.00  sec  55.3 MBytes   464 Mbits/sec  49220  
[  5]  29.00-30.00  sec  53.8 MBytes   451 Mbits/sec  47860  
[  5]  30.00-31.00  sec  52.1 MBytes   437 Mbits/sec  46410  
[  5]  31.00-32.00  sec  59.4 MBytes   498 Mbits/sec  52840  
[  5]  32.00-33.00  sec  58.6 MBytes   492 Mbits/sec  52190  
[  5]  33.00-34.00  sec  52.7 MBytes   442 Mbits/sec  46930  
[  5]  34.00-35.00  sec  55.5 MBytes   466 Mbits/sec  49400  
[  5]  35.00-36.00  sec  50.1 MBytes   420 Mbits/sec  44560  
[  5]  36.00-37.00  sec  48.4 MBytes   406 Mbits/sec  43090  
[  5]  37.00-38.00  sec  58.8 MBytes   493 Mbits/sec  52340  
[  5]  38.00-39.00  sec  59.5 MBytes   499 Mbits/sec  52940  
[  5]  39.00-40.00  sec  62.9 MBytes   528 Mbits/sec  56000  
[  5]  40.00-41.00  sec  58.5 MBytes   491 Mbits/sec  52110  
[  5]  41.00-42.00  sec  59.9 MBytes   503 Mbits/sec  53340  
[  5]  42.00-43.00  sec  57.5 MBytes   483 Mbits/sec  51220  
[  5]  43.00-44.00  sec  60.2 MBytes   505 Mbits/sec  53550  
[  5]  44.00-45.00  sec  63.8 MBytes   535 Mbits/sec  56770  
[  5]  45.00-46.00  sec  56.1 MBytes   471 Mbits/sec  49940  
[  5]  46.00-47.00  sec  58.2 MBytes   488 Mbits/sec  51780  
[  5]  47.00-48.00  sec  54.8 MBytes   460 Mbits/sec  48780  
[  5]  48.00-49.00  sec  50.7 MBytes   425 Mbits/sec  45100  
[  5]  49.00-50.00  sec  62.7 MBytes   526 Mbits/sec  55830  
[  5]  50.00-51.00  sec  52.0 MBytes   436 Mbits/sec  46260  
[  5]  51.00-52.00  sec  57.8 MBytes   485 Mbits/sec  51450  
[  5]  52.00-53.00  sec  60.4 MBytes   507 Mbits/sec  53770  
[  5]  53.00-54.00  sec  55.5 MBytes   466 Mbits/sec  49390  
[  5]  54.00-55.00  sec  48.0 MBytes   402 Mbits/sec  42700  
[  5]  55.00-56.00  sec  52.3 MBytes   439 Mbits/sec  46540  
[  5]  56.00-57.00  sec  42.8 MBytes   359 Mbits/sec  38060  
[  5]  57.00-58.00  sec  53.5 MBytes   449 Mbits/sec  47610  
[  5]  58.00-59.00  sec  51.1 MBytes   429 Mbits/sec  45490  
[  5]  59.00-60.00  sec  48.4 MBytes   406 Mbits/sec  43050  
- - - - - - - - - - - - - - - - - - - - - - - - -
[ ID] Interval           Transfer     Bitrate         Jitter    Lost/Total Datagrams
[  5]   0.00-60.00  sec  3.26 GBytes   467 Mbits/sec  0.000 ms  0/2975900 (0%)  sender
[  5]   0.00-60.07  sec  2.01 GBytes   288 Mbits/sec  0.059 ms  1168789/2975900 (39%)  receiver

iperf Done.
