Connecting to host 10.136.80.168, port 5201
[  5] local 10.136.173.118 port 35635 connected to 10.136.80.168 port 5201
[ ID] Interval           Transfer     Bitrate         Total Datagrams
[  5]   0.00-1.00   sec  54.8 MBytes   459 Mbits/sec  48760  (omitted)
[  5]   0.00-1.00   sec  58.1 MBytes   488 Mbits/sec  51760  
[  5]   1.00-2.00   sec  55.6 MBytes   466 Mbits/sec  49460  
[  5]   2.00-3.00   sec  52.9 MBytes   444 Mbits/sec  47070  
[  5]   3.00-4.00   sec  55.9 MBytes   469 Mbits/sec  49770  
[  5]   4.00-5.00   sec  52.9 MBytes   444 Mbits/sec  47120  
[  5]   5.00-6.00   sec  55.7 MBytes   467 Mbits/sec  49540  
[  5]   6.00-7.00   sec  56.1 MBytes   470 Mbits/sec  49910  
[  5]   7.00-8.00   sec  48.0 MBytes   402 Mbits/sec  42690  
[  5]   8.00-9.00   sec  52.8 MBytes   443 Mbits/sec  46980  
[  5]   9.00-10.00  sec  54.8 MBytes   460 Mbits/sec  48790  
[  5]  10.00-11.00  sec  55.6 MBytes   467 Mbits/sec  49510  
[  5]  11.00-12.00  sec  53.0 MBytes   445 Mbits/sec  47200  
[  5]  12.00-13.00  sec  55.3 MBytes   464 Mbits/sec  49240  
[  5]  13.00-14.00  sec  46.1 MBytes   387 Mbits/sec  41040  
[  5]  14.00-15.00  sec  55.5 MBytes   465 Mbits/sec  49370  
[  5]  15.00-16.00  sec  56.9 MBytes   477 Mbits/sec  50650  
[  5]  16.00-17.00  sec  62.2 MBytes   522 Mbits/sec  55350  
[  5]  17.00-18.00  sec  51.9 MBytes   435 Mbits/sec  46170  
[  5]  18.00-19.00  sec  57.0 MBytes   478 Mbits/sec  50710  
[  5]  19.00-20.00  sec  62.0 MBytes   520 Mbits/sec  55220  
[  5]  20.00-21.00  sec  53.2 MBytes   446 Mbits/sec  47340  
[  5]  21.00-22.00  sec  52.7 MBytes   442 Mbits/sec  46930  
[  5]  22.00-23.00  sec  58.1 MBytes   487 Mbits/sec  51730  
[  5]  23.00-24.00  sec  60.2 MBytes   505 Mbits/sec  53600  
[  5]  24.00-25.00  sec  55.6 MBytes   466 Mbits/sec  49470  
[  5]  25.00-26.00  sec  49.4 MBytes   414 Mbits/sec  43980  
[  5]  26.00-27.00  sec  53.2 MBytes   446 Mbits/sec  47370  
[  5]  27.00-28.00  sec  54.1 MBytes   454 Mbits/sec  48130  
[  5]  28.00-29.00  sec  56.7 MBytes   476 Mbits/sec  50500  
[  5]  29.00-30.00  sec  57.3 MBytes   481 Mbits/sec  51010  
[  5]  30.00-31.00  sec  58.9 MBytes   494 Mbits/sec  52400  
[  5]  31.00-32.00  sec  54.0 MBytes   453 Mbits/sec  48090  
[  5]  32.00-33.00  sec  54.5 MBytes   457 Mbits/sec  48490  
[  5]  33.00-34.00  sec  60.6 MBytes   508 Mbits/sec  53950  
[  5]  34.00-35.00  sec  54.3 MBytes   456 Mbits/sec  48360  
[  5]  35.00-36.00  sec  57.5 MBytes   483 Mbits/sec  51200  
[  5]  36.00-37.00  sec  55.9 MBytes   469 Mbits/sec  49750  
[  5]  37.00-38.00  sec  53.2 MBytes   446 Mbits/sec  47340  
[  5]  38.00-39.00  sec  59.0 MBytes   495 Mbits/sec  52530  
[  5]  39.00-40.00  sec  53.8 MBytes   452 Mbits/sec  47930  
[  5]  40.00-41.00  sec  53.4 MBytes   448 Mbits/sec  47490  
[  5]  41.00-42.00  sec  55.1 MBytes   462 Mbits/sec  49040  
[  5]  42.00-43.00  sec  49.4 MBytes   414 Mbits/sec  43960  
[  5]  43.00-44.00  sec  52.7 MBytes   442 Mbits/sec  46880  
[  5]  44.00-45.00  sec  55.9 MBytes   469 Mbits/sec  49760  
[  5]  45.00-46.00  sec  55.2 MBytes   463 Mbits/sec  49120  
[  5]  46.00-47.00  sec  54.3 MBytes   455 Mbits/sec  48290  
[  5]  47.00-48.00  sec  55.7 MBytes   467 Mbits/sec  49590  
[  5]  48.00-49.00  sec  55.2 MBytes   463 Mbits/sec  49140  
[  5]  49.00-50.00  sec  58.3 MBytes   489 Mbits/sec  51900  
[  5]  50.00-51.00  sec  52.5 MBytes   441 Mbits/sec  46760  
[  5]  51.00-52.00  sec  53.5 MBytes   449 Mbits/sec  47640  
[  5]  52.00-53.00  sec  54.9 MBytes   461 Mbits/sec  48890  
[  5]  53.00-54.00  sec  57.2 MBytes   480 Mbits/sec  50910  
[  5]  54.00-55.00  sec  60.6 MBytes   509 Mbits/sec  53970  
[  5]  55.00-56.00  sec  53.3 MBytes   447 Mbits/sec  47450  
[  5]  56.00-57.00  sec  51.7 MBytes   433 Mbits/sec  45990  
[  5]  57.00-58.00  sec  51.5 MBytes   432 Mbits/sec  45810  
[  5]  58.00-59.00  sec  59.6 MBytes   500 Mbits/sec  53090  
[  5]  59.00-60.00  sec  51.4 MBytes   431 Mbits/sec  45740  
- - - - - - - - - - - - - - - - - - - - - - - - -
[ ID] Interval           Transfer     Bitrate         Jitter    Lost/Total Datagrams
[  5]   0.00-60.00  sec  3.22 GBytes   462 Mbits/sec  0.000 ms  0/2939070 (0%)  sender
[  5]   0.00-62.02  sec  50.2 MBytes  6.79 Mbits/sec  1.875 ms  2941765/2937925 (1e+02%)  receiver

iperf Done.
