Connecting to host 10.136.80.170, port 5201
[  5] local 10.136.173.106 port 56890 connected to 10.136.80.170 port 5201
[ ID] Interval           Transfer     Bitrate         Retr  Cwnd
[  5]   0.00-1.00   sec   376 KBytes  3.08 Mbits/sec   36   1.15 KBytes       (omitted)
[  5]   0.00-1.00   sec  75.9 KBytes  0.62 Mbits/sec    9   1.15 KBytes       
[  5]   1.00-2.00   sec   350 KBytes  2.87 Mbits/sec   36   2.30 KBytes       
[  5]   2.00-3.00   sec   473 KBytes  3.87 Mbits/sec   63   1.15 KBytes       
[  5]   3.00-4.00   sec   313 KBytes  2.56 Mbits/sec   32   2.30 KBytes       
[  5]   4.00-5.00   sec   560 KBytes  4.59 Mbits/sec   44   1.15 KBytes       
[  5]   5.00-6.00   sec   489 KBytes  4.01 Mbits/sec   47   1.15 KBytes       
[  5]   6.00-7.00   sec   300 KBytes  2.46 Mbits/sec   32   1.15 KBytes       
[  5]   7.00-8.00   sec  1009 KBytes  8.27 Mbits/sec   84   1.15 KBytes       
[  5]   8.00-9.00   sec   190 KBytes  1.55 Mbits/sec   18   1.15 KBytes       
[  5]   9.00-10.00  sec   484 KBytes  3.97 Mbits/sec   37   1.15 KBytes       
[  5]  10.00-11.00  sec   261 KBytes  2.14 Mbits/sec   20   2.30 KBytes       
[  5]  11.00-12.00  sec   477 KBytes  3.91 Mbits/sec   37   3.45 KBytes       
[  5]  12.00-13.00  sec  81.7 KBytes  0.67 Mbits/sec   13   1.15 KBytes       
[  5]  13.00-14.00  sec   352 KBytes  2.88 Mbits/sec   43   2.30 KBytes       
[  5]  14.00-15.00  sec   346 KBytes  2.84 Mbits/sec   32   2.30 KBytes       
[  5]  15.00-16.00  sec  0.00 Bytes  0.00 Mbits/sec    2   1.15 KBytes       
[  5]  16.00-17.00  sec  0.00 Bytes  0.00 Mbits/sec    1   1.15 KBytes       
[  5]  17.00-18.00  sec  0.00 Bytes  0.00 Mbits/sec    0   1.15 KBytes       
[  5]  18.00-19.00  sec  0.00 Bytes  0.00 Mbits/sec    1   1.15 KBytes       
[  5]  19.00-20.00  sec  0.00 Bytes  0.00 Mbits/sec    0   1.15 KBytes       
[  5]  20.00-21.00  sec  0.00 Bytes  0.00 Mbits/sec    0   1.15 KBytes       
[  5]  21.00-22.00  sec  0.00 Bytes  0.00 Mbits/sec    1   1.15 KBytes       
[  5]  22.00-23.00  sec  0.00 Bytes  0.00 Mbits/sec    0   1.15 KBytes       
[  5]  23.00-24.00  sec  0.00 Bytes  0.00 Mbits/sec    0   1.15 KBytes       
[  5]  24.00-25.00  sec  0.00 Bytes  0.00 Mbits/sec    0   1.15 KBytes       
[  5]  25.00-26.00  sec  0.00 Bytes  0.00 Mbits/sec    0   1.15 KBytes       
[  5]  26.00-27.00  sec  0.00 Bytes  0.00 Mbits/sec    0   1.15 KBytes       
[  5]  27.00-28.00  sec  0.00 Bytes  0.00 Mbits/sec    0   1.15 KBytes       
[  5]  28.00-29.00  sec   114 KBytes  0.93 Mbits/sec   14   2.30 KBytes       
[  5]  29.00-30.00  sec   237 KBytes  1.94 Mbits/sec   29   1.15 KBytes       
[  5]  30.00-31.00  sec   557 KBytes  4.56 Mbits/sec   39   1.15 KBytes       
[  5]  31.00-32.00  sec   151 KBytes  1.23 Mbits/sec   20   1.15 KBytes       
[  5]  32.00-33.00  sec   531 KBytes  4.35 Mbits/sec   49   1.15 KBytes       
[  5]  33.00-34.00  sec   412 KBytes  3.37 Mbits/sec   44   2.30 KBytes       
[  5]  34.00-35.00  sec   115 KBytes  0.94 Mbits/sec   13   1.15 KBytes       
[  5]  35.00-36.00  sec   606 KBytes  4.97 Mbits/sec   51   3.45 KBytes       
[  5]  36.00-37.00  sec   189 KBytes  1.55 Mbits/sec   21   2.30 KBytes       
[  5]  37.00-38.00  sec   640 KBytes  5.24 Mbits/sec   60   1.15 KBytes       
[  5]  38.00-39.00  sec   939 KBytes  7.69 Mbits/sec   88   1.15 KBytes       
[  5]  39.00-40.00  sec  27.6 KBytes  0.23 Mbits/sec    3   2.30 KBytes       
[  5]  40.00-41.00  sec   167 KBytes  1.37 Mbits/sec   17   2.30 KBytes       
[  5]  41.00-42.00  sec   825 KBytes  6.76 Mbits/sec   82   2.30 KBytes       
[  5]  42.00-43.00  sec   404 KBytes  3.31 Mbits/sec   39   1.15 KBytes       
[  5]  43.00-44.00  sec   519 KBytes  4.25 Mbits/sec   41   2.30 KBytes       
[  5]  44.00-45.00  sec   688 KBytes  5.64 Mbits/sec   63   3.45 KBytes       
[  5]  45.00-46.00  sec   867 KBytes  7.10 Mbits/sec   75   1.15 KBytes       
[  5]  46.00-47.00  sec   112 KBytes  0.91 Mbits/sec   22   2.30 KBytes       
[  5]  47.00-48.00  sec   424 KBytes  3.48 Mbits/sec   38   1.15 KBytes       
[  5]  48.00-49.00  sec   282 KBytes  2.31 Mbits/sec   31   2.30 KBytes       
[  5]  49.00-50.00  sec   605 KBytes  4.96 Mbits/sec   54   1.15 KBytes       
[  5]  50.00-51.00  sec   396 KBytes  3.24 Mbits/sec   33   1.15 KBytes       
[  5]  51.00-52.00  sec   198 KBytes  1.62 Mbits/sec   26   1.15 KBytes       
[  5]  52.00-53.00  sec   168 KBytes  1.38 Mbits/sec   20   1.15 KBytes       
[  5]  53.00-54.00  sec   626 KBytes  5.13 Mbits/sec   63   2.30 KBytes       
[  5]  54.00-55.00  sec   401 KBytes  3.29 Mbits/sec   37   2.30 KBytes       
[  5]  55.00-56.00  sec   200 KBytes  1.64 Mbits/sec   22   1.15 KBytes       
[  5]  56.00-57.00  sec   465 KBytes  3.81 Mbits/sec   43   2.30 KBytes       
[  5]  57.00-58.00  sec   399 KBytes  3.27 Mbits/sec   44   2.30 KBytes       
[  5]  58.00-59.00  sec   711 KBytes  5.82 Mbits/sec   58   2.30 KBytes       
[  5]  59.00-60.00  sec   393 KBytes  3.22 Mbits/sec   33   1.15 KBytes       
- - - - - - - - - - - - - - - - - - - - - - - - -
[ ID] Interval           Transfer     Bitrate         Retr
[  5]   0.00-60.00  sec  18.7 MBytes  2.61 Mbits/sec  1824             sender
[  5]   0.00-60.00  sec  18.7 MBytes  2.61 Mbits/sec                  receiver

iperf Done.
