Connecting to host 10.136.80.188, port 5201
[  5] local 10.136.173.125 port 44958 connected to 10.136.80.188 port 5201
[ ID] Interval           Transfer     Bitrate         Retr  Cwnd
[  5]   0.00-1.00   sec  81.5 MBytes   683 Mbits/sec   19    229 KBytes       (omitted)
[  5]   0.00-1.00   sec  84.2 MBytes   706 Mbits/sec   15    215 KBytes       
[  5]   1.00-2.00   sec  83.5 MBytes   701 Mbits/sec   20    332 KBytes       
[  5]   2.00-3.00   sec  85.8 MBytes   720 Mbits/sec   39    331 KBytes       
[  5]   3.00-4.00   sec  84.4 MBytes   708 Mbits/sec   16    324 KBytes       
[  5]   4.00-5.00   sec  82.7 MBytes   694 Mbits/sec   14    263 KBytes       
[  5]   5.00-6.00   sec  84.8 MBytes   711 Mbits/sec   13    296 KBytes       
[  5]   6.00-7.00   sec  87.2 MBytes   732 Mbits/sec   11    300 KBytes       
[  5]   7.00-8.00   sec  80.9 MBytes   678 Mbits/sec   19    232 KBytes       
[  5]   8.00-9.00   sec  83.8 MBytes   704 Mbits/sec   16    300 KBytes       
[  5]   9.00-10.00  sec  86.9 MBytes   729 Mbits/sec   13    313 KBytes       
[  5]  10.00-11.00  sec  82.7 MBytes   694 Mbits/sec   20    223 KBytes       
[  5]  11.00-12.00  sec  86.2 MBytes   723 Mbits/sec    0    391 KBytes       
[  5]  12.00-13.00  sec  81.7 MBytes   685 Mbits/sec   29    228 KBytes       
[  5]  13.00-14.00  sec  87.8 MBytes   737 Mbits/sec    7    327 KBytes       
[  5]  14.00-15.00  sec  81.0 MBytes   680 Mbits/sec   20    220 KBytes       
[  5]  15.00-16.00  sec  84.9 MBytes   712 Mbits/sec    9    321 KBytes       
[  5]  16.00-17.00  sec  88.9 MBytes   745 Mbits/sec    7    368 KBytes       
[  5]  17.00-18.00  sec  87.8 MBytes   737 Mbits/sec   20    260 KBytes       
[  5]  18.00-19.00  sec  82.3 MBytes   690 Mbits/sec   11    237 KBytes       
[  5]  19.00-20.00  sec  87.7 MBytes   735 Mbits/sec    7    352 KBytes       
[  5]  20.00-21.00  sec  81.6 MBytes   682 Mbits/sec   35    222 KBytes       
[  5]  21.00-22.00  sec  83.1 MBytes   699 Mbits/sec   13    321 KBytes       
[  5]  22.00-23.00  sec  84.9 MBytes   712 Mbits/sec   14    320 KBytes       
[  5]  23.00-24.00  sec  82.6 MBytes   693 Mbits/sec   70    221 KBytes       
[  5]  24.00-25.00  sec  82.6 MBytes   693 Mbits/sec   11    235 KBytes       
[  5]  25.00-26.00  sec  85.6 MBytes   718 Mbits/sec   90    354 KBytes       
[  5]  26.00-27.00  sec  83.4 MBytes   700 Mbits/sec   27    189 KBytes       
[  5]  27.00-28.00  sec  80.6 MBytes   676 Mbits/sec   15    282 KBytes       
[  5]  28.00-29.00  sec  82.2 MBytes   690 Mbits/sec   14    260 KBytes       
[  5]  29.00-30.00  sec  87.9 MBytes   737 Mbits/sec    8    303 KBytes       
[  5]  30.00-31.00  sec  85.0 MBytes   713 Mbits/sec   13    320 KBytes       
[  5]  31.00-32.00  sec  88.5 MBytes   743 Mbits/sec    7    378 KBytes       
[  5]  32.00-33.00  sec  80.2 MBytes   673 Mbits/sec   30    239 KBytes       
[  5]  33.00-34.00  sec  84.7 MBytes   710 Mbits/sec  124    307 KBytes       
[  5]  34.00-35.00  sec  67.3 MBytes   564 Mbits/sec  121    182 KBytes       
[  5]  35.00-36.00  sec  84.1 MBytes   705 Mbits/sec    6    321 KBytes       
[  5]  36.00-37.00  sec  86.8 MBytes   728 Mbits/sec   13    285 KBytes       
[  5]  37.00-38.00  sec  79.6 MBytes   668 Mbits/sec   20    286 KBytes       
[  5]  38.00-39.00  sec  79.8 MBytes   670 Mbits/sec   21    270 KBytes       
[  5]  39.00-40.00  sec  84.5 MBytes   709 Mbits/sec   30    179 KBytes       
[  5]  40.00-41.00  sec  79.9 MBytes   671 Mbits/sec    2    354 KBytes       
[  5]  41.00-42.00  sec  83.5 MBytes   700 Mbits/sec   19    270 KBytes       
[  5]  42.00-43.00  sec  81.1 MBytes   680 Mbits/sec    8    311 KBytes       
[  5]  43.00-44.00  sec  81.5 MBytes   683 Mbits/sec   30    161 KBytes       
[  5]  44.00-45.00  sec  82.7 MBytes   694 Mbits/sec    0    362 KBytes       
[  5]  45.00-46.00  sec  90.3 MBytes   758 Mbits/sec   13    276 KBytes       
[  5]  46.00-47.00  sec  89.2 MBytes   748 Mbits/sec   22    150 KBytes       
[  5]  47.00-48.00  sec  80.2 MBytes   672 Mbits/sec    7    253 KBytes       
[  5]  48.00-49.00  sec  82.5 MBytes   692 Mbits/sec   13    231 KBytes       
[  5]  49.00-50.00  sec  85.6 MBytes   718 Mbits/sec   21    271 KBytes       
[  5]  50.00-51.00  sec  81.0 MBytes   679 Mbits/sec   14    315 KBytes       
[  5]  51.00-52.00  sec  82.6 MBytes   693 Mbits/sec   34    247 KBytes       
[  5]  52.00-53.00  sec  80.3 MBytes   673 Mbits/sec   69    237 KBytes       
[  5]  53.00-54.00  sec  83.4 MBytes   699 Mbits/sec   13    236 KBytes       
[  5]  54.00-55.00  sec  83.5 MBytes   700 Mbits/sec    7    309 KBytes       
[  5]  55.00-56.00  sec  87.9 MBytes   738 Mbits/sec   14    258 KBytes       
[  5]  56.00-57.00  sec  86.9 MBytes   729 Mbits/sec    5    293 KBytes       
[  5]  57.00-58.00  sec  83.5 MBytes   700 Mbits/sec    8    284 KBytes       
[  5]  58.00-59.00  sec  83.4 MBytes   699 Mbits/sec   11    234 KBytes       
[  5]  59.00-60.00  sec  87.6 MBytes   735 Mbits/sec    6    331 KBytes       
- - - - - - - - - - - - - - - - - - - - - - - - -
[ ID] Interval           Transfer     Bitrate         Retr
[  5]   0.00-60.00  sec  4.91 GBytes   703 Mbits/sec  1304             sender
[  5]   0.00-60.04  sec  4.91 GBytes   703 Mbits/sec                  receiver

iperf Done.
