Connecting to host 10.136.80.167, port 5201
[  5] local 10.136.173.120 port 49237 connected to 10.136.80.167 port 5201
[ ID] Interval           Transfer     Bitrate         Total Datagrams
[  5]   0.00-1.00   sec  62.1 MBytes   521 Mbits/sec  55290  (omitted)
[  5]   0.00-1.00   sec  65.9 MBytes   553 Mbits/sec  58640  
[  5]   1.00-2.00   sec  62.8 MBytes   526 Mbits/sec  55860  
[  5]   2.00-3.00   sec  56.9 MBytes   477 Mbits/sec  50630  
[  5]   3.00-4.00   sec  61.1 MBytes   512 Mbits/sec  54370  
[  5]   4.00-5.00   sec  53.6 MBytes   450 Mbits/sec  47710  
[  5]   5.00-6.00   sec  65.0 MBytes   545 Mbits/sec  57830  
[  5]   6.00-7.00   sec  61.2 MBytes   513 Mbits/sec  54480  
[  5]   7.00-8.00   sec  62.4 MBytes   523 Mbits/sec  55500  
[  5]   8.00-9.00   sec  67.8 MBytes   569 Mbits/sec  60390  
[  5]   9.00-10.00  sec  67.7 MBytes   568 Mbits/sec  60240  
[  5]  10.00-11.00  sec  56.8 MBytes   476 Mbits/sec  50520  
[  5]  11.00-12.00  sec  72.1 MBytes   605 Mbits/sec  64190  
[  5]  12.00-13.00  sec  84.6 MBytes   710 Mbits/sec  75300  
[  5]  13.00-14.00  sec  81.2 MBytes   682 Mbits/sec  72320  
[  5]  14.00-15.00  sec  72.5 MBytes   608 Mbits/sec  64540  
[  5]  15.00-16.00  sec  73.1 MBytes   613 Mbits/sec  65030  
[  5]  16.00-17.00  sec  72.2 MBytes   606 Mbits/sec  64280  
[  5]  17.00-18.00  sec  71.8 MBytes   602 Mbits/sec  63910  
[  5]  18.00-19.00  sec  70.6 MBytes   593 Mbits/sec  62880  
[  5]  19.00-20.00  sec  70.1 MBytes   588 Mbits/sec  62390  
[  5]  20.00-21.00  sec  66.8 MBytes   560 Mbits/sec  59430  
[  5]  21.00-22.00  sec  60.4 MBytes   507 Mbits/sec  53750  
[  5]  22.00-23.00  sec  67.3 MBytes   565 Mbits/sec  59920  
[  5]  23.00-24.00  sec  65.1 MBytes   546 Mbits/sec  57970  
[  5]  24.00-25.00  sec  58.3 MBytes   489 Mbits/sec  51870  
[  5]  25.00-26.00  sec  56.5 MBytes   474 Mbits/sec  50270  
[  5]  26.00-27.00  sec  58.5 MBytes   491 Mbits/sec  52060  
[  5]  27.00-28.00  sec  61.1 MBytes   513 Mbits/sec  54400  
[  5]  28.00-29.00  sec  68.7 MBytes   576 Mbits/sec  61120  
[  5]  29.00-30.00  sec  67.9 MBytes   570 Mbits/sec  60430  
[  5]  30.00-31.00  sec  60.7 MBytes   509 Mbits/sec  54010  
[  5]  31.00-32.00  sec  58.5 MBytes   490 Mbits/sec  52030  
[  5]  32.00-33.00  sec  82.5 MBytes   692 Mbits/sec  73470  
[  5]  33.00-34.00  sec  81.0 MBytes   680 Mbits/sec  72110  
[  5]  34.00-35.00  sec  63.1 MBytes   529 Mbits/sec  56190  
[  5]  35.00-36.00  sec  56.3 MBytes   472 Mbits/sec  50130  
[  5]  36.00-37.00  sec  53.8 MBytes   451 Mbits/sec  47870  
[  5]  37.00-38.00  sec  60.8 MBytes   510 Mbits/sec  54100  
[  5]  38.00-39.00  sec  64.0 MBytes   537 Mbits/sec  56950  
[  5]  39.00-40.00  sec  62.5 MBytes   524 Mbits/sec  55650  
[  5]  40.00-41.00  sec  62.6 MBytes   525 Mbits/sec  55760  
[  5]  41.00-42.00  sec  64.3 MBytes   540 Mbits/sec  57280  
[  5]  42.00-43.00  sec  62.9 MBytes   528 Mbits/sec  56020  
[  5]  43.00-44.00  sec  58.5 MBytes   491 Mbits/sec  52060  
[  5]  44.00-45.00  sec  64.4 MBytes   541 Mbits/sec  57360  
[  5]  45.00-46.00  sec  61.0 MBytes   512 Mbits/sec  54340  
[  5]  46.00-47.00  sec  81.0 MBytes   680 Mbits/sec  72140  
[  5]  47.00-48.00  sec  82.7 MBytes   694 Mbits/sec  73650  
[  5]  48.00-49.00  sec  77.8 MBytes   653 Mbits/sec  69280  
[  5]  49.00-50.00  sec  72.4 MBytes   608 Mbits/sec  64460  
[  5]  50.00-51.00  sec  73.0 MBytes   612 Mbits/sec  64950  
[  5]  51.00-52.00  sec  73.0 MBytes   613 Mbits/sec  65020  
[  5]  52.00-53.00  sec  73.6 MBytes   618 Mbits/sec  65530  
[  5]  53.00-54.00  sec  68.4 MBytes   574 Mbits/sec  60910  
[  5]  54.00-55.00  sec  64.5 MBytes   541 Mbits/sec  57380  
[  5]  55.00-56.00  sec  62.5 MBytes   524 Mbits/sec  55590  
[  5]  56.00-57.00  sec  60.8 MBytes   510 Mbits/sec  54160  
[  5]  57.00-58.00  sec  62.4 MBytes   523 Mbits/sec  55500  
[  5]  58.00-59.00  sec  61.5 MBytes   516 Mbits/sec  54700  
[  5]  59.00-60.00  sec  63.7 MBytes   534 Mbits/sec  56680  
- - - - - - - - - - - - - - - - - - - - - - - - -
[ ID] Interval           Transfer     Bitrate         Jitter    Lost/Total Datagrams
[  5]   0.00-60.00  sec  3.88 GBytes   556 Mbits/sec  0.000 ms  0/3537510 (0%)  sender
[  5]   0.00-60.10  sec   556 MBytes  77.6 Mbits/sec  0.018 ms  3079570/3537463 (87%)  receiver

iperf Done.
