Connecting to host 10.136.80.185, port 5201
[  5] local 10.136.173.120 port 37692 connected to 10.136.80.185 port 5201
[ ID] Interval           Transfer     Bitrate         Total Datagrams
[  5]   0.00-1.00   sec  53.3 MBytes   447 Mbits/sec  47400  (omitted)
[  5]   0.00-1.00   sec  56.1 MBytes   471 Mbits/sec  49980  
[  5]   1.00-2.00   sec  49.5 MBytes   415 Mbits/sec  44050  
[  5]   2.00-3.00   sec  56.1 MBytes   471 Mbits/sec  49980  
[  5]   3.00-4.00   sec  63.2 MBytes   530 Mbits/sec  56300  
[  5]   4.00-5.00   sec  56.5 MBytes   474 Mbits/sec  50270  
[  5]   5.00-6.00   sec  56.1 MBytes   470 Mbits/sec  49910  
[  5]   6.00-7.00   sec  59.2 MBytes   497 Mbits/sec  52710  
[  5]   7.00-8.00   sec  54.6 MBytes   458 Mbits/sec  48560  
[  5]   8.00-9.00   sec  60.7 MBytes   509 Mbits/sec  54020  
[  5]   9.00-10.00  sec  56.0 MBytes   470 Mbits/sec  49840  
[  5]  10.00-11.00  sec  61.5 MBytes   516 Mbits/sec  54700  
[  5]  11.00-12.00  sec  55.6 MBytes   467 Mbits/sec  49520  
[  5]  12.00-13.00  sec  61.7 MBytes   518 Mbits/sec  54950  
[  5]  13.00-14.00  sec  55.7 MBytes   467 Mbits/sec  49580  
[  5]  14.00-15.00  sec  57.5 MBytes   483 Mbits/sec  51200  
[  5]  15.00-16.00  sec  59.6 MBytes   500 Mbits/sec  53030  
[  5]  16.00-17.00  sec  54.8 MBytes   460 Mbits/sec  48820  
[  5]  17.00-18.00  sec  55.2 MBytes   463 Mbits/sec  49150  
[  5]  18.00-19.00  sec  55.4 MBytes   464 Mbits/sec  49270  
[  5]  19.00-20.00  sec  55.0 MBytes   461 Mbits/sec  48950  
[  5]  20.00-21.00  sec  61.3 MBytes   514 Mbits/sec  54560  
[  5]  21.00-22.00  sec  57.6 MBytes   483 Mbits/sec  51230  
[  5]  22.00-23.00  sec  53.4 MBytes   448 Mbits/sec  47510  
[  5]  23.00-24.00  sec  57.0 MBytes   479 Mbits/sec  50770  
[  5]  24.00-25.00  sec  53.0 MBytes   445 Mbits/sec  47220  
[  5]  25.00-26.00  sec  58.2 MBytes   489 Mbits/sec  51840  
[  5]  26.00-27.00  sec  63.1 MBytes   529 Mbits/sec  56190  
[  5]  27.00-28.00  sec  57.5 MBytes   482 Mbits/sec  51140  
[  5]  28.00-29.00  sec  52.9 MBytes   444 Mbits/sec  47130  
[  5]  29.00-30.00  sec  61.1 MBytes   513 Mbits/sec  54380  
[  5]  30.00-31.00  sec  57.9 MBytes   486 Mbits/sec  51570  
[  5]  31.00-32.00  sec  59.5 MBytes   499 Mbits/sec  52950  
[  5]  32.00-33.00  sec  58.4 MBytes   490 Mbits/sec  51990  
[  5]  33.00-34.00  sec  61.0 MBytes   512 Mbits/sec  54320  
[  5]  34.00-35.00  sec  54.5 MBytes   457 Mbits/sec  48540  
[  5]  35.00-36.00  sec  58.1 MBytes   488 Mbits/sec  51730  
[  5]  36.00-37.00  sec  62.6 MBytes   525 Mbits/sec  55750  
[  5]  37.00-38.00  sec  53.7 MBytes   450 Mbits/sec  47780  
[  5]  38.00-39.00  sec  50.8 MBytes   426 Mbits/sec  45230  
[  5]  39.00-40.00  sec  54.9 MBytes   461 Mbits/sec  48890  
[  5]  40.00-41.00  sec  57.0 MBytes   478 Mbits/sec  50700  
[  5]  41.00-42.00  sec  60.3 MBytes   506 Mbits/sec  53640  
[  5]  42.00-43.00  sec  62.1 MBytes   521 Mbits/sec  55290  
[  5]  43.00-44.00  sec  54.6 MBytes   458 Mbits/sec  48570  
[  5]  44.00-45.00  sec  53.0 MBytes   445 Mbits/sec  47220  
[  5]  45.00-46.00  sec  44.9 MBytes   377 Mbits/sec  39990  
[  5]  46.00-47.00  sec  52.8 MBytes   443 Mbits/sec  46960  
[  5]  47.00-48.00  sec  63.7 MBytes   534 Mbits/sec  56680  
[  5]  48.00-49.00  sec  57.1 MBytes   479 Mbits/sec  50820  
[  5]  49.00-50.00  sec  54.5 MBytes   457 Mbits/sec  48480  
[  5]  50.00-51.00  sec  55.7 MBytes   467 Mbits/sec  49600  
[  5]  51.00-52.00  sec  58.0 MBytes   486 Mbits/sec  51610  
[  5]  52.00-53.00  sec  57.6 MBytes   483 Mbits/sec  51230  
[  5]  53.00-54.00  sec  46.5 MBytes   390 Mbits/sec  41430  
[  5]  54.00-55.00  sec  51.1 MBytes   428 Mbits/sec  45460  
[  5]  55.00-56.00  sec  56.8 MBytes   477 Mbits/sec  50590  
[  5]  56.00-57.00  sec  59.1 MBytes   496 Mbits/sec  52600  
[  5]  57.00-58.00  sec  55.5 MBytes   466 Mbits/sec  49440  
[  5]  58.00-59.00  sec  52.5 MBytes   441 Mbits/sec  46770  
[  5]  59.00-60.00  sec  60.4 MBytes   506 Mbits/sec  53720  
- - - - - - - - - - - - - - - - - - - - - - - - -
[ ID] Interval           Transfer     Bitrate         Jitter    Lost/Total Datagrams
[  5]   0.00-60.00  sec  3.32 GBytes   475 Mbits/sec  0.000 ms  0/3026310 (0%)  sender
[  5]   0.00-60.06  sec  2.03 GBytes   290 Mbits/sec  0.025 ms  1194866/3026310 (39%)  receiver

iperf Done.
