Connecting to host knb-server-591126, port 5201
[  5] local 10.136.173.65 port 52154 connected to 10.43.7.49 port 5201
[ ID] Interval           Transfer     Bitrate         Retr  Cwnd
[  5]   0.00-1.00   sec  5.85 MBytes  49.1 Mbits/sec  247   1.15 KBytes       (omitted)
[  5]   0.00-1.00   sec  5.90 MBytes  49.5 Mbits/sec  254   1.15 KBytes       
[  5]   1.00-2.00   sec  3.77 MBytes  31.6 Mbits/sec  178   3.45 KBytes       
[  5]   2.00-3.00   sec  4.82 MBytes  40.4 Mbits/sec  218   5.75 KBytes       
[  5]   3.00-4.00   sec  12.9 MBytes   108 Mbits/sec  596   3.45 KBytes       
[  5]   4.00-5.00   sec  4.26 MBytes  35.8 Mbits/sec  208   1.15 KBytes       
[  5]   5.00-6.00   sec  4.02 MBytes  33.7 Mbits/sec  185   2.30 KBytes       
[  5]   6.00-7.00   sec  2.22 MBytes  18.7 Mbits/sec  108   2.30 KBytes       
[  5]   7.00-8.00   sec   823 KBytes  6.74 Mbits/sec   45   2.30 KBytes       
[  5]   8.00-9.00   sec  4.76 MBytes  39.9 Mbits/sec  219   2.30 KBytes       
[  5]   9.00-10.00  sec  2.90 MBytes  24.4 Mbits/sec  141   5.75 KBytes       
[  5]  10.00-11.00  sec  10.0 MBytes  84.0 Mbits/sec  431   2.30 KBytes       
[  5]  11.00-12.00  sec  2.72 MBytes  22.8 Mbits/sec  142   1.15 KBytes       
[  5]  12.00-13.00  sec  2.75 MBytes  23.1 Mbits/sec  110   9.20 KBytes       
[  5]  13.00-14.00  sec  4.20 MBytes  35.2 Mbits/sec  185   6.90 KBytes       
[  5]  14.00-15.00  sec  2.22 MBytes  18.7 Mbits/sec  128   1.15 KBytes       
[  5]  15.00-16.00  sec  2.60 MBytes  21.8 Mbits/sec  132   1.15 KBytes       
[  5]  16.00-17.00  sec  2.47 MBytes  20.7 Mbits/sec  117   1.15 KBytes       
[  5]  17.00-18.00  sec  6.43 MBytes  53.9 Mbits/sec  296   2.30 KBytes       
[  5]  18.00-19.00  sec  3.71 MBytes  31.1 Mbits/sec  175   2.30 KBytes       
[  5]  19.00-20.00  sec  1.61 MBytes  13.5 Mbits/sec   63   1.15 KBytes       
[  5]  20.00-21.00  sec  1.48 MBytes  12.4 Mbits/sec   78   1.15 KBytes       
[  5]  21.00-22.00  sec  4.45 MBytes  37.3 Mbits/sec  204   8.05 KBytes       
[  5]  22.00-23.00  sec  7.54 MBytes  63.2 Mbits/sec  372   2.30 KBytes       
[  5]  23.00-24.00  sec  5.93 MBytes  49.8 Mbits/sec  297   2.30 KBytes       
[  5]  24.00-25.00  sec  2.35 MBytes  19.7 Mbits/sec  119   1.15 KBytes       
[  5]  25.00-26.00  sec  4.94 MBytes  41.5 Mbits/sec  197   4.60 KBytes       
[  5]  26.00-27.00  sec  5.93 MBytes  49.8 Mbits/sec  260   3.45 KBytes       
[  5]  27.00-28.00  sec  4.33 MBytes  36.3 Mbits/sec  222   2.30 KBytes       
[  5]  28.00-29.00  sec  7.41 MBytes  62.2 Mbits/sec  312   8.05 KBytes       
[  5]  29.00-30.00  sec  7.17 MBytes  60.1 Mbits/sec  331   1.15 KBytes       
[  5]  30.00-31.00  sec  3.46 MBytes  29.0 Mbits/sec  153   1.15 KBytes       
[  5]  31.00-32.00  sec  1.24 MBytes  10.4 Mbits/sec   51   5.75 KBytes       
[  5]  32.00-33.00  sec  1.85 MBytes  15.5 Mbits/sec   83   1.15 KBytes       
[  5]  33.00-34.00  sec  3.21 MBytes  27.0 Mbits/sec  152   2.30 KBytes       
[  5]  34.00-35.00  sec  3.95 MBytes  33.2 Mbits/sec  183   10.4 KBytes       
[  5]  35.00-36.00  sec  4.20 MBytes  35.2 Mbits/sec  196   1.15 KBytes       
[  5]  36.00-37.00  sec  3.21 MBytes  27.0 Mbits/sec  150   20.7 KBytes       
[  5]  37.00-38.00  sec  11.2 MBytes  94.3 Mbits/sec  507   2.30 KBytes       
[  5]  38.00-39.00  sec  4.57 MBytes  38.4 Mbits/sec  221   4.60 KBytes       
[  5]  39.00-40.00  sec  5.07 MBytes  42.5 Mbits/sec  228   2.30 KBytes       
[  5]  40.00-41.00  sec  1.11 MBytes  9.33 Mbits/sec   55   1.15 KBytes       
[  5]  41.00-42.00  sec  1012 KBytes  8.29 Mbits/sec   49   1.15 KBytes       
[  5]  42.00-43.00  sec  1.24 MBytes  10.4 Mbits/sec   58   2.30 KBytes       
[  5]  43.00-44.00  sec  1.24 MBytes  10.4 Mbits/sec   68   2.30 KBytes       
[  5]  44.00-45.00  sec  1.98 MBytes  16.6 Mbits/sec   80   8.05 KBytes       
[  5]  45.00-46.00  sec  3.21 MBytes  26.9 Mbits/sec  172   1.15 KBytes       
[  5]  46.00-47.00  sec  3.09 MBytes  25.9 Mbits/sec  149   1.15 KBytes       
[  5]  47.00-48.00  sec  5.56 MBytes  46.7 Mbits/sec  237   2.30 KBytes       
[  5]  48.00-49.00  sec  4.70 MBytes  39.4 Mbits/sec  199   2.30 KBytes       
[  5]  49.00-50.00  sec  5.19 MBytes  43.5 Mbits/sec  223   2.30 KBytes       
[  5]  50.00-51.00  sec  6.55 MBytes  54.9 Mbits/sec  299   1.15 KBytes       
[  5]  51.00-52.00  sec  2.35 MBytes  19.7 Mbits/sec  110   1.15 KBytes       
[  5]  52.00-53.00  sec  2.22 MBytes  18.7 Mbits/sec  121   2.30 KBytes       
[  5]  53.00-54.00  sec   633 KBytes  5.18 Mbits/sec   32   2.30 KBytes       
[  5]  54.00-55.00  sec   380 KBytes  3.11 Mbits/sec   14   1.15 KBytes       
[  5]  55.00-56.00  sec   506 KBytes  4.15 Mbits/sec   26   2.30 KBytes       
[  5]  56.00-57.00  sec  3.71 MBytes  31.1 Mbits/sec  179   1.15 KBytes       
[  5]  57.00-58.00  sec  1.48 MBytes  12.4 Mbits/sec   80   1.15 KBytes       
[  5]  58.00-59.00  sec  6.18 MBytes  51.8 Mbits/sec  301   11.5 KBytes       
[  5]  59.00-60.00  sec  5.93 MBytes  49.8 Mbits/sec  272   10.4 KBytes       
- - - - - - - - - - - - - - - - - - - - - - - - -
[ ID] Interval           Transfer     Bitrate         Retr
[  5]   0.00-60.00  sec   237 MBytes  33.1 Mbits/sec  10971             sender
[  5]   0.00-60.20  sec   237 MBytes  33.0 Mbits/sec                  receiver

iperf Done.
