Connecting to host 10.136.80.133, port 5201
[  5] local 10.136.173.126 port 45288 connected to 10.136.80.133 port 5201
[ ID] Interval           Transfer     Bitrate         Retr  Cwnd
[  5]   0.00-1.00   sec  11.6 MBytes  97.3 Mbits/sec  512   2.30 KBytes       (omitted)
[  5]   0.00-1.00   sec  1.48 MBytes  12.4 Mbits/sec   64   1.15 KBytes       
[  5]   1.00-2.00   sec  4.20 MBytes  35.2 Mbits/sec  185   8.05 KBytes       
[  5]   2.00-3.00   sec  4.70 MBytes  39.4 Mbits/sec  228   2.30 KBytes       
[  5]   3.00-4.00   sec  1.73 MBytes  14.5 Mbits/sec   77   2.30 KBytes       
[  5]   4.00-5.00   sec   759 KBytes  6.22 Mbits/sec   48   2.30 KBytes       
[  5]   5.00-6.00   sec  2.72 MBytes  22.8 Mbits/sec   98   2.30 KBytes       
[  5]   6.00-7.00   sec  1.73 MBytes  14.5 Mbits/sec   78   2.30 KBytes       
[  5]   7.00-8.00   sec  2.35 MBytes  19.7 Mbits/sec  107   5.75 KBytes       
[  5]   8.00-9.00   sec  4.33 MBytes  36.3 Mbits/sec  211   4.60 KBytes       
[  5]   9.00-10.00  sec  6.30 MBytes  52.9 Mbits/sec  309   4.60 KBytes       
[  5]  10.00-11.00  sec  3.09 MBytes  25.9 Mbits/sec  169   1.15 KBytes       
[  5]  11.00-12.00  sec  3.95 MBytes  33.2 Mbits/sec  192   1.15 KBytes       
[  5]  12.00-13.00  sec  4.45 MBytes  37.3 Mbits/sec  214   2.30 KBytes       
[  5]  13.00-14.00  sec   886 KBytes  7.25 Mbits/sec   34   1.15 KBytes       
[  5]  14.00-15.00  sec   506 KBytes  4.15 Mbits/sec   23   2.30 KBytes       
[  5]  15.00-16.00  sec  2.84 MBytes  23.9 Mbits/sec  143   5.75 KBytes       
[  5]  16.00-17.00  sec  1.98 MBytes  16.6 Mbits/sec   95   1.15 KBytes       
[  5]  17.00-18.00  sec  1.48 MBytes  12.4 Mbits/sec   79   1.15 KBytes       
[  5]  18.00-19.00  sec  4.45 MBytes  37.3 Mbits/sec  191   1.15 KBytes       
[  5]  19.00-20.00  sec   633 KBytes  5.18 Mbits/sec   38   1.15 KBytes       
[  5]  20.00-21.00  sec  3.09 MBytes  25.9 Mbits/sec  144   1.15 KBytes       
[  5]  21.00-22.00  sec  7.04 MBytes  59.1 Mbits/sec  330   2.30 KBytes       
[  5]  22.00-23.00  sec  10.3 MBytes  86.0 Mbits/sec  469   27.6 KBytes       
[  5]  23.00-24.00  sec  3.95 MBytes  33.2 Mbits/sec  188   9.20 KBytes       
[  5]  24.00-25.00  sec  1.98 MBytes  16.6 Mbits/sec  100   2.30 KBytes       
[  5]  25.00-26.00  sec  3.58 MBytes  30.1 Mbits/sec  146   8.05 KBytes       
[  5]  26.00-27.00  sec  3.21 MBytes  27.0 Mbits/sec  131   10.4 KBytes       
[  5]  27.00-28.00  sec  5.19 MBytes  43.5 Mbits/sec  240   2.30 KBytes       
[  5]  28.00-29.00  sec  6.80 MBytes  57.0 Mbits/sec  302   2.30 KBytes       
[  5]  29.00-30.00  sec  8.03 MBytes  67.4 Mbits/sec  352   1.15 KBytes       
[  5]  30.00-31.00  sec   380 KBytes  3.11 Mbits/sec   19   2.30 KBytes       
[  5]  31.00-32.00  sec  1.11 MBytes  9.33 Mbits/sec   52   2.30 KBytes       
[  5]  32.00-33.00  sec  3.34 MBytes  28.0 Mbits/sec  164   2.30 KBytes       
[  5]  33.00-34.00  sec  3.71 MBytes  31.1 Mbits/sec  165   2.30 KBytes       
[  5]  34.00-35.00  sec  5.19 MBytes  43.5 Mbits/sec  239   1.15 KBytes       
[  5]  35.00-36.00  sec  10.5 MBytes  88.1 Mbits/sec  470   2.30 KBytes       
[  5]  36.00-37.00  sec  3.46 MBytes  29.0 Mbits/sec  161   1.15 KBytes       
[  5]  37.00-38.00  sec   633 KBytes  5.18 Mbits/sec   35   9.20 KBytes       
[  5]  38.00-39.00  sec  9.39 MBytes  78.8 Mbits/sec  461   4.60 KBytes       
[  5]  39.00-40.00  sec  8.90 MBytes  74.6 Mbits/sec  441   1.15 KBytes       
[  5]  40.00-41.00  sec  2.97 MBytes  24.9 Mbits/sec  134   2.30 KBytes       
[  5]  41.00-42.00  sec  4.33 MBytes  36.3 Mbits/sec  211   2.30 KBytes       
[  5]  42.00-43.00  sec   633 KBytes  5.18 Mbits/sec   34   1.15 KBytes       
[  5]  43.00-44.00  sec  5.19 MBytes  43.6 Mbits/sec  258   2.30 KBytes       
[  5]  44.00-45.00  sec  4.08 MBytes  34.2 Mbits/sec  188   10.4 KBytes       
[  5]  45.00-46.00  sec  1.61 MBytes  13.5 Mbits/sec   75   1.15 KBytes       
[  5]  46.00-47.00  sec  7.04 MBytes  59.1 Mbits/sec  347   4.60 KBytes       
[  5]  47.00-48.00  sec  5.68 MBytes  47.7 Mbits/sec  279   1.15 KBytes       
[  5]  48.00-49.00  sec  3.83 MBytes  32.1 Mbits/sec  172   12.7 KBytes       
[  5]  49.00-50.00  sec  5.07 MBytes  42.5 Mbits/sec  221   2.30 KBytes       
[  5]  50.00-51.00  sec  2.60 MBytes  21.8 Mbits/sec  122   4.60 KBytes       
[  5]  51.00-52.00  sec  4.45 MBytes  37.3 Mbits/sec  198   9.20 KBytes       
[  5]  52.00-53.00  sec  8.65 MBytes  72.6 Mbits/sec  388   1.15 KBytes       
[  5]  53.00-54.00  sec  1.98 MBytes  16.6 Mbits/sec  108   2.30 KBytes       
[  5]  54.00-55.00  sec  2.22 MBytes  18.7 Mbits/sec  106   2.30 KBytes       
[  5]  55.00-56.00  sec  5.56 MBytes  46.7 Mbits/sec  263   8.05 KBytes       
[  5]  56.00-57.00  sec  4.33 MBytes  36.3 Mbits/sec  195   2.30 KBytes       
[  5]  57.00-58.00  sec  1.11 MBytes  9.33 Mbits/sec   58   2.30 KBytes       
[  5]  58.00-59.00  sec  3.83 MBytes  32.1 Mbits/sec  182   1.15 KBytes       
[  5]  59.00-60.00  sec  5.93 MBytes  49.8 Mbits/sec  268   2.30 KBytes       
- - - - - - - - - - - - - - - - - - - - - - - - -
[ ID] Interval           Transfer     Bitrate         Retr
[  5]   0.00-60.00  sec   235 MBytes  32.9 Mbits/sec  10999             sender
[  5]   0.00-60.04  sec   235 MBytes  32.9 Mbits/sec                  receiver

iperf Done.
