Connecting to host knb-server-591126, port 5201
[  5] local 10.136.173.69 port 36546 connected to 10.43.7.49 port 5201
[ ID] Interval           Transfer     Bitrate         Total Datagrams
[  5]   0.00-1.00   sec  72.0 MBytes   604 Mbits/sec  64060  (omitted)
[  5]   0.00-1.00   sec  61.5 MBytes   516 Mbits/sec  54760  
[  5]   1.00-2.00   sec  63.2 MBytes   531 Mbits/sec  56300  
[  5]   2.00-3.00   sec  64.8 MBytes   543 Mbits/sec  57640  
[  5]   3.00-4.00   sec  63.7 MBytes   534 Mbits/sec  56660  
[  5]   4.00-5.00   sec  61.6 MBytes   517 Mbits/sec  54810  
[  5]   5.00-6.00   sec  63.3 MBytes   531 Mbits/sec  56360  
[  5]   6.00-7.00   sec  61.6 MBytes   517 Mbits/sec  54840  
[  5]   7.00-8.00   sec  61.0 MBytes   512 Mbits/sec  54320  
[  5]   8.00-9.00   sec  70.3 MBytes   590 Mbits/sec  62600  
[  5]   9.00-10.00  sec  72.8 MBytes   610 Mbits/sec  64770  
[  5]  10.00-11.00  sec  77.9 MBytes   653 Mbits/sec  69320  
[  5]  11.00-12.00  sec  77.2 MBytes   648 Mbits/sec  68740  
[  5]  12.00-13.00  sec  77.9 MBytes   653 Mbits/sec  69330  
[  5]  13.00-14.00  sec  77.8 MBytes   652 Mbits/sec  69210  
[  5]  14.00-15.00  sec  76.0 MBytes   638 Mbits/sec  67680  
[  5]  15.00-16.00  sec  76.4 MBytes   641 Mbits/sec  68020  
[  5]  16.00-17.00  sec  77.0 MBytes   646 Mbits/sec  68540  
[  5]  17.00-18.00  sec  76.6 MBytes   642 Mbits/sec  68170  
[  5]  18.00-19.00  sec  78.4 MBytes   658 Mbits/sec  69800  
[  5]  19.00-20.00  sec  76.8 MBytes   644 Mbits/sec  68350  
[  5]  20.00-21.00  sec  76.9 MBytes   645 Mbits/sec  68490  
[  5]  21.00-22.00  sec  77.9 MBytes   653 Mbits/sec  69340  
[  5]  22.00-23.00  sec  77.1 MBytes   647 Mbits/sec  68670  
[  5]  23.00-24.00  sec  78.0 MBytes   654 Mbits/sec  69410  
[  5]  24.00-25.00  sec  77.1 MBytes   647 Mbits/sec  68600  
[  5]  25.00-26.00  sec  76.5 MBytes   642 Mbits/sec  68130  
[  5]  26.00-27.00  sec  76.9 MBytes   645 Mbits/sec  68410  
[  5]  27.00-28.00  sec  76.5 MBytes   642 Mbits/sec  68080  
[  5]  28.00-29.00  sec  76.6 MBytes   642 Mbits/sec  68170  
[  5]  29.00-30.00  sec  75.7 MBytes   635 Mbits/sec  67420  
[  5]  30.00-31.00  sec  77.0 MBytes   646 Mbits/sec  68540  
[  5]  31.00-32.00  sec  76.5 MBytes   641 Mbits/sec  68070  
[  5]  32.00-33.00  sec  78.2 MBytes   656 Mbits/sec  69570  
[  5]  33.00-34.00  sec  77.4 MBytes   650 Mbits/sec  68940  
[  5]  34.00-35.00  sec  77.0 MBytes   646 Mbits/sec  68570  
[  5]  35.00-36.00  sec  77.4 MBytes   650 Mbits/sec  68930  
[  5]  36.00-37.00  sec  76.4 MBytes   641 Mbits/sec  68050  
[  5]  37.00-38.00  sec  76.0 MBytes   637 Mbits/sec  67610  
[  5]  38.00-39.00  sec  75.7 MBytes   635 Mbits/sec  67420  
[  5]  39.00-40.00  sec  61.8 MBytes   518 Mbits/sec  54970  
[  5]  40.00-41.00  sec  74.1 MBytes   622 Mbits/sec  65970  
[  5]  41.00-42.00  sec  59.9 MBytes   502 Mbits/sec  53310  
[  5]  42.00-43.00  sec  61.9 MBytes   520 Mbits/sec  55130  
[  5]  43.00-44.00  sec  64.9 MBytes   545 Mbits/sec  57790  
[  5]  44.00-45.00  sec  63.8 MBytes   535 Mbits/sec  56760  
[  5]  45.00-46.00  sec  68.2 MBytes   572 Mbits/sec  60690  
[  5]  46.00-47.00  sec  77.8 MBytes   653 Mbits/sec  69250  
[  5]  47.00-48.00  sec  78.3 MBytes   657 Mbits/sec  69680  
[  5]  48.00-49.00  sec  77.8 MBytes   653 Mbits/sec  69290  
[  5]  49.00-50.00  sec  80.2 MBytes   673 Mbits/sec  71400  
[  5]  50.00-51.00  sec  78.2 MBytes   656 Mbits/sec  69590  
[  5]  51.00-52.00  sec  77.8 MBytes   653 Mbits/sec  69270  
[  5]  52.00-53.00  sec  77.5 MBytes   650 Mbits/sec  68960  
[  5]  53.00-54.00  sec  77.5 MBytes   650 Mbits/sec  68960  
[  5]  54.00-55.00  sec  76.9 MBytes   645 Mbits/sec  68430  
[  5]  55.00-56.00  sec  77.6 MBytes   651 Mbits/sec  69040  
[  5]  56.00-57.00  sec  77.6 MBytes   651 Mbits/sec  69070  
[  5]  57.00-58.00  sec  77.2 MBytes   647 Mbits/sec  68690  
[  5]  58.00-59.00  sec  76.6 MBytes   642 Mbits/sec  68140  
[  5]  59.00-60.00  sec  76.9 MBytes   645 Mbits/sec  68410  
- - - - - - - - - - - - - - - - - - - - - - - - -
[ ID] Interval           Transfer     Bitrate         Jitter    Lost/Total Datagrams
[  5]   0.00-60.00  sec  4.32 GBytes   618 Mbits/sec  0.000 ms  0/3933440 (0%)  sender
[  5]   0.00-60.04  sec  4.10 GBytes   586 Mbits/sec  0.014 ms  202765/3933439 (5.2%)  receiver

iperf Done.
