Connecting to host 10.136.80.180, port 5201
[  5] local 10.136.173.89 port 39649 connected to 10.136.80.180 port 5201
[ ID] Interval           Transfer     Bitrate         Total Datagrams
[  5]   0.00-1.00   sec  80.5 MBytes   675 Mbits/sec  71680  (omitted)
[  5]   0.00-1.00   sec  79.1 MBytes   664 Mbits/sec  70440  
[  5]   1.00-2.00   sec  74.9 MBytes   628 Mbits/sec  66650  
[  5]   2.00-3.00   sec  65.8 MBytes   552 Mbits/sec  58610  
[  5]   3.00-4.00   sec  64.9 MBytes   544 Mbits/sec  57760  
[  5]   4.00-5.00   sec  64.3 MBytes   540 Mbits/sec  57260  
[  5]   5.00-6.00   sec  65.4 MBytes   549 Mbits/sec  58220  
[  5]   6.00-7.00   sec  64.3 MBytes   539 Mbits/sec  57230  
[  5]   7.00-8.00   sec  65.1 MBytes   546 Mbits/sec  57960  
[  5]   8.00-9.00   sec  65.8 MBytes   552 Mbits/sec  58550  
[  5]   9.00-10.00  sec  65.9 MBytes   553 Mbits/sec  58670  
[  5]  10.00-11.00  sec  65.2 MBytes   547 Mbits/sec  58080  
[  5]  11.00-12.00  sec  66.4 MBytes   557 Mbits/sec  59110  
[  5]  12.00-13.00  sec  79.8 MBytes   670 Mbits/sec  71040  
[  5]  13.00-14.00  sec  79.7 MBytes   669 Mbits/sec  70980  
[  5]  14.00-15.00  sec  79.3 MBytes   666 Mbits/sec  70630  
[  5]  15.00-16.00  sec  79.6 MBytes   668 Mbits/sec  70880  
[  5]  16.00-17.00  sec  79.5 MBytes   667 Mbits/sec  70740  
[  5]  17.00-18.00  sec  79.3 MBytes   665 Mbits/sec  70610  
[  5]  18.00-19.00  sec  79.1 MBytes   663 Mbits/sec  70390  
[  5]  19.00-20.00  sec  79.7 MBytes   668 Mbits/sec  70910  
[  5]  20.00-21.00  sec  81.7 MBytes   685 Mbits/sec  72690  
[  5]  21.00-22.00  sec  80.4 MBytes   675 Mbits/sec  71600  
[  5]  22.00-23.00  sec  79.5 MBytes   667 Mbits/sec  70790  
[  5]  23.00-24.00  sec  65.8 MBytes   552 Mbits/sec  58600  
[  5]  24.00-25.00  sec  64.5 MBytes   541 Mbits/sec  57440  
[  5]  25.00-26.00  sec  65.9 MBytes   553 Mbits/sec  58650  
[  5]  26.00-27.00  sec  63.9 MBytes   536 Mbits/sec  56850  
[  5]  27.00-28.00  sec  66.4 MBytes   557 Mbits/sec  59100  
[  5]  28.00-29.00  sec  65.1 MBytes   546 Mbits/sec  57930  
[  5]  29.00-30.00  sec  66.8 MBytes   560 Mbits/sec  59430  
[  5]  30.00-31.00  sec  65.6 MBytes   550 Mbits/sec  58350  
[  5]  31.00-32.00  sec  66.6 MBytes   559 Mbits/sec  59300  
[  5]  32.00-33.00  sec  65.0 MBytes   545 Mbits/sec  57870  
[  5]  33.00-34.00  sec  74.5 MBytes   625 Mbits/sec  66340  
[  5]  34.00-35.00  sec  80.5 MBytes   676 Mbits/sec  71700  
[  5]  35.00-36.00  sec  80.8 MBytes   678 Mbits/sec  71890  
[  5]  36.00-37.00  sec  80.6 MBytes   676 Mbits/sec  71740  
[  5]  37.00-38.00  sec  77.0 MBytes   646 Mbits/sec  68520  
[  5]  38.00-39.00  sec  65.6 MBytes   551 Mbits/sec  58420  
[  5]  39.00-40.00  sec  65.8 MBytes   552 Mbits/sec  58530  
[  5]  40.00-41.00  sec  64.8 MBytes   544 Mbits/sec  57680  
[  5]  41.00-42.00  sec  65.4 MBytes   548 Mbits/sec  58200  
[  5]  42.00-43.00  sec  65.4 MBytes   549 Mbits/sec  58210  
[  5]  43.00-44.00  sec  65.8 MBytes   552 Mbits/sec  58580  
[  5]  44.00-45.00  sec  63.8 MBytes   535 Mbits/sec  56810  
[  5]  45.00-46.00  sec  65.5 MBytes   549 Mbits/sec  58270  
[  5]  46.00-47.00  sec  65.0 MBytes   545 Mbits/sec  57820  
[  5]  47.00-48.00  sec  65.5 MBytes   550 Mbits/sec  58320  
[  5]  48.00-49.00  sec  63.4 MBytes   532 Mbits/sec  56440  
[  5]  49.00-50.00  sec  64.3 MBytes   539 Mbits/sec  57200  
[  5]  50.00-51.00  sec  65.3 MBytes   547 Mbits/sec  58090  
[  5]  51.00-52.00  sec  63.5 MBytes   532 Mbits/sec  56500  
[  5]  52.00-53.00  sec  66.0 MBytes   554 Mbits/sec  58790  
[  5]  53.00-54.00  sec  66.1 MBytes   555 Mbits/sec  58840  
[  5]  54.00-55.00  sec  65.6 MBytes   551 Mbits/sec  58420  
[  5]  55.00-56.00  sec  65.8 MBytes   552 Mbits/sec  58610  
[  5]  56.00-57.00  sec  63.3 MBytes   531 Mbits/sec  56330  
[  5]  57.00-58.00  sec  63.7 MBytes   534 Mbits/sec  56710  
[  5]  58.00-59.00  sec  66.0 MBytes   553 Mbits/sec  58720  
[  5]  59.00-60.00  sec  66.1 MBytes   554 Mbits/sec  58800  
- - - - - - - - - - - - - - - - - - - - - - - - -
[ ID] Interval           Transfer     Bitrate         Jitter    Lost/Total Datagrams
[  5]   0.00-60.00  sec  4.07 GBytes   582 Mbits/sec  0.000 ms  0/3707800 (0%)  sender
[  5]   0.00-60.04  sec  4.07 GBytes   582 Mbits/sec  0.012 ms  1124/3707799 (0.03%)  receiver

iperf Done.
