Connecting to host 10.136.80.180, port 5201
[  5] local 10.136.173.98 port 41761 connected to 10.136.80.180 port 5201
[ ID] Interval           Transfer     Bitrate         Total Datagrams
[  5]   0.00-1.00   sec  72.5 MBytes   608 Mbits/sec  64550  (omitted)
[  5]   0.00-1.00   sec  71.0 MBytes   596 Mbits/sec  63220  
[  5]   1.00-2.00   sec  72.4 MBytes   607 Mbits/sec  64420  
[  5]   2.00-3.00   sec  69.9 MBytes   586 Mbits/sec  62230  
[  5]   3.00-4.00   sec  68.6 MBytes   576 Mbits/sec  61070  
[  5]   4.00-5.00   sec  69.0 MBytes   579 Mbits/sec  61420  
[  5]   5.00-6.00   sec  75.9 MBytes   637 Mbits/sec  67600  
[  5]   6.00-7.00   sec  77.3 MBytes   649 Mbits/sec  68820  
[  5]   7.00-8.00   sec  77.8 MBytes   653 Mbits/sec  69280  
[  5]   8.00-9.00   sec  70.6 MBytes   592 Mbits/sec  62860  
[  5]   9.00-10.00  sec  77.6 MBytes   651 Mbits/sec  69080  
[  5]  10.00-11.00  sec  76.0 MBytes   637 Mbits/sec  67640  
[  5]  11.00-12.00  sec  76.3 MBytes   640 Mbits/sec  67940  
[  5]  12.00-13.00  sec  76.1 MBytes   638 Mbits/sec  67700  
[  5]  13.00-14.00  sec  75.9 MBytes   637 Mbits/sec  67590  
[  5]  14.00-15.00  sec  72.2 MBytes   606 Mbits/sec  64280  
[  5]  15.00-16.00  sec  75.1 MBytes   630 Mbits/sec  66810  
[  5]  16.00-17.00  sec  77.0 MBytes   646 Mbits/sec  68580  
[  5]  17.00-18.00  sec  76.1 MBytes   639 Mbits/sec  67760  
[  5]  18.00-19.00  sec  74.6 MBytes   625 Mbits/sec  66360  
[  5]  19.00-20.00  sec  60.6 MBytes   509 Mbits/sec  53980  
[  5]  20.00-21.00  sec  66.1 MBytes   555 Mbits/sec  58870  
[  5]  21.00-22.00  sec  60.2 MBytes   505 Mbits/sec  53620  
[  5]  22.00-23.00  sec  74.1 MBytes   622 Mbits/sec  65990  
[  5]  23.00-24.00  sec  75.3 MBytes   632 Mbits/sec  67030  
[  5]  24.00-25.00  sec  74.2 MBytes   623 Mbits/sec  66090  
[  5]  25.00-26.00  sec  75.5 MBytes   634 Mbits/sec  67240  
[  5]  26.00-27.00  sec  75.2 MBytes   631 Mbits/sec  66930  
[  5]  27.00-28.00  sec  75.8 MBytes   636 Mbits/sec  67440  
[  5]  28.00-29.00  sec  76.0 MBytes   637 Mbits/sec  67610  
[  5]  29.00-30.00  sec  73.3 MBytes   615 Mbits/sec  65230  
[  5]  30.00-31.00  sec  68.0 MBytes   570 Mbits/sec  60500  
[  5]  31.00-32.00  sec  75.5 MBytes   633 Mbits/sec  67190  
[  5]  32.00-33.00  sec  77.5 MBytes   650 Mbits/sec  68970  
[  5]  33.00-34.00  sec  74.4 MBytes   624 Mbits/sec  66260  
[  5]  34.00-35.00  sec  76.0 MBytes   637 Mbits/sec  67620  
[  5]  35.00-36.00  sec  75.6 MBytes   634 Mbits/sec  67250  
[  5]  36.00-37.00  sec  75.4 MBytes   633 Mbits/sec  67160  
[  5]  37.00-38.00  sec  76.6 MBytes   643 Mbits/sec  68180  
[  5]  38.00-39.00  sec  74.7 MBytes   626 Mbits/sec  66480  
[  5]  39.00-40.00  sec  74.2 MBytes   622 Mbits/sec  66020  
[  5]  40.00-41.00  sec  74.1 MBytes   621 Mbits/sec  65950  
[  5]  41.00-42.00  sec  74.9 MBytes   628 Mbits/sec  66630  
[  5]  42.00-43.00  sec  75.5 MBytes   633 Mbits/sec  67200  
[  5]  43.00-44.00  sec  74.7 MBytes   626 Mbits/sec  66450  
[  5]  44.00-45.00  sec  60.3 MBytes   505 Mbits/sec  53640  
[  5]  45.00-46.00  sec  54.9 MBytes   460 Mbits/sec  48830  
[  5]  46.00-47.00  sec  54.3 MBytes   455 Mbits/sec  48310  
[  5]  47.00-48.00  sec  71.0 MBytes   595 Mbits/sec  63160  
[  5]  48.00-49.00  sec  71.0 MBytes   596 Mbits/sec  63230  
[  5]  49.00-50.00  sec  76.8 MBytes   644 Mbits/sec  68380  
[  5]  50.00-51.00  sec  76.3 MBytes   640 Mbits/sec  67890  
[  5]  51.00-52.00  sec  74.6 MBytes   626 Mbits/sec  66400  
[  5]  52.00-53.00  sec  77.0 MBytes   646 Mbits/sec  68500  
[  5]  53.00-54.00  sec  75.3 MBytes   632 Mbits/sec  67040  
[  5]  54.00-55.00  sec  65.6 MBytes   550 Mbits/sec  58400  
[  5]  55.00-56.00  sec  62.1 MBytes   521 Mbits/sec  55310  
[  5]  56.00-57.00  sec  62.0 MBytes   521 Mbits/sec  55230  
[  5]  57.00-58.00  sec  75.8 MBytes   636 Mbits/sec  67460  
[  5]  58.00-59.00  sec  74.8 MBytes   627 Mbits/sec  66570  
[  5]  59.00-60.00  sec  75.7 MBytes   635 Mbits/sec  67410  
- - - - - - - - - - - - - - - - - - - - - - - - -
[ ID] Interval           Transfer     Bitrate         Jitter    Lost/Total Datagrams
[  5]   0.00-60.00  sec  4.25 GBytes   608 Mbits/sec  0.000 ms  0/3872310 (0%)  sender
[  5]   0.00-60.18  sec  1.61 GBytes   230 Mbits/sec  0.007 ms  2452279/3872289 (63%)  receiver

iperf Done.
