Connecting to host knb-server-60907, port 5201
[  5] local 10.136.173.91 port 39245 connected to 10.43.236.25 port 5201
[ ID] Interval           Transfer     Bitrate         Total Datagrams
[  5]   0.00-1.00   sec  73.2 MBytes   614 Mbits/sec  65170  (omitted)
[  5]   0.00-1.00   sec  71.3 MBytes   598 Mbits/sec  63460  
[  5]   1.00-2.00   sec  71.9 MBytes   603 Mbits/sec  63980  
[  5]   2.00-3.00   sec  71.9 MBytes   603 Mbits/sec  64010  
[  5]   3.00-4.00   sec  72.2 MBytes   606 Mbits/sec  64270  
[  5]   4.00-5.00   sec  67.9 MBytes   570 Mbits/sec  60480  
[  5]   5.00-6.00   sec  72.4 MBytes   607 Mbits/sec  64450  
[  5]   6.00-7.00   sec  71.8 MBytes   603 Mbits/sec  63940  
[  5]   7.00-8.00   sec  72.1 MBytes   605 Mbits/sec  64210  
[  5]   8.00-9.00   sec  67.1 MBytes   563 Mbits/sec  59700  
[  5]   9.00-10.00  sec  72.8 MBytes   610 Mbits/sec  64770  
[  5]  10.00-11.00  sec  72.1 MBytes   605 Mbits/sec  64170  
[  5]  11.00-12.00  sec  72.5 MBytes   608 Mbits/sec  64500  
[  5]  12.00-13.00  sec  72.0 MBytes   604 Mbits/sec  64090  
[  5]  13.00-14.00  sec  72.0 MBytes   604 Mbits/sec  64120  
[  5]  14.00-15.00  sec  71.2 MBytes   597 Mbits/sec  63380  
[  5]  15.00-16.00  sec  71.3 MBytes   598 Mbits/sec  63500  
[  5]  16.00-17.00  sec  71.7 MBytes   602 Mbits/sec  63860  
[  5]  17.00-18.00  sec  73.5 MBytes   617 Mbits/sec  65460  
[  5]  18.00-19.00  sec  59.1 MBytes   496 Mbits/sec  52630  
[  5]  19.00-20.00  sec  73.2 MBytes   614 Mbits/sec  65130  
[  5]  20.00-21.00  sec  71.9 MBytes   604 Mbits/sec  64040  
[  5]  21.00-22.00  sec  73.6 MBytes   617 Mbits/sec  65500  
[  5]  22.00-23.00  sec  73.7 MBytes   618 Mbits/sec  65610  
[  5]  23.00-24.00  sec  72.3 MBytes   607 Mbits/sec  64370  
[  5]  24.00-25.00  sec  66.5 MBytes   558 Mbits/sec  59160  
[  5]  25.00-26.00  sec  70.4 MBytes   590 Mbits/sec  62640  
[  5]  26.00-27.00  sec  64.4 MBytes   540 Mbits/sec  57330  
[  5]  27.00-28.00  sec  61.9 MBytes   519 Mbits/sec  55120  
[  5]  28.00-29.00  sec  70.2 MBytes   589 Mbits/sec  62510  
[  5]  29.00-30.00  sec  72.0 MBytes   604 Mbits/sec  64110  
[  5]  30.00-31.00  sec  73.2 MBytes   614 Mbits/sec  65160  
[  5]  31.00-32.00  sec  71.6 MBytes   601 Mbits/sec  63770  
[  5]  32.00-33.00  sec  70.8 MBytes   594 Mbits/sec  62990  
[  5]  33.00-34.00  sec  71.4 MBytes   599 Mbits/sec  63520  
[  5]  34.00-35.00  sec  67.4 MBytes   566 Mbits/sec  60030  
[  5]  35.00-36.00  sec  72.7 MBytes   610 Mbits/sec  64740  
[  5]  36.00-37.00  sec  73.3 MBytes   615 Mbits/sec  65230  
[  5]  37.00-38.00  sec  72.8 MBytes   611 Mbits/sec  64840  
[  5]  38.00-39.00  sec  70.2 MBytes   589 Mbits/sec  62530  
[  5]  39.00-40.00  sec  71.2 MBytes   598 Mbits/sec  63420  
[  5]  40.00-41.00  sec  67.7 MBytes   568 Mbits/sec  60240  
[  5]  41.00-42.00  sec  57.0 MBytes   478 Mbits/sec  50750  
[  5]  42.00-43.00  sec  71.6 MBytes   601 Mbits/sec  63730  
[  5]  43.00-44.00  sec  72.2 MBytes   606 Mbits/sec  64250  
[  5]  44.00-45.00  sec  59.1 MBytes   496 Mbits/sec  52590  
[  5]  45.00-46.00  sec  66.4 MBytes   557 Mbits/sec  59100  
[  5]  46.00-47.00  sec  72.8 MBytes   611 Mbits/sec  64810  
[  5]  47.00-48.00  sec  71.4 MBytes   599 Mbits/sec  63590  
[  5]  48.00-49.00  sec  73.4 MBytes   616 Mbits/sec  65330  
[  5]  49.00-50.00  sec  72.6 MBytes   609 Mbits/sec  64650  
[  5]  50.00-51.00  sec  59.7 MBytes   501 Mbits/sec  53120  
[  5]  51.00-52.00  sec  54.8 MBytes   460 Mbits/sec  48810  
[  5]  52.00-53.00  sec  68.9 MBytes   578 Mbits/sec  61330  
[  5]  53.00-54.00  sec  71.9 MBytes   603 Mbits/sec  64010  
[  5]  54.00-55.00  sec  71.0 MBytes   596 Mbits/sec  63230  
[  5]  55.00-56.00  sec  67.7 MBytes   568 Mbits/sec  60300  
[  5]  56.00-57.00  sec  72.5 MBytes   608 Mbits/sec  64540  
[  5]  57.00-58.00  sec  71.6 MBytes   601 Mbits/sec  63730  
[  5]  58.00-59.00  sec  73.9 MBytes   619 Mbits/sec  65740  
[  5]  59.00-60.00  sec  72.0 MBytes   604 Mbits/sec  64090  
- - - - - - - - - - - - - - - - - - - - - - - - -
[ ID] Interval           Transfer     Bitrate         Jitter    Lost/Total Datagrams
[  5]   0.00-60.00  sec  4.10 GBytes   587 Mbits/sec  0.000 ms  0/3738670 (0%)  sender
[  5]   0.00-60.09  sec  1.63 GBytes   233 Mbits/sec  0.008 ms  2289975/3738442 (61%)  receiver

iperf Done.
