Connecting to host 10.136.80.142, port 5201
[  5] local 10.136.173.78 port 33473 connected to 10.136.80.142 port 5201
[ ID] Interval           Transfer     Bitrate         Total Datagrams
[  5]   0.00-1.00   sec  64.5 MBytes   541 Mbits/sec  57420  (omitted)
[  5]   0.00-1.00   sec  59.0 MBytes   495 Mbits/sec  52520  
[  5]   1.00-2.00   sec  61.3 MBytes   514 Mbits/sec  54560  
[  5]   2.00-3.00   sec  61.6 MBytes   516 Mbits/sec  54810  
[  5]   3.00-4.00   sec  62.6 MBytes   525 Mbits/sec  55690  
[  5]   4.00-5.00   sec  66.1 MBytes   555 Mbits/sec  58860  
[  5]   5.00-6.00   sec  62.3 MBytes   523 Mbits/sec  55460  
[  5]   6.00-7.00   sec  62.5 MBytes   524 Mbits/sec  55610  
[  5]   7.00-8.00   sec  61.0 MBytes   512 Mbits/sec  54300  
[  5]   8.00-9.00   sec  64.3 MBytes   539 Mbits/sec  57220  
[  5]   9.00-10.00  sec  74.7 MBytes   627 Mbits/sec  66530  
[  5]  10.00-11.00  sec  61.2 MBytes   513 Mbits/sec  54450  
[  5]  11.00-12.00  sec  62.3 MBytes   521 Mbits/sec  55430  
[  5]  12.00-13.00  sec  63.5 MBytes   534 Mbits/sec  56490  
[  5]  13.00-14.00  sec  66.6 MBytes   559 Mbits/sec  59280  
[  5]  14.00-15.00  sec  62.7 MBytes   526 Mbits/sec  55770  
[  5]  15.00-16.00  sec  69.3 MBytes   581 Mbits/sec  61680  
[  5]  16.00-17.00  sec  65.6 MBytes   550 Mbits/sec  58350  
[  5]  17.00-18.00  sec  61.8 MBytes   519 Mbits/sec  55020  
[  5]  18.00-19.00  sec  62.9 MBytes   528 Mbits/sec  56030  
[  5]  19.00-20.00  sec  64.6 MBytes   542 Mbits/sec  57460  
[  5]  20.00-21.00  sec  61.7 MBytes   518 Mbits/sec  54940  
[  5]  21.00-22.00  sec  66.6 MBytes   559 Mbits/sec  59270  
[  5]  22.00-23.00  sec  65.3 MBytes   548 Mbits/sec  58110  
[  5]  23.00-24.00  sec  73.0 MBytes   613 Mbits/sec  65000  
[  5]  24.00-25.00  sec  63.0 MBytes   528 Mbits/sec  56070  
[  5]  25.00-26.00  sec  60.8 MBytes   510 Mbits/sec  54140  
[  5]  26.00-27.00  sec  62.2 MBytes   522 Mbits/sec  55380  
[  5]  27.00-28.00  sec  63.3 MBytes   531 Mbits/sec  56380  
[  5]  28.00-29.00  sec  61.8 MBytes   519 Mbits/sec  55040  
[  5]  29.00-30.00  sec  63.9 MBytes   536 Mbits/sec  56870  
[  5]  30.00-31.00  sec  61.4 MBytes   515 Mbits/sec  54660  
[  5]  31.00-32.00  sec  62.9 MBytes   528 Mbits/sec  55980  
[  5]  32.00-33.00  sec  63.3 MBytes   531 Mbits/sec  56310  
[  5]  33.00-34.00  sec  68.4 MBytes   574 Mbits/sec  60890  
[  5]  34.00-35.00  sec  66.2 MBytes   556 Mbits/sec  58970  
[  5]  35.00-36.00  sec  62.1 MBytes   521 Mbits/sec  55260  
[  5]  36.00-37.00  sec  64.7 MBytes   543 Mbits/sec  57590  
[  5]  37.00-38.00  sec  65.0 MBytes   545 Mbits/sec  57820  
[  5]  38.00-39.00  sec  67.4 MBytes   565 Mbits/sec  59980  
[  5]  39.00-40.00  sec  68.1 MBytes   572 Mbits/sec  60660  
[  5]  40.00-41.00  sec  61.4 MBytes   515 Mbits/sec  54690  
[  5]  41.00-42.00  sec  64.3 MBytes   540 Mbits/sec  57280  
[  5]  42.00-43.00  sec  63.4 MBytes   532 Mbits/sec  56420  
[  5]  43.00-44.00  sec  61.7 MBytes   518 Mbits/sec  54930  
[  5]  44.00-45.00  sec  62.0 MBytes   520 Mbits/sec  55210  
[  5]  45.00-46.00  sec  62.1 MBytes   521 Mbits/sec  55320  
[  5]  46.00-47.00  sec  63.7 MBytes   534 Mbits/sec  56700  
[  5]  47.00-48.00  sec  62.9 MBytes   528 Mbits/sec  56000  
[  5]  48.00-49.00  sec  64.1 MBytes   538 Mbits/sec  57070  
[  5]  49.00-50.00  sec  63.5 MBytes   533 Mbits/sec  56510  
[  5]  50.00-51.00  sec  60.9 MBytes   511 Mbits/sec  54250  
[  5]  51.00-52.00  sec  61.4 MBytes   515 Mbits/sec  54630  
[  5]  52.00-53.00  sec  64.0 MBytes   537 Mbits/sec  56930  
[  5]  53.00-54.00  sec  62.0 MBytes   520 Mbits/sec  55190  
[  5]  54.00-55.00  sec  64.6 MBytes   542 Mbits/sec  57530  
[  5]  55.00-56.00  sec  60.6 MBytes   508 Mbits/sec  53920  
[  5]  56.00-57.00  sec  61.5 MBytes   516 Mbits/sec  54720  
[  5]  57.00-58.00  sec  64.9 MBytes   545 Mbits/sec  57770  
[  5]  58.00-59.00  sec  63.0 MBytes   528 Mbits/sec  56060  
[  5]  59.00-60.00  sec  63.3 MBytes   531 Mbits/sec  56320  
- - - - - - - - - - - - - - - - - - - - - - - - -
[ ID] Interval           Transfer     Bitrate         Jitter    Lost/Total Datagrams
[  5]   0.00-60.00  sec  3.73 GBytes   534 Mbits/sec  0.000 ms  0/3402290 (0%)  sender
[  5]   0.00-60.04  sec  3.66 GBytes   523 Mbits/sec  0.018 ms  73549/3402289 (2.2%)  receiver

iperf Done.
