Connecting to host 10.136.80.147, port 5201
[  5] local 10.136.173.113 port 34377 connected to 10.136.80.147 port 5201
[ ID] Interval           Transfer     Bitrate         Total Datagrams
[  5]   0.00-1.00   sec  81.2 MBytes   681 Mbits/sec  72260  (omitted)
[  5]   0.00-1.00   sec  78.6 MBytes   659 Mbits/sec  69930  
[  5]   1.00-2.00   sec  79.6 MBytes   668 Mbits/sec  70870  
[  5]   2.00-3.00   sec  78.7 MBytes   661 Mbits/sec  70090  
[  5]   3.00-4.00   sec  79.6 MBytes   668 Mbits/sec  70860  
[  5]   4.00-5.00   sec  80.5 MBytes   675 Mbits/sec  71630  
[  5]   5.00-6.00   sec  79.2 MBytes   665 Mbits/sec  70540  
[  5]   6.00-7.00   sec  80.9 MBytes   679 Mbits/sec  72010  
[  5]   7.00-8.00   sec  80.6 MBytes   676 Mbits/sec  71740  
[  5]   8.00-9.00   sec  80.8 MBytes   678 Mbits/sec  71900  
[  5]   9.00-10.00  sec  79.9 MBytes   670 Mbits/sec  71080  
[  5]  10.00-11.00  sec  79.9 MBytes   670 Mbits/sec  71090  
[  5]  11.00-12.00  sec  80.7 MBytes   677 Mbits/sec  71810  
[  5]  12.00-13.00  sec  79.7 MBytes   668 Mbits/sec  70910  
[  5]  13.00-14.00  sec  80.7 MBytes   677 Mbits/sec  71790  
[  5]  14.00-15.00  sec  80.6 MBytes   676 Mbits/sec  71710  
[  5]  15.00-16.00  sec  79.9 MBytes   670 Mbits/sec  71140  
[  5]  16.00-17.00  sec  70.2 MBytes   589 Mbits/sec  62510  
[  5]  17.00-18.00  sec  66.4 MBytes   557 Mbits/sec  59140  
[  5]  18.00-19.00  sec  65.7 MBytes   551 Mbits/sec  58470  
[  5]  19.00-20.00  sec  65.7 MBytes   551 Mbits/sec  58500  
[  5]  20.00-21.00  sec  65.6 MBytes   550 Mbits/sec  58360  
[  5]  21.00-22.00  sec  64.7 MBytes   542 Mbits/sec  57550  
[  5]  22.00-23.00  sec  65.0 MBytes   546 Mbits/sec  57890  
[  5]  23.00-24.00  sec  65.6 MBytes   550 Mbits/sec  58380  
[  5]  24.00-25.00  sec  65.4 MBytes   549 Mbits/sec  58240  
[  5]  25.00-26.00  sec  65.9 MBytes   553 Mbits/sec  58630  
[  5]  26.00-27.00  sec  66.1 MBytes   555 Mbits/sec  58870  
[  5]  27.00-28.00  sec  64.0 MBytes   537 Mbits/sec  56960  
[  5]  28.00-29.00  sec  65.9 MBytes   553 Mbits/sec  58640  
[  5]  29.00-30.00  sec  64.9 MBytes   544 Mbits/sec  57750  
[  5]  30.00-31.00  sec  65.6 MBytes   550 Mbits/sec  58380  
[  5]  31.00-32.00  sec  65.1 MBytes   546 Mbits/sec  57940  
[  5]  32.00-33.00  sec  64.5 MBytes   541 Mbits/sec  57440  
[  5]  33.00-34.00  sec  64.7 MBytes   543 Mbits/sec  57610  
[  5]  34.00-35.00  sec  64.9 MBytes   545 Mbits/sec  57780  
[  5]  35.00-36.00  sec  64.5 MBytes   541 Mbits/sec  57410  
[  5]  36.00-37.00  sec  62.9 MBytes   528 Mbits/sec  56000  
[  5]  37.00-38.00  sec  64.4 MBytes   540 Mbits/sec  57310  
[  5]  38.00-39.00  sec  64.8 MBytes   544 Mbits/sec  57680  
[  5]  39.00-40.00  sec  62.7 MBytes   526 Mbits/sec  55770  
[  5]  40.00-41.00  sec  62.0 MBytes   520 Mbits/sec  55220  
[  5]  41.00-42.00  sec  77.7 MBytes   652 Mbits/sec  69150  
[  5]  42.00-43.00  sec  79.5 MBytes   667 Mbits/sec  70770  
[  5]  43.00-44.00  sec  79.7 MBytes   668 Mbits/sec  70910  
[  5]  44.00-45.00  sec  74.6 MBytes   625 Mbits/sec  66360  
[  5]  45.00-46.00  sec  65.2 MBytes   547 Mbits/sec  58010  
[  5]  46.00-47.00  sec  66.7 MBytes   560 Mbits/sec  59370  
[  5]  47.00-48.00  sec  66.1 MBytes   554 Mbits/sec  58840  
[  5]  48.00-49.00  sec  65.6 MBytes   550 Mbits/sec  58370  
[  5]  49.00-50.00  sec  66.2 MBytes   555 Mbits/sec  58930  
[  5]  50.00-51.00  sec  65.1 MBytes   546 Mbits/sec  57970  
[  5]  51.00-52.00  sec  66.2 MBytes   555 Mbits/sec  58910  
[  5]  52.00-53.00  sec  65.1 MBytes   546 Mbits/sec  57950  
[  5]  53.00-54.00  sec  65.2 MBytes   547 Mbits/sec  58050  
[  5]  54.00-55.00  sec  63.4 MBytes   532 Mbits/sec  56400  
[  5]  55.00-56.00  sec  65.1 MBytes   546 Mbits/sec  57970  
[  5]  56.00-57.00  sec  62.5 MBytes   524 Mbits/sec  55650  
[  5]  57.00-58.00  sec  66.3 MBytes   557 Mbits/sec  59050  
[  5]  58.00-59.00  sec  66.1 MBytes   555 Mbits/sec  58860  
[  5]  59.00-60.00  sec  65.9 MBytes   553 Mbits/sec  58660  
- - - - - - - - - - - - - - - - - - - - - - - - -
[ ID] Interval           Transfer     Bitrate         Jitter    Lost/Total Datagrams
[  5]   0.00-60.00  sec  4.10 GBytes   587 Mbits/sec  0.000 ms  0/3737710 (0%)  sender
[  5]   0.00-60.04  sec  4.10 GBytes   587 Mbits/sec  0.015 ms  2437/3737710 (0.065%)  receiver

iperf Done.
