Connecting to host 10.136.80.136, port 5201
[  5] local 10.136.173.68 port 44414 connected to 10.136.80.136 port 5201
[ ID] Interval           Transfer     Bitrate         Retr  Cwnd
[  5]   0.00-1.00   sec  95.0 MBytes   796 Mbits/sec    3    588 KBytes       (omitted)
[  5]   0.00-1.00   sec  91.2 MBytes   765 Mbits/sec    1    692 KBytes       
[  5]   1.00-2.00   sec  92.5 MBytes   776 Mbits/sec    0    784 KBytes       
[  5]   2.00-3.00   sec  93.8 MBytes   786 Mbits/sec   14    490 KBytes       
[  5]   3.00-4.00   sec  75.0 MBytes   629 Mbits/sec    8    347 KBytes       
[  5]   4.00-5.00   sec  91.2 MBytes   765 Mbits/sec    0    508 KBytes       
[  5]   5.00-6.00   sec  92.5 MBytes   776 Mbits/sec    0    628 KBytes       
[  5]   6.00-7.00   sec  91.2 MBytes   765 Mbits/sec    0    729 KBytes       
[  5]   7.00-8.00   sec  92.5 MBytes   776 Mbits/sec    7    605 KBytes       
[  5]   8.00-9.00   sec  91.2 MBytes   765 Mbits/sec    0    710 KBytes       
[  5]   9.00-10.00  sec  92.5 MBytes   776 Mbits/sec    0    801 KBytes       
[  5]  10.00-11.00  sec  92.5 MBytes   776 Mbits/sec    0    883 KBytes       
[  5]  11.00-12.00  sec  91.2 MBytes   766 Mbits/sec    0    957 KBytes       
[  5]  12.00-13.00  sec  92.5 MBytes   776 Mbits/sec    6    756 KBytes       
[  5]  13.00-14.00  sec  91.2 MBytes   765 Mbits/sec   10    618 KBytes       
[  5]  14.00-15.00  sec  92.5 MBytes   776 Mbits/sec    0    718 KBytes       
[  5]  15.00-16.00  sec  91.2 MBytes   765 Mbits/sec    8    569 KBytes       
[  5]  16.00-17.00  sec  92.5 MBytes   776 Mbits/sec    6    527 KBytes       
[  5]  17.00-18.00  sec  91.2 MBytes   765 Mbits/sec    0    644 KBytes       
[  5]  18.00-19.00  sec  92.5 MBytes   776 Mbits/sec    0    743 KBytes       
[  5]  19.00-20.00  sec  91.2 MBytes   765 Mbits/sec    7    613 KBytes       
[  5]  20.00-21.00  sec  92.5 MBytes   776 Mbits/sec    0    717 KBytes       
[  5]  21.00-22.00  sec  92.5 MBytes   776 Mbits/sec   14    395 KBytes       
[  5]  22.00-23.00  sec  91.2 MBytes   765 Mbits/sec    0    542 KBytes       
[  5]  23.00-24.00  sec  90.0 MBytes   755 Mbits/sec    6    497 KBytes       
[  5]  24.00-25.00  sec  92.5 MBytes   776 Mbits/sec    0    621 KBytes       
[  5]  25.00-26.00  sec  91.2 MBytes   765 Mbits/sec    5    507 KBytes       
[  5]  26.00-27.00  sec  91.2 MBytes   765 Mbits/sec    0    627 KBytes       
[  5]  27.00-28.00  sec  92.5 MBytes   776 Mbits/sec    0    728 KBytes       
[  5]  28.00-29.00  sec  92.5 MBytes   776 Mbits/sec    0    816 KBytes       
[  5]  29.00-30.00  sec  92.5 MBytes   776 Mbits/sec    0    897 KBytes       
[  5]  30.00-31.00  sec  91.2 MBytes   765 Mbits/sec    0    971 KBytes       
[  5]  31.00-32.00  sec  92.5 MBytes   776 Mbits/sec  268    762 KBytes       
[  5]  32.00-33.00  sec  92.5 MBytes   776 Mbits/sec    6    635 KBytes       
[  5]  33.00-34.00  sec  91.2 MBytes   766 Mbits/sec    0    734 KBytes       
[  5]  34.00-35.00  sec  91.2 MBytes   765 Mbits/sec    5    617 KBytes       
[  5]  35.00-36.00  sec  92.5 MBytes   776 Mbits/sec    0    721 KBytes       
[  5]  36.00-37.00  sec  91.2 MBytes   765 Mbits/sec    0    810 KBytes       
[  5]  37.00-38.00  sec  92.5 MBytes   776 Mbits/sec  287    633 KBytes       
[  5]  38.00-39.00  sec  91.2 MBytes   765 Mbits/sec    0    734 KBytes       
[  5]  39.00-40.00  sec  92.5 MBytes   776 Mbits/sec    8    602 KBytes       
[  5]  40.00-41.00  sec  91.2 MBytes   765 Mbits/sec    0    706 KBytes       
[  5]  41.00-42.00  sec  92.5 MBytes   776 Mbits/sec    0    799 KBytes       
[  5]  42.00-43.00  sec  91.2 MBytes   765 Mbits/sec    3    655 KBytes       
[  5]  43.00-44.00  sec  92.5 MBytes   776 Mbits/sec    0    752 KBytes       
[  5]  44.00-45.00  sec  91.2 MBytes   765 Mbits/sec    0    838 KBytes       
[  5]  45.00-46.00  sec  92.5 MBytes   776 Mbits/sec    0    916 KBytes       
[  5]  46.00-47.00  sec  92.5 MBytes   776 Mbits/sec   21    717 KBytes       
[  5]  47.00-48.00  sec  91.2 MBytes   765 Mbits/sec    0    807 KBytes       
[  5]  48.00-49.00  sec  92.5 MBytes   776 Mbits/sec    0    886 KBytes       
[  5]  49.00-50.00  sec  92.5 MBytes   776 Mbits/sec    0    961 KBytes       
[  5]  50.00-51.00  sec  91.2 MBytes   765 Mbits/sec    5    748 KBytes       
[  5]  51.00-52.00  sec  92.5 MBytes   776 Mbits/sec    7    617 KBytes       
[  5]  52.00-53.00  sec  91.2 MBytes   765 Mbits/sec    6    550 KBytes       
[  5]  53.00-54.00  sec  92.5 MBytes   776 Mbits/sec    0    664 KBytes       
[  5]  54.00-55.00  sec  91.2 MBytes   766 Mbits/sec    1    758 KBytes       
[  5]  55.00-56.00  sec  92.5 MBytes   776 Mbits/sec    5    598 KBytes       
[  5]  56.00-57.00  sec  91.2 MBytes   765 Mbits/sec    0    703 KBytes       
[  5]  57.00-58.00  sec  92.5 MBytes   776 Mbits/sec    0    796 KBytes       
[  5]  58.00-59.00  sec  91.2 MBytes   765 Mbits/sec    0    876 KBytes       
[  5]  59.00-60.00  sec  92.5 MBytes   777 Mbits/sec    0    952 KBytes       
- - - - - - - - - - - - - - - - - - - - - - - - -
[ ID] Interval           Transfer     Bitrate         Retr
[  5]   0.00-60.00  sec  5.37 GBytes   769 Mbits/sec  714             sender
[  5]   0.00-60.04  sec  5.37 GBytes   769 Mbits/sec                  receiver

iperf Done.
