Connecting to host knb-server-371041, port 5201
[  5] local 10.136.173.120 port 47598 connected to 10.43.231.95 port 5201
[ ID] Interval           Transfer     Bitrate         Retr  Cwnd
[  5]   0.00-1.00   sec  11.5 MBytes  96.7 Mbits/sec  315    728 KBytes       (omitted)
[  5]   0.00-1.00   sec  15.0 MBytes   126 Mbits/sec    0    781 KBytes       
[  5]   1.00-2.00   sec  15.0 MBytes   126 Mbits/sec    0    819 KBytes       
[  5]   2.00-3.00   sec  16.2 MBytes   136 Mbits/sec    0    843 KBytes       
[  5]   3.00-4.00   sec  16.2 MBytes   136 Mbits/sec    0    857 KBytes       
[  5]   4.00-5.00   sec  16.2 MBytes   136 Mbits/sec    0    864 KBytes       
[  5]   5.00-6.00   sec  16.2 MBytes   136 Mbits/sec    0    865 KBytes       
[  5]   6.00-7.00   sec  16.2 MBytes   136 Mbits/sec    0    865 KBytes       
[  5]   7.00-8.00   sec  16.2 MBytes   136 Mbits/sec    0    866 KBytes       
[  5]   8.00-9.00   sec  17.5 MBytes   147 Mbits/sec    0    871 KBytes       
[  5]   9.00-10.00  sec  16.2 MBytes   136 Mbits/sec    0    882 KBytes       
[  5]  10.00-11.00  sec  17.5 MBytes   147 Mbits/sec    0    902 KBytes       
[  5]  11.00-12.00  sec  17.5 MBytes   147 Mbits/sec    0    934 KBytes       
[  5]  12.00-13.00  sec  17.5 MBytes   147 Mbits/sec    0    981 KBytes       
[  5]  13.00-14.00  sec  20.0 MBytes   168 Mbits/sec    0   1.02 MBytes       
[  5]  14.00-15.00  sec  20.0 MBytes   168 Mbits/sec    0   1.10 MBytes       
[  5]  15.00-16.00  sec  18.8 MBytes   157 Mbits/sec    9    878 KBytes       
[  5]  16.00-17.00  sec  12.5 MBytes   105 Mbits/sec   32    665 KBytes       
[  5]  17.00-18.00  sec  12.5 MBytes   105 Mbits/sec    0    704 KBytes       
[  5]  18.00-19.00  sec  13.8 MBytes   115 Mbits/sec    0    730 KBytes       
[  5]  19.00-20.00  sec  15.0 MBytes   126 Mbits/sec    0    745 KBytes       
[  5]  20.00-21.00  sec  13.8 MBytes   115 Mbits/sec    0    752 KBytes       
[  5]  21.00-22.00  sec  10.0 MBytes  83.9 Mbits/sec  113    391 KBytes       
[  5]  22.00-23.00  sec  7.50 MBytes  62.9 Mbits/sec    0    420 KBytes       
[  5]  23.00-24.00  sec  8.75 MBytes  73.4 Mbits/sec    0    438 KBytes       
[  5]  24.00-25.00  sec  7.50 MBytes  62.9 Mbits/sec    0    446 KBytes       
[  5]  25.00-26.00  sec  8.75 MBytes  73.4 Mbits/sec    0    450 KBytes       
[  5]  26.00-27.00  sec  8.75 MBytes  73.4 Mbits/sec    0    450 KBytes       
[  5]  27.00-28.00  sec  8.75 MBytes  73.4 Mbits/sec    0    450 KBytes       
[  5]  28.00-29.00  sec  8.75 MBytes  73.4 Mbits/sec    0    459 KBytes       
[  5]  29.00-30.00  sec  8.75 MBytes  73.4 Mbits/sec    0    472 KBytes       
[  5]  30.00-31.00  sec  8.75 MBytes  73.4 Mbits/sec    0    483 KBytes       
[  5]  31.00-32.00  sec  10.0 MBytes  83.9 Mbits/sec    0    505 KBytes       
[  5]  32.00-33.00  sec  10.0 MBytes  83.9 Mbits/sec    0    546 KBytes       
[  5]  33.00-34.00  sec  7.50 MBytes  62.9 Mbits/sec   34    437 KBytes       
[  5]  34.00-35.00  sec  8.75 MBytes  73.4 Mbits/sec    0    484 KBytes       
[  5]  35.00-36.00  sec  10.0 MBytes  83.9 Mbits/sec    0    517 KBytes       
[  5]  36.00-37.00  sec  10.0 MBytes  83.9 Mbits/sec    0    538 KBytes       
[  5]  37.00-38.00  sec  10.0 MBytes  83.9 Mbits/sec    0    549 KBytes       
[  5]  38.00-39.00  sec  11.2 MBytes  94.4 Mbits/sec    0    554 KBytes       
[  5]  39.00-40.00  sec  10.0 MBytes  83.9 Mbits/sec    0    554 KBytes       
[  5]  40.00-41.00  sec  11.2 MBytes  94.4 Mbits/sec    0    554 KBytes       
[  5]  41.00-42.00  sec  10.0 MBytes  83.9 Mbits/sec    0    556 KBytes       
[  5]  42.00-43.00  sec  11.2 MBytes  94.4 Mbits/sec    0    563 KBytes       
[  5]  43.00-44.00  sec  10.0 MBytes  83.9 Mbits/sec    0    576 KBytes       
[  5]  44.00-45.00  sec  11.2 MBytes  94.4 Mbits/sec    0    601 KBytes       
[  5]  45.00-46.00  sec  11.2 MBytes  94.4 Mbits/sec    0    636 KBytes       
[  5]  46.00-47.00  sec  13.8 MBytes   115 Mbits/sec    0    690 KBytes       
[  5]  47.00-48.00  sec  13.8 MBytes   115 Mbits/sec    0    759 KBytes       
[  5]  48.00-49.00  sec  15.0 MBytes   126 Mbits/sec    0    850 KBytes       
[  5]  49.00-50.00  sec  17.5 MBytes   147 Mbits/sec    0    966 KBytes       
[  5]  50.00-51.00  sec  20.0 MBytes   168 Mbits/sec    0   1.09 MBytes       
[  5]  51.00-52.00  sec  17.5 MBytes   147 Mbits/sec   78    874 KBytes       
[  5]  52.00-53.00  sec  17.5 MBytes   147 Mbits/sec    0    962 KBytes       
[  5]  53.00-54.00  sec  18.8 MBytes   157 Mbits/sec    0   1.01 MBytes       
[  5]  54.00-55.00  sec  20.0 MBytes   168 Mbits/sec    0   1.06 MBytes       
[  5]  55.00-56.00  sec  18.8 MBytes   157 Mbits/sec   29    795 KBytes       
[  5]  56.00-57.00  sec  15.0 MBytes   126 Mbits/sec    0    849 KBytes       
[  5]  57.00-58.00  sec  17.5 MBytes   147 Mbits/sec    0    888 KBytes       
[  5]  58.00-59.00  sec  16.2 MBytes   136 Mbits/sec    0    913 KBytes       
[  5]  59.00-60.00  sec  17.5 MBytes   147 Mbits/sec    0    928 KBytes       
- - - - - - - - - - - - - - - - - - - - - - - - -
[ ID] Interval           Transfer     Bitrate         Retr
[  5]   0.00-60.00  sec   818 MBytes   114 Mbits/sec  295             sender
[  5]   0.00-60.05  sec   818 MBytes   114 Mbits/sec                  receiver

iperf Done.
