Connecting to host knb-server-319898, port 5201
[  5] local 10.136.173.87 port 55650 connected to 10.43.244.57 port 5201
[ ID] Interval           Transfer     Bitrate         Total Datagrams
[  5]   0.00-1.00   sec  53.0 MBytes   445 Mbits/sec  47180  (omitted)
[  5]   0.00-1.00   sec  51.6 MBytes   433 Mbits/sec  45970  
[  5]   1.00-2.00   sec  50.8 MBytes   426 Mbits/sec  45250  
[  5]   2.00-3.00   sec  51.0 MBytes   428 Mbits/sec  45390  
[  5]   3.00-4.00   sec  53.6 MBytes   450 Mbits/sec  47750  
[  5]   4.00-5.00   sec  53.4 MBytes   448 Mbits/sec  47570  
[  5]   5.00-6.00   sec  53.3 MBytes   447 Mbits/sec  47480  
[  5]   6.00-7.00   sec  53.8 MBytes   452 Mbits/sec  47920  
[  5]   7.00-8.00   sec  54.1 MBytes   454 Mbits/sec  48200  
[  5]   8.00-9.00   sec  53.2 MBytes   446 Mbits/sec  47320  
[  5]   9.00-10.00  sec  52.7 MBytes   442 Mbits/sec  46920  
[  5]  10.00-11.00  sec  52.7 MBytes   442 Mbits/sec  46910  
[  5]  11.00-12.00  sec  52.2 MBytes   438 Mbits/sec  46490  
[  5]  12.00-13.00  sec  51.1 MBytes   428 Mbits/sec  45450  
[  5]  13.00-14.00  sec  52.0 MBytes   436 Mbits/sec  46270  
[  5]  14.00-15.00  sec  52.5 MBytes   441 Mbits/sec  46770  
[  5]  15.00-16.00  sec  51.3 MBytes   430 Mbits/sec  45650  
[  5]  16.00-17.00  sec  51.2 MBytes   429 Mbits/sec  45560  
[  5]  17.00-18.00  sec  51.6 MBytes   433 Mbits/sec  45920  
[  5]  18.00-19.00  sec  50.0 MBytes   420 Mbits/sec  44540  
[  5]  19.00-20.00  sec  52.1 MBytes   437 Mbits/sec  46370  
[  5]  20.00-21.00  sec  51.9 MBytes   435 Mbits/sec  46170  
[  5]  21.00-22.00  sec  50.4 MBytes   423 Mbits/sec  44900  
[  5]  22.00-23.00  sec  50.0 MBytes   420 Mbits/sec  44550  
[  5]  23.00-24.00  sec  54.1 MBytes   454 Mbits/sec  48140  
[  5]  24.00-25.00  sec  50.5 MBytes   424 Mbits/sec  44970  
[  5]  25.00-26.00  sec  48.6 MBytes   408 Mbits/sec  43250  
[  5]  26.00-27.00  sec  51.9 MBytes   435 Mbits/sec  46200  
[  5]  27.00-28.00  sec  50.2 MBytes   421 Mbits/sec  44680  
[  5]  28.00-29.00  sec  52.1 MBytes   437 Mbits/sec  46400  
[  5]  29.00-30.00  sec  50.0 MBytes   419 Mbits/sec  44490  
[  5]  30.00-31.00  sec  51.6 MBytes   433 Mbits/sec  45950  
[  5]  31.00-32.00  sec  55.1 MBytes   462 Mbits/sec  49050  
[  5]  32.00-33.00  sec  50.5 MBytes   424 Mbits/sec  44960  
[  5]  33.00-34.00  sec  50.7 MBytes   426 Mbits/sec  45160  
[  5]  34.00-35.00  sec  53.7 MBytes   450 Mbits/sec  47760  
[  5]  35.00-36.00  sec  51.3 MBytes   430 Mbits/sec  45650  
[  5]  36.00-37.00  sec  51.6 MBytes   433 Mbits/sec  45910  
[  5]  37.00-38.00  sec  52.9 MBytes   444 Mbits/sec  47110  
[  5]  38.00-39.00  sec  51.9 MBytes   435 Mbits/sec  46190  
[  5]  39.00-40.00  sec  51.7 MBytes   434 Mbits/sec  46000  
[  5]  40.00-41.00  sec  55.9 MBytes   469 Mbits/sec  49720  
[  5]  41.00-42.00  sec  52.9 MBytes   443 Mbits/sec  47060  
[  5]  42.00-43.00  sec  50.9 MBytes   427 Mbits/sec  45300  
[  5]  43.00-44.00  sec  52.9 MBytes   443 Mbits/sec  47050  
[  5]  44.00-45.00  sec  50.3 MBytes   422 Mbits/sec  44750  
[  5]  45.00-46.00  sec  50.5 MBytes   423 Mbits/sec  44910  
[  5]  46.00-47.00  sec  53.3 MBytes   447 Mbits/sec  47410  
[  5]  47.00-48.00  sec  50.6 MBytes   425 Mbits/sec  45040  
[  5]  48.00-49.00  sec  51.1 MBytes   429 Mbits/sec  45520  
[  5]  49.00-50.00  sec  50.3 MBytes   422 Mbits/sec  44750  
[  5]  50.00-51.00  sec  53.6 MBytes   450 Mbits/sec  47750  
[  5]  51.00-52.00  sec  51.7 MBytes   434 Mbits/sec  46020  
[  5]  52.00-53.00  sec  52.7 MBytes   442 Mbits/sec  46920  
[  5]  53.00-54.00  sec  53.4 MBytes   448 Mbits/sec  47530  
[  5]  54.00-55.00  sec  50.3 MBytes   422 Mbits/sec  44750  
[  5]  55.00-56.00  sec  51.8 MBytes   435 Mbits/sec  46130  
[  5]  56.00-57.00  sec  52.5 MBytes   440 Mbits/sec  46710  
[  5]  57.00-58.00  sec  55.2 MBytes   463 Mbits/sec  49140  
[  5]  58.00-59.00  sec  51.0 MBytes   428 Mbits/sec  45390  
[  5]  59.00-60.00  sec  51.8 MBytes   434 Mbits/sec  46070  
- - - - - - - - - - - - - - - - - - - - - - - - -
[ ID] Interval           Transfer     Bitrate         Jitter    Lost/Total Datagrams
[  5]   0.00-60.00  sec  3.04 GBytes   436 Mbits/sec  0.000 ms  0/2775110 (0%)  sender
[  5]   0.00-60.23  sec  1.89 GBytes   270 Mbits/sec  0.006 ms  1069967/2775110 (39%)  receiver

iperf Done.
