Connecting to host 10.136.80.177, port 5201
[  5] local 10.136.173.112 port 59624 connected to 10.136.80.177 port 5201
[ ID] Interval           Transfer     Bitrate         Total Datagrams
[  5]   0.00-1.00   sec  46.9 MBytes   393 Mbits/sec  41710  (omitted)
[  5]   0.00-1.00   sec  44.7 MBytes   375 Mbits/sec  39820  
[  5]   1.00-2.00   sec  54.2 MBytes   454 Mbits/sec  48230  
[  5]   2.00-3.00   sec  57.4 MBytes   481 Mbits/sec  51080  
[  5]   3.00-4.00   sec  52.5 MBytes   440 Mbits/sec  46730  
[  5]   4.00-5.00   sec  60.6 MBytes   509 Mbits/sec  53970  
[  5]   5.00-6.00   sec  59.5 MBytes   499 Mbits/sec  52960  
[  5]   6.00-7.00   sec  59.1 MBytes   495 Mbits/sec  52570  
[  5]   7.00-8.00   sec  56.6 MBytes   475 Mbits/sec  50360  
[  5]   8.00-9.00   sec  46.9 MBytes   394 Mbits/sec  41780  
[  5]   9.00-10.00  sec  51.1 MBytes   429 Mbits/sec  45470  
[  5]  10.00-11.00  sec  56.7 MBytes   475 Mbits/sec  50460  
[  5]  11.00-12.00  sec  57.2 MBytes   480 Mbits/sec  50910  
[  5]  12.00-13.00  sec  56.9 MBytes   478 Mbits/sec  50680  
[  5]  13.00-14.00  sec  58.9 MBytes   494 Mbits/sec  52450  
[  5]  14.00-15.00  sec  61.0 MBytes   512 Mbits/sec  54330  
[  5]  15.00-16.00  sec  59.8 MBytes   501 Mbits/sec  53200  
[  5]  16.00-17.00  sec  53.9 MBytes   452 Mbits/sec  47990  
[  5]  17.00-18.00  sec  57.7 MBytes   484 Mbits/sec  51370  
[  5]  18.00-19.00  sec  45.0 MBytes   377 Mbits/sec  40060  
[  5]  19.00-20.00  sec  45.3 MBytes   380 Mbits/sec  40350  
[  5]  20.00-21.00  sec  60.8 MBytes   510 Mbits/sec  54080  
[  5]  21.00-22.00  sec  50.7 MBytes   425 Mbits/sec  45100  
[  5]  22.00-23.00  sec  48.4 MBytes   406 Mbits/sec  43040  
[  5]  23.00-24.00  sec  50.1 MBytes   420 Mbits/sec  44600  
[  5]  24.00-25.00  sec  57.9 MBytes   486 Mbits/sec  51530  
[  5]  25.00-26.00  sec  67.9 MBytes   570 Mbits/sec  60450  
[  5]  26.00-27.00  sec  58.2 MBytes   489 Mbits/sec  51840  
[  5]  27.00-28.00  sec  59.0 MBytes   495 Mbits/sec  52480  
[  5]  28.00-29.00  sec  51.8 MBytes   435 Mbits/sec  46130  
[  5]  29.00-30.00  sec  59.0 MBytes   495 Mbits/sec  52490  
[  5]  30.00-31.00  sec  57.2 MBytes   479 Mbits/sec  50880  
[  5]  31.00-32.00  sec  54.0 MBytes   453 Mbits/sec  48070  
[  5]  32.00-33.00  sec  54.6 MBytes   458 Mbits/sec  48630  
[  5]  33.00-34.00  sec  55.8 MBytes   468 Mbits/sec  49670  
[  5]  34.00-35.00  sec  51.6 MBytes   433 Mbits/sec  45920  
[  5]  35.00-36.00  sec  50.4 MBytes   423 Mbits/sec  44840  
[  5]  36.00-37.00  sec  57.2 MBytes   480 Mbits/sec  50880  
[  5]  37.00-38.00  sec  60.7 MBytes   509 Mbits/sec  54000  
[  5]  38.00-39.00  sec  56.8 MBytes   476 Mbits/sec  50550  
[  5]  39.00-40.00  sec  58.4 MBytes   490 Mbits/sec  51980  
[  5]  40.00-41.00  sec  55.5 MBytes   465 Mbits/sec  49380  
[  5]  41.00-42.00  sec  62.7 MBytes   526 Mbits/sec  55830  
[  5]  42.00-43.00  sec  57.4 MBytes   482 Mbits/sec  51120  
[  5]  43.00-44.00  sec  58.2 MBytes   488 Mbits/sec  51830  
[  5]  44.00-45.00  sec  53.5 MBytes   449 Mbits/sec  47610  
[  5]  45.00-46.00  sec  43.6 MBytes   366 Mbits/sec  38810  
[  5]  46.00-47.00  sec  46.0 MBytes   386 Mbits/sec  40960  
[  5]  47.00-48.00  sec  61.1 MBytes   513 Mbits/sec  54390  
[  5]  48.00-49.00  sec  55.1 MBytes   462 Mbits/sec  49010  
[  5]  49.00-50.00  sec  57.9 MBytes   486 Mbits/sec  51530  
[  5]  50.00-51.00  sec  57.1 MBytes   479 Mbits/sec  50790  
[  5]  51.00-52.00  sec  54.9 MBytes   461 Mbits/sec  48890  
[  5]  52.00-53.00  sec  53.9 MBytes   452 Mbits/sec  47940  
[  5]  53.00-54.00  sec  52.0 MBytes   437 Mbits/sec  46320  
[  5]  54.00-55.00  sec  43.4 MBytes   364 Mbits/sec  38650  
[  5]  55.00-56.00  sec  54.5 MBytes   457 Mbits/sec  48500  
[  5]  56.00-57.00  sec  56.2 MBytes   471 Mbits/sec  49990  
[  5]  57.00-58.00  sec  58.4 MBytes   490 Mbits/sec  51950  
[  5]  58.00-59.00  sec  59.5 MBytes   499 Mbits/sec  52920  
[  5]  59.00-60.00  sec  57.9 MBytes   486 Mbits/sec  51520  
- - - - - - - - - - - - - - - - - - - - - - - - -
[ ID] Interval           Transfer     Bitrate         Jitter    Lost/Total Datagrams
[  5]   0.00-60.00  sec  3.24 GBytes   463 Mbits/sec  0.000 ms  0/2949870 (0%)  sender
[  5]   0.00-60.25  sec  2.05 GBytes   293 Mbits/sec  0.012 ms  1085565/2949855 (37%)  receiver

iperf Done.
