Connecting to host 10.136.80.180, port 5201
[  5] local 10.136.173.118 port 48131 connected to 10.136.80.180 port 5201
[ ID] Interval           Transfer     Bitrate         Total Datagrams
[  5]   0.00-1.00   sec  75.8 MBytes   636 Mbits/sec  67480  (omitted)
[  5]   0.00-1.00   sec  78.8 MBytes   661 Mbits/sec  70150  
[  5]   1.00-2.00   sec  75.5 MBytes   633 Mbits/sec  67190  
[  5]   2.00-3.00   sec  77.0 MBytes   646 Mbits/sec  68530  
[  5]   3.00-4.00   sec  77.1 MBytes   647 Mbits/sec  68650  
[  5]   4.00-5.00   sec  77.2 MBytes   648 Mbits/sec  68710  
[  5]   5.00-6.00   sec  76.6 MBytes   643 Mbits/sec  68220  
[  5]   6.00-7.00   sec  77.2 MBytes   648 Mbits/sec  68740  
[  5]   7.00-8.00   sec  78.3 MBytes   657 Mbits/sec  69680  
[  5]   8.00-9.00   sec  82.3 MBytes   690 Mbits/sec  73270  
[  5]   9.00-10.00  sec  82.1 MBytes   689 Mbits/sec  73070  
[  5]  10.00-11.00  sec  81.9 MBytes   687 Mbits/sec  72930  
[  5]  11.00-12.00  sec  81.5 MBytes   684 Mbits/sec  72590  
[  5]  12.00-13.00  sec  80.9 MBytes   679 Mbits/sec  72000  
[  5]  13.00-14.00  sec  82.8 MBytes   694 Mbits/sec  73690  
[  5]  14.00-15.00  sec  82.5 MBytes   692 Mbits/sec  73440  
[  5]  15.00-16.00  sec  82.6 MBytes   693 Mbits/sec  73540  
[  5]  16.00-17.00  sec  81.2 MBytes   681 Mbits/sec  72260  
[  5]  17.00-18.00  sec  83.0 MBytes   696 Mbits/sec  73900  
[  5]  18.00-19.00  sec  82.5 MBytes   693 Mbits/sec  73480  
[  5]  19.00-20.00  sec  81.8 MBytes   687 Mbits/sec  72850  
[  5]  20.00-21.00  sec  82.1 MBytes   689 Mbits/sec  73100  
[  5]  21.00-22.00  sec  82.5 MBytes   692 Mbits/sec  73430  
[  5]  22.00-23.00  sec  83.5 MBytes   700 Mbits/sec  74300  
[  5]  23.00-24.00  sec  83.2 MBytes   698 Mbits/sec  74020  
[  5]  24.00-25.00  sec  81.7 MBytes   685 Mbits/sec  72740  
[  5]  25.00-26.00  sec  80.7 MBytes   677 Mbits/sec  71850  
[  5]  26.00-27.00  sec  82.2 MBytes   689 Mbits/sec  73150  
[  5]  27.00-28.00  sec  81.1 MBytes   680 Mbits/sec  72170  
[  5]  28.00-29.00  sec  82.4 MBytes   691 Mbits/sec  73330  
[  5]  29.00-30.00  sec  81.9 MBytes   687 Mbits/sec  72900  
[  5]  30.00-31.00  sec  81.8 MBytes   686 Mbits/sec  72830  
[  5]  31.00-32.00  sec  82.3 MBytes   691 Mbits/sec  73290  
[  5]  32.00-33.00  sec  81.3 MBytes   682 Mbits/sec  72380  
[  5]  33.00-34.00  sec  81.5 MBytes   684 Mbits/sec  72540  
[  5]  34.00-35.00  sec  80.9 MBytes   679 Mbits/sec  72020  
[  5]  35.00-36.00  sec  82.1 MBytes   689 Mbits/sec  73070  
[  5]  36.00-37.00  sec  77.0 MBytes   646 Mbits/sec  68580  
[  5]  37.00-38.00  sec  77.9 MBytes   653 Mbits/sec  69320  
[  5]  38.00-39.00  sec  81.9 MBytes   687 Mbits/sec  72890  
[  5]  39.00-40.00  sec  82.2 MBytes   690 Mbits/sec  73170  
[  5]  40.00-41.00  sec  82.0 MBytes   688 Mbits/sec  72980  
[  5]  41.00-42.00  sec  82.0 MBytes   688 Mbits/sec  72960  
[  5]  42.00-43.00  sec  82.3 MBytes   690 Mbits/sec  73230  
[  5]  43.00-44.00  sec  83.2 MBytes   698 Mbits/sec  74080  
[  5]  44.00-45.00  sec  81.6 MBytes   685 Mbits/sec  72640  
[  5]  45.00-46.00  sec  84.3 MBytes   707 Mbits/sec  75040  
[  5]  46.00-47.00  sec  82.8 MBytes   694 Mbits/sec  73660  
[  5]  47.00-48.00  sec  81.2 MBytes   681 Mbits/sec  72290  
[  5]  48.00-49.00  sec  83.0 MBytes   696 Mbits/sec  73850  
[  5]  49.00-50.00  sec  82.8 MBytes   695 Mbits/sec  73700  
[  5]  50.00-51.00  sec  83.0 MBytes   696 Mbits/sec  73840  
[  5]  51.00-52.00  sec  84.1 MBytes   705 Mbits/sec  74870  
[  5]  52.00-53.00  sec  81.8 MBytes   686 Mbits/sec  72780  
[  5]  53.00-54.00  sec  82.5 MBytes   692 Mbits/sec  73470  
[  5]  54.00-55.00  sec  81.9 MBytes   687 Mbits/sec  72880  
[  5]  55.00-56.00  sec  80.7 MBytes   677 Mbits/sec  71800  
[  5]  56.00-57.00  sec  82.3 MBytes   690 Mbits/sec  73220  
[  5]  57.00-58.00  sec  82.6 MBytes   693 Mbits/sec  73520  
[  5]  58.00-59.00  sec  82.2 MBytes   690 Mbits/sec  73170  
[  5]  59.00-60.00  sec  82.7 MBytes   694 Mbits/sec  73590  
- - - - - - - - - - - - - - - - - - - - - - - - -
[ ID] Interval           Transfer     Bitrate         Jitter    Lost/Total Datagrams
[  5]   0.00-60.00  sec  4.77 GBytes   683 Mbits/sec  0.000 ms  0/4345540 (0%)  sender
[  5]   0.00-60.26  sec  2.38 GBytes   339 Mbits/sec  0.010 ms  2208659/4345307 (51%)  receiver

iperf Done.
