Connecting to host 10.136.80.188, port 5201
[  5] local 10.136.173.126 port 50618 connected to 10.136.80.188 port 5201
[ ID] Interval           Transfer     Bitrate         Total Datagrams
[  5]   0.00-1.00   sec  75.4 MBytes   633 Mbits/sec  67150  (omitted)
[  5]   0.00-1.00   sec  59.4 MBytes   498 Mbits/sec  52880  
[  5]   1.00-2.00   sec  60.3 MBytes   505 Mbits/sec  53640  
[  5]   2.00-3.00   sec  60.1 MBytes   504 Mbits/sec  53510  
[  5]   3.00-4.00   sec  64.3 MBytes   539 Mbits/sec  57230  
[  5]   4.00-5.00   sec  76.4 MBytes   641 Mbits/sec  67970  
[  5]   5.00-6.00   sec  79.7 MBytes   669 Mbits/sec  70950  
[  5]   6.00-7.00   sec  82.2 MBytes   690 Mbits/sec  73180  
[  5]   7.00-8.00   sec  81.8 MBytes   686 Mbits/sec  72770  
[  5]   8.00-9.00   sec  81.4 MBytes   683 Mbits/sec  72480  
[  5]   9.00-10.00  sec  82.4 MBytes   691 Mbits/sec  73310  
[  5]  10.00-11.00  sec  82.9 MBytes   695 Mbits/sec  73780  
[  5]  11.00-12.00  sec  82.4 MBytes   691 Mbits/sec  73330  
[  5]  12.00-13.00  sec  81.9 MBytes   687 Mbits/sec  72920  
[  5]  13.00-14.00  sec  85.1 MBytes   714 Mbits/sec  75740  
[  5]  14.00-15.00  sec  81.2 MBytes   681 Mbits/sec  72270  
[  5]  15.00-16.00  sec  80.5 MBytes   675 Mbits/sec  71650  
[  5]  16.00-17.00  sec  81.2 MBytes   682 Mbits/sec  72320  
[  5]  17.00-18.00  sec  82.7 MBytes   694 Mbits/sec  73630  
[  5]  18.00-19.00  sec  82.8 MBytes   694 Mbits/sec  73690  
[  5]  19.00-20.00  sec  81.7 MBytes   685 Mbits/sec  72740  
[  5]  20.00-21.00  sec  85.1 MBytes   714 Mbits/sec  75710  
[  5]  21.00-22.00  sec  81.9 MBytes   687 Mbits/sec  72940  
[  5]  22.00-23.00  sec  82.1 MBytes   689 Mbits/sec  73080  
[  5]  23.00-24.00  sec  83.2 MBytes   698 Mbits/sec  74090  
[  5]  24.00-25.00  sec  82.6 MBytes   693 Mbits/sec  73500  
[  5]  25.00-26.00  sec  84.0 MBytes   705 Mbits/sec  74780  
[  5]  26.00-27.00  sec  82.4 MBytes   691 Mbits/sec  73370  
[  5]  27.00-28.00  sec  82.1 MBytes   689 Mbits/sec  73060  
[  5]  28.00-29.00  sec  81.8 MBytes   687 Mbits/sec  72850  
[  5]  29.00-30.00  sec  81.5 MBytes   684 Mbits/sec  72530  
[  5]  30.00-31.00  sec  82.3 MBytes   690 Mbits/sec  73270  
[  5]  31.00-32.00  sec  82.0 MBytes   688 Mbits/sec  72960  
[  5]  32.00-33.00  sec  76.0 MBytes   638 Mbits/sec  67680  
[  5]  33.00-34.00  sec  82.4 MBytes   691 Mbits/sec  73320  
[  5]  34.00-35.00  sec  83.2 MBytes   698 Mbits/sec  74030  
[  5]  35.00-36.00  sec  82.1 MBytes   688 Mbits/sec  73040  
[  5]  36.00-37.00  sec  83.0 MBytes   696 Mbits/sec  73840  
[  5]  37.00-38.00  sec  82.5 MBytes   692 Mbits/sec  73420  
[  5]  38.00-39.00  sec  82.0 MBytes   688 Mbits/sec  73010  
[  5]  39.00-40.00  sec  80.8 MBytes   678 Mbits/sec  71900  
[  5]  40.00-41.00  sec  81.4 MBytes   683 Mbits/sec  72430  
[  5]  41.00-42.00  sec  81.7 MBytes   685 Mbits/sec  72710  
[  5]  42.00-43.00  sec  82.1 MBytes   688 Mbits/sec  73050  
[  5]  43.00-44.00  sec  82.4 MBytes   692 Mbits/sec  73380  
[  5]  44.00-45.00  sec  83.5 MBytes   701 Mbits/sec  74340  
[  5]  45.00-46.00  sec  82.7 MBytes   694 Mbits/sec  73610  
[  5]  46.00-47.00  sec  82.3 MBytes   691 Mbits/sec  73280  
[  5]  47.00-48.00  sec  83.0 MBytes   696 Mbits/sec  73880  
[  5]  48.00-49.00  sec  82.3 MBytes   690 Mbits/sec  73260  
[  5]  49.00-50.00  sec  82.5 MBytes   692 Mbits/sec  73440  
[  5]  50.00-51.00  sec  83.7 MBytes   703 Mbits/sec  74540  
[  5]  51.00-52.00  sec  82.8 MBytes   694 Mbits/sec  73670  
[  5]  52.00-53.00  sec  83.3 MBytes   699 Mbits/sec  74170  
[  5]  53.00-54.00  sec  81.8 MBytes   686 Mbits/sec  72850  
[  5]  54.00-55.00  sec  83.3 MBytes   699 Mbits/sec  74150  
[  5]  55.00-56.00  sec  81.9 MBytes   687 Mbits/sec  72870  
[  5]  56.00-57.00  sec  83.1 MBytes   697 Mbits/sec  73990  
[  5]  57.00-58.00  sec  82.7 MBytes   694 Mbits/sec  73600  
[  5]  58.00-59.00  sec  82.6 MBytes   693 Mbits/sec  73530  
[  5]  59.00-60.00  sec  83.0 MBytes   697 Mbits/sec  73900  
- - - - - - - - - - - - - - - - - - - - - - - - -
[ ID] Interval           Transfer     Bitrate         Jitter    Lost/Total Datagrams
[  5]   0.00-60.00  sec  4.73 GBytes   677 Mbits/sec  0.000 ms  0/4313010 (0%)  sender
[  5]   0.00-60.25  sec  2.50 GBytes   356 Mbits/sec  0.019 ms  2080967/4312953 (48%)  receiver

iperf Done.
