Connecting to host knb-server-282470, port 5201
[  5] local 10.136.173.78 port 55922 connected to 10.43.74.151 port 5201
[ ID] Interval           Transfer     Bitrate         Total Datagrams
[  5]   0.00-1.00   sec  74.1 MBytes   621 Mbits/sec  65930  (omitted)
[  5]   0.00-1.00   sec  74.8 MBytes   628 Mbits/sec  66610  
[  5]   1.00-2.00   sec  72.2 MBytes   605 Mbits/sec  64240  
[  5]   2.00-3.00   sec  72.1 MBytes   604 Mbits/sec  64140  
[  5]   3.00-4.00   sec  67.4 MBytes   565 Mbits/sec  59990  
[  5]   4.00-5.00   sec  73.0 MBytes   612 Mbits/sec  64980  
[  5]   5.00-6.00   sec  70.4 MBytes   591 Mbits/sec  62660  
[  5]   6.00-7.00   sec  73.6 MBytes   617 Mbits/sec  65470  
[  5]   7.00-8.00   sec  68.4 MBytes   574 Mbits/sec  60860  
[  5]   8.00-9.00   sec  70.7 MBytes   593 Mbits/sec  62920  
[  5]   9.00-10.00  sec  51.8 MBytes   434 Mbits/sec  46080  
[  5]  10.00-11.00  sec  75.7 MBytes   635 Mbits/sec  67340  
[  5]  11.00-12.00  sec  66.7 MBytes   560 Mbits/sec  59410  
[  5]  12.00-13.00  sec  66.3 MBytes   556 Mbits/sec  59020  
[  5]  13.00-14.00  sec  53.6 MBytes   449 Mbits/sec  47700  
[  5]  14.00-15.00  sec  53.2 MBytes   446 Mbits/sec  47370  
[  5]  15.00-16.00  sec  54.0 MBytes   453 Mbits/sec  48040  
[  5]  16.00-17.00  sec  60.3 MBytes   506 Mbits/sec  53690  
[  5]  17.00-18.00  sec  73.5 MBytes   617 Mbits/sec  65440  
[  5]  18.00-19.00  sec  73.2 MBytes   614 Mbits/sec  65180  
[  5]  19.00-20.00  sec  74.2 MBytes   623 Mbits/sec  66090  
[  5]  20.00-21.00  sec  74.5 MBytes   625 Mbits/sec  66350  
[  5]  21.00-22.00  sec  68.8 MBytes   577 Mbits/sec  61200  
[  5]  22.00-23.00  sec  65.4 MBytes   549 Mbits/sec  58220  
[  5]  23.00-24.00  sec  64.3 MBytes   539 Mbits/sec  57230  
[  5]  24.00-25.00  sec  73.6 MBytes   618 Mbits/sec  65530  
[  5]  25.00-26.00  sec  72.2 MBytes   606 Mbits/sec  64280  
[  5]  26.00-27.00  sec  72.6 MBytes   609 Mbits/sec  64620  
[  5]  27.00-28.00  sec  72.6 MBytes   609 Mbits/sec  64640  
[  5]  28.00-29.00  sec  72.9 MBytes   612 Mbits/sec  64920  
[  5]  29.00-30.00  sec  74.1 MBytes   622 Mbits/sec  65980  
[  5]  30.00-31.00  sec  73.5 MBytes   616 Mbits/sec  65410  
[  5]  31.00-32.00  sec  71.2 MBytes   597 Mbits/sec  63340  
[  5]  32.00-33.00  sec  66.7 MBytes   560 Mbits/sec  59390  
[  5]  33.00-34.00  sec  57.7 MBytes   484 Mbits/sec  51330  
[  5]  34.00-35.00  sec  55.4 MBytes   465 Mbits/sec  49320  
[  5]  35.00-36.00  sec  59.4 MBytes   498 Mbits/sec  52880  
[  5]  36.00-37.00  sec  73.7 MBytes   618 Mbits/sec  65580  
[  5]  37.00-38.00  sec  73.7 MBytes   618 Mbits/sec  65570  
[  5]  38.00-39.00  sec  73.4 MBytes   616 Mbits/sec  65330  
[  5]  39.00-40.00  sec  74.8 MBytes   627 Mbits/sec  66570  
[  5]  40.00-41.00  sec  73.7 MBytes   619 Mbits/sec  65640  
[  5]  41.00-42.00  sec  68.5 MBytes   575 Mbits/sec  61000  
[  5]  42.00-43.00  sec  74.8 MBytes   627 Mbits/sec  66570  
[  5]  43.00-44.00  sec  75.3 MBytes   632 Mbits/sec  67030  
[  5]  44.00-45.00  sec  76.3 MBytes   640 Mbits/sec  67920  
[  5]  45.00-46.00  sec  74.8 MBytes   628 Mbits/sec  66620  
[  5]  46.00-47.00  sec  73.3 MBytes   615 Mbits/sec  65280  
[  5]  47.00-48.00  sec  75.0 MBytes   629 Mbits/sec  66770  
[  5]  48.00-49.00  sec  74.6 MBytes   626 Mbits/sec  66410  
[  5]  49.00-50.00  sec  73.6 MBytes   618 Mbits/sec  65550  
[  5]  50.00-51.00  sec  72.9 MBytes   611 Mbits/sec  64850  
[  5]  51.00-52.00  sec  73.2 MBytes   614 Mbits/sec  65130  
[  5]  52.00-53.00  sec  74.0 MBytes   620 Mbits/sec  65830  
[  5]  53.00-54.00  sec  73.0 MBytes   612 Mbits/sec  64960  
[  5]  54.00-55.00  sec  73.1 MBytes   613 Mbits/sec  65060  
[  5]  55.00-56.00  sec  71.0 MBytes   595 Mbits/sec  63170  
[  5]  56.00-57.00  sec  74.4 MBytes   624 Mbits/sec  66240  
[  5]  57.00-58.00  sec  73.0 MBytes   613 Mbits/sec  65020  
[  5]  58.00-59.00  sec  78.4 MBytes   658 Mbits/sec  69810  
[  5]  59.00-60.00  sec  76.1 MBytes   638 Mbits/sec  67750  
- - - - - - - - - - - - - - - - - - - - - - - - -
[ ID] Interval           Transfer     Bitrate         Jitter    Lost/Total Datagrams
[  5]   0.00-60.00  sec  4.12 GBytes   589 Mbits/sec  0.000 ms  0/3751530 (0%)  sender
[  5]   0.00-60.26  sec  1.81 GBytes   258 Mbits/sec  0.715 ms  2132024/3735207 (57%)  receiver

iperf Done.
