Connecting to host knb-server-282470, port 5201
[  5] local 10.136.173.81 port 37028 connected to 10.43.74.151 port 5201
[ ID] Interval           Transfer     Bitrate         Retr  Cwnd
[  5]   0.00-1.00   sec  24.3 MBytes   204 Mbits/sec    0   1.08 MBytes       (omitted)
[  5]   0.00-1.00   sec  27.5 MBytes   231 Mbits/sec    0   2.46 MBytes       
[  5]   1.00-2.00   sec  26.2 MBytes   220 Mbits/sec    5   2.87 MBytes       
[  5]   2.00-3.00   sec  22.5 MBytes   189 Mbits/sec   42    401 KBytes       
[  5]   3.00-4.00   sec  28.8 MBytes   241 Mbits/sec   14   1.52 MBytes       
[  5]   4.00-5.00   sec  26.2 MBytes   220 Mbits/sec    0   1.65 MBytes       
[  5]   5.00-6.00   sec  25.0 MBytes   210 Mbits/sec    0   1.75 MBytes       
[  5]   6.00-7.00   sec  27.5 MBytes   231 Mbits/sec    0   1.84 MBytes       
[  5]   7.00-8.00   sec  25.0 MBytes   210 Mbits/sec    0   1.90 MBytes       
[  5]   8.00-9.00   sec  25.0 MBytes   210 Mbits/sec    0   1.95 MBytes       
[  5]   9.00-10.00  sec  25.0 MBytes   210 Mbits/sec    0   1.98 MBytes       
[  5]  10.00-11.00  sec  30.0 MBytes   252 Mbits/sec    0   2.00 MBytes       
[  5]  11.00-12.00  sec  33.8 MBytes   283 Mbits/sec    0   2.01 MBytes       
[  5]  12.00-13.00  sec  30.0 MBytes   252 Mbits/sec    0   2.01 MBytes       
[  5]  13.00-14.00  sec  30.0 MBytes   252 Mbits/sec    0   2.01 MBytes       
[  5]  14.00-15.00  sec  27.5 MBytes   231 Mbits/sec    0   2.01 MBytes       
[  5]  15.00-16.00  sec  32.5 MBytes   273 Mbits/sec    0   2.02 MBytes       
[  5]  16.00-17.00  sec  28.8 MBytes   241 Mbits/sec    0   2.02 MBytes       
[  5]  17.00-18.00  sec  25.0 MBytes   210 Mbits/sec    0   2.03 MBytes       
[  5]  18.00-19.00  sec  22.5 MBytes   189 Mbits/sec    0   2.06 MBytes       
[  5]  19.00-20.00  sec  27.5 MBytes   231 Mbits/sec    0   2.09 MBytes       
[  5]  20.00-21.00  sec  31.2 MBytes   262 Mbits/sec    0   2.15 MBytes       
[  5]  21.00-22.00  sec  35.0 MBytes   294 Mbits/sec    0   2.22 MBytes       
[  5]  22.00-23.00  sec  33.8 MBytes   283 Mbits/sec    0   2.31 MBytes       
[  5]  23.00-24.00  sec  33.8 MBytes   283 Mbits/sec    0   2.42 MBytes       
[  5]  24.00-25.00  sec  31.2 MBytes   262 Mbits/sec    0   2.56 MBytes       
[  5]  25.00-26.00  sec  28.8 MBytes   241 Mbits/sec  1078   1.10 MBytes       
[  5]  26.00-27.00  sec  35.0 MBytes   294 Mbits/sec  299    503 KBytes       
[  5]  27.00-28.00  sec  33.8 MBytes   283 Mbits/sec    0    543 KBytes       
[  5]  28.00-29.00  sec  31.2 MBytes   262 Mbits/sec    0    579 KBytes       
[  5]  29.00-30.00  sec  35.0 MBytes   294 Mbits/sec   22    462 KBytes       
[  5]  30.00-31.00  sec  30.0 MBytes   252 Mbits/sec    0    511 KBytes       
[  5]  31.00-32.00  sec  36.2 MBytes   304 Mbits/sec    0    544 KBytes       
[  5]  32.00-33.00  sec  33.8 MBytes   283 Mbits/sec    0    568 KBytes       
[  5]  33.00-34.00  sec  33.8 MBytes   283 Mbits/sec    0    605 KBytes       
[  5]  34.00-35.00  sec  28.8 MBytes   241 Mbits/sec    0    634 KBytes       
[  5]  35.00-36.00  sec  27.5 MBytes   231 Mbits/sec    0    661 KBytes       
[  5]  36.00-37.00  sec  33.8 MBytes   283 Mbits/sec    0    693 KBytes       
[  5]  37.00-38.00  sec  32.5 MBytes   273 Mbits/sec    0    720 KBytes       
[  5]  38.00-39.00  sec  28.8 MBytes   241 Mbits/sec    0    745 KBytes       
[  5]  39.00-40.00  sec  33.8 MBytes   283 Mbits/sec    0    774 KBytes       
[  5]  40.00-41.00  sec  31.2 MBytes   262 Mbits/sec    0    798 KBytes       
[  5]  41.00-42.00  sec  32.5 MBytes   273 Mbits/sec    0    824 KBytes       
[  5]  42.00-43.00  sec  28.8 MBytes   241 Mbits/sec    0    846 KBytes       
[  5]  43.00-44.00  sec  31.2 MBytes   262 Mbits/sec    0    869 KBytes       
[  5]  44.00-45.00  sec  35.0 MBytes   294 Mbits/sec    0    893 KBytes       
[  5]  45.00-46.00  sec  35.0 MBytes   294 Mbits/sec    0    987 KBytes       
[  5]  46.00-47.00  sec  27.5 MBytes   231 Mbits/sec    0   1.10 MBytes       
[  5]  47.00-48.00  sec  28.8 MBytes   241 Mbits/sec    0   1.26 MBytes       
[  5]  48.00-49.00  sec  32.5 MBytes   273 Mbits/sec    0   1.46 MBytes       
[  5]  49.00-50.00  sec  33.8 MBytes   283 Mbits/sec    0   1.69 MBytes       
[  5]  50.00-51.00  sec  33.8 MBytes   283 Mbits/sec    0   1.96 MBytes       
[  5]  51.00-52.00  sec  31.2 MBytes   262 Mbits/sec    0   2.26 MBytes       
[  5]  52.00-53.00  sec  30.0 MBytes   252 Mbits/sec    0   2.60 MBytes       
[  5]  53.00-54.00  sec  31.2 MBytes   262 Mbits/sec  660    691 KBytes       
[  5]  54.00-55.00  sec  35.0 MBytes   294 Mbits/sec    0    739 KBytes       
[  5]  55.00-56.00  sec  33.8 MBytes   283 Mbits/sec    0    772 KBytes       
[  5]  56.00-57.00  sec  32.5 MBytes   273 Mbits/sec    0    793 KBytes       
[  5]  57.00-58.00  sec  30.0 MBytes   252 Mbits/sec    0    803 KBytes       
[  5]  58.00-59.00  sec  33.8 MBytes   283 Mbits/sec    0    812 KBytes       
[  5]  59.00-60.00  sec  32.5 MBytes   273 Mbits/sec    0    837 KBytes       
- - - - - - - - - - - - - - - - - - - - - - - - -
[ ID] Interval           Transfer     Bitrate         Retr
[  5]   0.00-60.00  sec  1.79 GBytes   256 Mbits/sec  2120             sender
[  5]   0.00-60.07  sec  1.79 GBytes   256 Mbits/sec                  receiver

iperf Done.
