Connecting to host knb-server-168585, port 5201
[  5] local 10.136.173.112 port 47050 connected to 10.43.238.237 port 5201
[ ID] Interval           Transfer     Bitrate         Total Datagrams
[  5]   0.00-1.00   sec  44.0 MBytes   369 Mbits/sec  39140  (omitted)
[  5]   0.00-1.00   sec  52.5 MBytes   440 Mbits/sec  46730  
[  5]   1.00-2.00   sec  55.0 MBytes   461 Mbits/sec  48960  
[  5]   2.00-3.00   sec  50.8 MBytes   426 Mbits/sec  45200  
[  5]   3.00-4.00   sec  51.4 MBytes   431 Mbits/sec  45740  
[  5]   4.00-5.00   sec  51.1 MBytes   429 Mbits/sec  45480  
[  5]   5.00-6.00   sec  51.7 MBytes   434 Mbits/sec  46040  
[  5]   6.00-7.00   sec  51.2 MBytes   430 Mbits/sec  45610  
[  5]   7.00-8.00   sec  52.7 MBytes   442 Mbits/sec  46910  
[  5]   8.00-9.00   sec  52.5 MBytes   441 Mbits/sec  46750  
[  5]   9.00-10.00  sec  50.5 MBytes   424 Mbits/sec  44980  
[  5]  10.00-11.00  sec  52.4 MBytes   439 Mbits/sec  46610  
[  5]  11.00-12.00  sec  49.3 MBytes   414 Mbits/sec  43890  
[  5]  12.00-13.00  sec  51.5 MBytes   432 Mbits/sec  45820  
[  5]  13.00-14.00  sec  52.8 MBytes   443 Mbits/sec  46960  
[  5]  14.00-15.00  sec  50.4 MBytes   422 Mbits/sec  44820  
[  5]  15.00-16.00  sec  51.1 MBytes   429 Mbits/sec  45530  
[  5]  16.00-17.00  sec  53.2 MBytes   446 Mbits/sec  47370  
[  5]  17.00-18.00  sec  51.3 MBytes   430 Mbits/sec  45620  
[  5]  18.00-19.00  sec  50.3 MBytes   422 Mbits/sec  44750  
[  5]  19.00-20.00  sec  50.7 MBytes   426 Mbits/sec  45160  
[  5]  20.00-21.00  sec  53.2 MBytes   446 Mbits/sec  47330  
[  5]  21.00-22.00  sec  55.3 MBytes   464 Mbits/sec  49200  
[  5]  22.00-23.00  sec  52.6 MBytes   441 Mbits/sec  46830  
[  5]  23.00-24.00  sec  50.3 MBytes   422 Mbits/sec  44760  
[  5]  24.00-25.00  sec  51.0 MBytes   427 Mbits/sec  45360  
[  5]  25.00-26.00  sec  51.9 MBytes   435 Mbits/sec  46180  
[  5]  26.00-27.00  sec  53.1 MBytes   445 Mbits/sec  47260  
[  5]  27.00-28.00  sec  51.1 MBytes   429 Mbits/sec  45530  
[  5]  28.00-29.00  sec  52.4 MBytes   439 Mbits/sec  46640  
[  5]  29.00-30.00  sec  53.4 MBytes   448 Mbits/sec  47500  
[  5]  30.00-31.00  sec  51.7 MBytes   433 Mbits/sec  45990  
[  5]  31.00-32.00  sec  54.4 MBytes   456 Mbits/sec  48380  
[  5]  32.00-33.00  sec  51.5 MBytes   432 Mbits/sec  45850  
[  5]  33.00-34.00  sec  52.4 MBytes   439 Mbits/sec  46620  
[  5]  34.00-35.00  sec  49.6 MBytes   416 Mbits/sec  44120  
[  5]  35.00-36.00  sec  54.5 MBytes   457 Mbits/sec  48530  
[  5]  36.00-37.00  sec  50.3 MBytes   422 Mbits/sec  44800  
[  5]  37.00-38.00  sec  51.1 MBytes   429 Mbits/sec  45480  
[  5]  38.00-39.00  sec  50.7 MBytes   426 Mbits/sec  45170  
[  5]  39.00-40.00  sec  50.8 MBytes   426 Mbits/sec  45190  
[  5]  40.00-41.00  sec  51.8 MBytes   434 Mbits/sec  46100  
[  5]  41.00-42.00  sec  49.8 MBytes   417 Mbits/sec  44300  
[  5]  42.00-43.00  sec  50.7 MBytes   426 Mbits/sec  45160  
[  5]  43.00-44.00  sec  50.3 MBytes   422 Mbits/sec  44760  
[  5]  44.00-45.00  sec  52.5 MBytes   441 Mbits/sec  46760  
[  5]  45.00-46.00  sec  52.8 MBytes   443 Mbits/sec  47000  
[  5]  46.00-47.00  sec  49.8 MBytes   417 Mbits/sec  44300  
[  5]  47.00-48.00  sec  52.1 MBytes   437 Mbits/sec  46340  
[  5]  48.00-49.00  sec  49.5 MBytes   415 Mbits/sec  44020  
[  5]  49.00-50.00  sec  54.9 MBytes   461 Mbits/sec  48880  
[  5]  50.00-51.00  sec  52.2 MBytes   438 Mbits/sec  46500  
[  5]  51.00-52.00  sec  51.3 MBytes   430 Mbits/sec  45620  
[  5]  52.00-53.00  sec  50.3 MBytes   422 Mbits/sec  44810  
[  5]  53.00-54.00  sec  53.9 MBytes   452 Mbits/sec  47980  
[  5]  54.00-55.00  sec  56.4 MBytes   473 Mbits/sec  50200  
[  5]  55.00-56.00  sec  51.3 MBytes   430 Mbits/sec  45630  
[  5]  56.00-57.00  sec  49.2 MBytes   412 Mbits/sec  43770  
[  5]  57.00-58.00  sec  52.4 MBytes   440 Mbits/sec  46680  
[  5]  58.00-59.00  sec  50.6 MBytes   425 Mbits/sec  45080  
[  5]  59.00-60.00  sec  52.6 MBytes   441 Mbits/sec  46830  
- - - - - - - - - - - - - - - - - - - - - - - - -
[ ID] Interval           Transfer     Bitrate         Jitter    Lost/Total Datagrams
[  5]   0.00-60.00  sec  3.03 GBytes   435 Mbits/sec  0.000 ms  0/2766370 (0%)  sender
[  5]   0.00-60.23  sec  1.89 GBytes   270 Mbits/sec  0.119 ms  1058514/2766370 (38%)  receiver

iperf Done.
