Connecting to host knb-server-225359, port 5201
[  5] local 10.136.173.91 port 33492 connected to 10.43.9.154 port 5201
[ ID] Interval           Transfer     Bitrate         Total Datagrams
[  5]   0.00-1.00   sec  79.7 MBytes   668 Mbits/sec  70900  (omitted)
[  5]   0.00-1.00   sec  78.9 MBytes   662 Mbits/sec  70220  
[  5]   1.00-2.00   sec  78.7 MBytes   661 Mbits/sec  70090  
[  5]   2.00-3.00   sec  77.4 MBytes   649 Mbits/sec  68870  
[  5]   3.00-4.00   sec  78.2 MBytes   656 Mbits/sec  69570  
[  5]   4.00-5.00   sec  78.0 MBytes   654 Mbits/sec  69390  
[  5]   5.00-6.00   sec  78.3 MBytes   657 Mbits/sec  69700  
[  5]   6.00-7.00   sec  78.5 MBytes   659 Mbits/sec  69900  
[  5]   7.00-8.00   sec  77.5 MBytes   650 Mbits/sec  68990  
[  5]   8.00-9.00   sec  76.8 MBytes   645 Mbits/sec  68400  
[  5]   9.00-10.00  sec  79.2 MBytes   664 Mbits/sec  70470  
[  5]  10.00-11.00  sec  78.0 MBytes   654 Mbits/sec  69420  
[  5]  11.00-12.00  sec  78.2 MBytes   656 Mbits/sec  69650  
[  5]  12.00-13.00  sec  79.4 MBytes   666 Mbits/sec  70720  
[  5]  13.00-14.00  sec  78.0 MBytes   654 Mbits/sec  69450  
[  5]  14.00-15.00  sec  79.5 MBytes   667 Mbits/sec  70810  
[  5]  15.00-16.00  sec  77.7 MBytes   652 Mbits/sec  69140  
[  5]  16.00-17.00  sec  78.1 MBytes   655 Mbits/sec  69540  
[  5]  17.00-18.00  sec  77.2 MBytes   648 Mbits/sec  68730  
[  5]  18.00-19.00  sec  77.1 MBytes   647 Mbits/sec  68670  
[  5]  19.00-20.00  sec  61.1 MBytes   512 Mbits/sec  54380  
[  5]  20.00-21.00  sec  60.0 MBytes   503 Mbits/sec  53370  
[  5]  21.00-22.00  sec  61.6 MBytes   517 Mbits/sec  54850  
[  5]  22.00-23.00  sec  61.0 MBytes   512 Mbits/sec  54300  
[  5]  23.00-24.00  sec  58.1 MBytes   488 Mbits/sec  51730  
[  5]  24.00-25.00  sec  75.0 MBytes   629 Mbits/sec  66750  
[  5]  25.00-26.00  sec  78.4 MBytes   658 Mbits/sec  69830  
[  5]  26.00-27.00  sec  77.9 MBytes   653 Mbits/sec  69310  
[  5]  27.00-28.00  sec  78.5 MBytes   658 Mbits/sec  69840  
[  5]  28.00-29.00  sec  78.1 MBytes   655 Mbits/sec  69550  
[  5]  29.00-30.00  sec  78.8 MBytes   661 Mbits/sec  70110  
[  5]  30.00-31.00  sec  77.8 MBytes   653 Mbits/sec  69270  
[  5]  31.00-32.00  sec  77.9 MBytes   653 Mbits/sec  69330  
[  5]  32.00-33.00  sec  78.3 MBytes   657 Mbits/sec  69690  
[  5]  33.00-34.00  sec  78.7 MBytes   660 Mbits/sec  70040  
[  5]  34.00-35.00  sec  77.6 MBytes   651 Mbits/sec  69080  
[  5]  35.00-36.00  sec  78.5 MBytes   658 Mbits/sec  69860  
[  5]  36.00-37.00  sec  78.6 MBytes   659 Mbits/sec  69970  
[  5]  37.00-38.00  sec  77.8 MBytes   653 Mbits/sec  69290  
[  5]  38.00-39.00  sec  79.3 MBytes   665 Mbits/sec  70570  
[  5]  39.00-40.00  sec  77.6 MBytes   651 Mbits/sec  69070  
[  5]  40.00-41.00  sec  76.7 MBytes   644 Mbits/sec  68290  
[  5]  41.00-42.00  sec  78.2 MBytes   656 Mbits/sec  69570  
[  5]  42.00-43.00  sec  78.8 MBytes   661 Mbits/sec  70140  
[  5]  43.00-44.00  sec  77.8 MBytes   653 Mbits/sec  69270  
[  5]  44.00-45.00  sec  78.5 MBytes   659 Mbits/sec  69890  
[  5]  45.00-46.00  sec  78.7 MBytes   660 Mbits/sec  70070  
[  5]  46.00-47.00  sec  78.9 MBytes   661 Mbits/sec  70190  
[  5]  47.00-48.00  sec  77.9 MBytes   654 Mbits/sec  69370  
[  5]  48.00-49.00  sec  78.8 MBytes   661 Mbits/sec  70100  
[  5]  49.00-50.00  sec  79.2 MBytes   664 Mbits/sec  70490  
[  5]  50.00-51.00  sec  78.3 MBytes   657 Mbits/sec  69660  
[  5]  51.00-52.00  sec  77.0 MBytes   646 Mbits/sec  68550  
[  5]  52.00-53.00  sec  78.9 MBytes   662 Mbits/sec  70260  
[  5]  53.00-54.00  sec  78.4 MBytes   657 Mbits/sec  69750  
[  5]  54.00-55.00  sec  78.3 MBytes   657 Mbits/sec  69720  
[  5]  55.00-56.00  sec  78.3 MBytes   657 Mbits/sec  69730  
[  5]  56.00-57.00  sec  78.3 MBytes   656 Mbits/sec  69660  
[  5]  57.00-58.00  sec  78.0 MBytes   654 Mbits/sec  69430  
[  5]  58.00-59.00  sec  79.0 MBytes   663 Mbits/sec  70360  
[  5]  59.00-60.00  sec  79.1 MBytes   664 Mbits/sec  70410  
- - - - - - - - - - - - - - - - - - - - - - - - -
[ ID] Interval           Transfer     Bitrate         Jitter    Lost/Total Datagrams
[  5]   0.00-60.00  sec  4.49 GBytes   643 Mbits/sec  0.000 ms  0/4096830 (0%)  sender
[  5]   0.00-60.04  sec  4.50 GBytes   643 Mbits/sec  0.012 ms  2277/4096830 (0.056%)  receiver

iperf Done.
