Connecting to host 10.136.80.140, port 5201
[  5] local 10.136.173.89 port 42407 connected to 10.136.80.140 port 5201
[ ID] Interval           Transfer     Bitrate         Total Datagrams
[  5]   0.00-1.00   sec  81.0 MBytes   679 Mbits/sec  72060  (omitted)
[  5]   0.00-1.00   sec  81.1 MBytes   680 Mbits/sec  72160  
[  5]   1.00-2.00   sec  81.7 MBytes   686 Mbits/sec  72750  
[  5]   2.00-3.00   sec  80.1 MBytes   672 Mbits/sec  71340  
[  5]   3.00-4.00   sec  82.2 MBytes   689 Mbits/sec  73140  
[  5]   4.00-5.00   sec  81.2 MBytes   681 Mbits/sec  72260  
[  5]   5.00-6.00   sec  81.6 MBytes   685 Mbits/sec  72650  
[  5]   6.00-7.00   sec  80.9 MBytes   679 Mbits/sec  72010  
[  5]   7.00-8.00   sec  82.2 MBytes   690 Mbits/sec  73180  
[  5]   8.00-9.00   sec  81.9 MBytes   687 Mbits/sec  72910  
[  5]   9.00-10.00  sec  79.6 MBytes   668 Mbits/sec  70860  
[  5]  10.00-11.00  sec  81.6 MBytes   685 Mbits/sec  72670  
[  5]  11.00-12.00  sec  81.8 MBytes   686 Mbits/sec  72840  
[  5]  12.00-13.00  sec  81.2 MBytes   681 Mbits/sec  72280  
[  5]  13.00-14.00  sec  80.9 MBytes   679 Mbits/sec  72010  
[  5]  14.00-15.00  sec  81.0 MBytes   679 Mbits/sec  72080  
[  5]  15.00-16.00  sec  80.0 MBytes   671 Mbits/sec  71200  
[  5]  16.00-17.00  sec  80.9 MBytes   678 Mbits/sec  71970  
[  5]  17.00-18.00  sec  81.1 MBytes   680 Mbits/sec  72170  
[  5]  18.00-19.00  sec  82.4 MBytes   691 Mbits/sec  73320  
[  5]  19.00-20.00  sec  81.4 MBytes   683 Mbits/sec  72480  
[  5]  20.00-21.00  sec  82.0 MBytes   688 Mbits/sec  73030  
[  5]  21.00-22.00  sec  81.9 MBytes   687 Mbits/sec  72860  
[  5]  22.00-23.00  sec  81.9 MBytes   687 Mbits/sec  72910  
[  5]  23.00-24.00  sec  81.9 MBytes   687 Mbits/sec  72880  
[  5]  24.00-25.00  sec  81.8 MBytes   686 Mbits/sec  72840  
[  5]  25.00-26.00  sec  81.6 MBytes   684 Mbits/sec  72600  
[  5]  26.00-27.00  sec  82.5 MBytes   692 Mbits/sec  73460  
[  5]  27.00-28.00  sec  82.0 MBytes   688 Mbits/sec  73030  
[  5]  28.00-29.00  sec  82.0 MBytes   688 Mbits/sec  73010  
[  5]  29.00-30.00  sec  81.8 MBytes   686 Mbits/sec  72800  
[  5]  30.00-31.00  sec  80.2 MBytes   673 Mbits/sec  71420  
[  5]  31.00-32.00  sec  67.8 MBytes   569 Mbits/sec  60360  
[  5]  32.00-33.00  sec  65.4 MBytes   549 Mbits/sec  58200  
[  5]  33.00-34.00  sec  66.8 MBytes   561 Mbits/sec  59490  
[  5]  34.00-35.00  sec  66.6 MBytes   559 Mbits/sec  59310  
[  5]  35.00-36.00  sec  65.6 MBytes   550 Mbits/sec  58380  
[  5]  36.00-37.00  sec  68.2 MBytes   572 Mbits/sec  60740  
[  5]  37.00-38.00  sec  81.9 MBytes   687 Mbits/sec  72930  
[  5]  38.00-39.00  sec  82.9 MBytes   696 Mbits/sec  73820  
[  5]  39.00-40.00  sec  81.8 MBytes   686 Mbits/sec  72820  
[  5]  40.00-41.00  sec  82.2 MBytes   690 Mbits/sec  73210  
[  5]  41.00-42.00  sec  82.4 MBytes   691 Mbits/sec  73310  
[  5]  42.00-43.00  sec  81.7 MBytes   685 Mbits/sec  72720  
[  5]  43.00-44.00  sec  81.9 MBytes   687 Mbits/sec  72880  
[  5]  44.00-45.00  sec  82.8 MBytes   694 Mbits/sec  73670  
[  5]  45.00-46.00  sec  81.9 MBytes   687 Mbits/sec  72880  
[  5]  46.00-47.00  sec  82.2 MBytes   690 Mbits/sec  73170  
[  5]  47.00-48.00  sec  81.5 MBytes   684 Mbits/sec  72540  
[  5]  48.00-49.00  sec  82.7 MBytes   694 Mbits/sec  73630  
[  5]  49.00-50.00  sec  80.8 MBytes   677 Mbits/sec  71890  
[  5]  50.00-51.00  sec  81.1 MBytes   680 Mbits/sec  72210  
[  5]  51.00-52.00  sec  82.1 MBytes   689 Mbits/sec  73070  
[  5]  52.00-53.00  sec  81.4 MBytes   683 Mbits/sec  72500  
[  5]  53.00-54.00  sec  82.9 MBytes   695 Mbits/sec  73790  
[  5]  54.00-55.00  sec  82.0 MBytes   688 Mbits/sec  72950  
[  5]  55.00-56.00  sec  80.8 MBytes   678 Mbits/sec  71940  
[  5]  56.00-57.00  sec  81.3 MBytes   682 Mbits/sec  72330  
[  5]  57.00-58.00  sec  82.0 MBytes   687 Mbits/sec  72950  
[  5]  58.00-59.00  sec  81.9 MBytes   687 Mbits/sec  72940  
[  5]  59.00-60.00  sec  81.3 MBytes   682 Mbits/sec  72360  
- - - - - - - - - - - - - - - - - - - - - - - - -
[ ID] Interval           Transfer     Bitrate         Jitter    Lost/Total Datagrams
[  5]   0.00-60.00  sec  4.70 GBytes   672 Mbits/sec  0.000 ms  0/4280110 (0%)  sender
[  5]   0.00-60.04  sec  4.70 GBytes   672 Mbits/sec  0.013 ms  403/4280110 (0.0094%)  receiver

iperf Done.
