Connecting to host 10.136.80.145, port 5201
[  5] local 10.136.173.107 port 40386 connected to 10.136.80.145 port 5201
[ ID] Interval           Transfer     Bitrate         Total Datagrams
[  5]   0.00-1.00   sec  51.4 MBytes   431 Mbits/sec  45790  (omitted)
[  5]   0.00-1.00   sec  52.9 MBytes   444 Mbits/sec  47110  
[  5]   1.00-2.00   sec  53.6 MBytes   449 Mbits/sec  47680  
[  5]   2.00-3.00   sec  52.7 MBytes   442 Mbits/sec  46940  
[  5]   3.00-4.00   sec  52.6 MBytes   441 Mbits/sec  46780  
[  5]   4.00-5.00   sec  53.5 MBytes   449 Mbits/sec  47660  
[  5]   5.00-6.00   sec  53.1 MBytes   445 Mbits/sec  47240  
[  5]   6.00-7.00   sec  54.1 MBytes   454 Mbits/sec  48160  
[  5]   7.00-8.00   sec  51.8 MBytes   435 Mbits/sec  46140  
[  5]   8.00-9.00   sec  52.9 MBytes   444 Mbits/sec  47110  
[  5]   9.00-10.00  sec  50.7 MBytes   426 Mbits/sec  45150  
[  5]  10.00-11.00  sec  54.1 MBytes   453 Mbits/sec  48120  
[  5]  11.00-12.00  sec  53.3 MBytes   447 Mbits/sec  47420  
[  5]  12.00-13.00  sec  54.7 MBytes   459 Mbits/sec  48660  
[  5]  13.00-14.00  sec  51.9 MBytes   436 Mbits/sec  46220  
[  5]  14.00-15.00  sec  52.6 MBytes   442 Mbits/sec  46860  
[  5]  15.00-16.00  sec  52.3 MBytes   439 Mbits/sec  46560  
[  5]  16.00-17.00  sec  54.3 MBytes   456 Mbits/sec  48370  
[  5]  17.00-18.00  sec  53.6 MBytes   449 Mbits/sec  47690  
[  5]  18.00-19.00  sec  53.5 MBytes   449 Mbits/sec  47600  
[  5]  19.00-20.00  sec  55.1 MBytes   462 Mbits/sec  49070  
[  5]  20.00-21.00  sec  52.9 MBytes   444 Mbits/sec  47100  
[  5]  21.00-22.00  sec  54.4 MBytes   456 Mbits/sec  48380  
[  5]  22.00-23.00  sec  52.4 MBytes   439 Mbits/sec  46600  
[  5]  23.00-24.00  sec  54.4 MBytes   456 Mbits/sec  48400  
[  5]  24.00-25.00  sec  55.8 MBytes   468 Mbits/sec  49640  
[  5]  25.00-26.00  sec  51.0 MBytes   428 Mbits/sec  45390  
[  5]  26.00-27.00  sec  54.8 MBytes   460 Mbits/sec  48820  
[  5]  27.00-28.00  sec  52.1 MBytes   437 Mbits/sec  46410  
[  5]  28.00-29.00  sec  50.7 MBytes   425 Mbits/sec  45090  
[  5]  29.00-30.00  sec  53.7 MBytes   450 Mbits/sec  47790  
[  5]  30.00-31.00  sec  52.9 MBytes   444 Mbits/sec  47070  
[  5]  31.00-32.00  sec  53.0 MBytes   445 Mbits/sec  47200  
[  5]  32.00-33.00  sec  53.7 MBytes   450 Mbits/sec  47780  
[  5]  33.00-34.00  sec  52.7 MBytes   442 Mbits/sec  46870  
[  5]  34.00-35.00  sec  55.5 MBytes   466 Mbits/sec  49430  
[  5]  35.00-36.00  sec  56.9 MBytes   478 Mbits/sec  50690  
[  5]  36.00-37.00  sec  51.7 MBytes   433 Mbits/sec  45980  
[  5]  37.00-38.00  sec  53.9 MBytes   452 Mbits/sec  47940  
[  5]  38.00-39.00  sec  51.8 MBytes   434 Mbits/sec  46090  
[  5]  39.00-40.00  sec  54.9 MBytes   460 Mbits/sec  48830  
[  5]  40.00-41.00  sec  55.6 MBytes   467 Mbits/sec  49510  
[  5]  41.00-42.00  sec  50.7 MBytes   425 Mbits/sec  45110  
[  5]  42.00-43.00  sec  51.4 MBytes   431 Mbits/sec  45720  
[  5]  43.00-44.00  sec  47.9 MBytes   402 Mbits/sec  42660  
[  5]  44.00-45.00  sec  52.6 MBytes   441 Mbits/sec  46810  
[  5]  45.00-46.00  sec  50.5 MBytes   423 Mbits/sec  44920  
[  5]  46.00-47.00  sec  52.8 MBytes   443 Mbits/sec  47040  
[  5]  47.00-48.00  sec  54.4 MBytes   456 Mbits/sec  48420  
[  5]  48.00-49.00  sec  56.7 MBytes   476 Mbits/sec  50480  
[  5]  49.00-50.00  sec  55.4 MBytes   465 Mbits/sec  49320  
[  5]  50.00-51.00  sec  52.5 MBytes   440 Mbits/sec  46750  
[  5]  51.00-52.00  sec  54.6 MBytes   458 Mbits/sec  48600  
[  5]  52.00-53.00  sec  55.1 MBytes   462 Mbits/sec  49070  
[  5]  53.00-54.00  sec  54.3 MBytes   456 Mbits/sec  48340  
[  5]  54.00-55.00  sec  53.2 MBytes   446 Mbits/sec  47360  
[  5]  55.00-56.00  sec  53.5 MBytes   449 Mbits/sec  47620  
[  5]  56.00-57.00  sec  53.5 MBytes   449 Mbits/sec  47620  
[  5]  57.00-58.00  sec  54.8 MBytes   459 Mbits/sec  48750  
[  5]  58.00-59.00  sec  56.1 MBytes   470 Mbits/sec  49910  
[  5]  59.00-60.00  sec  53.3 MBytes   447 Mbits/sec  47420  
- - - - - - - - - - - - - - - - - - - - - - - - -
[ ID] Interval           Transfer     Bitrate         Jitter    Lost/Total Datagrams
[  5]   0.00-60.00  sec  3.13 GBytes   448 Mbits/sec  0.000 ms  0/2849470 (0%)  sender
[  5]   0.00-60.22  sec  1.87 GBytes   267 Mbits/sec  0.014 ms  1160438/2849470 (41%)  receiver

iperf Done.
