Connecting to host 10.136.80.132, port 5201
[  5] local 10.136.173.68 port 44839 connected to 10.136.80.132 port 5201
[ ID] Interval           Transfer     Bitrate         Total Datagrams
[  5]   0.00-1.00   sec  66.9 MBytes   561 Mbits/sec  59560  (omitted)
[  5]   0.00-1.00   sec  60.6 MBytes   509 Mbits/sec  53970  
[  5]   1.00-2.00   sec  65.4 MBytes   549 Mbits/sec  58250  
[  5]   2.00-3.00   sec  57.0 MBytes   479 Mbits/sec  50780  
[  5]   3.00-4.00   sec  67.0 MBytes   562 Mbits/sec  59640  
[  5]   4.00-5.00   sec  73.7 MBytes   618 Mbits/sec  65590  
[  5]   5.00-6.00   sec  67.7 MBytes   568 Mbits/sec  60260  
[  5]   6.00-7.00   sec  65.5 MBytes   549 Mbits/sec  58300  
[  5]   7.00-8.00   sec  62.8 MBytes   527 Mbits/sec  55910  
[  5]   8.00-9.00   sec  53.1 MBytes   445 Mbits/sec  47260  
[  5]   9.00-10.00  sec  62.8 MBytes   526 Mbits/sec  55870  
[  5]  10.00-11.00  sec  65.5 MBytes   549 Mbits/sec  58280  
[  5]  11.00-12.00  sec  70.2 MBytes   589 Mbits/sec  62450  
[  5]  12.00-13.00  sec  62.7 MBytes   526 Mbits/sec  55770  
[  5]  13.00-14.00  sec  61.2 MBytes   513 Mbits/sec  54480  
[  5]  14.00-15.00  sec  62.0 MBytes   520 Mbits/sec  55180  
[  5]  15.00-16.00  sec  56.0 MBytes   470 Mbits/sec  49840  
[  5]  16.00-17.00  sec  56.1 MBytes   470 Mbits/sec  49900  
[  5]  17.00-18.00  sec  59.7 MBytes   501 Mbits/sec  53150  
[  5]  18.00-19.00  sec  65.6 MBytes   550 Mbits/sec  58380  
[  5]  19.00-20.00  sec  64.8 MBytes   543 Mbits/sec  57660  
[  5]  20.00-21.00  sec  64.4 MBytes   540 Mbits/sec  57360  
[  5]  21.00-22.00  sec  61.9 MBytes   519 Mbits/sec  55070  
[  5]  22.00-23.00  sec  75.2 MBytes   631 Mbits/sec  66910  
[  5]  23.00-24.00  sec  81.2 MBytes   681 Mbits/sec  72290  
[  5]  24.00-25.00  sec  64.4 MBytes   540 Mbits/sec  57290  
[  5]  25.00-26.00  sec  60.4 MBytes   507 Mbits/sec  53780  
[  5]  26.00-27.00  sec  65.6 MBytes   550 Mbits/sec  58400  
[  5]  27.00-28.00  sec  59.1 MBytes   496 Mbits/sec  52620  
[  5]  28.00-29.00  sec  61.7 MBytes   518 Mbits/sec  54950  
[  5]  29.00-30.00  sec  61.0 MBytes   512 Mbits/sec  54300  
[  5]  30.00-31.00  sec  59.8 MBytes   502 Mbits/sec  53270  
[  5]  31.00-32.00  sec  63.2 MBytes   530 Mbits/sec  56240  
[  5]  32.00-33.00  sec  64.5 MBytes   541 Mbits/sec  57440  
[  5]  33.00-34.00  sec  63.1 MBytes   529 Mbits/sec  56170  
[  5]  34.00-35.00  sec  59.7 MBytes   501 Mbits/sec  53170  
[  5]  35.00-36.00  sec  60.1 MBytes   504 Mbits/sec  53460  
[  5]  36.00-37.00  sec  61.2 MBytes   513 Mbits/sec  54470  
[  5]  37.00-38.00  sec  63.6 MBytes   534 Mbits/sec  56630  
[  5]  38.00-39.00  sec  68.9 MBytes   578 Mbits/sec  61290  
[  5]  39.00-40.00  sec  63.5 MBytes   533 Mbits/sec  56540  
[  5]  40.00-41.00  sec  61.2 MBytes   514 Mbits/sec  54520  
[  5]  41.00-42.00  sec  66.1 MBytes   554 Mbits/sec  58820  
[  5]  42.00-43.00  sec  60.6 MBytes   509 Mbits/sec  53970  
[  5]  43.00-44.00  sec  62.0 MBytes   520 Mbits/sec  55200  
[  5]  44.00-45.00  sec  61.4 MBytes   515 Mbits/sec  54610  
[  5]  45.00-46.00  sec  58.9 MBytes   494 Mbits/sec  52400  
[  5]  46.00-47.00  sec  62.2 MBytes   522 Mbits/sec  55400  
[  5]  47.00-48.00  sec  60.9 MBytes   511 Mbits/sec  54170  
[  5]  48.00-49.00  sec  62.9 MBytes   528 Mbits/sec  55990  
[  5]  49.00-50.00  sec  67.2 MBytes   564 Mbits/sec  59820  
[  5]  50.00-51.00  sec  61.0 MBytes   511 Mbits/sec  54260  
[  5]  51.00-52.00  sec  66.3 MBytes   556 Mbits/sec  59010  
[  5]  52.00-53.00  sec  61.8 MBytes   518 Mbits/sec  54990  
[  5]  53.00-54.00  sec  62.8 MBytes   527 Mbits/sec  55940  
[  5]  54.00-55.00  sec  61.1 MBytes   512 Mbits/sec  54360  
[  5]  55.00-56.00  sec  60.7 MBytes   509 Mbits/sec  54010  
[  5]  56.00-57.00  sec  61.1 MBytes   512 Mbits/sec  54360  
[  5]  57.00-58.00  sec  60.2 MBytes   505 Mbits/sec  53620  
[  5]  58.00-59.00  sec  64.4 MBytes   541 Mbits/sec  57360  
[  5]  59.00-60.00  sec  61.7 MBytes   518 Mbits/sec  54920  
- - - - - - - - - - - - - - - - - - - - - - - - -
[ ID] Interval           Transfer     Bitrate         Jitter    Lost/Total Datagrams
[  5]   0.00-60.00  sec  3.70 GBytes   529 Mbits/sec  0.000 ms  0/3370300 (0%)  sender
[  5]   0.00-60.05  sec  2.94 GBytes   421 Mbits/sec  0.019 ms  698159/3370300 (21%)  receiver

iperf Done.
