Connecting to host 10.136.80.172, port 5201
[  5] local 10.136.173.81 port 49248 connected to 10.136.80.172 port 5201
[ ID] Interval           Transfer     Bitrate         Retr  Cwnd
[  5]   0.00-1.00   sec  29.2 MBytes   245 Mbits/sec    0   1.32 MBytes       (omitted)
[  5]   0.00-1.00   sec  23.8 MBytes   199 Mbits/sec    0   2.48 MBytes       
[  5]   1.00-2.00   sec  28.8 MBytes   241 Mbits/sec  160   1.80 MBytes       
[  5]   2.00-3.00   sec  33.8 MBytes   283 Mbits/sec  627   1.64 MBytes       
[  5]   3.00-4.00   sec  35.0 MBytes   294 Mbits/sec    0   1.72 MBytes       
[  5]   4.00-5.00   sec  35.0 MBytes   294 Mbits/sec    0   1.78 MBytes       
[  5]   5.00-6.00   sec  32.5 MBytes   273 Mbits/sec    0   1.82 MBytes       
[  5]   6.00-7.00   sec  35.0 MBytes   294 Mbits/sec    0   1.86 MBytes       
[  5]   7.00-8.00   sec  35.0 MBytes   294 Mbits/sec    0   1.88 MBytes       
[  5]   8.00-9.00   sec  33.8 MBytes   283 Mbits/sec    0   1.88 MBytes       
[  5]   9.00-10.00  sec  32.5 MBytes   273 Mbits/sec    0   1.89 MBytes       
[  5]  10.00-11.00  sec  33.8 MBytes   283 Mbits/sec    0   1.89 MBytes       
[  5]  11.00-12.00  sec  32.5 MBytes   273 Mbits/sec    0   1.89 MBytes       
[  5]  12.00-13.00  sec  27.5 MBytes   231 Mbits/sec    0   1.89 MBytes       
[  5]  13.00-14.00  sec  28.8 MBytes   241 Mbits/sec    0   1.90 MBytes       
[  5]  14.00-15.00  sec  32.5 MBytes   273 Mbits/sec    0   1.91 MBytes       
[  5]  15.00-16.00  sec  35.0 MBytes   294 Mbits/sec    0   1.94 MBytes       
[  5]  16.00-17.00  sec  33.8 MBytes   283 Mbits/sec    0   1.97 MBytes       
[  5]  17.00-18.00  sec  36.2 MBytes   304 Mbits/sec    0   2.03 MBytes       
[  5]  18.00-19.00  sec  32.5 MBytes   273 Mbits/sec    0   2.10 MBytes       
[  5]  19.00-20.00  sec  33.8 MBytes   283 Mbits/sec    0   2.19 MBytes       
[  5]  20.00-21.00  sec  28.8 MBytes   241 Mbits/sec    0   2.31 MBytes       
[  5]  21.00-22.00  sec  32.5 MBytes   273 Mbits/sec    0   2.45 MBytes       
[  5]  22.00-23.00  sec  30.0 MBytes   252 Mbits/sec    0   2.62 MBytes       
[  5]  23.00-24.00  sec  33.8 MBytes   283 Mbits/sec  1185    684 KBytes       
[  5]  24.00-25.00  sec  31.2 MBytes   262 Mbits/sec    0    730 KBytes       
[  5]  25.00-26.00  sec  23.8 MBytes   199 Mbits/sec    0    763 KBytes       
[  5]  26.00-27.00  sec  25.0 MBytes   210 Mbits/sec    0    783 KBytes       
[  5]  27.00-28.00  sec  30.0 MBytes   252 Mbits/sec    0    794 KBytes       
[  5]  28.00-29.00  sec  35.0 MBytes   294 Mbits/sec    0    798 KBytes       
[  5]  29.00-30.00  sec  28.8 MBytes   241 Mbits/sec    0    813 KBytes       
[  5]  30.00-31.00  sec  27.5 MBytes   231 Mbits/sec    0    834 KBytes       
[  5]  31.00-32.00  sec  33.8 MBytes   283 Mbits/sec    0    859 KBytes       
[  5]  32.00-33.00  sec  35.0 MBytes   294 Mbits/sec    0    885 KBytes       
[  5]  33.00-34.00  sec  31.2 MBytes   262 Mbits/sec    0    907 KBytes       
[  5]  34.00-35.00  sec  28.8 MBytes   241 Mbits/sec   69    711 KBytes       
[  5]  35.00-36.00  sec  27.5 MBytes   231 Mbits/sec    0    780 KBytes       
[  5]  36.00-37.00  sec  25.0 MBytes   210 Mbits/sec    0    829 KBytes       
[  5]  37.00-38.00  sec  23.8 MBytes   199 Mbits/sec    0    866 KBytes       
[  5]  38.00-39.00  sec  23.8 MBytes   199 Mbits/sec    0    889 KBytes       
[  5]  39.00-40.00  sec  33.8 MBytes   283 Mbits/sec    0    902 KBytes       
[  5]  40.00-41.00  sec  30.0 MBytes   252 Mbits/sec    0    908 KBytes       
[  5]  41.00-42.00  sec  36.2 MBytes   304 Mbits/sec    0    909 KBytes       
[  5]  42.00-43.00  sec  32.5 MBytes   273 Mbits/sec    0    909 KBytes       
[  5]  43.00-44.00  sec  30.0 MBytes   252 Mbits/sec    0    910 KBytes       
[  5]  44.00-45.00  sec  30.0 MBytes   252 Mbits/sec    0    916 KBytes       
[  5]  45.00-46.00  sec  35.0 MBytes   294 Mbits/sec    0    927 KBytes       
[  5]  46.00-47.00  sec  33.8 MBytes   283 Mbits/sec    0    950 KBytes       
[  5]  47.00-48.00  sec  30.0 MBytes   252 Mbits/sec    0    982 KBytes       
[  5]  48.00-49.00  sec  32.5 MBytes   273 Mbits/sec    0   1.01 MBytes       
[  5]  49.00-50.00  sec  35.0 MBytes   294 Mbits/sec    0   1.07 MBytes       
[  5]  50.00-51.00  sec  31.2 MBytes   262 Mbits/sec    0   1.16 MBytes       
[  5]  51.00-52.00  sec  25.0 MBytes   210 Mbits/sec    0   1.26 MBytes       
[  5]  52.00-53.00  sec  27.5 MBytes   231 Mbits/sec    0   1.40 MBytes       
[  5]  53.00-54.00  sec  28.8 MBytes   241 Mbits/sec    0   1.56 MBytes       
[  5]  54.00-55.00  sec  35.0 MBytes   294 Mbits/sec    0   1.75 MBytes       
[  5]  55.00-56.00  sec  32.5 MBytes   273 Mbits/sec    0   1.98 MBytes       
[  5]  56.00-57.00  sec  36.2 MBytes   304 Mbits/sec    0   2.24 MBytes       
[  5]  57.00-58.00  sec  35.0 MBytes   294 Mbits/sec    0   2.53 MBytes       
[  5]  58.00-59.00  sec  32.5 MBytes   273 Mbits/sec   33   1.37 MBytes       
[  5]  59.00-60.00  sec  36.2 MBytes   304 Mbits/sec   48   1.06 MBytes       
- - - - - - - - - - - - - - - - - - - - - - - - -
[ ID] Interval           Transfer     Bitrate         Retr
[  5]   0.00-60.00  sec  1.84 GBytes   264 Mbits/sec  2122             sender
[  5]   0.00-60.07  sec  1.84 GBytes   264 Mbits/sec                  receiver

iperf Done.
