Connecting to host 10.136.80.174, port 5201
[  5] local 10.136.173.112 port 59067 connected to 10.136.80.174 port 5201
[ ID] Interval           Transfer     Bitrate         Total Datagrams
[  5]   0.00-1.00   sec  78.4 MBytes   658 Mbits/sec  69820  (omitted)
[  5]   0.00-1.00   sec  77.9 MBytes   653 Mbits/sec  69340  
[  5]   1.00-2.00   sec  78.2 MBytes   656 Mbits/sec  69630  
[  5]   2.00-3.00   sec  81.1 MBytes   680 Mbits/sec  72180  
[  5]   3.00-4.00   sec  83.0 MBytes   696 Mbits/sec  73860  
[  5]   4.00-5.00   sec  82.1 MBytes   689 Mbits/sec  73110  
[  5]   5.00-6.00   sec  82.7 MBytes   694 Mbits/sec  73590  
[  5]   6.00-7.00   sec  83.3 MBytes   699 Mbits/sec  74130  
[  5]   7.00-8.00   sec  82.1 MBytes   689 Mbits/sec  73080  
[  5]   8.00-9.00   sec  84.0 MBytes   704 Mbits/sec  74740  
[  5]   9.00-10.00  sec  83.3 MBytes   699 Mbits/sec  74130  
[  5]  10.00-11.00  sec  83.1 MBytes   697 Mbits/sec  74000  
[  5]  11.00-12.00  sec  82.8 MBytes   694 Mbits/sec  73700  
[  5]  12.00-13.00  sec  66.5 MBytes   558 Mbits/sec  59230  
[  5]  13.00-14.00  sec  69.0 MBytes   579 Mbits/sec  61380  
[  5]  14.00-15.00  sec  60.1 MBytes   504 Mbits/sec  53510  
[  5]  15.00-16.00  sec  61.5 MBytes   516 Mbits/sec  54720  
[  5]  16.00-17.00  sec  70.7 MBytes   593 Mbits/sec  62940  
[  5]  17.00-18.00  sec  69.3 MBytes   581 Mbits/sec  61680  
[  5]  18.00-19.00  sec  65.8 MBytes   552 Mbits/sec  58540  
[  5]  19.00-20.00  sec  61.5 MBytes   516 Mbits/sec  54770  
[  5]  20.00-21.00  sec  77.9 MBytes   654 Mbits/sec  69380  
[  5]  21.00-22.00  sec  79.4 MBytes   666 Mbits/sec  70670  
[  5]  22.00-23.00  sec  79.5 MBytes   667 Mbits/sec  70780  
[  5]  23.00-24.00  sec  81.5 MBytes   684 Mbits/sec  72540  
[  5]  24.00-25.00  sec  81.3 MBytes   682 Mbits/sec  72360  
[  5]  25.00-26.00  sec  82.4 MBytes   691 Mbits/sec  73370  
[  5]  26.00-27.00  sec  84.9 MBytes   712 Mbits/sec  75600  
[  5]  27.00-28.00  sec  83.5 MBytes   700 Mbits/sec  74290  
[  5]  28.00-29.00  sec  82.2 MBytes   689 Mbits/sec  73150  
[  5]  29.00-30.00  sec  82.6 MBytes   693 Mbits/sec  73500  
[  5]  30.00-31.00  sec  82.6 MBytes   693 Mbits/sec  73490  
[  5]  31.00-32.00  sec  82.5 MBytes   692 Mbits/sec  73410  
[  5]  32.00-33.00  sec  81.5 MBytes   684 Mbits/sec  72540  
[  5]  33.00-34.00  sec  83.5 MBytes   700 Mbits/sec  74320  
[  5]  34.00-35.00  sec  80.9 MBytes   679 Mbits/sec  72040  
[  5]  35.00-36.00  sec  81.8 MBytes   686 Mbits/sec  72820  
[  5]  36.00-37.00  sec  82.1 MBytes   689 Mbits/sec  73080  
[  5]  37.00-38.00  sec  82.4 MBytes   691 Mbits/sec  73340  
[  5]  38.00-39.00  sec  80.7 MBytes   677 Mbits/sec  71800  
[  5]  39.00-40.00  sec  82.8 MBytes   695 Mbits/sec  73720  
[  5]  40.00-41.00  sec  81.9 MBytes   687 Mbits/sec  72940  
[  5]  41.00-42.00  sec  82.6 MBytes   693 Mbits/sec  73510  
[  5]  42.00-43.00  sec  82.8 MBytes   695 Mbits/sec  73710  
[  5]  43.00-44.00  sec  82.7 MBytes   694 Mbits/sec  73610  
[  5]  44.00-45.00  sec  82.7 MBytes   693 Mbits/sec  73580  
[  5]  45.00-46.00  sec  82.0 MBytes   688 Mbits/sec  72990  
[  5]  46.00-47.00  sec  82.2 MBytes   690 Mbits/sec  73210  
[  5]  47.00-48.00  sec  81.6 MBytes   684 Mbits/sec  72630  
[  5]  48.00-49.00  sec  70.3 MBytes   590 Mbits/sec  62570  
[  5]  49.00-50.00  sec  58.6 MBytes   491 Mbits/sec  52130  
[  5]  50.00-51.00  sec  63.6 MBytes   533 Mbits/sec  56610  
[  5]  51.00-52.00  sec  78.3 MBytes   657 Mbits/sec  69740  
[  5]  52.00-53.00  sec  79.6 MBytes   668 Mbits/sec  70840  
[  5]  53.00-54.00  sec  82.4 MBytes   691 Mbits/sec  73340  
[  5]  54.00-55.00  sec  81.2 MBytes   682 Mbits/sec  72320  
[  5]  55.00-56.00  sec  83.4 MBytes   700 Mbits/sec  74280  
[  5]  56.00-57.00  sec  82.8 MBytes   695 Mbits/sec  73730  
[  5]  57.00-58.00  sec  82.6 MBytes   693 Mbits/sec  73520  
[  5]  58.00-59.00  sec  82.4 MBytes   691 Mbits/sec  73340  
[  5]  59.00-60.00  sec  81.9 MBytes   688 Mbits/sec  72940  
- - - - - - - - - - - - - - - - - - - - - - - - -
[ ID] Interval           Transfer     Bitrate         Jitter    Lost/Total Datagrams
[  5]   0.00-60.00  sec  4.62 GBytes   661 Mbits/sec  0.000 ms  0/4210000 (0%)  sender
[  5]   0.00-60.08  sec  2.38 GBytes   341 Mbits/sec  0.009 ms  2078087/4210000 (49%)  receiver

iperf Done.
