Connecting to host 10.136.80.175, port 5201
[  5] local 10.136.173.106 port 37104 connected to 10.136.80.175 port 5201
[ ID] Interval           Transfer     Bitrate         Total Datagrams
[  5]   0.00-1.00   sec  62.3 MBytes   523 Mbits/sec  55450  (omitted)
[  5]   0.00-1.00   sec  54.8 MBytes   459 Mbits/sec  48740  
[  5]   1.00-2.00   sec  71.5 MBytes   600 Mbits/sec  63680  
[  5]   2.00-3.00   sec  76.1 MBytes   638 Mbits/sec  67700  
[  5]   3.00-4.00   sec  76.7 MBytes   644 Mbits/sec  68300  
[  5]   4.00-5.00   sec  77.9 MBytes   653 Mbits/sec  69300  
[  5]   5.00-6.00   sec  75.3 MBytes   632 Mbits/sec  67020  
[  5]   6.00-7.00   sec  75.5 MBytes   633 Mbits/sec  67210  
[  5]   7.00-8.00   sec  74.8 MBytes   628 Mbits/sec  66590  
[  5]   8.00-9.00   sec  68.9 MBytes   578 Mbits/sec  61350  
[  5]   9.00-10.00  sec  57.6 MBytes   483 Mbits/sec  51290  
[  5]  10.00-11.00  sec  76.2 MBytes   639 Mbits/sec  67790  
[  5]  11.00-12.00  sec  74.9 MBytes   628 Mbits/sec  66660  
[  5]  12.00-13.00  sec  76.1 MBytes   638 Mbits/sec  67720  
[  5]  13.00-14.00  sec  76.2 MBytes   639 Mbits/sec  67790  
[  5]  14.00-15.00  sec  76.4 MBytes   641 Mbits/sec  68020  
[  5]  15.00-16.00  sec  71.5 MBytes   600 Mbits/sec  63660  
[  5]  16.00-17.00  sec  74.5 MBytes   625 Mbits/sec  66340  
[  5]  17.00-18.00  sec  69.7 MBytes   585 Mbits/sec  62060  
[  5]  18.00-19.00  sec  74.0 MBytes   621 Mbits/sec  65840  
[  5]  19.00-20.00  sec  76.4 MBytes   641 Mbits/sec  67970  
[  5]  20.00-21.00  sec  62.1 MBytes   521 Mbits/sec  55300  
[  5]  21.00-22.00  sec  63.6 MBytes   534 Mbits/sec  56640  
[  5]  22.00-23.00  sec  76.0 MBytes   637 Mbits/sec  67610  
[  5]  23.00-24.00  sec  77.5 MBytes   650 Mbits/sec  68960  
[  5]  24.00-25.00  sec  60.8 MBytes   510 Mbits/sec  54080  
[  5]  25.00-26.00  sec  57.9 MBytes   486 Mbits/sec  51530  
[  5]  26.00-27.00  sec  74.6 MBytes   625 Mbits/sec  66360  
[  5]  27.00-28.00  sec  67.2 MBytes   564 Mbits/sec  59840  
[  5]  28.00-29.00  sec  64.5 MBytes   541 Mbits/sec  57380  
[  5]  29.00-30.00  sec  76.0 MBytes   637 Mbits/sec  67610  
[  5]  30.00-31.00  sec  75.9 MBytes   637 Mbits/sec  67560  
[  5]  31.00-32.00  sec  76.4 MBytes   641 Mbits/sec  68040  
[  5]  32.00-33.00  sec  76.9 MBytes   645 Mbits/sec  68490  
[  5]  33.00-34.00  sec  76.7 MBytes   644 Mbits/sec  68310  
[  5]  34.00-35.00  sec  77.3 MBytes   649 Mbits/sec  68820  
[  5]  35.00-36.00  sec  74.2 MBytes   623 Mbits/sec  66090  
[  5]  36.00-37.00  sec  75.7 MBytes   635 Mbits/sec  67410  
[  5]  37.00-38.00  sec  75.1 MBytes   630 Mbits/sec  66810  
[  5]  38.00-39.00  sec  77.3 MBytes   649 Mbits/sec  68850  
[  5]  39.00-40.00  sec  75.4 MBytes   632 Mbits/sec  67090  
[  5]  40.00-41.00  sec  68.3 MBytes   573 Mbits/sec  60790  
[  5]  41.00-42.00  sec  61.7 MBytes   518 Mbits/sec  54960  
[  5]  42.00-43.00  sec  76.9 MBytes   645 Mbits/sec  68450  
[  5]  43.00-44.00  sec  76.7 MBytes   644 Mbits/sec  68300  
[  5]  44.00-45.00  sec  77.2 MBytes   648 Mbits/sec  68720  
[  5]  45.00-46.00  sec  76.3 MBytes   640 Mbits/sec  67920  
[  5]  46.00-47.00  sec  77.2 MBytes   647 Mbits/sec  68680  
[  5]  47.00-48.00  sec  77.4 MBytes   649 Mbits/sec  68870  
[  5]  48.00-49.00  sec  74.3 MBytes   623 Mbits/sec  66110  
[  5]  49.00-50.00  sec  76.3 MBytes   640 Mbits/sec  67950  
[  5]  50.00-51.00  sec  76.3 MBytes   640 Mbits/sec  67900  
[  5]  51.00-52.00  sec  75.6 MBytes   634 Mbits/sec  67320  
[  5]  52.00-53.00  sec  77.5 MBytes   650 Mbits/sec  68950  
[  5]  53.00-54.00  sec  76.8 MBytes   644 Mbits/sec  68350  
[  5]  54.00-55.00  sec  77.1 MBytes   647 Mbits/sec  68670  
[  5]  55.00-56.00  sec  71.0 MBytes   596 Mbits/sec  63240  
[  5]  56.00-57.00  sec  63.6 MBytes   534 Mbits/sec  56650  
[  5]  57.00-58.00  sec  71.6 MBytes   600 Mbits/sec  63710  
[  5]  58.00-59.00  sec  77.7 MBytes   652 Mbits/sec  69150  
[  5]  59.00-60.00  sec  76.4 MBytes   641 Mbits/sec  67980  
- - - - - - - - - - - - - - - - - - - - - - - - -
[ ID] Interval           Transfer     Bitrate         Jitter    Lost/Total Datagrams
[  5]   0.00-60.00  sec  4.28 GBytes   613 Mbits/sec  0.000 ms  0/3900480 (0%)  sender
[  5]   0.00-60.09  sec  1.76 GBytes   251 Mbits/sec  0.008 ms  2326058/3900480 (60%)  receiver

iperf Done.
