Connecting to host 10.136.80.154, port 5201
[  5] local 10.136.173.91 port 39448 connected to 10.136.80.154 port 5201
[ ID] Interval           Transfer     Bitrate         Retr  Cwnd
[  5]   0.00-1.00   sec  76.7 MBytes   644 Mbits/sec   16    216 KBytes       (omitted)
[  5]   0.00-1.00   sec  86.6 MBytes   727 Mbits/sec   68    299 KBytes       
[  5]   1.00-2.00   sec  89.5 MBytes   751 Mbits/sec    0    450 KBytes       
[  5]   2.00-3.00   sec  88.1 MBytes   739 Mbits/sec   20    322 KBytes       
[  5]   3.00-4.00   sec  87.9 MBytes   737 Mbits/sec   19    305 KBytes       
[  5]   4.00-5.00   sec  86.2 MBytes   723 Mbits/sec    8    378 KBytes       
[  5]   5.00-6.00   sec  87.7 MBytes   736 Mbits/sec   25    291 KBytes       
[  5]   6.00-7.00   sec  86.4 MBytes   725 Mbits/sec   60    208 KBytes       
[  5]   7.00-8.00   sec  84.1 MBytes   706 Mbits/sec    9    312 KBytes       
[  5]   8.00-9.00   sec  88.7 MBytes   744 Mbits/sec   20    303 KBytes       
[  5]   9.00-10.00  sec  83.9 MBytes   704 Mbits/sec    8    297 KBytes       
[  5]  10.00-11.00  sec  84.0 MBytes   705 Mbits/sec   28    269 KBytes       
[  5]  11.00-12.00  sec  69.1 MBytes   580 Mbits/sec   31    269 KBytes       
[  5]  12.00-13.00  sec  83.2 MBytes   698 Mbits/sec   47    250 KBytes       
[  5]  13.00-14.00  sec  89.0 MBytes   746 Mbits/sec    7    278 KBytes       
[  5]  14.00-15.00  sec  87.7 MBytes   735 Mbits/sec    9    362 KBytes       
[  5]  15.00-16.00  sec  81.5 MBytes   683 Mbits/sec   28    194 KBytes       
[  5]  16.00-17.00  sec  83.7 MBytes   703 Mbits/sec   31    144 KBytes       
[  5]  17.00-18.00  sec  85.9 MBytes   720 Mbits/sec    9    278 KBytes       
[  5]  18.00-19.00  sec  89.5 MBytes   751 Mbits/sec    8    313 KBytes       
[  5]  19.00-20.00  sec  84.8 MBytes   711 Mbits/sec   11    278 KBytes       
[  5]  20.00-21.00  sec  84.3 MBytes   708 Mbits/sec   42    292 KBytes       
[  5]  21.00-22.00  sec  81.8 MBytes   686 Mbits/sec   26    208 KBytes       
[  5]  22.00-23.00  sec  83.2 MBytes   698 Mbits/sec   29    235 KBytes       
[  5]  23.00-24.00  sec  83.0 MBytes   696 Mbits/sec    0    395 KBytes       
[  5]  24.00-25.00  sec  83.5 MBytes   701 Mbits/sec   73    236 KBytes       
[  5]  25.00-26.00  sec  86.4 MBytes   725 Mbits/sec    6    362 KBytes       
[  5]  26.00-27.00  sec  83.7 MBytes   702 Mbits/sec   26    220 KBytes       
[  5]  27.00-28.00  sec  87.4 MBytes   733 Mbits/sec    7    312 KBytes       
[  5]  28.00-29.00  sec  87.4 MBytes   734 Mbits/sec    7    384 KBytes       
[  5]  29.00-30.00  sec  83.6 MBytes   701 Mbits/sec   20    262 KBytes       
[  5]  30.00-31.00  sec  84.3 MBytes   707 Mbits/sec   13    267 KBytes       
[  5]  31.00-32.00  sec  83.0 MBytes   695 Mbits/sec   14    270 KBytes       
[  5]  32.00-33.00  sec  85.8 MBytes   720 Mbits/sec   58    211 KBytes       
[  5]  33.00-34.00  sec  76.2 MBytes   640 Mbits/sec   20   6.90 KBytes       
[  5]  34.00-35.00  sec  69.4 MBytes   582 Mbits/sec   31    265 KBytes       
[  5]  35.00-36.00  sec  90.0 MBytes   755 Mbits/sec    6    367 KBytes       
[  5]  36.00-37.00  sec  85.8 MBytes   719 Mbits/sec   28    270 KBytes       
[  5]  37.00-38.00  sec  86.6 MBytes   727 Mbits/sec   46    305 KBytes       
[  5]  38.00-39.00  sec  84.3 MBytes   707 Mbits/sec   26    327 KBytes       
[  5]  39.00-40.00  sec  84.2 MBytes   706 Mbits/sec   22    245 KBytes       
[  5]  40.00-41.00  sec  85.0 MBytes   713 Mbits/sec   19    261 KBytes       
[  5]  41.00-42.00  sec  87.9 MBytes   737 Mbits/sec   20    224 KBytes       
[  5]  42.00-43.00  sec  84.7 MBytes   711 Mbits/sec   16    306 KBytes       
[  5]  43.00-44.01  sec  81.8 MBytes   678 Mbits/sec   22    202 KBytes       
[  5]  44.01-45.00  sec  82.6 MBytes   701 Mbits/sec   13    281 KBytes       
[  5]  45.00-46.00  sec  84.2 MBytes   706 Mbits/sec   17    271 KBytes       
[  5]  46.00-47.00  sec  86.3 MBytes   724 Mbits/sec    6    305 KBytes       
[  5]  47.00-48.00  sec  86.0 MBytes   722 Mbits/sec    8    387 KBytes       
[  5]  48.00-49.00  sec  87.8 MBytes   736 Mbits/sec    7    407 KBytes       
[  5]  49.00-50.00  sec  85.5 MBytes   717 Mbits/sec   22    270 KBytes       
[  5]  50.00-51.00  sec  82.1 MBytes   688 Mbits/sec   25    244 KBytes       
[  5]  51.00-52.00  sec  87.7 MBytes   736 Mbits/sec    6    354 KBytes       
[  5]  52.00-53.00  sec  85.4 MBytes   716 Mbits/sec   22    199 KBytes       
[  5]  53.00-54.00  sec  83.1 MBytes   697 Mbits/sec   24    275 KBytes       
[  5]  54.00-55.00  sec  81.6 MBytes   684 Mbits/sec   18    269 KBytes       
[  5]  55.00-56.00  sec  87.4 MBytes   733 Mbits/sec    6    338 KBytes       
[  5]  56.00-57.00  sec  81.9 MBytes   687 Mbits/sec   28    198 KBytes       
[  5]  57.00-58.00  sec  85.2 MBytes   715 Mbits/sec    7    328 KBytes       
[  5]  58.00-59.00  sec  88.4 MBytes   741 Mbits/sec   20    236 KBytes       
[  5]  59.00-60.00  sec  84.2 MBytes   705 Mbits/sec   12    246 KBytes       
- - - - - - - - - - - - - - - - - - - - - - - - -
[ ID] Interval           Transfer     Bitrate         Retr
[  5]   0.00-60.00  sec  4.96 GBytes   710 Mbits/sec  1264             sender
[  5]   0.00-60.04  sec  4.96 GBytes   710 Mbits/sec                  receiver

iperf Done.
