Connecting to host 10.136.80.160, port 5201
[  5] local 10.136.173.84 port 39937 connected to 10.136.80.160 port 5201
[ ID] Interval           Transfer     Bitrate         Total Datagrams
[  5]   0.00-1.00   sec  97.4 MBytes   817 Mbits/sec  73030  (omitted)
[  5]   0.00-1.00   sec  92.2 MBytes   773 Mbits/sec  69140  
[  5]   1.00-2.00   sec  94.0 MBytes   788 Mbits/sec  70470  
[  5]   2.00-3.00   sec  93.6 MBytes   785 Mbits/sec  70190  
[  5]   3.00-4.00   sec  95.4 MBytes   800 Mbits/sec  71530  
[  5]   4.00-5.00   sec  94.1 MBytes   789 Mbits/sec  70560  
[  5]   5.00-6.00   sec  93.8 MBytes   787 Mbits/sec  70340  
[  5]   6.00-7.00   sec  93.7 MBytes   786 Mbits/sec  70280  
[  5]   7.00-8.00   sec  92.8 MBytes   779 Mbits/sec  69610  
[  5]   8.00-9.00   sec  88.5 MBytes   743 Mbits/sec  66410  
[  5]   9.00-10.00  sec  93.7 MBytes   786 Mbits/sec  70310  
[  5]  10.00-11.00  sec  92.8 MBytes   779 Mbits/sec  69630  
[  5]  11.00-12.00  sec  93.6 MBytes   785 Mbits/sec  70180  
[  5]  12.00-13.00  sec  93.5 MBytes   784 Mbits/sec  70140  
[  5]  13.00-14.00  sec  94.1 MBytes   790 Mbits/sec  70610  
[  5]  14.00-15.00  sec  94.3 MBytes   791 Mbits/sec  70740  
[  5]  15.00-16.00  sec  92.8 MBytes   778 Mbits/sec  69580  
[  5]  16.00-17.00  sec  93.3 MBytes   783 Mbits/sec  70010  
[  5]  17.00-18.00  sec  91.3 MBytes   766 Mbits/sec  68460  
[  5]  18.00-19.00  sec  85.5 MBytes   717 Mbits/sec  64140  
[  5]  19.00-20.00  sec  79.1 MBytes   664 Mbits/sec  59360  
[  5]  20.00-21.00  sec  78.6 MBytes   660 Mbits/sec  58970  
[  5]  21.00-22.00  sec  78.7 MBytes   660 Mbits/sec  59000  
[  5]  22.00-23.00  sec  79.4 MBytes   667 Mbits/sec  59590  
[  5]  23.00-24.00  sec  80.1 MBytes   672 Mbits/sec  60090  
[  5]  24.00-25.00  sec  77.0 MBytes   646 Mbits/sec  57750  
[  5]  25.00-26.00  sec  79.3 MBytes   665 Mbits/sec  59460  
[  5]  26.00-27.00  sec  90.6 MBytes   760 Mbits/sec  67930  
[  5]  27.00-28.00  sec  93.8 MBytes   787 Mbits/sec  70380  
[  5]  28.00-29.00  sec  94.4 MBytes   792 Mbits/sec  70780  
[  5]  29.00-30.00  sec  94.1 MBytes   790 Mbits/sec  70610  
[  5]  30.00-31.00  sec  93.8 MBytes   787 Mbits/sec  70320  
[  5]  31.00-32.00  sec  93.1 MBytes   781 Mbits/sec  69860  
[  5]  32.00-33.00  sec  94.2 MBytes   790 Mbits/sec  70640  
[  5]  33.00-34.00  sec  94.3 MBytes   791 Mbits/sec  70710  
[  5]  34.00-35.00  sec  94.0 MBytes   788 Mbits/sec  70470  
[  5]  35.00-36.00  sec  93.9 MBytes   787 Mbits/sec  70400  
[  5]  36.00-37.00  sec  94.0 MBytes   788 Mbits/sec  70480  
[  5]  37.00-38.00  sec  93.4 MBytes   784 Mbits/sec  70090  
[  5]  38.00-39.00  sec  94.3 MBytes   791 Mbits/sec  70740  
[  5]  39.00-40.00  sec  94.0 MBytes   789 Mbits/sec  70530  
[  5]  40.00-41.00  sec  93.9 MBytes   788 Mbits/sec  70440  
[  5]  41.00-42.00  sec  93.8 MBytes   787 Mbits/sec  70350  
[  5]  42.00-43.00  sec  93.6 MBytes   785 Mbits/sec  70170  
[  5]  43.00-44.00  sec  94.2 MBytes   790 Mbits/sec  70650  
[  5]  44.00-45.00  sec  94.2 MBytes   790 Mbits/sec  70660  
[  5]  45.00-46.00  sec  93.7 MBytes   786 Mbits/sec  70290  
[  5]  46.00-47.00  sec  94.1 MBytes   789 Mbits/sec  70560  
[  5]  47.00-48.00  sec  94.7 MBytes   794 Mbits/sec  71010  
[  5]  48.00-49.00  sec  94.2 MBytes   790 Mbits/sec  70670  
[  5]  49.00-50.00  sec  95.0 MBytes   797 Mbits/sec  71270  
[  5]  50.00-51.00  sec  93.9 MBytes   788 Mbits/sec  70430  
[  5]  51.00-52.00  sec  94.1 MBytes   790 Mbits/sec  70610  
[  5]  52.00-53.00  sec  95.3 MBytes   800 Mbits/sec  71490  
[  5]  53.00-54.00  sec  90.9 MBytes   763 Mbits/sec  68190  
[  5]  54.00-55.00  sec  79.3 MBytes   665 Mbits/sec  59460  
[  5]  55.00-56.00  sec  80.3 MBytes   674 Mbits/sec  60230  
[  5]  56.00-57.00  sec  79.5 MBytes   667 Mbits/sec  59600  
[  5]  57.00-58.00  sec  92.7 MBytes   778 Mbits/sec  69540  
[  5]  58.00-59.00  sec  93.4 MBytes   783 Mbits/sec  70040  
[  5]  59.00-60.00  sec  93.3 MBytes   783 Mbits/sec  69980  
- - - - - - - - - - - - - - - - - - - - - - - - -
[ ID] Interval           Transfer     Bitrate         Jitter    Lost/Total Datagrams
[  5]   0.00-60.00  sec  5.33 GBytes   764 Mbits/sec  0.000 ms  0/4096130 (0%)  sender
[  5]   0.00-60.04  sec  5.34 GBytes   763 Mbits/sec  0.010 ms  1096/4096130 (0.027%)  receiver

iperf Done.
