Connecting to host 10.136.80.171, port 5201
[  5] local 10.136.173.85 port 43977 connected to 10.136.80.171 port 5201
[ ID] Interval           Transfer     Bitrate         Total Datagrams
[  5]   0.00-1.00   sec  94.3 MBytes   791 Mbits/sec  70740  (omitted)
[  5]   0.00-1.00   sec  97.2 MBytes   815 Mbits/sec  72870  
[  5]   1.00-2.00   sec  97.0 MBytes   813 Mbits/sec  72720  
[  5]   2.00-3.00   sec  95.2 MBytes   799 Mbits/sec  71400  
[  5]   3.00-4.00   sec  97.7 MBytes   820 Mbits/sec  73290  
[  5]   4.00-5.00   sec  97.1 MBytes   814 Mbits/sec  72800  
[  5]   5.00-6.00   sec  98.0 MBytes   822 Mbits/sec  73530  
[  5]   6.00-7.00   sec  97.9 MBytes   821 Mbits/sec  73440  
[  5]   7.00-8.00   sec  97.4 MBytes   817 Mbits/sec  73020  
[  5]   8.00-9.00   sec  97.0 MBytes   814 Mbits/sec  72770  
[  5]   9.00-10.00  sec  98.3 MBytes   824 Mbits/sec  73700  
[  5]  10.00-11.00  sec  95.9 MBytes   805 Mbits/sec  71930  
[  5]  11.00-12.00  sec  96.4 MBytes   809 Mbits/sec  72310  
[  5]  12.00-13.00  sec  97.2 MBytes   815 Mbits/sec  72880  
[  5]  13.00-14.00  sec  96.5 MBytes   809 Mbits/sec  72380  
[  5]  14.00-15.00  sec  96.4 MBytes   809 Mbits/sec  72300  
[  5]  15.00-16.00  sec  97.0 MBytes   814 Mbits/sec  72760  
[  5]  16.00-17.00  sec  95.4 MBytes   800 Mbits/sec  71570  
[  5]  17.00-18.00  sec  96.6 MBytes   811 Mbits/sec  72470  
[  5]  18.00-19.00  sec  96.8 MBytes   812 Mbits/sec  72610  
[  5]  19.00-20.00  sec  96.7 MBytes   811 Mbits/sec  72510  
[  5]  20.00-21.00  sec  96.4 MBytes   808 Mbits/sec  72290  
[  5]  21.00-22.00  sec  96.6 MBytes   810 Mbits/sec  72450  
[  5]  22.00-23.00  sec  96.3 MBytes   808 Mbits/sec  72220  
[  5]  23.00-24.00  sec  95.8 MBytes   804 Mbits/sec  71880  
[  5]  24.00-25.00  sec  95.7 MBytes   803 Mbits/sec  71760  
[  5]  25.00-26.00  sec  96.3 MBytes   808 Mbits/sec  72240  
[  5]  26.00-27.00  sec  97.0 MBytes   814 Mbits/sec  72760  
[  5]  27.00-28.00  sec  96.1 MBytes   806 Mbits/sec  72100  
[  5]  28.00-29.00  sec  95.4 MBytes   800 Mbits/sec  71520  
[  5]  29.00-30.00  sec  96.6 MBytes   811 Mbits/sec  72480  
[  5]  30.00-31.00  sec  96.4 MBytes   808 Mbits/sec  72290  
[  5]  31.00-32.00  sec  96.6 MBytes   811 Mbits/sec  72470  
[  5]  32.00-33.00  sec  96.3 MBytes   808 Mbits/sec  72250  
[  5]  33.00-34.00  sec  97.4 MBytes   817 Mbits/sec  73020  
[  5]  34.00-35.00  sec  95.6 MBytes   802 Mbits/sec  71740  
[  5]  35.00-36.00  sec  97.3 MBytes   816 Mbits/sec  73010  
[  5]  36.00-37.00  sec  97.6 MBytes   818 Mbits/sec  73180  
[  5]  37.00-38.00  sec  98.7 MBytes   828 Mbits/sec  74030  
[  5]  38.00-39.00  sec  98.4 MBytes   825 Mbits/sec  73790  
[  5]  39.00-40.00  sec  97.7 MBytes   820 Mbits/sec  73290  
[  5]  40.00-41.00  sec  98.1 MBytes   823 Mbits/sec  73600  
[  5]  41.00-42.00  sec  98.0 MBytes   822 Mbits/sec  73500  
[  5]  42.00-43.00  sec  97.3 MBytes   817 Mbits/sec  73010  
[  5]  43.00-44.00  sec  98.6 MBytes   827 Mbits/sec  73950  
[  5]  44.00-45.00  sec  97.8 MBytes   820 Mbits/sec  73330  
[  5]  45.00-46.00  sec  97.7 MBytes   819 Mbits/sec  73250  
[  5]  46.00-47.00  sec  95.7 MBytes   803 Mbits/sec  71770  
[  5]  47.00-48.00  sec  97.6 MBytes   818 Mbits/sec  73180  
[  5]  48.00-49.00  sec  98.1 MBytes   823 Mbits/sec  73560  
[  5]  49.00-50.00  sec  97.2 MBytes   815 Mbits/sec  72910  
[  5]  50.00-51.00  sec  98.1 MBytes   823 Mbits/sec  73560  
[  5]  51.00-52.00  sec  98.0 MBytes   822 Mbits/sec  73520  
[  5]  52.00-53.00  sec  97.6 MBytes   819 Mbits/sec  73200  
[  5]  53.00-54.00  sec  99.3 MBytes   833 Mbits/sec  74490  
[  5]  54.00-55.00  sec  98.5 MBytes   827 Mbits/sec  73900  
[  5]  55.00-56.00  sec  98.3 MBytes   825 Mbits/sec  73740  
[  5]  56.00-57.00  sec  96.9 MBytes   813 Mbits/sec  72680  
[  5]  57.00-58.00  sec  96.8 MBytes   812 Mbits/sec  72580  
[  5]  58.00-59.00  sec  96.4 MBytes   809 Mbits/sec  72290  
[  5]  59.00-60.00  sec  97.3 MBytes   816 Mbits/sec  72980  
- - - - - - - - - - - - - - - - - - - - - - - - -
[ ID] Interval           Transfer     Bitrate         Jitter    Lost/Total Datagrams
[  5]   0.00-60.00  sec  5.69 GBytes   814 Mbits/sec  0.000 ms  0/4369030 (0%)  sender
[  5]   0.00-61.33  sec   230 MBytes  31.5 Mbits/sec  0.020 ms  4260045/4364097 (98%)  receiver

iperf Done.
