Connecting to host 10.136.80.149, port 5201
[  5] local 10.136.173.71 port 46508 connected to 10.136.80.149 port 5201
[ ID] Interval           Transfer     Bitrate         Total Datagrams
[  5]   0.00-1.00   sec  95.5 MBytes   801 Mbits/sec  71630  (omitted)
[  5]   0.00-1.00   sec  93.8 MBytes   787 Mbits/sec  70360  
[  5]   1.00-2.00   sec  92.4 MBytes   775 Mbits/sec  69290  
[  5]   2.00-3.00   sec  93.6 MBytes   786 Mbits/sec  70240  
[  5]   3.00-4.00   sec  93.8 MBytes   787 Mbits/sec  70380  
[  5]   4.00-5.00   sec  93.5 MBytes   785 Mbits/sec  70150  
[  5]   5.00-6.00   sec  94.0 MBytes   788 Mbits/sec  70480  
[  5]   6.00-7.00   sec  93.7 MBytes   786 Mbits/sec  70300  
[  5]   7.00-8.00   sec  93.5 MBytes   784 Mbits/sec  70140  
[  5]   8.00-9.00   sec  93.7 MBytes   786 Mbits/sec  70270  
[  5]   9.00-10.00  sec  93.7 MBytes   786 Mbits/sec  70250  
[  5]  10.00-11.00  sec  93.9 MBytes   787 Mbits/sec  70400  
[  5]  11.00-12.00  sec  93.2 MBytes   782 Mbits/sec  69890  
[  5]  12.00-13.00  sec  93.5 MBytes   784 Mbits/sec  70110  
[  5]  13.00-14.00  sec  93.8 MBytes   787 Mbits/sec  70380  
[  5]  14.00-15.00  sec  94.4 MBytes   792 Mbits/sec  70790  
[  5]  15.00-16.00  sec  94.1 MBytes   790 Mbits/sec  70600  
[  5]  16.00-17.00  sec  92.3 MBytes   774 Mbits/sec  69240  
[  5]  17.00-18.00  sec  95.7 MBytes   803 Mbits/sec  71760  
[  5]  18.00-19.00  sec  95.7 MBytes   803 Mbits/sec  71790  
[  5]  19.00-20.00  sec  94.0 MBytes   788 Mbits/sec  70500  
[  5]  20.00-21.00  sec  93.4 MBytes   783 Mbits/sec  70030  
[  5]  21.00-22.00  sec  95.4 MBytes   800 Mbits/sec  71540  
[  5]  22.00-23.00  sec  93.6 MBytes   785 Mbits/sec  70210  
[  5]  23.00-24.00  sec  93.8 MBytes   787 Mbits/sec  70350  
[  5]  24.00-25.00  sec  93.8 MBytes   787 Mbits/sec  70360  
[  5]  25.00-26.00  sec  92.3 MBytes   774 Mbits/sec  69200  
[  5]  26.00-27.00  sec  95.6 MBytes   802 Mbits/sec  71730  
[  5]  27.00-28.00  sec  93.6 MBytes   785 Mbits/sec  70180  
[  5]  28.00-29.00  sec  93.7 MBytes   786 Mbits/sec  70300  
[  5]  29.00-30.00  sec  94.2 MBytes   790 Mbits/sec  70650  
[  5]  30.00-31.00  sec  93.5 MBytes   784 Mbits/sec  70130  
[  5]  31.00-32.00  sec  92.2 MBytes   774 Mbits/sec  69190  
[  5]  32.00-33.00  sec  92.2 MBytes   774 Mbits/sec  69190  
[  5]  33.00-34.00  sec  93.4 MBytes   784 Mbits/sec  70070  
[  5]  34.00-35.00  sec  92.9 MBytes   779 Mbits/sec  69670  
[  5]  35.00-36.00  sec  94.3 MBytes   791 Mbits/sec  70720  
[  5]  36.00-37.00  sec  94.3 MBytes   791 Mbits/sec  70750  
[  5]  37.00-38.00  sec  94.1 MBytes   789 Mbits/sec  70580  
[  5]  38.00-39.00  sec  86.7 MBytes   727 Mbits/sec  65000  
[  5]  39.00-40.00  sec  97.3 MBytes   816 Mbits/sec  72960  
[  5]  40.00-41.00  sec  93.9 MBytes   787 Mbits/sec  70400  
[  5]  41.00-42.00  sec  93.3 MBytes   783 Mbits/sec  70010  
[  5]  42.00-43.00  sec  94.0 MBytes   788 Mbits/sec  70470  
[  5]  43.00-44.00  sec  93.6 MBytes   785 Mbits/sec  70200  
[  5]  44.00-45.00  sec  93.0 MBytes   780 Mbits/sec  69760  
[  5]  45.00-46.00  sec  95.2 MBytes   799 Mbits/sec  71440  
[  5]  46.00-47.00  sec  93.7 MBytes   786 Mbits/sec  70270  
[  5]  47.00-48.00  sec  93.8 MBytes   787 Mbits/sec  70370  
[  5]  48.00-49.00  sec  93.8 MBytes   787 Mbits/sec  70330  
[  5]  49.00-50.00  sec  93.6 MBytes   785 Mbits/sec  70220  
[  5]  50.00-51.00  sec  93.4 MBytes   784 Mbits/sec  70050  
[  5]  51.00-52.00  sec  86.2 MBytes   723 Mbits/sec  64620  
[  5]  52.00-53.00  sec  83.3 MBytes   699 Mbits/sec  62470  
[  5]  53.00-54.00  sec  93.4 MBytes   784 Mbits/sec  70080  
[  5]  54.00-55.00  sec  93.6 MBytes   786 Mbits/sec  70240  
[  5]  55.00-56.00  sec  93.7 MBytes   786 Mbits/sec  70300  
[  5]  56.00-57.00  sec  93.6 MBytes   785 Mbits/sec  70180  
[  5]  57.00-58.00  sec  94.0 MBytes   788 Mbits/sec  70470  
[  5]  58.00-59.00  sec  93.1 MBytes   781 Mbits/sec  69810  
[  5]  59.00-60.00  sec  93.3 MBytes   783 Mbits/sec  70000  
- - - - - - - - - - - - - - - - - - - - - - - - -
[ ID] Interval           Transfer     Bitrate         Jitter    Lost/Total Datagrams
[  5]   0.00-60.00  sec  5.47 GBytes   783 Mbits/sec  0.000 ms  0/4201820 (0%)  sender
[  5]   0.00-60.04  sec  5.47 GBytes   783 Mbits/sec  0.010 ms  823/4201819 (0.02%)  receiver

iperf Done.
