Connecting to host 10.136.80.187, port 5201
[  5] local 10.136.173.98 port 55666 connected to 10.136.80.187 port 5201
[ ID] Interval           Transfer     Bitrate         Retr  Cwnd
[  5]   0.00-1.05   sec  42.6 KBytes  0.33 Mbits/sec    1   11.5 KBytes       (omitted)
[  5]   0.00-1.00   sec  94.3 KBytes  0.77 Mbits/sec    0   38.0 KBytes       
[  5]   1.00-2.00   sec   355 KBytes  2.91 Mbits/sec    0    153 KBytes       
[  5]   2.00-3.00   sec  1.05 MBytes  8.81 Mbits/sec    0    285 KBytes       
[  5]   3.00-4.00   sec   443 KBytes  3.63 Mbits/sec    0    323 KBytes       
[  5]   4.00-5.00   sec  1.48 MBytes  12.4 Mbits/sec    0    370 KBytes       
[  5]   5.00-6.00   sec   569 KBytes  4.66 Mbits/sec    0    414 KBytes       
[  5]   6.00-7.00   sec  1.17 MBytes  9.85 Mbits/sec    0    472 KBytes       
[  5]   7.00-8.00   sec  1.98 MBytes  16.6 Mbits/sec    0    541 KBytes       
[  5]   8.00-9.00   sec  1.54 MBytes  13.0 Mbits/sec    0    613 KBytes       
[  5]   9.00-10.00  sec  1.67 MBytes  14.0 Mbits/sec    0    688 KBytes       
[  5]  10.00-11.00  sec  1.92 MBytes  16.1 Mbits/sec    0    764 KBytes       
[  5]  11.00-12.00  sec  1.05 MBytes  8.81 Mbits/sec    0    832 KBytes       
[  5]  12.00-13.00  sec  1.11 MBytes  9.33 Mbits/sec    0    902 KBytes       
[  5]  13.00-14.00  sec  2.41 MBytes  20.2 Mbits/sec    0    979 KBytes       
[  5]  14.00-15.00  sec  1.25 MBytes  10.5 Mbits/sec    0   1.11 MBytes       
[  5]  15.00-16.00  sec  1.25 MBytes  10.5 Mbits/sec    0   1.32 MBytes       
[  5]  16.00-17.00  sec  1.25 MBytes  10.5 Mbits/sec    0   1.56 MBytes       
[  5]  17.00-18.00  sec  2.50 MBytes  21.0 Mbits/sec    0   1.85 MBytes       
[  5]  18.00-19.00  sec  1.21 MBytes  10.2 Mbits/sec    0   2.14 MBytes       
[  5]  19.00-20.00  sec  2.34 MBytes  19.6 Mbits/sec    0   2.49 MBytes       
[  5]  20.00-21.00  sec  2.31 MBytes  19.4 Mbits/sec    0   2.88 MBytes       
[  5]  21.00-22.00  sec  3.75 MBytes  31.5 Mbits/sec    0   3.24 MBytes       
[  5]  22.00-23.00  sec  3.75 MBytes  31.5 Mbits/sec    0   3.24 MBytes       
[  5]  23.00-24.00  sec  2.50 MBytes  21.0 Mbits/sec   75   1.59 MBytes       
[  5]  24.00-25.00  sec  2.50 MBytes  21.0 Mbits/sec   47   2.19 MBytes       
[  5]  25.00-26.00  sec  1.25 MBytes  10.5 Mbits/sec  843    667 KBytes       
[  5]  26.00-27.00  sec  2.50 MBytes  21.0 Mbits/sec  284   1.12 MBytes       
[  5]  27.00-28.00  sec  2.50 MBytes  21.0 Mbits/sec  177    801 KBytes       
[  5]  28.00-29.00  sec  1.25 MBytes  10.5 Mbits/sec   75    577 KBytes       
[  5]  29.00-30.00  sec  2.50 MBytes  21.0 Mbits/sec   41    588 KBytes       
[  5]  30.00-31.00  sec  1.25 MBytes  10.5 Mbits/sec    0    621 KBytes       
[  5]  31.00-32.00  sec  1.25 MBytes  10.5 Mbits/sec    0    651 KBytes       
[  5]  32.00-33.00  sec  1.25 MBytes  10.5 Mbits/sec    0    668 KBytes       
[  5]  33.00-34.00  sec  2.50 MBytes  21.0 Mbits/sec    0    676 KBytes       
[  5]  34.00-35.00  sec  1.25 MBytes  10.5 Mbits/sec    0    680 KBytes       
[  5]  35.00-36.00  sec  2.50 MBytes  21.0 Mbits/sec    0    680 KBytes       
[  5]  36.00-37.00  sec  1.25 MBytes  10.5 Mbits/sec    0    681 KBytes       
[  5]  37.00-38.00  sec  2.50 MBytes  21.0 Mbits/sec    0    684 KBytes       
[  5]  38.00-39.00  sec  1.25 MBytes  10.5 Mbits/sec    0    694 KBytes       
[  5]  39.00-40.00  sec  2.50 MBytes  21.0 Mbits/sec    0    711 KBytes       
[  5]  40.00-41.00  sec  1.25 MBytes  10.5 Mbits/sec    0    743 KBytes       
[  5]  41.00-42.00  sec  2.50 MBytes  21.0 Mbits/sec    0    787 KBytes       
[  5]  42.00-43.00  sec  1.25 MBytes  10.5 Mbits/sec    0    839 KBytes       
[  5]  43.00-44.00  sec  2.50 MBytes  21.0 Mbits/sec    0    917 KBytes       
[  5]  44.00-45.00  sec  2.50 MBytes  21.0 Mbits/sec    0   1023 KBytes       
[  5]  45.00-46.00  sec  3.75 MBytes  31.5 Mbits/sec    0   1.13 MBytes       
[  5]  46.00-47.00  sec  2.50 MBytes  21.0 Mbits/sec    0   1.29 MBytes       
[  5]  47.00-48.00  sec  3.75 MBytes  31.5 Mbits/sec    0   1.45 MBytes       
[  5]  48.00-49.00  sec  2.50 MBytes  21.0 Mbits/sec    0   1.63 MBytes       
[  5]  49.00-50.00  sec  2.50 MBytes  21.0 Mbits/sec    0   1.86 MBytes       
[  5]  50.00-51.00  sec  3.75 MBytes  31.5 Mbits/sec    0   2.14 MBytes       
[  5]  51.00-52.00  sec  3.75 MBytes  31.5 Mbits/sec    0   2.46 MBytes       
[  5]  52.00-53.00  sec  3.75 MBytes  31.5 Mbits/sec    0   2.82 MBytes       
[  5]  53.00-54.00  sec  5.00 MBytes  41.9 Mbits/sec    0   3.20 MBytes       
[  5]  54.00-55.01  sec  3.75 MBytes  31.2 Mbits/sec    0   3.32 MBytes       
[  5]  55.01-56.00  sec  2.50 MBytes  21.1 Mbits/sec    0   3.32 MBytes       
[  5]  56.00-57.00  sec  3.75 MBytes  31.5 Mbits/sec    0   3.32 MBytes       
[  5]  57.00-58.00  sec  4.89 MBytes  41.0 Mbits/sec    0   3.32 MBytes       
[  5]  58.00-59.00  sec  3.75 MBytes  31.5 Mbits/sec    0   3.32 MBytes       
[  5]  59.00-59.95  sec  3.75 MBytes  33.2 Mbits/sec    0   3.32 MBytes       
- - - - - - - - - - - - - - - - - - - - - - - - -
[ ID] Interval           Transfer     Bitrate         Retr
[  5]   0.00-59.95  sec   133 MBytes  18.6 Mbits/sec  1542             sender
[  5]   0.00-61.01  sec   133 MBytes  18.2 Mbits/sec                  receiver

iperf Done.
