Connecting to host 10.136.80.187, port 5201
[  5] local 10.136.173.96 port 39714 connected to 10.136.80.187 port 5201
[ ID] Interval           Transfer     Bitrate         Total Datagrams
[  5]   0.00-1.00   sec  13.1 MBytes   110 Mbits/sec  11680  (omitted)
[  5]   0.00-1.00   sec  75.3 MBytes   632 Mbits/sec  67020  
[  5]   1.00-2.00   sec  75.6 MBytes   634 Mbits/sec  67300  
[  5]   2.00-3.00   sec  71.8 MBytes   602 Mbits/sec  63920  
[  5]   3.00-4.00   sec  73.9 MBytes   620 Mbits/sec  65810  
[  5]   4.00-5.00   sec  76.6 MBytes   642 Mbits/sec  68150  
[  5]   5.00-6.00   sec  77.1 MBytes   647 Mbits/sec  68670  
[  5]   6.00-7.00   sec  76.1 MBytes   638 Mbits/sec  67700  
[  5]   7.00-8.00   sec  77.2 MBytes   647 Mbits/sec  68700  
[  5]   8.00-9.00   sec  77.6 MBytes   651 Mbits/sec  69030  
[  5]   9.00-10.00  sec  77.3 MBytes   649 Mbits/sec  68830  
[  5]  10.00-11.00  sec  77.3 MBytes   649 Mbits/sec  68840  
[  5]  11.00-12.00  sec  77.0 MBytes   646 Mbits/sec  68570  
[  5]  12.00-13.00  sec  74.0 MBytes   621 Mbits/sec  65850  
[  5]  13.00-14.00  sec  74.8 MBytes   628 Mbits/sec  66590  
[  5]  14.00-15.00  sec  80.5 MBytes   675 Mbits/sec  71620  
[  5]  15.00-16.00  sec  77.9 MBytes   653 Mbits/sec  69310  
[  5]  16.00-17.00  sec  66.0 MBytes   553 Mbits/sec  58710  
[  5]  17.00-18.00  sec  76.1 MBytes   639 Mbits/sec  67780  
[  5]  18.00-19.00  sec  77.2 MBytes   648 Mbits/sec  68700  
[  5]  19.00-20.00  sec  74.1 MBytes   622 Mbits/sec  65990  
[  5]  20.00-21.00  sec  72.2 MBytes   605 Mbits/sec  64230  
[  5]  21.00-22.00  sec  71.3 MBytes   598 Mbits/sec  63440  
[  5]  22.00-23.00  sec  74.1 MBytes   621 Mbits/sec  65920  
[  5]  23.00-24.00  sec  76.3 MBytes   640 Mbits/sec  67890  
[  5]  24.00-25.00  sec  76.8 MBytes   644 Mbits/sec  68360  
[  5]  25.00-26.00  sec  77.4 MBytes   650 Mbits/sec  68930  
[  5]  26.00-27.00  sec  75.1 MBytes   630 Mbits/sec  66880  
[  5]  27.00-28.00  sec  77.3 MBytes   648 Mbits/sec  68800  
[  5]  28.00-29.00  sec  77.0 MBytes   646 Mbits/sec  68500  
[  5]  29.00-30.00  sec  78.8 MBytes   661 Mbits/sec  70150  
[  5]  30.00-31.00  sec  77.4 MBytes   649 Mbits/sec  68880  
[  5]  31.00-32.00  sec  77.3 MBytes   649 Mbits/sec  68850  
[  5]  32.00-33.00  sec  72.8 MBytes   611 Mbits/sec  64790  
[  5]  33.00-34.00  sec  73.0 MBytes   613 Mbits/sec  65000  
[  5]  34.00-35.00  sec  77.6 MBytes   651 Mbits/sec  69070  
[  5]  35.00-36.00  sec  77.4 MBytes   649 Mbits/sec  68880  
[  5]  36.00-37.00  sec  72.6 MBytes   609 Mbits/sec  64640  
[  5]  37.00-38.00  sec  75.6 MBytes   634 Mbits/sec  67270  
[  5]  38.00-39.00  sec  77.3 MBytes   649 Mbits/sec  68820  
[  5]  39.00-40.00  sec  77.3 MBytes   648 Mbits/sec  68810  
[  5]  40.00-41.00  sec  67.4 MBytes   566 Mbits/sec  60030  
[  5]  41.00-42.00  sec  71.0 MBytes   595 Mbits/sec  63180  
[  5]  42.00-43.00  sec  75.7 MBytes   635 Mbits/sec  67340  
[  5]  43.00-44.00  sec  77.5 MBytes   650 Mbits/sec  68970  
[  5]  44.00-45.00  sec  76.8 MBytes   644 Mbits/sec  68320  
[  5]  45.00-46.00  sec  77.2 MBytes   648 Mbits/sec  68740  
[  5]  46.00-47.00  sec  72.4 MBytes   607 Mbits/sec  64420  
[  5]  47.00-48.00  sec  79.8 MBytes   669 Mbits/sec  71000  
[  5]  48.00-49.00  sec  77.0 MBytes   646 Mbits/sec  68560  
[  5]  49.00-50.00  sec  76.7 MBytes   644 Mbits/sec  68290  
[  5]  50.00-51.00  sec  75.5 MBytes   633 Mbits/sec  67210  
[  5]  51.00-52.00  sec  45.3 MBytes   380 Mbits/sec  40300  
[  5]  52.00-53.00  sec  77.0 MBytes   646 Mbits/sec  68530  
[  5]  53.00-54.00  sec  76.6 MBytes   643 Mbits/sec  68190  
[  5]  54.00-55.00  sec  76.1 MBytes   638 Mbits/sec  67740  
[  5]  55.00-56.00  sec  78.4 MBytes   658 Mbits/sec  69800  
[  5]  56.00-57.00  sec  71.9 MBytes   603 Mbits/sec  63980  
[  5]  57.00-58.00  sec  76.7 MBytes   644 Mbits/sec  68310  
[  5]  58.00-59.00  sec  75.4 MBytes   632 Mbits/sec  67090  
[  5]  59.00-60.00  sec  74.8 MBytes   628 Mbits/sec  66620  
- - - - - - - - - - - - - - - - - - - - - - - - -
[ ID] Interval           Transfer     Bitrate         Jitter    Lost/Total Datagrams
[  5]   0.00-60.00  sec  4.40 GBytes   630 Mbits/sec  0.000 ms  0/4011820 (0%)  sender
[  5]   0.00-62.55  sec   186 MBytes  24.9 Mbits/sec  0.028 ms  3843813/3997637 (96%)  receiver

iperf Done.
