Connecting to host 10.136.80.138, port 5201
[  5] local 10.136.173.76 port 52310 connected to 10.136.80.138 port 5201
[ ID] Interval           Transfer     Bitrate         Total Datagrams
[  5]   0.00-1.00   sec  71.2 MBytes   598 Mbits/sec  63410  (omitted)
[  5]   0.00-1.00   sec  76.7 MBytes   644 Mbits/sec  68300  
[  5]   1.00-2.00   sec  77.4 MBytes   649 Mbits/sec  68890  
[  5]   2.00-3.00   sec  78.3 MBytes   657 Mbits/sec  69730  
[  5]   3.00-4.00   sec  76.7 MBytes   644 Mbits/sec  68290  
[  5]   4.00-5.00   sec  77.3 MBytes   648 Mbits/sec  68800  
[  5]   5.00-6.00   sec  77.7 MBytes   651 Mbits/sec  69120  
[  5]   6.00-7.00   sec  77.5 MBytes   650 Mbits/sec  68950  
[  5]   7.00-8.00   sec  77.2 MBytes   648 Mbits/sec  68730  
[  5]   8.00-9.00   sec  77.2 MBytes   648 Mbits/sec  68750  
[  5]   9.00-10.00  sec  77.4 MBytes   649 Mbits/sec  68870  
[  5]  10.00-11.00  sec  76.9 MBytes   645 Mbits/sec  68450  
[  5]  11.00-12.00  sec  78.5 MBytes   658 Mbits/sec  69860  
[  5]  12.00-13.00  sec  79.0 MBytes   662 Mbits/sec  70290  
[  5]  13.00-14.00  sec  79.2 MBytes   664 Mbits/sec  70480  
[  5]  14.00-15.00  sec  76.0 MBytes   638 Mbits/sec  67670  
[  5]  15.00-16.00  sec  78.1 MBytes   655 Mbits/sec  69490  
[  5]  16.00-17.00  sec  78.2 MBytes   656 Mbits/sec  69580  
[  5]  17.00-18.00  sec  77.3 MBytes   648 Mbits/sec  68810  
[  5]  18.00-19.00  sec  76.9 MBytes   645 Mbits/sec  68430  
[  5]  19.00-20.00  sec  77.5 MBytes   650 Mbits/sec  69020  
[  5]  20.00-21.00  sec  78.0 MBytes   654 Mbits/sec  69450  
[  5]  21.00-22.00  sec  76.6 MBytes   643 Mbits/sec  68180  
[  5]  22.00-23.00  sec  78.5 MBytes   659 Mbits/sec  69880  
[  5]  23.00-24.00  sec  77.9 MBytes   653 Mbits/sec  69330  
[  5]  24.00-25.00  sec  77.4 MBytes   649 Mbits/sec  68870  
[  5]  25.00-26.00  sec  78.4 MBytes   657 Mbits/sec  69750  
[  5]  26.00-27.00  sec  78.5 MBytes   658 Mbits/sec  69840  
[  5]  27.00-28.00  sec  77.7 MBytes   652 Mbits/sec  69200  
[  5]  28.00-29.00  sec  77.1 MBytes   647 Mbits/sec  68660  
[  5]  29.00-30.00  sec  77.5 MBytes   650 Mbits/sec  68950  
[  5]  30.00-31.00  sec  79.8 MBytes   669 Mbits/sec  71000  
[  5]  31.00-32.00  sec  76.4 MBytes   641 Mbits/sec  68050  
[  5]  32.00-33.00  sec  76.7 MBytes   643 Mbits/sec  68250  
[  5]  33.00-34.00  sec  76.4 MBytes   641 Mbits/sec  68050  
[  5]  34.00-35.00  sec  76.5 MBytes   641 Mbits/sec  68060  
[  5]  35.00-36.00  sec  76.3 MBytes   640 Mbits/sec  67950  
[  5]  36.00-37.00  sec  77.1 MBytes   647 Mbits/sec  68650  
[  5]  37.00-38.00  sec  77.2 MBytes   647 Mbits/sec  68690  
[  5]  38.00-39.00  sec  76.0 MBytes   637 Mbits/sec  67640  
[  5]  39.00-40.00  sec  77.0 MBytes   646 Mbits/sec  68540  
[  5]  40.00-41.00  sec  77.1 MBytes   647 Mbits/sec  68670  
[  5]  41.00-42.00  sec  76.8 MBytes   644 Mbits/sec  68350  
[  5]  42.00-43.00  sec  76.7 MBytes   643 Mbits/sec  68250  
[  5]  43.00-44.00  sec  77.4 MBytes   649 Mbits/sec  68870  
[  5]  44.00-45.00  sec  75.7 MBytes   635 Mbits/sec  67410  
[  5]  45.00-46.00  sec  77.6 MBytes   651 Mbits/sec  69110  
[  5]  46.00-47.00  sec  77.2 MBytes   647 Mbits/sec  68710  
[  5]  47.00-48.00  sec  77.5 MBytes   650 Mbits/sec  69010  
[  5]  48.00-49.00  sec  76.0 MBytes   638 Mbits/sec  67660  
[  5]  49.00-50.00  sec  77.0 MBytes   645 Mbits/sec  68500  
[  5]  50.00-51.00  sec  77.4 MBytes   649 Mbits/sec  68870  
[  5]  51.00-52.00  sec  76.8 MBytes   645 Mbits/sec  68400  
[  5]  52.00-53.00  sec  76.7 MBytes   643 Mbits/sec  68230  
[  5]  53.00-54.00  sec  76.5 MBytes   642 Mbits/sec  68130  
[  5]  54.00-55.00  sec  76.6 MBytes   642 Mbits/sec  68150  
[  5]  55.00-56.00  sec  77.8 MBytes   653 Mbits/sec  69260  
[  5]  56.00-57.00  sec  76.6 MBytes   643 Mbits/sec  68200  
[  5]  57.00-58.00  sec  75.2 MBytes   631 Mbits/sec  66920  
[  5]  58.00-59.00  sec  74.5 MBytes   625 Mbits/sec  66330  
[  5]  59.00-60.00  sec  75.5 MBytes   634 Mbits/sec  67230  
- - - - - - - - - - - - - - - - - - - - - - - - -
[ ID] Interval           Transfer     Bitrate         Jitter    Lost/Total Datagrams
[  5]   0.00-60.00  sec  4.52 GBytes   647 Mbits/sec  0.000 ms  0/4121760 (0%)  sender
[  5]   0.00-61.32  sec   190 MBytes  26.0 Mbits/sec  0.008 ms  4001183/4108667 (97%)  receiver

iperf Done.
