Connecting to host 10.136.80.171, port 5201
[  5] local 10.136.173.124 port 53167 connected to 10.136.80.171 port 5201
[ ID] Interval           Transfer     Bitrate         Total Datagrams
[  5]   0.00-1.00   sec  57.0 MBytes   478 Mbits/sec  50770  (omitted)
[  5]   0.00-1.00   sec  56.8 MBytes   476 Mbits/sec  50520  
[  5]   1.00-2.00   sec  54.5 MBytes   458 Mbits/sec  48550  
[  5]   2.00-3.00   sec  56.7 MBytes   476 Mbits/sec  50490  
[  5]   3.00-4.00   sec  62.3 MBytes   523 Mbits/sec  55470  
[  5]   4.00-5.00   sec  61.3 MBytes   514 Mbits/sec  54530  
[  5]   5.00-6.00   sec  65.1 MBytes   546 Mbits/sec  57980  
[  5]   6.00-7.00   sec  61.8 MBytes   518 Mbits/sec  54970  
[  5]   7.00-8.00   sec  61.2 MBytes   514 Mbits/sec  54520  
[  5]   8.00-9.00   sec  62.2 MBytes   521 Mbits/sec  55340  
[  5]   9.00-10.00  sec  60.9 MBytes   511 Mbits/sec  54180  
[  5]  10.00-11.00  sec  62.6 MBytes   525 Mbits/sec  55680  
[  5]  11.00-12.00  sec  59.6 MBytes   500 Mbits/sec  53060  
[  5]  12.00-13.00  sec  60.5 MBytes   508 Mbits/sec  53850  
[  5]  13.00-14.00  sec  59.8 MBytes   502 Mbits/sec  53230  
[  5]  14.00-15.00  sec  62.6 MBytes   525 Mbits/sec  55740  
[  5]  15.00-16.00  sec  60.5 MBytes   507 Mbits/sec  53850  
[  5]  16.00-17.00  sec  64.9 MBytes   545 Mbits/sec  57810  
[  5]  17.00-18.00  sec  63.5 MBytes   533 Mbits/sec  56520  
[  5]  18.00-19.00  sec  82.0 MBytes   688 Mbits/sec  73010  
[  5]  19.00-20.00  sec  73.9 MBytes   620 Mbits/sec  65820  
[  5]  20.00-21.00  sec  69.8 MBytes   586 Mbits/sec  62140  
[  5]  21.00-22.00  sec  68.0 MBytes   571 Mbits/sec  60560  
[  5]  22.00-23.00  sec  70.0 MBytes   587 Mbits/sec  62270  
[  5]  23.00-24.00  sec  69.5 MBytes   583 Mbits/sec  61900  
[  5]  24.00-25.00  sec  65.1 MBytes   546 Mbits/sec  57970  
[  5]  25.00-26.00  sec  64.7 MBytes   543 Mbits/sec  57560  
[  5]  26.00-27.00  sec  59.6 MBytes   500 Mbits/sec  53060  
[  5]  27.00-28.00  sec  59.7 MBytes   501 Mbits/sec  53130  
[  5]  28.00-29.00  sec  59.5 MBytes   499 Mbits/sec  52940  
[  5]  29.00-30.00  sec  59.8 MBytes   501 Mbits/sec  53210  
[  5]  30.00-31.00  sec  59.5 MBytes   500 Mbits/sec  53000  
[  5]  31.00-32.00  sec  55.8 MBytes   468 Mbits/sec  49650  
[  5]  32.00-33.00  sec  59.5 MBytes   499 Mbits/sec  52920  
[  5]  33.00-34.00  sec  61.6 MBytes   517 Mbits/sec  54840  
[  5]  34.00-35.00  sec  64.2 MBytes   538 Mbits/sec  57110  
[  5]  35.00-36.00  sec  66.9 MBytes   562 Mbits/sec  59590  
[  5]  36.00-37.00  sec  65.2 MBytes   547 Mbits/sec  58040  
[  5]  37.00-38.00  sec  67.5 MBytes   566 Mbits/sec  60040  
[  5]  38.00-39.00  sec  79.5 MBytes   667 Mbits/sec  70800  
[  5]  39.00-40.00  sec  65.4 MBytes   549 Mbits/sec  58220  
[  5]  40.00-41.00  sec  64.5 MBytes   541 Mbits/sec  57410  
[  5]  41.00-42.00  sec  61.3 MBytes   514 Mbits/sec  54570  
[  5]  42.00-43.00  sec  71.4 MBytes   599 Mbits/sec  63590  
[  5]  43.00-44.00  sec  62.2 MBytes   522 Mbits/sec  55390  
[  5]  44.00-45.00  sec  60.1 MBytes   504 Mbits/sec  53460  
[  5]  45.00-46.00  sec  60.8 MBytes   510 Mbits/sec  54120  
[  5]  46.00-47.00  sec  58.5 MBytes   490 Mbits/sec  52050  
[  5]  47.00-48.00  sec  54.6 MBytes   458 Mbits/sec  48560  
[  5]  48.00-49.00  sec  55.9 MBytes   469 Mbits/sec  49780  
[  5]  49.00-50.00  sec  60.4 MBytes   506 Mbits/sec  53730  
[  5]  50.00-51.00  sec  68.9 MBytes   578 Mbits/sec  61310  
[  5]  51.00-52.00  sec  60.5 MBytes   507 Mbits/sec  53820  
[  5]  52.00-53.00  sec  60.9 MBytes   511 Mbits/sec  54250  
[  5]  53.00-54.00  sec  70.7 MBytes   593 Mbits/sec  62940  
[  5]  54.00-55.00  sec  61.4 MBytes   515 Mbits/sec  54610  
[  5]  55.00-56.00  sec  68.9 MBytes   578 Mbits/sec  61370  
[  5]  56.00-57.00  sec  63.0 MBytes   529 Mbits/sec  56120  
[  5]  57.00-58.00  sec  66.4 MBytes   557 Mbits/sec  59090  
[  5]  58.00-59.00  sec  65.0 MBytes   545 Mbits/sec  57830  
[  5]  59.00-60.00  sec  72.3 MBytes   607 Mbits/sec  64370  
- - - - - - - - - - - - - - - - - - - - - - - - -
[ ID] Interval           Transfer     Bitrate         Jitter    Lost/Total Datagrams
[  5]   0.00-60.00  sec  3.72 GBytes   533 Mbits/sec  0.000 ms  0/3392440 (0%)  sender
[  5]   0.00-62.24  sec   690 MBytes  93.0 Mbits/sec  0.046 ms  2319886/2901173 (80%)  receiver

iperf Done.
