Connecting to host 10.136.80.178, port 5201
[  5] local 10.136.173.114 port 44838 connected to 10.136.80.178 port 5201
[ ID] Interval           Transfer     Bitrate         Total Datagrams
[  5]   0.00-1.00   sec  56.4 MBytes   473 Mbits/sec  50210  (omitted)
[  5]   0.00-1.00   sec  54.2 MBytes   455 Mbits/sec  48270  
[  5]   1.00-2.00   sec  53.4 MBytes   448 Mbits/sec  47560  
[  5]   2.00-3.00   sec  55.6 MBytes   466 Mbits/sec  49490  
[  5]   3.00-4.00   sec  52.7 MBytes   442 Mbits/sec  46900  
[  5]   4.00-5.00   sec  52.6 MBytes   441 Mbits/sec  46830  
[  5]   5.00-6.00   sec  53.3 MBytes   448 Mbits/sec  47480  
[  5]   6.00-7.00   sec  59.4 MBytes   498 Mbits/sec  52880  
[  5]   7.00-8.00   sec  52.7 MBytes   442 Mbits/sec  46890  
[  5]   8.00-9.00   sec  55.1 MBytes   462 Mbits/sec  49040  
[  5]   9.00-10.00  sec  52.8 MBytes   443 Mbits/sec  47040  
[  5]  10.00-11.00  sec  52.7 MBytes   442 Mbits/sec  46880  
[  5]  11.00-12.00  sec  54.3 MBytes   456 Mbits/sec  48360  
[  5]  12.00-13.00  sec  53.2 MBytes   446 Mbits/sec  47350  
[  5]  13.00-14.00  sec  54.5 MBytes   457 Mbits/sec  48540  
[  5]  14.00-15.00  sec  53.1 MBytes   445 Mbits/sec  47250  
[  5]  15.00-16.00  sec  49.3 MBytes   413 Mbits/sec  43860  
[  5]  16.00-17.00  sec  52.3 MBytes   438 Mbits/sec  46520  
[  5]  17.00-18.00  sec  50.1 MBytes   420 Mbits/sec  44620  
[  5]  18.00-19.00  sec  51.3 MBytes   430 Mbits/sec  45680  
[  5]  19.00-20.00  sec  54.2 MBytes   455 Mbits/sec  48260  
[  5]  20.00-21.00  sec  57.8 MBytes   485 Mbits/sec  51420  
[  5]  21.00-22.00  sec  52.9 MBytes   444 Mbits/sec  47090  
[  5]  22.00-23.00  sec  48.9 MBytes   410 Mbits/sec  43540  
[  5]  23.00-24.00  sec  51.0 MBytes   428 Mbits/sec  45430  
[  5]  24.00-25.00  sec  52.2 MBytes   438 Mbits/sec  46440  
[  5]  25.00-26.00  sec  56.3 MBytes   473 Mbits/sec  50140  
[  5]  26.00-27.00  sec  54.7 MBytes   459 Mbits/sec  48670  
[  5]  27.00-28.00  sec  53.1 MBytes   445 Mbits/sec  47280  
[  5]  28.00-29.00  sec  53.0 MBytes   445 Mbits/sec  47170  
[  5]  29.00-30.00  sec  50.7 MBytes   425 Mbits/sec  45120  
[  5]  30.00-31.00  sec  53.1 MBytes   445 Mbits/sec  47230  
[  5]  31.00-32.00  sec  51.9 MBytes   435 Mbits/sec  46170  
[  5]  32.00-33.00  sec  54.2 MBytes   455 Mbits/sec  48280  
[  5]  33.00-34.00  sec  60.3 MBytes   506 Mbits/sec  53660  
[  5]  34.00-35.00  sec  55.3 MBytes   464 Mbits/sec  49220  
[  5]  35.00-36.00  sec  55.1 MBytes   462 Mbits/sec  49050  
[  5]  36.00-37.00  sec  58.7 MBytes   492 Mbits/sec  52250  
[  5]  37.00-38.00  sec  56.6 MBytes   475 Mbits/sec  50370  
[  5]  38.00-39.00  sec  57.0 MBytes   478 Mbits/sec  50730  
[  5]  39.00-40.00  sec  55.3 MBytes   464 Mbits/sec  49190  
[  5]  40.00-41.00  sec  53.0 MBytes   445 Mbits/sec  47220  
[  5]  41.00-42.00  sec  51.9 MBytes   435 Mbits/sec  46180  
[  5]  42.00-43.00  sec  56.6 MBytes   475 Mbits/sec  50420  
[  5]  43.00-44.00  sec  54.4 MBytes   457 Mbits/sec  48440  
[  5]  44.00-45.00  sec  58.0 MBytes   487 Mbits/sec  51640  
[  5]  45.00-46.00  sec  50.5 MBytes   424 Mbits/sec  44990  
[  5]  46.00-47.00  sec  56.8 MBytes   476 Mbits/sec  50560  
[  5]  47.00-48.00  sec  57.2 MBytes   480 Mbits/sec  50940  
[  5]  48.00-49.00  sec  56.5 MBytes   474 Mbits/sec  50280  
[  5]  49.00-50.00  sec  57.4 MBytes   482 Mbits/sec  51090  
[  5]  50.00-51.00  sec  54.9 MBytes   460 Mbits/sec  48860  
[  5]  51.00-52.00  sec  55.8 MBytes   468 Mbits/sec  49690  
[  5]  52.00-53.00  sec  55.6 MBytes   467 Mbits/sec  49490  
[  5]  53.00-54.00  sec  56.0 MBytes   470 Mbits/sec  49860  
[  5]  54.00-55.00  sec  53.7 MBytes   451 Mbits/sec  47840  
[  5]  55.00-56.00  sec  52.7 MBytes   442 Mbits/sec  46920  
[  5]  56.00-57.00  sec  51.9 MBytes   435 Mbits/sec  46170  
[  5]  57.00-58.00  sec  52.9 MBytes   444 Mbits/sec  47060  
[  5]  58.00-59.00  sec  56.6 MBytes   475 Mbits/sec  50400  
[  5]  59.00-60.00  sec  56.9 MBytes   478 Mbits/sec  50670  
- - - - - - - - - - - - - - - - - - - - - - - - -
[ ID] Interval           Transfer     Bitrate         Jitter    Lost/Total Datagrams
[  5]   0.00-60.00  sec  3.18 GBytes   455 Mbits/sec  0.000 ms  0/2896870 (0%)  sender
[  5]   0.00-60.26  sec  1.94 GBytes   276 Mbits/sec  0.007 ms  1151242/2896182 (40%)  receiver

iperf Done.
