Connecting to host 10.136.80.188, port 5201
[  5] local 10.136.173.108 port 46250 connected to 10.136.80.188 port 5201
[ ID] Interval           Transfer     Bitrate         Retr  Cwnd
[  5]   0.00-1.00   sec  4.75 MBytes  39.8 Mbits/sec  222   2.30 KBytes       (omitted)
[  5]   0.00-1.00   sec  3.34 MBytes  28.0 Mbits/sec  163   1.15 KBytes       
[  5]   1.00-2.00   sec  5.44 MBytes  45.6 Mbits/sec  269   2.30 KBytes       
[  5]   2.00-3.00   sec  3.09 MBytes  25.9 Mbits/sec  127   1.15 KBytes       
[  5]   3.00-4.00   sec  4.94 MBytes  41.5 Mbits/sec  261   1.15 KBytes       
[  5]   4.00-5.00   sec  3.95 MBytes  33.2 Mbits/sec  177   1.15 KBytes       
[  5]   5.00-6.00   sec  1.48 MBytes  12.4 Mbits/sec   64   1.15 KBytes       
[  5]   6.00-7.00   sec  3.58 MBytes  30.1 Mbits/sec  194   2.30 KBytes       
[  5]   7.00-8.00   sec  2.97 MBytes  24.9 Mbits/sec  143   3.45 KBytes       
[  5]   8.00-9.00   sec  2.35 MBytes  19.7 Mbits/sec  119   1.15 KBytes       
[  5]   9.00-10.00  sec   380 KBytes  3.11 Mbits/sec   38   1.15 KBytes       
[  5]  10.00-11.00  sec   759 KBytes  6.22 Mbits/sec   39   1.15 KBytes       
[  5]  11.00-12.00  sec  2.35 MBytes  19.7 Mbits/sec   98   1.15 KBytes       
[  5]  12.00-13.00  sec  7.79 MBytes  65.3 Mbits/sec  339   5.75 KBytes       
[  5]  13.00-14.00  sec  5.56 MBytes  46.6 Mbits/sec  252   3.45 KBytes       
[  5]  14.00-15.00  sec  6.30 MBytes  52.9 Mbits/sec  290   2.30 KBytes       
[  5]  15.00-16.00  sec  1.48 MBytes  12.4 Mbits/sec   64   3.45 KBytes       
[  5]  16.00-17.00  sec  6.55 MBytes  54.9 Mbits/sec  304   1.15 KBytes       
[  5]  17.00-18.00  sec  3.34 MBytes  28.0 Mbits/sec  150   2.30 KBytes       
[  5]  18.00-19.00  sec  6.67 MBytes  56.0 Mbits/sec  309   1.15 KBytes       
[  5]  19.00-20.00  sec  1.85 MBytes  15.5 Mbits/sec   93   5.75 KBytes       
[  5]  20.00-21.00  sec  4.94 MBytes  41.5 Mbits/sec  208   1.15 KBytes       
[  5]  21.00-22.00  sec  1.98 MBytes  16.6 Mbits/sec   87   2.30 KBytes       
[  5]  22.00-23.00  sec  1.24 MBytes  10.4 Mbits/sec   69   1.15 KBytes       
[  5]  23.00-24.00  sec   380 KBytes  3.11 Mbits/sec   21   1.15 KBytes       
[  5]  24.00-25.00  sec  3.58 MBytes  30.1 Mbits/sec  149   1.15 KBytes       
[  5]  25.00-26.00  sec  1.61 MBytes  13.5 Mbits/sec   90   1.15 KBytes       
[  5]  26.00-27.00  sec  4.82 MBytes  40.4 Mbits/sec  227   2.30 KBytes       
[  5]  27.00-28.00  sec  4.82 MBytes  40.4 Mbits/sec  260   1.15 KBytes       
[  5]  28.00-29.00  sec  4.94 MBytes  41.5 Mbits/sec  247   1.15 KBytes       
[  5]  29.00-30.00  sec  1.73 MBytes  14.5 Mbits/sec   79   2.30 KBytes       
[  5]  30.00-31.00  sec  1.98 MBytes  16.6 Mbits/sec   90   2.30 KBytes       
[  5]  31.00-32.00  sec  4.82 MBytes  40.4 Mbits/sec  230   2.30 KBytes       
[  5]  32.00-33.00  sec  2.60 MBytes  21.8 Mbits/sec  129   6.90 KBytes       
[  5]  33.00-34.00  sec  3.95 MBytes  33.2 Mbits/sec  178   1.15 KBytes       
[  5]  34.00-35.00  sec  3.09 MBytes  25.9 Mbits/sec  148   11.5 KBytes       
[  5]  35.00-36.00  sec  6.18 MBytes  51.8 Mbits/sec  308   2.30 KBytes       
[  5]  36.00-37.00  sec  2.22 MBytes  18.7 Mbits/sec  101   1.15 KBytes       
[  5]  37.00-38.00  sec  2.22 MBytes  18.7 Mbits/sec  102   10.4 KBytes       
[  5]  38.00-39.00  sec  4.82 MBytes  40.4 Mbits/sec  216   5.75 KBytes       
[  5]  39.00-40.00  sec  5.81 MBytes  48.7 Mbits/sec  283   11.5 KBytes       
[  5]  40.00-41.00  sec  6.30 MBytes  52.9 Mbits/sec  295   4.60 KBytes       
[  5]  41.00-42.00  sec  3.83 MBytes  32.1 Mbits/sec  160   2.30 KBytes       
[  5]  42.00-43.00  sec  2.97 MBytes  24.9 Mbits/sec  148   2.30 KBytes       
[  5]  43.00-44.00  sec  1.24 MBytes  10.4 Mbits/sec   67   2.30 KBytes       
[  5]  44.00-45.00  sec  5.93 MBytes  49.8 Mbits/sec  281   1.15 KBytes       
[  5]  45.00-46.00  sec   759 KBytes  6.22 Mbits/sec   34   1.15 KBytes       
[  5]  46.00-47.00  sec  1.24 MBytes  10.4 Mbits/sec   73   1.15 KBytes       
[  5]  47.00-48.00  sec  6.67 MBytes  56.0 Mbits/sec  307   2.30 KBytes       
[  5]  48.00-49.00  sec  3.46 MBytes  29.0 Mbits/sec  176   1.15 KBytes       
[  5]  49.00-50.00  sec  3.58 MBytes  30.1 Mbits/sec  180   2.30 KBytes       
[  5]  50.00-51.00  sec   759 KBytes  6.22 Mbits/sec   38   1.15 KBytes       
[  5]  51.00-52.00  sec  2.10 MBytes  17.6 Mbits/sec  102   2.30 KBytes       
[  5]  52.00-53.00  sec  2.22 MBytes  18.7 Mbits/sec  105   1.15 KBytes       
[  5]  53.00-54.00  sec  1.98 MBytes  16.6 Mbits/sec   95   2.30 KBytes       
[  5]  54.00-55.00  sec  2.72 MBytes  22.8 Mbits/sec  130   1.15 KBytes       
[  5]  55.00-56.00  sec  5.31 MBytes  44.6 Mbits/sec  239   1.15 KBytes       
[  5]  56.00-57.00  sec  3.46 MBytes  29.0 Mbits/sec  171   1.15 KBytes       
[  5]  57.00-58.00  sec  2.97 MBytes  24.9 Mbits/sec  151   5.75 KBytes       
[  5]  58.00-59.00  sec  3.21 MBytes  27.0 Mbits/sec  138   1.15 KBytes       
[  5]  59.00-60.00  sec   759 KBytes  6.22 Mbits/sec   43   2.30 KBytes       
- - - - - - - - - - - - - - - - - - - - - - - - -
[ ID] Interval           Transfer     Bitrate         Retr
[  5]   0.00-60.00  sec   203 MBytes  28.4 Mbits/sec  9648             sender
[  5]   0.00-60.04  sec   203 MBytes  28.4 Mbits/sec                  receiver

iperf Done.
