Connecting to host knb-server-214926, port 5201
[  5] local 10.136.173.118 port 48668 connected to 10.43.179.255 port 5201
[ ID] Interval           Transfer     Bitrate         Total Datagrams
[  5]   0.00-1.00   sec  78.8 MBytes   661 Mbits/sec  70140  (omitted)
[  5]   0.00-1.00   sec  74.5 MBytes   625 Mbits/sec  66330  
[  5]   1.00-2.00   sec  73.5 MBytes   616 Mbits/sec  65410  
[  5]   2.00-3.00   sec  73.4 MBytes   616 Mbits/sec  65310  
[  5]   3.00-4.00   sec  66.6 MBytes   559 Mbits/sec  59280  
[  5]   4.00-5.00   sec  66.5 MBytes   558 Mbits/sec  59190  
[  5]   5.00-6.00   sec  53.8 MBytes   452 Mbits/sec  47930  
[  5]   6.00-7.00   sec  54.7 MBytes   459 Mbits/sec  48700  
[  5]   7.00-8.00   sec  62.5 MBytes   525 Mbits/sec  55670  
[  5]   8.00-9.00   sec  73.9 MBytes   620 Mbits/sec  65810  
[  5]   9.00-10.00  sec  70.3 MBytes   590 Mbits/sec  62590  
[  5]  10.00-11.00  sec  73.2 MBytes   614 Mbits/sec  65170  
[  5]  11.00-12.00  sec  73.4 MBytes   616 Mbits/sec  65380  
[  5]  12.00-13.00  sec  74.9 MBytes   628 Mbits/sec  66650  
[  5]  13.00-14.00  sec  72.0 MBytes   604 Mbits/sec  64080  
[  5]  14.00-15.00  sec  74.8 MBytes   628 Mbits/sec  66590  
[  5]  15.00-16.00  sec  74.0 MBytes   621 Mbits/sec  65860  
[  5]  16.00-17.00  sec  73.9 MBytes   620 Mbits/sec  65820  
[  5]  17.00-18.00  sec  75.0 MBytes   629 Mbits/sec  66760  
[  5]  18.00-19.00  sec  72.6 MBytes   609 Mbits/sec  64640  
[  5]  19.00-20.00  sec  69.1 MBytes   580 Mbits/sec  61500  
[  5]  20.00-21.00  sec  73.0 MBytes   612 Mbits/sec  64980  
[  5]  21.00-22.00  sec  71.9 MBytes   603 Mbits/sec  63980  
[  5]  22.00-23.00  sec  71.8 MBytes   602 Mbits/sec  63930  
[  5]  23.00-24.00  sec  73.5 MBytes   616 Mbits/sec  65400  
[  5]  24.00-25.00  sec  72.5 MBytes   608 Mbits/sec  64530  
[  5]  25.00-26.00  sec  72.3 MBytes   606 Mbits/sec  64320  
[  5]  26.00-27.00  sec  72.1 MBytes   605 Mbits/sec  64180  
[  5]  27.00-28.00  sec  73.0 MBytes   613 Mbits/sec  65020  
[  5]  28.00-29.00  sec  73.1 MBytes   613 Mbits/sec  65060  
[  5]  29.00-30.00  sec  67.5 MBytes   566 Mbits/sec  60070  
[  5]  30.00-31.00  sec  72.5 MBytes   608 Mbits/sec  64520  
[  5]  31.00-32.00  sec  74.0 MBytes   621 Mbits/sec  65880  
[  5]  32.00-33.00  sec  74.7 MBytes   627 Mbits/sec  66530  
[  5]  33.00-34.00  sec  72.5 MBytes   608 Mbits/sec  64550  
[  5]  34.00-35.00  sec  74.0 MBytes   621 Mbits/sec  65850  
[  5]  35.00-36.00  sec  74.7 MBytes   626 Mbits/sec  66470  
[  5]  36.00-37.00  sec  73.0 MBytes   612 Mbits/sec  64950  
[  5]  37.00-38.00  sec  74.4 MBytes   624 Mbits/sec  66200  
[  5]  38.00-39.00  sec  72.4 MBytes   607 Mbits/sec  64430  
[  5]  39.00-40.00  sec  68.1 MBytes   571 Mbits/sec  60630  
[  5]  40.00-41.00  sec  68.6 MBytes   576 Mbits/sec  61080  
[  5]  41.00-42.00  sec  74.6 MBytes   626 Mbits/sec  66420  
[  5]  42.00-43.00  sec  73.3 MBytes   615 Mbits/sec  65260  
[  5]  43.00-44.00  sec  64.6 MBytes   542 Mbits/sec  57520  
[  5]  44.00-45.00  sec  68.2 MBytes   572 Mbits/sec  60690  
[  5]  45.00-46.00  sec  72.6 MBytes   609 Mbits/sec  64590  
[  5]  46.00-47.00  sec  72.5 MBytes   608 Mbits/sec  64560  
[  5]  47.00-48.00  sec  66.9 MBytes   561 Mbits/sec  59530  
[  5]  48.00-49.00  sec  68.9 MBytes   578 Mbits/sec  61310  
[  5]  49.00-50.00  sec  69.8 MBytes   585 Mbits/sec  62110  
[  5]  50.00-51.00  sec  72.5 MBytes   608 Mbits/sec  64520  
[  5]  51.00-52.00  sec  72.6 MBytes   609 Mbits/sec  64610  
[  5]  52.00-53.00  sec  72.4 MBytes   607 Mbits/sec  64430  
[  5]  53.00-54.00  sec  75.3 MBytes   631 Mbits/sec  66990  
[  5]  54.00-55.00  sec  73.5 MBytes   617 Mbits/sec  65420  
[  5]  55.00-56.00  sec  55.4 MBytes   464 Mbits/sec  49280  
[  5]  56.00-57.00  sec  74.8 MBytes   628 Mbits/sec  66600  
[  5]  57.00-58.00  sec  73.0 MBytes   613 Mbits/sec  65020  
[  5]  58.00-59.00  sec  74.1 MBytes   622 Mbits/sec  65990  
[  5]  59.00-60.00  sec  71.8 MBytes   602 Mbits/sec  63930  
- - - - - - - - - - - - - - - - - - - - - - - - -
[ ID] Interval           Transfer     Bitrate         Jitter    Lost/Total Datagrams
[  5]   0.00-60.00  sec  4.17 GBytes   597 Mbits/sec  0.000 ms  0/3800010 (0%)  sender
[  5]   0.00-60.22  sec  1.85 GBytes   263 Mbits/sec  0.534 ms  2137543/3782328 (57%)  receiver

iperf Done.
