Connecting to host 10.136.80.179, port 5201
[  5] local 10.136.173.115 port 43553 connected to 10.136.80.179 port 5201
[ ID] Interval           Transfer     Bitrate         Total Datagrams
[  5]   0.00-1.00   sec  72.3 MBytes   607 Mbits/sec  64380  (omitted)
[  5]   0.00-1.00   sec  75.5 MBytes   633 Mbits/sec  67230  
[  5]   1.00-2.00   sec  74.7 MBytes   626 Mbits/sec  66470  
[  5]   2.00-3.00   sec  75.5 MBytes   633 Mbits/sec  67220  
[  5]   3.00-4.00   sec  74.1 MBytes   622 Mbits/sec  65980  
[  5]   4.00-5.00   sec  73.3 MBytes   615 Mbits/sec  65270  
[  5]   5.00-6.00   sec  76.2 MBytes   639 Mbits/sec  67830  
[  5]   6.00-7.00   sec  75.1 MBytes   630 Mbits/sec  66830  
[  5]   7.00-8.00   sec  76.4 MBytes   641 Mbits/sec  67990  
[  5]   8.00-9.00   sec  81.0 MBytes   680 Mbits/sec  72140  
[  5]   9.00-10.00  sec  62.3 MBytes   522 Mbits/sec  55440  
[  5]  10.00-11.00  sec  55.7 MBytes   467 Mbits/sec  49590  
[  5]  11.00-12.00  sec  60.2 MBytes   505 Mbits/sec  53570  
[  5]  12.00-13.00  sec  68.7 MBytes   577 Mbits/sec  61190  
[  5]  13.00-14.00  sec  74.6 MBytes   626 Mbits/sec  66420  
[  5]  14.00-15.00  sec  75.6 MBytes   634 Mbits/sec  67320  
[  5]  15.00-16.00  sec  75.2 MBytes   631 Mbits/sec  66970  
[  5]  16.00-17.00  sec  76.6 MBytes   642 Mbits/sec  68140  
[  5]  17.00-18.00  sec  73.3 MBytes   615 Mbits/sec  65230  
[  5]  18.00-19.00  sec  66.8 MBytes   560 Mbits/sec  59450  
[  5]  19.00-20.00  sec  71.7 MBytes   601 Mbits/sec  63800  
[  5]  20.00-21.00  sec  74.1 MBytes   621 Mbits/sec  65920  
[  5]  21.00-22.00  sec  76.2 MBytes   640 Mbits/sec  67870  
[  5]  22.00-23.00  sec  55.9 MBytes   469 Mbits/sec  49750  
[  5]  23.00-24.00  sec  57.9 MBytes   486 Mbits/sec  51540  
[  5]  24.00-25.00  sec  76.1 MBytes   639 Mbits/sec  67750  
[  5]  25.00-26.00  sec  75.2 MBytes   631 Mbits/sec  66980  
[  5]  26.00-27.00  sec  75.0 MBytes   629 Mbits/sec  66780  
[  5]  27.00-28.00  sec  73.9 MBytes   620 Mbits/sec  65810  
[  5]  28.00-29.00  sec  74.1 MBytes   621 Mbits/sec  65930  
[  5]  29.00-30.00  sec  70.5 MBytes   592 Mbits/sec  62760  
[  5]  30.00-31.00  sec  74.1 MBytes   622 Mbits/sec  65970  
[  5]  31.00-32.00  sec  74.3 MBytes   623 Mbits/sec  66110  
[  5]  32.00-33.00  sec  74.7 MBytes   627 Mbits/sec  66520  
[  5]  33.00-34.00  sec  73.1 MBytes   613 Mbits/sec  65060  
[  5]  34.00-35.00  sec  75.4 MBytes   633 Mbits/sec  67160  
[  5]  35.00-36.00  sec  74.1 MBytes   622 Mbits/sec  65950  
[  5]  36.00-37.00  sec  74.1 MBytes   622 Mbits/sec  65950  
[  5]  37.00-38.00  sec  76.0 MBytes   638 Mbits/sec  67660  
[  5]  38.00-39.00  sec  75.0 MBytes   629 Mbits/sec  66720  
[  5]  39.00-40.00  sec  74.2 MBytes   623 Mbits/sec  66080  
[  5]  40.00-41.00  sec  72.9 MBytes   611 Mbits/sec  64870  
[  5]  41.00-42.00  sec  74.7 MBytes   627 Mbits/sec  66490  
[  5]  42.00-43.00  sec  74.4 MBytes   624 Mbits/sec  66230  
[  5]  43.00-44.00  sec  63.9 MBytes   536 Mbits/sec  56880  
[  5]  44.00-45.00  sec  72.7 MBytes   610 Mbits/sec  64680  
[  5]  45.00-46.00  sec  69.9 MBytes   587 Mbits/sec  62250  
[  5]  46.00-47.00  sec  60.2 MBytes   505 Mbits/sec  53580  
[  5]  47.00-48.00  sec  74.8 MBytes   627 Mbits/sec  66570  
[  5]  48.00-49.00  sec  75.3 MBytes   631 Mbits/sec  67010  
[  5]  49.00-50.00  sec  74.6 MBytes   626 Mbits/sec  66420  
[  5]  50.00-51.00  sec  75.7 MBytes   635 Mbits/sec  67350  
[  5]  51.00-52.00  sec  75.4 MBytes   632 Mbits/sec  67110  
[  5]  52.00-53.00  sec  75.0 MBytes   629 Mbits/sec  66790  
[  5]  53.00-54.00  sec  73.1 MBytes   613 Mbits/sec  65060  
[  5]  54.00-55.00  sec  76.7 MBytes   643 Mbits/sec  68250  
[  5]  55.00-56.00  sec  76.9 MBytes   645 Mbits/sec  68440  
[  5]  56.00-57.00  sec  77.1 MBytes   647 Mbits/sec  68640  
[  5]  57.00-58.00  sec  78.3 MBytes   657 Mbits/sec  69710  
[  5]  58.00-59.00  sec  64.8 MBytes   543 Mbits/sec  57640  
[  5]  59.00-60.00  sec  63.4 MBytes   532 Mbits/sec  56410  
- - - - - - - - - - - - - - - - - - - - - - - - -
[ ID] Interval           Transfer     Bitrate         Jitter    Lost/Total Datagrams
[  5]   0.00-60.00  sec  4.24 GBytes   608 Mbits/sec  0.000 ms  0/3868730 (0%)  sender
[  5]   0.00-60.08  sec  1.70 GBytes   243 Mbits/sec  0.031 ms  2351464/3868730 (61%)  receiver

iperf Done.
