Connecting to host 10.136.80.183, port 5201
[  5] local 10.136.173.118 port 43228 connected to 10.136.80.183 port 5201
[ ID] Interval           Transfer     Bitrate         Total Datagrams
[  5]   0.00-1.00   sec  59.2 MBytes   496 Mbits/sec  52680  (omitted)
[  5]   0.00-1.00   sec  55.9 MBytes   469 Mbits/sec  49740  
[  5]   1.00-2.00   sec  55.1 MBytes   462 Mbits/sec  49070  
[  5]   2.00-3.00   sec  56.8 MBytes   477 Mbits/sec  50590  
[  5]   3.00-4.00   sec  59.8 MBytes   502 Mbits/sec  53220  
[  5]   4.00-5.00   sec  57.2 MBytes   480 Mbits/sec  50910  
[  5]   5.00-6.00   sec  57.2 MBytes   480 Mbits/sec  50930  
[  5]   6.00-7.00   sec  59.0 MBytes   495 Mbits/sec  52510  
[  5]   7.00-8.00   sec  52.8 MBytes   443 Mbits/sec  47020  
[  5]   8.00-9.00   sec  57.9 MBytes   485 Mbits/sec  51510  
[  5]   9.00-10.00  sec  52.6 MBytes   441 Mbits/sec  46800  
[  5]  10.00-11.00  sec  57.0 MBytes   478 Mbits/sec  50710  
[  5]  11.00-12.00  sec  57.6 MBytes   483 Mbits/sec  51250  
[  5]  12.00-13.00  sec  50.8 MBytes   426 Mbits/sec  45240  
[  5]  13.00-14.00  sec  62.9 MBytes   528 Mbits/sec  55980  
[  5]  14.00-15.00  sec  57.6 MBytes   483 Mbits/sec  51290  
[  5]  15.00-16.00  sec  61.9 MBytes   520 Mbits/sec  55130  
[  5]  16.00-17.00  sec  44.5 MBytes   373 Mbits/sec  39580  
[  5]  17.00-18.00  sec  51.7 MBytes   433 Mbits/sec  45980  
[  5]  18.00-19.00  sec  45.8 MBytes   384 Mbits/sec  40780  
[  5]  19.00-20.00  sec  56.7 MBytes   476 Mbits/sec  50480  
[  5]  20.00-21.00  sec  58.1 MBytes   487 Mbits/sec  51710  
[  5]  21.00-22.00  sec  44.3 MBytes   371 Mbits/sec  39390  
[  5]  22.00-23.00  sec  50.3 MBytes   422 Mbits/sec  44750  
[  5]  23.00-24.00  sec  56.1 MBytes   471 Mbits/sec  49940  
[  5]  24.00-25.00  sec  59.2 MBytes   497 Mbits/sec  52720  
[  5]  25.00-26.00  sec  57.6 MBytes   483 Mbits/sec  51290  
[  5]  26.00-27.00  sec  66.4 MBytes   557 Mbits/sec  59070  
[  5]  27.00-28.00  sec  52.5 MBytes   440 Mbits/sec  46710  
[  5]  28.00-29.00  sec  54.3 MBytes   456 Mbits/sec  48370  
[  5]  29.00-30.00  sec  55.7 MBytes   467 Mbits/sec  49580  
[  5]  30.00-31.00  sec  57.9 MBytes   486 Mbits/sec  51530  
[  5]  31.00-32.00  sec  54.5 MBytes   457 Mbits/sec  48490  
[  5]  32.00-33.00  sec  54.6 MBytes   458 Mbits/sec  48640  
[  5]  33.00-34.00  sec  49.3 MBytes   414 Mbits/sec  43910  
[  5]  34.00-35.00  sec  55.2 MBytes   463 Mbits/sec  49100  
[  5]  35.00-36.00  sec  57.4 MBytes   482 Mbits/sec  51110  
[  5]  36.00-37.00  sec  49.5 MBytes   415 Mbits/sec  44030  
[  5]  37.00-38.00  sec  53.4 MBytes   448 Mbits/sec  47510  
[  5]  38.00-39.00  sec  54.8 MBytes   460 Mbits/sec  48790  
[  5]  39.00-40.00  sec  56.5 MBytes   474 Mbits/sec  50270  
[  5]  40.00-41.00  sec  56.9 MBytes   477 Mbits/sec  50650  
[  5]  41.00-42.00  sec  56.4 MBytes   473 Mbits/sec  50230  
[  5]  42.00-43.00  sec  54.7 MBytes   459 Mbits/sec  48730  
[  5]  43.00-44.00  sec  57.2 MBytes   479 Mbits/sec  50880  
[  5]  44.00-45.00  sec  52.1 MBytes   437 Mbits/sec  46360  
[  5]  45.00-46.00  sec  56.5 MBytes   474 Mbits/sec  50320  
[  5]  46.00-47.00  sec  51.0 MBytes   428 Mbits/sec  45390  
[  5]  47.00-48.00  sec  58.3 MBytes   489 Mbits/sec  51860  
[  5]  48.00-49.00  sec  45.6 MBytes   383 Mbits/sec  40630  
[  5]  49.00-50.00  sec  42.5 MBytes   357 Mbits/sec  37840  
[  5]  50.00-51.00  sec  48.9 MBytes   410 Mbits/sec  43500  
[  5]  51.00-52.00  sec  45.0 MBytes   377 Mbits/sec  40040  
[  5]  52.00-53.00  sec  57.4 MBytes   482 Mbits/sec  51130  
[  5]  53.00-54.00  sec  57.9 MBytes   486 Mbits/sec  51540  
[  5]  54.00-55.00  sec  53.6 MBytes   450 Mbits/sec  47710  
[  5]  55.00-56.00  sec  53.6 MBytes   449 Mbits/sec  47690  
[  5]  56.00-57.00  sec  57.4 MBytes   482 Mbits/sec  51130  
[  5]  57.00-58.00  sec  56.4 MBytes   473 Mbits/sec  50200  
[  5]  58.00-59.00  sec  54.1 MBytes   454 Mbits/sec  48130  
[  5]  59.00-60.00  sec  54.7 MBytes   459 Mbits/sec  48710  
- - - - - - - - - - - - - - - - - - - - - - - - -
[ ID] Interval           Transfer     Bitrate         Jitter    Lost/Total Datagrams
[  5]   0.00-60.00  sec  3.20 GBytes   458 Mbits/sec  0.000 ms  0/2918300 (0%)  sender
[  5]   0.00-60.25  sec  2.00 GBytes   286 Mbits/sec  0.039 ms  1115399/2918297 (38%)  receiver

iperf Done.
