Connecting to host 10.136.80.147, port 5201
[  5] local 10.136.173.82 port 54371 connected to 10.136.80.147 port 5201
[ ID] Interval           Transfer     Bitrate         Total Datagrams
[  5]   0.00-1.00   sec  54.3 MBytes   455 Mbits/sec  48330  (omitted)
[  5]   0.00-1.00   sec  53.4 MBytes   448 Mbits/sec  47540  
[  5]   1.00-2.00   sec  53.9 MBytes   453 Mbits/sec  48020  
[  5]   2.00-3.00   sec  51.3 MBytes   430 Mbits/sec  45680  
[  5]   3.00-4.00   sec  55.6 MBytes   466 Mbits/sec  49470  
[  5]   4.00-5.00   sec  55.0 MBytes   461 Mbits/sec  48930  
[  5]   5.00-6.00   sec  48.9 MBytes   411 Mbits/sec  43570  
[  5]   6.00-7.00   sec  53.7 MBytes   451 Mbits/sec  47810  
[  5]   7.00-8.00   sec  49.2 MBytes   413 Mbits/sec  43830  
[  5]   8.00-9.00   sec  52.0 MBytes   436 Mbits/sec  46250  
[  5]   9.00-10.00  sec  50.6 MBytes   424 Mbits/sec  45000  
[  5]  10.00-11.00  sec  54.2 MBytes   455 Mbits/sec  48270  
[  5]  11.00-12.00  sec  52.7 MBytes   442 Mbits/sec  46880  
[  5]  12.00-13.00  sec  48.9 MBytes   410 Mbits/sec  43550  
[  5]  13.00-14.00  sec  43.4 MBytes   364 Mbits/sec  38620  
[  5]  14.00-15.00  sec  54.0 MBytes   453 Mbits/sec  48040  
[  5]  15.00-16.00  sec  50.8 MBytes   426 Mbits/sec  45220  
[  5]  16.00-17.00  sec  51.6 MBytes   432 Mbits/sec  45890  
[  5]  17.00-18.00  sec  56.5 MBytes   474 Mbits/sec  50310  
[  5]  18.00-19.00  sec  52.4 MBytes   439 Mbits/sec  46610  
[  5]  19.00-20.00  sec  54.1 MBytes   454 Mbits/sec  48200  
[  5]  20.00-21.00  sec  52.2 MBytes   438 Mbits/sec  46500  
[  5]  21.00-22.00  sec  54.7 MBytes   459 Mbits/sec  48730  
[  5]  22.00-23.00  sec  56.1 MBytes   471 Mbits/sec  49980  
[  5]  23.00-24.00  sec  52.8 MBytes   443 Mbits/sec  47020  
[  5]  24.00-25.00  sec  58.3 MBytes   489 Mbits/sec  51890  
[  5]  25.00-26.00  sec  55.4 MBytes   464 Mbits/sec  49280  
[  5]  26.00-27.00  sec  58.2 MBytes   488 Mbits/sec  51810  
[  5]  27.00-28.00  sec  57.8 MBytes   485 Mbits/sec  51480  
[  5]  28.00-29.00  sec  56.2 MBytes   471 Mbits/sec  50010  
[  5]  29.00-30.00  sec  54.3 MBytes   455 Mbits/sec  48290  
[  5]  30.00-31.00  sec  50.1 MBytes   420 Mbits/sec  44600  
[  5]  31.00-32.00  sec  57.9 MBytes   486 Mbits/sec  51540  
[  5]  32.00-33.00  sec  57.9 MBytes   486 Mbits/sec  51560  
[  5]  33.00-34.00  sec  54.5 MBytes   457 Mbits/sec  48510  
[  5]  34.00-35.00  sec  54.7 MBytes   459 Mbits/sec  48670  
[  5]  35.00-36.00  sec  57.1 MBytes   479 Mbits/sec  50820  
[  5]  36.00-37.00  sec  55.6 MBytes   466 Mbits/sec  49470  
[  5]  37.00-38.00  sec  52.2 MBytes   438 Mbits/sec  46500  
[  5]  38.00-39.00  sec  57.5 MBytes   482 Mbits/sec  51180  
[  5]  39.00-40.00  sec  49.7 MBytes   417 Mbits/sec  44240  
[  5]  40.00-41.00  sec  52.5 MBytes   441 Mbits/sec  46750  
[  5]  41.00-42.00  sec  58.2 MBytes   489 Mbits/sec  51850  
[  5]  42.00-43.00  sec  55.8 MBytes   468 Mbits/sec  49650  
[  5]  43.00-44.00  sec  48.4 MBytes   406 Mbits/sec  43100  
[  5]  44.00-45.00  sec  54.0 MBytes   453 Mbits/sec  48090  
[  5]  45.00-46.00  sec  54.0 MBytes   453 Mbits/sec  48110  
[  5]  46.00-47.00  sec  58.9 MBytes   494 Mbits/sec  52450  
[  5]  47.00-48.00  sec  57.9 MBytes   485 Mbits/sec  51500  
[  5]  48.00-49.00  sec  61.6 MBytes   516 Mbits/sec  54790  
[  5]  49.00-50.00  sec  54.6 MBytes   458 Mbits/sec  48560  
[  5]  50.00-51.00  sec  52.3 MBytes   439 Mbits/sec  46560  
[  5]  51.00-52.00  sec  55.1 MBytes   463 Mbits/sec  49070  
[  5]  52.00-53.00  sec  59.8 MBytes   501 Mbits/sec  53190  
[  5]  53.00-54.00  sec  58.7 MBytes   493 Mbits/sec  52290  
[  5]  54.00-55.00  sec  56.1 MBytes   471 Mbits/sec  49960  
[  5]  55.00-56.00  sec  54.4 MBytes   457 Mbits/sec  48450  
[  5]  56.00-57.00  sec  57.4 MBytes   482 Mbits/sec  51100  
[  5]  57.00-58.00  sec  52.5 MBytes   441 Mbits/sec  46770  
[  5]  58.00-59.00  sec  55.6 MBytes   466 Mbits/sec  49490  
[  5]  59.00-60.00  sec  55.3 MBytes   464 Mbits/sec  49210  
- - - - - - - - - - - - - - - - - - - - - - - - -
[ ID] Interval           Transfer     Bitrate         Jitter    Lost/Total Datagrams
[  5]   0.00-60.00  sec  3.18 GBytes   456 Mbits/sec  0.000 ms  0/2900710 (0%)  sender
[  5]   0.00-60.29  sec  1.95 GBytes   278 Mbits/sec  0.008 ms  1139458/2900710 (39%)  receiver

iperf Done.
