Connecting to host 10.136.80.174, port 5201
[  5] local 10.136.173.111 port 43346 connected to 10.136.80.174 port 5201
[ ID] Interval           Transfer     Bitrate         Retr  Cwnd
[  5]   0.00-1.00   sec  79.9 MBytes   670 Mbits/sec   92    338 KBytes       (omitted)
[  5]   0.00-1.00   sec  82.7 MBytes   693 Mbits/sec   24    223 KBytes       
[  5]   1.00-2.00   sec  88.4 MBytes   741 Mbits/sec    7    327 KBytes       
[  5]   2.00-3.00   sec  86.2 MBytes   723 Mbits/sec   14    299 KBytes       
[  5]   3.00-4.00   sec  84.2 MBytes   706 Mbits/sec   21    225 KBytes       
[  5]   4.00-5.00   sec  85.8 MBytes   720 Mbits/sec    7    323 KBytes       
[  5]   5.00-6.00   sec  87.8 MBytes   737 Mbits/sec   45    321 KBytes       
[  5]   6.00-7.00   sec  89.6 MBytes   751 Mbits/sec   14    292 KBytes       
[  5]   7.00-8.00   sec  85.8 MBytes   719 Mbits/sec   13    283 KBytes       
[  5]   8.00-9.00   sec  85.2 MBytes   715 Mbits/sec   13    300 KBytes       
[  5]   9.00-10.00  sec  86.1 MBytes   722 Mbits/sec   15    239 KBytes       
[  5]  10.00-11.00  sec  88.1 MBytes   739 Mbits/sec    8    300 KBytes       
[  5]  11.00-12.00  sec  83.2 MBytes   698 Mbits/sec   14    312 KBytes       
[  5]  12.00-13.00  sec  85.4 MBytes   716 Mbits/sec   21    216 KBytes       
[  5]  13.00-14.00  sec  81.4 MBytes   683 Mbits/sec   19    278 KBytes       
[  5]  14.00-15.00  sec  86.8 MBytes   728 Mbits/sec   23    328 KBytes       
[  5]  15.00-16.00  sec  87.7 MBytes   736 Mbits/sec   15    313 KBytes       
[  5]  16.00-17.00  sec  88.2 MBytes   740 Mbits/sec   19    245 KBytes       
[  5]  17.00-18.00  sec  86.2 MBytes   723 Mbits/sec   17    248 KBytes       
[  5]  18.00-19.00  sec  81.9 MBytes   687 Mbits/sec   22    232 KBytes       
[  5]  19.00-20.00  sec  87.6 MBytes   734 Mbits/sec    9    309 KBytes       
[  5]  20.00-21.00  sec  86.2 MBytes   723 Mbits/sec   14    300 KBytes       
[  5]  21.00-22.00  sec  86.1 MBytes   722 Mbits/sec   34    171 KBytes       
[  5]  22.00-23.00  sec  88.3 MBytes   741 Mbits/sec    8    304 KBytes       
[  5]  23.00-24.00  sec  85.1 MBytes   714 Mbits/sec   14    270 KBytes       
[  5]  24.00-25.00  sec  83.7 MBytes   702 Mbits/sec   23    268 KBytes       
[  5]  25.00-26.00  sec  86.9 MBytes   729 Mbits/sec   13    251 KBytes       
[  5]  26.00-27.00  sec  84.8 MBytes   712 Mbits/sec   16    167 KBytes       
[  5]  27.00-28.00  sec  84.9 MBytes   713 Mbits/sec    5    262 KBytes       
[  5]  28.00-29.00  sec  84.9 MBytes   712 Mbits/sec   15    303 KBytes       
[  5]  29.00-30.00  sec  87.6 MBytes   735 Mbits/sec   29    381 KBytes       
[  5]  30.00-31.00  sec  87.1 MBytes   731 Mbits/sec   13    308 KBytes       
[  5]  31.00-32.00  sec  90.1 MBytes   756 Mbits/sec   40    450 KBytes       
[  5]  32.00-33.00  sec  87.6 MBytes   734 Mbits/sec   82    330 KBytes       
[  5]  33.00-34.00  sec  85.0 MBytes   713 Mbits/sec   21    229 KBytes       
[  5]  34.00-35.00  sec  85.6 MBytes   718 Mbits/sec   14    259 KBytes       
[  5]  35.00-36.00  sec  83.0 MBytes   696 Mbits/sec   14    324 KBytes       
[  5]  36.00-37.00  sec  88.1 MBytes   739 Mbits/sec   18    278 KBytes       
[  5]  37.00-38.00  sec  85.8 MBytes   719 Mbits/sec   19    242 KBytes       
[  5]  38.00-39.00  sec  80.8 MBytes   678 Mbits/sec   12    273 KBytes       
[  5]  39.00-40.00  sec  86.8 MBytes   728 Mbits/sec   23    259 KBytes       
[  5]  40.00-41.00  sec  82.5 MBytes   692 Mbits/sec   13    303 KBytes       
[  5]  41.00-42.00  sec  86.0 MBytes   721 Mbits/sec   11    285 KBytes       
[  5]  42.00-43.00  sec  87.2 MBytes   731 Mbits/sec    6    339 KBytes       
[  5]  43.00-44.00  sec  85.3 MBytes   715 Mbits/sec   33    276 KBytes       
[  5]  44.00-45.00  sec  90.2 MBytes   757 Mbits/sec    7    311 KBytes       
[  5]  45.00-46.00  sec  85.3 MBytes   716 Mbits/sec   14    290 KBytes       
[  5]  46.00-47.00  sec  85.0 MBytes   713 Mbits/sec   14    288 KBytes       
[  5]  47.00-48.00  sec  81.4 MBytes   683 Mbits/sec   12    342 KBytes       
[  5]  48.00-49.00  sec  77.9 MBytes   654 Mbits/sec   20    257 KBytes       
[  5]  49.00-50.00  sec  86.8 MBytes   728 Mbits/sec   11    280 KBytes       
[  5]  50.00-51.00  sec  85.3 MBytes   716 Mbits/sec   18    229 KBytes       
[  5]  51.00-52.00  sec  86.8 MBytes   728 Mbits/sec   26    196 KBytes       
[  5]  52.00-53.00  sec  79.3 MBytes   666 Mbits/sec   65    268 KBytes       
[  5]  53.00-54.00  sec  82.1 MBytes   689 Mbits/sec   14    277 KBytes       
[  5]  54.00-55.00  sec  86.2 MBytes   722 Mbits/sec   23    288 KBytes       
[  5]  55.00-56.00  sec  79.0 MBytes   663 Mbits/sec   24    261 KBytes       
[  5]  56.00-57.00  sec  87.4 MBytes   734 Mbits/sec   24    293 KBytes       
[  5]  57.00-58.00  sec  84.2 MBytes   706 Mbits/sec   11    316 KBytes       
[  5]  58.00-59.00  sec  83.1 MBytes   697 Mbits/sec   31    318 KBytes       
[  5]  59.00-60.00  sec  83.2 MBytes   698 Mbits/sec   19    282 KBytes       
- - - - - - - - - - - - - - - - - - - - - - - - -
[ ID] Interval           Transfer     Bitrate         Retr
[  5]   0.00-60.00  sec  5.00 GBytes   716 Mbits/sec  1163             sender
[  5]   0.00-60.03  sec  5.00 GBytes   716 Mbits/sec                  receiver

iperf Done.
