Connecting to host 10.136.80.136, port 5201
[  5] local 10.136.173.72 port 43422 connected to 10.136.80.136 port 5201
[ ID] Interval           Transfer     Bitrate         Retr  Cwnd
[  5]   0.00-1.00   sec  75.6 MBytes   634 Mbits/sec   56    312 KBytes       (omitted)
[  5]   0.00-1.00   sec  87.8 MBytes   737 Mbits/sec   52    266 KBytes       
[  5]   1.00-2.00   sec  87.9 MBytes   738 Mbits/sec   12    277 KBytes       
[  5]   2.00-3.00   sec  88.5 MBytes   742 Mbits/sec   62    355 KBytes       
[  5]   3.00-4.00   sec  86.4 MBytes   725 Mbits/sec   24    230 KBytes       
[  5]   4.00-5.00   sec  83.4 MBytes   699 Mbits/sec   28    145 KBytes       
[  5]   5.00-6.00   sec  86.6 MBytes   727 Mbits/sec   13    196 KBytes       
[  5]   6.00-7.00   sec  87.2 MBytes   732 Mbits/sec    2    320 KBytes       
[  5]   7.00-8.00   sec  84.1 MBytes   705 Mbits/sec   22    257 KBytes       
[  5]   8.00-9.00   sec  88.3 MBytes   741 Mbits/sec    6    324 KBytes       
[  5]   9.00-10.00  sec  82.4 MBytes   691 Mbits/sec   69    198 KBytes       
[  5]  10.00-11.00  sec  86.8 MBytes   728 Mbits/sec    8    292 KBytes       
[  5]  11.00-12.00  sec  88.0 MBytes   738 Mbits/sec   27    122 KBytes       
[  5]  12.00-13.00  sec  86.6 MBytes   727 Mbits/sec   12    266 KBytes       
[  5]  13.00-14.00  sec  89.1 MBytes   747 Mbits/sec    0    421 KBytes       
[  5]  14.00-15.00  sec  83.2 MBytes   698 Mbits/sec   20    238 KBytes       
[  5]  15.00-16.00  sec  83.4 MBytes   700 Mbits/sec   17    252 KBytes       
[  5]  16.00-17.00  sec  85.9 MBytes   720 Mbits/sec   12    238 KBytes       
[  5]  17.00-18.00  sec  84.3 MBytes   707 Mbits/sec   59    361 KBytes       
[  5]  18.00-19.00  sec  90.3 MBytes   758 Mbits/sec    0    495 KBytes       
[  5]  19.00-20.00  sec  85.6 MBytes   718 Mbits/sec   35    207 KBytes       
[  5]  20.00-21.00  sec  78.9 MBytes   662 Mbits/sec   20    225 KBytes       
[  5]  21.00-22.00  sec  86.0 MBytes   722 Mbits/sec    6    314 KBytes       
[  5]  22.00-23.00  sec  86.1 MBytes   722 Mbits/sec   22    274 KBytes       
[  5]  23.00-24.00  sec  88.0 MBytes   739 Mbits/sec   20    188 KBytes       
[  5]  24.00-25.00  sec  85.5 MBytes   717 Mbits/sec   11    263 KBytes       
[  5]  25.00-26.00  sec  81.7 MBytes   685 Mbits/sec   13    261 KBytes       
[  5]  26.00-27.00  sec  80.9 MBytes   678 Mbits/sec   20    191 KBytes       
[  5]  27.00-28.00  sec  80.1 MBytes   672 Mbits/sec   11    236 KBytes       
[  5]  28.00-29.00  sec  86.9 MBytes   729 Mbits/sec    7    283 KBytes       
[  5]  29.00-30.00  sec  82.7 MBytes   694 Mbits/sec   14    314 KBytes       
[  5]  30.00-31.00  sec  87.0 MBytes   730 Mbits/sec   14    273 KBytes       
[  5]  31.00-32.00  sec  86.6 MBytes   726 Mbits/sec    5    358 KBytes       
[  5]  32.00-33.00  sec  81.1 MBytes   680 Mbits/sec   31    224 KBytes       
[  5]  33.00-34.00  sec  83.1 MBytes   697 Mbits/sec   13    208 KBytes       
[  5]  34.00-35.00  sec  82.0 MBytes   688 Mbits/sec   25    270 KBytes       
[  5]  35.00-36.00  sec  82.4 MBytes   691 Mbits/sec   14    236 KBytes       
[  5]  36.00-37.00  sec  85.0 MBytes   713 Mbits/sec   16    320 KBytes       
[  5]  37.00-38.00  sec  80.0 MBytes   671 Mbits/sec   20    242 KBytes       
[  5]  38.00-39.00  sec  86.4 MBytes   725 Mbits/sec    6    364 KBytes       
[  5]  39.00-40.00  sec  84.6 MBytes   710 Mbits/sec   21    225 KBytes       
[  5]  40.00-41.00  sec  81.9 MBytes   687 Mbits/sec   51    243 KBytes       
[  5]  41.00-42.00  sec  86.6 MBytes   727 Mbits/sec    7    359 KBytes       
[  5]  42.00-43.00  sec  82.8 MBytes   695 Mbits/sec   19    266 KBytes       
[  5]  43.00-44.00  sec  87.1 MBytes   730 Mbits/sec   13    216 KBytes       
[  5]  44.00-45.00  sec  83.7 MBytes   702 Mbits/sec   13    217 KBytes       
[  5]  45.00-46.00  sec  82.5 MBytes   692 Mbits/sec   15    220 KBytes       
[  5]  46.00-47.00  sec  85.5 MBytes   717 Mbits/sec   42    265 KBytes       
[  5]  47.00-48.00  sec  84.3 MBytes   708 Mbits/sec   13    330 KBytes       
[  5]  48.00-49.00  sec  90.6 MBytes   760 Mbits/sec    6    336 KBytes       
[  5]  49.00-50.00  sec  83.4 MBytes   699 Mbits/sec   24    221 KBytes       
[  5]  50.00-51.00  sec  83.8 MBytes   703 Mbits/sec   14    238 KBytes       
[  5]  51.00-52.00  sec  85.0 MBytes   713 Mbits/sec   23    334 KBytes       
[  5]  52.00-53.00  sec  90.5 MBytes   760 Mbits/sec    7    351 KBytes       
[  5]  53.00-54.00  sec  83.0 MBytes   696 Mbits/sec   19    224 KBytes       
[  5]  54.00-55.00  sec  81.1 MBytes   681 Mbits/sec    6    297 KBytes       
[  5]  55.00-56.00  sec  83.9 MBytes   704 Mbits/sec   13    299 KBytes       
[  5]  56.00-57.00  sec  82.9 MBytes   696 Mbits/sec   20    197 KBytes       
[  5]  57.00-58.01  sec  84.4 MBytes   703 Mbits/sec   14    207 KBytes       
[  5]  58.01-59.00  sec  86.2 MBytes   729 Mbits/sec   18    262 KBytes       
[  5]  59.00-60.00  sec  82.7 MBytes   694 Mbits/sec   12    244 KBytes       
- - - - - - - - - - - - - - - - - - - - - - - - -
[ ID] Interval           Transfer     Bitrate         Retr
[  5]   0.00-60.00  sec  4.97 GBytes   712 Mbits/sec  1138             sender
[  5]   0.00-60.04  sec  4.98 GBytes   712 Mbits/sec                  receiver

iperf Done.
