Connecting to host knb-server-246657, port 5201
[  5] local 10.136.173.73 port 55596 connected to 10.43.31.216 port 5201
[ ID] Interval           Transfer     Bitrate         Total Datagrams
[  5]   0.00-1.00   sec  76.4 MBytes   641 Mbits/sec  68030  (omitted)
[  5]   0.00-1.00   sec  78.0 MBytes   654 Mbits/sec  69410  
[  5]   1.00-2.00   sec  78.8 MBytes   661 Mbits/sec  70110  
[  5]   2.00-3.00   sec  77.4 MBytes   649 Mbits/sec  68880  
[  5]   3.00-4.00   sec  77.7 MBytes   652 Mbits/sec  69200  
[  5]   4.00-5.00   sec  78.4 MBytes   657 Mbits/sec  69770  
[  5]   5.00-6.00   sec  77.7 MBytes   651 Mbits/sec  69120  
[  5]   6.00-7.00   sec  77.2 MBytes   648 Mbits/sec  68750  
[  5]   7.00-8.00   sec  77.4 MBytes   649 Mbits/sec  68910  
[  5]   8.00-9.00   sec  77.7 MBytes   651 Mbits/sec  69120  
[  5]   9.00-10.00  sec  78.3 MBytes   657 Mbits/sec  69700  
[  5]  10.00-11.00  sec  78.2 MBytes   656 Mbits/sec  69570  
[  5]  11.00-12.00  sec  78.2 MBytes   656 Mbits/sec  69610  
[  5]  12.00-13.00  sec  78.2 MBytes   656 Mbits/sec  69610  
[  5]  13.00-14.00  sec  78.0 MBytes   654 Mbits/sec  69390  
[  5]  14.00-15.00  sec  77.9 MBytes   654 Mbits/sec  69380  
[  5]  15.00-16.00  sec  78.0 MBytes   654 Mbits/sec  69390  
[  5]  16.00-17.00  sec  77.1 MBytes   646 Mbits/sec  68590  
[  5]  17.00-18.00  sec  65.7 MBytes   551 Mbits/sec  58480  
[  5]  18.00-19.00  sec  61.3 MBytes   514 Mbits/sec  54590  
[  5]  19.00-20.00  sec  61.5 MBytes   516 Mbits/sec  54730  
[  5]  20.00-21.00  sec  72.4 MBytes   607 Mbits/sec  64420  
[  5]  21.00-22.00  sec  77.4 MBytes   650 Mbits/sec  68930  
[  5]  22.00-23.00  sec  77.5 MBytes   650 Mbits/sec  69000  
[  5]  23.00-24.00  sec  77.2 MBytes   648 Mbits/sec  68740  
[  5]  24.00-25.00  sec  77.4 MBytes   649 Mbits/sec  68860  
[  5]  25.00-26.00  sec  77.4 MBytes   649 Mbits/sec  68900  
[  5]  26.00-27.00  sec  77.1 MBytes   647 Mbits/sec  68620  
[  5]  27.00-28.00  sec  78.3 MBytes   657 Mbits/sec  69680  
[  5]  28.00-29.00  sec  77.8 MBytes   652 Mbits/sec  69210  
[  5]  29.00-30.00  sec  77.6 MBytes   651 Mbits/sec  69080  
[  5]  30.00-31.00  sec  77.8 MBytes   652 Mbits/sec  69220  
[  5]  31.00-32.00  sec  78.3 MBytes   657 Mbits/sec  69680  
[  5]  32.00-33.00  sec  78.6 MBytes   659 Mbits/sec  69930  
[  5]  33.00-34.00  sec  78.3 MBytes   657 Mbits/sec  69720  
[  5]  34.00-35.00  sec  78.9 MBytes   662 Mbits/sec  70220  
[  5]  35.00-36.00  sec  78.8 MBytes   661 Mbits/sec  70160  
[  5]  36.00-37.00  sec  77.3 MBytes   648 Mbits/sec  68780  
[  5]  37.00-38.00  sec  77.4 MBytes   649 Mbits/sec  68900  
[  5]  38.00-39.00  sec  77.9 MBytes   654 Mbits/sec  69360  
[  5]  39.00-40.00  sec  76.9 MBytes   645 Mbits/sec  68470  
[  5]  40.00-41.00  sec  77.8 MBytes   653 Mbits/sec  69280  
[  5]  41.00-42.00  sec  76.8 MBytes   644 Mbits/sec  68360  
[  5]  42.00-43.00  sec  77.7 MBytes   652 Mbits/sec  69170  
[  5]  43.00-44.00  sec  77.8 MBytes   653 Mbits/sec  69250  
[  5]  44.00-45.00  sec  78.7 MBytes   660 Mbits/sec  70050  
[  5]  45.00-46.00  sec  78.2 MBytes   656 Mbits/sec  69580  
[  5]  46.00-47.00  sec  77.2 MBytes   648 Mbits/sec  68750  
[  5]  47.00-48.00  sec  77.5 MBytes   650 Mbits/sec  68990  
[  5]  48.00-49.00  sec  77.3 MBytes   648 Mbits/sec  68780  
[  5]  49.00-50.00  sec  78.4 MBytes   658 Mbits/sec  69780  
[  5]  50.00-51.00  sec  77.2 MBytes   648 Mbits/sec  68720  
[  5]  51.00-52.00  sec  77.8 MBytes   652 Mbits/sec  69210  
[  5]  52.00-53.00  sec  77.9 MBytes   653 Mbits/sec  69320  
[  5]  53.00-54.00  sec  78.3 MBytes   657 Mbits/sec  69710  
[  5]  54.00-55.00  sec  76.5 MBytes   642 Mbits/sec  68100  
[  5]  55.00-56.00  sec  77.3 MBytes   649 Mbits/sec  68820  
[  5]  56.00-57.00  sec  74.4 MBytes   624 Mbits/sec  66240  
[  5]  57.00-58.00  sec  78.4 MBytes   658 Mbits/sec  69820  
[  5]  58.00-59.00  sec  78.2 MBytes   656 Mbits/sec  69610  
[  5]  59.00-60.00  sec  82.0 MBytes   688 Mbits/sec  73030  
- - - - - - - - - - - - - - - - - - - - - - - - -
[ ID] Interval           Transfer     Bitrate         Jitter    Lost/Total Datagrams
[  5]   0.00-60.00  sec  4.51 GBytes   646 Mbits/sec  0.000 ms  0/4110760 (0%)  sender
[  5]   0.00-60.04  sec  4.51 GBytes   646 Mbits/sec  0.012 ms  304/4110760 (0.0074%)  receiver

iperf Done.
