Connecting to host 10.136.80.154, port 5201
[  5] local 10.136.173.71 port 54965 connected to 10.136.80.154 port 5201
[ ID] Interval           Transfer     Bitrate         Total Datagrams
[  5]   0.00-1.00   sec  65.7 MBytes   551 Mbits/sec  58440  (omitted)
[  5]   0.00-1.00   sec  73.9 MBytes   620 Mbits/sec  65800  
[  5]   1.00-2.00   sec  79.9 MBytes   670 Mbits/sec  71120  
[  5]   2.00-3.00   sec  80.1 MBytes   672 Mbits/sec  71290  
[  5]   3.00-4.00   sec  79.4 MBytes   666 Mbits/sec  70650  
[  5]   4.00-5.00   sec  79.6 MBytes   668 Mbits/sec  70830  
[  5]   5.00-6.00   sec  79.9 MBytes   670 Mbits/sec  71100  
[  5]   6.00-7.00   sec  80.5 MBytes   676 Mbits/sec  71690  
[  5]   7.00-8.00   sec  79.8 MBytes   669 Mbits/sec  71010  
[  5]   8.00-9.00   sec  80.0 MBytes   671 Mbits/sec  71190  
[  5]   9.00-10.00  sec  79.6 MBytes   668 Mbits/sec  70860  
[  5]  10.00-11.00  sec  80.2 MBytes   673 Mbits/sec  71400  
[  5]  11.00-12.00  sec  79.0 MBytes   663 Mbits/sec  70340  
[  5]  12.00-13.00  sec  79.2 MBytes   665 Mbits/sec  70520  
[  5]  13.00-14.00  sec  78.9 MBytes   662 Mbits/sec  70200  
[  5]  14.00-15.00  sec  78.9 MBytes   662 Mbits/sec  70270  
[  5]  15.00-16.00  sec  78.8 MBytes   661 Mbits/sec  70140  
[  5]  16.00-17.00  sec  79.4 MBytes   666 Mbits/sec  70700  
[  5]  17.00-18.00  sec  79.2 MBytes   664 Mbits/sec  70510  
[  5]  18.00-19.00  sec  79.4 MBytes   667 Mbits/sec  70720  
[  5]  19.00-20.00  sec  79.5 MBytes   667 Mbits/sec  70760  
[  5]  20.00-21.00  sec  79.2 MBytes   664 Mbits/sec  70480  
[  5]  21.00-22.00  sec  78.8 MBytes   661 Mbits/sec  70150  
[  5]  22.00-23.00  sec  79.2 MBytes   665 Mbits/sec  70520  
[  5]  23.00-24.00  sec  78.6 MBytes   659 Mbits/sec  69940  
[  5]  24.00-25.00  sec  78.4 MBytes   658 Mbits/sec  69790  
[  5]  25.00-26.00  sec  78.9 MBytes   662 Mbits/sec  70250  
[  5]  26.00-27.00  sec  78.8 MBytes   661 Mbits/sec  70110  
[  5]  27.00-28.00  sec  78.9 MBytes   662 Mbits/sec  70270  
[  5]  28.00-29.00  sec  79.3 MBytes   665 Mbits/sec  70550  
[  5]  29.00-30.00  sec  78.9 MBytes   661 Mbits/sec  70190  
[  5]  30.00-31.00  sec  78.9 MBytes   662 Mbits/sec  70240  
[  5]  31.00-32.00  sec  78.8 MBytes   661 Mbits/sec  70110  
[  5]  32.00-33.00  sec  78.9 MBytes   662 Mbits/sec  70260  
[  5]  33.00-34.00  sec  72.8 MBytes   611 Mbits/sec  64830  
[  5]  34.00-35.00  sec  64.4 MBytes   540 Mbits/sec  57340  
[  5]  35.00-36.00  sec  64.4 MBytes   540 Mbits/sec  57340  
[  5]  36.00-37.00  sec  63.7 MBytes   535 Mbits/sec  56740  
[  5]  37.00-38.00  sec  61.7 MBytes   517 Mbits/sec  54890  
[  5]  38.00-39.00  sec  65.7 MBytes   551 Mbits/sec  58440  
[  5]  39.00-40.00  sec  64.8 MBytes   544 Mbits/sec  57710  
[  5]  40.00-41.00  sec  65.5 MBytes   550 Mbits/sec  58320  
[  5]  41.00-42.00  sec  64.9 MBytes   544 Mbits/sec  57750  
[  5]  42.00-43.00  sec  65.4 MBytes   549 Mbits/sec  58210  
[  5]  43.00-44.00  sec  65.1 MBytes   546 Mbits/sec  57950  
[  5]  44.00-45.00  sec  64.2 MBytes   539 Mbits/sec  57190  
[  5]  45.00-46.00  sec  65.3 MBytes   548 Mbits/sec  58130  
[  5]  46.00-47.00  sec  65.9 MBytes   553 Mbits/sec  58660  
[  5]  47.00-48.00  sec  65.5 MBytes   549 Mbits/sec  58270  
[  5]  48.00-49.00  sec  66.0 MBytes   553 Mbits/sec  58730  
[  5]  49.00-50.00  sec  65.9 MBytes   553 Mbits/sec  58670  
[  5]  50.00-51.00  sec  65.8 MBytes   552 Mbits/sec  58610  
[  5]  51.00-52.00  sec  65.4 MBytes   548 Mbits/sec  58190  
[  5]  52.00-53.00  sec  66.3 MBytes   556 Mbits/sec  59000  
[  5]  53.00-54.00  sec  65.5 MBytes   549 Mbits/sec  58290  
[  5]  54.00-55.00  sec  72.2 MBytes   606 Mbits/sec  64300  
[  5]  55.00-56.00  sec  79.0 MBytes   662 Mbits/sec  70290  
[  5]  56.00-57.00  sec  80.0 MBytes   671 Mbits/sec  71220  
[  5]  57.00-58.00  sec  79.9 MBytes   670 Mbits/sec  71100  
[  5]  58.00-59.00  sec  79.5 MBytes   667 Mbits/sec  70810  
[  5]  59.00-60.00  sec  80.1 MBytes   672 Mbits/sec  71340  
- - - - - - - - - - - - - - - - - - - - - - - - -
[ ID] Interval           Transfer     Bitrate         Jitter    Lost/Total Datagrams
[  5]   0.00-60.00  sec  4.35 GBytes   623 Mbits/sec  0.000 ms  0/3966280 (0%)  sender
[  5]   0.00-60.04  sec  4.35 GBytes   623 Mbits/sec  0.011 ms  1637/3966280 (0.041%)  receiver

iperf Done.
