Connecting to host 10.136.80.182, port 5201
[  5] local 10.136.173.116 port 39632 connected to 10.136.80.182 port 5201
[ ID] Interval           Transfer     Bitrate         Retr  Cwnd
[  5]   0.00-1.00   sec  42.6 KBytes  0.35 Mbits/sec    0   11.5 KBytes       (omitted)
[  5]   0.00-1.00   sec   127 KBytes  1.04 Mbits/sec    0   43.7 KBytes       
[  5]   1.00-2.00   sec   314 KBytes  2.57 Mbits/sec    0   89.7 KBytes       
[  5]   2.00-3.00   sec   316 KBytes  2.59 Mbits/sec    0    101 KBytes       
[  5]   3.00-4.00   sec   190 KBytes  1.55 Mbits/sec    0    114 KBytes       
[  5]   4.00-5.00   sec   380 KBytes  3.11 Mbits/sec    0    129 KBytes       
[  5]   5.00-6.00   sec   380 KBytes  3.11 Mbits/sec    0    145 KBytes       
[  5]   6.00-7.00   sec   506 KBytes  4.15 Mbits/sec    0    173 KBytes       
[  5]   7.00-8.00   sec   569 KBytes  4.66 Mbits/sec    0    224 KBytes       
[  5]   8.00-9.00   sec   759 KBytes  6.22 Mbits/sec    0    299 KBytes       
[  5]   9.00-10.00  sec  1.48 MBytes  12.4 Mbits/sec    0    400 KBytes       
[  5]  10.00-11.00  sec  1.30 MBytes  10.9 Mbits/sec    0    527 KBytes       
[  5]  11.00-12.00  sec  1.61 MBytes  13.5 Mbits/sec    0    668 KBytes       
[  5]  12.00-13.00  sec  1.92 MBytes  16.1 Mbits/sec    0    832 KBytes       
[  5]  13.00-14.00  sec  3.47 MBytes  29.1 Mbits/sec    0   1.02 MBytes       
[  5]  14.00-15.00  sec  3.75 MBytes  31.5 Mbits/sec    0   1.27 MBytes       
[  5]  15.00-16.00  sec  2.50 MBytes  21.0 Mbits/sec    0   1.51 MBytes       
[  5]  16.00-17.00  sec  2.50 MBytes  21.0 Mbits/sec    0   1.81 MBytes       
[  5]  17.00-18.00  sec  2.50 MBytes  21.0 Mbits/sec    0   2.15 MBytes       
[  5]  18.00-19.00  sec  3.75 MBytes  31.5 Mbits/sec    0   2.49 MBytes       
[  5]  19.00-20.00  sec  3.40 MBytes  28.5 Mbits/sec    0   2.89 MBytes       
[  5]  20.00-21.00  sec  3.65 MBytes  30.7 Mbits/sec    0   3.32 MBytes       
[  5]  21.00-22.00  sec  3.55 MBytes  29.8 Mbits/sec    0   3.32 MBytes       
[  5]  22.00-23.01  sec  2.50 MBytes  20.8 Mbits/sec    0   3.32 MBytes       
[  5]  23.01-24.00  sec  3.70 MBytes  31.3 Mbits/sec    0   3.32 MBytes       
[  5]  24.00-25.00  sec  3.63 MBytes  30.4 Mbits/sec    0   3.32 MBytes       
[  5]  25.00-26.00  sec  3.75 MBytes  31.5 Mbits/sec    0   3.32 MBytes       
[  5]  26.00-27.00  sec  3.55 MBytes  29.8 Mbits/sec    0   3.32 MBytes       
[  5]  27.00-28.00  sec  3.74 MBytes  31.4 Mbits/sec    0   3.32 MBytes       
[  5]  28.00-29.00  sec  3.72 MBytes  31.2 Mbits/sec    0   3.32 MBytes       
[  5]  29.00-30.00  sec  3.75 MBytes  31.5 Mbits/sec    0   3.32 MBytes       
[  5]  30.00-31.00  sec  3.68 MBytes  30.9 Mbits/sec    0   3.32 MBytes       
[  5]  31.00-32.00  sec  3.73 MBytes  31.3 Mbits/sec    0   3.32 MBytes       
[  5]  32.00-33.00  sec  3.75 MBytes  31.5 Mbits/sec    0   3.32 MBytes       
[  5]  33.00-34.00  sec  4.95 MBytes  41.6 Mbits/sec    0   3.32 MBytes       
[  5]  34.00-35.00  sec  5.00 MBytes  41.9 Mbits/sec    0   3.32 MBytes       
[  5]  35.00-36.00  sec  5.00 MBytes  41.9 Mbits/sec    0   3.32 MBytes       
[  5]  36.00-37.00  sec  6.24 MBytes  52.3 Mbits/sec    0   3.32 MBytes       
[  5]  37.00-38.00  sec  6.25 MBytes  52.4 Mbits/sec    0   3.32 MBytes       
[  5]  38.00-39.00  sec  1.25 MBytes  10.5 Mbits/sec  787   21.9 KBytes       
[  5]  39.00-40.00  sec  1.25 MBytes  10.5 Mbits/sec    1   2.06 MBytes       
[  5]  40.00-41.00  sec  1.25 MBytes  10.5 Mbits/sec  1087   1.13 MBytes       
[  5]  41.00-42.00  sec  2.50 MBytes  21.0 Mbits/sec    1   1.20 MBytes       
[  5]  42.00-43.00  sec  0.00 Bytes  0.00 Mbits/sec  900    921 KBytes       
[  5]  43.00-44.00  sec  3.75 MBytes  31.5 Mbits/sec    0   1.22 MBytes       
[  5]  44.00-45.00  sec  1.25 MBytes  10.5 Mbits/sec    0   1.29 MBytes       
[  5]  45.00-46.00  sec  2.50 MBytes  21.0 Mbits/sec    0   1.33 MBytes       
[  5]  46.00-47.00  sec  1.25 MBytes  10.5 Mbits/sec    0   1.36 MBytes       
[  5]  47.00-48.00  sec  2.50 MBytes  21.0 Mbits/sec    0   1.39 MBytes       
[  5]  48.00-49.00  sec  1.25 MBytes  10.5 Mbits/sec    0   1.41 MBytes       
[  5]  49.00-50.00  sec  2.50 MBytes  21.0 Mbits/sec    0   1.42 MBytes       
[  5]  50.00-51.00  sec  2.50 MBytes  21.0 Mbits/sec    0   1.42 MBytes       
[  5]  51.00-52.00  sec  2.50 MBytes  21.0 Mbits/sec    0   1.42 MBytes       
[  5]  52.00-53.00  sec  1.25 MBytes  10.5 Mbits/sec    0   1.42 MBytes       
[  5]  53.00-54.00  sec  2.50 MBytes  21.0 Mbits/sec    0   1.42 MBytes       
[  5]  54.00-55.00  sec  2.50 MBytes  21.0 Mbits/sec    0   1.44 MBytes       
[  5]  55.00-56.00  sec  2.50 MBytes  21.0 Mbits/sec    0   1.46 MBytes       
[  5]  56.00-57.00  sec  2.50 MBytes  21.0 Mbits/sec    0   1.49 MBytes       
[  5]  57.00-58.00  sec  2.50 MBytes  21.0 Mbits/sec    0   1.54 MBytes       
[  5]  58.00-59.00  sec  3.75 MBytes  31.5 Mbits/sec    0   1.62 MBytes       
[  5]  59.00-60.00  sec  2.50 MBytes  21.0 Mbits/sec    0   1.69 MBytes       
- - - - - - - - - - - - - - - - - - - - - - - - -
[ ID] Interval           Transfer     Bitrate         Retr
[  5]   0.00-60.00  sec   152 MBytes  21.3 Mbits/sec  2776             sender
[  5]   0.00-60.71  sec   151 MBytes  20.9 Mbits/sec                  receiver

iperf Done.
