Connecting to host 10.136.80.144, port 5201
[  5] local 10.136.173.80 port 37316 connected to 10.136.80.144 port 5201
[ ID] Interval           Transfer     Bitrate         Retr  Cwnd
[  5]   0.00-1.00   sec  2.77 MBytes  23.3 Mbits/sec  141   2.30 KBytes       (omitted)
[  5]   0.00-1.00   sec  1.69 MBytes  14.1 Mbits/sec   80   8.05 KBytes       
[  5]   1.00-2.00   sec  2.85 MBytes  23.9 Mbits/sec  129   1.15 KBytes       
[  5]   2.00-3.00   sec  2.39 MBytes  20.1 Mbits/sec  101   4.60 KBytes       
[  5]   3.00-4.00   sec  2.31 MBytes  19.4 Mbits/sec  101   1.15 KBytes       
[  5]   4.00-5.00   sec   911 KBytes  7.46 Mbits/sec   44   2.30 KBytes       
[  5]   5.00-6.00   sec  3.48 MBytes  29.2 Mbits/sec  155   2.30 KBytes       
[  5]   6.00-7.00   sec  1.00 MBytes  8.43 Mbits/sec   50   2.30 KBytes       
[  5]   7.00-8.00   sec  1.84 MBytes  15.4 Mbits/sec   78   1.15 KBytes       
[  5]   8.00-9.00   sec  1.02 MBytes  8.59 Mbits/sec   46   1.15 KBytes       
[  5]   9.00-10.00  sec  1.25 MBytes  10.5 Mbits/sec   55   2.30 KBytes       
[  5]  10.00-11.00  sec  2.70 MBytes  22.7 Mbits/sec  120   2.30 KBytes       
[  5]  11.00-12.00  sec  2.04 MBytes  17.2 Mbits/sec   94   2.30 KBytes       
[  5]  12.00-13.00  sec  3.01 MBytes  25.2 Mbits/sec  126   1.15 KBytes       
[  5]  13.00-14.00  sec  1012 KBytes  8.29 Mbits/sec   39   1.15 KBytes       
[  5]  14.00-15.00  sec   895 KBytes  7.33 Mbits/sec   53   2.30 KBytes       
[  5]  15.00-16.00  sec  1.20 MBytes  10.1 Mbits/sec   50   5.75 KBytes       
[  5]  16.00-17.00  sec  1.16 MBytes  9.74 Mbits/sec   66   1.15 KBytes       
[  5]  17.00-18.00  sec  2.76 MBytes  23.1 Mbits/sec  121   2.30 KBytes       
[  5]  18.00-19.00  sec  2.67 MBytes  22.4 Mbits/sec  122   2.30 KBytes       
[  5]  19.00-20.00  sec  2.73 MBytes  22.9 Mbits/sec  133   3.45 KBytes       
[  5]  20.00-21.00  sec   590 KBytes  4.83 Mbits/sec   41   1.15 KBytes       
[  5]  21.00-22.00  sec  3.07 MBytes  25.7 Mbits/sec  125   4.60 KBytes       
[  5]  22.00-23.00  sec  2.06 MBytes  17.3 Mbits/sec  118   1.15 KBytes       
[  5]  23.00-24.00  sec  1.01 MBytes  8.46 Mbits/sec   53   1.15 KBytes       
[  5]  24.00-25.00  sec  1.76 MBytes  14.8 Mbits/sec   73   2.30 KBytes       
[  5]  25.00-26.00  sec  1.80 MBytes  15.1 Mbits/sec  109   4.60 KBytes       
[  5]  26.00-27.00  sec   702 KBytes  5.75 Mbits/sec   31   1.15 KBytes       
[  5]  27.00-28.00  sec  1.88 MBytes  15.8 Mbits/sec  105   2.30 KBytes       
[  5]  28.00-29.00  sec  1.04 MBytes  8.70 Mbits/sec   44   3.45 KBytes       
[  5]  29.00-30.00  sec   970 KBytes  7.94 Mbits/sec   44   1.15 KBytes       
[  5]  30.00-31.00  sec  2.05 MBytes  17.2 Mbits/sec   93   8.05 KBytes       
[  5]  31.00-32.00  sec  3.55 MBytes  29.8 Mbits/sec  143   1.15 KBytes       
[  5]  32.00-33.00  sec  2.80 MBytes  23.5 Mbits/sec  124   2.30 KBytes       
[  5]  33.00-34.00  sec  2.79 MBytes  23.4 Mbits/sec  101   2.30 KBytes       
[  5]  34.00-35.00  sec  3.03 MBytes  25.4 Mbits/sec  141   1.15 KBytes       
[  5]  35.00-36.00  sec  1.62 MBytes  13.6 Mbits/sec   79   2.30 KBytes       
[  5]  36.00-37.00  sec  1.27 MBytes  10.7 Mbits/sec   51   1.15 KBytes       
[  5]  37.00-38.00  sec  3.08 MBytes  25.9 Mbits/sec  127   5.75 KBytes       
[  5]  38.00-39.00  sec  1.90 MBytes  15.9 Mbits/sec   95   2.30 KBytes       
[  5]  39.00-40.00  sec  1.60 MBytes  13.4 Mbits/sec   81   2.30 KBytes       
[  5]  40.00-41.00  sec  1.54 MBytes  12.9 Mbits/sec   66   2.30 KBytes       
[  5]  41.00-42.00  sec  1.83 MBytes  15.3 Mbits/sec  104   2.30 KBytes       
[  5]  42.00-43.00  sec  2.29 MBytes  19.2 Mbits/sec   96   2.30 KBytes       
[  5]  43.00-44.00  sec  1.49 MBytes  12.5 Mbits/sec   72   2.30 KBytes       
[  5]  44.00-45.00  sec  1.23 MBytes  10.3 Mbits/sec   59   1.15 KBytes       
[  5]  45.00-46.00  sec  1.92 MBytes  16.1 Mbits/sec   82   2.30 KBytes       
[  5]  46.00-47.00  sec  4.22 MBytes  35.4 Mbits/sec  169   5.75 KBytes       
[  5]  47.00-48.00  sec  3.26 MBytes  27.4 Mbits/sec  151   1.15 KBytes       
[  5]  48.00-49.00  sec  1.07 MBytes  9.01 Mbits/sec   52   2.30 KBytes       
[  5]  49.00-50.00  sec  1.17 MBytes  9.83 Mbits/sec   79   8.05 KBytes       
[  5]  50.00-51.00  sec  2.45 MBytes  20.5 Mbits/sec  116   2.30 KBytes       
[  5]  51.00-52.00  sec  1.15 MBytes  9.64 Mbits/sec   49   2.30 KBytes       
[  5]  52.00-53.00  sec   380 KBytes  3.11 Mbits/sec   24   1.15 KBytes       
[  5]  53.00-54.00  sec  1.29 MBytes  10.8 Mbits/sec   63   2.30 KBytes       
[  5]  54.00-55.00  sec   795 KBytes  6.51 Mbits/sec   41   5.75 KBytes       
[  5]  55.00-56.00  sec  2.53 MBytes  21.2 Mbits/sec  111   2.30 KBytes       
[  5]  56.00-57.00  sec  1.15 MBytes  9.68 Mbits/sec   63   1.15 KBytes       
[  5]  57.00-58.00  sec   551 KBytes  4.51 Mbits/sec   31   1.15 KBytes       
[  5]  58.00-59.00  sec  1022 KBytes  8.37 Mbits/sec   38   2.30 KBytes       
[  5]  59.00-60.00  sec  1.63 MBytes  13.7 Mbits/sec   74   2.30 KBytes       
- - - - - - - - - - - - - - - - - - - - - - - - -
[ ID] Interval           Transfer     Bitrate         Retr
[  5]   0.00-60.00  sec   110 MBytes  15.4 Mbits/sec  5081             sender
[  5]   0.00-60.04  sec   110 MBytes  15.4 Mbits/sec                  receiver

iperf Done.
