Connecting to host 10.136.80.161, port 5201
[  5] local 10.136.173.104 port 55761 connected to 10.136.80.161 port 5201
[ ID] Interval           Transfer     Bitrate         Total Datagrams
[  5]   0.00-1.00   sec  73.2 MBytes   614 Mbits/sec  65140  (omitted)
[  5]   0.00-1.00   sec  74.9 MBytes   628 Mbits/sec  66640  
[  5]   1.00-2.00   sec  74.5 MBytes   625 Mbits/sec  66350  
[  5]   2.00-3.00   sec  65.7 MBytes   551 Mbits/sec  58450  
[  5]   3.00-4.00   sec  74.9 MBytes   628 Mbits/sec  66650  
[  5]   4.00-5.00   sec  76.0 MBytes   638 Mbits/sec  67660  
[  5]   5.00-6.00   sec  75.9 MBytes   637 Mbits/sec  67590  
[  5]   6.00-7.00   sec  76.1 MBytes   638 Mbits/sec  67720  
[  5]   7.00-8.00   sec  75.1 MBytes   630 Mbits/sec  66870  
[  5]   8.00-9.00   sec  76.3 MBytes   640 Mbits/sec  67880  
[  5]   9.00-10.00  sec  76.3 MBytes   640 Mbits/sec  67890  
[  5]  10.00-11.00  sec  74.1 MBytes   621 Mbits/sec  65930  
[  5]  11.00-12.00  sec  75.7 MBytes   635 Mbits/sec  67400  
[  5]  12.00-13.00  sec  75.8 MBytes   636 Mbits/sec  67440  
[  5]  13.00-14.00  sec  73.7 MBytes   619 Mbits/sec  65640  
[  5]  14.00-15.00  sec  77.1 MBytes   646 Mbits/sec  68600  
[  5]  15.00-16.00  sec  76.3 MBytes   640 Mbits/sec  67880  
[  5]  16.00-17.00  sec  76.5 MBytes   642 Mbits/sec  68130  
[  5]  17.00-18.00  sec  74.7 MBytes   627 Mbits/sec  66510  
[  5]  18.00-19.00  sec  76.4 MBytes   641 Mbits/sec  68010  
[  5]  19.00-20.00  sec  73.6 MBytes   617 Mbits/sec  65490  
[  5]  20.00-21.00  sec  73.8 MBytes   619 Mbits/sec  65710  
[  5]  21.00-22.00  sec  74.4 MBytes   624 Mbits/sec  66210  
[  5]  22.00-23.00  sec  75.6 MBytes   634 Mbits/sec  67270  
[  5]  23.00-24.00  sec  72.1 MBytes   605 Mbits/sec  64200  
[  5]  24.00-25.00  sec  69.2 MBytes   581 Mbits/sec  61610  
[  5]  25.00-26.00  sec  73.8 MBytes   619 Mbits/sec  65730  
[  5]  26.00-27.00  sec  74.1 MBytes   621 Mbits/sec  65940  
[  5]  27.00-28.00  sec  73.6 MBytes   617 Mbits/sec  65510  
[  5]  28.00-29.00  sec  74.3 MBytes   623 Mbits/sec  66110  
[  5]  29.00-30.00  sec  74.4 MBytes   624 Mbits/sec  66200  
[  5]  30.00-31.00  sec  74.7 MBytes   626 Mbits/sec  66450  
[  5]  31.00-32.00  sec  73.6 MBytes   617 Mbits/sec  65500  
[  5]  32.00-33.00  sec  74.3 MBytes   623 Mbits/sec  66130  
[  5]  33.00-34.00  sec  70.7 MBytes   593 Mbits/sec  62910  
[  5]  34.00-35.00  sec  73.7 MBytes   618 Mbits/sec  65580  
[  5]  35.00-36.00  sec  75.0 MBytes   629 Mbits/sec  66740  
[  5]  36.00-37.00  sec  75.0 MBytes   629 Mbits/sec  66760  
[  5]  37.00-38.00  sec  72.8 MBytes   611 Mbits/sec  64840  
[  5]  38.00-39.00  sec  75.6 MBytes   634 Mbits/sec  67250  
[  5]  39.00-40.00  sec  76.2 MBytes   639 Mbits/sec  67850  
[  5]  40.00-41.00  sec  76.3 MBytes   640 Mbits/sec  67930  
[  5]  41.00-42.00  sec  76.0 MBytes   638 Mbits/sec  67650  
[  5]  42.00-43.00  sec  77.0 MBytes   646 Mbits/sec  68560  
[  5]  43.00-44.00  sec  73.4 MBytes   616 Mbits/sec  65330  
[  5]  44.00-45.00  sec  73.8 MBytes   619 Mbits/sec  65720  
[  5]  45.00-46.00  sec  74.1 MBytes   622 Mbits/sec  65960  
[  5]  46.00-47.00  sec  74.6 MBytes   625 Mbits/sec  66370  
[  5]  47.00-48.00  sec  71.2 MBytes   597 Mbits/sec  63400  
[  5]  48.00-49.00  sec  75.5 MBytes   633 Mbits/sec  67180  
[  5]  49.00-50.00  sec  74.9 MBytes   628 Mbits/sec  66660  
[  5]  50.00-51.00  sec  75.0 MBytes   629 Mbits/sec  66750  
[  5]  51.00-52.00  sec  73.6 MBytes   618 Mbits/sec  65550  
[  5]  52.00-53.00  sec  68.4 MBytes   574 Mbits/sec  60890  
[  5]  53.00-54.00  sec  72.3 MBytes   607 Mbits/sec  64370  
[  5]  54.00-55.00  sec  75.0 MBytes   629 Mbits/sec  66720  
[  5]  55.00-56.00  sec  75.8 MBytes   636 Mbits/sec  67500  
[  5]  56.00-57.00  sec  67.1 MBytes   563 Mbits/sec  59750  
[  5]  57.00-58.00  sec  67.2 MBytes   564 Mbits/sec  59820  
[  5]  58.00-59.00  sec  75.4 MBytes   633 Mbits/sec  67140  
[  5]  59.00-60.00  sec  75.5 MBytes   634 Mbits/sec  67220  
- - - - - - - - - - - - - - - - - - - - - - - - -
[ ID] Interval           Transfer     Bitrate         Jitter    Lost/Total Datagrams
[  5]   0.00-60.00  sec  4.34 GBytes   622 Mbits/sec  0.000 ms  0/3959700 (0%)  sender
[  5]   0.00-61.75  sec   307 MBytes  41.8 Mbits/sec  0.031 ms  3744809/3955243 (95%)  receiver

iperf Done.
