Connecting to host 10.136.80.177, port 5201
[  5] local 10.136.173.112 port 48080 connected to 10.136.80.177 port 5201
[ ID] Interval           Transfer     Bitrate         Retr  Cwnd
[  5]   0.00-1.00   sec   986 KBytes  8.08 Mbits/sec   80   2.30 KBytes       (omitted)
[  5]   0.00-1.00   sec   488 KBytes  3.99 Mbits/sec   37   1.15 KBytes       
[  5]   1.00-2.00   sec   258 KBytes  2.11 Mbits/sec   26   1.15 KBytes       
[  5]   2.00-3.00   sec   258 KBytes  2.11 Mbits/sec   31   2.30 KBytes       
[  5]   3.00-4.00   sec   258 KBytes  2.11 Mbits/sec   25   2.30 KBytes       
[  5]   4.00-5.00   sec   174 KBytes  1.42 Mbits/sec   27   1.15 KBytes       
[  5]   5.00-6.00   sec   173 KBytes  1.41 Mbits/sec   24   1.15 KBytes       
[  5]   6.00-7.00   sec   579 KBytes  4.74 Mbits/sec   35   3.45 KBytes       
[  5]   7.00-8.00   sec   648 KBytes  5.31 Mbits/sec   52   1.15 KBytes       
[  5]   8.00-9.00   sec   494 KBytes  4.04 Mbits/sec   45   2.30 KBytes       
[  5]   9.00-10.00  sec  87.4 KBytes  0.72 Mbits/sec   19   1.15 KBytes       
[  5]  10.00-11.00  sec   267 KBytes  2.19 Mbits/sec   30   1.15 KBytes       
[  5]  11.00-12.00  sec   177 KBytes  1.45 Mbits/sec   25   2.30 KBytes       
[  5]  12.00-13.00  sec   349 KBytes  2.86 Mbits/sec   36   1.15 KBytes       
[  5]  13.00-14.00  sec   495 KBytes  4.05 Mbits/sec   43   2.30 KBytes       
[  5]  14.00-15.00  sec   346 KBytes  2.84 Mbits/sec   39   1.15 KBytes       
[  5]  15.00-16.00  sec   265 KBytes  2.17 Mbits/sec   26   1.15 KBytes       
[  5]  16.00-17.00  sec   289 KBytes  2.37 Mbits/sec   36   1.15 KBytes       
[  5]  17.00-18.00  sec   170 KBytes  1.39 Mbits/sec   15   2.30 KBytes       
[  5]  18.00-19.00  sec   257 KBytes  2.10 Mbits/sec   30   2.30 KBytes       
[  5]  19.00-20.00  sec   261 KBytes  2.14 Mbits/sec   25   2.30 KBytes       
[  5]  20.00-21.00  sec   346 KBytes  2.84 Mbits/sec   35   2.30 KBytes       
[  5]  21.00-22.00  sec   170 KBytes  1.39 Mbits/sec   19   2.30 KBytes       
[  5]  22.00-23.00  sec   171 KBytes  1.40 Mbits/sec   24   2.30 KBytes       
[  5]  23.00-24.00  sec  85.1 KBytes  0.70 Mbits/sec    7   2.30 KBytes       
[  5]  24.00-25.00  sec   173 KBytes  1.41 Mbits/sec   27   1.15 KBytes       
[  5]  25.00-26.00  sec   284 KBytes  2.33 Mbits/sec   26   1.15 KBytes       
[  5]  26.00-27.00  sec   714 KBytes  5.85 Mbits/sec   59   1.15 KBytes       
[  5]  27.00-28.00  sec   255 KBytes  2.09 Mbits/sec   24   2.30 KBytes       
[  5]  28.00-29.00  sec   347 KBytes  2.85 Mbits/sec   29   1.15 KBytes       
[  5]  29.00-30.00  sec   171 KBytes  1.40 Mbits/sec   18   2.30 KBytes       
[  5]  30.00-31.00  sec   170 KBytes  1.39 Mbits/sec   29   1.15 KBytes       
[  5]  31.00-32.00  sec   259 KBytes  2.12 Mbits/sec   18   1.15 KBytes       
[  5]  32.00-33.00  sec   346 KBytes  2.84 Mbits/sec   34   2.30 KBytes       
[  5]  33.00-34.00  sec   112 KBytes  0.91 Mbits/sec   24   2.30 KBytes       
[  5]  34.00-35.00  sec   781 KBytes  6.40 Mbits/sec   60   2.30 KBytes       
[  5]  35.00-36.00  sec   693 KBytes  5.67 Mbits/sec   61   1.15 KBytes       
[  5]  36.00-37.00  sec   433 KBytes  3.54 Mbits/sec   33   2.30 KBytes       
[  5]  37.00-38.00  sec   257 KBytes  2.10 Mbits/sec   28   2.30 KBytes       
[  5]  38.00-39.00  sec   368 KBytes  3.01 Mbits/sec   38   1.15 KBytes       
[  5]  39.00-40.00  sec   522 KBytes  4.28 Mbits/sec   51   2.30 KBytes       
[  5]  40.00-41.00  sec   443 KBytes  3.63 Mbits/sec   41   1.15 KBytes       
[  5]  41.00-42.00  sec   258 KBytes  2.11 Mbits/sec   29   2.30 KBytes       
[  5]  42.00-43.00  sec   173 KBytes  1.41 Mbits/sec   21   2.30 KBytes       
[  5]  43.00-44.00  sec   261 KBytes  2.14 Mbits/sec   30   1.15 KBytes       
[  5]  44.00-45.00  sec   258 KBytes  2.11 Mbits/sec   24   1.15 KBytes       
[  5]  45.00-46.00  sec  0.00 Bytes  0.00 Mbits/sec   11   1.15 KBytes       
[  5]  46.00-47.00  sec   530 KBytes  4.35 Mbits/sec   42   1.15 KBytes       
[  5]  47.00-48.00  sec   613 KBytes  5.03 Mbits/sec   58   1.15 KBytes       
[  5]  48.00-49.00  sec   522 KBytes  4.28 Mbits/sec   44   3.45 KBytes       
[  5]  49.00-50.00  sec   257 KBytes  2.10 Mbits/sec   25   2.30 KBytes       
[  5]  50.00-51.00  sec   171 KBytes  1.40 Mbits/sec   27   1.15 KBytes       
[  5]  51.00-52.00  sec  85.1 KBytes  0.70 Mbits/sec   16   2.30 KBytes       
[  5]  52.00-53.00  sec   345 KBytes  2.83 Mbits/sec   27   1.15 KBytes       
[  5]  53.00-54.00  sec   459 KBytes  3.76 Mbits/sec   48   1.15 KBytes       
[  5]  54.00-55.00  sec   462 KBytes  3.79 Mbits/sec   44   1.15 KBytes       
[  5]  55.00-56.00  sec   170 KBytes  1.39 Mbits/sec   15   2.30 KBytes       
[  5]  56.00-57.00  sec   260 KBytes  2.13 Mbits/sec   29   1.15 KBytes       
[  5]  57.00-58.00  sec   429 KBytes  3.52 Mbits/sec   36   1.15 KBytes       
[  5]  58.00-59.00  sec   259 KBytes  2.12 Mbits/sec   30   2.30 KBytes       
[  5]  59.00-60.00  sec   343 KBytes  2.81 Mbits/sec   40   4.60 KBytes       
- - - - - - - - - - - - - - - - - - - - - - - - -
[ ID] Interval           Transfer     Bitrate         Retr
[  5]   0.00-60.00  sec  18.8 MBytes  2.63 Mbits/sec  1907             sender
[  5]   0.00-60.04  sec  18.9 MBytes  2.63 Mbits/sec                  receiver

iperf Done.
