Connecting to host 10.136.80.151, port 5201
[  5] local 10.136.173.73 port 54283 connected to 10.136.80.151 port 5201
[ ID] Interval           Transfer     Bitrate         Total Datagrams
[  5]   0.00-1.00   sec  95.9 MBytes   804 Mbits/sec  71920  (omitted)
[  5]   0.00-1.00   sec  93.7 MBytes   786 Mbits/sec  70270  
[  5]   1.00-2.00   sec  93.6 MBytes   785 Mbits/sec  70230  
[  5]   2.00-3.00   sec  91.2 MBytes   765 Mbits/sec  68440  
[  5]   3.00-4.00   sec  78.5 MBytes   658 Mbits/sec  58850  
[  5]   4.00-5.00   sec  78.3 MBytes   657 Mbits/sec  58720  
[  5]   5.00-6.00   sec  79.2 MBytes   664 Mbits/sec  59380  
[  5]   6.00-7.00   sec  77.3 MBytes   649 Mbits/sec  57990  
[  5]   7.00-8.00   sec  92.6 MBytes   777 Mbits/sec  69470  
[  5]   8.00-9.00   sec  93.3 MBytes   782 Mbits/sec  69950  
[  5]   9.00-10.00  sec  93.5 MBytes   784 Mbits/sec  70150  
[  5]  10.00-11.00  sec  93.5 MBytes   785 Mbits/sec  70150  
[  5]  11.00-12.00  sec  94.9 MBytes   796 Mbits/sec  71200  
[  5]  12.00-13.00  sec  93.5 MBytes   785 Mbits/sec  70150  
[  5]  13.00-14.00  sec  92.8 MBytes   778 Mbits/sec  69590  
[  5]  14.00-15.00  sec  93.1 MBytes   781 Mbits/sec  69840  
[  5]  15.00-16.00  sec  93.8 MBytes   787 Mbits/sec  70390  
[  5]  16.00-17.00  sec  92.1 MBytes   773 Mbits/sec  69110  
[  5]  17.00-18.00  sec  92.7 MBytes   777 Mbits/sec  69500  
[  5]  18.00-19.00  sec  93.4 MBytes   784 Mbits/sec  70080  
[  5]  19.00-20.00  sec  93.3 MBytes   783 Mbits/sec  69990  
[  5]  20.00-21.00  sec  93.8 MBytes   786 Mbits/sec  70320  
[  5]  21.00-22.00  sec  93.6 MBytes   785 Mbits/sec  70220  
[  5]  22.00-23.00  sec  93.0 MBytes   780 Mbits/sec  69780  
[  5]  23.00-24.00  sec  93.0 MBytes   780 Mbits/sec  69740  
[  5]  24.00-25.00  sec  93.2 MBytes   782 Mbits/sec  69920  
[  5]  25.00-26.00  sec  93.4 MBytes   784 Mbits/sec  70070  
[  5]  26.00-27.00  sec  93.4 MBytes   783 Mbits/sec  70050  
[  5]  27.00-28.00  sec  93.5 MBytes   784 Mbits/sec  70110  
[  5]  28.00-29.00  sec  93.4 MBytes   784 Mbits/sec  70080  
[  5]  29.00-30.00  sec  93.6 MBytes   785 Mbits/sec  70210  
[  5]  30.00-31.00  sec  93.9 MBytes   788 Mbits/sec  70440  
[  5]  31.00-32.00  sec  93.6 MBytes   785 Mbits/sec  70200  
[  5]  32.00-33.00  sec  92.8 MBytes   779 Mbits/sec  69640  
[  5]  33.00-34.00  sec  87.5 MBytes   734 Mbits/sec  65660  
[  5]  34.00-35.00  sec  95.2 MBytes   799 Mbits/sec  71410  
[  5]  35.00-36.00  sec  93.4 MBytes   784 Mbits/sec  70090  
[  5]  36.00-37.00  sec  93.8 MBytes   787 Mbits/sec  70380  
[  5]  37.00-38.00  sec  93.6 MBytes   785 Mbits/sec  70240  
[  5]  38.00-39.00  sec  94.3 MBytes   791 Mbits/sec  70710  
[  5]  39.00-40.00  sec  93.3 MBytes   783 Mbits/sec  69990  
[  5]  40.00-41.00  sec  95.6 MBytes   801 Mbits/sec  71670  
[  5]  41.00-42.00  sec  95.6 MBytes   802 Mbits/sec  71680  
[  5]  42.00-43.00  sec  93.2 MBytes   782 Mbits/sec  69930  
[  5]  43.00-44.00  sec  93.5 MBytes   784 Mbits/sec  70140  
[  5]  44.00-45.00  sec  94.0 MBytes   789 Mbits/sec  70500  
[  5]  45.00-46.00  sec  93.8 MBytes   787 Mbits/sec  70350  
[  5]  46.00-47.00  sec  94.2 MBytes   790 Mbits/sec  70640  
[  5]  47.00-48.00  sec  93.7 MBytes   786 Mbits/sec  70260  
[  5]  48.00-49.00  sec  93.6 MBytes   785 Mbits/sec  70170  
[  5]  49.00-50.00  sec  93.0 MBytes   780 Mbits/sec  69760  
[  5]  50.00-51.00  sec  93.8 MBytes   787 Mbits/sec  70360  
[  5]  51.00-52.00  sec  93.5 MBytes   784 Mbits/sec  70130  
[  5]  52.00-53.00  sec  92.6 MBytes   777 Mbits/sec  69440  
[  5]  53.00-54.00  sec  93.2 MBytes   782 Mbits/sec  69900  
[  5]  54.00-55.00  sec  93.5 MBytes   784 Mbits/sec  70120  
[  5]  55.00-56.00  sec  93.5 MBytes   784 Mbits/sec  70120  
[  5]  56.00-57.00  sec  93.7 MBytes   786 Mbits/sec  70310  
[  5]  57.00-58.00  sec  95.2 MBytes   798 Mbits/sec  71380  
[  5]  58.00-59.00  sec  93.8 MBytes   787 Mbits/sec  70340  
[  5]  59.00-60.00  sec  93.9 MBytes   788 Mbits/sec  70440  
- - - - - - - - - - - - - - - - - - - - - - - - -
[ ID] Interval           Transfer     Bitrate         Jitter    Lost/Total Datagrams
[  5]   0.00-60.00  sec  5.42 GBytes   775 Mbits/sec  0.000 ms  0/4160350 (0%)  sender
[  5]   0.00-60.04  sec  5.42 GBytes   775 Mbits/sec  0.009 ms  2256/4159510 (0.054%)  receiver

iperf Done.
