Connecting to host 10.136.80.162, port 5201
[  5] local 10.136.173.95 port 40593 connected to 10.136.80.162 port 5201
[ ID] Interval           Transfer     Bitrate         Total Datagrams
[  5]   0.00-1.00   sec  78.0 MBytes   654 Mbits/sec  69450  (omitted)
[  5]   0.00-1.00   sec  80.4 MBytes   674 Mbits/sec  71530  
[  5]   1.00-2.00   sec  80.3 MBytes   673 Mbits/sec  71460  
[  5]   2.00-3.00   sec  80.1 MBytes   672 Mbits/sec  71320  
[  5]   3.00-4.00   sec  80.4 MBytes   674 Mbits/sec  71530  
[  5]   4.00-5.00   sec  80.6 MBytes   676 Mbits/sec  71730  
[  5]   5.00-6.00   sec  80.0 MBytes   671 Mbits/sec  71240  
[  5]   6.00-7.00   sec  80.1 MBytes   672 Mbits/sec  71270  
[  5]   7.00-8.00   sec  77.5 MBytes   650 Mbits/sec  69020  
[  5]   8.00-9.00   sec  65.9 MBytes   553 Mbits/sec  58700  
[  5]   9.00-10.00  sec  64.4 MBytes   540 Mbits/sec  57290  
[  5]  10.00-11.00  sec  64.8 MBytes   544 Mbits/sec  57710  
[  5]  11.00-12.00  sec  65.8 MBytes   552 Mbits/sec  58590  
[  5]  12.00-13.00  sec  79.4 MBytes   666 Mbits/sec  70710  
[  5]  13.00-14.00  sec  79.9 MBytes   670 Mbits/sec  71120  
[  5]  14.00-15.00  sec  79.5 MBytes   667 Mbits/sec  70790  
[  5]  15.00-16.00  sec  79.7 MBytes   669 Mbits/sec  70980  
[  5]  16.00-17.00  sec  80.0 MBytes   671 Mbits/sec  71190  
[  5]  17.00-18.00  sec  79.2 MBytes   665 Mbits/sec  70520  
[  5]  18.00-19.00  sec  80.5 MBytes   675 Mbits/sec  71620  
[  5]  19.00-20.00  sec  79.4 MBytes   666 Mbits/sec  70650  
[  5]  20.00-21.00  sec  80.8 MBytes   677 Mbits/sec  71880  
[  5]  21.00-22.00  sec  79.3 MBytes   665 Mbits/sec  70590  
[  5]  22.00-23.00  sec  79.3 MBytes   665 Mbits/sec  70610  
[  5]  23.00-24.00  sec  79.9 MBytes   670 Mbits/sec  71100  
[  5]  24.00-25.00  sec  79.5 MBytes   667 Mbits/sec  70790  
[  5]  25.00-26.00  sec  79.5 MBytes   667 Mbits/sec  70770  
[  5]  26.00-27.00  sec  79.8 MBytes   669 Mbits/sec  71000  
[  5]  27.00-28.00  sec  80.1 MBytes   672 Mbits/sec  71340  
[  5]  28.00-29.00  sec  80.5 MBytes   675 Mbits/sec  71660  
[  5]  29.00-30.00  sec  79.8 MBytes   670 Mbits/sec  71060  
[  5]  30.00-31.00  sec  80.1 MBytes   672 Mbits/sec  71290  
[  5]  31.00-32.00  sec  79.5 MBytes   667 Mbits/sec  70810  
[  5]  32.00-33.00  sec  80.2 MBytes   672 Mbits/sec  71350  
[  5]  33.00-34.00  sec  80.4 MBytes   674 Mbits/sec  71550  
[  5]  34.00-35.00  sec  80.0 MBytes   671 Mbits/sec  71210  
[  5]  35.00-36.00  sec  79.1 MBytes   664 Mbits/sec  70430  
[  5]  36.00-37.00  sec  79.3 MBytes   665 Mbits/sec  70580  
[  5]  37.00-38.00  sec  78.5 MBytes   659 Mbits/sec  69900  
[  5]  38.00-39.00  sec  78.7 MBytes   660 Mbits/sec  70030  
[  5]  39.00-40.00  sec  78.8 MBytes   661 Mbits/sec  70100  
[  5]  40.00-41.00  sec  79.7 MBytes   669 Mbits/sec  70980  
[  5]  41.00-42.00  sec  78.8 MBytes   661 Mbits/sec  70110  
[  5]  42.00-43.00  sec  80.5 MBytes   675 Mbits/sec  71650  
[  5]  43.00-44.00  sec  79.5 MBytes   667 Mbits/sec  70790  
[  5]  44.00-45.00  sec  79.7 MBytes   668 Mbits/sec  70910  
[  5]  45.00-46.00  sec  79.4 MBytes   666 Mbits/sec  70640  
[  5]  46.00-47.00  sec  79.1 MBytes   664 Mbits/sec  70410  
[  5]  47.00-48.00  sec  79.0 MBytes   662 Mbits/sec  70290  
[  5]  48.00-49.00  sec  79.3 MBytes   665 Mbits/sec  70570  
[  5]  49.00-50.00  sec  79.6 MBytes   668 Mbits/sec  70880  
[  5]  50.00-51.00  sec  79.6 MBytes   668 Mbits/sec  70870  
[  5]  51.00-52.00  sec  79.0 MBytes   663 Mbits/sec  70300  
[  5]  52.00-53.00  sec  79.2 MBytes   664 Mbits/sec  70480  
[  5]  53.00-54.00  sec  81.6 MBytes   684 Mbits/sec  72640  
[  5]  54.00-55.00  sec  79.9 MBytes   671 Mbits/sec  71150  
[  5]  55.00-56.00  sec  80.2 MBytes   673 Mbits/sec  71360  
[  5]  56.00-57.00  sec  80.2 MBytes   673 Mbits/sec  71420  
[  5]  57.00-58.00  sec  79.7 MBytes   669 Mbits/sec  70960  
[  5]  58.00-59.00  sec  79.6 MBytes   668 Mbits/sec  70840  
[  5]  59.00-60.00  sec  80.0 MBytes   671 Mbits/sec  71230  
- - - - - - - - - - - - - - - - - - - - - - - - -
[ ID] Interval           Transfer     Bitrate         Jitter    Lost/Total Datagrams
[  5]   0.00-60.00  sec  4.61 GBytes   661 Mbits/sec  0.000 ms  0/4205500 (0%)  sender
[  5]   0.00-60.04  sec  4.62 GBytes   661 Mbits/sec  0.010 ms  535/4205500 (0.013%)  receiver

iperf Done.
