Connecting to host 10.136.80.133, port 5201
[  5] local 10.136.173.70 port 55114 connected to 10.136.80.133 port 5201
[ ID] Interval           Transfer     Bitrate         Total Datagrams
[  5]   0.00-1.00   sec  46.7 MBytes   392 Mbits/sec  41550  (omitted)
[  5]   0.00-1.00   sec  52.3 MBytes   439 Mbits/sec  46540  
[  5]   1.00-2.00   sec  54.7 MBytes   459 Mbits/sec  48680  
[  5]   2.00-3.00   sec  51.1 MBytes   429 Mbits/sec  45500  
[  5]   3.00-4.00   sec  51.9 MBytes   436 Mbits/sec  46230  
[  5]   4.00-5.00   sec  52.5 MBytes   440 Mbits/sec  46690  
[  5]   5.00-6.00   sec  52.6 MBytes   441 Mbits/sec  46780  
[  5]   6.00-7.00   sec  53.3 MBytes   447 Mbits/sec  47420  
[  5]   7.00-8.00   sec  51.9 MBytes   435 Mbits/sec  46210  
[  5]   8.00-9.00   sec  52.9 MBytes   444 Mbits/sec  47120  
[  5]   9.00-10.00  sec  54.0 MBytes   453 Mbits/sec  48030  
[  5]  10.00-11.00  sec  55.1 MBytes   462 Mbits/sec  49050  
[  5]  11.00-12.00  sec  58.1 MBytes   487 Mbits/sec  51690  
[  5]  12.00-13.00  sec  47.3 MBytes   397 Mbits/sec  42080  
[  5]  13.00-14.00  sec  53.5 MBytes   448 Mbits/sec  47580  
[  5]  14.00-15.00  sec  55.0 MBytes   461 Mbits/sec  48930  
[  5]  15.00-16.00  sec  50.8 MBytes   426 Mbits/sec  45240  
[  5]  16.00-17.00  sec  53.3 MBytes   447 Mbits/sec  47440  
[  5]  17.00-18.00  sec  55.3 MBytes   464 Mbits/sec  49200  
[  5]  18.00-19.00  sec  53.7 MBytes   450 Mbits/sec  47760  
[  5]  19.00-20.00  sec  53.5 MBytes   448 Mbits/sec  47590  
[  5]  20.00-21.00  sec  53.9 MBytes   452 Mbits/sec  48000  
[  5]  21.00-22.00  sec  57.5 MBytes   482 Mbits/sec  51170  
[  5]  22.00-23.00  sec  52.1 MBytes   437 Mbits/sec  46410  
[  5]  23.00-24.00  sec  51.8 MBytes   435 Mbits/sec  46140  
[  5]  24.00-25.00  sec  51.7 MBytes   434 Mbits/sec  46030  
[  5]  25.00-26.00  sec  50.7 MBytes   426 Mbits/sec  45170  
[  5]  26.00-27.00  sec  50.9 MBytes   427 Mbits/sec  45290  
[  5]  27.00-28.00  sec  52.8 MBytes   443 Mbits/sec  47020  
[  5]  28.00-29.00  sec  53.4 MBytes   448 Mbits/sec  47520  
[  5]  29.00-30.00  sec  54.6 MBytes   458 Mbits/sec  48630  
[  5]  30.00-31.00  sec  52.3 MBytes   439 Mbits/sec  46580  
[  5]  31.00-32.00  sec  47.6 MBytes   400 Mbits/sec  42400  
[  5]  32.00-33.00  sec  53.5 MBytes   449 Mbits/sec  47630  
[  5]  33.00-34.00  sec  53.4 MBytes   448 Mbits/sec  47540  
[  5]  34.00-35.00  sec  52.2 MBytes   438 Mbits/sec  46460  
[  5]  35.00-36.00  sec  52.7 MBytes   442 Mbits/sec  46930  
[  5]  36.00-37.00  sec  55.2 MBytes   463 Mbits/sec  49160  
[  5]  37.00-38.00  sec  51.2 MBytes   430 Mbits/sec  45570  
[  5]  38.00-39.00  sec  52.8 MBytes   443 Mbits/sec  47010  
[  5]  39.00-40.00  sec  52.7 MBytes   442 Mbits/sec  46900  
[  5]  40.00-41.00  sec  50.5 MBytes   424 Mbits/sec  44970  
[  5]  41.00-42.00  sec  57.5 MBytes   482 Mbits/sec  51160  
[  5]  42.00-43.00  sec  54.4 MBytes   456 Mbits/sec  48380  
[  5]  43.00-44.00  sec  53.3 MBytes   447 Mbits/sec  47480  
[  5]  44.00-45.00  sec  55.8 MBytes   468 Mbits/sec  49630  
[  5]  45.00-46.00  sec  52.2 MBytes   438 Mbits/sec  46480  
[  5]  46.00-47.00  sec  53.8 MBytes   451 Mbits/sec  47890  
[  5]  47.00-48.00  sec  52.6 MBytes   441 Mbits/sec  46810  
[  5]  48.00-49.00  sec  51.8 MBytes   435 Mbits/sec  46130  
[  5]  49.00-50.00  sec  52.6 MBytes   441 Mbits/sec  46800  
[  5]  50.00-51.00  sec  53.1 MBytes   445 Mbits/sec  47240  
[  5]  51.00-52.00  sec  51.3 MBytes   430 Mbits/sec  45660  
[  5]  52.00-53.00  sec  52.5 MBytes   441 Mbits/sec  46760  
[  5]  53.00-54.00  sec  51.9 MBytes   435 Mbits/sec  46190  
[  5]  54.00-55.00  sec  48.9 MBytes   411 Mbits/sec  43570  
[  5]  55.00-56.00  sec  49.9 MBytes   419 Mbits/sec  44430  
[  5]  56.00-57.00  sec  54.5 MBytes   457 Mbits/sec  48500  
[  5]  57.00-58.00  sec  53.6 MBytes   450 Mbits/sec  47730  
[  5]  58.00-59.00  sec  51.7 MBytes   434 Mbits/sec  46030  
[  5]  59.00-60.00  sec  53.6 MBytes   449 Mbits/sec  47680  
- - - - - - - - - - - - - - - - - - - - - - - - -
[ ID] Interval           Transfer     Bitrate         Jitter    Lost/Total Datagrams
[  5]   0.00-60.00  sec  3.10 GBytes   443 Mbits/sec  0.000 ms  0/2822840 (0%)  sender
[  5]   0.00-60.21  sec  1.87 GBytes   267 Mbits/sec  0.007 ms  1135393/2822840 (40%)  receiver

iperf Done.
