Connecting to host 10.136.80.190, port 5201
[  5] local 10.136.173.114 port 55611 connected to 10.136.80.190 port 5201
[ ID] Interval           Transfer     Bitrate         Total Datagrams
[  5]   0.00-1.00   sec  92.6 MBytes   777 Mbits/sec  69440  (omitted)
[  5]   0.00-1.00   sec  93.1 MBytes   781 Mbits/sec  69820  
[  5]   1.00-2.00   sec  93.2 MBytes   782 Mbits/sec  69890  
[  5]   2.00-3.00   sec  92.4 MBytes   775 Mbits/sec  69320  
[  5]   3.00-4.00   sec  92.5 MBytes   776 Mbits/sec  69350  
[  5]   4.00-5.00   sec  92.9 MBytes   779 Mbits/sec  69690  
[  5]   5.00-6.00   sec  91.9 MBytes   771 Mbits/sec  68930  
[  5]   6.00-7.00   sec  93.2 MBytes   782 Mbits/sec  69900  
[  5]   7.00-8.00   sec  93.1 MBytes   781 Mbits/sec  69860  
[  5]   8.00-9.00   sec  92.6 MBytes   777 Mbits/sec  69490  
[  5]   9.00-10.00  sec  93.6 MBytes   786 Mbits/sec  70240  
[  5]  10.00-11.00  sec  92.6 MBytes   776 Mbits/sec  69420  
[  5]  11.00-12.00  sec  92.9 MBytes   779 Mbits/sec  69690  
[  5]  12.00-13.00  sec  82.1 MBytes   689 Mbits/sec  61600  
[  5]  13.00-14.00  sec  78.3 MBytes   657 Mbits/sec  58730  
[  5]  14.00-15.00  sec  77.2 MBytes   647 Mbits/sec  57890  
[  5]  15.00-16.00  sec  76.4 MBytes   641 Mbits/sec  57280  
[  5]  16.00-17.00  sec  77.2 MBytes   647 Mbits/sec  57880  
[  5]  17.00-18.00  sec  88.3 MBytes   741 Mbits/sec  66210  
[  5]  18.00-19.00  sec  92.6 MBytes   777 Mbits/sec  69440  
[  5]  19.00-20.00  sec  94.3 MBytes   791 Mbits/sec  70710  
[  5]  20.00-21.00  sec  93.3 MBytes   782 Mbits/sec  69970  
[  5]  21.00-22.00  sec  93.3 MBytes   782 Mbits/sec  69950  
[  5]  22.00-23.00  sec  91.6 MBytes   769 Mbits/sec  68740  
[  5]  23.00-24.00  sec  93.3 MBytes   783 Mbits/sec  69980  
[  5]  24.00-25.00  sec  93.2 MBytes   782 Mbits/sec  69910  
[  5]  25.00-26.00  sec  93.9 MBytes   788 Mbits/sec  70430  
[  5]  26.00-27.00  sec  93.7 MBytes   786 Mbits/sec  70260  
[  5]  27.00-28.00  sec  92.9 MBytes   779 Mbits/sec  69680  
[  5]  28.00-29.00  sec  93.4 MBytes   784 Mbits/sec  70090  
[  5]  29.00-30.00  sec  93.6 MBytes   785 Mbits/sec  70190  
[  5]  30.00-31.00  sec  93.4 MBytes   784 Mbits/sec  70060  
[  5]  31.00-32.00  sec  93.7 MBytes   786 Mbits/sec  70290  
[  5]  32.00-33.00  sec  92.6 MBytes   777 Mbits/sec  69460  
[  5]  33.00-34.00  sec  93.1 MBytes   781 Mbits/sec  69810  
[  5]  34.00-35.00  sec  93.4 MBytes   783 Mbits/sec  70060  
[  5]  35.00-36.00  sec  92.3 MBytes   774 Mbits/sec  69230  
[  5]  36.00-37.00  sec  93.0 MBytes   780 Mbits/sec  69720  
[  5]  37.00-38.00  sec  93.3 MBytes   782 Mbits/sec  69960  
[  5]  38.00-39.00  sec  93.5 MBytes   784 Mbits/sec  70120  
[  5]  39.00-40.00  sec  93.0 MBytes   780 Mbits/sec  69770  
[  5]  40.00-41.00  sec  92.7 MBytes   778 Mbits/sec  69540  
[  5]  41.00-42.00  sec  93.4 MBytes   784 Mbits/sec  70070  
[  5]  42.00-43.00  sec  92.6 MBytes   777 Mbits/sec  69470  
[  5]  43.00-44.00  sec  94.2 MBytes   791 Mbits/sec  70690  
[  5]  44.00-45.00  sec  93.1 MBytes   781 Mbits/sec  69800  
[  5]  45.00-46.00  sec  91.9 MBytes   771 Mbits/sec  68930  
[  5]  46.00-47.00  sec  93.4 MBytes   784 Mbits/sec  70070  
[  5]  47.00-48.00  sec  93.2 MBytes   782 Mbits/sec  69910  
[  5]  48.00-49.00  sec  93.4 MBytes   783 Mbits/sec  70050  
[  5]  49.00-50.00  sec  93.0 MBytes   780 Mbits/sec  69730  
[  5]  50.00-51.00  sec  92.9 MBytes   779 Mbits/sec  69660  
[  5]  51.00-52.00  sec  93.6 MBytes   785 Mbits/sec  70190  
[  5]  52.00-53.00  sec  92.4 MBytes   775 Mbits/sec  69310  
[  5]  53.00-54.00  sec  90.6 MBytes   760 Mbits/sec  67940  
[  5]  54.00-55.00  sec  92.6 MBytes   777 Mbits/sec  69450  
[  5]  55.00-56.00  sec  85.3 MBytes   715 Mbits/sec  63970  
[  5]  56.00-57.00  sec  92.8 MBytes   779 Mbits/sec  69620  
[  5]  57.00-58.00  sec  93.5 MBytes   784 Mbits/sec  70120  
[  5]  58.00-59.00  sec  93.9 MBytes   788 Mbits/sec  70460  
[  5]  59.00-60.00  sec  94.1 MBytes   789 Mbits/sec  70560  
- - - - - - - - - - - - - - - - - - - - - - - - -
[ ID] Interval           Transfer     Bitrate         Jitter    Lost/Total Datagrams
[  5]   0.00-60.00  sec  5.37 GBytes   768 Mbits/sec  0.000 ms  0/4122560 (0%)  sender
[  5]   0.00-60.04  sec  5.37 GBytes   768 Mbits/sec  0.010 ms  976/4122560 (0.024%)  receiver

iperf Done.
