Connecting to host knb-server-343034, port 5201
[  5] local 10.136.173.73 port 38518 connected to 10.43.20.170 port 5201
[ ID] Interval           Transfer     Bitrate         Total Datagrams
[  5]   0.00-1.00   sec  71.6 MBytes   601 Mbits/sec  63750  (omitted)
[  5]   0.00-1.00   sec  77.3 MBytes   649 Mbits/sec  68840  
[  5]   1.00-2.00   sec  77.1 MBytes   646 Mbits/sec  68600  
[  5]   2.00-3.00   sec  77.5 MBytes   650 Mbits/sec  68990  
[  5]   3.00-4.00   sec  77.4 MBytes   649 Mbits/sec  68890  
[  5]   4.00-5.00   sec  77.2 MBytes   647 Mbits/sec  68680  
[  5]   5.00-6.00   sec  76.7 MBytes   643 Mbits/sec  68240  
[  5]   6.00-7.00   sec  76.9 MBytes   645 Mbits/sec  68480  
[  5]   7.00-8.00   sec  77.2 MBytes   647 Mbits/sec  68700  
[  5]   8.00-9.00   sec  76.2 MBytes   639 Mbits/sec  67820  
[  5]   9.00-10.00  sec  77.0 MBytes   646 Mbits/sec  68560  
[  5]  10.00-11.00  sec  77.4 MBytes   649 Mbits/sec  68870  
[  5]  11.00-12.00  sec  76.2 MBytes   639 Mbits/sec  67790  
[  5]  12.00-13.00  sec  77.8 MBytes   652 Mbits/sec  69220  
[  5]  13.00-14.00  sec  77.1 MBytes   646 Mbits/sec  68590  
[  5]  14.00-15.00  sec  77.4 MBytes   650 Mbits/sec  68930  
[  5]  15.00-16.00  sec  77.2 MBytes   647 Mbits/sec  68700  
[  5]  16.00-17.00  sec  77.1 MBytes   647 Mbits/sec  68600  
[  5]  17.00-18.00  sec  77.9 MBytes   653 Mbits/sec  69330  
[  5]  18.00-19.00  sec  76.7 MBytes   644 Mbits/sec  68300  
[  5]  19.00-20.00  sec  76.4 MBytes   641 Mbits/sec  67970  
[  5]  20.00-21.00  sec  76.5 MBytes   642 Mbits/sec  68130  
[  5]  21.00-22.00  sec  76.8 MBytes   644 Mbits/sec  68340  
[  5]  22.00-23.00  sec  78.6 MBytes   659 Mbits/sec  69930  
[  5]  23.00-24.00  sec  77.6 MBytes   651 Mbits/sec  69070  
[  5]  24.00-25.00  sec  77.8 MBytes   653 Mbits/sec  69250  
[  5]  25.00-26.00  sec  76.8 MBytes   644 Mbits/sec  68370  
[  5]  26.00-27.00  sec  76.6 MBytes   642 Mbits/sec  68140  
[  5]  27.00-28.00  sec  76.5 MBytes   642 Mbits/sec  68090  
[  5]  28.00-29.00  sec  75.4 MBytes   633 Mbits/sec  67160  
[  5]  29.00-30.00  sec  76.8 MBytes   644 Mbits/sec  68340  
[  5]  30.00-31.00  sec  76.4 MBytes   641 Mbits/sec  68050  
[  5]  31.00-32.00  sec  77.5 MBytes   650 Mbits/sec  68960  
[  5]  32.00-33.00  sec  77.9 MBytes   653 Mbits/sec  69350  
[  5]  33.00-34.00  sec  77.9 MBytes   653 Mbits/sec  69330  
[  5]  34.00-35.00  sec  77.3 MBytes   648 Mbits/sec  68800  
[  5]  35.00-36.00  sec  76.5 MBytes   642 Mbits/sec  68090  
[  5]  36.00-37.00  sec  77.3 MBytes   649 Mbits/sec  68810  
[  5]  37.00-38.00  sec  77.5 MBytes   650 Mbits/sec  68980  
[  5]  38.00-39.00  sec  76.2 MBytes   640 Mbits/sec  67870  
[  5]  39.00-40.00  sec  77.4 MBytes   649 Mbits/sec  68890  
[  5]  40.00-41.00  sec  77.1 MBytes   647 Mbits/sec  68640  
[  5]  41.00-42.00  sec  77.2 MBytes   647 Mbits/sec  68710  
[  5]  42.00-43.00  sec  77.6 MBytes   651 Mbits/sec  69070  
[  5]  43.00-44.00  sec  77.7 MBytes   652 Mbits/sec  69160  
[  5]  44.00-45.00  sec  77.8 MBytes   652 Mbits/sec  69220  
[  5]  45.00-46.00  sec  77.1 MBytes   647 Mbits/sec  68630  
[  5]  46.00-47.00  sec  77.7 MBytes   652 Mbits/sec  69170  
[  5]  47.00-48.00  sec  77.4 MBytes   649 Mbits/sec  68860  
[  5]  48.00-49.00  sec  75.7 MBytes   635 Mbits/sec  67420  
[  5]  49.00-50.00  sec  76.5 MBytes   642 Mbits/sec  68130  
[  5]  50.00-51.00  sec  78.3 MBytes   657 Mbits/sec  69670  
[  5]  51.00-52.00  sec  76.6 MBytes   643 Mbits/sec  68220  
[  5]  52.00-53.00  sec  77.0 MBytes   646 Mbits/sec  68530  
[  5]  53.00-54.00  sec  76.4 MBytes   641 Mbits/sec  68020  
[  5]  54.00-55.00  sec  77.5 MBytes   650 Mbits/sec  68970  
[  5]  55.00-56.00  sec  76.8 MBytes   644 Mbits/sec  68380  
[  5]  56.00-57.00  sec  77.8 MBytes   652 Mbits/sec  69240  
[  5]  57.00-58.00  sec  77.3 MBytes   649 Mbits/sec  68850  
[  5]  58.00-59.00  sec  76.0 MBytes   638 Mbits/sec  67680  
[  5]  59.00-60.00  sec  75.7 MBytes   635 Mbits/sec  67420  
- - - - - - - - - - - - - - - - - - - - - - - - -
[ ID] Interval           Transfer     Bitrate         Jitter    Lost/Total Datagrams
[  5]   0.00-60.00  sec  4.52 GBytes   646 Mbits/sec  0.000 ms  0/4116040 (0%)  sender
[  5]   0.00-60.32  sec  1.32 GBytes   187 Mbits/sec  0.020 ms  2962073/4116032 (72%)  receiver

iperf Done.
