Connecting to host 10.136.80.173, port 5201
[  5] local 10.136.173.71 port 43863 connected to 10.136.80.173 port 5201
[ ID] Interval           Transfer     Bitrate         Total Datagrams
[  5]   0.00-1.00   sec  70.5 MBytes   591 Mbits/sec  62740  (omitted)
[  5]   0.00-1.00   sec  63.0 MBytes   528 Mbits/sec  56040  
[  5]   1.00-2.00   sec  64.5 MBytes   541 Mbits/sec  57370  
[  5]   2.00-3.00   sec  65.6 MBytes   550 Mbits/sec  58380  
[  5]   3.00-4.00   sec  63.3 MBytes   531 Mbits/sec  56330  
[  5]   4.00-5.00   sec  61.7 MBytes   518 Mbits/sec  54930  
[  5]   5.00-6.00   sec  64.2 MBytes   538 Mbits/sec  57120  
[  5]   6.00-7.00   sec  77.3 MBytes   649 Mbits/sec  68830  
[  5]   7.00-8.00   sec  80.7 MBytes   677 Mbits/sec  71820  
[  5]   8.00-9.00   sec  80.2 MBytes   672 Mbits/sec  71350  
[  5]   9.00-10.00  sec  80.0 MBytes   671 Mbits/sec  71230  
[  5]  10.00-11.00  sec  80.7 MBytes   677 Mbits/sec  71830  
[  5]  11.00-12.00  sec  80.8 MBytes   678 Mbits/sec  71950  
[  5]  12.00-13.00  sec  78.7 MBytes   661 Mbits/sec  70090  
[  5]  13.00-14.00  sec  79.4 MBytes   666 Mbits/sec  70710  
[  5]  14.00-15.00  sec  80.0 MBytes   671 Mbits/sec  71250  
[  5]  15.00-16.00  sec  80.5 MBytes   676 Mbits/sec  71690  
[  5]  16.00-17.00  sec  80.5 MBytes   675 Mbits/sec  71650  
[  5]  17.00-18.00  sec  80.4 MBytes   674 Mbits/sec  71530  
[  5]  18.00-19.00  sec  80.6 MBytes   676 Mbits/sec  71780  
[  5]  19.00-20.00  sec  80.4 MBytes   675 Mbits/sec  71600  
[  5]  20.00-21.00  sec  80.7 MBytes   677 Mbits/sec  71870  
[  5]  21.00-22.00  sec  80.9 MBytes   678 Mbits/sec  71980  
[  5]  22.00-23.00  sec  78.9 MBytes   662 Mbits/sec  70210  
[  5]  23.00-24.00  sec  79.9 MBytes   670 Mbits/sec  71140  
[  5]  24.00-25.00  sec  81.1 MBytes   680 Mbits/sec  72170  
[  5]  25.00-26.00  sec  80.8 MBytes   678 Mbits/sec  71890  
[  5]  26.00-27.00  sec  80.9 MBytes   679 Mbits/sec  72030  
[  5]  27.00-28.00  sec  81.4 MBytes   683 Mbits/sec  72490  
[  5]  28.00-29.00  sec  81.0 MBytes   679 Mbits/sec  72090  
[  5]  29.00-30.00  sec  79.9 MBytes   670 Mbits/sec  71100  
[  5]  30.00-31.00  sec  79.6 MBytes   668 Mbits/sec  70870  
[  5]  31.00-32.00  sec  81.0 MBytes   680 Mbits/sec  72140  
[  5]  32.00-33.00  sec  79.8 MBytes   669 Mbits/sec  71030  
[  5]  33.00-34.00  sec  80.6 MBytes   676 Mbits/sec  71720  
[  5]  34.00-35.00  sec  81.2 MBytes   681 Mbits/sec  72270  
[  5]  35.00-36.00  sec  80.8 MBytes   678 Mbits/sec  71930  
[  5]  36.00-37.00  sec  75.5 MBytes   633 Mbits/sec  67170  
[  5]  37.00-38.00  sec  65.9 MBytes   552 Mbits/sec  58620  
[  5]  38.00-39.00  sec  63.3 MBytes   531 Mbits/sec  56380  
[  5]  39.00-40.00  sec  66.6 MBytes   559 Mbits/sec  59270  
[  5]  40.00-41.00  sec  62.7 MBytes   526 Mbits/sec  55820  
[  5]  41.00-42.00  sec  63.6 MBytes   533 Mbits/sec  56580  
[  5]  42.00-43.00  sec  65.3 MBytes   548 Mbits/sec  58150  
[  5]  43.00-44.00  sec  64.3 MBytes   539 Mbits/sec  57200  
[  5]  44.00-45.00  sec  62.4 MBytes   523 Mbits/sec  55540  
[  5]  45.00-46.00  sec  62.5 MBytes   524 Mbits/sec  55620  
[  5]  46.00-47.00  sec  65.6 MBytes   551 Mbits/sec  58430  
[  5]  47.00-48.00  sec  80.1 MBytes   672 Mbits/sec  71320  
[  5]  48.00-49.00  sec  79.6 MBytes   668 Mbits/sec  70850  
[  5]  49.00-50.00  sec  79.9 MBytes   670 Mbits/sec  71130  
[  5]  50.00-51.00  sec  80.4 MBytes   675 Mbits/sec  71600  
[  5]  51.00-52.00  sec  81.8 MBytes   686 Mbits/sec  72840  
[  5]  52.00-53.00  sec  80.5 MBytes   675 Mbits/sec  71650  
[  5]  53.00-54.00  sec  80.7 MBytes   677 Mbits/sec  71870  
[  5]  54.00-55.00  sec  81.6 MBytes   685 Mbits/sec  72640  
[  5]  55.00-56.00  sec  81.5 MBytes   684 Mbits/sec  72560  
[  5]  56.00-57.00  sec  81.6 MBytes   684 Mbits/sec  72620  
[  5]  57.00-58.00  sec  81.3 MBytes   682 Mbits/sec  72340  
[  5]  58.00-59.00  sec  70.9 MBytes   595 Mbits/sec  63120  
[  5]  59.00-60.00  sec  76.7 MBytes   644 Mbits/sec  68270  
- - - - - - - - - - - - - - - - - - - - - - - - -
[ ID] Interval           Transfer     Bitrate         Jitter    Lost/Total Datagrams
[  5]   0.00-60.00  sec  4.44 GBytes   635 Mbits/sec  0.000 ms  0/4046000 (0%)  sender
[  5]   0.00-60.04  sec  4.44 GBytes   635 Mbits/sec  0.010 ms  1846/4046000 (0.046%)  receiver

iperf Done.
