Connecting to host 10.136.80.159, port 5201
[  5] local 10.136.173.96 port 44294 connected to 10.136.80.159 port 5201
[ ID] Interval           Transfer     Bitrate         Total Datagrams
[  5]   0.00-1.00   sec  80.3 MBytes   674 Mbits/sec  71510  (omitted)
[  5]   0.00-1.00   sec  81.6 MBytes   684 Mbits/sec  72620  
[  5]   1.00-2.00   sec  81.2 MBytes   681 Mbits/sec  72300  
[  5]   2.00-3.00   sec  80.3 MBytes   673 Mbits/sec  71440  
[  5]   3.00-4.00   sec  81.6 MBytes   685 Mbits/sec  72660  
[  5]   4.00-5.00   sec  81.7 MBytes   685 Mbits/sec  72680  
[  5]   5.00-6.00   sec  82.4 MBytes   691 Mbits/sec  73370  
[  5]   6.00-7.00   sec  81.2 MBytes   681 Mbits/sec  72250  
[  5]   7.00-8.00   sec  81.3 MBytes   682 Mbits/sec  72410  
[  5]   8.00-9.00   sec  82.4 MBytes   692 Mbits/sec  73390  
[  5]   9.00-10.00  sec  82.5 MBytes   692 Mbits/sec  73420  
[  5]  10.00-11.00  sec  81.6 MBytes   685 Mbits/sec  72660  
[  5]  11.00-12.00  sec  82.9 MBytes   695 Mbits/sec  73780  
[  5]  12.00-13.00  sec  81.7 MBytes   685 Mbits/sec  72680  
[  5]  13.00-14.00  sec  82.5 MBytes   692 Mbits/sec  73470  
[  5]  14.00-15.00  sec  71.0 MBytes   595 Mbits/sec  63170  
[  5]  15.00-16.00  sec  83.2 MBytes   698 Mbits/sec  74060  
[  5]  16.00-17.00  sec  80.2 MBytes   673 Mbits/sec  71380  
[  5]  17.00-18.00  sec  79.8 MBytes   670 Mbits/sec  71050  
[  5]  18.00-19.00  sec  80.6 MBytes   676 Mbits/sec  71720  
[  5]  19.00-20.00  sec  80.8 MBytes   678 Mbits/sec  71940  
[  5]  20.00-21.00  sec  80.9 MBytes   679 Mbits/sec  72020  
[  5]  21.00-22.00  sec  81.7 MBytes   686 Mbits/sec  72750  
[  5]  22.00-23.00  sec  82.3 MBytes   691 Mbits/sec  73290  
[  5]  23.00-24.00  sec  81.5 MBytes   684 Mbits/sec  72550  
[  5]  24.00-25.00  sec  82.2 MBytes   689 Mbits/sec  73150  
[  5]  25.00-26.00  sec  82.2 MBytes   690 Mbits/sec  73180  
[  5]  26.00-27.00  sec  79.6 MBytes   668 Mbits/sec  70870  
[  5]  27.00-28.00  sec  81.2 MBytes   681 Mbits/sec  72250  
[  5]  28.00-29.00  sec  80.1 MBytes   672 Mbits/sec  71340  
[  5]  29.00-30.00  sec  81.3 MBytes   682 Mbits/sec  72400  
[  5]  30.00-31.00  sec  80.5 MBytes   676 Mbits/sec  71690  
[  5]  31.00-32.00  sec  81.8 MBytes   686 Mbits/sec  72770  
[  5]  32.00-33.00  sec  81.8 MBytes   686 Mbits/sec  72810  
[  5]  33.00-34.00  sec  82.5 MBytes   692 Mbits/sec  73430  
[  5]  34.00-35.00  sec  82.2 MBytes   690 Mbits/sec  73190  
[  5]  35.00-36.00  sec  82.0 MBytes   688 Mbits/sec  72980  
[  5]  36.00-37.00  sec  81.4 MBytes   683 Mbits/sec  72430  
[  5]  37.00-38.00  sec  83.1 MBytes   697 Mbits/sec  73970  
[  5]  38.00-39.00  sec  80.9 MBytes   678 Mbits/sec  72000  
[  5]  39.00-40.00  sec  82.6 MBytes   693 Mbits/sec  73540  
[  5]  40.00-41.00  sec  81.3 MBytes   682 Mbits/sec  72410  
[  5]  41.00-42.00  sec  80.5 MBytes   675 Mbits/sec  71650  
[  5]  42.00-43.00  sec  82.4 MBytes   691 Mbits/sec  73330  
[  5]  43.00-44.00  sec  81.2 MBytes   681 Mbits/sec  72280  
[  5]  44.00-45.00  sec  81.2 MBytes   682 Mbits/sec  72320  
[  5]  45.00-46.00  sec  81.5 MBytes   683 Mbits/sec  72520  
[  5]  46.00-47.00  sec  80.7 MBytes   677 Mbits/sec  71800  
[  5]  47.00-48.00  sec  80.4 MBytes   674 Mbits/sec  71530  
[  5]  48.00-49.00  sec  82.4 MBytes   692 Mbits/sec  73380  
[  5]  49.00-50.00  sec  81.9 MBytes   687 Mbits/sec  72940  
[  5]  50.00-51.00  sec  81.2 MBytes   681 Mbits/sec  72300  
[  5]  51.00-52.00  sec  81.8 MBytes   686 Mbits/sec  72780  
[  5]  52.00-53.00  sec  81.9 MBytes   687 Mbits/sec  72880  
[  5]  53.00-54.00  sec  82.5 MBytes   692 Mbits/sec  73400  
[  5]  54.00-55.00  sec  82.7 MBytes   694 Mbits/sec  73650  
[  5]  55.00-56.00  sec  82.3 MBytes   690 Mbits/sec  73250  
[  5]  56.00-57.00  sec  87.7 MBytes   735 Mbits/sec  78030  
[  5]  57.00-58.00  sec  82.8 MBytes   694 Mbits/sec  73690  
[  5]  58.00-59.00  sec  81.1 MBytes   681 Mbits/sec  72220  
[  5]  59.00-60.00  sec  79.7 MBytes   669 Mbits/sec  70950  
- - - - - - - - - - - - - - - - - - - - - - - - -
[ ID] Interval           Transfer     Bitrate         Jitter    Lost/Total Datagrams
[  5]   0.00-60.00  sec  4.77 GBytes   684 Mbits/sec  0.000 ms  0/4352370 (0%)  sender
[  5]   0.00-60.09  sec  2.38 GBytes   341 Mbits/sec  0.020 ms  2229512/4352370 (51%)  receiver

iperf Done.
