Connecting to host knb-server-879531, port 5201
[  5] local 10.136.173.109 port 55967 connected to 10.43.25.223 port 5201
[ ID] Interval           Transfer     Bitrate         Total Datagrams
[  5]   0.00-1.00   sec  39.4 MBytes   330 Mbits/sec  35070  (omitted)
[  5]   0.00-1.00   sec  54.7 MBytes   459 Mbits/sec  48680  
[  5]   1.00-2.00   sec  52.6 MBytes   441 Mbits/sec  46820  
[  5]   2.00-3.00   sec  53.8 MBytes   451 Mbits/sec  47890  
[  5]   3.00-4.00   sec  56.8 MBytes   476 Mbits/sec  50520  
[  5]   4.00-5.00   sec  58.7 MBytes   492 Mbits/sec  52260  
[  5]   5.00-6.00   sec  54.7 MBytes   459 Mbits/sec  48700  
[  5]   6.00-7.00   sec  55.8 MBytes   468 Mbits/sec  49670  
[  5]   7.00-8.00   sec  58.2 MBytes   488 Mbits/sec  51800  
[  5]   8.00-9.00   sec  58.7 MBytes   492 Mbits/sec  52240  
[  5]   9.00-10.00  sec  53.7 MBytes   450 Mbits/sec  47770  
[  5]  10.00-11.00  sec  55.9 MBytes   469 Mbits/sec  49760  
[  5]  11.00-12.00  sec  56.5 MBytes   474 Mbits/sec  50290  
[  5]  12.00-13.00  sec  57.5 MBytes   482 Mbits/sec  51150  
[  5]  13.00-14.00  sec  55.0 MBytes   461 Mbits/sec  48920  
[  5]  14.00-15.00  sec  57.1 MBytes   479 Mbits/sec  50790  
[  5]  15.00-16.00  sec  53.6 MBytes   450 Mbits/sec  47750  
[  5]  16.00-17.00  sec  55.1 MBytes   463 Mbits/sec  49080  
[  5]  17.00-18.00  sec  56.3 MBytes   472 Mbits/sec  50130  
[  5]  18.00-19.00  sec  53.1 MBytes   446 Mbits/sec  47290  
[  5]  19.00-20.00  sec  55.1 MBytes   462 Mbits/sec  49070  
[  5]  20.00-21.00  sec  53.4 MBytes   448 Mbits/sec  47550  
[  5]  21.00-22.00  sec  52.4 MBytes   439 Mbits/sec  46630  
[  5]  22.00-23.00  sec  56.8 MBytes   476 Mbits/sec  50520  
[  5]  23.00-24.00  sec  58.7 MBytes   492 Mbits/sec  52210  
[  5]  24.00-25.00  sec  55.3 MBytes   464 Mbits/sec  49240  
[  5]  25.00-26.00  sec  54.9 MBytes   461 Mbits/sec  48870  
[  5]  26.00-27.00  sec  55.7 MBytes   467 Mbits/sec  49590  
[  5]  27.00-28.00  sec  53.1 MBytes   445 Mbits/sec  47230  
[  5]  28.00-29.00  sec  57.7 MBytes   484 Mbits/sec  51320  
[  5]  29.00-30.00  sec  55.4 MBytes   465 Mbits/sec  49340  
[  5]  30.00-31.00  sec  57.1 MBytes   479 Mbits/sec  50810  
[  5]  31.00-32.00  sec  57.3 MBytes   481 Mbits/sec  51030  
[  5]  32.00-33.00  sec  53.8 MBytes   452 Mbits/sec  47910  
[  5]  33.00-34.00  sec  50.9 MBytes   427 Mbits/sec  45270  
[  5]  34.00-35.00  sec  53.8 MBytes   451 Mbits/sec  47870  
[  5]  35.00-36.00  sec  55.4 MBytes   464 Mbits/sec  49280  
[  5]  36.00-37.00  sec  56.2 MBytes   471 Mbits/sec  50020  
[  5]  37.00-38.00  sec  55.5 MBytes   466 Mbits/sec  49410  
[  5]  38.00-39.00  sec  53.8 MBytes   451 Mbits/sec  47900  
[  5]  39.00-40.00  sec  57.4 MBytes   481 Mbits/sec  51070  
[  5]  40.00-41.00  sec  52.6 MBytes   442 Mbits/sec  46860  
[  5]  41.00-42.00  sec  53.6 MBytes   449 Mbits/sec  47680  
[  5]  42.00-43.00  sec  57.4 MBytes   482 Mbits/sec  51130  
[  5]  43.00-44.00  sec  52.8 MBytes   443 Mbits/sec  47040  
[  5]  44.00-45.00  sec  54.8 MBytes   459 Mbits/sec  48750  
[  5]  45.00-46.00  sec  56.1 MBytes   470 Mbits/sec  49910  
[  5]  46.00-47.00  sec  57.2 MBytes   480 Mbits/sec  50880  
[  5]  47.00-48.00  sec  55.0 MBytes   461 Mbits/sec  48940  
[  5]  48.00-49.00  sec  55.7 MBytes   467 Mbits/sec  49580  
[  5]  49.00-50.00  sec  56.4 MBytes   473 Mbits/sec  50160  
[  5]  50.00-51.00  sec  58.9 MBytes   494 Mbits/sec  52400  
[  5]  51.00-52.00  sec  54.8 MBytes   460 Mbits/sec  48820  
[  5]  52.00-53.00  sec  53.4 MBytes   448 Mbits/sec  47520  
[  5]  53.00-54.00  sec  60.2 MBytes   505 Mbits/sec  53580  
[  5]  54.00-55.00  sec  57.5 MBytes   482 Mbits/sec  51150  
[  5]  55.00-56.00  sec  57.5 MBytes   482 Mbits/sec  51170  
[  5]  56.00-57.00  sec  52.8 MBytes   443 Mbits/sec  47020  
[  5]  57.00-58.00  sec  50.6 MBytes   425 Mbits/sec  45050  
[  5]  58.00-59.00  sec  50.6 MBytes   425 Mbits/sec  45050  
[  5]  59.00-60.00  sec  56.0 MBytes   470 Mbits/sec  49820  
- - - - - - - - - - - - - - - - - - - - - - - - -
[ ID] Interval           Transfer     Bitrate         Jitter    Lost/Total Datagrams
[  5]   0.00-60.00  sec  3.24 GBytes   464 Mbits/sec  0.000 ms  0/2956160 (0%)  sender
[  5]   0.00-61.29  sec   170 MBytes  23.3 Mbits/sec  0.053 ms  2823742/2940135 (96%)  receiver

iperf Done.
