Connecting to host knb-server-802044, port 5201
[  5] local 10.136.173.95 port 41925 connected to 10.43.238.246 port 5201
[ ID] Interval           Transfer     Bitrate         Total Datagrams
[  5]   0.00-1.00   sec  18.9 MBytes   159 Mbits/sec  16820  (omitted)
[  5]   0.00-1.00   sec  75.1 MBytes   630 Mbits/sec  66840  
[  5]   1.00-2.00   sec  74.3 MBytes   623 Mbits/sec  66110  
[  5]   2.00-3.00   sec  74.8 MBytes   627 Mbits/sec  66550  
[  5]   3.00-4.00   sec  73.8 MBytes   619 Mbits/sec  65650  
[  5]   4.00-5.00   sec  74.4 MBytes   624 Mbits/sec  66260  
[  5]   5.00-6.00   sec  74.6 MBytes   625 Mbits/sec  66370  
[  5]   6.00-7.00   sec  75.2 MBytes   631 Mbits/sec  66950  
[  5]   7.00-8.00   sec  75.1 MBytes   630 Mbits/sec  66870  
[  5]   8.00-9.00   sec  74.7 MBytes   627 Mbits/sec  66510  
[  5]   9.00-10.00  sec  73.5 MBytes   617 Mbits/sec  65430  
[  5]  10.00-11.00  sec  71.2 MBytes   597 Mbits/sec  63370  
[  5]  11.00-12.00  sec  65.0 MBytes   545 Mbits/sec  57860  
[  5]  12.00-13.00  sec  74.7 MBytes   627 Mbits/sec  66530  
[  5]  13.00-14.00  sec  74.2 MBytes   622 Mbits/sec  66020  
[  5]  14.00-15.00  sec  75.1 MBytes   630 Mbits/sec  66840  
[  5]  15.00-16.00  sec  74.4 MBytes   624 Mbits/sec  66260  
[  5]  16.00-17.00  sec  75.5 MBytes   633 Mbits/sec  67200  
[  5]  17.00-18.00  sec  75.5 MBytes   634 Mbits/sec  67220  
[  5]  18.00-19.00  sec  75.2 MBytes   631 Mbits/sec  66910  
[  5]  19.00-20.00  sec  72.2 MBytes   606 Mbits/sec  64250  
[  5]  20.00-21.00  sec  74.4 MBytes   624 Mbits/sec  66260  
[  5]  21.00-22.00  sec  68.6 MBytes   575 Mbits/sec  61020  
[  5]  22.00-23.00  sec  72.8 MBytes   611 Mbits/sec  64800  
[  5]  23.00-24.00  sec  74.6 MBytes   626 Mbits/sec  66410  
[  5]  24.00-25.00  sec  71.1 MBytes   596 Mbits/sec  63300  
[  5]  25.00-26.00  sec  74.2 MBytes   623 Mbits/sec  66060  
[  5]  26.00-27.00  sec  74.2 MBytes   622 Mbits/sec  66010  
[  5]  27.00-28.00  sec  73.9 MBytes   620 Mbits/sec  65750  
[  5]  28.00-29.00  sec  74.0 MBytes   621 Mbits/sec  65850  
[  5]  29.00-30.00  sec  60.2 MBytes   505 Mbits/sec  53570  
[  5]  30.00-31.00  sec  74.3 MBytes   623 Mbits/sec  66100  
[  5]  31.00-32.00  sec  75.0 MBytes   629 Mbits/sec  66800  
[  5]  32.00-33.00  sec  75.0 MBytes   629 Mbits/sec  66790  
[  5]  33.00-34.00  sec  73.8 MBytes   619 Mbits/sec  65650  
[  5]  34.00-35.00  sec  74.3 MBytes   623 Mbits/sec  66100  
[  5]  35.00-36.00  sec  74.4 MBytes   624 Mbits/sec  66190  
[  5]  36.00-37.00  sec  74.4 MBytes   624 Mbits/sec  66240  
[  5]  37.00-38.00  sec  73.6 MBytes   618 Mbits/sec  65550  
[  5]  38.00-39.00  sec  72.2 MBytes   606 Mbits/sec  64290  
[  5]  39.00-40.00  sec  67.6 MBytes   567 Mbits/sec  60140  
[  5]  40.00-41.00  sec  74.4 MBytes   624 Mbits/sec  66210  
[  5]  41.00-42.00  sec  58.5 MBytes   491 Mbits/sec  52060  
[  5]  42.00-43.00  sec  75.2 MBytes   631 Mbits/sec  66970  
[  5]  43.00-44.00  sec  74.0 MBytes   621 Mbits/sec  65900  
[  5]  44.00-45.00  sec  74.4 MBytes   624 Mbits/sec  66260  
[  5]  45.00-46.00  sec  74.3 MBytes   623 Mbits/sec  66150  
[  5]  46.00-47.00  sec  74.3 MBytes   623 Mbits/sec  66120  
[  5]  47.00-48.00  sec  74.1 MBytes   622 Mbits/sec  66000  
[  5]  48.00-49.00  sec  73.4 MBytes   616 Mbits/sec  65360  
[  5]  49.00-50.00  sec  70.4 MBytes   591 Mbits/sec  62700  
[  5]  50.00-51.00  sec  73.8 MBytes   619 Mbits/sec  65690  
[  5]  51.00-52.00  sec  73.6 MBytes   618 Mbits/sec  65530  
[  5]  52.00-53.00  sec  73.7 MBytes   618 Mbits/sec  65560  
[  5]  53.00-54.00  sec  72.3 MBytes   606 Mbits/sec  64340  
[  5]  54.00-55.00  sec  74.6 MBytes   626 Mbits/sec  66400  
[  5]  55.00-56.00  sec  75.0 MBytes   629 Mbits/sec  66770  
[  5]  56.00-57.00  sec  74.7 MBytes   626 Mbits/sec  66450  
[  5]  57.00-58.00  sec  68.5 MBytes   575 Mbits/sec  60970  
[  5]  58.00-59.00  sec  72.6 MBytes   609 Mbits/sec  64620  
[  5]  59.00-60.00  sec  73.1 MBytes   613 Mbits/sec  65050  
- - - - - - - - - - - - - - - - - - - - - - - - -
[ ID] Interval           Transfer     Bitrate         Jitter    Lost/Total Datagrams
[  5]   0.00-60.00  sec  4.28 GBytes   613 Mbits/sec  0.000 ms  0/3903990 (0%)  sender
[  5]   0.00-61.72  sec   307 MBytes  41.7 Mbits/sec  0.032 ms  3636098/3892346 (93%)  receiver

iperf Done.
