Connecting to host 10.136.80.164, port 5201
[  5] local 10.136.173.110 port 60453 connected to 10.136.80.164 port 5201
[ ID] Interval           Transfer     Bitrate         Total Datagrams
[  5]   0.00-1.00   sec  34.8 MBytes   292 Mbits/sec  31010  (omitted)
[  5]   0.00-1.00   sec  76.6 MBytes   643 Mbits/sec  68220  
[  5]   1.00-2.00   sec  76.2 MBytes   639 Mbits/sec  67840  
[  5]   2.00-3.00   sec  75.9 MBytes   637 Mbits/sec  67600  
[  5]   3.00-4.00   sec  75.8 MBytes   636 Mbits/sec  67460  
[  5]   4.00-5.00   sec  75.7 MBytes   635 Mbits/sec  67360  
[  5]   5.00-6.00   sec  74.9 MBytes   629 Mbits/sec  66690  
[  5]   6.00-7.00   sec  73.0 MBytes   613 Mbits/sec  65000  
[  5]   7.00-8.00   sec  76.1 MBytes   638 Mbits/sec  67700  
[  5]   8.00-9.00   sec  76.4 MBytes   641 Mbits/sec  68010  
[  5]   9.00-10.00  sec  75.5 MBytes   634 Mbits/sec  67240  
[  5]  10.00-11.00  sec  75.4 MBytes   633 Mbits/sec  67150  
[  5]  11.00-12.00  sec  75.9 MBytes   636 Mbits/sec  67530  
[  5]  12.00-13.00  sec  75.8 MBytes   636 Mbits/sec  67440  
[  5]  13.00-14.00  sec  75.6 MBytes   634 Mbits/sec  67250  
[  5]  14.00-15.00  sec  76.0 MBytes   637 Mbits/sec  67610  
[  5]  15.00-16.00  sec  75.2 MBytes   631 Mbits/sec  66950  
[  5]  16.00-17.00  sec  75.8 MBytes   636 Mbits/sec  67440  
[  5]  17.00-18.00  sec  77.6 MBytes   651 Mbits/sec  69110  
[  5]  18.00-19.00  sec  77.3 MBytes   648 Mbits/sec  68810  
[  5]  19.00-20.00  sec  76.7 MBytes   643 Mbits/sec  68280  
[  5]  20.00-21.00  sec  76.0 MBytes   637 Mbits/sec  67630  
[  5]  21.00-22.00  sec  75.6 MBytes   634 Mbits/sec  67260  
[  5]  22.00-23.00  sec  75.4 MBytes   633 Mbits/sec  67110  
[  5]  23.00-24.00  sec  75.2 MBytes   631 Mbits/sec  66970  
[  5]  24.00-25.00  sec  75.4 MBytes   632 Mbits/sec  67110  
[  5]  25.00-26.00  sec  75.1 MBytes   630 Mbits/sec  66820  
[  5]  26.00-27.00  sec  69.9 MBytes   586 Mbits/sec  62230  
[  5]  27.00-28.00  sec  75.4 MBytes   633 Mbits/sec  67140  
[  5]  28.00-29.00  sec  77.3 MBytes   648 Mbits/sec  68780  
[  5]  29.00-30.00  sec  76.0 MBytes   638 Mbits/sec  67680  
[  5]  30.00-31.00  sec  67.2 MBytes   564 Mbits/sec  59840  
[  5]  31.00-32.00  sec  76.6 MBytes   643 Mbits/sec  68180  
[  5]  32.00-33.00  sec  75.8 MBytes   636 Mbits/sec  67450  
[  5]  33.00-34.00  sec  69.7 MBytes   584 Mbits/sec  62010  
[  5]  34.00-35.00  sec  72.0 MBytes   604 Mbits/sec  64070  
[  5]  35.00-36.00  sec  71.0 MBytes   596 Mbits/sec  63240  
[  5]  36.00-37.00  sec  74.1 MBytes   622 Mbits/sec  66000  
[  5]  37.00-38.00  sec  65.2 MBytes   547 Mbits/sec  58000  
[  5]  38.00-39.00  sec  54.2 MBytes   455 Mbits/sec  48240  
[  5]  39.00-40.00  sec  75.8 MBytes   636 Mbits/sec  67510  
[  5]  40.00-41.00  sec  73.5 MBytes   616 Mbits/sec  65410  
[  5]  41.00-42.00  sec  72.4 MBytes   607 Mbits/sec  64460  
[  5]  42.00-43.00  sec  72.6 MBytes   609 Mbits/sec  64640  
[  5]  43.00-44.00  sec  72.2 MBytes   606 Mbits/sec  64270  
[  5]  44.00-45.00  sec  72.7 MBytes   610 Mbits/sec  64680  
[  5]  45.00-46.00  sec  71.0 MBytes   595 Mbits/sec  63170  
[  5]  46.00-47.00  sec  75.3 MBytes   631 Mbits/sec  67000  
[  5]  47.00-48.00  sec  78.3 MBytes   657 Mbits/sec  69730  
[  5]  48.00-49.00  sec  75.4 MBytes   632 Mbits/sec  67080  
[  5]  49.00-50.00  sec  76.2 MBytes   639 Mbits/sec  67820  
[  5]  50.00-51.00  sec  75.8 MBytes   636 Mbits/sec  67500  
[  5]  51.00-52.00  sec  74.8 MBytes   627 Mbits/sec  66570  
[  5]  52.00-53.00  sec  74.8 MBytes   627 Mbits/sec  66570  
[  5]  53.00-54.00  sec  74.8 MBytes   628 Mbits/sec  66590  
[  5]  54.00-55.00  sec  62.3 MBytes   523 Mbits/sec  55460  
[  5]  55.00-56.00  sec  80.5 MBytes   676 Mbits/sec  71690  
[  5]  56.00-57.00  sec  84.3 MBytes   707 Mbits/sec  75010  
[  5]  57.00-58.00  sec  75.3 MBytes   632 Mbits/sec  67070  
[  5]  58.00-59.00  sec  76.0 MBytes   638 Mbits/sec  67650  
[  5]  59.00-60.00  sec  76.4 MBytes   641 Mbits/sec  68000  
- - - - - - - - - - - - - - - - - - - - - - - - -
[ ID] Interval           Transfer     Bitrate         Jitter    Lost/Total Datagrams
[  5]   0.00-60.00  sec  4.36 GBytes   624 Mbits/sec  0.000 ms  0/3974330 (0%)  sender
[  5]   0.00-61.52  sec   318 MBytes  43.3 Mbits/sec  0.032 ms  3697780/3949976 (94%)  receiver

iperf Done.
