Connecting to host 10.136.80.181, port 5201
[  5] local 10.136.173.97 port 35938 connected to 10.136.80.181 port 5201
[ ID] Interval           Transfer     Bitrate         Total Datagrams
[  5]   0.00-1.00   sec  52.2 MBytes   438 Mbits/sec  46500  (omitted)
[  5]   0.00-1.00   sec  53.8 MBytes   451 Mbits/sec  47860  
[  5]   1.00-2.00   sec  56.3 MBytes   472 Mbits/sec  50080  
[  5]   2.00-3.00   sec  50.6 MBytes   424 Mbits/sec  45010  
[  5]   3.00-4.00   sec  55.6 MBytes   467 Mbits/sec  49500  
[  5]   4.00-5.00   sec  52.1 MBytes   438 Mbits/sec  46420  
[  5]   5.00-6.00   sec  50.5 MBytes   424 Mbits/sec  44970  
[  5]   6.00-7.00   sec  56.2 MBytes   472 Mbits/sec  50060  
[  5]   7.00-8.00   sec  49.9 MBytes   418 Mbits/sec  44390  
[  5]   8.00-9.00   sec  51.3 MBytes   430 Mbits/sec  45620  
[  5]   9.00-10.00  sec  50.1 MBytes   421 Mbits/sec  44620  
[  5]  10.00-11.00  sec  56.0 MBytes   470 Mbits/sec  49830  
[  5]  11.00-12.00  sec  53.9 MBytes   452 Mbits/sec  47970  
[  5]  12.00-13.00  sec  51.8 MBytes   434 Mbits/sec  46070  
[  5]  13.00-14.00  sec  51.4 MBytes   431 Mbits/sec  45720  
[  5]  14.00-15.00  sec  51.9 MBytes   435 Mbits/sec  46170  
[  5]  15.00-16.00  sec  51.5 MBytes   432 Mbits/sec  45840  
[  5]  16.00-17.00  sec  52.2 MBytes   438 Mbits/sec  46500  
[  5]  17.00-18.00  sec  51.5 MBytes   432 Mbits/sec  45850  
[  5]  18.00-19.00  sec  52.1 MBytes   437 Mbits/sec  46390  
[  5]  19.00-20.00  sec  52.3 MBytes   438 Mbits/sec  46510  
[  5]  20.00-21.00  sec  51.5 MBytes   432 Mbits/sec  45860  
[  5]  21.00-22.00  sec  53.5 MBytes   448 Mbits/sec  47580  
[  5]  22.00-23.00  sec  52.1 MBytes   437 Mbits/sec  46380  
[  5]  23.00-24.00  sec  54.9 MBytes   460 Mbits/sec  48850  
[  5]  24.00-25.00  sec  53.5 MBytes   449 Mbits/sec  47620  
[  5]  25.00-26.00  sec  52.2 MBytes   438 Mbits/sec  46470  
[  5]  26.00-27.00  sec  51.7 MBytes   434 Mbits/sec  46040  
[  5]  27.00-28.00  sec  50.7 MBytes   425 Mbits/sec  45140  
[  5]  28.00-29.00  sec  52.2 MBytes   438 Mbits/sec  46500  
[  5]  29.00-30.00  sec  54.3 MBytes   456 Mbits/sec  48340  
[  5]  30.00-31.00  sec  51.4 MBytes   432 Mbits/sec  45790  
[  5]  31.00-32.00  sec  52.1 MBytes   437 Mbits/sec  46420  
[  5]  32.00-33.00  sec  51.0 MBytes   428 Mbits/sec  45370  
[  5]  33.00-34.00  sec  52.3 MBytes   438 Mbits/sec  46530  
[  5]  34.00-35.00  sec  52.6 MBytes   441 Mbits/sec  46820  
[  5]  35.00-36.00  sec  50.8 MBytes   426 Mbits/sec  45200  
[  5]  36.00-37.00  sec  50.1 MBytes   421 Mbits/sec  44640  
[  5]  37.00-38.00  sec  52.6 MBytes   442 Mbits/sec  46850  
[  5]  38.00-39.00  sec  51.2 MBytes   429 Mbits/sec  45550  
[  5]  39.00-40.00  sec  54.4 MBytes   456 Mbits/sec  48390  
[  5]  40.00-41.00  sec  51.6 MBytes   433 Mbits/sec  45960  
[  5]  41.00-42.00  sec  55.1 MBytes   462 Mbits/sec  49020  
[  5]  42.00-43.00  sec  53.7 MBytes   450 Mbits/sec  47780  
[  5]  43.00-44.00  sec  53.9 MBytes   452 Mbits/sec  48020  
[  5]  44.00-45.00  sec  52.0 MBytes   436 Mbits/sec  46270  
[  5]  45.00-46.00  sec  51.8 MBytes   434 Mbits/sec  46100  
[  5]  46.00-47.00  sec  53.6 MBytes   450 Mbits/sec  47720  
[  5]  47.00-48.00  sec  51.1 MBytes   429 Mbits/sec  45490  
[  5]  48.00-49.00  sec  50.5 MBytes   423 Mbits/sec  44920  
[  5]  49.00-50.00  sec  50.7 MBytes   425 Mbits/sec  45110  
[  5]  50.00-51.00  sec  50.4 MBytes   423 Mbits/sec  44900  
[  5]  51.00-52.00  sec  53.1 MBytes   446 Mbits/sec  47300  
[  5]  52.00-53.00  sec  49.8 MBytes   418 Mbits/sec  44310  
[  5]  53.00-54.00  sec  53.1 MBytes   446 Mbits/sec  47310  
[  5]  54.00-55.00  sec  52.8 MBytes   443 Mbits/sec  46980  
[  5]  55.00-56.00  sec  53.1 MBytes   446 Mbits/sec  47290  
[  5]  56.00-57.00  sec  54.3 MBytes   455 Mbits/sec  48290  
[  5]  57.00-58.00  sec  54.1 MBytes   454 Mbits/sec  48120  
[  5]  58.00-59.00  sec  43.2 MBytes   362 Mbits/sec  38420  
[  5]  59.00-60.00  sec  42.0 MBytes   353 Mbits/sec  37410  
- - - - - - - - - - - - - - - - - - - - - - - - -
[ ID] Interval           Transfer     Bitrate         Jitter    Lost/Total Datagrams
[  5]   0.00-60.00  sec  3.05 GBytes   437 Mbits/sec  0.000 ms  0/2782440 (0%)  sender
[  5]   0.00-60.24  sec  1.88 GBytes   268 Mbits/sec  0.009 ms  1086661/2782440 (39%)  receiver

iperf Done.
