Connecting to host knb-server-839782, port 5201
[  5] local 10.136.173.91 port 60522 connected to 10.43.82.151 port 5201
[ ID] Interval           Transfer     Bitrate         Total Datagrams
[  5]   0.00-1.00   sec  35.2 MBytes   295 Mbits/sec  31310  (omitted)
[  5]   0.00-1.00   sec  53.3 MBytes   447 Mbits/sec  47460  
[  5]   1.00-2.00   sec  55.3 MBytes   464 Mbits/sec  49240  
[  5]   2.00-3.00   sec  54.9 MBytes   461 Mbits/sec  48910  
[  5]   3.00-4.00   sec  51.1 MBytes   429 Mbits/sec  45530  
[  5]   4.00-5.00   sec  53.7 MBytes   450 Mbits/sec  47770  
[  5]   5.00-6.00   sec  53.5 MBytes   449 Mbits/sec  47630  
[  5]   6.00-7.00   sec  53.2 MBytes   447 Mbits/sec  47380  
[  5]   7.00-8.00   sec  57.7 MBytes   484 Mbits/sec  51330  
[  5]   8.00-9.00   sec  55.6 MBytes   466 Mbits/sec  49470  
[  5]   9.00-10.00  sec  51.3 MBytes   430 Mbits/sec  45670  
[  5]  10.00-11.00  sec  51.8 MBytes   435 Mbits/sec  46140  
[  5]  11.00-12.00  sec  53.3 MBytes   447 Mbits/sec  47460  
[  5]  12.00-13.00  sec  53.1 MBytes   445 Mbits/sec  47230  
[  5]  13.00-14.00  sec  54.7 MBytes   459 Mbits/sec  48730  
[  5]  14.00-15.00  sec  54.9 MBytes   461 Mbits/sec  48890  
[  5]  15.00-16.00  sec  51.1 MBytes   429 Mbits/sec  45530  
[  5]  16.00-17.00  sec  51.4 MBytes   431 Mbits/sec  45720  
[  5]  17.00-18.00  sec  56.0 MBytes   470 Mbits/sec  49870  
[  5]  18.00-19.00  sec  58.6 MBytes   491 Mbits/sec  52140  
[  5]  19.00-20.00  sec  55.6 MBytes   466 Mbits/sec  49500  
[  5]  20.00-21.00  sec  51.3 MBytes   430 Mbits/sec  45660  
[  5]  21.00-22.00  sec  50.3 MBytes   422 Mbits/sec  44760  
[  5]  22.00-23.00  sec  53.1 MBytes   445 Mbits/sec  47230  
[  5]  23.00-24.00  sec  54.6 MBytes   458 Mbits/sec  48590  
[  5]  24.00-25.00  sec  58.0 MBytes   487 Mbits/sec  51650  
[  5]  25.00-26.00  sec  53.9 MBytes   452 Mbits/sec  47940  
[  5]  26.00-27.00  sec  56.4 MBytes   474 Mbits/sec  50240  
[  5]  27.00-28.00  sec  54.5 MBytes   457 Mbits/sec  48470  
[  5]  28.00-29.00  sec  55.1 MBytes   462 Mbits/sec  49060  
[  5]  29.00-30.00  sec  55.2 MBytes   463 Mbits/sec  49100  
[  5]  30.00-31.00  sec  55.0 MBytes   462 Mbits/sec  49000  
[  5]  31.00-32.00  sec  55.7 MBytes   468 Mbits/sec  49620  
[  5]  32.00-33.00  sec  53.2 MBytes   446 Mbits/sec  47360  
[  5]  33.00-34.00  sec  53.1 MBytes   445 Mbits/sec  47260  
[  5]  34.00-35.00  sec  60.5 MBytes   507 Mbits/sec  53820  
[  5]  35.00-36.00  sec  50.2 MBytes   421 Mbits/sec  44710  
[  5]  36.00-37.00  sec  50.4 MBytes   423 Mbits/sec  44890  
[  5]  37.00-38.00  sec  53.7 MBytes   450 Mbits/sec  47790  
[  5]  38.00-39.00  sec  50.4 MBytes   423 Mbits/sec  44860  
[  5]  39.00-40.00  sec  56.7 MBytes   476 Mbits/sec  50490  
[  5]  40.00-41.00  sec  51.8 MBytes   434 Mbits/sec  46100  
[  5]  41.00-42.00  sec  54.9 MBytes   461 Mbits/sec  48890  
[  5]  42.00-43.00  sec  52.6 MBytes   441 Mbits/sec  46810  
[  5]  43.00-44.00  sec  54.0 MBytes   453 Mbits/sec  48080  
[  5]  44.00-45.00  sec  55.4 MBytes   465 Mbits/sec  49350  
[  5]  45.00-46.00  sec  53.3 MBytes   447 Mbits/sec  47430  
[  5]  46.00-47.00  sec  58.3 MBytes   489 Mbits/sec  51900  
[  5]  47.00-48.00  sec  55.4 MBytes   464 Mbits/sec  49280  
[  5]  48.00-49.00  sec  57.5 MBytes   482 Mbits/sec  51150  
[  5]  49.00-50.00  sec  56.8 MBytes   476 Mbits/sec  50530  
[  5]  50.00-51.00  sec  54.4 MBytes   456 Mbits/sec  48400  
[  5]  51.00-52.00  sec  53.4 MBytes   448 Mbits/sec  47500  
[  5]  52.00-53.00  sec  55.4 MBytes   465 Mbits/sec  49350  
[  5]  53.00-54.00  sec  53.8 MBytes   451 Mbits/sec  47910  
[  5]  54.00-55.00  sec  56.5 MBytes   474 Mbits/sec  50270  
[  5]  55.00-56.00  sec  54.3 MBytes   456 Mbits/sec  48350  
[  5]  56.00-57.00  sec  55.1 MBytes   463 Mbits/sec  49080  
[  5]  57.00-58.00  sec  53.0 MBytes   445 Mbits/sec  47190  
[  5]  58.00-59.00  sec  58.1 MBytes   487 Mbits/sec  51700  
[  5]  59.00-60.00  sec  56.0 MBytes   470 Mbits/sec  49890  
- - - - - - - - - - - - - - - - - - - - - - - - -
[ ID] Interval           Transfer     Bitrate         Jitter    Lost/Total Datagrams
[  5]   0.00-60.00  sec  3.19 GBytes   456 Mbits/sec  0.000 ms  0/2903260 (0%)  sender
[  5]   0.00-61.27  sec   163 MBytes  22.3 Mbits/sec  0.020 ms  2774012/2888044 (96%)  receiver

iperf Done.
