Connecting to host 10.136.80.141, port 5201
[  5] local 10.136.173.78 port 56969 connected to 10.136.80.141 port 5201
[ ID] Interval           Transfer     Bitrate         Total Datagrams
[  5]   0.00-1.00   sec  58.1 MBytes   487 Mbits/sec  51700  (omitted)
[  5]   0.00-1.00   sec  58.9 MBytes   494 Mbits/sec  52440  
[  5]   1.00-2.00   sec  59.2 MBytes   496 Mbits/sec  52670  
[  5]   2.00-3.00   sec  57.7 MBytes   484 Mbits/sec  51350  
[  5]   3.00-4.00   sec  58.2 MBytes   488 Mbits/sec  51780  
[  5]   4.00-5.00   sec  67.3 MBytes   564 Mbits/sec  59880  
[  5]   5.00-6.00   sec  77.0 MBytes   646 Mbits/sec  68580  
[  5]   6.00-7.00   sec  77.3 MBytes   648 Mbits/sec  68770  
[  5]   7.00-8.00   sec  81.5 MBytes   684 Mbits/sec  72540  
[  5]   8.00-9.00   sec  82.4 MBytes   691 Mbits/sec  73340  
[  5]   9.00-10.00  sec  81.6 MBytes   684 Mbits/sec  72610  
[  5]  10.00-11.00  sec  83.3 MBytes   699 Mbits/sec  74160  
[  5]  11.00-12.00  sec  82.3 MBytes   690 Mbits/sec  73220  
[  5]  12.00-13.00  sec  82.0 MBytes   688 Mbits/sec  73020  
[  5]  13.00-14.00  sec  82.1 MBytes   689 Mbits/sec  73090  
[  5]  14.00-15.00  sec  80.8 MBytes   678 Mbits/sec  71930  
[  5]  15.00-16.00  sec  81.5 MBytes   683 Mbits/sec  72510  
[  5]  16.00-17.00  sec  79.4 MBytes   666 Mbits/sec  70670  
[  5]  17.00-18.00  sec  81.4 MBytes   683 Mbits/sec  72460  
[  5]  18.00-19.00  sec  83.7 MBytes   702 Mbits/sec  74480  
[  5]  19.00-20.00  sec  81.2 MBytes   681 Mbits/sec  72250  
[  5]  20.00-21.00  sec  81.1 MBytes   680 Mbits/sec  72180  
[  5]  21.00-22.00  sec  80.9 MBytes   678 Mbits/sec  72000  
[  5]  22.00-23.00  sec  83.0 MBytes   696 Mbits/sec  73900  
[  5]  23.00-24.00  sec  82.7 MBytes   694 Mbits/sec  73590  
[  5]  24.00-25.00  sec  84.2 MBytes   706 Mbits/sec  74950  
[  5]  25.00-26.00  sec  82.0 MBytes   688 Mbits/sec  72970  
[  5]  26.00-27.00  sec  81.6 MBytes   684 Mbits/sec  72600  
[  5]  27.00-28.00  sec  82.2 MBytes   690 Mbits/sec  73190  
[  5]  28.00-29.00  sec  81.4 MBytes   683 Mbits/sec  72450  
[  5]  29.00-30.00  sec  82.2 MBytes   689 Mbits/sec  73150  
[  5]  30.00-31.00  sec  81.5 MBytes   684 Mbits/sec  72540  
[  5]  31.00-32.00  sec  85.8 MBytes   720 Mbits/sec  76350  
[  5]  32.00-33.00  sec  82.4 MBytes   691 Mbits/sec  73320  
[  5]  33.00-34.00  sec  82.4 MBytes   692 Mbits/sec  73380  
[  5]  34.00-35.00  sec  79.2 MBytes   664 Mbits/sec  70500  
[  5]  35.00-36.00  sec  77.1 MBytes   647 Mbits/sec  68630  
[  5]  36.00-37.00  sec  77.4 MBytes   649 Mbits/sec  68910  
[  5]  37.00-38.00  sec  81.8 MBytes   686 Mbits/sec  72780  
[  5]  38.00-39.00  sec  80.3 MBytes   674 Mbits/sec  71490  
[  5]  39.00-40.00  sec  80.7 MBytes   677 Mbits/sec  71840  
[  5]  40.00-41.00  sec  76.3 MBytes   640 Mbits/sec  67940  
[  5]  41.00-42.00  sec  76.2 MBytes   639 Mbits/sec  67830  
[  5]  42.00-43.00  sec  76.0 MBytes   637 Mbits/sec  67610  
[  5]  43.00-44.00  sec  77.6 MBytes   651 Mbits/sec  69050  
[  5]  44.00-45.00  sec  77.7 MBytes   651 Mbits/sec  69120  
[  5]  45.00-46.00  sec  77.9 MBytes   654 Mbits/sec  69380  
[  5]  46.00-47.00  sec  77.0 MBytes   646 Mbits/sec  68530  
[  5]  47.00-48.00  sec  78.2 MBytes   656 Mbits/sec  69580  
[  5]  48.00-49.00  sec  77.0 MBytes   646 Mbits/sec  68560  
[  5]  49.00-50.00  sec  76.3 MBytes   640 Mbits/sec  67930  
[  5]  50.00-51.00  sec  76.2 MBytes   640 Mbits/sec  67860  
[  5]  51.00-52.00  sec  76.7 MBytes   644 Mbits/sec  68290  
[  5]  52.00-53.00  sec  76.4 MBytes   641 Mbits/sec  68000  
[  5]  53.00-54.00  sec  74.1 MBytes   621 Mbits/sec  65930  
[  5]  54.00-55.00  sec  71.6 MBytes   600 Mbits/sec  63720  
[  5]  55.00-56.00  sec  76.7 MBytes   643 Mbits/sec  68260  
[  5]  56.00-57.00  sec  76.2 MBytes   639 Mbits/sec  67810  
[  5]  57.00-58.00  sec  82.1 MBytes   689 Mbits/sec  73120  
[  5]  58.00-59.00  sec  82.2 MBytes   690 Mbits/sec  73200  
[  5]  59.00-60.00  sec  83.0 MBytes   696 Mbits/sec  73870  
- - - - - - - - - - - - - - - - - - - - - - - - -
[ ID] Interval           Transfer     Bitrate         Jitter    Lost/Total Datagrams
[  5]   0.00-60.00  sec  4.58 GBytes   656 Mbits/sec  0.000 ms  0/4178060 (0%)  sender
[  5]   0.00-60.08  sec  2.35 GBytes   336 Mbits/sec  0.009 ms  2061574/4178060 (49%)  receiver

iperf Done.
