Connecting to host 10.136.80.189, port 5201
[  5] local 10.136.173.93 port 41356 connected to 10.136.80.189 port 5201
[ ID] Interval           Transfer     Bitrate         Total Datagrams
[  5]   0.00-1.00   sec  55.8 MBytes   468 Mbits/sec  49670  (omitted)
[  5]   0.00-1.00   sec  53.7 MBytes   451 Mbits/sec  47840  
[  5]   1.00-2.00   sec  58.3 MBytes   489 Mbits/sec  51880  
[  5]   2.00-3.00   sec  59.0 MBytes   495 Mbits/sec  52510  
[  5]   3.00-4.00   sec  54.9 MBytes   461 Mbits/sec  48860  
[  5]   4.00-5.00   sec  53.1 MBytes   446 Mbits/sec  47280  
[  5]   5.00-6.00   sec  58.1 MBytes   488 Mbits/sec  51730  
[  5]   6.00-7.00   sec  61.1 MBytes   513 Mbits/sec  54410  
[  5]   7.00-8.00   sec  59.3 MBytes   498 Mbits/sec  52810  
[  5]   8.00-9.00   sec  56.1 MBytes   470 Mbits/sec  49910  
[  5]   9.00-10.00  sec  57.8 MBytes   485 Mbits/sec  51470  
[  5]  10.00-11.00  sec  56.8 MBytes   477 Mbits/sec  50570  
[  5]  11.00-12.00  sec  61.8 MBytes   518 Mbits/sec  54990  
[  5]  12.00-13.00  sec  57.4 MBytes   481 Mbits/sec  51050  
[  5]  13.00-14.00  sec  56.5 MBytes   474 Mbits/sec  50280  
[  5]  14.00-15.00  sec  58.9 MBytes   494 Mbits/sec  52390  
[  5]  15.00-16.00  sec  54.0 MBytes   453 Mbits/sec  48030  
[  5]  16.00-17.00  sec  56.0 MBytes   470 Mbits/sec  49850  
[  5]  17.00-18.00  sec  54.9 MBytes   461 Mbits/sec  48910  
[  5]  18.00-19.00  sec  54.6 MBytes   458 Mbits/sec  48620  
[  5]  19.00-20.00  sec  59.8 MBytes   502 Mbits/sec  53260  
[  5]  20.00-21.00  sec  57.5 MBytes   482 Mbits/sec  51140  
[  5]  21.00-22.00  sec  55.9 MBytes   469 Mbits/sec  49770  
[  5]  22.00-23.00  sec  59.7 MBytes   500 Mbits/sec  53100  
[  5]  23.00-24.00  sec  52.1 MBytes   437 Mbits/sec  46370  
[  5]  24.00-25.00  sec  60.7 MBytes   509 Mbits/sec  53990  
[  5]  25.00-26.00  sec  57.5 MBytes   483 Mbits/sec  51210  
[  5]  26.00-27.00  sec  56.0 MBytes   470 Mbits/sec  49880  
[  5]  27.00-28.00  sec  55.1 MBytes   462 Mbits/sec  49040  
[  5]  28.00-29.00  sec  56.0 MBytes   470 Mbits/sec  49870  
[  5]  29.00-30.00  sec  57.8 MBytes   485 Mbits/sec  51440  
[  5]  30.00-31.00  sec  60.1 MBytes   504 Mbits/sec  53480  
[  5]  31.00-32.00  sec  55.8 MBytes   468 Mbits/sec  49640  
[  5]  32.00-33.00  sec  58.4 MBytes   490 Mbits/sec  51970  
[  5]  33.00-34.00  sec  57.0 MBytes   478 Mbits/sec  50770  
[  5]  34.00-35.00  sec  53.9 MBytes   452 Mbits/sec  48000  
[  5]  35.00-36.00  sec  58.6 MBytes   491 Mbits/sec  52140  
[  5]  36.00-37.00  sec  55.5 MBytes   466 Mbits/sec  49410  
[  5]  37.00-38.00  sec  57.9 MBytes   485 Mbits/sec  51520  
[  5]  38.00-39.00  sec  54.5 MBytes   457 Mbits/sec  48490  
[  5]  39.00-40.00  sec  57.3 MBytes   481 Mbits/sec  51010  
[  5]  40.00-41.00  sec  53.9 MBytes   452 Mbits/sec  47970  
[  5]  41.00-42.00  sec  55.1 MBytes   463 Mbits/sec  49080  
[  5]  42.00-43.00  sec  56.0 MBytes   470 Mbits/sec  49820  
[  5]  43.00-44.00  sec  54.9 MBytes   461 Mbits/sec  48870  
[  5]  44.00-45.00  sec  60.0 MBytes   503 Mbits/sec  53390  
[  5]  45.00-46.00  sec  61.7 MBytes   518 Mbits/sec  54910  
[  5]  46.00-47.00  sec  59.1 MBytes   496 Mbits/sec  52650  
[  5]  47.00-48.00  sec  59.3 MBytes   497 Mbits/sec  52770  
[  5]  48.00-49.00  sec  54.8 MBytes   460 Mbits/sec  48810  
[  5]  49.00-50.00  sec  55.0 MBytes   461 Mbits/sec  48940  
[  5]  50.00-51.00  sec  59.2 MBytes   496 Mbits/sec  52660  
[  5]  51.00-52.00  sec  58.6 MBytes   491 Mbits/sec  52120  
[  5]  52.00-53.00  sec  52.1 MBytes   437 Mbits/sec  46380  
[  5]  53.00-54.00  sec  53.5 MBytes   449 Mbits/sec  47660  
[  5]  54.00-55.00  sec  58.3 MBytes   489 Mbits/sec  51910  
[  5]  55.00-56.00  sec  52.2 MBytes   438 Mbits/sec  46440  
[  5]  56.00-57.00  sec  51.7 MBytes   434 Mbits/sec  46020  
[  5]  57.00-58.00  sec  51.2 MBytes   430 Mbits/sec  45610  
[  5]  58.00-59.00  sec  50.3 MBytes   422 Mbits/sec  44750  
[  5]  59.00-60.00  sec  52.9 MBytes   444 Mbits/sec  47090  
- - - - - - - - - - - - - - - - - - - - - - - - -
[ ID] Interval           Transfer     Bitrate         Jitter    Lost/Total Datagrams
[  5]   0.00-60.00  sec  3.31 GBytes   474 Mbits/sec  0.000 ms  0/3016740 (0%)  sender
[  5]   0.00-60.98  sec   284 MBytes  39.0 Mbits/sec  0.016 ms  2809343/3013651 (93%)  receiver

iperf Done.
