Connecting to host 10.136.80.177, port 5201
[  5] local 10.136.173.85 port 41873 connected to 10.136.80.177 port 5201
[ ID] Interval           Transfer     Bitrate         Total Datagrams
[  5]   0.00-1.00   sec  59.0 MBytes   495 Mbits/sec  52500  (omitted)
[  5]   0.00-1.00   sec  52.3 MBytes   439 Mbits/sec  46580  
[  5]   1.00-2.00   sec  53.5 MBytes   449 Mbits/sec  47630  
[  5]   2.00-3.00   sec  53.6 MBytes   450 Mbits/sec  47750  
[  5]   3.00-4.00   sec  54.6 MBytes   458 Mbits/sec  48600  
[  5]   4.00-5.00   sec  54.8 MBytes   460 Mbits/sec  48760  
[  5]   5.00-6.00   sec  51.8 MBytes   435 Mbits/sec  46120  
[  5]   6.00-7.00   sec  55.4 MBytes   465 Mbits/sec  49350  
[  5]   7.00-8.00   sec  53.4 MBytes   448 Mbits/sec  47510  
[  5]   8.00-9.00   sec  54.6 MBytes   458 Mbits/sec  48630  
[  5]   9.00-10.00  sec  53.2 MBytes   447 Mbits/sec  47390  
[  5]  10.00-11.00  sec  54.8 MBytes   460 Mbits/sec  48760  
[  5]  11.00-12.00  sec  53.4 MBytes   448 Mbits/sec  47510  
[  5]  12.00-13.00  sec  52.9 MBytes   444 Mbits/sec  47100  
[  5]  13.00-14.00  sec  51.6 MBytes   433 Mbits/sec  45920  
[  5]  14.00-15.00  sec  53.1 MBytes   445 Mbits/sec  47270  
[  5]  15.00-16.00  sec  50.6 MBytes   425 Mbits/sec  45050  
[  5]  16.00-17.00  sec  53.3 MBytes   447 Mbits/sec  47460  
[  5]  17.00-18.00  sec  50.8 MBytes   426 Mbits/sec  45250  
[  5]  18.00-19.00  sec  55.7 MBytes   467 Mbits/sec  49550  
[  5]  19.00-20.00  sec  52.9 MBytes   444 Mbits/sec  47100  
[  5]  20.00-21.00  sec  52.0 MBytes   436 Mbits/sec  46250  
[  5]  21.00-22.00  sec  56.8 MBytes   476 Mbits/sec  50570  
[  5]  22.00-23.00  sec  52.9 MBytes   444 Mbits/sec  47120  
[  5]  23.00-24.00  sec  53.0 MBytes   445 Mbits/sec  47200  
[  5]  24.00-25.00  sec  57.4 MBytes   481 Mbits/sec  51060  
[  5]  25.00-26.00  sec  55.8 MBytes   468 Mbits/sec  49670  
[  5]  26.00-27.00  sec  51.7 MBytes   433 Mbits/sec  45990  
[  5]  27.00-28.00  sec  52.8 MBytes   443 Mbits/sec  47020  
[  5]  28.00-29.00  sec  53.9 MBytes   452 Mbits/sec  48010  
[  5]  29.00-30.00  sec  53.6 MBytes   450 Mbits/sec  47730  
[  5]  30.00-31.00  sec  53.0 MBytes   445 Mbits/sec  47200  
[  5]  31.00-32.00  sec  51.8 MBytes   435 Mbits/sec  46130  
[  5]  32.00-33.00  sec  55.4 MBytes   465 Mbits/sec  49310  
[  5]  33.00-34.00  sec  55.0 MBytes   461 Mbits/sec  48960  
[  5]  34.00-35.00  sec  53.2 MBytes   446 Mbits/sec  47320  
[  5]  35.00-36.00  sec  54.4 MBytes   456 Mbits/sec  48430  
[  5]  36.00-37.00  sec  49.5 MBytes   415 Mbits/sec  44020  
[  5]  37.00-38.00  sec  55.2 MBytes   463 Mbits/sec  49110  
[  5]  38.00-39.00  sec  54.5 MBytes   457 Mbits/sec  48510  
[  5]  39.00-40.00  sec  54.3 MBytes   455 Mbits/sec  48340  
[  5]  40.00-41.00  sec  53.4 MBytes   448 Mbits/sec  47500  
[  5]  41.00-42.00  sec  48.9 MBytes   410 Mbits/sec  43540  
[  5]  42.00-43.00  sec  52.3 MBytes   438 Mbits/sec  46520  
[  5]  43.00-44.00  sec  52.1 MBytes   437 Mbits/sec  46380  
[  5]  44.00-45.00  sec  53.2 MBytes   447 Mbits/sec  47390  
[  5]  45.00-46.00  sec  53.0 MBytes   445 Mbits/sec  47170  
[  5]  46.00-47.00  sec  51.1 MBytes   429 Mbits/sec  45500  
[  5]  47.00-48.00  sec  51.1 MBytes   428 Mbits/sec  45470  
[  5]  48.00-49.00  sec  53.6 MBytes   450 Mbits/sec  47700  
[  5]  49.00-50.00  sec  52.0 MBytes   436 Mbits/sec  46280  
[  5]  50.00-51.00  sec  58.1 MBytes   488 Mbits/sec  51730  
[  5]  51.00-52.00  sec  53.3 MBytes   447 Mbits/sec  47410  
[  5]  52.00-53.00  sec  53.2 MBytes   446 Mbits/sec  47330  
[  5]  53.00-54.00  sec  51.4 MBytes   431 Mbits/sec  45770  
[  5]  54.00-55.00  sec  51.8 MBytes   434 Mbits/sec  46080  
[  5]  55.00-56.00  sec  54.3 MBytes   456 Mbits/sec  48340  
[  5]  56.00-57.00  sec  52.5 MBytes   440 Mbits/sec  46720  
[  5]  57.00-58.00  sec  52.5 MBytes   441 Mbits/sec  46760  
[  5]  58.00-59.00  sec  59.0 MBytes   495 Mbits/sec  52500  
[  5]  59.00-60.00  sec  53.5 MBytes   449 Mbits/sec  47660  
- - - - - - - - - - - - - - - - - - - - - - - - -
[ ID] Interval           Transfer     Bitrate         Jitter    Lost/Total Datagrams
[  5]   0.00-60.00  sec  3.13 GBytes   448 Mbits/sec  0.000 ms  0/2850990 (0%)  sender
[  5]   0.00-60.24  sec  1.87 GBytes   266 Mbits/sec  0.327 ms  1172367/2850990 (41%)  receiver

iperf Done.
