Connecting to host 10.136.80.131, port 5201
[  5] local 10.136.173.66 port 43435 connected to 10.136.80.131 port 5201
[ ID] Interval           Transfer     Bitrate         Total Datagrams
[  5]   0.00-1.00   sec  76.9 MBytes   645 Mbits/sec  68490  (omitted)
[  5]   0.00-1.00   sec  78.7 MBytes   661 Mbits/sec  70090  
[  5]   1.00-2.00   sec  79.2 MBytes   664 Mbits/sec  70460  
[  5]   2.00-3.00   sec  78.4 MBytes   658 Mbits/sec  69820  
[  5]   3.00-4.00   sec  79.5 MBytes   667 Mbits/sec  70740  
[  5]   4.00-5.00   sec  78.9 MBytes   662 Mbits/sec  70250  
[  5]   5.00-6.00   sec  79.5 MBytes   667 Mbits/sec  70730  
[  5]   6.00-7.00   sec  78.2 MBytes   656 Mbits/sec  69650  
[  5]   7.00-8.00   sec  78.3 MBytes   657 Mbits/sec  69720  
[  5]   8.00-9.00   sec  75.7 MBytes   635 Mbits/sec  67390  
[  5]   9.00-10.00  sec  78.9 MBytes   661 Mbits/sec  70190  
[  5]  10.00-11.00  sec  77.5 MBytes   650 Mbits/sec  68990  
[  5]  11.00-12.00  sec  78.2 MBytes   656 Mbits/sec  69610  
[  5]  12.00-13.00  sec  79.2 MBytes   664 Mbits/sec  70500  
[  5]  13.00-14.00  sec  78.3 MBytes   657 Mbits/sec  69710  
[  5]  14.00-15.00  sec  78.2 MBytes   656 Mbits/sec  69590  
[  5]  15.00-16.00  sec  78.3 MBytes   657 Mbits/sec  69690  
[  5]  16.00-17.00  sec  78.1 MBytes   655 Mbits/sec  69530  
[  5]  17.00-18.00  sec  78.0 MBytes   654 Mbits/sec  69430  
[  5]  18.00-19.00  sec  77.8 MBytes   652 Mbits/sec  69230  
[  5]  19.00-20.00  sec  78.6 MBytes   659 Mbits/sec  69970  
[  5]  20.00-21.00  sec  78.2 MBytes   656 Mbits/sec  69650  
[  5]  21.00-22.00  sec  78.1 MBytes   655 Mbits/sec  69480  
[  5]  22.00-23.00  sec  77.4 MBytes   650 Mbits/sec  68930  
[  5]  23.00-24.00  sec  77.6 MBytes   651 Mbits/sec  69070  
[  5]  24.00-25.00  sec  78.0 MBytes   655 Mbits/sec  69450  
[  5]  25.00-26.00  sec  77.8 MBytes   653 Mbits/sec  69240  
[  5]  26.00-27.00  sec  77.5 MBytes   650 Mbits/sec  68960  
[  5]  27.00-28.00  sec  77.8 MBytes   653 Mbits/sec  69290  
[  5]  28.00-29.00  sec  78.3 MBytes   657 Mbits/sec  69680  
[  5]  29.00-30.00  sec  78.3 MBytes   657 Mbits/sec  69740  
[  5]  30.00-31.00  sec  77.7 MBytes   652 Mbits/sec  69140  
[  5]  31.00-32.00  sec  79.0 MBytes   663 Mbits/sec  70330  
[  5]  32.00-33.00  sec  79.2 MBytes   664 Mbits/sec  70470  
[  5]  33.00-34.00  sec  79.8 MBytes   669 Mbits/sec  71040  
[  5]  34.00-35.00  sec  79.5 MBytes   667 Mbits/sec  70770  
[  5]  35.00-36.00  sec  78.5 MBytes   659 Mbits/sec  69890  
[  5]  36.00-37.00  sec  78.2 MBytes   656 Mbits/sec  69610  
[  5]  37.00-38.00  sec  78.6 MBytes   659 Mbits/sec  69920  
[  5]  38.00-39.00  sec  78.9 MBytes   662 Mbits/sec  70230  
[  5]  39.00-40.00  sec  79.8 MBytes   669 Mbits/sec  71010  
[  5]  40.00-41.00  sec  75.1 MBytes   630 Mbits/sec  66840  
[  5]  41.00-42.00  sec  76.5 MBytes   641 Mbits/sec  68070  
[  5]  42.00-43.00  sec  79.1 MBytes   664 Mbits/sec  70430  
[  5]  43.00-44.00  sec  78.0 MBytes   654 Mbits/sec  69390  
[  5]  44.00-45.00  sec  76.9 MBytes   645 Mbits/sec  68460  
[  5]  45.00-46.00  sec  75.5 MBytes   634 Mbits/sec  67240  
[  5]  46.00-47.00  sec  75.8 MBytes   636 Mbits/sec  67510  
[  5]  47.00-48.00  sec  73.8 MBytes   619 Mbits/sec  65680  
[  5]  48.00-49.00  sec  75.2 MBytes   631 Mbits/sec  66980  
[  5]  49.00-50.00  sec  81.6 MBytes   684 Mbits/sec  72610  
[  5]  50.00-51.00  sec  82.1 MBytes   688 Mbits/sec  73040  
[  5]  51.00-52.00  sec  77.1 MBytes   647 Mbits/sec  68630  
[  5]  52.00-53.00  sec  76.4 MBytes   640 Mbits/sec  67970  
[  5]  53.00-54.00  sec  76.4 MBytes   641 Mbits/sec  68020  
[  5]  54.00-55.00  sec  77.0 MBytes   646 Mbits/sec  68530  
[  5]  55.00-56.00  sec  77.9 MBytes   654 Mbits/sec  69370  
[  5]  56.00-57.00  sec  78.0 MBytes   654 Mbits/sec  69390  
[  5]  57.00-58.00  sec  77.4 MBytes   649 Mbits/sec  68880  
[  5]  58.00-59.00  sec  77.3 MBytes   648 Mbits/sec  68800  
[  5]  59.00-60.00  sec  78.3 MBytes   657 Mbits/sec  69730  
- - - - - - - - - - - - - - - - - - - - - - - - -
[ ID] Interval           Transfer     Bitrate         Jitter    Lost/Total Datagrams
[  5]   0.00-60.00  sec  4.57 GBytes   654 Mbits/sec  0.000 ms  0/4166760 (0%)  sender
[  5]   0.00-61.32  sec   186 MBytes  25.5 Mbits/sec  0.434 ms  4061323/4160717 (98%)  receiver

iperf Done.
