Connecting to host knb-server-902105, port 5201
[  5] local 10.136.173.107 port 50793 connected to 10.43.209.212 port 5201
[ ID] Interval           Transfer     Bitrate         Total Datagrams
[  5]   0.00-1.05   sec  11.5 KBytes  0.09 Mbits/sec  10  (omitted)
[  5]   0.00-1.00   sec  73.0 MBytes   612 Mbits/sec  64960  
[  5]   1.00-2.00   sec  73.3 MBytes   615 Mbits/sec  65270  
[  5]   2.00-3.00   sec  73.3 MBytes   615 Mbits/sec  65280  
[  5]   3.00-4.00   sec  73.2 MBytes   614 Mbits/sec  65190  
[  5]   4.00-5.00   sec  73.6 MBytes   617 Mbits/sec  65500  
[  5]   5.00-6.00   sec  73.9 MBytes   620 Mbits/sec  65810  
[  5]   6.00-7.00   sec  74.5 MBytes   625 Mbits/sec  66310  
[  5]   7.00-8.00   sec  58.5 MBytes   490 Mbits/sec  52040  
[  5]   8.00-9.00   sec  73.7 MBytes   619 Mbits/sec  65630  
[  5]   9.00-10.00  sec  71.6 MBytes   601 Mbits/sec  63770  
[  5]  10.00-11.00  sec  74.2 MBytes   623 Mbits/sec  66070  
[  5]  11.00-12.00  sec  73.7 MBytes   618 Mbits/sec  65570  
[  5]  12.00-13.00  sec  74.2 MBytes   622 Mbits/sec  66020  
[  5]  13.00-14.00  sec  73.4 MBytes   616 Mbits/sec  65340  
[  5]  14.00-15.00  sec  72.4 MBytes   608 Mbits/sec  64490  
[  5]  15.00-16.00  sec  73.7 MBytes   619 Mbits/sec  65630  
[  5]  16.00-17.00  sec  74.3 MBytes   623 Mbits/sec  66100  
[  5]  17.00-18.00  sec  62.1 MBytes   521 Mbits/sec  55290  
[  5]  18.00-19.00  sec  70.9 MBytes   595 Mbits/sec  63120  
[  5]  19.00-20.00  sec  73.8 MBytes   619 Mbits/sec  65690  
[  5]  20.00-21.00  sec  73.3 MBytes   615 Mbits/sec  65280  
[  5]  21.00-22.00  sec  70.5 MBytes   591 Mbits/sec  62710  
[  5]  22.00-23.00  sec  66.3 MBytes   556 Mbits/sec  59030  
[  5]  23.00-24.00  sec  73.7 MBytes   618 Mbits/sec  65560  
[  5]  24.00-25.00  sec  70.5 MBytes   591 Mbits/sec  62750  
[  5]  25.00-26.00  sec  74.2 MBytes   622 Mbits/sec  66050  
[  5]  26.00-27.00  sec  74.4 MBytes   624 Mbits/sec  66210  
[  5]  27.00-28.00  sec  74.1 MBytes   621 Mbits/sec  65920  
[  5]  28.00-29.00  sec  73.6 MBytes   617 Mbits/sec  65500  
[  5]  29.00-30.00  sec  71.6 MBytes   600 Mbits/sec  63700  
[  5]  30.00-31.00  sec  74.2 MBytes   623 Mbits/sec  66070  
[  5]  31.00-32.00  sec  74.1 MBytes   622 Mbits/sec  65970  
[  5]  32.00-33.00  sec  73.4 MBytes   616 Mbits/sec  65370  
[  5]  33.00-34.00  sec  74.1 MBytes   621 Mbits/sec  65930  
[  5]  34.00-35.00  sec  68.4 MBytes   574 Mbits/sec  60860  
[  5]  35.00-36.00  sec  73.5 MBytes   616 Mbits/sec  65400  
[  5]  36.00-37.00  sec  73.9 MBytes   620 Mbits/sec  65750  
[  5]  37.00-38.00  sec  74.4 MBytes   624 Mbits/sec  66200  
[  5]  38.00-39.00  sec  69.9 MBytes   586 Mbits/sec  62190  
[  5]  39.00-40.00  sec  69.9 MBytes   587 Mbits/sec  62240  
[  5]  40.00-41.00  sec  71.0 MBytes   596 Mbits/sec  63220  
[  5]  41.00-42.00  sec  73.2 MBytes   614 Mbits/sec  65140  
[  5]  42.00-43.00  sec  73.6 MBytes   618 Mbits/sec  65530  
[  5]  43.00-44.00  sec  73.6 MBytes   618 Mbits/sec  65530  
[  5]  44.00-45.00  sec  74.7 MBytes   627 Mbits/sec  66520  
[  5]  45.00-46.00  sec  73.8 MBytes   619 Mbits/sec  65670  
[  5]  46.00-47.00  sec  74.8 MBytes   628 Mbits/sec  66600  
[  5]  47.00-48.00  sec  79.8 MBytes   669 Mbits/sec  70990  
[  5]  48.00-49.00  sec  81.8 MBytes   686 Mbits/sec  72800  
[  5]  49.00-50.00  sec  82.5 MBytes   692 Mbits/sec  73410  
[  5]  50.00-51.00  sec  73.6 MBytes   618 Mbits/sec  65530  
[  5]  51.00-52.00  sec  73.8 MBytes   619 Mbits/sec  65720  
[  5]  52.00-53.00  sec  73.6 MBytes   617 Mbits/sec  65470  
[  5]  53.00-54.00  sec  74.6 MBytes   626 Mbits/sec  66410  
[  5]  54.00-55.00  sec  74.8 MBytes   627 Mbits/sec  66560  
[  5]  55.00-56.00  sec  74.0 MBytes   621 Mbits/sec  65890  
[  5]  56.00-57.00  sec  74.1 MBytes   622 Mbits/sec  65980  
[  5]  57.00-58.00  sec  57.7 MBytes   484 Mbits/sec  51390  
[  5]  58.00-59.00  sec  78.1 MBytes   655 Mbits/sec  69510  
[  5]  59.00-59.95  sec  68.0 MBytes   601 Mbits/sec  60550  
- - - - - - - - - - - - - - - - - - - - - - - - -
[ ID] Interval           Transfer     Bitrate         Jitter    Lost/Total Datagrams
[  5]   0.00-59.95  sec  4.27 GBytes   612 Mbits/sec  0.000 ms  0/3890190 (0%)  sender
[  5]   0.00-62.34  sec   175 MBytes  23.5 Mbits/sec  12.009 ms  3730206/3885929 (96%)  receiver

iperf Done.
