Connecting to host 10.136.80.170, port 5201
[  5] local 10.136.173.106 port 34770 connected to 10.136.80.170 port 5201
[ ID] Interval           Transfer     Bitrate         Total Datagrams
[  5]   0.00-1.00   sec  59.9 MBytes   502 Mbits/sec  53300  (omitted)
[  5]   0.00-1.00   sec  62.4 MBytes   524 Mbits/sec  55570  
[  5]   1.00-2.00   sec  61.8 MBytes   519 Mbits/sec  55030  
[  5]   2.00-3.00   sec  63.3 MBytes   531 Mbits/sec  56360  
[  5]   3.00-4.00   sec  61.0 MBytes   512 Mbits/sec  54270  
[  5]   4.00-5.00   sec  59.9 MBytes   503 Mbits/sec  53330  
[  5]   5.00-6.00   sec  61.4 MBytes   515 Mbits/sec  54630  
[  5]   6.00-7.00   sec  62.3 MBytes   523 Mbits/sec  55460  
[  5]   7.00-8.00   sec  60.8 MBytes   510 Mbits/sec  54110  
[  5]   8.00-9.00   sec  61.5 MBytes   516 Mbits/sec  54730  
[  5]   9.00-10.00  sec  62.4 MBytes   524 Mbits/sec  55560  
[  5]  10.00-11.00  sec  65.2 MBytes   547 Mbits/sec  58080  
[  5]  11.00-12.00  sec  60.8 MBytes   510 Mbits/sec  54130  
[  5]  12.00-13.00  sec  60.4 MBytes   507 Mbits/sec  53790  
[  5]  13.00-14.00  sec  60.6 MBytes   508 Mbits/sec  53960  
[  5]  14.00-15.00  sec  61.3 MBytes   515 Mbits/sec  54600  
[  5]  15.00-16.00  sec  60.9 MBytes   511 Mbits/sec  54250  
[  5]  16.00-17.00  sec  62.7 MBytes   526 Mbits/sec  55840  
[  5]  17.00-18.00  sec  60.7 MBytes   509 Mbits/sec  53990  
[  5]  18.00-19.00  sec  66.2 MBytes   555 Mbits/sec  58940  
[  5]  19.00-20.00  sec  66.9 MBytes   561 Mbits/sec  59550  
[  5]  20.00-21.00  sec  64.3 MBytes   539 Mbits/sec  57230  
[  5]  21.00-22.00  sec  65.6 MBytes   550 Mbits/sec  58350  
[  5]  22.00-23.00  sec  61.5 MBytes   516 Mbits/sec  54770  
[  5]  23.00-24.00  sec  63.8 MBytes   536 Mbits/sec  56830  
[  5]  24.00-25.00  sec  61.2 MBytes   513 Mbits/sec  54490  
[  5]  25.00-26.00  sec  63.6 MBytes   534 Mbits/sec  56630  
[  5]  26.00-27.00  sec  63.1 MBytes   529 Mbits/sec  56170  
[  5]  27.00-28.00  sec  64.0 MBytes   537 Mbits/sec  56960  
[  5]  28.00-29.00  sec  63.6 MBytes   533 Mbits/sec  56610  
[  5]  29.00-30.00  sec  62.7 MBytes   526 Mbits/sec  55780  
[  5]  30.00-31.00  sec  60.5 MBytes   507 Mbits/sec  53850  
[  5]  31.00-32.00  sec  62.6 MBytes   525 Mbits/sec  55700  
[  5]  32.00-33.00  sec  70.8 MBytes   594 Mbits/sec  62990  
[  5]  33.00-34.00  sec  61.7 MBytes   517 Mbits/sec  54880  
[  5]  34.00-35.00  sec  65.8 MBytes   552 Mbits/sec  58540  
[  5]  35.00-36.00  sec  66.5 MBytes   558 Mbits/sec  59210  
[  5]  36.00-37.00  sec  70.2 MBytes   589 Mbits/sec  62520  
[  5]  37.00-38.00  sec  62.8 MBytes   527 Mbits/sec  55930  
[  5]  38.00-39.00  sec  67.4 MBytes   566 Mbits/sec  60010  
[  5]  39.00-40.00  sec  62.5 MBytes   524 Mbits/sec  55620  
[  5]  40.00-41.00  sec  61.5 MBytes   516 Mbits/sec  54740  
[  5]  41.00-42.00  sec  61.3 MBytes   514 Mbits/sec  54560  
[  5]  42.00-43.00  sec  64.9 MBytes   544 Mbits/sec  57730  
[  5]  43.00-44.00  sec  62.2 MBytes   522 Mbits/sec  55370  
[  5]  44.00-45.00  sec  60.3 MBytes   506 Mbits/sec  53690  
[  5]  45.00-46.00  sec  64.3 MBytes   540 Mbits/sec  57260  
[  5]  46.00-47.00  sec  61.3 MBytes   514 Mbits/sec  54580  
[  5]  47.00-48.00  sec  75.9 MBytes   637 Mbits/sec  67590  
[  5]  48.00-49.00  sec  64.3 MBytes   539 Mbits/sec  57210  
[  5]  49.00-50.00  sec  61.5 MBytes   516 Mbits/sec  54730  
[  5]  50.00-51.00  sec  64.9 MBytes   544 Mbits/sec  57750  
[  5]  51.00-52.00  sec  63.2 MBytes   530 Mbits/sec  56260  
[  5]  52.00-53.00  sec  70.3 MBytes   590 Mbits/sec  62590  
[  5]  53.00-54.00  sec  71.8 MBytes   602 Mbits/sec  63920  
[  5]  54.00-55.00  sec  68.9 MBytes   578 Mbits/sec  61360  
[  5]  55.00-56.00  sec  61.4 MBytes   515 Mbits/sec  54660  
[  5]  56.00-57.00  sec  56.6 MBytes   474 Mbits/sec  50350  
[  5]  57.00-58.00  sec  69.3 MBytes   582 Mbits/sec  61720  
[  5]  58.00-59.00  sec  64.5 MBytes   541 Mbits/sec  57370  
[  5]  59.00-60.00  sec  62.1 MBytes   521 Mbits/sec  55280  
- - - - - - - - - - - - - - - - - - - - - - - - -
[ ID] Interval           Transfer     Bitrate         Jitter    Lost/Total Datagrams
[  5]   0.00-60.00  sec  3.73 GBytes   534 Mbits/sec  0.000 ms  0/3397970 (0%)  sender
[  5]   0.00-60.04  sec  3.64 GBytes   520 Mbits/sec  0.020 ms  86840/3397969 (2.6%)  receiver

iperf Done.
