Connecting to host 10.136.80.142, port 5201
[  5] local 10.136.173.79 port 52942 connected to 10.136.80.142 port 5201
[ ID] Interval           Transfer     Bitrate         Retr  Cwnd
[  5]   0.00-1.00   sec  85.0 MBytes   713 Mbits/sec   15    342 KBytes       (omitted)
[  5]   0.00-1.00   sec  83.7 MBytes   702 Mbits/sec   76    285 KBytes       
[  5]   1.00-2.00   sec  85.9 MBytes   721 Mbits/sec   19    291 KBytes       
[  5]   2.00-3.00   sec  86.9 MBytes   729 Mbits/sec   21    228 KBytes       
[  5]   3.00-4.00   sec  88.8 MBytes   745 Mbits/sec    8    297 KBytes       
[  5]   4.00-5.00   sec  88.1 MBytes   739 Mbits/sec   14    228 KBytes       
[  5]   5.00-6.00   sec  86.2 MBytes   723 Mbits/sec   13    259 KBytes       
[  5]   6.00-7.00   sec  84.3 MBytes   707 Mbits/sec   13    271 KBytes       
[  5]   7.00-8.00   sec  88.7 MBytes   744 Mbits/sec    7    364 KBytes       
[  5]   8.00-9.00   sec  88.3 MBytes   741 Mbits/sec   20    300 KBytes       
[  5]   9.00-10.00  sec  80.9 MBytes   678 Mbits/sec   36    183 KBytes       
[  5]  10.00-11.00  sec  83.5 MBytes   700 Mbits/sec   14    219 KBytes       
[  5]  11.00-12.00  sec  87.5 MBytes   734 Mbits/sec   14    216 KBytes       
[  5]  12.00-13.00  sec  88.6 MBytes   743 Mbits/sec    7    336 KBytes       
[  5]  13.00-14.00  sec  89.3 MBytes   749 Mbits/sec   34    336 KBytes       
[  5]  14.00-15.00  sec  88.7 MBytes   744 Mbits/sec   21    201 KBytes       
[  5]  15.00-16.00  sec  89.5 MBytes   751 Mbits/sec    6    299 KBytes       
[  5]  16.00-17.00  sec  87.6 MBytes   734 Mbits/sec   22    331 KBytes       
[  5]  17.00-18.00  sec  85.1 MBytes   714 Mbits/sec    7    377 KBytes       
[  5]  18.00-19.00  sec  84.7 MBytes   710 Mbits/sec   27    208 KBytes       
[  5]  19.00-20.00  sec  83.5 MBytes   700 Mbits/sec   47    315 KBytes       
[  5]  20.00-21.00  sec  86.3 MBytes   724 Mbits/sec   14    260 KBytes       
[  5]  21.00-22.00  sec  79.3 MBytes   665 Mbits/sec   33    220 KBytes       
[  5]  22.00-23.00  sec  86.0 MBytes   721 Mbits/sec   15    284 KBytes       
[  5]  23.00-24.00  sec  86.3 MBytes   724 Mbits/sec   16    201 KBytes       
[  5]  24.00-25.00  sec  84.5 MBytes   709 Mbits/sec   19    307 KBytes       
[  5]  25.00-26.00  sec  87.0 MBytes   730 Mbits/sec   20    205 KBytes       
[  5]  26.00-27.00  sec  88.8 MBytes   745 Mbits/sec    6    284 KBytes       
[  5]  27.00-28.00  sec  85.2 MBytes   715 Mbits/sec   21    247 KBytes       
[  5]  28.00-29.00  sec  88.7 MBytes   745 Mbits/sec   13    250 KBytes       
[  5]  29.00-30.00  sec  85.0 MBytes   713 Mbits/sec   18    227 KBytes       
[  5]  30.00-31.00  sec  88.5 MBytes   742 Mbits/sec    7    290 KBytes       
[  5]  31.00-32.00  sec  86.9 MBytes   729 Mbits/sec   14    263 KBytes       
[  5]  32.00-33.00  sec  82.8 MBytes   694 Mbits/sec   13    341 KBytes       
[  5]  33.00-34.00  sec  86.1 MBytes   722 Mbits/sec   27    293 KBytes       
[  5]  34.00-35.00  sec  86.3 MBytes   724 Mbits/sec   15    278 KBytes       
[  5]  35.00-36.00  sec  88.0 MBytes   739 Mbits/sec   55    240 KBytes       
[  5]  36.00-37.00  sec  88.7 MBytes   744 Mbits/sec   14    320 KBytes       
[  5]  37.00-38.00  sec  67.0 MBytes   562 Mbits/sec  149    296 KBytes       
[  5]  38.00-39.00  sec  86.9 MBytes   729 Mbits/sec    6    378 KBytes       
[  5]  39.00-40.00  sec  86.9 MBytes   729 Mbits/sec   26    381 KBytes       
[  5]  40.00-41.00  sec  81.3 MBytes   682 Mbits/sec   24    250 KBytes       
[  5]  41.00-42.00  sec  85.3 MBytes   716 Mbits/sec   21    235 KBytes       
[  5]  42.00-43.00  sec  81.7 MBytes   685 Mbits/sec   14    296 KBytes       
[  5]  43.00-44.00  sec  85.9 MBytes   721 Mbits/sec   13    271 KBytes       
[  5]  44.00-45.00  sec  88.0 MBytes   739 Mbits/sec    7    338 KBytes       
[  5]  45.00-46.00  sec  86.3 MBytes   724 Mbits/sec   21    243 KBytes       
[  5]  46.00-47.00  sec  88.9 MBytes   745 Mbits/sec    6    360 KBytes       
[  5]  47.00-48.00  sec  85.9 MBytes   720 Mbits/sec   28    220 KBytes       
[  5]  48.00-49.00  sec  68.5 MBytes   574 Mbits/sec   13   32.2 KBytes       
[  5]  49.00-50.00  sec  72.0 MBytes   604 Mbits/sec   82    163 KBytes       
[  5]  50.00-51.00  sec  79.5 MBytes   667 Mbits/sec   13    240 KBytes       
[  5]  51.00-52.00  sec  88.6 MBytes   743 Mbits/sec   13    221 KBytes       
[  5]  52.00-53.00  sec  78.1 MBytes   656 Mbits/sec   27    132 KBytes       
[  5]  53.00-54.00  sec  82.1 MBytes   689 Mbits/sec    7    245 KBytes       
[  5]  54.00-55.00  sec  85.5 MBytes   717 Mbits/sec    0    410 KBytes       
[  5]  55.00-56.00  sec  83.0 MBytes   696 Mbits/sec   66    315 KBytes       
[  5]  56.00-57.00  sec  86.0 MBytes   720 Mbits/sec    8    283 KBytes       
[  5]  57.00-58.00  sec  87.0 MBytes   732 Mbits/sec   13    316 KBytes       
[  5]  58.00-59.00  sec  88.0 MBytes   739 Mbits/sec   12    286 KBytes       
[  5]  59.00-60.00  sec  83.4 MBytes   699 Mbits/sec   21    222 KBytes       
- - - - - - - - - - - - - - - - - - - - - - - - -
[ ID] Interval           Transfer     Bitrate         Retr
[  5]   0.00-60.00  sec  4.98 GBytes   713 Mbits/sec  1336             sender
[  5]   0.00-60.04  sec  4.98 GBytes   713 Mbits/sec                  receiver

iperf Done.
