Connecting to host 10.136.80.148, port 5201
[  5] local 10.136.173.111 port 59271 connected to 10.136.80.148 port 5201
[ ID] Interval           Transfer     Bitrate         Total Datagrams
[  5]   0.00-1.00   sec  67.5 MBytes   566 Mbits/sec  60060  (omitted)
[  5]   0.00-1.00   sec  69.9 MBytes   586 Mbits/sec  62190  
[  5]   1.00-2.00   sec  74.4 MBytes   624 Mbits/sec  66240  
[  5]   2.00-3.00   sec  74.8 MBytes   627 Mbits/sec  66570  
[  5]   3.00-4.00   sec  74.4 MBytes   624 Mbits/sec  66210  
[  5]   4.00-5.00   sec  74.6 MBytes   626 Mbits/sec  66410  
[  5]   5.00-6.00   sec  71.4 MBytes   599 Mbits/sec  63570  
[  5]   6.00-7.00   sec  72.7 MBytes   610 Mbits/sec  64740  
[  5]   7.00-8.00   sec  67.3 MBytes   565 Mbits/sec  59900  
[  5]   8.00-9.00   sec  55.4 MBytes   464 Mbits/sec  49290  
[  5]   9.00-10.00  sec  53.6 MBytes   450 Mbits/sec  47740  
[  5]  10.00-11.00  sec  54.9 MBytes   461 Mbits/sec  48870  
[  5]  11.00-12.00  sec  60.1 MBytes   504 Mbits/sec  53490  
[  5]  12.00-13.00  sec  62.0 MBytes   520 Mbits/sec  55180  
[  5]  13.00-14.00  sec  67.6 MBytes   567 Mbits/sec  60140  
[  5]  14.00-15.00  sec  74.3 MBytes   623 Mbits/sec  66120  
[  5]  15.00-16.00  sec  70.1 MBytes   588 Mbits/sec  62400  
[  5]  16.00-17.00  sec  69.0 MBytes   578 Mbits/sec  61380  
[  5]  17.00-18.00  sec  75.7 MBytes   635 Mbits/sec  67370  
[  5]  18.00-19.00  sec  74.5 MBytes   625 Mbits/sec  66340  
[  5]  19.00-20.00  sec  75.5 MBytes   633 Mbits/sec  67190  
[  5]  20.00-21.00  sec  58.1 MBytes   487 Mbits/sec  51700  
[  5]  21.00-22.00  sec  69.5 MBytes   583 Mbits/sec  61880  
[  5]  22.00-23.00  sec  57.5 MBytes   482 Mbits/sec  51160  
[  5]  23.00-24.00  sec  75.3 MBytes   632 Mbits/sec  67060  
[  5]  24.00-25.00  sec  74.9 MBytes   628 Mbits/sec  66680  
[  5]  25.00-26.00  sec  76.1 MBytes   638 Mbits/sec  67700  
[  5]  26.00-27.00  sec  75.8 MBytes   636 Mbits/sec  67490  
[  5]  27.00-28.00  sec  75.7 MBytes   635 Mbits/sec  67380  
[  5]  28.00-29.00  sec  75.7 MBytes   635 Mbits/sec  67370  
[  5]  29.00-30.00  sec  74.0 MBytes   621 Mbits/sec  65870  
[  5]  30.00-31.00  sec  73.3 MBytes   615 Mbits/sec  65280  
[  5]  31.00-32.00  sec  74.2 MBytes   622 Mbits/sec  66020  
[  5]  32.00-33.00  sec  74.6 MBytes   626 Mbits/sec  66430  
[  5]  33.00-34.00  sec  76.8 MBytes   644 Mbits/sec  68360  
[  5]  34.00-35.00  sec  76.2 MBytes   639 Mbits/sec  67790  
[  5]  35.00-36.00  sec  54.0 MBytes   453 Mbits/sec  48100  
[  5]  36.00-37.00  sec  67.4 MBytes   565 Mbits/sec  59980  
[  5]  37.00-38.00  sec  74.3 MBytes   624 Mbits/sec  66180  
[  5]  38.00-39.00  sec  74.3 MBytes   623 Mbits/sec  66100  
[  5]  39.00-40.00  sec  75.4 MBytes   632 Mbits/sec  67080  
[  5]  40.00-41.00  sec  75.1 MBytes   630 Mbits/sec  66860  
[  5]  41.00-42.00  sec  75.7 MBytes   635 Mbits/sec  67400  
[  5]  42.00-43.00  sec  76.3 MBytes   640 Mbits/sec  67900  
[  5]  43.00-44.00  sec  75.7 MBytes   635 Mbits/sec  67360  
[  5]  44.00-45.00  sec  75.1 MBytes   630 Mbits/sec  66820  
[  5]  45.00-46.00  sec  74.6 MBytes   626 Mbits/sec  66440  
[  5]  46.00-47.00  sec  68.6 MBytes   576 Mbits/sec  61080  
[  5]  47.00-48.00  sec  74.9 MBytes   629 Mbits/sec  66700  
[  5]  48.00-49.00  sec  74.9 MBytes   628 Mbits/sec  66630  
[  5]  49.00-50.00  sec  72.6 MBytes   609 Mbits/sec  64580  
[  5]  50.00-51.00  sec  74.8 MBytes   627 Mbits/sec  66560  
[  5]  51.00-52.00  sec  74.3 MBytes   623 Mbits/sec  66160  
[  5]  52.00-53.00  sec  74.1 MBytes   622 Mbits/sec  66000  
[  5]  53.00-54.00  sec  74.7 MBytes   627 Mbits/sec  66500  
[  5]  54.00-55.00  sec  74.6 MBytes   626 Mbits/sec  66430  
[  5]  55.00-56.00  sec  67.3 MBytes   564 Mbits/sec  59890  
[  5]  56.00-57.00  sec  58.8 MBytes   493 Mbits/sec  52300  
[  5]  57.00-58.00  sec  57.8 MBytes   485 Mbits/sec  51440  
[  5]  58.00-59.00  sec  57.1 MBytes   479 Mbits/sec  50830  
[  5]  59.00-60.00  sec  64.8 MBytes   544 Mbits/sec  57720  
- - - - - - - - - - - - - - - - - - - - - - - - -
[ ID] Interval           Transfer     Bitrate         Jitter    Lost/Total Datagrams
[  5]   0.00-60.00  sec  4.13 GBytes   591 Mbits/sec  0.000 ms  0/3762550 (0%)  sender
[  5]   0.00-60.05  sec  1.39 GBytes   199 Mbits/sec  0.017 ms  2527813/3762497 (67%)  receiver

iperf Done.
