Connecting to host knb-server-4144219, port 5201
[  5] local 10.136.173.110 port 36390 connected to 10.43.32.96 port 5201
[ ID] Interval           Transfer     Bitrate         Total Datagrams
[  5]   0.00-1.00   sec  71.1 MBytes   597 Mbits/sec  63330  (omitted)
[  5]   0.00-1.00   sec  72.7 MBytes   610 Mbits/sec  64680  
[  5]   1.00-2.00   sec  74.4 MBytes   624 Mbits/sec  66230  
[  5]   2.00-3.00   sec  75.9 MBytes   636 Mbits/sec  67520  
[  5]   3.00-4.00   sec  74.1 MBytes   622 Mbits/sec  65980  
[  5]   4.00-5.00   sec  73.1 MBytes   613 Mbits/sec  65090  
[  5]   5.00-6.00   sec  68.0 MBytes   571 Mbits/sec  60550  
[  5]   6.00-7.00   sec  72.9 MBytes   611 Mbits/sec  64880  
[  5]   7.00-8.00   sec  72.8 MBytes   611 Mbits/sec  64830  
[  5]   8.00-9.00   sec  72.6 MBytes   609 Mbits/sec  64600  
[  5]   9.00-10.00  sec  73.6 MBytes   617 Mbits/sec  65510  
[  5]  10.00-11.00  sec  73.1 MBytes   613 Mbits/sec  65040  
[  5]  11.00-12.00  sec  73.3 MBytes   615 Mbits/sec  65260  
[  5]  12.00-13.00  sec  73.9 MBytes   620 Mbits/sec  65800  
[  5]  13.00-14.00  sec  72.4 MBytes   607 Mbits/sec  64420  
[  5]  14.00-15.00  sec  70.9 MBytes   595 Mbits/sec  63110  
[  5]  15.00-16.00  sec  74.5 MBytes   625 Mbits/sec  66320  
[  5]  16.00-17.00  sec  73.5 MBytes   617 Mbits/sec  65420  
[  5]  17.00-18.00  sec  73.6 MBytes   618 Mbits/sec  65550  
[  5]  18.00-19.00  sec  74.7 MBytes   627 Mbits/sec  66530  
[  5]  19.00-20.00  sec  72.4 MBytes   607 Mbits/sec  64420  
[  5]  20.00-21.00  sec  74.1 MBytes   622 Mbits/sec  65970  
[  5]  21.00-22.00  sec  73.9 MBytes   620 Mbits/sec  65800  
[  5]  22.00-23.00  sec  73.2 MBytes   614 Mbits/sec  65120  
[  5]  23.00-24.00  sec  74.0 MBytes   621 Mbits/sec  65850  
[  5]  24.00-25.00  sec  71.9 MBytes   603 Mbits/sec  64010  
[  5]  25.00-26.00  sec  66.6 MBytes   559 Mbits/sec  59310  
[  5]  26.00-27.00  sec  74.1 MBytes   621 Mbits/sec  65920  
[  5]  27.00-28.00  sec  73.2 MBytes   614 Mbits/sec  65150  
[  5]  28.00-29.00  sec  73.8 MBytes   619 Mbits/sec  65700  
[  5]  29.00-30.00  sec  76.0 MBytes   638 Mbits/sec  67680  
[  5]  30.00-31.00  sec  72.7 MBytes   610 Mbits/sec  64730  
[  5]  31.00-32.00  sec  73.6 MBytes   617 Mbits/sec  65520  
[  5]  32.00-33.00  sec  75.7 MBytes   635 Mbits/sec  67370  
[  5]  33.00-34.00  sec  73.5 MBytes   617 Mbits/sec  65420  
[  5]  34.00-35.00  sec  72.5 MBytes   608 Mbits/sec  64500  
[  5]  35.00-36.00  sec  73.6 MBytes   618 Mbits/sec  65520  
[  5]  36.00-37.00  sec  73.8 MBytes   619 Mbits/sec  65670  
[  5]  37.00-38.00  sec  71.7 MBytes   602 Mbits/sec  63830  
[  5]  38.00-39.00  sec  72.6 MBytes   609 Mbits/sec  64650  
[  5]  39.00-40.00  sec  73.3 MBytes   615 Mbits/sec  65280  
[  5]  40.00-41.00  sec  73.1 MBytes   613 Mbits/sec  65060  
[  5]  41.00-42.00  sec  67.9 MBytes   570 Mbits/sec  60450  
[  5]  42.00-43.00  sec  74.7 MBytes   627 Mbits/sec  66490  
[  5]  43.00-44.00  sec  73.0 MBytes   612 Mbits/sec  64980  
[  5]  44.00-45.00  sec  64.1 MBytes   538 Mbits/sec  57060  
[  5]  45.00-46.00  sec  56.8 MBytes   477 Mbits/sec  50600  
[  5]  46.00-47.00  sec  68.9 MBytes   578 Mbits/sec  61360  
[  5]  47.00-48.00  sec  73.5 MBytes   617 Mbits/sec  65460  
[  5]  48.00-49.00  sec  59.6 MBytes   500 Mbits/sec  53090  
[  5]  49.00-50.00  sec  68.0 MBytes   570 Mbits/sec  60500  
[  5]  50.00-51.00  sec  73.6 MBytes   618 Mbits/sec  65540  
[  5]  51.00-52.00  sec  72.9 MBytes   612 Mbits/sec  64920  
[  5]  52.00-53.00  sec  72.1 MBytes   605 Mbits/sec  64170  
[  5]  53.00-54.00  sec  73.8 MBytes   619 Mbits/sec  65690  
[  5]  54.00-55.00  sec  71.6 MBytes   600 Mbits/sec  63690  
[  5]  55.00-56.00  sec  75.2 MBytes   630 Mbits/sec  66910  
[  5]  56.00-57.00  sec  74.8 MBytes   628 Mbits/sec  66620  
[  5]  57.00-58.00  sec  74.8 MBytes   627 Mbits/sec  66570  
[  5]  58.00-59.00  sec  76.9 MBytes   645 Mbits/sec  68420  
[  5]  59.00-60.00  sec  60.4 MBytes   507 Mbits/sec  53750  
- - - - - - - - - - - - - - - - - - - - - - - - -
[ ID] Interval           Transfer     Bitrate         Jitter    Lost/Total Datagrams
[  5]   0.00-60.00  sec  4.23 GBytes   606 Mbits/sec  0.000 ms  0/3856070 (0%)  sender
[  5]   0.00-60.06  sec  1.19 GBytes   170 Mbits/sec  0.007 ms  2811994/3856070 (73%)  receiver

iperf Done.
