Connecting to host 10.136.80.182, port 5201
[  5] local 10.136.173.85 port 35740 connected to 10.136.80.182 port 5201
[ ID] Interval           Transfer     Bitrate         Retr  Cwnd
[  5]   0.00-1.00   sec   869 KBytes  7.11 Mbits/sec   36   1.15 KBytes       (omitted)
[  5]   0.00-1.00   sec  4.51 MBytes  37.8 Mbits/sec  201   6.90 KBytes       
[  5]   1.00-2.00   sec  8.93 MBytes  74.9 Mbits/sec  401   10.4 KBytes       
[  5]   2.00-3.00   sec  7.63 MBytes  64.0 Mbits/sec  380   2.30 KBytes       
[  5]   3.00-4.00   sec  1.48 MBytes  12.4 Mbits/sec  100   1.15 KBytes       
[  5]   4.00-5.00   sec  1.61 MBytes  13.5 Mbits/sec   70   2.30 KBytes       
[  5]   5.00-6.00   sec   949 KBytes  7.77 Mbits/sec   45   1.15 KBytes       
[  5]   6.00-7.00   sec  3.40 MBytes  28.5 Mbits/sec  162   2.30 KBytes       
[  5]   7.00-8.00   sec  8.36 MBytes  70.1 Mbits/sec  386   1.15 KBytes       
[  5]   8.00-9.00   sec  1.73 MBytes  14.5 Mbits/sec   86   1.15 KBytes       
[  5]   9.00-10.00  sec  4.45 MBytes  37.3 Mbits/sec  189   1.15 KBytes       
[  5]  10.00-11.00  sec  5.25 MBytes  44.1 Mbits/sec  234   1.15 KBytes       
[  5]  11.00-12.00  sec  1.67 MBytes  14.0 Mbits/sec   83   2.30 KBytes       
[  5]  12.00-13.00  sec  4.51 MBytes  37.8 Mbits/sec  221   1.15 KBytes       
[  5]  13.00-14.00  sec  10.4 MBytes  87.1 Mbits/sec  450   1.15 KBytes       
[  5]  14.00-15.00  sec  5.13 MBytes  43.0 Mbits/sec  249   8.05 KBytes       
[  5]  15.00-16.00  sec  4.14 MBytes  34.7 Mbits/sec  212   1.15 KBytes       
[  5]  16.00-17.00  sec  7.48 MBytes  62.7 Mbits/sec  342   6.90 KBytes       
[  5]  17.00-18.00  sec  4.20 MBytes  35.2 Mbits/sec  195   2.30 KBytes       
[  5]  18.00-19.00  sec  1.36 MBytes  11.4 Mbits/sec   57   1.15 KBytes       
[  5]  19.00-20.00  sec  1.42 MBytes  11.9 Mbits/sec   83   3.45 KBytes       
[  5]  20.00-21.00  sec  4.33 MBytes  36.3 Mbits/sec  194   2.30 KBytes       
[  5]  21.00-22.00  sec  1.30 MBytes  10.9 Mbits/sec   69   2.30 KBytes       
[  5]  22.00-23.00  sec  1.43 MBytes  12.0 Mbits/sec   71   11.5 KBytes       
[  5]  23.00-24.00  sec  3.16 MBytes  26.5 Mbits/sec  153   1.15 KBytes       
[  5]  24.00-25.00  sec  3.46 MBytes  29.0 Mbits/sec  157   2.30 KBytes       
[  5]  25.00-26.00  sec  1.30 MBytes  10.9 Mbits/sec   70   8.05 KBytes       
[  5]  26.00-27.00  sec  4.58 MBytes  38.4 Mbits/sec  227   5.75 KBytes       
[  5]  27.00-28.00  sec  7.66 MBytes  64.3 Mbits/sec  390   1.15 KBytes       
[  5]  28.00-29.00  sec  4.88 MBytes  40.9 Mbits/sec  252   2.30 KBytes       
[  5]  29.00-30.00  sec  1.85 MBytes  15.5 Mbits/sec  109   1.15 KBytes       
[  5]  30.00-31.00  sec  2.66 MBytes  22.3 Mbits/sec  125   2.30 KBytes       
[  5]  31.00-32.00  sec  3.03 MBytes  25.4 Mbits/sec  122   2.30 KBytes       
[  5]  32.00-33.00  sec  1.11 MBytes  9.33 Mbits/sec   52   11.5 KBytes       
[  5]  33.00-34.00  sec  14.0 MBytes   118 Mbits/sec  600   8.05 KBytes       
[  5]  34.00-35.00  sec  4.89 MBytes  41.0 Mbits/sec  211   1.15 KBytes       
[  5]  35.00-36.00  sec  1.05 MBytes  8.82 Mbits/sec   62   2.30 KBytes       
[  5]  36.00-37.00  sec  1.30 MBytes  10.9 Mbits/sec   59   1.15 KBytes       
[  5]  37.00-38.00  sec  1.98 MBytes  16.6 Mbits/sec   86   1.15 KBytes       
[  5]  38.00-39.00  sec  3.89 MBytes  32.7 Mbits/sec  166   2.30 KBytes       
[  5]  39.00-40.00  sec  2.16 MBytes  18.1 Mbits/sec   91   1.15 KBytes       
[  5]  40.00-41.00  sec  4.60 MBytes  38.6 Mbits/sec  203   8.05 KBytes       
[  5]  41.00-42.00  sec   886 KBytes  7.26 Mbits/sec   60   1.15 KBytes       
[  5]  42.00-43.00  sec  1.05 MBytes  8.81 Mbits/sec   46   1.15 KBytes       
[  5]  43.00-44.00  sec  1.36 MBytes  11.4 Mbits/sec   64   1.15 KBytes       
[  5]  44.00-45.00  sec  7.35 MBytes  61.7 Mbits/sec  308   2.30 KBytes       
[  5]  45.00-46.00  sec   633 KBytes  5.18 Mbits/sec   36   1.15 KBytes       
[  5]  46.00-47.00  sec  4.33 MBytes  36.3 Mbits/sec  207   3.45 KBytes       
[  5]  47.00-48.00  sec  8.14 MBytes  68.3 Mbits/sec  346   2.30 KBytes       
[  5]  48.00-49.00  sec  5.82 MBytes  48.8 Mbits/sec  288   8.05 KBytes       
[  5]  49.00-50.00  sec  5.25 MBytes  44.1 Mbits/sec  206   3.45 KBytes       
[  5]  50.00-51.00  sec  3.65 MBytes  30.6 Mbits/sec  165   12.7 KBytes       
[  5]  51.00-52.00  sec  5.25 MBytes  44.1 Mbits/sec  238   4.60 KBytes       
[  5]  52.00-53.00  sec  4.08 MBytes  34.2 Mbits/sec  192   2.30 KBytes       
[  5]  53.00-54.00  sec  4.16 MBytes  34.9 Mbits/sec  184   2.30 KBytes       
[  5]  54.00-55.00  sec  3.89 MBytes  32.7 Mbits/sec  187   5.75 KBytes       
[  5]  55.00-56.00  sec  6.36 MBytes  53.4 Mbits/sec  282   5.75 KBytes       
[  5]  56.00-57.00  sec  4.08 MBytes  34.2 Mbits/sec  186   4.60 KBytes       
[  5]  57.00-58.00  sec  2.35 MBytes  19.7 Mbits/sec   88   1.15 KBytes       
[  5]  58.00-59.00  sec  2.62 MBytes  21.9 Mbits/sec  127   1.15 KBytes       
[  5]  59.00-60.00  sec  4.88 MBytes  41.0 Mbits/sec  213   2.30 KBytes       
- - - - - - - - - - - - - - - - - - - - - - - - -
[ ID] Interval           Transfer     Bitrate         Retr
[  5]   0.00-60.00  sec   239 MBytes  33.5 Mbits/sec  11038             sender
[  5]   0.00-60.00  sec   239 MBytes  33.4 Mbits/sec                  receiver

iperf Done.
