Connecting to host 10.136.80.191, port 5201
[  5] local 10.136.173.85 port 36085 connected to 10.136.80.191 port 5201
[ ID] Interval           Transfer     Bitrate         Total Datagrams
[  5]   0.00-1.00   sec  64.1 MBytes   538 Mbits/sec  57100  (omitted)
[  5]   0.00-1.00   sec  61.1 MBytes   513 Mbits/sec  54390  
[  5]   1.00-2.00   sec  61.2 MBytes   513 Mbits/sec  54440  
[  5]   2.00-3.00   sec  63.2 MBytes   530 Mbits/sec  56290  
[  5]   3.00-4.00   sec  59.3 MBytes   498 Mbits/sec  52800  
[  5]   4.00-5.00   sec  61.9 MBytes   519 Mbits/sec  55100  
[  5]   5.00-6.00   sec  62.9 MBytes   528 Mbits/sec  55980  
[  5]   6.00-7.00   sec  61.6 MBytes   517 Mbits/sec  54810  
[  5]   7.00-8.00   sec  65.1 MBytes   546 Mbits/sec  57930  
[  5]   8.00-9.00   sec  64.2 MBytes   539 Mbits/sec  57170  
[  5]   9.00-10.00  sec  60.1 MBytes   504 Mbits/sec  53520  
[  5]  10.00-11.00  sec  61.2 MBytes   513 Mbits/sec  54490  
[  5]  11.00-12.00  sec  61.5 MBytes   516 Mbits/sec  54730  
[  5]  12.00-13.00  sec  60.5 MBytes   508 Mbits/sec  53890  
[  5]  13.00-14.00  sec  75.3 MBytes   632 Mbits/sec  67070  
[  5]  14.00-15.00  sec  81.4 MBytes   683 Mbits/sec  72450  
[  5]  15.00-16.00  sec  72.1 MBytes   605 Mbits/sec  64190  
[  5]  16.00-17.00  sec  60.9 MBytes   511 Mbits/sec  54180  
[  5]  17.00-18.00  sec  65.6 MBytes   550 Mbits/sec  58390  
[  5]  18.00-19.00  sec  69.1 MBytes   579 Mbits/sec  61480  
[  5]  19.00-20.00  sec  61.2 MBytes   513 Mbits/sec  54440  
[  5]  20.00-21.00  sec  61.2 MBytes   513 Mbits/sec  54450  
[  5]  21.00-22.00  sec  63.0 MBytes   528 Mbits/sec  56050  
[  5]  22.00-23.00  sec  60.7 MBytes   510 Mbits/sec  54070  
[  5]  23.00-24.00  sec  60.4 MBytes   507 Mbits/sec  53780  
[  5]  24.00-25.00  sec  66.2 MBytes   556 Mbits/sec  58970  
[  5]  25.00-26.00  sec  62.5 MBytes   524 Mbits/sec  55630  
[  5]  26.00-27.00  sec  61.4 MBytes   515 Mbits/sec  54610  
[  5]  27.00-28.00  sec  61.9 MBytes   519 Mbits/sec  55110  
[  5]  28.00-29.00  sec  62.9 MBytes   528 Mbits/sec  55980  
[  5]  29.00-30.00  sec  61.3 MBytes   514 Mbits/sec  54580  
[  5]  30.00-31.00  sec  63.1 MBytes   529 Mbits/sec  56160  
[  5]  31.00-32.00  sec  83.9 MBytes   704 Mbits/sec  74700  
[  5]  32.00-33.00  sec  82.4 MBytes   692 Mbits/sec  73390  
[  5]  33.00-34.00  sec  81.4 MBytes   683 Mbits/sec  72470  
[  5]  34.00-35.00  sec  75.9 MBytes   636 Mbits/sec  67520  
[  5]  35.00-36.00  sec  69.8 MBytes   586 Mbits/sec  62130  
[  5]  36.00-37.00  sec  69.6 MBytes   584 Mbits/sec  61970  
[  5]  37.00-38.00  sec  69.7 MBytes   584 Mbits/sec  62010  
[  5]  38.00-39.00  sec  67.1 MBytes   563 Mbits/sec  59730  
[  5]  39.00-40.00  sec  69.6 MBytes   584 Mbits/sec  61980  
[  5]  40.00-41.00  sec  71.9 MBytes   604 Mbits/sec  64040  
[  5]  41.00-42.00  sec  71.2 MBytes   598 Mbits/sec  63420  
[  5]  42.00-43.00  sec  70.5 MBytes   591 Mbits/sec  62740  
[  5]  43.00-44.00  sec  70.8 MBytes   594 Mbits/sec  63010  
[  5]  44.00-45.00  sec  70.6 MBytes   592 Mbits/sec  62810  
[  5]  45.00-46.00  sec  63.9 MBytes   536 Mbits/sec  56860  
[  5]  46.00-47.00  sec  68.2 MBytes   572 Mbits/sec  60720  
[  5]  47.00-48.00  sec  61.0 MBytes   512 Mbits/sec  54310  
[  5]  48.00-49.00  sec  62.8 MBytes   527 Mbits/sec  55900  
[  5]  49.00-50.00  sec  71.4 MBytes   599 Mbits/sec  63520  
[  5]  50.00-51.00  sec  60.4 MBytes   506 Mbits/sec  53740  
[  5]  51.00-52.00  sec  67.2 MBytes   564 Mbits/sec  59840  
[  5]  52.00-53.00  sec  62.7 MBytes   526 Mbits/sec  55850  
[  5]  53.00-54.00  sec  62.7 MBytes   526 Mbits/sec  55790  
[  5]  54.00-55.00  sec  62.2 MBytes   522 Mbits/sec  55340  
[  5]  55.00-56.00  sec  62.2 MBytes   522 Mbits/sec  55390  
[  5]  56.00-57.00  sec  61.2 MBytes   513 Mbits/sec  54470  
[  5]  57.00-58.00  sec  62.2 MBytes   522 Mbits/sec  55400  
[  5]  58.00-59.00  sec  63.0 MBytes   529 Mbits/sec  56120  
[  5]  59.00-60.00  sec  82.7 MBytes   693 Mbits/sec  73580  
- - - - - - - - - - - - - - - - - - - - - - - - -
[ ID] Interval           Transfer     Bitrate         Jitter    Lost/Total Datagrams
[  5]   0.00-60.00  sec  3.88 GBytes   555 Mbits/sec  0.000 ms  0/3535880 (0%)  sender
[  5]   0.00-63.25  sec  85.2 MBytes  11.3 Mbits/sec  0.018 ms  2976787/2998549 (99%)  receiver

iperf Done.
