Connecting to host 10.136.80.147, port 5201
[  5] local 10.136.173.82 port 56891 connected to 10.136.80.147 port 5201
[ ID] Interval           Transfer     Bitrate         Total Datagrams
[  5]   0.00-1.00   sec  56.2 MBytes   471 Mbits/sec  50000  (omitted)
[  5]   0.00-1.00   sec  51.4 MBytes   431 Mbits/sec  45790  
[  5]   1.00-2.00   sec  52.4 MBytes   439 Mbits/sec  46620  
[  5]   2.00-3.00   sec  55.3 MBytes   464 Mbits/sec  49190  
[  5]   3.00-4.00   sec  50.6 MBytes   425 Mbits/sec  45080  
[  5]   4.00-5.00   sec  51.4 MBytes   431 Mbits/sec  45740  
[  5]   5.00-6.00   sec  49.5 MBytes   415 Mbits/sec  44090  
[  5]   6.00-7.00   sec  55.1 MBytes   463 Mbits/sec  49080  
[  5]   7.00-8.00   sec  60.5 MBytes   507 Mbits/sec  53830  
[  5]   8.00-9.00   sec  50.2 MBytes   421 Mbits/sec  44670  
[  5]   9.00-10.00  sec  52.3 MBytes   439 Mbits/sec  46580  
[  5]  10.00-11.00  sec  55.2 MBytes   463 Mbits/sec  49160  
[  5]  11.00-12.00  sec  54.1 MBytes   454 Mbits/sec  48190  
[  5]  12.00-13.00  sec  59.6 MBytes   500 Mbits/sec  53010  
[  5]  13.00-14.00  sec  53.7 MBytes   450 Mbits/sec  47800  
[  5]  14.00-15.00  sec  54.6 MBytes   458 Mbits/sec  48590  
[  5]  15.00-16.00  sec  53.9 MBytes   452 Mbits/sec  47990  
[  5]  16.00-17.00  sec  51.0 MBytes   427 Mbits/sec  45370  
[  5]  17.00-18.00  sec  45.3 MBytes   380 Mbits/sec  40310  
[  5]  18.00-19.00  sec  53.3 MBytes   447 Mbits/sec  47400  
[  5]  19.00-20.00  sec  58.6 MBytes   491 Mbits/sec  52150  
[  5]  20.00-21.00  sec  53.3 MBytes   447 Mbits/sec  47420  
[  5]  21.00-22.00  sec  51.1 MBytes   429 Mbits/sec  45480  
[  5]  22.00-23.00  sec  50.2 MBytes   421 Mbits/sec  44720  
[  5]  23.00-24.00  sec  49.6 MBytes   416 Mbits/sec  44150  
[  5]  24.00-25.00  sec  48.9 MBytes   410 Mbits/sec  43560  
[  5]  25.00-26.00  sec  55.2 MBytes   463 Mbits/sec  49170  
[  5]  26.00-27.00  sec  48.9 MBytes   411 Mbits/sec  43570  
[  5]  27.00-28.00  sec  57.4 MBytes   482 Mbits/sec  51110  
[  5]  28.00-29.00  sec  47.2 MBytes   396 Mbits/sec  42050  
[  5]  29.00-30.00  sec  54.9 MBytes   461 Mbits/sec  48870  
[  5]  30.00-31.00  sec  55.4 MBytes   464 Mbits/sec  49290  
[  5]  31.00-32.00  sec  50.9 MBytes   427 Mbits/sec  45350  
[  5]  32.00-33.00  sec  51.7 MBytes   434 Mbits/sec  46030  
[  5]  33.00-34.00  sec  52.8 MBytes   443 Mbits/sec  47020  
[  5]  34.00-35.00  sec  53.9 MBytes   452 Mbits/sec  47980  
[  5]  35.00-36.00  sec  55.5 MBytes   465 Mbits/sec  49380  
[  5]  36.00-37.00  sec  51.5 MBytes   432 Mbits/sec  45810  
[  5]  37.00-38.00  sec  50.6 MBytes   425 Mbits/sec  45080  
[  5]  38.00-39.00  sec  51.6 MBytes   433 Mbits/sec  45890  
[  5]  39.00-40.00  sec  52.4 MBytes   440 Mbits/sec  46660  
[  5]  40.00-41.00  sec  49.7 MBytes   416 Mbits/sec  44200  
[  5]  41.00-42.00  sec  52.4 MBytes   439 Mbits/sec  46610  
[  5]  42.00-43.00  sec  56.0 MBytes   470 Mbits/sec  49840  
[  5]  43.00-44.00  sec  50.9 MBytes   427 Mbits/sec  45310  
[  5]  44.00-45.00  sec  53.3 MBytes   447 Mbits/sec  47410  
[  5]  45.00-46.00  sec  52.5 MBytes   441 Mbits/sec  46770  
[  5]  46.00-47.00  sec  54.8 MBytes   460 Mbits/sec  48820  
[  5]  47.00-48.00  sec  49.8 MBytes   418 Mbits/sec  44330  
[  5]  48.00-49.00  sec  50.4 MBytes   423 Mbits/sec  44900  
[  5]  49.00-50.00  sec  54.4 MBytes   457 Mbits/sec  48460  
[  5]  50.00-51.00  sec  55.8 MBytes   468 Mbits/sec  49640  
[  5]  51.00-52.00  sec  51.2 MBytes   429 Mbits/sec  45550  
[  5]  52.00-53.00  sec  54.9 MBytes   461 Mbits/sec  48880  
[  5]  53.00-54.00  sec  59.5 MBytes   499 Mbits/sec  52950  
[  5]  54.00-55.00  sec  54.4 MBytes   456 Mbits/sec  48380  
[  5]  55.00-56.00  sec  55.3 MBytes   463 Mbits/sec  49180  
[  5]  56.00-57.00  sec  52.8 MBytes   443 Mbits/sec  47010  
[  5]  57.00-58.00  sec  52.6 MBytes   441 Mbits/sec  46780  
[  5]  58.00-59.00  sec  52.4 MBytes   439 Mbits/sec  46630  
[  5]  59.00-60.00  sec  51.8 MBytes   434 Mbits/sec  46080  
- - - - - - - - - - - - - - - - - - - - - - - - -
[ ID] Interval           Transfer     Bitrate         Jitter    Lost/Total Datagrams
[  5]   0.00-60.00  sec  3.10 GBytes   444 Mbits/sec  0.000 ms  0/2826960 (0%)  sender
[  5]   0.00-60.26  sec  1.92 GBytes   273 Mbits/sec  0.007 ms  1105235/2826960 (39%)  receiver

iperf Done.
