Connecting to host 10.136.80.143, port 5201
[  5] local 10.136.173.98 port 60238 connected to 10.136.80.143 port 5201
[ ID] Interval           Transfer     Bitrate         Total Datagrams
[  5]   0.00-1.00   sec  54.0 MBytes   453 Mbits/sec  48110  (omitted)
[  5]   0.00-1.00   sec  54.4 MBytes   456 Mbits/sec  48410  
[  5]   1.00-2.00   sec  52.3 MBytes   438 Mbits/sec  46540  
[  5]   2.00-3.00   sec  53.6 MBytes   450 Mbits/sec  47730  
[  5]   3.00-4.00   sec  52.5 MBytes   440 Mbits/sec  46700  
[  5]   4.00-5.00   sec  53.0 MBytes   444 Mbits/sec  47150  
[  5]   5.00-6.00   sec  53.2 MBytes   446 Mbits/sec  47320  
[  5]   6.00-7.00   sec  52.9 MBytes   444 Mbits/sec  47070  
[  5]   7.00-8.00   sec  54.6 MBytes   458 Mbits/sec  48640  
[  5]   8.00-9.00   sec  51.2 MBytes   429 Mbits/sec  45570  
[  5]   9.00-10.00  sec  52.2 MBytes   438 Mbits/sec  46450  
[  5]  10.00-11.00  sec  54.8 MBytes   460 Mbits/sec  48780  
[  5]  11.00-12.00  sec  54.6 MBytes   458 Mbits/sec  48630  
[  5]  12.00-13.00  sec  52.1 MBytes   437 Mbits/sec  46410  
[  5]  13.00-14.00  sec  52.7 MBytes   442 Mbits/sec  46890  
[  5]  14.00-15.00  sec  52.1 MBytes   437 Mbits/sec  46400  
[  5]  15.00-16.00  sec  51.2 MBytes   429 Mbits/sec  45550  
[  5]  16.00-17.00  sec  52.5 MBytes   440 Mbits/sec  46720  
[  5]  17.00-18.00  sec  52.0 MBytes   436 Mbits/sec  46270  
[  5]  18.00-19.00  sec  53.0 MBytes   444 Mbits/sec  47150  
[  5]  19.00-20.00  sec  52.8 MBytes   443 Mbits/sec  46990  
[  5]  20.00-21.00  sec  55.9 MBytes   469 Mbits/sec  49750  
[  5]  21.00-22.00  sec  53.2 MBytes   446 Mbits/sec  47370  
[  5]  22.00-23.00  sec  55.0 MBytes   462 Mbits/sec  48980  
[  5]  23.00-24.00  sec  54.1 MBytes   454 Mbits/sec  48140  
[  5]  24.00-25.00  sec  51.9 MBytes   436 Mbits/sec  46230  
[  5]  25.00-26.00  sec  53.2 MBytes   446 Mbits/sec  47350  
[  5]  26.00-27.00  sec  49.7 MBytes   417 Mbits/sec  44210  
[  5]  27.00-28.00  sec  50.2 MBytes   421 Mbits/sec  44710  
[  5]  28.00-29.00  sec  51.2 MBytes   430 Mbits/sec  45590  
[  5]  29.00-30.00  sec  51.6 MBytes   433 Mbits/sec  45920  
[  5]  30.00-31.00  sec  54.1 MBytes   454 Mbits/sec  48140  
[  5]  31.00-32.00  sec  54.9 MBytes   461 Mbits/sec  48880  
[  5]  32.00-33.00  sec  52.4 MBytes   439 Mbits/sec  46620  
[  5]  33.00-34.00  sec  51.2 MBytes   430 Mbits/sec  45590  
[  5]  34.00-35.00  sec  52.1 MBytes   437 Mbits/sec  46420  
[  5]  35.00-36.00  sec  52.4 MBytes   439 Mbits/sec  46630  
[  5]  36.00-37.00  sec  53.8 MBytes   451 Mbits/sec  47900  
[  5]  37.00-38.00  sec  50.7 MBytes   426 Mbits/sec  45160  
[  5]  38.00-39.00  sec  53.5 MBytes   449 Mbits/sec  47600  
[  5]  39.00-40.00  sec  50.1 MBytes   421 Mbits/sec  44640  
[  5]  40.00-41.00  sec  51.7 MBytes   434 Mbits/sec  46050  
[  5]  41.00-42.00  sec  54.7 MBytes   459 Mbits/sec  48700  
[  5]  42.00-43.00  sec  52.1 MBytes   437 Mbits/sec  46350  
[  5]  43.00-44.00  sec  50.5 MBytes   423 Mbits/sec  44920  
[  5]  44.00-45.00  sec  44.2 MBytes   370 Mbits/sec  39310  
[  5]  45.00-46.00  sec  53.0 MBytes   445 Mbits/sec  47180  
[  5]  46.00-47.00  sec  50.9 MBytes   427 Mbits/sec  45290  
[  5]  47.00-48.00  sec  54.0 MBytes   453 Mbits/sec  48070  
[  5]  48.00-49.00  sec  52.1 MBytes   437 Mbits/sec  46400  
[  5]  49.00-50.00  sec  55.8 MBytes   468 Mbits/sec  49710  
[  5]  50.00-51.00  sec  51.1 MBytes   429 Mbits/sec  45490  
[  5]  51.00-52.00  sec  49.2 MBytes   413 Mbits/sec  43790  
[  5]  52.00-53.00  sec  52.9 MBytes   444 Mbits/sec  47100  
[  5]  53.00-54.00  sec  51.7 MBytes   434 Mbits/sec  46030  
[  5]  54.00-55.00  sec  52.3 MBytes   439 Mbits/sec  46570  
[  5]  55.00-56.00  sec  54.1 MBytes   454 Mbits/sec  48140  
[  5]  56.00-57.00  sec  52.4 MBytes   439 Mbits/sec  46610  
[  5]  57.00-58.00  sec  52.5 MBytes   441 Mbits/sec  46770  
[  5]  58.00-59.00  sec  52.1 MBytes   437 Mbits/sec  46350  
[  5]  59.00-60.00  sec  52.3 MBytes   439 Mbits/sec  46590  
- - - - - - - - - - - - - - - - - - - - - - - - -
[ ID] Interval           Transfer     Bitrate         Jitter    Lost/Total Datagrams
[  5]   0.00-60.00  sec  3.07 GBytes   440 Mbits/sec  0.000 ms  0/2802620 (0%)  sender
[  5]   0.00-60.25  sec  1.85 GBytes   264 Mbits/sec  0.030 ms  1139839/2802620 (41%)  receiver

iperf Done.
