Connecting to host 10.136.80.145, port 5201
[  5] local 10.136.173.104 port 38320 connected to 10.136.80.145 port 5201
[ ID] Interval           Transfer     Bitrate         Total Datagrams
[  5]   0.00-1.00   sec  57.8 MBytes   485 Mbits/sec  51490  (omitted)
[  5]   0.00-1.00   sec  51.5 MBytes   432 Mbits/sec  45830  
[  5]   1.00-2.00   sec  53.9 MBytes   452 Mbits/sec  47990  
[  5]   2.00-3.00   sec  56.7 MBytes   476 Mbits/sec  50510  
[  5]   3.00-4.00   sec  54.5 MBytes   457 Mbits/sec  48490  
[  5]   4.00-5.00   sec  49.8 MBytes   418 Mbits/sec  44350  
[  5]   5.00-6.00   sec  54.9 MBytes   460 Mbits/sec  48860  
[  5]   6.00-7.00   sec  53.7 MBytes   451 Mbits/sec  47810  
[  5]   7.00-8.00   sec  55.5 MBytes   466 Mbits/sec  49420  
[  5]   8.00-9.00   sec  52.6 MBytes   441 Mbits/sec  46810  
[  5]   9.00-10.00  sec  52.3 MBytes   439 Mbits/sec  46540  
[  5]  10.00-11.00  sec  52.9 MBytes   444 Mbits/sec  47060  
[  5]  11.00-12.00  sec  53.2 MBytes   446 Mbits/sec  47320  
[  5]  12.00-13.00  sec  54.5 MBytes   458 Mbits/sec  48550  
[  5]  13.00-14.00  sec  56.2 MBytes   471 Mbits/sec  50000  
[  5]  14.00-15.00  sec  54.7 MBytes   459 Mbits/sec  48670  
[  5]  15.00-16.00  sec  53.8 MBytes   451 Mbits/sec  47870  
[  5]  16.00-17.00  sec  53.6 MBytes   450 Mbits/sec  47720  
[  5]  17.00-18.00  sec  52.5 MBytes   441 Mbits/sec  46750  
[  5]  18.00-19.00  sec  58.5 MBytes   491 Mbits/sec  52110  
[  5]  19.00-20.00  sec  55.7 MBytes   467 Mbits/sec  49570  
[  5]  20.00-21.00  sec  55.5 MBytes   465 Mbits/sec  49380  
[  5]  21.00-22.00  sec  54.5 MBytes   457 Mbits/sec  48510  
[  5]  22.00-23.00  sec  54.2 MBytes   455 Mbits/sec  48280  
[  5]  23.00-24.00  sec  53.4 MBytes   448 Mbits/sec  47510  
[  5]  24.00-25.00  sec  55.4 MBytes   465 Mbits/sec  49350  
[  5]  25.00-26.00  sec  55.3 MBytes   464 Mbits/sec  49250  
[  5]  26.00-27.00  sec  54.5 MBytes   457 Mbits/sec  48520  
[  5]  27.00-28.00  sec  55.5 MBytes   465 Mbits/sec  49370  
[  5]  28.00-29.00  sec  51.9 MBytes   436 Mbits/sec  46220  
[  5]  29.00-30.00  sec  54.8 MBytes   459 Mbits/sec  48740  
[  5]  30.00-31.00  sec  51.9 MBytes   435 Mbits/sec  46190  
[  5]  31.00-32.00  sec  51.9 MBytes   436 Mbits/sec  46220  
[  5]  32.00-33.00  sec  53.2 MBytes   446 Mbits/sec  47380  
[  5]  33.00-34.00  sec  55.8 MBytes   468 Mbits/sec  49630  
[  5]  34.00-35.00  sec  55.2 MBytes   463 Mbits/sec  49140  
[  5]  35.00-36.00  sec  51.2 MBytes   429 Mbits/sec  45570  
[  5]  36.00-37.00  sec  54.9 MBytes   460 Mbits/sec  48840  
[  5]  37.00-38.00  sec  38.3 MBytes   321 Mbits/sec  34070  
[  5]  38.00-39.00  sec  31.9 MBytes   268 Mbits/sec  28420  
[  5]  39.00-40.00  sec  54.2 MBytes   455 Mbits/sec  48260  
[  5]  40.00-41.00  sec  53.5 MBytes   448 Mbits/sec  47580  
[  5]  41.00-42.00  sec  53.5 MBytes   449 Mbits/sec  47660  
[  5]  42.00-43.00  sec  51.4 MBytes   431 Mbits/sec  45740  
[  5]  43.00-44.00  sec  50.7 MBytes   425 Mbits/sec  45100  
[  5]  44.00-45.00  sec  58.3 MBytes   489 Mbits/sec  51920  
[  5]  45.00-46.00  sec  54.0 MBytes   453 Mbits/sec  48030  
[  5]  46.00-47.00  sec  51.8 MBytes   435 Mbits/sec  46150  
[  5]  47.00-48.00  sec  56.0 MBytes   469 Mbits/sec  49810  
[  5]  48.00-49.00  sec  54.4 MBytes   456 Mbits/sec  48390  
[  5]  49.00-50.00  sec  54.5 MBytes   457 Mbits/sec  48480  
[  5]  50.00-51.00  sec  53.1 MBytes   446 Mbits/sec  47310  
[  5]  51.00-52.00  sec  53.5 MBytes   449 Mbits/sec  47620  
[  5]  52.00-53.00  sec  53.3 MBytes   447 Mbits/sec  47460  
[  5]  53.00-54.00  sec  55.1 MBytes   463 Mbits/sec  49080  
[  5]  54.00-55.00  sec  53.5 MBytes   449 Mbits/sec  47640  
[  5]  55.00-56.00  sec  52.2 MBytes   438 Mbits/sec  46470  
[  5]  56.00-57.00  sec  53.6 MBytes   450 Mbits/sec  47740  
[  5]  57.00-58.00  sec  55.5 MBytes   466 Mbits/sec  49420  
[  5]  58.00-59.00  sec  52.4 MBytes   439 Mbits/sec  46620  
[  5]  59.00-60.00  sec  50.6 MBytes   425 Mbits/sec  45050  
- - - - - - - - - - - - - - - - - - - - - - - - -
[ ID] Interval           Transfer     Bitrate         Jitter    Lost/Total Datagrams
[  5]   0.00-60.00  sec  3.12 GBytes   447 Mbits/sec  0.000 ms  0/2844350 (0%)  sender
[  5]   0.00-60.26  sec  1.90 GBytes   271 Mbits/sec  0.022 ms  1135593/2844344 (40%)  receiver

iperf Done.
