Connecting to host knb-server-368268, port 5201
[  5] local 10.136.173.96 port 57669 connected to 10.43.232.50 port 5201
[ ID] Interval           Transfer     Bitrate         Total Datagrams
[  5]   0.00-1.00   sec  89.1 MBytes   748 Mbits/sec  79330  (omitted)
[  5]   0.00-1.00   sec  59.3 MBytes   498 Mbits/sec  52800  
[  5]   1.00-2.00   sec  49.5 MBytes   415 Mbits/sec  44020  
[  5]   2.00-3.00   sec  55.0 MBytes   461 Mbits/sec  48920  
[  5]   3.00-4.00   sec  56.8 MBytes   477 Mbits/sec  50560  
[  5]   4.00-5.00   sec  73.8 MBytes   619 Mbits/sec  65730  
[  5]   5.00-6.00   sec  73.6 MBytes   617 Mbits/sec  65490  
[  5]   6.00-7.00   sec  74.6 MBytes   626 Mbits/sec  66430  
[  5]   7.00-8.00   sec  74.1 MBytes   622 Mbits/sec  65970  
[  5]   8.00-9.00   sec  56.0 MBytes   470 Mbits/sec  49850  
[  5]   9.00-10.00  sec  54.1 MBytes   454 Mbits/sec  48130  
[  5]  10.00-11.00  sec  59.2 MBytes   496 Mbits/sec  52680  
[  5]  11.00-12.00  sec  55.3 MBytes   464 Mbits/sec  49230  
[  5]  12.00-13.00  sec  54.3 MBytes   455 Mbits/sec  48290  
[  5]  13.00-14.00  sec  74.1 MBytes   621 Mbits/sec  65920  
[  5]  14.00-15.00  sec  74.2 MBytes   623 Mbits/sec  66090  
[  5]  15.00-16.00  sec  73.4 MBytes   616 Mbits/sec  65340  
[  5]  16.00-17.00  sec  72.7 MBytes   610 Mbits/sec  64730  
[  5]  17.00-18.00  sec  55.3 MBytes   464 Mbits/sec  49250  
[  5]  18.00-19.00  sec  66.6 MBytes   559 Mbits/sec  59300  
[  5]  19.00-20.00  sec  69.9 MBytes   586 Mbits/sec  62180  
[  5]  20.00-21.00  sec  75.1 MBytes   630 Mbits/sec  66880  
[  5]  21.00-22.00  sec  76.5 MBytes   642 Mbits/sec  68100  
[  5]  22.00-23.00  sec  75.6 MBytes   634 Mbits/sec  67320  
[  5]  23.00-24.00  sec  74.1 MBytes   622 Mbits/sec  65960  
[  5]  24.00-25.00  sec  76.0 MBytes   638 Mbits/sec  67680  
[  5]  25.00-26.00  sec  75.3 MBytes   632 Mbits/sec  67060  
[  5]  26.00-27.00  sec  75.2 MBytes   631 Mbits/sec  66950  
[  5]  27.00-28.00  sec  76.0 MBytes   638 Mbits/sec  67680  
[  5]  28.00-29.00  sec  68.2 MBytes   572 Mbits/sec  60730  
[  5]  29.00-30.00  sec  55.9 MBytes   469 Mbits/sec  49750  
[  5]  30.00-31.00  sec  55.9 MBytes   469 Mbits/sec  49800  
[  5]  31.00-32.00  sec  71.0 MBytes   596 Mbits/sec  63240  
[  5]  32.00-33.00  sec  75.0 MBytes   629 Mbits/sec  66720  
[  5]  33.00-34.00  sec  73.8 MBytes   619 Mbits/sec  65690  
[  5]  34.00-35.00  sec  75.1 MBytes   630 Mbits/sec  66830  
[  5]  35.00-36.00  sec  75.0 MBytes   629 Mbits/sec  66720  
[  5]  36.00-37.00  sec  75.0 MBytes   629 Mbits/sec  66760  
[  5]  37.00-38.00  sec  74.7 MBytes   627 Mbits/sec  66490  
[  5]  38.00-39.00  sec  56.8 MBytes   477 Mbits/sec  50590  
[  5]  39.00-40.00  sec  64.1 MBytes   538 Mbits/sec  57060  
[  5]  40.00-41.00  sec  74.2 MBytes   623 Mbits/sec  66060  
[  5]  41.00-42.00  sec  70.5 MBytes   591 Mbits/sec  62730  
[  5]  42.00-43.00  sec  73.0 MBytes   612 Mbits/sec  64970  
[  5]  43.00-44.00  sec  73.6 MBytes   617 Mbits/sec  65510  
[  5]  44.00-45.00  sec  73.3 MBytes   615 Mbits/sec  65230  
[  5]  45.00-46.00  sec  75.4 MBytes   632 Mbits/sec  67090  
[  5]  46.00-47.00  sec  74.7 MBytes   627 Mbits/sec  66520  
[  5]  47.00-48.00  sec  75.4 MBytes   633 Mbits/sec  67120  
[  5]  48.00-49.00  sec  76.4 MBytes   641 Mbits/sec  68050  
[  5]  49.00-50.00  sec  73.4 MBytes   616 Mbits/sec  65340  
[  5]  50.00-51.00  sec  74.1 MBytes   622 Mbits/sec  65980  
[  5]  51.00-52.00  sec  73.6 MBytes   617 Mbits/sec  65510  
[  5]  52.00-53.00  sec  73.9 MBytes   620 Mbits/sec  65800  
[  5]  53.00-54.00  sec  73.3 MBytes   615 Mbits/sec  65220  
[  5]  54.00-55.00  sec  68.7 MBytes   576 Mbits/sec  61120  
[  5]  55.00-56.00  sec  74.1 MBytes   622 Mbits/sec  65950  
[  5]  56.00-57.00  sec  75.0 MBytes   629 Mbits/sec  66780  
[  5]  57.00-58.00  sec  76.4 MBytes   641 Mbits/sec  68010  
[  5]  58.00-59.00  sec  61.5 MBytes   516 Mbits/sec  54740  
[  5]  59.00-60.00  sec  59.8 MBytes   502 Mbits/sec  53270  
- - - - - - - - - - - - - - - - - - - - - - - - -
[ ID] Interval           Transfer     Bitrate         Jitter    Lost/Total Datagrams
[  5]   0.00-60.00  sec  4.06 GBytes   581 Mbits/sec  0.000 ms  0/3699920 (0%)  sender
[  5]   0.00-60.23  sec  1.51 GBytes   216 Mbits/sec  0.008 ms  2377572/3699909 (64%)  receiver

iperf Done.
