Connecting to host 10.136.80.137, port 5201
[  5] local 10.136.173.74 port 42176 connected to 10.136.80.137 port 5201
[ ID] Interval           Transfer     Bitrate         Total Datagrams
[  5]   0.00-1.00   sec  82.4 MBytes   691 Mbits/sec  73330  (omitted)
[  5]   0.00-1.00   sec  81.8 MBytes   686 Mbits/sec  72810  
[  5]   1.00-2.00   sec  81.2 MBytes   682 Mbits/sec  72320  
[  5]   2.00-3.00   sec  83.0 MBytes   696 Mbits/sec  73890  
[  5]   3.00-4.00   sec  83.4 MBytes   700 Mbits/sec  74230  
[  5]   4.00-5.00   sec  83.2 MBytes   698 Mbits/sec  74020  
[  5]   5.00-6.00   sec  82.0 MBytes   688 Mbits/sec  72990  
[  5]   6.00-7.00   sec  83.9 MBytes   704 Mbits/sec  74690  
[  5]   7.00-8.00   sec  84.1 MBytes   705 Mbits/sec  74820  
[  5]   8.00-9.00   sec  85.3 MBytes   716 Mbits/sec  75940  
[  5]   9.00-10.00  sec  83.3 MBytes   699 Mbits/sec  74130  
[  5]  10.00-11.00  sec  84.0 MBytes   705 Mbits/sec  74790  
[  5]  11.00-12.00  sec  82.6 MBytes   693 Mbits/sec  73520  
[  5]  12.00-13.00  sec  80.3 MBytes   674 Mbits/sec  71470  
[  5]  13.00-14.00  sec  78.4 MBytes   658 Mbits/sec  69810  
[  5]  14.00-15.00  sec  78.3 MBytes   657 Mbits/sec  69710  
[  5]  15.00-16.00  sec  79.7 MBytes   669 Mbits/sec  70960  
[  5]  16.00-17.00  sec  78.4 MBytes   657 Mbits/sec  69760  
[  5]  17.00-18.00  sec  83.7 MBytes   702 Mbits/sec  74520  
[  5]  18.00-19.00  sec  84.8 MBytes   711 Mbits/sec  75480  
[  5]  19.00-20.00  sec  83.8 MBytes   703 Mbits/sec  74560  
[  5]  20.00-21.00  sec  83.8 MBytes   703 Mbits/sec  74600  
[  5]  21.00-22.00  sec  83.7 MBytes   702 Mbits/sec  74520  
[  5]  22.00-23.00  sec  82.4 MBytes   691 Mbits/sec  73310  
[  5]  23.00-24.00  sec  82.3 MBytes   691 Mbits/sec  73300  
[  5]  24.00-25.00  sec  84.0 MBytes   704 Mbits/sec  74740  
[  5]  25.00-26.00  sec  84.9 MBytes   712 Mbits/sec  75560  
[  5]  26.00-27.00  sec  85.1 MBytes   714 Mbits/sec  75760  
[  5]  27.00-28.00  sec  84.3 MBytes   707 Mbits/sec  75060  
[  5]  28.00-29.00  sec  83.2 MBytes   698 Mbits/sec  74050  
[  5]  29.00-30.00  sec  83.5 MBytes   701 Mbits/sec  74330  
[  5]  30.00-31.00  sec  83.4 MBytes   700 Mbits/sec  74270  
[  5]  31.00-32.00  sec  83.5 MBytes   701 Mbits/sec  74350  
[  5]  32.00-33.00  sec  82.1 MBytes   689 Mbits/sec  73080  
[  5]  33.00-34.00  sec  83.7 MBytes   702 Mbits/sec  74460  
[  5]  34.00-35.00  sec  83.7 MBytes   702 Mbits/sec  74520  
[  5]  35.00-36.00  sec  83.5 MBytes   700 Mbits/sec  74300  
[  5]  36.00-37.00  sec  82.6 MBytes   693 Mbits/sec  73560  
[  5]  37.00-38.00  sec  82.3 MBytes   690 Mbits/sec  73240  
[  5]  38.00-39.00  sec  83.2 MBytes   698 Mbits/sec  74040  
[  5]  39.00-40.00  sec  82.7 MBytes   693 Mbits/sec  73580  
[  5]  40.00-41.00  sec  82.3 MBytes   690 Mbits/sec  73260  
[  5]  41.00-42.00  sec  83.3 MBytes   699 Mbits/sec  74180  
[  5]  42.00-43.00  sec  81.2 MBytes   681 Mbits/sec  72270  
[  5]  43.00-44.00  sec  78.6 MBytes   660 Mbits/sec  69990  
[  5]  44.00-45.00  sec  78.2 MBytes   656 Mbits/sec  69590  
[  5]  45.00-46.00  sec  79.2 MBytes   664 Mbits/sec  70480  
[  5]  46.00-47.00  sec  78.5 MBytes   658 Mbits/sec  69870  
[  5]  47.00-48.00  sec  77.0 MBytes   646 Mbits/sec  68560  
[  5]  48.00-49.00  sec  73.5 MBytes   616 Mbits/sec  65410  
[  5]  49.00-50.00  sec  80.0 MBytes   671 Mbits/sec  71170  
[  5]  50.00-51.00  sec  79.2 MBytes   664 Mbits/sec  70490  
[  5]  51.00-52.00  sec  77.9 MBytes   653 Mbits/sec  69330  
[  5]  52.00-53.00  sec  80.5 MBytes   675 Mbits/sec  71660  
[  5]  53.00-54.00  sec  84.1 MBytes   706 Mbits/sec  74890  
[  5]  54.00-55.00  sec  83.9 MBytes   704 Mbits/sec  74670  
[  5]  55.00-56.00  sec  83.5 MBytes   700 Mbits/sec  74290  
[  5]  56.00-57.00  sec  83.2 MBytes   698 Mbits/sec  74100  
[  5]  57.00-58.00  sec  82.0 MBytes   688 Mbits/sec  72970  
[  5]  58.00-59.00  sec  84.3 MBytes   708 Mbits/sec  75080  
[  5]  59.00-60.00  sec  84.4 MBytes   708 Mbits/sec  75100  
- - - - - - - - - - - - - - - - - - - - - - - - -
[ ID] Interval           Transfer     Bitrate         Jitter    Lost/Total Datagrams
[  5]   0.00-60.00  sec  4.81 GBytes   689 Mbits/sec  0.000 ms  0/4386410 (0%)  sender
[  5]   0.00-60.25  sec  2.37 GBytes   338 Mbits/sec  0.014 ms  2277549/4386098 (52%)  receiver

iperf Done.
