Connecting to host 10.136.80.146, port 5201
[  5] local 10.136.173.82 port 40556 connected to 10.136.80.146 port 5201
[ ID] Interval           Transfer     Bitrate         Retr  Cwnd
[  5]   0.00-1.00   sec  2.85 MBytes  23.9 Mbits/sec  138   1.15 KBytes       (omitted)
[  5]   0.00-1.00   sec  2.97 MBytes  24.9 Mbits/sec  128   1.15 KBytes       
[  5]   1.00-2.00   sec  2.29 MBytes  19.2 Mbits/sec  125   2.30 KBytes       
[  5]   2.00-3.00   sec  1.11 MBytes  9.33 Mbits/sec   44   1.15 KBytes       
[  5]   3.00-4.00   sec  1.36 MBytes  11.4 Mbits/sec   75   6.90 KBytes       
[  5]   4.00-5.00   sec  1.79 MBytes  15.0 Mbits/sec   86   3.45 KBytes       
[  5]   5.00-6.00   sec  1.67 MBytes  14.0 Mbits/sec   86   2.30 KBytes       
[  5]   6.00-7.00   sec  2.78 MBytes  23.3 Mbits/sec  115   1.15 KBytes       
[  5]   7.00-8.00   sec   823 KBytes  6.74 Mbits/sec   38   3.45 KBytes       
[  5]   8.00-9.00   sec  2.60 MBytes  21.8 Mbits/sec  101   2.30 KBytes       
[  5]   9.00-10.00  sec  1.85 MBytes  15.5 Mbits/sec   83   2.30 KBytes       
[  5]  10.00-11.00  sec  2.75 MBytes  23.1 Mbits/sec  131   3.45 KBytes       
[  5]  11.00-12.00  sec  1.67 MBytes  14.0 Mbits/sec   81   2.30 KBytes       
[  5]  12.00-13.00  sec  1.79 MBytes  15.0 Mbits/sec   88   1.15 KBytes       
[  5]  13.00-14.00  sec   886 KBytes  7.26 Mbits/sec   41   2.30 KBytes       
[  5]  14.00-15.00  sec  1.05 MBytes  8.81 Mbits/sec   59   1.15 KBytes       
[  5]  15.00-16.00  sec  2.97 MBytes  24.9 Mbits/sec  125   1.15 KBytes       
[  5]  16.00-17.00  sec  1.79 MBytes  15.0 Mbits/sec   70   2.30 KBytes       
[  5]  17.00-18.00  sec  2.84 MBytes  23.9 Mbits/sec  122   2.30 KBytes       
[  5]  18.00-19.00  sec  1.30 MBytes  10.9 Mbits/sec   63   1.15 KBytes       
[  5]  19.00-20.00  sec   316 KBytes  2.59 Mbits/sec   15   1.15 KBytes       
[  5]  20.00-21.00  sec  1.67 MBytes  14.0 Mbits/sec   70   2.30 KBytes       
[  5]  21.00-22.00  sec  1.92 MBytes  16.1 Mbits/sec  104   3.45 KBytes       
[  5]  22.00-23.00  sec  2.47 MBytes  20.7 Mbits/sec  105   1.15 KBytes       
[  5]  23.00-24.00  sec   506 KBytes  4.15 Mbits/sec   29   2.30 KBytes       
[  5]  24.00-25.00  sec  2.60 MBytes  21.8 Mbits/sec  105   1.15 KBytes       
[  5]  25.00-26.00  sec  1.67 MBytes  14.0 Mbits/sec   64   2.30 KBytes       
[  5]  26.00-27.00  sec  2.22 MBytes  18.7 Mbits/sec  104   1.15 KBytes       
[  5]  27.00-28.00  sec  1.79 MBytes  15.0 Mbits/sec   86   1.15 KBytes       
[  5]  28.00-29.00  sec   823 KBytes  6.74 Mbits/sec   40   1.15 KBytes       
[  5]  29.00-30.00  sec  2.04 MBytes  17.1 Mbits/sec   87   1.15 KBytes       
[  5]  30.00-31.00  sec  1.42 MBytes  11.9 Mbits/sec   59   2.30 KBytes       
[  5]  31.00-32.00  sec   886 KBytes  7.26 Mbits/sec   49   1.15 KBytes       
[  5]  32.00-33.00  sec  1.24 MBytes  10.4 Mbits/sec   66   2.30 KBytes       
[  5]  33.00-34.00  sec  1.24 MBytes  10.4 Mbits/sec   58   2.30 KBytes       
[  5]  34.00-35.00  sec  1.54 MBytes  13.0 Mbits/sec   75   1.15 KBytes       
[  5]  35.00-36.00  sec  1.86 MBytes  15.6 Mbits/sec   80   1.15 KBytes       
[  5]  36.00-37.00  sec  1.17 MBytes  9.85 Mbits/sec   53   2.30 KBytes       
[  5]  37.00-38.00  sec  1.36 MBytes  11.4 Mbits/sec   55   1.15 KBytes       
[  5]  38.00-39.00  sec  1.67 MBytes  14.0 Mbits/sec   87   8.05 KBytes       
[  5]  39.00-40.00  sec  2.47 MBytes  20.7 Mbits/sec   99   1.15 KBytes       
[  5]  40.00-41.00  sec  1.36 MBytes  11.4 Mbits/sec   71   3.45 KBytes       
[  5]  41.00-42.00  sec  1.85 MBytes  15.6 Mbits/sec   76   2.30 KBytes       
[  5]  42.00-43.00  sec  3.58 MBytes  30.1 Mbits/sec  150   4.60 KBytes       
[  5]  43.00-44.00  sec  2.41 MBytes  20.2 Mbits/sec  116   1.15 KBytes       
[  5]  44.00-45.00  sec  1.73 MBytes  14.5 Mbits/sec   76   2.30 KBytes       
[  5]  45.00-46.00  sec  2.04 MBytes  17.1 Mbits/sec   93   2.30 KBytes       
[  5]  46.00-47.00  sec  3.85 MBytes  32.3 Mbits/sec  159   1.15 KBytes       
[  5]  47.00-48.00  sec  2.60 MBytes  21.8 Mbits/sec  117   2.30 KBytes       
[  5]  48.00-49.00  sec   886 KBytes  7.26 Mbits/sec   42   1.15 KBytes       
[  5]  49.00-50.00  sec  1.85 MBytes  15.6 Mbits/sec   83   2.30 KBytes       
[  5]  50.00-51.00  sec  1012 KBytes  8.29 Mbits/sec   52   2.30 KBytes       
[  5]  51.00-52.00  sec  1.11 MBytes  9.33 Mbits/sec   57   2.30 KBytes       
[  5]  52.00-53.00  sec  2.47 MBytes  20.7 Mbits/sec  107   5.75 KBytes       
[  5]  53.00-54.00  sec  1.73 MBytes  14.5 Mbits/sec   85   1.15 KBytes       
[  5]  54.00-55.00  sec   380 KBytes  3.11 Mbits/sec   36   1.15 KBytes       
[  5]  55.00-56.00  sec  1.73 MBytes  14.5 Mbits/sec   88   1.15 KBytes       
[  5]  56.00-57.00  sec  1012 KBytes  8.29 Mbits/sec   50   2.30 KBytes       
[  5]  57.00-58.00  sec   886 KBytes  7.26 Mbits/sec   61   3.45 KBytes       
[  5]  58.00-59.00  sec  1.61 MBytes  13.5 Mbits/sec   67   2.30 KBytes       
[  5]  59.00-60.00  sec   886 KBytes  7.26 Mbits/sec   43   1.15 KBytes       
- - - - - - - - - - - - - - - - - - - - - - - - -
[ ID] Interval           Transfer     Bitrate         Retr
[  5]   0.00-60.00  sec   104 MBytes  14.5 Mbits/sec  4780             sender
[  5]   0.00-60.04  sec   104 MBytes  14.5 Mbits/sec                  receiver

iperf Done.
