Connecting to host 10.136.80.145, port 5201
[  5] local 10.136.173.107 port 39787 connected to 10.136.80.145 port 5201
[ ID] Interval           Transfer     Bitrate         Total Datagrams
[  5]   0.00-1.00   sec  56.5 MBytes   474 Mbits/sec  50280  (omitted)
[  5]   0.00-1.00   sec  53.4 MBytes   447 Mbits/sec  47490  
[  5]   1.00-2.00   sec  51.2 MBytes   430 Mbits/sec  45580  
[  5]   2.00-3.00   sec  54.2 MBytes   455 Mbits/sec  48270  
[  5]   3.00-4.00   sec  53.3 MBytes   447 Mbits/sec  47410  
[  5]   4.00-5.00   sec  52.6 MBytes   442 Mbits/sec  46860  
[  5]   5.00-6.00   sec  54.9 MBytes   461 Mbits/sec  48870  
[  5]   6.00-7.00   sec  55.6 MBytes   466 Mbits/sec  49490  
[  5]   7.00-8.00   sec  52.5 MBytes   440 Mbits/sec  46740  
[  5]   8.00-9.00   sec  53.3 MBytes   447 Mbits/sec  47460  
[  5]   9.00-10.00  sec  51.9 MBytes   435 Mbits/sec  46190  
[  5]  10.00-11.00  sec  51.3 MBytes   430 Mbits/sec  45640  
[  5]  11.00-12.00  sec  52.0 MBytes   436 Mbits/sec  46270  
[  5]  12.00-13.00  sec  51.3 MBytes   430 Mbits/sec  45630  
[  5]  13.00-14.00  sec  55.0 MBytes   461 Mbits/sec  48950  
[  5]  14.00-15.00  sec  55.4 MBytes   464 Mbits/sec  49270  
[  5]  15.00-16.00  sec  51.6 MBytes   432 Mbits/sec  45890  
[  5]  16.00-17.00  sec  55.2 MBytes   463 Mbits/sec  49120  
[  5]  17.00-18.00  sec  54.1 MBytes   454 Mbits/sec  48200  
[  5]  18.00-19.00  sec  51.2 MBytes   430 Mbits/sec  45580  
[  5]  19.00-20.00  sec  54.9 MBytes   461 Mbits/sec  48910  
[  5]  20.00-21.00  sec  51.2 MBytes   430 Mbits/sec  45610  
[  5]  21.00-22.00  sec  56.1 MBytes   471 Mbits/sec  49940  
[  5]  22.00-23.00  sec  49.3 MBytes   413 Mbits/sec  43870  
[  5]  23.00-24.00  sec  58.9 MBytes   494 Mbits/sec  52400  
[  5]  24.00-25.00  sec  52.7 MBytes   442 Mbits/sec  46920  
[  5]  25.00-26.00  sec  55.7 MBytes   467 Mbits/sec  49600  
[  5]  26.00-27.00  sec  55.5 MBytes   466 Mbits/sec  49410  
[  5]  27.00-28.00  sec  53.0 MBytes   444 Mbits/sec  47160  
[  5]  28.00-29.00  sec  54.1 MBytes   454 Mbits/sec  48120  
[  5]  29.00-30.00  sec  52.8 MBytes   443 Mbits/sec  47010  
[  5]  30.00-31.00  sec  52.2 MBytes   438 Mbits/sec  46500  
[  5]  31.00-32.00  sec  53.3 MBytes   447 Mbits/sec  47450  
[  5]  32.00-33.00  sec  52.5 MBytes   440 Mbits/sec  46690  
[  5]  33.00-34.00  sec  52.9 MBytes   444 Mbits/sec  47080  
[  5]  34.00-35.00  sec  52.6 MBytes   441 Mbits/sec  46840  
[  5]  35.00-36.00  sec  49.7 MBytes   417 Mbits/sec  44230  
[  5]  36.00-37.00  sec  43.3 MBytes   364 Mbits/sec  38580  
[  5]  37.00-38.00  sec  53.8 MBytes   451 Mbits/sec  47880  
[  5]  38.00-39.00  sec  55.7 MBytes   467 Mbits/sec  49580  
[  5]  39.00-40.00  sec  54.1 MBytes   454 Mbits/sec  48140  
[  5]  40.00-41.00  sec  51.9 MBytes   435 Mbits/sec  46170  
[  5]  41.00-42.00  sec  57.9 MBytes   486 Mbits/sec  51560  
[  5]  42.00-43.00  sec  51.7 MBytes   434 Mbits/sec  46020  
[  5]  43.00-44.00  sec  51.9 MBytes   435 Mbits/sec  46210  
[  5]  44.00-45.00  sec  51.5 MBytes   432 Mbits/sec  45850  
[  5]  45.00-46.00  sec  53.7 MBytes   451 Mbits/sec  47830  
[  5]  46.00-47.00  sec  51.9 MBytes   435 Mbits/sec  46190  
[  5]  47.00-48.00  sec  51.3 MBytes   431 Mbits/sec  45700  
[  5]  48.00-49.00  sec  50.8 MBytes   427 Mbits/sec  45260  
[  5]  49.00-50.00  sec  49.8 MBytes   418 Mbits/sec  44370  
[  5]  50.00-51.00  sec  54.0 MBytes   453 Mbits/sec  48060  
[  5]  51.00-52.00  sec  53.4 MBytes   448 Mbits/sec  47560  
[  5]  52.00-53.00  sec  55.0 MBytes   461 Mbits/sec  48930  
[  5]  53.00-54.00  sec  54.1 MBytes   454 Mbits/sec  48130  
[  5]  54.00-55.00  sec  54.1 MBytes   454 Mbits/sec  48200  
[  5]  55.00-56.00  sec  53.8 MBytes   452 Mbits/sec  47920  
[  5]  56.00-57.00  sec  52.5 MBytes   440 Mbits/sec  46730  
[  5]  57.00-58.00  sec  51.7 MBytes   434 Mbits/sec  46020  
[  5]  58.00-59.00  sec  50.9 MBytes   427 Mbits/sec  45340  
[  5]  59.00-60.00  sec  49.8 MBytes   418 Mbits/sec  44340  
- - - - - - - - - - - - - - - - - - - - - - - - -
[ ID] Interval           Transfer     Bitrate         Jitter    Lost/Total Datagrams
[  5]   0.00-60.00  sec  3.10 GBytes   444 Mbits/sec  0.000 ms  0/2827220 (0%)  sender
[  5]   0.00-60.22  sec  1.87 GBytes   267 Mbits/sec  0.022 ms  1144205/2827220 (40%)  receiver

iperf Done.
