Connecting to host 10.136.80.166, port 5201
[  5] local 10.136.173.102 port 32936 connected to 10.136.80.166 port 5201
[ ID] Interval           Transfer     Bitrate         Total Datagrams
[  5]   0.00-1.00   sec  52.3 MBytes   439 Mbits/sec  46550  (omitted)
[  5]   0.00-1.00   sec  52.2 MBytes   438 Mbits/sec  46440  
[  5]   1.00-2.00   sec  53.1 MBytes   445 Mbits/sec  47230  
[  5]   2.00-3.00   sec  49.7 MBytes   417 Mbits/sec  44280  
[  5]   3.00-4.00   sec  54.4 MBytes   456 Mbits/sec  48410  
[  5]   4.00-5.00   sec  55.0 MBytes   461 Mbits/sec  48930  
[  5]   5.00-6.00   sec  53.2 MBytes   446 Mbits/sec  47350  
[  5]   6.00-7.00   sec  53.5 MBytes   449 Mbits/sec  47630  
[  5]   7.00-8.00   sec  55.6 MBytes   466 Mbits/sec  49470  
[  5]   8.00-9.00   sec  57.6 MBytes   483 Mbits/sec  51260  
[  5]   9.00-10.00  sec  57.2 MBytes   480 Mbits/sec  50890  
[  5]  10.00-11.00  sec  57.9 MBytes   486 Mbits/sec  51560  
[  5]  11.00-12.00  sec  54.5 MBytes   457 Mbits/sec  48500  
[  5]  12.00-13.00  sec  54.5 MBytes   457 Mbits/sec  48520  
[  5]  13.00-14.00  sec  51.0 MBytes   428 Mbits/sec  45370  
[  5]  14.00-15.00  sec  54.4 MBytes   456 Mbits/sec  48410  
[  5]  15.00-16.00  sec  53.4 MBytes   448 Mbits/sec  47530  
[  5]  16.00-17.00  sec  50.5 MBytes   424 Mbits/sec  44950  
[  5]  17.00-18.00  sec  55.6 MBytes   467 Mbits/sec  49510  
[  5]  18.00-19.00  sec  54.0 MBytes   453 Mbits/sec  48050  
[  5]  19.00-20.00  sec  50.4 MBytes   423 Mbits/sec  44840  
[  5]  20.00-21.00  sec  59.3 MBytes   497 Mbits/sec  52780  
[  5]  21.00-22.00  sec  45.2 MBytes   379 Mbits/sec  40220  
[  5]  22.00-23.00  sec  54.6 MBytes   458 Mbits/sec  48580  
[  5]  23.00-24.00  sec  52.3 MBytes   439 Mbits/sec  46530  
[  5]  24.00-25.00  sec  52.0 MBytes   437 Mbits/sec  46330  
[  5]  25.00-26.00  sec  56.0 MBytes   470 Mbits/sec  49870  
[  5]  26.00-27.00  sec  51.9 MBytes   436 Mbits/sec  46230  
[  5]  27.00-28.00  sec  53.0 MBytes   445 Mbits/sec  47170  
[  5]  28.00-29.00  sec  55.5 MBytes   466 Mbits/sec  49420  
[  5]  29.00-30.00  sec  51.9 MBytes   435 Mbits/sec  46180  
[  5]  30.00-31.00  sec  50.2 MBytes   421 Mbits/sec  44670  
[  5]  31.00-32.00  sec  54.8 MBytes   459 Mbits/sec  48750  
[  5]  32.00-33.00  sec  52.4 MBytes   439 Mbits/sec  46610  
[  5]  33.00-34.00  sec  51.9 MBytes   436 Mbits/sec  46240  
[  5]  34.00-35.00  sec  53.0 MBytes   444 Mbits/sec  47170  
[  5]  35.00-36.00  sec  49.7 MBytes   417 Mbits/sec  44220  
[  5]  36.00-37.00  sec  45.3 MBytes   380 Mbits/sec  40360  
[  5]  37.00-38.00  sec  55.3 MBytes   464 Mbits/sec  49240  
[  5]  38.00-39.00  sec  52.8 MBytes   443 Mbits/sec  47010  
[  5]  39.00-40.00  sec  53.0 MBytes   445 Mbits/sec  47180  
[  5]  40.00-41.00  sec  52.3 MBytes   439 Mbits/sec  46560  
[  5]  41.00-42.00  sec  52.3 MBytes   439 Mbits/sec  46590  
[  5]  42.00-43.00  sec  55.3 MBytes   464 Mbits/sec  49250  
[  5]  43.00-44.00  sec  48.4 MBytes   406 Mbits/sec  43070  
[  5]  44.00-45.00  sec  57.1 MBytes   479 Mbits/sec  50810  
[  5]  45.00-46.00  sec  54.2 MBytes   455 Mbits/sec  48270  
[  5]  46.00-47.00  sec  53.8 MBytes   451 Mbits/sec  47850  
[  5]  47.00-48.00  sec  54.9 MBytes   461 Mbits/sec  48870  
[  5]  48.00-49.00  sec  55.0 MBytes   461 Mbits/sec  48940  
[  5]  49.00-50.00  sec  56.3 MBytes   472 Mbits/sec  50090  
[  5]  50.00-51.00  sec  52.6 MBytes   441 Mbits/sec  46790  
[  5]  51.00-52.00  sec  50.3 MBytes   422 Mbits/sec  44740  
[  5]  52.00-53.00  sec  55.2 MBytes   463 Mbits/sec  49130  
[  5]  53.00-54.00  sec  61.0 MBytes   512 Mbits/sec  54310  
[  5]  54.00-55.00  sec  51.2 MBytes   429 Mbits/sec  45560  
[  5]  55.00-56.00  sec  54.9 MBytes   461 Mbits/sec  48880  
[  5]  56.00-57.00  sec  48.3 MBytes   405 Mbits/sec  43010  
[  5]  57.00-58.00  sec  50.9 MBytes   427 Mbits/sec  45280  
[  5]  58.00-59.00  sec  56.3 MBytes   472 Mbits/sec  50080  
[  5]  59.00-60.00  sec  54.1 MBytes   454 Mbits/sec  48170  
- - - - - - - - - - - - - - - - - - - - - - - - -
[ ID] Interval           Transfer     Bitrate         Jitter    Lost/Total Datagrams
[  5]   0.00-60.00  sec  3.13 GBytes   448 Mbits/sec  0.000 ms  0/2850140 (0%)  sender
[  5]   0.00-60.28  sec  1.94 GBytes   277 Mbits/sec  0.082 ms  1090764/2850140 (38%)  receiver

iperf Done.
