Connecting to host 10.136.80.166, port 5201
[  5] local 10.136.173.119 port 44162 connected to 10.136.80.166 port 5201
[ ID] Interval           Transfer     Bitrate         Total Datagrams
[  5]   0.00-1.00   sec  73.0 MBytes   612 Mbits/sec  64940  (omitted)
[  5]   0.00-1.00   sec  74.9 MBytes   628 Mbits/sec  66650  
[  5]   1.00-2.00   sec  75.3 MBytes   631 Mbits/sec  66990  
[  5]   2.00-3.00   sec  73.8 MBytes   619 Mbits/sec  65650  
[  5]   3.00-4.00   sec  69.1 MBytes   580 Mbits/sec  61510  
[  5]   4.00-5.00   sec  76.4 MBytes   641 Mbits/sec  68000  
[  5]   5.00-6.00   sec  75.9 MBytes   637 Mbits/sec  67560  
[  5]   6.00-7.00   sec  76.1 MBytes   638 Mbits/sec  67710  
[  5]   7.00-8.00   sec  75.4 MBytes   632 Mbits/sec  67110  
[  5]   8.00-9.00   sec  75.6 MBytes   634 Mbits/sec  67250  
[  5]   9.00-10.00  sec  76.0 MBytes   637 Mbits/sec  67640  
[  5]  10.00-11.00  sec  76.3 MBytes   640 Mbits/sec  67930  
[  5]  11.00-12.00  sec  72.8 MBytes   611 Mbits/sec  64780  
[  5]  12.00-13.00  sec  75.3 MBytes   631 Mbits/sec  67000  
[  5]  13.00-14.00  sec  75.2 MBytes   631 Mbits/sec  66970  
[  5]  14.00-15.00  sec  76.8 MBytes   644 Mbits/sec  68380  
[  5]  15.00-16.00  sec  76.7 MBytes   643 Mbits/sec  68270  
[  5]  16.00-17.00  sec  75.8 MBytes   636 Mbits/sec  67440  
[  5]  17.00-18.00  sec  73.7 MBytes   618 Mbits/sec  65570  
[  5]  18.00-19.00  sec  74.1 MBytes   622 Mbits/sec  66000  
[  5]  19.00-20.00  sec  73.8 MBytes   619 Mbits/sec  65670  
[  5]  20.00-21.00  sec  72.8 MBytes   611 Mbits/sec  64840  
[  5]  21.00-22.00  sec  73.5 MBytes   616 Mbits/sec  65390  
[  5]  22.00-23.00  sec  73.3 MBytes   615 Mbits/sec  65220  
[  5]  23.00-24.00  sec  74.1 MBytes   622 Mbits/sec  65970  
[  5]  24.00-25.00  sec  75.1 MBytes   630 Mbits/sec  66890  
[  5]  25.00-26.00  sec  74.5 MBytes   625 Mbits/sec  66300  
[  5]  26.00-27.00  sec  75.4 MBytes   632 Mbits/sec  67110  
[  5]  27.00-28.00  sec  68.2 MBytes   572 Mbits/sec  60700  
[  5]  28.00-29.00  sec  69.7 MBytes   585 Mbits/sec  62080  
[  5]  29.00-30.00  sec  65.6 MBytes   551 Mbits/sec  58430  
[  5]  30.00-31.00  sec  74.4 MBytes   625 Mbits/sec  66270  
[  5]  31.00-32.00  sec  74.3 MBytes   623 Mbits/sec  66110  
[  5]  32.00-33.00  sec  72.0 MBytes   604 Mbits/sec  64100  
[  5]  33.00-34.00  sec  62.9 MBytes   527 Mbits/sec  55960  
[  5]  34.00-35.00  sec  77.5 MBytes   650 Mbits/sec  68950  
[  5]  35.00-36.00  sec  75.7 MBytes   635 Mbits/sec  67380  
[  5]  36.00-37.00  sec  76.6 MBytes   642 Mbits/sec  68140  
[  5]  37.00-38.00  sec  78.2 MBytes   656 Mbits/sec  69610  
[  5]  38.00-39.00  sec  68.8 MBytes   577 Mbits/sec  61200  
[  5]  39.00-40.00  sec  75.2 MBytes   631 Mbits/sec  66920  
[  5]  40.00-41.00  sec  75.6 MBytes   634 Mbits/sec  67250  
[  5]  41.00-42.00  sec  75.3 MBytes   632 Mbits/sec  67050  
[  5]  42.00-43.00  sec  70.7 MBytes   593 Mbits/sec  62950  
[  5]  43.00-44.00  sec  61.7 MBytes   518 Mbits/sec  54920  
[  5]  44.00-45.00  sec  72.9 MBytes   611 Mbits/sec  64850  
[  5]  45.00-46.00  sec  74.4 MBytes   624 Mbits/sec  66190  
[  5]  46.00-47.00  sec  77.5 MBytes   650 Mbits/sec  68980  
[  5]  47.00-48.00  sec  72.3 MBytes   606 Mbits/sec  64350  
[  5]  48.00-49.00  sec  76.9 MBytes   645 Mbits/sec  68440  
[  5]  49.00-50.00  sec  76.4 MBytes   641 Mbits/sec  68020  
[  5]  50.00-51.00  sec  71.9 MBytes   603 Mbits/sec  63960  
[  5]  51.00-52.00  sec  72.9 MBytes   612 Mbits/sec  64920  
[  5]  52.00-53.00  sec  76.4 MBytes   641 Mbits/sec  68020  
[  5]  53.00-54.00  sec  76.0 MBytes   638 Mbits/sec  67660  
[  5]  54.00-55.00  sec  76.2 MBytes   639 Mbits/sec  67860  
[  5]  55.00-56.00  sec  76.8 MBytes   644 Mbits/sec  68320  
[  5]  56.00-57.00  sec  76.3 MBytes   640 Mbits/sec  67900  
[  5]  57.00-58.00  sec  74.0 MBytes   621 Mbits/sec  65880  
[  5]  58.00-59.00  sec  77.0 MBytes   646 Mbits/sec  68530  
[  5]  59.00-60.00  sec  76.4 MBytes   641 Mbits/sec  68010  
- - - - - - - - - - - - - - - - - - - - - - - - -
[ ID] Interval           Transfer     Bitrate         Jitter    Lost/Total Datagrams
[  5]   0.00-60.00  sec  4.34 GBytes   621 Mbits/sec  0.000 ms  0/3955710 (0%)  sender
[  5]   0.00-60.09  sec  1.56 GBytes   223 Mbits/sec  0.023 ms  2573849/3955627 (65%)  receiver

iperf Done.
