Connecting to host 10.136.80.150, port 5201
[  5] local 10.136.173.86 port 41255 connected to 10.136.80.150 port 5201
[ ID] Interval           Transfer     Bitrate         Total Datagrams
[  5]   0.00-1.00   sec  45.8 MBytes   384 Mbits/sec  40760  (omitted)
[  5]   0.00-1.00   sec  54.0 MBytes   453 Mbits/sec  48040  
[  5]   1.00-2.00   sec  54.8 MBytes   459 Mbits/sec  48750  
[  5]   2.00-3.00   sec  55.3 MBytes   464 Mbits/sec  49200  
[  5]   3.00-4.00   sec  49.4 MBytes   414 Mbits/sec  43990  
[  5]   4.00-5.00   sec  48.7 MBytes   409 Mbits/sec  43370  
[  5]   5.00-6.00   sec  50.0 MBytes   420 Mbits/sec  44530  
[  5]   6.00-7.00   sec  48.5 MBytes   407 Mbits/sec  43180  
[  5]   7.00-8.00   sec  48.4 MBytes   406 Mbits/sec  43040  
[  5]   8.00-9.00   sec  51.7 MBytes   434 Mbits/sec  46010  
[  5]   9.00-10.00  sec  54.4 MBytes   457 Mbits/sec  48450  
[  5]  10.00-11.00  sec  54.7 MBytes   459 Mbits/sec  48680  
[  5]  11.00-12.00  sec  51.8 MBytes   435 Mbits/sec  46120  
[  5]  12.00-13.00  sec  52.7 MBytes   442 Mbits/sec  46930  
[  5]  13.00-14.00  sec  52.4 MBytes   440 Mbits/sec  46630  
[  5]  14.00-15.00  sec  49.8 MBytes   418 Mbits/sec  44320  
[  5]  15.00-16.00  sec  53.9 MBytes   452 Mbits/sec  47940  
[  5]  16.00-17.00  sec  57.6 MBytes   483 Mbits/sec  51260  
[  5]  17.00-18.00  sec  58.4 MBytes   490 Mbits/sec  51960  
[  5]  18.00-19.00  sec  52.3 MBytes   439 Mbits/sec  46560  
[  5]  19.00-20.00  sec  58.9 MBytes   494 Mbits/sec  52400  
[  5]  20.00-21.00  sec  48.7 MBytes   408 Mbits/sec  43330  
[  5]  21.00-22.00  sec  52.0 MBytes   436 Mbits/sec  46310  
[  5]  22.00-23.00  sec  53.0 MBytes   444 Mbits/sec  47170  
[  5]  23.00-24.00  sec  50.6 MBytes   424 Mbits/sec  45010  
[  5]  24.00-25.00  sec  51.1 MBytes   429 Mbits/sec  45460  
[  5]  25.00-26.00  sec  56.4 MBytes   473 Mbits/sec  50160  
[  5]  26.00-27.00  sec  52.8 MBytes   443 Mbits/sec  47000  
[  5]  27.00-28.00  sec  53.6 MBytes   450 Mbits/sec  47730  
[  5]  28.00-29.00  sec  54.9 MBytes   461 Mbits/sec  48890  
[  5]  29.00-30.00  sec  51.2 MBytes   430 Mbits/sec  45580  
[  5]  30.00-31.00  sec  55.4 MBytes   465 Mbits/sec  49310  
[  5]  31.00-32.00  sec  56.3 MBytes   472 Mbits/sec  50100  
[  5]  32.00-33.00  sec  49.8 MBytes   418 Mbits/sec  44340  
[  5]  33.00-34.00  sec  56.5 MBytes   474 Mbits/sec  50300  
[  5]  34.00-35.00  sec  51.8 MBytes   435 Mbits/sec  46110  
[  5]  35.00-36.00  sec  57.7 MBytes   484 Mbits/sec  51390  
[  5]  36.00-37.00  sec  57.6 MBytes   483 Mbits/sec  51250  
[  5]  37.00-38.00  sec  56.5 MBytes   474 Mbits/sec  50290  
[  5]  38.00-39.00  sec  54.5 MBytes   457 Mbits/sec  48490  
[  5]  39.00-40.00  sec  50.7 MBytes   425 Mbits/sec  45130  
[  5]  40.00-41.00  sec  58.8 MBytes   493 Mbits/sec  52330  
[  5]  41.00-42.00  sec  55.0 MBytes   461 Mbits/sec  48930  
[  5]  42.00-43.00  sec  52.5 MBytes   440 Mbits/sec  46730  
[  5]  43.00-44.00  sec  50.8 MBytes   426 Mbits/sec  45190  
[  5]  44.00-45.00  sec  57.7 MBytes   484 Mbits/sec  51320  
[  5]  45.00-46.00  sec  52.7 MBytes   442 Mbits/sec  46950  
[  5]  46.00-47.00  sec  53.1 MBytes   446 Mbits/sec  47300  
[  5]  47.00-48.00  sec  53.0 MBytes   445 Mbits/sec  47200  
[  5]  48.00-49.00  sec  53.7 MBytes   451 Mbits/sec  47810  
[  5]  49.00-50.00  sec  61.4 MBytes   515 Mbits/sec  54640  
[  5]  50.00-51.00  sec  53.5 MBytes   449 Mbits/sec  47610  
[  5]  51.00-52.00  sec  55.7 MBytes   467 Mbits/sec  49600  
[  5]  52.00-53.00  sec  59.6 MBytes   500 Mbits/sec  53060  
[  5]  53.00-54.00  sec  55.7 MBytes   467 Mbits/sec  49600  
[  5]  54.00-55.00  sec  55.8 MBytes   468 Mbits/sec  49640  
[  5]  55.00-56.00  sec  60.7 MBytes   509 Mbits/sec  54060  
[  5]  56.00-57.00  sec  57.1 MBytes   479 Mbits/sec  50810  
[  5]  57.00-58.00  sec  60.1 MBytes   504 Mbits/sec  53530  
[  5]  58.00-59.00  sec  54.5 MBytes   457 Mbits/sec  48490  
[  5]  59.00-60.00  sec  55.7 MBytes   467 Mbits/sec  49580  
- - - - - - - - - - - - - - - - - - - - - - - - -
[ ID] Interval           Transfer     Bitrate         Jitter    Lost/Total Datagrams
[  5]   0.00-60.00  sec  3.17 GBytes   454 Mbits/sec  0.000 ms  0/2889090 (0%)  sender
[  5]   0.00-63.48  sec  1.75 GBytes   237 Mbits/sec  0.050 ms  1104603/2688486 (41%)  receiver

iperf Done.
