Connecting to host knb-server-355735, port 5201
[  5] local 10.136.173.94 port 36359 connected to 10.43.136.143 port 5201
[ ID] Interval           Transfer     Bitrate         Total Datagrams
[  5]   0.00-1.00   sec  52.6 MBytes   441 Mbits/sec  46850  (omitted)
[  5]   0.00-1.00   sec  54.3 MBytes   455 Mbits/sec  48320  
[  5]   1.00-2.00   sec  51.1 MBytes   428 Mbits/sec  45450  
[  5]   2.00-3.00   sec  51.4 MBytes   431 Mbits/sec  45730  
[  5]   3.00-4.00   sec  51.4 MBytes   431 Mbits/sec  45720  
[  5]   4.00-5.00   sec  53.7 MBytes   450 Mbits/sec  47770  
[  5]   5.00-6.00   sec  51.7 MBytes   434 Mbits/sec  46020  
[  5]   6.00-7.00   sec  51.7 MBytes   434 Mbits/sec  46010  
[  5]   7.00-8.00   sec  51.7 MBytes   433 Mbits/sec  46000  
[  5]   8.00-9.00   sec  50.1 MBytes   420 Mbits/sec  44580  
[  5]   9.00-10.00  sec  48.7 MBytes   409 Mbits/sec  43390  
[  5]  10.00-11.00  sec  52.5 MBytes   440 Mbits/sec  46730  
[  5]  11.00-12.00  sec  53.6 MBytes   450 Mbits/sec  47730  
[  5]  12.00-13.00  sec  50.6 MBytes   424 Mbits/sec  45020  
[  5]  13.00-14.00  sec  53.5 MBytes   449 Mbits/sec  47640  
[  5]  14.00-15.00  sec  44.9 MBytes   377 Mbits/sec  40000  
[  5]  15.00-16.00  sec  52.5 MBytes   440 Mbits/sec  46730  
[  5]  16.00-17.00  sec  54.8 MBytes   460 Mbits/sec  48770  
[  5]  17.00-18.00  sec  51.2 MBytes   430 Mbits/sec  45590  
[  5]  18.00-19.00  sec  52.3 MBytes   439 Mbits/sec  46590  
[  5]  19.00-20.00  sec  54.8 MBytes   460 Mbits/sec  48790  
[  5]  20.00-21.00  sec  54.9 MBytes   461 Mbits/sec  48870  
[  5]  21.00-22.00  sec  54.0 MBytes   453 Mbits/sec  48100  
[  5]  22.00-23.00  sec  49.7 MBytes   417 Mbits/sec  44270  
[  5]  23.00-24.00  sec  50.3 MBytes   422 Mbits/sec  44810  
[  5]  24.00-25.00  sec  51.0 MBytes   428 Mbits/sec  45390  
[  5]  25.00-26.00  sec  52.2 MBytes   438 Mbits/sec  46450  
[  5]  26.00-27.00  sec  51.9 MBytes   436 Mbits/sec  46230  
[  5]  27.00-28.00  sec  51.3 MBytes   430 Mbits/sec  45620  
[  5]  28.00-29.00  sec  52.7 MBytes   442 Mbits/sec  46890  
[  5]  29.00-30.00  sec  52.3 MBytes   439 Mbits/sec  46580  
[  5]  30.00-31.00  sec  49.9 MBytes   418 Mbits/sec  44400  
[  5]  31.00-32.00  sec  50.4 MBytes   423 Mbits/sec  44850  
[  5]  32.00-33.00  sec  51.7 MBytes   434 Mbits/sec  46060  
[  5]  33.00-34.00  sec  57.0 MBytes   478 Mbits/sec  50770  
[  5]  34.00-35.00  sec  51.0 MBytes   428 Mbits/sec  45440  
[  5]  35.00-36.00  sec  54.3 MBytes   455 Mbits/sec  48290  
[  5]  36.00-37.00  sec  54.4 MBytes   457 Mbits/sec  48450  
[  5]  37.00-38.00  sec  54.0 MBytes   453 Mbits/sec  48060  
[  5]  38.00-39.00  sec  51.5 MBytes   432 Mbits/sec  45840  
[  5]  39.00-40.00  sec  49.5 MBytes   415 Mbits/sec  44090  
[  5]  40.00-41.00  sec  51.3 MBytes   430 Mbits/sec  45620  
[  5]  41.00-42.00  sec  50.9 MBytes   427 Mbits/sec  45270  
[  5]  42.00-43.00  sec  51.2 MBytes   430 Mbits/sec  45580  
[  5]  43.00-44.00  sec  53.0 MBytes   445 Mbits/sec  47220  
[  5]  44.00-45.00  sec  50.7 MBytes   425 Mbits/sec  45130  
[  5]  45.00-46.00  sec  54.1 MBytes   454 Mbits/sec  48140  
[  5]  46.00-47.00  sec  54.4 MBytes   456 Mbits/sec  48400  
[  5]  47.00-48.00  sec  51.8 MBytes   435 Mbits/sec  46120  
[  5]  48.00-49.00  sec  53.9 MBytes   452 Mbits/sec  47950  
[  5]  49.00-50.00  sec  50.9 MBytes   427 Mbits/sec  45340  
[  5]  50.00-51.00  sec  50.8 MBytes   426 Mbits/sec  45210  
[  5]  51.00-52.00  sec  50.8 MBytes   426 Mbits/sec  45250  
[  5]  52.00-53.00  sec  50.1 MBytes   420 Mbits/sec  44560  
[  5]  53.00-54.00  sec  50.5 MBytes   424 Mbits/sec  44980  
[  5]  54.00-55.00  sec  50.5 MBytes   424 Mbits/sec  44960  
[  5]  55.00-56.00  sec  49.5 MBytes   415 Mbits/sec  44040  
[  5]  56.00-57.00  sec  51.9 MBytes   435 Mbits/sec  46190  
[  5]  57.00-58.00  sec  51.6 MBytes   433 Mbits/sec  45960  
[  5]  58.00-59.00  sec  52.6 MBytes   441 Mbits/sec  46840  
[  5]  59.00-60.00  sec  51.7 MBytes   433 Mbits/sec  45990  
- - - - - - - - - - - - - - - - - - - - - - - - -
[ ID] Interval           Transfer     Bitrate         Jitter    Lost/Total Datagrams
[  5]   0.00-60.00  sec  3.04 GBytes   435 Mbits/sec  0.000 ms  0/2770790 (0%)  sender
[  5]   0.00-60.26  sec  1.88 GBytes   269 Mbits/sec  0.074 ms  1074561/2770790 (39%)  receiver

iperf Done.
