Connecting to host 10.136.80.189, port 5201
[  5] local 10.136.173.83 port 57393 connected to 10.136.80.189 port 5201
[ ID] Interval           Transfer     Bitrate         Total Datagrams
[  5]   0.00-1.00   sec  60.7 MBytes   509 Mbits/sec  54040  (omitted)
[  5]   0.00-1.00   sec  72.7 MBytes   610 Mbits/sec  64690  
[  5]   1.00-2.00   sec  62.5 MBytes   524 Mbits/sec  55620  
[  5]   2.00-3.00   sec  64.3 MBytes   539 Mbits/sec  57230  
[  5]   3.00-4.00   sec  62.0 MBytes   520 Mbits/sec  55210  
[  5]   4.00-5.00   sec  70.1 MBytes   588 Mbits/sec  62440  
[  5]   5.00-6.00   sec  60.0 MBytes   504 Mbits/sec  53440  
[  5]   6.00-7.00   sec  59.2 MBytes   497 Mbits/sec  52730  
[  5]   7.00-8.00   sec  54.3 MBytes   456 Mbits/sec  48330  
[  5]   8.00-9.00   sec  55.0 MBytes   461 Mbits/sec  48960  
[  5]   9.00-10.00  sec  62.7 MBytes   526 Mbits/sec  55770  
[  5]  10.00-11.00  sec  78.5 MBytes   658 Mbits/sec  69840  
[  5]  11.00-12.00  sec  59.2 MBytes   496 Mbits/sec  52670  
[  5]  12.00-13.00  sec  59.4 MBytes   498 Mbits/sec  52870  
[  5]  13.00-14.00  sec  62.9 MBytes   528 Mbits/sec  55990  
[  5]  14.00-15.00  sec  80.3 MBytes   674 Mbits/sec  71490  
[  5]  15.00-16.00  sec  80.7 MBytes   677 Mbits/sec  71830  
[  5]  16.00-17.00  sec  77.5 MBytes   650 Mbits/sec  69000  
[  5]  17.00-18.00  sec  65.7 MBytes   551 Mbits/sec  58470  
[  5]  18.00-19.00  sec  68.6 MBytes   575 Mbits/sec  61030  
[  5]  19.00-20.00  sec  61.9 MBytes   520 Mbits/sec  55130  
[  5]  20.00-21.00  sec  60.3 MBytes   506 Mbits/sec  53680  
[  5]  21.00-22.00  sec  60.9 MBytes   511 Mbits/sec  54250  
[  5]  22.00-23.00  sec  62.7 MBytes   526 Mbits/sec  55800  
[  5]  23.00-24.00  sec  60.0 MBytes   504 Mbits/sec  53450  
[  5]  24.00-25.00  sec  67.9 MBytes   570 Mbits/sec  60440  
[  5]  25.00-26.00  sec  65.2 MBytes   547 Mbits/sec  58010  
[  5]  26.00-27.00  sec  59.0 MBytes   495 Mbits/sec  52480  
[  5]  27.00-28.00  sec  62.6 MBytes   525 Mbits/sec  55730  
[  5]  28.00-29.00  sec  65.3 MBytes   547 Mbits/sec  58090  
[  5]  29.00-30.00  sec  62.0 MBytes   520 Mbits/sec  55200  
[  5]  30.00-31.00  sec  62.9 MBytes   528 Mbits/sec  55970  
[  5]  31.00-32.00  sec  65.1 MBytes   546 Mbits/sec  57980  
[  5]  32.00-33.00  sec  65.9 MBytes   553 Mbits/sec  58690  
[  5]  33.00-34.00  sec  80.7 MBytes   677 Mbits/sec  71850  
[  5]  34.00-35.00  sec  80.7 MBytes   677 Mbits/sec  71830  
[  5]  35.00-36.00  sec  80.5 MBytes   675 Mbits/sec  71670  
[  5]  36.00-37.00  sec  79.7 MBytes   669 Mbits/sec  70960  
[  5]  37.00-38.00  sec  77.7 MBytes   651 Mbits/sec  69120  
[  5]  38.00-39.00  sec  72.6 MBytes   609 Mbits/sec  64610  
[  5]  39.00-40.00  sec  70.2 MBytes   589 Mbits/sec  62470  
[  5]  40.00-41.00  sec  69.9 MBytes   587 Mbits/sec  62250  
[  5]  41.00-42.00  sec  69.3 MBytes   581 Mbits/sec  61690  
[  5]  42.00-43.00  sec  70.6 MBytes   592 Mbits/sec  62820  
[  5]  43.00-44.00  sec  63.1 MBytes   529 Mbits/sec  56150  
[  5]  44.00-45.00  sec  63.0 MBytes   529 Mbits/sec  56110  
[  5]  45.00-46.00  sec  60.4 MBytes   507 Mbits/sec  53770  
[  5]  46.00-47.00  sec  58.7 MBytes   492 Mbits/sec  52220  
[  5]  47.00-48.00  sec  61.7 MBytes   517 Mbits/sec  54900  
[  5]  48.00-49.00  sec  62.9 MBytes   528 Mbits/sec  55980  
[  5]  49.00-50.00  sec  63.6 MBytes   533 Mbits/sec  56590  
[  5]  50.00-51.00  sec  64.4 MBytes   540 Mbits/sec  57300  
[  5]  51.00-52.00  sec  59.5 MBytes   499 Mbits/sec  52920  
[  5]  52.00-53.00  sec  62.0 MBytes   521 Mbits/sec  55230  
[  5]  53.00-54.00  sec  64.1 MBytes   538 Mbits/sec  57040  
[  5]  54.00-55.00  sec  80.2 MBytes   672 Mbits/sec  71350  
[  5]  55.00-56.00  sec  80.6 MBytes   676 Mbits/sec  71720  
[  5]  56.00-57.00  sec  79.6 MBytes   668 Mbits/sec  70890  
[  5]  57.00-58.00  sec  81.0 MBytes   679 Mbits/sec  72070  
[  5]  58.00-59.00  sec  80.4 MBytes   675 Mbits/sec  71610  
[  5]  59.00-60.00  sec  72.5 MBytes   608 Mbits/sec  64530  
- - - - - - - - - - - - - - - - - - - - - - - - -
[ ID] Interval           Transfer     Bitrate         Jitter    Lost/Total Datagrams
[  5]   0.00-60.00  sec  3.95 GBytes   566 Mbits/sec  0.000 ms  0/3602160 (0%)  sender
[  5]   0.00-60.97  sec  74.7 MBytes  10.3 Mbits/sec  0.013 ms  3581394/3596873 (1e+02%)  receiver

iperf Done.
