Connecting to host 10.136.80.182, port 5201
[  5] local 10.136.173.118 port 45040 connected to 10.136.80.182 port 5201
[ ID] Interval           Transfer     Bitrate         Retr  Cwnd
[  5]   0.00-1.00   sec  14.7 MBytes   123 Mbits/sec  1397    904 KBytes       (omitted)
[  5]   0.00-1.00   sec  17.5 MBytes   147 Mbits/sec    0    970 KBytes       
[  5]   1.00-2.00   sec  18.8 MBytes   157 Mbits/sec    0   1018 KBytes       
[  5]   2.00-3.00   sec  18.8 MBytes   157 Mbits/sec    0   1.03 MBytes       
[  5]   3.00-4.00   sec  16.2 MBytes   136 Mbits/sec    6    786 KBytes       
[  5]   4.00-5.00   sec  15.0 MBytes   126 Mbits/sec    0    832 KBytes       
[  5]   5.00-6.00   sec  16.2 MBytes   136 Mbits/sec    0    863 KBytes       
[  5]   6.00-7.00   sec  16.2 MBytes   136 Mbits/sec    0    882 KBytes       
[  5]   7.00-8.00   sec  17.5 MBytes   147 Mbits/sec    0    892 KBytes       
[  5]   8.00-9.00   sec  16.2 MBytes   136 Mbits/sec    0    896 KBytes       
[  5]   9.00-10.00  sec  17.5 MBytes   147 Mbits/sec    0    896 KBytes       
[  5]  10.00-11.00  sec  16.2 MBytes   136 Mbits/sec    6    634 KBytes       
[  5]  11.00-12.00  sec  12.5 MBytes   105 Mbits/sec    0    717 KBytes       
[  5]  12.00-13.00  sec  13.8 MBytes   115 Mbits/sec    0    781 KBytes       
[  5]  13.00-14.00  sec  15.0 MBytes   126 Mbits/sec    0    828 KBytes       
[  5]  14.00-15.00  sec  16.2 MBytes   136 Mbits/sec    0    859 KBytes       
[  5]  15.00-16.00  sec  16.2 MBytes   136 Mbits/sec    0    881 KBytes       
[  5]  16.00-17.00  sec  16.2 MBytes   136 Mbits/sec    0    892 KBytes       
[  5]  17.00-18.00  sec  17.5 MBytes   147 Mbits/sec    0    896 KBytes       
[  5]  18.00-19.00  sec  17.5 MBytes   147 Mbits/sec    0    896 KBytes       
[  5]  19.00-20.00  sec  16.2 MBytes   136 Mbits/sec    0    896 KBytes       
[  5]  20.00-21.00  sec  17.5 MBytes   147 Mbits/sec    0    898 KBytes       
[  5]  21.00-22.00  sec  16.2 MBytes   136 Mbits/sec    0    905 KBytes       
[  5]  22.00-23.00  sec  17.5 MBytes   147 Mbits/sec    0    919 KBytes       
[  5]  23.00-24.00  sec  17.5 MBytes   147 Mbits/sec    0    944 KBytes       
[  5]  24.00-25.00  sec  18.8 MBytes   157 Mbits/sec    0    981 KBytes       
[  5]  25.00-26.00  sec  18.8 MBytes   157 Mbits/sec    0   1.01 MBytes       
[  5]  26.00-27.00  sec  20.0 MBytes   168 Mbits/sec    0   1.08 MBytes       
[  5]  27.00-28.00  sec  18.8 MBytes   157 Mbits/sec    6    847 KBytes       
[  5]  28.00-29.00  sec  16.2 MBytes   136 Mbits/sec    0    941 KBytes       
[  5]  29.00-30.00  sec  18.8 MBytes   157 Mbits/sec    0   1013 KBytes       
[  5]  30.00-31.00  sec  20.0 MBytes   168 Mbits/sec    0   1.04 MBytes       
[  5]  31.00-32.00  sec  16.2 MBytes   136 Mbits/sec   16    797 KBytes       
[  5]  32.00-33.00  sec  15.0 MBytes   126 Mbits/sec    0    846 KBytes       
[  5]  33.00-34.00  sec  16.2 MBytes   136 Mbits/sec    0    878 KBytes       
[  5]  34.00-35.00  sec  17.5 MBytes   147 Mbits/sec    0    900 KBytes       
[  5]  35.00-36.00  sec  16.2 MBytes   136 Mbits/sec    0    911 KBytes       
[  5]  36.00-37.00  sec  17.5 MBytes   147 Mbits/sec    0    916 KBytes       
[  5]  37.00-38.00  sec  17.5 MBytes   147 Mbits/sec    0    916 KBytes       
[  5]  38.00-39.00  sec  17.5 MBytes   147 Mbits/sec    0    916 KBytes       
[  5]  39.00-40.00  sec  17.5 MBytes   147 Mbits/sec    0    917 KBytes       
[  5]  40.00-41.00  sec  16.2 MBytes   136 Mbits/sec    0    924 KBytes       
[  5]  41.00-42.00  sec  17.5 MBytes   147 Mbits/sec    0    938 KBytes       
[  5]  42.00-43.00  sec  18.8 MBytes   157 Mbits/sec    0    962 KBytes       
[  5]  43.00-44.00  sec  18.8 MBytes   157 Mbits/sec    0    997 KBytes       
[  5]  44.00-45.00  sec  18.8 MBytes   157 Mbits/sec    0   1.02 MBytes       
[  5]  45.00-46.00  sec  20.0 MBytes   168 Mbits/sec    0   1.09 MBytes       
[  5]  46.00-47.00  sec  18.8 MBytes   157 Mbits/sec    4    864 KBytes       
[  5]  47.00-48.00  sec  16.2 MBytes   136 Mbits/sec    0    955 KBytes       
[  5]  48.00-49.00  sec  18.8 MBytes   157 Mbits/sec    0   1024 KBytes       
[  5]  49.00-50.00  sec  20.0 MBytes   168 Mbits/sec    0   1.05 MBytes       
[  5]  50.00-51.00  sec  21.2 MBytes   178 Mbits/sec    0   1.08 MBytes       
[  5]  51.00-52.00  sec  16.2 MBytes   136 Mbits/sec   32    826 KBytes       
[  5]  52.00-53.00  sec  16.2 MBytes   136 Mbits/sec    0    874 KBytes       
[  5]  53.00-54.00  sec  16.2 MBytes   136 Mbits/sec    0    909 KBytes       
[  5]  54.00-55.00  sec  17.5 MBytes   147 Mbits/sec    0    931 KBytes       
[  5]  55.00-56.00  sec  17.5 MBytes   147 Mbits/sec    0    942 KBytes       
[  5]  56.00-57.00  sec  18.8 MBytes   157 Mbits/sec    0    947 KBytes       
[  5]  57.00-58.00  sec  17.5 MBytes   147 Mbits/sec    0    948 KBytes       
[  5]  58.00-59.00  sec  17.5 MBytes   147 Mbits/sec    0    948 KBytes       
[  5]  59.00-60.00  sec  17.5 MBytes   147 Mbits/sec    0    949 KBytes       
- - - - - - - - - - - - - - - - - - - - - - - - -
[ ID] Interval           Transfer     Bitrate         Retr
[  5]   0.00-60.00  sec  1.01 GBytes   145 Mbits/sec   70             sender
[  5]   0.00-60.05  sec  1.02 GBytes   145 Mbits/sec                  receiver

iperf Done.
