Connecting to host 10.136.80.160, port 5201
[  5] local 10.136.173.96 port 59784 connected to 10.136.80.160 port 5201
[ ID] Interval           Transfer     Bitrate         Total Datagrams
[  5]   0.00-1.00   sec  64.2 MBytes   538 Mbits/sec  57110  (omitted)
[  5]   0.00-1.00   sec  62.4 MBytes   524 Mbits/sec  55560  
[  5]   1.00-2.00   sec  64.8 MBytes   544 Mbits/sec  57720  
[  5]   2.00-3.00   sec  67.2 MBytes   564 Mbits/sec  59860  
[  5]   3.00-4.00   sec  52.0 MBytes   436 Mbits/sec  46300  
[  5]   4.00-5.00   sec  54.5 MBytes   457 Mbits/sec  48490  
[  5]   5.00-6.00   sec  63.8 MBytes   535 Mbits/sec  56760  
[  5]   6.00-7.00   sec  56.9 MBytes   477 Mbits/sec  50640  
[  5]   7.00-8.00   sec  65.1 MBytes   546 Mbits/sec  57940  
[  5]   8.00-9.00   sec  60.0 MBytes   504 Mbits/sec  53430  
[  5]   9.00-10.00  sec  61.0 MBytes   512 Mbits/sec  54340  
[  5]  10.00-11.00  sec  60.3 MBytes   506 Mbits/sec  53660  
[  5]  11.00-12.00  sec  60.2 MBytes   505 Mbits/sec  53590  
[  5]  12.00-13.00  sec  63.7 MBytes   534 Mbits/sec  56680  
[  5]  13.00-14.00  sec  62.1 MBytes   521 Mbits/sec  55300  
[  5]  14.00-15.00  sec  61.6 MBytes   517 Mbits/sec  54840  
[  5]  15.00-16.00  sec  62.9 MBytes   528 Mbits/sec  56030  
[  5]  16.00-17.00  sec  58.4 MBytes   490 Mbits/sec  52010  
[  5]  17.00-18.00  sec  59.7 MBytes   501 Mbits/sec  53120  
[  5]  18.00-19.00  sec  64.2 MBytes   539 Mbits/sec  57180  
[  5]  19.00-20.00  sec  55.7 MBytes   467 Mbits/sec  49570  
[  5]  20.00-21.00  sec  62.7 MBytes   526 Mbits/sec  55800  
[  5]  21.00-22.00  sec  64.6 MBytes   542 Mbits/sec  57470  
[  5]  22.00-23.00  sec  61.3 MBytes   514 Mbits/sec  54570  
[  5]  23.00-24.00  sec  63.6 MBytes   534 Mbits/sec  56640  
[  5]  24.00-25.00  sec  62.2 MBytes   522 Mbits/sec  55350  
[  5]  25.00-26.00  sec  61.3 MBytes   515 Mbits/sec  54600  
[  5]  26.00-27.00  sec  63.3 MBytes   531 Mbits/sec  56350  
[  5]  27.00-28.00  sec  62.3 MBytes   523 Mbits/sec  55480  
[  5]  28.00-29.00  sec  64.5 MBytes   541 Mbits/sec  57370  
[  5]  29.00-30.00  sec  64.0 MBytes   537 Mbits/sec  56980  
[  5]  30.00-31.00  sec  62.4 MBytes   523 Mbits/sec  55540  
[  5]  31.00-32.00  sec  63.7 MBytes   534 Mbits/sec  56680  
[  5]  32.00-33.00  sec  55.6 MBytes   466 Mbits/sec  49470  
[  5]  33.00-34.00  sec  50.9 MBytes   427 Mbits/sec  45290  
[  5]  34.00-35.00  sec  50.6 MBytes   424 Mbits/sec  45040  
[  5]  35.00-36.00  sec  58.4 MBytes   490 Mbits/sec  51990  
[  5]  36.00-37.00  sec  65.6 MBytes   550 Mbits/sec  58370  
[  5]  37.00-38.00  sec  65.1 MBytes   546 Mbits/sec  57990  
[  5]  38.00-39.00  sec  62.6 MBytes   526 Mbits/sec  55760  
[  5]  39.00-40.00  sec  68.3 MBytes   573 Mbits/sec  60780  
[  5]  40.00-41.00  sec  63.2 MBytes   530 Mbits/sec  56290  
[  5]  41.00-42.00  sec  61.9 MBytes   519 Mbits/sec  55090  
[  5]  42.00-43.00  sec  64.4 MBytes   540 Mbits/sec  57310  
[  5]  43.00-44.00  sec  64.0 MBytes   537 Mbits/sec  56940  
[  5]  44.00-45.00  sec  59.7 MBytes   501 Mbits/sec  53150  
[  5]  45.00-46.00  sec  62.7 MBytes   526 Mbits/sec  55810  
[  5]  46.00-47.00  sec  64.0 MBytes   537 Mbits/sec  56960  
[  5]  47.00-48.00  sec  64.6 MBytes   542 Mbits/sec  57520  
[  5]  48.00-49.00  sec  64.8 MBytes   544 Mbits/sec  57670  
[  5]  49.00-50.00  sec  62.0 MBytes   520 Mbits/sec  55190  
[  5]  50.00-51.00  sec  66.5 MBytes   558 Mbits/sec  59230  
[  5]  51.00-52.00  sec  65.1 MBytes   546 Mbits/sec  57920  
[  5]  52.00-53.00  sec  63.6 MBytes   533 Mbits/sec  56570  
[  5]  53.00-54.00  sec  62.2 MBytes   521 Mbits/sec  55340  
[  5]  54.00-55.00  sec  67.6 MBytes   567 Mbits/sec  60170  
[  5]  55.00-56.00  sec  64.3 MBytes   540 Mbits/sec  57260  
[  5]  56.00-57.00  sec  72.0 MBytes   604 Mbits/sec  64110  
[  5]  57.00-58.00  sec  59.1 MBytes   495 Mbits/sec  52570  
[  5]  58.00-59.00  sec  57.4 MBytes   481 Mbits/sec  51050  
[  5]  59.00-60.00  sec  62.1 MBytes   521 Mbits/sec  55270  
- - - - - - - - - - - - - - - - - - - - - - - - -
[ ID] Interval           Transfer     Bitrate         Jitter    Lost/Total Datagrams
[  5]   0.00-60.00  sec  3.63 GBytes   520 Mbits/sec  0.000 ms  0/3311960 (0%)  sender
[  5]   0.00-60.04  sec  3.56 GBytes   509 Mbits/sec  0.016 ms  74216/3311960 (2.2%)  receiver

iperf Done.
