Connecting to host 10.136.80.152, port 5201
[  5] local 10.136.173.90 port 43844 connected to 10.136.80.152 port 5201
[ ID] Interval           Transfer     Bitrate         Retr  Cwnd
[  5]   0.00-1.00   sec  30.3 MBytes   254 Mbits/sec   35    699 KBytes       (omitted)
[  5]   0.00-1.00   sec  29.7 MBytes   249 Mbits/sec    0    785 KBytes       
[  5]   1.00-2.00   sec  32.2 MBytes   270 Mbits/sec    0    848 KBytes       
[  5]   2.00-3.00   sec  39.7 MBytes   333 Mbits/sec    0    895 KBytes       
[  5]   3.00-4.00   sec  37.1 MBytes   311 Mbits/sec    1    667 KBytes       
[  5]   4.00-5.00   sec  35.9 MBytes   301 Mbits/sec    0    712 KBytes       
[  5]   5.00-6.00   sec  27.2 MBytes   229 Mbits/sec    0    743 KBytes       
[  5]   6.00-7.00   sec  29.7 MBytes   249 Mbits/sec    0    762 KBytes       
[  5]   7.00-8.00   sec  36.0 MBytes   302 Mbits/sec    0    771 KBytes       
[  5]   8.00-9.00   sec  43.4 MBytes   364 Mbits/sec    0    802 KBytes       
[  5]   9.00-10.00  sec  41.0 MBytes   344 Mbits/sec    1    833 KBytes       
[  5]  10.00-11.00  sec  36.0 MBytes   302 Mbits/sec    0    859 KBytes       
[  5]  11.00-12.00  sec  37.1 MBytes   312 Mbits/sec    0    886 KBytes       
[  5]  12.00-13.00  sec  38.4 MBytes   322 Mbits/sec    0    913 KBytes       
[  5]  13.00-14.00  sec  30.9 MBytes   259 Mbits/sec    4    701 KBytes       
[  5]  14.00-15.00  sec  33.4 MBytes   280 Mbits/sec    0    775 KBytes       
[  5]  15.00-16.00  sec  40.8 MBytes   342 Mbits/sec    0    832 KBytes       
[  5]  16.00-17.00  sec  34.7 MBytes   291 Mbits/sec    0    871 KBytes       
[  5]  17.00-18.00  sec  35.8 MBytes   301 Mbits/sec    0    897 KBytes       
[  5]  18.00-19.00  sec  42.2 MBytes   354 Mbits/sec    0    912 KBytes       
[  5]  19.00-20.00  sec  37.1 MBytes   311 Mbits/sec    4    675 KBytes       
[  5]  20.00-21.00  sec  34.6 MBytes   290 Mbits/sec    0    718 KBytes       
[  5]  21.00-22.00  sec  34.6 MBytes   290 Mbits/sec    0    747 KBytes       
[  5]  22.00-23.00  sec  42.1 MBytes   353 Mbits/sec    0    765 KBytes       
[  5]  23.00-24.00  sec  40.8 MBytes   343 Mbits/sec    0    788 KBytes       
[  5]  24.00-25.00  sec  38.3 MBytes   321 Mbits/sec    0    819 KBytes       
[  5]  25.00-26.00  sec  29.7 MBytes   249 Mbits/sec    0    842 KBytes       
[  5]  26.00-27.00  sec  30.9 MBytes   259 Mbits/sec    0    864 KBytes       
[  5]  27.00-28.00  sec  30.9 MBytes   259 Mbits/sec    0    886 KBytes       
[  5]  28.00-29.00  sec  27.2 MBytes   228 Mbits/sec    0    905 KBytes       
[  5]  29.00-30.00  sec  34.7 MBytes   291 Mbits/sec    5    688 KBytes       
[  5]  30.00-31.00  sec  34.6 MBytes   290 Mbits/sec    0    763 KBytes       
[  5]  31.00-32.00  sec  29.7 MBytes   249 Mbits/sec    0    819 KBytes       
[  5]  32.00-33.00  sec  33.4 MBytes   280 Mbits/sec    0    862 KBytes       
[  5]  33.00-34.00  sec  35.8 MBytes   301 Mbits/sec    0    888 KBytes       
[  5]  34.00-35.00  sec  36.0 MBytes   302 Mbits/sec    0    904 KBytes       
[  5]  35.00-36.00  sec  37.1 MBytes   312 Mbits/sec    2    664 KBytes       
[  5]  36.00-37.00  sec  34.7 MBytes   291 Mbits/sec    0    709 KBytes       
[  5]  37.00-38.00  sec  40.9 MBytes   343 Mbits/sec    0    739 KBytes       
[  5]  38.00-39.00  sec  43.3 MBytes   363 Mbits/sec    0    758 KBytes       
[  5]  39.00-40.00  sec  43.3 MBytes   363 Mbits/sec    0    794 KBytes       
[  5]  40.00-41.00  sec  42.1 MBytes   353 Mbits/sec    0    826 KBytes       
[  5]  41.00-42.00  sec  40.9 MBytes   343 Mbits/sec    0    856 KBytes       
[  5]  42.00-43.00  sec  34.6 MBytes   290 Mbits/sec    0    881 KBytes       
[  5]  43.00-44.00  sec  40.9 MBytes   343 Mbits/sec    0    911 KBytes       
[  5]  44.00-45.00  sec  40.9 MBytes   343 Mbits/sec    8    703 KBytes       
[  5]  45.00-46.00  sec  40.8 MBytes   342 Mbits/sec    0    777 KBytes       
[  5]  46.00-47.00  sec  37.1 MBytes   311 Mbits/sec    0    831 KBytes       
[  5]  47.00-48.00  sec  38.3 MBytes   321 Mbits/sec    0    870 KBytes       
[  5]  48.00-49.00  sec  39.5 MBytes   332 Mbits/sec    0    895 KBytes       
[  5]  49.00-50.00  sec  41.0 MBytes   344 Mbits/sec    0    910 KBytes       
[  5]  50.00-51.00  sec  42.1 MBytes   353 Mbits/sec    1    676 KBytes       
[  5]  51.00-52.00  sec  34.7 MBytes   291 Mbits/sec    0    719 KBytes       
[  5]  52.00-53.00  sec  40.8 MBytes   343 Mbits/sec    0    747 KBytes       
[  5]  53.00-54.00  sec  40.8 MBytes   343 Mbits/sec    0    766 KBytes       
[  5]  54.00-55.00  sec  39.5 MBytes   332 Mbits/sec    0    797 KBytes       
[  5]  55.00-56.00  sec  38.4 MBytes   322 Mbits/sec    0    827 KBytes       
[  5]  56.00-57.00  sec  42.1 MBytes   353 Mbits/sec    0    859 KBytes       
[  5]  57.00-58.00  sec  35.8 MBytes   301 Mbits/sec    0    885 KBytes       
[  5]  58.00-59.00  sec  33.4 MBytes   280 Mbits/sec    0    909 KBytes       
[  5]  59.00-60.00  sec  33.4 MBytes   280 Mbits/sec    1    699 KBytes       
- - - - - - - - - - - - - - - - - - - - - - - - -
[ ID] Interval           Transfer     Bitrate         Retr
[  5]   0.00-60.00  sec  2.16 GBytes   309 Mbits/sec   27             sender
[  5]   0.00-60.06  sec  2.16 GBytes   309 Mbits/sec                  receiver

iperf Done.
