Connecting to host 10.136.80.138, port 5201
[  5] local 10.136.173.74 port 38224 connected to 10.136.80.138 port 5201
[ ID] Interval           Transfer     Bitrate         Total Datagrams
[  5]   0.00-1.00   sec  60.5 MBytes   507 Mbits/sec  53820  (omitted)
[  5]   0.00-1.00   sec  63.8 MBytes   535 Mbits/sec  56750  
[  5]   1.00-2.00   sec  66.0 MBytes   553 Mbits/sec  58720  
[  5]   2.00-3.00   sec  65.0 MBytes   545 Mbits/sec  57830  
[  5]   3.00-4.00   sec  64.3 MBytes   539 Mbits/sec  57230  
[  5]   4.00-5.00   sec  66.2 MBytes   555 Mbits/sec  58940  
[  5]   5.00-6.00   sec  72.3 MBytes   606 Mbits/sec  64350  
[  5]   6.00-7.00   sec  63.3 MBytes   531 Mbits/sec  56380  
[  5]   7.00-8.00   sec  63.2 MBytes   530 Mbits/sec  56250  
[  5]   8.00-9.00   sec  69.5 MBytes   583 Mbits/sec  61820  
[  5]   9.00-10.00  sec  62.2 MBytes   522 Mbits/sec  55350  
[  5]  10.00-11.00  sec  62.9 MBytes   528 Mbits/sec  56010  
[  5]  11.00-12.00  sec  71.2 MBytes   597 Mbits/sec  63380  
[  5]  12.00-13.00  sec  61.2 MBytes   513 Mbits/sec  54460  
[  5]  13.00-14.00  sec  67.1 MBytes   562 Mbits/sec  59690  
[  5]  14.00-15.00  sec  67.6 MBytes   567 Mbits/sec  60200  
[  5]  15.00-16.00  sec  63.2 MBytes   530 Mbits/sec  56280  
[  5]  16.00-17.00  sec  63.2 MBytes   530 Mbits/sec  56230  
[  5]  17.00-18.00  sec  64.6 MBytes   542 Mbits/sec  57540  
[  5]  18.00-19.00  sec  67.4 MBytes   565 Mbits/sec  59980  
[  5]  19.00-20.00  sec  63.6 MBytes   534 Mbits/sec  56630  
[  5]  20.00-21.00  sec  61.8 MBytes   519 Mbits/sec  55030  
[  5]  21.00-22.00  sec  62.1 MBytes   521 Mbits/sec  55290  
[  5]  22.00-23.00  sec  67.8 MBytes   569 Mbits/sec  60350  
[  5]  23.00-24.00  sec  65.8 MBytes   552 Mbits/sec  58600  
[  5]  24.00-25.00  sec  61.8 MBytes   519 Mbits/sec  55030  
[  5]  25.00-26.00  sec  68.6 MBytes   575 Mbits/sec  61020  
[  5]  26.00-27.00  sec  62.1 MBytes   521 Mbits/sec  55310  
[  5]  27.00-28.00  sec  65.2 MBytes   547 Mbits/sec  58020  
[  5]  28.00-29.00  sec  61.1 MBytes   513 Mbits/sec  54400  
[  5]  29.00-30.00  sec  58.6 MBytes   492 Mbits/sec  52190  
[  5]  30.00-31.00  sec  61.4 MBytes   515 Mbits/sec  54670  
[  5]  31.00-32.00  sec  62.6 MBytes   526 Mbits/sec  55760  
[  5]  32.00-33.00  sec  59.9 MBytes   502 Mbits/sec  53290  
[  5]  33.00-34.00  sec  62.9 MBytes   527 Mbits/sec  55960  
[  5]  34.00-35.00  sec  62.2 MBytes   522 Mbits/sec  55390  
[  5]  35.00-36.00  sec  62.3 MBytes   523 Mbits/sec  55470  
[  5]  36.00-37.00  sec  71.2 MBytes   597 Mbits/sec  63400  
[  5]  37.00-38.00  sec  62.9 MBytes   528 Mbits/sec  56020  
[  5]  38.00-39.00  sec  63.3 MBytes   531 Mbits/sec  56330  
[  5]  39.00-40.00  sec  60.6 MBytes   509 Mbits/sec  53980  
[  5]  40.00-41.00  sec  64.6 MBytes   542 Mbits/sec  57480  
[  5]  41.00-42.00  sec  61.5 MBytes   516 Mbits/sec  54760  
[  5]  42.00-43.00  sec  62.2 MBytes   522 Mbits/sec  55360  
[  5]  43.00-44.00  sec  62.3 MBytes   522 Mbits/sec  55430  
[  5]  44.00-45.00  sec  63.1 MBytes   529 Mbits/sec  56180  
[  5]  45.00-46.00  sec  64.6 MBytes   542 Mbits/sec  57510  
[  5]  46.00-47.00  sec  62.3 MBytes   522 Mbits/sec  55420  
[  5]  47.00-48.00  sec  64.0 MBytes   537 Mbits/sec  56940  
[  5]  48.00-49.00  sec  62.9 MBytes   527 Mbits/sec  55960  
[  5]  49.00-50.00  sec  67.6 MBytes   567 Mbits/sec  60180  
[  5]  50.00-51.00  sec  63.5 MBytes   533 Mbits/sec  56560  
[  5]  51.00-52.00  sec  62.1 MBytes   521 Mbits/sec  55260  
[  5]  52.00-53.00  sec  63.8 MBytes   535 Mbits/sec  56780  
[  5]  53.00-54.00  sec  64.5 MBytes   541 Mbits/sec  57400  
[  5]  54.00-55.00  sec  62.5 MBytes   524 Mbits/sec  55600  
[  5]  55.00-56.00  sec  63.7 MBytes   535 Mbits/sec  56730  
[  5]  56.00-57.00  sec  61.0 MBytes   512 Mbits/sec  54340  
[  5]  57.00-58.00  sec  60.7 MBytes   509 Mbits/sec  53990  
[  5]  58.00-59.00  sec  60.8 MBytes   510 Mbits/sec  54150  
[  5]  59.00-60.00  sec  68.0 MBytes   571 Mbits/sec  60560  
- - - - - - - - - - - - - - - - - - - - - - - - -
[ ID] Interval           Transfer     Bitrate         Jitter    Lost/Total Datagrams
[  5]   0.00-60.00  sec  3.75 GBytes   537 Mbits/sec  0.000 ms  0/3416120 (0%)  sender
[  5]   0.00-60.05  sec  3.67 GBytes   525 Mbits/sec  0.020 ms  74557/3416120 (2.2%)  receiver

iperf Done.
