Connecting to host knb-server-194726, port 5201
[  5] local 10.136.173.101 port 59048 connected to 10.43.157.252 port 5201
[ ID] Interval           Transfer     Bitrate         Total Datagrams
[  5]   0.00-1.00   sec  49.0 MBytes   411 Mbits/sec  43630  (omitted)
[  5]   0.00-1.00   sec  50.1 MBytes   421 Mbits/sec  44640  
[  5]   1.00-2.00   sec  52.4 MBytes   440 Mbits/sec  46640  
[  5]   2.00-3.00   sec  49.9 MBytes   419 Mbits/sec  44460  
[  5]   3.00-4.00   sec  49.4 MBytes   414 Mbits/sec  43960  
[  5]   4.00-5.00   sec  51.7 MBytes   434 Mbits/sec  46020  
[  5]   5.00-6.00   sec  50.0 MBytes   420 Mbits/sec  44510  
[  5]   6.00-7.00   sec  51.4 MBytes   431 Mbits/sec  45780  
[  5]   7.00-8.00   sec  50.2 MBytes   421 Mbits/sec  44680  
[  5]   8.00-9.00   sec  54.2 MBytes   455 Mbits/sec  48270  
[  5]   9.00-10.00  sec  50.7 MBytes   425 Mbits/sec  45100  
[  5]  10.00-11.00  sec  52.4 MBytes   440 Mbits/sec  46650  
[  5]  11.00-12.00  sec  51.7 MBytes   433 Mbits/sec  45990  
[  5]  12.00-13.00  sec  55.4 MBytes   464 Mbits/sec  49280  
[  5]  13.00-14.00  sec  53.7 MBytes   450 Mbits/sec  47780  
[  5]  14.00-15.00  sec  49.9 MBytes   418 Mbits/sec  44380  
[  5]  15.00-16.00  sec  48.1 MBytes   403 Mbits/sec  42790  
[  5]  16.00-17.00  sec  49.6 MBytes   416 Mbits/sec  44190  
[  5]  17.00-18.00  sec  52.7 MBytes   442 Mbits/sec  46900  
[  5]  18.00-19.00  sec  51.5 MBytes   432 Mbits/sec  45830  
[  5]  19.00-20.00  sec  50.2 MBytes   421 Mbits/sec  44680  
[  5]  20.00-21.00  sec  51.0 MBytes   428 Mbits/sec  45430  
[  5]  21.00-22.00  sec  51.3 MBytes   430 Mbits/sec  45670  
[  5]  22.00-23.00  sec  50.5 MBytes   424 Mbits/sec  44980  
[  5]  23.00-24.00  sec  52.0 MBytes   436 Mbits/sec  46310  
[  5]  24.00-25.00  sec  51.3 MBytes   430 Mbits/sec  45650  
[  5]  25.00-26.00  sec  52.3 MBytes   439 Mbits/sec  46580  
[  5]  26.00-27.00  sec  51.5 MBytes   432 Mbits/sec  45850  
[  5]  27.00-28.00  sec  51.8 MBytes   434 Mbits/sec  46090  
[  5]  28.00-29.00  sec  50.3 MBytes   422 Mbits/sec  44810  
[  5]  29.00-30.00  sec  53.6 MBytes   450 Mbits/sec  47710  
[  5]  30.00-31.00  sec  51.3 MBytes   430 Mbits/sec  45650  
[  5]  31.00-32.00  sec  51.0 MBytes   427 Mbits/sec  45360  
[  5]  32.00-33.00  sec  50.3 MBytes   422 Mbits/sec  44810  
[  5]  33.00-34.00  sec  50.0 MBytes   419 Mbits/sec  44470  
[  5]  34.00-35.00  sec  51.1 MBytes   428 Mbits/sec  45450  
[  5]  35.00-36.00  sec  50.6 MBytes   424 Mbits/sec  45040  
[  5]  36.00-37.00  sec  52.3 MBytes   439 Mbits/sec  46590  
[  5]  37.00-38.00  sec  48.6 MBytes   407 Mbits/sec  43240  
[  5]  38.00-39.00  sec  50.6 MBytes   425 Mbits/sec  45070  
[  5]  39.00-40.00  sec  53.1 MBytes   445 Mbits/sec  47230  
[  5]  40.00-41.00  sec  53.9 MBytes   452 Mbits/sec  48020  
[  5]  41.00-42.00  sec  51.2 MBytes   429 Mbits/sec  45540  
[  5]  42.00-43.00  sec  51.9 MBytes   436 Mbits/sec  46230  
[  5]  43.00-44.00  sec  49.9 MBytes   419 Mbits/sec  44440  
[  5]  44.00-45.00  sec  49.8 MBytes   417 Mbits/sec  44290  
[  5]  45.00-46.00  sec  49.3 MBytes   414 Mbits/sec  43880  
[  5]  46.00-47.00  sec  52.3 MBytes   439 Mbits/sec  46550  
[  5]  47.00-48.00  sec  50.7 MBytes   426 Mbits/sec  45150  
[  5]  48.00-49.00  sec  51.6 MBytes   433 Mbits/sec  45940  
[  5]  49.00-50.00  sec  51.2 MBytes   429 Mbits/sec  45560  
[  5]  50.00-51.00  sec  49.3 MBytes   414 Mbits/sec  43910  
[  5]  51.00-52.00  sec  51.7 MBytes   434 Mbits/sec  46010  
[  5]  52.00-53.00  sec  54.0 MBytes   453 Mbits/sec  48100  
[  5]  53.00-54.00  sec  52.8 MBytes   443 Mbits/sec  47020  
[  5]  54.00-55.00  sec  50.2 MBytes   421 Mbits/sec  44680  
[  5]  55.00-56.00  sec  48.7 MBytes   408 Mbits/sec  43320  
[  5]  56.00-57.00  sec  51.5 MBytes   432 Mbits/sec  45880  
[  5]  57.00-58.00  sec  51.6 MBytes   433 Mbits/sec  45910  
[  5]  58.00-59.00  sec  50.6 MBytes   424 Mbits/sec  45040  
[  5]  59.00-60.00  sec  50.6 MBytes   424 Mbits/sec  45040  
- - - - - - - - - - - - - - - - - - - - - - - - -
[ ID] Interval           Transfer     Bitrate         Jitter    Lost/Total Datagrams
[  5]   0.00-60.00  sec  3.00 GBytes   430 Mbits/sec  0.000 ms  0/2735030 (0%)  sender
[  5]   0.00-60.22  sec  1.90 GBytes   271 Mbits/sec  0.132 ms  1020652/2735030 (37%)  receiver

iperf Done.
