Connecting to host 10.136.80.173, port 5201
[  5] local 10.136.173.103 port 49874 connected to 10.136.80.173 port 5201
[ ID] Interval           Transfer     Bitrate         Total Datagrams
[  5]   0.00-1.00   sec  57.1 MBytes   479 Mbits/sec  50830  (omitted)
[  5]   0.00-1.00   sec  60.5 MBytes   507 Mbits/sec  53830  
[  5]   1.00-2.00   sec  51.4 MBytes   431 Mbits/sec  45750  
[  5]   2.00-3.00   sec  58.6 MBytes   492 Mbits/sec  52180  
[  5]   3.00-4.00   sec  60.9 MBytes   511 Mbits/sec  54200  
[  5]   4.00-5.00   sec  59.0 MBytes   495 Mbits/sec  52490  
[  5]   5.00-6.00   sec  55.8 MBytes   468 Mbits/sec  49690  
[  5]   6.00-7.00   sec  54.5 MBytes   457 Mbits/sec  48490  
[  5]   7.00-8.00   sec  59.9 MBytes   503 Mbits/sec  53330  
[  5]   8.00-9.00   sec  48.7 MBytes   408 Mbits/sec  43310  
[  5]   9.00-10.00  sec  53.7 MBytes   451 Mbits/sec  47840  
[  5]  10.00-11.00  sec  58.8 MBytes   493 Mbits/sec  52320  
[  5]  11.00-12.00  sec  49.0 MBytes   411 Mbits/sec  43610  
[  5]  12.00-13.00  sec  59.7 MBytes   501 Mbits/sec  53120  
[  5]  13.00-14.00  sec  56.0 MBytes   469 Mbits/sec  49810  
[  5]  14.00-15.00  sec  59.3 MBytes   497 Mbits/sec  52770  
[  5]  15.00-16.00  sec  60.6 MBytes   508 Mbits/sec  53960  
[  5]  16.00-17.00  sec  60.1 MBytes   504 Mbits/sec  53500  
[  5]  17.00-18.00  sec  56.3 MBytes   472 Mbits/sec  50070  
[  5]  18.00-19.00  sec  55.7 MBytes   467 Mbits/sec  49600  
[  5]  19.00-20.00  sec  59.0 MBytes   495 Mbits/sec  52520  
[  5]  20.00-21.00  sec  45.9 MBytes   385 Mbits/sec  40880  
[  5]  21.00-22.00  sec  54.9 MBytes   460 Mbits/sec  48850  
[  5]  22.00-23.00  sec  59.2 MBytes   497 Mbits/sec  52710  
[  5]  23.00-24.00  sec  60.0 MBytes   503 Mbits/sec  53400  
[  5]  24.00-25.00  sec  59.1 MBytes   496 Mbits/sec  52600  
[  5]  25.00-26.00  sec  62.3 MBytes   523 Mbits/sec  55470  
[  5]  26.00-27.00  sec  54.5 MBytes   457 Mbits/sec  48500  
[  5]  27.00-28.00  sec  56.2 MBytes   472 Mbits/sec  50040  
[  5]  28.00-29.00  sec  55.5 MBytes   466 Mbits/sec  49420  
[  5]  29.00-30.00  sec  55.2 MBytes   463 Mbits/sec  49140  
[  5]  30.00-31.00  sec  55.8 MBytes   469 Mbits/sec  49710  
[  5]  31.00-32.00  sec  51.4 MBytes   431 Mbits/sec  45710  
[  5]  32.00-33.00  sec  52.4 MBytes   440 Mbits/sec  46640  
[  5]  33.00-34.00  sec  52.4 MBytes   440 Mbits/sec  46650  
[  5]  34.00-35.00  sec  53.5 MBytes   449 Mbits/sec  47630  
[  5]  35.00-36.00  sec  50.2 MBytes   421 Mbits/sec  44660  
[  5]  36.00-37.00  sec  54.5 MBytes   457 Mbits/sec  48500  
[  5]  37.00-38.00  sec  58.9 MBytes   494 Mbits/sec  52400  
[  5]  38.00-39.00  sec  52.4 MBytes   439 Mbits/sec  46620  
[  5]  39.00-40.00  sec  51.7 MBytes   433 Mbits/sec  45980  
[  5]  40.00-41.00  sec  63.4 MBytes   532 Mbits/sec  56440  
[  5]  41.00-42.00  sec  60.8 MBytes   510 Mbits/sec  54160  
[  5]  42.00-43.00  sec  55.3 MBytes   464 Mbits/sec  49200  
[  5]  43.00-44.00  sec  59.9 MBytes   503 Mbits/sec  53330  
[  5]  44.00-45.00  sec  61.0 MBytes   511 Mbits/sec  54260  
[  5]  45.00-46.00  sec  60.6 MBytes   508 Mbits/sec  53900  
[  5]  46.00-47.00  sec  61.8 MBytes   518 Mbits/sec  54990  
[  5]  47.00-48.00  sec  56.3 MBytes   473 Mbits/sec  50140  
[  5]  48.00-49.00  sec  57.5 MBytes   482 Mbits/sec  51150  
[  5]  49.00-50.00  sec  50.4 MBytes   423 Mbits/sec  44870  
[  5]  50.00-51.00  sec  58.0 MBytes   487 Mbits/sec  51630  
[  5]  51.00-52.00  sec  54.0 MBytes   453 Mbits/sec  48070  
[  5]  52.00-53.00  sec  54.0 MBytes   453 Mbits/sec  48060  
[  5]  53.00-54.00  sec  59.6 MBytes   500 Mbits/sec  53050  
[  5]  54.00-55.00  sec  57.2 MBytes   479 Mbits/sec  50880  
[  5]  55.00-56.00  sec  53.2 MBytes   447 Mbits/sec  47390  
[  5]  56.00-57.00  sec  54.9 MBytes   461 Mbits/sec  48870  
[  5]  57.00-58.00  sec  55.3 MBytes   464 Mbits/sec  49210  
[  5]  58.00-59.00  sec  60.2 MBytes   505 Mbits/sec  53580  
[  5]  59.00-60.00  sec  57.7 MBytes   484 Mbits/sec  51320  
- - - - - - - - - - - - - - - - - - - - - - - - -
[ ID] Interval           Transfer     Bitrate         Jitter    Lost/Total Datagrams
[  5]   0.00-60.00  sec  3.30 GBytes   473 Mbits/sec  0.000 ms  0/3012400 (0%)  sender
[  5]   0.00-60.04  sec  1.96 GBytes   280 Mbits/sec  0.023 ms  1249259/3012400 (41%)  receiver

iperf Done.
