Connecting to host 10.136.80.149, port 5201
[  5] local 10.136.173.67 port 54904 connected to 10.136.80.149 port 5201
[ ID] Interval           Transfer     Bitrate         Retr  Cwnd
[  5]   0.00-1.00   sec   359 KBytes  2.94 Mbits/sec    0   54.6 KBytes       (omitted)
[  5]   0.00-1.00   sec  2.44 MBytes  20.4 Mbits/sec    0    868 KBytes       
[  5]   1.00-2.00   sec  5.00 MBytes  41.9 Mbits/sec  1097   1.33 MBytes       
[  5]   2.00-3.00   sec  3.75 MBytes  31.4 Mbits/sec  161   1.37 MBytes       
[  5]   3.00-4.00   sec  3.75 MBytes  31.5 Mbits/sec  140   1.09 MBytes       
[  5]   4.00-5.00   sec  5.00 MBytes  42.0 Mbits/sec    0   1.17 MBytes       
[  5]   5.00-6.00   sec  5.00 MBytes  41.9 Mbits/sec    0   1.22 MBytes       
[  5]   6.00-7.00   sec  5.00 MBytes  41.9 Mbits/sec    0   1.25 MBytes       
[  5]   7.00-8.00   sec  5.00 MBytes  41.9 Mbits/sec    0   1.28 MBytes       
[  5]   8.00-9.00   sec  5.00 MBytes  41.9 Mbits/sec    0   1.29 MBytes       
[  5]   9.00-10.00  sec  5.00 MBytes  41.9 Mbits/sec    0   1.29 MBytes       
[  5]  10.00-11.00  sec  5.00 MBytes  41.9 Mbits/sec    0   1.29 MBytes       
[  5]  11.00-12.00  sec  5.00 MBytes  41.9 Mbits/sec    0   1.29 MBytes       
[  5]  12.00-13.00  sec  5.00 MBytes  41.9 Mbits/sec    0   1.30 MBytes       
[  5]  13.00-14.00  sec  5.00 MBytes  41.9 Mbits/sec    0   1.31 MBytes       
[  5]  14.00-15.00  sec  6.25 MBytes  52.4 Mbits/sec    0   1.32 MBytes       
[  5]  15.00-16.00  sec  5.00 MBytes  41.9 Mbits/sec    6    960 KBytes       
[  5]  16.00-17.00  sec  3.75 MBytes  31.5 Mbits/sec    0   1.06 MBytes       
[  5]  17.00-18.00  sec  3.75 MBytes  31.5 Mbits/sec    0   1.15 MBytes       
[  5]  18.00-19.00  sec  5.00 MBytes  41.9 Mbits/sec    0   1.22 MBytes       
[  5]  19.00-20.00  sec  5.00 MBytes  41.9 Mbits/sec    0   1.27 MBytes       
[  5]  20.00-21.00  sec  5.00 MBytes  41.9 Mbits/sec    0   1.30 MBytes       
[  5]  21.00-22.00  sec  5.00 MBytes  41.9 Mbits/sec    6    946 KBytes       
[  5]  22.00-23.00  sec  3.75 MBytes  31.5 Mbits/sec    0   1008 KBytes       
[  5]  23.00-24.00  sec  3.75 MBytes  31.5 Mbits/sec    0   1.04 MBytes       
[  5]  24.00-25.00  sec  5.00 MBytes  41.9 Mbits/sec    0   1.08 MBytes       
[  5]  25.00-26.00  sec  3.75 MBytes  31.5 Mbits/sec    0   1.10 MBytes       
[  5]  26.00-27.00  sec  5.00 MBytes  41.9 Mbits/sec    0   1.11 MBytes       
[  5]  27.00-28.00  sec  3.75 MBytes  31.5 Mbits/sec    0   1.12 MBytes       
[  5]  28.00-29.00  sec  5.00 MBytes  41.9 Mbits/sec    0   1.12 MBytes       
[  5]  29.00-30.00  sec  5.00 MBytes  41.9 Mbits/sec    0   1.12 MBytes       
[  5]  30.00-31.00  sec  3.75 MBytes  31.5 Mbits/sec    0   1.12 MBytes       
[  5]  31.00-32.00  sec  5.00 MBytes  41.9 Mbits/sec    0   1.13 MBytes       
[  5]  32.00-33.00  sec  3.75 MBytes  31.5 Mbits/sec    0   1.15 MBytes       
[  5]  33.00-34.00  sec  5.00 MBytes  41.9 Mbits/sec    0   1.18 MBytes       
[  5]  34.00-35.00  sec  5.00 MBytes  41.9 Mbits/sec    0   1.22 MBytes       
[  5]  35.00-36.00  sec  5.00 MBytes  41.9 Mbits/sec    0   1.28 MBytes       
[  5]  36.00-37.00  sec  5.00 MBytes  41.9 Mbits/sec    0   1.36 MBytes       
[  5]  37.00-38.00  sec  3.75 MBytes  31.5 Mbits/sec   23   1.01 MBytes       
[  5]  38.00-39.00  sec  5.00 MBytes  42.0 Mbits/sec    0   1.12 MBytes       
[  5]  39.00-40.00  sec  3.75 MBytes  31.5 Mbits/sec    0   1.20 MBytes       
[  5]  40.00-41.00  sec  5.00 MBytes  41.9 Mbits/sec    0   1.27 MBytes       
[  5]  41.00-42.00  sec  5.00 MBytes  41.9 Mbits/sec    0   1.31 MBytes       
[  5]  42.00-43.00  sec  5.00 MBytes  41.9 Mbits/sec    1   1.26 MBytes       
[  5]  43.00-44.00  sec  5.00 MBytes  41.9 Mbits/sec    6    997 KBytes       
[  5]  44.00-45.00  sec  3.75 MBytes  31.5 Mbits/sec    0   1.04 MBytes       
[  5]  45.00-46.00  sec  3.75 MBytes  31.5 Mbits/sec    0   1.08 MBytes       
[  5]  46.00-47.00  sec  5.00 MBytes  42.0 Mbits/sec    0   1.11 MBytes       
[  5]  47.00-48.00  sec  3.75 MBytes  31.5 Mbits/sec    0   1.13 MBytes       
[  5]  48.00-49.00  sec  5.00 MBytes  41.9 Mbits/sec    0   1.13 MBytes       
[  5]  49.00-50.00  sec  5.00 MBytes  41.9 Mbits/sec    0   1.13 MBytes       
[  5]  50.00-51.00  sec  3.75 MBytes  31.5 Mbits/sec    0   1.13 MBytes       
[  5]  51.00-52.00  sec  5.00 MBytes  41.9 Mbits/sec    0   1.14 MBytes       
[  5]  52.00-53.00  sec  3.75 MBytes  31.5 Mbits/sec    0   1.14 MBytes       
[  5]  53.00-54.00  sec  5.00 MBytes  42.0 Mbits/sec    0   1.15 MBytes       
[  5]  54.00-55.00  sec  5.00 MBytes  41.9 Mbits/sec    0   1.18 MBytes       
[  5]  55.00-56.00  sec  5.00 MBytes  41.9 Mbits/sec    0   1.21 MBytes       
[  5]  56.00-57.00  sec  3.75 MBytes  31.5 Mbits/sec    0   1.27 MBytes       
[  5]  57.00-58.00  sec  6.25 MBytes  52.4 Mbits/sec    0   1.34 MBytes       
[  5]  58.00-59.00  sec  3.75 MBytes  31.5 Mbits/sec   20   1010 KBytes       
[  5]  59.00-60.00  sec  3.75 MBytes  31.5 Mbits/sec    0   1.10 MBytes       
- - - - - - - - - - - - - - - - - - - - - - - - -
[ ID] Interval           Transfer     Bitrate         Retr
[  5]   0.00-60.00  sec   275 MBytes  38.4 Mbits/sec  1460             sender
[  5]   0.00-60.25  sec   274 MBytes  38.2 Mbits/sec                  receiver

iperf Done.
