Connecting to host 10.136.80.181, port 5201
[  5] local 10.136.173.118 port 34505 connected to 10.136.80.181 port 5201
[ ID] Interval           Transfer     Bitrate         Total Datagrams
[  5]   0.00-1.00   sec  77.8 MBytes   653 Mbits/sec  69280  (omitted)
[  5]   0.00-1.00   sec  79.3 MBytes   665 Mbits/sec  70590  
[  5]   1.00-2.00   sec  81.7 MBytes   685 Mbits/sec  72700  
[  5]   2.00-3.00   sec  81.4 MBytes   682 Mbits/sec  72420  
[  5]   3.00-4.00   sec  82.9 MBytes   695 Mbits/sec  73760  
[  5]   4.00-5.00   sec  81.8 MBytes   686 Mbits/sec  72770  
[  5]   5.00-6.00   sec  84.0 MBytes   704 Mbits/sec  74740  
[  5]   6.00-7.00   sec  82.5 MBytes   692 Mbits/sec  73460  
[  5]   7.00-8.00   sec  82.7 MBytes   694 Mbits/sec  73610  
[  5]   8.00-9.00   sec  82.5 MBytes   692 Mbits/sec  73460  
[  5]   9.00-10.00  sec  82.8 MBytes   694 Mbits/sec  73680  
[  5]  10.00-11.00  sec  81.3 MBytes   682 Mbits/sec  72330  
[  5]  11.00-12.00  sec  83.5 MBytes   701 Mbits/sec  74360  
[  5]  12.00-13.00  sec  81.2 MBytes   681 Mbits/sec  72280  
[  5]  13.00-14.00  sec  82.7 MBytes   694 Mbits/sec  73640  
[  5]  14.00-15.00  sec  81.8 MBytes   686 Mbits/sec  72820  
[  5]  15.00-16.00  sec  79.5 MBytes   667 Mbits/sec  70790  
[  5]  16.00-17.00  sec  80.8 MBytes   678 Mbits/sec  71950  
[  5]  17.00-18.00  sec  81.0 MBytes   680 Mbits/sec  72140  
[  5]  18.00-19.00  sec  83.1 MBytes   697 Mbits/sec  73970  
[  5]  19.00-20.00  sec  81.6 MBytes   685 Mbits/sec  72640  
[  5]  20.00-21.00  sec  81.7 MBytes   686 Mbits/sec  72740  
[  5]  21.00-22.00  sec  81.9 MBytes   687 Mbits/sec  72880  
[  5]  22.00-23.00  sec  81.3 MBytes   682 Mbits/sec  72360  
[  5]  23.00-24.00  sec  82.4 MBytes   691 Mbits/sec  73310  
[  5]  24.00-25.00  sec  82.4 MBytes   691 Mbits/sec  73320  
[  5]  25.00-26.00  sec  81.9 MBytes   687 Mbits/sec  72940  
[  5]  26.00-27.00  sec  82.2 MBytes   689 Mbits/sec  73140  
[  5]  27.00-28.00  sec  81.8 MBytes   686 Mbits/sec  72790  
[  5]  28.00-29.00  sec  80.8 MBytes   678 Mbits/sec  71940  
[  5]  29.00-30.00  sec  81.0 MBytes   679 Mbits/sec  72080  
[  5]  30.00-31.00  sec  80.6 MBytes   676 Mbits/sec  71740  
[  5]  31.00-32.00  sec  82.2 MBytes   690 Mbits/sec  73200  
[  5]  32.00-33.00  sec  78.9 MBytes   662 Mbits/sec  70220  
[  5]  33.00-34.00  sec  80.7 MBytes   677 Mbits/sec  71860  
[  5]  34.00-35.00  sec  83.0 MBytes   696 Mbits/sec  73900  
[  5]  35.00-36.00  sec  81.1 MBytes   680 Mbits/sec  72180  
[  5]  36.00-37.00  sec  82.6 MBytes   693 Mbits/sec  73520  
[  5]  37.00-38.00  sec  80.5 MBytes   676 Mbits/sec  71690  
[  5]  38.00-39.00  sec  81.8 MBytes   686 Mbits/sec  72810  
[  5]  39.00-40.00  sec  80.8 MBytes   678 Mbits/sec  71900  
[  5]  40.00-41.00  sec  82.0 MBytes   688 Mbits/sec  73020  
[  5]  41.00-42.00  sec  82.0 MBytes   688 Mbits/sec  72960  
[  5]  42.00-43.00  sec  81.4 MBytes   683 Mbits/sec  72430  
[  5]  43.00-44.00  sec  81.7 MBytes   686 Mbits/sec  72740  
[  5]  44.00-45.00  sec  81.9 MBytes   687 Mbits/sec  72940  
[  5]  45.00-46.00  sec  81.4 MBytes   683 Mbits/sec  72490  
[  5]  46.00-47.00  sec  81.7 MBytes   685 Mbits/sec  72730  
[  5]  47.00-48.00  sec  82.9 MBytes   696 Mbits/sec  73810  
[  5]  48.00-49.00  sec  83.0 MBytes   696 Mbits/sec  73840  
[  5]  49.00-50.00  sec  82.0 MBytes   688 Mbits/sec  72950  
[  5]  50.00-51.00  sec  80.0 MBytes   671 Mbits/sec  71190  
[  5]  51.00-52.00  sec  77.7 MBytes   652 Mbits/sec  69160  
[  5]  52.00-53.00  sec  77.0 MBytes   646 Mbits/sec  68570  
[  5]  53.00-54.00  sec  77.6 MBytes   651 Mbits/sec  69040  
[  5]  54.00-55.00  sec  63.2 MBytes   530 Mbits/sec  56220  
[  5]  55.00-56.00  sec  77.2 MBytes   648 Mbits/sec  68740  
[  5]  56.00-57.00  sec  76.9 MBytes   645 Mbits/sec  68490  
[  5]  57.00-58.00  sec  77.1 MBytes   647 Mbits/sec  68620  
[  5]  58.00-59.00  sec  77.1 MBytes   647 Mbits/sec  68660  
[  5]  59.00-60.00  sec  81.0 MBytes   680 Mbits/sec  72120  
- - - - - - - - - - - - - - - - - - - - - - - - -
[ ID] Interval           Transfer     Bitrate         Jitter    Lost/Total Datagrams
[  5]   0.00-60.00  sec  4.74 GBytes   678 Mbits/sec  0.000 ms  0/4319350 (0%)  sender
[  5]   0.00-60.25  sec  2.35 GBytes   335 Mbits/sec  0.010 ms  2216453/4319240 (51%)  receiver

iperf Done.
