Connecting to host 10.136.80.175, port 5201
[  5] local 10.136.173.110 port 42364 connected to 10.136.80.175 port 5201
[ ID] Interval           Transfer     Bitrate         Total Datagrams
[  5]   0.00-1.00   sec  55.6 MBytes   466 Mbits/sec  49510  (omitted)
[  5]   0.00-1.00   sec  58.1 MBytes   487 Mbits/sec  51680  
[  5]   1.00-2.00   sec  56.7 MBytes   476 Mbits/sec  50480  
[  5]   2.00-3.00   sec  56.8 MBytes   477 Mbits/sec  50580  
[  5]   3.00-4.00   sec  55.4 MBytes   464 Mbits/sec  49270  
[  5]   4.00-5.00   sec  54.3 MBytes   455 Mbits/sec  48310  
[  5]   5.00-6.00   sec  54.5 MBytes   457 Mbits/sec  48530  
[  5]   6.00-7.00   sec  55.4 MBytes   465 Mbits/sec  49340  
[  5]   7.00-8.00   sec  58.9 MBytes   494 Mbits/sec  52390  
[  5]   8.00-9.00   sec  65.4 MBytes   548 Mbits/sec  58190  
[  5]   9.00-10.00  sec  51.6 MBytes   433 Mbits/sec  45900  
[  5]  10.00-11.00  sec  51.8 MBytes   435 Mbits/sec  46140  
[  5]  11.00-12.00  sec  55.5 MBytes   466 Mbits/sec  49420  
[  5]  12.00-13.00  sec  56.6 MBytes   475 Mbits/sec  50350  
[  5]  13.00-14.00  sec  62.2 MBytes   522 Mbits/sec  55410  
[  5]  14.00-15.00  sec  53.6 MBytes   450 Mbits/sec  47700  
[  5]  15.00-16.00  sec  48.8 MBytes   410 Mbits/sec  43460  
[  5]  16.00-17.00  sec  47.1 MBytes   395 Mbits/sec  41890  
[  5]  17.00-18.00  sec  56.1 MBytes   471 Mbits/sec  49960  
[  5]  18.00-19.00  sec  59.7 MBytes   501 Mbits/sec  53120  
[  5]  19.00-20.00  sec  58.9 MBytes   494 Mbits/sec  52470  
[  5]  20.00-21.00  sec  56.9 MBytes   478 Mbits/sec  50680  
[  5]  21.00-22.00  sec  59.7 MBytes   501 Mbits/sec  53120  
[  5]  22.00-23.00  sec  51.2 MBytes   430 Mbits/sec  45580  
[  5]  23.00-24.00  sec  58.8 MBytes   493 Mbits/sec  52330  
[  5]  24.00-25.00  sec  51.0 MBytes   428 Mbits/sec  45400  
[  5]  25.00-26.00  sec  57.2 MBytes   480 Mbits/sec  50890  
[  5]  26.00-27.00  sec  55.2 MBytes   463 Mbits/sec  49140  
[  5]  27.00-28.00  sec  57.3 MBytes   481 Mbits/sec  51020  
[  5]  28.00-29.00  sec  55.6 MBytes   466 Mbits/sec  49460  
[  5]  29.00-30.00  sec  56.0 MBytes   470 Mbits/sec  49870  
[  5]  30.00-31.00  sec  54.3 MBytes   455 Mbits/sec  48310  
[  5]  31.00-32.00  sec  61.6 MBytes   517 Mbits/sec  54800  
[  5]  32.00-33.00  sec  55.0 MBytes   462 Mbits/sec  48990  
[  5]  33.00-34.00  sec  58.0 MBytes   487 Mbits/sec  51670  
[  5]  34.00-35.00  sec  47.9 MBytes   402 Mbits/sec  42620  
[  5]  35.00-36.00  sec  56.3 MBytes   472 Mbits/sec  50090  
[  5]  36.00-37.00  sec  48.9 MBytes   410 Mbits/sec  43540  
[  5]  37.00-38.00  sec  60.0 MBytes   503 Mbits/sec  53400  
[  5]  38.00-39.00  sec  50.0 MBytes   419 Mbits/sec  44500  
[  5]  39.00-40.00  sec  50.1 MBytes   420 Mbits/sec  44590  
[  5]  40.00-41.00  sec  52.4 MBytes   439 Mbits/sec  46600  
[  5]  41.00-42.00  sec  58.7 MBytes   492 Mbits/sec  52220  
[  5]  42.00-43.00  sec  60.2 MBytes   505 Mbits/sec  53610  
[  5]  43.00-44.00  sec  53.4 MBytes   448 Mbits/sec  47520  
[  5]  44.00-45.00  sec  55.3 MBytes   464 Mbits/sec  49190  
[  5]  45.00-46.00  sec  53.6 MBytes   449 Mbits/sec  47680  
[  5]  46.00-47.00  sec  54.1 MBytes   454 Mbits/sec  48170  
[  5]  47.00-48.00  sec  60.6 MBytes   508 Mbits/sec  53930  
[  5]  48.00-49.00  sec  60.6 MBytes   508 Mbits/sec  53920  
[  5]  49.00-50.00  sec  58.3 MBytes   489 Mbits/sec  51860  
[  5]  50.00-51.00  sec  57.1 MBytes   479 Mbits/sec  50800  
[  5]  51.00-52.00  sec  61.2 MBytes   514 Mbits/sec  54510  
[  5]  52.00-53.00  sec  61.6 MBytes   517 Mbits/sec  54850  
[  5]  53.00-54.00  sec  55.4 MBytes   464 Mbits/sec  49280  
[  5]  54.00-55.00  sec  55.0 MBytes   461 Mbits/sec  48950  
[  5]  55.00-56.00  sec  58.7 MBytes   493 Mbits/sec  52270  
[  5]  56.00-57.00  sec  47.8 MBytes   401 Mbits/sec  42550  
[  5]  57.00-58.00  sec  52.3 MBytes   439 Mbits/sec  46590  
[  5]  58.00-59.00  sec  46.6 MBytes   391 Mbits/sec  41490  
[  5]  59.00-60.00  sec  58.3 MBytes   489 Mbits/sec  51880  
- - - - - - - - - - - - - - - - - - - - - - - - -
[ ID] Interval           Transfer     Bitrate         Jitter    Lost/Total Datagrams
[  5]   0.00-60.00  sec  3.26 GBytes   467 Mbits/sec  0.000 ms  0/2972460 (0%)  sender
[  5]   0.00-60.05  sec  1.92 GBytes   275 Mbits/sec  0.021 ms  1243531/2972452 (42%)  receiver

iperf Done.
