Connecting to host 10.136.80.178, port 5201
[  5] local 10.136.173.114 port 54134 connected to 10.136.80.178 port 5201
[ ID] Interval           Transfer     Bitrate         Retr  Cwnd
[  5]   0.00-1.00   sec  85.0 MBytes   713 Mbits/sec   35    211 KBytes       (omitted)
[  5]   0.00-1.00   sec  84.6 MBytes   710 Mbits/sec   15    225 KBytes       
[  5]   1.00-2.00   sec  81.7 MBytes   686 Mbits/sec   10    230 KBytes       
[  5]   2.00-3.00   sec  86.7 MBytes   727 Mbits/sec   14    257 KBytes       
[  5]   3.00-4.00   sec  87.9 MBytes   737 Mbits/sec   15    271 KBytes       
[  5]   4.00-5.00   sec  87.2 MBytes   731 Mbits/sec   66    223 KBytes       
[  5]   5.00-6.00   sec  86.1 MBytes   722 Mbits/sec   15    238 KBytes       
[  5]   6.00-7.00   sec  88.9 MBytes   745 Mbits/sec    7    343 KBytes       
[  5]   7.00-8.00   sec  84.0 MBytes   705 Mbits/sec   62    308 KBytes       
[  5]   8.00-9.00   sec  84.8 MBytes   712 Mbits/sec   21    189 KBytes       
[  5]   9.00-10.00  sec  85.7 MBytes   719 Mbits/sec   14    238 KBytes       
[  5]  10.00-11.00  sec  83.9 MBytes   704 Mbits/sec   15    248 KBytes       
[  5]  11.00-12.00  sec  87.4 MBytes   733 Mbits/sec   13    240 KBytes       
[  5]  12.00-13.00  sec  85.7 MBytes   719 Mbits/sec   15    244 KBytes       
[  5]  13.00-14.00  sec  85.1 MBytes   714 Mbits/sec   10    242 KBytes       
[  5]  14.00-15.00  sec  86.7 MBytes   727 Mbits/sec    6    290 KBytes       
[  5]  15.00-16.00  sec  85.0 MBytes   713 Mbits/sec   17    284 KBytes       
[  5]  16.00-17.00  sec  49.0 MBytes   411 Mbits/sec  106    167 KBytes       
[  5]  17.00-18.00  sec  66.6 MBytes   559 Mbits/sec    8    258 KBytes       
[  5]  18.00-19.00  sec  83.7 MBytes   702 Mbits/sec  288    244 KBytes       
[  5]  19.00-20.00  sec  85.3 MBytes   715 Mbits/sec    6    318 KBytes       
[  5]  20.00-21.00  sec  80.4 MBytes   674 Mbits/sec   33    127 KBytes       
[  5]  21.00-22.00  sec  77.1 MBytes   647 Mbits/sec   14    206 KBytes       
[  5]  22.00-23.00  sec  83.3 MBytes   699 Mbits/sec   14    238 KBytes       
[  5]  23.00-24.00  sec  86.8 MBytes   728 Mbits/sec    7    289 KBytes       
[  5]  24.00-25.00  sec  86.1 MBytes   722 Mbits/sec   17    349 KBytes       
[  5]  25.00-26.00  sec  84.9 MBytes   712 Mbits/sec   20    242 KBytes       
[  5]  26.00-27.00  sec  86.9 MBytes   729 Mbits/sec   14    252 KBytes       
[  5]  27.00-28.00  sec  88.5 MBytes   742 Mbits/sec   20    225 KBytes       
[  5]  28.00-29.00  sec  86.3 MBytes   724 Mbits/sec   11    222 KBytes       
[  5]  29.00-30.00  sec  83.4 MBytes   700 Mbits/sec   15    219 KBytes       
[  5]  30.00-31.00  sec  85.2 MBytes   715 Mbits/sec   14    219 KBytes       
[  5]  31.00-32.00  sec  85.6 MBytes   718 Mbits/sec    9    291 KBytes       
[  5]  32.00-33.00  sec  86.1 MBytes   723 Mbits/sec   22    250 KBytes       
[  5]  33.00-34.00  sec  83.5 MBytes   701 Mbits/sec   13    231 KBytes       
[  5]  34.00-35.00  sec  86.4 MBytes   725 Mbits/sec    7    290 KBytes       
[  5]  35.00-36.00  sec  83.2 MBytes   698 Mbits/sec   17    199 KBytes       
[  5]  36.00-37.00  sec  81.6 MBytes   685 Mbits/sec   24    253 KBytes       
[  5]  37.00-38.00  sec  85.1 MBytes   714 Mbits/sec   15    232 KBytes       
[  5]  38.00-39.00  sec  81.2 MBytes   681 Mbits/sec   15    250 KBytes       
[  5]  39.00-40.00  sec  85.0 MBytes   713 Mbits/sec   18    181 KBytes       
[  5]  40.00-41.00  sec  80.6 MBytes   676 Mbits/sec   36    141 KBytes       
[  5]  41.00-42.00  sec  82.5 MBytes   692 Mbits/sec   17    243 KBytes       
[  5]  42.00-43.00  sec  80.9 MBytes   679 Mbits/sec    8    228 KBytes       
[  5]  43.00-44.00  sec  82.1 MBytes   688 Mbits/sec   14    267 KBytes       
[  5]  44.00-45.00  sec  87.2 MBytes   731 Mbits/sec    6    351 KBytes       
[  5]  45.00-46.00  sec  76.7 MBytes   644 Mbits/sec   24    206 KBytes       
[  5]  46.00-47.00  sec  82.7 MBytes   694 Mbits/sec    6    312 KBytes       
[  5]  47.00-48.00  sec  86.8 MBytes   728 Mbits/sec    6    392 KBytes       
[  5]  48.00-49.00  sec  86.9 MBytes   729 Mbits/sec   20    257 KBytes       
[  5]  49.00-50.00  sec  84.5 MBytes   709 Mbits/sec   64    240 KBytes       
[  5]  50.00-51.00  sec  84.7 MBytes   711 Mbits/sec    3    341 KBytes       
[  5]  51.00-52.00  sec  85.0 MBytes   713 Mbits/sec   80    202 KBytes       
[  5]  52.00-53.00  sec  78.1 MBytes   655 Mbits/sec   16    260 KBytes       
[  5]  53.00-54.00  sec  82.1 MBytes   689 Mbits/sec   14    332 KBytes       
[  5]  54.00-55.00  sec  85.4 MBytes   716 Mbits/sec   24    183 KBytes       
[  5]  55.00-56.00  sec  80.8 MBytes   677 Mbits/sec   15    229 KBytes       
[  5]  56.00-57.00  sec  83.5 MBytes   701 Mbits/sec   18    284 KBytes       
[  5]  57.00-58.00  sec  90.5 MBytes   759 Mbits/sec    0    439 KBytes       
[  5]  58.00-59.00  sec  82.7 MBytes   694 Mbits/sec   22    280 KBytes       
[  5]  59.00-60.00  sec  86.9 MBytes   729 Mbits/sec   22    318 KBytes       
- - - - - - - - - - - - - - - - - - - - - - - - -
[ ID] Interval           Transfer     Bitrate         Retr
[  5]   0.00-60.00  sec  4.90 GBytes   701 Mbits/sec  1457             sender
[  5]   0.00-60.04  sec  4.90 GBytes   701 Mbits/sec                  receiver

iperf Done.
