Connecting to host 10.136.80.184, port 5201
[  5] local 10.136.173.120 port 46895 connected to 10.136.80.184 port 5201
[ ID] Interval           Transfer     Bitrate         Total Datagrams
[  5]   0.00-1.00   sec  64.9 MBytes   545 Mbits/sec  57780  (omitted)
[  5]   0.00-1.00   sec  74.7 MBytes   627 Mbits/sec  66510  
[  5]   1.00-2.00   sec  69.7 MBytes   584 Mbits/sec  62000  
[  5]   2.00-3.00   sec  73.1 MBytes   613 Mbits/sec  65090  
[  5]   3.00-4.00   sec  74.8 MBytes   628 Mbits/sec  66590  
[  5]   4.00-5.00   sec  68.4 MBytes   574 Mbits/sec  60900  
[  5]   5.00-6.00   sec  74.8 MBytes   628 Mbits/sec  66600  
[  5]   6.00-7.00   sec  74.6 MBytes   626 Mbits/sec  66410  
[  5]   7.00-8.00   sec  74.4 MBytes   624 Mbits/sec  66210  
[  5]   8.00-9.00   sec  73.6 MBytes   617 Mbits/sec  65490  
[  5]   9.00-10.00  sec  75.8 MBytes   636 Mbits/sec  67470  
[  5]  10.00-11.00  sec  75.4 MBytes   632 Mbits/sec  67110  
[  5]  11.00-12.00  sec  74.6 MBytes   626 Mbits/sec  66410  
[  5]  12.00-13.00  sec  73.8 MBytes   619 Mbits/sec  65720  
[  5]  13.00-14.00  sec  75.6 MBytes   634 Mbits/sec  67290  
[  5]  14.00-15.00  sec  71.0 MBytes   595 Mbits/sec  63160  
[  5]  15.00-16.00  sec  75.3 MBytes   632 Mbits/sec  67040  
[  5]  16.00-17.00  sec  73.7 MBytes   618 Mbits/sec  65560  
[  5]  17.00-18.00  sec  72.0 MBytes   604 Mbits/sec  64120  
[  5]  18.00-19.00  sec  73.8 MBytes   619 Mbits/sec  65730  
[  5]  19.00-20.00  sec  73.9 MBytes   620 Mbits/sec  65810  
[  5]  20.00-21.00  sec  71.5 MBytes   600 Mbits/sec  63640  
[  5]  21.00-22.00  sec  73.7 MBytes   619 Mbits/sec  65630  
[  5]  22.00-23.00  sec  76.0 MBytes   638 Mbits/sec  67690  
[  5]  23.00-24.00  sec  76.3 MBytes   640 Mbits/sec  67940  
[  5]  24.00-25.00  sec  73.1 MBytes   613 Mbits/sec  65080  
[  5]  25.00-26.00  sec  56.8 MBytes   476 Mbits/sec  50530  
[  5]  26.00-27.00  sec  53.6 MBytes   450 Mbits/sec  47720  
[  5]  27.00-28.00  sec  53.9 MBytes   452 Mbits/sec  48000  
[  5]  28.00-29.00  sec  53.3 MBytes   447 Mbits/sec  47480  
[  5]  29.00-30.00  sec  54.3 MBytes   455 Mbits/sec  48300  
[  5]  30.00-31.00  sec  55.1 MBytes   462 Mbits/sec  49060  
[  5]  31.00-32.00  sec  58.2 MBytes   488 Mbits/sec  51800  
[  5]  32.00-33.00  sec  59.5 MBytes   500 Mbits/sec  53000  
[  5]  33.00-34.00  sec  57.1 MBytes   479 Mbits/sec  50850  
[  5]  34.00-35.00  sec  60.1 MBytes   504 Mbits/sec  53510  
[  5]  35.00-36.00  sec  75.1 MBytes   630 Mbits/sec  66810  
[  5]  36.00-37.00  sec  75.3 MBytes   632 Mbits/sec  67020  
[  5]  37.00-38.00  sec  74.3 MBytes   624 Mbits/sec  66180  
[  5]  38.00-39.00  sec  73.9 MBytes   620 Mbits/sec  65750  
[  5]  39.00-40.00  sec  74.3 MBytes   623 Mbits/sec  66150  
[  5]  40.00-41.00  sec  63.6 MBytes   533 Mbits/sec  56570  
[  5]  41.00-42.00  sec  60.3 MBytes   506 Mbits/sec  53710  
[  5]  42.00-43.00  sec  74.2 MBytes   622 Mbits/sec  66040  
[  5]  43.00-44.00  sec  73.1 MBytes   614 Mbits/sec  65100  
[  5]  44.00-45.00  sec  71.1 MBytes   597 Mbits/sec  63310  
[  5]  45.00-46.00  sec  66.7 MBytes   559 Mbits/sec  59360  
[  5]  46.00-47.00  sec  67.0 MBytes   562 Mbits/sec  59660  
[  5]  47.00-48.00  sec  75.4 MBytes   632 Mbits/sec  67090  
[  5]  48.00-49.00  sec  74.1 MBytes   622 Mbits/sec  65970  
[  5]  49.00-50.00  sec  75.6 MBytes   634 Mbits/sec  67290  
[  5]  50.00-51.00  sec  75.9 MBytes   637 Mbits/sec  67580  
[  5]  51.00-52.00  sec  70.8 MBytes   594 Mbits/sec  63050  
[  5]  52.00-53.00  sec  73.1 MBytes   613 Mbits/sec  65060  
[  5]  53.00-54.00  sec  75.2 MBytes   631 Mbits/sec  66900  
[  5]  54.00-55.00  sec  74.6 MBytes   626 Mbits/sec  66420  
[  5]  55.00-56.00  sec  75.5 MBytes   633 Mbits/sec  67210  
[  5]  56.00-57.00  sec  75.2 MBytes   631 Mbits/sec  66930  
[  5]  57.00-58.00  sec  74.0 MBytes   621 Mbits/sec  65860  
[  5]  58.00-59.00  sec  74.5 MBytes   625 Mbits/sec  66280  
[  5]  59.00-60.00  sec  76.6 MBytes   642 Mbits/sec  68170  
- - - - - - - - - - - - - - - - - - - - - - - - -
[ ID] Interval           Transfer     Bitrate         Jitter    Lost/Total Datagrams
[  5]   0.00-60.00  sec  4.13 GBytes   591 Mbits/sec  0.000 ms  0/3760920 (0%)  sender
[  5]   0.00-60.49  sec  1.93 GBytes   275 Mbits/sec  0.605 ms  2026952/3756830 (54%)  receiver

iperf Done.
