Connecting to host 10.136.80.180, port 5201
[  5] local 10.136.173.117 port 33276 connected to 10.136.80.180 port 5201
[ ID] Interval           Transfer     Bitrate         Retr  Cwnd
[  5]   0.00-1.00   sec  72.9 MBytes   612 Mbits/sec   81    231 KBytes       (omitted)
[  5]   0.00-1.00   sec  87.2 MBytes   731 Mbits/sec    8    288 KBytes       
[  5]   1.00-2.00   sec  88.6 MBytes   743 Mbits/sec   70    267 KBytes       
[  5]   2.00-3.00   sec  87.6 MBytes   734 Mbits/sec    0    427 KBytes       
[  5]   3.00-4.00   sec  89.3 MBytes   749 Mbits/sec   13    292 KBytes       
[  5]   4.00-5.00   sec  88.0 MBytes   738 Mbits/sec   14    259 KBytes       
[  5]   5.00-6.00   sec  87.6 MBytes   735 Mbits/sec    8    350 KBytes       
[  5]   6.00-7.00   sec  88.3 MBytes   741 Mbits/sec   24    212 KBytes       
[  5]   7.00-8.00   sec  86.9 MBytes   729 Mbits/sec   15    255 KBytes       
[  5]   8.00-9.00   sec  86.3 MBytes   724 Mbits/sec   23    216 KBytes       
[  5]   9.00-10.00  sec  89.5 MBytes   751 Mbits/sec   13    206 KBytes       
[  5]  10.00-11.00  sec  87.4 MBytes   733 Mbits/sec    9    328 KBytes       
[  5]  11.00-12.00  sec  89.3 MBytes   749 Mbits/sec   12    261 KBytes       
[  5]  12.00-13.00  sec  87.0 MBytes   730 Mbits/sec   28    319 KBytes       
[  5]  13.00-14.00  sec  87.0 MBytes   730 Mbits/sec   29    159 KBytes       
[  5]  14.00-15.00  sec  84.3 MBytes   708 Mbits/sec    1    312 KBytes       
[  5]  15.00-16.00  sec  87.4 MBytes   733 Mbits/sec   14    297 KBytes       
[  5]  16.00-17.00  sec  87.2 MBytes   732 Mbits/sec   21    284 KBytes       
[  5]  17.00-18.00  sec  82.8 MBytes   695 Mbits/sec   20    205 KBytes       
[  5]  18.00-19.00  sec  85.9 MBytes   721 Mbits/sec   14    213 KBytes       
[  5]  19.00-20.00  sec  84.9 MBytes   712 Mbits/sec   15    194 KBytes       
[  5]  20.00-21.00  sec  82.9 MBytes   696 Mbits/sec   24    234 KBytes       
[  5]  21.00-22.00  sec  82.0 MBytes   688 Mbits/sec   14    214 KBytes       
[  5]  22.00-23.00  sec  85.6 MBytes   718 Mbits/sec   13    189 KBytes       
[  5]  23.00-24.00  sec  82.6 MBytes   693 Mbits/sec    6    349 KBytes       
[  5]  24.00-25.00  sec  86.1 MBytes   722 Mbits/sec   15    273 KBytes       
[  5]  25.00-26.00  sec  86.4 MBytes   725 Mbits/sec   14    315 KBytes       
[  5]  26.00-27.00  sec  86.4 MBytes   725 Mbits/sec   22    231 KBytes       
[  5]  27.00-28.00  sec  85.8 MBytes   720 Mbits/sec   24    231 KBytes       
[  5]  28.00-29.00  sec  82.5 MBytes   692 Mbits/sec   31    197 KBytes       
[  5]  29.00-30.00  sec  80.9 MBytes   679 Mbits/sec   32    240 KBytes       
[  5]  30.00-31.00  sec  84.9 MBytes   713 Mbits/sec    6    346 KBytes       
[  5]  31.00-32.00  sec  82.5 MBytes   692 Mbits/sec   37    196 KBytes       
[  5]  32.00-33.00  sec  86.2 MBytes   723 Mbits/sec    6    316 KBytes       
[  5]  33.00-34.00  sec  78.3 MBytes   657 Mbits/sec   34    181 KBytes       
[  5]  34.00-35.00  sec  83.7 MBytes   702 Mbits/sec    2    365 KBytes       
[  5]  35.00-36.00  sec  85.5 MBytes   717 Mbits/sec   21    294 KBytes       
[  5]  36.00-37.00  sec  86.9 MBytes   729 Mbits/sec   54    345 KBytes       
[  5]  37.00-38.01  sec  86.4 MBytes   719 Mbits/sec   19    267 KBytes       
[  5]  38.01-39.00  sec  84.1 MBytes   711 Mbits/sec   15    224 KBytes       
[  5]  39.00-40.00  sec  86.4 MBytes   725 Mbits/sec   22    177 KBytes       
[  5]  40.00-41.00  sec  85.9 MBytes   721 Mbits/sec    0    376 KBytes       
[  5]  41.00-42.00  sec  87.6 MBytes   735 Mbits/sec   21    230 KBytes       
[  5]  42.00-43.01  sec  89.6 MBytes   747 Mbits/sec    0    407 KBytes       
[  5]  43.01-44.00  sec  86.6 MBytes   731 Mbits/sec   27    337 KBytes       
[  5]  44.00-45.00  sec  81.3 MBytes   682 Mbits/sec   26    219 KBytes       
[  5]  45.00-46.00  sec  87.0 MBytes   730 Mbits/sec    6    351 KBytes       
[  5]  46.00-47.00  sec  89.3 MBytes   749 Mbits/sec   16    288 KBytes       
[  5]  47.00-48.00  sec  87.4 MBytes   733 Mbits/sec   14    304 KBytes       
[  5]  48.00-49.00  sec  81.9 MBytes   687 Mbits/sec   20    237 KBytes       
[  5]  49.00-50.00  sec  85.4 MBytes   716 Mbits/sec   13    255 KBytes       
[  5]  50.00-51.00  sec  84.8 MBytes   711 Mbits/sec    7    367 KBytes       
[  5]  51.00-52.00  sec  87.6 MBytes   732 Mbits/sec  100    411 KBytes       
[  5]  52.00-53.00  sec  87.7 MBytes   739 Mbits/sec   16    353 KBytes       
[  5]  53.00-54.00  sec  83.3 MBytes   699 Mbits/sec   19    286 KBytes       
[  5]  54.00-55.00  sec  83.8 MBytes   703 Mbits/sec   20    236 KBytes       
[  5]  55.00-56.00  sec  85.8 MBytes   719 Mbits/sec    6    334 KBytes       
[  5]  56.00-57.00  sec  86.3 MBytes   724 Mbits/sec   22    230 KBytes       
[  5]  57.00-58.00  sec  88.1 MBytes   739 Mbits/sec   15    400 KBytes       
[  5]  58.00-59.00  sec  83.7 MBytes   702 Mbits/sec   37    184 KBytes       
[  5]  59.00-60.00  sec  85.5 MBytes   717 Mbits/sec    6    260 KBytes       
- - - - - - - - - - - - - - - - - - - - - - - - -
[ ID] Interval           Transfer     Bitrate         Retr
[  5]   0.00-60.00  sec  5.03 GBytes   720 Mbits/sec  1153             sender
[  5]   0.00-60.04  sec  5.03 GBytes   720 Mbits/sec                  receiver

iperf Done.
