Connecting to host 10.136.80.135, port 5201
[  5] local 10.136.173.70 port 44655 connected to 10.136.80.135 port 5201
[ ID] Interval           Transfer     Bitrate         Total Datagrams
[  5]   0.00-1.00   sec  61.0 MBytes   512 Mbits/sec  54320  (omitted)
[  5]   0.00-1.00   sec  59.9 MBytes   502 Mbits/sec  53330  
[  5]   1.00-2.00   sec  57.9 MBytes   486 Mbits/sec  51570  
[  5]   2.00-3.00   sec  60.6 MBytes   508 Mbits/sec  53950  
[  5]   3.00-4.00   sec  57.6 MBytes   483 Mbits/sec  51260  
[  5]   4.00-5.00   sec  51.9 MBytes   436 Mbits/sec  46210  
[  5]   5.00-6.00   sec  60.0 MBytes   503 Mbits/sec  53400  
[  5]   6.00-7.00   sec  57.6 MBytes   483 Mbits/sec  51270  
[  5]   7.00-8.00   sec  55.8 MBytes   468 Mbits/sec  49700  
[  5]   8.00-9.00   sec  59.1 MBytes   496 Mbits/sec  52640  
[  5]   9.00-10.00  sec  59.2 MBytes   497 Mbits/sec  52720  
[  5]  10.00-11.00  sec  54.3 MBytes   455 Mbits/sec  48300  
[  5]  11.00-12.00  sec  48.4 MBytes   406 Mbits/sec  43100  
[  5]  12.00-13.00  sec  53.5 MBytes   449 Mbits/sec  47600  
[  5]  13.00-14.00  sec  61.3 MBytes   514 Mbits/sec  54590  
[  5]  14.00-15.00  sec  56.9 MBytes   478 Mbits/sec  50680  
[  5]  15.00-16.00  sec  57.3 MBytes   481 Mbits/sec  51020  
[  5]  16.00-17.00  sec  55.1 MBytes   462 Mbits/sec  49040  
[  5]  17.00-18.00  sec  54.6 MBytes   458 Mbits/sec  48590  
[  5]  18.00-19.00  sec  54.1 MBytes   453 Mbits/sec  48120  
[  5]  19.00-20.00  sec  55.9 MBytes   469 Mbits/sec  49790  
[  5]  20.00-21.00  sec  48.8 MBytes   410 Mbits/sec  43470  
[  5]  21.00-22.00  sec  49.4 MBytes   414 Mbits/sec  43930  
[  5]  22.00-23.00  sec  52.7 MBytes   442 Mbits/sec  46930  
[  5]  23.00-24.00  sec  59.4 MBytes   498 Mbits/sec  52860  
[  5]  24.00-25.00  sec  57.5 MBytes   482 Mbits/sec  51170  
[  5]  25.00-26.00  sec  58.6 MBytes   492 Mbits/sec  52180  
[  5]  26.00-27.00  sec  55.0 MBytes   461 Mbits/sec  48970  
[  5]  27.00-28.00  sec  50.1 MBytes   420 Mbits/sec  44590  
[  5]  28.00-29.00  sec  53.8 MBytes   451 Mbits/sec  47860  
[  5]  29.00-30.00  sec  63.6 MBytes   533 Mbits/sec  56590  
[  5]  30.00-31.00  sec  45.9 MBytes   385 Mbits/sec  40860  
[  5]  31.00-32.00  sec  51.5 MBytes   432 Mbits/sec  45880  
[  5]  32.00-33.00  sec  50.4 MBytes   423 Mbits/sec  44840  
[  5]  33.00-34.00  sec  50.6 MBytes   424 Mbits/sec  45000  
[  5]  34.00-35.00  sec  51.3 MBytes   431 Mbits/sec  45680  
[  5]  35.00-36.00  sec  49.5 MBytes   415 Mbits/sec  44080  
[  5]  36.00-37.00  sec  53.9 MBytes   452 Mbits/sec  47980  
[  5]  37.00-38.00  sec  57.8 MBytes   485 Mbits/sec  51430  
[  5]  38.00-39.00  sec  60.4 MBytes   507 Mbits/sec  53800  
[  5]  39.00-40.00  sec  57.2 MBytes   480 Mbits/sec  50940  
[  5]  40.00-41.00  sec  61.4 MBytes   515 Mbits/sec  54650  
[  5]  41.00-42.00  sec  49.9 MBytes   419 Mbits/sec  44450  
[  5]  42.00-43.00  sec  58.7 MBytes   492 Mbits/sec  52240  
[  5]  43.00-44.00  sec  59.7 MBytes   501 Mbits/sec  53150  
[  5]  44.00-45.00  sec  52.2 MBytes   438 Mbits/sec  46480  
[  5]  45.00-46.00  sec  59.7 MBytes   501 Mbits/sec  53180  
[  5]  46.00-47.00  sec  55.7 MBytes   467 Mbits/sec  49580  
[  5]  47.00-48.00  sec  56.5 MBytes   474 Mbits/sec  50320  
[  5]  48.00-49.00  sec  56.0 MBytes   470 Mbits/sec  49860  
[  5]  49.00-50.00  sec  57.8 MBytes   485 Mbits/sec  51470  
[  5]  50.00-51.00  sec  58.3 MBytes   489 Mbits/sec  51890  
[  5]  51.00-52.00  sec  58.9 MBytes   494 Mbits/sec  52390  
[  5]  52.00-53.00  sec  54.0 MBytes   453 Mbits/sec  48060  
[  5]  53.00-54.00  sec  56.8 MBytes   476 Mbits/sec  50550  
[  5]  54.00-55.00  sec  55.1 MBytes   462 Mbits/sec  49020  
[  5]  55.00-56.00  sec  56.2 MBytes   472 Mbits/sec  50060  
[  5]  56.00-57.00  sec  54.3 MBytes   456 Mbits/sec  48360  
[  5]  57.00-58.00  sec  62.0 MBytes   520 Mbits/sec  55160  
[  5]  58.00-59.00  sec  55.6 MBytes   466 Mbits/sec  49470  
[  5]  59.00-60.00  sec  61.8 MBytes   519 Mbits/sec  55050  
- - - - - - - - - - - - - - - - - - - - - - - - -
[ ID] Interval           Transfer     Bitrate         Jitter    Lost/Total Datagrams
[  5]   0.00-60.00  sec  3.27 GBytes   468 Mbits/sec  0.000 ms  0/2981310 (0%)  sender
[  5]   0.00-60.05  sec  2.02 GBytes   288 Mbits/sec  0.025 ms  1171940/2981310 (39%)  receiver

iperf Done.
