Connecting to host 10.136.80.181, port 5201
[  5] local 10.136.173.95 port 43880 connected to 10.136.80.181 port 5201
[ ID] Interval           Transfer     Bitrate         Total Datagrams
[  5]   0.00-1.00   sec  81.3 MBytes   682 Mbits/sec  72400  (omitted)
[  5]   0.00-1.00   sec  81.2 MBytes   681 Mbits/sec  72260  
[  5]   1.00-2.00   sec  80.7 MBytes   677 Mbits/sec  71830  
[  5]   2.00-3.00   sec  81.3 MBytes   682 Mbits/sec  72360  
[  5]   3.00-4.00   sec  80.3 MBytes   674 Mbits/sec  71470  
[  5]   4.00-5.00   sec  85.8 MBytes   720 Mbits/sec  76350  
[  5]   5.00-6.00   sec  83.7 MBytes   702 Mbits/sec  74540  
[  5]   6.00-7.00   sec  80.7 MBytes   677 Mbits/sec  71850  
[  5]   7.00-8.00   sec  81.5 MBytes   684 Mbits/sec  72530  
[  5]   8.00-9.00   sec  81.4 MBytes   683 Mbits/sec  72430  
[  5]   9.00-10.00  sec  79.9 MBytes   671 Mbits/sec  71150  
[  5]  10.00-11.00  sec  81.5 MBytes   684 Mbits/sec  72550  
[  5]  11.00-12.00  sec  81.8 MBytes   686 Mbits/sec  72810  
[  5]  12.00-13.00  sec  81.9 MBytes   687 Mbits/sec  72880  
[  5]  13.00-14.00  sec  82.5 MBytes   692 Mbits/sec  73420  
[  5]  14.00-15.00  sec  81.9 MBytes   687 Mbits/sec  72880  
[  5]  15.00-16.00  sec  82.9 MBytes   695 Mbits/sec  73760  
[  5]  16.00-17.00  sec  81.6 MBytes   685 Mbits/sec  72640  
[  5]  17.00-18.00  sec  81.3 MBytes   682 Mbits/sec  72350  
[  5]  18.00-19.00  sec  81.1 MBytes   680 Mbits/sec  72180  
[  5]  19.00-20.00  sec  80.7 MBytes   677 Mbits/sec  71840  
[  5]  20.00-21.00  sec  82.2 MBytes   689 Mbits/sec  73160  
[  5]  21.00-22.00  sec  81.8 MBytes   686 Mbits/sec  72780  
[  5]  22.00-23.00  sec  82.2 MBytes   689 Mbits/sec  73130  
[  5]  23.00-24.00  sec  82.0 MBytes   688 Mbits/sec  73030  
[  5]  24.00-25.00  sec  83.0 MBytes   696 Mbits/sec  73860  
[  5]  25.00-26.00  sec  82.2 MBytes   689 Mbits/sec  73140  
[  5]  26.00-27.00  sec  82.1 MBytes   689 Mbits/sec  73100  
[  5]  27.00-28.00  sec  82.4 MBytes   691 Mbits/sec  73320  
[  5]  28.00-29.00  sec  82.8 MBytes   695 Mbits/sec  73710  
[  5]  29.00-30.00  sec  80.6 MBytes   676 Mbits/sec  71760  
[  5]  30.00-31.00  sec  80.9 MBytes   679 Mbits/sec  72050  
[  5]  31.00-32.00  sec  81.1 MBytes   680 Mbits/sec  72170  
[  5]  32.00-33.00  sec  81.4 MBytes   683 Mbits/sec  72500  
[  5]  33.00-34.00  sec  81.3 MBytes   682 Mbits/sec  72360  
[  5]  34.00-35.00  sec  81.5 MBytes   684 Mbits/sec  72530  
[  5]  35.00-36.00  sec  81.8 MBytes   686 Mbits/sec  72850  
[  5]  36.00-37.00  sec  81.6 MBytes   684 Mbits/sec  72630  
[  5]  37.00-38.00  sec  81.4 MBytes   683 Mbits/sec  72480  
[  5]  38.00-39.00  sec  81.3 MBytes   682 Mbits/sec  72350  
[  5]  39.00-40.00  sec  66.0 MBytes   554 Mbits/sec  58780  
[  5]  40.00-41.00  sec  67.1 MBytes   563 Mbits/sec  59740  
[  5]  41.00-42.00  sec  66.2 MBytes   555 Mbits/sec  58910  
[  5]  42.00-43.00  sec  64.9 MBytes   545 Mbits/sec  57800  
[  5]  43.00-44.00  sec  67.0 MBytes   562 Mbits/sec  59640  
[  5]  44.00-45.00  sec  66.6 MBytes   559 Mbits/sec  59290  
[  5]  45.00-46.00  sec  66.6 MBytes   559 Mbits/sec  59290  
[  5]  46.00-47.00  sec  66.2 MBytes   556 Mbits/sec  58970  
[  5]  47.00-48.00  sec  67.6 MBytes   567 Mbits/sec  60180  
[  5]  48.00-49.00  sec  67.2 MBytes   563 Mbits/sec  59780  
[  5]  49.00-50.00  sec  70.9 MBytes   595 Mbits/sec  63120  
[  5]  50.00-51.00  sec  80.5 MBytes   676 Mbits/sec  71690  
[  5]  51.00-52.00  sec  81.5 MBytes   684 Mbits/sec  72580  
[  5]  52.00-53.00  sec  83.1 MBytes   697 Mbits/sec  73980  
[  5]  53.00-54.00  sec  80.8 MBytes   678 Mbits/sec  71900  
[  5]  54.00-55.00  sec  82.1 MBytes   689 Mbits/sec  73090  
[  5]  55.00-56.00  sec  82.0 MBytes   688 Mbits/sec  72990  
[  5]  56.00-57.00  sec  82.1 MBytes   688 Mbits/sec  73040  
[  5]  57.00-58.00  sec  81.6 MBytes   685 Mbits/sec  72640  
[  5]  58.00-59.00  sec  82.1 MBytes   689 Mbits/sec  73110  
[  5]  59.00-60.00  sec  80.1 MBytes   672 Mbits/sec  71290  
- - - - - - - - - - - - - - - - - - - - - - - - -
[ ID] Interval           Transfer     Bitrate         Jitter    Lost/Total Datagrams
[  5]   0.00-60.00  sec  4.63 GBytes   663 Mbits/sec  0.000 ms  0/4218800 (0%)  sender
[  5]   0.00-60.04  sec  4.63 GBytes   663 Mbits/sec  0.013 ms  624/4218800 (0.015%)  receiver

iperf Done.
