Connecting to host 10.136.80.178, port 5201
[  5] local 10.136.173.108 port 43456 connected to 10.136.80.178 port 5201
[ ID] Interval           Transfer     Bitrate         Total Datagrams
[  5]   0.00-1.00   sec  76.1 MBytes   639 Mbits/sec  67770  (omitted)
[  5]   0.00-1.00   sec  74.4 MBytes   624 Mbits/sec  66230  
[  5]   1.00-2.00   sec  68.3 MBytes   573 Mbits/sec  60760  
[  5]   2.00-3.00   sec  75.4 MBytes   632 Mbits/sec  67120  
[  5]   3.00-4.00   sec  68.2 MBytes   572 Mbits/sec  60670  
[  5]   4.00-5.00   sec  72.7 MBytes   610 Mbits/sec  64700  
[  5]   5.00-6.00   sec  77.1 MBytes   646 Mbits/sec  68590  
[  5]   6.00-7.00   sec  76.7 MBytes   643 Mbits/sec  68250  
[  5]   7.00-8.00   sec  77.6 MBytes   651 Mbits/sec  69100  
[  5]   8.00-9.00   sec  75.8 MBytes   636 Mbits/sec  67450  
[  5]   9.00-10.00  sec  68.8 MBytes   577 Mbits/sec  61240  
[  5]  10.00-11.00  sec  72.7 MBytes   610 Mbits/sec  64710  
[  5]  11.00-12.00  sec  77.8 MBytes   653 Mbits/sec  69270  
[  5]  12.00-13.00  sec  77.6 MBytes   651 Mbits/sec  69100  
[  5]  13.00-14.00  sec  77.1 MBytes   646 Mbits/sec  68590  
[  5]  14.00-15.00  sec  75.4 MBytes   633 Mbits/sec  67110  
[  5]  15.00-16.00  sec  77.1 MBytes   647 Mbits/sec  68650  
[  5]  16.00-17.00  sec  76.9 MBytes   645 Mbits/sec  68460  
[  5]  17.00-18.00  sec  77.4 MBytes   650 Mbits/sec  68920  
[  5]  18.00-19.00  sec  76.7 MBytes   644 Mbits/sec  68290  
[  5]  19.00-20.00  sec  78.5 MBytes   658 Mbits/sec  69860  
[  5]  20.00-21.00  sec  78.7 MBytes   660 Mbits/sec  70060  
[  5]  21.00-22.00  sec  77.1 MBytes   647 Mbits/sec  68660  
[  5]  22.00-23.00  sec  74.4 MBytes   624 Mbits/sec  66260  
[  5]  23.00-24.00  sec  76.6 MBytes   642 Mbits/sec  68140  
[  5]  24.00-25.00  sec  74.3 MBytes   624 Mbits/sec  66170  
[  5]  25.00-26.00  sec  75.9 MBytes   637 Mbits/sec  67580  
[  5]  26.00-27.00  sec  76.9 MBytes   645 Mbits/sec  68440  
[  5]  27.00-28.00  sec  75.6 MBytes   634 Mbits/sec  67270  
[  5]  28.00-29.00  sec  73.5 MBytes   616 Mbits/sec  65410  
[  5]  29.00-30.00  sec  75.8 MBytes   636 Mbits/sec  67470  
[  5]  30.00-31.00  sec  75.4 MBytes   633 Mbits/sec  67120  
[  5]  31.00-32.00  sec  71.3 MBytes   598 Mbits/sec  63490  
[  5]  32.00-33.00  sec  65.6 MBytes   550 Mbits/sec  58370  
[  5]  33.00-34.00  sec  70.2 MBytes   589 Mbits/sec  62520  
[  5]  34.00-35.00  sec  71.9 MBytes   603 Mbits/sec  64030  
[  5]  35.00-36.00  sec  78.6 MBytes   659 Mbits/sec  69970  
[  5]  36.00-37.00  sec  77.2 MBytes   647 Mbits/sec  68710  
[  5]  37.00-38.00  sec  71.6 MBytes   601 Mbits/sec  63760  
[  5]  38.00-39.00  sec  66.6 MBytes   558 Mbits/sec  59250  
[  5]  39.00-40.00  sec  63.0 MBytes   528 Mbits/sec  56050  
[  5]  40.00-41.00  sec  62.7 MBytes   526 Mbits/sec  55780  
[  5]  41.00-42.00  sec  74.3 MBytes   623 Mbits/sec  66110  
[  5]  42.00-43.00  sec  76.8 MBytes   644 Mbits/sec  68380  
[  5]  43.00-44.00  sec  76.1 MBytes   638 Mbits/sec  67700  
[  5]  44.00-45.00  sec  73.6 MBytes   617 Mbits/sec  65490  
[  5]  45.00-46.00  sec  76.6 MBytes   643 Mbits/sec  68200  
[  5]  46.00-47.00  sec  76.1 MBytes   638 Mbits/sec  67720  
[  5]  47.00-48.00  sec  76.5 MBytes   642 Mbits/sec  68110  
[  5]  48.00-49.00  sec  75.2 MBytes   631 Mbits/sec  66930  
[  5]  49.00-50.00  sec  74.1 MBytes   622 Mbits/sec  65990  
[  5]  50.00-51.00  sec  74.4 MBytes   624 Mbits/sec  66240  
[  5]  51.00-52.00  sec  74.5 MBytes   625 Mbits/sec  66280  
[  5]  52.00-53.00  sec  74.6 MBytes   626 Mbits/sec  66400  
[  5]  53.00-54.00  sec  75.5 MBytes   633 Mbits/sec  67210  
[  5]  54.00-55.00  sec  75.3 MBytes   631 Mbits/sec  67000  
[  5]  55.00-56.00  sec  78.4 MBytes   658 Mbits/sec  69790  
[  5]  56.00-57.00  sec  75.7 MBytes   635 Mbits/sec  67360  
[  5]  57.00-58.00  sec  78.4 MBytes   658 Mbits/sec  69770  
[  5]  58.00-59.00  sec  67.1 MBytes   563 Mbits/sec  59750  
[  5]  59.00-60.00  sec  76.0 MBytes   638 Mbits/sec  67680  
- - - - - - - - - - - - - - - - - - - - - - - - -
[ ID] Interval           Transfer     Bitrate         Jitter    Lost/Total Datagrams
[  5]   0.00-60.00  sec  4.36 GBytes   624 Mbits/sec  0.000 ms  0/3973690 (0%)  sender
[  5]   0.00-60.62  sec   685 MBytes  94.7 Mbits/sec  0.022 ms  3424783/3967591 (86%)  receiver

iperf Done.
