Connecting to host 10.136.80.146, port 5201
[  5] local 10.136.173.66 port 33284 connected to 10.136.80.146 port 5201
[ ID] Interval           Transfer     Bitrate         Retr  Cwnd
[  5]   0.00-1.00   sec  7.65 MBytes  64.1 Mbits/sec  295   1.37 KBytes       (omitted)
[  5]   0.00-1.00   sec  3.43 MBytes  28.8 Mbits/sec  132   2.73 KBytes       
[  5]   1.00-2.00   sec  3.80 MBytes  31.9 Mbits/sec  153   4.10 KBytes       
[  5]   2.00-3.00   sec  7.73 MBytes  64.8 Mbits/sec  311   1.37 KBytes       
[  5]   3.00-4.00   sec  6.62 MBytes  55.6 Mbits/sec  253   5.46 KBytes       
[  5]   4.00-5.00   sec  8.83 MBytes  74.1 Mbits/sec  372   19.1 KBytes       
[  5]   5.00-6.00   sec  9.20 MBytes  77.2 Mbits/sec  351   1.37 KBytes       
[  5]   6.00-7.00   sec  2.09 MBytes  17.5 Mbits/sec   89   1.37 KBytes       
[  5]   7.00-8.00   sec   754 KBytes  6.17 Mbits/sec   22   1.37 KBytes       
[  5]   8.00-9.00   sec  6.01 MBytes  50.4 Mbits/sec  248   2.73 KBytes       
[  5]   9.00-10.00  sec  5.03 MBytes  42.2 Mbits/sec  207   8.19 KBytes       
[  5]  10.00-11.00  sec  4.66 MBytes  39.1 Mbits/sec  181   2.73 KBytes       
[  5]  11.00-12.00  sec  2.58 MBytes  21.6 Mbits/sec  106   1.37 KBytes       
[  5]  12.00-13.00  sec  4.91 MBytes  41.2 Mbits/sec  167   2.73 KBytes       
[  5]  13.00-14.00  sec  5.76 MBytes  48.4 Mbits/sec  223   5.46 KBytes       
[  5]  14.00-15.00  sec  8.10 MBytes  67.9 Mbits/sec  318   17.7 KBytes       
[  5]  15.00-16.00  sec  4.29 MBytes  36.0 Mbits/sec  170   2.73 KBytes       
[  5]  16.00-17.00  sec  6.75 MBytes  56.6 Mbits/sec  265   4.10 KBytes       
[  5]  17.00-18.00  sec  6.99 MBytes  58.7 Mbits/sec  277   5.46 KBytes       
[  5]  18.00-19.00  sec  9.69 MBytes  81.3 Mbits/sec  344   2.73 KBytes       
[  5]  19.00-20.00  sec  6.62 MBytes  55.6 Mbits/sec  265   1.37 KBytes       
[  5]  20.00-21.00  sec  3.19 MBytes  26.8 Mbits/sec  115   4.10 KBytes       
[  5]  21.00-22.00  sec  7.11 MBytes  59.7 Mbits/sec  284   1.37 KBytes       
[  5]  22.00-23.00  sec  1.23 MBytes  10.3 Mbits/sec   66   9.56 KBytes       
[  5]  23.00-24.00  sec  6.01 MBytes  50.4 Mbits/sec  238   2.73 KBytes       
[  5]  24.00-25.00  sec  2.45 MBytes  20.6 Mbits/sec  104   2.73 KBytes       
[  5]  25.00-26.00  sec  9.08 MBytes  76.1 Mbits/sec  308   5.46 KBytes       
[  5]  26.00-27.00  sec  3.68 MBytes  30.9 Mbits/sec  169   2.73 KBytes       
[  5]  27.00-28.00  sec  3.80 MBytes  31.9 Mbits/sec  145   2.73 KBytes       
[  5]  28.00-29.00  sec  1.23 MBytes  10.3 Mbits/sec   59   1.37 KBytes       
[  5]  29.00-30.00  sec  8.83 MBytes  74.1 Mbits/sec  327   2.73 KBytes       
[  5]  30.00-31.00  sec  1.84 MBytes  15.4 Mbits/sec   75   2.73 KBytes       
[  5]  31.00-32.00  sec  4.91 MBytes  41.2 Mbits/sec  194   10.9 KBytes       
[  5]  32.00-33.00  sec  2.82 MBytes  23.7 Mbits/sec   93   6.83 KBytes       
[  5]  33.00-34.00  sec  5.15 MBytes  43.2 Mbits/sec  210   2.73 KBytes       
[  5]  34.00-35.00  sec  2.58 MBytes  21.6 Mbits/sec  102   2.73 KBytes       
[  5]  35.00-36.00  sec  2.45 MBytes  20.6 Mbits/sec   95   2.73 KBytes       
[  5]  36.00-37.00  sec  10.1 MBytes  84.4 Mbits/sec  391   1.37 KBytes       
[  5]  37.00-38.00  sec  7.73 MBytes  64.8 Mbits/sec  285   2.73 KBytes       
[  5]  38.00-39.00  sec  3.93 MBytes  32.9 Mbits/sec  145   2.73 KBytes       
[  5]  39.00-40.00  sec  5.76 MBytes  48.4 Mbits/sec  239   2.73 KBytes       
[  5]  40.00-41.00  sec  7.97 MBytes  66.9 Mbits/sec  277   12.3 KBytes       
[  5]  41.00-42.00  sec  4.54 MBytes  38.1 Mbits/sec  173   1.37 KBytes       
[  5]  42.00-43.00  sec   754 KBytes  6.17 Mbits/sec   27   1.37 KBytes       
[  5]  43.00-44.00  sec  4.91 MBytes  41.2 Mbits/sec  196   5.46 KBytes       
[  5]  44.00-45.00  sec  1.96 MBytes  16.5 Mbits/sec   82   16.4 KBytes       
[  5]  45.00-46.00  sec  5.40 MBytes  45.3 Mbits/sec  214   1.37 KBytes       
[  5]  46.00-47.00  sec  7.97 MBytes  66.9 Mbits/sec  345   1.37 KBytes       
[  5]  47.00-48.00  sec  1.72 MBytes  14.4 Mbits/sec   67   1.37 KBytes       
[  5]  48.00-49.00  sec  5.15 MBytes  43.2 Mbits/sec  172   2.73 KBytes       
[  5]  49.00-50.00  sec  5.76 MBytes  48.4 Mbits/sec  261   2.73 KBytes       
[  5]  50.00-51.00  sec  5.64 MBytes  47.3 Mbits/sec  245   6.83 KBytes       
[  5]  51.00-52.00  sec  4.17 MBytes  35.0 Mbits/sec  153   1.37 KBytes       
[  5]  52.00-53.00  sec  2.82 MBytes  23.7 Mbits/sec  120   1.37 KBytes       
[  5]  53.00-54.00  sec  9.94 MBytes  83.3 Mbits/sec  383   1.37 KBytes       
[  5]  54.00-55.00  sec  8.59 MBytes  72.0 Mbits/sec  345   2.73 KBytes       
[  5]  55.00-56.00  sec  7.48 MBytes  62.8 Mbits/sec  292   15.0 KBytes       
[  5]  56.00-57.00  sec  10.9 MBytes  91.6 Mbits/sec  419   5.46 KBytes       
[  5]  57.00-58.00  sec  10.3 MBytes  86.4 Mbits/sec  369   12.3 KBytes       
[  5]  58.00-59.00  sec  4.05 MBytes  34.0 Mbits/sec  165   2.73 KBytes       
[  5]  59.00-60.00  sec  7.60 MBytes  63.8 Mbits/sec  292   9.56 KBytes       
- - - - - - - - - - - - - - - - - - - - - - - - -
[ ID] Interval           Transfer     Bitrate         Retr
[  5]   0.00-60.00  sec   325 MBytes  45.5 Mbits/sec  12695             sender
[  5]   0.00-60.04  sec   325 MBytes  45.4 Mbits/sec                  receiver

iperf Done.
