Connecting to host 10.136.80.134, port 5201
[  5] local 10.136.173.72 port 33385 connected to 10.136.80.134 port 5201
[ ID] Interval           Transfer     Bitrate         Total Datagrams
[  5]   0.00-1.00   sec  81.4 MBytes   683 Mbits/sec  72450  (omitted)
[  5]   0.00-1.00   sec  83.7 MBytes   702 Mbits/sec  74500  
[  5]   1.00-2.00   sec  83.7 MBytes   702 Mbits/sec  74530  
[  5]   2.00-3.00   sec  81.5 MBytes   684 Mbits/sec  72580  
[  5]   3.00-4.00   sec  82.5 MBytes   692 Mbits/sec  73440  
[  5]   4.00-5.00   sec  82.8 MBytes   694 Mbits/sec  73660  
[  5]   5.00-6.00   sec  83.5 MBytes   701 Mbits/sec  74360  
[  5]   6.00-7.00   sec  77.3 MBytes   648 Mbits/sec  68770  
[  5]   7.00-8.00   sec  77.5 MBytes   650 Mbits/sec  69020  
[  5]   8.00-9.00   sec  75.0 MBytes   629 Mbits/sec  66720  
[  5]   9.00-10.00  sec  77.1 MBytes   647 Mbits/sec  68660  
[  5]  10.00-11.00  sec  79.0 MBytes   663 Mbits/sec  70360  
[  5]  11.00-12.00  sec  78.2 MBytes   656 Mbits/sec  69620  
[  5]  12.00-13.00  sec  76.9 MBytes   645 Mbits/sec  68440  
[  5]  13.00-14.00  sec  77.0 MBytes   646 Mbits/sec  68550  
[  5]  14.00-15.00  sec  77.2 MBytes   648 Mbits/sec  68730  
[  5]  15.00-16.00  sec  78.4 MBytes   658 Mbits/sec  69830  
[  5]  16.00-17.00  sec  82.4 MBytes   691 Mbits/sec  73310  
[  5]  17.00-18.00  sec  81.0 MBytes   680 Mbits/sec  72120  
[  5]  18.00-19.00  sec  82.3 MBytes   690 Mbits/sec  73220  
[  5]  19.00-20.00  sec  82.7 MBytes   694 Mbits/sec  73610  
[  5]  20.00-21.00  sec  83.4 MBytes   699 Mbits/sec  74210  
[  5]  21.00-22.00  sec  82.6 MBytes   693 Mbits/sec  73500  
[  5]  22.00-23.00  sec  83.6 MBytes   701 Mbits/sec  74440  
[  5]  23.00-24.00  sec  83.2 MBytes   698 Mbits/sec  74040  
[  5]  24.00-25.00  sec  81.7 MBytes   685 Mbits/sec  72730  
[  5]  25.00-26.00  sec  82.6 MBytes   693 Mbits/sec  73490  
[  5]  26.00-27.00  sec  82.8 MBytes   695 Mbits/sec  73730  
[  5]  27.00-28.00  sec  83.2 MBytes   698 Mbits/sec  74100  
[  5]  28.00-29.00  sec  81.6 MBytes   685 Mbits/sec  72640  
[  5]  29.00-30.00  sec  82.8 MBytes   694 Mbits/sec  73690  
[  5]  30.00-31.00  sec  82.5 MBytes   692 Mbits/sec  73480  
[  5]  31.00-32.00  sec  81.7 MBytes   686 Mbits/sec  72760  
[  5]  32.00-33.00  sec  81.8 MBytes   687 Mbits/sec  72850  
[  5]  33.00-34.00  sec  82.2 MBytes   690 Mbits/sec  73190  
[  5]  34.00-35.00  sec  79.7 MBytes   668 Mbits/sec  70930  
[  5]  35.00-36.00  sec  83.5 MBytes   701 Mbits/sec  74370  
[  5]  36.00-37.00  sec  83.8 MBytes   703 Mbits/sec  74600  
[  5]  37.00-38.00  sec  80.6 MBytes   676 Mbits/sec  71720  
[  5]  38.00-39.00  sec  80.2 MBytes   672 Mbits/sec  71360  
[  5]  39.00-40.00  sec  76.2 MBytes   639 Mbits/sec  67810  
[  5]  40.00-41.00  sec  76.4 MBytes   641 Mbits/sec  68000  
[  5]  41.00-42.00  sec  76.3 MBytes   640 Mbits/sec  67920  
[  5]  42.00-43.00  sec  79.2 MBytes   665 Mbits/sec  70520  
[  5]  43.00-44.00  sec  82.4 MBytes   692 Mbits/sec  73380  
[  5]  44.00-45.00  sec  82.1 MBytes   689 Mbits/sec  73100  
[  5]  45.00-46.00  sec  82.0 MBytes   688 Mbits/sec  73020  
[  5]  46.00-47.00  sec  79.6 MBytes   667 Mbits/sec  70830  
[  5]  47.00-48.00  sec  78.8 MBytes   661 Mbits/sec  70180  
[  5]  48.00-49.00  sec  77.8 MBytes   653 Mbits/sec  69240  
[  5]  49.00-50.00  sec  72.1 MBytes   605 Mbits/sec  64170  
[  5]  50.00-51.00  sec  77.9 MBytes   654 Mbits/sec  69350  
[  5]  51.00-52.00  sec  82.7 MBytes   694 Mbits/sec  73620  
[  5]  52.00-53.00  sec  81.8 MBytes   686 Mbits/sec  72840  
[  5]  53.00-54.00  sec  83.4 MBytes   699 Mbits/sec  74200  
[  5]  54.00-55.00  sec  83.7 MBytes   702 Mbits/sec  74510  
[  5]  55.00-56.00  sec  83.5 MBytes   700 Mbits/sec  74300  
[  5]  56.00-57.00  sec  83.7 MBytes   702 Mbits/sec  74470  
[  5]  57.00-58.00  sec  82.8 MBytes   695 Mbits/sec  73710  
[  5]  58.00-59.00  sec  82.1 MBytes   688 Mbits/sec  73050  
[  5]  59.00-60.00  sec  83.5 MBytes   701 Mbits/sec  74350  
- - - - - - - - - - - - - - - - - - - - - - - - -
[ ID] Interval           Transfer     Bitrate         Jitter    Lost/Total Datagrams
[  5]   0.00-60.00  sec  4.74 GBytes   678 Mbits/sec  0.000 ms  0/4318430 (0%)  sender
[  5]   0.00-60.08  sec  2.46 GBytes   352 Mbits/sec  0.010 ms  2108446/4318430 (49%)  receiver

iperf Done.
