Connecting to host knb-server-1180041, port 5201
[  5] local 10.136.173.64 port 56798 connected to 10.43.221.131 port 5201
[ ID] Interval           Transfer     Bitrate         Total Datagrams
[  5]   0.00-1.00   sec  66.1 MBytes   555 Mbits/sec  58860  (omitted)
[  5]   0.00-1.00   sec  72.0 MBytes   604 Mbits/sec  64130  
[  5]   1.00-2.00   sec  72.1 MBytes   604 Mbits/sec  64140  
[  5]   2.00-3.00   sec  72.0 MBytes   604 Mbits/sec  64120  
[  5]   3.00-4.00   sec  71.2 MBytes   597 Mbits/sec  63390  
[  5]   4.00-5.00   sec  66.6 MBytes   559 Mbits/sec  59310  
[  5]   5.00-6.00   sec  70.1 MBytes   588 Mbits/sec  62430  
[  5]   6.00-7.00   sec  71.5 MBytes   600 Mbits/sec  63670  
[  5]   7.00-8.00   sec  70.9 MBytes   595 Mbits/sec  63130  
[  5]   8.00-9.00   sec  71.4 MBytes   599 Mbits/sec  63520  
[  5]   9.00-10.00  sec  71.3 MBytes   598 Mbits/sec  63460  
[  5]  10.00-11.00  sec  71.5 MBytes   599 Mbits/sec  63610  
[  5]  11.00-12.00  sec  71.2 MBytes   597 Mbits/sec  63390  
[  5]  12.00-13.00  sec  66.9 MBytes   561 Mbits/sec  59560  
[  5]  13.00-14.00  sec  71.6 MBytes   600 Mbits/sec  63690  
[  5]  14.00-15.00  sec  71.3 MBytes   598 Mbits/sec  63460  
[  5]  15.00-16.00  sec  70.8 MBytes   594 Mbits/sec  63060  
[  5]  16.00-17.00  sec  71.4 MBytes   599 Mbits/sec  63540  
[  5]  17.00-18.00  sec  71.6 MBytes   601 Mbits/sec  63740  
[  5]  18.00-19.00  sec  71.9 MBytes   603 Mbits/sec  63980  
[  5]  19.00-20.00  sec  70.6 MBytes   592 Mbits/sec  62810  
[  5]  20.00-21.00  sec  71.3 MBytes   598 Mbits/sec  63480  
[  5]  21.00-22.00  sec  71.2 MBytes   597 Mbits/sec  63400  
[  5]  22.00-23.00  sec  72.6 MBytes   609 Mbits/sec  64580  
[  5]  23.00-24.00  sec  72.6 MBytes   609 Mbits/sec  64600  
[  5]  24.00-25.00  sec  72.4 MBytes   607 Mbits/sec  64410  
[  5]  25.00-26.00  sec  72.0 MBytes   604 Mbits/sec  64080  
[  5]  26.00-27.00  sec  72.4 MBytes   607 Mbits/sec  64410  
[  5]  27.00-28.00  sec  71.9 MBytes   603 Mbits/sec  63960  
[  5]  28.00-29.00  sec  72.1 MBytes   605 Mbits/sec  64170  
[  5]  29.00-30.00  sec  70.8 MBytes   594 Mbits/sec  63040  
[  5]  30.00-31.00  sec  68.3 MBytes   573 Mbits/sec  60840  
[  5]  31.00-32.00  sec  62.2 MBytes   522 Mbits/sec  55350  
[  5]  32.00-33.00  sec  71.0 MBytes   595 Mbits/sec  63190  
[  5]  33.00-34.00  sec  66.7 MBytes   560 Mbits/sec  59380  
[  5]  34.00-35.00  sec  72.3 MBytes   607 Mbits/sec  64370  
[  5]  35.00-36.00  sec  71.4 MBytes   599 Mbits/sec  63540  
[  5]  36.00-37.00  sec  65.1 MBytes   546 Mbits/sec  57930  
[  5]  37.00-38.00  sec  71.5 MBytes   600 Mbits/sec  63660  
[  5]  38.00-39.00  sec  82.3 MBytes   690 Mbits/sec  73270  
[  5]  39.00-40.00  sec  82.1 MBytes   688 Mbits/sec  73050  
[  5]  40.00-41.00  sec  83.3 MBytes   699 Mbits/sec  74190  
[  5]  41.00-42.00  sec  83.9 MBytes   703 Mbits/sec  74640  
[  5]  42.00-43.00  sec  79.5 MBytes   667 Mbits/sec  70790  
[  5]  43.00-44.00  sec  72.2 MBytes   606 Mbits/sec  64310  
[  5]  44.00-45.00  sec  72.5 MBytes   608 Mbits/sec  64520  
[  5]  45.00-46.00  sec  73.1 MBytes   613 Mbits/sec  65030  
[  5]  46.00-47.00  sec  72.1 MBytes   605 Mbits/sec  64220  
[  5]  47.00-48.00  sec  71.9 MBytes   603 Mbits/sec  64010  
[  5]  48.00-49.00  sec  72.6 MBytes   609 Mbits/sec  64600  
[  5]  49.00-50.00  sec  72.6 MBytes   609 Mbits/sec  64610  
[  5]  50.00-51.00  sec  69.1 MBytes   580 Mbits/sec  61550  
[  5]  51.00-52.00  sec  72.2 MBytes   606 Mbits/sec  64310  
[  5]  52.00-53.00  sec  71.1 MBytes   597 Mbits/sec  63310  
[  5]  53.00-54.00  sec  72.9 MBytes   612 Mbits/sec  64930  
[  5]  54.00-55.00  sec  72.2 MBytes   606 Mbits/sec  64270  
[  5]  55.00-56.00  sec  71.1 MBytes   596 Mbits/sec  63250  
[  5]  56.00-57.00  sec  71.9 MBytes   603 Mbits/sec  63980  
[  5]  57.00-58.00  sec  73.3 MBytes   615 Mbits/sec  65270  
[  5]  58.00-59.00  sec  72.1 MBytes   604 Mbits/sec  64140  
[  5]  59.00-60.00  sec  72.9 MBytes   611 Mbits/sec  64850  
- - - - - - - - - - - - - - - - - - - - - - - - -
[ ID] Interval           Transfer     Bitrate         Jitter    Lost/Total Datagrams
[  5]   0.00-60.00  sec  4.22 GBytes   604 Mbits/sec  0.000 ms  0/3847630 (0%)  sender
[  5]   0.00-63.33  sec  52.6 MBytes  6.96 Mbits/sec  1.429 ms  3690955/3679682 (1e+02%)  receiver

iperf Done.
