Connecting to host 10.136.80.133, port 5201
[  5] local 10.136.173.70 port 55853 connected to 10.136.80.133 port 5201
[ ID] Interval           Transfer     Bitrate         Total Datagrams
[  5]   0.00-1.00   sec  50.0 MBytes   420 Mbits/sec  44540  (omitted)
[  5]   0.00-1.00   sec  48.9 MBytes   410 Mbits/sec  43540  
[  5]   1.00-2.00   sec  50.5 MBytes   424 Mbits/sec  44990  
[  5]   2.00-3.00   sec  52.3 MBytes   439 Mbits/sec  46570  
[  5]   3.00-4.00   sec  50.8 MBytes   426 Mbits/sec  45180  
[  5]   4.00-5.00   sec  52.8 MBytes   443 Mbits/sec  46980  
[  5]   5.00-6.00   sec  53.7 MBytes   450 Mbits/sec  47800  
[  5]   6.00-7.00   sec  52.8 MBytes   443 Mbits/sec  46980  
[  5]   7.00-8.00   sec  51.9 MBytes   435 Mbits/sec  46200  
[  5]   8.00-9.00   sec  52.8 MBytes   443 Mbits/sec  47040  
[  5]   9.00-10.00  sec  52.2 MBytes   438 Mbits/sec  46450  
[  5]  10.00-11.00  sec  53.3 MBytes   447 Mbits/sec  47480  
[  5]  11.00-12.00  sec  53.0 MBytes   444 Mbits/sec  47140  
[  5]  12.00-13.00  sec  55.3 MBytes   464 Mbits/sec  49260  
[  5]  13.00-14.00  sec  49.5 MBytes   415 Mbits/sec  44090  
[  5]  14.00-15.00  sec  53.4 MBytes   448 Mbits/sec  47520  
[  5]  15.00-16.00  sec  51.5 MBytes   432 Mbits/sec  45850  
[  5]  16.00-17.00  sec  53.6 MBytes   450 Mbits/sec  47720  
[  5]  17.00-18.00  sec  53.0 MBytes   445 Mbits/sec  47200  
[  5]  18.00-19.00  sec  51.1 MBytes   429 Mbits/sec  45480  
[  5]  19.00-20.00  sec  51.4 MBytes   431 Mbits/sec  45720  
[  5]  20.00-21.00  sec  52.6 MBytes   441 Mbits/sec  46790  
[  5]  21.00-22.00  sec  53.3 MBytes   447 Mbits/sec  47460  
[  5]  22.00-23.00  sec  52.8 MBytes   443 Mbits/sec  46970  
[  5]  23.00-24.00  sec  52.4 MBytes   440 Mbits/sec  46660  
[  5]  24.00-25.00  sec  52.8 MBytes   443 Mbits/sec  46960  
[  5]  25.00-26.00  sec  52.5 MBytes   441 Mbits/sec  46760  
[  5]  26.00-27.00  sec  51.8 MBytes   435 Mbits/sec  46140  
[  5]  27.00-28.00  sec  54.5 MBytes   457 Mbits/sec  48510  
[  5]  28.00-29.00  sec  53.5 MBytes   449 Mbits/sec  47630  
[  5]  29.00-30.00  sec  53.2 MBytes   446 Mbits/sec  47350  
[  5]  30.00-31.00  sec  52.5 MBytes   441 Mbits/sec  46770  
[  5]  31.00-32.00  sec  50.9 MBytes   427 Mbits/sec  45330  
[  5]  32.00-33.00  sec  51.2 MBytes   430 Mbits/sec  45580  
[  5]  33.00-34.00  sec  52.7 MBytes   442 Mbits/sec  46900  
[  5]  34.00-35.00  sec  53.7 MBytes   451 Mbits/sec  47830  
[  5]  35.00-36.00  sec  54.4 MBytes   457 Mbits/sec  48460  
[  5]  36.00-37.00  sec  51.9 MBytes   435 Mbits/sec  46180  
[  5]  37.00-38.00  sec  52.9 MBytes   444 Mbits/sec  47070  
[  5]  38.00-39.00  sec  51.6 MBytes   433 Mbits/sec  45960  
[  5]  39.00-40.00  sec  51.4 MBytes   431 Mbits/sec  45770  
[  5]  40.00-41.00  sec  52.4 MBytes   439 Mbits/sec  46620  
[  5]  41.00-42.00  sec  52.0 MBytes   437 Mbits/sec  46330  
[  5]  42.00-43.00  sec  53.2 MBytes   446 Mbits/sec  47330  
[  5]  43.00-44.00  sec  51.4 MBytes   431 Mbits/sec  45760  
[  5]  44.00-45.00  sec  52.3 MBytes   438 Mbits/sec  46510  
[  5]  45.00-46.00  sec  53.4 MBytes   448 Mbits/sec  47550  
[  5]  46.00-47.00  sec  52.6 MBytes   441 Mbits/sec  46850  
[  5]  47.00-48.00  sec  52.1 MBytes   437 Mbits/sec  46400  
[  5]  48.00-49.00  sec  53.6 MBytes   450 Mbits/sec  47750  
[  5]  49.00-50.00  sec  55.7 MBytes   467 Mbits/sec  49560  
[  5]  50.00-51.00  sec  53.3 MBytes   447 Mbits/sec  47450  
[  5]  51.00-52.00  sec  52.0 MBytes   437 Mbits/sec  46330  
[  5]  52.00-53.00  sec  51.7 MBytes   433 Mbits/sec  45980  
[  5]  53.00-54.00  sec  55.1 MBytes   463 Mbits/sec  49090  
[  5]  54.00-55.00  sec  53.5 MBytes   449 Mbits/sec  47600  
[  5]  55.00-56.00  sec  53.3 MBytes   447 Mbits/sec  47420  
[  5]  56.00-57.00  sec  53.9 MBytes   453 Mbits/sec  48020  
[  5]  57.00-58.00  sec  53.0 MBytes   445 Mbits/sec  47210  
[  5]  58.00-59.00  sec  52.3 MBytes   439 Mbits/sec  46550  
[  5]  59.00-60.00  sec  56.2 MBytes   471 Mbits/sec  50020  
- - - - - - - - - - - - - - - - - - - - - - - - -
[ ID] Interval           Transfer     Bitrate         Jitter    Lost/Total Datagrams
[  5]   0.00-60.00  sec  3.09 GBytes   442 Mbits/sec  0.000 ms  0/2812600 (0%)  sender
[  5]   0.00-60.24  sec  1.86 GBytes   266 Mbits/sec  0.014 ms  1133632/2812600 (40%)  receiver

iperf Done.
