Connecting to host knb-server-139776, port 5201
[  5] local 10.136.173.64 port 41863 connected to 10.43.165.2 port 5201
[ ID] Interval           Transfer     Bitrate         Total Datagrams
[  5]   0.00-1.00   sec  51.3 MBytes   431 Mbits/sec  45690  (omitted)
[  5]   0.00-1.00   sec  53.2 MBytes   446 Mbits/sec  47320  
[  5]   1.00-2.00   sec  55.5 MBytes   466 Mbits/sec  49420  
[  5]   2.00-3.00   sec  51.7 MBytes   434 Mbits/sec  46030  
[  5]   3.00-4.00   sec  52.5 MBytes   440 Mbits/sec  46700  
[  5]   4.00-5.00   sec  52.5 MBytes   440 Mbits/sec  46700  
[  5]   5.00-6.00   sec  49.0 MBytes   411 Mbits/sec  43600  
[  5]   6.00-7.00   sec  53.5 MBytes   449 Mbits/sec  47660  
[  5]   7.00-8.00   sec  51.8 MBytes   435 Mbits/sec  46140  
[  5]   8.00-9.00   sec  54.4 MBytes   456 Mbits/sec  48380  
[  5]   9.00-10.00  sec  52.6 MBytes   441 Mbits/sec  46820  
[  5]  10.00-11.00  sec  51.8 MBytes   435 Mbits/sec  46110  
[  5]  11.00-12.00  sec  56.2 MBytes   472 Mbits/sec  50060  
[  5]  12.00-13.00  sec  53.8 MBytes   451 Mbits/sec  47910  
[  5]  13.00-14.00  sec  51.3 MBytes   431 Mbits/sec  45690  
[  5]  14.00-15.00  sec  51.1 MBytes   429 Mbits/sec  45510  
[  5]  15.00-16.00  sec  52.9 MBytes   444 Mbits/sec  47100  
[  5]  16.00-17.00  sec  55.4 MBytes   464 Mbits/sec  49270  
[  5]  17.00-18.00  sec  54.6 MBytes   458 Mbits/sec  48620  
[  5]  18.00-19.00  sec  49.8 MBytes   418 Mbits/sec  44310  
[  5]  19.00-20.00  sec  53.3 MBytes   447 Mbits/sec  47480  
[  5]  20.00-21.00  sec  53.1 MBytes   445 Mbits/sec  47270  
[  5]  21.00-22.00  sec  52.3 MBytes   439 Mbits/sec  46570  
[  5]  22.00-23.00  sec  51.6 MBytes   433 Mbits/sec  45920  
[  5]  23.00-24.00  sec  50.1 MBytes   421 Mbits/sec  44630  
[  5]  24.00-25.00  sec  54.3 MBytes   455 Mbits/sec  48310  
[  5]  25.00-26.00  sec  52.2 MBytes   438 Mbits/sec  46470  
[  5]  26.00-27.00  sec  53.1 MBytes   445 Mbits/sec  47270  
[  5]  27.00-28.00  sec  52.9 MBytes   444 Mbits/sec  47130  
[  5]  28.00-29.00  sec  51.4 MBytes   431 Mbits/sec  45760  
[  5]  29.00-30.00  sec  53.8 MBytes   451 Mbits/sec  47900  
[  5]  30.00-31.00  sec  53.5 MBytes   449 Mbits/sec  47600  
[  5]  31.00-32.00  sec  51.2 MBytes   429 Mbits/sec  45560  
[  5]  32.00-33.00  sec  52.5 MBytes   440 Mbits/sec  46730  
[  5]  33.00-34.00  sec  52.2 MBytes   438 Mbits/sec  46490  
[  5]  34.00-35.00  sec  53.3 MBytes   447 Mbits/sec  47420  
[  5]  35.00-36.00  sec  52.2 MBytes   438 Mbits/sec  46490  
[  5]  36.00-37.00  sec  52.7 MBytes   442 Mbits/sec  46880  
[  5]  37.00-38.00  sec  53.8 MBytes   452 Mbits/sec  47930  
[  5]  38.00-39.00  sec  51.1 MBytes   429 Mbits/sec  45520  
[  5]  39.00-40.00  sec  53.5 MBytes   449 Mbits/sec  47600  
[  5]  40.00-41.00  sec  49.2 MBytes   413 Mbits/sec  43790  
[  5]  41.00-42.00  sec  41.8 MBytes   351 Mbits/sec  37250  
[  5]  42.00-43.00  sec  52.1 MBytes   437 Mbits/sec  46360  
[  5]  43.00-44.00  sec  51.5 MBytes   432 Mbits/sec  45850  
[  5]  44.00-45.00  sec  52.3 MBytes   439 Mbits/sec  46580  
[  5]  45.00-46.00  sec  51.2 MBytes   429 Mbits/sec  45570  
[  5]  46.00-47.00  sec  52.7 MBytes   442 Mbits/sec  46880  
[  5]  47.00-48.00  sec  51.3 MBytes   430 Mbits/sec  45620  
[  5]  48.00-49.00  sec  50.5 MBytes   424 Mbits/sec  44960  
[  5]  49.00-50.00  sec  53.0 MBytes   444 Mbits/sec  47160  
[  5]  50.00-51.00  sec  53.6 MBytes   449 Mbits/sec  47690  
[  5]  51.00-52.00  sec  51.9 MBytes   435 Mbits/sec  46160  
[  5]  52.00-53.00  sec  51.0 MBytes   428 Mbits/sec  45430  
[  5]  53.00-54.00  sec  51.9 MBytes   435 Mbits/sec  46160  
[  5]  54.00-55.00  sec  52.6 MBytes   441 Mbits/sec  46840  
[  5]  55.00-56.00  sec  53.7 MBytes   450 Mbits/sec  47780  
[  5]  56.00-57.00  sec  51.6 MBytes   433 Mbits/sec  45940  
[  5]  57.00-58.00  sec  52.1 MBytes   437 Mbits/sec  46340  
[  5]  58.00-59.00  sec  51.4 MBytes   431 Mbits/sec  45740  
[  5]  59.00-60.00  sec  50.9 MBytes   427 Mbits/sec  45310  
- - - - - - - - - - - - - - - - - - - - - - - - -
[ ID] Interval           Transfer     Bitrate         Jitter    Lost/Total Datagrams
[  5]   0.00-60.00  sec  3.06 GBytes   438 Mbits/sec  0.000 ms  0/2789690 (0%)  sender
[  5]   0.00-60.24  sec  1.85 GBytes   265 Mbits/sec  0.006 ms  1122150/2789690 (40%)  receiver

iperf Done.
