Connecting to host 10.136.80.186, port 5201
[  5] local 10.136.173.73 port 59774 connected to 10.136.80.186 port 5201
[ ID] Interval           Transfer     Bitrate         Total Datagrams
[  5]   0.00-1.05   sec  11.5 KBytes  0.09 Mbits/sec  10  (omitted)
[  5]   0.00-1.00   sec  75.1 MBytes   630 Mbits/sec  66840  
[  5]   1.00-2.00   sec  74.1 MBytes   621 Mbits/sec  65940  
[  5]   2.00-3.00   sec  68.6 MBytes   576 Mbits/sec  61080  
[  5]   3.00-4.00   sec  74.1 MBytes   621 Mbits/sec  65920  
[  5]   4.00-5.00   sec  74.7 MBytes   627 Mbits/sec  66510  
[  5]   5.00-6.00   sec  74.5 MBytes   625 Mbits/sec  66320  
[  5]   6.00-7.00   sec  73.0 MBytes   612 Mbits/sec  64940  
[  5]   7.00-8.00   sec  75.1 MBytes   630 Mbits/sec  66850  
[  5]   8.00-9.00   sec  74.7 MBytes   627 Mbits/sec  66510  
[  5]   9.00-10.00  sec  73.9 MBytes   620 Mbits/sec  65770  
[  5]  10.00-11.00  sec  74.7 MBytes   626 Mbits/sec  66470  
[  5]  11.00-12.00  sec  72.5 MBytes   608 Mbits/sec  64530  
[  5]  12.00-13.00  sec  72.8 MBytes   610 Mbits/sec  64760  
[  5]  13.00-14.00  sec  74.8 MBytes   627 Mbits/sec  66570  
[  5]  14.00-15.00  sec  74.4 MBytes   624 Mbits/sec  66250  
[  5]  15.00-16.00  sec  74.8 MBytes   627 Mbits/sec  66570  
[  5]  16.00-17.00  sec  75.2 MBytes   631 Mbits/sec  66930  
[  5]  17.00-18.00  sec  75.6 MBytes   634 Mbits/sec  67280  
[  5]  18.00-19.00  sec  75.3 MBytes   632 Mbits/sec  67020  
[  5]  19.00-20.00  sec  75.1 MBytes   630 Mbits/sec  66870  
[  5]  20.00-21.00  sec  75.0 MBytes   629 Mbits/sec  66780  
[  5]  21.00-22.00  sec  74.9 MBytes   628 Mbits/sec  66660  
[  5]  22.00-23.00  sec  70.4 MBytes   591 Mbits/sec  62690  
[  5]  23.00-24.00  sec  65.2 MBytes   547 Mbits/sec  58040  
[  5]  24.00-25.00  sec  75.2 MBytes   631 Mbits/sec  66930  
[  5]  25.00-26.00  sec  74.7 MBytes   626 Mbits/sec  66470  
[  5]  26.00-27.00  sec  69.2 MBytes   580 Mbits/sec  61570  
[  5]  27.00-28.00  sec  70.3 MBytes   590 Mbits/sec  62600  
[  5]  28.00-29.00  sec  75.1 MBytes   630 Mbits/sec  66860  
[  5]  29.00-30.00  sec  75.0 MBytes   629 Mbits/sec  66800  
[  5]  30.00-31.00  sec  68.9 MBytes   578 Mbits/sec  61290  
[  5]  31.00-32.00  sec  71.8 MBytes   602 Mbits/sec  63900  
[  5]  32.00-33.00  sec  58.2 MBytes   488 Mbits/sec  51780  
[  5]  33.00-34.00  sec  73.7 MBytes   619 Mbits/sec  65640  
[  5]  34.00-35.00  sec  74.2 MBytes   623 Mbits/sec  66070  
[  5]  35.00-36.00  sec  74.1 MBytes   622 Mbits/sec  65970  
[  5]  36.00-37.00  sec  69.3 MBytes   582 Mbits/sec  61710  
[  5]  37.00-38.00  sec  75.1 MBytes   630 Mbits/sec  66860  
[  5]  38.00-39.00  sec  59.8 MBytes   502 Mbits/sec  53240  
[  5]  39.00-40.00  sec  73.0 MBytes   612 Mbits/sec  64950  
[  5]  40.00-41.00  sec  70.6 MBytes   592 Mbits/sec  62810  
[  5]  41.00-42.00  sec  75.6 MBytes   634 Mbits/sec  67250  
[  5]  42.00-43.00  sec  70.7 MBytes   593 Mbits/sec  62930  
[  5]  43.00-44.00  sec  75.7 MBytes   635 Mbits/sec  67390  
[  5]  44.00-45.00  sec  75.2 MBytes   631 Mbits/sec  66960  
[  5]  45.00-46.00  sec  75.4 MBytes   633 Mbits/sec  67150  
[  5]  46.00-47.00  sec  71.0 MBytes   595 Mbits/sec  63170  
[  5]  47.00-48.00  sec  73.9 MBytes   620 Mbits/sec  65740  
[  5]  48.00-49.00  sec  73.7 MBytes   618 Mbits/sec  65590  
[  5]  49.00-50.00  sec  73.2 MBytes   614 Mbits/sec  65120  
[  5]  50.00-51.00  sec  73.1 MBytes   614 Mbits/sec  65110  
[  5]  51.00-52.00  sec  71.2 MBytes   598 Mbits/sec  63420  
[  5]  52.00-53.00  sec  66.7 MBytes   559 Mbits/sec  59330  
[  5]  53.00-54.00  sec  73.5 MBytes   616 Mbits/sec  65390  
[  5]  54.00-55.00  sec  74.4 MBytes   624 Mbits/sec  66240  
[  5]  55.00-56.00  sec  71.3 MBytes   598 Mbits/sec  63500  
[  5]  56.00-57.00  sec  68.0 MBytes   570 Mbits/sec  60520  
[  5]  57.00-58.00  sec  76.9 MBytes   645 Mbits/sec  68410  
[  5]  58.00-59.00  sec  74.3 MBytes   623 Mbits/sec  66130  
[  5]  59.00-59.95  sec  71.6 MBytes   633 Mbits/sec  63750  
- - - - - - - - - - - - - - - - - - - - - - - - -
[ ID] Interval           Transfer     Bitrate         Jitter    Lost/Total Datagrams
[  5]   0.00-59.95  sec  4.26 GBytes   610 Mbits/sec  0.000 ms  0/3882650 (0%)  sender
[  5]   0.00-62.29  sec   231 MBytes  31.1 Mbits/sec  0.027 ms  3676979/3882551 (95%)  receiver

iperf Done.
