Connecting to host 10.136.80.137, port 5201
[  5] local 10.136.173.120 port 48896 connected to 10.136.80.137 port 5201
[ ID] Interval           Transfer     Bitrate         Total Datagrams
[  5]   0.00-1.00   sec  93.4 MBytes   784 Mbits/sec  70090  (omitted)
[  5]   0.00-1.00   sec  93.8 MBytes   787 Mbits/sec  70330  
[  5]   1.00-2.00   sec  93.1 MBytes   781 Mbits/sec  69800  
[  5]   2.00-3.00   sec  93.5 MBytes   785 Mbits/sec  70160  
[  5]   3.00-4.00   sec  93.2 MBytes   782 Mbits/sec  69920  
[  5]   4.00-5.00   sec  93.2 MBytes   782 Mbits/sec  69930  
[  5]   5.00-6.00   sec  97.0 MBytes   814 Mbits/sec  72760  
[  5]   6.00-7.00   sec  93.4 MBytes   784 Mbits/sec  70090  
[  5]   7.00-8.00   sec  92.3 MBytes   774 Mbits/sec  69230  
[  5]   8.00-9.00   sec  93.2 MBytes   782 Mbits/sec  69910  
[  5]   9.00-10.00  sec  93.5 MBytes   785 Mbits/sec  70160  
[  5]  10.00-11.00  sec  93.8 MBytes   787 Mbits/sec  70390  
[  5]  11.00-12.00  sec  94.1 MBytes   789 Mbits/sec  70590  
[  5]  12.00-13.00  sec  93.5 MBytes   785 Mbits/sec  70160  
[  5]  13.00-14.00  sec  94.0 MBytes   788 Mbits/sec  70500  
[  5]  14.00-15.00  sec  92.9 MBytes   779 Mbits/sec  69650  
[  5]  15.00-16.00  sec  95.7 MBytes   803 Mbits/sec  71810  
[  5]  16.00-17.00  sec  93.7 MBytes   786 Mbits/sec  70280  
[  5]  17.00-18.00  sec  85.2 MBytes   714 Mbits/sec  63870  
[  5]  18.00-19.00  sec  81.0 MBytes   680 Mbits/sec  60790  
[  5]  19.00-20.00  sec  80.4 MBytes   674 Mbits/sec  60290  
[  5]  20.00-21.00  sec  80.5 MBytes   675 Mbits/sec  60400  
[  5]  21.00-22.00  sec  92.7 MBytes   778 Mbits/sec  69560  
[  5]  22.00-23.00  sec  91.9 MBytes   771 Mbits/sec  68910  
[  5]  23.00-24.00  sec  81.3 MBytes   682 Mbits/sec  60980  
[  5]  24.00-25.00  sec  85.6 MBytes   718 Mbits/sec  64210  
[  5]  25.00-26.00  sec  93.9 MBytes   787 Mbits/sec  70400  
[  5]  26.00-27.00  sec  93.2 MBytes   782 Mbits/sec  69900  
[  5]  27.00-28.00  sec  92.4 MBytes   775 Mbits/sec  69290  
[  5]  28.00-29.00  sec  93.8 MBytes   787 Mbits/sec  70360  
[  5]  29.00-30.00  sec  94.1 MBytes   789 Mbits/sec  70570  
[  5]  30.00-31.00  sec  93.2 MBytes   782 Mbits/sec  69870  
[  5]  31.00-32.00  sec  93.7 MBytes   786 Mbits/sec  70290  
[  5]  32.00-33.00  sec  93.7 MBytes   786 Mbits/sec  70270  
[  5]  33.00-34.00  sec  94.6 MBytes   794 Mbits/sec  70990  
[  5]  34.00-35.00  sec  92.7 MBytes   777 Mbits/sec  69500  
[  5]  35.00-36.00  sec  94.1 MBytes   789 Mbits/sec  70580  
[  5]  36.00-37.00  sec  94.0 MBytes   789 Mbits/sec  70510  
[  5]  37.00-38.00  sec  93.2 MBytes   782 Mbits/sec  69900  
[  5]  38.00-39.00  sec  93.3 MBytes   783 Mbits/sec  70000  
[  5]  39.00-40.00  sec  93.6 MBytes   785 Mbits/sec  70210  
[  5]  40.00-41.00  sec  93.5 MBytes   785 Mbits/sec  70160  
[  5]  41.00-42.00  sec  89.5 MBytes   751 Mbits/sec  67120  
[  5]  42.00-43.00  sec  90.6 MBytes   760 Mbits/sec  67980  
[  5]  43.00-44.00  sec  93.7 MBytes   786 Mbits/sec  70300  
[  5]  44.00-45.00  sec  93.3 MBytes   783 Mbits/sec  69980  
[  5]  45.00-46.00  sec  95.2 MBytes   799 Mbits/sec  71430  
[  5]  46.00-47.00  sec  93.4 MBytes   784 Mbits/sec  70090  
[  5]  47.00-48.00  sec  93.0 MBytes   780 Mbits/sec  69760  
[  5]  48.00-49.00  sec  94.0 MBytes   789 Mbits/sec  70510  
[  5]  49.00-50.00  sec  95.2 MBytes   799 Mbits/sec  71440  
[  5]  50.00-51.00  sec  93.4 MBytes   783 Mbits/sec  70060  
[  5]  51.00-52.00  sec  93.8 MBytes   787 Mbits/sec  70330  
[  5]  52.00-53.00  sec  93.6 MBytes   785 Mbits/sec  70190  
[  5]  53.00-54.00  sec  94.0 MBytes   789 Mbits/sec  70510  
[  5]  54.00-55.00  sec  93.8 MBytes   787 Mbits/sec  70340  
[  5]  55.00-56.00  sec  94.0 MBytes   788 Mbits/sec  70470  
[  5]  56.00-57.00  sec  94.1 MBytes   790 Mbits/sec  70600  
[  5]  57.00-58.00  sec  93.8 MBytes   787 Mbits/sec  70360  
[  5]  58.00-59.00  sec  94.2 MBytes   790 Mbits/sec  70650  
[  5]  59.00-60.00  sec  94.2 MBytes   790 Mbits/sec  70660  
- - - - - - - - - - - - - - - - - - - - - - - - -
[ ID] Interval           Transfer     Bitrate         Jitter    Lost/Total Datagrams
[  5]   0.00-60.00  sec  5.42 GBytes   775 Mbits/sec  0.000 ms  0/4160260 (0%)  sender
[  5]   0.00-60.04  sec  5.42 GBytes   775 Mbits/sec  0.009 ms  1283/4160260 (0.031%)  receiver

iperf Done.
