Connecting to host knb-server-391873, port 5201
[  5] local 10.136.173.84 port 34370 connected to 10.43.238.170 port 5201
[ ID] Interval           Transfer     Bitrate         Total Datagrams
[  5]   0.00-1.00   sec  59.6 MBytes   500 Mbits/sec  53030  (omitted)
[  5]   0.00-1.00   sec  80.1 MBytes   672 Mbits/sec  71310  
[  5]   1.00-2.00   sec  78.8 MBytes   661 Mbits/sec  70150  
[  5]   2.00-3.00   sec  79.2 MBytes   664 Mbits/sec  70460  
[  5]   3.00-4.00   sec  80.3 MBytes   674 Mbits/sec  71480  
[  5]   4.00-5.00   sec  80.0 MBytes   671 Mbits/sec  71220  
[  5]   5.00-6.00   sec  79.6 MBytes   668 Mbits/sec  70860  
[  5]   6.00-7.00   sec  79.9 MBytes   670 Mbits/sec  71110  
[  5]   7.00-8.00   sec  79.8 MBytes   670 Mbits/sec  71050  
[  5]   8.00-9.00   sec  80.4 MBytes   674 Mbits/sec  71550  
[  5]   9.00-10.00  sec  79.9 MBytes   670 Mbits/sec  71140  
[  5]  10.00-11.00  sec  80.7 MBytes   677 Mbits/sec  71820  
[  5]  11.00-12.00  sec  80.0 MBytes   671 Mbits/sec  71170  
[  5]  12.00-13.00  sec  80.4 MBytes   675 Mbits/sec  71590  
[  5]  13.00-14.00  sec  80.7 MBytes   677 Mbits/sec  71800  
[  5]  14.00-15.00  sec  80.1 MBytes   672 Mbits/sec  71280  
[  5]  15.00-16.00  sec  80.6 MBytes   676 Mbits/sec  71720  
[  5]  16.00-17.00  sec  81.2 MBytes   681 Mbits/sec  72310  
[  5]  17.00-18.00  sec  79.9 MBytes   670 Mbits/sec  71080  
[  5]  18.00-19.00  sec  80.2 MBytes   673 Mbits/sec  71380  
[  5]  19.00-20.00  sec  79.1 MBytes   663 Mbits/sec  70390  
[  5]  20.00-21.00  sec  80.7 MBytes   677 Mbits/sec  71800  
[  5]  21.00-22.00  sec  79.9 MBytes   671 Mbits/sec  71150  
[  5]  22.00-23.00  sec  80.8 MBytes   678 Mbits/sec  71960  
[  5]  23.00-24.00  sec  80.8 MBytes   678 Mbits/sec  71950  
[  5]  24.00-25.00  sec  80.1 MBytes   672 Mbits/sec  71310  
[  5]  25.00-26.00  sec  79.7 MBytes   669 Mbits/sec  70970  
[  5]  26.00-27.00  sec  81.8 MBytes   686 Mbits/sec  72780  
[  5]  27.00-28.00  sec  79.1 MBytes   663 Mbits/sec  70400  
[  5]  28.00-29.00  sec  78.9 MBytes   662 Mbits/sec  70270  
[  5]  29.00-30.00  sec  78.9 MBytes   662 Mbits/sec  70260  
[  5]  30.00-31.00  sec  79.3 MBytes   666 Mbits/sec  70630  
[  5]  31.00-32.00  sec  78.4 MBytes   658 Mbits/sec  69780  
[  5]  32.00-33.00  sec  81.5 MBytes   683 Mbits/sec  72520  
[  5]  33.00-34.00  sec  80.5 MBytes   675 Mbits/sec  71630  
[  5]  34.00-35.00  sec  80.7 MBytes   677 Mbits/sec  71840  
[  5]  35.00-36.00  sec  80.7 MBytes   677 Mbits/sec  71790  
[  5]  36.00-37.00  sec  80.7 MBytes   677 Mbits/sec  71870  
[  5]  37.00-38.00  sec  79.6 MBytes   668 Mbits/sec  70860  
[  5]  38.00-39.00  sec  80.8 MBytes   678 Mbits/sec  71920  
[  5]  39.00-40.00  sec  79.4 MBytes   666 Mbits/sec  70720  
[  5]  40.00-41.00  sec  80.0 MBytes   671 Mbits/sec  71190  
[  5]  41.00-42.00  sec  78.9 MBytes   662 Mbits/sec  70250  
[  5]  42.00-43.00  sec  80.4 MBytes   675 Mbits/sec  71610  
[  5]  43.00-44.00  sec  80.8 MBytes   678 Mbits/sec  71940  
[  5]  44.00-45.00  sec  80.6 MBytes   676 Mbits/sec  71760  
[  5]  45.00-46.00  sec  79.5 MBytes   667 Mbits/sec  70800  
[  5]  46.00-47.00  sec  81.1 MBytes   681 Mbits/sec  72220  
[  5]  47.00-48.00  sec  79.9 MBytes   671 Mbits/sec  71150  
[  5]  48.00-49.00  sec  80.7 MBytes   677 Mbits/sec  71840  
[  5]  49.00-50.00  sec  80.4 MBytes   674 Mbits/sec  71550  
[  5]  50.00-51.00  sec  80.9 MBytes   679 Mbits/sec  72000  
[  5]  51.00-52.00  sec  81.2 MBytes   681 Mbits/sec  72240  
[  5]  52.00-53.00  sec  81.3 MBytes   682 Mbits/sec  72410  
[  5]  53.00-54.00  sec  81.4 MBytes   683 Mbits/sec  72500  
[  5]  54.00-55.00  sec  80.8 MBytes   678 Mbits/sec  71940  
[  5]  55.00-56.00  sec  80.2 MBytes   673 Mbits/sec  71420  
[  5]  56.00-57.00  sec  80.8 MBytes   678 Mbits/sec  71910  
[  5]  57.00-58.00  sec  80.3 MBytes   674 Mbits/sec  71510  
[  5]  58.00-59.00  sec  80.4 MBytes   674 Mbits/sec  71570  
[  5]  59.00-60.00  sec  80.6 MBytes   676 Mbits/sec  71740  
- - - - - - - - - - - - - - - - - - - - - - - - -
[ ID] Interval           Transfer     Bitrate         Jitter    Lost/Total Datagrams
[  5]   0.00-60.00  sec  4.70 GBytes   673 Mbits/sec  0.000 ms  0/4284830 (0%)  sender
[  5]   0.00-60.94  sec   271 MBytes  37.2 Mbits/sec  0.016 ms  4079480/4269270 (96%)  receiver

iperf Done.
