Connecting to host 10.136.80.128, port 5201
[  5] local 10.136.173.68 port 50031 connected to 10.136.80.128 port 5201
[ ID] Interval           Transfer     Bitrate         Total Datagrams
[  5]   0.00-1.00   sec  19.5 MBytes   164 Mbits/sec  17360  (omitted)
[  5]   0.00-1.00   sec  76.8 MBytes   644 Mbits/sec  68330  
[  5]   1.00-2.00   sec  77.0 MBytes   646 Mbits/sec  68550  
[  5]   2.00-3.00   sec  76.4 MBytes   641 Mbits/sec  67990  
[  5]   3.00-4.00   sec  76.5 MBytes   642 Mbits/sec  68090  
[  5]   4.00-5.00   sec  75.6 MBytes   634 Mbits/sec  67320  
[  5]   5.00-6.00   sec  76.1 MBytes   638 Mbits/sec  67720  
[  5]   6.00-7.00   sec  76.8 MBytes   645 Mbits/sec  68400  
[  5]   7.00-8.00   sec  68.6 MBytes   575 Mbits/sec  61070  
[  5]   8.00-9.00   sec  68.7 MBytes   576 Mbits/sec  61160  
[  5]   9.00-10.00  sec  74.4 MBytes   624 Mbits/sec  66240  
[  5]  10.00-11.00  sec  78.2 MBytes   656 Mbits/sec  69600  
[  5]  11.00-12.00  sec  76.9 MBytes   645 Mbits/sec  68430  
[  5]  12.00-13.00  sec  76.7 MBytes   643 Mbits/sec  68280  
[  5]  13.00-14.00  sec  76.9 MBytes   645 Mbits/sec  68460  
[  5]  14.00-15.00  sec  74.0 MBytes   621 Mbits/sec  65870  
[  5]  15.00-16.00  sec  73.8 MBytes   619 Mbits/sec  65650  
[  5]  16.00-17.00  sec  77.3 MBytes   648 Mbits/sec  68800  
[  5]  17.00-18.00  sec  75.6 MBytes   634 Mbits/sec  67280  
[  5]  18.00-19.00  sec  76.9 MBytes   645 Mbits/sec  68450  
[  5]  19.00-20.00  sec  76.8 MBytes   644 Mbits/sec  68330  
[  5]  20.00-21.00  sec  76.4 MBytes   641 Mbits/sec  68030  
[  5]  21.00-22.00  sec  76.8 MBytes   644 Mbits/sec  68350  
[  5]  22.00-23.00  sec  76.8 MBytes   644 Mbits/sec  68340  
[  5]  23.00-24.00  sec  76.8 MBytes   644 Mbits/sec  68320  
[  5]  24.00-25.00  sec  74.0 MBytes   621 Mbits/sec  65900  
[  5]  25.00-26.00  sec  75.9 MBytes   637 Mbits/sec  67570  
[  5]  26.00-27.00  sec  70.8 MBytes   594 Mbits/sec  63040  
[  5]  27.00-28.00  sec  76.6 MBytes   643 Mbits/sec  68210  
[  5]  28.00-29.00  sec  74.9 MBytes   628 Mbits/sec  66660  
[  5]  29.00-30.00  sec  76.6 MBytes   642 Mbits/sec  68170  
[  5]  30.00-31.00  sec  76.0 MBytes   638 Mbits/sec  67670  
[  5]  31.00-32.00  sec  76.7 MBytes   643 Mbits/sec  68260  
[  5]  32.00-33.00  sec  73.3 MBytes   615 Mbits/sec  65260  
[  5]  33.00-34.00  sec  69.0 MBytes   579 Mbits/sec  61430  
[  5]  34.00-35.00  sec  75.4 MBytes   632 Mbits/sec  67100  
[  5]  35.00-36.00  sec  73.3 MBytes   615 Mbits/sec  65260  
[  5]  36.00-37.00  sec  76.5 MBytes   642 Mbits/sec  68100  
[  5]  37.00-38.00  sec  75.7 MBytes   635 Mbits/sec  67340  
[  5]  38.00-39.00  sec  70.2 MBytes   589 Mbits/sec  62450  
[  5]  39.00-40.00  sec  67.4 MBytes   565 Mbits/sec  59980  
[  5]  40.00-41.00  sec  75.3 MBytes   632 Mbits/sec  67050  
[  5]  41.00-42.00  sec  76.7 MBytes   643 Mbits/sec  68260  
[  5]  42.00-43.00  sec  77.1 MBytes   647 Mbits/sec  68620  
[  5]  43.00-44.00  sec  74.0 MBytes   621 Mbits/sec  65850  
[  5]  44.00-45.00  sec  73.1 MBytes   613 Mbits/sec  65070  
[  5]  45.00-46.00  sec  72.6 MBytes   609 Mbits/sec  64640  
[  5]  46.00-47.00  sec  49.3 MBytes   413 Mbits/sec  43860  
[  5]  47.00-48.00  sec  67.2 MBytes   563 Mbits/sec  59780  
[  5]  48.00-49.00  sec  73.4 MBytes   616 Mbits/sec  65370  
[  5]  49.00-50.00  sec  72.0 MBytes   604 Mbits/sec  64060  
[  5]  50.00-51.00  sec  73.9 MBytes   620 Mbits/sec  65790  
[  5]  51.00-52.00  sec  76.3 MBytes   640 Mbits/sec  67900  
[  5]  52.00-53.00  sec  76.3 MBytes   640 Mbits/sec  67900  
[  5]  53.00-54.00  sec  76.0 MBytes   637 Mbits/sec  67630  
[  5]  54.00-55.00  sec  74.1 MBytes   622 Mbits/sec  65960  
[  5]  55.00-56.00  sec  75.4 MBytes   632 Mbits/sec  67080  
[  5]  56.00-57.00  sec  74.3 MBytes   623 Mbits/sec  66120  
[  5]  57.00-58.00  sec  65.8 MBytes   552 Mbits/sec  58530  
[  5]  58.00-59.00  sec  76.7 MBytes   644 Mbits/sec  68310  
[  5]  59.00-60.00  sec  75.3 MBytes   632 Mbits/sec  67030  
- - - - - - - - - - - - - - - - - - - - - - - - -
[ ID] Interval           Transfer     Bitrate         Jitter    Lost/Total Datagrams
[  5]   0.00-60.00  sec  4.35 GBytes   623 Mbits/sec  0.000 ms  0/3964270 (0%)  sender
[  5]   0.00-61.08  sec   315 MBytes  43.2 Mbits/sec  0.825 ms  3701577/3964270 (93%)  receiver

iperf Done.
