Connecting to host 10.136.80.167, port 5201
[  5] local 10.136.173.71 port 56639 connected to 10.136.80.167 port 5201
[ ID] Interval           Transfer     Bitrate         Total Datagrams
[  5]   0.00-1.00   sec  51.3 MBytes   431 Mbits/sec  45690  (omitted)
[  5]   0.00-1.00   sec  51.8 MBytes   435 Mbits/sec  46130  
[  5]   1.00-2.00   sec  50.8 MBytes   426 Mbits/sec  45250  
[  5]   2.00-3.00   sec  50.5 MBytes   424 Mbits/sec  44980  
[  5]   3.00-4.00   sec  53.1 MBytes   445 Mbits/sec  47230  
[  5]   4.00-5.00   sec  53.1 MBytes   445 Mbits/sec  47270  
[  5]   5.00-6.00   sec  52.8 MBytes   443 Mbits/sec  47020  
[  5]   6.00-7.00   sec  52.8 MBytes   443 Mbits/sec  46970  
[  5]   7.00-8.00   sec  56.6 MBytes   475 Mbits/sec  50350  
[  5]   8.00-9.00   sec  49.9 MBytes   419 Mbits/sec  44460  
[  5]   9.00-10.00  sec  52.0 MBytes   436 Mbits/sec  46260  
[  5]  10.00-11.00  sec  52.1 MBytes   437 Mbits/sec  46350  
[  5]  11.00-12.00  sec  51.0 MBytes   428 Mbits/sec  45370  
[  5]  12.00-13.00  sec  53.6 MBytes   450 Mbits/sec  47720  
[  5]  13.00-14.00  sec  46.3 MBytes   388 Mbits/sec  41180  
[  5]  14.00-15.00  sec  44.9 MBytes   377 Mbits/sec  39960  
[  5]  15.00-16.00  sec  49.5 MBytes   415 Mbits/sec  44080  
[  5]  16.00-17.00  sec  52.3 MBytes   439 Mbits/sec  46550  
[  5]  17.00-18.00  sec  49.3 MBytes   414 Mbits/sec  43880  
[  5]  18.00-19.00  sec  50.9 MBytes   427 Mbits/sec  45320  
[  5]  19.00-20.00  sec  52.1 MBytes   437 Mbits/sec  46370  
[  5]  20.00-21.00  sec  53.9 MBytes   452 Mbits/sec  47980  
[  5]  21.00-22.00  sec  55.6 MBytes   466 Mbits/sec  49490  
[  5]  22.00-23.00  sec  55.5 MBytes   466 Mbits/sec  49410  
[  5]  23.00-24.00  sec  56.3 MBytes   472 Mbits/sec  50110  
[  5]  24.00-25.00  sec  49.5 MBytes   415 Mbits/sec  44040  
[  5]  25.00-26.00  sec  48.8 MBytes   410 Mbits/sec  43460  
[  5]  26.00-27.00  sec  46.7 MBytes   391 Mbits/sec  41530  
[  5]  27.00-28.00  sec  53.8 MBytes   451 Mbits/sec  47850  
[  5]  28.00-29.00  sec  55.9 MBytes   469 Mbits/sec  49790  
[  5]  29.00-30.00  sec  52.5 MBytes   440 Mbits/sec  46700  
[  5]  30.00-31.00  sec  57.2 MBytes   480 Mbits/sec  50950  
[  5]  31.00-32.00  sec  54.3 MBytes   455 Mbits/sec  48290  
[  5]  32.00-33.00  sec  50.9 MBytes   427 Mbits/sec  45270  
[  5]  33.00-34.00  sec  43.8 MBytes   368 Mbits/sec  39020  
[  5]  34.00-35.00  sec  50.9 MBytes   427 Mbits/sec  45330  
[  5]  35.00-36.00  sec  52.2 MBytes   438 Mbits/sec  46500  
[  5]  36.00-37.00  sec  55.9 MBytes   469 Mbits/sec  49770  
[  5]  37.00-38.00  sec  58.5 MBytes   491 Mbits/sec  52100  
[  5]  38.00-39.00  sec  51.1 MBytes   429 Mbits/sec  45490  
[  5]  39.00-40.00  sec  52.4 MBytes   440 Mbits/sec  46630  
[  5]  40.00-41.00  sec  54.5 MBytes   457 Mbits/sec  48520  
[  5]  41.00-42.00  sec  54.1 MBytes   454 Mbits/sec  48160  
[  5]  42.00-43.00  sec  50.6 MBytes   424 Mbits/sec  45040  
[  5]  43.00-44.00  sec  56.7 MBytes   476 Mbits/sec  50510  
[  5]  44.00-45.00  sec  50.8 MBytes   426 Mbits/sec  45230  
[  5]  45.00-46.00  sec  53.7 MBytes   451 Mbits/sec  47830  
[  5]  46.00-47.00  sec  48.5 MBytes   407 Mbits/sec  43200  
[  5]  47.00-48.00  sec  53.8 MBytes   451 Mbits/sec  47880  
[  5]  48.00-49.00  sec  54.8 MBytes   460 Mbits/sec  48820  
[  5]  49.00-50.00  sec  47.6 MBytes   400 Mbits/sec  42410  
[  5]  50.00-51.00  sec  46.9 MBytes   393 Mbits/sec  41740  
[  5]  51.00-52.00  sec  54.2 MBytes   455 Mbits/sec  48260  
[  5]  52.00-53.00  sec  52.5 MBytes   440 Mbits/sec  46720  
[  5]  53.00-54.00  sec  51.7 MBytes   434 Mbits/sec  45990  
[  5]  54.00-55.00  sec  53.8 MBytes   451 Mbits/sec  47880  
[  5]  55.00-56.00  sec  49.6 MBytes   416 Mbits/sec  44190  
[  5]  56.00-57.00  sec  57.2 MBytes   480 Mbits/sec  50920  
[  5]  57.00-58.00  sec  50.5 MBytes   423 Mbits/sec  44910  
[  5]  58.00-59.00  sec  49.6 MBytes   416 Mbits/sec  44140  
[  5]  59.00-60.00  sec  52.3 MBytes   438 Mbits/sec  46510  
- - - - - - - - - - - - - - - - - - - - - - - - -
[ ID] Interval           Transfer     Bitrate         Jitter    Lost/Total Datagrams
[  5]   0.00-60.00  sec  3.05 GBytes   437 Mbits/sec  0.000 ms  0/2781270 (0%)  sender
[  5]   0.00-60.36  sec  1.32 GBytes   187 Mbits/sec  0.014 ms  1608595/2781270 (58%)  receiver

iperf Done.
