Connecting to host 10.136.80.166, port 5201
[  5] local 10.136.173.103 port 48422 connected to 10.136.80.166 port 5201
[ ID] Interval           Transfer     Bitrate         Retr  Cwnd
[  5]   0.00-1.00   sec  78.0 MBytes   655 Mbits/sec   38    248 KBytes       (omitted)
[  5]   0.00-1.00   sec  87.6 MBytes   735 Mbits/sec   24    223 KBytes       
[  5]   1.00-2.00   sec  87.4 MBytes   733 Mbits/sec   36    298 KBytes       
[  5]   2.00-3.00   sec  84.4 MBytes   708 Mbits/sec   21    224 KBytes       
[  5]   3.00-4.00   sec  85.9 MBytes   720 Mbits/sec   13    215 KBytes       
[  5]   4.00-5.00   sec  86.8 MBytes   728 Mbits/sec  104    213 KBytes       
[  5]   5.00-6.00   sec  83.5 MBytes   701 Mbits/sec   21    212 KBytes       
[  5]   6.00-7.00   sec  85.3 MBytes   716 Mbits/sec    8    280 KBytes       
[  5]   7.00-8.00   sec  83.5 MBytes   701 Mbits/sec   20    242 KBytes       
[  5]   8.00-9.00   sec  87.1 MBytes   730 Mbits/sec   14    289 KBytes       
[  5]   9.00-10.00  sec  87.8 MBytes   737 Mbits/sec   42    347 KBytes       
[  5]  10.00-11.00  sec  84.3 MBytes   707 Mbits/sec   41    232 KBytes       
[  5]  11.00-12.00  sec  88.1 MBytes   739 Mbits/sec    6    324 KBytes       
[  5]  12.00-13.00  sec  86.4 MBytes   725 Mbits/sec   18    212 KBytes       
[  5]  13.00-14.00  sec  82.4 MBytes   691 Mbits/sec   14    208 KBytes       
[  5]  14.00-15.00  sec  86.4 MBytes   725 Mbits/sec   13    206 KBytes       
[  5]  15.00-16.00  sec  84.4 MBytes   708 Mbits/sec   15    229 KBytes       
[  5]  16.00-17.00  sec  85.4 MBytes   716 Mbits/sec   47    240 KBytes       
[  5]  17.00-18.00  sec  88.2 MBytes   740 Mbits/sec   24    299 KBytes       
[  5]  18.00-19.00  sec  83.9 MBytes   704 Mbits/sec   12    343 KBytes       
[  5]  19.00-20.00  sec  87.7 MBytes   735 Mbits/sec   14    308 KBytes       
[  5]  20.00-21.00  sec  86.5 MBytes   726 Mbits/sec   19    235 KBytes       
[  5]  21.00-22.00  sec  86.4 MBytes   725 Mbits/sec    6    337 KBytes       
[  5]  22.00-23.00  sec  81.6 MBytes   685 Mbits/sec   15    162 KBytes       
[  5]  23.00-24.00  sec  80.7 MBytes   677 Mbits/sec   13    260 KBytes       
[  5]  24.00-25.00  sec  83.7 MBytes   702 Mbits/sec   19    305 KBytes       
[  5]  25.00-26.00  sec  84.5 MBytes   709 Mbits/sec   33    313 KBytes       
[  5]  26.00-27.00  sec  74.2 MBytes   622 Mbits/sec   14   93.2 KBytes       
[  5]  27.00-28.00  sec  83.3 MBytes   699 Mbits/sec  109    255 KBytes       
[  5]  28.00-29.00  sec  87.5 MBytes   734 Mbits/sec    0    418 KBytes       
[  5]  29.00-30.00  sec  87.5 MBytes   734 Mbits/sec   26    293 KBytes       
[  5]  30.00-31.00  sec  86.2 MBytes   724 Mbits/sec   15    275 KBytes       
[  5]  31.00-32.00  sec  88.8 MBytes   744 Mbits/sec    0    430 KBytes       
[  5]  32.00-33.00  sec  86.2 MBytes   724 Mbits/sec   26    318 KBytes       
[  5]  33.00-34.00  sec  83.8 MBytes   703 Mbits/sec   28    147 KBytes       
[  5]  34.00-35.00  sec  82.5 MBytes   692 Mbits/sec   12    181 KBytes       
[  5]  35.00-36.00  sec  81.2 MBytes   682 Mbits/sec   18    175 KBytes       
[  5]  36.00-37.00  sec  85.0 MBytes   713 Mbits/sec    0    365 KBytes       
[  5]  37.00-38.00  sec  86.2 MBytes   724 Mbits/sec   11    344 KBytes       
[  5]  38.00-39.00  sec  82.5 MBytes   692 Mbits/sec   20    286 KBytes       
[  5]  39.00-40.00  sec  86.2 MBytes   724 Mbits/sec    7    343 KBytes       
[  5]  40.00-41.00  sec  82.5 MBytes   692 Mbits/sec   38    138 KBytes       
[  5]  41.00-42.00  sec  81.2 MBytes   682 Mbits/sec    6    255 KBytes       
[  5]  42.00-43.00  sec  81.2 MBytes   681 Mbits/sec   14    282 KBytes       
[  5]  43.00-44.00  sec  85.0 MBytes   713 Mbits/sec   36    250 KBytes       
[  5]  44.00-45.00  sec  86.2 MBytes   724 Mbits/sec   18    191 KBytes       
[  5]  45.00-46.00  sec  86.2 MBytes   723 Mbits/sec   21    177 KBytes       
[  5]  46.00-47.00  sec  82.5 MBytes   692 Mbits/sec    6    276 KBytes       
[  5]  47.00-48.00  sec  66.2 MBytes   556 Mbits/sec   18    358 KBytes       
[  5]  48.00-49.00  sec  81.2 MBytes   682 Mbits/sec   29    192 KBytes       
[  5]  49.00-50.00  sec  88.8 MBytes   744 Mbits/sec    6    347 KBytes       
[  5]  50.00-51.00  sec  86.2 MBytes   724 Mbits/sec   30    221 KBytes       
[  5]  51.00-52.00  sec  87.5 MBytes   734 Mbits/sec   14    217 KBytes       
[  5]  52.00-53.00  sec  85.0 MBytes   713 Mbits/sec   14    206 KBytes       
[  5]  53.00-54.00  sec  83.8 MBytes   703 Mbits/sec    7    288 KBytes       
[  5]  54.00-55.00  sec  85.0 MBytes   713 Mbits/sec    7    352 KBytes       
[  5]  55.00-56.00  sec  86.2 MBytes   724 Mbits/sec   21    225 KBytes       
[  5]  56.00-57.00  sec  87.5 MBytes   734 Mbits/sec    6    285 KBytes       
[  5]  57.00-58.00  sec  85.0 MBytes   713 Mbits/sec   12    330 KBytes       
[  5]  58.00-59.00  sec  81.2 MBytes   682 Mbits/sec   17    205 KBytes       
[  5]  59.00-60.00  sec  85.0 MBytes   713 Mbits/sec    7    274 KBytes       
- - - - - - - - - - - - - - - - - - - - - - - - -
[ ID] Interval           Transfer     Bitrate         Retr
[  5]   0.00-60.00  sec  4.96 GBytes   710 Mbits/sec  1225             sender
[  5]   0.00-60.04  sec  4.96 GBytes   709 Mbits/sec                  receiver

iperf Done.
