Connecting to host 10.136.80.161, port 5201
[  5] local 10.136.173.93 port 37036 connected to 10.136.80.161 port 5201
[ ID] Interval           Transfer     Bitrate         Total Datagrams
[  5]   0.00-1.00   sec  52.7 MBytes   442 Mbits/sec  46890  (omitted)
[  5]   0.00-1.00   sec  54.5 MBytes   457 Mbits/sec  48510  
[  5]   1.00-2.00   sec  53.0 MBytes   444 Mbits/sec  47160  
[  5]   2.00-3.00   sec  53.7 MBytes   451 Mbits/sec  47820  
[  5]   3.00-4.00   sec  51.6 MBytes   433 Mbits/sec  45910  
[  5]   4.00-5.00   sec  53.8 MBytes   451 Mbits/sec  47870  
[  5]   5.00-6.00   sec  55.7 MBytes   467 Mbits/sec  49610  
[  5]   6.00-7.00   sec  53.8 MBytes   451 Mbits/sec  47860  
[  5]   7.00-8.00   sec  54.4 MBytes   456 Mbits/sec  48400  
[  5]   8.00-9.00   sec  52.8 MBytes   443 Mbits/sec  46970  
[  5]   9.00-10.00  sec  52.0 MBytes   437 Mbits/sec  46320  
[  5]  10.00-11.00  sec  53.8 MBytes   451 Mbits/sec  47850  
[  5]  11.00-12.00  sec  51.8 MBytes   435 Mbits/sec  46120  
[  5]  12.00-13.00  sec  52.8 MBytes   443 Mbits/sec  47020  
[  5]  13.00-14.00  sec  53.5 MBytes   449 Mbits/sec  47610  
[  5]  14.00-15.00  sec  55.1 MBytes   462 Mbits/sec  49060  
[  5]  15.00-16.00  sec  55.3 MBytes   464 Mbits/sec  49250  
[  5]  16.00-17.00  sec  52.5 MBytes   440 Mbits/sec  46730  
[  5]  17.00-18.00  sec  51.0 MBytes   428 Mbits/sec  45420  
[  5]  18.00-19.00  sec  54.9 MBytes   461 Mbits/sec  48900  
[  5]  19.00-20.00  sec  54.0 MBytes   453 Mbits/sec  48040  
[  5]  20.00-21.00  sec  52.2 MBytes   438 Mbits/sec  46480  
[  5]  21.00-22.00  sec  53.5 MBytes   449 Mbits/sec  47630  
[  5]  22.00-23.00  sec  51.6 MBytes   433 Mbits/sec  45960  
[  5]  23.00-24.00  sec  53.9 MBytes   452 Mbits/sec  47990  
[  5]  24.00-25.00  sec  51.6 MBytes   433 Mbits/sec  45940  
[  5]  25.00-26.00  sec  55.3 MBytes   464 Mbits/sec  49250  
[  5]  26.00-27.00  sec  51.9 MBytes   436 Mbits/sec  46220  
[  5]  27.00-28.00  sec  50.6 MBytes   424 Mbits/sec  45010  
[  5]  28.00-29.00  sec  55.4 MBytes   464 Mbits/sec  49280  
[  5]  29.00-30.00  sec  54.7 MBytes   459 Mbits/sec  48670  
[  5]  30.00-31.00  sec  53.4 MBytes   448 Mbits/sec  47520  
[  5]  31.00-32.00  sec  52.7 MBytes   442 Mbits/sec  46910  
[  5]  32.00-33.00  sec  51.8 MBytes   435 Mbits/sec  46140  
[  5]  33.00-34.00  sec  46.1 MBytes   387 Mbits/sec  41050  
[  5]  34.00-35.00  sec  52.4 MBytes   440 Mbits/sec  46680  
[  5]  35.00-36.00  sec  52.4 MBytes   439 Mbits/sec  46600  
[  5]  36.00-37.00  sec  54.5 MBytes   457 Mbits/sec  48500  
[  5]  37.00-38.00  sec  53.1 MBytes   445 Mbits/sec  47260  
[  5]  38.00-39.00  sec  55.4 MBytes   465 Mbits/sec  49300  
[  5]  39.00-40.00  sec  52.8 MBytes   443 Mbits/sec  46990  
[  5]  40.00-41.00  sec  54.8 MBytes   459 Mbits/sec  48740  
[  5]  41.00-42.00  sec  52.5 MBytes   440 Mbits/sec  46710  
[  5]  42.00-43.00  sec  53.0 MBytes   444 Mbits/sec  47150  
[  5]  43.00-44.00  sec  53.9 MBytes   452 Mbits/sec  47940  
[  5]  44.00-45.00  sec  58.5 MBytes   490 Mbits/sec  52050  
[  5]  45.00-46.00  sec  53.7 MBytes   451 Mbits/sec  47840  
[  5]  46.00-47.00  sec  53.5 MBytes   448 Mbits/sec  47580  
[  5]  47.00-48.00  sec  51.3 MBytes   430 Mbits/sec  45620  
[  5]  48.00-49.00  sec  54.1 MBytes   453 Mbits/sec  48120  
[  5]  49.00-50.00  sec  51.2 MBytes   430 Mbits/sec  45590  
[  5]  50.00-51.00  sec  51.9 MBytes   436 Mbits/sec  46230  
[  5]  51.00-52.00  sec  51.4 MBytes   431 Mbits/sec  45740  
[  5]  52.00-53.00  sec  49.6 MBytes   416 Mbits/sec  44140  
[  5]  53.00-54.00  sec  52.7 MBytes   442 Mbits/sec  46930  
[  5]  54.00-55.00  sec  53.6 MBytes   450 Mbits/sec  47710  
[  5]  55.00-56.00  sec  54.1 MBytes   454 Mbits/sec  48160  
[  5]  56.00-57.00  sec  55.1 MBytes   462 Mbits/sec  49070  
[  5]  57.00-58.00  sec  52.7 MBytes   442 Mbits/sec  46880  
[  5]  58.00-59.00  sec  51.8 MBytes   434 Mbits/sec  46100  
[  5]  59.00-60.00  sec  51.0 MBytes   428 Mbits/sec  45360  
- - - - - - - - - - - - - - - - - - - - - - - - -
[ ID] Interval           Transfer     Bitrate         Jitter    Lost/Total Datagrams
[  5]   0.00-60.00  sec  3.11 GBytes   445 Mbits/sec  0.000 ms  0/2835470 (0%)  sender
[  5]   0.00-60.22  sec  1.89 GBytes   270 Mbits/sec  0.009 ms  1131394/2835470 (40%)  receiver

iperf Done.
