Connecting to host 10.136.80.162, port 5201
[  5] local 10.136.173.83 port 32857 connected to 10.136.80.162 port 5201
[ ID] Interval           Transfer     Bitrate         Total Datagrams
[  5]   0.00-1.00   sec  57.9 MBytes   486 Mbits/sec  51550  (omitted)
[  5]   0.00-1.00   sec  67.7 MBytes   567 Mbits/sec  60220  
[  5]   1.00-2.00   sec  75.2 MBytes   631 Mbits/sec  66950  
[  5]   2.00-3.00   sec  73.9 MBytes   620 Mbits/sec  65800  
[  5]   3.00-4.00   sec  74.6 MBytes   626 Mbits/sec  66410  
[  5]   4.00-5.00   sec  74.9 MBytes   628 Mbits/sec  66650  
[  5]   5.00-6.00   sec  74.2 MBytes   622 Mbits/sec  66030  
[  5]   6.00-7.00   sec  72.1 MBytes   605 Mbits/sec  64190  
[  5]   7.00-8.00   sec  74.3 MBytes   623 Mbits/sec  66130  
[  5]   8.00-9.00   sec  75.5 MBytes   633 Mbits/sec  67200  
[  5]   9.00-10.00  sec  74.3 MBytes   623 Mbits/sec  66120  
[  5]  10.00-11.00  sec  74.5 MBytes   625 Mbits/sec  66340  
[  5]  11.00-12.00  sec  72.1 MBytes   605 Mbits/sec  64200  
[  5]  12.00-13.00  sec  73.9 MBytes   620 Mbits/sec  65760  
[  5]  13.00-14.00  sec  73.9 MBytes   620 Mbits/sec  65770  
[  5]  14.00-15.00  sec  74.4 MBytes   624 Mbits/sec  66250  
[  5]  15.00-16.00  sec  75.0 MBytes   629 Mbits/sec  66770  
[  5]  16.00-17.00  sec  64.5 MBytes   541 Mbits/sec  57450  
[  5]  17.00-18.00  sec  54.2 MBytes   455 Mbits/sec  48230  
[  5]  18.00-19.00  sec  53.8 MBytes   452 Mbits/sec  47920  
[  5]  19.00-20.00  sec  54.4 MBytes   456 Mbits/sec  48380  
[  5]  20.00-21.00  sec  66.3 MBytes   557 Mbits/sec  59050  
[  5]  21.00-22.00  sec  72.1 MBytes   605 Mbits/sec  64200  
[  5]  22.00-23.00  sec  73.5 MBytes   617 Mbits/sec  65450  
[  5]  23.00-24.00  sec  74.2 MBytes   622 Mbits/sec  66010  
[  5]  24.00-25.00  sec  73.9 MBytes   620 Mbits/sec  65780  
[  5]  25.00-26.00  sec  70.9 MBytes   595 Mbits/sec  63100  
[  5]  26.00-27.00  sec  71.5 MBytes   600 Mbits/sec  63660  
[  5]  27.00-28.00  sec  65.6 MBytes   550 Mbits/sec  58360  
[  5]  28.00-29.00  sec  60.8 MBytes   510 Mbits/sec  54130  
[  5]  29.00-30.00  sec  75.8 MBytes   636 Mbits/sec  67440  
[  5]  30.00-31.00  sec  74.2 MBytes   622 Mbits/sec  66010  
[  5]  31.00-32.00  sec  75.7 MBytes   635 Mbits/sec  67420  
[  5]  32.00-33.00  sec  75.7 MBytes   635 Mbits/sec  67370  
[  5]  33.00-34.00  sec  75.3 MBytes   631 Mbits/sec  66990  
[  5]  34.00-35.00  sec  73.1 MBytes   613 Mbits/sec  65030  
[  5]  35.00-36.00  sec  75.2 MBytes   631 Mbits/sec  66970  
[  5]  36.00-37.00  sec  72.9 MBytes   612 Mbits/sec  64910  
[  5]  37.00-38.00  sec  72.8 MBytes   611 Mbits/sec  64800  
[  5]  38.00-39.00  sec  73.7 MBytes   618 Mbits/sec  65590  
[  5]  39.00-40.00  sec  72.6 MBytes   609 Mbits/sec  64640  
[  5]  40.00-41.00  sec  72.0 MBytes   604 Mbits/sec  64070  
[  5]  41.00-42.00  sec  73.6 MBytes   617 Mbits/sec  65490  
[  5]  42.00-43.00  sec  72.1 MBytes   605 Mbits/sec  64160  
[  5]  43.00-44.00  sec  73.8 MBytes   619 Mbits/sec  65710  
[  5]  44.00-45.00  sec  75.0 MBytes   629 Mbits/sec  66800  
[  5]  45.00-46.00  sec  75.2 MBytes   631 Mbits/sec  66940  
[  5]  46.00-47.00  sec  74.8 MBytes   627 Mbits/sec  66580  
[  5]  47.00-48.00  sec  74.8 MBytes   628 Mbits/sec  66610  
[  5]  48.00-49.00  sec  75.9 MBytes   636 Mbits/sec  67520  
[  5]  49.00-50.00  sec  75.8 MBytes   636 Mbits/sec  67470  
[  5]  50.00-51.00  sec  76.1 MBytes   639 Mbits/sec  67780  
[  5]  51.00-52.00  sec  75.1 MBytes   630 Mbits/sec  66820  
[  5]  52.00-53.00  sec  73.2 MBytes   614 Mbits/sec  65180  
[  5]  53.00-54.00  sec  73.8 MBytes   619 Mbits/sec  65650  
[  5]  54.00-55.00  sec  74.8 MBytes   627 Mbits/sec  66550  
[  5]  55.00-56.00  sec  73.2 MBytes   614 Mbits/sec  65140  
[  5]  56.00-57.00  sec  74.0 MBytes   620 Mbits/sec  65830  
[  5]  57.00-58.00  sec  75.3 MBytes   632 Mbits/sec  67030  
[  5]  58.00-59.00  sec  75.7 MBytes   635 Mbits/sec  67350  
[  5]  59.00-60.00  sec  74.7 MBytes   626 Mbits/sec  66460  
- - - - - - - - - - - - - - - - - - - - - - - - -
[ ID] Interval           Transfer     Bitrate         Jitter    Lost/Total Datagrams
[  5]   0.00-60.00  sec  4.24 GBytes   607 Mbits/sec  0.000 ms  0/3864820 (0%)  sender
[  5]   0.00-60.09  sec  1.72 GBytes   247 Mbits/sec  0.007 ms  2308794/3864636 (60%)  receiver

iperf Done.
