Connecting to host knb-server-368897, port 5201
[  5] local 10.136.173.118 port 47463 connected to 10.43.176.3 port 5201
[ ID] Interval           Transfer     Bitrate         Total Datagrams
[  5]   0.00-1.00   sec  52.7 MBytes   442 Mbits/sec  46940  (omitted)
[  5]   0.00-1.00   sec  53.0 MBytes   445 Mbits/sec  47210  
[  5]   1.00-2.00   sec  51.3 MBytes   430 Mbits/sec  45620  
[  5]   2.00-3.00   sec  52.6 MBytes   442 Mbits/sec  46860  
[  5]   3.00-4.00   sec  50.7 MBytes   425 Mbits/sec  45130  
[  5]   4.00-5.00   sec  52.2 MBytes   438 Mbits/sec  46430  
[  5]   5.00-6.00   sec  51.0 MBytes   428 Mbits/sec  45400  
[  5]   6.00-7.00   sec  53.5 MBytes   449 Mbits/sec  47620  
[  5]   7.00-8.00   sec  51.3 MBytes   430 Mbits/sec  45660  
[  5]   8.00-9.00   sec  54.2 MBytes   454 Mbits/sec  48220  
[  5]   9.00-10.00  sec  52.1 MBytes   437 Mbits/sec  46340  
[  5]  10.00-11.00  sec  50.7 MBytes   425 Mbits/sec  45100  
[  5]  11.00-12.00  sec  55.6 MBytes   466 Mbits/sec  49490  
[  5]  12.00-13.00  sec  52.2 MBytes   438 Mbits/sec  46460  
[  5]  13.00-14.00  sec  51.3 MBytes   431 Mbits/sec  45690  
[  5]  14.00-15.00  sec  53.0 MBytes   445 Mbits/sec  47200  
[  5]  15.00-16.00  sec  51.5 MBytes   432 Mbits/sec  45820  
[  5]  16.00-17.00  sec  53.0 MBytes   445 Mbits/sec  47190  
[  5]  17.00-18.00  sec  53.1 MBytes   446 Mbits/sec  47280  
[  5]  18.00-19.00  sec  51.7 MBytes   434 Mbits/sec  46010  
[  5]  19.00-20.00  sec  52.8 MBytes   443 Mbits/sec  47030  
[  5]  20.00-21.00  sec  53.0 MBytes   445 Mbits/sec  47200  
[  5]  21.00-22.00  sec  54.0 MBytes   453 Mbits/sec  48060  
[  5]  22.00-23.00  sec  52.6 MBytes   441 Mbits/sec  46810  
[  5]  23.00-24.00  sec  55.0 MBytes   461 Mbits/sec  48960  
[  5]  24.00-25.00  sec  54.4 MBytes   456 Mbits/sec  48440  
[  5]  25.00-26.00  sec  52.7 MBytes   442 Mbits/sec  46870  
[  5]  26.00-27.00  sec  50.7 MBytes   425 Mbits/sec  45130  
[  5]  27.00-28.00  sec  50.2 MBytes   421 Mbits/sec  44670  
[  5]  28.00-29.00  sec  52.7 MBytes   442 Mbits/sec  46930  
[  5]  29.00-30.00  sec  52.8 MBytes   443 Mbits/sec  47010  
[  5]  30.00-31.00  sec  50.7 MBytes   426 Mbits/sec  45160  
[  5]  31.00-32.00  sec  54.5 MBytes   457 Mbits/sec  48540  
[  5]  32.00-33.00  sec  54.3 MBytes   456 Mbits/sec  48350  
[  5]  33.00-34.00  sec  50.0 MBytes   419 Mbits/sec  44470  
[  5]  34.00-35.00  sec  52.5 MBytes   440 Mbits/sec  46720  
[  5]  35.00-36.00  sec  51.3 MBytes   430 Mbits/sec  45650  
[  5]  36.00-37.00  sec  52.1 MBytes   437 Mbits/sec  46370  
[  5]  37.00-38.00  sec  50.5 MBytes   424 Mbits/sec  44950  
[  5]  38.00-39.00  sec  51.4 MBytes   431 Mbits/sec  45730  
[  5]  39.00-40.00  sec  52.0 MBytes   437 Mbits/sec  46330  
[  5]  40.00-41.00  sec  50.6 MBytes   424 Mbits/sec  45000  
[  5]  41.00-42.00  sec  49.2 MBytes   413 Mbits/sec  43810  
[  5]  42.00-43.00  sec  54.5 MBytes   457 Mbits/sec  48470  
[  5]  43.00-44.00  sec  51.9 MBytes   435 Mbits/sec  46180  
[  5]  44.00-45.00  sec  50.5 MBytes   423 Mbits/sec  44920  
[  5]  45.00-46.00  sec  50.4 MBytes   423 Mbits/sec  44840  
[  5]  46.00-47.00  sec  52.1 MBytes   437 Mbits/sec  46380  
[  5]  47.00-48.00  sec  52.3 MBytes   438 Mbits/sec  46510  
[  5]  48.00-49.00  sec  54.5 MBytes   457 Mbits/sec  48520  
[  5]  49.00-50.00  sec  51.5 MBytes   432 Mbits/sec  45850  
[  5]  50.00-51.00  sec  51.6 MBytes   432 Mbits/sec  45890  
[  5]  51.00-52.00  sec  54.0 MBytes   453 Mbits/sec  48080  
[  5]  52.00-53.00  sec  52.2 MBytes   438 Mbits/sec  46500  
[  5]  53.00-54.00  sec  54.4 MBytes   456 Mbits/sec  48390  
[  5]  54.00-55.00  sec  53.5 MBytes   449 Mbits/sec  47640  
[  5]  55.00-56.00  sec  51.1 MBytes   429 Mbits/sec  45490  
[  5]  56.00-57.00  sec  51.5 MBytes   432 Mbits/sec  45830  
[  5]  57.00-58.00  sec  55.5 MBytes   466 Mbits/sec  49440  
[  5]  58.00-59.00  sec  55.3 MBytes   464 Mbits/sec  49240  
[  5]  59.00-60.00  sec  54.6 MBytes   458 Mbits/sec  48570  
- - - - - - - - - - - - - - - - - - - - - - - - -
[ ID] Interval           Transfer     Bitrate         Jitter    Lost/Total Datagrams
[  5]   0.00-60.00  sec  3.07 GBytes   440 Mbits/sec  0.000 ms  0/2799660 (0%)  sender
[  5]   0.00-60.24  sec  1.88 GBytes   268 Mbits/sec  0.027 ms  1110586/2799660 (40%)  receiver

iperf Done.
