Connecting to host 10.136.80.152, port 5201
[  5] local 10.136.173.88 port 40606 connected to 10.136.80.152 port 5201
[ ID] Interval           Transfer     Bitrate         Total Datagrams
[  5]   0.00-1.00   sec  60.0 MBytes   503 Mbits/sec  53380  (omitted)
[  5]   0.00-1.00   sec  57.2 MBytes   479 Mbits/sec  50880  
[  5]   1.00-2.00   sec  61.3 MBytes   514 Mbits/sec  54580  
[  5]   2.00-3.00   sec  60.7 MBytes   509 Mbits/sec  54020  
[  5]   3.00-4.00   sec  60.1 MBytes   505 Mbits/sec  53530  
[  5]   4.00-5.00   sec  58.0 MBytes   487 Mbits/sec  51670  
[  5]   5.00-6.00   sec  57.4 MBytes   482 Mbits/sec  51120  
[  5]   6.00-7.00   sec  54.5 MBytes   457 Mbits/sec  48540  
[  5]   7.00-8.00   sec  54.0 MBytes   453 Mbits/sec  48100  
[  5]   8.00-9.00   sec  60.4 MBytes   507 Mbits/sec  53770  
[  5]   9.00-10.00  sec  52.8 MBytes   443 Mbits/sec  47020  
[  5]  10.00-11.00  sec  61.2 MBytes   514 Mbits/sec  54520  
[  5]  11.00-12.00  sec  52.3 MBytes   438 Mbits/sec  46510  
[  5]  12.00-13.00  sec  59.1 MBytes   496 Mbits/sec  52640  
[  5]  13.00-14.00  sec  52.5 MBytes   441 Mbits/sec  46770  
[  5]  14.00-15.00  sec  53.8 MBytes   452 Mbits/sec  47910  
[  5]  15.00-16.00  sec  47.2 MBytes   396 Mbits/sec  42020  
[  5]  16.00-17.00  sec  58.0 MBytes   486 Mbits/sec  51620  
[  5]  17.00-18.00  sec  55.5 MBytes   466 Mbits/sec  49440  
[  5]  18.00-19.00  sec  60.7 MBytes   509 Mbits/sec  54000  
[  5]  19.00-20.00  sec  60.3 MBytes   506 Mbits/sec  53670  
[  5]  20.00-21.00  sec  59.7 MBytes   501 Mbits/sec  53170  
[  5]  21.00-22.00  sec  48.8 MBytes   409 Mbits/sec  43450  
[  5]  22.00-23.00  sec  55.8 MBytes   468 Mbits/sec  49670  
[  5]  23.00-24.00  sec  54.5 MBytes   457 Mbits/sec  48520  
[  5]  24.00-25.00  sec  57.3 MBytes   481 Mbits/sec  51040  
[  5]  25.00-26.00  sec  57.9 MBytes   485 Mbits/sec  51510  
[  5]  26.00-27.00  sec  58.1 MBytes   488 Mbits/sec  51730  
[  5]  27.00-28.00  sec  60.6 MBytes   508 Mbits/sec  53930  
[  5]  28.00-29.00  sec  55.4 MBytes   464 Mbits/sec  49280  
[  5]  29.00-30.00  sec  49.3 MBytes   414 Mbits/sec  43910  
[  5]  30.00-31.00  sec  55.3 MBytes   464 Mbits/sec  49230  
[  5]  31.00-32.00  sec  48.8 MBytes   410 Mbits/sec  43460  
[  5]  32.00-33.00  sec  55.7 MBytes   467 Mbits/sec  49560  
[  5]  33.00-34.00  sec  60.4 MBytes   507 Mbits/sec  53790  
[  5]  34.00-35.00  sec  53.8 MBytes   451 Mbits/sec  47870  
[  5]  35.00-36.00  sec  60.3 MBytes   505 Mbits/sec  53640  
[  5]  36.00-37.00  sec  48.0 MBytes   403 Mbits/sec  42760  
[  5]  37.00-38.00  sec  53.9 MBytes   452 Mbits/sec  48010  
[  5]  38.00-39.00  sec  61.9 MBytes   520 Mbits/sec  55130  
[  5]  39.00-40.00  sec  53.6 MBytes   450 Mbits/sec  47710  
[  5]  40.00-41.00  sec  57.2 MBytes   480 Mbits/sec  50900  
[  5]  41.00-42.00  sec  51.8 MBytes   435 Mbits/sec  46130  
[  5]  42.00-43.00  sec  48.3 MBytes   405 Mbits/sec  43020  
[  5]  43.00-44.00  sec  58.7 MBytes   492 Mbits/sec  52210  
[  5]  44.00-45.00  sec  54.8 MBytes   460 Mbits/sec  48800  
[  5]  45.00-46.00  sec  59.5 MBytes   499 Mbits/sec  52990  
[  5]  46.00-47.00  sec  60.3 MBytes   506 Mbits/sec  53650  
[  5]  47.00-48.00  sec  55.5 MBytes   465 Mbits/sec  49400  
[  5]  48.00-49.00  sec  58.3 MBytes   489 Mbits/sec  51890  
[  5]  49.00-50.00  sec  55.7 MBytes   467 Mbits/sec  49550  
[  5]  50.00-51.00  sec  55.6 MBytes   466 Mbits/sec  49470  
[  5]  51.00-52.00  sec  54.7 MBytes   459 Mbits/sec  48730  
[  5]  52.00-53.00  sec  61.3 MBytes   514 Mbits/sec  54570  
[  5]  53.00-54.00  sec  53.6 MBytes   450 Mbits/sec  47730  
[  5]  54.00-55.00  sec  56.4 MBytes   473 Mbits/sec  50160  
[  5]  55.00-56.00  sec  52.9 MBytes   444 Mbits/sec  47060  
[  5]  56.00-57.00  sec  57.9 MBytes   485 Mbits/sec  51500  
[  5]  57.00-58.00  sec  57.1 MBytes   479 Mbits/sec  50830  
[  5]  58.00-59.00  sec  48.7 MBytes   409 Mbits/sec  43360  
[  5]  59.00-60.00  sec  56.8 MBytes   477 Mbits/sec  50560  
- - - - - - - - - - - - - - - - - - - - - - - - -
[ ID] Interval           Transfer     Bitrate         Jitter    Lost/Total Datagrams
[  5]   0.00-60.00  sec  3.28 GBytes   470 Mbits/sec  0.000 ms  0/2992210 (0%)  sender
[  5]   0.00-60.25  sec  2.01 GBytes   287 Mbits/sec  0.018 ms  1181450/2992159 (39%)  receiver

iperf Done.
