Connecting to host 10.136.80.138, port 5201
[  5] local 10.136.173.74 port 34712 connected to 10.136.80.138 port 5201
[ ID] Interval           Transfer     Bitrate         Retr  Cwnd
[  5]   0.00-1.00   sec  75.5 MBytes   634 Mbits/sec   41    305 KBytes       (omitted)
[  5]   0.00-1.00   sec  88.2 MBytes   740 Mbits/sec   11    298 KBytes       
[  5]   1.00-2.00   sec  85.9 MBytes   721 Mbits/sec   16    299 KBytes       
[  5]   2.00-3.00   sec  87.1 MBytes   731 Mbits/sec    7    367 KBytes       
[  5]   3.00-4.00   sec  86.8 MBytes   728 Mbits/sec   22    307 KBytes       
[  5]   4.00-5.00   sec  88.7 MBytes   744 Mbits/sec   20    228 KBytes       
[  5]   5.00-6.00   sec  87.2 MBytes   732 Mbits/sec   21    266 KBytes       
[  5]   6.00-7.00   sec  85.6 MBytes   718 Mbits/sec   29    171 KBytes       
[  5]   7.00-8.00   sec  88.3 MBytes   741 Mbits/sec    7    285 KBytes       
[  5]   8.00-9.00   sec  84.2 MBytes   707 Mbits/sec   44    338 KBytes       
[  5]   9.00-10.00  sec  87.3 MBytes   732 Mbits/sec   14    329 KBytes       
[  5]  10.00-11.00  sec  87.1 MBytes   731 Mbits/sec   22    217 KBytes       
[  5]  11.00-12.00  sec  83.5 MBytes   700 Mbits/sec   15    281 KBytes       
[  5]  12.00-13.00  sec  85.8 MBytes   721 Mbits/sec   22    238 KBytes       
[  5]  13.00-14.00  sec  87.0 MBytes   730 Mbits/sec   18    198 KBytes       
[  5]  14.00-15.00  sec  87.1 MBytes   730 Mbits/sec   47    258 KBytes       
[  5]  15.00-16.00  sec  88.0 MBytes   739 Mbits/sec   63    285 KBytes       
[  5]  16.00-17.00  sec  86.9 MBytes   729 Mbits/sec   23    193 KBytes       
[  5]  17.00-18.00  sec  85.7 MBytes   719 Mbits/sec   19    236 KBytes       
[  5]  18.00-19.00  sec  87.1 MBytes   730 Mbits/sec    6    285 KBytes       
[  5]  19.00-20.00  sec  84.3 MBytes   708 Mbits/sec   41    259 KBytes       
[  5]  20.00-21.00  sec  87.3 MBytes   732 Mbits/sec    7    323 KBytes       
[  5]  21.00-22.00  sec  87.7 MBytes   736 Mbits/sec   21    202 KBytes       
[  5]  22.00-23.01  sec  86.0 MBytes   714 Mbits/sec   11    239 KBytes       
[  5]  23.01-24.00  sec  82.8 MBytes   702 Mbits/sec   20    274 KBytes       
[  5]  24.00-25.00  sec  81.1 MBytes   681 Mbits/sec   13    278 KBytes       
[  5]  25.00-26.00  sec  83.1 MBytes   697 Mbits/sec   12    300 KBytes       
[  5]  26.00-27.00  sec  86.2 MBytes   723 Mbits/sec   66    355 KBytes       
[  5]  27.00-28.00  sec  87.9 MBytes   737 Mbits/sec    6    378 KBytes       
[  5]  28.00-29.00  sec  80.7 MBytes   677 Mbits/sec   41    253 KBytes       
[  5]  29.00-30.00  sec  82.8 MBytes   695 Mbits/sec   24    174 KBytes       
[  5]  30.00-31.00  sec  84.2 MBytes   706 Mbits/sec    6    338 KBytes       
[  5]  31.00-32.00  sec  83.7 MBytes   702 Mbits/sec   20    237 KBytes       
[  5]  32.00-33.00  sec  86.4 MBytes   725 Mbits/sec   15    251 KBytes       
[  5]  33.00-34.00  sec  82.8 MBytes   695 Mbits/sec   14    266 KBytes       
[  5]  34.00-35.00  sec  86.4 MBytes   725 Mbits/sec    5    335 KBytes       
[  5]  35.00-36.00  sec  78.0 MBytes   654 Mbits/sec   21    199 KBytes       
[  5]  36.00-37.00  sec  88.5 MBytes   742 Mbits/sec   11    234 KBytes       
[  5]  37.00-38.01  sec  87.9 MBytes   732 Mbits/sec    0    404 KBytes       
[  5]  38.01-39.00  sec  83.5 MBytes   705 Mbits/sec   15    357 KBytes       
[  5]  39.00-40.00  sec  84.5 MBytes   709 Mbits/sec   20    223 KBytes       
[  5]  40.00-41.00  sec  85.9 MBytes   721 Mbits/sec   43    253 KBytes       
[  5]  41.00-42.00  sec  84.5 MBytes   709 Mbits/sec   13    248 KBytes       
[  5]  42.00-43.00  sec  85.0 MBytes   713 Mbits/sec   24    250 KBytes       
[  5]  43.00-44.00  sec  80.4 MBytes   675 Mbits/sec   15    261 KBytes       
[  5]  44.00-45.00  sec  85.3 MBytes   716 Mbits/sec   10    288 KBytes       
[  5]  45.00-46.00  sec  78.0 MBytes   654 Mbits/sec   29    230 KBytes       
[  5]  46.00-47.00  sec  82.1 MBytes   689 Mbits/sec   14    263 KBytes       
[  5]  47.00-48.00  sec  87.4 MBytes   733 Mbits/sec    6    369 KBytes       
[  5]  48.00-49.00  sec  90.1 MBytes   756 Mbits/sec   14    357 KBytes       
[  5]  49.00-50.00  sec  84.8 MBytes   711 Mbits/sec   23    223 KBytes       
[  5]  50.00-51.00  sec  83.6 MBytes   701 Mbits/sec    9    283 KBytes       
[  5]  51.00-52.00  sec  87.6 MBytes   735 Mbits/sec   20    199 KBytes       
[  5]  52.00-53.00  sec  85.0 MBytes   713 Mbits/sec   23    183 KBytes       
[  5]  53.00-54.00  sec  84.7 MBytes   711 Mbits/sec   17    186 KBytes       
[  5]  54.00-55.00  sec  79.6 MBytes   668 Mbits/sec   20    198 KBytes       
[  5]  55.00-56.00  sec  82.1 MBytes   688 Mbits/sec   16    228 KBytes       
[  5]  56.00-57.00  sec  82.6 MBytes   693 Mbits/sec   53    224 KBytes       
[  5]  57.00-58.00  sec  87.8 MBytes   737 Mbits/sec   12    234 KBytes       
[  5]  58.00-59.00  sec  85.7 MBytes   719 Mbits/sec   14    303 KBytes       
[  5]  59.00-60.00  sec  87.0 MBytes   730 Mbits/sec    7    390 KBytes       
- - - - - - - - - - - - - - - - - - - - - - - - -
[ ID] Interval           Transfer     Bitrate         Retr
[  5]   0.00-60.00  sec  4.99 GBytes   715 Mbits/sec  1197             sender
[  5]   0.00-60.04  sec  5.00 GBytes   715 Mbits/sec                  receiver

iperf Done.
