Connecting to host 10.136.80.175, port 5201
[  5] local 10.136.173.77 port 57604 connected to 10.136.80.175 port 5201
[ ID] Interval           Transfer     Bitrate         Total Datagrams
[  5]   0.00-1.00   sec  76.8 MBytes   644 Mbits/sec  68380  (omitted)
[  5]   0.00-1.00   sec  81.6 MBytes   684 Mbits/sec  72620  
[  5]   1.00-2.00   sec  80.7 MBytes   677 Mbits/sec  71830  
[  5]   2.00-3.00   sec  80.7 MBytes   677 Mbits/sec  71790  
[  5]   3.00-4.00   sec  81.6 MBytes   685 Mbits/sec  72650  
[  5]   4.00-5.00   sec  80.8 MBytes   678 Mbits/sec  71900  
[  5]   5.00-6.00   sec  80.7 MBytes   677 Mbits/sec  71800  
[  5]   6.00-7.00   sec  79.7 MBytes   669 Mbits/sec  70960  
[  5]   7.00-8.00   sec  80.8 MBytes   678 Mbits/sec  71920  
[  5]   8.00-9.00   sec  81.1 MBytes   680 Mbits/sec  72160  
[  5]   9.00-10.00  sec  80.6 MBytes   676 Mbits/sec  71780  
[  5]  10.00-11.00  sec  80.7 MBytes   677 Mbits/sec  71840  
[  5]  11.00-12.00  sec  80.7 MBytes   677 Mbits/sec  71790  
[  5]  12.00-13.00  sec  80.5 MBytes   676 Mbits/sec  71680  
[  5]  13.00-14.00  sec  80.7 MBytes   677 Mbits/sec  71860  
[  5]  14.00-15.00  sec  77.8 MBytes   653 Mbits/sec  69280  
[  5]  15.00-16.00  sec  65.7 MBytes   551 Mbits/sec  58450  
[  5]  16.00-17.00  sec  66.1 MBytes   554 Mbits/sec  58820  
[  5]  17.00-18.00  sec  66.7 MBytes   560 Mbits/sec  59360  
[  5]  18.00-19.00  sec  81.7 MBytes   686 Mbits/sec  72750  
[  5]  19.00-20.00  sec  82.2 MBytes   690 Mbits/sec  73190  
[  5]  20.00-21.00  sec  81.5 MBytes   684 Mbits/sec  72570  
[  5]  21.00-22.00  sec  80.1 MBytes   672 Mbits/sec  71340  
[  5]  22.00-23.00  sec  80.2 MBytes   673 Mbits/sec  71430  
[  5]  23.00-24.00  sec  80.3 MBytes   674 Mbits/sec  71520  
[  5]  24.00-25.00  sec  80.0 MBytes   671 Mbits/sec  71250  
[  5]  25.00-26.00  sec  80.4 MBytes   675 Mbits/sec  71610  
[  5]  26.00-27.00  sec  80.0 MBytes   671 Mbits/sec  71210  
[  5]  27.00-28.00  sec  79.9 MBytes   670 Mbits/sec  71090  
[  5]  28.00-29.00  sec  81.0 MBytes   679 Mbits/sec  72070  
[  5]  29.00-30.00  sec  80.7 MBytes   677 Mbits/sec  71810  
[  5]  30.00-31.00  sec  80.0 MBytes   671 Mbits/sec  71240  
[  5]  31.00-32.00  sec  80.1 MBytes   672 Mbits/sec  71330  
[  5]  32.00-33.00  sec  80.7 MBytes   677 Mbits/sec  71870  
[  5]  33.00-34.00  sec  81.5 MBytes   684 Mbits/sec  72590  
[  5]  34.00-35.00  sec  80.5 MBytes   675 Mbits/sec  71620  
[  5]  35.00-36.00  sec  69.7 MBytes   585 Mbits/sec  62070  
[  5]  36.00-37.00  sec  65.6 MBytes   550 Mbits/sec  58400  
[  5]  37.00-38.00  sec  66.1 MBytes   554 Mbits/sec  58800  
[  5]  38.00-39.00  sec  65.3 MBytes   548 Mbits/sec  58090  
[  5]  39.00-40.00  sec  66.2 MBytes   556 Mbits/sec  58960  
[  5]  40.00-41.00  sec  66.8 MBytes   561 Mbits/sec  59490  
[  5]  41.00-42.00  sec  66.8 MBytes   560 Mbits/sec  59420  
[  5]  42.00-43.00  sec  65.8 MBytes   552 Mbits/sec  58580  
[  5]  43.00-44.00  sec  65.8 MBytes   552 Mbits/sec  58590  
[  5]  44.00-45.00  sec  63.9 MBytes   536 Mbits/sec  56850  
[  5]  45.00-46.00  sec  64.8 MBytes   543 Mbits/sec  57640  
[  5]  46.00-47.00  sec  65.7 MBytes   551 Mbits/sec  58510  
[  5]  47.00-48.00  sec  66.1 MBytes   555 Mbits/sec  58880  
[  5]  48.00-49.00  sec  64.9 MBytes   544 Mbits/sec  57750  
[  5]  49.00-50.00  sec  65.2 MBytes   547 Mbits/sec  58080  
[  5]  50.00-51.00  sec  66.8 MBytes   560 Mbits/sec  59450  
[  5]  51.00-52.00  sec  66.8 MBytes   560 Mbits/sec  59420  
[  5]  52.00-53.00  sec  64.8 MBytes   544 Mbits/sec  57700  
[  5]  53.00-54.00  sec  66.3 MBytes   556 Mbits/sec  59020  
[  5]  54.00-55.00  sec  64.8 MBytes   544 Mbits/sec  57700  
[  5]  55.00-56.00  sec  74.4 MBytes   624 Mbits/sec  66250  
[  5]  56.00-57.00  sec  81.0 MBytes   679 Mbits/sec  72090  
[  5]  57.00-58.00  sec  79.7 MBytes   668 Mbits/sec  70920  
[  5]  58.00-59.00  sec  81.2 MBytes   681 Mbits/sec  72250  
[  5]  59.00-60.00  sec  81.0 MBytes   680 Mbits/sec  72100  
- - - - - - - - - - - - - - - - - - - - - - - - -
[ ID] Interval           Transfer     Bitrate         Jitter    Lost/Total Datagrams
[  5]   0.00-60.00  sec  4.39 GBytes   628 Mbits/sec  0.000 ms  0/3999990 (0%)  sender
[  5]   0.00-60.04  sec  4.39 GBytes   628 Mbits/sec  0.015 ms  621/3999990 (0.016%)  receiver

iperf Done.
