Connecting to host 10.136.80.135, port 5201
[  5] local 10.136.173.72 port 42568 connected to 10.136.80.135 port 5201
[ ID] Interval           Transfer     Bitrate         Total Datagrams
[  5]   0.00-1.00   sec  84.1 MBytes   705 Mbits/sec  74840  (omitted)
[  5]   0.00-1.00   sec  82.2 MBytes   690 Mbits/sec  73210  
[  5]   1.00-2.00   sec  79.9 MBytes   670 Mbits/sec  71100  
[  5]   2.00-3.00   sec  82.2 MBytes   689 Mbits/sec  73160  
[  5]   3.00-4.00   sec  81.1 MBytes   681 Mbits/sec  72220  
[  5]   4.00-5.00   sec  83.1 MBytes   697 Mbits/sec  73980  
[  5]   5.00-6.00   sec  81.4 MBytes   683 Mbits/sec  72430  
[  5]   6.00-7.00   sec  80.9 MBytes   679 Mbits/sec  72010  
[  5]   7.00-8.00   sec  80.5 MBytes   675 Mbits/sec  71620  
[  5]   8.00-9.00   sec  82.6 MBytes   693 Mbits/sec  73550  
[  5]   9.00-10.00  sec  82.1 MBytes   689 Mbits/sec  73100  
[  5]  10.00-11.00  sec  81.6 MBytes   685 Mbits/sec  72660  
[  5]  11.00-12.00  sec  77.8 MBytes   653 Mbits/sec  69260  
[  5]  12.00-13.00  sec  75.8 MBytes   636 Mbits/sec  67440  
[  5]  13.00-14.00  sec  76.3 MBytes   640 Mbits/sec  67940  
[  5]  14.00-15.00  sec  76.3 MBytes   640 Mbits/sec  67950  
[  5]  15.00-16.00  sec  81.6 MBytes   685 Mbits/sec  72640  
[  5]  16.00-17.00  sec  81.9 MBytes   687 Mbits/sec  72930  
[  5]  17.00-18.00  sec  77.6 MBytes   651 Mbits/sec  69090  
[  5]  18.00-19.00  sec  77.0 MBytes   646 Mbits/sec  68540  
[  5]  19.00-20.00  sec  75.1 MBytes   630 Mbits/sec  66850  
[  5]  20.00-21.00  sec  73.3 MBytes   615 Mbits/sec  65250  
[  5]  21.00-22.00  sec  72.1 MBytes   605 Mbits/sec  64220  
[  5]  22.00-23.00  sec  76.6 MBytes   642 Mbits/sec  68150  
[  5]  23.00-24.00  sec  76.4 MBytes   641 Mbits/sec  68010  
[  5]  24.00-25.00  sec  76.2 MBytes   639 Mbits/sec  67810  
[  5]  25.00-26.00  sec  77.9 MBytes   653 Mbits/sec  69340  
[  5]  26.00-27.00  sec  77.3 MBytes   648 Mbits/sec  68790  
[  5]  27.00-28.00  sec  77.0 MBytes   646 Mbits/sec  68540  
[  5]  28.00-29.00  sec  77.3 MBytes   648 Mbits/sec  68770  
[  5]  29.00-30.00  sec  76.7 MBytes   643 Mbits/sec  68280  
[  5]  30.00-31.00  sec  79.9 MBytes   670 Mbits/sec  71120  
[  5]  31.00-32.00  sec  81.1 MBytes   680 Mbits/sec  72190  
[  5]  32.00-33.00  sec  82.2 MBytes   690 Mbits/sec  73190  
[  5]  33.00-34.00  sec  81.2 MBytes   681 Mbits/sec  72310  
[  5]  34.00-35.00  sec  80.9 MBytes   678 Mbits/sec  71980  
[  5]  35.00-36.00  sec  80.9 MBytes   679 Mbits/sec  72030  
[  5]  36.00-37.00  sec  77.9 MBytes   653 Mbits/sec  69300  
[  5]  37.00-38.00  sec  79.7 MBytes   669 Mbits/sec  70940  
[  5]  38.00-39.00  sec  81.8 MBytes   686 Mbits/sec  72840  
[  5]  39.00-40.00  sec  81.2 MBytes   682 Mbits/sec  72320  
[  5]  40.00-41.00  sec  82.1 MBytes   688 Mbits/sec  73040  
[  5]  41.00-42.00  sec  84.1 MBytes   706 Mbits/sec  74890  
[  5]  42.00-43.00  sec  81.9 MBytes   687 Mbits/sec  72900  
[  5]  43.00-44.00  sec  81.5 MBytes   684 Mbits/sec  72590  
[  5]  44.00-45.00  sec  82.2 MBytes   690 Mbits/sec  73180  
[  5]  45.00-46.00  sec  81.7 MBytes   686 Mbits/sec  72760  
[  5]  46.00-47.00  sec  81.9 MBytes   687 Mbits/sec  72870  
[  5]  47.00-48.00  sec  81.2 MBytes   681 Mbits/sec  72300  
[  5]  48.00-49.00  sec  81.9 MBytes   687 Mbits/sec  72920  
[  5]  49.00-50.00  sec  80.8 MBytes   678 Mbits/sec  71910  
[  5]  50.00-51.00  sec  80.8 MBytes   678 Mbits/sec  71950  
[  5]  51.00-52.00  sec  79.5 MBytes   667 Mbits/sec  70750  
[  5]  52.00-53.00  sec  80.7 MBytes   677 Mbits/sec  71840  
[  5]  53.00-54.00  sec  81.4 MBytes   683 Mbits/sec  72470  
[  5]  54.00-55.00  sec  81.0 MBytes   680 Mbits/sec  72120  
[  5]  55.00-56.00  sec  81.9 MBytes   687 Mbits/sec  72930  
[  5]  56.00-57.00  sec  82.5 MBytes   692 Mbits/sec  73410  
[  5]  57.00-58.00  sec  80.5 MBytes   675 Mbits/sec  71670  
[  5]  58.00-59.00  sec  81.1 MBytes   681 Mbits/sec  72210  
[  5]  59.00-60.00  sec  81.1 MBytes   680 Mbits/sec  72210  
- - - - - - - - - - - - - - - - - - - - - - - - -
[ ID] Interval           Transfer     Bitrate         Jitter    Lost/Total Datagrams
[  5]   0.00-60.00  sec  4.68 GBytes   670 Mbits/sec  0.000 ms  0/4267980 (0%)  sender
[  5]   0.00-60.08  sec  2.54 GBytes   363 Mbits/sec  0.013 ms  1989126/4267980 (47%)  receiver

iperf Done.
