Connecting to host knb-server-739604, port 5201
[  5] local 10.136.173.126 port 53405 connected to 10.43.25.206 port 5201
[ ID] Interval           Transfer     Bitrate         Total Datagrams
[  5]   0.00-1.00   sec  59.1 MBytes   495 Mbits/sec  52570  (omitted)
[  5]   0.00-1.00   sec  73.1 MBytes   613 Mbits/sec  65090  
[  5]   1.00-2.00   sec  72.3 MBytes   606 Mbits/sec  64340  
[  5]   2.00-3.00   sec  72.0 MBytes   604 Mbits/sec  64060  
[  5]   3.00-4.00   sec  73.2 MBytes   614 Mbits/sec  65190  
[  5]   4.00-5.00   sec  66.1 MBytes   554 Mbits/sec  58840  
[  5]   5.00-6.00   sec  71.8 MBytes   602 Mbits/sec  63890  
[  5]   6.00-7.00   sec  63.0 MBytes   528 Mbits/sec  56050  
[  5]   7.00-8.00   sec  65.2 MBytes   547 Mbits/sec  58060  
[  5]   8.00-9.00   sec  66.5 MBytes   558 Mbits/sec  59210  
[  5]   9.00-10.00  sec  72.0 MBytes   604 Mbits/sec  64090  
[  5]  10.00-11.00  sec  70.4 MBytes   590 Mbits/sec  62650  
[  5]  11.00-12.00  sec  67.3 MBytes   565 Mbits/sec  59930  
[  5]  12.00-13.00  sec  67.0 MBytes   562 Mbits/sec  59650  
[  5]  13.00-14.00  sec  66.4 MBytes   557 Mbits/sec  59080  
[  5]  14.00-15.00  sec  65.5 MBytes   549 Mbits/sec  58310  
[  5]  15.00-16.00  sec  66.3 MBytes   556 Mbits/sec  58990  
[  5]  16.00-17.00  sec  68.7 MBytes   577 Mbits/sec  61180  
[  5]  17.00-18.00  sec  71.4 MBytes   599 Mbits/sec  63580  
[  5]  18.00-19.00  sec  72.6 MBytes   609 Mbits/sec  64580  
[  5]  19.00-20.00  sec  72.0 MBytes   604 Mbits/sec  64060  
[  5]  20.00-21.00  sec  71.3 MBytes   598 Mbits/sec  63490  
[  5]  21.00-22.00  sec  71.7 MBytes   602 Mbits/sec  63860  
[  5]  22.00-23.00  sec  70.8 MBytes   594 Mbits/sec  63040  
[  5]  23.00-24.00  sec  70.4 MBytes   591 Mbits/sec  62680  
[  5]  24.00-25.00  sec  66.9 MBytes   562 Mbits/sec  59590  
[  5]  25.00-26.00  sec  73.9 MBytes   620 Mbits/sec  65750  
[  5]  26.00-27.00  sec  72.3 MBytes   606 Mbits/sec  64360  
[  5]  27.00-28.00  sec  72.5 MBytes   608 Mbits/sec  64510  
[  5]  28.00-29.00  sec  73.1 MBytes   613 Mbits/sec  65080  
[  5]  29.00-30.00  sec  72.0 MBytes   604 Mbits/sec  64070  
[  5]  30.00-31.00  sec  71.9 MBytes   603 Mbits/sec  63960  
[  5]  31.00-32.00  sec  71.5 MBytes   600 Mbits/sec  63680  
[  5]  32.00-33.00  sec  73.9 MBytes   620 Mbits/sec  65820  
[  5]  33.00-34.00  sec  71.1 MBytes   596 Mbits/sec  63270  
[  5]  34.00-35.00  sec  69.0 MBytes   579 Mbits/sec  61420  
[  5]  35.00-36.00  sec  72.9 MBytes   612 Mbits/sec  64920  
[  5]  36.00-37.00  sec  73.4 MBytes   616 Mbits/sec  65310  
[  5]  37.00-38.00  sec  72.9 MBytes   611 Mbits/sec  64860  
[  5]  38.00-39.00  sec  71.9 MBytes   603 Mbits/sec  63980  
[  5]  39.00-40.00  sec  73.1 MBytes   613 Mbits/sec  65090  
[  5]  40.00-41.00  sec  71.0 MBytes   595 Mbits/sec  63180  
[  5]  41.00-42.00  sec  71.9 MBytes   603 Mbits/sec  64000  
[  5]  42.00-43.00  sec  74.5 MBytes   625 Mbits/sec  66310  
[  5]  43.00-44.00  sec  69.1 MBytes   580 Mbits/sec  61500  
[  5]  44.00-45.00  sec  70.6 MBytes   592 Mbits/sec  62830  
[  5]  45.00-46.00  sec  68.2 MBytes   572 Mbits/sec  60690  
[  5]  46.00-47.00  sec  71.5 MBytes   600 Mbits/sec  63660  
[  5]  47.00-48.00  sec  71.0 MBytes   596 Mbits/sec  63200  
[  5]  48.00-49.00  sec  71.9 MBytes   603 Mbits/sec  63970  
[  5]  49.00-50.00  sec  71.4 MBytes   599 Mbits/sec  63540  
[  5]  50.00-51.00  sec  65.7 MBytes   551 Mbits/sec  58500  
[  5]  51.00-52.00  sec  79.6 MBytes   668 Mbits/sec  70880  
[  5]  52.00-53.00  sec  71.3 MBytes   599 Mbits/sec  63510  
[  5]  53.00-54.00  sec  72.9 MBytes   611 Mbits/sec  64870  
[  5]  54.00-55.00  sec  72.1 MBytes   605 Mbits/sec  64150  
[  5]  55.00-56.00  sec  72.9 MBytes   611 Mbits/sec  64860  
[  5]  56.00-57.00  sec  69.9 MBytes   586 Mbits/sec  62240  
[  5]  57.00-58.00  sec  72.6 MBytes   609 Mbits/sec  64630  
[  5]  58.00-59.00  sec  72.6 MBytes   609 Mbits/sec  64630  
[  5]  59.00-60.00  sec  72.2 MBytes   606 Mbits/sec  64270  
- - - - - - - - - - - - - - - - - - - - - - - - -
[ ID] Interval           Transfer     Bitrate         Jitter    Lost/Total Datagrams
[  5]   0.00-60.00  sec  4.15 GBytes   594 Mbits/sec  0.000 ms  0/3784990 (0%)  sender
[  5]   0.00-60.57  sec   666 MBytes  92.3 Mbits/sec  0.040 ms  3232663/3780194 (86%)  receiver

iperf Done.
