Connecting to host knb-server-346032, port 5201
[  5] local 10.136.173.76 port 40927 connected to 10.43.248.124 port 5201
[ ID] Interval           Transfer     Bitrate         Total Datagrams
[  5]   0.00-1.00   sec  49.3 MBytes   413 Mbits/sec  43880  (omitted)
[  5]   0.00-1.00   sec  52.8 MBytes   443 Mbits/sec  47030  
[  5]   1.00-2.00   sec  45.5 MBytes   382 Mbits/sec  40540  
[  5]   2.00-3.00   sec  49.6 MBytes   416 Mbits/sec  44110  
[  5]   3.00-4.00   sec  48.8 MBytes   409 Mbits/sec  43430  
[  5]   4.00-5.00   sec  52.3 MBytes   439 Mbits/sec  46540  
[  5]   5.00-6.00   sec  53.0 MBytes   444 Mbits/sec  47140  
[  5]   6.00-7.00   sec  53.9 MBytes   452 Mbits/sec  47990  
[  5]   7.00-8.00   sec  51.2 MBytes   430 Mbits/sec  45590  
[  5]   8.00-9.00   sec  50.4 MBytes   423 Mbits/sec  44890  
[  5]   9.00-10.00  sec  52.0 MBytes   436 Mbits/sec  46250  
[  5]  10.00-11.00  sec  53.0 MBytes   445 Mbits/sec  47220  
[  5]  11.00-12.00  sec  52.1 MBytes   437 Mbits/sec  46370  
[  5]  12.00-13.00  sec  51.9 MBytes   435 Mbits/sec  46180  
[  5]  13.00-14.00  sec  52.3 MBytes   439 Mbits/sec  46590  
[  5]  14.00-15.00  sec  53.8 MBytes   451 Mbits/sec  47870  
[  5]  15.00-16.00  sec  52.0 MBytes   437 Mbits/sec  46330  
[  5]  16.00-17.00  sec  51.0 MBytes   428 Mbits/sec  45380  
[  5]  17.00-18.00  sec  50.7 MBytes   425 Mbits/sec  45100  
[  5]  18.00-19.00  sec  51.0 MBytes   428 Mbits/sec  45410  
[  5]  19.00-20.00  sec  52.9 MBytes   444 Mbits/sec  47060  
[  5]  20.00-21.00  sec  53.9 MBytes   452 Mbits/sec  47960  
[  5]  21.00-22.00  sec  52.3 MBytes   439 Mbits/sec  46590  
[  5]  22.00-23.00  sec  53.1 MBytes   446 Mbits/sec  47280  
[  5]  23.00-24.00  sec  51.2 MBytes   430 Mbits/sec  45600  
[  5]  24.00-25.00  sec  52.0 MBytes   437 Mbits/sec  46320  
[  5]  25.00-26.00  sec  51.0 MBytes   428 Mbits/sec  45420  
[  5]  26.00-27.00  sec  51.5 MBytes   432 Mbits/sec  45800  
[  5]  27.00-28.00  sec  51.0 MBytes   428 Mbits/sec  45420  
[  5]  28.00-29.00  sec  49.3 MBytes   414 Mbits/sec  43910  
[  5]  29.00-30.00  sec  51.7 MBytes   434 Mbits/sec  46060  
[  5]  30.00-31.00  sec  50.9 MBytes   427 Mbits/sec  45290  
[  5]  31.00-32.00  sec  49.6 MBytes   416 Mbits/sec  44140  
[  5]  32.00-33.00  sec  47.5 MBytes   398 Mbits/sec  42280  
[  5]  33.00-34.00  sec  57.1 MBytes   479 Mbits/sec  50850  
[  5]  34.00-35.00  sec  51.7 MBytes   433 Mbits/sec  45980  
[  5]  35.00-36.00  sec  51.3 MBytes   430 Mbits/sec  45670  
[  5]  36.00-37.00  sec  52.6 MBytes   441 Mbits/sec  46840  
[  5]  37.00-38.00  sec  52.1 MBytes   437 Mbits/sec  46380  
[  5]  38.00-39.00  sec  53.0 MBytes   445 Mbits/sec  47180  
[  5]  39.00-40.00  sec  53.0 MBytes   445 Mbits/sec  47170  
[  5]  40.00-41.00  sec  53.7 MBytes   451 Mbits/sec  47810  
[  5]  41.00-42.00  sec  50.0 MBytes   420 Mbits/sec  44520  
[  5]  42.00-43.00  sec  51.4 MBytes   431 Mbits/sec  45780  
[  5]  43.00-44.00  sec  50.7 MBytes   426 Mbits/sec  45160  
[  5]  44.00-45.00  sec  54.6 MBytes   458 Mbits/sec  48570  
[  5]  45.00-46.00  sec  49.7 MBytes   417 Mbits/sec  44240  
[  5]  46.00-47.00  sec  51.7 MBytes   434 Mbits/sec  46020  
[  5]  47.00-48.00  sec  49.4 MBytes   414 Mbits/sec  43940  
[  5]  48.00-49.00  sec  55.4 MBytes   465 Mbits/sec  49320  
[  5]  49.00-50.00  sec  51.4 MBytes   431 Mbits/sec  45750  
[  5]  50.00-51.00  sec  49.8 MBytes   417 Mbits/sec  44290  
[  5]  51.00-52.00  sec  51.5 MBytes   432 Mbits/sec  45800  
[  5]  52.00-53.00  sec  51.4 MBytes   431 Mbits/sec  45720  
[  5]  53.00-54.00  sec  50.2 MBytes   421 Mbits/sec  44660  
[  5]  54.00-55.00  sec  50.7 MBytes   425 Mbits/sec  45120  
[  5]  55.00-56.00  sec  55.0 MBytes   461 Mbits/sec  48940  
[  5]  56.00-57.00  sec  56.4 MBytes   473 Mbits/sec  50240  
[  5]  57.00-58.00  sec  52.5 MBytes   441 Mbits/sec  46740  
[  5]  58.00-59.00  sec  53.7 MBytes   451 Mbits/sec  47830  
[  5]  59.00-60.00  sec  52.6 MBytes   442 Mbits/sec  46850  
- - - - - - - - - - - - - - - - - - - - - - - - -
[ ID] Interval           Transfer     Bitrate         Jitter    Lost/Total Datagrams
[  5]   0.00-60.00  sec  3.04 GBytes   435 Mbits/sec  0.000 ms  0/2766460 (0%)  sender
[  5]   0.00-60.25  sec  1.91 GBytes   273 Mbits/sec  0.286 ms  1042474/2766460 (38%)  receiver

iperf Done.
