Connecting to host 10.136.80.184, port 5201
[  5] local 10.136.173.120 port 42408 connected to 10.136.80.184 port 5201
[ ID] Interval           Transfer     Bitrate         Retr  Cwnd
[  5]   0.00-1.00   sec  76.0 MBytes   638 Mbits/sec   42    273 KBytes       (omitted)
[  5]   0.00-1.00   sec  87.5 MBytes   734 Mbits/sec    8    368 KBytes       
[  5]   1.00-2.00   sec  86.1 MBytes   723 Mbits/sec   26    221 KBytes       
[  5]   2.00-3.00   sec  85.9 MBytes   721 Mbits/sec   44    179 KBytes       
[  5]   3.00-4.00   sec  87.4 MBytes   733 Mbits/sec    6    319 KBytes       
[  5]   4.00-5.00   sec  89.5 MBytes   751 Mbits/sec    6    357 KBytes       
[  5]   5.00-6.00   sec  85.2 MBytes   715 Mbits/sec   22    213 KBytes       
[  5]   6.00-7.00   sec  85.6 MBytes   718 Mbits/sec    6    344 KBytes       
[  5]   7.00-8.00   sec  86.4 MBytes   725 Mbits/sec   26    326 KBytes       
[  5]   8.00-9.00   sec  84.2 MBytes   706 Mbits/sec   20    237 KBytes       
[  5]   9.00-10.00  sec  84.2 MBytes   707 Mbits/sec   14    297 KBytes       
[  5]  10.00-11.00  sec  86.4 MBytes   725 Mbits/sec    6    382 KBytes       
[  5]  11.00-12.00  sec  84.3 MBytes   708 Mbits/sec   20    270 KBytes       
[  5]  12.00-13.00  sec  86.4 MBytes   725 Mbits/sec   15    285 KBytes       
[  5]  13.00-14.00  sec  89.5 MBytes   751 Mbits/sec    0    439 KBytes       
[  5]  14.00-15.00  sec  89.0 MBytes   746 Mbits/sec   15    366 KBytes       
[  5]  15.00-16.00  sec  85.0 MBytes   713 Mbits/sec   18    290 KBytes       
[  5]  16.00-17.00  sec  85.4 MBytes   716 Mbits/sec   25    194 KBytes       
[  5]  17.00-18.00  sec  89.3 MBytes   749 Mbits/sec   14    238 KBytes       
[  5]  18.00-19.00  sec  88.5 MBytes   743 Mbits/sec    5    344 KBytes       
[  5]  19.00-20.00  sec  83.9 MBytes   703 Mbits/sec   28    166 KBytes       
[  5]  20.00-21.01  sec  78.3 MBytes   649 Mbits/sec   38    191 KBytes       
[  5]  21.01-22.00  sec  88.4 MBytes   751 Mbits/sec    8    327 KBytes       
[  5]  22.00-23.00  sec  83.1 MBytes   697 Mbits/sec   27    224 KBytes       
[  5]  23.00-24.00  sec  85.5 MBytes   717 Mbits/sec   13    186 KBytes       
[  5]  24.00-25.00  sec  88.0 MBytes   738 Mbits/sec   82    191 KBytes       
[  5]  25.00-26.00  sec  81.7 MBytes   686 Mbits/sec   15    281 KBytes       
[  5]  26.00-27.00  sec  87.0 MBytes   730 Mbits/sec    6    351 KBytes       
[  5]  27.00-28.00  sec  87.7 MBytes   736 Mbits/sec    7    366 KBytes       
[  5]  28.00-29.00  sec  85.8 MBytes   719 Mbits/sec   26    308 KBytes       
[  5]  29.00-30.00  sec  81.8 MBytes   686 Mbits/sec   14    311 KBytes       
[  5]  30.00-31.00  sec  84.1 MBytes   705 Mbits/sec   76    230 KBytes       
[  5]  31.00-32.00  sec  82.7 MBytes   694 Mbits/sec   15    297 KBytes       
[  5]  32.00-33.00  sec  85.0 MBytes   713 Mbits/sec   21    260 KBytes       
[  5]  33.00-34.00  sec  82.7 MBytes   694 Mbits/sec    8    346 KBytes       
[  5]  34.00-35.00  sec  86.6 MBytes   726 Mbits/sec   22    244 KBytes       
[  5]  35.00-36.00  sec  80.0 MBytes   671 Mbits/sec   27    171 KBytes       
[  5]  36.00-37.00  sec  78.4 MBytes   658 Mbits/sec   14    227 KBytes       
[  5]  37.00-38.00  sec  86.1 MBytes   722 Mbits/sec   31    234 KBytes       
[  5]  38.00-39.00  sec  87.1 MBytes   731 Mbits/sec    6    361 KBytes       
[  5]  39.00-40.01  sec  87.9 MBytes   729 Mbits/sec   93    253 KBytes       
[  5]  40.01-41.00  sec  82.0 MBytes   697 Mbits/sec    8    351 KBytes       
[  5]  41.00-42.00  sec  81.5 MBytes   684 Mbits/sec   11    259 KBytes       
[  5]  42.00-43.00  sec  82.0 MBytes   688 Mbits/sec   13    270 KBytes       
[  5]  43.00-44.00  sec  85.7 MBytes   719 Mbits/sec   13    322 KBytes       
[  5]  44.00-45.00  sec  89.7 MBytes   752 Mbits/sec   12    269 KBytes       
[  5]  45.00-46.00  sec  84.4 MBytes   708 Mbits/sec   23    248 KBytes       
[  5]  46.00-47.00  sec  87.4 MBytes   733 Mbits/sec   14    351 KBytes       
[  5]  47.00-48.00  sec  90.7 MBytes   759 Mbits/sec    7    407 KBytes       
[  5]  48.00-49.00  sec  82.8 MBytes   696 Mbits/sec   30    245 KBytes       
[  5]  49.00-50.00  sec  80.2 MBytes   673 Mbits/sec   20    285 KBytes       
[  5]  50.00-51.00  sec  83.4 MBytes   700 Mbits/sec   16    263 KBytes       
[  5]  51.00-52.00  sec  83.6 MBytes   701 Mbits/sec   19    263 KBytes       
[  5]  52.00-53.00  sec  84.7 MBytes   710 Mbits/sec    8    309 KBytes       
[  5]  53.00-54.00  sec  82.7 MBytes   694 Mbits/sec    6    382 KBytes       
[  5]  54.00-55.00  sec  84.8 MBytes   712 Mbits/sec   29    189 KBytes       
[  5]  55.00-56.00  sec  79.7 MBytes   669 Mbits/sec   14    267 KBytes       
[  5]  56.00-57.00  sec  84.7 MBytes   710 Mbits/sec    7    358 KBytes       
[  5]  57.00-58.00  sec  86.5 MBytes   726 Mbits/sec   48    293 KBytes       
[  5]  58.00-59.00  sec  87.2 MBytes   730 Mbits/sec    5    364 KBytes       
[  5]  59.00-60.00  sec  84.7 MBytes   712 Mbits/sec    8    328 KBytes       
- - - - - - - - - - - - - - - - - - - - - - - - -
[ ID] Interval           Transfer     Bitrate         Retr
[  5]   0.00-60.00  sec  4.99 GBytes   714 Mbits/sec  1184             sender
[  5]   0.00-60.04  sec  4.99 GBytes   714 Mbits/sec                  receiver

iperf Done.
