Connecting to host knb-server-257978, port 5201
[  5] local 10.136.173.103 port 48498 connected to 10.43.214.158 port 5201
[ ID] Interval           Transfer     Bitrate         Total Datagrams
[  5]   0.00-1.00   sec  68.9 MBytes   578 Mbits/sec  61340  (omitted)
[  5]   0.00-1.00   sec  74.6 MBytes   625 Mbits/sec  66370  
[  5]   1.00-2.00   sec  75.0 MBytes   629 Mbits/sec  66740  
[  5]   2.00-3.00   sec  78.8 MBytes   661 Mbits/sec  70100  
[  5]   3.00-4.00   sec  72.5 MBytes   609 Mbits/sec  64570  
[  5]   4.00-5.00   sec  73.8 MBytes   619 Mbits/sec  65700  
[  5]   5.00-6.00   sec  75.2 MBytes   631 Mbits/sec  66910  
[  5]   6.00-7.00   sec  74.0 MBytes   621 Mbits/sec  65870  
[  5]   7.00-8.00   sec  70.7 MBytes   593 Mbits/sec  62900  
[  5]   8.00-9.00   sec  75.4 MBytes   632 Mbits/sec  67100  
[  5]   9.00-10.00  sec  73.4 MBytes   616 Mbits/sec  65380  
[  5]  10.00-11.00  sec  74.1 MBytes   622 Mbits/sec  65970  
[  5]  11.00-12.00  sec  75.6 MBytes   634 Mbits/sec  67260  
[  5]  12.00-13.00  sec  74.2 MBytes   623 Mbits/sec  66070  
[  5]  13.00-14.00  sec  74.5 MBytes   625 Mbits/sec  66310  
[  5]  14.00-15.00  sec  72.7 MBytes   610 Mbits/sec  64730  
[  5]  15.00-16.00  sec  74.6 MBytes   626 Mbits/sec  66400  
[  5]  16.00-17.00  sec  76.3 MBytes   640 Mbits/sec  67880  
[  5]  17.00-18.00  sec  74.4 MBytes   624 Mbits/sec  66200  
[  5]  18.00-19.00  sec  75.4 MBytes   633 Mbits/sec  67140  
[  5]  19.00-20.00  sec  74.3 MBytes   623 Mbits/sec  66110  
[  5]  20.00-21.00  sec  74.8 MBytes   628 Mbits/sec  66600  
[  5]  21.00-22.00  sec  74.3 MBytes   624 Mbits/sec  66170  
[  5]  22.00-23.00  sec  74.9 MBytes   628 Mbits/sec  66670  
[  5]  23.00-24.00  sec  69.6 MBytes   584 Mbits/sec  61980  
[  5]  24.00-25.00  sec  54.0 MBytes   453 Mbits/sec  48110  
[  5]  25.00-26.00  sec  57.9 MBytes   486 Mbits/sec  51570  
[  5]  26.00-27.00  sec  72.1 MBytes   605 Mbits/sec  64210  
[  5]  27.00-28.00  sec  74.6 MBytes   625 Mbits/sec  66360  
[  5]  28.00-29.00  sec  74.8 MBytes   627 Mbits/sec  66570  
[  5]  29.00-30.00  sec  73.0 MBytes   613 Mbits/sec  65020  
[  5]  30.00-31.00  sec  73.4 MBytes   616 Mbits/sec  65330  
[  5]  31.00-32.00  sec  76.9 MBytes   645 Mbits/sec  68430  
[  5]  32.00-33.00  sec  75.3 MBytes   631 Mbits/sec  67000  
[  5]  33.00-34.00  sec  70.6 MBytes   592 Mbits/sec  62860  
[  5]  34.00-35.00  sec  72.4 MBytes   607 Mbits/sec  64430  
[  5]  35.00-36.00  sec  72.3 MBytes   606 Mbits/sec  64320  
[  5]  36.00-37.00  sec  71.3 MBytes   599 Mbits/sec  63500  
[  5]  37.00-38.00  sec  53.8 MBytes   452 Mbits/sec  47920  
[  5]  38.00-39.00  sec  54.6 MBytes   458 Mbits/sec  48610  
[  5]  39.00-40.00  sec  62.3 MBytes   523 Mbits/sec  55490  
[  5]  40.00-41.00  sec  78.7 MBytes   660 Mbits/sec  70050  
[  5]  41.00-42.00  sec  77.8 MBytes   652 Mbits/sec  69220  
[  5]  42.00-43.00  sec  75.7 MBytes   635 Mbits/sec  67360  
[  5]  43.00-44.00  sec  73.9 MBytes   620 Mbits/sec  65790  
[  5]  44.00-45.00  sec  75.7 MBytes   635 Mbits/sec  67400  
[  5]  45.00-46.00  sec  75.0 MBytes   629 Mbits/sec  66780  
[  5]  46.00-47.00  sec  76.7 MBytes   643 Mbits/sec  68240  
[  5]  47.00-48.00  sec  73.8 MBytes   619 Mbits/sec  65680  
[  5]  48.00-49.00  sec  73.5 MBytes   616 Mbits/sec  65410  
[  5]  49.00-50.00  sec  68.3 MBytes   573 Mbits/sec  60760  
[  5]  50.00-51.00  sec  74.6 MBytes   626 Mbits/sec  66380  
[  5]  51.00-52.00  sec  74.5 MBytes   625 Mbits/sec  66310  
[  5]  52.00-53.00  sec  74.1 MBytes   622 Mbits/sec  66000  
[  5]  53.00-54.00  sec  73.0 MBytes   613 Mbits/sec  65010  
[  5]  54.00-55.00  sec  74.9 MBytes   628 Mbits/sec  66670  
[  5]  55.00-56.00  sec  66.7 MBytes   560 Mbits/sec  59400  
[  5]  56.00-57.00  sec  74.8 MBytes   627 Mbits/sec  66580  
[  5]  57.00-58.00  sec  74.8 MBytes   628 Mbits/sec  66580  
[  5]  58.00-59.00  sec  75.1 MBytes   630 Mbits/sec  66840  
[  5]  59.00-60.00  sec  71.5 MBytes   600 Mbits/sec  63660  
- - - - - - - - - - - - - - - - - - - - - - - - -
[ ID] Interval           Transfer     Bitrate         Jitter    Lost/Total Datagrams
[  5]   0.00-60.00  sec  4.25 GBytes   609 Mbits/sec  0.000 ms  0/3876980 (0%)  sender
[  5]   0.00-60.26  sec  1.64 GBytes   234 Mbits/sec  0.007 ms  2421864/3874682 (63%)  receiver

iperf Done.
