Connecting to host 10.136.80.135, port 5201
[  5] local 10.136.173.69 port 56968 connected to 10.136.80.135 port 5201
[ ID] Interval           Transfer     Bitrate         Retr  Cwnd
[  5]   0.00-1.00   sec  95.6 MBytes   802 Mbits/sec   26    433 KBytes       (omitted)
[  5]   0.00-1.00   sec  91.2 MBytes   765 Mbits/sec    0    568 KBytes       
[  5]   1.00-2.00   sec  91.2 MBytes   765 Mbits/sec    0    677 KBytes       
[  5]   2.00-3.00   sec  92.5 MBytes   776 Mbits/sec    1    769 KBytes       
[  5]   3.00-4.00   sec  92.5 MBytes   776 Mbits/sec   14    612 KBytes       
[  5]   4.00-5.00   sec  91.2 MBytes   765 Mbits/sec    1    713 KBytes       
[  5]   5.00-6.00   sec  92.5 MBytes   776 Mbits/sec    6    616 KBytes       
[  5]   6.00-7.00   sec  91.2 MBytes   765 Mbits/sec    8    549 KBytes       
[  5]   7.00-8.00   sec  73.8 MBytes   619 Mbits/sec  406    584 KBytes       
[  5]   8.00-9.00   sec  92.5 MBytes   776 Mbits/sec    7    520 KBytes       
[  5]   9.00-10.00  sec  91.2 MBytes   765 Mbits/sec    0    640 KBytes       
[  5]  10.00-11.00  sec  92.5 MBytes   776 Mbits/sec    0    739 KBytes       
[  5]  11.00-12.00  sec  91.2 MBytes   765 Mbits/sec    9    593 KBytes       
[  5]  12.00-13.00  sec  92.5 MBytes   776 Mbits/sec    0    699 KBytes       
[  5]  13.00-14.00  sec  91.2 MBytes   765 Mbits/sec    0    790 KBytes       
[  5]  14.00-15.00  sec  91.2 MBytes   765 Mbits/sec    0    872 KBytes       
[  5]  15.00-16.00  sec  92.5 MBytes   776 Mbits/sec    7    692 KBytes       
[  5]  16.00-17.00  sec  92.5 MBytes   776 Mbits/sec    7    588 KBytes       
[  5]  17.00-18.00  sec  90.0 MBytes   755 Mbits/sec  352    426 KBytes       
[  5]  18.00-19.00  sec  91.2 MBytes   765 Mbits/sec    0    562 KBytes       
[  5]  19.00-20.00  sec  92.5 MBytes   776 Mbits/sec    0    673 KBytes       
[  5]  20.00-21.00  sec  91.2 MBytes   765 Mbits/sec    0    770 KBytes       
[  5]  21.00-22.00  sec  92.5 MBytes   776 Mbits/sec    0    855 KBytes       
[  5]  22.00-23.00  sec  91.2 MBytes   765 Mbits/sec   14    684 KBytes       
[  5]  23.00-24.00  sec  92.5 MBytes   776 Mbits/sec    7    557 KBytes       
[  5]  24.00-25.00  sec  91.2 MBytes   765 Mbits/sec    0    670 KBytes       
[  5]  25.00-26.00  sec  92.5 MBytes   776 Mbits/sec    0    766 KBytes       
[  5]  26.00-27.00  sec  92.5 MBytes   776 Mbits/sec   13    415 KBytes       
[  5]  27.00-28.00  sec  91.2 MBytes   765 Mbits/sec    0    554 KBytes       
[  5]  28.00-29.00  sec  91.2 MBytes   765 Mbits/sec    0    668 KBytes       
[  5]  29.00-30.00  sec  92.5 MBytes   776 Mbits/sec    6    534 KBytes       
[  5]  30.00-31.00  sec  91.2 MBytes   765 Mbits/sec    0    648 KBytes       
[  5]  31.00-32.00  sec  92.5 MBytes   776 Mbits/sec    0    745 KBytes       
[  5]  32.00-33.00  sec  91.2 MBytes   765 Mbits/sec    0    834 KBytes       
[  5]  33.00-34.00  sec  92.5 MBytes   776 Mbits/sec    7    659 KBytes       
[  5]  34.00-35.00  sec  91.2 MBytes   765 Mbits/sec    0    756 KBytes       
[  5]  35.00-36.00  sec  92.5 MBytes   776 Mbits/sec    0    842 KBytes       
[  5]  36.00-37.00  sec  92.5 MBytes   776 Mbits/sec    0    920 KBytes       
[  5]  37.00-38.00  sec  91.2 MBytes   765 Mbits/sec   19    455 KBytes       
[  5]  38.00-39.00  sec  91.2 MBytes   765 Mbits/sec    0    584 KBytes       
[  5]  39.00-40.00  sec  91.2 MBytes   765 Mbits/sec    6    485 KBytes       
[  5]  40.00-41.00  sec  91.2 MBytes   765 Mbits/sec    0    608 KBytes       
[  5]  41.00-42.00  sec  92.5 MBytes   776 Mbits/sec    0    711 KBytes       
[  5]  42.00-43.00  sec  91.2 MBytes   765 Mbits/sec    0    801 KBytes       
[  5]  43.00-44.00  sec  92.5 MBytes   776 Mbits/sec   16    632 KBytes       
[  5]  44.00-45.00  sec  91.2 MBytes   765 Mbits/sec    0    732 KBytes       
[  5]  45.00-46.00  sec  92.5 MBytes   776 Mbits/sec    0    822 KBytes       
[  5]  46.00-47.00  sec  91.2 MBytes   765 Mbits/sec    0    901 KBytes       
[  5]  47.00-48.00  sec  92.5 MBytes   776 Mbits/sec   14    718 KBytes       
[  5]  48.00-49.00  sec  91.2 MBytes   766 Mbits/sec    7    580 KBytes       
[  5]  49.00-50.00  sec  91.2 MBytes   765 Mbits/sec    7    482 KBytes       
[  5]  50.00-51.00  sec  91.2 MBytes   765 Mbits/sec    0    606 KBytes       
[  5]  51.00-52.00  sec  92.5 MBytes   776 Mbits/sec    6    504 KBytes       
[  5]  52.00-53.00  sec  91.2 MBytes   765 Mbits/sec    7    490 KBytes       
[  5]  53.00-54.00  sec  91.2 MBytes   765 Mbits/sec    0    613 KBytes       
[  5]  54.00-55.00  sec  92.5 MBytes   776 Mbits/sec    0    717 KBytes       
[  5]  55.00-56.00  sec  91.2 MBytes   765 Mbits/sec  126    583 KBytes       
[  5]  56.00-57.00  sec  91.2 MBytes   765 Mbits/sec    0    692 KBytes       
[  5]  57.00-58.00  sec  92.5 MBytes   776 Mbits/sec    0    784 KBytes       
[  5]  58.00-59.00  sec  91.2 MBytes   765 Mbits/sec    0    868 KBytes       
[  5]  59.00-60.00  sec  92.5 MBytes   776 Mbits/sec    7    661 KBytes       
- - - - - - - - - - - - - - - - - - - - - - - - -
[ ID] Interval           Transfer     Bitrate         Retr
[  5]   0.00-60.00  sec  5.36 GBytes   767 Mbits/sec  1080             sender
[  5]   0.00-60.04  sec  5.36 GBytes   767 Mbits/sec                  receiver

iperf Done.
