Connecting to host 10.136.80.132, port 5201
[  5] local 10.136.173.68 port 37516 connected to 10.136.80.132 port 5201
[ ID] Interval           Transfer     Bitrate         Retr  Cwnd
[  5]   0.00-1.00   sec   667 KBytes  5.47 Mbits/sec   62   1.15 KBytes       (omitted)
[  5]   0.00-1.00   sec   170 KBytes  1.39 Mbits/sec   21   1.15 KBytes       
[  5]   1.00-2.00   sec   205 KBytes  1.68 Mbits/sec   16   1.15 KBytes       
[  5]   2.00-3.00   sec   314 KBytes  2.57 Mbits/sec   30   2.30 KBytes       
[  5]   3.00-4.00   sec   395 KBytes  3.23 Mbits/sec   33   1.15 KBytes       
[  5]   4.00-5.00   sec   107 KBytes  0.88 Mbits/sec   19   1.15 KBytes       
[  5]   5.00-6.00   sec   420 KBytes  3.44 Mbits/sec   35   1.15 KBytes       
[  5]   6.00-7.00   sec   337 KBytes  2.76 Mbits/sec   31   1.15 KBytes       
[  5]   7.00-8.00   sec   170 KBytes  1.39 Mbits/sec   17   1.15 KBytes       
[  5]   8.00-9.00   sec   544 KBytes  4.46 Mbits/sec   40   1.15 KBytes       
[  5]   9.00-10.00  sec   313 KBytes  2.56 Mbits/sec   31   2.30 KBytes       
[  5]  10.00-11.00  sec  67.9 KBytes  0.56 Mbits/sec    8   1.15 KBytes       
[  5]  11.00-12.00  sec   107 KBytes  0.88 Mbits/sec   11   2.30 KBytes       
[  5]  12.00-13.00  sec   488 KBytes  3.99 Mbits/sec   42   1.15 KBytes       
[  5]  13.00-14.00  sec   320 KBytes  2.62 Mbits/sec   37   1.15 KBytes       
[  5]  14.00-15.00  sec   999 KBytes  8.18 Mbits/sec   80   3.45 KBytes       
[  5]  15.00-16.00  sec   559 KBytes  4.58 Mbits/sec   54   2.30 KBytes       
[  5]  16.00-17.00  sec   794 KBytes  6.50 Mbits/sec   68   1.15 KBytes       
[  5]  17.00-18.00  sec   360 KBytes  2.95 Mbits/sec   32   1.15 KBytes       
[  5]  18.00-19.00  sec  0.00 Bytes  0.00 Mbits/sec    2   1.15 KBytes       
[  5]  19.00-20.00  sec   342 KBytes  2.80 Mbits/sec   26   2.30 KBytes       
[  5]  20.00-21.00  sec   311 KBytes  2.54 Mbits/sec   31   1.15 KBytes       
[  5]  21.00-22.00  sec   243 KBytes  1.99 Mbits/sec   21   1.15 KBytes       
[  5]  22.00-23.00  sec   298 KBytes  2.44 Mbits/sec   33   1.15 KBytes       
[  5]  23.00-24.00  sec   389 KBytes  3.19 Mbits/sec   39   2.30 KBytes       
[  5]  24.00-25.00  sec   312 KBytes  2.55 Mbits/sec   34   1.15 KBytes       
[  5]  25.00-26.00  sec   590 KBytes  4.83 Mbits/sec   45   8.05 KBytes       
[  5]  26.00-27.00  sec   309 KBytes  2.54 Mbits/sec   40   2.30 KBytes       
[  5]  27.00-28.00  sec   314 KBytes  2.57 Mbits/sec   32   1.15 KBytes       
[  5]  28.00-29.00  sec   209 KBytes  1.71 Mbits/sec   23   1.15 KBytes       
[  5]  29.00-30.00  sec   601 KBytes  4.92 Mbits/sec   61   2.30 KBytes       
[  5]  30.00-31.00  sec   204 KBytes  1.67 Mbits/sec   24   2.30 KBytes       
[  5]  31.00-32.00  sec   436 KBytes  3.57 Mbits/sec   37   1.15 KBytes       
[  5]  32.00-33.00  sec   135 KBytes  1.10 Mbits/sec   15   1.15 KBytes       
[  5]  33.00-34.00  sec  0.00 Bytes  0.00 Mbits/sec    1   1.15 KBytes       
[  5]  34.00-35.00  sec   477 KBytes  3.91 Mbits/sec   46   4.60 KBytes       
[  5]  35.00-36.00  sec   418 KBytes  3.42 Mbits/sec   38   1.15 KBytes       
[  5]  36.00-37.00  sec   205 KBytes  1.68 Mbits/sec   21   2.30 KBytes       
[  5]  37.00-38.00  sec   676 KBytes  5.54 Mbits/sec   61   1.15 KBytes       
[  5]  38.00-39.00  sec   421 KBytes  3.45 Mbits/sec   38   1.15 KBytes       
[  5]  39.00-40.00  sec   641 KBytes  5.25 Mbits/sec   74   1.15 KBytes       
[  5]  40.00-41.00  sec   260 KBytes  2.13 Mbits/sec   24   2.30 KBytes       
[  5]  41.00-42.00  sec   381 KBytes  3.12 Mbits/sec   38   2.30 KBytes       
[  5]  42.00-43.00  sec   335 KBytes  2.74 Mbits/sec   36   1.15 KBytes       
[  5]  43.00-44.00  sec   188 KBytes  1.54 Mbits/sec   24   2.30 KBytes       
[  5]  44.00-45.00  sec   387 KBytes  3.17 Mbits/sec   31   2.30 KBytes       
[  5]  45.00-46.00  sec   156 KBytes  1.28 Mbits/sec   22   2.30 KBytes       
[  5]  46.00-47.00  sec   687 KBytes  5.63 Mbits/sec   53   2.30 KBytes       
[  5]  47.00-48.00  sec   260 KBytes  2.13 Mbits/sec   29   1.15 KBytes       
[  5]  48.00-49.00  sec   442 KBytes  3.62 Mbits/sec   38   2.30 KBytes       
[  5]  49.00-50.00  sec   254 KBytes  2.08 Mbits/sec   27   1.15 KBytes       
[  5]  50.00-51.00  sec   321 KBytes  2.63 Mbits/sec   42   1.15 KBytes       
[  5]  51.00-52.00  sec  63.3 KBytes  0.52 Mbits/sec    7   1.15 KBytes       
[  5]  52.00-53.00  sec   129 KBytes  1.06 Mbits/sec   11   2.30 KBytes       
[  5]  53.00-54.00  sec  93.2 KBytes  0.76 Mbits/sec   14   1.15 KBytes       
[  5]  54.00-55.00  sec   127 KBytes  1.04 Mbits/sec   13   1.15 KBytes       
[  5]  55.00-56.00  sec   484 KBytes  3.97 Mbits/sec   36   2.30 KBytes       
[  5]  56.00-57.00  sec   688 KBytes  5.64 Mbits/sec   52   2.30 KBytes       
[  5]  57.00-58.00  sec   327 KBytes  2.68 Mbits/sec   35   3.45 KBytes       
[  5]  58.00-59.00  sec   369 KBytes  3.02 Mbits/sec   34   1.15 KBytes       
[  5]  59.00-60.00  sec   250 KBytes  2.05 Mbits/sec   27   1.15 KBytes       
- - - - - - - - - - - - - - - - - - - - - - - - -
[ ID] Interval           Transfer     Bitrate         Retr
[  5]   0.00-60.00  sec  19.9 MBytes  2.78 Mbits/sec  1940             sender
[  5]   0.00-60.04  sec  19.9 MBytes  2.78 Mbits/sec                  receiver

iperf Done.
