Connecting to host 10.136.80.179, port 5201
[  5] local 10.136.173.105 port 59171 connected to 10.136.80.179 port 5201
[ ID] Interval           Transfer     Bitrate         Total Datagrams
[  5]   0.00-1.00   sec  92.9 MBytes   779 Mbits/sec  69700  (omitted)
[  5]   0.00-1.00   sec  95.0 MBytes   797 Mbits/sec  71270  
[  5]   1.00-2.00   sec  93.9 MBytes   788 Mbits/sec  70420  
[  5]   2.00-3.00   sec  93.2 MBytes   782 Mbits/sec  69940  
[  5]   3.00-4.00   sec  94.0 MBytes   789 Mbits/sec  70500  
[  5]   4.00-5.00   sec  94.2 MBytes   790 Mbits/sec  70660  
[  5]   5.00-6.00   sec  96.4 MBytes   809 Mbits/sec  72300  
[  5]   6.00-7.00   sec  93.2 MBytes   782 Mbits/sec  69940  
[  5]   7.00-8.00   sec  93.3 MBytes   783 Mbits/sec  69970  
[  5]   8.00-9.00   sec  82.6 MBytes   693 Mbits/sec  61990  
[  5]   9.00-10.00  sec  78.3 MBytes   657 Mbits/sec  58730  
[  5]  10.00-11.00  sec  78.7 MBytes   660 Mbits/sec  59020  
[  5]  11.00-12.00  sec  79.4 MBytes   666 Mbits/sec  59520  
[  5]  12.00-13.00  sec  78.9 MBytes   662 Mbits/sec  59190  
[  5]  13.00-14.00  sec  78.4 MBytes   658 Mbits/sec  58820  
[  5]  14.00-15.00  sec  78.9 MBytes   662 Mbits/sec  59160  
[  5]  15.00-16.00  sec  93.9 MBytes   788 Mbits/sec  70460  
[  5]  16.00-17.00  sec  90.5 MBytes   759 Mbits/sec  67880  
[  5]  17.00-18.00  sec  92.9 MBytes   780 Mbits/sec  69700  
[  5]  18.00-19.00  sec  93.4 MBytes   783 Mbits/sec  70030  
[  5]  19.00-20.00  sec  93.9 MBytes   788 Mbits/sec  70440  
[  5]  20.00-21.00  sec  95.3 MBytes   800 Mbits/sec  71500  
[  5]  21.00-22.00  sec  96.5 MBytes   809 Mbits/sec  72380  
[  5]  22.00-23.00  sec  94.2 MBytes   791 Mbits/sec  70680  
[  5]  23.00-24.00  sec  94.4 MBytes   791 Mbits/sec  70770  
[  5]  24.00-25.00  sec  93.7 MBytes   786 Mbits/sec  70290  
[  5]  25.00-26.00  sec  94.1 MBytes   789 Mbits/sec  70580  
[  5]  26.00-27.00  sec  94.4 MBytes   792 Mbits/sec  70790  
[  5]  27.00-28.00  sec  94.1 MBytes   789 Mbits/sec  70560  
[  5]  28.00-29.00  sec  93.9 MBytes   787 Mbits/sec  70410  
[  5]  29.00-30.00  sec  94.2 MBytes   790 Mbits/sec  70640  
[  5]  30.00-31.00  sec  93.6 MBytes   785 Mbits/sec  70190  
[  5]  31.00-32.00  sec  94.2 MBytes   790 Mbits/sec  70650  
[  5]  32.00-33.00  sec  94.6 MBytes   794 Mbits/sec  70970  
[  5]  33.00-34.00  sec  94.4 MBytes   792 Mbits/sec  70800  
[  5]  34.00-35.00  sec  93.2 MBytes   782 Mbits/sec  69920  
[  5]  35.00-36.00  sec  93.4 MBytes   784 Mbits/sec  70070  
[  5]  36.00-37.00  sec  94.3 MBytes   791 Mbits/sec  70760  
[  5]  37.00-38.00  sec  94.0 MBytes   789 Mbits/sec  70500  
[  5]  38.00-39.00  sec  93.8 MBytes   787 Mbits/sec  70330  
[  5]  39.00-40.00  sec  93.7 MBytes   786 Mbits/sec  70290  
[  5]  40.00-41.00  sec  94.1 MBytes   789 Mbits/sec  70550  
[  5]  41.00-42.00  sec  94.2 MBytes   790 Mbits/sec  70680  
[  5]  42.00-43.00  sec  94.0 MBytes   789 Mbits/sec  70510  
[  5]  43.00-44.00  sec  93.3 MBytes   783 Mbits/sec  70010  
[  5]  44.00-45.00  sec  94.2 MBytes   790 Mbits/sec  70680  
[  5]  45.00-46.00  sec  92.8 MBytes   779 Mbits/sec  69610  
[  5]  46.00-47.00  sec  94.2 MBytes   790 Mbits/sec  70650  
[  5]  47.00-48.00  sec  93.8 MBytes   787 Mbits/sec  70360  
[  5]  48.00-49.00  sec  78.0 MBytes   654 Mbits/sec  58470  
[  5]  49.00-50.00  sec  79.5 MBytes   667 Mbits/sec  59630  
[  5]  50.00-51.00  sec  77.5 MBytes   650 Mbits/sec  58160  
[  5]  51.00-52.00  sec  78.5 MBytes   658 Mbits/sec  58850  
[  5]  52.00-53.00  sec  79.3 MBytes   665 Mbits/sec  59450  
[  5]  53.00-54.00  sec  78.9 MBytes   662 Mbits/sec  59210  
[  5]  54.00-55.00  sec  78.1 MBytes   655 Mbits/sec  58580  
[  5]  55.00-56.00  sec  78.4 MBytes   657 Mbits/sec  58780  
[  5]  56.00-57.00  sec  79.5 MBytes   667 Mbits/sec  59620  
[  5]  57.00-58.00  sec  77.4 MBytes   649 Mbits/sec  58070  
[  5]  58.00-59.00  sec  79.2 MBytes   665 Mbits/sec  59420  
[  5]  59.00-60.00  sec  79.1 MBytes   663 Mbits/sec  59300  
- - - - - - - - - - - - - - - - - - - - - - - - -
[ ID] Interval           Transfer     Bitrate         Jitter    Lost/Total Datagrams
[  5]   0.00-60.00  sec  5.23 GBytes   748 Mbits/sec  0.000 ms  0/4013610 (0%)  sender
[  5]   0.00-60.04  sec  5.23 GBytes   748 Mbits/sec  0.015 ms  1993/4013610 (0.05%)  receiver

iperf Done.
