Connecting to host 10.136.80.163, port 5201
[  5] local 10.136.173.118 port 44634 connected to 10.136.80.163 port 5201
[ ID] Interval           Transfer     Bitrate         Total Datagrams
[  5]   0.00-1.00   sec  76.1 MBytes   639 Mbits/sec  67760  (omitted)
[  5]   0.00-1.00   sec  76.5 MBytes   642 Mbits/sec  68090  
[  5]   1.00-2.00   sec  75.8 MBytes   636 Mbits/sec  67480  
[  5]   2.00-3.00   sec  74.7 MBytes   626 Mbits/sec  66460  
[  5]   3.00-4.00   sec  74.7 MBytes   627 Mbits/sec  66530  
[  5]   4.00-5.00   sec  74.0 MBytes   621 Mbits/sec  65890  
[  5]   5.00-6.00   sec  64.0 MBytes   537 Mbits/sec  56980  
[  5]   6.00-7.00   sec  54.5 MBytes   457 Mbits/sec  48490  
[  5]   7.00-8.00   sec  56.8 MBytes   476 Mbits/sec  50550  
[  5]   8.00-9.00   sec  54.8 MBytes   459 Mbits/sec  48750  
[  5]   9.00-10.00  sec  58.3 MBytes   489 Mbits/sec  51920  
[  5]  10.00-11.00  sec  71.4 MBytes   599 Mbits/sec  63520  
[  5]  11.00-12.00  sec  54.2 MBytes   455 Mbits/sec  48260  
[  5]  12.00-13.00  sec  54.5 MBytes   457 Mbits/sec  48480  
[  5]  13.00-14.00  sec  47.0 MBytes   394 Mbits/sec  41860  
[  5]  14.00-15.00  sec  54.4 MBytes   456 Mbits/sec  48430  
[  5]  15.00-16.00  sec  54.0 MBytes   453 Mbits/sec  48050  
[  5]  16.00-17.00  sec  58.0 MBytes   487 Mbits/sec  51650  
[  5]  17.00-18.00  sec  59.4 MBytes   498 Mbits/sec  52880  
[  5]  18.00-19.00  sec  58.2 MBytes   488 Mbits/sec  51820  
[  5]  19.00-20.00  sec  59.5 MBytes   500 Mbits/sec  53000  
[  5]  20.00-21.00  sec  74.5 MBytes   625 Mbits/sec  66320  
[  5]  21.00-22.00  sec  74.9 MBytes   629 Mbits/sec  66700  
[  5]  22.00-23.00  sec  75.9 MBytes   637 Mbits/sec  67600  
[  5]  23.00-24.00  sec  75.9 MBytes   636 Mbits/sec  67540  
[  5]  24.00-25.00  sec  76.0 MBytes   637 Mbits/sec  67620  
[  5]  25.00-26.00  sec  73.3 MBytes   615 Mbits/sec  65240  
[  5]  26.00-27.00  sec  75.5 MBytes   634 Mbits/sec  67240  
[  5]  27.00-28.00  sec  75.6 MBytes   634 Mbits/sec  67280  
[  5]  28.00-29.00  sec  74.8 MBytes   628 Mbits/sec  66620  
[  5]  29.00-30.00  sec  74.0 MBytes   621 Mbits/sec  65870  
[  5]  30.00-31.00  sec  74.0 MBytes   621 Mbits/sec  65840  
[  5]  31.00-32.00  sec  69.8 MBytes   585 Mbits/sec  62100  
[  5]  32.00-33.00  sec  75.3 MBytes   632 Mbits/sec  67070  
[  5]  33.00-34.00  sec  67.5 MBytes   566 Mbits/sec  60070  
[  5]  34.00-35.00  sec  74.3 MBytes   623 Mbits/sec  66110  
[  5]  35.00-36.00  sec  69.8 MBytes   585 Mbits/sec  62110  
[  5]  36.00-37.00  sec  74.0 MBytes   621 Mbits/sec  65890  
[  5]  37.00-38.00  sec  75.0 MBytes   629 Mbits/sec  66720  
[  5]  38.00-39.00  sec  75.5 MBytes   634 Mbits/sec  67240  
[  5]  39.00-40.00  sec  71.5 MBytes   600 Mbits/sec  63680  
[  5]  40.00-41.00  sec  71.0 MBytes   596 Mbits/sec  63230  
[  5]  41.00-42.00  sec  73.0 MBytes   612 Mbits/sec  64960  
[  5]  42.00-43.00  sec  73.5 MBytes   616 Mbits/sec  65410  
[  5]  43.00-44.00  sec  73.4 MBytes   616 Mbits/sec  65360  
[  5]  44.00-45.00  sec  74.0 MBytes   621 Mbits/sec  65870  
[  5]  45.00-46.00  sec  72.9 MBytes   611 Mbits/sec  64860  
[  5]  46.00-47.00  sec  73.7 MBytes   618 Mbits/sec  65590  
[  5]  47.00-48.00  sec  71.0 MBytes   596 Mbits/sec  63200  
[  5]  48.00-49.00  sec  75.3 MBytes   632 Mbits/sec  67060  
[  5]  49.00-50.00  sec  74.2 MBytes   623 Mbits/sec  66060  
[  5]  50.00-51.00  sec  75.1 MBytes   630 Mbits/sec  66870  
[  5]  51.00-52.00  sec  75.0 MBytes   629 Mbits/sec  66760  
[  5]  52.00-53.00  sec  67.7 MBytes   568 Mbits/sec  60260  
[  5]  53.00-54.00  sec  73.1 MBytes   613 Mbits/sec  65040  
[  5]  54.00-55.00  sec  74.5 MBytes   625 Mbits/sec  66280  
[  5]  55.00-56.00  sec  74.2 MBytes   623 Mbits/sec  66090  
[  5]  56.00-57.00  sec  74.8 MBytes   627 Mbits/sec  66560  
[  5]  57.00-58.00  sec  74.9 MBytes   628 Mbits/sec  66680  
[  5]  58.00-59.00  sec  74.4 MBytes   624 Mbits/sec  66200  
[  5]  59.00-60.00  sec  67.4 MBytes   565 Mbits/sec  59970  
- - - - - - - - - - - - - - - - - - - - - - - - -
[ ID] Interval           Transfer     Bitrate         Jitter    Lost/Total Datagrams
[  5]   0.00-60.00  sec  4.08 GBytes   584 Mbits/sec  0.000 ms  0/3716260 (0%)  sender
[  5]   0.00-60.05  sec  1.33 GBytes   191 Mbits/sec  0.006 ms  2551963/3716260 (69%)  receiver

iperf Done.
