Connecting to host 10.136.80.177, port 5201
[  5] local 10.136.173.112 port 46678 connected to 10.136.80.177 port 5201
[ ID] Interval           Transfer     Bitrate         Total Datagrams
[  5]   0.00-1.00   sec  55.1 MBytes   462 Mbits/sec  49050  (omitted)
[  5]   0.00-1.00   sec  54.5 MBytes   457 Mbits/sec  48550  
[  5]   1.00-2.00   sec  53.9 MBytes   453 Mbits/sec  48020  
[  5]   2.00-3.00   sec  51.5 MBytes   432 Mbits/sec  45860  
[  5]   3.00-4.00   sec  46.4 MBytes   390 Mbits/sec  41330  
[  5]   4.00-5.00   sec  50.4 MBytes   422 Mbits/sec  44830  
[  5]   5.00-6.00   sec  50.5 MBytes   423 Mbits/sec  44920  
[  5]   6.00-7.00   sec  48.1 MBytes   404 Mbits/sec  42840  
[  5]   7.00-8.00   sec  42.7 MBytes   359 Mbits/sec  38040  
[  5]   8.00-9.00   sec  51.8 MBytes   434 Mbits/sec  46080  
[  5]   9.00-10.00  sec  57.0 MBytes   478 Mbits/sec  50710  
[  5]  10.00-11.00  sec  49.6 MBytes   416 Mbits/sec  44160  
[  5]  11.00-12.00  sec  49.6 MBytes   416 Mbits/sec  44110  
[  5]  12.00-13.00  sec  49.0 MBytes   411 Mbits/sec  43590  
[  5]  13.00-14.00  sec  50.7 MBytes   426 Mbits/sec  45170  
[  5]  14.00-15.00  sec  57.9 MBytes   486 Mbits/sec  51560  
[  5]  15.00-16.00  sec  52.7 MBytes   442 Mbits/sec  46900  
[  5]  16.00-17.00  sec  56.8 MBytes   477 Mbits/sec  50600  
[  5]  17.00-18.00  sec  54.2 MBytes   455 Mbits/sec  48250  
[  5]  18.00-19.00  sec  51.0 MBytes   428 Mbits/sec  45440  
[  5]  19.00-20.00  sec  54.7 MBytes   459 Mbits/sec  48680  
[  5]  20.00-21.00  sec  52.9 MBytes   444 Mbits/sec  47100  
[  5]  21.00-22.00  sec  53.3 MBytes   447 Mbits/sec  47400  
[  5]  22.00-23.00  sec  60.3 MBytes   506 Mbits/sec  53710  
[  5]  23.00-24.00  sec  53.4 MBytes   448 Mbits/sec  47530  
[  5]  24.00-25.00  sec  49.1 MBytes   412 Mbits/sec  43740  
[  5]  25.00-26.00  sec  50.0 MBytes   419 Mbits/sec  44480  
[  5]  26.00-27.00  sec  56.2 MBytes   471 Mbits/sec  50020  
[  5]  27.00-28.00  sec  58.7 MBytes   493 Mbits/sec  52270  
[  5]  28.00-29.00  sec  56.6 MBytes   474 Mbits/sec  50340  
[  5]  29.00-30.00  sec  52.7 MBytes   442 Mbits/sec  46920  
[  5]  30.00-31.00  sec  49.9 MBytes   419 Mbits/sec  44420  
[  5]  31.00-32.00  sec  49.7 MBytes   417 Mbits/sec  44220  
[  5]  32.00-33.00  sec  52.4 MBytes   440 Mbits/sec  46650  
[  5]  33.00-34.00  sec  52.3 MBytes   439 Mbits/sec  46580  
[  5]  34.00-35.00  sec  51.0 MBytes   428 Mbits/sec  45390  
[  5]  35.00-36.00  sec  53.1 MBytes   445 Mbits/sec  47250  
[  5]  36.00-37.00  sec  50.4 MBytes   422 Mbits/sec  44830  
[  5]  37.00-38.00  sec  53.6 MBytes   450 Mbits/sec  47710  
[  5]  38.00-39.00  sec  50.9 MBytes   427 Mbits/sec  45320  
[  5]  39.00-40.00  sec  50.7 MBytes   426 Mbits/sec  45150  
[  5]  40.00-41.00  sec  50.9 MBytes   427 Mbits/sec  45320  
[  5]  41.00-42.00  sec  48.6 MBytes   408 Mbits/sec  43270  
[  5]  42.00-43.00  sec  53.8 MBytes   452 Mbits/sec  47910  
[  5]  43.00-44.00  sec  52.7 MBytes   442 Mbits/sec  46890  
[  5]  44.00-45.00  sec  58.8 MBytes   493 Mbits/sec  52330  
[  5]  45.00-46.00  sec  54.0 MBytes   453 Mbits/sec  48110  
[  5]  46.00-47.00  sec  53.4 MBytes   448 Mbits/sec  47560  
[  5]  47.00-48.00  sec  54.2 MBytes   454 Mbits/sec  48210  
[  5]  48.00-49.00  sec  50.3 MBytes   422 Mbits/sec  44740  
[  5]  49.00-50.00  sec  53.2 MBytes   446 Mbits/sec  47350  
[  5]  50.00-51.00  sec  52.4 MBytes   439 Mbits/sec  46610  
[  5]  51.00-52.00  sec  57.2 MBytes   480 Mbits/sec  50920  
[  5]  52.00-53.00  sec  55.9 MBytes   469 Mbits/sec  49760  
[  5]  53.00-54.00  sec  50.4 MBytes   423 Mbits/sec  44890  
[  5]  54.00-55.00  sec  54.6 MBytes   458 Mbits/sec  48620  
[  5]  55.00-56.00  sec  57.8 MBytes   485 Mbits/sec  51450  
[  5]  56.00-57.00  sec  56.0 MBytes   469 Mbits/sec  49820  
[  5]  57.00-58.00  sec  52.5 MBytes   441 Mbits/sec  46750  
[  5]  58.00-59.00  sec  51.2 MBytes   430 Mbits/sec  45580  
[  5]  59.00-60.00  sec  49.6 MBytes   416 Mbits/sec  44140  
- - - - - - - - - - - - - - - - - - - - - - - - -
[ ID] Interval           Transfer     Bitrate         Jitter    Lost/Total Datagrams
[  5]   0.00-60.00  sec  3.08 GBytes   441 Mbits/sec  0.000 ms  0/2810900 (0%)  sender
[  5]   0.00-60.31  sec  2.19 GBytes   312 Mbits/sec  0.007 ms  830638/2810409 (30%)  receiver

iperf Done.
