Connecting to host 10.136.80.174, port 5201
[  5] local 10.136.173.110 port 43766 connected to 10.136.80.174 port 5201
[ ID] Interval           Transfer     Bitrate         Total Datagrams
[  5]   0.00-1.00   sec  58.4 MBytes   490 Mbits/sec  52020  (omitted)
[  5]   0.00-1.00   sec  57.6 MBytes   483 Mbits/sec  51260  
[  5]   1.00-2.00   sec  54.9 MBytes   460 Mbits/sec  48830  
[  5]   2.00-3.00   sec  57.2 MBytes   480 Mbits/sec  50910  
[  5]   3.00-4.00   sec  58.2 MBytes   489 Mbits/sec  51850  
[  5]   4.00-5.00   sec  58.4 MBytes   490 Mbits/sec  51950  
[  5]   5.00-6.00   sec  57.7 MBytes   484 Mbits/sec  51340  
[  5]   6.00-7.00   sec  51.7 MBytes   434 Mbits/sec  46030  
[  5]   7.00-8.00   sec  58.3 MBytes   489 Mbits/sec  51870  
[  5]   8.00-9.00   sec  56.6 MBytes   475 Mbits/sec  50360  
[  5]   9.00-10.00  sec  58.0 MBytes   486 Mbits/sec  51600  
[  5]  10.00-11.00  sec  57.6 MBytes   483 Mbits/sec  51230  
[  5]  11.00-12.00  sec  53.2 MBytes   446 Mbits/sec  47380  
[  5]  12.00-13.00  sec  58.6 MBytes   492 Mbits/sec  52170  
[  5]  13.00-14.00  sec  54.0 MBytes   453 Mbits/sec  48030  
[  5]  14.00-15.00  sec  58.7 MBytes   492 Mbits/sec  52230  
[  5]  15.00-16.00  sec  56.3 MBytes   472 Mbits/sec  50070  
[  5]  16.00-17.00  sec  54.4 MBytes   457 Mbits/sec  48460  
[  5]  17.00-18.00  sec  63.0 MBytes   528 Mbits/sec  56040  
[  5]  18.00-19.00  sec  54.1 MBytes   454 Mbits/sec  48190  
[  5]  19.00-20.00  sec  61.4 MBytes   515 Mbits/sec  54640  
[  5]  20.00-21.00  sec  54.6 MBytes   458 Mbits/sec  48600  
[  5]  21.00-22.00  sec  49.5 MBytes   415 Mbits/sec  44060  
[  5]  22.00-23.00  sec  61.6 MBytes   516 Mbits/sec  54800  
[  5]  23.00-24.00  sec  60.6 MBytes   509 Mbits/sec  53970  
[  5]  24.00-25.00  sec  55.0 MBytes   462 Mbits/sec  48970  
[  5]  25.00-26.00  sec  61.3 MBytes   514 Mbits/sec  54570  
[  5]  26.00-27.00  sec  55.3 MBytes   464 Mbits/sec  49200  
[  5]  27.00-28.00  sec  56.1 MBytes   471 Mbits/sec  49960  
[  5]  28.00-29.00  sec  59.7 MBytes   500 Mbits/sec  53110  
[  5]  29.00-30.00  sec  43.2 MBytes   363 Mbits/sec  38480  
[  5]  30.00-31.00  sec  58.0 MBytes   486 Mbits/sec  51620  
[  5]  31.00-32.00  sec  59.6 MBytes   500 Mbits/sec  53060  
[  5]  32.00-33.00  sec  57.0 MBytes   478 Mbits/sec  50730  
[  5]  33.00-34.00  sec  57.2 MBytes   480 Mbits/sec  50950  
[  5]  34.00-35.00  sec  57.0 MBytes   478 Mbits/sec  50720  
[  5]  35.00-36.00  sec  58.6 MBytes   492 Mbits/sec  52190  
[  5]  36.00-37.00  sec  57.0 MBytes   479 Mbits/sec  50780  
[  5]  37.00-38.00  sec  55.7 MBytes   468 Mbits/sec  49610  
[  5]  38.00-39.00  sec  48.3 MBytes   405 Mbits/sec  43000  
[  5]  39.00-40.00  sec  44.1 MBytes   370 Mbits/sec  39230  
[  5]  40.00-41.00  sec  55.9 MBytes   469 Mbits/sec  49720  
[  5]  41.00-42.00  sec  58.5 MBytes   491 Mbits/sec  52100  
[  5]  42.00-43.00  sec  55.5 MBytes   465 Mbits/sec  49380  
[  5]  43.00-44.00  sec  56.4 MBytes   473 Mbits/sec  50180  
[  5]  44.00-45.00  sec  55.4 MBytes   465 Mbits/sec  49300  
[  5]  45.00-46.00  sec  53.5 MBytes   449 Mbits/sec  47660  
[  5]  46.00-47.00  sec  57.7 MBytes   484 Mbits/sec  51370  
[  5]  47.00-48.00  sec  50.4 MBytes   423 Mbits/sec  44860  
[  5]  48.00-49.00  sec  48.8 MBytes   409 Mbits/sec  43450  
[  5]  49.00-50.00  sec  53.5 MBytes   449 Mbits/sec  47620  
[  5]  50.00-51.00  sec  55.1 MBytes   463 Mbits/sec  49080  
[  5]  51.00-52.00  sec  56.5 MBytes   474 Mbits/sec  50270  
[  5]  52.00-53.00  sec  50.4 MBytes   423 Mbits/sec  44850  
[  5]  53.00-54.00  sec  52.0 MBytes   436 Mbits/sec  46300  
[  5]  54.00-55.00  sec  57.8 MBytes   485 Mbits/sec  51460  
[  5]  55.00-56.00  sec  61.4 MBytes   515 Mbits/sec  54630  
[  5]  56.00-57.00  sec  58.0 MBytes   487 Mbits/sec  51630  
[  5]  57.00-58.00  sec  55.0 MBytes   461 Mbits/sec  48940  
[  5]  58.00-59.00  sec  54.6 MBytes   458 Mbits/sec  48630  
[  5]  59.00-60.00  sec  57.6 MBytes   483 Mbits/sec  51260  
- - - - - - - - - - - - - - - - - - - - - - - - -
[ ID] Interval           Transfer     Bitrate         Jitter    Lost/Total Datagrams
[  5]   0.00-60.00  sec  3.27 GBytes   469 Mbits/sec  0.000 ms  0/2984740 (0%)  sender
[  5]   0.00-60.25  sec  2.04 GBytes   291 Mbits/sec  0.026 ms  1142372/2984736 (38%)  receiver

iperf Done.
