Connecting to host knb-server-126034, port 5201
[  5] local 10.136.173.111 port 58375 connected to 10.43.202.197 port 5201
[ ID] Interval           Transfer     Bitrate         Total Datagrams
[  5]   0.00-1.00   sec  51.8 MBytes   435 Mbits/sec  46150  (omitted)
[  5]   0.00-1.00   sec  52.2 MBytes   438 Mbits/sec  46460  
[  5]   1.00-2.00   sec  51.3 MBytes   430 Mbits/sec  45650  
[  5]   2.00-3.00   sec  51.1 MBytes   428 Mbits/sec  45450  
[  5]   3.00-4.00   sec  54.4 MBytes   457 Mbits/sec  48450  
[  5]   4.00-5.00   sec  54.4 MBytes   456 Mbits/sec  48400  
[  5]   5.00-6.00   sec  52.2 MBytes   438 Mbits/sec  46500  
[  5]   6.00-7.00   sec  51.9 MBytes   435 Mbits/sec  46170  
[  5]   7.00-8.00   sec  54.4 MBytes   457 Mbits/sec  48460  
[  5]   8.00-9.00   sec  55.2 MBytes   463 Mbits/sec  49100  
[  5]   9.00-10.00  sec  55.7 MBytes   468 Mbits/sec  49620  
[  5]  10.00-11.00  sec  53.5 MBytes   449 Mbits/sec  47650  
[  5]  11.00-12.00  sec  52.2 MBytes   438 Mbits/sec  46480  
[  5]  12.00-13.00  sec  51.4 MBytes   431 Mbits/sec  45770  
[  5]  13.00-14.00  sec  52.1 MBytes   437 Mbits/sec  46410  
[  5]  14.00-15.00  sec  51.8 MBytes   434 Mbits/sec  46080  
[  5]  15.00-16.00  sec  53.0 MBytes   445 Mbits/sec  47180  
[  5]  16.00-17.00  sec  51.7 MBytes   434 Mbits/sec  46050  
[  5]  17.00-18.00  sec  53.4 MBytes   448 Mbits/sec  47540  
[  5]  18.00-19.00  sec  51.2 MBytes   429 Mbits/sec  45550  
[  5]  19.00-20.00  sec  51.0 MBytes   428 Mbits/sec  45370  
[  5]  20.00-21.00  sec  51.4 MBytes   431 Mbits/sec  45750  
[  5]  21.00-22.00  sec  52.1 MBytes   437 Mbits/sec  46400  
[  5]  22.00-23.00  sec  53.5 MBytes   449 Mbits/sec  47630  
[  5]  23.00-24.00  sec  54.1 MBytes   454 Mbits/sec  48160  
[  5]  24.00-25.00  sec  50.6 MBytes   425 Mbits/sec  45070  
[  5]  25.00-26.00  sec  52.2 MBytes   438 Mbits/sec  46490  
[  5]  26.00-27.00  sec  50.2 MBytes   421 Mbits/sec  44670  
[  5]  27.00-28.00  sec  51.1 MBytes   429 Mbits/sec  45520  
[  5]  28.00-29.00  sec  52.4 MBytes   439 Mbits/sec  46640  
[  5]  29.00-30.00  sec  54.1 MBytes   454 Mbits/sec  48180  
[  5]  30.00-31.00  sec  51.4 MBytes   431 Mbits/sec  45710  
[  5]  31.00-32.00  sec  53.0 MBytes   444 Mbits/sec  47150  
[  5]  32.00-33.00  sec  53.1 MBytes   446 Mbits/sec  47290  
[  5]  33.00-34.00  sec  54.5 MBytes   457 Mbits/sec  48520  
[  5]  34.00-35.00  sec  50.7 MBytes   425 Mbits/sec  45140  
[  5]  35.00-36.00  sec  51.7 MBytes   434 Mbits/sec  46040  
[  5]  36.00-37.00  sec  51.0 MBytes   428 Mbits/sec  45400  
[  5]  37.00-38.00  sec  54.2 MBytes   454 Mbits/sec  48210  
[  5]  38.00-39.00  sec  52.2 MBytes   438 Mbits/sec  46490  
[  5]  39.00-40.00  sec  51.8 MBytes   435 Mbits/sec  46140  
[  5]  40.00-41.00  sec  51.8 MBytes   435 Mbits/sec  46120  
[  5]  41.00-42.00  sec  54.6 MBytes   458 Mbits/sec  48630  
[  5]  42.00-43.00  sec  53.0 MBytes   444 Mbits/sec  47140  
[  5]  43.00-44.00  sec  54.0 MBytes   453 Mbits/sec  48030  
[  5]  44.00-45.00  sec  53.6 MBytes   450 Mbits/sec  47740  
[  5]  45.00-46.00  sec  52.3 MBytes   438 Mbits/sec  46530  
[  5]  46.00-47.00  sec  54.1 MBytes   454 Mbits/sec  48160  
[  5]  47.00-48.00  sec  51.3 MBytes   431 Mbits/sec  45700  
[  5]  48.00-49.00  sec  53.4 MBytes   448 Mbits/sec  47530  
[  5]  49.00-50.00  sec  52.8 MBytes   443 Mbits/sec  47040  
[  5]  50.00-51.00  sec  52.6 MBytes   442 Mbits/sec  46850  
[  5]  51.00-52.00  sec  51.3 MBytes   430 Mbits/sec  45660  
[  5]  52.00-53.00  sec  53.5 MBytes   448 Mbits/sec  47590  
[  5]  53.00-54.00  sec  53.2 MBytes   446 Mbits/sec  47340  
[  5]  54.00-55.00  sec  52.5 MBytes   440 Mbits/sec  46730  
[  5]  55.00-56.00  sec  52.2 MBytes   438 Mbits/sec  46460  
[  5]  56.00-57.00  sec  53.3 MBytes   447 Mbits/sec  47410  
[  5]  57.00-58.00  sec  53.0 MBytes   445 Mbits/sec  47220  
[  5]  58.00-59.00  sec  50.3 MBytes   422 Mbits/sec  44810  
[  5]  59.00-60.00  sec  52.6 MBytes   442 Mbits/sec  46860  
- - - - - - - - - - - - - - - - - - - - - - - - -
[ ID] Interval           Transfer     Bitrate         Jitter    Lost/Total Datagrams
[  5]   0.00-60.00  sec  3.08 GBytes   441 Mbits/sec  0.000 ms  0/2808490 (0%)  sender
[  5]   0.00-60.21  sec  1.88 GBytes   268 Mbits/sec  0.132 ms  1115233/2808490 (40%)  receiver

iperf Done.
