Connecting to host 10.136.80.187, port 5201
[  5] local 10.136.173.115 port 60275 connected to 10.136.80.187 port 5201
[ ID] Interval           Transfer     Bitrate         Total Datagrams
[  5]   0.00-1.00   sec  52.7 MBytes   442 Mbits/sec  46910  (omitted)
[  5]   0.00-1.00   sec  52.2 MBytes   438 Mbits/sec  46470  
[  5]   1.00-2.00   sec  51.6 MBytes   433 Mbits/sec  45950  
[  5]   2.00-3.00   sec  52.8 MBytes   443 Mbits/sec  47010  
[  5]   3.00-4.00   sec  51.3 MBytes   430 Mbits/sec  45620  
[  5]   4.00-5.00   sec  54.0 MBytes   453 Mbits/sec  48110  
[  5]   5.00-6.00   sec  52.9 MBytes   444 Mbits/sec  47070  
[  5]   6.00-7.00   sec  52.7 MBytes   442 Mbits/sec  46940  
[  5]   7.00-8.00   sec  50.5 MBytes   424 Mbits/sec  44940  
[  5]   8.00-9.00   sec  51.1 MBytes   429 Mbits/sec  45510  
[  5]   9.00-10.00  sec  52.9 MBytes   444 Mbits/sec  47120  
[  5]  10.00-11.00  sec  52.3 MBytes   438 Mbits/sec  46510  
[  5]  11.00-12.00  sec  52.1 MBytes   437 Mbits/sec  46380  
[  5]  12.00-13.00  sec  52.8 MBytes   443 Mbits/sec  47000  
[  5]  13.00-14.00  sec  53.1 MBytes   446 Mbits/sec  47310  
[  5]  14.00-15.00  sec  52.3 MBytes   438 Mbits/sec  46520  
[  5]  15.00-16.00  sec  51.5 MBytes   432 Mbits/sec  45800  
[  5]  16.00-17.00  sec  51.8 MBytes   434 Mbits/sec  46080  
[  5]  17.00-18.00  sec  51.7 MBytes   433 Mbits/sec  45980  
[  5]  18.00-19.00  sec  50.9 MBytes   427 Mbits/sec  45320  
[  5]  19.00-20.00  sec  53.3 MBytes   447 Mbits/sec  47430  
[  5]  20.00-21.00  sec  51.6 MBytes   433 Mbits/sec  45960  
[  5]  21.00-22.00  sec  53.0 MBytes   445 Mbits/sec  47210  
[  5]  22.00-23.00  sec  53.1 MBytes   445 Mbits/sec  47240  
[  5]  23.00-24.00  sec  50.4 MBytes   423 Mbits/sec  44900  
[  5]  24.00-25.00  sec  52.0 MBytes   437 Mbits/sec  46320  
[  5]  25.00-26.00  sec  55.3 MBytes   464 Mbits/sec  49250  
[  5]  26.00-27.00  sec  54.0 MBytes   453 Mbits/sec  48070  
[  5]  27.00-28.00  sec  51.4 MBytes   431 Mbits/sec  45760  
[  5]  28.00-29.00  sec  54.1 MBytes   454 Mbits/sec  48200  
[  5]  29.00-30.00  sec  52.5 MBytes   440 Mbits/sec  46690  
[  5]  30.00-31.00  sec  52.2 MBytes   438 Mbits/sec  46490  
[  5]  31.00-32.00  sec  52.3 MBytes   439 Mbits/sec  46550  
[  5]  32.00-33.00  sec  48.1 MBytes   403 Mbits/sec  42780  
[  5]  33.00-34.00  sec  52.5 MBytes   440 Mbits/sec  46710  
[  5]  34.00-35.00  sec  52.8 MBytes   443 Mbits/sec  47010  
[  5]  35.00-36.00  sec  51.3 MBytes   431 Mbits/sec  45700  
[  5]  36.00-37.00  sec  51.5 MBytes   432 Mbits/sec  45880  
[  5]  37.00-38.00  sec  52.3 MBytes   438 Mbits/sec  46520  
[  5]  38.00-39.00  sec  54.6 MBytes   458 Mbits/sec  48640  
[  5]  39.00-40.00  sec  53.7 MBytes   451 Mbits/sec  47820  
[  5]  40.00-41.00  sec  50.4 MBytes   423 Mbits/sec  44860  
[  5]  41.00-42.00  sec  54.5 MBytes   457 Mbits/sec  48480  
[  5]  42.00-43.00  sec  51.9 MBytes   435 Mbits/sec  46210  
[  5]  43.00-44.00  sec  52.1 MBytes   437 Mbits/sec  46350  
[  5]  44.00-45.00  sec  52.0 MBytes   437 Mbits/sec  46320  
[  5]  45.00-46.00  sec  51.8 MBytes   434 Mbits/sec  46080  
[  5]  46.00-47.00  sec  44.4 MBytes   372 Mbits/sec  39520  
[  5]  47.00-48.00  sec  52.6 MBytes   441 Mbits/sec  46790  
[  5]  48.00-49.00  sec  54.6 MBytes   458 Mbits/sec  48640  
[  5]  49.00-50.00  sec  55.9 MBytes   469 Mbits/sec  49730  
[  5]  50.00-51.00  sec  54.8 MBytes   460 Mbits/sec  48760  
[  5]  51.00-52.00  sec  52.8 MBytes   443 Mbits/sec  46980  
[  5]  52.00-53.00  sec  51.7 MBytes   433 Mbits/sec  45990  
[  5]  53.00-54.00  sec  52.0 MBytes   437 Mbits/sec  46320  
[  5]  54.00-55.00  sec  52.0 MBytes   436 Mbits/sec  46280  
[  5]  55.00-56.00  sec  51.1 MBytes   428 Mbits/sec  45450  
[  5]  56.00-57.00  sec  51.9 MBytes   435 Mbits/sec  46190  
[  5]  57.00-58.00  sec  53.5 MBytes   449 Mbits/sec  47600  
[  5]  58.00-59.00  sec  52.2 MBytes   438 Mbits/sec  46440  
[  5]  59.00-60.00  sec  55.0 MBytes   462 Mbits/sec  48990  
- - - - - - - - - - - - - - - - - - - - - - - - -
[ ID] Interval           Transfer     Bitrate         Jitter    Lost/Total Datagrams
[  5]   0.00-60.00  sec  3.07 GBytes   439 Mbits/sec  0.000 ms  0/2794750 (0%)  sender
[  5]   0.00-60.24  sec  1.89 GBytes   269 Mbits/sec  0.022 ms  1093680/2794750 (39%)  receiver

iperf Done.
