Connecting to host 10.136.80.164, port 5201
[  5] local 10.136.173.92 port 47902 connected to 10.136.80.164 port 5201
[ ID] Interval           Transfer     Bitrate         Total Datagrams
[  5]   0.00-1.00   sec  93.2 MBytes   782 Mbits/sec  69940  (omitted)
[  5]   0.00-1.00   sec  99.4 MBytes   834 Mbits/sec  74540  
[  5]   1.00-2.00   sec  93.9 MBytes   788 Mbits/sec  70450  
[  5]   2.00-3.00   sec  91.9 MBytes   771 Mbits/sec  68920  
[  5]   3.00-4.00   sec  79.8 MBytes   670 Mbits/sec  59880  
[  5]   4.00-5.00   sec  80.2 MBytes   673 Mbits/sec  60130  
[  5]   5.00-6.00   sec  80.0 MBytes   671 Mbits/sec  60020  
[  5]   6.00-7.00   sec  80.6 MBytes   676 Mbits/sec  60440  
[  5]   7.00-8.00   sec  80.8 MBytes   677 Mbits/sec  60570  
[  5]   8.00-9.00   sec  80.1 MBytes   672 Mbits/sec  60070  
[  5]   9.00-10.00  sec  80.2 MBytes   673 Mbits/sec  60180  
[  5]  10.00-11.00  sec  78.3 MBytes   657 Mbits/sec  58720  
[  5]  11.00-12.00  sec  80.4 MBytes   675 Mbits/sec  60310  
[  5]  12.00-13.00  sec  78.6 MBytes   659 Mbits/sec  58920  
[  5]  13.00-14.00  sec  77.2 MBytes   647 Mbits/sec  57880  
[  5]  14.00-15.00  sec  79.5 MBytes   667 Mbits/sec  59610  
[  5]  15.00-16.00  sec  81.0 MBytes   680 Mbits/sec  60760  
[  5]  16.00-17.00  sec  79.4 MBytes   666 Mbits/sec  59530  
[  5]  17.00-18.00  sec  95.5 MBytes   801 Mbits/sec  71630  
[  5]  18.00-19.00  sec  93.7 MBytes   786 Mbits/sec  70300  
[  5]  19.00-20.00  sec  93.4 MBytes   784 Mbits/sec  70090  
[  5]  20.00-21.00  sec  93.3 MBytes   783 Mbits/sec  69980  
[  5]  21.00-22.00  sec  94.0 MBytes   788 Mbits/sec  70490  
[  5]  22.00-23.00  sec  93.3 MBytes   783 Mbits/sec  70000  
[  5]  23.00-24.00  sec  93.2 MBytes   782 Mbits/sec  69890  
[  5]  24.00-25.00  sec  94.2 MBytes   790 Mbits/sec  70670  
[  5]  25.00-26.00  sec  93.7 MBytes   786 Mbits/sec  70300  
[  5]  26.00-27.00  sec  94.1 MBytes   789 Mbits/sec  70560  
[  5]  27.00-28.00  sec  93.7 MBytes   786 Mbits/sec  70250  
[  5]  28.00-29.00  sec  93.1 MBytes   781 Mbits/sec  69800  
[  5]  29.00-30.00  sec  95.8 MBytes   803 Mbits/sec  71830  
[  5]  30.00-31.00  sec  92.7 MBytes   777 Mbits/sec  69520  
[  5]  31.00-32.00  sec  94.1 MBytes   790 Mbits/sec  70600  
[  5]  32.00-33.00  sec  93.6 MBytes   785 Mbits/sec  70190  
[  5]  33.00-34.00  sec  93.9 MBytes   788 Mbits/sec  70440  
[  5]  34.00-35.00  sec  93.8 MBytes   787 Mbits/sec  70370  
[  5]  35.00-36.00  sec  93.9 MBytes   788 Mbits/sec  70450  
[  5]  36.00-37.00  sec  93.9 MBytes   788 Mbits/sec  70410  
[  5]  37.00-38.00  sec  93.9 MBytes   787 Mbits/sec  70420  
[  5]  38.00-39.00  sec  93.5 MBytes   785 Mbits/sec  70150  
[  5]  39.00-40.00  sec  93.8 MBytes   787 Mbits/sec  70330  
[  5]  40.00-41.00  sec  93.7 MBytes   786 Mbits/sec  70280  
[  5]  41.00-42.00  sec  93.5 MBytes   784 Mbits/sec  70150  
[  5]  42.00-43.00  sec  94.4 MBytes   792 Mbits/sec  70790  
[  5]  43.00-44.00  sec  81.4 MBytes   683 Mbits/sec  61050  
[  5]  44.00-45.00  sec  80.4 MBytes   674 Mbits/sec  60280  
[  5]  45.00-46.00  sec  77.3 MBytes   649 Mbits/sec  57990  
[  5]  46.00-47.00  sec  80.4 MBytes   675 Mbits/sec  60320  
[  5]  47.00-48.00  sec  90.8 MBytes   762 Mbits/sec  68120  
[  5]  48.00-49.00  sec  83.4 MBytes   700 Mbits/sec  62550  
[  5]  49.00-50.00  sec  80.1 MBytes   672 Mbits/sec  60080  
[  5]  50.00-51.00  sec  78.0 MBytes   655 Mbits/sec  58530  
[  5]  51.00-52.00  sec  81.4 MBytes   683 Mbits/sec  61050  
[  5]  52.00-53.00  sec  79.8 MBytes   670 Mbits/sec  59870  
[  5]  53.00-54.00  sec  79.2 MBytes   664 Mbits/sec  59380  
[  5]  54.00-55.00  sec  81.0 MBytes   680 Mbits/sec  60770  
[  5]  55.00-56.00  sec  78.8 MBytes   661 Mbits/sec  59080  
[  5]  56.00-57.00  sec  80.7 MBytes   677 Mbits/sec  60520  
[  5]  57.00-58.00  sec  80.0 MBytes   671 Mbits/sec  59980  
[  5]  58.00-59.00  sec  80.8 MBytes   677 Mbits/sec  60570  
[  5]  59.00-60.00  sec  96.8 MBytes   812 Mbits/sec  72600  
- - - - - - - - - - - - - - - - - - - - - - - - -
[ ID] Interval           Transfer     Bitrate         Jitter    Lost/Total Datagrams
[  5]   0.00-60.00  sec  5.11 GBytes   731 Mbits/sec  0.000 ms  0/3923560 (0%)  sender
[  5]   0.00-60.04  sec  5.11 GBytes   731 Mbits/sec  0.014 ms  1001/3923557 (0.026%)  receiver

iperf Done.
