Connecting to host 10.136.80.151, port 5201
[  5] local 10.136.173.126 port 43680 connected to 10.136.80.151 port 5201
[ ID] Interval           Transfer     Bitrate         Total Datagrams
[  5]   0.00-1.00   sec  97.3 MBytes   816 Mbits/sec  72960  (omitted)
[  5]   0.00-1.00   sec  99.1 MBytes   831 Mbits/sec  74310  
[  5]   1.00-2.00   sec  98.8 MBytes   828 Mbits/sec  74070  
[  5]   2.00-3.00   sec  98.2 MBytes   824 Mbits/sec  73650  
[  5]   3.00-4.00   sec  94.8 MBytes   795 Mbits/sec  71070  
[  5]   4.00-5.00   sec  99.0 MBytes   830 Mbits/sec  74220  
[  5]   5.00-6.00   sec  96.9 MBytes   813 Mbits/sec  72670  
[  5]   6.00-7.00   sec  96.6 MBytes   810 Mbits/sec  72460  
[  5]   7.00-8.00   sec  98.6 MBytes   827 Mbits/sec  73960  
[  5]   8.00-9.00   sec  98.0 MBytes   822 Mbits/sec  73530  
[  5]   9.00-10.00  sec  97.3 MBytes   816 Mbits/sec  72950  
[  5]  10.00-11.00  sec  97.4 MBytes   817 Mbits/sec  73060  
[  5]  11.00-12.00  sec  98.4 MBytes   826 Mbits/sec  73810  
[  5]  12.00-13.00  sec  98.0 MBytes   822 Mbits/sec  73520  
[  5]  13.00-14.00  sec  99.4 MBytes   834 Mbits/sec  74560  
[  5]  14.00-15.00  sec  97.8 MBytes   820 Mbits/sec  73330  
[  5]  15.00-16.00  sec  99.4 MBytes   833 Mbits/sec  74520  
[  5]  16.00-17.00  sec  97.9 MBytes   821 Mbits/sec  73430  
[  5]  17.00-18.00  sec  98.8 MBytes   829 Mbits/sec  74090  
[  5]  18.00-19.00  sec  98.5 MBytes   827 Mbits/sec  73910  
[  5]  19.00-20.00  sec  99.3 MBytes   833 Mbits/sec  74480  
[  5]  20.00-21.00  sec  97.8 MBytes   821 Mbits/sec  73380  
[  5]  21.00-22.00  sec  98.1 MBytes   823 Mbits/sec  73580  
[  5]  22.00-23.00  sec  97.9 MBytes   821 Mbits/sec  73430  
[  5]  23.00-24.00  sec  99.4 MBytes   834 Mbits/sec  74580  
[  5]  24.00-25.00  sec  99.1 MBytes   831 Mbits/sec  74350  
[  5]  25.00-26.00  sec  97.3 MBytes   816 Mbits/sec  73000  
[  5]  26.00-27.00  sec  99.0 MBytes   830 Mbits/sec  74220  
[  5]  27.00-28.00  sec  98.2 MBytes   824 Mbits/sec  73690  
[  5]  28.00-29.00  sec  98.5 MBytes   826 Mbits/sec  73880  
[  5]  29.00-30.00  sec  98.7 MBytes   828 Mbits/sec  74020  
[  5]  30.00-31.00  sec  98.9 MBytes   829 Mbits/sec  74150  
[  5]  31.00-32.00  sec   101 MBytes   847 Mbits/sec  75750  
[  5]  32.00-33.00  sec  98.3 MBytes   825 Mbits/sec  73720  
[  5]  33.00-34.00  sec  98.7 MBytes   828 Mbits/sec  74050  
[  5]  34.00-35.00  sec  99.8 MBytes   838 Mbits/sec  74890  
[  5]  35.00-36.00  sec  99.0 MBytes   831 Mbits/sec  74260  
[  5]  36.00-37.00  sec  99.8 MBytes   837 Mbits/sec  74860  
[  5]  37.00-38.00  sec   100 MBytes   840 Mbits/sec  75060  
[  5]  38.00-39.00  sec  99.4 MBytes   834 Mbits/sec  74550  
[  5]  39.00-40.00  sec  99.6 MBytes   835 Mbits/sec  74690  
[  5]  40.00-41.00  sec  99.0 MBytes   830 Mbits/sec  74240  
[  5]  41.00-42.00  sec  99.6 MBytes   836 Mbits/sec  74710  
[  5]  42.00-43.00  sec  98.9 MBytes   830 Mbits/sec  74200  
[  5]  43.00-44.00  sec  98.8 MBytes   829 Mbits/sec  74140  
[  5]  44.00-45.00  sec  98.3 MBytes   824 Mbits/sec  73700  
[  5]  45.00-46.00  sec  95.4 MBytes   800 Mbits/sec  71550  
[  5]  46.00-47.00  sec  97.3 MBytes   816 Mbits/sec  72990  
[  5]  47.00-48.00  sec  96.8 MBytes   812 Mbits/sec  72630  
[  5]  48.00-49.00  sec  95.7 MBytes   803 Mbits/sec  71770  
[  5]  49.00-50.00  sec  96.5 MBytes   810 Mbits/sec  72390  
[  5]  50.00-51.00  sec  96.5 MBytes   809 Mbits/sec  72350  
[  5]  51.00-52.00  sec   100 MBytes   840 Mbits/sec  75150  
[  5]  52.00-53.00  sec  98.0 MBytes   822 Mbits/sec  73470  
[  5]  53.00-54.00  sec  99.2 MBytes   832 Mbits/sec  74430  
[  5]  54.00-55.00  sec  98.3 MBytes   825 Mbits/sec  73730  
[  5]  55.00-56.00  sec  96.9 MBytes   812 Mbits/sec  72650  
[  5]  56.00-57.00  sec  98.1 MBytes   823 Mbits/sec  73600  
[  5]  57.00-58.00  sec  97.9 MBytes   821 Mbits/sec  73410  
[  5]  58.00-59.00  sec  96.9 MBytes   813 Mbits/sec  72660  
[  5]  59.00-60.00  sec   101 MBytes   845 Mbits/sec  75590  
- - - - - - - - - - - - - - - - - - - - - - - - -
[ ID] Interval           Transfer     Bitrate         Jitter    Lost/Total Datagrams
[  5]   0.00-60.00  sec  5.76 GBytes   825 Mbits/sec  0.000 ms  0/4425070 (0%)  sender
[  5]   0.00-60.96  sec   321 MBytes  44.2 Mbits/sec  0.018 ms  4239073/4409938 (96%)  receiver

iperf Done.
