Connecting to host 10.136.80.136, port 5201
[  5] local 10.136.173.72 port 51844 connected to 10.136.80.136 port 5201
[ ID] Interval           Transfer     Bitrate         Total Datagrams
[  5]   0.00-1.00   sec  62.2 MBytes   521 Mbits/sec  55330  (omitted)
[  5]   0.00-1.00   sec  62.9 MBytes   527 Mbits/sec  55960  
[  5]   1.00-2.00   sec  62.6 MBytes   525 Mbits/sec  55700  
[  5]   2.00-3.00   sec  60.8 MBytes   510 Mbits/sec  54150  
[  5]   3.00-4.00   sec  63.6 MBytes   533 Mbits/sec  56570  
[  5]   4.00-5.00   sec  60.0 MBytes   504 Mbits/sec  53450  
[  5]   5.00-6.00   sec  64.3 MBytes   539 Mbits/sec  57200  
[  5]   6.00-7.00   sec  69.3 MBytes   581 Mbits/sec  61670  
[  5]   7.00-8.00   sec  61.2 MBytes   514 Mbits/sec  54490  
[  5]   8.00-9.00   sec  59.9 MBytes   503 Mbits/sec  53340  
[  5]   9.00-10.00  sec  59.2 MBytes   497 Mbits/sec  52690  
[  5]  10.00-11.00  sec  71.0 MBytes   595 Mbits/sec  63180  
[  5]  11.00-12.00  sec  66.2 MBytes   556 Mbits/sec  58970  
[  5]  12.00-13.00  sec  61.7 MBytes   517 Mbits/sec  54880  
[  5]  13.00-14.00  sec  62.2 MBytes   522 Mbits/sec  55340  
[  5]  14.00-15.00  sec  74.2 MBytes   622 Mbits/sec  66040  
[  5]  15.00-16.00  sec  65.7 MBytes   551 Mbits/sec  58500  
[  5]  16.00-17.00  sec  64.8 MBytes   543 Mbits/sec  57640  
[  5]  17.00-18.00  sec  63.4 MBytes   532 Mbits/sec  56450  
[  5]  18.00-19.00  sec  61.8 MBytes   519 Mbits/sec  55020  
[  5]  19.00-20.00  sec  65.1 MBytes   546 Mbits/sec  57940  
[  5]  20.00-21.00  sec  61.3 MBytes   514 Mbits/sec  54580  
[  5]  21.00-22.00  sec  59.0 MBytes   495 Mbits/sec  52530  
[  5]  22.00-23.00  sec  60.6 MBytes   509 Mbits/sec  53960  
[  5]  23.00-24.00  sec  58.9 MBytes   494 Mbits/sec  52400  
[  5]  24.00-25.00  sec  60.0 MBytes   503 Mbits/sec  53410  
[  5]  25.00-26.00  sec  60.2 MBytes   505 Mbits/sec  53570  
[  5]  26.00-27.00  sec  63.5 MBytes   532 Mbits/sec  56500  
[  5]  27.00-28.00  sec  60.8 MBytes   510 Mbits/sec  54120  
[  5]  28.00-29.00  sec  63.4 MBytes   532 Mbits/sec  56470  
[  5]  29.00-30.00  sec  60.7 MBytes   509 Mbits/sec  53990  
[  5]  30.00-31.00  sec  59.5 MBytes   499 Mbits/sec  52950  
[  5]  31.00-32.00  sec  61.1 MBytes   513 Mbits/sec  54400  
[  5]  32.00-33.00  sec  60.0 MBytes   503 Mbits/sec  53410  
[  5]  33.00-34.00  sec  64.3 MBytes   540 Mbits/sec  57260  
[  5]  34.00-35.00  sec  68.7 MBytes   577 Mbits/sec  61180  
[  5]  35.00-36.00  sec  66.1 MBytes   554 Mbits/sec  58810  
[  5]  36.00-37.00  sec  69.8 MBytes   586 Mbits/sec  62170  
[  5]  37.00-38.00  sec  63.5 MBytes   533 Mbits/sec  56500  
[  5]  38.00-39.00  sec  60.8 MBytes   510 Mbits/sec  54120  
[  5]  39.00-40.00  sec  65.6 MBytes   551 Mbits/sec  58430  
[  5]  40.00-41.00  sec  62.3 MBytes   523 Mbits/sec  55470  
[  5]  41.00-42.00  sec  60.0 MBytes   503 Mbits/sec  53390  
[  5]  42.00-43.00  sec  60.9 MBytes   511 Mbits/sec  54220  
[  5]  43.00-44.00  sec  60.8 MBytes   510 Mbits/sec  54140  
[  5]  44.00-45.00  sec  65.0 MBytes   545 Mbits/sec  57860  
[  5]  45.00-46.00  sec  61.8 MBytes   519 Mbits/sec  55030  
[  5]  46.00-47.00  sec  61.4 MBytes   515 Mbits/sec  54610  
[  5]  47.00-48.00  sec  63.2 MBytes   531 Mbits/sec  56300  
[  5]  48.00-49.00  sec  67.7 MBytes   568 Mbits/sec  60220  
[  5]  49.00-50.00  sec  60.4 MBytes   507 Mbits/sec  53790  
[  5]  50.00-51.00  sec  81.1 MBytes   681 Mbits/sec  72220  
[  5]  51.00-52.00  sec  62.5 MBytes   525 Mbits/sec  55650  
[  5]  52.00-53.00  sec  61.6 MBytes   517 Mbits/sec  54840  
[  5]  53.00-54.00  sec  64.1 MBytes   538 Mbits/sec  57040  
[  5]  54.00-55.00  sec  61.4 MBytes   515 Mbits/sec  54630  
[  5]  55.00-56.00  sec  61.4 MBytes   515 Mbits/sec  54660  
[  5]  56.00-57.00  sec  65.4 MBytes   548 Mbits/sec  58200  
[  5]  57.00-58.00  sec  60.3 MBytes   506 Mbits/sec  53660  
[  5]  58.00-59.00  sec  59.2 MBytes   497 Mbits/sec  52740  
[  5]  59.00-60.00  sec  65.6 MBytes   551 Mbits/sec  58430  
- - - - - - - - - - - - - - - - - - - - - - - - -
[ ID] Interval           Transfer     Bitrate         Jitter    Lost/Total Datagrams
[  5]   0.00-60.00  sec  3.70 GBytes   530 Mbits/sec  0.000 ms  0/3377040 (0%)  sender
[  5]   0.00-60.05  sec  3.58 GBytes   512 Mbits/sec  0.018 ms  117828/3377040 (3.5%)  receiver

iperf Done.
