Connecting to host 10.136.80.152, port 5201
[  5] local 10.136.173.88 port 40317 connected to 10.136.80.152 port 5201
[ ID] Interval           Transfer     Bitrate         Total Datagrams
[  5]   0.00-1.00   sec  51.5 MBytes   432 Mbits/sec  45800  (omitted)
[  5]   0.00-1.00   sec  58.7 MBytes   492 Mbits/sec  52260  
[  5]   1.00-2.00   sec  51.3 MBytes   430 Mbits/sec  45630  
[  5]   2.00-3.00   sec  55.4 MBytes   465 Mbits/sec  49330  
[  5]   3.00-4.00   sec  51.0 MBytes   428 Mbits/sec  45370  
[  5]   4.00-5.00   sec  50.7 MBytes   426 Mbits/sec  45150  
[  5]   5.00-6.00   sec  53.8 MBytes   452 Mbits/sec  47930  
[  5]   6.00-7.00   sec  46.6 MBytes   391 Mbits/sec  41460  
[  5]   7.00-8.00   sec  53.4 MBytes   448 Mbits/sec  47490  
[  5]   8.00-9.00   sec  56.3 MBytes   472 Mbits/sec  50090  
[  5]   9.00-10.00  sec  55.0 MBytes   461 Mbits/sec  48940  
[  5]  10.00-11.00  sec  50.4 MBytes   422 Mbits/sec  44820  
[  5]  11.00-12.00  sec  58.4 MBytes   490 Mbits/sec  51950  
[  5]  12.00-13.00  sec  55.7 MBytes   467 Mbits/sec  49570  
[  5]  13.00-14.00  sec  57.2 MBytes   480 Mbits/sec  50930  
[  5]  14.00-15.00  sec  52.7 MBytes   442 Mbits/sec  46930  
[  5]  15.00-16.00  sec  62.3 MBytes   522 Mbits/sec  55430  
[  5]  16.00-17.00  sec  58.4 MBytes   490 Mbits/sec  52010  
[  5]  17.00-18.00  sec  54.0 MBytes   453 Mbits/sec  48100  
[  5]  18.00-19.00  sec  55.2 MBytes   463 Mbits/sec  49140  
[  5]  19.00-20.00  sec  50.9 MBytes   427 Mbits/sec  45310  
[  5]  20.00-21.00  sec  53.5 MBytes   449 Mbits/sec  47610  
[  5]  21.00-22.00  sec  56.9 MBytes   477 Mbits/sec  50630  
[  5]  22.00-23.00  sec  53.6 MBytes   449 Mbits/sec  47680  
[  5]  23.00-24.00  sec  51.4 MBytes   431 Mbits/sec  45710  
[  5]  24.00-25.00  sec  54.0 MBytes   453 Mbits/sec  48070  
[  5]  25.00-26.00  sec  50.6 MBytes   424 Mbits/sec  45030  
[  5]  26.00-27.00  sec  55.6 MBytes   466 Mbits/sec  49460  
[  5]  27.00-28.00  sec  54.2 MBytes   454 Mbits/sec  48220  
[  5]  28.00-29.00  sec  51.1 MBytes   429 Mbits/sec  45480  
[  5]  29.00-30.00  sec  51.7 MBytes   434 Mbits/sec  46050  
[  5]  30.00-31.00  sec  54.9 MBytes   460 Mbits/sec  48850  
[  5]  31.00-32.00  sec  55.2 MBytes   463 Mbits/sec  49170  
[  5]  32.00-33.00  sec  57.5 MBytes   483 Mbits/sec  51220  
[  5]  33.00-34.00  sec  58.0 MBytes   487 Mbits/sec  51670  
[  5]  34.00-35.00  sec  48.6 MBytes   408 Mbits/sec  43300  
[  5]  35.00-36.00  sec  53.5 MBytes   448 Mbits/sec  47590  
[  5]  36.00-37.00  sec  50.0 MBytes   420 Mbits/sec  44550  
[  5]  37.00-38.00  sec  50.0 MBytes   420 Mbits/sec  44550  
[  5]  38.00-39.00  sec  58.8 MBytes   493 Mbits/sec  52360  
[  5]  39.00-40.00  sec  57.9 MBytes   486 Mbits/sec  51520  
[  5]  40.00-41.00  sec  56.4 MBytes   473 Mbits/sec  50160  
[  5]  41.00-42.00  sec  52.9 MBytes   444 Mbits/sec  47060  
[  5]  42.00-43.00  sec  53.9 MBytes   453 Mbits/sec  48020  
[  5]  43.00-44.00  sec  59.2 MBytes   496 Mbits/sec  52660  
[  5]  44.00-45.00  sec  55.5 MBytes   466 Mbits/sec  49430  
[  5]  45.00-46.00  sec  54.6 MBytes   458 Mbits/sec  48570  
[  5]  46.00-47.00  sec  54.0 MBytes   453 Mbits/sec  48080  
[  5]  47.00-48.00  sec  52.5 MBytes   440 Mbits/sec  46740  
[  5]  48.00-49.00  sec  51.7 MBytes   433 Mbits/sec  45990  
[  5]  49.00-50.00  sec  55.8 MBytes   468 Mbits/sec  49630  
[  5]  50.00-51.00  sec  51.5 MBytes   432 Mbits/sec  45880  
[  5]  51.00-52.00  sec  49.5 MBytes   415 Mbits/sec  44070  
[  5]  52.00-53.00  sec  53.1 MBytes   446 Mbits/sec  47310  
[  5]  53.00-54.00  sec  50.8 MBytes   426 Mbits/sec  45230  
[  5]  54.00-55.00  sec  49.5 MBytes   415 Mbits/sec  44040  
[  5]  55.00-56.00  sec  53.2 MBytes   447 Mbits/sec  47390  
[  5]  56.00-57.00  sec  53.9 MBytes   452 Mbits/sec  47970  
[  5]  57.00-58.00  sec  53.9 MBytes   452 Mbits/sec  47950  
[  5]  58.00-59.00  sec  53.9 MBytes   453 Mbits/sec  48020  
[  5]  59.00-60.00  sec  58.1 MBytes   487 Mbits/sec  51700  
- - - - - - - - - - - - - - - - - - - - - - - - -
[ ID] Interval           Transfer     Bitrate         Jitter    Lost/Total Datagrams
[  5]   0.00-60.00  sec  3.16 GBytes   453 Mbits/sec  0.000 ms  0/2882460 (0%)  sender
[  5]   0.00-60.24  sec  1.93 GBytes   276 Mbits/sec  0.006 ms  1133525/2882460 (39%)  receiver

iperf Done.
