Connecting to host 10.136.80.148, port 5201
[  5] local 10.136.173.84 port 53144 connected to 10.136.80.148 port 5201
[ ID] Interval           Transfer     Bitrate         Retr  Cwnd
[  5]   0.00-1.00   sec  6.80 MBytes  57.0 Mbits/sec  133    424 KBytes       (omitted)
[  5]   0.00-1.00   sec  8.16 MBytes  68.4 Mbits/sec    0    477 KBytes       
[  5]   1.00-2.00   sec  7.17 MBytes  60.1 Mbits/sec   23    366 KBytes       
[  5]   2.00-3.00   sec  6.67 MBytes  56.0 Mbits/sec    0    389 KBytes       
[  5]   3.00-4.00   sec  7.41 MBytes  62.2 Mbits/sec    0    403 KBytes       
[  5]   4.00-5.00   sec  6.86 MBytes  57.5 Mbits/sec    4    294 KBytes       
[  5]   5.00-6.00   sec  5.19 MBytes  43.5 Mbits/sec    0    320 KBytes       
[  5]   6.00-7.00   sec  5.93 MBytes  49.8 Mbits/sec    0    336 KBytes       
[  5]   7.00-8.00   sec  6.67 MBytes  56.0 Mbits/sec    0    343 KBytes       
[  5]   8.00-9.00   sec  5.93 MBytes  49.8 Mbits/sec    0    345 KBytes       
[  5]   9.00-10.00  sec  6.67 MBytes  56.0 Mbits/sec    0    345 KBytes       
[  5]  10.00-11.00  sec  6.67 MBytes  56.0 Mbits/sec    0    357 KBytes       
[  5]  11.00-12.00  sec  6.67 MBytes  56.0 Mbits/sec    0    368 KBytes       
[  5]  12.00-13.00  sec  6.67 MBytes  56.0 Mbits/sec    0    380 KBytes       
[  5]  13.00-14.00  sec  6.67 MBytes  56.0 Mbits/sec    3    372 KBytes       
[  5]  14.00-15.00  sec  5.93 MBytes  49.8 Mbits/sec   51    316 KBytes       
[  5]  15.00-16.00  sec  5.93 MBytes  49.8 Mbits/sec    0    351 KBytes       
[  5]  16.00-17.00  sec  6.67 MBytes  56.0 Mbits/sec    0    374 KBytes       
[  5]  17.00-18.00  sec  7.41 MBytes  62.2 Mbits/sec    0    385 KBytes       
[  5]  18.00-19.00  sec  6.67 MBytes  56.0 Mbits/sec    0    390 KBytes       
[  5]  19.00-20.00  sec  7.41 MBytes  62.2 Mbits/sec    0    391 KBytes       
[  5]  20.00-21.00  sec  7.41 MBytes  62.2 Mbits/sec    0    391 KBytes       
[  5]  21.00-22.00  sec  7.41 MBytes  62.2 Mbits/sec    0    392 KBytes       
[  5]  22.00-23.00  sec  6.67 MBytes  56.0 Mbits/sec    0    398 KBytes       
[  5]  23.00-24.00  sec  6.67 MBytes  56.0 Mbits/sec    5    301 KBytes       
[  5]  24.00-25.00  sec  6.67 MBytes  56.0 Mbits/sec    0    345 KBytes       
[  5]  25.00-26.00  sec  5.93 MBytes  49.8 Mbits/sec    0    375 KBytes       
[  5]  26.00-27.00  sec  7.41 MBytes  62.2 Mbits/sec    0    393 KBytes       
[  5]  27.00-28.00  sec  7.41 MBytes  62.2 Mbits/sec    0    403 KBytes       
[  5]  28.00-29.00  sec  7.41 MBytes  62.2 Mbits/sec    0    406 KBytes       
[  5]  29.00-30.00  sec  7.41 MBytes  62.2 Mbits/sec    0    406 KBytes       
[  5]  30.00-31.00  sec  7.41 MBytes  62.2 Mbits/sec    0    406 KBytes       
[  5]  31.00-32.00  sec  7.41 MBytes  62.2 Mbits/sec    0    408 KBytes       
[  5]  32.00-33.00  sec  8.16 MBytes  68.4 Mbits/sec    0    418 KBytes       
[  5]  33.00-34.00  sec  7.41 MBytes  62.2 Mbits/sec    0    434 KBytes       
[  5]  34.00-35.00  sec  8.16 MBytes  68.4 Mbits/sec    0    460 KBytes       
[  5]  35.00-36.00  sec  8.90 MBytes  74.6 Mbits/sec    0    499 KBytes       
[  5]  36.00-37.00  sec  9.64 MBytes  80.9 Mbits/sec    0    557 KBytes       
[  5]  37.00-38.00  sec  11.6 MBytes  97.4 Mbits/sec    0    633 KBytes       
[  5]  38.00-39.00  sec  11.0 MBytes  92.3 Mbits/sec   28    507 KBytes       
[  5]  39.00-40.00  sec  10.2 MBytes  85.5 Mbits/sec    0    573 KBytes       
[  5]  40.00-41.00  sec  10.9 MBytes  91.7 Mbits/sec    0    620 KBytes       
[  5]  41.00-42.00  sec  11.9 MBytes   100 Mbits/sec    0    653 KBytes       
[  5]  42.00-43.00  sec  10.0 MBytes  84.0 Mbits/sec   19    484 KBytes       
[  5]  43.00-44.00  sec  9.14 MBytes  76.7 Mbits/sec    0    521 KBytes       
[  5]  44.00-45.00  sec  10.1 MBytes  85.0 Mbits/sec    0    545 KBytes       
[  5]  45.00-46.00  sec  10.3 MBytes  86.2 Mbits/sec   13    391 KBytes       
[  5]  46.00-47.00  sec  7.22 MBytes  60.5 Mbits/sec    0    428 KBytes       
[  5]  47.00-48.00  sec  8.28 MBytes  69.5 Mbits/sec    0    452 KBytes       
[  5]  48.00-49.00  sec  8.22 MBytes  68.9 Mbits/sec    0    466 KBytes       
[  5]  49.00-50.00  sec  9.21 MBytes  77.2 Mbits/sec    0    473 KBytes       
[  5]  50.00-51.00  sec  8.22 MBytes  68.9 Mbits/sec    0    474 KBytes       
[  5]  51.00-52.00  sec  9.27 MBytes  77.7 Mbits/sec    0    474 KBytes       
[  5]  52.00-53.00  sec  8.34 MBytes  70.0 Mbits/sec    0    475 KBytes       
[  5]  53.00-54.00  sec  6.55 MBytes  54.9 Mbits/sec   19    378 KBytes       
[  5]  54.00-55.00  sec  7.35 MBytes  61.7 Mbits/sec    0    420 KBytes       
[  5]  55.00-56.00  sec  6.36 MBytes  53.4 Mbits/sec   13    323 KBytes       
[  5]  56.00-57.00  sec  6.49 MBytes  54.4 Mbits/sec    0    344 KBytes       
[  5]  57.00-58.00  sec  6.43 MBytes  53.9 Mbits/sec    0    355 KBytes       
[  5]  58.00-59.00  sec  6.43 MBytes  53.9 Mbits/sec    0    361 KBytes       
[  5]  59.00-60.00  sec  6.43 MBytes  53.9 Mbits/sec    0    361 KBytes       
- - - - - - - - - - - - - - - - - - - - - - - - -
[ ID] Interval           Transfer     Bitrate         Retr
[  5]   0.00-60.00  sec   461 MBytes  64.4 Mbits/sec  178             sender
[  5]   0.00-60.05  sec   461 MBytes  64.4 Mbits/sec                  receiver

iperf Done.
