Connecting to host knb-server-175130, port 5201
[  5] local 10.136.173.124 port 58746 connected to 10.43.48.86 port 5201
[ ID] Interval           Transfer     Bitrate         Total Datagrams
[  5]   0.00-1.00   sec  51.0 MBytes   428 Mbits/sec  45400  (omitted)
[  5]   0.00-1.00   sec  51.2 MBytes   430 Mbits/sec  45600  
[  5]   1.00-2.00   sec  51.0 MBytes   428 Mbits/sec  45360  
[  5]   2.00-3.00   sec  51.4 MBytes   431 Mbits/sec  45770  
[  5]   3.00-4.00   sec  52.7 MBytes   442 Mbits/sec  46880  
[  5]   4.00-5.00   sec  50.3 MBytes   422 Mbits/sec  44790  
[  5]   5.00-6.00   sec  53.3 MBytes   447 Mbits/sec  47480  
[  5]   6.00-7.00   sec  50.8 MBytes   426 Mbits/sec  45220  
[  5]   7.00-8.00   sec  50.8 MBytes   426 Mbits/sec  45190  
[  5]   8.00-9.00   sec  50.3 MBytes   422 Mbits/sec  44730  
[  5]   9.00-10.00  sec  52.0 MBytes   436 Mbits/sec  46310  
[  5]  10.00-11.00  sec  51.8 MBytes   434 Mbits/sec  46100  
[  5]  11.00-12.00  sec  50.1 MBytes   420 Mbits/sec  44620  
[  5]  12.00-13.00  sec  51.8 MBytes   435 Mbits/sec  46120  
[  5]  13.00-14.00  sec  51.2 MBytes   430 Mbits/sec  45600  
[  5]  14.00-15.00  sec  49.4 MBytes   415 Mbits/sec  44010  
[  5]  15.00-16.00  sec  49.8 MBytes   418 Mbits/sec  44360  
[  5]  16.00-17.00  sec  52.7 MBytes   442 Mbits/sec  46880  
[  5]  17.00-18.00  sec  52.9 MBytes   444 Mbits/sec  47120  
[  5]  18.00-19.00  sec  52.9 MBytes   444 Mbits/sec  47130  
[  5]  19.00-20.00  sec  51.9 MBytes   436 Mbits/sec  46220  
[  5]  20.00-21.00  sec  52.8 MBytes   443 Mbits/sec  47000  
[  5]  21.00-22.00  sec  50.4 MBytes   423 Mbits/sec  44850  
[  5]  22.00-23.00  sec  51.8 MBytes   434 Mbits/sec  46080  
[  5]  23.00-24.00  sec  53.2 MBytes   446 Mbits/sec  47370  
[  5]  24.00-25.00  sec  50.6 MBytes   425 Mbits/sec  45070  
[  5]  25.00-26.00  sec  53.6 MBytes   449 Mbits/sec  47700  
[  5]  26.00-27.00  sec  48.7 MBytes   408 Mbits/sec  43320  
[  5]  27.00-28.00  sec  52.6 MBytes   441 Mbits/sec  46830  
[  5]  28.00-29.00  sec  51.0 MBytes   427 Mbits/sec  45360  
[  5]  29.00-30.00  sec  56.2 MBytes   471 Mbits/sec  50020  
[  5]  30.00-31.00  sec  52.8 MBytes   442 Mbits/sec  46960  
[  5]  31.00-32.00  sec  51.8 MBytes   435 Mbits/sec  46130  
[  5]  32.00-33.00  sec  50.3 MBytes   422 Mbits/sec  44810  
[  5]  33.00-34.00  sec  53.4 MBytes   447 Mbits/sec  47490  
[  5]  34.00-35.00  sec  49.9 MBytes   419 Mbits/sec  44430  
[  5]  35.00-36.00  sec  51.5 MBytes   432 Mbits/sec  45860  
[  5]  36.00-37.00  sec  51.6 MBytes   432 Mbits/sec  45890  
[  5]  37.00-38.00  sec  49.6 MBytes   416 Mbits/sec  44130  
[  5]  38.00-39.00  sec  52.2 MBytes   438 Mbits/sec  46470  
[  5]  39.00-40.00  sec  51.4 MBytes   431 Mbits/sec  45730  
[  5]  40.00-41.00  sec  49.3 MBytes   413 Mbits/sec  43860  
[  5]  41.00-42.00  sec  50.2 MBytes   421 Mbits/sec  44720  
[  5]  42.00-43.00  sec  49.5 MBytes   415 Mbits/sec  44080  
[  5]  43.00-44.00  sec  50.8 MBytes   426 Mbits/sec  45210  
[  5]  44.00-45.00  sec  50.3 MBytes   422 Mbits/sec  44810  
[  5]  45.00-46.00  sec  54.1 MBytes   454 Mbits/sec  48200  
[  5]  46.00-47.00  sec  51.1 MBytes   429 Mbits/sec  45510  
[  5]  47.00-48.00  sec  51.4 MBytes   431 Mbits/sec  45780  
[  5]  48.00-49.00  sec  46.6 MBytes   391 Mbits/sec  41480  
[  5]  49.00-50.00  sec  49.8 MBytes   418 Mbits/sec  44330  
[  5]  50.00-51.00  sec  53.1 MBytes   445 Mbits/sec  47260  
[  5]  51.00-52.00  sec  51.9 MBytes   435 Mbits/sec  46190  
[  5]  52.00-53.00  sec  51.9 MBytes   436 Mbits/sec  46220  
[  5]  53.00-54.00  sec  53.9 MBytes   452 Mbits/sec  48000  
[  5]  54.00-55.00  sec  52.5 MBytes   441 Mbits/sec  46760  
[  5]  55.00-56.00  sec  51.9 MBytes   435 Mbits/sec  46180  
[  5]  56.00-57.00  sec  50.7 MBytes   425 Mbits/sec  45130  
[  5]  57.00-58.00  sec  49.8 MBytes   418 Mbits/sec  44320  
[  5]  58.00-59.00  sec  53.3 MBytes   447 Mbits/sec  47480  
[  5]  59.00-60.00  sec  52.2 MBytes   438 Mbits/sec  46430  
- - - - - - - - - - - - - - - - - - - - - - - - -
[ ID] Interval           Transfer     Bitrate         Jitter    Lost/Total Datagrams
[  5]   0.00-60.00  sec  3.02 GBytes   432 Mbits/sec  0.000 ms  0/2748940 (0%)  sender
[  5]   0.00-60.24  sec  1.89 GBytes   269 Mbits/sec  0.020 ms  1048768/2748940 (38%)  receiver

iperf Done.
