Connecting to host knb-server-443218, port 5201
[  5] local 10.136.173.106 port 33724 connected to 10.43.144.41 port 5201
[ ID] Interval           Transfer     Bitrate         Total Datagrams
[  5]   0.00-1.00   sec  71.3 MBytes   598 Mbits/sec  63500  (omitted)
[  5]   0.00-1.00   sec  74.8 MBytes   627 Mbits/sec  66560  
[  5]   1.00-2.00   sec  74.6 MBytes   626 Mbits/sec  66420  
[  5]   2.00-3.00   sec  73.3 MBytes   615 Mbits/sec  65260  
[  5]   3.00-4.00   sec  74.7 MBytes   627 Mbits/sec  66490  
[  5]   4.00-5.00   sec  73.3 MBytes   615 Mbits/sec  65250  
[  5]   5.00-6.00   sec  73.3 MBytes   615 Mbits/sec  65220  
[  5]   6.00-7.00   sec  71.8 MBytes   603 Mbits/sec  63950  
[  5]   7.00-8.00   sec  73.8 MBytes   619 Mbits/sec  65700  
[  5]   8.00-9.00   sec  73.3 MBytes   615 Mbits/sec  65250  
[  5]   9.00-10.00  sec  73.6 MBytes   617 Mbits/sec  65520  
[  5]  10.00-11.00  sec  72.3 MBytes   607 Mbits/sec  64390  
[  5]  11.00-12.00  sec  64.9 MBytes   545 Mbits/sec  57790  
[  5]  12.00-13.00  sec  71.4 MBytes   599 Mbits/sec  63530  
[  5]  13.00-14.00  sec  76.4 MBytes   641 Mbits/sec  67970  
[  5]  14.00-15.00  sec  75.4 MBytes   632 Mbits/sec  67100  
[  5]  15.00-16.00  sec  74.4 MBytes   624 Mbits/sec  66200  
[  5]  16.00-17.00  sec  71.5 MBytes   599 Mbits/sec  63610  
[  5]  17.00-18.00  sec  75.6 MBytes   634 Mbits/sec  67310  
[  5]  18.00-19.00  sec  70.8 MBytes   594 Mbits/sec  62980  
[  5]  19.00-20.00  sec  62.4 MBytes   524 Mbits/sec  55580  
[  5]  20.00-21.00  sec  73.2 MBytes   614 Mbits/sec  65160  
[  5]  21.00-22.00  sec  74.8 MBytes   628 Mbits/sec  66590  
[  5]  22.00-23.00  sec  74.1 MBytes   622 Mbits/sec  65970  
[  5]  23.00-24.00  sec  73.5 MBytes   616 Mbits/sec  65400  
[  5]  24.00-25.00  sec  69.4 MBytes   582 Mbits/sec  61770  
[  5]  25.00-26.00  sec  68.1 MBytes   571 Mbits/sec  60590  
[  5]  26.00-27.00  sec  72.2 MBytes   606 Mbits/sec  64250  
[  5]  27.00-28.00  sec  73.6 MBytes   618 Mbits/sec  65530  
[  5]  28.00-29.00  sec  74.5 MBytes   625 Mbits/sec  66300  
[  5]  29.00-30.00  sec  62.6 MBytes   525 Mbits/sec  55680  
[  5]  30.00-31.00  sec  61.9 MBytes   520 Mbits/sec  55140  
[  5]  31.00-32.00  sec  73.6 MBytes   617 Mbits/sec  65510  
[  5]  32.00-33.00  sec  72.1 MBytes   604 Mbits/sec  64150  
[  5]  33.00-34.00  sec  71.5 MBytes   600 Mbits/sec  63650  
[  5]  34.00-35.00  sec  68.4 MBytes   574 Mbits/sec  60880  
[  5]  35.00-36.00  sec  53.5 MBytes   449 Mbits/sec  47640  
[  5]  36.00-37.00  sec  73.1 MBytes   613 Mbits/sec  65090  
[  5]  37.00-38.00  sec  74.2 MBytes   623 Mbits/sec  66090  
[  5]  38.00-39.00  sec  76.8 MBytes   645 Mbits/sec  68390  
[  5]  39.00-40.00  sec  61.4 MBytes   515 Mbits/sec  54620  
[  5]  40.00-41.00  sec  70.3 MBytes   590 Mbits/sec  62610  
[  5]  41.00-42.00  sec  72.4 MBytes   608 Mbits/sec  64470  
[  5]  42.00-43.00  sec  74.7 MBytes   626 Mbits/sec  66450  
[  5]  43.00-44.00  sec  75.1 MBytes   630 Mbits/sec  66870  
[  5]  44.00-45.00  sec  73.7 MBytes   618 Mbits/sec  65610  
[  5]  45.00-46.00  sec  76.1 MBytes   638 Mbits/sec  67700  
[  5]  46.00-47.00  sec  72.8 MBytes   611 Mbits/sec  64840  
[  5]  47.00-48.00  sec  74.5 MBytes   625 Mbits/sec  66300  
[  5]  48.00-49.00  sec  72.2 MBytes   606 Mbits/sec  64260  
[  5]  49.00-50.00  sec  68.6 MBytes   576 Mbits/sec  61100  
[  5]  50.00-51.00  sec  74.4 MBytes   624 Mbits/sec  66240  
[  5]  51.00-52.00  sec  75.2 MBytes   631 Mbits/sec  66920  
[  5]  52.00-53.00  sec  68.5 MBytes   575 Mbits/sec  60970  
[  5]  53.00-54.00  sec  73.4 MBytes   616 Mbits/sec  65350  
[  5]  54.00-55.00  sec  73.3 MBytes   615 Mbits/sec  65280  
[  5]  55.00-56.00  sec  73.1 MBytes   613 Mbits/sec  65040  
[  5]  56.00-57.00  sec  71.6 MBytes   601 Mbits/sec  63730  
[  5]  57.00-58.00  sec  73.1 MBytes   613 Mbits/sec  65030  
[  5]  58.00-59.00  sec  73.6 MBytes   617 Mbits/sec  65490  
[  5]  59.00-60.00  sec  73.8 MBytes   619 Mbits/sec  65660  
- - - - - - - - - - - - - - - - - - - - - - - - -
[ ID] Interval           Transfer     Bitrate         Jitter    Lost/Total Datagrams
[  5]   0.00-60.00  sec  4.21 GBytes   603 Mbits/sec  0.000 ms  0/3840400 (0%)  sender
[  5]   0.00-60.28  sec  1.76 GBytes   251 Mbits/sec  0.009 ms  2269362/3837985 (59%)  receiver

iperf Done.
