Connecting to host knb-server-4187300, port 5201
[  5] local 10.136.173.87 port 44800 connected to 10.43.175.23 port 5201
[ ID] Interval           Transfer     Bitrate         Total Datagrams
[  5]   0.00-1.00   sec  65.5 MBytes   549 Mbits/sec  58280  (omitted)
[  5]   0.00-1.00   sec  65.8 MBytes   552 Mbits/sec  58570  
[  5]   1.00-2.00   sec  72.9 MBytes   611 Mbits/sec  64860  
[  5]   2.00-3.00   sec  73.2 MBytes   614 Mbits/sec  65170  
[  5]   3.00-4.00   sec  72.6 MBytes   609 Mbits/sec  64580  
[  5]   4.00-5.00   sec  73.0 MBytes   612 Mbits/sec  64990  
[  5]   5.00-6.00   sec  70.1 MBytes   588 Mbits/sec  62380  
[  5]   6.00-7.00   sec  74.1 MBytes   621 Mbits/sec  65940  
[  5]   7.00-8.00   sec  65.4 MBytes   548 Mbits/sec  58180  
[  5]   8.00-9.00   sec  67.0 MBytes   562 Mbits/sec  59650  
[  5]   9.00-10.00  sec  61.6 MBytes   517 Mbits/sec  54850  
[  5]  10.00-11.00  sec  74.1 MBytes   622 Mbits/sec  65970  
[  5]  11.00-12.00  sec  74.8 MBytes   627 Mbits/sec  66540  
[  5]  12.00-13.00  sec  73.6 MBytes   617 Mbits/sec  65500  
[  5]  13.00-14.00  sec  64.8 MBytes   544 Mbits/sec  57710  
[  5]  14.00-15.00  sec  72.4 MBytes   607 Mbits/sec  64410  
[  5]  15.00-16.00  sec  56.6 MBytes   475 Mbits/sec  50390  
[  5]  16.00-17.00  sec  69.3 MBytes   582 Mbits/sec  61720  
[  5]  17.00-18.00  sec  74.1 MBytes   621 Mbits/sec  65940  
[  5]  18.00-19.00  sec  73.2 MBytes   614 Mbits/sec  65160  
[  5]  19.00-20.00  sec  69.4 MBytes   582 Mbits/sec  61750  
[  5]  20.00-21.00  sec  74.6 MBytes   626 Mbits/sec  66390  
[  5]  21.00-22.00  sec  75.2 MBytes   631 Mbits/sec  66950  
[  5]  22.00-23.00  sec  72.6 MBytes   609 Mbits/sec  64660  
[  5]  23.00-24.00  sec  70.4 MBytes   590 Mbits/sec  62630  
[  5]  24.00-25.00  sec  53.4 MBytes   448 Mbits/sec  47500  
[  5]  25.00-26.00  sec  52.7 MBytes   442 Mbits/sec  46920  
[  5]  26.00-27.00  sec  72.6 MBytes   609 Mbits/sec  64650  
[  5]  27.00-28.00  sec  68.1 MBytes   572 Mbits/sec  60660  
[  5]  28.00-29.00  sec  71.3 MBytes   598 Mbits/sec  63470  
[  5]  29.00-30.00  sec  71.5 MBytes   599 Mbits/sec  63610  
[  5]  30.00-31.00  sec  72.3 MBytes   607 Mbits/sec  64370  
[  5]  31.00-32.00  sec  69.1 MBytes   580 Mbits/sec  61510  
[  5]  32.00-33.00  sec  52.1 MBytes   437 Mbits/sec  46350  
[  5]  33.00-34.00  sec  52.5 MBytes   441 Mbits/sec  46750  
[  5]  34.00-35.00  sec  54.5 MBytes   457 Mbits/sec  48470  
[  5]  35.00-36.00  sec  58.5 MBytes   491 Mbits/sec  52110  
[  5]  36.00-37.00  sec  58.0 MBytes   487 Mbits/sec  51650  
[  5]  37.00-38.00  sec  54.7 MBytes   459 Mbits/sec  48720  
[  5]  38.00-39.00  sec  59.9 MBytes   502 Mbits/sec  53280  
[  5]  39.00-40.00  sec  64.2 MBytes   538 Mbits/sec  57140  
[  5]  40.00-41.00  sec  73.1 MBytes   614 Mbits/sec  65110  
[  5]  41.00-42.00  sec  73.8 MBytes   619 Mbits/sec  65730  
[  5]  42.00-43.00  sec  73.4 MBytes   616 Mbits/sec  65370  
[  5]  43.00-44.00  sec  74.3 MBytes   623 Mbits/sec  66130  
[  5]  44.00-45.00  sec  69.0 MBytes   579 Mbits/sec  61420  
[  5]  45.00-46.00  sec  69.7 MBytes   585 Mbits/sec  62080  
[  5]  46.00-47.00  sec  73.7 MBytes   618 Mbits/sec  65620  
[  5]  47.00-48.00  sec  73.2 MBytes   614 Mbits/sec  65170  
[  5]  48.00-49.00  sec  73.1 MBytes   613 Mbits/sec  65090  
[  5]  49.00-50.00  sec  73.7 MBytes   619 Mbits/sec  65630  
[  5]  50.00-51.00  sec  73.0 MBytes   612 Mbits/sec  64970  
[  5]  51.00-52.00  sec  71.0 MBytes   596 Mbits/sec  63220  
[  5]  52.00-53.00  sec  72.6 MBytes   609 Mbits/sec  64590  
[  5]  53.00-54.00  sec  72.4 MBytes   607 Mbits/sec  64410  
[  5]  54.00-55.00  sec  72.3 MBytes   606 Mbits/sec  64350  
[  5]  55.00-56.00  sec  71.9 MBytes   603 Mbits/sec  64020  
[  5]  56.00-57.00  sec  74.4 MBytes   624 Mbits/sec  66230  
[  5]  57.00-58.00  sec  73.5 MBytes   616 Mbits/sec  65400  
[  5]  58.00-59.00  sec  73.1 MBytes   613 Mbits/sec  65070  
[  5]  59.00-60.00  sec  70.6 MBytes   593 Mbits/sec  62880  
- - - - - - - - - - - - - - - - - - - - - - - - -
[ ID] Interval           Transfer     Bitrate         Jitter    Lost/Total Datagrams
[  5]   0.00-60.00  sec  4.03 GBytes   577 Mbits/sec  0.000 ms  0/3674540 (0%)  sender
[  5]   0.00-60.26  sec  1.84 GBytes   262 Mbits/sec  0.074 ms  2029229/3674453 (55%)  receiver

iperf Done.
