Connecting to host 10.136.80.141, port 5201
[  5] local 10.136.173.85 port 49252 connected to 10.136.80.141 port 5201
[ ID] Interval           Transfer     Bitrate         Retr  Cwnd
[  5]   0.00-1.00   sec  5.92 MBytes  49.6 Mbits/sec  296   10.4 KBytes       (omitted)
[  5]   0.00-1.00   sec  6.32 MBytes  53.0 Mbits/sec  282   1.15 KBytes       
[  5]   1.00-2.00   sec  4.76 MBytes  39.9 Mbits/sec  235   1.15 KBytes       
[  5]   2.00-3.00   sec  2.66 MBytes  22.3 Mbits/sec  110   2.30 KBytes       
[  5]   3.00-4.00   sec  6.06 MBytes  50.9 Mbits/sec  272   4.60 KBytes       
[  5]   4.00-5.00   sec  2.04 MBytes  17.1 Mbits/sec  112   2.30 KBytes       
[  5]   5.00-6.00   sec  7.05 MBytes  59.1 Mbits/sec  332   9.20 KBytes       
[  5]   6.00-7.00   sec  3.89 MBytes  32.7 Mbits/sec  189   1.15 KBytes       
[  5]   7.00-8.00   sec  1.05 MBytes  8.81 Mbits/sec   47   2.30 KBytes       
[  5]   8.00-9.00   sec  3.83 MBytes  32.1 Mbits/sec  193   4.60 KBytes       
[  5]   9.00-10.00  sec  6.86 MBytes  57.6 Mbits/sec  336   2.30 KBytes       
[  5]  10.00-11.00  sec  3.35 MBytes  28.1 Mbits/sec  146   1.15 KBytes       
[  5]  11.00-12.00  sec  2.41 MBytes  20.2 Mbits/sec  130   8.05 KBytes       
[  5]  12.00-13.00  sec  4.70 MBytes  39.4 Mbits/sec  236   1.15 KBytes       
[  5]  13.00-14.00  sec  5.31 MBytes  44.6 Mbits/sec  259   5.75 KBytes       
[  5]  14.00-15.00  sec  10.3 MBytes  86.3 Mbits/sec  504   11.5 KBytes       
[  5]  15.00-16.00  sec  5.07 MBytes  42.5 Mbits/sec  224   2.30 KBytes       
[  5]  16.00-17.00  sec  2.47 MBytes  20.7 Mbits/sec  115   2.30 KBytes       
[  5]  17.00-18.00  sec  3.10 MBytes  26.0 Mbits/sec  128   2.30 KBytes       
[  5]  18.00-19.00  sec  1.17 MBytes  9.85 Mbits/sec   64   1.15 KBytes       
[  5]  19.00-20.00  sec  3.23 MBytes  27.1 Mbits/sec  158   1.15 KBytes       
[  5]  20.00-21.00  sec  7.28 MBytes  61.1 Mbits/sec  307   2.30 KBytes       
[  5]  21.00-22.00  sec  4.39 MBytes  36.9 Mbits/sec  199   1.15 KBytes       
[  5]  22.00-23.00  sec   569 KBytes  4.66 Mbits/sec   38   1.15 KBytes       
[  5]  23.00-24.00  sec  3.41 MBytes  28.6 Mbits/sec  173   1.15 KBytes       
[  5]  24.00-25.00  sec  7.98 MBytes  66.9 Mbits/sec  347   12.7 KBytes       
[  5]  25.00-26.00  sec  8.67 MBytes  72.7 Mbits/sec  429   2.30 KBytes       
[  5]  26.00-27.00  sec  5.82 MBytes  48.8 Mbits/sec  278   4.60 KBytes       
[  5]  27.00-28.00  sec  2.91 MBytes  24.4 Mbits/sec  129   2.30 KBytes       
[  5]  28.00-29.00  sec   949 KBytes  7.78 Mbits/sec   58   1.15 KBytes       
[  5]  29.00-30.00  sec  6.52 MBytes  54.7 Mbits/sec  284   8.05 KBytes       
[  5]  30.00-31.00  sec  7.64 MBytes  64.1 Mbits/sec  367   2.30 KBytes       
[  5]  31.00-32.00  sec  8.28 MBytes  69.5 Mbits/sec  393   1.15 KBytes       
[  5]  32.00-33.00  sec  4.76 MBytes  40.0 Mbits/sec  251   2.30 KBytes       
[  5]  33.00-34.00  sec  4.45 MBytes  37.3 Mbits/sec  204   8.05 KBytes       
[  5]  34.00-35.00  sec  3.77 MBytes  31.6 Mbits/sec  166   1.15 KBytes       
[  5]  35.00-36.00  sec  1.30 MBytes  10.9 Mbits/sec   49   2.30 KBytes       
[  5]  36.00-37.00  sec  7.12 MBytes  59.7 Mbits/sec  322   1.15 KBytes       
[  5]  37.00-38.00  sec  4.26 MBytes  35.8 Mbits/sec  206   2.30 KBytes       
[  5]  38.00-39.00  sec  2.78 MBytes  23.3 Mbits/sec  151   4.60 KBytes       
[  5]  39.00-40.00  sec  6.06 MBytes  50.8 Mbits/sec  291   5.75 KBytes       
[  5]  40.00-41.00  sec  5.07 MBytes  42.5 Mbits/sec  222   2.30 KBytes       
[  5]  41.00-42.00  sec  1.42 MBytes  11.9 Mbits/sec   65   2.30 KBytes       
[  5]  42.00-43.00  sec  3.96 MBytes  33.2 Mbits/sec  190   2.30 KBytes       
[  5]  43.00-44.00  sec  4.51 MBytes  37.8 Mbits/sec  197   1.15 KBytes       
[  5]  44.00-45.00  sec  2.35 MBytes  19.7 Mbits/sec  105   2.30 KBytes       
[  5]  45.00-46.00  sec  6.43 MBytes  53.9 Mbits/sec  303   12.7 KBytes       
[  5]  46.00-47.00  sec  9.28 MBytes  77.8 Mbits/sec  433   2.30 KBytes       
[  5]  47.00-48.00  sec  4.45 MBytes  37.3 Mbits/sec  210   6.90 KBytes       
[  5]  48.00-49.00  sec  10.9 MBytes  91.2 Mbits/sec  512   3.45 KBytes       
[  5]  49.00-50.00  sec  8.84 MBytes  74.1 Mbits/sec  409   10.4 KBytes       
[  5]  50.00-51.00  sec  6.06 MBytes  50.8 Mbits/sec  267   1.15 KBytes       
[  5]  51.00-52.00  sec  1.73 MBytes  14.5 Mbits/sec   84   2.30 KBytes       
[  5]  52.00-53.00  sec  2.78 MBytes  23.3 Mbits/sec  139   1.15 KBytes       
[  5]  53.00-54.00  sec  2.22 MBytes  18.7 Mbits/sec   95   9.20 KBytes       
[  5]  54.00-55.00  sec  4.33 MBytes  36.3 Mbits/sec  198   1.15 KBytes       
[  5]  55.00-56.00  sec  10.9 MBytes  91.7 Mbits/sec  553   1.15 KBytes       
[  5]  56.00-57.00  sec  6.06 MBytes  50.8 Mbits/sec  277   9.20 KBytes       
[  5]  57.00-58.00  sec  4.39 MBytes  36.8 Mbits/sec  201   21.9 KBytes       
[  5]  58.00-59.00  sec  4.63 MBytes  38.9 Mbits/sec  222   6.90 KBytes       
[  5]  59.00-60.00  sec  5.68 MBytes  47.7 Mbits/sec  278   2.30 KBytes       
- - - - - - - - - - - - - - - - - - - - - - - - -
[ ID] Interval           Transfer     Bitrate         Retr
[  5]   0.00-60.00  sec   291 MBytes  40.6 Mbits/sec  13674             sender
[  5]   0.00-60.04  sec   291 MBytes  40.6 Mbits/sec                  receiver

iperf Done.
