Connecting to host knb-server-158135, port 5201
[  5] local 10.136.173.94 port 33417 connected to 10.43.78.65 port 5201
[ ID] Interval           Transfer     Bitrate         Total Datagrams
[  5]   0.00-1.00   sec  54.1 MBytes   454 Mbits/sec  48140  (omitted)
[  5]   0.00-1.00   sec  55.3 MBytes   463 Mbits/sec  49180  
[  5]   1.00-2.00   sec  49.3 MBytes   414 Mbits/sec  43900  
[  5]   2.00-3.00   sec  48.9 MBytes   410 Mbits/sec  43500  
[  5]   3.00-4.00   sec  49.9 MBytes   419 Mbits/sec  44430  
[  5]   4.00-5.00   sec  49.3 MBytes   414 Mbits/sec  43890  
[  5]   5.00-6.00   sec  53.4 MBytes   448 Mbits/sec  47540  
[  5]   6.00-7.00   sec  51.5 MBytes   432 Mbits/sec  45850  
[  5]   7.00-8.00   sec  52.6 MBytes   441 Mbits/sec  46820  
[  5]   8.00-9.00   sec  51.0 MBytes   428 Mbits/sec  45430  
[  5]   9.00-10.00  sec  54.7 MBytes   459 Mbits/sec  48720  
[  5]  10.00-11.00  sec  49.6 MBytes   416 Mbits/sec  44140  
[  5]  11.00-12.00  sec  44.2 MBytes   371 Mbits/sec  39340  
[  5]  12.00-13.00  sec  51.6 MBytes   433 Mbits/sec  45950  
[  5]  13.00-14.00  sec  53.4 MBytes   448 Mbits/sec  47510  
[  5]  14.00-15.00  sec  51.6 MBytes   433 Mbits/sec  45950  
[  5]  15.00-16.00  sec  52.0 MBytes   436 Mbits/sec  46310  
[  5]  16.00-17.00  sec  51.8 MBytes   434 Mbits/sec  46100  
[  5]  17.00-18.00  sec  52.6 MBytes   441 Mbits/sec  46790  
[  5]  18.00-19.00  sec  53.5 MBytes   449 Mbits/sec  47610  
[  5]  19.00-20.00  sec  51.0 MBytes   428 Mbits/sec  45410  
[  5]  20.00-21.00  sec  50.9 MBytes   427 Mbits/sec  45270  
[  5]  21.00-22.00  sec  51.7 MBytes   433 Mbits/sec  45980  
[  5]  22.00-23.00  sec  51.8 MBytes   435 Mbits/sec  46130  
[  5]  23.00-24.00  sec  50.3 MBytes   422 Mbits/sec  44810  
[  5]  24.00-25.00  sec  51.6 MBytes   433 Mbits/sec  45940  
[  5]  25.00-26.00  sec  51.0 MBytes   428 Mbits/sec  45390  
[  5]  26.00-27.00  sec  54.7 MBytes   459 Mbits/sec  48660  
[  5]  27.00-28.00  sec  53.1 MBytes   446 Mbits/sec  47270  
[  5]  28.00-29.00  sec  51.3 MBytes   430 Mbits/sec  45650  
[  5]  29.00-30.00  sec  50.9 MBytes   427 Mbits/sec  45300  
[  5]  30.00-31.00  sec  52.9 MBytes   444 Mbits/sec  47100  
[  5]  31.00-32.00  sec  52.6 MBytes   441 Mbits/sec  46820  
[  5]  32.00-33.00  sec  51.0 MBytes   428 Mbits/sec  45370  
[  5]  33.00-34.00  sec  50.9 MBytes   427 Mbits/sec  45350  
[  5]  34.00-35.00  sec  49.4 MBytes   415 Mbits/sec  43990  
[  5]  35.00-36.00  sec  52.0 MBytes   436 Mbits/sec  46290  
[  5]  36.00-37.00  sec  55.1 MBytes   462 Mbits/sec  49080  
[  5]  37.00-38.00  sec  50.1 MBytes   420 Mbits/sec  44580  
[  5]  38.00-39.00  sec  51.2 MBytes   429 Mbits/sec  45560  
[  5]  39.00-40.00  sec  51.7 MBytes   434 Mbits/sec  46020  
[  5]  40.00-41.00  sec  50.0 MBytes   420 Mbits/sec  44540  
[  5]  41.00-42.00  sec  52.1 MBytes   437 Mbits/sec  46400  
[  5]  42.00-43.00  sec  50.1 MBytes   420 Mbits/sec  44560  
[  5]  43.00-44.00  sec  52.4 MBytes   439 Mbits/sec  46600  
[  5]  44.00-45.00  sec  51.1 MBytes   429 Mbits/sec  45520  
[  5]  45.00-46.00  sec  51.4 MBytes   431 Mbits/sec  45770  
[  5]  46.00-47.00  sec  53.2 MBytes   447 Mbits/sec  47390  
[  5]  47.00-48.00  sec  51.4 MBytes   431 Mbits/sec  45760  
[  5]  48.00-49.00  sec  52.1 MBytes   437 Mbits/sec  46380  
[  5]  49.00-50.00  sec  51.3 MBytes   430 Mbits/sec  45660  
[  5]  50.00-51.00  sec  51.6 MBytes   433 Mbits/sec  45930  
[  5]  51.00-52.00  sec  51.0 MBytes   428 Mbits/sec  45410  
[  5]  52.00-53.00  sec  51.4 MBytes   431 Mbits/sec  45750  
[  5]  53.00-54.00  sec  50.0 MBytes   420 Mbits/sec  44550  
[  5]  54.00-55.00  sec  51.5 MBytes   432 Mbits/sec  45860  
[  5]  55.00-56.00  sec  50.3 MBytes   422 Mbits/sec  44760  
[  5]  56.00-57.00  sec  52.9 MBytes   444 Mbits/sec  47070  
[  5]  57.00-58.00  sec  51.3 MBytes   430 Mbits/sec  45630  
[  5]  58.00-59.00  sec  50.4 MBytes   423 Mbits/sec  44860  
[  5]  59.00-60.00  sec  52.0 MBytes   436 Mbits/sec  46310  
- - - - - - - - - - - - - - - - - - - - - - - - -
[ ID] Interval           Transfer     Bitrate         Jitter    Lost/Total Datagrams
[  5]   0.00-60.00  sec  3.02 GBytes   432 Mbits/sec  0.000 ms  0/2749640 (0%)  sender
[  5]   0.00-60.23  sec  1.88 GBytes   269 Mbits/sec  0.011 ms  1056804/2749640 (38%)  receiver

iperf Done.
