Connecting to host knb-server-718427, port 5201
[  5] local 10.136.173.102 port 44944 connected to 10.43.202.128 port 5201
[ ID] Interval           Transfer     Bitrate         Retr  Cwnd
[  5]   0.00-1.00   sec  1.61 MBytes  13.5 Mbits/sec  127   1.15 KBytes       (omitted)
[  5]   0.00-1.00   sec   204 KBytes  1.67 Mbits/sec   32   2.30 KBytes       
[  5]   1.00-2.00   sec  1.31 MBytes  11.0 Mbits/sec  115   2.30 KBytes       
[  5]   2.00-3.00   sec   261 KBytes  2.14 Mbits/sec   33   2.30 KBytes       
[  5]   3.00-4.00   sec   261 KBytes  2.14 Mbits/sec   19   1.15 KBytes       
[  5]   4.00-5.00   sec   266 KBytes  2.18 Mbits/sec   33   1.15 KBytes       
[  5]   5.00-6.00   sec   171 KBytes  1.40 Mbits/sec   21   1.15 KBytes       
[  5]   6.00-7.00   sec   681 KBytes  5.58 Mbits/sec   61   1.15 KBytes       
[  5]   7.00-8.00   sec   955 KBytes  7.82 Mbits/sec   84   1.15 KBytes       
[  5]   8.00-9.00   sec   433 KBytes  3.54 Mbits/sec   51   2.30 KBytes       
[  5]   9.00-10.00  sec  1.38 MBytes  11.6 Mbits/sec  107   2.30 KBytes       
[  5]  10.00-11.00  sec  1.26 MBytes  10.6 Mbits/sec  131   1.15 KBytes       
[  5]  11.00-12.00  sec  0.00 Bytes  0.00 Mbits/sec    2   1.15 KBytes       
[  5]  12.00-13.00  sec   397 KBytes  3.25 Mbits/sec   36   2.30 KBytes       
[  5]  13.00-14.00  sec  1.97 MBytes  16.5 Mbits/sec  187   2.30 KBytes       
[  5]  14.00-15.00  sec   837 KBytes  6.86 Mbits/sec   72   2.30 KBytes       
[  5]  15.00-16.00  sec   127 KBytes  1.04 Mbits/sec   15   1.15 KBytes       
[  5]  16.00-17.00  sec   262 KBytes  2.15 Mbits/sec   28   1.15 KBytes       
[  5]  17.00-18.00  sec   444 KBytes  3.64 Mbits/sec   40   1.15 KBytes       
[  5]  18.00-19.00  sec  1.38 MBytes  11.6 Mbits/sec  112   6.90 KBytes       
[  5]  19.00-20.00  sec   411 KBytes  3.36 Mbits/sec   37   1.15 KBytes       
[  5]  20.00-21.00  sec   128 KBytes  1.05 Mbits/sec   23   1.15 KBytes       
[  5]  21.00-22.00  sec   350 KBytes  2.86 Mbits/sec   29   1.15 KBytes       
[  5]  22.00-23.00  sec   128 KBytes  1.05 Mbits/sec   21   1.15 KBytes       
[  5]  23.00-24.00  sec   190 KBytes  1.56 Mbits/sec   21   1.15 KBytes       
[  5]  24.00-25.00  sec   867 KBytes  7.11 Mbits/sec   77   5.75 KBytes       
[  5]  25.00-26.00  sec   534 KBytes  4.37 Mbits/sec   44   1.15 KBytes       
[  5]  26.00-27.00  sec   127 KBytes  1.04 Mbits/sec   14   1.15 KBytes       
[  5]  27.00-28.00  sec   940 KBytes  7.70 Mbits/sec  100   1.15 KBytes       
[  5]  28.00-29.00  sec   719 KBytes  5.89 Mbits/sec   71   2.30 KBytes       
[  5]  29.00-30.00  sec   190 KBytes  1.55 Mbits/sec   25   1.15 KBytes       
[  5]  30.00-31.00  sec   797 KBytes  6.53 Mbits/sec   65   2.30 KBytes       
[  5]  31.00-32.00  sec   627 KBytes  5.14 Mbits/sec   53   1.15 KBytes       
[  5]  32.00-33.00  sec   580 KBytes  4.75 Mbits/sec   54   1.15 KBytes       
[  5]  33.00-34.00  sec   127 KBytes  1.04 Mbits/sec   14   2.30 KBytes       
[  5]  34.00-35.00  sec   443 KBytes  3.63 Mbits/sec   38   4.60 KBytes       
[  5]  35.00-36.00  sec   393 KBytes  3.22 Mbits/sec   47   1.15 KBytes       
[  5]  36.00-37.00  sec   726 KBytes  5.95 Mbits/sec   58   1.15 KBytes       
[  5]  37.00-38.00  sec   882 KBytes  7.23 Mbits/sec   82   1.15 KBytes       
[  5]  38.00-39.00  sec  1.19 MBytes  9.97 Mbits/sec   89   2.30 KBytes       
[  5]  39.00-40.00  sec   190 KBytes  1.56 Mbits/sec   20   2.30 KBytes       
[  5]  40.00-41.00  sec   253 KBytes  2.07 Mbits/sec   25   1.15 KBytes       
[  5]  41.00-42.00  sec  2.40 MBytes  20.1 Mbits/sec  210   2.30 KBytes       
[  5]  42.00-43.00  sec   749 KBytes  6.13 Mbits/sec   64   2.30 KBytes       
[  5]  43.00-44.00  sec   380 KBytes  3.11 Mbits/sec   37   1.15 KBytes       
[  5]  44.00-45.00  sec  1.95 MBytes  16.4 Mbits/sec  187   2.30 KBytes       
[  5]  45.00-46.00  sec   316 KBytes  2.59 Mbits/sec   28   2.30 KBytes       
[  5]  46.00-47.00  sec   380 KBytes  3.11 Mbits/sec   30   1.15 KBytes       
[  5]  47.00-48.00  sec  1.51 MBytes  12.6 Mbits/sec  126   5.75 KBytes       
[  5]  48.00-49.00  sec  1.43 MBytes  12.0 Mbits/sec  143   2.30 KBytes       
[  5]  49.00-50.00  sec   846 KBytes  6.93 Mbits/sec   87   3.45 KBytes       
[  5]  50.00-51.00  sec   647 KBytes  5.30 Mbits/sec   81   1.15 KBytes       
[  5]  51.00-52.00  sec  0.00 Bytes  0.00 Mbits/sec    2   1.15 KBytes       
[  5]  52.00-53.00  sec   316 KBytes  2.59 Mbits/sec   32   1.15 KBytes       
[  5]  53.00-54.00  sec   382 KBytes  3.13 Mbits/sec   37   1.15 KBytes       
[  5]  54.00-55.00  sec  1.07 MBytes  8.94 Mbits/sec  104   1.15 KBytes       
[  5]  55.00-56.00  sec   127 KBytes  1.04 Mbits/sec   17   1.15 KBytes       
[  5]  56.00-57.00  sec   642 KBytes  5.26 Mbits/sec   54   1.15 KBytes       
[  5]  57.00-58.00  sec   461 KBytes  3.78 Mbits/sec   39   8.05 KBytes       
[  5]  58.00-59.00  sec   523 KBytes  4.29 Mbits/sec   64   1.15 KBytes       
[  5]  59.00-60.00  sec   641 KBytes  5.25 Mbits/sec   66   2.30 KBytes       
- - - - - - - - - - - - - - - - - - - - - - - - -
[ ID] Interval           Transfer     Bitrate         Retr
[  5]   0.00-60.00  sec  37.7 MBytes  5.26 Mbits/sec  3594             sender
[  5]   0.00-60.04  sec  37.7 MBytes  5.26 Mbits/sec                  receiver

iperf Done.
