Connecting to host 10.136.80.167, port 5201
[  5] local 10.136.173.82 port 39538 connected to 10.136.80.167 port 5201
[ ID] Interval           Transfer     Bitrate         Total Datagrams
[  5]   0.00-1.00   sec  63.5 MBytes   533 Mbits/sec  56510  (omitted)
[  5]   0.00-1.00   sec  63.6 MBytes   534 Mbits/sec  56630  
[  5]   1.00-2.00   sec  63.6 MBytes   533 Mbits/sec  56590  
[  5]   2.00-3.00   sec  63.6 MBytes   534 Mbits/sec  56630  
[  5]   3.00-4.00   sec  64.6 MBytes   542 Mbits/sec  57540  
[  5]   4.00-5.00   sec  64.6 MBytes   542 Mbits/sec  57480  
[  5]   5.00-6.00   sec  64.9 MBytes   545 Mbits/sec  57810  
[  5]   6.00-7.00   sec  66.4 MBytes   557 Mbits/sec  59120  
[  5]   7.00-8.00   sec  65.8 MBytes   552 Mbits/sec  58610  
[  5]   8.00-9.00   sec  64.0 MBytes   537 Mbits/sec  56940  
[  5]   9.00-10.00  sec  64.3 MBytes   539 Mbits/sec  57230  
[  5]  10.00-11.00  sec  64.9 MBytes   544 Mbits/sec  57760  
[  5]  11.00-12.00  sec  63.5 MBytes   532 Mbits/sec  56490  
[  5]  12.00-13.00  sec  64.2 MBytes   539 Mbits/sec  57140  
[  5]  13.00-14.00  sec  64.8 MBytes   543 Mbits/sec  57650  
[  5]  14.00-15.00  sec  65.5 MBytes   549 Mbits/sec  58280  
[  5]  15.00-16.00  sec  63.5 MBytes   533 Mbits/sec  56560  
[  5]  16.00-17.00  sec  65.6 MBytes   550 Mbits/sec  58370  
[  5]  17.00-18.00  sec  65.5 MBytes   550 Mbits/sec  58340  
[  5]  18.00-19.00  sec  66.3 MBytes   556 Mbits/sec  59000  
[  5]  19.00-20.00  sec  65.1 MBytes   546 Mbits/sec  57950  
[  5]  20.00-21.00  sec  66.7 MBytes   559 Mbits/sec  59330  
[  5]  21.00-22.00  sec  66.2 MBytes   555 Mbits/sec  58920  
[  5]  22.00-23.00  sec  66.0 MBytes   553 Mbits/sec  58720  
[  5]  23.00-24.00  sec  66.1 MBytes   555 Mbits/sec  58840  
[  5]  24.00-25.00  sec  65.7 MBytes   551 Mbits/sec  58500  
[  5]  25.00-26.00  sec  65.5 MBytes   550 Mbits/sec  58340  
[  5]  26.00-27.00  sec  66.3 MBytes   556 Mbits/sec  59020  
[  5]  27.00-28.00  sec  66.6 MBytes   558 Mbits/sec  59250  
[  5]  28.00-29.00  sec  63.7 MBytes   535 Mbits/sec  56740  
[  5]  29.00-30.00  sec  65.8 MBytes   552 Mbits/sec  58590  
[  5]  30.00-31.00  sec  66.3 MBytes   556 Mbits/sec  58990  
[  5]  31.00-32.00  sec  64.7 MBytes   543 Mbits/sec  57600  
[  5]  32.00-33.00  sec  66.0 MBytes   553 Mbits/sec  58710  
[  5]  33.00-34.00  sec  65.4 MBytes   548 Mbits/sec  58190  
[  5]  34.00-35.00  sec  64.1 MBytes   538 Mbits/sec  57070  
[  5]  35.00-36.00  sec  69.7 MBytes   585 Mbits/sec  62020  
[  5]  36.00-37.00  sec  78.7 MBytes   660 Mbits/sec  70020  
[  5]  37.00-38.00  sec  78.2 MBytes   656 Mbits/sec  69600  
[  5]  38.00-39.00  sec  79.1 MBytes   664 Mbits/sec  70420  
[  5]  39.00-40.00  sec  80.2 MBytes   673 Mbits/sec  71380  
[  5]  40.00-41.00  sec  78.6 MBytes   659 Mbits/sec  69940  
[  5]  41.00-42.00  sec  78.0 MBytes   654 Mbits/sec  69410  
[  5]  42.00-43.00  sec  77.4 MBytes   649 Mbits/sec  68910  
[  5]  43.00-44.00  sec  78.0 MBytes   654 Mbits/sec  69440  
[  5]  44.00-45.00  sec  78.5 MBytes   658 Mbits/sec  69840  
[  5]  45.00-46.00  sec  78.8 MBytes   661 Mbits/sec  70180  
[  5]  46.00-47.00  sec  79.2 MBytes   664 Mbits/sec  70470  
[  5]  47.00-48.00  sec  78.8 MBytes   661 Mbits/sec  70110  
[  5]  48.00-49.00  sec  79.2 MBytes   664 Mbits/sec  70480  
[  5]  49.00-50.00  sec  79.0 MBytes   662 Mbits/sec  70290  
[  5]  50.00-51.00  sec  79.6 MBytes   668 Mbits/sec  70830  
[  5]  51.00-52.00  sec  78.9 MBytes   662 Mbits/sec  70240  
[  5]  52.00-53.00  sec  79.0 MBytes   662 Mbits/sec  70290  
[  5]  53.00-54.00  sec  79.4 MBytes   666 Mbits/sec  70640  
[  5]  54.00-55.00  sec  79.7 MBytes   669 Mbits/sec  70950  
[  5]  55.00-56.00  sec  79.2 MBytes   665 Mbits/sec  70510  
[  5]  56.00-57.00  sec  79.4 MBytes   666 Mbits/sec  70700  
[  5]  57.00-58.00  sec  79.4 MBytes   666 Mbits/sec  70690  
[  5]  58.00-59.00  sec  79.8 MBytes   669 Mbits/sec  71040  
[  5]  59.00-60.00  sec  79.6 MBytes   668 Mbits/sec  70880  
- - - - - - - - - - - - - - - - - - - - - - - - -
[ ID] Interval           Transfer     Bitrate         Jitter    Lost/Total Datagrams
[  5]   0.00-60.00  sec  4.15 GBytes   593 Mbits/sec  0.000 ms  0/3778210 (0%)  sender
[  5]   0.00-60.04  sec  3.73 GBytes   534 Mbits/sec  0.017 ms  384389/3778209 (10%)  receiver

iperf Done.
