Connecting to host 10.136.80.158, port 5201
[  5] local 10.136.173.94 port 60102 connected to 10.136.80.158 port 5201
[ ID] Interval           Transfer     Bitrate         Total Datagrams
[  5]   0.00-1.00   sec  67.2 MBytes   563 Mbits/sec  59790  (omitted)
[  5]   0.00-1.00   sec  64.7 MBytes   543 Mbits/sec  57600  
[  5]   1.00-2.00   sec  60.9 MBytes   511 Mbits/sec  54200  
[  5]   2.00-3.00   sec  66.1 MBytes   554 Mbits/sec  58830  
[  5]   3.00-4.00   sec  61.8 MBytes   518 Mbits/sec  55010  
[  5]   4.00-5.00   sec  60.9 MBytes   511 Mbits/sec  54220  
[  5]   5.00-6.00   sec  63.0 MBytes   528 Mbits/sec  56050  
[  5]   6.00-7.00   sec  64.7 MBytes   543 Mbits/sec  57610  
[  5]   7.00-8.00   sec  65.3 MBytes   548 Mbits/sec  58130  
[  5]   8.00-9.00   sec  64.3 MBytes   540 Mbits/sec  57260  
[  5]   9.00-10.00  sec  63.5 MBytes   533 Mbits/sec  56520  
[  5]  10.00-11.00  sec  63.7 MBytes   534 Mbits/sec  56710  
[  5]  11.00-12.00  sec  63.2 MBytes   530 Mbits/sec  56250  
[  5]  12.00-13.00  sec  63.4 MBytes   532 Mbits/sec  56440  
[  5]  13.00-14.00  sec  63.5 MBytes   533 Mbits/sec  56560  
[  5]  14.00-15.00  sec  61.0 MBytes   511 Mbits/sec  54270  
[  5]  15.00-16.00  sec  65.2 MBytes   547 Mbits/sec  58050  
[  5]  16.00-17.00  sec  49.4 MBytes   415 Mbits/sec  44000  
[  5]  17.00-18.00  sec  60.0 MBytes   503 Mbits/sec  53410  
[  5]  18.00-19.00  sec  61.7 MBytes   517 Mbits/sec  54910  
[  5]  19.00-20.00  sec  55.9 MBytes   469 Mbits/sec  49730  
[  5]  20.00-21.00  sec  52.1 MBytes   437 Mbits/sec  46400  
[  5]  21.00-22.00  sec  58.1 MBytes   488 Mbits/sec  51730  
[  5]  22.00-23.00  sec  67.1 MBytes   562 Mbits/sec  59690  
[  5]  23.00-24.00  sec  62.9 MBytes   527 Mbits/sec  55960  
[  5]  24.00-25.00  sec  61.8 MBytes   519 Mbits/sec  55050  
[  5]  25.00-26.00  sec  62.8 MBytes   527 Mbits/sec  55930  
[  5]  26.00-27.00  sec  62.3 MBytes   522 Mbits/sec  55430  
[  5]  27.00-28.00  sec  63.1 MBytes   529 Mbits/sec  56160  
[  5]  28.00-29.00  sec  59.8 MBytes   502 Mbits/sec  53230  
[  5]  29.00-30.00  sec  67.2 MBytes   564 Mbits/sec  59830  
[  5]  30.00-31.00  sec  54.2 MBytes   454 Mbits/sec  48220  
[  5]  31.00-32.00  sec  61.0 MBytes   512 Mbits/sec  54290  
[  5]  32.00-33.00  sec  62.4 MBytes   523 Mbits/sec  55510  
[  5]  33.00-34.00  sec  65.5 MBytes   549 Mbits/sec  58280  
[  5]  34.00-35.00  sec  63.1 MBytes   529 Mbits/sec  56130  
[  5]  35.00-36.00  sec  70.4 MBytes   591 Mbits/sec  62690  
[  5]  36.00-37.00  sec  63.8 MBytes   535 Mbits/sec  56770  
[  5]  37.00-38.00  sec  69.2 MBytes   580 Mbits/sec  61600  
[  5]  38.00-39.00  sec  62.2 MBytes   522 Mbits/sec  55410  
[  5]  39.00-40.00  sec  65.1 MBytes   546 Mbits/sec  57980  
[  5]  40.00-41.00  sec  66.1 MBytes   555 Mbits/sec  58860  
[  5]  41.00-42.00  sec  59.6 MBytes   500 Mbits/sec  53050  
[  5]  42.00-43.00  sec  65.8 MBytes   552 Mbits/sec  58570  
[  5]  43.00-44.00  sec  65.6 MBytes   550 Mbits/sec  58370  
[  5]  44.00-45.00  sec  59.2 MBytes   497 Mbits/sec  52720  
[  5]  45.00-46.00  sec  62.7 MBytes   526 Mbits/sec  55770  
[  5]  46.00-47.00  sec  62.0 MBytes   520 Mbits/sec  55200  
[  5]  47.00-48.00  sec  62.2 MBytes   521 Mbits/sec  55340  
[  5]  48.00-49.00  sec  62.7 MBytes   526 Mbits/sec  55830  
[  5]  49.00-50.00  sec  63.1 MBytes   529 Mbits/sec  56170  
[  5]  50.00-51.00  sec  63.5 MBytes   532 Mbits/sec  56480  
[  5]  51.00-52.00  sec  61.9 MBytes   520 Mbits/sec  55130  
[  5]  52.00-53.00  sec  65.1 MBytes   546 Mbits/sec  57980  
[  5]  53.00-54.00  sec  62.6 MBytes   525 Mbits/sec  55710  
[  5]  54.00-55.00  sec  64.2 MBytes   539 Mbits/sec  57160  
[  5]  55.00-56.00  sec  64.1 MBytes   538 Mbits/sec  57090  
[  5]  56.00-57.00  sec  62.2 MBytes   522 Mbits/sec  55400  
[  5]  57.00-58.00  sec  65.6 MBytes   550 Mbits/sec  58390  
[  5]  58.00-59.00  sec  63.2 MBytes   530 Mbits/sec  56270  
[  5]  59.00-60.00  sec  63.1 MBytes   530 Mbits/sec  56200  
- - - - - - - - - - - - - - - - - - - - - - - - -
[ ID] Interval           Transfer     Bitrate         Jitter    Lost/Total Datagrams
[  5]   0.00-60.00  sec  3.67 GBytes   526 Mbits/sec  0.000 ms  0/3347740 (0%)  sender
[  5]   0.00-60.05  sec  3.59 GBytes   514 Mbits/sec  0.017 ms  81479/3347739 (2.4%)  receiver

iperf Done.
