Connecting to host 10.136.80.131, port 5201
[  5] local 10.136.173.66 port 49202 connected to 10.136.80.131 port 5201
[ ID] Interval           Transfer     Bitrate         Retr  Cwnd
[  5]   0.00-1.00   sec   747 KBytes  6.11 Mbits/sec   63   2.30 KBytes       (omitted)
[  5]   0.00-1.00   sec   569 KBytes  4.66 Mbits/sec   55   2.30 KBytes       
[  5]   1.00-2.00   sec   696 KBytes  5.70 Mbits/sec   63   2.30 KBytes       
[  5]   2.00-3.00   sec   190 KBytes  1.56 Mbits/sec   22   4.60 KBytes       
[  5]   3.00-4.00   sec   380 KBytes  3.11 Mbits/sec   51   3.45 KBytes       
[  5]   4.00-5.00   sec   506 KBytes  4.15 Mbits/sec   43   2.30 KBytes       
[  5]   5.00-6.00   sec   380 KBytes  3.11 Mbits/sec   38   2.30 KBytes       
[  5]   6.00-7.00   sec   633 KBytes  5.18 Mbits/sec   59   1.15 KBytes       
[  5]   7.00-8.00   sec   316 KBytes  2.59 Mbits/sec   31   1.15 KBytes       
[  5]   8.00-9.00   sec   316 KBytes  2.59 Mbits/sec   44   1.15 KBytes       
[  5]   9.00-10.00  sec   190 KBytes  1.56 Mbits/sec   26   3.45 KBytes       
[  5]  10.00-11.00  sec   633 KBytes  5.18 Mbits/sec   58   1.15 KBytes       
[  5]  11.00-12.00  sec   253 KBytes  2.07 Mbits/sec   28   1.15 KBytes       
[  5]  12.00-13.00  sec   319 KBytes  2.61 Mbits/sec   29   1.15 KBytes       
[  5]  13.00-14.00  sec   316 KBytes  2.59 Mbits/sec   37   1.15 KBytes       
[  5]  14.00-15.00  sec   316 KBytes  2.59 Mbits/sec   29   1.15 KBytes       
[  5]  15.00-16.00  sec   253 KBytes  2.07 Mbits/sec   27   2.30 KBytes       
[  5]  16.00-17.00  sec   759 KBytes  6.22 Mbits/sec   55   1.15 KBytes       
[  5]  17.00-18.00  sec   127 KBytes  1.04 Mbits/sec   17   1.15 KBytes       
[  5]  18.00-19.00  sec   380 KBytes  3.11 Mbits/sec   47   2.30 KBytes       
[  5]  19.00-20.00  sec   506 KBytes  4.14 Mbits/sec   54   1.15 KBytes       
[  5]  20.00-21.00  sec   380 KBytes  3.11 Mbits/sec   37   2.30 KBytes       
[  5]  21.00-22.00  sec   380 KBytes  3.11 Mbits/sec   29   2.30 KBytes       
[  5]  22.00-23.00  sec   190 KBytes  1.55 Mbits/sec   22   1.15 KBytes       
[  5]  23.00-24.00  sec   190 KBytes  1.56 Mbits/sec   30   3.45 KBytes       
[  5]  24.00-25.00  sec   316 KBytes  2.59 Mbits/sec   30   1.15 KBytes       
[  5]  25.00-26.00  sec   190 KBytes  1.56 Mbits/sec   17   2.30 KBytes       
[  5]  26.00-27.00  sec   569 KBytes  4.66 Mbits/sec   47   2.30 KBytes       
[  5]  27.00-28.00  sec   190 KBytes  1.55 Mbits/sec   30   2.30 KBytes       
[  5]  28.00-29.00  sec   190 KBytes  1.56 Mbits/sec   17   2.30 KBytes       
[  5]  29.00-30.00  sec   253 KBytes  2.07 Mbits/sec   32   1.15 KBytes       
[  5]  30.00-31.00  sec  63.3 KBytes  0.52 Mbits/sec   10   1.15 KBytes       
[  5]  31.00-32.00  sec   316 KBytes  2.59 Mbits/sec   30   1.15 KBytes       
[  5]  32.00-33.00  sec   569 KBytes  4.66 Mbits/sec   49   1.15 KBytes       
[  5]  33.00-34.00  sec   443 KBytes  3.63 Mbits/sec   43   2.30 KBytes       
[  5]  34.00-35.00  sec   190 KBytes  1.55 Mbits/sec   16   1.15 KBytes       
[  5]  35.00-36.00  sec   190 KBytes  1.56 Mbits/sec   31   2.30 KBytes       
[  5]  36.00-37.00  sec   127 KBytes  1.04 Mbits/sec   15   2.30 KBytes       
[  5]  37.00-38.00  sec   316 KBytes  2.59 Mbits/sec   37   2.30 KBytes       
[  5]  38.00-39.00  sec   443 KBytes  3.63 Mbits/sec   48   1.15 KBytes       
[  5]  39.00-40.00  sec   380 KBytes  3.11 Mbits/sec   40   1.15 KBytes       
[  5]  40.00-41.00  sec   190 KBytes  1.55 Mbits/sec   25   1.15 KBytes       
[  5]  41.00-42.00  sec  0.00 Bytes  0.00 Mbits/sec    2   1.15 KBytes       
[  5]  42.00-43.00  sec  63.3 KBytes  0.52 Mbits/sec   11   4.60 KBytes       
[  5]  43.00-44.00  sec   569 KBytes  4.66 Mbits/sec   45   1.15 KBytes       
[  5]  44.00-45.00  sec   759 KBytes  6.22 Mbits/sec   67   2.30 KBytes       
[  5]  45.00-46.00  sec   506 KBytes  4.15 Mbits/sec   38   2.30 KBytes       
[  5]  46.00-47.00  sec   569 KBytes  4.67 Mbits/sec   56   3.45 KBytes       
[  5]  47.00-48.00  sec  1.05 MBytes  8.81 Mbits/sec   91   1.15 KBytes       
[  5]  48.00-49.00  sec   443 KBytes  3.63 Mbits/sec   36   2.30 KBytes       
[  5]  49.00-50.00  sec   316 KBytes  2.59 Mbits/sec   32   2.30 KBytes       
[  5]  50.00-51.00  sec   380 KBytes  3.11 Mbits/sec   34   2.30 KBytes       
[  5]  51.00-52.00  sec   253 KBytes  2.07 Mbits/sec   33   2.30 KBytes       
[  5]  52.00-53.00  sec   253 KBytes  2.07 Mbits/sec   32   1.15 KBytes       
[  5]  53.00-54.00  sec   253 KBytes  2.07 Mbits/sec   25   3.45 KBytes       
[  5]  54.00-55.00  sec   380 KBytes  3.11 Mbits/sec   37   2.30 KBytes       
[  5]  55.00-56.00  sec   569 KBytes  4.67 Mbits/sec   44   1.15 KBytes       
[  5]  56.00-57.00  sec  63.3 KBytes  0.52 Mbits/sec    8   1.15 KBytes       
[  5]  57.00-58.00  sec   443 KBytes  3.63 Mbits/sec   35   2.30 KBytes       
[  5]  58.00-59.00  sec   127 KBytes  1.04 Mbits/sec    9   1.15 KBytes       
[  5]  59.00-60.00  sec   253 KBytes  2.08 Mbits/sec   21   1.15 KBytes       
- - - - - - - - - - - - - - - - - - - - - - - - -
[ ID] Interval           Transfer     Bitrate         Retr
[  5]   0.00-60.00  sec  20.9 MBytes  2.92 Mbits/sec  2104             sender
[  5]   0.00-60.23  sec  21.0 MBytes  2.93 Mbits/sec                  receiver

iperf Done.
