Connecting to host 10.136.80.163, port 5201
[  5] local 10.136.173.98 port 35304 connected to 10.136.80.163 port 5201
[ ID] Interval           Transfer     Bitrate         Total Datagrams
[  5]   0.00-1.00   sec  56.5 MBytes   474 Mbits/sec  50290  (omitted)
[  5]   0.00-1.00   sec  49.4 MBytes   414 Mbits/sec  43950  
[  5]   1.00-2.00   sec  55.8 MBytes   468 Mbits/sec  49660  
[  5]   2.00-3.00   sec  57.4 MBytes   482 Mbits/sec  51120  
[  5]   3.00-4.00   sec  52.7 MBytes   442 Mbits/sec  46880  
[  5]   4.00-5.00   sec  58.7 MBytes   492 Mbits/sec  52210  
[  5]   5.00-6.00   sec  54.2 MBytes   455 Mbits/sec  48260  
[  5]   6.00-7.00   sec  62.5 MBytes   524 Mbits/sec  55620  
[  5]   7.00-8.00   sec  58.6 MBytes   491 Mbits/sec  52150  
[  5]   8.00-9.00   sec  56.8 MBytes   477 Mbits/sec  50570  
[  5]   9.00-10.00  sec  64.9 MBytes   544 Mbits/sec  57740  
[  5]  10.00-11.00  sec  64.3 MBytes   540 Mbits/sec  57250  
[  5]  11.00-12.00  sec  61.6 MBytes   517 Mbits/sec  54840  
[  5]  12.00-13.00  sec  49.5 MBytes   415 Mbits/sec  44070  
[  5]  13.00-14.00  sec  57.6 MBytes   483 Mbits/sec  51250  
[  5]  14.00-15.00  sec  55.6 MBytes   467 Mbits/sec  49530  
[  5]  15.00-16.00  sec  55.7 MBytes   467 Mbits/sec  49610  
[  5]  16.00-17.00  sec  54.2 MBytes   455 Mbits/sec  48280  
[  5]  17.00-18.00  sec  61.9 MBytes   519 Mbits/sec  55070  
[  5]  18.00-19.00  sec  53.6 MBytes   450 Mbits/sec  47700  
[  5]  19.00-20.00  sec  54.8 MBytes   460 Mbits/sec  48790  
[  5]  20.00-21.00  sec  55.9 MBytes   469 Mbits/sec  49780  
[  5]  21.00-22.00  sec  59.7 MBytes   501 Mbits/sec  53180  
[  5]  22.00-23.00  sec  58.4 MBytes   490 Mbits/sec  51990  
[  5]  23.00-24.00  sec  55.6 MBytes   466 Mbits/sec  49450  
[  5]  24.00-25.00  sec  54.6 MBytes   458 Mbits/sec  48620  
[  5]  25.00-26.00  sec  58.7 MBytes   492 Mbits/sec  52220  
[  5]  26.00-27.00  sec  57.8 MBytes   485 Mbits/sec  51470  
[  5]  27.00-28.00  sec  57.8 MBytes   485 Mbits/sec  51490  
[  5]  28.00-29.00  sec  64.9 MBytes   545 Mbits/sec  57780  
[  5]  29.00-30.00  sec  56.1 MBytes   470 Mbits/sec  49910  
[  5]  30.00-31.00  sec  61.3 MBytes   514 Mbits/sec  54550  
[  5]  31.00-32.00  sec  64.7 MBytes   543 Mbits/sec  57630  
[  5]  32.00-33.00  sec  58.7 MBytes   492 Mbits/sec  52210  
[  5]  33.00-34.00  sec  54.7 MBytes   459 Mbits/sec  48730  
[  5]  34.00-35.00  sec  60.0 MBytes   503 Mbits/sec  53400  
[  5]  35.00-36.00  sec  56.0 MBytes   470 Mbits/sec  49890  
[  5]  36.00-37.00  sec  53.7 MBytes   451 Mbits/sec  47830  
[  5]  37.00-38.00  sec  59.7 MBytes   501 Mbits/sec  53170  
[  5]  38.00-39.00  sec  47.4 MBytes   398 Mbits/sec  42230  
[  5]  39.00-40.00  sec  56.7 MBytes   475 Mbits/sec  50430  
[  5]  40.00-41.00  sec  54.5 MBytes   457 Mbits/sec  48500  
[  5]  41.00-42.00  sec  57.9 MBytes   486 Mbits/sec  51550  
[  5]  42.00-43.00  sec  55.3 MBytes   464 Mbits/sec  49210  
[  5]  43.00-44.00  sec  54.5 MBytes   457 Mbits/sec  48470  
[  5]  44.00-45.00  sec  60.9 MBytes   511 Mbits/sec  54180  
[  5]  45.00-46.00  sec  54.1 MBytes   454 Mbits/sec  48170  
[  5]  46.00-47.00  sec  52.0 MBytes   436 Mbits/sec  46270  
[  5]  47.00-48.00  sec  51.7 MBytes   434 Mbits/sec  46020  
[  5]  48.00-49.00  sec  59.5 MBytes   499 Mbits/sec  53000  
[  5]  49.00-50.00  sec  52.8 MBytes   443 Mbits/sec  46960  
[  5]  50.00-51.00  sec  61.1 MBytes   512 Mbits/sec  54370  
[  5]  51.00-52.00  sec  61.0 MBytes   511 Mbits/sec  54270  
[  5]  52.00-53.00  sec  61.8 MBytes   518 Mbits/sec  54970  
[  5]  53.00-54.00  sec  61.4 MBytes   515 Mbits/sec  54660  
[  5]  54.00-55.00  sec  59.3 MBytes   497 Mbits/sec  52780  
[  5]  55.00-56.00  sec  59.8 MBytes   501 Mbits/sec  53190  
[  5]  56.00-57.00  sec  58.9 MBytes   494 Mbits/sec  52430  
[  5]  57.00-58.00  sec  55.4 MBytes   465 Mbits/sec  49300  
[  5]  58.00-59.00  sec  60.3 MBytes   506 Mbits/sec  53670  
[  5]  59.00-60.00  sec  60.7 MBytes   509 Mbits/sec  54040  
- - - - - - - - - - - - - - - - - - - - - - - - -
[ ID] Interval           Transfer     Bitrate         Jitter    Lost/Total Datagrams
[  5]   0.00-60.00  sec  3.36 GBytes   482 Mbits/sec  0.000 ms  0/3066520 (0%)  sender
[  5]   0.00-60.05  sec  2.00 GBytes   286 Mbits/sec  0.022 ms  1270207/3066513 (41%)  receiver

iperf Done.
