Connecting to host 10.136.80.156, port 5201
[  5] local 10.136.173.92 port 59322 connected to 10.136.80.156 port 5201
[ ID] Interval           Transfer     Bitrate         Total Datagrams
[  5]   0.00-1.00   sec  60.0 MBytes   503 Mbits/sec  53400  (omitted)
[  5]   0.00-1.00   sec  53.8 MBytes   451 Mbits/sec  47870  
[  5]   1.00-2.00   sec  52.0 MBytes   436 Mbits/sec  46250  
[  5]   2.00-3.00   sec  55.7 MBytes   467 Mbits/sec  49600  
[  5]   3.00-4.00   sec  57.1 MBytes   479 Mbits/sec  50800  
[  5]   4.00-5.00   sec  53.0 MBytes   445 Mbits/sec  47190  
[  5]   5.00-6.00   sec  54.2 MBytes   455 Mbits/sec  48230  
[  5]   6.00-7.00   sec  53.1 MBytes   445 Mbits/sec  47230  
[  5]   7.00-8.00   sec  53.4 MBytes   448 Mbits/sec  47550  
[  5]   8.00-9.00   sec  52.5 MBytes   440 Mbits/sec  46700  
[  5]   9.00-10.00  sec  55.6 MBytes   466 Mbits/sec  49460  
[  5]  10.00-11.00  sec  50.9 MBytes   427 Mbits/sec  45340  
[  5]  11.00-12.00  sec  48.6 MBytes   408 Mbits/sec  43300  
[  5]  12.00-13.00  sec  58.3 MBytes   489 Mbits/sec  51860  
[  5]  13.00-14.00  sec  53.5 MBytes   449 Mbits/sec  47600  
[  5]  14.00-15.00  sec  53.7 MBytes   451 Mbits/sec  47820  
[  5]  15.00-16.00  sec  57.2 MBytes   479 Mbits/sec  50880  
[  5]  16.00-17.00  sec  57.6 MBytes   483 Mbits/sec  51240  
[  5]  17.00-18.00  sec  55.3 MBytes   463 Mbits/sec  49180  
[  5]  18.00-19.00  sec  59.6 MBytes   500 Mbits/sec  53050  
[  5]  19.00-20.00  sec  55.9 MBytes   469 Mbits/sec  49730  
[  5]  20.00-21.00  sec  61.0 MBytes   512 Mbits/sec  54280  
[  5]  21.00-22.00  sec  62.2 MBytes   522 Mbits/sec  55350  
[  5]  22.00-23.00  sec  58.5 MBytes   491 Mbits/sec  52070  
[  5]  23.00-24.00  sec  59.2 MBytes   496 Mbits/sec  52660  
[  5]  24.00-25.00  sec  54.0 MBytes   453 Mbits/sec  48110  
[  5]  25.00-26.00  sec  53.0 MBytes   445 Mbits/sec  47220  
[  5]  26.00-27.00  sec  60.2 MBytes   505 Mbits/sec  53630  
[  5]  27.00-28.00  sec  57.1 MBytes   479 Mbits/sec  50850  
[  5]  28.00-29.00  sec  56.1 MBytes   471 Mbits/sec  49970  
[  5]  29.00-30.00  sec  57.7 MBytes   484 Mbits/sec  51380  
[  5]  30.00-31.00  sec  54.3 MBytes   456 Mbits/sec  48360  
[  5]  31.00-32.00  sec  53.2 MBytes   447 Mbits/sec  47390  
[  5]  32.00-33.00  sec  50.4 MBytes   423 Mbits/sec  44850  
[  5]  33.00-34.00  sec  55.4 MBytes   465 Mbits/sec  49290  
[  5]  34.00-35.00  sec  54.7 MBytes   458 Mbits/sec  48650  
[  5]  35.00-36.00  sec  54.2 MBytes   455 Mbits/sec  48260  
[  5]  36.00-37.00  sec  53.8 MBytes   451 Mbits/sec  47900  
[  5]  37.00-38.00  sec  57.7 MBytes   484 Mbits/sec  51390  
[  5]  38.00-39.00  sec  55.1 MBytes   462 Mbits/sec  49010  
[  5]  39.00-40.00  sec  54.0 MBytes   453 Mbits/sec  48030  
[  5]  40.00-41.00  sec  54.9 MBytes   461 Mbits/sec  48910  
[  5]  41.00-42.00  sec  56.6 MBytes   475 Mbits/sec  50420  
[  5]  42.00-43.00  sec  55.4 MBytes   464 Mbits/sec  49280  
[  5]  43.00-44.00  sec  60.0 MBytes   503 Mbits/sec  53410  
[  5]  44.00-45.00  sec  55.8 MBytes   468 Mbits/sec  49660  
[  5]  45.00-46.00  sec  57.5 MBytes   482 Mbits/sec  51160  
[  5]  46.00-47.00  sec  54.7 MBytes   459 Mbits/sec  48680  
[  5]  47.00-48.00  sec  50.8 MBytes   426 Mbits/sec  45210  
[  5]  48.00-49.00  sec  52.3 MBytes   439 Mbits/sec  46560  
[  5]  49.00-50.00  sec  55.5 MBytes   466 Mbits/sec  49430  
[  5]  50.00-51.00  sec  52.1 MBytes   437 Mbits/sec  46360  
[  5]  51.00-52.00  sec  53.8 MBytes   451 Mbits/sec  47870  
[  5]  52.00-53.00  sec  54.6 MBytes   458 Mbits/sec  48600  
[  5]  53.00-54.00  sec  59.4 MBytes   498 Mbits/sec  52890  
[  5]  54.00-55.00  sec  55.0 MBytes   462 Mbits/sec  48980  
[  5]  55.00-56.00  sec  52.5 MBytes   440 Mbits/sec  46720  
[  5]  56.00-57.00  sec  60.6 MBytes   509 Mbits/sec  53980  
[  5]  57.00-58.00  sec  48.8 MBytes   409 Mbits/sec  43440  
[  5]  58.00-59.00  sec  55.7 MBytes   468 Mbits/sec  49620  
[  5]  59.00-60.00  sec  60.2 MBytes   505 Mbits/sec  53630  
- - - - - - - - - - - - - - - - - - - - - - - - -
[ ID] Interval           Transfer     Bitrate         Jitter    Lost/Total Datagrams
[  5]   0.00-60.00  sec  3.24 GBytes   464 Mbits/sec  0.000 ms  0/2954340 (0%)  sender
[  5]   0.00-60.30  sec  1.89 GBytes   270 Mbits/sec  0.021 ms  1247678/2952816 (42%)  receiver

iperf Done.
