Connecting to host 10.136.80.134, port 5201
[  5] local 10.136.173.103 port 43587 connected to 10.136.80.134 port 5201
[ ID] Interval           Transfer     Bitrate         Total Datagrams
[  5]   0.00-1.00   sec  52.9 MBytes   444 Mbits/sec  47120  (omitted)
[  5]   0.00-1.00   sec  55.9 MBytes   469 Mbits/sec  49730  
[  5]   1.00-2.00   sec  56.0 MBytes   470 Mbits/sec  49850  
[  5]   2.00-3.00   sec  54.7 MBytes   458 Mbits/sec  48660  
[  5]   3.00-4.00   sec  56.7 MBytes   475 Mbits/sec  50440  
[  5]   4.00-5.00   sec  57.7 MBytes   484 Mbits/sec  51360  
[  5]   5.00-6.00   sec  57.5 MBytes   482 Mbits/sec  51180  
[  5]   6.00-7.00   sec  59.6 MBytes   500 Mbits/sec  53030  
[  5]   7.00-8.00   sec  56.7 MBytes   476 Mbits/sec  50510  
[  5]   8.00-9.00   sec  49.8 MBytes   418 Mbits/sec  44310  
[  5]   9.00-10.00  sec  58.1 MBytes   487 Mbits/sec  51700  
[  5]  10.00-11.00  sec  55.0 MBytes   462 Mbits/sec  48980  
[  5]  11.00-12.00  sec  53.4 MBytes   448 Mbits/sec  47570  
[  5]  12.00-13.00  sec  52.1 MBytes   438 Mbits/sec  46420  
[  5]  13.00-14.00  sec  57.5 MBytes   482 Mbits/sec  51180  
[  5]  14.00-15.00  sec  62.2 MBytes   522 Mbits/sec  55370  
[  5]  15.00-16.00  sec  51.7 MBytes   434 Mbits/sec  46050  
[  5]  16.00-17.00  sec  57.9 MBytes   485 Mbits/sec  51500  
[  5]  17.00-18.00  sec  52.1 MBytes   437 Mbits/sec  46390  
[  5]  18.00-19.00  sec  51.3 MBytes   430 Mbits/sec  45670  
[  5]  19.00-20.00  sec  51.2 MBytes   429 Mbits/sec  45540  
[  5]  20.00-21.00  sec  56.1 MBytes   470 Mbits/sec  49900  
[  5]  21.00-22.00  sec  54.2 MBytes   455 Mbits/sec  48240  
[  5]  22.00-23.00  sec  59.6 MBytes   500 Mbits/sec  53030  
[  5]  23.00-24.00  sec  53.3 MBytes   447 Mbits/sec  47450  
[  5]  24.00-25.00  sec  52.6 MBytes   441 Mbits/sec  46810  
[  5]  25.00-26.00  sec  54.3 MBytes   455 Mbits/sec  48300  
[  5]  26.00-27.00  sec  58.8 MBytes   493 Mbits/sec  52310  
[  5]  27.00-28.00  sec  50.2 MBytes   421 Mbits/sec  44710  
[  5]  28.00-29.00  sec  52.3 MBytes   439 Mbits/sec  46580  
[  5]  29.00-30.00  sec  53.5 MBytes   449 Mbits/sec  47620  
[  5]  30.00-31.00  sec  51.5 MBytes   432 Mbits/sec  45860  
[  5]  31.00-32.00  sec  54.0 MBytes   453 Mbits/sec  48040  
[  5]  32.00-33.00  sec  52.2 MBytes   438 Mbits/sec  46440  
[  5]  33.00-34.00  sec  50.9 MBytes   427 Mbits/sec  45290  
[  5]  34.00-35.00  sec  56.5 MBytes   474 Mbits/sec  50300  
[  5]  35.00-36.00  sec  54.3 MBytes   455 Mbits/sec  48320  
[  5]  36.00-37.00  sec  54.9 MBytes   460 Mbits/sec  48850  
[  5]  37.00-38.00  sec  54.3 MBytes   455 Mbits/sec  48340  
[  5]  38.00-39.00  sec  55.8 MBytes   468 Mbits/sec  49640  
[  5]  39.00-40.00  sec  54.5 MBytes   458 Mbits/sec  48550  
[  5]  40.00-41.00  sec  60.0 MBytes   504 Mbits/sec  53450  
[  5]  41.00-42.00  sec  56.8 MBytes   476 Mbits/sec  50520  
[  5]  42.00-43.00  sec  51.8 MBytes   434 Mbits/sec  46090  
[  5]  43.00-44.00  sec  52.2 MBytes   438 Mbits/sec  46440  
[  5]  44.00-45.00  sec  59.0 MBytes   495 Mbits/sec  52480  
[  5]  45.00-46.00  sec  52.7 MBytes   442 Mbits/sec  46880  
[  5]  46.00-47.00  sec  53.8 MBytes   452 Mbits/sec  47920  
[  5]  47.00-48.00  sec  49.1 MBytes   412 Mbits/sec  43680  
[  5]  48.00-49.00  sec  56.7 MBytes   475 Mbits/sec  50450  
[  5]  49.00-50.00  sec  59.1 MBytes   495 Mbits/sec  52570  
[  5]  50.00-51.00  sec  56.1 MBytes   470 Mbits/sec  49920  
[  5]  51.00-52.00  sec  53.5 MBytes   449 Mbits/sec  47590  
[  5]  52.00-53.00  sec  59.3 MBytes   497 Mbits/sec  52780  
[  5]  53.00-54.00  sec  52.7 MBytes   442 Mbits/sec  46900  
[  5]  54.00-55.00  sec  53.1 MBytes   445 Mbits/sec  47260  
[  5]  55.00-56.00  sec  53.0 MBytes   445 Mbits/sec  47210  
[  5]  56.00-57.00  sec  56.3 MBytes   472 Mbits/sec  50080  
[  5]  57.00-58.00  sec  53.4 MBytes   448 Mbits/sec  47560  
[  5]  58.00-59.00  sec  53.5 MBytes   448 Mbits/sec  47580  
[  5]  59.00-60.00  sec  51.9 MBytes   436 Mbits/sec  46220  
- - - - - - - - - - - - - - - - - - - - - - - - -
[ ID] Interval           Transfer     Bitrate         Jitter    Lost/Total Datagrams
[  5]   0.00-60.00  sec  3.21 GBytes   459 Mbits/sec  0.000 ms  0/2923600 (0%)  sender
[  5]   0.00-60.97  sec   266 MBytes  36.6 Mbits/sec  0.111 ms  2723457/2916092 (93%)  receiver

iperf Done.
