Connecting to host 10.136.80.155, port 5201
[  5] local 10.136.173.112 port 36461 connected to 10.136.80.155 port 5201
[ ID] Interval           Transfer     Bitrate         Total Datagrams
[  5]   0.00-1.00   sec  60.4 MBytes   507 Mbits/sec  53750  (omitted)
[  5]   0.00-1.00   sec  58.3 MBytes   489 Mbits/sec  51930  
[  5]   1.00-2.00   sec  57.0 MBytes   478 Mbits/sec  50750  
[  5]   2.00-3.00   sec  52.5 MBytes   440 Mbits/sec  46700  
[  5]   3.00-4.00   sec  57.2 MBytes   480 Mbits/sec  50910  
[  5]   4.00-5.00   sec  60.2 MBytes   505 Mbits/sec  53580  
[  5]   5.00-6.00   sec  58.7 MBytes   492 Mbits/sec  52220  
[  5]   6.00-7.00   sec  55.1 MBytes   462 Mbits/sec  49020  
[  5]   7.00-8.00   sec  55.5 MBytes   466 Mbits/sec  49440  
[  5]   8.00-9.00   sec  56.6 MBytes   475 Mbits/sec  50390  
[  5]   9.00-10.00  sec  58.6 MBytes   491 Mbits/sec  52130  
[  5]  10.00-11.00  sec  54.7 MBytes   459 Mbits/sec  48670  
[  5]  11.00-12.00  sec  55.9 MBytes   469 Mbits/sec  49740  
[  5]  12.00-13.00  sec  52.8 MBytes   443 Mbits/sec  46960  
[  5]  13.00-14.00  sec  56.8 MBytes   476 Mbits/sec  50540  
[  5]  14.00-15.00  sec  54.2 MBytes   455 Mbits/sec  48270  
[  5]  15.00-16.00  sec  49.9 MBytes   418 Mbits/sec  44400  
[  5]  16.00-17.00  sec  56.2 MBytes   472 Mbits/sec  50060  
[  5]  17.00-18.00  sec  53.9 MBytes   452 Mbits/sec  47950  
[  5]  18.00-19.00  sec  54.9 MBytes   460 Mbits/sec  48860  
[  5]  19.00-20.00  sec  55.1 MBytes   462 Mbits/sec  49070  
[  5]  20.00-21.00  sec  54.9 MBytes   460 Mbits/sec  48860  
[  5]  21.00-22.00  sec  54.4 MBytes   457 Mbits/sec  48460  
[  5]  22.00-23.00  sec  54.9 MBytes   460 Mbits/sec  48850  
[  5]  23.00-24.00  sec  53.4 MBytes   448 Mbits/sec  47520  
[  5]  24.00-25.00  sec  54.2 MBytes   454 Mbits/sec  48210  
[  5]  25.00-26.00  sec  55.2 MBytes   463 Mbits/sec  49130  
[  5]  26.00-27.00  sec  54.3 MBytes   456 Mbits/sec  48360  
[  5]  27.00-28.00  sec  53.7 MBytes   451 Mbits/sec  47840  
[  5]  28.00-29.00  sec  54.1 MBytes   454 Mbits/sec  48130  
[  5]  29.00-30.00  sec  57.3 MBytes   481 Mbits/sec  51000  
[  5]  30.00-31.00  sec  59.0 MBytes   495 Mbits/sec  52520  
[  5]  31.00-32.00  sec  56.4 MBytes   473 Mbits/sec  50220  
[  5]  32.00-33.00  sec  54.1 MBytes   454 Mbits/sec  48150  
[  5]  33.00-34.00  sec  56.3 MBytes   472 Mbits/sec  50080  
[  5]  34.00-35.00  sec  57.9 MBytes   486 Mbits/sec  51570  
[  5]  35.00-36.00  sec  54.9 MBytes   460 Mbits/sec  48850  
[  5]  36.00-37.00  sec  55.0 MBytes   461 Mbits/sec  48950  
[  5]  37.00-38.00  sec  53.9 MBytes   452 Mbits/sec  47990  
[  5]  38.00-39.00  sec  62.3 MBytes   522 Mbits/sec  55420  
[  5]  39.00-40.00  sec  53.6 MBytes   450 Mbits/sec  47730  
[  5]  40.00-41.00  sec  51.0 MBytes   428 Mbits/sec  45380  
[  5]  41.00-42.00  sec  51.7 MBytes   434 Mbits/sec  46020  
[  5]  42.00-43.00  sec  47.2 MBytes   395 Mbits/sec  41980  
[  5]  43.00-44.00  sec  48.2 MBytes   404 Mbits/sec  42880  
[  5]  44.00-45.00  sec  52.8 MBytes   443 Mbits/sec  47000  
[  5]  45.00-46.00  sec  52.0 MBytes   436 Mbits/sec  46250  
[  5]  46.00-47.00  sec  57.9 MBytes   486 Mbits/sec  51550  
[  5]  47.00-48.00  sec  45.7 MBytes   384 Mbits/sec  40720  
[  5]  48.00-49.00  sec  49.0 MBytes   411 Mbits/sec  43650  
[  5]  49.00-50.00  sec  58.1 MBytes   488 Mbits/sec  51760  
[  5]  50.00-51.00  sec  58.3 MBytes   489 Mbits/sec  51920  
[  5]  51.00-52.00  sec  56.0 MBytes   470 Mbits/sec  49830  
[  5]  52.00-53.00  sec  57.0 MBytes   478 Mbits/sec  50730  
[  5]  53.00-54.00  sec  55.8 MBytes   468 Mbits/sec  49660  
[  5]  54.00-55.00  sec  54.1 MBytes   454 Mbits/sec  48180  
[  5]  55.00-56.00  sec  55.6 MBytes   467 Mbits/sec  49510  
[  5]  56.00-57.00  sec  55.0 MBytes   461 Mbits/sec  48930  
[  5]  57.00-58.00  sec  56.7 MBytes   476 Mbits/sec  50480  
[  5]  58.00-59.00  sec  58.3 MBytes   489 Mbits/sec  51870  
[  5]  59.00-60.00  sec  57.3 MBytes   481 Mbits/sec  51000  
- - - - - - - - - - - - - - - - - - - - - - - - -
[ ID] Interval           Transfer     Bitrate         Jitter    Lost/Total Datagrams
[  5]   0.00-60.00  sec  3.22 GBytes   462 Mbits/sec  0.000 ms  0/2938720 (0%)  sender
[  5]   0.00-60.23  sec  1.05 GBytes   150 Mbits/sec  0.026 ms  2032504/2938720 (69%)  receiver

iperf Done.
