Connecting to host 10.136.80.139, port 5201
[  5] local 10.136.173.74 port 41997 connected to 10.136.80.139 port 5201
[ ID] Interval           Transfer     Bitrate         Total Datagrams
[  5]   0.00-1.00   sec  58.4 MBytes   490 Mbits/sec  51990  (omitted)
[  5]   0.00-1.00   sec  53.8 MBytes   451 Mbits/sec  47870  
[  5]   1.00-2.00   sec  60.1 MBytes   504 Mbits/sec  53500  
[  5]   2.00-3.00   sec  53.5 MBytes   449 Mbits/sec  47660  
[  5]   3.00-4.00   sec  55.1 MBytes   462 Mbits/sec  49010  
[  5]   4.00-5.00   sec  55.3 MBytes   463 Mbits/sec  49180  
[  5]   5.00-6.00   sec  50.9 MBytes   427 Mbits/sec  45300  
[  5]   6.00-7.00   sec  59.0 MBytes   495 Mbits/sec  52500  
[  5]   7.00-8.00   sec  55.1 MBytes   462 Mbits/sec  49030  
[  5]   8.00-9.00   sec  54.5 MBytes   457 Mbits/sec  48480  
[  5]   9.00-10.00  sec  54.5 MBytes   457 Mbits/sec  48520  
[  5]  10.00-11.00  sec  61.4 MBytes   515 Mbits/sec  54640  
[  5]  11.00-12.00  sec  54.4 MBytes   456 Mbits/sec  48390  
[  5]  12.00-13.00  sec  55.2 MBytes   463 Mbits/sec  49100  
[  5]  13.00-14.00  sec  56.2 MBytes   472 Mbits/sec  50040  
[  5]  14.00-15.00  sec  57.7 MBytes   484 Mbits/sec  51330  
[  5]  15.00-16.00  sec  58.8 MBytes   494 Mbits/sec  52380  
[  5]  16.00-17.00  sec  55.6 MBytes   466 Mbits/sec  49460  
[  5]  17.00-18.00  sec  60.8 MBytes   510 Mbits/sec  54080  
[  5]  18.00-19.00  sec  54.6 MBytes   458 Mbits/sec  48620  
[  5]  19.00-20.00  sec  60.3 MBytes   506 Mbits/sec  53640  
[  5]  20.00-21.00  sec  56.7 MBytes   476 Mbits/sec  50490  
[  5]  21.00-22.00  sec  56.2 MBytes   471 Mbits/sec  50030  
[  5]  22.00-23.00  sec  55.9 MBytes   469 Mbits/sec  49730  
[  5]  23.00-24.00  sec  54.8 MBytes   459 Mbits/sec  48750  
[  5]  24.00-25.00  sec  58.0 MBytes   486 Mbits/sec  51590  
[  5]  25.00-26.00  sec  50.3 MBytes   422 Mbits/sec  44780  
[  5]  26.00-27.00  sec  58.0 MBytes   486 Mbits/sec  51620  
[  5]  27.00-28.00  sec  60.9 MBytes   511 Mbits/sec  54190  
[  5]  28.00-29.00  sec  44.6 MBytes   374 Mbits/sec  39720  
[  5]  29.00-30.00  sec  48.6 MBytes   407 Mbits/sec  43220  
[  5]  30.00-31.00  sec  59.1 MBytes   495 Mbits/sec  52570  
[  5]  31.00-32.00  sec  55.2 MBytes   463 Mbits/sec  49150  
[  5]  32.00-33.00  sec  57.8 MBytes   485 Mbits/sec  51470  
[  5]  33.00-34.00  sec  58.8 MBytes   493 Mbits/sec  52340  
[  5]  34.00-35.00  sec  58.0 MBytes   486 Mbits/sec  51610  
[  5]  35.00-36.00  sec  57.3 MBytes   481 Mbits/sec  51030  
[  5]  36.00-37.00  sec  55.8 MBytes   468 Mbits/sec  49630  
[  5]  37.00-38.00  sec  58.5 MBytes   491 Mbits/sec  52080  
[  5]  38.00-39.00  sec  59.4 MBytes   498 Mbits/sec  52840  
[  5]  39.00-40.00  sec  52.8 MBytes   443 Mbits/sec  47000  
[  5]  40.00-41.00  sec  56.2 MBytes   471 Mbits/sec  50020  
[  5]  41.00-42.00  sec  60.1 MBytes   504 Mbits/sec  53510  
[  5]  42.00-43.00  sec  54.6 MBytes   458 Mbits/sec  48590  
[  5]  43.00-44.00  sec  55.5 MBytes   465 Mbits/sec  49400  
[  5]  44.00-45.00  sec  51.7 MBytes   434 Mbits/sec  46040  
[  5]  45.00-46.00  sec  56.0 MBytes   470 Mbits/sec  49840  
[  5]  46.00-47.00  sec  57.5 MBytes   482 Mbits/sec  51170  
[  5]  47.00-48.00  sec  62.9 MBytes   528 Mbits/sec  55970  
[  5]  48.00-49.00  sec  57.1 MBytes   479 Mbits/sec  50810  
[  5]  49.00-50.00  sec  54.4 MBytes   456 Mbits/sec  48400  
[  5]  50.00-51.00  sec  51.9 MBytes   435 Mbits/sec  46210  
[  5]  51.00-52.00  sec  50.7 MBytes   425 Mbits/sec  45120  
[  5]  52.00-53.00  sec  56.8 MBytes   476 Mbits/sec  50540  
[  5]  53.00-54.00  sec  54.9 MBytes   460 Mbits/sec  48860  
[  5]  54.00-55.00  sec  61.2 MBytes   513 Mbits/sec  54460  
[  5]  55.00-56.00  sec  57.6 MBytes   483 Mbits/sec  51240  
[  5]  56.00-57.00  sec  54.4 MBytes   456 Mbits/sec  48380  
[  5]  57.00-58.00  sec  55.9 MBytes   469 Mbits/sec  49740  
[  5]  58.00-59.00  sec  45.0 MBytes   377 Mbits/sec  40020  
[  5]  59.00-60.00  sec  54.3 MBytes   455 Mbits/sec  48320  
- - - - - - - - - - - - - - - - - - - - - - - - -
[ ID] Interval           Transfer     Bitrate         Jitter    Lost/Total Datagrams
[  5]   0.00-60.00  sec  3.27 GBytes   469 Mbits/sec  0.000 ms  0/2983210 (0%)  sender
[  5]   0.00-60.05  sec  2.03 GBytes   291 Mbits/sec  0.016 ms  1151530/2983210 (39%)  receiver

iperf Done.
