Connecting to host 10.136.80.134, port 5201
[  5] local 10.136.173.71 port 52562 connected to 10.136.80.134 port 5201
[ ID] Interval           Transfer     Bitrate         Retr  Cwnd
[  5]   0.00-1.00   sec  80.9 MBytes   679 Mbits/sec   50    253 KBytes       (omitted)
[  5]   0.00-1.00   sec  90.8 MBytes   761 Mbits/sec    8    365 KBytes       
[  5]   1.00-2.00   sec  87.4 MBytes   732 Mbits/sec   35    162 KBytes       
[  5]   2.00-3.00   sec  86.2 MBytes   724 Mbits/sec    7    314 KBytes       
[  5]   3.00-4.00   sec  91.3 MBytes   766 Mbits/sec    0    460 KBytes       
[  5]   4.00-5.01   sec  87.3 MBytes   727 Mbits/sec   26    306 KBytes       
[  5]   5.01-6.00   sec  88.3 MBytes   746 Mbits/sec   14    289 KBytes       
[  5]   6.00-7.00   sec  90.2 MBytes   757 Mbits/sec   24    293 KBytes       
[  5]   7.00-8.00   sec  88.0 MBytes   739 Mbits/sec   19    212 KBytes       
[  5]   8.00-9.00   sec  86.9 MBytes   729 Mbits/sec   17    229 KBytes       
[  5]   9.00-10.00  sec  85.3 MBytes   716 Mbits/sec   14    245 KBytes       
[  5]  10.00-11.00  sec  87.1 MBytes   731 Mbits/sec    7    323 KBytes       
[  5]  11.00-12.00  sec  82.8 MBytes   695 Mbits/sec   18    274 KBytes       
[  5]  12.00-13.00  sec  85.9 MBytes   720 Mbits/sec   13    224 KBytes       
[  5]  13.00-14.00  sec  89.3 MBytes   750 Mbits/sec    7    306 KBytes       
[  5]  14.00-15.00  sec  87.3 MBytes   732 Mbits/sec   20    211 KBytes       
[  5]  15.00-16.00  sec  86.4 MBytes   725 Mbits/sec   20    213 KBytes       
[  5]  16.00-17.00  sec  89.5 MBytes   751 Mbits/sec   37    211 KBytes       
[  5]  17.00-18.00  sec  86.0 MBytes   722 Mbits/sec   52    255 KBytes       
[  5]  18.00-19.00  sec  85.9 MBytes   720 Mbits/sec   16    243 KBytes       
[  5]  19.00-20.00  sec  85.0 MBytes   713 Mbits/sec   16    255 KBytes       
[  5]  20.00-21.00  sec  84.9 MBytes   712 Mbits/sec   12    265 KBytes       
[  5]  21.00-22.00  sec  85.0 MBytes   713 Mbits/sec   13    261 KBytes       
[  5]  22.00-23.00  sec  84.9 MBytes   712 Mbits/sec   51    221 KBytes       
[  5]  23.00-24.00  sec  86.2 MBytes   723 Mbits/sec   25    215 KBytes       
[  5]  24.00-25.00  sec  80.7 MBytes   677 Mbits/sec   26    147 KBytes       
[  5]  25.00-26.00  sec  81.7 MBytes   686 Mbits/sec    6    259 KBytes       
[  5]  26.00-27.00  sec  84.8 MBytes   712 Mbits/sec   16    276 KBytes       
[  5]  27.00-28.00  sec  86.4 MBytes   725 Mbits/sec   13    281 KBytes       
[  5]  28.00-29.00  sec  85.1 MBytes   714 Mbits/sec   62    199 KBytes       
[  5]  29.00-30.00  sec  82.5 MBytes   692 Mbits/sec   97    223 KBytes       
[  5]  30.00-31.00  sec  78.5 MBytes   658 Mbits/sec   17    260 KBytes       
[  5]  31.00-32.00  sec  84.2 MBytes   706 Mbits/sec    6    308 KBytes       
[  5]  32.00-33.00  sec  83.6 MBytes   701 Mbits/sec   19    215 KBytes       
[  5]  33.00-34.01  sec  88.2 MBytes   734 Mbits/sec    9    355 KBytes       
[  5]  34.01-35.00  sec  81.9 MBytes   693 Mbits/sec   22    174 KBytes       
[  5]  35.00-36.00  sec  86.1 MBytes   722 Mbits/sec   10    313 KBytes       
[  5]  36.00-37.00  sec  86.2 MBytes   723 Mbits/sec   12    303 KBytes       
[  5]  37.00-38.00  sec  84.2 MBytes   706 Mbits/sec   18    292 KBytes       
[  5]  38.00-39.00  sec  86.6 MBytes   727 Mbits/sec   21    214 KBytes       
[  5]  39.00-40.00  sec  85.1 MBytes   714 Mbits/sec   12    215 KBytes       
[  5]  40.00-41.00  sec  82.4 MBytes   691 Mbits/sec   12    304 KBytes       
[  5]  41.00-42.00  sec  81.6 MBytes   685 Mbits/sec   71    243 KBytes       
[  5]  42.00-43.00  sec  84.8 MBytes   711 Mbits/sec    9    285 KBytes       
[  5]  43.00-44.00  sec  88.2 MBytes   740 Mbits/sec    9    376 KBytes       
[  5]  44.00-45.00  sec  85.5 MBytes   717 Mbits/sec   16    294 KBytes       
[  5]  45.00-46.00  sec  84.4 MBytes   708 Mbits/sec    9    375 KBytes       
[  5]  46.00-47.00  sec  83.1 MBytes   697 Mbits/sec   23    288 KBytes       
[  5]  47.00-48.00  sec  81.9 MBytes   687 Mbits/sec   27    212 KBytes       
[  5]  48.00-49.00  sec  85.6 MBytes   718 Mbits/sec   13    294 KBytes       
[  5]  49.00-50.01  sec  83.4 MBytes   691 Mbits/sec   13    308 KBytes       
[  5]  50.01-51.00  sec  87.7 MBytes   744 Mbits/sec    6    382 KBytes       
[  5]  51.00-52.00  sec  77.7 MBytes   652 Mbits/sec   43    162 KBytes       
[  5]  52.00-53.00  sec  82.5 MBytes   692 Mbits/sec   20    184 KBytes       
[  5]  53.00-54.00  sec  87.3 MBytes   733 Mbits/sec    5    306 KBytes       
[  5]  54.00-55.00  sec  86.9 MBytes   729 Mbits/sec   15    246 KBytes       
[  5]  55.00-56.00  sec  83.4 MBytes   700 Mbits/sec   22    239 KBytes       
[  5]  56.00-57.00  sec  85.9 MBytes   721 Mbits/sec   75    280 KBytes       
[  5]  57.00-58.00  sec  85.3 MBytes   715 Mbits/sec   20    224 KBytes       
[  5]  58.00-59.00  sec  83.4 MBytes   699 Mbits/sec   14    273 KBytes       
[  5]  59.00-60.00  sec  87.6 MBytes   735 Mbits/sec   15    222 KBytes       
- - - - - - - - - - - - - - - - - - - - - - - - -
[ ID] Interval           Transfer     Bitrate         Retr
[  5]   0.00-60.00  sec  5.00 GBytes   716 Mbits/sec  1274             sender
[  5]   0.00-60.04  sec  5.00 GBytes   716 Mbits/sec                  receiver

iperf Done.
