Connecting to host 10.136.80.168, port 5201
[  5] local 10.136.173.104 port 52220 connected to 10.136.80.168 port 5201
[ ID] Interval           Transfer     Bitrate         Retr  Cwnd
[  5]   0.00-1.00   sec   420 KBytes  3.44 Mbits/sec   49   1.15 KBytes       (omitted)
[  5]   0.00-1.00   sec   398 KBytes  3.26 Mbits/sec   32   1.15 KBytes       
[  5]   1.00-2.00   sec   160 KBytes  1.31 Mbits/sec   14   1.15 KBytes       
[  5]   2.00-3.00   sec   332 KBytes  2.73 Mbits/sec   40   1.15 KBytes       
[  5]   3.00-4.00   sec   160 KBytes  1.31 Mbits/sec   19   1.15 KBytes       
[  5]   4.00-5.00   sec   711 KBytes  5.83 Mbits/sec   57   1.15 KBytes       
[  5]   5.00-6.00   sec   160 KBytes  1.31 Mbits/sec   18   2.30 KBytes       
[  5]   6.00-7.00   sec   411 KBytes  3.36 Mbits/sec   41   3.45 KBytes       
[  5]   7.00-8.00   sec   245 KBytes  2.01 Mbits/sec   25   1.15 KBytes       
[  5]   8.00-9.00   sec   492 KBytes  4.03 Mbits/sec   40   1.15 KBytes       
[  5]   9.00-10.00  sec   916 KBytes  7.49 Mbits/sec   73   5.75 KBytes       
[  5]  10.00-11.00  sec   749 KBytes  6.14 Mbits/sec   62   2.30 KBytes       
[  5]  11.00-12.00  sec   575 KBytes  4.71 Mbits/sec   52   2.30 KBytes       
[  5]  12.00-13.00  sec   655 KBytes  5.36 Mbits/sec   55   2.30 KBytes       
[  5]  13.00-14.00  sec   649 KBytes  5.32 Mbits/sec   50   1.15 KBytes       
[  5]  14.00-15.00  sec   244 KBytes  2.00 Mbits/sec   30   1.15 KBytes       
[  5]  15.00-16.00  sec   240 KBytes  1.97 Mbits/sec   18   1.15 KBytes       
[  5]  16.00-17.00  sec   577 KBytes  4.73 Mbits/sec   57   1.15 KBytes       
[  5]  17.00-18.00  sec   405 KBytes  3.32 Mbits/sec   39   1.15 KBytes       
[  5]  18.00-19.00  sec   161 KBytes  1.32 Mbits/sec    9   2.30 KBytes       
[  5]  19.00-20.00  sec   159 KBytes  1.30 Mbits/sec   23   1.15 KBytes       
[  5]  20.00-21.00  sec   161 KBytes  1.32 Mbits/sec   19   2.30 KBytes       
[  5]  21.00-22.00  sec  79.4 KBytes  0.65 Mbits/sec   13   1.15 KBytes       
[  5]  22.00-23.00  sec  0.00 Bytes  0.00 Mbits/sec    1   1.15 KBytes       
[  5]  23.00-24.00  sec  0.00 Bytes  0.00 Mbits/sec    1   1.15 KBytes       
[  5]  24.00-25.00  sec   162 KBytes  1.33 Mbits/sec   12   1.15 KBytes       
[  5]  25.00-26.00  sec   328 KBytes  2.68 Mbits/sec   35   1.15 KBytes       
[  5]  26.00-27.00  sec   238 KBytes  1.95 Mbits/sec   30   1.15 KBytes       
[  5]  27.00-28.00  sec   239 KBytes  1.96 Mbits/sec   21   1.15 KBytes       
[  5]  28.00-29.00  sec   240 KBytes  1.97 Mbits/sec   26   2.30 KBytes       
[  5]  29.00-30.00  sec   338 KBytes  2.77 Mbits/sec   44   2.30 KBytes       
[  5]  30.00-31.00  sec   810 KBytes  6.63 Mbits/sec   80   1.15 KBytes       
[  5]  31.00-32.00  sec   160 KBytes  1.31 Mbits/sec   19   2.30 KBytes       
[  5]  32.00-33.00  sec   757 KBytes  6.20 Mbits/sec   79   2.30 KBytes       
[  5]  33.00-34.00  sec   588 KBytes  4.81 Mbits/sec   58   1.15 KBytes       
[  5]  34.00-35.00  sec   400 KBytes  3.28 Mbits/sec   32   2.30 KBytes       
[  5]  35.00-36.00  sec  80.5 KBytes  0.66 Mbits/sec    9   1.15 KBytes       
[  5]  36.00-37.00  sec   650 KBytes  5.33 Mbits/sec   58   2.30 KBytes       
[  5]  37.00-38.00  sec   319 KBytes  2.61 Mbits/sec   28   2.30 KBytes       
[  5]  38.00-39.00  sec   337 KBytes  2.76 Mbits/sec   36   1.15 KBytes       
[  5]  39.00-40.00  sec   405 KBytes  3.32 Mbits/sec   25   2.30 KBytes       
[  5]  40.00-41.00  sec   318 KBytes  2.60 Mbits/sec   33   1.15 KBytes       
[  5]  41.00-42.00  sec   678 KBytes  5.55 Mbits/sec   58   2.30 KBytes       
[  5]  42.00-43.00  sec   499 KBytes  4.09 Mbits/sec   49   2.30 KBytes       
[  5]  43.00-44.00  sec   488 KBytes  4.00 Mbits/sec   49   1.15 KBytes       
[  5]  44.00-45.00  sec   496 KBytes  4.06 Mbits/sec   41   2.30 KBytes       
[  5]  45.00-46.00  sec   491 KBytes  4.02 Mbits/sec   43   2.30 KBytes       
[  5]  46.00-47.00  sec   159 KBytes  1.30 Mbits/sec   21   2.30 KBytes       
[  5]  47.00-48.00  sec   999 KBytes  8.18 Mbits/sec   75   4.60 KBytes       
[  5]  48.00-49.00  sec   492 KBytes  4.03 Mbits/sec   41   1.15 KBytes       
[  5]  49.00-50.00  sec   404 KBytes  3.31 Mbits/sec   37   1.15 KBytes       
[  5]  50.00-51.00  sec  80.5 KBytes  0.66 Mbits/sec   11   2.30 KBytes       
[  5]  51.00-52.00  sec   163 KBytes  1.34 Mbits/sec   17   1.15 KBytes       
[  5]  52.00-53.00  sec   240 KBytes  1.97 Mbits/sec   27   1.15 KBytes       
[  5]  53.00-54.00  sec   412 KBytes  3.37 Mbits/sec   38   1.15 KBytes       
[  5]  54.00-55.00  sec  0.00 Bytes  0.00 Mbits/sec    1   1.15 KBytes       
[  5]  55.00-56.00  sec   408 KBytes  3.35 Mbits/sec   39   1.15 KBytes       
[  5]  56.00-57.00  sec   399 KBytes  3.27 Mbits/sec   35   1.15 KBytes       
[  5]  57.00-58.00  sec   454 KBytes  3.72 Mbits/sec   45   1.15 KBytes       
[  5]  58.00-59.00  sec   846 KBytes  6.93 Mbits/sec   73   1.15 KBytes       
[  5]  59.00-60.00  sec   322 KBytes  2.64 Mbits/sec   31   2.30 KBytes       
- - - - - - - - - - - - - - - - - - - - - - - - -
[ ID] Interval           Transfer     Bitrate         Retr
[  5]   0.00-60.00  sec  22.5 MBytes  3.15 Mbits/sec  2144             sender
[  5]   0.00-60.04  sec  22.5 MBytes  3.14 Mbits/sec                  receiver

iperf Done.
