Connecting to host knb-server-1121919, port 5201
[  5] local 10.136.173.108 port 60464 connected to 10.43.113.137 port 5201
[ ID] Interval           Transfer     Bitrate         Total Datagrams
[  5]   0.00-1.00   sec  48.6 MBytes   408 Mbits/sec  43300  (omitted)
[  5]   0.00-1.00   sec  52.4 MBytes   440 Mbits/sec  46670  
[  5]   1.00-2.00   sec  53.0 MBytes   444 Mbits/sec  47160  
[  5]   2.00-3.00   sec  58.1 MBytes   487 Mbits/sec  51720  
[  5]   3.00-4.00   sec  52.9 MBytes   444 Mbits/sec  47090  
[  5]   4.00-5.00   sec  47.3 MBytes   397 Mbits/sec  42090  
[  5]   5.00-6.00   sec  47.2 MBytes   396 Mbits/sec  41970  
[  5]   6.00-7.00   sec  55.3 MBytes   464 Mbits/sec  49240  
[  5]   7.00-8.00   sec  50.5 MBytes   423 Mbits/sec  44920  
[  5]   8.00-9.00   sec  57.3 MBytes   481 Mbits/sec  51000  
[  5]   9.00-10.00  sec  52.9 MBytes   443 Mbits/sec  47060  
[  5]  10.00-11.00  sec  52.4 MBytes   440 Mbits/sec  46640  
[  5]  11.00-12.00  sec  55.5 MBytes   465 Mbits/sec  49380  
[  5]  12.00-13.00  sec  51.6 MBytes   433 Mbits/sec  45970  
[  5]  13.00-14.00  sec  53.7 MBytes   451 Mbits/sec  47840  
[  5]  14.00-15.00  sec  56.0 MBytes   470 Mbits/sec  49850  
[  5]  15.00-16.00  sec  57.1 MBytes   479 Mbits/sec  50790  
[  5]  16.00-17.00  sec  50.2 MBytes   421 Mbits/sec  44670  
[  5]  17.00-18.00  sec  49.7 MBytes   417 Mbits/sec  44240  
[  5]  18.00-19.00  sec  53.0 MBytes   445 Mbits/sec  47220  
[  5]  19.00-20.00  sec  56.6 MBytes   475 Mbits/sec  50380  
[  5]  20.00-21.00  sec  55.9 MBytes   469 Mbits/sec  49760  
[  5]  21.00-22.00  sec  58.3 MBytes   489 Mbits/sec  51880  
[  5]  22.00-23.00  sec  41.7 MBytes   349 Mbits/sec  37080  
[  5]  23.00-24.00  sec  54.3 MBytes   456 Mbits/sec  48370  
[  5]  24.00-25.00  sec  53.8 MBytes   451 Mbits/sec  47860  
[  5]  25.00-26.00  sec  48.8 MBytes   409 Mbits/sec  43450  
[  5]  26.00-27.00  sec  51.4 MBytes   431 Mbits/sec  45720  
[  5]  27.00-28.00  sec  48.1 MBytes   404 Mbits/sec  42820  
[  5]  28.00-29.00  sec  42.9 MBytes   360 Mbits/sec  38210  
[  5]  29.00-30.00  sec  51.9 MBytes   435 Mbits/sec  46200  
[  5]  30.00-31.00  sec  56.4 MBytes   473 Mbits/sec  50230  
[  5]  31.00-32.00  sec  56.6 MBytes   474 Mbits/sec  50340  
[  5]  32.00-33.00  sec  53.0 MBytes   445 Mbits/sec  47200  
[  5]  33.00-34.00  sec  55.7 MBytes   467 Mbits/sec  49590  
[  5]  34.00-35.00  sec  59.0 MBytes   495 Mbits/sec  52510  
[  5]  35.00-36.00  sec  54.4 MBytes   456 Mbits/sec  48400  
[  5]  36.00-37.00  sec  52.3 MBytes   439 Mbits/sec  46570  
[  5]  37.00-38.00  sec  52.9 MBytes   444 Mbits/sec  47100  
[  5]  38.00-39.00  sec  58.4 MBytes   490 Mbits/sec  52020  
[  5]  39.00-40.00  sec  48.6 MBytes   407 Mbits/sec  43230  
[  5]  40.00-41.00  sec  45.7 MBytes   383 Mbits/sec  40670  
[  5]  41.00-42.00  sec  54.3 MBytes   455 Mbits/sec  48290  
[  5]  42.00-43.00  sec  54.2 MBytes   455 Mbits/sec  48270  
[  5]  43.00-44.00  sec  47.2 MBytes   396 Mbits/sec  42020  
[  5]  44.00-45.00  sec  49.9 MBytes   419 Mbits/sec  44430  
[  5]  45.00-46.00  sec  51.8 MBytes   434 Mbits/sec  46070  
[  5]  46.00-47.00  sec  54.6 MBytes   458 Mbits/sec  48630  
[  5]  47.00-48.00  sec  52.4 MBytes   439 Mbits/sec  46630  
[  5]  48.00-49.00  sec  54.6 MBytes   458 Mbits/sec  48600  
[  5]  49.00-50.00  sec  51.7 MBytes   434 Mbits/sec  46040  
[  5]  50.00-51.00  sec  55.6 MBytes   466 Mbits/sec  49460  
[  5]  51.00-52.00  sec  52.2 MBytes   438 Mbits/sec  46470  
[  5]  52.00-53.00  sec  58.9 MBytes   494 Mbits/sec  52400  
[  5]  53.00-54.00  sec  58.7 MBytes   492 Mbits/sec  52220  
[  5]  54.00-55.00  sec  52.7 MBytes   442 Mbits/sec  46880  
[  5]  55.00-56.00  sec  53.4 MBytes   448 Mbits/sec  47500  
[  5]  56.00-57.00  sec  49.4 MBytes   415 Mbits/sec  43990  
[  5]  57.00-58.00  sec  52.3 MBytes   439 Mbits/sec  46570  
[  5]  58.00-59.00  sec  53.6 MBytes   449 Mbits/sec  47690  
[  5]  59.00-60.00  sec  53.8 MBytes   451 Mbits/sec  47870  
- - - - - - - - - - - - - - - - - - - - - - - - -
[ ID] Interval           Transfer     Bitrate         Jitter    Lost/Total Datagrams
[  5]   0.00-60.00  sec  3.10 GBytes   444 Mbits/sec  0.000 ms  0/2825140 (0%)  sender
[  5]   0.00-60.71  sec  61.6 MBytes  8.51 Mbits/sec  1.287 ms  2809675/2822918 (1e+02%)  receiver

iperf Done.
