Connecting to host knb-server-1121919, port 5201
[  5] local 10.136.173.79 port 52896 connected to 10.43.113.137 port 5201
[ ID] Interval           Transfer     Bitrate         Retr  Cwnd
[  5]   0.00-1.00   sec  2.79 MBytes  23.4 Mbits/sec    0    147 KBytes       (omitted)
[  5]   0.00-1.00   sec  1012 KBytes  8.29 Mbits/sec    0    191 KBytes       
[  5]   1.00-2.00   sec   253 KBytes  2.07 Mbits/sec   36    138 KBytes       
[  5]   2.00-3.00   sec  1.11 MBytes  9.33 Mbits/sec    0    175 KBytes       
[  5]   3.00-4.00   sec   949 KBytes  7.78 Mbits/sec  105    130 KBytes       
[  5]   4.00-5.00   sec   506 KBytes  4.15 Mbits/sec    0    143 KBytes       
[  5]   5.00-6.00   sec  2.41 MBytes  20.2 Mbits/sec    0    154 KBytes       
[  5]   6.00-7.00   sec   886 KBytes  7.26 Mbits/sec    0    155 KBytes       
[  5]   7.00-8.00   sec  1.17 MBytes  9.84 Mbits/sec    2   1.15 KBytes       
[  5]   8.00-9.00   sec  0.00 Bytes  0.00 Mbits/sec    0    156 KBytes       
[  5]   9.00-10.00  sec   949 KBytes  7.78 Mbits/sec   42    129 KBytes       
[  5]  10.00-11.00  sec  1.48 MBytes  12.4 Mbits/sec    0    159 KBytes       
[  5]  11.00-12.00  sec  2.90 MBytes  24.4 Mbits/sec    0    178 KBytes       
[  5]  12.00-13.00  sec  1.17 MBytes  9.84 Mbits/sec    2    132 KBytes       
[  5]  13.00-14.00  sec  4.76 MBytes  39.9 Mbits/sec   15    110 KBytes       
[  5]  14.00-15.00  sec   253 KBytes  2.07 Mbits/sec    1    118 KBytes       
[  5]  15.00-16.00  sec   569 KBytes  4.67 Mbits/sec    0    141 KBytes       
[  5]  16.00-17.00  sec  0.00 Bytes  0.00 Mbits/sec    0    144 KBytes       
[  5]  17.00-18.00  sec   886 KBytes  7.26 Mbits/sec    0    193 KBytes       
[  5]  18.00-19.00  sec  3.65 MBytes  30.6 Mbits/sec   40    148 KBytes       
[  5]  19.00-20.00  sec  1.30 MBytes  10.9 Mbits/sec    0    167 KBytes       
[  5]  20.00-21.00  sec   443 KBytes  3.63 Mbits/sec    0    175 KBytes       
[  5]  21.00-22.00  sec   443 KBytes  3.63 Mbits/sec    1    178 KBytes       
[  5]  22.00-23.00  sec  2.16 MBytes  18.1 Mbits/sec   75   89.7 KBytes       
[  5]  23.00-24.00  sec   443 KBytes  3.63 Mbits/sec    0    107 KBytes       
[  5]  24.00-25.00  sec   443 KBytes  3.63 Mbits/sec    0    120 KBytes       
[  5]  25.00-26.00  sec  3.46 MBytes  29.0 Mbits/sec   20   89.7 KBytes       
[  5]  26.00-27.00  sec   886 KBytes  7.26 Mbits/sec    0    125 KBytes       
[  5]  27.00-28.00  sec  1.79 MBytes  15.0 Mbits/sec    5    139 KBytes       
[  5]  28.00-29.00  sec   886 KBytes  7.25 Mbits/sec    9    110 KBytes       
[  5]  29.00-30.00  sec   443 KBytes  3.63 Mbits/sec    0    138 KBytes       
[  5]  30.00-31.00  sec  3.03 MBytes  25.4 Mbits/sec    0    283 KBytes       
[  5]  31.00-32.00  sec  0.00 Bytes  0.00 Mbits/sec    0    293 KBytes       
[  5]  32.00-33.00  sec  0.00 Bytes  0.00 Mbits/sec    0    301 KBytes       
[  5]  33.00-34.00  sec   886 KBytes  7.26 Mbits/sec    0    344 KBytes       
[  5]  34.00-35.00  sec   506 KBytes  4.15 Mbits/sec    0    352 KBytes       
[  5]  35.00-36.00  sec  1012 KBytes  8.29 Mbits/sec    1    316 KBytes       
[  5]  36.00-37.00  sec  1.30 MBytes  10.9 Mbits/sec    0    322 KBytes       
[  5]  37.00-38.00  sec  0.00 Bytes  0.00 Mbits/sec    0    351 KBytes       
[  5]  38.00-39.00  sec   569 KBytes  4.67 Mbits/sec    0    366 KBytes       
[  5]  39.00-40.00  sec  1.79 MBytes  15.0 Mbits/sec  175    118 KBytes       
[  5]  40.00-41.00  sec  0.00 Bytes  0.00 Mbits/sec    1    120 KBytes       
[  5]  41.00-42.00  sec  0.00 Bytes  0.00 Mbits/sec    0    123 KBytes       
[  5]  42.00-43.00  sec   569 KBytes  4.67 Mbits/sec    0    137 KBytes       
[  5]  43.00-44.00  sec  0.00 Bytes  0.00 Mbits/sec    0    141 KBytes       
[  5]  44.00-45.00  sec  1.67 MBytes  14.0 Mbits/sec   40   84.0 KBytes       
[  5]  45.00-46.00  sec  1.11 MBytes  9.33 Mbits/sec    0    137 KBytes       
[  5]  46.00-47.00  sec   569 KBytes  4.66 Mbits/sec    0    170 KBytes       
[  5]  47.00-48.00  sec  2.29 MBytes  19.2 Mbits/sec   20    189 KBytes       
[  5]  48.00-49.00  sec  0.00 Bytes  0.00 Mbits/sec    1   1.15 KBytes       
[  5]  49.00-50.00  sec  0.00 Bytes  0.00 Mbits/sec    1    211 KBytes       
[  5]  50.00-51.00  sec  1.67 MBytes  14.0 Mbits/sec   53    192 KBytes       
[  5]  51.00-52.00  sec  1.11 MBytes  9.33 Mbits/sec   42    145 KBytes       
[  5]  52.00-53.00  sec  1.67 MBytes  14.0 Mbits/sec    1   5.75 KBytes       
[  5]  53.00-54.00  sec  1.11 MBytes  9.33 Mbits/sec    3    171 KBytes       
[  5]  54.00-55.00  sec  1.17 MBytes  9.85 Mbits/sec  134   74.8 KBytes       
[  5]  55.00-56.00  sec   569 KBytes  4.66 Mbits/sec    0   84.0 KBytes       
[  5]  56.00-57.00  sec  1.11 MBytes  9.33 Mbits/sec    0   87.4 KBytes       
[  5]  57.00-58.00  sec   569 KBytes  4.67 Mbits/sec    0   88.6 KBytes       
[  5]  58.00-59.00  sec   569 KBytes  4.66 Mbits/sec    0   92.0 KBytes       
[  5]  59.00-60.00  sec   569 KBytes  4.66 Mbits/sec    1    100 KBytes       
- - - - - - - - - - - - - - - - - - - - - - - - -
[ ID] Interval           Transfer     Bitrate         Retr
[  5]   0.00-60.00  sec  62.7 MBytes  8.76 Mbits/sec  826             sender
[  5]   0.00-60.17  sec  61.8 MBytes  8.62 Mbits/sec                  receiver

iperf Done.
