Connecting to host 10.136.80.161, port 5201
[  5] local 10.136.173.75 port 55858 connected to 10.136.80.161 port 5201
[ ID] Interval           Transfer     Bitrate         Total Datagrams
[  5]   0.00-1.00   sec  66.6 MBytes   558 Mbits/sec  49920  (omitted)
[  5]   0.00-1.00   sec  99.8 MBytes   837 Mbits/sec  74820  
[  5]   1.00-2.00   sec  99.9 MBytes   838 Mbits/sec  74900  
[  5]   2.00-3.00   sec  98.9 MBytes   830 Mbits/sec  74170  
[  5]   3.00-4.00   sec   100 MBytes   840 Mbits/sec  75150  
[  5]   4.00-5.00   sec  99.8 MBytes   838 Mbits/sec  74890  
[  5]   5.00-6.00   sec  98.0 MBytes   822 Mbits/sec  73530  
[  5]   6.00-7.00   sec  98.1 MBytes   823 Mbits/sec  73570  
[  5]   7.00-8.00   sec  97.8 MBytes   820 Mbits/sec  73340  
[  5]   8.00-9.00   sec  97.8 MBytes   820 Mbits/sec  73360  
[  5]   9.00-10.00  sec  98.2 MBytes   824 Mbits/sec  73670  
[  5]  10.00-11.00  sec  98.0 MBytes   822 Mbits/sec  73500  
[  5]  11.00-12.00  sec  98.2 MBytes   824 Mbits/sec  73690  
[  5]  12.00-13.00  sec  97.5 MBytes   818 Mbits/sec  73140  
[  5]  13.00-14.00  sec  98.6 MBytes   827 Mbits/sec  73940  
[  5]  14.00-15.00  sec  98.4 MBytes   825 Mbits/sec  73800  
[  5]  15.00-16.00  sec  97.1 MBytes   814 Mbits/sec  72830  
[  5]  16.00-17.00  sec  98.1 MBytes   823 Mbits/sec  73590  
[  5]  17.00-18.00  sec  98.0 MBytes   822 Mbits/sec  73480  
[  5]  18.00-19.00  sec  98.0 MBytes   822 Mbits/sec  73510  
[  5]  19.00-20.00  sec  98.9 MBytes   829 Mbits/sec  74160  
[  5]  20.00-21.00  sec  98.5 MBytes   826 Mbits/sec  73860  
[  5]  21.00-22.00  sec  97.9 MBytes   822 Mbits/sec  73460  
[  5]  22.00-23.00  sec   100 MBytes   839 Mbits/sec  75030  
[  5]  23.00-24.00  sec  97.7 MBytes   820 Mbits/sec  73290  
[  5]  24.00-25.00  sec  97.2 MBytes   816 Mbits/sec  72930  
[  5]  25.00-26.00  sec  96.5 MBytes   810 Mbits/sec  72410  
[  5]  26.00-27.00  sec  98.5 MBytes   826 Mbits/sec  73870  
[  5]  27.00-28.00  sec  98.6 MBytes   827 Mbits/sec  73950  
[  5]  28.00-29.00  sec  97.5 MBytes   818 Mbits/sec  73120  
[  5]  29.00-30.00  sec  97.3 MBytes   816 Mbits/sec  72990  
[  5]  30.00-31.00  sec  97.6 MBytes   819 Mbits/sec  73190  
[  5]  31.00-32.00  sec  97.2 MBytes   815 Mbits/sec  72910  
[  5]  32.00-33.00  sec  97.9 MBytes   821 Mbits/sec  73420  
[  5]  33.00-34.00  sec  98.1 MBytes   823 Mbits/sec  73550  
[  5]  34.00-35.00  sec  97.2 MBytes   815 Mbits/sec  72910  
[  5]  35.00-36.00  sec  96.2 MBytes   807 Mbits/sec  72180  
[  5]  36.00-37.00  sec  96.6 MBytes   810 Mbits/sec  72440  
[  5]  37.00-38.00  sec  95.5 MBytes   801 Mbits/sec  71600  
[  5]  38.00-39.00  sec  98.7 MBytes   828 Mbits/sec  74060  
[  5]  39.00-40.00  sec  99.9 MBytes   838 Mbits/sec  74930  
[  5]  40.00-41.00  sec  99.8 MBytes   837 Mbits/sec  74850  
[  5]  41.00-42.00  sec  99.2 MBytes   833 Mbits/sec  74440  
[  5]  42.00-43.00  sec  98.0 MBytes   822 Mbits/sec  73480  
[  5]  43.00-44.00  sec  99.9 MBytes   838 Mbits/sec  74960  
[  5]  44.00-45.00  sec   100 MBytes   839 Mbits/sec  74970  
[  5]  45.00-46.00  sec  99.0 MBytes   831 Mbits/sec  74270  
[  5]  46.00-47.00  sec  99.5 MBytes   834 Mbits/sec  74610  
[  5]  47.00-48.00  sec  99.5 MBytes   835 Mbits/sec  74640  
[  5]  48.00-49.00  sec  98.3 MBytes   825 Mbits/sec  73740  
[  5]  49.00-50.00  sec  97.3 MBytes   816 Mbits/sec  72990  
[  5]  50.00-51.00  sec  98.0 MBytes   822 Mbits/sec  73480  
[  5]  51.00-52.00  sec  99.9 MBytes   838 Mbits/sec  74910  
[  5]  52.00-53.00  sec  98.4 MBytes   826 Mbits/sec  73840  
[  5]  53.00-54.00  sec  99.0 MBytes   830 Mbits/sec  74230  
[  5]  54.00-55.00  sec  99.4 MBytes   833 Mbits/sec  74520  
[  5]  55.00-56.00  sec  96.3 MBytes   808 Mbits/sec  72230  
[  5]  56.00-57.00  sec  98.8 MBytes   829 Mbits/sec  74100  
[  5]  57.00-58.00  sec  96.9 MBytes   813 Mbits/sec  72700  
[  5]  58.00-59.00  sec  99.0 MBytes   831 Mbits/sec  74260  
[  5]  59.00-60.00  sec  98.7 MBytes   828 Mbits/sec  74010  
- - - - - - - - - - - - - - - - - - - - - - - - -
[ ID] Interval           Transfer     Bitrate         Jitter    Lost/Total Datagrams
[  5]   0.00-60.00  sec  5.76 GBytes   825 Mbits/sec  0.000 ms  0/4424370 (0%)  sender
[  5]   0.00-61.27  sec   231 MBytes  31.6 Mbits/sec  0.018 ms  4295433/4419407 (97%)  receiver

iperf Done.
