Connecting to host 10.136.80.137, port 5201
[  5] local 10.136.173.72 port 41823 connected to 10.136.80.137 port 5201
[ ID] Interval           Transfer     Bitrate         Total Datagrams
[  5]   0.00-1.00   sec  55.9 MBytes   469 Mbits/sec  49730  (omitted)
[  5]   0.00-1.00   sec  50.3 MBytes   422 Mbits/sec  44770  
[  5]   1.00-2.00   sec  57.0 MBytes   478 Mbits/sec  50740  
[  5]   2.00-3.00   sec  55.4 MBytes   465 Mbits/sec  49310  
[  5]   3.00-4.00   sec  52.2 MBytes   438 Mbits/sec  46470  
[  5]   4.00-5.00   sec  51.1 MBytes   429 Mbits/sec  45490  
[  5]   5.00-6.00   sec  56.2 MBytes   471 Mbits/sec  50020  
[  5]   6.00-7.00   sec  52.7 MBytes   442 Mbits/sec  46950  
[  5]   7.00-8.00   sec  51.3 MBytes   430 Mbits/sec  45660  
[  5]   8.00-9.00   sec  54.6 MBytes   458 Mbits/sec  48630  
[  5]   9.00-10.00  sec  53.2 MBytes   446 Mbits/sec  47380  
[  5]  10.00-11.00  sec  55.2 MBytes   463 Mbits/sec  49110  
[  5]  11.00-12.00  sec  55.3 MBytes   464 Mbits/sec  49240  
[  5]  12.00-13.00  sec  56.9 MBytes   477 Mbits/sec  50610  
[  5]  13.00-14.00  sec  52.4 MBytes   440 Mbits/sec  46660  
[  5]  14.00-15.00  sec  58.7 MBytes   493 Mbits/sec  52280  
[  5]  15.00-16.00  sec  49.8 MBytes   418 Mbits/sec  44360  
[  5]  16.00-17.00  sec  56.1 MBytes   471 Mbits/sec  49950  
[  5]  17.00-18.00  sec  57.2 MBytes   480 Mbits/sec  50910  
[  5]  18.00-19.00  sec  51.3 MBytes   430 Mbits/sec  45650  
[  5]  19.00-20.00  sec  56.7 MBytes   475 Mbits/sec  50440  
[  5]  20.00-21.00  sec  54.1 MBytes   454 Mbits/sec  48170  
[  5]  21.00-22.00  sec  56.9 MBytes   477 Mbits/sec  50660  
[  5]  22.00-23.00  sec  57.0 MBytes   478 Mbits/sec  50770  
[  5]  23.00-24.00  sec  53.1 MBytes   445 Mbits/sec  47240  
[  5]  24.00-25.00  sec  52.2 MBytes   438 Mbits/sec  46490  
[  5]  25.00-26.00  sec  51.4 MBytes   431 Mbits/sec  45760  
[  5]  26.00-27.00  sec  53.2 MBytes   446 Mbits/sec  47360  
[  5]  27.00-28.00  sec  54.7 MBytes   459 Mbits/sec  48720  
[  5]  28.00-29.00  sec  51.2 MBytes   429 Mbits/sec  45560  
[  5]  29.00-30.00  sec  61.4 MBytes   515 Mbits/sec  54610  
[  5]  30.00-31.00  sec  56.9 MBytes   477 Mbits/sec  50650  
[  5]  31.00-32.00  sec  56.3 MBytes   472 Mbits/sec  50120  
[  5]  32.00-33.00  sec  56.3 MBytes   473 Mbits/sec  50140  
[  5]  33.00-34.00  sec  57.3 MBytes   481 Mbits/sec  51010  
[  5]  34.00-35.00  sec  53.3 MBytes   447 Mbits/sec  47420  
[  5]  35.00-36.00  sec  58.0 MBytes   487 Mbits/sec  51640  
[  5]  36.00-37.00  sec  55.5 MBytes   465 Mbits/sec  49360  
[  5]  37.00-38.00  sec  57.8 MBytes   485 Mbits/sec  51420  
[  5]  38.00-39.00  sec  53.4 MBytes   448 Mbits/sec  47520  
[  5]  39.00-40.00  sec  57.1 MBytes   479 Mbits/sec  50800  
[  5]  40.00-41.00  sec  57.0 MBytes   478 Mbits/sec  50710  
[  5]  41.00-42.00  sec  56.9 MBytes   477 Mbits/sec  50670  
[  5]  42.00-43.00  sec  54.1 MBytes   454 Mbits/sec  48130  
[  5]  43.00-44.00  sec  55.8 MBytes   468 Mbits/sec  49700  
[  5]  44.00-45.00  sec  55.0 MBytes   461 Mbits/sec  48930  
[  5]  45.00-46.00  sec  53.8 MBytes   452 Mbits/sec  47920  
[  5]  46.00-47.00  sec  51.1 MBytes   429 Mbits/sec  45490  
[  5]  47.00-48.00  sec  52.6 MBytes   442 Mbits/sec  46860  
[  5]  48.00-49.00  sec  52.7 MBytes   442 Mbits/sec  46900  
[  5]  49.00-50.00  sec  56.7 MBytes   476 Mbits/sec  50490  
[  5]  50.00-51.00  sec  52.3 MBytes   438 Mbits/sec  46520  
[  5]  51.00-52.00  sec  55.4 MBytes   465 Mbits/sec  49300  
[  5]  52.00-53.00  sec  54.2 MBytes   454 Mbits/sec  48220  
[  5]  53.00-54.00  sec  54.3 MBytes   456 Mbits/sec  48370  
[  5]  54.00-55.00  sec  56.7 MBytes   476 Mbits/sec  50470  
[  5]  55.00-56.00  sec  52.5 MBytes   441 Mbits/sec  46760  
[  5]  56.00-57.00  sec  57.9 MBytes   486 Mbits/sec  51560  
[  5]  57.00-58.00  sec  55.6 MBytes   466 Mbits/sec  49460  
[  5]  58.00-59.00  sec  55.8 MBytes   468 Mbits/sec  49670  
[  5]  59.00-60.00  sec  49.8 MBytes   418 Mbits/sec  44350  
- - - - - - - - - - - - - - - - - - - - - - - - -
[ ID] Interval           Transfer     Bitrate         Jitter    Lost/Total Datagrams
[  5]   0.00-60.00  sec  3.20 GBytes   459 Mbits/sec  0.000 ms  0/2920530 (0%)  sender
[  5]   0.00-60.28  sec  2.16 GBytes   308 Mbits/sec  0.006 ms  966813/2920530 (33%)  receiver

iperf Done.
