Connecting to host 10.136.80.186, port 5201
[  5] local 10.136.173.96 port 50720 connected to 10.136.80.186 port 5201
[ ID] Interval           Transfer     Bitrate         Retr  Cwnd
[  5]   0.00-1.00   sec  7.20 MBytes  60.4 Mbits/sec  326   6.90 KBytes       (omitted)
[  5]   0.00-1.00   sec  1.73 MBytes  14.5 Mbits/sec   77   13.8 KBytes       
[  5]   1.00-2.00   sec  4.57 MBytes  38.4 Mbits/sec  203   11.5 KBytes       
[  5]   2.00-3.00   sec  8.77 MBytes  73.6 Mbits/sec  425   6.90 KBytes       
[  5]   3.00-4.00   sec  4.45 MBytes  37.3 Mbits/sec  225   1.15 KBytes       
[  5]   4.00-5.00   sec  3.71 MBytes  31.1 Mbits/sec  175   1.15 KBytes       
[  5]   5.00-6.00   sec  1.85 MBytes  15.6 Mbits/sec   81   1.15 KBytes       
[  5]   6.00-7.00   sec  1.11 MBytes  9.33 Mbits/sec   59   2.30 KBytes       
[  5]   7.00-8.00   sec  4.33 MBytes  36.3 Mbits/sec  204   24.2 KBytes       
[  5]   8.00-9.00   sec  6.80 MBytes  57.0 Mbits/sec  312   9.20 KBytes       
[  5]   9.00-10.00  sec  6.43 MBytes  53.9 Mbits/sec  310   1.15 KBytes       
[  5]  10.00-11.00  sec  8.40 MBytes  70.5 Mbits/sec  371   3.45 KBytes       
[  5]  11.00-12.00  sec  1.36 MBytes  11.4 Mbits/sec   73   2.30 KBytes       
[  5]  12.00-13.00  sec  6.30 MBytes  52.9 Mbits/sec  299   2.30 KBytes       
[  5]  13.00-14.00  sec  3.71 MBytes  31.1 Mbits/sec  170   3.45 KBytes       
[  5]  14.00-15.00  sec  2.72 MBytes  22.8 Mbits/sec  133   2.30 KBytes       
[  5]  15.00-16.00  sec  2.22 MBytes  18.7 Mbits/sec  111   8.05 KBytes       
[  5]  16.00-17.00  sec  5.56 MBytes  46.6 Mbits/sec  248   2.30 KBytes       
[  5]  17.00-18.00  sec  5.19 MBytes  43.5 Mbits/sec  231   2.30 KBytes       
[  5]  18.00-19.00  sec  1.48 MBytes  12.4 Mbits/sec   72   1.15 KBytes       
[  5]  19.00-20.00  sec  3.58 MBytes  30.1 Mbits/sec  157   2.30 KBytes       
[  5]  20.00-21.00  sec  6.18 MBytes  51.8 Mbits/sec  275   1.15 KBytes       
[  5]  21.00-22.00  sec  1.98 MBytes  16.6 Mbits/sec   83   5.75 KBytes       
[  5]  22.00-23.00  sec  5.19 MBytes  43.6 Mbits/sec  268   2.30 KBytes       
[  5]  23.00-24.00  sec  3.34 MBytes  28.0 Mbits/sec  153   2.30 KBytes       
[  5]  24.00-25.00  sec  5.56 MBytes  46.6 Mbits/sec  268   1.15 KBytes       
[  5]  25.00-26.00  sec  4.33 MBytes  36.3 Mbits/sec  202   8.05 KBytes       
[  5]  26.00-27.00  sec  7.17 MBytes  60.1 Mbits/sec  323   1.15 KBytes       
[  5]  27.00-28.00  sec  8.65 MBytes  72.6 Mbits/sec  377   6.90 KBytes       
[  5]  28.00-29.00  sec   253 KBytes  2.07 Mbits/sec   11   1.15 KBytes       
[  5]  29.00-30.00  sec  4.45 MBytes  37.4 Mbits/sec  201   2.30 KBytes       
[  5]  30.00-31.00  sec  4.45 MBytes  37.3 Mbits/sec  222   1.15 KBytes       
[  5]  31.00-32.00  sec  5.68 MBytes  47.7 Mbits/sec  259   2.30 KBytes       
[  5]  32.00-33.00  sec  3.21 MBytes  27.0 Mbits/sec  149   2.30 KBytes       
[  5]  33.00-34.00  sec  8.16 MBytes  68.4 Mbits/sec  384   6.90 KBytes       
[  5]  34.00-35.00  sec  1.85 MBytes  15.5 Mbits/sec   84   2.30 KBytes       
[  5]  35.00-36.00  sec  4.08 MBytes  34.2 Mbits/sec  186   2.30 KBytes       
[  5]  36.00-37.00  sec  5.81 MBytes  48.7 Mbits/sec  280   2.30 KBytes       
[  5]  37.00-38.00  sec  3.58 MBytes  30.1 Mbits/sec  192   1.15 KBytes       
[  5]  38.00-39.00  sec  1.11 MBytes  9.33 Mbits/sec   58   1.15 KBytes       
[  5]  39.00-40.00  sec  1012 KBytes  8.29 Mbits/sec   48   6.90 KBytes       
[  5]  40.00-41.00  sec  2.60 MBytes  21.8 Mbits/sec  127   2.30 KBytes       
[  5]  41.00-42.00  sec  3.09 MBytes  25.9 Mbits/sec  127   2.30 KBytes       
[  5]  42.00-43.00  sec  1.36 MBytes  11.4 Mbits/sec   66   2.30 KBytes       
[  5]  43.00-44.00  sec  3.95 MBytes  33.2 Mbits/sec  194   2.30 KBytes       
[  5]  44.00-45.00  sec  1.48 MBytes  12.4 Mbits/sec   69   1.15 KBytes       
[  5]  45.00-46.00  sec  4.70 MBytes  39.4 Mbits/sec  219   5.75 KBytes       
[  5]  46.00-47.00  sec  6.67 MBytes  56.0 Mbits/sec  339   1.15 KBytes       
[  5]  47.00-48.00  sec   633 KBytes  5.18 Mbits/sec   30   2.30 KBytes       
[  5]  48.00-49.00  sec  1.61 MBytes  13.5 Mbits/sec   81   2.30 KBytes       
[  5]  49.00-50.00  sec  2.35 MBytes  19.7 Mbits/sec  120   2.30 KBytes       
[  5]  50.00-51.00  sec  4.08 MBytes  34.2 Mbits/sec  187   10.4 KBytes       
[  5]  51.00-52.00  sec  10.1 MBytes  85.0 Mbits/sec  441   8.05 KBytes       
[  5]  52.00-53.00  sec  6.92 MBytes  58.1 Mbits/sec  332   9.20 KBytes       
[  5]  53.00-54.00  sec  5.81 MBytes  48.7 Mbits/sec  251   2.30 KBytes       
[  5]  54.00-55.00  sec   886 KBytes  7.26 Mbits/sec   36   2.30 KBytes       
[  5]  55.00-56.00  sec  4.08 MBytes  34.2 Mbits/sec  205   5.75 KBytes       
[  5]  56.00-57.00  sec  9.89 MBytes  82.9 Mbits/sec  461   2.30 KBytes       
[  5]  57.00-58.00  sec  4.08 MBytes  34.2 Mbits/sec  196   2.30 KBytes       
[  5]  58.00-59.00  sec  2.35 MBytes  19.7 Mbits/sec  125   2.30 KBytes       
[  5]  59.00-60.00  sec  4.45 MBytes  37.3 Mbits/sec  205   1.15 KBytes       
- - - - - - - - - - - - - - - - - - - - - - - - -
[ ID] Interval           Transfer     Bitrate         Retr
[  5]   0.00-60.00  sec   251 MBytes  35.1 Mbits/sec  11770             sender
[  5]   0.00-60.04  sec   252 MBytes  35.2 Mbits/sec                  receiver

iperf Done.
