Connecting to host knb-server-578948, port 5201
[  5] local 10.136.173.104 port 40462 connected to 10.43.90.70 port 5201
[ ID] Interval           Transfer     Bitrate         Retr  Cwnd
[  5]   0.00-1.00   sec  9.68 MBytes  81.2 Mbits/sec  395   8.05 KBytes       (omitted)
[  5]   0.00-1.00   sec   925 KBytes  7.58 Mbits/sec   49   2.30 KBytes       
[  5]   1.00-2.00   sec  4.60 MBytes  38.6 Mbits/sec  247   1.15 KBytes       
[  5]   2.00-3.00   sec  2.84 MBytes  23.8 Mbits/sec  143   2.30 KBytes       
[  5]   3.00-4.00   sec  4.54 MBytes  38.1 Mbits/sec  217   2.30 KBytes       
[  5]   4.00-5.00   sec  4.45 MBytes  37.3 Mbits/sec  216   2.30 KBytes       
[  5]   5.00-6.00   sec  6.43 MBytes  53.9 Mbits/sec  280   6.90 KBytes       
[  5]   6.00-7.00   sec  5.69 MBytes  47.7 Mbits/sec  251   1.15 KBytes       
[  5]   7.00-8.00   sec  3.90 MBytes  32.7 Mbits/sec  169   2.30 KBytes       
[  5]   8.00-9.00   sec   380 KBytes  3.11 Mbits/sec   20   2.30 KBytes       
[  5]   9.00-10.00  sec  3.36 MBytes  28.2 Mbits/sec  134   4.60 KBytes       
[  5]  10.00-11.00  sec  5.19 MBytes  43.5 Mbits/sec  231   2.30 KBytes       
[  5]  11.00-12.00  sec  1.38 MBytes  11.6 Mbits/sec   75   2.30 KBytes       
[  5]  12.00-13.00  sec  2.04 MBytes  17.1 Mbits/sec   88   1.15 KBytes       
[  5]  13.00-14.00  sec  2.85 MBytes  23.9 Mbits/sec  129   2.30 KBytes       
[  5]  14.00-15.00  sec  5.89 MBytes  49.4 Mbits/sec  241   5.75 KBytes       
[  5]  15.00-16.00  sec  8.78 MBytes  73.6 Mbits/sec  405   2.30 KBytes       
[  5]  16.00-17.00  sec  2.72 MBytes  22.8 Mbits/sec  147   2.30 KBytes       
[  5]  17.00-18.00  sec  2.29 MBytes  19.2 Mbits/sec  103   1.15 KBytes       
[  5]  18.00-19.00  sec  4.35 MBytes  36.5 Mbits/sec  222   2.30 KBytes       
[  5]  19.00-20.00  sec  9.34 MBytes  78.3 Mbits/sec  398   2.30 KBytes       
[  5]  20.00-21.00  sec  1.24 MBytes  10.4 Mbits/sec   60   2.30 KBytes       
[  5]  21.00-22.00  sec  3.53 MBytes  29.6 Mbits/sec  154   5.75 KBytes       
[  5]  22.00-23.00  sec  4.15 MBytes  34.8 Mbits/sec  196   8.05 KBytes       
[  5]  23.00-24.00  sec  9.20 MBytes  77.2 Mbits/sec  414   10.4 KBytes       
[  5]  24.00-25.00  sec  1.05 MBytes  8.81 Mbits/sec   56   5.75 KBytes       
[  5]  25.00-26.00  sec  3.03 MBytes  25.4 Mbits/sec  137   1.15 KBytes       
[  5]  26.00-27.00  sec  4.70 MBytes  39.4 Mbits/sec  218   2.30 KBytes       
[  5]  27.00-28.00  sec  1.42 MBytes  11.9 Mbits/sec   84   2.30 KBytes       
[  5]  28.00-29.00  sec  2.78 MBytes  23.3 Mbits/sec  128   1.15 KBytes       
[  5]  29.00-30.00  sec  8.98 MBytes  75.3 Mbits/sec  378   10.4 KBytes       
[  5]  30.00-31.00  sec  5.44 MBytes  45.6 Mbits/sec  257   11.5 KBytes       
[  5]  31.00-32.00  sec  1.17 MBytes  9.85 Mbits/sec   65   1.15 KBytes       
[  5]  32.00-33.00  sec  5.26 MBytes  44.1 Mbits/sec  224   2.30 KBytes       
[  5]  33.00-34.00  sec  5.63 MBytes  47.2 Mbits/sec  262   2.30 KBytes       
[  5]  34.00-35.00  sec  8.91 MBytes  74.8 Mbits/sec  403   6.90 KBytes       
[  5]  35.00-36.00  sec  3.85 MBytes  32.2 Mbits/sec  179   2.30 KBytes       
[  5]  36.00-37.00  sec  7.54 MBytes  63.2 Mbits/sec  370   2.30 KBytes       
[  5]  37.00-38.00  sec  1.05 MBytes  8.81 Mbits/sec   60   9.20 KBytes       
[  5]  38.00-39.00  sec  3.88 MBytes  32.6 Mbits/sec  181   2.30 KBytes       
[  5]  39.00-40.00  sec  8.66 MBytes  72.6 Mbits/sec  389   1.15 KBytes       
[  5]  40.00-41.00  sec  2.97 MBytes  24.9 Mbits/sec  146   1.15 KBytes       
[  5]  41.00-42.00  sec  3.89 MBytes  32.7 Mbits/sec  195   1.15 KBytes       
[  5]  42.00-43.00  sec  3.58 MBytes  30.1 Mbits/sec  184   8.05 KBytes       
[  5]  43.00-44.00  sec  5.44 MBytes  45.6 Mbits/sec  242   2.30 KBytes       
[  5]  44.00-45.00  sec  5.00 MBytes  42.0 Mbits/sec  275   1.15 KBytes       
[  5]  45.00-46.00  sec  5.00 MBytes  42.0 Mbits/sec  255   12.7 KBytes       
[  5]  46.00-47.00  sec  5.44 MBytes  45.6 Mbits/sec  245   1.15 KBytes       
[  5]  47.00-48.00  sec  1.67 MBytes  14.0 Mbits/sec   75   3.45 KBytes       
[  5]  48.00-49.00  sec  5.50 MBytes  46.1 Mbits/sec  261   5.75 KBytes       
[  5]  49.00-50.00  sec  2.10 MBytes  17.6 Mbits/sec  108   4.60 KBytes       
[  5]  50.00-51.00  sec  7.29 MBytes  61.1 Mbits/sec  356   2.30 KBytes       
[  5]  51.00-52.00  sec  3.71 MBytes  31.1 Mbits/sec  165   6.90 KBytes       
[  5]  52.00-53.00  sec  5.00 MBytes  42.0 Mbits/sec  226   4.60 KBytes       
[  5]  53.00-54.00  sec  5.00 MBytes  42.0 Mbits/sec  239   4.60 KBytes       
[  5]  54.00-55.00  sec  9.97 MBytes  83.6 Mbits/sec  447   1.15 KBytes       
[  5]  55.00-56.00  sec  2.29 MBytes  19.2 Mbits/sec   93   1.15 KBytes       
[  5]  56.00-57.00  sec  0.00 Bytes  0.00 Mbits/sec    1   1.15 KBytes       
[  5]  57.00-58.00  sec  5.68 MBytes  47.7 Mbits/sec  247   2.30 KBytes       
[  5]  58.00-59.00  sec  9.74 MBytes  81.7 Mbits/sec  472   23.0 KBytes       
[  5]  59.00-60.00  sec  3.53 MBytes  29.6 Mbits/sec  172   1.15 KBytes       
- - - - - - - - - - - - - - - - - - - - - - - - -
[ ID] Interval           Transfer     Bitrate         Retr
[  5]   0.00-60.00  sec   266 MBytes  37.2 Mbits/sec  12384             sender
[  5]   0.00-60.04  sec   267 MBytes  37.3 Mbits/sec                  receiver

iperf Done.
