Connecting to host 10.136.80.149, port 5201
[  5] local 10.136.173.119 port 43155 connected to 10.136.80.149 port 5201
[ ID] Interval           Transfer     Bitrate         Total Datagrams
[  5]   0.00-1.00   sec  52.5 MBytes   440 Mbits/sec  46730  (omitted)
[  5]   0.00-1.00   sec  51.8 MBytes   434 Mbits/sec  46100  
[  5]   1.00-2.00   sec  51.4 MBytes   431 Mbits/sec  45730  
[  5]   2.00-3.00   sec  54.1 MBytes   454 Mbits/sec  48190  
[  5]   3.00-4.00   sec  50.8 MBytes   426 Mbits/sec  45250  
[  5]   4.00-5.00   sec  51.0 MBytes   428 Mbits/sec  45410  
[  5]   5.00-6.00   sec  53.4 MBytes   448 Mbits/sec  47550  
[  5]   6.00-7.00   sec  52.7 MBytes   442 Mbits/sec  46910  
[  5]   7.00-8.00   sec  51.2 MBytes   430 Mbits/sec  45590  
[  5]   8.00-9.00   sec  50.3 MBytes   422 Mbits/sec  44770  
[  5]   9.00-10.00  sec  51.9 MBytes   435 Mbits/sec  46200  
[  5]  10.00-11.00  sec  51.8 MBytes   435 Mbits/sec  46110  
[  5]  11.00-12.00  sec  50.5 MBytes   423 Mbits/sec  44910  
[  5]  12.00-13.00  sec  48.7 MBytes   409 Mbits/sec  43350  
[  5]  13.00-14.00  sec  50.7 MBytes   425 Mbits/sec  45130  
[  5]  14.00-15.00  sec  53.1 MBytes   446 Mbits/sec  47280  
[  5]  15.00-16.00  sec  53.8 MBytes   452 Mbits/sec  47910  
[  5]  16.00-17.00  sec  50.9 MBytes   427 Mbits/sec  45310  
[  5]  17.00-18.00  sec  49.9 MBytes   419 Mbits/sec  44440  
[  5]  18.00-19.00  sec  50.4 MBytes   422 Mbits/sec  44830  
[  5]  19.00-20.00  sec  49.6 MBytes   416 Mbits/sec  44160  
[  5]  20.00-21.00  sec  53.4 MBytes   448 Mbits/sec  47500  
[  5]  21.00-22.00  sec  51.8 MBytes   434 Mbits/sec  46090  
[  5]  22.00-23.00  sec  50.6 MBytes   425 Mbits/sec  45070  
[  5]  23.00-24.00  sec  49.1 MBytes   412 Mbits/sec  43750  
[  5]  24.00-25.00  sec  49.2 MBytes   413 Mbits/sec  43830  
[  5]  25.00-26.00  sec  49.6 MBytes   416 Mbits/sec  44160  
[  5]  26.00-27.00  sec  52.4 MBytes   439 Mbits/sec  46600  
[  5]  27.00-28.00  sec  50.1 MBytes   420 Mbits/sec  44590  
[  5]  28.00-29.00  sec  50.9 MBytes   427 Mbits/sec  45310  
[  5]  29.00-30.00  sec  54.5 MBytes   457 Mbits/sec  48510  
[  5]  30.00-31.00  sec  50.8 MBytes   426 Mbits/sec  45180  
[  5]  31.00-32.00  sec  51.9 MBytes   435 Mbits/sec  46160  
[  5]  32.00-33.00  sec  53.6 MBytes   450 Mbits/sec  47710  
[  5]  33.00-34.00  sec  51.4 MBytes   431 Mbits/sec  45730  
[  5]  34.00-35.00  sec  55.1 MBytes   462 Mbits/sec  49050  
[  5]  35.00-36.00  sec  51.3 MBytes   430 Mbits/sec  45640  
[  5]  36.00-37.00  sec  51.8 MBytes   435 Mbits/sec  46140  
[  5]  37.00-38.00  sec  50.1 MBytes   420 Mbits/sec  44590  
[  5]  38.00-39.00  sec  50.7 MBytes   426 Mbits/sec  45170  
[  5]  39.00-40.00  sec  50.9 MBytes   427 Mbits/sec  45310  
[  5]  40.00-41.00  sec  51.9 MBytes   435 Mbits/sec  46190  
[  5]  41.00-42.00  sec  51.7 MBytes   433 Mbits/sec  45980  
[  5]  42.00-43.00  sec  51.0 MBytes   427 Mbits/sec  45360  
[  5]  43.00-44.00  sec  50.9 MBytes   427 Mbits/sec  45320  
[  5]  44.00-45.00  sec  50.3 MBytes   422 Mbits/sec  44770  
[  5]  45.00-46.00  sec  51.5 MBytes   432 Mbits/sec  45800  
[  5]  46.00-47.00  sec  51.4 MBytes   431 Mbits/sec  45750  
[  5]  47.00-48.00  sec  50.5 MBytes   423 Mbits/sec  44940  
[  5]  48.00-49.00  sec  50.5 MBytes   424 Mbits/sec  44950  
[  5]  49.00-50.00  sec  52.4 MBytes   439 Mbits/sec  46620  
[  5]  50.00-51.00  sec  53.7 MBytes   450 Mbits/sec  47780  
[  5]  51.00-52.00  sec  52.7 MBytes   442 Mbits/sec  46920  
[  5]  52.00-53.00  sec  51.4 MBytes   431 Mbits/sec  45710  
[  5]  53.00-54.00  sec  53.6 MBytes   450 Mbits/sec  47710  
[  5]  54.00-55.00  sec  52.7 MBytes   442 Mbits/sec  46920  
[  5]  55.00-56.00  sec  49.7 MBytes   417 Mbits/sec  44260  
[  5]  56.00-57.00  sec  50.0 MBytes   420 Mbits/sec  44530  
[  5]  57.00-58.00  sec  51.8 MBytes   434 Mbits/sec  46110  
[  5]  58.00-59.00  sec  52.5 MBytes   441 Mbits/sec  46750  
[  5]  59.00-60.00  sec  51.2 MBytes   429 Mbits/sec  45560  
- - - - - - - - - - - - - - - - - - - - - - - - -
[ ID] Interval           Transfer     Bitrate         Jitter    Lost/Total Datagrams
[  5]   0.00-60.00  sec  3.02 GBytes   432 Mbits/sec  0.000 ms  0/2749150 (0%)  sender
[  5]   0.00-60.21  sec  1.88 GBytes   268 Mbits/sec  0.012 ms  1059269/2749150 (39%)  receiver

iperf Done.
