Connecting to host knb-server-588070, port 5201
[  5] local 10.136.173.122 port 44128 connected to 10.43.132.61 port 5201
[ ID] Interval           Transfer     Bitrate         Retr  Cwnd
[  5]   0.00-1.00   sec  5.09 MBytes  42.7 Mbits/sec  255   1.15 KBytes       (omitted)
[  5]   0.00-1.00   sec  6.88 MBytes  57.7 Mbits/sec  306   1.15 KBytes       
[  5]   1.00-2.00   sec  4.39 MBytes  36.8 Mbits/sec  182   2.30 KBytes       
[  5]   2.00-3.00   sec  1.24 MBytes  10.4 Mbits/sec   60   1.15 KBytes       
[  5]   3.00-4.00   sec  1.30 MBytes  10.9 Mbits/sec   65   2.30 KBytes       
[  5]   4.00-5.00   sec  2.41 MBytes  20.2 Mbits/sec  128   1.15 KBytes       
[  5]   5.00-6.00   sec  11.0 MBytes  92.4 Mbits/sec  495   1.15 KBytes       
[  5]   6.00-7.00   sec  2.91 MBytes  24.4 Mbits/sec  131   2.30 KBytes       
[  5]   7.00-8.00   sec  7.89 MBytes  66.2 Mbits/sec  336   11.5 KBytes       
[  5]   8.00-9.00   sec  9.73 MBytes  81.6 Mbits/sec  428   4.60 KBytes       
[  5]   9.00-10.00  sec  7.17 MBytes  60.1 Mbits/sec  347   2.30 KBytes       
[  5]  10.00-11.00  sec  5.75 MBytes  48.2 Mbits/sec  256   2.30 KBytes       
[  5]  11.00-12.00  sec  6.62 MBytes  55.5 Mbits/sec  292   2.30 KBytes       
[  5]  12.00-13.00  sec  5.14 MBytes  43.1 Mbits/sec  255   2.30 KBytes       
[  5]  13.00-14.00  sec   890 KBytes  7.29 Mbits/sec   43   4.60 KBytes       
[  5]  14.00-15.00  sec  3.03 MBytes  25.4 Mbits/sec  142   1.15 KBytes       
[  5]  15.00-16.00  sec  1.42 MBytes  11.9 Mbits/sec   80   1.15 KBytes       
[  5]  16.00-17.00  sec   823 KBytes  6.74 Mbits/sec   41   1.15 KBytes       
[  5]  17.00-18.00  sec  4.64 MBytes  38.9 Mbits/sec  197   10.4 KBytes       
[  5]  18.00-19.00  sec  3.07 MBytes  25.8 Mbits/sec  127   1.15 KBytes       
[  5]  19.00-20.00  sec  3.11 MBytes  26.1 Mbits/sec  159   1.15 KBytes       
[  5]  20.00-21.00  sec  5.47 MBytes  45.9 Mbits/sec  287   1.15 KBytes       
[  5]  21.00-22.00  sec  3.78 MBytes  31.7 Mbits/sec  168   1.15 KBytes       
[  5]  22.00-23.00  sec  7.14 MBytes  59.9 Mbits/sec  316   1.15 KBytes       
[  5]  23.00-24.00  sec  9.28 MBytes  77.8 Mbits/sec  443   2.30 KBytes       
[  5]  24.00-25.00  sec  4.53 MBytes  38.0 Mbits/sec  221   1.15 KBytes       
[  5]  25.00-26.00  sec  2.29 MBytes  19.2 Mbits/sec  121   2.30 KBytes       
[  5]  26.00-27.00  sec  4.62 MBytes  38.7 Mbits/sec  209   2.30 KBytes       
[  5]  27.00-28.00  sec  3.96 MBytes  33.3 Mbits/sec  189   13.8 KBytes       
[  5]  28.00-29.00  sec  5.22 MBytes  43.8 Mbits/sec  227   1.15 KBytes       
[  5]  29.00-30.00  sec  2.16 MBytes  18.1 Mbits/sec  111   1.15 KBytes       
[  5]  30.00-31.00  sec  1.85 MBytes  15.6 Mbits/sec   83   3.45 KBytes       
[  5]  31.00-32.00  sec  2.67 MBytes  22.4 Mbits/sec  122   2.30 KBytes       
[  5]  32.00-33.00  sec  9.31 MBytes  78.1 Mbits/sec  426   10.4 KBytes       
[  5]  33.00-34.00  sec  1.17 MBytes  9.85 Mbits/sec   44   2.30 KBytes       
[  5]  34.00-35.00  sec  3.58 MBytes  30.1 Mbits/sec  181   4.60 KBytes       
[  5]  35.00-36.00  sec  4.53 MBytes  38.0 Mbits/sec  194   8.05 KBytes       
[  5]  36.00-37.00  sec  4.84 MBytes  40.6 Mbits/sec  212   1.15 KBytes       
[  5]  37.00-38.00  sec  1.98 MBytes  16.6 Mbits/sec  100   5.75 KBytes       
[  5]  38.00-39.00  sec  1.98 MBytes  16.6 Mbits/sec  109   6.90 KBytes       
[  5]  39.00-40.00  sec  2.04 MBytes  17.1 Mbits/sec  105   1.15 KBytes       
[  5]  40.00-41.00  sec  3.46 MBytes  29.0 Mbits/sec  124   6.90 KBytes       
[  5]  41.00-42.00  sec  3.15 MBytes  26.4 Mbits/sec  163   8.05 KBytes       
[  5]  42.00-43.00  sec  2.73 MBytes  22.9 Mbits/sec  124   9.20 KBytes       
[  5]  43.00-44.00  sec  4.77 MBytes  40.0 Mbits/sec  234   2.30 KBytes       
[  5]  44.00-45.00  sec  3.17 MBytes  26.6 Mbits/sec  161   4.60 KBytes       
[  5]  45.00-46.00  sec  7.02 MBytes  58.9 Mbits/sec  313   5.75 KBytes       
[  5]  46.00-47.00  sec  9.24 MBytes  77.5 Mbits/sec  424   2.30 KBytes       
[  5]  47.00-48.00  sec  6.27 MBytes  52.6 Mbits/sec  288   6.90 KBytes       
[  5]  48.00-49.00  sec  6.01 MBytes  50.5 Mbits/sec  287   4.60 KBytes       
[  5]  49.00-50.00  sec  4.66 MBytes  39.1 Mbits/sec  227   4.60 KBytes       
[  5]  50.00-51.00  sec  4.34 MBytes  36.4 Mbits/sec  197   1.15 KBytes       
[  5]  51.00-52.00  sec  1.69 MBytes  14.2 Mbits/sec   82   1.15 KBytes       
[  5]  52.00-53.00  sec  5.71 MBytes  47.9 Mbits/sec  265   2.30 KBytes       
[  5]  53.00-54.00  sec   886 KBytes  7.26 Mbits/sec   43   2.30 KBytes       
[  5]  54.00-55.00  sec  6.71 MBytes  56.3 Mbits/sec  346   3.45 KBytes       
[  5]  55.00-56.00  sec  4.20 MBytes  35.2 Mbits/sec  222   2.30 KBytes       
[  5]  56.00-57.00  sec   886 KBytes  7.26 Mbits/sec   47   2.30 KBytes       
[  5]  57.00-58.00  sec  2.99 MBytes  25.1 Mbits/sec  158   2.30 KBytes       
[  5]  58.00-59.00  sec  2.29 MBytes  19.2 Mbits/sec  109   1.15 KBytes       
[  5]  59.00-60.00  sec  5.84 MBytes  49.0 Mbits/sec  260   3.45 KBytes       
- - - - - - - - - - - - - - - - - - - - - - - - -
[ ID] Interval           Transfer     Bitrate         Retr
[  5]   0.00-60.00  sec   258 MBytes  36.0 Mbits/sec  12012             sender
[  5]   0.00-60.04  sec   258 MBytes  36.0 Mbits/sec                  receiver

iperf Done.
