Connecting to host 10.136.80.130, port 5201
[  5] local 10.136.173.121 port 47339 connected to 10.136.80.130 port 5201
[ ID] Interval           Transfer     Bitrate         Total Datagrams
[  5]   0.00-1.00   sec  71.7 MBytes   601 Mbits/sec  63810  (omitted)
[  5]   0.00-1.00   sec  66.1 MBytes   554 Mbits/sec  58830  
[  5]   1.00-2.00   sec  77.3 MBytes   649 Mbits/sec  68840  
[  5]   2.00-3.00   sec  79.1 MBytes   663 Mbits/sec  70390  
[  5]   3.00-4.00   sec  79.0 MBytes   663 Mbits/sec  70350  
[  5]   4.00-5.00   sec  78.1 MBytes   656 Mbits/sec  69560  
[  5]   5.00-6.00   sec  78.8 MBytes   661 Mbits/sec  70170  
[  5]   6.00-7.00   sec  79.3 MBytes   665 Mbits/sec  70600  
[  5]   7.00-8.00   sec  78.6 MBytes   659 Mbits/sec  69930  
[  5]   8.00-9.00   sec  78.3 MBytes   657 Mbits/sec  69690  
[  5]   9.00-10.00  sec  79.3 MBytes   665 Mbits/sec  70560  
[  5]  10.00-11.00  sec  68.6 MBytes   575 Mbits/sec  61020  
[  5]  11.00-12.00  sec  66.1 MBytes   555 Mbits/sec  58870  
[  5]  12.00-13.00  sec  65.5 MBytes   549 Mbits/sec  58260  
[  5]  13.00-14.00  sec  62.4 MBytes   523 Mbits/sec  55520  
[  5]  14.00-15.00  sec  72.0 MBytes   604 Mbits/sec  64120  
[  5]  15.00-16.00  sec  78.6 MBytes   660 Mbits/sec  69980  
[  5]  16.00-17.00  sec  78.6 MBytes   659 Mbits/sec  69980  
[  5]  17.00-18.00  sec  79.0 MBytes   663 Mbits/sec  70300  
[  5]  18.00-19.00  sec  79.3 MBytes   666 Mbits/sec  70620  
[  5]  19.00-20.00  sec  79.4 MBytes   666 Mbits/sec  70670  
[  5]  20.00-21.00  sec  79.9 MBytes   670 Mbits/sec  71130  
[  5]  21.00-22.00  sec  78.9 MBytes   662 Mbits/sec  70270  
[  5]  22.00-23.00  sec  78.0 MBytes   654 Mbits/sec  69420  
[  5]  23.00-24.00  sec  78.2 MBytes   656 Mbits/sec  69570  
[  5]  24.00-25.00  sec  79.3 MBytes   665 Mbits/sec  70560  
[  5]  25.00-26.00  sec  78.7 MBytes   660 Mbits/sec  70080  
[  5]  26.00-27.00  sec  79.5 MBytes   667 Mbits/sec  70740  
[  5]  27.00-28.00  sec  79.2 MBytes   664 Mbits/sec  70480  
[  5]  28.00-29.00  sec  78.3 MBytes   657 Mbits/sec  69730  
[  5]  29.00-30.00  sec  78.7 MBytes   660 Mbits/sec  70080  
[  5]  30.00-31.00  sec  78.4 MBytes   658 Mbits/sec  69830  
[  5]  31.00-32.00  sec  78.9 MBytes   661 Mbits/sec  70190  
[  5]  32.00-33.00  sec  79.2 MBytes   664 Mbits/sec  70480  
[  5]  33.00-34.00  sec  78.8 MBytes   661 Mbits/sec  70180  
[  5]  34.00-35.00  sec  78.1 MBytes   656 Mbits/sec  69560  
[  5]  35.00-36.00  sec  78.7 MBytes   660 Mbits/sec  70060  
[  5]  36.00-37.00  sec  78.2 MBytes   656 Mbits/sec  69600  
[  5]  37.00-38.00  sec  77.6 MBytes   651 Mbits/sec  69030  
[  5]  38.00-39.00  sec  77.9 MBytes   654 Mbits/sec  69380  
[  5]  39.00-40.00  sec  78.2 MBytes   656 Mbits/sec  69570  
[  5]  40.00-41.00  sec  77.9 MBytes   653 Mbits/sec  69320  
[  5]  41.00-42.00  sec  78.2 MBytes   656 Mbits/sec  69650  
[  5]  42.00-43.00  sec  78.7 MBytes   660 Mbits/sec  70020  
[  5]  43.00-44.00  sec  79.0 MBytes   663 Mbits/sec  70350  
[  5]  44.00-45.00  sec  78.1 MBytes   655 Mbits/sec  69530  
[  5]  45.00-46.00  sec  78.5 MBytes   659 Mbits/sec  69910  
[  5]  46.00-47.00  sec  78.6 MBytes   659 Mbits/sec  69950  
[  5]  47.00-48.00  sec  75.2 MBytes   631 Mbits/sec  66930  
[  5]  48.00-49.00  sec  75.6 MBytes   634 Mbits/sec  67300  
[  5]  49.00-50.00  sec  79.4 MBytes   666 Mbits/sec  70710  
[  5]  50.00-51.00  sec  79.3 MBytes   666 Mbits/sec  70630  
[  5]  51.00-52.00  sec  79.7 MBytes   668 Mbits/sec  70900  
[  5]  52.00-53.00  sec  78.6 MBytes   659 Mbits/sec  69950  
[  5]  53.00-54.00  sec  79.3 MBytes   665 Mbits/sec  70570  
[  5]  54.00-55.00  sec  77.2 MBytes   647 Mbits/sec  68690  
[  5]  55.00-56.00  sec  69.3 MBytes   581 Mbits/sec  61700  
[  5]  56.00-57.00  sec  64.7 MBytes   543 Mbits/sec  57570  
[  5]  57.00-58.00  sec  69.6 MBytes   584 Mbits/sec  61970  
[  5]  58.00-59.00  sec  79.6 MBytes   668 Mbits/sec  70870  
[  5]  59.00-60.00  sec  78.9 MBytes   662 Mbits/sec  70200  
- - - - - - - - - - - - - - - - - - - - - - - - -
[ ID] Interval           Transfer     Bitrate         Jitter    Lost/Total Datagrams
[  5]   0.00-60.00  sec  4.50 GBytes   645 Mbits/sec  0.000 ms  0/4104920 (0%)  sender
[  5]   0.00-60.04  sec  4.28 GBytes   612 Mbits/sec  0.014 ms  211732/4104919 (5.2%)  receiver

iperf Done.
