Connecting to host 10.136.80.130, port 5201
[  5] local 10.136.173.120 port 46656 connected to 10.136.80.130 port 5201
[ ID] Interval           Transfer     Bitrate         Retr  Cwnd
[  5]   0.00-1.00   sec  5.94 MBytes  49.8 Mbits/sec  271   1.15 KBytes       (omitted)
[  5]   0.00-1.00   sec  6.09 MBytes  51.1 Mbits/sec  265   10.4 KBytes       
[  5]   1.00-2.00   sec  1.97 MBytes  16.5 Mbits/sec   91   10.4 KBytes       
[  5]   2.00-3.00   sec  3.97 MBytes  33.3 Mbits/sec  184   1.15 KBytes       
[  5]   3.00-4.00   sec  1.52 MBytes  12.8 Mbits/sec   66   1.15 KBytes       
[  5]   4.00-5.00   sec  7.90 MBytes  66.3 Mbits/sec  363   1.15 KBytes       
[  5]   5.00-6.00   sec  6.78 MBytes  56.9 Mbits/sec  277   9.20 KBytes       
[  5]   6.00-7.00   sec  4.51 MBytes  37.8 Mbits/sec  205   1.15 KBytes       
[  5]   7.00-8.00   sec  2.41 MBytes  20.2 Mbits/sec  108   2.30 KBytes       
[  5]   8.00-9.00   sec  1.30 MBytes  10.9 Mbits/sec   51   3.45 KBytes       
[  5]   9.00-10.00  sec  2.66 MBytes  22.3 Mbits/sec  111   1.15 KBytes       
[  5]  10.00-11.00  sec   759 KBytes  6.22 Mbits/sec   35   1.15 KBytes       
[  5]  11.00-12.00  sec  2.90 MBytes  24.4 Mbits/sec  136   4.60 KBytes       
[  5]  12.00-13.00  sec  10.8 MBytes  90.9 Mbits/sec  504   6.90 KBytes       
[  5]  13.00-14.00  sec  6.57 MBytes  55.1 Mbits/sec  297   2.30 KBytes       
[  5]  14.00-15.00  sec  6.37 MBytes  53.4 Mbits/sec  277   9.20 KBytes       
[  5]  15.00-16.00  sec  7.74 MBytes  64.9 Mbits/sec  335   1.15 KBytes       
[  5]  16.00-17.00  sec  1.37 MBytes  11.5 Mbits/sec   80   2.30 KBytes       
[  5]  17.00-18.00  sec  5.50 MBytes  46.1 Mbits/sec  246   2.30 KBytes       
[  5]  18.00-19.00  sec  2.67 MBytes  22.4 Mbits/sec  129   2.30 KBytes       
[  5]  19.00-20.00  sec  4.37 MBytes  36.6 Mbits/sec  186   2.30 KBytes       
[  5]  20.00-21.00  sec  2.53 MBytes  21.2 Mbits/sec  120   1.15 KBytes       
[  5]  21.00-22.00  sec  1.48 MBytes  12.4 Mbits/sec   75   8.05 KBytes       
[  5]  22.00-23.00  sec  1.79 MBytes  15.0 Mbits/sec   70   2.30 KBytes       
[  5]  23.00-24.00  sec  7.77 MBytes  65.2 Mbits/sec  373   1.15 KBytes       
[  5]  24.00-25.00  sec  1.73 MBytes  14.5 Mbits/sec   79   2.30 KBytes       
[  5]  25.00-26.00  sec  2.97 MBytes  24.9 Mbits/sec  158   1.15 KBytes       
[  5]  26.00-27.00  sec  5.31 MBytes  44.6 Mbits/sec  272   6.90 KBytes       
[  5]  27.00-28.00  sec  7.54 MBytes  63.3 Mbits/sec  333   2.30 KBytes       
[  5]  28.00-29.00  sec  10.1 MBytes  85.0 Mbits/sec  471   9.20 KBytes       
[  5]  29.00-30.00  sec  3.65 MBytes  30.6 Mbits/sec  156   4.60 KBytes       
[  5]  30.00-31.00  sec  7.25 MBytes  60.8 Mbits/sec  328   2.30 KBytes       
[  5]  31.00-32.00  sec  5.63 MBytes  47.2 Mbits/sec  269   4.60 KBytes       
[  5]  32.00-33.00  sec  12.3 MBytes   103 Mbits/sec  576   1.15 KBytes       
[  5]  33.00-34.00  sec  1.67 MBytes  14.0 Mbits/sec   78   1.15 KBytes       
[  5]  34.00-35.00  sec  1.79 MBytes  15.0 Mbits/sec   94   1.15 KBytes       
[  5]  35.00-36.00  sec  3.71 MBytes  31.1 Mbits/sec  189   2.30 KBytes       
[  5]  36.00-37.00  sec  1.36 MBytes  11.4 Mbits/sec   57   2.30 KBytes       
[  5]  37.00-38.00  sec  3.15 MBytes  26.4 Mbits/sec  145   1.15 KBytes       
[  5]  38.00-39.00  sec  2.35 MBytes  19.7 Mbits/sec  110   8.05 KBytes       
[  5]  39.00-40.00  sec  1.73 MBytes  14.5 Mbits/sec   81   1.15 KBytes       
[  5]  40.00-41.00  sec  3.34 MBytes  28.1 Mbits/sec  177   2.30 KBytes       
[  5]  41.00-42.00  sec  4.02 MBytes  33.7 Mbits/sec  199   1.15 KBytes       
[  5]  42.00-43.00  sec  3.65 MBytes  30.6 Mbits/sec  179   2.30 KBytes       
[  5]  43.00-44.00  sec  3.34 MBytes  28.0 Mbits/sec  151   1.15 KBytes       
[  5]  44.00-45.00  sec  2.97 MBytes  24.9 Mbits/sec  150   1.15 KBytes       
[  5]  45.00-46.00  sec  7.05 MBytes  59.1 Mbits/sec  307   2.30 KBytes       
[  5]  46.00-47.00  sec  2.72 MBytes  22.8 Mbits/sec  130   1.15 KBytes       
[  5]  47.00-48.00  sec  8.61 MBytes  72.2 Mbits/sec  406   2.30 KBytes       
[  5]  48.00-49.00  sec  2.78 MBytes  23.3 Mbits/sec  134   1.15 KBytes       
[  5]  49.00-50.00  sec  2.22 MBytes  18.7 Mbits/sec  119   2.30 KBytes       
[  5]  50.00-51.00  sec  1.73 MBytes  14.5 Mbits/sec   88   1.15 KBytes       
[  5]  51.00-52.00  sec  3.83 MBytes  32.1 Mbits/sec  168   2.30 KBytes       
[  5]  52.00-53.00  sec  1.05 MBytes  8.81 Mbits/sec   67   2.30 KBytes       
[  5]  53.00-54.00  sec  2.90 MBytes  24.4 Mbits/sec  152   2.30 KBytes       
[  5]  54.00-55.00  sec  5.53 MBytes  46.4 Mbits/sec  272   2.30 KBytes       
[  5]  55.00-56.00  sec  2.90 MBytes  24.4 Mbits/sec  116   2.30 KBytes       
[  5]  56.00-57.00  sec  7.12 MBytes  59.7 Mbits/sec  320   4.60 KBytes       
[  5]  57.00-58.00  sec  2.97 MBytes  24.9 Mbits/sec  130   2.30 KBytes       
[  5]  58.00-59.00  sec  1012 KBytes  8.29 Mbits/sec   53   1.15 KBytes       
[  5]  59.00-60.00  sec  8.12 MBytes  68.1 Mbits/sec  405   1.15 KBytes       
- - - - - - - - - - - - - - - - - - - - - - - - -
[ ID] Interval           Transfer     Bitrate         Retr
[  5]   0.00-60.00  sec   252 MBytes  35.2 Mbits/sec  11703             sender
[  5]   0.00-60.04  sec   252 MBytes  35.2 Mbits/sec                  receiver

iperf Done.
