Connecting to host 10.136.80.157, port 5201
[  5] local 10.136.173.92 port 58222 connected to 10.136.80.157 port 5201
[ ID] Interval           Transfer     Bitrate         Total Datagrams
[  5]   0.00-1.00   sec  51.8 MBytes   435 Mbits/sec  46110  (omitted)
[  5]   0.00-1.00   sec  55.6 MBytes   466 Mbits/sec  49450  
[  5]   1.00-2.00   sec  51.1 MBytes   428 Mbits/sec  45450  
[  5]   2.00-3.00   sec  55.3 MBytes   463 Mbits/sec  49180  
[  5]   3.00-4.00   sec  52.6 MBytes   441 Mbits/sec  46830  
[  5]   4.00-5.00   sec  51.1 MBytes   429 Mbits/sec  45490  
[  5]   5.00-6.00   sec  49.8 MBytes   418 Mbits/sec  44330  
[  5]   6.00-7.00   sec  54.1 MBytes   454 Mbits/sec  48130  
[  5]   7.00-8.00   sec  50.4 MBytes   422 Mbits/sec  44830  
[  5]   8.00-9.00   sec  56.0 MBytes   470 Mbits/sec  49880  
[  5]   9.00-10.00  sec  55.0 MBytes   461 Mbits/sec  48960  
[  5]  10.00-11.00  sec  53.7 MBytes   451 Mbits/sec  47840  
[  5]  11.00-12.00  sec  51.7 MBytes   434 Mbits/sec  46060  
[  5]  12.00-13.00  sec  52.1 MBytes   437 Mbits/sec  46420  
[  5]  13.00-14.00  sec  49.4 MBytes   414 Mbits/sec  43930  
[  5]  14.00-15.00  sec  60.3 MBytes   506 Mbits/sec  53710  
[  5]  15.00-16.00  sec  53.1 MBytes   446 Mbits/sec  47290  
[  5]  16.00-17.00  sec  44.0 MBytes   369 Mbits/sec  39150  
[  5]  17.00-18.00  sec  55.0 MBytes   462 Mbits/sec  48980  
[  5]  18.00-19.00  sec  54.4 MBytes   456 Mbits/sec  48410  
[  5]  19.00-20.00  sec  51.3 MBytes   430 Mbits/sec  45650  
[  5]  20.00-21.00  sec  56.1 MBytes   471 Mbits/sec  49920  
[  5]  21.00-22.00  sec  54.7 MBytes   458 Mbits/sec  48650  
[  5]  22.00-23.00  sec  57.9 MBytes   485 Mbits/sec  51500  
[  5]  23.00-24.00  sec  57.5 MBytes   482 Mbits/sec  51180  
[  5]  24.00-25.00  sec  54.2 MBytes   454 Mbits/sec  48220  
[  5]  25.00-26.00  sec  49.0 MBytes   411 Mbits/sec  43580  
[  5]  26.00-27.00  sec  55.4 MBytes   465 Mbits/sec  49300  
[  5]  27.00-28.00  sec  55.6 MBytes   466 Mbits/sec  49460  
[  5]  28.00-29.00  sec  56.9 MBytes   478 Mbits/sec  50680  
[  5]  29.00-30.00  sec  52.4 MBytes   439 Mbits/sec  46610  
[  5]  30.00-31.00  sec  54.5 MBytes   457 Mbits/sec  48530  
[  5]  31.00-32.00  sec  54.2 MBytes   455 Mbits/sec  48230  
[  5]  32.00-33.00  sec  50.2 MBytes   421 Mbits/sec  44720  
[  5]  33.00-34.00  sec  51.6 MBytes   433 Mbits/sec  45910  
[  5]  34.00-35.00  sec  53.2 MBytes   446 Mbits/sec  47370  
[  5]  35.00-36.00  sec  56.4 MBytes   473 Mbits/sec  50180  
[  5]  36.00-37.00  sec  53.9 MBytes   452 Mbits/sec  47940  
[  5]  37.00-38.00  sec  53.4 MBytes   448 Mbits/sec  47490  
[  5]  38.00-39.00  sec  53.5 MBytes   449 Mbits/sec  47620  
[  5]  39.00-40.00  sec  61.3 MBytes   514 Mbits/sec  54550  
[  5]  40.00-41.00  sec  59.4 MBytes   498 Mbits/sec  52870  
[  5]  41.00-42.00  sec  51.9 MBytes   435 Mbits/sec  46170  
[  5]  42.00-43.00  sec  51.3 MBytes   430 Mbits/sec  45640  
[  5]  43.00-44.00  sec  52.3 MBytes   439 Mbits/sec  46570  
[  5]  44.00-45.00  sec  52.9 MBytes   444 Mbits/sec  47090  
[  5]  45.00-46.00  sec  50.5 MBytes   423 Mbits/sec  44930  
[  5]  46.00-47.00  sec  56.4 MBytes   474 Mbits/sec  50240  
[  5]  47.00-48.00  sec  52.4 MBytes   439 Mbits/sec  46620  
[  5]  48.00-49.00  sec  56.5 MBytes   474 Mbits/sec  50250  
[  5]  49.00-50.00  sec  47.1 MBytes   395 Mbits/sec  41940  
[  5]  50.00-51.00  sec  56.8 MBytes   476 Mbits/sec  50550  
[  5]  51.00-52.00  sec  54.2 MBytes   454 Mbits/sec  48210  
[  5]  52.00-53.00  sec  50.4 MBytes   422 Mbits/sec  44820  
[  5]  53.00-54.00  sec  55.3 MBytes   464 Mbits/sec  49200  
[  5]  54.00-55.00  sec  57.5 MBytes   482 Mbits/sec  51190  
[  5]  55.00-56.00  sec  58.9 MBytes   494 Mbits/sec  52430  
[  5]  56.00-57.00  sec  51.4 MBytes   431 Mbits/sec  45760  
[  5]  57.00-58.00  sec  53.7 MBytes   450 Mbits/sec  47780  
[  5]  58.00-59.00  sec  54.0 MBytes   453 Mbits/sec  48110  
[  5]  59.00-60.00  sec  54.4 MBytes   456 Mbits/sec  48410  
- - - - - - - - - - - - - - - - - - - - - - - - -
[ ID] Interval           Transfer     Bitrate         Jitter    Lost/Total Datagrams
[  5]   0.00-60.00  sec  3.15 GBytes   451 Mbits/sec  0.000 ms  0/2870390 (0%)  sender
[  5]   0.00-60.29  sec  2.13 GBytes   303 Mbits/sec  0.473 ms  946779/2870390 (33%)  receiver

iperf Done.
