Connecting to host 10.136.80.179, port 5201
[  5] local 10.136.173.114 port 51163 connected to 10.136.80.179 port 5201
[ ID] Interval           Transfer     Bitrate         Total Datagrams
[  5]   0.00-1.00   sec  77.6 MBytes   651 Mbits/sec  69110  (omitted)
[  5]   0.00-1.00   sec  79.7 MBytes   668 Mbits/sec  70930  
[  5]   1.00-2.00   sec  79.7 MBytes   669 Mbits/sec  70940  
[  5]   2.00-3.00   sec  80.4 MBytes   675 Mbits/sec  71590  
[  5]   3.00-4.00   sec  79.4 MBytes   666 Mbits/sec  70640  
[  5]   4.00-5.00   sec  81.4 MBytes   683 Mbits/sec  72500  
[  5]   5.00-6.00   sec  79.2 MBytes   664 Mbits/sec  70490  
[  5]   6.00-7.00   sec  78.0 MBytes   654 Mbits/sec  69400  
[  5]   7.00-8.00   sec  79.3 MBytes   665 Mbits/sec  70560  
[  5]   8.00-9.00   sec  78.4 MBytes   657 Mbits/sec  69760  
[  5]   9.00-10.00  sec  77.3 MBytes   648 Mbits/sec  68790  
[  5]  10.00-11.00  sec  78.2 MBytes   656 Mbits/sec  69580  
[  5]  11.00-12.00  sec  79.3 MBytes   665 Mbits/sec  70560  
[  5]  12.00-13.00  sec  80.2 MBytes   672 Mbits/sec  71350  
[  5]  13.00-14.00  sec  78.3 MBytes   657 Mbits/sec  69720  
[  5]  14.00-15.00  sec  80.4 MBytes   674 Mbits/sec  71540  
[  5]  15.00-16.00  sec  79.8 MBytes   670 Mbits/sec  71070  
[  5]  16.00-17.00  sec  80.1 MBytes   672 Mbits/sec  71260  
[  5]  17.00-18.00  sec  78.9 MBytes   662 Mbits/sec  70240  
[  5]  18.00-19.00  sec  79.7 MBytes   668 Mbits/sec  70910  
[  5]  19.00-20.00  sec  78.2 MBytes   656 Mbits/sec  69580  
[  5]  20.00-21.00  sec  78.8 MBytes   661 Mbits/sec  70140  
[  5]  21.00-22.00  sec  79.0 MBytes   662 Mbits/sec  70280  
[  5]  22.00-23.00  sec  78.7 MBytes   660 Mbits/sec  70020  
[  5]  23.00-24.00  sec  76.8 MBytes   644 Mbits/sec  68390  
[  5]  24.00-25.00  sec  79.5 MBytes   667 Mbits/sec  70760  
[  5]  25.00-26.00  sec  79.3 MBytes   665 Mbits/sec  70590  
[  5]  26.00-27.00  sec  76.0 MBytes   638 Mbits/sec  67680  
[  5]  27.00-28.00  sec  78.2 MBytes   656 Mbits/sec  69590  
[  5]  28.00-29.00  sec  79.1 MBytes   664 Mbits/sec  70440  
[  5]  29.00-30.00  sec  78.0 MBytes   654 Mbits/sec  69440  
[  5]  30.00-31.00  sec  79.0 MBytes   663 Mbits/sec  70320  
[  5]  31.00-32.00  sec  79.9 MBytes   670 Mbits/sec  71130  
[  5]  32.00-33.00  sec  79.6 MBytes   668 Mbits/sec  70870  
[  5]  33.00-34.00  sec  78.5 MBytes   659 Mbits/sec  69900  
[  5]  34.00-35.00  sec  78.1 MBytes   656 Mbits/sec  69560  
[  5]  35.00-36.00  sec  78.4 MBytes   658 Mbits/sec  69820  
[  5]  36.00-37.00  sec  78.6 MBytes   659 Mbits/sec  69920  
[  5]  37.00-38.00  sec  78.3 MBytes   657 Mbits/sec  69700  
[  5]  38.00-39.00  sec  78.4 MBytes   657 Mbits/sec  69760  
[  5]  39.00-40.00  sec  77.2 MBytes   648 Mbits/sec  68750  
[  5]  40.00-41.00  sec  79.3 MBytes   666 Mbits/sec  70630  
[  5]  41.00-42.00  sec  79.4 MBytes   666 Mbits/sec  70640  
[  5]  42.00-43.00  sec  79.7 MBytes   668 Mbits/sec  70920  
[  5]  43.00-44.00  sec  78.8 MBytes   661 Mbits/sec  70140  
[  5]  44.00-45.00  sec  77.9 MBytes   653 Mbits/sec  69340  
[  5]  45.00-46.00  sec  78.5 MBytes   659 Mbits/sec  69910  
[  5]  46.00-47.00  sec  78.5 MBytes   659 Mbits/sec  69890  
[  5]  47.00-48.00  sec  78.2 MBytes   656 Mbits/sec  69640  
[  5]  48.00-49.00  sec  78.4 MBytes   658 Mbits/sec  69810  
[  5]  49.00-50.00  sec  77.5 MBytes   650 Mbits/sec  68980  
[  5]  50.00-51.00  sec  79.4 MBytes   666 Mbits/sec  70680  
[  5]  51.00-52.00  sec  80.0 MBytes   671 Mbits/sec  71200  
[  5]  52.00-53.00  sec  84.7 MBytes   710 Mbits/sec  75370  
[  5]  53.00-54.00  sec  78.9 MBytes   662 Mbits/sec  70200  
[  5]  54.00-55.00  sec  79.6 MBytes   668 Mbits/sec  70890  
[  5]  55.00-56.00  sec  80.3 MBytes   673 Mbits/sec  71470  
[  5]  56.00-57.00  sec  80.2 MBytes   673 Mbits/sec  71380  
[  5]  57.00-58.00  sec  81.5 MBytes   684 Mbits/sec  72530  
[  5]  58.00-59.00  sec  80.4 MBytes   675 Mbits/sec  71600  
[  5]  59.00-60.00  sec  78.1 MBytes   656 Mbits/sec  69560  
- - - - - - - - - - - - - - - - - - - - - - - - -
[ ID] Interval           Transfer     Bitrate         Jitter    Lost/Total Datagrams
[  5]   0.00-60.00  sec  4.63 GBytes   663 Mbits/sec  0.000 ms  0/4223250 (0%)  sender
[  5]   0.00-60.96  sec   261 MBytes  36.0 Mbits/sec  0.054 ms  4054407/4221035 (96%)  receiver

iperf Done.
