Connecting to host knb-server-252761, port 5201
[  5] local 10.136.173.85 port 40639 connected to 10.43.36.111 port 5201
[ ID] Interval           Transfer     Bitrate         Total Datagrams
[  5]   0.00-1.00   sec  79.7 MBytes   668 Mbits/sec  70940  (omitted)
[  5]   0.00-1.00   sec  80.6 MBytes   676 Mbits/sec  71710  
[  5]   1.00-2.00   sec  80.7 MBytes   677 Mbits/sec  71810  
[  5]   2.00-3.00   sec  80.7 MBytes   677 Mbits/sec  71790  
[  5]   3.00-4.00   sec  80.7 MBytes   677 Mbits/sec  71790  
[  5]   4.00-5.00   sec  80.0 MBytes   671 Mbits/sec  71200  
[  5]   5.00-6.00   sec  80.0 MBytes   671 Mbits/sec  71240  
[  5]   6.00-7.00   sec  80.0 MBytes   671 Mbits/sec  71230  
[  5]   7.00-8.00   sec  80.6 MBytes   676 Mbits/sec  71760  
[  5]   8.00-9.00   sec  80.1 MBytes   672 Mbits/sec  71290  
[  5]   9.00-10.00  sec  80.9 MBytes   679 Mbits/sec  72000  
[  5]  10.00-11.00  sec  80.6 MBytes   676 Mbits/sec  71780  
[  5]  11.00-12.00  sec  80.5 MBytes   675 Mbits/sec  71660  
[  5]  12.00-13.00  sec  80.4 MBytes   674 Mbits/sec  71550  
[  5]  13.00-14.00  sec  80.4 MBytes   675 Mbits/sec  71610  
[  5]  14.00-15.00  sec  80.1 MBytes   672 Mbits/sec  71340  
[  5]  15.00-16.00  sec  80.4 MBytes   674 Mbits/sec  71550  
[  5]  16.00-17.00  sec  80.4 MBytes   674 Mbits/sec  71530  
[  5]  17.00-18.00  sec  80.0 MBytes   671 Mbits/sec  71190  
[  5]  18.00-19.00  sec  79.8 MBytes   670 Mbits/sec  71050  
[  5]  19.00-20.00  sec  80.3 MBytes   674 Mbits/sec  71490  
[  5]  20.00-21.00  sec  80.3 MBytes   674 Mbits/sec  71490  
[  5]  21.00-22.00  sec  80.5 MBytes   675 Mbits/sec  71670  
[  5]  22.00-23.00  sec  80.6 MBytes   676 Mbits/sec  71770  
[  5]  23.00-24.00  sec  80.7 MBytes   677 Mbits/sec  71810  
[  5]  24.00-25.00  sec  80.0 MBytes   672 Mbits/sec  71250  
[  5]  25.00-26.00  sec  80.0 MBytes   671 Mbits/sec  71180  
[  5]  26.00-27.00  sec  81.3 MBytes   682 Mbits/sec  72410  
[  5]  27.00-28.00  sec  80.7 MBytes   677 Mbits/sec  71830  
[  5]  28.00-29.00  sec  79.5 MBytes   667 Mbits/sec  70770  
[  5]  29.00-30.00  sec  80.6 MBytes   676 Mbits/sec  71780  
[  5]  30.00-31.00  sec  80.1 MBytes   672 Mbits/sec  71330  
[  5]  31.00-32.00  sec  80.2 MBytes   673 Mbits/sec  71390  
[  5]  32.00-33.00  sec  80.4 MBytes   675 Mbits/sec  71570  
[  5]  33.00-34.00  sec  81.0 MBytes   679 Mbits/sec  72080  
[  5]  34.00-35.00  sec  80.8 MBytes   678 Mbits/sec  71930  
[  5]  35.00-36.00  sec  80.4 MBytes   674 Mbits/sec  71550  
[  5]  36.00-37.00  sec  80.6 MBytes   676 Mbits/sec  71780  
[  5]  37.00-38.00  sec  81.0 MBytes   679 Mbits/sec  72100  
[  5]  38.00-39.00  sec  79.8 MBytes   670 Mbits/sec  71050  
[  5]  39.00-40.00  sec  80.3 MBytes   674 Mbits/sec  71470  
[  5]  40.00-41.00  sec  81.2 MBytes   681 Mbits/sec  72310  
[  5]  41.00-42.00  sec  81.3 MBytes   682 Mbits/sec  72360  
[  5]  42.00-43.00  sec  81.1 MBytes   680 Mbits/sec  72160  
[  5]  43.00-44.00  sec  80.8 MBytes   678 Mbits/sec  71910  
[  5]  44.00-45.00  sec  79.6 MBytes   667 Mbits/sec  70820  
[  5]  45.00-46.00  sec  81.1 MBytes   680 Mbits/sec  72180  
[  5]  46.00-47.00  sec  80.2 MBytes   672 Mbits/sec  71350  
[  5]  47.00-48.00  sec  80.7 MBytes   677 Mbits/sec  71870  
[  5]  48.00-49.00  sec  80.3 MBytes   673 Mbits/sec  71440  
[  5]  49.00-50.00  sec  80.7 MBytes   677 Mbits/sec  71870  
[  5]  50.00-51.00  sec  80.4 MBytes   675 Mbits/sec  71610  
[  5]  51.00-52.00  sec  79.5 MBytes   667 Mbits/sec  70770  
[  5]  52.00-53.00  sec  79.8 MBytes   670 Mbits/sec  71070  
[  5]  53.00-54.00  sec  79.5 MBytes   667 Mbits/sec  70810  
[  5]  54.00-55.00  sec  79.0 MBytes   663 Mbits/sec  70350  
[  5]  55.00-56.00  sec  79.8 MBytes   669 Mbits/sec  71010  
[  5]  56.00-57.00  sec  79.8 MBytes   670 Mbits/sec  71060  
[  5]  57.00-58.00  sec  80.7 MBytes   677 Mbits/sec  71790  
[  5]  58.00-59.00  sec  79.4 MBytes   666 Mbits/sec  70660  
[  5]  59.00-60.00  sec  79.7 MBytes   669 Mbits/sec  70930  
- - - - - - - - - - - - - - - - - - - - - - - - -
[ ID] Interval           Transfer     Bitrate         Jitter    Lost/Total Datagrams
[  5]   0.00-60.00  sec  4.71 GBytes   674 Mbits/sec  0.000 ms  0/4291110 (0%)  sender
[  5]   0.00-60.04  sec  4.71 GBytes   674 Mbits/sec  0.014 ms  1975/4291109 (0.046%)  receiver

iperf Done.
