Connecting to host 10.136.80.160, port 5201
[  5] local 10.136.173.86 port 53111 connected to 10.136.80.160 port 5201
[ ID] Interval           Transfer     Bitrate         Total Datagrams
[  5]   0.00-1.00   sec  76.1 MBytes   639 Mbits/sec  67780  (omitted)
[  5]   0.00-1.00   sec  74.7 MBytes   627 Mbits/sec  66520  
[  5]   1.00-2.00   sec  74.5 MBytes   625 Mbits/sec  66320  
[  5]   2.00-3.00   sec  74.7 MBytes   627 Mbits/sec  66490  
[  5]   3.00-4.00   sec  74.3 MBytes   623 Mbits/sec  66160  
[  5]   4.00-5.00   sec  73.9 MBytes   620 Mbits/sec  65790  
[  5]   5.00-6.00   sec  74.6 MBytes   626 Mbits/sec  66390  
[  5]   6.00-7.00   sec  74.9 MBytes   628 Mbits/sec  66680  
[  5]   7.00-8.00   sec  69.4 MBytes   582 Mbits/sec  61740  
[  5]   8.00-9.00   sec  70.1 MBytes   588 Mbits/sec  62410  
[  5]   9.00-10.00  sec  66.7 MBytes   560 Mbits/sec  59410  
[  5]  10.00-11.00  sec  68.9 MBytes   578 Mbits/sec  61330  
[  5]  11.00-12.00  sec  74.2 MBytes   622 Mbits/sec  66010  
[  5]  12.00-13.00  sec  75.7 MBytes   635 Mbits/sec  67410  
[  5]  13.00-14.00  sec  70.9 MBytes   595 Mbits/sec  63130  
[  5]  14.00-15.00  sec  74.0 MBytes   621 Mbits/sec  65900  
[  5]  15.00-16.00  sec  74.5 MBytes   625 Mbits/sec  66330  
[  5]  16.00-17.00  sec  74.2 MBytes   623 Mbits/sec  66060  
[  5]  17.00-18.00  sec  72.2 MBytes   606 Mbits/sec  64290  
[  5]  18.00-19.00  sec  76.9 MBytes   645 Mbits/sec  68450  
[  5]  19.00-20.00  sec  75.0 MBytes   629 Mbits/sec  66770  
[  5]  20.00-21.00  sec  74.9 MBytes   628 Mbits/sec  66660  
[  5]  21.00-22.00  sec  73.5 MBytes   616 Mbits/sec  65400  
[  5]  22.00-23.00  sec  60.4 MBytes   507 Mbits/sec  53750  
[  5]  23.00-24.00  sec  74.8 MBytes   628 Mbits/sec  66620  
[  5]  24.00-25.00  sec  75.7 MBytes   635 Mbits/sec  67410  
[  5]  25.00-26.00  sec  75.8 MBytes   635 Mbits/sec  67430  
[  5]  26.00-27.00  sec  76.0 MBytes   638 Mbits/sec  67650  
[  5]  27.00-28.00  sec  72.8 MBytes   611 Mbits/sec  64790  
[  5]  28.00-29.00  sec  74.0 MBytes   620 Mbits/sec  65840  
[  5]  29.00-30.00  sec  74.4 MBytes   625 Mbits/sec  66270  
[  5]  30.00-31.00  sec  74.9 MBytes   628 Mbits/sec  66670  
[  5]  31.00-32.00  sec  74.2 MBytes   623 Mbits/sec  66070  
[  5]  32.00-33.00  sec  74.9 MBytes   628 Mbits/sec  66630  
[  5]  33.00-34.00  sec  74.6 MBytes   626 Mbits/sec  66370  
[  5]  34.00-35.00  sec  74.0 MBytes   621 Mbits/sec  65900  
[  5]  35.00-36.00  sec  74.0 MBytes   621 Mbits/sec  65910  
[  5]  36.00-37.00  sec  73.9 MBytes   620 Mbits/sec  65800  
[  5]  37.00-38.00  sec  73.4 MBytes   615 Mbits/sec  65300  
[  5]  38.00-39.00  sec  69.5 MBytes   583 Mbits/sec  61820  
[  5]  39.00-40.00  sec  74.3 MBytes   623 Mbits/sec  66140  
[  5]  40.00-41.00  sec  74.1 MBytes   622 Mbits/sec  66000  
[  5]  41.00-42.00  sec  73.9 MBytes   620 Mbits/sec  65820  
[  5]  42.00-43.00  sec  68.2 MBytes   572 Mbits/sec  60690  
[  5]  43.00-44.00  sec  74.7 MBytes   627 Mbits/sec  66520  
[  5]  44.00-45.00  sec  75.4 MBytes   633 Mbits/sec  67160  
[  5]  45.00-46.00  sec  75.0 MBytes   629 Mbits/sec  66770  
[  5]  46.00-47.00  sec  65.0 MBytes   545 Mbits/sec  57870  
[  5]  47.00-48.00  sec  72.2 MBytes   605 Mbits/sec  64240  
[  5]  48.00-49.00  sec  68.5 MBytes   575 Mbits/sec  60960  
[  5]  49.00-50.00  sec  74.7 MBytes   627 Mbits/sec  66490  
[  5]  50.00-51.00  sec  75.1 MBytes   630 Mbits/sec  66890  
[  5]  51.00-52.00  sec  75.2 MBytes   631 Mbits/sec  66970  
[  5]  52.00-53.00  sec  74.6 MBytes   626 Mbits/sec  66440  
[  5]  53.00-54.00  sec  75.3 MBytes   632 Mbits/sec  67020  
[  5]  54.00-55.00  sec  74.1 MBytes   621 Mbits/sec  65930  
[  5]  55.00-56.00  sec  72.3 MBytes   607 Mbits/sec  64380  
[  5]  56.00-57.00  sec  71.4 MBytes   599 Mbits/sec  63530  
[  5]  57.00-58.00  sec  71.1 MBytes   596 Mbits/sec  63250  
[  5]  58.00-59.00  sec  71.6 MBytes   601 Mbits/sec  63750  
[  5]  59.00-60.00  sec  71.3 MBytes   599 Mbits/sec  63510  
- - - - - - - - - - - - - - - - - - - - - - - - -
[ ID] Interval           Transfer     Bitrate         Jitter    Lost/Total Datagrams
[  5]   0.00-60.00  sec  4.29 GBytes   614 Mbits/sec  0.000 ms  0/3906210 (0%)  sender
[  5]   0.00-60.70  sec   634 MBytes  87.6 Mbits/sec  0.235 ms  3402273/3904766 (87%)  receiver

iperf Done.
