Connecting to host 10.136.80.168, port 5201
[  5] local 10.136.173.96 port 54959 connected to 10.136.80.168 port 5201
[ ID] Interval           Transfer     Bitrate         Total Datagrams
[  5]   0.00-1.00   sec  93.1 MBytes   781 Mbits/sec  69830  (omitted)
[  5]   0.00-1.00   sec  93.2 MBytes   782 Mbits/sec  69920  
[  5]   1.00-2.00   sec  93.3 MBytes   783 Mbits/sec  69970  
[  5]   2.00-3.00   sec  94.1 MBytes   789 Mbits/sec  70580  
[  5]   3.00-4.00   sec  95.2 MBytes   799 Mbits/sec  71420  
[  5]   4.00-5.00   sec  92.4 MBytes   775 Mbits/sec  69280  
[  5]   5.00-6.00   sec  93.5 MBytes   785 Mbits/sec  70160  
[  5]   6.00-7.00   sec  93.5 MBytes   784 Mbits/sec  70140  
[  5]   7.00-8.00   sec  94.2 MBytes   790 Mbits/sec  70670  
[  5]   8.00-9.00   sec  94.1 MBytes   789 Mbits/sec  70560  
[  5]   9.00-10.00  sec  93.9 MBytes   788 Mbits/sec  70430  
[  5]  10.00-11.00  sec  93.4 MBytes   784 Mbits/sec  70070  
[  5]  11.00-12.00  sec  93.7 MBytes   786 Mbits/sec  70260  
[  5]  12.00-13.00  sec  93.8 MBytes   787 Mbits/sec  70330  
[  5]  13.00-14.00  sec  93.9 MBytes   788 Mbits/sec  70430  
[  5]  14.00-15.00  sec  93.5 MBytes   784 Mbits/sec  70100  
[  5]  15.00-16.00  sec  93.8 MBytes   787 Mbits/sec  70350  
[  5]  16.00-17.00  sec  92.9 MBytes   779 Mbits/sec  69660  
[  5]  17.00-18.00  sec  89.4 MBytes   750 Mbits/sec  67060  
[  5]  18.00-19.00  sec  90.8 MBytes   762 Mbits/sec  68120  
[  5]  19.00-20.00  sec  82.4 MBytes   691 Mbits/sec  61820  
[  5]  20.00-21.00  sec  79.5 MBytes   667 Mbits/sec  59650  
[  5]  21.00-22.00  sec  79.9 MBytes   670 Mbits/sec  59910  
[  5]  22.00-23.00  sec  77.6 MBytes   651 Mbits/sec  58190  
[  5]  23.00-24.00  sec  79.1 MBytes   664 Mbits/sec  59360  
[  5]  24.00-25.00  sec  77.9 MBytes   654 Mbits/sec  58460  
[  5]  25.00-26.00  sec  77.3 MBytes   648 Mbits/sec  57950  
[  5]  26.00-27.00  sec  79.1 MBytes   663 Mbits/sec  59310  
[  5]  27.00-28.00  sec  78.3 MBytes   657 Mbits/sec  58710  
[  5]  28.00-29.00  sec  79.5 MBytes   667 Mbits/sec  59660  
[  5]  29.00-30.00  sec  78.6 MBytes   660 Mbits/sec  58990  
[  5]  30.00-31.00  sec  78.7 MBytes   660 Mbits/sec  59050  
[  5]  31.00-32.00  sec  77.3 MBytes   648 Mbits/sec  57970  
[  5]  32.00-33.00  sec  76.6 MBytes   642 Mbits/sec  57440  
[  5]  33.00-34.00  sec  78.4 MBytes   658 Mbits/sec  58840  
[  5]  34.00-35.00  sec  78.5 MBytes   658 Mbits/sec  58860  
[  5]  35.00-36.00  sec  93.2 MBytes   782 Mbits/sec  69900  
[  5]  36.00-37.00  sec  93.5 MBytes   784 Mbits/sec  70100  
[  5]  37.00-38.00  sec  93.8 MBytes   787 Mbits/sec  70360  
[  5]  38.00-39.00  sec  93.6 MBytes   785 Mbits/sec  70220  
[  5]  39.00-40.00  sec  93.6 MBytes   785 Mbits/sec  70170  
[  5]  40.00-41.00  sec  93.2 MBytes   782 Mbits/sec  69920  
[  5]  41.00-42.00  sec  92.4 MBytes   775 Mbits/sec  69340  
[  5]  42.00-43.00  sec  93.7 MBytes   786 Mbits/sec  70290  
[  5]  43.00-44.00  sec  93.0 MBytes   780 Mbits/sec  69770  
[  5]  44.00-45.00  sec  94.0 MBytes   788 Mbits/sec  70500  
[  5]  45.00-46.00  sec  92.9 MBytes   779 Mbits/sec  69660  
[  5]  46.00-47.00  sec  93.6 MBytes   785 Mbits/sec  70170  
[  5]  47.00-48.00  sec  93.7 MBytes   786 Mbits/sec  70290  
[  5]  48.00-49.00  sec  93.7 MBytes   786 Mbits/sec  70270  
[  5]  49.00-50.00  sec  93.7 MBytes   786 Mbits/sec  70280  
[  5]  50.00-51.00  sec  93.3 MBytes   783 Mbits/sec  70000  
[  5]  51.00-52.00  sec  92.8 MBytes   779 Mbits/sec  69640  
[  5]  52.00-53.00  sec  93.5 MBytes   784 Mbits/sec  70120  
[  5]  53.00-54.00  sec  93.6 MBytes   785 Mbits/sec  70220  
[  5]  54.00-55.00  sec  92.6 MBytes   776 Mbits/sec  69420  
[  5]  55.00-56.00  sec  93.4 MBytes   784 Mbits/sec  70090  
[  5]  56.00-57.00  sec  93.8 MBytes   787 Mbits/sec  70350  
[  5]  57.00-58.00  sec  93.3 MBytes   783 Mbits/sec  69980  
[  5]  58.00-59.00  sec  93.2 MBytes   782 Mbits/sec  69940  
[  5]  59.00-60.00  sec  93.4 MBytes   784 Mbits/sec  70060  
- - - - - - - - - - - - - - - - - - - - - - - - -
[ ID] Interval           Transfer     Bitrate         Jitter    Lost/Total Datagrams
[  5]   0.00-60.00  sec  5.24 GBytes   750 Mbits/sec  0.000 ms  0/4024740 (0%)  sender
[  5]   0.00-60.05  sec  5.24 GBytes   750 Mbits/sec  0.014 ms  1555/4024740 (0.039%)  receiver

iperf Done.
