Connecting to host 10.136.80.128, port 5201
[  5] local 10.136.173.78 port 35632 connected to 10.136.80.128 port 5201
[ ID] Interval           Transfer     Bitrate         Total Datagrams
[  5]   0.00-1.00   sec  74.6 MBytes   626 Mbits/sec  66440  (omitted)
[  5]   0.00-1.00   sec  75.3 MBytes   631 Mbits/sec  67010  
[  5]   1.00-2.00   sec  76.4 MBytes   641 Mbits/sec  68020  
[  5]   2.00-3.00   sec  79.2 MBytes   664 Mbits/sec  70490  
[  5]   3.00-4.00   sec  58.0 MBytes   487 Mbits/sec  51640  
[  5]   4.00-5.00   sec  60.9 MBytes   511 Mbits/sec  54180  
[  5]   5.00-6.00   sec  77.0 MBytes   646 Mbits/sec  68500  
[  5]   6.00-7.00   sec  74.8 MBytes   628 Mbits/sec  66610  
[  5]   7.00-8.00   sec  77.5 MBytes   650 Mbits/sec  68950  
[  5]   8.00-9.00   sec  75.6 MBytes   634 Mbits/sec  67260  
[  5]   9.00-10.00  sec  55.6 MBytes   467 Mbits/sec  49530  
[  5]  10.00-11.00  sec  59.1 MBytes   496 Mbits/sec  52620  
[  5]  11.00-12.00  sec  52.1 MBytes   437 Mbits/sec  46400  
[  5]  12.00-13.00  sec  60.9 MBytes   511 Mbits/sec  54200  
[  5]  13.00-14.00  sec  75.9 MBytes   637 Mbits/sec  67560  
[  5]  14.00-15.00  sec  62.9 MBytes   528 Mbits/sec  55980  
[  5]  15.00-16.00  sec  63.8 MBytes   535 Mbits/sec  56780  
[  5]  16.00-17.00  sec  76.2 MBytes   639 Mbits/sec  67860  
[  5]  17.00-18.00  sec  78.5 MBytes   659 Mbits/sec  69900  
[  5]  18.00-19.00  sec  74.8 MBytes   627 Mbits/sec  66550  
[  5]  19.00-20.00  sec  78.1 MBytes   655 Mbits/sec  69500  
[  5]  20.00-21.00  sec  78.7 MBytes   660 Mbits/sec  70060  
[  5]  21.00-22.00  sec  65.6 MBytes   550 Mbits/sec  58350  
[  5]  22.00-23.00  sec  71.5 MBytes   600 Mbits/sec  63670  
[  5]  23.00-24.00  sec  78.2 MBytes   656 Mbits/sec  69630  
[  5]  24.00-25.00  sec  70.5 MBytes   591 Mbits/sec  62730  
[  5]  25.00-26.00  sec  76.6 MBytes   642 Mbits/sec  68170  
[  5]  26.00-27.00  sec  75.8 MBytes   636 Mbits/sec  67510  
[  5]  27.00-28.00  sec  76.5 MBytes   641 Mbits/sec  68060  
[  5]  28.00-29.00  sec  75.3 MBytes   632 Mbits/sec  67060  
[  5]  29.00-30.00  sec  78.7 MBytes   660 Mbits/sec  70070  
[  5]  30.00-31.00  sec  76.3 MBytes   640 Mbits/sec  67880  
[  5]  31.00-32.00  sec  71.8 MBytes   602 Mbits/sec  63900  
[  5]  32.00-33.00  sec  66.2 MBytes   555 Mbits/sec  58920  
[  5]  33.00-34.00  sec  78.0 MBytes   654 Mbits/sec  69440  
[  5]  34.00-35.00  sec  70.0 MBytes   587 Mbits/sec  62310  
[  5]  35.00-36.00  sec  55.1 MBytes   463 Mbits/sec  49080  
[  5]  36.00-37.00  sec  73.8 MBytes   619 Mbits/sec  65690  
[  5]  37.00-38.00  sec  75.6 MBytes   634 Mbits/sec  67270  
[  5]  38.00-39.00  sec  73.7 MBytes   618 Mbits/sec  65570  
[  5]  39.00-40.00  sec  75.7 MBytes   635 Mbits/sec  67370  
[  5]  40.00-41.00  sec  76.2 MBytes   639 Mbits/sec  67790  
[  5]  41.00-42.00  sec  76.9 MBytes   645 Mbits/sec  68440  
[  5]  42.00-43.00  sec  76.8 MBytes   644 Mbits/sec  68350  
[  5]  43.00-44.00  sec  77.9 MBytes   653 Mbits/sec  69320  
[  5]  44.00-45.00  sec  69.2 MBytes   580 Mbits/sec  61590  
[  5]  45.00-46.00  sec  60.9 MBytes   511 Mbits/sec  54210  
[  5]  46.00-47.00  sec  75.5 MBytes   634 Mbits/sec  67230  
[  5]  47.00-48.00  sec  76.5 MBytes   642 Mbits/sec  68080  
[  5]  48.00-49.00  sec  76.8 MBytes   644 Mbits/sec  68320  
[  5]  49.00-50.00  sec  63.7 MBytes   534 Mbits/sec  56660  
[  5]  50.00-51.00  sec  70.3 MBytes   590 Mbits/sec  62580  
[  5]  51.00-52.00  sec  67.2 MBytes   563 Mbits/sec  59780  
[  5]  52.00-53.00  sec  77.8 MBytes   653 Mbits/sec  69280  
[  5]  53.00-54.00  sec  78.0 MBytes   655 Mbits/sec  69460  
[  5]  54.00-55.00  sec  68.0 MBytes   571 Mbits/sec  60570  
[  5]  55.00-56.00  sec  76.3 MBytes   641 Mbits/sec  67960  
[  5]  56.00-57.00  sec  76.4 MBytes   641 Mbits/sec  68050  
[  5]  57.00-58.00  sec  77.5 MBytes   650 Mbits/sec  68960  
[  5]  58.00-59.00  sec  74.1 MBytes   621 Mbits/sec  65940  
[  5]  59.00-60.00  sec  72.3 MBytes   607 Mbits/sec  64350  
- - - - - - - - - - - - - - - - - - - - - - - - -
[ ID] Interval           Transfer     Bitrate         Jitter    Lost/Total Datagrams
[  5]   0.00-60.00  sec  4.22 GBytes   605 Mbits/sec  0.000 ms  0/3849200 (0%)  sender
[  5]   0.00-60.26  sec  1.47 GBytes   210 Mbits/sec  2.095 ms  2537805/3840568 (66%)  receiver

iperf Done.
