Connecting to host knb-server-36446, port 5201
[  5] local 10.136.173.72 port 33054 connected to 10.43.145.37 port 5201
[ ID] Interval           Transfer     Bitrate         Retr  Cwnd
[  5]   0.00-1.00   sec  26.8 MBytes   224 Mbits/sec    0   1.20 MBytes       (omitted)
[  5]   0.00-1.00   sec  25.0 MBytes   210 Mbits/sec    0   2.46 MBytes       
[  5]   1.00-2.00   sec  22.5 MBytes   189 Mbits/sec   69   1.81 MBytes       
[  5]   2.00-3.00   sec  33.8 MBytes   283 Mbits/sec  1300   1.02 MBytes       
[  5]   3.00-4.00   sec  33.8 MBytes   283 Mbits/sec  100    770 KBytes       
[  5]   4.00-5.00   sec  32.5 MBytes   273 Mbits/sec    0    828 KBytes       
[  5]   5.00-6.00   sec  35.0 MBytes   294 Mbits/sec    0    872 KBytes       
[  5]   6.00-7.00   sec  33.8 MBytes   283 Mbits/sec    0    901 KBytes       
[  5]   7.00-8.00   sec  31.2 MBytes   262 Mbits/sec    0    918 KBytes       
[  5]   8.00-9.00   sec  31.2 MBytes   262 Mbits/sec    0    926 KBytes       
[  5]   9.00-10.00  sec  33.8 MBytes   283 Mbits/sec    0    930 KBytes       
[  5]  10.00-11.00  sec  35.0 MBytes   294 Mbits/sec    0    931 KBytes       
[  5]  11.00-12.00  sec  30.0 MBytes   252 Mbits/sec    0    951 KBytes       
[  5]  12.00-13.00  sec  32.5 MBytes   273 Mbits/sec    0    972 KBytes       
[  5]  13.00-14.00  sec  33.8 MBytes   283 Mbits/sec    0    994 KBytes       
[  5]  14.00-15.00  sec  30.0 MBytes   252 Mbits/sec    0   1012 KBytes       
[  5]  15.00-16.00  sec  31.2 MBytes   262 Mbits/sec    0   1.01 MBytes       
[  5]  16.00-17.00  sec  35.0 MBytes   294 Mbits/sec    0   1.03 MBytes       
[  5]  17.00-18.00  sec  27.5 MBytes   231 Mbits/sec    0   1.06 MBytes       
[  5]  18.00-19.00  sec  35.0 MBytes   294 Mbits/sec    0   1.13 MBytes       
[  5]  19.00-20.00  sec  28.8 MBytes   241 Mbits/sec    0   1.23 MBytes       
[  5]  20.00-21.00  sec  25.0 MBytes   210 Mbits/sec    0   1.35 MBytes       
[  5]  21.00-22.00  sec  28.8 MBytes   241 Mbits/sec    0   1.50 MBytes       
[  5]  22.00-23.00  sec  28.8 MBytes   241 Mbits/sec    0   1.67 MBytes       
[  5]  23.00-24.00  sec  30.0 MBytes   252 Mbits/sec    0   1.88 MBytes       
[  5]  24.00-25.00  sec  30.0 MBytes   252 Mbits/sec    0   2.13 MBytes       
[  5]  25.00-26.00  sec  36.2 MBytes   304 Mbits/sec    0   2.41 MBytes       
[  5]  26.00-27.00  sec  33.8 MBytes   283 Mbits/sec    0   2.72 MBytes       
[  5]  27.00-28.00  sec  25.0 MBytes   210 Mbits/sec   76   2.09 MBytes       
[  5]  28.00-29.00  sec  25.0 MBytes   210 Mbits/sec    0   2.27 MBytes       
[  5]  29.00-30.00  sec  28.8 MBytes   241 Mbits/sec    0   2.43 MBytes       
[  5]  30.00-31.00  sec  31.2 MBytes   262 Mbits/sec    0   2.56 MBytes       
[  5]  31.00-32.00  sec  31.2 MBytes   262 Mbits/sec    0   2.66 MBytes       
[  5]  32.00-33.00  sec  30.0 MBytes   252 Mbits/sec  709    962 KBytes       
[  5]  33.00-34.00  sec  30.0 MBytes   252 Mbits/sec    0   1.01 MBytes       
[  5]  34.00-35.00  sec  32.5 MBytes   273 Mbits/sec   19    754 KBytes       
[  5]  35.00-36.00  sec  33.8 MBytes   283 Mbits/sec    0    812 KBytes       
[  5]  36.00-37.00  sec  30.0 MBytes   252 Mbits/sec    0    856 KBytes       
[  5]  37.00-38.00  sec  28.8 MBytes   241 Mbits/sec    0    885 KBytes       
[  5]  38.00-39.00  sec  31.2 MBytes   262 Mbits/sec    0    902 KBytes       
[  5]  39.00-40.00  sec  35.0 MBytes   294 Mbits/sec    0    911 KBytes       
[  5]  40.00-41.00  sec  27.5 MBytes   231 Mbits/sec    0    915 KBytes       
[  5]  41.00-42.00  sec  31.2 MBytes   262 Mbits/sec    0    915 KBytes       
[  5]  42.00-43.00  sec  27.5 MBytes   231 Mbits/sec    0    928 KBytes       
[  5]  43.00-44.00  sec  25.0 MBytes   210 Mbits/sec    0    946 KBytes       
[  5]  44.00-45.00  sec  31.2 MBytes   262 Mbits/sec    0    966 KBytes       
[  5]  45.00-46.00  sec  35.0 MBytes   294 Mbits/sec    0    988 KBytes       
[  5]  46.00-47.00  sec  33.8 MBytes   283 Mbits/sec    0   1010 KBytes       
[  5]  47.00-48.00  sec  30.0 MBytes   252 Mbits/sec    0   1.00 MBytes       
[  5]  48.00-49.00  sec  32.5 MBytes   273 Mbits/sec    0   1.04 MBytes       
[  5]  49.00-50.00  sec  35.0 MBytes   294 Mbits/sec    0   1.12 MBytes       
[  5]  50.00-51.00  sec  33.8 MBytes   283 Mbits/sec    0   1.21 MBytes       
[  5]  51.00-52.00  sec  33.8 MBytes   283 Mbits/sec    0   1.33 MBytes       
[  5]  52.00-53.00  sec  35.0 MBytes   294 Mbits/sec    0   1.48 MBytes       
[  5]  53.00-54.00  sec  32.5 MBytes   273 Mbits/sec    0   1.65 MBytes       
[  5]  54.00-55.00  sec  33.8 MBytes   283 Mbits/sec    0   1.86 MBytes       
[  5]  55.00-56.00  sec  32.5 MBytes   273 Mbits/sec    0   2.10 MBytes       
[  5]  56.00-57.00  sec  32.5 MBytes   273 Mbits/sec    0   2.38 MBytes       
[  5]  57.00-58.00  sec  25.0 MBytes   210 Mbits/sec    0   2.69 MBytes       
[  5]  58.00-59.00  sec  23.8 MBytes   199 Mbits/sec    0   3.04 MBytes       
[  5]  59.00-60.00  sec  31.2 MBytes   262 Mbits/sec  400   1.55 MBytes       
- - - - - - - - - - - - - - - - - - - - - - - - -
[ ID] Interval           Transfer     Bitrate         Retr
[  5]   0.00-60.00  sec  1.82 GBytes   260 Mbits/sec  2673             sender
[  5]   0.00-60.08  sec  1.82 GBytes   260 Mbits/sec                  receiver

iperf Done.
