Connecting to host 10.136.80.151, port 5201
[  5] local 10.136.173.86 port 34276 connected to 10.136.80.151 port 5201
[ ID] Interval           Transfer     Bitrate         Total Datagrams
[  5]   0.00-1.00   sec  78.8 MBytes   661 Mbits/sec  70110  (omitted)
[  5]   0.00-1.00   sec  79.7 MBytes   669 Mbits/sec  70950  
[  5]   1.00-2.00   sec  79.5 MBytes   667 Mbits/sec  70800  
[  5]   2.00-3.00   sec  78.8 MBytes   661 Mbits/sec  70120  
[  5]   3.00-4.00   sec  80.8 MBytes   678 Mbits/sec  71960  
[  5]   4.00-5.00   sec  76.5 MBytes   642 Mbits/sec  68130  
[  5]   5.00-6.00   sec  79.5 MBytes   667 Mbits/sec  70780  
[  5]   6.00-7.00   sec  78.5 MBytes   659 Mbits/sec  69900  
[  5]   7.00-8.00   sec  79.5 MBytes   667 Mbits/sec  70750  
[  5]   8.00-9.00   sec  78.6 MBytes   660 Mbits/sec  69990  
[  5]   9.00-10.00  sec  79.3 MBytes   665 Mbits/sec  70570  
[  5]  10.00-11.00  sec  79.2 MBytes   665 Mbits/sec  70540  
[  5]  11.00-12.00  sec  79.0 MBytes   663 Mbits/sec  70310  
[  5]  12.00-13.00  sec  78.3 MBytes   657 Mbits/sec  69720  
[  5]  13.00-14.00  sec  79.1 MBytes   664 Mbits/sec  70410  
[  5]  14.00-15.00  sec  76.9 MBytes   645 Mbits/sec  68490  
[  5]  15.00-16.00  sec  80.0 MBytes   671 Mbits/sec  71210  
[  5]  16.00-17.00  sec  79.6 MBytes   668 Mbits/sec  70890  
[  5]  17.00-18.00  sec  80.9 MBytes   679 Mbits/sec  72030  
[  5]  18.00-19.00  sec  78.5 MBytes   659 Mbits/sec  69900  
[  5]  19.00-20.00  sec  79.9 MBytes   671 Mbits/sec  71150  
[  5]  20.00-21.00  sec  81.1 MBytes   680 Mbits/sec  72200  
[  5]  21.00-22.00  sec  81.8 MBytes   686 Mbits/sec  72770  
[  5]  22.00-23.00  sec  79.1 MBytes   664 Mbits/sec  70430  
[  5]  23.00-24.00  sec  75.0 MBytes   629 Mbits/sec  66740  
[  5]  24.00-25.00  sec  77.0 MBytes   646 Mbits/sec  68580  
[  5]  25.00-26.00  sec  72.0 MBytes   604 Mbits/sec  64130  
[  5]  26.00-27.00  sec  71.0 MBytes   595 Mbits/sec  63160  
[  5]  27.00-28.00  sec  71.5 MBytes   600 Mbits/sec  63610  
[  5]  28.00-29.00  sec  72.1 MBytes   605 Mbits/sec  64160  
[  5]  29.00-30.00  sec  77.5 MBytes   650 Mbits/sec  69020  
[  5]  30.00-31.00  sec  78.7 MBytes   660 Mbits/sec  70060  
[  5]  31.00-32.00  sec  79.4 MBytes   666 Mbits/sec  70670  
[  5]  32.00-33.00  sec  78.9 MBytes   662 Mbits/sec  70220  
[  5]  33.00-34.00  sec  80.9 MBytes   679 Mbits/sec  72030  
[  5]  34.00-35.00  sec  81.0 MBytes   679 Mbits/sec  72080  
[  5]  35.00-36.00  sec  80.9 MBytes   678 Mbits/sec  71970  
[  5]  36.00-37.00  sec  80.4 MBytes   675 Mbits/sec  71580  
[  5]  37.00-38.00  sec  78.1 MBytes   655 Mbits/sec  69500  
[  5]  38.00-39.00  sec  76.1 MBytes   638 Mbits/sec  67750  
[  5]  39.00-40.00  sec  77.1 MBytes   647 Mbits/sec  68660  
[  5]  40.00-41.00  sec  76.3 MBytes   640 Mbits/sec  67920  
[  5]  41.00-42.00  sec  77.4 MBytes   649 Mbits/sec  68880  
[  5]  42.00-43.00  sec  76.6 MBytes   642 Mbits/sec  68140  
[  5]  43.00-44.00  sec  77.2 MBytes   648 Mbits/sec  68750  
[  5]  44.00-45.00  sec  77.0 MBytes   646 Mbits/sec  68530  
[  5]  45.00-46.00  sec  78.4 MBytes   658 Mbits/sec  69830  
[  5]  46.00-47.00  sec  75.9 MBytes   636 Mbits/sec  67520  
[  5]  47.00-48.00  sec  75.1 MBytes   630 Mbits/sec  66890  
[  5]  48.00-49.00  sec  73.1 MBytes   613 Mbits/sec  65050  
[  5]  49.00-50.00  sec  81.5 MBytes   684 Mbits/sec  72570  
[  5]  50.00-51.00  sec  81.6 MBytes   685 Mbits/sec  72650  
[  5]  51.00-52.00  sec  81.8 MBytes   686 Mbits/sec  72770  
[  5]  52.00-53.00  sec  80.2 MBytes   673 Mbits/sec  71360  
[  5]  53.00-54.00  sec  79.0 MBytes   663 Mbits/sec  70350  
[  5]  54.00-55.00  sec  80.5 MBytes   675 Mbits/sec  71660  
[  5]  55.00-56.00  sec  80.8 MBytes   678 Mbits/sec  71950  
[  5]  56.00-57.00  sec  78.1 MBytes   655 Mbits/sec  69550  
[  5]  57.00-58.00  sec  78.9 MBytes   662 Mbits/sec  70250  
[  5]  58.00-59.00  sec  79.6 MBytes   668 Mbits/sec  70860  
[  5]  59.00-60.00  sec  81.7 MBytes   686 Mbits/sec  72740  
- - - - - - - - - - - - - - - - - - - - - - - - -
[ ID] Interval           Transfer     Bitrate         Jitter    Lost/Total Datagrams
[  5]   0.00-60.00  sec  4.59 GBytes   658 Mbits/sec  0.000 ms  0/4186140 (0%)  sender
[  5]   0.00-60.35  sec  1.32 GBytes   188 Mbits/sec  0.011 ms  3037110/4186140 (73%)  receiver

iperf Done.
