Connecting to host 10.136.80.165, port 5201
[  5] local 10.136.173.100 port 59292 connected to 10.136.80.165 port 5201
[ ID] Interval           Transfer     Bitrate         Retr  Cwnd
[  5]   0.00-1.00   sec  1.83 MBytes  15.3 Mbits/sec   69   3.45 KBytes       (omitted)
[  5]   0.00-1.00   sec   684 KBytes  5.61 Mbits/sec   42   1.15 KBytes       
[  5]   1.00-2.00   sec   931 KBytes  7.62 Mbits/sec   49   1.15 KBytes       
[  5]   2.00-3.00   sec  1.30 MBytes  10.9 Mbits/sec   59   2.30 KBytes       
[  5]   3.00-4.00   sec  1.16 MBytes  9.71 Mbits/sec   56   1.15 KBytes       
[  5]   4.00-5.00   sec  1.58 MBytes  13.2 Mbits/sec   71   3.45 KBytes       
[  5]   5.00-6.00   sec  1.17 MBytes  9.83 Mbits/sec   57   2.30 KBytes       
[  5]   6.00-7.00   sec   928 KBytes  7.61 Mbits/sec   44   3.45 KBytes       
[  5]   7.00-8.00   sec  1.78 MBytes  14.9 Mbits/sec   59   3.45 KBytes       
[  5]   8.00-9.00   sec  1.49 MBytes  12.5 Mbits/sec   61   2.30 KBytes       
[  5]   9.00-10.00  sec  1.08 MBytes  9.09 Mbits/sec   52   2.30 KBytes       
[  5]  10.00-11.00  sec  1.38 MBytes  11.6 Mbits/sec   61   2.30 KBytes       
[  5]  11.00-12.00  sec  1.32 MBytes  11.1 Mbits/sec   65   1.15 KBytes       
[  5]  12.00-13.00  sec   613 KBytes  5.02 Mbits/sec   33   2.30 KBytes       
[  5]  13.00-14.00  sec   687 KBytes  5.63 Mbits/sec   32   2.30 KBytes       
[  5]  14.00-15.00  sec  1.28 MBytes  10.7 Mbits/sec   67   4.60 KBytes       
[  5]  15.00-16.00  sec  1.22 MBytes  10.3 Mbits/sec   51   9.20 KBytes       
[  5]  16.00-17.00  sec  1019 KBytes  8.35 Mbits/sec   53   2.30 KBytes       
[  5]  17.00-18.00  sec   384 KBytes  3.15 Mbits/sec   19   2.30 KBytes       
[  5]  18.00-19.00  sec  1.39 MBytes  11.7 Mbits/sec   50   3.45 KBytes       
[  5]  19.00-20.00  sec  1.46 MBytes  12.3 Mbits/sec   58   1.15 KBytes       
[  5]  20.00-21.00  sec  1.01 MBytes  8.44 Mbits/sec   45   1.15 KBytes       
[  5]  21.00-22.00  sec  1.39 MBytes  11.7 Mbits/sec   57   2.30 KBytes       
[  5]  22.00-23.00  sec  1.23 MBytes  10.3 Mbits/sec   64   4.60 KBytes       
[  5]  23.00-24.00  sec  1.22 MBytes  10.3 Mbits/sec   65   5.75 KBytes       
[  5]  24.00-25.00  sec  1.07 MBytes  8.93 Mbits/sec   54   2.30 KBytes       
[  5]  25.00-26.00  sec   452 KBytes  3.70 Mbits/sec   36   2.30 KBytes       
[  5]  26.00-27.00  sec   536 KBytes  4.39 Mbits/sec   29   1.15 KBytes       
[  5]  27.00-28.00  sec  1013 KBytes  8.30 Mbits/sec   49   2.30 KBytes       
[  5]  28.00-29.00  sec  1017 KBytes  8.33 Mbits/sec   40   3.45 KBytes       
[  5]  29.00-30.00  sec  1.37 MBytes  11.5 Mbits/sec   61   2.30 KBytes       
[  5]  30.00-31.00  sec   955 KBytes  7.82 Mbits/sec   37   2.30 KBytes       
[  5]  31.00-32.00  sec  1.23 MBytes  10.3 Mbits/sec   54   2.30 KBytes       
[  5]  32.00-33.00  sec  1.47 MBytes  12.3 Mbits/sec   70   3.45 KBytes       
[  5]  33.00-34.00  sec  1.48 MBytes  12.4 Mbits/sec   74   1.15 KBytes       
[  5]  34.00-35.00  sec   993 KBytes  8.13 Mbits/sec   45   4.60 KBytes       
[  5]  35.00-36.00  sec   927 KBytes  7.59 Mbits/sec   45   1.15 KBytes       
[  5]  36.00-37.00  sec   373 KBytes  3.05 Mbits/sec   26   2.30 KBytes       
[  5]  37.00-38.00  sec  1.21 MBytes  10.2 Mbits/sec   61   3.45 KBytes       
[  5]  38.00-39.00  sec  1.32 MBytes  11.1 Mbits/sec   61   4.60 KBytes       
[  5]  39.00-40.00  sec  1.30 MBytes  10.9 Mbits/sec   47   3.45 KBytes       
[  5]  40.00-41.00  sec  1.15 MBytes  9.64 Mbits/sec   58   2.30 KBytes       
[  5]  41.00-42.00  sec   456 KBytes  3.73 Mbits/sec   28   1.15 KBytes       
[  5]  42.00-43.00  sec  1.31 MBytes  11.0 Mbits/sec   53   4.60 KBytes       
[  5]  43.00-44.00  sec  1.46 MBytes  12.2 Mbits/sec   62   3.45 KBytes       
[  5]  44.00-45.00  sec  1.31 MBytes  11.0 Mbits/sec   63   1.15 KBytes       
[  5]  45.00-46.00  sec  1.07 MBytes  9.00 Mbits/sec   54   1.15 KBytes       
[  5]  46.00-47.00  sec  2.10 MBytes  17.7 Mbits/sec   67   5.75 KBytes       
[  5]  47.00-48.00  sec  1.05 MBytes  8.84 Mbits/sec   44   3.45 KBytes       
[  5]  48.00-49.00  sec   468 KBytes  3.83 Mbits/sec   39   1.15 KBytes       
[  5]  49.00-50.00  sec   777 KBytes  6.36 Mbits/sec   40   2.30 KBytes       
[  5]  50.00-51.00  sec  2.02 MBytes  16.9 Mbits/sec   78   6.90 KBytes       
[  5]  51.00-52.00  sec  1.14 MBytes  9.59 Mbits/sec   56   3.45 KBytes       
[  5]  52.00-53.00  sec   556 KBytes  4.55 Mbits/sec   27   1.15 KBytes       
[  5]  53.00-54.00  sec  1.11 MBytes  9.33 Mbits/sec   46   3.45 KBytes       
[  5]  54.00-55.00  sec  1.41 MBytes  11.8 Mbits/sec   68   2.30 KBytes       
[  5]  55.00-56.00  sec   967 KBytes  7.93 Mbits/sec   52   3.45 KBytes       
[  5]  56.00-57.00  sec  1.31 MBytes  11.0 Mbits/sec   54   3.45 KBytes       
[  5]  57.00-58.00  sec   953 KBytes  7.80 Mbits/sec   47   2.30 KBytes       
[  5]  58.00-59.00  sec   806 KBytes  6.61 Mbits/sec   47   3.45 KBytes       
[  5]  59.00-60.00  sec   529 KBytes  4.33 Mbits/sec   28   1.15 KBytes       
- - - - - - - - - - - - - - - - - - - - - - - - -
[ ID] Interval           Transfer     Bitrate         Retr
[  5]   0.00-60.00  sec  66.0 MBytes  9.23 Mbits/sec  3070             sender
[  5]   0.00-60.00  sec  66.0 MBytes  9.22 Mbits/sec                  receiver

iperf Done.
