Connecting to host 10.136.80.164, port 5201
[  5] local 10.136.173.100 port 53527 connected to 10.136.80.164 port 5201
[ ID] Interval           Transfer     Bitrate         Total Datagrams
[  5]   0.00-1.00   sec  53.0 MBytes   445 Mbits/sec  47200  (omitted)
[  5]   0.00-1.00   sec  55.9 MBytes   469 Mbits/sec  49760  
[  5]   1.00-2.00   sec  58.3 MBytes   489 Mbits/sec  51910  
[  5]   2.00-3.00   sec  54.4 MBytes   456 Mbits/sec  48380  
[  5]   3.00-4.00   sec  55.3 MBytes   464 Mbits/sec  49210  
[  5]   4.00-5.00   sec  52.8 MBytes   443 Mbits/sec  46970  
[  5]   5.00-6.00   sec  56.1 MBytes   470 Mbits/sec  49910  
[  5]   6.00-7.00   sec  54.4 MBytes   457 Mbits/sec  48460  
[  5]   7.00-8.00   sec  48.3 MBytes   405 Mbits/sec  42990  
[  5]   8.00-9.00   sec  51.5 MBytes   432 Mbits/sec  45870  
[  5]   9.00-10.00  sec  50.4 MBytes   423 Mbits/sec  44890  
[  5]  10.00-11.00  sec  52.2 MBytes   438 Mbits/sec  46470  
[  5]  11.00-12.00  sec  55.5 MBytes   465 Mbits/sec  49380  
[  5]  12.00-13.00  sec  56.0 MBytes   470 Mbits/sec  49890  
[  5]  13.00-14.00  sec  61.5 MBytes   516 Mbits/sec  54720  
[  5]  14.00-15.00  sec  57.3 MBytes   481 Mbits/sec  51040  
[  5]  15.00-16.00  sec  52.8 MBytes   443 Mbits/sec  46990  
[  5]  16.00-17.00  sec  52.3 MBytes   439 Mbits/sec  46570  
[  5]  17.00-18.00  sec  56.4 MBytes   473 Mbits/sec  50160  
[  5]  18.00-19.00  sec  53.6 MBytes   450 Mbits/sec  47720  
[  5]  19.00-20.00  sec  56.6 MBytes   475 Mbits/sec  50400  
[  5]  20.00-21.00  sec  54.9 MBytes   460 Mbits/sec  48860  
[  5]  21.00-22.00  sec  57.0 MBytes   478 Mbits/sec  50710  
[  5]  22.00-23.00  sec  54.4 MBytes   456 Mbits/sec  48390  
[  5]  23.00-24.00  sec  57.4 MBytes   481 Mbits/sec  51060  
[  5]  24.00-25.00  sec  56.4 MBytes   473 Mbits/sec  50210  
[  5]  25.00-26.00  sec  55.8 MBytes   468 Mbits/sec  49690  
[  5]  26.00-27.00  sec  52.9 MBytes   443 Mbits/sec  47050  
[  5]  27.00-28.00  sec  50.2 MBytes   421 Mbits/sec  44690  
[  5]  28.00-29.00  sec  54.0 MBytes   453 Mbits/sec  48030  
[  5]  29.00-30.00  sec  54.8 MBytes   460 Mbits/sec  48770  
[  5]  30.00-31.00  sec  53.3 MBytes   447 Mbits/sec  47430  
[  5]  31.00-32.00  sec  54.5 MBytes   457 Mbits/sec  48550  
[  5]  32.00-33.00  sec  54.2 MBytes   455 Mbits/sec  48280  
[  5]  33.00-34.00  sec  55.2 MBytes   463 Mbits/sec  49110  
[  5]  34.00-35.00  sec  55.7 MBytes   467 Mbits/sec  49570  
[  5]  35.00-36.00  sec  54.0 MBytes   453 Mbits/sec  48030  
[  5]  36.00-37.00  sec  52.8 MBytes   443 Mbits/sec  47030  
[  5]  37.00-38.00  sec  52.3 MBytes   439 Mbits/sec  46580  
[  5]  38.00-39.00  sec  53.1 MBytes   446 Mbits/sec  47310  
[  5]  39.00-40.00  sec  51.9 MBytes   435 Mbits/sec  46160  
[  5]  40.00-41.00  sec  54.7 MBytes   459 Mbits/sec  48680  
[  5]  41.00-42.00  sec  50.2 MBytes   421 Mbits/sec  44680  
[  5]  42.00-43.00  sec  55.2 MBytes   463 Mbits/sec  49100  
[  5]  43.00-44.00  sec  50.7 MBytes   425 Mbits/sec  45110  
[  5]  44.00-45.00  sec  54.3 MBytes   456 Mbits/sec  48350  
[  5]  45.00-46.00  sec  58.9 MBytes   494 Mbits/sec  52450  
[  5]  46.00-47.00  sec  51.9 MBytes   435 Mbits/sec  46180  
[  5]  47.00-48.00  sec  53.2 MBytes   447 Mbits/sec  47390  
[  5]  48.00-49.00  sec  51.9 MBytes   435 Mbits/sec  46180  
[  5]  49.00-50.00  sec  47.3 MBytes   397 Mbits/sec  42140  
[  5]  50.00-51.00  sec  46.9 MBytes   393 Mbits/sec  41750  
[  5]  51.00-52.00  sec  51.0 MBytes   428 Mbits/sec  45440  
[  5]  52.00-53.00  sec  53.8 MBytes   451 Mbits/sec  47880  
[  5]  53.00-54.00  sec  51.5 MBytes   432 Mbits/sec  45880  
[  5]  54.00-55.00  sec  49.3 MBytes   414 Mbits/sec  43900  
[  5]  55.00-56.00  sec  50.1 MBytes   420 Mbits/sec  44570  
[  5]  56.00-57.00  sec  57.6 MBytes   483 Mbits/sec  51270  
[  5]  57.00-58.00  sec  58.3 MBytes   489 Mbits/sec  51930  
[  5]  58.00-59.00  sec  50.1 MBytes   421 Mbits/sec  44620  
[  5]  59.00-60.00  sec  51.3 MBytes   431 Mbits/sec  45680  
- - - - - - - - - - - - - - - - - - - - - - - - -
[ ID] Interval           Transfer     Bitrate         Jitter    Lost/Total Datagrams
[  5]   0.00-60.00  sec  3.15 GBytes   451 Mbits/sec  0.000 ms  0/2870380 (0%)  sender
[  5]   0.00-60.27  sec  1.93 GBytes   275 Mbits/sec  0.008 ms  1124108/2870380 (39%)  receiver

iperf Done.
