Connecting to host 10.136.80.131, port 5201
[  5] local 10.136.173.68 port 40494 connected to 10.136.80.131 port 5201
[ ID] Interval           Transfer     Bitrate         Total Datagrams
[  5]   0.00-1.00   sec  65.0 MBytes   545 Mbits/sec  57820  (omitted)
[  5]   0.00-1.00   sec  74.9 MBytes   629 Mbits/sec  66700  
[  5]   1.00-2.00   sec  73.1 MBytes   614 Mbits/sec  65100  
[  5]   2.00-3.00   sec  66.7 MBytes   560 Mbits/sec  59380  
[  5]   3.00-4.00   sec  61.9 MBytes   520 Mbits/sec  55140  
[  5]   4.00-5.00   sec  65.2 MBytes   547 Mbits/sec  58060  
[  5]   5.00-6.00   sec  69.0 MBytes   579 Mbits/sec  61420  
[  5]   6.00-7.00   sec  68.6 MBytes   576 Mbits/sec  61080  
[  5]   7.00-8.00   sec  67.4 MBytes   566 Mbits/sec  60020  
[  5]   8.00-9.00   sec  76.0 MBytes   638 Mbits/sec  67660  
[  5]   9.00-10.00  sec  74.9 MBytes   629 Mbits/sec  66710  
[  5]  10.00-11.00  sec  74.2 MBytes   622 Mbits/sec  66040  
[  5]  11.00-12.00  sec  74.0 MBytes   621 Mbits/sec  65850  
[  5]  12.00-13.00  sec  75.1 MBytes   630 Mbits/sec  66860  
[  5]  13.00-14.00  sec  69.0 MBytes   579 Mbits/sec  61400  
[  5]  14.00-15.00  sec  69.3 MBytes   581 Mbits/sec  61690  
[  5]  15.00-16.00  sec  69.9 MBytes   586 Mbits/sec  62190  
[  5]  16.00-17.00  sec  69.2 MBytes   580 Mbits/sec  61580  
[  5]  17.00-18.00  sec  67.4 MBytes   565 Mbits/sec  59960  
[  5]  18.00-19.00  sec  68.8 MBytes   577 Mbits/sec  61240  
[  5]  19.00-20.00  sec  68.0 MBytes   571 Mbits/sec  60560  
[  5]  20.00-21.00  sec  72.8 MBytes   611 Mbits/sec  64820  
[  5]  21.00-22.00  sec  73.0 MBytes   612 Mbits/sec  64970  
[  5]  22.00-23.00  sec  75.1 MBytes   630 Mbits/sec  66830  
[  5]  23.00-24.00  sec  74.9 MBytes   628 Mbits/sec  66650  
[  5]  24.00-25.00  sec  81.3 MBytes   682 Mbits/sec  72380  
[  5]  25.00-26.00  sec  68.5 MBytes   575 Mbits/sec  60970  
[  5]  26.00-27.00  sec  70.1 MBytes   588 Mbits/sec  62400  
[  5]  27.00-28.00  sec  67.9 MBytes   569 Mbits/sec  60430  
[  5]  28.00-29.00  sec  74.2 MBytes   623 Mbits/sec  66090  
[  5]  29.00-30.00  sec  73.1 MBytes   613 Mbits/sec  65050  
[  5]  30.00-31.00  sec  72.2 MBytes   606 Mbits/sec  64270  
[  5]  31.00-32.00  sec  74.2 MBytes   622 Mbits/sec  66020  
[  5]  32.00-33.00  sec  73.9 MBytes   620 Mbits/sec  65810  
[  5]  33.00-34.00  sec  74.5 MBytes   625 Mbits/sec  66340  
[  5]  34.00-35.00  sec  74.7 MBytes   627 Mbits/sec  66530  
[  5]  35.00-36.00  sec  74.6 MBytes   625 Mbits/sec  66360  
[  5]  36.00-37.00  sec  75.5 MBytes   633 Mbits/sec  67170  
[  5]  37.00-38.00  sec  72.9 MBytes   611 Mbits/sec  64850  
[  5]  38.00-39.00  sec  71.4 MBytes   599 Mbits/sec  63560  
[  5]  39.00-40.00  sec  72.4 MBytes   607 Mbits/sec  64470  
[  5]  40.00-41.00  sec  73.2 MBytes   614 Mbits/sec  65170  
[  5]  41.00-42.00  sec  74.1 MBytes   622 Mbits/sec  66000  
[  5]  42.00-43.00  sec  70.8 MBytes   594 Mbits/sec  63050  
[  5]  43.00-44.00  sec  71.8 MBytes   603 Mbits/sec  63940  
[  5]  44.00-45.00  sec  74.2 MBytes   622 Mbits/sec  66010  
[  5]  45.00-46.00  sec  72.8 MBytes   611 Mbits/sec  64840  
[  5]  46.00-47.00  sec  72.3 MBytes   607 Mbits/sec  64380  
[  5]  47.00-48.00  sec  73.1 MBytes   613 Mbits/sec  65090  
[  5]  48.00-49.00  sec  73.4 MBytes   616 Mbits/sec  65310  
[  5]  49.00-50.00  sec  73.3 MBytes   615 Mbits/sec  65250  
[  5]  50.00-51.00  sec  73.3 MBytes   615 Mbits/sec  65240  
[  5]  51.00-52.00  sec  75.0 MBytes   629 Mbits/sec  66760  
[  5]  52.00-53.00  sec  74.9 MBytes   629 Mbits/sec  66690  
[  5]  53.00-54.00  sec  75.0 MBytes   629 Mbits/sec  66770  
[  5]  54.00-55.00  sec  75.4 MBytes   632 Mbits/sec  67110  
[  5]  55.00-56.00  sec  74.7 MBytes   627 Mbits/sec  66530  
[  5]  56.00-57.00  sec  74.7 MBytes   627 Mbits/sec  66480  
[  5]  57.00-58.00  sec  71.4 MBytes   599 Mbits/sec  63540  
[  5]  58.00-59.00  sec  71.1 MBytes   596 Mbits/sec  63280  
[  5]  59.00-60.00  sec  71.0 MBytes   596 Mbits/sec  63190  
- - - - - - - - - - - - - - - - - - - - - - - - -
[ ID] Interval           Transfer     Bitrate         Jitter    Lost/Total Datagrams
[  5]   0.00-60.00  sec  4.23 GBytes   606 Mbits/sec  0.000 ms  0/3859240 (0%)  sender
[  5]   0.00-60.51  sec   678 MBytes  94.0 Mbits/sec  0.020 ms  3306298/3858629 (86%)  receiver

iperf Done.
