Connecting to host 10.136.80.163, port 5201
[  5] local 10.136.173.97 port 38626 connected to 10.136.80.163 port 5201
[ ID] Interval           Transfer     Bitrate         Retr  Cwnd
[  5]   0.00-1.00   sec  93.4 MBytes   784 Mbits/sec   10    556 KBytes       (omitted)
[  5]   0.00-1.00   sec  92.5 MBytes   776 Mbits/sec    0    668 KBytes       
[  5]   1.00-2.00   sec  92.5 MBytes   776 Mbits/sec    0    765 KBytes       
[  5]   2.00-3.00   sec  92.5 MBytes   776 Mbits/sec    0    849 KBytes       
[  5]   3.00-4.00   sec  91.2 MBytes   765 Mbits/sec    0    927 KBytes       
[  5]   4.00-5.00   sec  92.5 MBytes   776 Mbits/sec   11    722 KBytes       
[  5]   5.00-6.00   sec  92.5 MBytes   776 Mbits/sec    0    808 KBytes       
[  5]   6.00-7.00   sec  92.5 MBytes   776 Mbits/sec    0    889 KBytes       
[  5]   7.00-8.00   sec  91.2 MBytes   765 Mbits/sec    7    703 KBytes       
[  5]   8.00-9.00   sec  92.5 MBytes   776 Mbits/sec    7    591 KBytes       
[  5]   9.00-10.00  sec  91.2 MBytes   765 Mbits/sec    0    699 KBytes       
[  5]  10.00-11.00  sec  92.5 MBytes   776 Mbits/sec    1    788 KBytes       
[  5]  11.00-12.00  sec  92.5 MBytes   776 Mbits/sec   14    618 KBytes       
[  5]  12.00-13.00  sec  91.2 MBytes   765 Mbits/sec    1    717 KBytes       
[  5]  13.00-14.00  sec  92.5 MBytes   776 Mbits/sec    1    804 KBytes       
[  5]  14.00-15.00  sec  92.5 MBytes   776 Mbits/sec    8    640 KBytes       
[  5]  15.00-16.00  sec  91.2 MBytes   765 Mbits/sec    1    733 KBytes       
[  5]  16.00-17.00  sec  92.5 MBytes   776 Mbits/sec    0    822 KBytes       
[  5]  17.00-18.00  sec  91.2 MBytes   765 Mbits/sec   28    356 KBytes       
[  5]  18.00-19.00  sec  91.2 MBytes   765 Mbits/sec    7    418 KBytes       
[  5]  19.00-20.00  sec  91.2 MBytes   765 Mbits/sec    0    558 KBytes       
[  5]  20.00-21.00  sec  91.2 MBytes   765 Mbits/sec    0    672 KBytes       
[  5]  21.00-22.00  sec  92.5 MBytes   776 Mbits/sec    0    767 KBytes       
[  5]  22.00-23.00  sec  92.5 MBytes   776 Mbits/sec    0    851 KBytes       
[  5]  23.00-24.00  sec  91.2 MBytes   765 Mbits/sec   14    677 KBytes       
[  5]  24.00-25.00  sec  92.5 MBytes   776 Mbits/sec    7    568 KBytes       
[  5]  25.00-26.00  sec  91.2 MBytes   765 Mbits/sec    1    672 KBytes       
[  5]  26.00-27.00  sec  92.5 MBytes   776 Mbits/sec    0    769 KBytes       
[  5]  27.00-28.00  sec  91.2 MBytes   765 Mbits/sec   14    606 KBytes       
[  5]  28.00-29.00  sec  92.5 MBytes   775 Mbits/sec    5    541 KBytes       
[  5]  29.00-30.00  sec  91.2 MBytes   766 Mbits/sec  115    498 KBytes       
[  5]  30.00-31.00  sec  91.2 MBytes   765 Mbits/sec    1    616 KBytes       
[  5]  31.00-32.00  sec  92.5 MBytes   776 Mbits/sec   13    549 KBytes       
[  5]  32.00-33.00  sec  91.2 MBytes   765 Mbits/sec    0    661 KBytes       
[  5]  33.00-34.00  sec  92.5 MBytes   776 Mbits/sec    0    758 KBytes       
[  5]  34.00-35.00  sec  92.5 MBytes   776 Mbits/sec    8    613 KBytes       
[  5]  35.00-36.00  sec  91.2 MBytes   765 Mbits/sec    1    711 KBytes       
[  5]  36.00-37.00  sec  92.5 MBytes   776 Mbits/sec   46    799 KBytes       
[  5]  37.00-38.00  sec  91.2 MBytes   765 Mbits/sec    0    881 KBytes       
[  5]  38.00-39.00  sec  92.5 MBytes   774 Mbits/sec   14    481 KBytes       
[  5]  39.00-40.00  sec  91.2 MBytes   768 Mbits/sec   23    601 KBytes       
[  5]  40.00-41.00  sec  92.5 MBytes   776 Mbits/sec    0    707 KBytes       
[  5]  41.00-42.00  sec  92.5 MBytes   775 Mbits/sec    0    800 KBytes       
[  5]  42.00-43.00  sec  91.2 MBytes   767 Mbits/sec   14    616 KBytes       
[  5]  43.00-44.00  sec  92.5 MBytes   776 Mbits/sec    0    718 KBytes       
[  5]  44.00-45.00  sec  91.2 MBytes   765 Mbits/sec   13    453 KBytes       
[  5]  45.00-46.00  sec  91.2 MBytes   765 Mbits/sec    0    584 KBytes       
[  5]  46.00-47.00  sec  92.5 MBytes   776 Mbits/sec    0    691 KBytes       
[  5]  47.00-48.00  sec  91.2 MBytes   765 Mbits/sec    6    579 KBytes       
[  5]  48.00-49.00  sec  92.5 MBytes   776 Mbits/sec    0    688 KBytes       
[  5]  49.00-50.00  sec  91.2 MBytes   765 Mbits/sec    0    780 KBytes       
[  5]  50.00-51.00  sec  92.5 MBytes   776 Mbits/sec   13    625 KBytes       
[  5]  51.00-52.00  sec  92.5 MBytes   776 Mbits/sec    0    728 KBytes       
[  5]  52.00-53.00  sec  91.2 MBytes   765 Mbits/sec    0    818 KBytes       
[  5]  53.00-54.00  sec  92.5 MBytes   776 Mbits/sec   14    658 KBytes       
[  5]  54.00-55.00  sec  91.2 MBytes   765 Mbits/sec   14    429 KBytes       
[  5]  55.00-56.00  sec  90.0 MBytes   755 Mbits/sec    1    565 KBytes       
[  5]  56.00-57.00  sec  92.5 MBytes   776 Mbits/sec    0    676 KBytes       
[  5]  57.00-58.00  sec  91.2 MBytes   765 Mbits/sec    0    771 KBytes       
[  5]  58.00-59.00  sec  92.5 MBytes   776 Mbits/sec    7    599 KBytes       
[  5]  59.00-60.00  sec  91.2 MBytes   766 Mbits/sec    0    704 KBytes       
- - - - - - - - - - - - - - - - - - - - - - - - -
[ ID] Interval           Transfer     Bitrate         Retr
[  5]   0.00-60.00  sec  5.38 GBytes   771 Mbits/sec  430             sender
[  5]   0.00-60.04  sec  5.39 GBytes   771 Mbits/sec                  receiver

iperf Done.
