Connecting to host knb-server-352484, port 5201
[  5] local 10.136.173.88 port 34446 connected to 10.43.174.11 port 5201
[ ID] Interval           Transfer     Bitrate         Total Datagrams
[  5]   0.00-1.00   sec  50.6 MBytes   425 Mbits/sec  45080  (omitted)
[  5]   0.00-1.00   sec  53.4 MBytes   447 Mbits/sec  47490  
[  5]   1.00-2.00   sec  54.4 MBytes   456 Mbits/sec  48390  
[  5]   2.00-3.00   sec  46.6 MBytes   391 Mbits/sec  41460  
[  5]   3.00-4.00   sec  52.4 MBytes   440 Mbits/sec  46680  
[  5]   4.00-5.00   sec  51.8 MBytes   434 Mbits/sec  46090  
[  5]   5.00-6.00   sec  49.3 MBytes   413 Mbits/sec  43870  
[  5]   6.00-7.00   sec  51.3 MBytes   431 Mbits/sec  45680  
[  5]   7.00-8.00   sec  50.8 MBytes   426 Mbits/sec  45190  
[  5]   8.00-9.00   sec  52.0 MBytes   436 Mbits/sec  46280  
[  5]   9.00-10.00  sec  51.3 MBytes   430 Mbits/sec  45630  
[  5]  10.00-11.00  sec  51.6 MBytes   433 Mbits/sec  45910  
[  5]  11.00-12.00  sec  52.4 MBytes   439 Mbits/sec  46610  
[  5]  12.00-13.00  sec  52.3 MBytes   438 Mbits/sec  46530  
[  5]  13.00-14.00  sec  49.3 MBytes   414 Mbits/sec  43900  
[  5]  14.00-15.00  sec  50.3 MBytes   422 Mbits/sec  44810  
[  5]  15.00-16.00  sec  50.5 MBytes   424 Mbits/sec  44980  
[  5]  16.00-17.00  sec  49.1 MBytes   412 Mbits/sec  43720  
[  5]  17.00-18.00  sec  54.0 MBytes   453 Mbits/sec  48110  
[  5]  18.00-19.00  sec  52.7 MBytes   442 Mbits/sec  46950  
[  5]  19.00-20.00  sec  49.9 MBytes   419 Mbits/sec  44410  
[  5]  20.00-21.00  sec  50.6 MBytes   424 Mbits/sec  45020  
[  5]  21.00-22.00  sec  48.2 MBytes   404 Mbits/sec  42900  
[  5]  22.00-23.00  sec  50.8 MBytes   426 Mbits/sec  45200  
[  5]  23.00-24.00  sec  52.4 MBytes   439 Mbits/sec  46610  
[  5]  24.00-25.00  sec  51.7 MBytes   434 Mbits/sec  46010  
[  5]  25.00-26.00  sec  51.2 MBytes   429 Mbits/sec  45560  
[  5]  26.00-27.00  sec  51.5 MBytes   432 Mbits/sec  45870  
[  5]  27.00-28.00  sec  51.6 MBytes   433 Mbits/sec  45960  
[  5]  28.00-29.00  sec  50.4 MBytes   423 Mbits/sec  44850  
[  5]  29.00-30.00  sec  50.5 MBytes   424 Mbits/sec  44960  
[  5]  30.00-31.00  sec  52.8 MBytes   443 Mbits/sec  47000  
[  5]  31.00-32.00  sec  52.0 MBytes   436 Mbits/sec  46300  
[  5]  32.00-33.00  sec  49.5 MBytes   415 Mbits/sec  44020  
[  5]  33.00-34.00  sec  50.1 MBytes   420 Mbits/sec  44570  
[  5]  34.00-35.00  sec  50.0 MBytes   420 Mbits/sec  44520  
[  5]  35.00-36.00  sec  50.2 MBytes   421 Mbits/sec  44680  
[  5]  36.00-37.00  sec  44.0 MBytes   369 Mbits/sec  39130  
[  5]  37.00-38.00  sec  52.0 MBytes   436 Mbits/sec  46280  
[  5]  38.00-39.00  sec  51.8 MBytes   435 Mbits/sec  46140  
[  5]  39.00-40.00  sec  50.2 MBytes   421 Mbits/sec  44700  
[  5]  40.00-41.00  sec  50.5 MBytes   424 Mbits/sec  44960  
[  5]  41.00-42.00  sec  43.6 MBytes   365 Mbits/sec  38770  
[  5]  42.00-43.00  sec  43.7 MBytes   367 Mbits/sec  38910  
[  5]  43.00-44.00  sec  49.6 MBytes   416 Mbits/sec  44170  
[  5]  44.00-45.00  sec  52.1 MBytes   437 Mbits/sec  46370  
[  5]  45.00-46.00  sec  49.2 MBytes   413 Mbits/sec  43810  
[  5]  46.00-47.00  sec  50.4 MBytes   423 Mbits/sec  44890  
[  5]  47.00-48.00  sec  51.9 MBytes   436 Mbits/sec  46230  
[  5]  48.00-49.00  sec  50.4 MBytes   423 Mbits/sec  44860  
[  5]  49.00-50.00  sec  51.8 MBytes   435 Mbits/sec  46140  
[  5]  50.00-51.00  sec  50.0 MBytes   420 Mbits/sec  44530  
[  5]  51.00-52.00  sec  51.7 MBytes   433 Mbits/sec  45980  
[  5]  52.00-53.00  sec  52.0 MBytes   436 Mbits/sec  46280  
[  5]  53.00-54.00  sec  52.2 MBytes   438 Mbits/sec  46490  
[  5]  54.00-55.00  sec  51.2 MBytes   429 Mbits/sec  45550  
[  5]  55.00-56.00  sec  50.2 MBytes   421 Mbits/sec  44660  
[  5]  56.00-57.00  sec  53.0 MBytes   444 Mbits/sec  47140  
[  5]  57.00-58.00  sec  52.0 MBytes   436 Mbits/sec  46260  
[  5]  58.00-59.00  sec  48.4 MBytes   406 Mbits/sec  43050  
[  5]  59.00-60.00  sec  44.5 MBytes   374 Mbits/sec  39650  
- - - - - - - - - - - - - - - - - - - - - - - - -
[ ID] Interval           Transfer     Bitrate         Jitter    Lost/Total Datagrams
[  5]   0.00-60.00  sec  2.96 GBytes   424 Mbits/sec  0.000 ms  0/2701670 (0%)  sender
[  5]   0.00-60.26  sec  1.89 GBytes   269 Mbits/sec  0.007 ms  1001480/2701670 (37%)  receiver

iperf Done.
