Connecting to host 10.136.80.158, port 5201
[  5] local 10.136.173.86 port 45667 connected to 10.136.80.158 port 5201
[ ID] Interval           Transfer     Bitrate         Total Datagrams
[  5]   0.00-1.00   sec  96.3 MBytes   808 Mbits/sec  72240  (omitted)
[  5]   0.00-1.00   sec  93.0 MBytes   780 Mbits/sec  69780  
[  5]   1.00-2.00   sec  92.9 MBytes   780 Mbits/sec  69710  
[  5]   2.00-3.00   sec  92.8 MBytes   779 Mbits/sec  69630  
[  5]   3.00-4.00   sec  93.3 MBytes   783 Mbits/sec  69970  
[  5]   4.00-5.00   sec  92.7 MBytes   778 Mbits/sec  69550  
[  5]   5.00-6.00   sec  92.2 MBytes   774 Mbits/sec  69190  
[  5]   6.00-7.00   sec  92.7 MBytes   777 Mbits/sec  69510  
[  5]   7.00-8.00   sec  92.9 MBytes   780 Mbits/sec  69710  
[  5]   8.00-9.00   sec  95.3 MBytes   800 Mbits/sec  71500  
[  5]   9.00-10.00  sec  93.1 MBytes   781 Mbits/sec  69810  
[  5]  10.00-11.00  sec  93.5 MBytes   785 Mbits/sec  70150  
[  5]  11.00-12.00  sec  93.0 MBytes   781 Mbits/sec  69790  
[  5]  12.00-13.00  sec  93.0 MBytes   780 Mbits/sec  69740  
[  5]  13.00-14.00  sec  93.1 MBytes   781 Mbits/sec  69820  
[  5]  14.00-15.00  sec  93.0 MBytes   780 Mbits/sec  69720  
[  5]  15.00-16.00  sec  92.6 MBytes   776 Mbits/sec  69430  
[  5]  16.00-17.00  sec  88.7 MBytes   744 Mbits/sec  66540  
[  5]  17.00-18.00  sec  92.8 MBytes   778 Mbits/sec  69570  
[  5]  18.00-19.00  sec  91.9 MBytes   771 Mbits/sec  68960  
[  5]  19.00-20.00  sec  95.3 MBytes   800 Mbits/sec  71490  
[  5]  20.00-21.00  sec  93.2 MBytes   782 Mbits/sec  69910  
[  5]  21.00-22.00  sec  93.6 MBytes   785 Mbits/sec  70200  
[  5]  22.00-23.00  sec  93.6 MBytes   785 Mbits/sec  70230  
[  5]  23.00-24.00  sec  93.6 MBytes   785 Mbits/sec  70180  
[  5]  24.00-25.00  sec  93.2 MBytes   781 Mbits/sec  69870  
[  5]  25.00-26.00  sec  92.7 MBytes   778 Mbits/sec  69550  
[  5]  26.00-27.00  sec  93.6 MBytes   785 Mbits/sec  70180  
[  5]  27.00-28.00  sec  93.4 MBytes   784 Mbits/sec  70080  
[  5]  28.00-29.00  sec  92.3 MBytes   774 Mbits/sec  69220  
[  5]  29.00-30.00  sec  93.4 MBytes   783 Mbits/sec  70020  
[  5]  30.00-31.00  sec  93.7 MBytes   786 Mbits/sec  70310  
[  5]  31.00-32.00  sec  93.9 MBytes   788 Mbits/sec  70440  
[  5]  32.00-33.00  sec  96.9 MBytes   813 Mbits/sec  72700  
[  5]  33.00-34.00  sec  94.3 MBytes   791 Mbits/sec  70750  
[  5]  34.00-35.00  sec  93.8 MBytes   787 Mbits/sec  70370  
[  5]  35.00-36.00  sec  93.4 MBytes   783 Mbits/sec  70050  
[  5]  36.00-37.00  sec  93.8 MBytes   787 Mbits/sec  70350  
[  5]  37.00-38.00  sec  93.8 MBytes   787 Mbits/sec  70330  
[  5]  38.00-39.00  sec  92.6 MBytes   777 Mbits/sec  69480  
[  5]  39.00-40.00  sec  93.6 MBytes   785 Mbits/sec  70230  
[  5]  40.00-41.00  sec  93.7 MBytes   786 Mbits/sec  70260  
[  5]  41.00-42.00  sec  93.1 MBytes   781 Mbits/sec  69840  
[  5]  42.00-43.00  sec  93.4 MBytes   784 Mbits/sec  70080  
[  5]  43.00-44.00  sec  93.2 MBytes   782 Mbits/sec  69900  
[  5]  44.00-45.00  sec  93.4 MBytes   783 Mbits/sec  70040  
[  5]  45.00-46.00  sec  94.5 MBytes   793 Mbits/sec  70860  
[  5]  46.00-47.00  sec  80.6 MBytes   676 Mbits/sec  60440  
[  5]  47.00-48.00  sec  91.6 MBytes   768 Mbits/sec  68690  
[  5]  48.00-49.00  sec  93.4 MBytes   784 Mbits/sec  70080  
[  5]  49.00-50.00  sec  93.6 MBytes   786 Mbits/sec  70240  
[  5]  50.00-51.00  sec  93.4 MBytes   783 Mbits/sec  70040  
[  5]  51.00-52.00  sec  93.3 MBytes   783 Mbits/sec  70000  
[  5]  52.00-53.00  sec  92.9 MBytes   780 Mbits/sec  69700  
[  5]  53.00-54.00  sec  92.5 MBytes   776 Mbits/sec  69360  
[  5]  54.00-55.00  sec  93.0 MBytes   780 Mbits/sec  69760  
[  5]  55.00-56.00  sec  94.8 MBytes   796 Mbits/sec  71140  
[  5]  56.00-57.00  sec  93.9 MBytes   788 Mbits/sec  70440  
[  5]  57.00-58.00  sec  93.8 MBytes   787 Mbits/sec  70390  
[  5]  58.00-59.00  sec  92.6 MBytes   777 Mbits/sec  69470  
[  5]  59.00-60.00  sec  94.1 MBytes   789 Mbits/sec  70550  
- - - - - - - - - - - - - - - - - - - - - - - - -
[ ID] Interval           Transfer     Bitrate         Jitter    Lost/Total Datagrams
[  5]   0.00-60.00  sec  5.45 GBytes   781 Mbits/sec  0.000 ms  0/4189300 (0%)  sender
[  5]   0.00-60.04  sec  5.46 GBytes   781 Mbits/sec  0.023 ms  1379/4189277 (0.033%)  receiver

iperf Done.
