Connecting to host 10.136.80.142, port 5201
[  5] local 10.136.173.125 port 33540 connected to 10.136.80.142 port 5201
[ ID] Interval           Transfer     Bitrate         Retr  Cwnd
[  5]   0.00-1.00   sec  5.32 MBytes  44.6 Mbits/sec  202   1.37 KBytes       (omitted)
[  5]   0.00-1.00   sec  5.03 MBytes  42.2 Mbits/sec  213   1.37 KBytes       
[  5]   1.00-2.00   sec  2.45 MBytes  20.6 Mbits/sec   85   2.73 KBytes       
[  5]   2.00-3.00   sec  8.83 MBytes  74.1 Mbits/sec  346   5.46 KBytes       
[  5]   3.00-4.00   sec  7.85 MBytes  65.8 Mbits/sec  306   4.10 KBytes       
[  5]   4.00-5.00   sec  4.05 MBytes  34.0 Mbits/sec  167   2.73 KBytes       
[  5]   5.00-6.00   sec  10.2 MBytes  85.4 Mbits/sec  401   10.9 KBytes       
[  5]   6.00-7.00   sec  9.20 MBytes  77.2 Mbits/sec  378   13.7 KBytes       
[  5]   7.00-8.00   sec  5.27 MBytes  44.2 Mbits/sec  203   1.37 KBytes       
[  5]   8.00-9.00   sec  7.60 MBytes  63.8 Mbits/sec  297   4.10 KBytes       
[  5]   9.00-10.00  sec  6.38 MBytes  53.5 Mbits/sec  282   4.10 KBytes       
[  5]  10.00-11.00  sec  3.93 MBytes  32.9 Mbits/sec  152   1.37 KBytes       
[  5]  11.00-12.00  sec  8.71 MBytes  73.1 Mbits/sec  379   6.83 KBytes       
[  5]  12.00-13.00  sec  6.62 MBytes  55.6 Mbits/sec  243   1.37 KBytes       
[  5]  13.00-14.00  sec  3.93 MBytes  32.9 Mbits/sec  140   4.10 KBytes       
[  5]  14.00-15.00  sec  5.09 MBytes  42.7 Mbits/sec  204   1.37 KBytes       
[  5]  15.00-16.00  sec  3.68 MBytes  30.9 Mbits/sec  141   2.73 KBytes       
[  5]  16.00-17.00  sec   377 KBytes  3.09 Mbits/sec   18   2.73 KBytes       
[  5]  17.00-18.00  sec  1.35 MBytes  11.3 Mbits/sec   75   1.37 KBytes       
[  5]  18.00-19.00  sec  2.76 MBytes  23.2 Mbits/sec  114   6.83 KBytes       
[  5]  19.00-20.00  sec  6.44 MBytes  54.0 Mbits/sec  242   2.73 KBytes       
[  5]  20.00-21.00  sec  7.24 MBytes  60.7 Mbits/sec  273   15.0 KBytes       
[  5]  21.00-22.00  sec  4.48 MBytes  37.5 Mbits/sec  171   1.37 KBytes       
[  5]  22.00-23.00  sec  2.70 MBytes  22.6 Mbits/sec   97   1.37 KBytes       
[  5]  23.00-24.00  sec  4.60 MBytes  38.6 Mbits/sec  183   2.73 KBytes       
[  5]  24.00-25.00  sec  4.11 MBytes  34.5 Mbits/sec  178   2.73 KBytes       
[  5]  25.00-26.00  sec  7.42 MBytes  62.3 Mbits/sec  327   1.37 KBytes       
[  5]  26.00-27.00  sec  5.21 MBytes  43.7 Mbits/sec  203   15.0 KBytes       
[  5]  27.00-28.00  sec  7.24 MBytes  60.7 Mbits/sec  282   2.73 KBytes       
[  5]  28.00-29.00  sec  6.75 MBytes  56.6 Mbits/sec  242   1.37 KBytes       
[  5]  29.00-30.00  sec  6.93 MBytes  58.1 Mbits/sec  271   1.37 KBytes       
[  5]  30.00-31.00  sec  6.56 MBytes  55.0 Mbits/sec  261   2.73 KBytes       
[  5]  31.00-32.00  sec  3.31 MBytes  27.8 Mbits/sec  126   8.19 KBytes       
[  5]  32.00-33.00  sec  1.35 MBytes  11.3 Mbits/sec   72   1.37 KBytes       
[  5]  33.00-34.00  sec   879 KBytes  7.20 Mbits/sec   37   8.19 KBytes       
[  5]  34.00-35.00  sec  10.4 MBytes  87.5 Mbits/sec  382   2.73 KBytes       
[  5]  35.00-36.00  sec  2.82 MBytes  23.7 Mbits/sec  117   1.37 KBytes       
[  5]  36.00-37.00  sec  4.54 MBytes  38.1 Mbits/sec  189   1.37 KBytes       
[  5]  37.00-38.00  sec   502 KBytes  4.12 Mbits/sec   18   2.73 KBytes       
[  5]  38.00-39.00  sec  1.23 MBytes  10.3 Mbits/sec   54   1.37 KBytes       
[  5]  39.00-40.00  sec  1.23 MBytes  10.3 Mbits/sec   47   2.73 KBytes       
[  5]  40.00-41.00  sec  4.11 MBytes  34.5 Mbits/sec  160   13.7 KBytes       
[  5]  41.00-42.00  sec  3.31 MBytes  27.8 Mbits/sec  119   8.19 KBytes       
[  5]  42.00-43.00  sec  3.19 MBytes  26.8 Mbits/sec  107   9.56 KBytes       
[  5]  43.00-44.00  sec  3.19 MBytes  26.8 Mbits/sec  145   1.37 KBytes       
[  5]  44.00-45.00  sec  1.41 MBytes  11.8 Mbits/sec   68   1.37 KBytes       
[  5]  45.00-46.00  sec  8.65 MBytes  72.6 Mbits/sec  317   2.73 KBytes       
[  5]  46.00-47.00  sec   628 KBytes  5.14 Mbits/sec   30   1.37 KBytes       
[  5]  47.00-48.00  sec  2.58 MBytes  21.6 Mbits/sec   98   2.73 KBytes       
[  5]  48.00-49.00  sec  6.32 MBytes  53.0 Mbits/sec  270   2.73 KBytes       
[  5]  49.00-50.00  sec  2.76 MBytes  23.1 Mbits/sec  115   1.37 KBytes       
[  5]  50.00-51.00  sec  1.10 MBytes  9.26 Mbits/sec   53   2.73 KBytes       
[  5]  51.00-52.00  sec  3.19 MBytes  26.8 Mbits/sec  134   5.46 KBytes       
[  5]  52.00-53.00  sec  3.56 MBytes  29.8 Mbits/sec  157   2.73 KBytes       
[  5]  53.00-54.00  sec  5.70 MBytes  47.8 Mbits/sec  243   4.10 KBytes       
[  5]  54.00-55.00  sec  3.50 MBytes  29.3 Mbits/sec  143   2.73 KBytes       
[  5]  55.00-56.00  sec  2.21 MBytes  18.5 Mbits/sec   79   2.73 KBytes       
[  5]  56.00-57.00  sec  6.01 MBytes  50.4 Mbits/sec  232   9.56 KBytes       
[  5]  57.00-58.00  sec  6.81 MBytes  57.1 Mbits/sec  276   16.4 KBytes       
[  5]  58.00-59.00  sec  6.93 MBytes  58.1 Mbits/sec  246   1.37 KBytes       
[  5]  59.00-60.00  sec  5.21 MBytes  43.7 Mbits/sec  213   1.37 KBytes       
- - - - - - - - - - - - - - - - - - - - - - - - -
[ ID] Interval           Transfer     Bitrate         Retr
[  5]   0.00-60.00  sec   280 MBytes  39.1 Mbits/sec  11121             sender
[  5]   0.00-60.04  sec   279 MBytes  39.0 Mbits/sec                  receiver

iperf Done.
