Connecting to host 10.136.80.142, port 5201
[  5] local 10.136.173.70 port 42340 connected to 10.136.80.142 port 5201
[ ID] Interval           Transfer     Bitrate         Retr  Cwnd
[  5]   0.00-1.00   sec  92.9 MBytes   779 Mbits/sec   32    612 KBytes       (omitted)
[  5]   0.00-1.00   sec  92.5 MBytes   776 Mbits/sec    0    717 KBytes       
[  5]   1.00-2.00   sec  92.5 MBytes   776 Mbits/sec    0    807 KBytes       
[  5]   2.00-3.00   sec  92.5 MBytes   776 Mbits/sec   15    631 KBytes       
[  5]   3.00-4.00   sec  91.2 MBytes   765 Mbits/sec    0    733 KBytes       
[  5]   4.00-5.00   sec  92.5 MBytes   776 Mbits/sec    0    822 KBytes       
[  5]   5.00-6.00   sec  92.5 MBytes   776 Mbits/sec    0    901 KBytes       
[  5]   6.00-7.00   sec  91.2 MBytes   765 Mbits/sec    0    973 KBytes       
[  5]   7.00-8.00   sec  92.5 MBytes   776 Mbits/sec    0   1.02 MBytes       
[  5]   8.00-9.00   sec  92.5 MBytes   776 Mbits/sec    0   1.08 MBytes       
[  5]   9.00-10.00  sec  91.2 MBytes   765 Mbits/sec   28    593 KBytes       
[  5]  10.00-11.00  sec  91.2 MBytes   766 Mbits/sec    1    694 KBytes       
[  5]  11.00-12.00  sec  92.5 MBytes   776 Mbits/sec    0    788 KBytes       
[  5]  12.00-13.00  sec  91.2 MBytes   765 Mbits/sec    7    618 KBytes       
[  5]  13.00-14.00  sec  92.5 MBytes   776 Mbits/sec    0    721 KBytes       
[  5]  14.00-15.00  sec  92.5 MBytes   776 Mbits/sec    0    811 KBytes       
[  5]  15.00-16.00  sec  91.2 MBytes   765 Mbits/sec    2    889 KBytes       
[  5]  16.00-17.00  sec  92.5 MBytes   776 Mbits/sec   21    691 KBytes       
[  5]  17.00-18.00  sec  91.2 MBytes   765 Mbits/sec    1    778 KBytes       
[  5]  18.00-19.00  sec  92.5 MBytes   776 Mbits/sec    0    861 KBytes       
[  5]  19.00-20.00  sec  92.5 MBytes   776 Mbits/sec   11    479 KBytes       
[  5]  20.00-21.00  sec  91.2 MBytes   765 Mbits/sec    0    605 KBytes       
[  5]  21.00-22.00  sec  92.5 MBytes   776 Mbits/sec    0    710 KBytes       
[  5]  22.00-23.00  sec  91.2 MBytes   765 Mbits/sec    7    582 KBytes       
[  5]  23.00-24.00  sec  75.0 MBytes   629 Mbits/sec   34    122 KBytes       
[  5]  24.00-25.00  sec  91.2 MBytes   765 Mbits/sec   40    617 KBytes       
[  5]  25.00-26.00  sec  92.5 MBytes   776 Mbits/sec    0    721 KBytes       
[  5]  26.00-27.00  sec  91.2 MBytes   765 Mbits/sec    0    811 KBytes       
[  5]  27.00-28.00  sec  92.5 MBytes   776 Mbits/sec    0    891 KBytes       
[  5]  28.00-29.00  sec  92.5 MBytes   776 Mbits/sec    0    965 KBytes       
[  5]  29.00-30.00  sec  91.2 MBytes   765 Mbits/sec    0   1.01 MBytes       
[  5]  30.00-31.00  sec  92.5 MBytes   776 Mbits/sec    0   1.07 MBytes       
[  5]  31.00-32.00  sec  92.5 MBytes   776 Mbits/sec   34    425 KBytes       
[  5]  32.00-33.00  sec  91.2 MBytes   765 Mbits/sec    6    431 KBytes       
[  5]  33.00-34.00  sec  91.2 MBytes   765 Mbits/sec    0    568 KBytes       
[  5]  34.00-35.00  sec  92.5 MBytes   776 Mbits/sec    0    679 KBytes       
[  5]  35.00-36.00  sec  91.2 MBytes   766 Mbits/sec    0    773 KBytes       
[  5]  36.00-37.00  sec  91.2 MBytes   765 Mbits/sec    5    636 KBytes       
[  5]  37.00-38.00  sec  91.2 MBytes   765 Mbits/sec    0    737 KBytes       
[  5]  38.00-39.00  sec  92.5 MBytes   776 Mbits/sec   11    590 KBytes       
[  5]  39.00-40.00  sec  91.2 MBytes   765 Mbits/sec    0    696 KBytes       
[  5]  40.00-41.00  sec  91.2 MBytes   765 Mbits/sec    8    558 KBytes       
[  5]  41.00-42.00  sec  91.2 MBytes   765 Mbits/sec    6    494 KBytes       
[  5]  42.00-43.00  sec  91.2 MBytes   765 Mbits/sec    0    618 KBytes       
[  5]  43.00-44.00  sec  92.5 MBytes   776 Mbits/sec    0    721 KBytes       
[  5]  44.00-45.00  sec  92.5 MBytes   776 Mbits/sec    0    811 KBytes       
[  5]  45.00-46.00  sec  91.2 MBytes   765 Mbits/sec    7    640 KBytes       
[  5]  46.00-47.00  sec  92.5 MBytes   776 Mbits/sec    0    741 KBytes       
[  5]  47.00-48.00  sec  91.2 MBytes   765 Mbits/sec    0    829 KBytes       
[  5]  48.00-49.00  sec  92.5 MBytes   776 Mbits/sec    0    907 KBytes       
[  5]  49.00-50.00  sec  91.2 MBytes   765 Mbits/sec    0    979 KBytes       
[  5]  50.00-51.00  sec  92.5 MBytes   776 Mbits/sec    0   1.02 MBytes       
[  5]  51.00-52.00  sec  92.5 MBytes   776 Mbits/sec   15    829 KBytes       
[  5]  52.00-53.00  sec  91.2 MBytes   765 Mbits/sec    9    653 KBytes       
[  5]  53.00-54.00  sec  92.5 MBytes   776 Mbits/sec    0    751 KBytes       
[  5]  54.00-55.00  sec  75.0 MBytes   629 Mbits/sec   54    805 KBytes       
[  5]  55.00-56.00  sec  92.5 MBytes   776 Mbits/sec    8    661 KBytes       
[  5]  56.00-57.00  sec  91.2 MBytes   765 Mbits/sec    0    758 KBytes       
[  5]  57.00-58.00  sec  92.5 MBytes   776 Mbits/sec    0    842 KBytes       
[  5]  58.00-59.00  sec  92.5 MBytes   776 Mbits/sec    7    655 KBytes       
[  5]  59.00-60.00  sec  91.2 MBytes   766 Mbits/sec    0    752 KBytes       
- - - - - - - - - - - - - - - - - - - - - - - - -
[ ID] Interval           Transfer     Bitrate         Retr
[  5]   0.00-60.00  sec  5.35 GBytes   766 Mbits/sec  337             sender
[  5]   0.00-60.04  sec  5.36 GBytes   766 Mbits/sec                  receiver

iperf Done.
