Connecting to host knb-server-98982, port 5201
[  5] local 10.136.173.75 port 43295 connected to 10.43.114.142 port 5201
[ ID] Interval           Transfer     Bitrate         Total Datagrams
[  5]   0.00-1.00   sec  36.9 MBytes   310 Mbits/sec  32850  (omitted)
[  5]   0.00-1.00   sec  51.3 MBytes   430 Mbits/sec  45670  
[  5]   1.00-2.00   sec  48.0 MBytes   403 Mbits/sec  42720  
[  5]   2.00-3.00   sec  54.0 MBytes   453 Mbits/sec  48050  
[  5]   3.00-4.00   sec  51.9 MBytes   435 Mbits/sec  46200  
[  5]   4.00-5.00   sec  51.9 MBytes   435 Mbits/sec  46210  
[  5]   5.00-6.00   sec  51.6 MBytes   433 Mbits/sec  45920  
[  5]   6.00-7.00   sec  52.9 MBytes   444 Mbits/sec  47100  
[  5]   7.00-8.00   sec  51.5 MBytes   432 Mbits/sec  45880  
[  5]   8.00-9.00   sec  50.1 MBytes   420 Mbits/sec  44560  
[  5]   9.00-10.00  sec  53.3 MBytes   447 Mbits/sec  47480  
[  5]  10.00-11.00  sec  52.3 MBytes   439 Mbits/sec  46550  
[  5]  11.00-12.00  sec  51.3 MBytes   431 Mbits/sec  45690  
[  5]  12.00-13.00  sec  51.0 MBytes   428 Mbits/sec  45440  
[  5]  13.00-14.00  sec  53.5 MBytes   449 Mbits/sec  47610  
[  5]  14.00-15.00  sec  51.1 MBytes   429 Mbits/sec  45500  
[  5]  15.00-16.00  sec  52.7 MBytes   442 Mbits/sec  46940  
[  5]  16.00-17.00  sec  52.8 MBytes   443 Mbits/sec  47020  
[  5]  17.00-18.00  sec  52.3 MBytes   439 Mbits/sec  46550  
[  5]  18.00-19.00  sec  51.2 MBytes   429 Mbits/sec  45540  
[  5]  19.00-20.00  sec  52.5 MBytes   440 Mbits/sec  46730  
[  5]  20.00-21.00  sec  53.0 MBytes   444 Mbits/sec  47160  
[  5]  21.00-22.00  sec  54.0 MBytes   453 Mbits/sec  48080  
[  5]  22.00-23.00  sec  52.5 MBytes   441 Mbits/sec  46770  
[  5]  23.00-24.00  sec  54.1 MBytes   454 Mbits/sec  48130  
[  5]  24.00-25.00  sec  46.3 MBytes   388 Mbits/sec  41170  
[  5]  25.00-26.00  sec  52.2 MBytes   438 Mbits/sec  46490  
[  5]  26.00-27.00  sec  52.6 MBytes   441 Mbits/sec  46780  
[  5]  27.00-28.00  sec  51.2 MBytes   429 Mbits/sec  45570  
[  5]  28.00-29.00  sec  52.6 MBytes   441 Mbits/sec  46780  
[  5]  29.00-30.00  sec  52.7 MBytes   442 Mbits/sec  46930  
[  5]  30.00-31.00  sec  52.0 MBytes   436 Mbits/sec  46270  
[  5]  31.00-32.00  sec  52.8 MBytes   443 Mbits/sec  46970  
[  5]  32.00-33.00  sec  52.3 MBytes   438 Mbits/sec  46530  
[  5]  33.00-34.00  sec  50.6 MBytes   425 Mbits/sec  45080  
[  5]  34.00-35.00  sec  53.0 MBytes   445 Mbits/sec  47210  
[  5]  35.00-36.00  sec  51.9 MBytes   435 Mbits/sec  46170  
[  5]  36.00-37.00  sec  51.5 MBytes   432 Mbits/sec  45840  
[  5]  37.00-38.00  sec  53.1 MBytes   445 Mbits/sec  47240  
[  5]  38.00-39.00  sec  52.2 MBytes   438 Mbits/sec  46480  
[  5]  39.00-40.00  sec  50.2 MBytes   422 Mbits/sec  44720  
[  5]  40.00-41.00  sec  53.6 MBytes   450 Mbits/sec  47710  
[  5]  41.00-42.00  sec  51.1 MBytes   429 Mbits/sec  45480  
[  5]  42.00-43.00  sec  50.7 MBytes   425 Mbits/sec  45110  
[  5]  43.00-44.00  sec  54.8 MBytes   459 Mbits/sec  48760  
[  5]  44.00-45.00  sec  51.0 MBytes   428 Mbits/sec  45410  
[  5]  45.00-46.00  sec  50.7 MBytes   425 Mbits/sec  45100  
[  5]  46.00-47.00  sec  49.6 MBytes   416 Mbits/sec  44150  
[  5]  47.00-48.00  sec  50.8 MBytes   427 Mbits/sec  45260  
[  5]  48.00-49.00  sec  52.0 MBytes   436 Mbits/sec  46300  
[  5]  49.00-50.00  sec  47.9 MBytes   402 Mbits/sec  42670  
[  5]  50.00-51.00  sec  52.3 MBytes   439 Mbits/sec  46560  
[  5]  51.00-52.00  sec  52.8 MBytes   443 Mbits/sec  46970  
[  5]  52.00-53.00  sec  49.6 MBytes   416 Mbits/sec  44150  
[  5]  53.00-54.00  sec  54.9 MBytes   461 Mbits/sec  48870  
[  5]  54.00-55.00  sec  53.2 MBytes   447 Mbits/sec  47380  
[  5]  55.00-56.00  sec  50.6 MBytes   424 Mbits/sec  45020  
[  5]  56.00-57.00  sec  48.8 MBytes   410 Mbits/sec  43480  
[  5]  57.00-58.00  sec  51.8 MBytes   435 Mbits/sec  46150  
[  5]  58.00-59.00  sec  50.6 MBytes   424 Mbits/sec  45000  
[  5]  59.00-60.00  sec  49.7 MBytes   417 Mbits/sec  44240  
- - - - - - - - - - - - - - - - - - - - - - - - -
[ ID] Interval           Transfer     Bitrate         Jitter    Lost/Total Datagrams
[  5]   0.00-60.00  sec  3.03 GBytes   434 Mbits/sec  0.000 ms  0/2763500 (0%)  sender
[  5]   0.00-60.23  sec  1.88 GBytes   268 Mbits/sec  0.017 ms  1060155/2763500 (38%)  receiver

iperf Done.
