Connecting to host 10.136.80.175, port 5201
[  5] local 10.136.173.79 port 54205 connected to 10.136.80.175 port 5201
[ ID] Interval           Transfer     Bitrate         Total Datagrams
[  5]   0.00-1.00   sec  53.4 MBytes   448 Mbits/sec  47530  (omitted)
[  5]   0.00-1.00   sec  51.3 MBytes   430 Mbits/sec  45660  
[  5]   1.00-2.00   sec  53.3 MBytes   447 Mbits/sec  47460  
[  5]   2.00-3.00   sec  52.8 MBytes   443 Mbits/sec  47040  
[  5]   3.00-4.00   sec  51.2 MBytes   429 Mbits/sec  45560  
[  5]   4.00-5.00   sec  52.6 MBytes   441 Mbits/sec  46800  
[  5]   5.00-6.00   sec  53.0 MBytes   445 Mbits/sec  47220  
[  5]   6.00-7.00   sec  51.8 MBytes   434 Mbits/sec  46080  
[  5]   7.00-8.00   sec  54.7 MBytes   459 Mbits/sec  48680  
[  5]   8.00-9.00   sec  52.2 MBytes   438 Mbits/sec  46440  
[  5]   9.00-10.00  sec  53.9 MBytes   452 Mbits/sec  48000  
[  5]  10.00-11.00  sec  52.0 MBytes   436 Mbits/sec  46300  
[  5]  11.00-12.00  sec  54.1 MBytes   454 Mbits/sec  48190  
[  5]  12.00-13.00  sec  55.3 MBytes   464 Mbits/sec  49220  
[  5]  13.00-14.00  sec  49.9 MBytes   419 Mbits/sec  44460  
[  5]  14.00-15.00  sec  51.2 MBytes   430 Mbits/sec  45610  
[  5]  15.00-16.00  sec  52.2 MBytes   438 Mbits/sec  46470  
[  5]  16.00-17.00  sec  56.8 MBytes   477 Mbits/sec  50590  
[  5]  17.00-18.00  sec  54.2 MBytes   454 Mbits/sec  48210  
[  5]  18.00-19.00  sec  51.1 MBytes   429 Mbits/sec  45490  
[  5]  19.00-20.00  sec  53.0 MBytes   445 Mbits/sec  47200  
[  5]  20.00-21.00  sec  52.7 MBytes   442 Mbits/sec  46950  
[  5]  21.00-22.00  sec  52.9 MBytes   444 Mbits/sec  47130  
[  5]  22.00-23.00  sec  56.1 MBytes   471 Mbits/sec  49960  
[  5]  23.00-24.00  sec  51.8 MBytes   435 Mbits/sec  46110  
[  5]  24.00-25.00  sec  54.2 MBytes   455 Mbits/sec  48280  
[  5]  25.00-26.00  sec  55.0 MBytes   462 Mbits/sec  48990  
[  5]  26.00-27.00  sec  54.6 MBytes   458 Mbits/sec  48560  
[  5]  27.00-28.00  sec  53.3 MBytes   447 Mbits/sec  47470  
[  5]  28.00-29.00  sec  52.3 MBytes   439 Mbits/sec  46540  
[  5]  29.00-30.00  sec  52.3 MBytes   439 Mbits/sec  46570  
[  5]  30.00-31.00  sec  51.2 MBytes   430 Mbits/sec  45600  
[  5]  31.00-32.00  sec  52.0 MBytes   436 Mbits/sec  46310  
[  5]  32.00-33.00  sec  51.6 MBytes   433 Mbits/sec  45960  
[  5]  33.00-34.00  sec  53.7 MBytes   451 Mbits/sec  47820  
[  5]  34.00-35.00  sec  54.5 MBytes   457 Mbits/sec  48510  
[  5]  35.00-36.00  sec  53.1 MBytes   445 Mbits/sec  47260  
[  5]  36.00-37.00  sec  53.7 MBytes   451 Mbits/sec  47840  
[  5]  37.00-38.00  sec  53.4 MBytes   448 Mbits/sec  47520  
[  5]  38.00-39.00  sec  51.3 MBytes   430 Mbits/sec  45660  
[  5]  39.00-40.00  sec  52.8 MBytes   443 Mbits/sec  47040  
[  5]  40.00-41.00  sec  52.8 MBytes   443 Mbits/sec  47000  
[  5]  41.00-42.00  sec  52.0 MBytes   436 Mbits/sec  46290  
[  5]  42.00-43.00  sec  54.5 MBytes   457 Mbits/sec  48470  
[  5]  43.00-44.00  sec  50.5 MBytes   423 Mbits/sec  44940  
[  5]  44.00-45.00  sec  53.1 MBytes   445 Mbits/sec  47230  
[  5]  45.00-46.00  sec  52.9 MBytes   444 Mbits/sec  47120  
[  5]  46.00-47.00  sec  53.7 MBytes   450 Mbits/sec  47790  
[  5]  47.00-48.00  sec  51.0 MBytes   427 Mbits/sec  45360  
[  5]  48.00-49.00  sec  51.0 MBytes   428 Mbits/sec  45410  
[  5]  49.00-50.00  sec  56.7 MBytes   476 Mbits/sec  50470  
[  5]  50.00-51.00  sec  51.3 MBytes   430 Mbits/sec  45660  
[  5]  51.00-52.00  sec  39.6 MBytes   332 Mbits/sec  35280  
[  5]  52.00-53.00  sec  52.5 MBytes   441 Mbits/sec  46770  
[  5]  53.00-54.00  sec  53.5 MBytes   449 Mbits/sec  47660  
[  5]  54.00-55.00  sec  52.4 MBytes   439 Mbits/sec  46600  
[  5]  55.00-56.00  sec  52.0 MBytes   436 Mbits/sec  46290  
[  5]  56.00-57.00  sec  50.8 MBytes   426 Mbits/sec  45180  
[  5]  57.00-58.00  sec  52.4 MBytes   440 Mbits/sec  46680  
[  5]  58.00-59.00  sec  54.6 MBytes   458 Mbits/sec  48560  
[  5]  59.00-60.00  sec  53.3 MBytes   447 Mbits/sec  47470  
- - - - - - - - - - - - - - - - - - - - - - - - -
[ ID] Interval           Transfer     Bitrate         Jitter    Lost/Total Datagrams
[  5]   0.00-60.00  sec  3.09 GBytes   442 Mbits/sec  0.000 ms  0/2812990 (0%)  sender
[  5]   0.00-60.25  sec  1.85 GBytes   263 Mbits/sec  0.015 ms  1153969/2812990 (41%)  receiver

iperf Done.
