Connecting to host 10.136.80.153, port 5201
[  5] local 10.136.173.90 port 37559 connected to 10.136.80.153 port 5201
[ ID] Interval           Transfer     Bitrate         Total Datagrams
[  5]   0.00-1.00   sec  74.1 MBytes   621 Mbits/sec  65930  (omitted)
[  5]   0.00-1.00   sec  75.6 MBytes   634 Mbits/sec  67330  
[  5]   1.00-2.00   sec  74.9 MBytes   629 Mbits/sec  66700  
[  5]   2.00-3.00   sec  75.8 MBytes   636 Mbits/sec  67440  
[  5]   3.00-4.00   sec  76.0 MBytes   637 Mbits/sec  67620  
[  5]   4.00-5.00   sec  76.2 MBytes   639 Mbits/sec  67810  
[  5]   5.00-6.00   sec  77.0 MBytes   646 Mbits/sec  68580  
[  5]   6.00-7.00   sec  76.7 MBytes   643 Mbits/sec  68280  
[  5]   7.00-8.00   sec  77.0 MBytes   646 Mbits/sec  68510  
[  5]   8.00-9.00   sec  78.5 MBytes   659 Mbits/sec  69910  
[  5]   9.00-10.00  sec  80.1 MBytes   672 Mbits/sec  71300  
[  5]  10.00-11.00  sec  83.1 MBytes   697 Mbits/sec  73970  
[  5]  11.00-12.00  sec  82.3 MBytes   691 Mbits/sec  73300  
[  5]  12.00-13.00  sec  81.9 MBytes   687 Mbits/sec  72930  
[  5]  13.00-14.00  sec  81.8 MBytes   686 Mbits/sec  72820  
[  5]  14.00-15.00  sec  80.6 MBytes   676 Mbits/sec  71760  
[  5]  15.00-16.00  sec  82.0 MBytes   688 Mbits/sec  73030  
[  5]  16.00-17.00  sec  81.2 MBytes   681 Mbits/sec  72260  
[  5]  17.00-18.00  sec  80.8 MBytes   678 Mbits/sec  71920  
[  5]  18.00-19.00  sec  82.4 MBytes   691 Mbits/sec  73320  
[  5]  19.00-20.00  sec  80.9 MBytes   678 Mbits/sec  71990  
[  5]  20.00-21.00  sec  81.6 MBytes   685 Mbits/sec  72670  
[  5]  21.00-22.00  sec  82.1 MBytes   689 Mbits/sec  73120  
[  5]  22.00-23.00  sec  81.2 MBytes   681 Mbits/sec  72300  
[  5]  23.00-24.00  sec  80.9 MBytes   678 Mbits/sec  72000  
[  5]  24.00-25.00  sec  77.6 MBytes   651 Mbits/sec  69050  
[  5]  25.00-26.00  sec  81.2 MBytes   681 Mbits/sec  72240  
[  5]  26.00-27.00  sec  82.1 MBytes   689 Mbits/sec  73090  
[  5]  27.00-28.00  sec  81.6 MBytes   684 Mbits/sec  72610  
[  5]  28.00-29.00  sec  81.6 MBytes   685 Mbits/sec  72660  
[  5]  29.00-30.00  sec  80.8 MBytes   677 Mbits/sec  71890  
[  5]  30.00-31.00  sec  82.0 MBytes   688 Mbits/sec  73020  
[  5]  31.00-32.00  sec  82.0 MBytes   688 Mbits/sec  72980  
[  5]  32.00-33.00  sec  81.3 MBytes   682 Mbits/sec  72410  
[  5]  33.00-34.00  sec  81.9 MBytes   687 Mbits/sec  72900  
[  5]  34.00-35.00  sec  80.6 MBytes   676 Mbits/sec  71720  
[  5]  35.00-36.00  sec  81.7 MBytes   686 Mbits/sec  72750  
[  5]  36.00-37.00  sec  82.4 MBytes   692 Mbits/sec  73390  
[  5]  37.00-38.00  sec  81.3 MBytes   682 Mbits/sec  72410  
[  5]  38.00-39.00  sec  81.6 MBytes   685 Mbits/sec  72670  
[  5]  39.00-40.00  sec  82.1 MBytes   688 Mbits/sec  73050  
[  5]  40.00-41.00  sec  81.9 MBytes   687 Mbits/sec  72940  
[  5]  41.00-42.00  sec  83.7 MBytes   702 Mbits/sec  74470  
[  5]  42.00-43.00  sec  81.9 MBytes   687 Mbits/sec  72910  
[  5]  43.00-44.00  sec  84.1 MBytes   705 Mbits/sec  74840  
[  5]  44.00-45.00  sec  81.0 MBytes   680 Mbits/sec  72140  
[  5]  45.00-46.00  sec  81.9 MBytes   687 Mbits/sec  72900  
[  5]  46.00-47.00  sec  82.2 MBytes   690 Mbits/sec  73190  
[  5]  47.00-48.00  sec  81.7 MBytes   685 Mbits/sec  72710  
[  5]  48.00-49.00  sec  82.0 MBytes   688 Mbits/sec  73020  
[  5]  49.00-50.00  sec  81.7 MBytes   685 Mbits/sec  72680  
[  5]  50.00-51.00  sec  81.8 MBytes   686 Mbits/sec  72840  
[  5]  51.00-52.00  sec  82.2 MBytes   689 Mbits/sec  73130  
[  5]  52.00-53.00  sec  80.7 MBytes   677 Mbits/sec  71830  
[  5]  53.00-54.00  sec  80.0 MBytes   671 Mbits/sec  71240  
[  5]  54.00-55.00  sec  79.1 MBytes   664 Mbits/sec  70410  
[  5]  55.00-56.00  sec  80.5 MBytes   675 Mbits/sec  71640  
[  5]  56.00-57.00  sec  81.0 MBytes   680 Mbits/sec  72140  
[  5]  57.00-58.00  sec  80.2 MBytes   673 Mbits/sec  71420  
[  5]  58.00-59.00  sec  82.0 MBytes   688 Mbits/sec  73030  
[  5]  59.00-60.00  sec  81.0 MBytes   680 Mbits/sec  72130  
- - - - - - - - - - - - - - - - - - - - - - - - -
[ ID] Interval           Transfer     Bitrate         Jitter    Lost/Total Datagrams
[  5]   0.00-60.00  sec  4.73 GBytes   677 Mbits/sec  0.000 ms  0/4311320 (0%)  sender
[  5]   0.00-60.08  sec  2.45 GBytes   351 Mbits/sec  0.010 ms  2105250/4311320 (49%)  receiver

iperf Done.
