Connecting to host knb-server-1143712, port 5201
[  5] local 10.136.173.107 port 50783 connected to 10.43.110.204 port 5201
[ ID] Interval           Transfer     Bitrate         Total Datagrams
[  5]   0.00-1.00   sec  52.1 MBytes   437 Mbits/sec  46390  (omitted)
[  5]   0.00-1.00   sec  53.2 MBytes   446 Mbits/sec  47380  
[  5]   1.00-2.00   sec  52.0 MBytes   436 Mbits/sec  46310  
[  5]   2.00-3.00   sec  52.5 MBytes   441 Mbits/sec  46770  
[  5]   3.00-4.00   sec  52.5 MBytes   440 Mbits/sec  46700  
[  5]   4.00-5.00   sec  53.8 MBytes   451 Mbits/sec  47860  
[  5]   5.00-6.00   sec  58.6 MBytes   491 Mbits/sec  52120  
[  5]   6.00-7.00   sec  57.4 MBytes   481 Mbits/sec  51050  
[  5]   7.00-8.00   sec  52.0 MBytes   436 Mbits/sec  46280  
[  5]   8.00-9.00   sec  54.3 MBytes   455 Mbits/sec  48300  
[  5]   9.00-10.00  sec  53.4 MBytes   448 Mbits/sec  47560  
[  5]  10.00-11.00  sec  53.3 MBytes   447 Mbits/sec  47430  
[  5]  11.00-12.00  sec  55.7 MBytes   467 Mbits/sec  49540  
[  5]  12.00-13.00  sec  51.1 MBytes   429 Mbits/sec  45490  
[  5]  13.00-14.00  sec  52.7 MBytes   442 Mbits/sec  46950  
[  5]  14.00-15.00  sec  55.1 MBytes   462 Mbits/sec  49050  
[  5]  15.00-16.00  sec  55.7 MBytes   467 Mbits/sec  49590  
[  5]  16.00-17.00  sec  55.2 MBytes   463 Mbits/sec  49170  
[  5]  17.00-18.00  sec  55.8 MBytes   468 Mbits/sec  49650  
[  5]  18.00-19.00  sec  47.2 MBytes   396 Mbits/sec  42050  
[  5]  19.00-20.00  sec  53.0 MBytes   445 Mbits/sec  47200  
[  5]  20.00-21.00  sec  48.9 MBytes   411 Mbits/sec  43570  
[  5]  21.00-22.00  sec  49.0 MBytes   411 Mbits/sec  43640  
[  5]  22.00-23.00  sec  49.2 MBytes   413 Mbits/sec  43810  
[  5]  23.00-24.00  sec  50.3 MBytes   422 Mbits/sec  44810  
[  5]  24.00-25.00  sec  53.4 MBytes   448 Mbits/sec  47560  
[  5]  25.00-26.00  sec  56.6 MBytes   475 Mbits/sec  50370  
[  5]  26.00-27.00  sec  51.6 MBytes   433 Mbits/sec  45930  
[  5]  27.00-28.00  sec  52.4 MBytes   439 Mbits/sec  46610  
[  5]  28.00-29.00  sec  54.3 MBytes   455 Mbits/sec  48320  
[  5]  29.00-30.00  sec  45.9 MBytes   385 Mbits/sec  40880  
[  5]  30.00-31.00  sec  44.5 MBytes   374 Mbits/sec  39650  
[  5]  31.00-32.00  sec  55.4 MBytes   465 Mbits/sec  49340  
[  5]  32.00-33.00  sec  53.7 MBytes   451 Mbits/sec  47840  
[  5]  33.00-34.00  sec  54.1 MBytes   454 Mbits/sec  48190  
[  5]  34.00-35.00  sec  53.3 MBytes   447 Mbits/sec  47400  
[  5]  35.00-36.00  sec  50.1 MBytes   420 Mbits/sec  44560  
[  5]  36.00-37.00  sec  52.5 MBytes   440 Mbits/sec  46740  
[  5]  37.00-38.00  sec  53.3 MBytes   447 Mbits/sec  47420  
[  5]  38.00-39.00  sec  51.5 MBytes   432 Mbits/sec  45880  
[  5]  39.00-40.00  sec  52.4 MBytes   440 Mbits/sec  46650  
[  5]  40.00-41.00  sec  51.3 MBytes   430 Mbits/sec  45640  
[  5]  41.00-42.00  sec  50.8 MBytes   426 Mbits/sec  45220  
[  5]  42.00-43.00  sec  51.6 MBytes   433 Mbits/sec  45940  
[  5]  43.00-44.00  sec  48.5 MBytes   407 Mbits/sec  43160  
[  5]  44.00-45.00  sec  55.6 MBytes   466 Mbits/sec  49500  
[  5]  45.00-46.00  sec  53.1 MBytes   445 Mbits/sec  47230  
[  5]  46.00-47.00  sec  49.4 MBytes   414 Mbits/sec  43940  
[  5]  47.00-48.00  sec  54.5 MBytes   457 Mbits/sec  48500  
[  5]  48.00-49.00  sec  57.5 MBytes   482 Mbits/sec  51170  
[  5]  49.00-50.00  sec  56.3 MBytes   472 Mbits/sec  50110  
[  5]  50.00-51.00  sec  51.0 MBytes   428 Mbits/sec  45370  
[  5]  51.00-52.00  sec  53.6 MBytes   450 Mbits/sec  47720  
[  5]  52.00-53.00  sec  54.5 MBytes   457 Mbits/sec  48470  
[  5]  53.00-54.00  sec  56.7 MBytes   476 Mbits/sec  50500  
[  5]  54.00-55.00  sec  47.4 MBytes   398 Mbits/sec  42190  
[  5]  55.00-56.00  sec  55.3 MBytes   463 Mbits/sec  49190  
[  5]  56.00-57.00  sec  45.3 MBytes   380 Mbits/sec  40360  
[  5]  57.00-58.00  sec  52.3 MBytes   439 Mbits/sec  46550  
[  5]  58.00-59.00  sec  49.7 MBytes   417 Mbits/sec  44250  
[  5]  59.00-60.00  sec  56.5 MBytes   474 Mbits/sec  50280  
- - - - - - - - - - - - - - - - - - - - - - - - -
[ ID] Interval           Transfer     Bitrate         Jitter    Lost/Total Datagrams
[  5]   0.00-60.00  sec  3.08 GBytes   442 Mbits/sec  0.000 ms  0/2810910 (0%)  sender
[  5]   0.00-62.11  sec  49.6 MBytes  6.70 Mbits/sec  0.950 ms  2773804/2772630 (1e+02%)  receiver

iperf Done.
