Connecting to host 10.136.80.172, port 5201
[  5] local 10.136.173.105 port 55757 connected to 10.136.80.172 port 5201
[ ID] Interval           Transfer     Bitrate         Total Datagrams
[  5]   0.00-1.00   sec  57.3 MBytes   481 Mbits/sec  51030  (omitted)
[  5]   0.00-1.00   sec  55.6 MBytes   466 Mbits/sec  49490  
[  5]   1.00-2.00   sec  57.4 MBytes   482 Mbits/sec  51100  
[  5]   2.00-3.00   sec  56.3 MBytes   473 Mbits/sec  50150  
[  5]   3.00-4.00   sec  63.5 MBytes   533 Mbits/sec  56510  
[  5]   4.00-5.00   sec  53.8 MBytes   451 Mbits/sec  47880  
[  5]   5.00-6.00   sec  49.3 MBytes   413 Mbits/sec  43860  
[  5]   6.00-7.00   sec  51.3 MBytes   430 Mbits/sec  45620  
[  5]   7.00-8.00   sec  48.2 MBytes   404 Mbits/sec  42890  
[  5]   8.00-9.00   sec  54.4 MBytes   457 Mbits/sec  48460  
[  5]   9.00-10.00  sec  57.2 MBytes   480 Mbits/sec  50940  
[  5]  10.00-11.00  sec  57.5 MBytes   482 Mbits/sec  51200  
[  5]  11.00-12.00  sec  59.1 MBytes   496 Mbits/sec  52640  
[  5]  12.00-13.00  sec  55.7 MBytes   467 Mbits/sec  49570  
[  5]  13.00-14.00  sec  57.0 MBytes   478 Mbits/sec  50700  
[  5]  14.00-15.00  sec  56.0 MBytes   470 Mbits/sec  49860  
[  5]  15.00-16.00  sec  58.0 MBytes   487 Mbits/sec  51660  
[  5]  16.00-17.00  sec  56.7 MBytes   475 Mbits/sec  50440  
[  5]  17.00-18.00  sec  53.1 MBytes   446 Mbits/sec  47290  
[  5]  18.00-19.00  sec  60.1 MBytes   504 Mbits/sec  53500  
[  5]  19.00-20.00  sec  54.2 MBytes   455 Mbits/sec  48240  
[  5]  20.00-21.00  sec  53.2 MBytes   446 Mbits/sec  47380  
[  5]  21.00-22.00  sec  57.5 MBytes   482 Mbits/sec  51140  
[  5]  22.00-23.00  sec  54.5 MBytes   457 Mbits/sec  48500  
[  5]  23.00-24.00  sec  56.9 MBytes   478 Mbits/sec  50690  
[  5]  24.00-25.00  sec  57.5 MBytes   482 Mbits/sec  51190  
[  5]  25.00-26.00  sec  52.4 MBytes   439 Mbits/sec  46620  
[  5]  26.00-27.00  sec  52.4 MBytes   439 Mbits/sec  46600  
[  5]  27.00-28.00  sec  50.1 MBytes   421 Mbits/sec  44640  
[  5]  28.00-29.00  sec  57.3 MBytes   481 Mbits/sec  51020  
[  5]  29.00-30.00  sec  55.2 MBytes   463 Mbits/sec  49160  
[  5]  30.00-31.00  sec  53.6 MBytes   449 Mbits/sec  47690  
[  5]  31.00-32.00  sec  55.0 MBytes   461 Mbits/sec  48960  
[  5]  32.00-33.00  sec  59.2 MBytes   497 Mbits/sec  52730  
[  5]  33.00-34.00  sec  56.8 MBytes   476 Mbits/sec  50560  
[  5]  34.00-35.00  sec  50.4 MBytes   423 Mbits/sec  44840  
[  5]  35.00-36.00  sec  55.6 MBytes   467 Mbits/sec  49520  
[  5]  36.00-37.00  sec  54.6 MBytes   458 Mbits/sec  48580  
[  5]  37.00-38.00  sec  53.9 MBytes   452 Mbits/sec  47980  
[  5]  38.00-39.00  sec  54.6 MBytes   458 Mbits/sec  48620  
[  5]  39.00-40.00  sec  52.9 MBytes   444 Mbits/sec  47090  
[  5]  40.00-41.00  sec  55.8 MBytes   468 Mbits/sec  49640  
[  5]  41.00-42.00  sec  55.1 MBytes   462 Mbits/sec  49040  
[  5]  42.00-43.00  sec  57.0 MBytes   478 Mbits/sec  50740  
[  5]  43.00-44.00  sec  54.3 MBytes   455 Mbits/sec  48300  
[  5]  44.00-45.00  sec  54.9 MBytes   460 Mbits/sec  48840  
[  5]  45.00-46.00  sec  58.1 MBytes   488 Mbits/sec  51760  
[  5]  46.00-47.00  sec  52.0 MBytes   436 Mbits/sec  46280  
[  5]  47.00-48.00  sec  56.5 MBytes   474 Mbits/sec  50320  
[  5]  48.00-49.00  sec  56.8 MBytes   477 Mbits/sec  50560  
[  5]  49.00-50.00  sec  56.1 MBytes   471 Mbits/sec  49960  
[  5]  50.00-51.00  sec  54.5 MBytes   457 Mbits/sec  48480  
[  5]  51.00-52.00  sec  59.6 MBytes   500 Mbits/sec  53070  
[  5]  52.00-53.00  sec  49.4 MBytes   415 Mbits/sec  43990  
[  5]  53.00-54.00  sec  61.5 MBytes   515 Mbits/sec  54700  
[  5]  54.00-55.00  sec  58.0 MBytes   487 Mbits/sec  51630  
[  5]  55.00-56.00  sec  56.3 MBytes   472 Mbits/sec  50100  
[  5]  56.00-57.00  sec  55.9 MBytes   469 Mbits/sec  49780  
[  5]  57.00-58.00  sec  52.2 MBytes   438 Mbits/sec  46500  
[  5]  58.00-59.00  sec  51.5 MBytes   432 Mbits/sec  45880  
[  5]  59.00-60.00  sec  50.9 MBytes   427 Mbits/sec  45340  
- - - - - - - - - - - - - - - - - - - - - - - - -
[ ID] Interval           Transfer     Bitrate         Jitter    Lost/Total Datagrams
[  5]   0.00-60.00  sec  3.24 GBytes   463 Mbits/sec  0.000 ms  0/2950420 (0%)  sender
[  5]   0.00-60.91  sec  67.3 MBytes  9.26 Mbits/sec  0.014 ms  2934473/2943679 (1e+02%)  receiver

iperf Done.
