Connecting to host knb-server-849195, port 5201
[  5] local 10.136.173.76 port 49188 connected to 10.43.21.178 port 5201
[ ID] Interval           Transfer     Bitrate         Total Datagrams
[  5]   0.00-1.00   sec  32.4 MBytes   272 Mbits/sec  28870  (omitted)
[  5]   0.00-1.00   sec  70.6 MBytes   593 Mbits/sec  62880  
[  5]   1.00-2.00   sec  71.6 MBytes   600 Mbits/sec  63690  
[  5]   2.00-3.00   sec  65.5 MBytes   549 Mbits/sec  58270  
[  5]   3.00-4.00   sec  72.6 MBytes   609 Mbits/sec  64600  
[  5]   4.00-5.00   sec  72.8 MBytes   610 Mbits/sec  64780  
[  5]   5.00-6.00   sec  71.5 MBytes   599 Mbits/sec  63610  
[  5]   6.00-7.00   sec  72.6 MBytes   609 Mbits/sec  64620  
[  5]   7.00-8.00   sec  71.3 MBytes   598 Mbits/sec  63430  
[  5]   8.00-9.00   sec  73.8 MBytes   619 Mbits/sec  65660  
[  5]   9.00-10.00  sec  73.2 MBytes   614 Mbits/sec  65150  
[  5]  10.00-11.00  sec  73.7 MBytes   618 Mbits/sec  65630  
[  5]  11.00-12.00  sec  73.7 MBytes   618 Mbits/sec  65630  
[  5]  12.00-13.00  sec  69.0 MBytes   579 Mbits/sec  61410  
[  5]  13.00-14.00  sec  69.3 MBytes   582 Mbits/sec  61730  
[  5]  14.00-15.00  sec  68.3 MBytes   573 Mbits/sec  60840  
[  5]  15.00-16.00  sec  67.3 MBytes   564 Mbits/sec  59880  
[  5]  16.00-17.00  sec  68.6 MBytes   575 Mbits/sec  61070  
[  5]  17.00-18.00  sec  66.1 MBytes   554 Mbits/sec  58800  
[  5]  18.00-19.00  sec  68.5 MBytes   574 Mbits/sec  60930  
[  5]  19.00-20.00  sec  67.5 MBytes   566 Mbits/sec  60080  
[  5]  20.00-21.00  sec  68.0 MBytes   571 Mbits/sec  60550  
[  5]  21.00-22.00  sec  65.2 MBytes   547 Mbits/sec  58040  
[  5]  22.00-23.00  sec  59.9 MBytes   503 Mbits/sec  53360  
[  5]  23.00-24.00  sec  58.4 MBytes   490 Mbits/sec  51970  
[  5]  24.00-25.00  sec  73.9 MBytes   620 Mbits/sec  65790  
[  5]  25.00-26.00  sec  72.9 MBytes   611 Mbits/sec  64880  
[  5]  26.00-27.00  sec  52.2 MBytes   438 Mbits/sec  46500  
[  5]  27.00-28.00  sec  72.0 MBytes   604 Mbits/sec  64110  
[  5]  28.00-29.00  sec  71.4 MBytes   599 Mbits/sec  63540  
[  5]  29.00-30.00  sec  70.7 MBytes   593 Mbits/sec  62890  
[  5]  30.00-31.00  sec  71.1 MBytes   596 Mbits/sec  63270  
[  5]  31.00-32.00  sec  70.5 MBytes   592 Mbits/sec  62780  
[  5]  32.00-33.00  sec  73.7 MBytes   619 Mbits/sec  65630  
[  5]  33.00-34.00  sec  69.3 MBytes   581 Mbits/sec  61680  
[  5]  34.00-35.00  sec  72.2 MBytes   606 Mbits/sec  64280  
[  5]  35.00-36.00  sec  72.2 MBytes   605 Mbits/sec  64240  
[  5]  36.00-37.00  sec  71.7 MBytes   601 Mbits/sec  63810  
[  5]  37.00-38.00  sec  63.2 MBytes   530 Mbits/sec  56280  
[  5]  38.00-39.00  sec  50.4 MBytes   422 Mbits/sec  44830  
[  5]  39.00-40.00  sec  68.9 MBytes   578 Mbits/sec  61310  
[  5]  40.00-41.00  sec  72.3 MBytes   606 Mbits/sec  64360  
[  5]  41.00-42.00  sec  81.7 MBytes   685 Mbits/sec  72730  
[  5]  42.00-43.00  sec  79.6 MBytes   667 Mbits/sec  70820  
[  5]  43.00-44.00  sec  71.9 MBytes   603 Mbits/sec  63980  
[  5]  44.00-45.00  sec  71.5 MBytes   600 Mbits/sec  63630  
[  5]  45.00-46.00  sec  71.4 MBytes   599 Mbits/sec  63570  
[  5]  46.00-47.00  sec  71.9 MBytes   603 Mbits/sec  63980  
[  5]  47.00-48.00  sec  71.8 MBytes   602 Mbits/sec  63910  
[  5]  48.00-49.00  sec  73.0 MBytes   612 Mbits/sec  64980  
[  5]  49.00-50.00  sec  73.8 MBytes   619 Mbits/sec  65680  
[  5]  50.00-51.00  sec  65.7 MBytes   551 Mbits/sec  58510  
[  5]  51.00-52.00  sec  65.2 MBytes   547 Mbits/sec  58030  
[  5]  52.00-53.00  sec  73.3 MBytes   615 Mbits/sec  65250  
[  5]  53.00-54.00  sec  73.0 MBytes   612 Mbits/sec  64980  
[  5]  54.00-55.00  sec  65.7 MBytes   551 Mbits/sec  58460  
[  5]  55.00-56.00  sec  69.1 MBytes   579 Mbits/sec  61490  
[  5]  56.00-57.00  sec  69.9 MBytes   586 Mbits/sec  62190  
[  5]  57.00-58.00  sec  68.8 MBytes   577 Mbits/sec  61230  
[  5]  58.00-59.00  sec  63.5 MBytes   533 Mbits/sec  56530  
[  5]  59.00-60.00  sec  71.8 MBytes   602 Mbits/sec  63910  
- - - - - - - - - - - - - - - - - - - - - - - - -
[ ID] Interval           Transfer     Bitrate         Jitter    Lost/Total Datagrams
[  5]   0.00-60.00  sec  4.08 GBytes   584 Mbits/sec  0.000 ms  0/3720650 (0%)  sender
[  5]   0.00-61.68  sec   290 MBytes  39.5 Mbits/sec  0.030 ms  3479150/3709326 (94%)  receiver

iperf Done.
