Connecting to host 10.136.80.169, port 5201
[  5] local 10.136.173.106 port 42416 connected to 10.136.80.169 port 5201
[ ID] Interval           Transfer     Bitrate         Retr  Cwnd
[  5]   0.00-1.00   sec  3.10 MBytes  26.0 Mbits/sec  156   2.30 KBytes       (omitted)
[  5]   0.00-1.00   sec  2.97 MBytes  24.9 Mbits/sec  132   3.45 KBytes       
[  5]   1.00-2.00   sec  1.37 MBytes  11.5 Mbits/sec   73   2.30 KBytes       
[  5]   2.00-3.00   sec  2.51 MBytes  21.0 Mbits/sec  114   1.15 KBytes       
[  5]   3.00-4.00   sec   833 KBytes  6.82 Mbits/sec   45   2.30 KBytes       
[  5]   4.00-5.00   sec  1.20 MBytes  10.1 Mbits/sec   72   4.60 KBytes       
[  5]   5.00-6.00   sec  2.50 MBytes  20.9 Mbits/sec  111   5.75 KBytes       
[  5]   6.00-7.00   sec  2.24 MBytes  18.8 Mbits/sec   97   3.45 KBytes       
[  5]   7.00-8.00   sec  1.63 MBytes  13.7 Mbits/sec   96   3.45 KBytes       
[  5]   8.00-9.00   sec  1.68 MBytes  14.1 Mbits/sec   68   1.15 KBytes       
[  5]   9.00-10.00  sec  2.68 MBytes  22.5 Mbits/sec  112   2.30 KBytes       
[  5]  10.00-11.00  sec   886 KBytes  7.26 Mbits/sec   47   2.30 KBytes       
[  5]  11.00-12.00  sec  1.36 MBytes  11.4 Mbits/sec   65   1.15 KBytes       
[  5]  12.00-13.00  sec   823 KBytes  6.74 Mbits/sec   32   2.30 KBytes       
[  5]  13.00-14.00  sec  2.25 MBytes  18.9 Mbits/sec  101   2.30 KBytes       
[  5]  14.00-15.00  sec  1.27 MBytes  10.6 Mbits/sec   51   12.7 KBytes       
[  5]  15.00-16.00  sec  1.86 MBytes  15.6 Mbits/sec   84   2.30 KBytes       
[  5]  16.00-17.00  sec   759 KBytes  6.22 Mbits/sec   37   2.30 KBytes       
[  5]  17.00-18.00  sec  1.77 MBytes  14.9 Mbits/sec   84   11.5 KBytes       
[  5]  18.00-19.00  sec   699 KBytes  5.73 Mbits/sec   44   2.30 KBytes       
[  5]  19.00-20.00  sec  1.99 MBytes  16.7 Mbits/sec   95   1.15 KBytes       
[  5]  20.00-21.00  sec   904 KBytes  7.41 Mbits/sec   44   1.15 KBytes       
[  5]  21.00-22.00  sec  1.49 MBytes  12.5 Mbits/sec   74   2.30 KBytes       
[  5]  22.00-23.00  sec  1.48 MBytes  12.4 Mbits/sec   66   2.30 KBytes       
[  5]  23.00-24.00  sec  1.24 MBytes  10.4 Mbits/sec   62   1.15 KBytes       
[  5]  24.00-25.00  sec  1.18 MBytes  9.89 Mbits/sec   58   5.75 KBytes       
[  5]  25.00-26.00  sec   832 KBytes  6.81 Mbits/sec   53   1.15 KBytes       
[  5]  26.00-27.00  sec  2.07 MBytes  17.4 Mbits/sec   98   2.30 KBytes       
[  5]  27.00-28.00  sec   887 KBytes  7.27 Mbits/sec   40   5.75 KBytes       
[  5]  28.00-29.00  sec  1.81 MBytes  15.1 Mbits/sec   90   2.30 KBytes       
[  5]  29.00-30.00  sec  1.73 MBytes  14.5 Mbits/sec   85   3.45 KBytes       
[  5]  30.00-31.00  sec  1.32 MBytes  11.1 Mbits/sec   65   1.15 KBytes       
[  5]  31.00-32.00  sec  1.75 MBytes  14.7 Mbits/sec   75   2.30 KBytes       
[  5]  32.00-33.00  sec  1012 KBytes  8.29 Mbits/sec   52   2.30 KBytes       
[  5]  33.00-34.00  sec  1.30 MBytes  10.9 Mbits/sec   56   4.60 KBytes       
[  5]  34.00-35.00  sec  1.30 MBytes  10.9 Mbits/sec   54   3.45 KBytes       
[  5]  35.00-36.00  sec   696 KBytes  5.70 Mbits/sec   35   2.30 KBytes       
[  5]  36.00-37.00  sec  2.44 MBytes  20.5 Mbits/sec  105   2.30 KBytes       
[  5]  37.00-38.00  sec  1.12 MBytes  9.37 Mbits/sec   58   1.15 KBytes       
[  5]  38.00-39.00  sec  2.66 MBytes  22.3 Mbits/sec  128   2.30 KBytes       
[  5]  39.00-40.00  sec   633 KBytes  5.18 Mbits/sec   27   1.15 KBytes       
[  5]  40.00-41.00  sec  1.36 MBytes  11.4 Mbits/sec   66   5.75 KBytes       
[  5]  41.00-42.00  sec  1.48 MBytes  12.4 Mbits/sec   67   1.15 KBytes       
[  5]  42.00-43.00  sec  1.56 MBytes  13.1 Mbits/sec   66   2.30 KBytes       
[  5]  43.00-44.00  sec  1.36 MBytes  11.4 Mbits/sec   63   2.30 KBytes       
[  5]  44.00-45.00  sec   886 KBytes  7.26 Mbits/sec   42   2.30 KBytes       
[  5]  45.00-46.00  sec  2.25 MBytes  18.8 Mbits/sec  101   1.15 KBytes       
[  5]  46.00-47.00  sec  1.06 MBytes  8.88 Mbits/sec   59   1.15 KBytes       
[  5]  47.00-48.00  sec  1016 KBytes  8.32 Mbits/sec   46   2.30 KBytes       
[  5]  48.00-49.00  sec  1.80 MBytes  15.1 Mbits/sec   90   3.45 KBytes       
[  5]  49.00-50.00  sec  1.61 MBytes  13.5 Mbits/sec   64   2.30 KBytes       
[  5]  50.00-51.00  sec  1.75 MBytes  14.7 Mbits/sec   79   8.05 KBytes       
[  5]  51.00-52.00  sec  2.07 MBytes  17.3 Mbits/sec   87   2.30 KBytes       
[  5]  52.00-53.00  sec  2.33 MBytes  19.5 Mbits/sec   97   1.15 KBytes       
[  5]  53.00-54.00  sec  1.61 MBytes  13.5 Mbits/sec   74   4.60 KBytes       
[  5]  54.00-55.00  sec  1.73 MBytes  14.5 Mbits/sec   88   2.30 KBytes       
[  5]  55.00-56.00  sec  2.42 MBytes  20.3 Mbits/sec  107   2.30 KBytes       
[  5]  56.00-57.00  sec  1.62 MBytes  13.6 Mbits/sec   71   4.60 KBytes       
[  5]  57.00-58.00  sec  1.24 MBytes  10.4 Mbits/sec   56   2.30 KBytes       
[  5]  58.00-59.00  sec  1023 KBytes  8.38 Mbits/sec   62   2.30 KBytes       
[  5]  59.00-60.00  sec  1012 KBytes  8.30 Mbits/sec   51   2.30 KBytes       
- - - - - - - - - - - - - - - - - - - - - - - - -
[ ID] Interval           Transfer     Bitrate         Retr
[  5]   0.00-60.00  sec  92.0 MBytes  12.9 Mbits/sec  4321             sender
[  5]   0.00-60.04  sec  92.0 MBytes  12.9 Mbits/sec                  receiver

iperf Done.
