Connecting to host knb-server-251379, port 5201
[  5] local 10.136.173.85 port 60562 connected to 10.43.192.33 port 5201
[ ID] Interval           Transfer     Bitrate         Total Datagrams
[  5]   0.00-1.00   sec  52.1 MBytes   437 Mbits/sec  46400  (omitted)
[  5]   0.00-1.00   sec  51.6 MBytes   433 Mbits/sec  45960  
[  5]   1.00-2.00   sec  51.8 MBytes   434 Mbits/sec  46080  
[  5]   2.00-3.00   sec  52.5 MBytes   440 Mbits/sec  46690  
[  5]   3.00-4.00   sec  53.2 MBytes   446 Mbits/sec  47360  
[  5]   4.00-5.00   sec  54.6 MBytes   458 Mbits/sec  48570  
[  5]   5.00-6.00   sec  51.3 MBytes   430 Mbits/sec  45680  
[  5]   6.00-7.00   sec  50.8 MBytes   426 Mbits/sec  45220  
[  5]   7.00-8.00   sec  51.5 MBytes   432 Mbits/sec  45860  
[  5]   8.00-9.00   sec  51.2 MBytes   430 Mbits/sec  45580  
[  5]   9.00-10.00  sec  52.6 MBytes   441 Mbits/sec  46780  
[  5]  10.00-11.00  sec  52.0 MBytes   436 Mbits/sec  46250  
[  5]  11.00-12.00  sec  50.7 MBytes   425 Mbits/sec  45120  
[  5]  12.00-13.00  sec  52.6 MBytes   441 Mbits/sec  46800  
[  5]  13.00-14.00  sec  51.4 MBytes   431 Mbits/sec  45750  
[  5]  14.00-15.00  sec  53.2 MBytes   446 Mbits/sec  47320  
[  5]  15.00-16.00  sec  49.7 MBytes   417 Mbits/sec  44210  
[  5]  16.00-17.00  sec  53.8 MBytes   452 Mbits/sec  47930  
[  5]  17.00-18.00  sec  52.9 MBytes   444 Mbits/sec  47110  
[  5]  18.00-19.00  sec  53.4 MBytes   448 Mbits/sec  47560  
[  5]  19.00-20.00  sec  53.6 MBytes   449 Mbits/sec  47670  
[  5]  20.00-21.00  sec  51.1 MBytes   428 Mbits/sec  45450  
[  5]  21.00-22.00  sec  53.0 MBytes   445 Mbits/sec  47200  
[  5]  22.00-23.00  sec  51.3 MBytes   430 Mbits/sec  45660  
[  5]  23.00-24.00  sec  51.3 MBytes   430 Mbits/sec  45650  
[  5]  24.00-25.00  sec  50.3 MBytes   421 Mbits/sec  44730  
[  5]  25.00-26.00  sec  57.7 MBytes   484 Mbits/sec  51320  
[  5]  26.00-27.00  sec  51.5 MBytes   432 Mbits/sec  45880  
[  5]  27.00-28.00  sec  51.2 MBytes   429 Mbits/sec  45580  
[  5]  28.00-29.00  sec  51.6 MBytes   433 Mbits/sec  45910  
[  5]  29.00-30.00  sec  55.3 MBytes   464 Mbits/sec  49260  
[  5]  30.00-31.00  sec  42.1 MBytes   353 Mbits/sec  37440  
[  5]  31.00-32.00  sec  52.2 MBytes   438 Mbits/sec  46440  
[  5]  32.00-33.00  sec  52.0 MBytes   436 Mbits/sec  46270  
[  5]  33.00-34.00  sec  52.7 MBytes   442 Mbits/sec  46900  
[  5]  34.00-35.00  sec  50.2 MBytes   421 Mbits/sec  44700  
[  5]  35.00-36.00  sec  52.9 MBytes   444 Mbits/sec  47130  
[  5]  36.00-37.00  sec  54.7 MBytes   459 Mbits/sec  48710  
[  5]  37.00-38.00  sec  50.8 MBytes   426 Mbits/sec  45220  
[  5]  38.00-39.00  sec  50.6 MBytes   424 Mbits/sec  45030  
[  5]  39.00-40.00  sec  52.2 MBytes   438 Mbits/sec  46500  
[  5]  40.00-41.00  sec  49.1 MBytes   412 Mbits/sec  43680  
[  5]  41.00-42.00  sec  49.6 MBytes   416 Mbits/sec  44170  
[  5]  42.00-43.00  sec  52.3 MBytes   438 Mbits/sec  46510  
[  5]  43.00-44.00  sec  52.4 MBytes   439 Mbits/sec  46610  
[  5]  44.00-45.00  sec  51.7 MBytes   434 Mbits/sec  46030  
[  5]  45.00-46.00  sec  50.4 MBytes   423 Mbits/sec  44850  
[  5]  46.00-47.00  sec  50.8 MBytes   426 Mbits/sec  45250  
[  5]  47.00-48.00  sec  51.3 MBytes   430 Mbits/sec  45640  
[  5]  48.00-49.00  sec  52.6 MBytes   442 Mbits/sec  46860  
[  5]  49.00-50.00  sec  54.6 MBytes   458 Mbits/sec  48620  
[  5]  50.00-51.00  sec  50.0 MBytes   419 Mbits/sec  44470  
[  5]  51.00-52.00  sec  56.0 MBytes   470 Mbits/sec  49870  
[  5]  52.00-53.00  sec  51.0 MBytes   428 Mbits/sec  45440  
[  5]  53.00-54.00  sec  51.0 MBytes   427 Mbits/sec  45360  
[  5]  54.00-55.00  sec  51.8 MBytes   435 Mbits/sec  46110  
[  5]  55.00-56.00  sec  51.6 MBytes   433 Mbits/sec  45920  
[  5]  56.00-57.00  sec  50.5 MBytes   424 Mbits/sec  44990  
[  5]  57.00-58.00  sec  52.7 MBytes   442 Mbits/sec  46900  
[  5]  58.00-59.00  sec  52.8 MBytes   443 Mbits/sec  46980  
[  5]  59.00-60.00  sec  54.1 MBytes   454 Mbits/sec  48170  
- - - - - - - - - - - - - - - - - - - - - - - - -
[ ID] Interval           Transfer     Bitrate         Jitter    Lost/Total Datagrams
[  5]   0.00-60.00  sec  3.04 GBytes   436 Mbits/sec  0.000 ms  0/2772910 (0%)  sender
[  5]   0.00-60.23  sec  1.88 GBytes   268 Mbits/sec  0.021 ms  1083938/2772910 (39%)  receiver

iperf Done.
