Connecting to host 10.136.80.137, port 5201
[  5] local 10.136.173.83 port 55460 connected to 10.136.80.137 port 5201
[ ID] Interval           Transfer     Bitrate         Total Datagrams
[  5]   0.00-1.00   sec  54.4 MBytes   456 Mbits/sec  48410  (omitted)
[  5]   0.00-1.00   sec  56.0 MBytes   469 Mbits/sec  49810  
[  5]   1.00-2.00   sec  53.0 MBytes   445 Mbits/sec  47220  
[  5]   2.00-3.00   sec  51.8 MBytes   435 Mbits/sec  46140  
[  5]   3.00-4.00   sec  55.4 MBytes   465 Mbits/sec  49290  
[  5]   4.00-5.00   sec  51.4 MBytes   431 Mbits/sec  45740  
[  5]   5.00-6.00   sec  56.5 MBytes   474 Mbits/sec  50310  
[  5]   6.00-7.00   sec  52.2 MBytes   438 Mbits/sec  46460  
[  5]   7.00-8.00   sec  52.3 MBytes   439 Mbits/sec  46590  
[  5]   8.00-9.00   sec  52.2 MBytes   438 Mbits/sec  46440  
[  5]   9.00-10.00  sec  49.7 MBytes   417 Mbits/sec  44230  
[  5]  10.00-11.00  sec  53.6 MBytes   450 Mbits/sec  47750  
[  5]  11.00-12.00  sec  48.3 MBytes   405 Mbits/sec  42980  
[  5]  12.00-13.00  sec  52.8 MBytes   443 Mbits/sec  46970  
[  5]  13.00-14.00  sec  53.0 MBytes   445 Mbits/sec  47160  
[  5]  14.00-15.00  sec  53.6 MBytes   449 Mbits/sec  47670  
[  5]  15.00-16.00  sec  53.2 MBytes   446 Mbits/sec  47350  
[  5]  16.00-17.00  sec  53.4 MBytes   448 Mbits/sec  47500  
[  5]  17.00-18.00  sec  53.4 MBytes   448 Mbits/sec  47550  
[  5]  18.00-19.00  sec  41.9 MBytes   352 Mbits/sec  37310  
[  5]  19.00-20.00  sec  53.6 MBytes   449 Mbits/sec  47670  
[  5]  20.00-21.00  sec  52.8 MBytes   443 Mbits/sec  47030  
[  5]  21.00-22.00  sec  55.5 MBytes   466 Mbits/sec  49420  
[  5]  22.00-23.00  sec  51.6 MBytes   433 Mbits/sec  45900  
[  5]  23.00-24.00  sec  54.5 MBytes   457 Mbits/sec  48480  
[  5]  24.00-25.00  sec  53.1 MBytes   445 Mbits/sec  47260  
[  5]  25.00-26.00  sec  52.1 MBytes   437 Mbits/sec  46380  
[  5]  26.00-27.00  sec  53.3 MBytes   447 Mbits/sec  47450  
[  5]  27.00-28.00  sec  56.7 MBytes   476 Mbits/sec  50470  
[  5]  28.00-29.00  sec  53.8 MBytes   451 Mbits/sec  47870  
[  5]  29.00-30.00  sec  54.7 MBytes   459 Mbits/sec  48710  
[  5]  30.00-31.00  sec  52.6 MBytes   442 Mbits/sec  46850  
[  5]  31.00-32.00  sec  54.2 MBytes   454 Mbits/sec  48210  
[  5]  32.00-33.00  sec  51.8 MBytes   435 Mbits/sec  46150  
[  5]  33.00-34.00  sec  51.9 MBytes   435 Mbits/sec  46200  
[  5]  34.00-35.00  sec  52.4 MBytes   440 Mbits/sec  46650  
[  5]  35.00-36.00  sec  57.9 MBytes   486 Mbits/sec  51530  
[  5]  36.00-37.00  sec  53.5 MBytes   448 Mbits/sec  47580  
[  5]  37.00-38.00  sec  51.4 MBytes   431 Mbits/sec  45790  
[  5]  38.00-39.00  sec  53.1 MBytes   445 Mbits/sec  47230  
[  5]  39.00-40.00  sec  52.1 MBytes   437 Mbits/sec  46380  
[  5]  40.00-41.00  sec  52.8 MBytes   443 Mbits/sec  46990  
[  5]  41.00-42.00  sec  50.7 MBytes   425 Mbits/sec  45150  
[  5]  42.00-43.00  sec  52.8 MBytes   443 Mbits/sec  47030  
[  5]  43.00-44.00  sec  52.4 MBytes   440 Mbits/sec  46650  
[  5]  44.00-45.00  sec  51.6 MBytes   432 Mbits/sec  45890  
[  5]  45.00-46.00  sec  52.0 MBytes   437 Mbits/sec  46330  
[  5]  46.00-47.00  sec  53.4 MBytes   448 Mbits/sec  47570  
[  5]  47.00-48.00  sec  52.0 MBytes   436 Mbits/sec  46280  
[  5]  48.00-49.00  sec  52.8 MBytes   443 Mbits/sec  46990  
[  5]  49.00-50.00  sec  51.2 MBytes   429 Mbits/sec  45550  
[  5]  50.00-51.00  sec  53.5 MBytes   449 Mbits/sec  47660  
[  5]  51.00-52.00  sec  52.8 MBytes   443 Mbits/sec  47000  
[  5]  52.00-53.00  sec  53.5 MBytes   448 Mbits/sec  47580  
[  5]  53.00-54.00  sec  52.6 MBytes   441 Mbits/sec  46820  
[  5]  54.00-55.00  sec  53.3 MBytes   447 Mbits/sec  47410  
[  5]  55.00-56.00  sec  53.3 MBytes   447 Mbits/sec  47440  
[  5]  56.00-57.00  sec  52.8 MBytes   443 Mbits/sec  46980  
[  5]  57.00-58.00  sec  55.8 MBytes   468 Mbits/sec  49690  
[  5]  58.00-59.00  sec  57.6 MBytes   483 Mbits/sec  51300  
[  5]  59.00-60.00  sec  52.4 MBytes   439 Mbits/sec  46600  
- - - - - - - - - - - - - - - - - - - - - - - - -
[ ID] Interval           Transfer     Bitrate         Jitter    Lost/Total Datagrams
[  5]   0.00-60.00  sec  3.10 GBytes   444 Mbits/sec  0.000 ms  0/2826590 (0%)  sender
[  5]   0.00-60.20  sec  1.87 GBytes   266 Mbits/sec  0.034 ms  1146274/2826590 (41%)  receiver

iperf Done.
