Connecting to host 10.136.80.152, port 5201
[  5] local 10.136.173.125 port 39545 connected to 10.136.80.152 port 5201
[ ID] Interval           Transfer     Bitrate         Total Datagrams
[  5]   0.00-1.00   sec  64.1 MBytes   538 Mbits/sec  57100  (omitted)
[  5]   0.00-1.00   sec  65.9 MBytes   553 Mbits/sec  58690  
[  5]   1.00-2.00   sec  79.5 MBytes   667 Mbits/sec  70730  
[  5]   2.00-3.00   sec  80.7 MBytes   677 Mbits/sec  71860  
[  5]   3.00-4.00   sec  73.8 MBytes   619 Mbits/sec  65700  
[  5]   4.00-5.00   sec  66.8 MBytes   560 Mbits/sec  59460  
[  5]   5.00-6.00   sec  66.1 MBytes   555 Mbits/sec  58880  
[  5]   6.00-7.00   sec  65.7 MBytes   551 Mbits/sec  58470  
[  5]   7.00-8.00   sec  65.3 MBytes   548 Mbits/sec  58120  
[  5]   8.00-9.00   sec  66.8 MBytes   560 Mbits/sec  59440  
[  5]   9.00-10.00  sec  65.5 MBytes   549 Mbits/sec  58270  
[  5]  10.00-11.00  sec  65.5 MBytes   550 Mbits/sec  58320  
[  5]  11.00-12.00  sec  64.9 MBytes   545 Mbits/sec  57800  
[  5]  12.00-13.00  sec  66.8 MBytes   561 Mbits/sec  59480  
[  5]  13.00-14.00  sec  66.7 MBytes   560 Mbits/sec  59370  
[  5]  14.00-15.00  sec  64.5 MBytes   541 Mbits/sec  57450  
[  5]  15.00-16.00  sec  65.6 MBytes   550 Mbits/sec  58380  
[  5]  16.00-17.00  sec  65.2 MBytes   547 Mbits/sec  58020  
[  5]  17.00-18.00  sec  66.8 MBytes   561 Mbits/sec  59480  
[  5]  18.00-19.00  sec  66.1 MBytes   555 Mbits/sec  58860  
[  5]  19.00-20.00  sec  64.7 MBytes   543 Mbits/sec  57630  
[  5]  20.00-21.00  sec  65.9 MBytes   553 Mbits/sec  58690  
[  5]  21.00-22.00  sec  67.0 MBytes   562 Mbits/sec  59650  
[  5]  22.00-23.00  sec  77.4 MBytes   649 Mbits/sec  68900  
[  5]  23.00-24.00  sec  81.8 MBytes   686 Mbits/sec  72790  
[  5]  24.00-25.00  sec  80.8 MBytes   678 Mbits/sec  71920  
[  5]  25.00-26.00  sec  81.1 MBytes   680 Mbits/sec  72180  
[  5]  26.00-27.00  sec  80.5 MBytes   675 Mbits/sec  71650  
[  5]  27.00-28.00  sec  65.6 MBytes   550 Mbits/sec  58380  
[  5]  28.00-29.00  sec  63.0 MBytes   529 Mbits/sec  56100  
[  5]  29.00-30.00  sec  71.4 MBytes   599 Mbits/sec  63530  
[  5]  30.00-31.00  sec  66.4 MBytes   557 Mbits/sec  59120  
[  5]  31.00-32.00  sec  64.8 MBytes   543 Mbits/sec  57640  
[  5]  32.00-33.00  sec  66.3 MBytes   556 Mbits/sec  59020  
[  5]  33.00-34.00  sec  65.0 MBytes   546 Mbits/sec  57900  
[  5]  34.00-35.00  sec  64.6 MBytes   542 Mbits/sec  57460  
[  5]  35.00-36.00  sec  67.2 MBytes   564 Mbits/sec  59830  
[  5]  36.00-37.00  sec  66.2 MBytes   556 Mbits/sec  58960  
[  5]  37.00-38.00  sec  64.9 MBytes   545 Mbits/sec  57780  
[  5]  38.00-39.00  sec  62.6 MBytes   525 Mbits/sec  55700  
[  5]  39.00-40.00  sec  66.2 MBytes   555 Mbits/sec  58890  
[  5]  40.00-41.00  sec  65.1 MBytes   546 Mbits/sec  57990  
[  5]  41.00-42.00  sec  64.6 MBytes   542 Mbits/sec  57520  
[  5]  42.00-43.00  sec  66.5 MBytes   558 Mbits/sec  59180  
[  5]  43.00-44.00  sec  66.3 MBytes   556 Mbits/sec  59020  
[  5]  44.00-45.00  sec  67.5 MBytes   566 Mbits/sec  60060  
[  5]  45.00-46.00  sec  67.4 MBytes   565 Mbits/sec  59990  
[  5]  46.00-47.00  sec  66.9 MBytes   561 Mbits/sec  59510  
[  5]  47.00-48.00  sec  65.6 MBytes   551 Mbits/sec  58430  
[  5]  48.00-49.00  sec  67.0 MBytes   562 Mbits/sec  59640  
[  5]  49.00-50.00  sec  65.7 MBytes   551 Mbits/sec  58440  
[  5]  50.00-51.00  sec  66.2 MBytes   555 Mbits/sec  58920  
[  5]  51.00-52.00  sec  66.2 MBytes   556 Mbits/sec  58970  
[  5]  52.00-53.00  sec  67.3 MBytes   565 Mbits/sec  59950  
[  5]  53.00-54.00  sec  67.4 MBytes   566 Mbits/sec  60020  
[  5]  54.00-55.00  sec  62.4 MBytes   523 Mbits/sec  55520  
[  5]  55.00-56.00  sec  62.6 MBytes   525 Mbits/sec  55720  
[  5]  56.00-57.00  sec  65.2 MBytes   547 Mbits/sec  58080  
[  5]  57.00-58.00  sec  66.0 MBytes   553 Mbits/sec  58720  
[  5]  58.00-59.00  sec  65.2 MBytes   547 Mbits/sec  58030  
[  5]  59.00-60.00  sec  67.7 MBytes   568 Mbits/sec  60220  
- - - - - - - - - - - - - - - - - - - - - - - - -
[ ID] Interval           Transfer     Bitrate         Jitter    Lost/Total Datagrams
[  5]   0.00-60.00  sec  3.97 GBytes   568 Mbits/sec  0.000 ms  0/3614430 (0%)  sender
[  5]   0.00-60.04  sec  3.97 GBytes   567 Mbits/sec  0.015 ms  1166/3614428 (0.032%)  receiver

iperf Done.
