Connecting to host 10.136.80.167, port 5201
[  5] local 10.136.173.108 port 47886 connected to 10.136.80.167 port 5201
[ ID] Interval           Transfer     Bitrate         Total Datagrams
[  5]   0.00-1.00   sec  69.4 MBytes   582 Mbits/sec  61780  (omitted)
[  5]   0.00-1.00   sec  70.7 MBytes   593 Mbits/sec  62910  
[  5]   1.00-2.00   sec  68.3 MBytes   573 Mbits/sec  60820  
[  5]   2.00-3.00   sec  71.6 MBytes   601 Mbits/sec  63750  
[  5]   3.00-4.00   sec  74.4 MBytes   624 Mbits/sec  66220  
[  5]   4.00-5.00   sec  72.8 MBytes   610 Mbits/sec  64770  
[  5]   5.00-6.00   sec  72.6 MBytes   609 Mbits/sec  64610  
[  5]   6.00-7.00   sec  73.2 MBytes   614 Mbits/sec  65150  
[  5]   7.00-8.00   sec  74.0 MBytes   621 Mbits/sec  65850  
[  5]   8.00-9.00   sec  73.6 MBytes   618 Mbits/sec  65540  
[  5]   9.00-10.00  sec  72.8 MBytes   611 Mbits/sec  64820  
[  5]  10.00-11.00  sec  69.3 MBytes   581 Mbits/sec  61660  
[  5]  11.00-12.00  sec  67.1 MBytes   563 Mbits/sec  59770  
[  5]  12.00-13.00  sec  70.2 MBytes   589 Mbits/sec  62510  
[  5]  13.00-14.00  sec  64.5 MBytes   541 Mbits/sec  57410  
[  5]  14.00-15.00  sec  71.7 MBytes   601 Mbits/sec  63790  
[  5]  15.00-16.00  sec  63.7 MBytes   534 Mbits/sec  56680  
[  5]  16.00-17.00  sec  66.9 MBytes   561 Mbits/sec  59540  
[  5]  17.00-18.00  sec  72.7 MBytes   610 Mbits/sec  64710  
[  5]  18.00-19.00  sec  71.2 MBytes   598 Mbits/sec  63410  
[  5]  19.00-20.00  sec  71.1 MBytes   596 Mbits/sec  63280  
[  5]  20.00-21.00  sec  70.9 MBytes   595 Mbits/sec  63090  
[  5]  21.00-22.00  sec  72.2 MBytes   606 Mbits/sec  64310  
[  5]  22.00-23.00  sec  72.3 MBytes   607 Mbits/sec  64370  
[  5]  23.00-24.00  sec  72.7 MBytes   610 Mbits/sec  64680  
[  5]  24.00-25.00  sec  68.8 MBytes   577 Mbits/sec  61210  
[  5]  25.00-26.00  sec  71.9 MBytes   603 Mbits/sec  63990  
[  5]  26.00-27.00  sec  73.0 MBytes   612 Mbits/sec  64950  
[  5]  27.00-28.00  sec  74.7 MBytes   626 Mbits/sec  66450  
[  5]  28.00-29.00  sec  73.5 MBytes   617 Mbits/sec  65450  
[  5]  29.00-30.00  sec  73.9 MBytes   620 Mbits/sec  65740  
[  5]  30.00-31.00  sec  70.0 MBytes   587 Mbits/sec  62330  
[  5]  31.00-32.00  sec  69.6 MBytes   584 Mbits/sec  61930  
[  5]  32.00-33.00  sec  66.8 MBytes   561 Mbits/sec  59500  
[  5]  33.00-34.00  sec  72.2 MBytes   605 Mbits/sec  64250  
[  5]  34.00-35.00  sec  71.1 MBytes   597 Mbits/sec  63330  
[  5]  35.00-36.00  sec  75.2 MBytes   630 Mbits/sec  66900  
[  5]  36.00-37.00  sec  69.1 MBytes   579 Mbits/sec  61480  
[  5]  37.00-38.00  sec  73.8 MBytes   619 Mbits/sec  65660  
[  5]  38.00-39.00  sec  73.5 MBytes   617 Mbits/sec  65450  
[  5]  39.00-40.00  sec  74.4 MBytes   624 Mbits/sec  66190  
[  5]  40.00-41.00  sec  70.6 MBytes   592 Mbits/sec  62810  
[  5]  41.00-42.00  sec  69.8 MBytes   585 Mbits/sec  62100  
[  5]  42.00-43.00  sec  73.8 MBytes   619 Mbits/sec  65680  
[  5]  43.00-44.00  sec  71.5 MBytes   599 Mbits/sec  63600  
[  5]  44.00-45.00  sec  71.2 MBytes   598 Mbits/sec  63420  
[  5]  45.00-46.00  sec  73.0 MBytes   613 Mbits/sec  65020  
[  5]  46.00-47.00  sec  73.5 MBytes   617 Mbits/sec  65420  
[  5]  47.00-48.00  sec  73.6 MBytes   618 Mbits/sec  65550  
[  5]  48.00-49.00  sec  74.0 MBytes   621 Mbits/sec  65900  
[  5]  49.00-50.00  sec  74.7 MBytes   627 Mbits/sec  66490  
[  5]  50.00-51.00  sec  73.3 MBytes   615 Mbits/sec  65250  
[  5]  51.00-52.00  sec  73.9 MBytes   620 Mbits/sec  65790  
[  5]  52.00-53.00  sec  74.1 MBytes   621 Mbits/sec  65920  
[  5]  53.00-54.00  sec  72.8 MBytes   610 Mbits/sec  64770  
[  5]  54.00-55.00  sec  73.3 MBytes   615 Mbits/sec  65230  
[  5]  55.00-56.00  sec  74.3 MBytes   624 Mbits/sec  66180  
[  5]  56.00-57.00  sec  72.9 MBytes   612 Mbits/sec  64910  
[  5]  57.00-58.00  sec  73.9 MBytes   620 Mbits/sec  65760  
[  5]  58.00-59.00  sec  68.8 MBytes   577 Mbits/sec  61200  
[  5]  59.00-60.00  sec  75.7 MBytes   635 Mbits/sec  67360  
- - - - - - - - - - - - - - - - - - - - - - - - -
[ ID] Interval           Transfer     Bitrate         Jitter    Lost/Total Datagrams
[  5]   0.00-60.00  sec  4.21 GBytes   603 Mbits/sec  0.000 ms  0/3836820 (0%)  sender
[  5]   0.00-60.72  sec   686 MBytes  94.8 Mbits/sec  1.378 ms  3283206/3836820 (86%)  receiver

iperf Done.
