Connecting to host 10.136.80.158, port 5201
[  5] local 10.136.173.94 port 50771 connected to 10.136.80.158 port 5201
[ ID] Interval           Transfer     Bitrate         Total Datagrams
[  5]   0.00-1.00   sec  47.1 MBytes   395 Mbits/sec  41890  (omitted)
[  5]   0.00-1.00   sec  48.8 MBytes   410 Mbits/sec  43460  
[  5]   1.00-2.00   sec  57.0 MBytes   478 Mbits/sec  50770  
[  5]   2.00-3.00   sec  54.5 MBytes   457 Mbits/sec  48510  
[  5]   3.00-4.00   sec  56.5 MBytes   474 Mbits/sec  50260  
[  5]   4.00-5.00   sec  51.8 MBytes   435 Mbits/sec  46140  
[  5]   5.00-6.00   sec  54.8 MBytes   460 Mbits/sec  48820  
[  5]   6.00-7.00   sec  49.7 MBytes   417 Mbits/sec  44260  
[  5]   7.00-8.00   sec  57.4 MBytes   481 Mbits/sec  51070  
[  5]   8.00-9.00   sec  65.6 MBytes   550 Mbits/sec  58380  
[  5]   9.00-10.00  sec  51.5 MBytes   432 Mbits/sec  45850  
[  5]  10.00-11.00  sec  55.9 MBytes   469 Mbits/sec  49740  
[  5]  11.00-12.00  sec  58.9 MBytes   494 Mbits/sec  52460  
[  5]  12.00-13.00  sec  49.9 MBytes   419 Mbits/sec  44440  
[  5]  13.00-14.00  sec  57.3 MBytes   481 Mbits/sec  51000  
[  5]  14.00-15.00  sec  58.6 MBytes   492 Mbits/sec  52180  
[  5]  15.00-16.00  sec  56.1 MBytes   471 Mbits/sec  49930  
[  5]  16.00-17.00  sec  57.1 MBytes   479 Mbits/sec  50850  
[  5]  17.00-18.00  sec  59.3 MBytes   497 Mbits/sec  52780  
[  5]  18.00-19.00  sec  53.4 MBytes   448 Mbits/sec  47560  
[  5]  19.00-20.00  sec  56.0 MBytes   470 Mbits/sec  49890  
[  5]  20.00-21.00  sec  59.1 MBytes   496 Mbits/sec  52640  
[  5]  21.00-22.00  sec  49.4 MBytes   414 Mbits/sec  43940  
[  5]  22.00-23.00  sec  53.6 MBytes   450 Mbits/sec  47720  
[  5]  23.00-24.00  sec  55.3 MBytes   464 Mbits/sec  49200  
[  5]  24.00-25.00  sec  62.9 MBytes   528 Mbits/sec  56000  
[  5]  25.00-26.00  sec  48.7 MBytes   409 Mbits/sec  43360  
[  5]  26.00-27.00  sec  44.0 MBytes   369 Mbits/sec  39200  
[  5]  27.00-28.00  sec  54.7 MBytes   459 Mbits/sec  48650  
[  5]  28.00-29.00  sec  57.3 MBytes   481 Mbits/sec  51000  
[  5]  29.00-30.00  sec  56.0 MBytes   470 Mbits/sec  49860  
[  5]  30.00-31.00  sec  51.8 MBytes   435 Mbits/sec  46140  
[  5]  31.00-32.00  sec  56.1 MBytes   470 Mbits/sec  49900  
[  5]  32.00-33.00  sec  43.0 MBytes   361 Mbits/sec  38290  
[  5]  33.00-34.00  sec  51.3 MBytes   430 Mbits/sec  45680  
[  5]  34.00-35.00  sec  47.0 MBytes   394 Mbits/sec  41840  
[  5]  35.00-36.00  sec  48.4 MBytes   406 Mbits/sec  43080  
[  5]  36.00-37.00  sec  52.3 MBytes   439 Mbits/sec  46560  
[  5]  37.00-38.00  sec  56.7 MBytes   475 Mbits/sec  50440  
[  5]  38.00-39.00  sec  55.4 MBytes   465 Mbits/sec  49340  
[  5]  39.00-40.00  sec  45.1 MBytes   378 Mbits/sec  40110  
[  5]  40.00-41.00  sec  55.2 MBytes   463 Mbits/sec  49130  
[  5]  41.00-42.00  sec  42.9 MBytes   360 Mbits/sec  38210  
[  5]  42.00-43.00  sec  51.7 MBytes   433 Mbits/sec  45980  
[  5]  43.00-44.00  sec  56.6 MBytes   475 Mbits/sec  50370  
[  5]  44.00-45.00  sec  57.6 MBytes   483 Mbits/sec  51230  
[  5]  45.00-46.00  sec  60.6 MBytes   508 Mbits/sec  53940  
[  5]  46.00-47.00  sec  51.6 MBytes   433 Mbits/sec  45910  
[  5]  47.00-48.00  sec  55.6 MBytes   466 Mbits/sec  49450  
[  5]  48.00-49.00  sec  56.0 MBytes   470 Mbits/sec  49850  
[  5]  49.00-50.00  sec  55.0 MBytes   461 Mbits/sec  48920  
[  5]  50.00-51.00  sec  53.4 MBytes   448 Mbits/sec  47490  
[  5]  51.00-52.00  sec  55.2 MBytes   463 Mbits/sec  49160  
[  5]  52.00-53.00  sec  56.6 MBytes   475 Mbits/sec  50370  
[  5]  53.00-54.00  sec  57.2 MBytes   480 Mbits/sec  50930  
[  5]  54.00-55.00  sec  62.5 MBytes   524 Mbits/sec  55630  
[  5]  55.00-56.00  sec  55.4 MBytes   465 Mbits/sec  49340  
[  5]  56.00-57.00  sec  55.0 MBytes   461 Mbits/sec  48940  
[  5]  57.00-58.00  sec  55.6 MBytes   466 Mbits/sec  49460  
[  5]  58.00-59.00  sec  59.0 MBytes   495 Mbits/sec  52540  
[  5]  59.00-60.00  sec  60.0 MBytes   503 Mbits/sec  53410  
- - - - - - - - - - - - - - - - - - - - - - - - -
[ ID] Interval           Transfer     Bitrate         Jitter    Lost/Total Datagrams
[  5]   0.00-60.00  sec  3.19 GBytes   457 Mbits/sec  0.000 ms  0/2911560 (0%)  sender
[  5]   0.00-60.05  sec  2.03 GBytes   290 Mbits/sec  0.094 ms  1073729/2911560 (37%)  receiver

iperf Done.
