Connecting to host 10.136.80.141, port 5201
[  5] local 10.136.173.78 port 33838 connected to 10.136.80.141 port 5201
[ ID] Interval           Transfer     Bitrate         Retr  Cwnd
[  5]   0.00-1.00   sec  25.9 MBytes   217 Mbits/sec   35    680 KBytes       (omitted)
[  5]   0.00-1.00   sec  30.9 MBytes   259 Mbits/sec    0    767 KBytes       
[  5]   1.00-2.00   sec  27.2 MBytes   228 Mbits/sec    0    833 KBytes       
[  5]   2.00-3.00   sec  37.1 MBytes   312 Mbits/sec    0    884 KBytes       
[  5]   3.00-4.00   sec  35.8 MBytes   301 Mbits/sec    9    641 KBytes       
[  5]   4.00-5.00   sec  29.7 MBytes   249 Mbits/sec    0    694 KBytes       
[  5]   5.00-6.00   sec  29.7 MBytes   249 Mbits/sec    0    730 KBytes       
[  5]   6.00-7.00   sec  34.6 MBytes   290 Mbits/sec    0    755 KBytes       
[  5]   7.00-8.00   sec  42.0 MBytes   352 Mbits/sec    0    767 KBytes       
[  5]   8.00-9.00   sec  35.8 MBytes   301 Mbits/sec    0    787 KBytes       
[  5]   9.00-10.00  sec  42.0 MBytes   352 Mbits/sec    0    819 KBytes       
[  5]  10.00-11.00  sec  42.0 MBytes   352 Mbits/sec    0    850 KBytes       
[  5]  11.00-12.00  sec  42.0 MBytes   352 Mbits/sec    0    880 KBytes       
[  5]  12.00-13.00  sec  39.5 MBytes   332 Mbits/sec    0    909 KBytes       
[  5]  13.00-14.00  sec  43.3 MBytes   363 Mbits/sec    6    698 KBytes       
[  5]  14.00-15.00  sec  33.4 MBytes   280 Mbits/sec    0    772 KBytes       
[  5]  15.00-16.00  sec  39.6 MBytes   332 Mbits/sec    0    828 KBytes       
[  5]  16.00-17.00  sec  39.5 MBytes   332 Mbits/sec    0    867 KBytes       
[  5]  17.00-18.00  sec  40.8 MBytes   342 Mbits/sec    0    893 KBytes       
[  5]  18.00-19.00  sec  38.3 MBytes   321 Mbits/sec    0    909 KBytes       
[  5]  19.00-20.00  sec  33.4 MBytes   280 Mbits/sec    2    672 KBytes       
[  5]  20.00-21.00  sec  40.8 MBytes   342 Mbits/sec    1    709 KBytes       
[  5]  21.00-22.00  sec  33.4 MBytes   280 Mbits/sec    0    737 KBytes       
[  5]  22.00-23.00  sec  43.3 MBytes   363 Mbits/sec    0    773 KBytes       
[  5]  23.00-24.00  sec  32.1 MBytes   270 Mbits/sec    0    800 KBytes       
[  5]  24.00-25.00  sec  30.9 MBytes   259 Mbits/sec    0    824 KBytes       
[  5]  25.00-26.00  sec  39.5 MBytes   332 Mbits/sec    0    852 KBytes       
[  5]  26.00-27.00  sec  42.0 MBytes   352 Mbits/sec    0    884 KBytes       
[  5]  27.00-28.00  sec  40.8 MBytes   342 Mbits/sec    2    841 KBytes       
[  5]  28.00-29.00  sec  32.1 MBytes   270 Mbits/sec    2    720 KBytes       
[  5]  29.00-30.00  sec  40.8 MBytes   342 Mbits/sec    0    788 KBytes       
[  5]  30.00-31.00  sec  43.3 MBytes   363 Mbits/sec    0    837 KBytes       
[  5]  31.00-32.00  sec  37.1 MBytes   311 Mbits/sec    0    872 KBytes       
[  5]  32.00-33.00  sec  35.8 MBytes   301 Mbits/sec    0    894 KBytes       
[  5]  33.00-34.00  sec  30.9 MBytes   259 Mbits/sec    4    640 KBytes       
[  5]  34.00-35.00  sec  32.1 MBytes   270 Mbits/sec    0    690 KBytes       
[  5]  35.00-36.00  sec  35.8 MBytes   301 Mbits/sec    0    726 KBytes       
[  5]  36.00-37.00  sec  40.8 MBytes   342 Mbits/sec    0    749 KBytes       
[  5]  37.00-38.00  sec  39.5 MBytes   332 Mbits/sec    0    765 KBytes       
[  5]  38.00-39.00  sec  37.1 MBytes   311 Mbits/sec    0    795 KBytes       
[  5]  39.00-40.00  sec  35.8 MBytes   301 Mbits/sec    0    823 KBytes       
[  5]  40.00-41.00  sec  38.3 MBytes   321 Mbits/sec    0    851 KBytes       
[  5]  41.00-42.00  sec  38.3 MBytes   321 Mbits/sec    0    880 KBytes       
[  5]  42.00-43.00  sec  40.8 MBytes   342 Mbits/sec    0    908 KBytes       
[  5]  43.00-44.00  sec  43.3 MBytes   363 Mbits/sec    1    704 KBytes       
[  5]  44.00-45.00  sec  37.1 MBytes   311 Mbits/sec    0    775 KBytes       
[  5]  45.00-46.00  sec  34.6 MBytes   290 Mbits/sec    0    829 KBytes       
[  5]  46.00-47.00  sec  33.4 MBytes   280 Mbits/sec    0    867 KBytes       
[  5]  47.00-48.00  sec  37.1 MBytes   312 Mbits/sec    0    892 KBytes       
[  5]  48.00-49.00  sec  35.8 MBytes   301 Mbits/sec    1    640 KBytes       
[  5]  49.00-50.00  sec  32.1 MBytes   270 Mbits/sec    0    690 KBytes       
[  5]  50.00-51.00  sec  39.5 MBytes   332 Mbits/sec    0    726 KBytes       
[  5]  51.00-52.00  sec  32.1 MBytes   270 Mbits/sec    0    749 KBytes       
[  5]  52.00-53.00  sec  32.1 MBytes   270 Mbits/sec    0    762 KBytes       
[  5]  53.00-54.00  sec  34.6 MBytes   290 Mbits/sec    0    783 KBytes       
[  5]  54.00-55.00  sec  33.4 MBytes   280 Mbits/sec    0    811 KBytes       
[  5]  55.00-56.00  sec  39.5 MBytes   332 Mbits/sec    0    840 KBytes       
[  5]  56.00-57.00  sec  32.1 MBytes   270 Mbits/sec    0    864 KBytes       
[  5]  57.00-58.00  sec  37.1 MBytes   311 Mbits/sec    0    890 KBytes       
[  5]  58.00-59.00  sec  35.9 MBytes   301 Mbits/sec    0    916 KBytes       
[  5]  59.00-60.00  sec  37.2 MBytes   312 Mbits/sec    4    722 KBytes       
- - - - - - - - - - - - - - - - - - - - - - - - -
[ ID] Interval           Transfer     Bitrate         Retr
[  5]   0.00-60.00  sec  2.15 GBytes   308 Mbits/sec   32             sender
[  5]   0.00-60.06  sec  2.16 GBytes   308 Mbits/sec                  receiver

iperf Done.
