Connecting to host 10.136.80.167, port 5201
[  5] local 10.136.173.102 port 50458 connected to 10.136.80.167 port 5201
[ ID] Interval           Transfer     Bitrate         Total Datagrams
[  5]   0.00-1.00   sec  77.3 MBytes   649 Mbits/sec  68850  (omitted)
[  5]   0.00-1.00   sec  78.7 MBytes   660 Mbits/sec  70020  
[  5]   1.00-2.00   sec  78.5 MBytes   658 Mbits/sec  69860  
[  5]   2.00-3.00   sec  79.4 MBytes   666 Mbits/sec  70690  
[  5]   3.00-4.00   sec  79.4 MBytes   666 Mbits/sec  70670  
[  5]   4.00-5.00   sec  74.6 MBytes   626 Mbits/sec  66420  
[  5]   5.00-6.00   sec  77.8 MBytes   653 Mbits/sec  69270  
[  5]   6.00-7.00   sec  78.9 MBytes   662 Mbits/sec  70270  
[  5]   7.00-8.00   sec  78.9 MBytes   662 Mbits/sec  70200  
[  5]   8.00-9.00   sec  79.2 MBytes   664 Mbits/sec  70460  
[  5]   9.00-10.00  sec  79.8 MBytes   669 Mbits/sec  71000  
[  5]  10.00-11.00  sec  79.7 MBytes   668 Mbits/sec  70930  
[  5]  11.00-12.00  sec  79.0 MBytes   663 Mbits/sec  70320  
[  5]  12.00-13.00  sec  79.8 MBytes   669 Mbits/sec  71040  
[  5]  13.00-14.00  sec  78.5 MBytes   658 Mbits/sec  69870  
[  5]  14.00-15.00  sec  77.9 MBytes   653 Mbits/sec  69320  
[  5]  15.00-16.00  sec  78.6 MBytes   660 Mbits/sec  69990  
[  5]  16.00-17.00  sec  78.2 MBytes   656 Mbits/sec  69650  
[  5]  17.00-18.00  sec  78.6 MBytes   659 Mbits/sec  69920  
[  5]  18.00-19.00  sec  78.2 MBytes   656 Mbits/sec  69580  
[  5]  19.00-20.00  sec  77.6 MBytes   651 Mbits/sec  69090  
[  5]  20.00-21.00  sec  79.5 MBytes   667 Mbits/sec  70760  
[  5]  21.00-22.00  sec  79.9 MBytes   670 Mbits/sec  71100  
[  5]  22.00-23.00  sec  79.5 MBytes   667 Mbits/sec  70740  
[  5]  23.00-24.00  sec  79.7 MBytes   668 Mbits/sec  70920  
[  5]  24.00-25.00  sec  78.3 MBytes   657 Mbits/sec  69680  
[  5]  25.00-26.00  sec  79.6 MBytes   668 Mbits/sec  70890  
[  5]  26.00-27.00  sec  79.4 MBytes   666 Mbits/sec  70680  
[  5]  27.00-28.00  sec  79.8 MBytes   670 Mbits/sec  71060  
[  5]  28.00-29.00  sec  78.8 MBytes   661 Mbits/sec  70150  
[  5]  29.00-30.00  sec  78.8 MBytes   661 Mbits/sec  70110  
[  5]  30.00-31.00  sec  78.1 MBytes   655 Mbits/sec  69490  
[  5]  31.00-32.00  sec  77.5 MBytes   650 Mbits/sec  68980  
[  5]  32.00-33.00  sec  77.1 MBytes   647 Mbits/sec  68660  
[  5]  33.00-34.00  sec  77.6 MBytes   651 Mbits/sec  69040  
[  5]  34.00-35.00  sec  85.0 MBytes   713 Mbits/sec  75700  
[  5]  35.00-36.00  sec  79.9 MBytes   671 Mbits/sec  71150  
[  5]  36.00-37.00  sec  79.1 MBytes   664 Mbits/sec  70430  
[  5]  37.00-38.00  sec  78.7 MBytes   661 Mbits/sec  70090  
[  5]  38.00-39.00  sec  79.1 MBytes   664 Mbits/sec  70420  
[  5]  39.00-40.00  sec  79.4 MBytes   666 Mbits/sec  70690  
[  5]  40.00-41.00  sec  79.5 MBytes   667 Mbits/sec  70790  
[  5]  41.00-42.00  sec  79.2 MBytes   664 Mbits/sec  70490  
[  5]  42.00-43.00  sec  79.4 MBytes   666 Mbits/sec  70680  
[  5]  43.00-44.00  sec  79.2 MBytes   664 Mbits/sec  70510  
[  5]  44.00-45.00  sec  73.4 MBytes   616 Mbits/sec  65380  
[  5]  45.00-46.00  sec  79.5 MBytes   667 Mbits/sec  70750  
[  5]  46.00-47.00  sec  79.2 MBytes   664 Mbits/sec  70510  
[  5]  47.00-48.00  sec  78.3 MBytes   657 Mbits/sec  69660  
[  5]  48.00-49.00  sec  78.7 MBytes   660 Mbits/sec  70080  
[  5]  49.00-50.00  sec  81.4 MBytes   683 Mbits/sec  72430  
[  5]  50.00-51.00  sec  79.5 MBytes   667 Mbits/sec  70790  
[  5]  51.00-52.00  sec  80.1 MBytes   672 Mbits/sec  71290  
[  5]  52.00-53.00  sec  80.3 MBytes   673 Mbits/sec  71470  
[  5]  53.00-54.00  sec  80.3 MBytes   673 Mbits/sec  71450  
[  5]  54.00-55.00  sec  77.3 MBytes   649 Mbits/sec  68820  
[  5]  55.00-56.00  sec  79.1 MBytes   664 Mbits/sec  70440  
[  5]  56.00-57.00  sec  78.4 MBytes   658 Mbits/sec  69790  
[  5]  57.00-58.00  sec  77.8 MBytes   653 Mbits/sec  69260  
[  5]  58.00-59.00  sec  78.1 MBytes   655 Mbits/sec  69550  
[  5]  59.00-60.00  sec  78.8 MBytes   661 Mbits/sec  70170  
- - - - - - - - - - - - - - - - - - - - - - - - -
[ ID] Interval           Transfer     Bitrate         Jitter    Lost/Total Datagrams
[  5]   0.00-60.00  sec  4.62 GBytes   662 Mbits/sec  0.000 ms  0/4213620 (0%)  sender
[  5]   0.00-60.29  sec   265 MBytes  36.9 Mbits/sec  0.026 ms  4043488/4213619 (96%)  receiver

iperf Done.
