Connecting to host knb-server-647349, port 5201
[  5] local 10.136.173.85 port 34414 connected to 10.43.231.142 port 5201
[ ID] Interval           Transfer     Bitrate         Total Datagrams
[  5]   0.00-1.00   sec  51.6 MBytes   433 Mbits/sec  45940  (omitted)
[  5]   0.00-1.00   sec  55.2 MBytes   463 Mbits/sec  49150  
[  5]   1.00-2.00   sec  52.7 MBytes   442 Mbits/sec  46950  
[  5]   2.00-3.00   sec  50.2 MBytes   421 Mbits/sec  44700  
[  5]   3.00-4.00   sec  54.3 MBytes   456 Mbits/sec  48360  
[  5]   4.00-5.00   sec  54.6 MBytes   458 Mbits/sec  48620  
[  5]   5.00-6.00   sec  52.9 MBytes   444 Mbits/sec  47100  
[  5]   6.00-7.00   sec  53.9 MBytes   452 Mbits/sec  47950  
[  5]   7.00-8.00   sec  56.0 MBytes   470 Mbits/sec  49870  
[  5]   8.00-9.00   sec  55.2 MBytes   463 Mbits/sec  49130  
[  5]   9.00-10.00  sec  52.5 MBytes   440 Mbits/sec  46730  
[  5]  10.00-11.00  sec  51.2 MBytes   429 Mbits/sec  45550  
[  5]  11.00-12.00  sec  54.4 MBytes   456 Mbits/sec  48400  
[  5]  12.00-13.00  sec  54.4 MBytes   456 Mbits/sec  48430  
[  5]  13.00-14.00  sec  48.6 MBytes   407 Mbits/sec  43240  
[  5]  14.00-15.00  sec  51.7 MBytes   434 Mbits/sec  46000  
[  5]  15.00-16.00  sec  51.9 MBytes   435 Mbits/sec  46210  
[  5]  16.00-17.00  sec  50.8 MBytes   426 Mbits/sec  45240  
[  5]  17.00-18.00  sec  51.7 MBytes   434 Mbits/sec  46040  
[  5]  18.00-19.00  sec  49.1 MBytes   412 Mbits/sec  43680  
[  5]  19.00-20.00  sec  51.2 MBytes   429 Mbits/sec  45550  
[  5]  20.00-21.00  sec  48.7 MBytes   409 Mbits/sec  43390  
[  5]  21.00-22.00  sec  52.8 MBytes   443 Mbits/sec  47040  
[  5]  22.00-23.00  sec  52.8 MBytes   443 Mbits/sec  47010  
[  5]  23.00-24.00  sec  54.0 MBytes   453 Mbits/sec  48100  
[  5]  24.00-25.00  sec  50.7 MBytes   425 Mbits/sec  45100  
[  5]  25.00-26.00  sec  53.6 MBytes   449 Mbits/sec  47670  
[  5]  26.00-27.00  sec  56.4 MBytes   473 Mbits/sec  50220  
[  5]  27.00-28.00  sec  51.8 MBytes   434 Mbits/sec  46070  
[  5]  28.00-29.00  sec  49.8 MBytes   417 Mbits/sec  44290  
[  5]  29.00-30.00  sec  52.1 MBytes   437 Mbits/sec  46360  
[  5]  30.00-31.00  sec  54.6 MBytes   458 Mbits/sec  48570  
[  5]  31.00-32.00  sec  54.3 MBytes   456 Mbits/sec  48350  
[  5]  32.00-33.00  sec  51.3 MBytes   430 Mbits/sec  45640  
[  5]  33.00-34.00  sec  51.8 MBytes   434 Mbits/sec  46090  
[  5]  34.00-35.00  sec  52.7 MBytes   442 Mbits/sec  46950  
[  5]  35.00-36.00  sec  53.0 MBytes   445 Mbits/sec  47180  
[  5]  36.00-37.00  sec  51.1 MBytes   428 Mbits/sec  45460  
[  5]  37.00-38.00  sec  52.2 MBytes   438 Mbits/sec  46480  
[  5]  38.00-39.00  sec  50.6 MBytes   424 Mbits/sec  45020  
[  5]  39.00-40.00  sec  49.2 MBytes   413 Mbits/sec  43810  
[  5]  40.00-41.00  sec  52.2 MBytes   438 Mbits/sec  46440  
[  5]  41.00-42.00  sec  60.9 MBytes   511 Mbits/sec  54180  
[  5]  42.00-43.00  sec  53.1 MBytes   446 Mbits/sec  47310  
[  5]  43.00-44.00  sec  50.3 MBytes   422 Mbits/sec  44780  
[  5]  44.00-45.00  sec  55.8 MBytes   468 Mbits/sec  49690  
[  5]  45.00-46.00  sec  51.9 MBytes   435 Mbits/sec  46160  
[  5]  46.00-47.00  sec  52.7 MBytes   442 Mbits/sec  46950  
[  5]  47.00-48.00  sec  46.5 MBytes   390 Mbits/sec  41420  
[  5]  48.00-49.00  sec  52.5 MBytes   440 Mbits/sec  46720  
[  5]  49.00-50.00  sec  57.2 MBytes   480 Mbits/sec  50880  
[  5]  50.00-51.00  sec  57.8 MBytes   485 Mbits/sec  51470  
[  5]  51.00-52.00  sec  52.5 MBytes   440 Mbits/sec  46730  
[  5]  52.00-53.00  sec  54.0 MBytes   453 Mbits/sec  48070  
[  5]  53.00-54.00  sec  49.8 MBytes   417 Mbits/sec  44290  
[  5]  54.00-55.00  sec  54.8 MBytes   460 Mbits/sec  48790  
[  5]  55.00-56.00  sec  52.9 MBytes   444 Mbits/sec  47110  
[  5]  56.00-57.00  sec  56.2 MBytes   472 Mbits/sec  50060  
[  5]  57.00-58.00  sec  50.0 MBytes   419 Mbits/sec  44500  
[  5]  58.00-59.00  sec  52.7 MBytes   442 Mbits/sec  46900  
[  5]  59.00-60.00  sec  49.9 MBytes   419 Mbits/sec  44410  
- - - - - - - - - - - - - - - - - - - - - - - - -
[ ID] Interval           Transfer     Bitrate         Jitter    Lost/Total Datagrams
[  5]   0.00-60.00  sec  3.09 GBytes   442 Mbits/sec  0.000 ms  0/2812560 (0%)  sender
[  5]   0.00-60.14  sec   952 MBytes   133 Mbits/sec  0.007 ms  2006629/2812560 (71%)  receiver

iperf Done.
