Connecting to host 10.136.80.165, port 5201
[  5] local 10.136.173.83 port 38399 connected to 10.136.80.165 port 5201
[ ID] Interval           Transfer     Bitrate         Total Datagrams
[  5]   0.00-1.00   sec  52.5 MBytes   440 Mbits/sec  46750  (omitted)
[  5]   0.00-1.00   sec  54.4 MBytes   456 Mbits/sec  48400  
[  5]   1.00-2.00   sec  56.5 MBytes   474 Mbits/sec  50330  
[  5]   2.00-3.00   sec  54.0 MBytes   453 Mbits/sec  48070  
[  5]   3.00-4.00   sec  53.7 MBytes   450 Mbits/sec  47760  
[  5]   4.00-5.00   sec  55.4 MBytes   464 Mbits/sec  49270  
[  5]   5.00-6.00   sec  55.1 MBytes   462 Mbits/sec  49050  
[  5]   6.00-7.00   sec  57.6 MBytes   483 Mbits/sec  51270  
[  5]   7.00-8.00   sec  56.4 MBytes   473 Mbits/sec  50220  
[  5]   8.00-9.00   sec  54.7 MBytes   459 Mbits/sec  48670  
[  5]   9.00-10.00  sec  55.7 MBytes   467 Mbits/sec  49540  
[  5]  10.00-11.00  sec  53.3 MBytes   447 Mbits/sec  47470  
[  5]  11.00-12.00  sec  55.7 MBytes   467 Mbits/sec  49540  
[  5]  12.00-13.00  sec  56.0 MBytes   470 Mbits/sec  49840  
[  5]  13.00-14.00  sec  55.2 MBytes   463 Mbits/sec  49170  
[  5]  14.00-15.00  sec  55.2 MBytes   463 Mbits/sec  49120  
[  5]  15.00-16.00  sec  54.3 MBytes   456 Mbits/sec  48330  
[  5]  16.00-17.00  sec  54.7 MBytes   459 Mbits/sec  48710  
[  5]  17.00-18.00  sec  56.5 MBytes   474 Mbits/sec  50330  
[  5]  18.00-19.00  sec  51.2 MBytes   429 Mbits/sec  45580  
[  5]  19.00-20.00  sec  56.0 MBytes   470 Mbits/sec  49830  
[  5]  20.00-21.00  sec  55.3 MBytes   464 Mbits/sec  49260  
[  5]  21.00-22.00  sec  53.5 MBytes   449 Mbits/sec  47640  
[  5]  22.00-23.00  sec  57.4 MBytes   482 Mbits/sec  51120  
[  5]  23.00-24.00  sec  54.3 MBytes   456 Mbits/sec  48330  
[  5]  24.00-25.00  sec  53.4 MBytes   448 Mbits/sec  47510  
[  5]  25.00-26.00  sec  53.8 MBytes   451 Mbits/sec  47880  
[  5]  26.00-27.00  sec  53.9 MBytes   453 Mbits/sec  48020  
[  5]  27.00-28.00  sec  54.8 MBytes   460 Mbits/sec  48800  
[  5]  28.00-29.00  sec  52.8 MBytes   443 Mbits/sec  47040  
[  5]  29.00-30.00  sec  56.0 MBytes   470 Mbits/sec  49830  
[  5]  30.00-31.00  sec  55.4 MBytes   465 Mbits/sec  49340  
[  5]  31.00-32.00  sec  54.4 MBytes   456 Mbits/sec  48410  
[  5]  32.00-33.00  sec  53.9 MBytes   452 Mbits/sec  47950  
[  5]  33.00-34.00  sec  55.8 MBytes   469 Mbits/sec  49710  
[  5]  34.00-35.00  sec  56.2 MBytes   471 Mbits/sec  50030  
[  5]  35.00-36.00  sec  56.7 MBytes   475 Mbits/sec  50440  
[  5]  36.00-37.00  sec  54.5 MBytes   457 Mbits/sec  48510  
[  5]  37.00-38.00  sec  54.9 MBytes   461 Mbits/sec  48900  
[  5]  38.00-39.00  sec  53.5 MBytes   449 Mbits/sec  47650  
[  5]  39.00-40.00  sec  55.0 MBytes   462 Mbits/sec  49000  
[  5]  40.00-41.00  sec  52.8 MBytes   443 Mbits/sec  47010  
[  5]  41.00-42.00  sec  50.7 MBytes   426 Mbits/sec  45170  
[  5]  42.00-43.00  sec  54.4 MBytes   457 Mbits/sec  48450  
[  5]  43.00-44.00  sec  54.5 MBytes   457 Mbits/sec  48520  
[  5]  44.00-45.00  sec  53.4 MBytes   447 Mbits/sec  47490  
[  5]  45.00-46.00  sec  54.0 MBytes   453 Mbits/sec  48110  
[  5]  46.00-47.00  sec  58.2 MBytes   488 Mbits/sec  51830  
[  5]  47.00-48.00  sec  55.1 MBytes   462 Mbits/sec  49050  
[  5]  48.00-49.00  sec  56.6 MBytes   475 Mbits/sec  50400  
[  5]  49.00-50.00  sec  52.1 MBytes   437 Mbits/sec  46370  
[  5]  50.00-51.00  sec  44.3 MBytes   372 Mbits/sec  39440  
[  5]  51.00-52.00  sec  55.3 MBytes   463 Mbits/sec  49180  
[  5]  52.00-53.00  sec  57.9 MBytes   485 Mbits/sec  51510  
[  5]  53.00-54.00  sec  50.8 MBytes   426 Mbits/sec  45220  
[  5]  54.00-55.00  sec  52.7 MBytes   442 Mbits/sec  46870  
[  5]  55.00-56.00  sec  53.0 MBytes   445 Mbits/sec  47180  
[  5]  56.00-57.00  sec  53.8 MBytes   452 Mbits/sec  47930  
[  5]  57.00-58.00  sec  55.9 MBytes   469 Mbits/sec  49780  
[  5]  58.00-59.00  sec  55.6 MBytes   466 Mbits/sec  49460  
[  5]  59.00-60.00  sec  53.9 MBytes   452 Mbits/sec  47960  
- - - - - - - - - - - - - - - - - - - - - - - - -
[ ID] Interval           Transfer     Bitrate         Jitter    Lost/Total Datagrams
[  5]   0.00-60.00  sec  3.20 GBytes   458 Mbits/sec  0.000 ms  0/2912800 (0%)  sender
[  5]   0.00-60.38  sec  1.17 GBytes   166 Mbits/sec  0.022 ms  1883289/2910847 (65%)  receiver

iperf Done.
