Connecting to host knb-server-1285358, port 5201
[  5] local 10.136.173.92 port 51889 connected to 10.43.228.20 port 5201
[ ID] Interval           Transfer     Bitrate         Total Datagrams
[  5]   0.00-1.00   sec  72.2 MBytes   606 Mbits/sec  64310  (omitted)
[  5]   0.00-1.00   sec  63.5 MBytes   532 Mbits/sec  56510  
[  5]   1.00-2.00   sec  73.4 MBytes   616 Mbits/sec  65370  
[  5]   2.00-3.00   sec  73.5 MBytes   617 Mbits/sec  65440  
[  5]   3.00-4.00   sec  70.0 MBytes   587 Mbits/sec  62330  
[  5]   4.00-5.00   sec  66.7 MBytes   560 Mbits/sec  59370  
[  5]   5.00-6.00   sec  73.9 MBytes   620 Mbits/sec  65740  
[  5]   6.00-7.00   sec  73.6 MBytes   617 Mbits/sec  65510  
[  5]   7.00-8.00   sec  73.8 MBytes   619 Mbits/sec  65690  
[  5]   8.00-9.00   sec  75.2 MBytes   631 Mbits/sec  66940  
[  5]   9.00-10.00  sec  73.5 MBytes   617 Mbits/sec  65430  
[  5]  10.00-11.00  sec  75.1 MBytes   630 Mbits/sec  66830  
[  5]  11.00-12.00  sec  73.5 MBytes   616 Mbits/sec  65410  
[  5]  12.00-13.00  sec  73.8 MBytes   619 Mbits/sec  65650  
[  5]  13.00-14.00  sec  72.6 MBytes   609 Mbits/sec  64610  
[  5]  14.00-15.00  sec  65.1 MBytes   546 Mbits/sec  57960  
[  5]  15.00-16.00  sec  63.5 MBytes   533 Mbits/sec  56510  
[  5]  16.00-17.00  sec  75.4 MBytes   632 Mbits/sec  67110  
[  5]  17.00-18.00  sec  73.7 MBytes   618 Mbits/sec  65630  
[  5]  18.00-19.00  sec  74.5 MBytes   625 Mbits/sec  66290  
[  5]  19.00-20.00  sec  73.5 MBytes   617 Mbits/sec  65460  
[  5]  20.00-21.00  sec  74.0 MBytes   620 Mbits/sec  65830  
[  5]  21.00-22.00  sec  74.2 MBytes   623 Mbits/sec  66080  
[  5]  22.00-23.00  sec  74.9 MBytes   628 Mbits/sec  66690  
[  5]  23.00-24.00  sec  71.8 MBytes   602 Mbits/sec  63900  
[  5]  24.00-25.00  sec  73.7 MBytes   618 Mbits/sec  65560  
[  5]  25.00-26.00  sec  71.9 MBytes   603 Mbits/sec  64030  
[  5]  26.00-27.00  sec  71.4 MBytes   599 Mbits/sec  63550  
[  5]  27.00-28.00  sec  74.3 MBytes   623 Mbits/sec  66100  
[  5]  28.00-29.00  sec  73.7 MBytes   619 Mbits/sec  65630  
[  5]  29.00-30.00  sec  71.9 MBytes   603 Mbits/sec  63960  
[  5]  30.00-31.00  sec  73.5 MBytes   616 Mbits/sec  65390  
[  5]  31.00-32.00  sec  73.6 MBytes   617 Mbits/sec  65480  
[  5]  32.00-33.00  sec  73.8 MBytes   619 Mbits/sec  65660  
[  5]  33.00-34.00  sec  74.8 MBytes   628 Mbits/sec  66620  
[  5]  34.00-35.00  sec  75.7 MBytes   635 Mbits/sec  67360  
[  5]  35.00-36.00  sec  74.7 MBytes   626 Mbits/sec  66470  
[  5]  36.00-37.00  sec  73.0 MBytes   612 Mbits/sec  64970  
[  5]  37.00-38.00  sec  67.9 MBytes   570 Mbits/sec  60450  
[  5]  38.00-39.00  sec  72.7 MBytes   610 Mbits/sec  64730  
[  5]  39.00-40.00  sec  70.9 MBytes   595 Mbits/sec  63090  
[  5]  40.00-41.00  sec  70.8 MBytes   594 Mbits/sec  63050  
[  5]  41.00-42.00  sec  73.6 MBytes   617 Mbits/sec  65510  
[  5]  42.00-43.00  sec  72.7 MBytes   610 Mbits/sec  64680  
[  5]  43.00-44.00  sec  70.6 MBytes   592 Mbits/sec  62810  
[  5]  44.00-45.00  sec  72.8 MBytes   611 Mbits/sec  64840  
[  5]  45.00-46.00  sec  73.2 MBytes   614 Mbits/sec  65190  
[  5]  46.00-47.00  sec  74.3 MBytes   623 Mbits/sec  66120  
[  5]  47.00-48.00  sec  73.1 MBytes   613 Mbits/sec  65050  
[  5]  48.00-49.00  sec  73.0 MBytes   613 Mbits/sec  65010  
[  5]  49.00-50.00  sec  71.0 MBytes   596 Mbits/sec  63190  
[  5]  50.00-51.00  sec  72.9 MBytes   611 Mbits/sec  64860  
[  5]  51.00-52.00  sec  73.2 MBytes   614 Mbits/sec  65190  
[  5]  52.00-53.00  sec  73.1 MBytes   613 Mbits/sec  65050  
[  5]  53.00-54.00  sec  68.4 MBytes   574 Mbits/sec  60910  
[  5]  54.00-55.00  sec  73.5 MBytes   617 Mbits/sec  65430  
[  5]  55.00-56.00  sec  72.9 MBytes   612 Mbits/sec  64920  
[  5]  56.00-57.00  sec  73.3 MBytes   615 Mbits/sec  65230  
[  5]  57.00-58.00  sec  72.9 MBytes   612 Mbits/sec  64900  
[  5]  58.00-59.00  sec  75.2 MBytes   631 Mbits/sec  66970  
[  5]  59.00-60.00  sec  75.6 MBytes   634 Mbits/sec  67290  
- - - - - - - - - - - - - - - - - - - - - - - - -
[ ID] Interval           Transfer     Bitrate         Jitter    Lost/Total Datagrams
[  5]   0.00-60.00  sec  4.25 GBytes   609 Mbits/sec  0.000 ms  0/3877540 (0%)  sender
[  5]   0.00-61.63  sec  43.9 MBytes  5.97 Mbits/sec  1.725 ms  3870496/3846161 (1e+02%)  receiver

iperf Done.
