Connecting to host 10.136.80.162, port 5201
[  5] local 10.136.173.96 port 57294 connected to 10.136.80.162 port 5201
[ ID] Interval           Transfer     Bitrate         Total Datagrams
[  5]   0.00-1.00   sec  70.0 MBytes   587 Mbits/sec  62280  (omitted)
[  5]   0.00-1.00   sec  65.0 MBytes   545 Mbits/sec  57860  
[  5]   1.00-2.00   sec  75.7 MBytes   635 Mbits/sec  67420  
[  5]   2.00-3.00   sec  78.1 MBytes   655 Mbits/sec  69480  
[  5]   3.00-4.00   sec  74.3 MBytes   623 Mbits/sec  66120  
[  5]   4.00-5.00   sec  69.9 MBytes   586 Mbits/sec  62220  
[  5]   5.00-6.00   sec  73.6 MBytes   617 Mbits/sec  65490  
[  5]   6.00-7.00   sec  73.4 MBytes   615 Mbits/sec  65310  
[  5]   7.00-8.00   sec  74.2 MBytes   622 Mbits/sec  66040  
[  5]   8.00-9.00   sec  75.1 MBytes   630 Mbits/sec  66810  
[  5]   9.00-10.00  sec  73.4 MBytes   615 Mbits/sec  65310  
[  5]  10.00-11.00  sec  74.4 MBytes   624 Mbits/sec  66260  
[  5]  11.00-12.00  sec  68.4 MBytes   573 Mbits/sec  60850  
[  5]  12.00-13.00  sec  57.7 MBytes   484 Mbits/sec  51370  
[  5]  13.00-14.00  sec  74.6 MBytes   626 Mbits/sec  66440  
[  5]  14.00-15.00  sec  76.0 MBytes   638 Mbits/sec  67690  
[  5]  15.00-16.00  sec  75.9 MBytes   636 Mbits/sec  67540  
[  5]  16.00-17.00  sec  74.2 MBytes   622 Mbits/sec  66050  
[  5]  17.00-18.00  sec  75.0 MBytes   630 Mbits/sec  66800  
[  5]  18.00-19.00  sec  74.8 MBytes   628 Mbits/sec  66620  
[  5]  19.00-20.00  sec  74.4 MBytes   624 Mbits/sec  66220  
[  5]  20.00-21.00  sec  73.9 MBytes   620 Mbits/sec  65740  
[  5]  21.00-22.00  sec  74.8 MBytes   627 Mbits/sec  66580  
[  5]  22.00-23.00  sec  74.8 MBytes   628 Mbits/sec  66590  
[  5]  23.00-24.00  sec  64.6 MBytes   542 Mbits/sec  57520  
[  5]  24.00-25.00  sec  73.0 MBytes   612 Mbits/sec  64950  
[  5]  25.00-26.00  sec  77.3 MBytes   648 Mbits/sec  68820  
[  5]  26.00-27.00  sec  74.0 MBytes   620 Mbits/sec  65830  
[  5]  27.00-28.00  sec  72.8 MBytes   611 Mbits/sec  64820  
[  5]  28.00-29.00  sec  72.8 MBytes   611 Mbits/sec  64790  
[  5]  29.00-30.00  sec  73.4 MBytes   616 Mbits/sec  65370  
[  5]  30.00-31.00  sec  77.0 MBytes   646 Mbits/sec  68540  
[  5]  31.00-32.00  sec  72.8 MBytes   611 Mbits/sec  64810  
[  5]  32.00-33.00  sec  73.4 MBytes   616 Mbits/sec  65340  
[  5]  33.00-34.00  sec  72.7 MBytes   610 Mbits/sec  64710  
[  5]  34.00-35.00  sec  74.4 MBytes   624 Mbits/sec  66190  
[  5]  35.00-36.00  sec  72.9 MBytes   612 Mbits/sec  64900  
[  5]  36.00-37.00  sec  73.5 MBytes   616 Mbits/sec  65400  
[  5]  37.00-38.00  sec  74.1 MBytes   622 Mbits/sec  65950  
[  5]  38.00-39.00  sec  72.1 MBytes   605 Mbits/sec  64170  
[  5]  39.00-40.00  sec  72.9 MBytes   611 Mbits/sec  64870  
[  5]  40.00-41.00  sec  75.1 MBytes   630 Mbits/sec  66810  
[  5]  41.00-42.00  sec  75.0 MBytes   629 Mbits/sec  66740  
[  5]  42.00-43.00  sec  70.5 MBytes   592 Mbits/sec  62790  
[  5]  43.00-44.00  sec  74.2 MBytes   622 Mbits/sec  66010  
[  5]  44.00-45.00  sec  73.9 MBytes   620 Mbits/sec  65800  
[  5]  45.00-46.00  sec  74.6 MBytes   626 Mbits/sec  66410  
[  5]  46.00-47.00  sec  74.7 MBytes   627 Mbits/sec  66480  
[  5]  47.00-48.00  sec  65.5 MBytes   549 Mbits/sec  58260  
[  5]  48.00-49.00  sec  63.6 MBytes   534 Mbits/sec  56630  
[  5]  49.00-50.00  sec  74.4 MBytes   625 Mbits/sec  66270  
[  5]  50.00-51.00  sec  74.4 MBytes   624 Mbits/sec  66250  
[  5]  51.00-52.00  sec  74.2 MBytes   622 Mbits/sec  66030  
[  5]  52.00-53.00  sec  74.9 MBytes   628 Mbits/sec  66630  
[  5]  53.00-54.00  sec  69.4 MBytes   582 Mbits/sec  61740  
[  5]  54.00-55.00  sec  72.2 MBytes   605 Mbits/sec  64250  
[  5]  55.00-56.00  sec  75.4 MBytes   632 Mbits/sec  67090  
[  5]  56.00-57.00  sec  75.2 MBytes   631 Mbits/sec  66960  
[  5]  57.00-58.00  sec  75.1 MBytes   630 Mbits/sec  66850  
[  5]  58.00-59.00  sec  75.3 MBytes   632 Mbits/sec  67050  
[  5]  59.00-60.00  sec  74.3 MBytes   623 Mbits/sec  66110  
- - - - - - - - - - - - - - - - - - - - - - - - -
[ ID] Interval           Transfer     Bitrate         Jitter    Lost/Total Datagrams
[  5]   0.00-60.00  sec  4.28 GBytes   613 Mbits/sec  0.000 ms  0/3904950 (0%)  sender
[  5]   0.00-61.48  sec  43.1 MBytes  5.88 Mbits/sec  0.338 ms  3924991/3901514 (1e+02%)  receiver

iperf Done.
