Connecting to host 10.136.80.183, port 5201
[  5] local 10.136.173.99 port 49116 connected to 10.136.80.183 port 5201
[ ID] Interval           Transfer     Bitrate         Retr  Cwnd
[  5]   0.00-1.00   sec  5.22 MBytes  43.8 Mbits/sec   36    137 KBytes       (omitted)
[  5]   0.00-1.00   sec  4.20 MBytes  35.2 Mbits/sec    0    159 KBytes       
[  5]   1.00-2.00   sec  4.70 MBytes  39.4 Mbits/sec    0    175 KBytes       
[  5]   2.00-3.00   sec  3.46 MBytes  29.0 Mbits/sec    0    183 KBytes       
[  5]   3.00-4.00   sec  2.04 MBytes  17.1 Mbits/sec    0    189 KBytes       
[  5]   4.00-5.00   sec  9.02 MBytes  75.7 Mbits/sec   63    159 KBytes       
[  5]   5.00-6.00   sec  10.2 MBytes  85.5 Mbits/sec   29   89.7 KBytes       
[  5]   6.00-7.00   sec  8.09 MBytes  67.9 Mbits/sec  210   87.4 KBytes       
[  5]   7.00-8.00   sec  6.49 MBytes  54.4 Mbits/sec   36   82.8 KBytes       
[  5]   8.00-9.00   sec  4.02 MBytes  33.7 Mbits/sec  124   69.0 KBytes       
[  5]   9.00-10.00  sec  9.39 MBytes  78.8 Mbits/sec  106    433 KBytes       
[  5]  10.00-11.00  sec  10.0 MBytes  84.0 Mbits/sec  244    223 KBytes       
[  5]  11.00-12.00  sec  6.92 MBytes  58.0 Mbits/sec  105   74.8 KBytes       
[  5]  12.00-13.00  sec  9.52 MBytes  79.8 Mbits/sec   29   67.9 KBytes       
[  5]  13.00-14.00  sec  5.19 MBytes  43.5 Mbits/sec    0    107 KBytes       
[  5]  14.00-15.00  sec  4.33 MBytes  36.3 Mbits/sec    0    130 KBytes       
[  5]  15.00-16.00  sec  8.65 MBytes  72.6 Mbits/sec   59   88.6 KBytes       
[  5]  16.00-17.00  sec  10.4 MBytes  87.1 Mbits/sec   32   86.3 KBytes       
[  5]  17.00-18.00  sec  2.60 MBytes  21.8 Mbits/sec    1    167 KBytes       
[  5]  18.00-19.00  sec  3.52 MBytes  29.5 Mbits/sec   57    136 KBytes       
[  5]  19.00-20.00  sec  7.04 MBytes  59.1 Mbits/sec  135   1.15 KBytes       
[  5]  20.00-21.00  sec  6.06 MBytes  50.8 Mbits/sec   72   1.15 KBytes       
[  5]  21.00-22.00  sec  4.33 MBytes  36.3 Mbits/sec   25   66.7 KBytes       
[  5]  22.00-23.00  sec  2.60 MBytes  21.8 Mbits/sec    0   85.1 KBytes       
[  5]  23.00-24.00  sec  3.46 MBytes  29.0 Mbits/sec   13   84.0 KBytes       
[  5]  24.00-25.00  sec  4.33 MBytes  36.3 Mbits/sec    1    109 KBytes       
[  5]  25.00-26.00  sec  6.92 MBytes  58.1 Mbits/sec   85   96.6 KBytes       
[  5]  26.00-27.00  sec  3.46 MBytes  29.0 Mbits/sec   22   70.2 KBytes       
[  5]  27.00-28.00  sec  1.73 MBytes  14.5 Mbits/sec    1    161 KBytes       
[  5]  28.00-29.00  sec  3.46 MBytes  29.0 Mbits/sec   67    181 KBytes       
[  5]  29.00-30.00  sec  6.06 MBytes  50.8 Mbits/sec    0    227 KBytes       
[  5]  30.00-31.00  sec  5.31 MBytes  44.6 Mbits/sec  111    128 KBytes       
[  5]  31.00-32.00  sec  3.58 MBytes  30.1 Mbits/sec   23    108 KBytes       
[  5]  32.00-33.00  sec  2.60 MBytes  21.8 Mbits/sec   14   84.0 KBytes       
[  5]  33.00-34.00  sec  3.46 MBytes  29.0 Mbits/sec    0    109 KBytes       
[  5]  34.00-35.00  sec  11.2 MBytes  94.4 Mbits/sec   14    117 KBytes       
[  5]  35.00-36.00  sec  9.52 MBytes  79.8 Mbits/sec   30   90.9 KBytes       
[  5]  36.00-37.00  sec   886 KBytes  7.25 Mbits/sec    0    101 KBytes       
[  5]  37.00-38.00  sec  11.2 MBytes  94.4 Mbits/sec   60   71.3 KBytes       
[  5]  38.00-39.00  sec  1.73 MBytes  14.5 Mbits/sec    0   86.3 KBytes       
[  5]  39.00-40.00  sec  11.2 MBytes  94.4 Mbits/sec   45   69.0 KBytes       
[  5]  40.00-41.00  sec   886 KBytes  7.26 Mbits/sec    1    118 KBytes       
[  5]  41.00-42.00  sec  5.25 MBytes  44.1 Mbits/sec   48    184 KBytes       
[  5]  42.00-43.00  sec  11.3 MBytes  94.9 Mbits/sec   89    108 KBytes       
[  5]  43.00-44.00  sec  8.65 MBytes  72.5 Mbits/sec   27   94.3 KBytes       
[  5]  44.00-45.00  sec  5.25 MBytes  44.1 Mbits/sec    1    122 KBytes       
[  5]  45.00-46.00  sec  4.33 MBytes  36.3 Mbits/sec   31    106 KBytes       
[  5]  46.00-47.00  sec  6.92 MBytes  58.1 Mbits/sec   47   95.5 KBytes       
[  5]  47.00-48.00  sec  1.73 MBytes  14.5 Mbits/sec    0    106 KBytes       
[  5]  48.00-49.00  sec  3.46 MBytes  29.0 Mbits/sec   25    123 KBytes       
[  5]  49.00-50.00  sec  9.52 MBytes  79.8 Mbits/sec   62    114 KBytes       
[  5]  50.00-51.00  sec  8.65 MBytes  72.6 Mbits/sec    0    154 KBytes       
[  5]  51.00-52.00  sec  8.65 MBytes  72.6 Mbits/sec   48    101 KBytes       
[  5]  52.00-53.00  sec  7.85 MBytes  65.8 Mbits/sec   18   84.0 KBytes       
[  5]  53.00-54.00  sec  9.52 MBytes  79.8 Mbits/sec   45   66.7 KBytes       
[  5]  54.00-55.00  sec  6.06 MBytes  50.8 Mbits/sec    0    110 KBytes       
[  5]  55.00-56.00  sec  9.52 MBytes  79.8 Mbits/sec   19    100 KBytes       
[  5]  56.00-57.00  sec  7.79 MBytes  65.3 Mbits/sec   15   88.6 KBytes       
[  5]  57.00-58.00  sec  5.19 MBytes  43.5 Mbits/sec   13   93.2 KBytes       
[  5]  58.00-59.00  sec  4.33 MBytes  36.3 Mbits/sec    4   84.0 KBytes       
[  5]  59.00-60.00  sec  3.46 MBytes  29.0 Mbits/sec    6   89.7 KBytes       
- - - - - - - - - - - - - - - - - - - - - - - - -
[ ID] Interval           Transfer     Bitrate         Retr
[  5]   0.00-60.00  sec   361 MBytes  50.5 Mbits/sec  2312             sender
[  5]   0.00-60.07  sec   360 MBytes  50.2 Mbits/sec                  receiver

iperf Done.
