Connecting to host 10.136.80.183, port 5201
[  5] local 10.136.173.100 port 41247 connected to 10.136.80.183 port 5201
[ ID] Interval           Transfer     Bitrate         Total Datagrams
[  5]   0.00-1.00   sec  57.7 MBytes   484 Mbits/sec  51370  (omitted)
[  5]   0.00-1.00   sec  54.0 MBytes   453 Mbits/sec  48040  
[  5]   1.00-2.00   sec  59.1 MBytes   496 Mbits/sec  52600  
[  5]   2.00-3.00   sec  58.1 MBytes   487 Mbits/sec  51720  
[  5]   3.00-4.00   sec  50.7 MBytes   425 Mbits/sec  45100  
[  5]   4.00-5.00   sec  53.7 MBytes   451 Mbits/sec  47800  
[  5]   5.00-6.00   sec  53.6 MBytes   450 Mbits/sec  47730  
[  5]   6.00-7.00   sec  53.6 MBytes   450 Mbits/sec  47710  
[  5]   7.00-8.00   sec  54.7 MBytes   459 Mbits/sec  48730  
[  5]   8.00-9.00   sec  58.9 MBytes   494 Mbits/sec  52460  
[  5]   9.00-10.00  sec  55.5 MBytes   465 Mbits/sec  49400  
[  5]  10.00-11.00  sec  57.8 MBytes   485 Mbits/sec  51430  
[  5]  11.00-12.00  sec  59.0 MBytes   495 Mbits/sec  52550  
[  5]  12.00-13.00  sec  56.2 MBytes   471 Mbits/sec  50000  
[  5]  13.00-14.00  sec  55.4 MBytes   464 Mbits/sec  49290  
[  5]  14.00-15.00  sec  55.3 MBytes   463 Mbits/sec  49180  
[  5]  15.00-16.00  sec  54.7 MBytes   459 Mbits/sec  48680  
[  5]  16.00-17.00  sec  55.2 MBytes   463 Mbits/sec  49110  
[  5]  17.00-18.00  sec  58.0 MBytes   486 Mbits/sec  51620  
[  5]  18.00-19.00  sec  54.2 MBytes   455 Mbits/sec  48260  
[  5]  19.00-20.00  sec  55.1 MBytes   463 Mbits/sec  49080  
[  5]  20.00-21.00  sec  54.0 MBytes   453 Mbits/sec  48110  
[  5]  21.00-22.00  sec  57.6 MBytes   483 Mbits/sec  51270  
[  5]  22.00-23.00  sec  46.5 MBytes   390 Mbits/sec  41410  
[  5]  23.00-24.00  sec  54.9 MBytes   460 Mbits/sec  48860  
[  5]  24.00-25.00  sec  55.9 MBytes   469 Mbits/sec  49790  
[  5]  25.00-26.00  sec  59.9 MBytes   502 Mbits/sec  53300  
[  5]  26.00-27.00  sec  55.1 MBytes   462 Mbits/sec  49030  
[  5]  27.00-28.00  sec  55.9 MBytes   469 Mbits/sec  49760  
[  5]  28.00-29.00  sec  56.6 MBytes   475 Mbits/sec  50370  
[  5]  29.00-30.00  sec  51.5 MBytes   432 Mbits/sec  45870  
[  5]  30.00-31.00  sec  51.3 MBytes   430 Mbits/sec  45680  
[  5]  31.00-32.00  sec  57.5 MBytes   482 Mbits/sec  51170  
[  5]  32.00-33.00  sec  61.1 MBytes   512 Mbits/sec  54350  
[  5]  33.00-34.00  sec  55.7 MBytes   467 Mbits/sec  49580  
[  5]  34.00-35.00  sec  52.9 MBytes   444 Mbits/sec  47130  
[  5]  35.00-36.00  sec  58.7 MBytes   493 Mbits/sec  52260  
[  5]  36.00-37.00  sec  58.1 MBytes   488 Mbits/sec  51740  
[  5]  37.00-38.00  sec  56.9 MBytes   477 Mbits/sec  50630  
[  5]  38.00-39.00  sec  58.2 MBytes   488 Mbits/sec  51810  
[  5]  39.00-40.00  sec  55.0 MBytes   462 Mbits/sec  49000  
[  5]  40.00-41.00  sec  55.0 MBytes   461 Mbits/sec  48960  
[  5]  41.00-42.00  sec  55.6 MBytes   466 Mbits/sec  49470  
[  5]  42.00-43.00  sec  54.1 MBytes   454 Mbits/sec  48180  
[  5]  43.00-44.00  sec  53.9 MBytes   452 Mbits/sec  47970  
[  5]  44.00-45.00  sec  47.5 MBytes   399 Mbits/sec  42290  
[  5]  45.00-46.00  sec  61.6 MBytes   517 Mbits/sec  54820  
[  5]  46.00-47.00  sec  59.8 MBytes   502 Mbits/sec  53270  
[  5]  47.00-48.00  sec  56.7 MBytes   475 Mbits/sec  50440  
[  5]  48.00-49.00  sec  56.6 MBytes   475 Mbits/sec  50400  
[  5]  49.00-50.00  sec  57.4 MBytes   482 Mbits/sec  51130  
[  5]  50.00-51.00  sec  59.4 MBytes   498 Mbits/sec  52840  
[  5]  51.00-52.00  sec  57.5 MBytes   482 Mbits/sec  51150  
[  5]  52.00-53.00  sec  52.8 MBytes   443 Mbits/sec  47030  
[  5]  53.00-54.00  sec  53.5 MBytes   449 Mbits/sec  47660  
[  5]  54.00-55.00  sec  57.2 MBytes   480 Mbits/sec  50960  
[  5]  55.00-56.00  sec  52.0 MBytes   436 Mbits/sec  46260  
[  5]  56.00-57.00  sec  58.7 MBytes   493 Mbits/sec  52270  
[  5]  57.00-58.00  sec  53.3 MBytes   447 Mbits/sec  47440  
[  5]  58.00-59.00  sec  56.5 MBytes   474 Mbits/sec  50330  
[  5]  59.00-60.00  sec  54.7 MBytes   459 Mbits/sec  48710  
- - - - - - - - - - - - - - - - - - - - - - - - -
[ ID] Interval           Transfer     Bitrate         Jitter    Lost/Total Datagrams
[  5]   0.00-60.00  sec  3.26 GBytes   467 Mbits/sec  0.000 ms  0/2973190 (0%)  sender
[  5]   0.00-60.21  sec   711 MBytes  99.1 Mbits/sec  0.019 ms  2388394/2972328 (80%)  receiver

iperf Done.
