Connecting to host 10.136.80.150, port 5201
[  5] local 10.136.173.86 port 50051 connected to 10.136.80.150 port 5201
[ ID] Interval           Transfer     Bitrate         Total Datagrams
[  5]   0.00-1.00   sec  62.9 MBytes   528 Mbits/sec  56030  (omitted)
[  5]   0.00-1.00   sec  55.6 MBytes   467 Mbits/sec  49520  
[  5]   1.00-2.00   sec  57.4 MBytes   482 Mbits/sec  51130  
[  5]   2.00-3.00   sec  58.2 MBytes   488 Mbits/sec  51830  
[  5]   3.00-4.00   sec  56.9 MBytes   477 Mbits/sec  50630  
[  5]   4.00-5.00   sec  57.2 MBytes   480 Mbits/sec  50910  
[  5]   5.00-6.00   sec  42.6 MBytes   358 Mbits/sec  37940  
[  5]   6.00-7.00   sec  46.7 MBytes   392 Mbits/sec  41570  
[  5]   7.00-8.00   sec  52.4 MBytes   440 Mbits/sec  46680  
[  5]   8.00-9.00   sec  61.2 MBytes   514 Mbits/sec  54510  
[  5]   9.00-10.00  sec  49.4 MBytes   414 Mbits/sec  43970  
[  5]  10.00-11.00  sec  48.1 MBytes   403 Mbits/sec  42800  
[  5]  11.00-12.00  sec  55.5 MBytes   466 Mbits/sec  49420  
[  5]  12.00-13.00  sec  51.6 MBytes   433 Mbits/sec  45970  
[  5]  13.00-14.00  sec  61.0 MBytes   512 Mbits/sec  54300  
[  5]  14.00-15.00  sec  60.5 MBytes   508 Mbits/sec  53880  
[  5]  15.00-16.00  sec  62.0 MBytes   520 Mbits/sec  55220  
[  5]  16.00-17.00  sec  49.9 MBytes   418 Mbits/sec  44400  
[  5]  17.00-18.00  sec  59.8 MBytes   502 Mbits/sec  53270  
[  5]  18.00-19.00  sec  47.1 MBytes   395 Mbits/sec  41940  
[  5]  19.00-20.00  sec  56.9 MBytes   477 Mbits/sec  50650  
[  5]  20.00-21.00  sec  54.4 MBytes   456 Mbits/sec  48420  
[  5]  21.00-22.00  sec  55.5 MBytes   465 Mbits/sec  49360  
[  5]  22.00-23.00  sec  57.2 MBytes   480 Mbits/sec  50930  
[  5]  23.00-24.00  sec  60.2 MBytes   505 Mbits/sec  53570  
[  5]  24.00-25.00  sec  60.5 MBytes   507 Mbits/sec  53820  
[  5]  25.00-26.00  sec  54.3 MBytes   455 Mbits/sec  48290  
[  5]  26.00-27.00  sec  55.6 MBytes   466 Mbits/sec  49450  
[  5]  27.00-28.00  sec  61.5 MBytes   516 Mbits/sec  54710  
[  5]  28.00-29.00  sec  55.4 MBytes   465 Mbits/sec  49300  
[  5]  29.00-30.00  sec  60.4 MBytes   506 Mbits/sec  53740  
[  5]  30.00-31.00  sec  55.8 MBytes   468 Mbits/sec  49680  
[  5]  31.00-32.00  sec  56.4 MBytes   473 Mbits/sec  50180  
[  5]  32.00-33.00  sec  43.3 MBytes   363 Mbits/sec  38570  
[  5]  33.00-34.00  sec  49.6 MBytes   416 Mbits/sec  44180  
[  5]  34.00-35.00  sec  59.1 MBytes   496 Mbits/sec  52630  
[  5]  35.00-36.00  sec  52.8 MBytes   443 Mbits/sec  47040  
[  5]  36.00-37.00  sec  62.9 MBytes   528 Mbits/sec  55990  
[  5]  37.00-38.00  sec  59.7 MBytes   501 Mbits/sec  53120  
[  5]  38.00-39.00  sec  60.3 MBytes   506 Mbits/sec  53670  
[  5]  39.00-40.00  sec  56.1 MBytes   470 Mbits/sec  49900  
[  5]  40.00-41.00  sec  57.5 MBytes   482 Mbits/sec  51150  
[  5]  41.00-42.00  sec  56.8 MBytes   477 Mbits/sec  50590  
[  5]  42.00-43.00  sec  55.9 MBytes   469 Mbits/sec  49720  
[  5]  43.00-44.00  sec  46.9 MBytes   393 Mbits/sec  41750  
[  5]  44.00-45.00  sec  49.3 MBytes   414 Mbits/sec  43880  
[  5]  45.00-46.00  sec  62.6 MBytes   525 Mbits/sec  55730  
[  5]  46.00-47.00  sec  61.8 MBytes   519 Mbits/sec  55040  
[  5]  47.00-48.00  sec  59.2 MBytes   497 Mbits/sec  52700  
[  5]  48.00-49.00  sec  63.1 MBytes   529 Mbits/sec  56140  
[  5]  49.00-50.00  sec  55.3 MBytes   463 Mbits/sec  49180  
[  5]  50.00-51.00  sec  59.9 MBytes   503 Mbits/sec  53350  
[  5]  51.00-52.00  sec  55.7 MBytes   467 Mbits/sec  49540  
[  5]  52.00-53.00  sec  55.3 MBytes   464 Mbits/sec  49200  
[  5]  53.00-54.00  sec  59.7 MBytes   501 Mbits/sec  53160  
[  5]  54.00-55.00  sec  49.7 MBytes   417 Mbits/sec  44240  
[  5]  55.00-56.00  sec  45.6 MBytes   382 Mbits/sec  40570  
[  5]  56.00-57.00  sec  48.4 MBytes   406 Mbits/sec  43060  
[  5]  57.00-58.00  sec  50.3 MBytes   422 Mbits/sec  44740  
[  5]  58.00-59.00  sec  59.8 MBytes   502 Mbits/sec  53220  
[  5]  59.00-60.00  sec  57.9 MBytes   486 Mbits/sec  51540  
- - - - - - - - - - - - - - - - - - - - - - - - -
[ ID] Interval           Transfer     Bitrate         Jitter    Lost/Total Datagrams
[  5]   0.00-60.00  sec  3.25 GBytes   466 Mbits/sec  0.000 ms  0/2965590 (0%)  sender
[  5]   0.00-60.05  sec  2.01 GBytes   287 Mbits/sec  0.030 ms  1158305/2965590 (39%)  receiver

iperf Done.
