Connecting to host knb-server-4150321, port 5201
[  5] local 10.136.173.116 port 43140 connected to 10.43.179.205 port 5201
[ ID] Interval           Transfer     Bitrate         Total Datagrams
[  5]   0.00-1.00   sec  72.9 MBytes   611 Mbits/sec  64870  (omitted)
[  5]   0.00-1.00   sec  72.7 MBytes   610 Mbits/sec  64720  
[  5]   1.00-2.00   sec  73.0 MBytes   613 Mbits/sec  65000  
[  5]   2.00-3.00   sec  72.1 MBytes   604 Mbits/sec  64140  
[  5]   3.00-4.00   sec  75.2 MBytes   631 Mbits/sec  66970  
[  5]   4.00-5.00   sec  73.5 MBytes   616 Mbits/sec  65400  
[  5]   5.00-6.00   sec  68.7 MBytes   576 Mbits/sec  61130  
[  5]   6.00-7.00   sec  58.8 MBytes   494 Mbits/sec  52370  
[  5]   7.00-8.00   sec  72.7 MBytes   610 Mbits/sec  64730  
[  5]   8.00-9.00   sec  73.1 MBytes   614 Mbits/sec  65110  
[  5]   9.00-10.00  sec  73.9 MBytes   620 Mbits/sec  65740  
[  5]  10.00-11.00  sec  73.0 MBytes   613 Mbits/sec  65020  
[  5]  11.00-12.00  sec  73.8 MBytes   619 Mbits/sec  65690  
[  5]  12.00-13.00  sec  73.6 MBytes   617 Mbits/sec  65500  
[  5]  13.00-14.00  sec  73.6 MBytes   617 Mbits/sec  65490  
[  5]  14.00-15.00  sec  72.2 MBytes   606 Mbits/sec  64310  
[  5]  15.00-16.00  sec  70.7 MBytes   593 Mbits/sec  62970  
[  5]  16.00-17.00  sec  72.4 MBytes   607 Mbits/sec  64450  
[  5]  17.00-18.00  sec  72.1 MBytes   604 Mbits/sec  64140  
[  5]  18.00-19.00  sec  72.7 MBytes   610 Mbits/sec  64710  
[  5]  19.00-20.00  sec  55.8 MBytes   468 Mbits/sec  49650  
[  5]  20.00-21.00  sec  70.1 MBytes   588 Mbits/sec  62360  
[  5]  21.00-22.00  sec  73.0 MBytes   612 Mbits/sec  64980  
[  5]  22.00-23.00  sec  72.8 MBytes   611 Mbits/sec  64830  
[  5]  23.00-24.00  sec  72.8 MBytes   611 Mbits/sec  64810  
[  5]  24.00-25.00  sec  72.6 MBytes   609 Mbits/sec  64610  
[  5]  25.00-26.00  sec  52.9 MBytes   444 Mbits/sec  47080  
[  5]  26.00-27.00  sec  53.3 MBytes   447 Mbits/sec  47440  
[  5]  27.00-28.00  sec  53.0 MBytes   445 Mbits/sec  47200  
[  5]  28.00-29.00  sec  53.5 MBytes   449 Mbits/sec  47660  
[  5]  29.00-30.00  sec  54.6 MBytes   458 Mbits/sec  48640  
[  5]  30.00-31.00  sec  74.5 MBytes   625 Mbits/sec  66300  
[  5]  31.00-32.00  sec  74.5 MBytes   625 Mbits/sec  66310  
[  5]  32.00-33.00  sec  73.6 MBytes   618 Mbits/sec  65530  
[  5]  33.00-34.00  sec  74.2 MBytes   622 Mbits/sec  66010  
[  5]  34.00-35.00  sec  73.9 MBytes   620 Mbits/sec  65820  
[  5]  35.00-36.00  sec  69.3 MBytes   581 Mbits/sec  61670  
[  5]  36.00-37.00  sec  71.9 MBytes   603 Mbits/sec  63990  
[  5]  37.00-38.00  sec  72.5 MBytes   608 Mbits/sec  64530  
[  5]  38.00-39.00  sec  72.7 MBytes   610 Mbits/sec  64740  
[  5]  39.00-40.00  sec  72.5 MBytes   608 Mbits/sec  64550  
[  5]  40.00-41.00  sec  72.0 MBytes   604 Mbits/sec  64130  
[  5]  41.00-42.00  sec  69.0 MBytes   579 Mbits/sec  61430  
[  5]  42.00-43.00  sec  72.3 MBytes   606 Mbits/sec  64320  
[  5]  43.00-44.00  sec  64.4 MBytes   540 Mbits/sec  57330  
[  5]  44.00-45.00  sec  72.3 MBytes   607 Mbits/sec  64400  
[  5]  45.00-46.00  sec  64.8 MBytes   544 Mbits/sec  57720  
[  5]  46.00-47.00  sec  72.4 MBytes   607 Mbits/sec  64460  
[  5]  47.00-48.00  sec  72.2 MBytes   606 Mbits/sec  64300  
[  5]  48.00-49.00  sec  73.1 MBytes   613 Mbits/sec  65070  
[  5]  49.00-50.00  sec  58.6 MBytes   492 Mbits/sec  52200  
[  5]  50.00-51.00  sec  62.7 MBytes   526 Mbits/sec  55850  
[  5]  51.00-52.00  sec  73.7 MBytes   618 Mbits/sec  65580  
[  5]  52.00-53.00  sec  73.3 MBytes   615 Mbits/sec  65220  
[  5]  53.00-54.00  sec  71.7 MBytes   602 Mbits/sec  63850  
[  5]  54.00-55.00  sec  71.7 MBytes   601 Mbits/sec  63780  
[  5]  55.00-56.00  sec  70.5 MBytes   591 Mbits/sec  62750  
[  5]  56.00-57.00  sec  73.9 MBytes   620 Mbits/sec  65750  
[  5]  57.00-58.00  sec  73.3 MBytes   615 Mbits/sec  65230  
[  5]  58.00-59.00  sec  73.5 MBytes   616 Mbits/sec  65410  
[  5]  59.00-60.00  sec  66.7 MBytes   560 Mbits/sec  59370  
- - - - - - - - - - - - - - - - - - - - - - - - -
[ ID] Interval           Transfer     Bitrate         Jitter    Lost/Total Datagrams
[  5]   0.00-60.00  sec  4.09 GBytes   585 Mbits/sec  0.000 ms  0/3724450 (0%)  sender
[  5]   0.00-60.25  sec  1.23 GBytes   176 Mbits/sec  0.869 ms  2626281/3700263 (71%)  receiver

iperf Done.
