Connecting to host 10.136.80.157, port 5201
[  5] local 10.136.173.117 port 40503 connected to 10.136.80.157 port 5201
[ ID] Interval           Transfer     Bitrate         Total Datagrams
[  5]   0.00-1.00   sec  74.9 MBytes   629 Mbits/sec  66700  (omitted)
[  5]   0.00-1.00   sec  74.0 MBytes   621 Mbits/sec  65860  
[  5]   1.00-2.00   sec  74.2 MBytes   623 Mbits/sec  66070  
[  5]   2.00-3.00   sec  68.3 MBytes   573 Mbits/sec  60820  
[  5]   3.00-4.00   sec  74.1 MBytes   622 Mbits/sec  65970  
[  5]   4.00-5.00   sec  72.9 MBytes   611 Mbits/sec  64870  
[  5]   5.00-6.00   sec  73.6 MBytes   617 Mbits/sec  65490  
[  5]   6.00-7.00   sec  74.2 MBytes   623 Mbits/sec  66090  
[  5]   7.00-8.00   sec  74.0 MBytes   621 Mbits/sec  65860  
[  5]   8.00-9.00   sec  74.6 MBytes   626 Mbits/sec  66390  
[  5]   9.00-10.00  sec  73.7 MBytes   618 Mbits/sec  65610  
[  5]  10.00-11.00  sec  73.7 MBytes   618 Mbits/sec  65570  
[  5]  11.00-12.00  sec  73.3 MBytes   615 Mbits/sec  65220  
[  5]  12.00-13.00  sec  74.9 MBytes   628 Mbits/sec  66690  
[  5]  13.00-14.00  sec  74.8 MBytes   627 Mbits/sec  66550  
[  5]  14.00-15.00  sec  73.3 MBytes   615 Mbits/sec  65230  
[  5]  15.00-16.00  sec  72.1 MBytes   605 Mbits/sec  64160  
[  5]  16.00-17.00  sec  74.2 MBytes   623 Mbits/sec  66070  
[  5]  17.00-18.00  sec  75.8 MBytes   636 Mbits/sec  67440  
[  5]  18.00-19.00  sec  78.4 MBytes   658 Mbits/sec  69780  
[  5]  19.00-20.00  sec  69.7 MBytes   585 Mbits/sec  62070  
[  5]  20.00-21.00  sec  74.5 MBytes   625 Mbits/sec  66350  
[  5]  21.00-22.00  sec  73.0 MBytes   612 Mbits/sec  64960  
[  5]  22.00-23.00  sec  75.1 MBytes   630 Mbits/sec  66830  
[  5]  23.00-24.00  sec  74.1 MBytes   622 Mbits/sec  66000  
[  5]  24.00-25.00  sec  72.8 MBytes   611 Mbits/sec  64820  
[  5]  25.00-26.00  sec  71.6 MBytes   601 Mbits/sec  63750  
[  5]  26.00-27.00  sec  75.2 MBytes   631 Mbits/sec  66960  
[  5]  27.00-28.00  sec  73.7 MBytes   618 Mbits/sec  65580  
[  5]  28.00-29.00  sec  74.9 MBytes   629 Mbits/sec  66700  
[  5]  29.00-30.00  sec  74.7 MBytes   626 Mbits/sec  66470  
[  5]  30.00-31.00  sec  73.1 MBytes   613 Mbits/sec  65040  
[  5]  31.00-32.00  sec  73.7 MBytes   618 Mbits/sec  65580  
[  5]  32.00-33.00  sec  73.7 MBytes   618 Mbits/sec  65560  
[  5]  33.00-34.00  sec  73.6 MBytes   617 Mbits/sec  65490  
[  5]  34.00-35.00  sec  71.9 MBytes   603 Mbits/sec  64030  
[  5]  35.00-36.00  sec  74.0 MBytes   621 Mbits/sec  65860  
[  5]  36.00-37.00  sec  72.3 MBytes   606 Mbits/sec  64340  
[  5]  37.00-38.00  sec  62.1 MBytes   521 Mbits/sec  55260  
[  5]  38.00-39.00  sec  53.9 MBytes   452 Mbits/sec  47990  
[  5]  39.00-40.00  sec  67.5 MBytes   566 Mbits/sec  60080  
[  5]  40.00-41.00  sec  61.8 MBytes   518 Mbits/sec  54970  
[  5]  41.00-42.00  sec  53.9 MBytes   452 Mbits/sec  47990  
[  5]  42.00-43.00  sec  59.3 MBytes   497 Mbits/sec  52780  
[  5]  43.00-44.00  sec  55.8 MBytes   468 Mbits/sec  49650  
[  5]  44.00-45.00  sec  63.3 MBytes   531 Mbits/sec  56340  
[  5]  45.00-46.00  sec  68.6 MBytes   575 Mbits/sec  61020  
[  5]  46.00-47.00  sec  65.2 MBytes   547 Mbits/sec  58080  
[  5]  47.00-48.00  sec  60.7 MBytes   509 Mbits/sec  54000  
[  5]  48.00-49.00  sec  69.2 MBytes   581 Mbits/sec  61620  
[  5]  49.00-50.00  sec  71.9 MBytes   603 Mbits/sec  64010  
[  5]  50.00-51.00  sec  64.9 MBytes   544 Mbits/sec  57760  
[  5]  51.00-52.00  sec  54.3 MBytes   455 Mbits/sec  48320  
[  5]  52.00-53.00  sec  55.4 MBytes   464 Mbits/sec  49270  
[  5]  53.00-54.00  sec  60.8 MBytes   510 Mbits/sec  54140  
[  5]  54.00-55.00  sec  63.4 MBytes   532 Mbits/sec  56450  
[  5]  55.00-56.00  sec  75.5 MBytes   633 Mbits/sec  67190  
[  5]  56.00-57.00  sec  73.4 MBytes   616 Mbits/sec  65380  
[  5]  57.00-58.00  sec  74.0 MBytes   621 Mbits/sec  65870  
[  5]  58.00-59.00  sec  73.3 MBytes   615 Mbits/sec  65210  
[  5]  59.00-60.00  sec  73.8 MBytes   619 Mbits/sec  65670  
- - - - - - - - - - - - - - - - - - - - - - - - -
[ ID] Interval           Transfer     Bitrate         Jitter    Lost/Total Datagrams
[  5]   0.00-60.00  sec  4.11 GBytes   588 Mbits/sec  0.000 ms  0/3745180 (0%)  sender
[  5]   0.00-60.53  sec  1.30 GBytes   185 Mbits/sec  1.029 ms  2600492/3736830 (70%)  receiver

iperf Done.
