Connecting to host 10.136.80.134, port 5201
[  5] local 10.136.173.113 port 40997 connected to 10.136.80.134 port 5201
[ ID] Interval           Transfer     Bitrate         Total Datagrams
[  5]   0.00-1.00   sec  89.6 MBytes   752 Mbits/sec  67230  (omitted)
[  5]   0.00-1.00   sec  91.6 MBytes   768 Mbits/sec  68680  
[  5]   1.00-2.00   sec  91.0 MBytes   763 Mbits/sec  68270  
[  5]   2.00-3.00   sec  90.8 MBytes   761 Mbits/sec  68080  
[  5]   3.00-4.00   sec  92.7 MBytes   777 Mbits/sec  69510  
[  5]   4.00-5.00   sec  91.0 MBytes   763 Mbits/sec  68220  
[  5]   5.00-6.00   sec  93.7 MBytes   786 Mbits/sec  70260  
[  5]   6.00-7.00   sec  93.3 MBytes   783 Mbits/sec  70010  
[  5]   7.00-8.00   sec  91.1 MBytes   764 Mbits/sec  68360  
[  5]   8.00-9.00   sec  91.9 MBytes   771 Mbits/sec  68900  
[  5]   9.00-10.00  sec  92.6 MBytes   777 Mbits/sec  69460  
[  5]  10.00-11.00  sec  92.0 MBytes   772 Mbits/sec  69030  
[  5]  11.00-12.00  sec  90.6 MBytes   760 Mbits/sec  67930  
[  5]  12.00-13.00  sec  92.9 MBytes   779 Mbits/sec  69690  
[  5]  13.00-14.00  sec  90.5 MBytes   759 Mbits/sec  67910  
[  5]  14.00-15.00  sec  91.4 MBytes   767 Mbits/sec  68550  
[  5]  15.00-16.00  sec  92.1 MBytes   773 Mbits/sec  69110  
[  5]  16.00-17.00  sec  89.6 MBytes   751 Mbits/sec  67170  
[  5]  17.00-18.00  sec  91.4 MBytes   767 Mbits/sec  68580  
[  5]  18.00-19.00  sec  91.9 MBytes   771 Mbits/sec  68960  
[  5]  19.00-20.00  sec  91.5 MBytes   767 Mbits/sec  68600  
[  5]  20.00-21.00  sec  92.2 MBytes   773 Mbits/sec  69130  
[  5]  21.00-22.00  sec  90.9 MBytes   763 Mbits/sec  68180  
[  5]  22.00-23.00  sec  92.2 MBytes   773 Mbits/sec  69120  
[  5]  23.00-24.00  sec  90.8 MBytes   761 Mbits/sec  68080  
[  5]  24.00-25.00  sec  90.4 MBytes   758 Mbits/sec  67810  
[  5]  25.00-26.00  sec  90.8 MBytes   761 Mbits/sec  68080  
[  5]  26.00-27.00  sec  91.0 MBytes   763 Mbits/sec  68240  
[  5]  27.00-28.00  sec  91.4 MBytes   766 Mbits/sec  68530  
[  5]  28.00-29.00  sec  92.0 MBytes   772 Mbits/sec  69040  
[  5]  29.00-30.00  sec  92.2 MBytes   774 Mbits/sec  69170  
[  5]  30.00-31.00  sec  92.2 MBytes   774 Mbits/sec  69180  
[  5]  31.00-32.00  sec  89.7 MBytes   752 Mbits/sec  67280  
[  5]  32.00-33.00  sec  89.2 MBytes   748 Mbits/sec  66880  
[  5]  33.00-34.00  sec  92.4 MBytes   775 Mbits/sec  69270  
[  5]  34.00-35.00  sec  91.2 MBytes   765 Mbits/sec  68430  
[  5]  35.00-36.00  sec  85.9 MBytes   721 Mbits/sec  64440  
[  5]  36.00-37.00  sec  76.9 MBytes   645 Mbits/sec  57680  
[  5]  37.00-38.00  sec  78.1 MBytes   655 Mbits/sec  58600  
[  5]  38.00-39.00  sec  78.1 MBytes   655 Mbits/sec  58560  
[  5]  39.00-40.00  sec  78.3 MBytes   657 Mbits/sec  58720  
[  5]  40.00-41.00  sec  77.8 MBytes   653 Mbits/sec  58360  
[  5]  41.00-42.00  sec  76.6 MBytes   643 Mbits/sec  57490  
[  5]  42.00-43.00  sec  77.4 MBytes   650 Mbits/sec  58090  
[  5]  43.00-44.00  sec  78.4 MBytes   658 Mbits/sec  58810  
[  5]  44.00-45.00  sec  78.0 MBytes   655 Mbits/sec  58530  
[  5]  45.00-46.00  sec  76.6 MBytes   643 Mbits/sec  57470  
[  5]  46.00-47.00  sec  77.9 MBytes   654 Mbits/sec  58450  
[  5]  47.00-48.00  sec  77.8 MBytes   653 Mbits/sec  58350  
[  5]  48.00-49.00  sec  75.4 MBytes   632 Mbits/sec  56540  
[  5]  49.00-50.00  sec  77.4 MBytes   650 Mbits/sec  58090  
[  5]  50.00-51.00  sec  77.7 MBytes   652 Mbits/sec  58300  
[  5]  51.00-52.00  sec  85.6 MBytes   718 Mbits/sec  64200  
[  5]  52.00-53.00  sec  92.1 MBytes   773 Mbits/sec  69080  
[  5]  53.00-54.00  sec  91.0 MBytes   764 Mbits/sec  68270  
[  5]  54.00-55.00  sec  89.5 MBytes   750 Mbits/sec  67100  
[  5]  55.00-56.00  sec  90.1 MBytes   756 Mbits/sec  67570  
[  5]  56.00-57.00  sec  90.9 MBytes   763 Mbits/sec  68190  
[  5]  57.00-58.00  sec  91.2 MBytes   765 Mbits/sec  68380  
[  5]  58.00-59.00  sec  91.1 MBytes   764 Mbits/sec  68320  
[  5]  59.00-60.00  sec  91.2 MBytes   765 Mbits/sec  68430  
- - - - - - - - - - - - - - - - - - - - - - - - -
[ ID] Interval           Transfer     Bitrate         Jitter    Lost/Total Datagrams
[  5]   0.00-60.00  sec  5.14 GBytes   736 Mbits/sec  0.000 ms  0/3947720 (0%)  sender
[  5]   0.00-60.04  sec  4.88 GBytes   699 Mbits/sec  0.012 ms  202972/3947720 (5.1%)  receiver

iperf Done.
