Connecting to host 10.136.80.171, port 5201
[  5] local 10.136.173.106 port 60435 connected to 10.136.80.171 port 5201
[ ID] Interval           Transfer     Bitrate         Total Datagrams
[  5]   0.00-1.00   sec  51.4 MBytes   431 Mbits/sec  45760  (omitted)
[  5]   0.00-1.00   sec  51.6 MBytes   433 Mbits/sec  45950  
[  5]   1.00-2.00   sec  49.6 MBytes   416 Mbits/sec  44120  
[  5]   2.00-3.00   sec  55.8 MBytes   468 Mbits/sec  49630  
[  5]   3.00-4.00   sec  56.3 MBytes   472 Mbits/sec  50110  
[  5]   4.00-5.00   sec  56.9 MBytes   478 Mbits/sec  50670  
[  5]   5.00-6.00   sec  58.4 MBytes   489 Mbits/sec  51940  
[  5]   6.00-7.00   sec  53.3 MBytes   447 Mbits/sec  47400  
[  5]   7.00-8.00   sec  49.9 MBytes   419 Mbits/sec  44460  
[  5]   8.00-9.00   sec  53.4 MBytes   448 Mbits/sec  47550  
[  5]   9.00-10.00  sec  50.3 MBytes   422 Mbits/sec  44740  
[  5]  10.00-11.00  sec  51.1 MBytes   429 Mbits/sec  45490  
[  5]  11.00-12.00  sec  57.6 MBytes   483 Mbits/sec  51230  
[  5]  12.00-13.00  sec  56.7 MBytes   475 Mbits/sec  50450  
[  5]  13.00-14.00  sec  49.2 MBytes   412 Mbits/sec  43760  
[  5]  14.00-15.00  sec  53.8 MBytes   451 Mbits/sec  47880  
[  5]  15.00-16.00  sec  52.4 MBytes   440 Mbits/sec  46640  
[  5]  16.00-17.00  sec  54.3 MBytes   456 Mbits/sec  48330  
[  5]  17.00-18.00  sec  57.2 MBytes   480 Mbits/sec  50950  
[  5]  18.00-19.00  sec  53.4 MBytes   448 Mbits/sec  47510  
[  5]  19.00-20.00  sec  50.9 MBytes   427 Mbits/sec  45320  
[  5]  20.00-21.00  sec  61.4 MBytes   515 Mbits/sec  54640  
[  5]  21.00-22.00  sec  54.4 MBytes   456 Mbits/sec  48400  
[  5]  22.00-23.00  sec  56.0 MBytes   470 Mbits/sec  49850  
[  5]  23.00-24.00  sec  50.6 MBytes   424 Mbits/sec  45020  
[  5]  24.00-25.00  sec  56.3 MBytes   473 Mbits/sec  50150  
[  5]  25.00-26.00  sec  54.8 MBytes   460 Mbits/sec  48820  
[  5]  26.00-27.00  sec  47.8 MBytes   401 Mbits/sec  42570  
[  5]  27.00-28.00  sec  53.5 MBytes   449 Mbits/sec  47610  
[  5]  28.00-29.00  sec  52.4 MBytes   440 Mbits/sec  46640  
[  5]  29.00-30.00  sec  62.3 MBytes   523 Mbits/sec  55490  
[  5]  30.00-31.00  sec  53.8 MBytes   451 Mbits/sec  47850  
[  5]  31.00-32.00  sec  58.5 MBytes   491 Mbits/sec  52070  
[  5]  32.00-33.00  sec  53.3 MBytes   447 Mbits/sec  47410  
[  5]  33.00-34.00  sec  50.9 MBytes   427 Mbits/sec  45310  
[  5]  34.00-35.00  sec  53.0 MBytes   445 Mbits/sec  47200  
[  5]  35.00-36.00  sec  52.5 MBytes   440 Mbits/sec  46720  
[  5]  36.00-37.00  sec  55.3 MBytes   464 Mbits/sec  49260  
[  5]  37.00-38.00  sec  49.5 MBytes   415 Mbits/sec  44050  
[  5]  38.00-39.00  sec  51.8 MBytes   434 Mbits/sec  46070  
[  5]  39.00-40.00  sec  43.1 MBytes   361 Mbits/sec  38340  
[  5]  40.00-41.00  sec  41.2 MBytes   346 Mbits/sec  36680  
[  5]  41.00-42.00  sec  56.0 MBytes   470 Mbits/sec  49830  
[  5]  42.00-43.00  sec  53.3 MBytes   447 Mbits/sec  47480  
[  5]  43.00-44.00  sec  51.8 MBytes   435 Mbits/sec  46120  
[  5]  44.00-45.00  sec  57.7 MBytes   484 Mbits/sec  51400  
[  5]  45.00-46.00  sec  57.3 MBytes   481 Mbits/sec  50980  
[  5]  46.00-47.00  sec  52.5 MBytes   441 Mbits/sec  46750  
[  5]  47.00-48.00  sec  63.0 MBytes   529 Mbits/sec  56090  
[  5]  48.00-49.00  sec  61.6 MBytes   517 Mbits/sec  54860  
[  5]  49.00-50.00  sec  58.2 MBytes   488 Mbits/sec  51800  
[  5]  50.00-51.00  sec  62.3 MBytes   522 Mbits/sec  55420  
[  5]  51.00-52.00  sec  58.8 MBytes   493 Mbits/sec  52340  
[  5]  52.00-53.00  sec  58.0 MBytes   486 Mbits/sec  51600  
[  5]  53.00-54.00  sec  53.9 MBytes   452 Mbits/sec  47970  
[  5]  54.00-55.00  sec  56.8 MBytes   477 Mbits/sec  50570  
[  5]  55.00-56.00  sec  58.9 MBytes   494 Mbits/sec  52390  
[  5]  56.00-57.00  sec  57.8 MBytes   485 Mbits/sec  51430  
[  5]  57.00-58.00  sec  58.5 MBytes   491 Mbits/sec  52080  
[  5]  58.00-59.00  sec  55.2 MBytes   463 Mbits/sec  49120  
[  5]  59.00-60.00  sec  55.8 MBytes   468 Mbits/sec  49630  
- - - - - - - - - - - - - - - - - - - - - - - - -
[ ID] Interval           Transfer     Bitrate         Jitter    Lost/Total Datagrams
[  5]   0.00-60.00  sec  3.19 GBytes   457 Mbits/sec  0.000 ms  0/2912140 (0%)  sender
[  5]   0.00-60.31  sec  1.83 GBytes   261 Mbits/sec  0.007 ms  1256698/2911976 (43%)  receiver

iperf Done.
