Connecting to host 10.136.80.186, port 5201
[  5] local 10.136.173.122 port 53094 connected to 10.136.80.186 port 5201
[ ID] Interval           Transfer     Bitrate         Retr  Cwnd
[  5]   0.00-1.00   sec  96.6 KBytes  0.79 Mbits/sec    0   23.0 KBytes       (omitted)
[  5]   0.00-1.00   sec   545 KBytes  4.47 Mbits/sec    0    175 KBytes       
[  5]   1.00-2.00   sec  1.36 MBytes  11.4 Mbits/sec   32    374 KBytes       
[  5]   2.00-3.00   sec  2.10 MBytes  17.6 Mbits/sec   83    504 KBytes       
[  5]   3.00-4.00   sec  1.73 MBytes  14.5 Mbits/sec    0    565 KBytes       
[  5]   4.00-5.00   sec   886 KBytes  7.26 Mbits/sec    0    597 KBytes       
[  5]   5.00-6.00   sec  1.85 MBytes  15.5 Mbits/sec   18    437 KBytes       
[  5]   6.00-7.00   sec   886 KBytes  7.25 Mbits/sec    0    473 KBytes       
[  5]   7.00-8.00   sec  1.73 MBytes  14.5 Mbits/sec    0    497 KBytes       
[  5]   8.00-9.00   sec  1.73 MBytes  14.5 Mbits/sec    0    510 KBytes       
[  5]   9.00-10.00  sec   886 KBytes  7.25 Mbits/sec    0    515 KBytes       
[  5]  10.00-11.00  sec  1.73 MBytes  14.5 Mbits/sec    0    517 KBytes       
[  5]  11.00-12.00  sec   886 KBytes  7.25 Mbits/sec    0    517 KBytes       
[  5]  12.00-13.00  sec  1.73 MBytes  14.5 Mbits/sec    0    519 KBytes       
[  5]  13.00-14.00  sec  1.79 MBytes  15.0 Mbits/sec    0    523 KBytes       
[  5]  14.00-15.00  sec   886 KBytes  7.25 Mbits/sec   41    372 KBytes       
[  5]  15.00-16.00  sec  1.85 MBytes  15.6 Mbits/sec    0    424 KBytes       
[  5]  16.00-17.00  sec   886 KBytes  7.25 Mbits/sec    0    465 KBytes       
[  5]  17.00-18.00  sec   886 KBytes  7.25 Mbits/sec    0    494 KBytes       
[  5]  18.00-19.00  sec  1.73 MBytes  14.5 Mbits/sec    0    515 KBytes       
[  5]  19.00-20.00  sec  1.73 MBytes  14.5 Mbits/sec    0    527 KBytes       
[  5]  20.00-21.00  sec   886 KBytes  7.25 Mbits/sec    0    531 KBytes       
[  5]  21.00-22.00  sec  1.73 MBytes  14.5 Mbits/sec    0    531 KBytes       
[  5]  22.00-23.00  sec  1.73 MBytes  14.5 Mbits/sec    0    531 KBytes       
[  5]  23.00-24.00  sec   886 KBytes  7.25 Mbits/sec    0    535 KBytes       
[  5]  24.00-25.00  sec  1.73 MBytes  14.5 Mbits/sec    0    541 KBytes       
[  5]  25.00-26.00  sec  1.79 MBytes  15.0 Mbits/sec    0    556 KBytes       
[  5]  26.00-27.00  sec  1.73 MBytes  14.5 Mbits/sec    0    582 KBytes       
[  5]  27.00-28.00  sec  1.73 MBytes  14.5 Mbits/sec    0    624 KBytes       
[  5]  28.00-29.00  sec  1.79 MBytes  15.0 Mbits/sec    0    675 KBytes       
[  5]  29.00-30.00  sec  1.92 MBytes  16.1 Mbits/sec    0    739 KBytes       
[  5]  30.00-31.00  sec  2.04 MBytes  17.1 Mbits/sec    0    836 KBytes       
[  5]  31.00-32.00  sec  2.29 MBytes  19.2 Mbits/sec    0    961 KBytes       
[  5]  32.00-33.00  sec  3.74 MBytes  31.3 Mbits/sec    0   1.09 MBytes       
[  5]  33.00-34.00  sec  2.50 MBytes  21.0 Mbits/sec   28    856 KBytes       
[  5]  34.00-35.00  sec  2.50 MBytes  21.0 Mbits/sec  101    751 KBytes       
[  5]  35.00-36.00  sec  2.50 MBytes  21.0 Mbits/sec    0    670 KBytes       
[  5]  36.00-37.00  sec  1.25 MBytes  10.5 Mbits/sec    0    712 KBytes       
[  5]  37.00-38.00  sec  2.50 MBytes  21.0 Mbits/sec    0    741 KBytes       
[  5]  38.00-39.00  sec  2.50 MBytes  21.0 Mbits/sec    0    757 KBytes       
[  5]  39.00-40.00  sec  1.25 MBytes  10.5 Mbits/sec    0    766 KBytes       
[  5]  40.00-41.00  sec  2.50 MBytes  21.0 Mbits/sec    0    770 KBytes       
[  5]  41.00-42.00  sec  2.50 MBytes  21.0 Mbits/sec    0    770 KBytes       
[  5]  42.00-43.00  sec  1.25 MBytes  10.5 Mbits/sec    0    771 KBytes       
[  5]  43.00-44.00  sec  2.50 MBytes  21.0 Mbits/sec    0    774 KBytes       
[  5]  44.00-45.00  sec  2.50 MBytes  21.0 Mbits/sec    0    782 KBytes       
[  5]  45.00-46.00  sec  2.50 MBytes  21.0 Mbits/sec    0    801 KBytes       
[  5]  46.00-47.00  sec  1.25 MBytes  10.5 Mbits/sec    0    829 KBytes       
[  5]  47.00-48.00  sec  2.50 MBytes  21.0 Mbits/sec    0    869 KBytes       
[  5]  48.00-49.00  sec  2.50 MBytes  21.0 Mbits/sec    0    930 KBytes       
[  5]  49.00-50.00  sec  2.50 MBytes  21.0 Mbits/sec    0   1009 KBytes       
[  5]  50.00-51.00  sec  2.50 MBytes  21.0 Mbits/sec    0   1.08 MBytes       
[  5]  51.00-52.00  sec  2.50 MBytes  21.0 Mbits/sec   15    977 KBytes       
[  5]  52.00-53.00  sec  3.75 MBytes  31.5 Mbits/sec   32    900 KBytes       
[  5]  53.00-54.00  sec  2.50 MBytes  21.0 Mbits/sec    0    984 KBytes       
[  5]  54.00-55.00  sec  2.50 MBytes  21.0 Mbits/sec    0   1.04 MBytes       
[  5]  55.00-56.00  sec  3.75 MBytes  31.5 Mbits/sec    0   1.09 MBytes       
[  5]  56.00-57.00  sec  1.25 MBytes  10.5 Mbits/sec   14    795 KBytes       
[  5]  57.00-58.00  sec  3.75 MBytes  31.5 Mbits/sec    0    849 KBytes       
[  5]  58.00-59.00  sec  2.50 MBytes  21.0 Mbits/sec    0    898 KBytes       
[  5]  59.00-60.00  sec  2.50 MBytes  21.0 Mbits/sec    0    927 KBytes       
- - - - - - - - - - - - - - - - - - - - - - - - -
[ ID] Interval           Transfer     Bitrate         Retr
[  5]   0.00-60.00  sec   117 MBytes  16.3 Mbits/sec  364             sender
[  5]   0.00-60.35  sec   114 MBytes  15.9 Mbits/sec                  receiver

iperf Done.
