Connecting to host knb-server-310966, port 5201
[  5] local 10.136.173.79 port 48678 connected to 10.43.108.182 port 5201
[ ID] Interval           Transfer     Bitrate         Total Datagrams
[  5]   0.00-1.00   sec  79.5 MBytes   667 Mbits/sec  70810  (omitted)
[  5]   0.00-1.00   sec  77.3 MBytes   648 Mbits/sec  68800  
[  5]   1.00-2.00   sec  77.3 MBytes   649 Mbits/sec  68820  
[  5]   2.00-3.00   sec  77.4 MBytes   649 Mbits/sec  68880  
[  5]   3.00-4.00   sec  76.2 MBytes   639 Mbits/sec  67840  
[  5]   4.00-5.00   sec  76.7 MBytes   643 Mbits/sec  68270  
[  5]   5.00-6.00   sec  76.2 MBytes   639 Mbits/sec  67830  
[  5]   6.00-7.00   sec  76.3 MBytes   640 Mbits/sec  67960  
[  5]   7.00-8.00   sec  76.8 MBytes   644 Mbits/sec  68360  
[  5]   8.00-9.00   sec  76.8 MBytes   644 Mbits/sec  68390  
[  5]   9.00-10.00  sec  77.4 MBytes   650 Mbits/sec  68930  
[  5]  10.00-11.00  sec  77.3 MBytes   648 Mbits/sec  68800  
[  5]  11.00-12.00  sec  77.4 MBytes   649 Mbits/sec  68860  
[  5]  12.00-13.00  sec  77.0 MBytes   646 Mbits/sec  68530  
[  5]  13.00-14.00  sec  76.7 MBytes   643 Mbits/sec  68230  
[  5]  14.00-15.00  sec  77.1 MBytes   647 Mbits/sec  68620  
[  5]  15.00-16.00  sec  76.0 MBytes   638 Mbits/sec  67690  
[  5]  16.00-17.00  sec  77.0 MBytes   646 Mbits/sec  68570  
[  5]  17.00-18.00  sec  77.3 MBytes   649 Mbits/sec  68850  
[  5]  18.00-19.00  sec  77.4 MBytes   649 Mbits/sec  68890  
[  5]  19.00-20.00  sec  77.8 MBytes   652 Mbits/sec  69210  
[  5]  20.00-21.00  sec  77.9 MBytes   654 Mbits/sec  69360  
[  5]  21.00-22.00  sec  77.9 MBytes   653 Mbits/sec  69300  
[  5]  22.00-23.00  sec  77.3 MBytes   649 Mbits/sec  68830  
[  5]  23.00-24.00  sec  77.3 MBytes   649 Mbits/sec  68840  
[  5]  24.00-25.00  sec  77.8 MBytes   653 Mbits/sec  69290  
[  5]  25.00-26.00  sec  76.6 MBytes   643 Mbits/sec  68200  
[  5]  26.00-27.00  sec  76.7 MBytes   643 Mbits/sec  68230  
[  5]  27.00-28.00  sec  77.8 MBytes   653 Mbits/sec  69290  
[  5]  28.00-29.00  sec  77.9 MBytes   654 Mbits/sec  69370  
[  5]  29.00-30.00  sec  78.9 MBytes   662 Mbits/sec  70210  
[  5]  30.00-31.00  sec  77.6 MBytes   651 Mbits/sec  69040  
[  5]  31.00-32.00  sec  78.6 MBytes   659 Mbits/sec  69980  
[  5]  32.00-33.00  sec  77.9 MBytes   653 Mbits/sec  69330  
[  5]  33.00-34.00  sec  77.3 MBytes   648 Mbits/sec  68780  
[  5]  34.00-35.00  sec  78.5 MBytes   658 Mbits/sec  69860  
[  5]  35.00-36.00  sec  77.7 MBytes   652 Mbits/sec  69130  
[  5]  36.00-37.00  sec  77.5 MBytes   650 Mbits/sec  68970  
[  5]  37.00-38.00  sec  77.3 MBytes   648 Mbits/sec  68790  
[  5]  38.00-39.00  sec  77.9 MBytes   654 Mbits/sec  69370  
[  5]  39.00-40.00  sec  77.9 MBytes   653 Mbits/sec  69310  
[  5]  40.00-41.00  sec  77.6 MBytes   651 Mbits/sec  69040  
[  5]  41.00-42.00  sec  77.8 MBytes   653 Mbits/sec  69260  
[  5]  42.00-43.00  sec  76.5 MBytes   642 Mbits/sec  68130  
[  5]  43.00-44.00  sec  76.3 MBytes   640 Mbits/sec  67930  
[  5]  44.00-45.00  sec  77.2 MBytes   648 Mbits/sec  68730  
[  5]  45.00-46.00  sec  76.5 MBytes   642 Mbits/sec  68110  
[  5]  46.00-47.00  sec  76.6 MBytes   642 Mbits/sec  68150  
[  5]  47.00-48.00  sec  77.6 MBytes   651 Mbits/sec  69080  
[  5]  48.00-49.00  sec  77.1 MBytes   647 Mbits/sec  68640  
[  5]  49.00-50.00  sec  78.3 MBytes   657 Mbits/sec  69720  
[  5]  50.00-51.00  sec  79.8 MBytes   669 Mbits/sec  71010  
[  5]  51.00-52.00  sec  76.9 MBytes   645 Mbits/sec  68470  
[  5]  52.00-53.00  sec  76.4 MBytes   641 Mbits/sec  67980  
[  5]  53.00-54.00  sec  67.1 MBytes   563 Mbits/sec  59750  
[  5]  54.00-55.00  sec  71.8 MBytes   603 Mbits/sec  63940  
[  5]  55.00-56.00  sec  77.1 MBytes   647 Mbits/sec  68650  
[  5]  56.00-57.00  sec  77.0 MBytes   646 Mbits/sec  68530  
[  5]  57.00-58.00  sec  77.7 MBytes   652 Mbits/sec  69150  
[  5]  58.00-59.00  sec  77.8 MBytes   652 Mbits/sec  69210  
[  5]  59.00-60.00  sec  77.0 MBytes   646 Mbits/sec  68570  
- - - - - - - - - - - - - - - - - - - - - - - - -
[ ID] Interval           Transfer     Bitrate         Jitter    Lost/Total Datagrams
[  5]   0.00-60.00  sec  4.52 GBytes   646 Mbits/sec  0.000 ms  0/4115860 (0%)  sender
[  5]   0.00-60.04  sec  4.52 GBytes   646 Mbits/sec  0.010 ms  2499/4115860 (0.061%)  receiver

iperf Done.
