Connecting to host knb-server-303456, port 5201
[  5] local 10.136.173.116 port 54554 connected to 10.43.202.213 port 5201
[ ID] Interval           Transfer     Bitrate         Total Datagrams
[  5]   0.00-1.00   sec  51.0 MBytes   428 Mbits/sec  45430  (omitted)
[  5]   0.00-1.00   sec  51.3 MBytes   430 Mbits/sec  45640  
[  5]   1.00-2.00   sec  51.3 MBytes   430 Mbits/sec  45650  
[  5]   2.00-3.00   sec  53.7 MBytes   451 Mbits/sec  47810  
[  5]   3.00-4.00   sec  53.9 MBytes   452 Mbits/sec  48010  
[  5]   4.00-5.00   sec  50.3 MBytes   422 Mbits/sec  44770  
[  5]   5.00-6.00   sec  50.3 MBytes   422 Mbits/sec  44730  
[  5]   6.00-7.00   sec  52.5 MBytes   440 Mbits/sec  46740  
[  5]   7.00-8.00   sec  52.1 MBytes   437 Mbits/sec  46400  
[  5]   8.00-9.00   sec  53.5 MBytes   449 Mbits/sec  47660  
[  5]   9.00-10.00  sec  51.3 MBytes   430 Mbits/sec  45650  
[  5]  10.00-11.00  sec  51.8 MBytes   435 Mbits/sec  46140  
[  5]  11.00-12.00  sec  52.6 MBytes   441 Mbits/sec  46830  
[  5]  12.00-13.00  sec  52.7 MBytes   442 Mbits/sec  46870  
[  5]  13.00-14.00  sec  51.6 MBytes   433 Mbits/sec  45930  
[  5]  14.00-15.00  sec  50.3 MBytes   422 Mbits/sec  44760  
[  5]  15.00-16.00  sec  51.2 MBytes   429 Mbits/sec  45540  
[  5]  16.00-17.00  sec  51.7 MBytes   434 Mbits/sec  46050  
[  5]  17.00-18.00  sec  51.1 MBytes   429 Mbits/sec  45490  
[  5]  18.00-19.00  sec  53.3 MBytes   448 Mbits/sec  47480  
[  5]  19.00-20.00  sec  53.3 MBytes   447 Mbits/sec  47410  
[  5]  20.00-21.00  sec  51.3 MBytes   430 Mbits/sec  45670  
[  5]  21.00-22.00  sec  52.3 MBytes   438 Mbits/sec  46530  
[  5]  22.00-23.00  sec  52.7 MBytes   442 Mbits/sec  46910  
[  5]  23.00-24.00  sec  50.3 MBytes   422 Mbits/sec  44780  
[  5]  24.00-25.00  sec  50.8 MBytes   426 Mbits/sec  45260  
[  5]  25.00-26.00  sec  51.3 MBytes   430 Mbits/sec  45670  
[  5]  26.00-27.00  sec  52.6 MBytes   441 Mbits/sec  46800  
[  5]  27.00-28.00  sec  51.6 MBytes   433 Mbits/sec  45920  
[  5]  28.00-29.00  sec  49.3 MBytes   413 Mbits/sec  43870  
[  5]  29.00-30.00  sec  51.4 MBytes   431 Mbits/sec  45790  
[  5]  30.00-31.00  sec  52.7 MBytes   442 Mbits/sec  46870  
[  5]  31.00-32.00  sec  52.3 MBytes   439 Mbits/sec  46570  
[  5]  32.00-33.00  sec  50.5 MBytes   423 Mbits/sec  44910  
[  5]  33.00-34.00  sec  51.0 MBytes   428 Mbits/sec  45390  
[  5]  34.00-35.00  sec  50.2 MBytes   421 Mbits/sec  44700  
[  5]  35.00-36.00  sec  50.4 MBytes   423 Mbits/sec  44890  
[  5]  36.00-37.00  sec  50.9 MBytes   427 Mbits/sec  45340  
[  5]  37.00-38.00  sec  36.7 MBytes   308 Mbits/sec  32710  
[  5]  38.00-39.00  sec  52.9 MBytes   444 Mbits/sec  47130  
[  5]  39.00-40.00  sec  52.4 MBytes   440 Mbits/sec  46660  
[  5]  40.00-41.00  sec  50.1 MBytes   420 Mbits/sec  44570  
[  5]  41.00-42.00  sec  49.8 MBytes   418 Mbits/sec  44340  
[  5]  42.00-43.00  sec  55.1 MBytes   463 Mbits/sec  49080  
[  5]  43.00-44.00  sec  52.7 MBytes   442 Mbits/sec  46880  
[  5]  44.00-45.00  sec  52.3 MBytes   439 Mbits/sec  46570  
[  5]  45.00-46.00  sec  51.8 MBytes   435 Mbits/sec  46150  
[  5]  46.00-47.00  sec  49.4 MBytes   414 Mbits/sec  43980  
[  5]  47.00-48.00  sec  51.2 MBytes   430 Mbits/sec  45610  
[  5]  48.00-49.00  sec  50.9 MBytes   427 Mbits/sec  45270  
[  5]  49.00-50.00  sec  50.7 MBytes   426 Mbits/sec  45150  
[  5]  50.00-51.00  sec  52.2 MBytes   438 Mbits/sec  46490  
[  5]  51.00-52.00  sec  53.0 MBytes   445 Mbits/sec  47210  
[  5]  52.00-53.00  sec  51.8 MBytes   435 Mbits/sec  46120  
[  5]  53.00-54.00  sec  54.5 MBytes   457 Mbits/sec  48500  
[  5]  54.00-55.00  sec  50.9 MBytes   427 Mbits/sec  45340  
[  5]  55.00-56.00  sec  52.8 MBytes   443 Mbits/sec  47020  
[  5]  56.00-57.00  sec  53.3 MBytes   447 Mbits/sec  47460  
[  5]  57.00-58.00  sec  48.6 MBytes   407 Mbits/sec  43230  
[  5]  58.00-59.00  sec  51.9 MBytes   436 Mbits/sec  46210  
[  5]  59.00-60.00  sec  52.8 MBytes   443 Mbits/sec  47000  
- - - - - - - - - - - - - - - - - - - - - - - - -
[ ID] Interval           Transfer     Bitrate         Jitter    Lost/Total Datagrams
[  5]   0.00-60.00  sec  3.02 GBytes   432 Mbits/sec  0.000 ms  0/2750110 (0%)  sender
[  5]   0.00-60.22  sec  1.87 GBytes   267 Mbits/sec  0.007 ms  1062410/2750110 (39%)  receiver

iperf Done.
