Connecting to host knb-server-1153844, port 5201
[  5] local 10.136.173.82 port 42473 connected to 10.43.224.16 port 5201
[ ID] Interval           Transfer     Bitrate         Total Datagrams
[  5]   0.00-1.00   sec  52.2 MBytes   438 Mbits/sec  46450  (omitted)
[  5]   0.00-1.00   sec  54.6 MBytes   458 Mbits/sec  48580  
[  5]   1.00-2.00   sec  51.9 MBytes   435 Mbits/sec  46210  
[  5]   2.00-3.00   sec  59.3 MBytes   498 Mbits/sec  52780  
[  5]   3.00-4.00   sec  54.2 MBytes   455 Mbits/sec  48240  
[  5]   4.00-5.00   sec  53.0 MBytes   444 Mbits/sec  47170  
[  5]   5.00-6.00   sec  58.2 MBytes   489 Mbits/sec  51850  
[  5]   6.00-7.00   sec  48.3 MBytes   405 Mbits/sec  43000  
[  5]   7.00-8.00   sec  54.4 MBytes   456 Mbits/sec  48400  
[  5]   8.00-9.00   sec  60.3 MBytes   506 Mbits/sec  53660  
[  5]   9.00-10.00  sec  55.8 MBytes   468 Mbits/sec  49710  
[  5]  10.00-11.00  sec  52.6 MBytes   442 Mbits/sec  46860  
[  5]  11.00-12.00  sec  47.5 MBytes   398 Mbits/sec  42260  
[  5]  12.00-13.00  sec  53.5 MBytes   449 Mbits/sec  47660  
[  5]  13.00-14.00  sec  53.8 MBytes   452 Mbits/sec  47920  
[  5]  14.00-15.00  sec  55.4 MBytes   464 Mbits/sec  49290  
[  5]  15.00-16.00  sec  52.4 MBytes   440 Mbits/sec  46650  
[  5]  16.00-17.00  sec  53.6 MBytes   450 Mbits/sec  47710  
[  5]  17.00-18.00  sec  54.0 MBytes   453 Mbits/sec  48030  
[  5]  18.00-19.00  sec  55.6 MBytes   466 Mbits/sec  49450  
[  5]  19.00-20.00  sec  53.7 MBytes   451 Mbits/sec  47830  
[  5]  20.00-21.00  sec  55.6 MBytes   466 Mbits/sec  49460  
[  5]  21.00-22.00  sec  52.0 MBytes   436 Mbits/sec  46270  
[  5]  22.00-23.00  sec  54.9 MBytes   460 Mbits/sec  48840  
[  5]  23.00-24.00  sec  52.0 MBytes   436 Mbits/sec  46250  
[  5]  24.00-25.00  sec  53.9 MBytes   453 Mbits/sec  48020  
[  5]  25.00-26.00  sec  52.1 MBytes   437 Mbits/sec  46390  
[  5]  26.00-27.00  sec  51.1 MBytes   429 Mbits/sec  45470  
[  5]  27.00-28.00  sec  50.1 MBytes   421 Mbits/sec  44630  
[  5]  28.00-29.00  sec  50.7 MBytes   425 Mbits/sec  45110  
[  5]  29.00-30.00  sec  54.0 MBytes   453 Mbits/sec  48080  
[  5]  30.00-31.00  sec  54.0 MBytes   453 Mbits/sec  48040  
[  5]  31.00-32.00  sec  56.2 MBytes   471 Mbits/sec  50010  
[  5]  32.00-33.00  sec  58.6 MBytes   492 Mbits/sec  52170  
[  5]  33.00-34.00  sec  54.4 MBytes   456 Mbits/sec  48390  
[  5]  34.00-35.00  sec  57.0 MBytes   478 Mbits/sec  50740  
[  5]  35.00-36.00  sec  57.5 MBytes   482 Mbits/sec  51180  
[  5]  36.00-37.00  sec  55.6 MBytes   466 Mbits/sec  49470  
[  5]  37.00-38.00  sec  52.3 MBytes   439 Mbits/sec  46560  
[  5]  38.00-39.00  sec  54.9 MBytes   460 Mbits/sec  48830  
[  5]  39.00-40.00  sec  54.9 MBytes   461 Mbits/sec  48860  
[  5]  40.00-41.00  sec  55.0 MBytes   461 Mbits/sec  48940  
[  5]  41.00-42.00  sec  53.3 MBytes   447 Mbits/sec  47440  
[  5]  42.00-43.00  sec  49.6 MBytes   416 Mbits/sec  44160  
[  5]  43.00-44.00  sec  52.5 MBytes   440 Mbits/sec  46720  
[  5]  44.00-45.00  sec  52.6 MBytes   441 Mbits/sec  46780  
[  5]  45.00-46.00  sec  53.2 MBytes   446 Mbits/sec  47330  
[  5]  46.00-47.00  sec  52.1 MBytes   437 Mbits/sec  46350  
[  5]  47.00-48.00  sec  55.8 MBytes   468 Mbits/sec  49710  
[  5]  48.00-49.00  sec  50.8 MBytes   426 Mbits/sec  45220  
[  5]  49.00-50.00  sec  51.9 MBytes   435 Mbits/sec  46160  
[  5]  50.00-51.00  sec  53.4 MBytes   448 Mbits/sec  47550  
[  5]  51.00-52.00  sec  49.4 MBytes   415 Mbits/sec  44010  
[  5]  52.00-53.00  sec  54.6 MBytes   458 Mbits/sec  48610  
[  5]  53.00-54.00  sec  55.6 MBytes   466 Mbits/sec  49450  
[  5]  54.00-55.00  sec  51.9 MBytes   435 Mbits/sec  46190  
[  5]  55.00-56.00  sec  58.5 MBytes   491 Mbits/sec  52110  
[  5]  56.00-57.00  sec  53.7 MBytes   451 Mbits/sec  47840  
[  5]  57.00-58.00  sec  55.5 MBytes   465 Mbits/sec  49390  
[  5]  58.00-59.00  sec  52.9 MBytes   444 Mbits/sec  47130  
[  5]  59.00-60.00  sec  57.9 MBytes   486 Mbits/sec  51580  
- - - - - - - - - - - - - - - - - - - - - - - - -
[ ID] Interval           Transfer     Bitrate         Jitter    Lost/Total Datagrams
[  5]   0.00-60.00  sec  3.16 GBytes   452 Mbits/sec  0.000 ms  0/2878700 (0%)  sender
[  5]   0.00-61.14  sec  58.0 MBytes  7.96 Mbits/sec  0.035 ms  2855745/2862909 (1e+02%)  receiver

iperf Done.
