Connecting to host knb-server-1153844, port 5201
[  5] local 10.136.173.80 port 54422 connected to 10.43.224.16 port 5201
[ ID] Interval           Transfer     Bitrate         Retr  Cwnd
[  5]   0.00-1.00   sec  1.90 MBytes  15.9 Mbits/sec    1   1.15 KBytes       (omitted)
[  5]   0.00-1.00   sec  1.73 MBytes  14.5 Mbits/sec    2    118 KBytes       
[  5]   1.00-2.00   sec  1.48 MBytes  12.4 Mbits/sec    1    199 KBytes       
[  5]   2.00-3.00   sec  1.24 MBytes  10.4 Mbits/sec    0    257 KBytes       
[  5]   3.00-4.00   sec  1.98 MBytes  16.6 Mbits/sec    3    231 KBytes       
[  5]   4.00-5.00   sec  1.73 MBytes  14.5 Mbits/sec   96    151 KBytes       
[  5]   5.00-6.00   sec  1.73 MBytes  14.5 Mbits/sec    0    184 KBytes       
[  5]   6.00-7.00   sec   443 KBytes  3.63 Mbits/sec    0    194 KBytes       
[  5]   7.00-8.00   sec   443 KBytes  3.63 Mbits/sec    0    211 KBytes       
[  5]   8.00-9.00   sec  1.30 MBytes  10.9 Mbits/sec    9    163 KBytes       
[  5]   9.00-10.00  sec   443 KBytes  3.63 Mbits/sec    0    174 KBytes       
[  5]  10.00-11.00  sec  1.30 MBytes  10.9 Mbits/sec    0    184 KBytes       
[  5]  11.00-12.00  sec  1.30 MBytes  10.9 Mbits/sec    1    208 KBytes       
[  5]  12.00-13.00  sec   886 KBytes  7.26 Mbits/sec    0    254 KBytes       
[  5]  13.00-14.00  sec  3.15 MBytes  26.4 Mbits/sec   88    124 KBytes       
[  5]  14.00-15.00  sec   443 KBytes  3.63 Mbits/sec    1    135 KBytes       
[  5]  15.00-16.00  sec   443 KBytes  3.63 Mbits/sec    0    159 KBytes       
[  5]  16.00-17.00  sec  0.00 Bytes  0.00 Mbits/sec    0    176 KBytes       
[  5]  17.00-18.00  sec  1.30 MBytes  10.9 Mbits/sec    1   1.15 KBytes       
[  5]  18.00-19.00  sec   886 KBytes  7.26 Mbits/sec    8    175 KBytes       
[  5]  19.00-20.00  sec   886 KBytes  7.26 Mbits/sec    0    206 KBytes       
[  5]  20.00-21.00  sec   443 KBytes  3.62 Mbits/sec    0    222 KBytes       
[  5]  21.00-22.00  sec   886 KBytes  7.26 Mbits/sec    0    240 KBytes       
[  5]  22.00-23.00  sec  2.16 MBytes  18.1 Mbits/sec    7    174 KBytes       
[  5]  23.00-24.00  sec  1.30 MBytes  10.9 Mbits/sec    6    135 KBytes       
[  5]  24.00-25.00  sec   886 KBytes  7.26 Mbits/sec    1    165 KBytes       
[  5]  25.00-26.00  sec   886 KBytes  7.26 Mbits/sec    0    201 KBytes       
[  5]  26.00-27.00  sec   886 KBytes  7.26 Mbits/sec    0    254 KBytes       
[  5]  27.00-28.00  sec  2.29 MBytes  19.2 Mbits/sec   25    242 KBytes       
[  5]  28.00-29.00  sec   443 KBytes  3.63 Mbits/sec    0    260 KBytes       
[  5]  29.00-30.00  sec   443 KBytes  3.63 Mbits/sec    0    282 KBytes       
[  5]  30.00-31.00  sec   443 KBytes  3.63 Mbits/sec    0    299 KBytes       
[  5]  31.00-32.00  sec  0.00 Bytes  0.00 Mbits/sec    0    300 KBytes       
[  5]  32.00-33.00  sec   443 KBytes  3.63 Mbits/sec    0    304 KBytes       
[  5]  33.00-34.00  sec  0.00 Bytes  0.00 Mbits/sec    0    305 KBytes       
[  5]  34.00-35.00  sec   443 KBytes  3.63 Mbits/sec    0    306 KBytes       
[  5]  35.00-36.00  sec  2.60 MBytes  21.8 Mbits/sec  124    166 KBytes       
[  5]  36.00-37.00  sec  0.00 Bytes  0.00 Mbits/sec    1   1.15 KBytes       
[  5]  37.00-38.00  sec   949 KBytes  7.78 Mbits/sec  143    182 KBytes       
[  5]  38.00-39.00  sec   443 KBytes  3.63 Mbits/sec    0    202 KBytes       
[  5]  39.00-40.00  sec  0.00 Bytes  0.00 Mbits/sec    1    221 KBytes       
[  5]  40.00-41.00  sec   443 KBytes  3.63 Mbits/sec    0    240 KBytes       
[  5]  41.00-42.00  sec   443 KBytes  3.63 Mbits/sec    0    251 KBytes       
[  5]  42.00-43.00  sec  0.00 Bytes  0.00 Mbits/sec    0    266 KBytes       
[  5]  43.00-44.00  sec   886 KBytes  7.26 Mbits/sec    0    301 KBytes       
[  5]  44.00-45.00  sec   443 KBytes  3.63 Mbits/sec    0    328 KBytes       
[  5]  45.00-46.00  sec   443 KBytes  3.63 Mbits/sec    0    345 KBytes       
[  5]  46.00-47.00  sec  1.61 MBytes  13.5 Mbits/sec    0    418 KBytes       
[  5]  47.00-48.00  sec  1.24 MBytes  10.4 Mbits/sec    1    471 KBytes       
[  5]  48.00-49.00  sec  2.84 MBytes  23.8 Mbits/sec    0    592 KBytes       
[  5]  49.00-50.00  sec  0.00 Bytes  0.00 Mbits/sec    0    614 KBytes       
[  5]  50.00-51.00  sec  0.00 Bytes  0.00 Mbits/sec   94    435 KBytes       
[  5]  51.00-52.00  sec  1.11 MBytes  9.32 Mbits/sec   30    398 KBytes       
[  5]  52.00-53.00  sec   823 KBytes  6.74 Mbits/sec    0    423 KBytes       
[  5]  53.00-54.00  sec  0.00 Bytes  0.00 Mbits/sec    0    483 KBytes       
[  5]  54.00-55.00  sec   823 KBytes  6.74 Mbits/sec    0    497 KBytes       
[  5]  55.00-56.00  sec  1.98 MBytes  16.6 Mbits/sec   10    393 KBytes       
[  5]  56.00-57.00  sec  0.00 Bytes  0.00 Mbits/sec    0    405 KBytes       
[  5]  57.00-58.00  sec  5.62 MBytes  47.2 Mbits/sec    5    323 KBytes       
[  5]  58.00-59.00  sec  1.61 MBytes  13.5 Mbits/sec    0    347 KBytes       
[  5]  59.00-60.00  sec   823 KBytes  6.74 Mbits/sec    0    352 KBytes       
- - - - - - - - - - - - - - - - - - - - - - - - -
[ ID] Interval           Transfer     Bitrate         Retr
[  5]   0.00-60.00  sec  59.7 MBytes  8.35 Mbits/sec  658             sender
[  5]   0.00-60.34  sec  58.3 MBytes  8.10 Mbits/sec                  receiver

iperf Done.
