Connecting to host 10.136.80.176, port 5201
[  5] local 10.136.173.117 port 42474 connected to 10.136.80.176 port 5201
[ ID] Interval           Transfer     Bitrate         Total Datagrams
[  5]   0.00-1.00   sec  54.8 MBytes   460 Mbits/sec  48820  (omitted)
[  5]   0.00-1.00   sec  58.2 MBytes   488 Mbits/sec  51780  
[  5]   1.00-2.00   sec  53.3 MBytes   447 Mbits/sec  47470  
[  5]   2.00-3.00   sec  54.4 MBytes   456 Mbits/sec  48430  
[  5]   3.00-4.00   sec  55.5 MBytes   465 Mbits/sec  49380  
[  5]   4.00-5.00   sec  59.1 MBytes   496 Mbits/sec  52640  
[  5]   5.00-6.00   sec  51.9 MBytes   435 Mbits/sec  46160  
[  5]   6.00-7.00   sec  54.4 MBytes   456 Mbits/sec  48410  
[  5]   7.00-8.00   sec  53.7 MBytes   450 Mbits/sec  47780  
[  5]   8.00-9.00   sec  57.3 MBytes   481 Mbits/sec  51000  
[  5]   9.00-10.00  sec  49.6 MBytes   416 Mbits/sec  44120  
[  5]  10.00-11.00  sec  57.0 MBytes   478 Mbits/sec  50750  
[  5]  11.00-12.00  sec  53.9 MBytes   453 Mbits/sec  48020  
[  5]  12.00-13.00  sec  57.2 MBytes   480 Mbits/sec  50920  
[  5]  13.00-14.00  sec  54.9 MBytes   460 Mbits/sec  48840  
[  5]  14.00-15.00  sec  51.3 MBytes   430 Mbits/sec  45640  
[  5]  15.00-16.00  sec  54.3 MBytes   455 Mbits/sec  48310  
[  5]  16.00-17.00  sec  56.4 MBytes   473 Mbits/sec  50180  
[  5]  17.00-18.00  sec  58.0 MBytes   487 Mbits/sec  51630  
[  5]  18.00-19.00  sec  52.7 MBytes   442 Mbits/sec  46940  
[  5]  19.00-20.00  sec  50.6 MBytes   424 Mbits/sec  45010  
[  5]  20.00-21.00  sec  55.4 MBytes   464 Mbits/sec  49280  
[  5]  21.00-22.00  sec  48.0 MBytes   403 Mbits/sec  42750  
[  5]  22.00-23.00  sec  56.3 MBytes   473 Mbits/sec  50150  
[  5]  23.00-24.00  sec  55.9 MBytes   469 Mbits/sec  49800  
[  5]  24.00-25.00  sec  51.4 MBytes   432 Mbits/sec  45790  
[  5]  25.00-26.00  sec  58.2 MBytes   488 Mbits/sec  51830  
[  5]  26.00-27.00  sec  54.7 MBytes   459 Mbits/sec  48720  
[  5]  27.00-28.00  sec  50.5 MBytes   424 Mbits/sec  44960  
[  5]  28.00-29.00  sec  58.6 MBytes   491 Mbits/sec  52120  
[  5]  29.00-30.00  sec  54.0 MBytes   453 Mbits/sec  48060  
[  5]  30.00-31.00  sec  50.3 MBytes   421 Mbits/sec  44730  
[  5]  31.00-32.00  sec  45.7 MBytes   384 Mbits/sec  40690  
[  5]  32.00-33.00  sec  52.8 MBytes   443 Mbits/sec  46990  
[  5]  33.00-34.00  sec  54.2 MBytes   455 Mbits/sec  48250  
[  5]  34.00-35.00  sec  50.9 MBytes   427 Mbits/sec  45350  
[  5]  35.00-36.00  sec  41.1 MBytes   344 Mbits/sec  36540  
[  5]  36.00-37.00  sec  54.1 MBytes   454 Mbits/sec  48150  
[  5]  37.00-38.00  sec  59.1 MBytes   496 Mbits/sec  52650  
[  5]  38.00-39.00  sec  53.6 MBytes   449 Mbits/sec  47690  
[  5]  39.00-40.00  sec  52.8 MBytes   443 Mbits/sec  47010  
[  5]  40.00-41.00  sec  53.3 MBytes   447 Mbits/sec  47460  
[  5]  41.00-42.00  sec  56.8 MBytes   476 Mbits/sec  50520  
[  5]  42.00-43.00  sec  58.3 MBytes   489 Mbits/sec  51900  
[  5]  43.00-44.00  sec  61.4 MBytes   515 Mbits/sec  54630  
[  5]  44.00-45.00  sec  59.3 MBytes   497 Mbits/sec  52750  
[  5]  45.00-46.00  sec  55.2 MBytes   463 Mbits/sec  49120  
[  5]  46.00-47.00  sec  52.9 MBytes   444 Mbits/sec  47100  
[  5]  47.00-48.00  sec  54.5 MBytes   457 Mbits/sec  48530  
[  5]  48.00-49.00  sec  53.8 MBytes   451 Mbits/sec  47910  
[  5]  49.00-50.00  sec  54.6 MBytes   458 Mbits/sec  48560  
[  5]  50.00-51.00  sec  54.2 MBytes   455 Mbits/sec  48280  
[  5]  51.00-52.00  sec  50.5 MBytes   424 Mbits/sec  44980  
[  5]  52.00-53.00  sec  54.6 MBytes   458 Mbits/sec  48560  
[  5]  53.00-54.00  sec  57.0 MBytes   478 Mbits/sec  50720  
[  5]  54.00-55.00  sec  56.3 MBytes   472 Mbits/sec  50130  
[  5]  55.00-56.00  sec  54.8 MBytes   460 Mbits/sec  48800  
[  5]  56.00-57.00  sec  60.1 MBytes   504 Mbits/sec  53480  
[  5]  57.00-58.00  sec  56.8 MBytes   476 Mbits/sec  50550  
[  5]  58.00-59.00  sec  47.9 MBytes   402 Mbits/sec  42630  
[  5]  59.00-60.00  sec  59.1 MBytes   496 Mbits/sec  52610  
- - - - - - - - - - - - - - - - - - - - - - - - -
[ ID] Interval           Transfer     Bitrate         Jitter    Lost/Total Datagrams
[  5]   0.00-60.00  sec  3.19 GBytes   456 Mbits/sec  0.000 ms  0/2904140 (0%)  sender
[  5]   0.00-60.49  sec  78.5 MBytes  10.9 Mbits/sec  0.014 ms  2876110/2897395 (99%)  receiver

iperf Done.
