Connecting to host knb-server-314090, port 5201
[  5] local 10.136.173.85 port 54774 connected to 10.43.231.190 port 5201
[ ID] Interval           Transfer     Bitrate         Total Datagrams
[  5]   0.00-1.00   sec  79.8 MBytes   670 Mbits/sec  71070  (omitted)
[  5]   0.00-1.00   sec  80.4 MBytes   675 Mbits/sec  71610  
[  5]   1.00-2.00   sec  79.9 MBytes   671 Mbits/sec  71150  
[  5]   2.00-3.00   sec  80.9 MBytes   679 Mbits/sec  72050  
[  5]   3.00-4.00   sec  81.0 MBytes   680 Mbits/sec  72130  
[  5]   4.00-5.00   sec  80.7 MBytes   677 Mbits/sec  71870  
[  5]   5.00-6.00   sec  80.2 MBytes   673 Mbits/sec  71400  
[  5]   6.00-7.00   sec  73.9 MBytes   620 Mbits/sec  65790  
[  5]   7.00-8.00   sec  68.1 MBytes   571 Mbits/sec  60630  
[  5]   8.00-9.00   sec  79.7 MBytes   668 Mbits/sec  70930  
[  5]   9.00-10.00  sec  80.2 MBytes   673 Mbits/sec  71380  
[  5]  10.00-11.00  sec  80.6 MBytes   676 Mbits/sec  71770  
[  5]  11.00-12.00  sec  76.7 MBytes   644 Mbits/sec  68300  
[  5]  12.00-13.00  sec  66.1 MBytes   554 Mbits/sec  58810  
[  5]  13.00-14.00  sec  65.4 MBytes   549 Mbits/sec  58240  
[  5]  14.00-15.00  sec  65.0 MBytes   545 Mbits/sec  57860  
[  5]  15.00-16.00  sec  64.4 MBytes   540 Mbits/sec  57290  
[  5]  16.00-17.00  sec  64.6 MBytes   542 Mbits/sec  57460  
[  5]  17.00-18.00  sec  65.5 MBytes   549 Mbits/sec  58310  
[  5]  18.00-19.00  sec  65.6 MBytes   550 Mbits/sec  58390  
[  5]  19.00-20.00  sec  61.8 MBytes   518 Mbits/sec  55010  
[  5]  20.00-21.00  sec  62.3 MBytes   522 Mbits/sec  55440  
[  5]  21.00-22.00  sec  64.1 MBytes   538 Mbits/sec  57090  
[  5]  22.00-23.00  sec  65.2 MBytes   547 Mbits/sec  58020  
[  5]  23.00-24.00  sec  66.3 MBytes   556 Mbits/sec  58990  
[  5]  24.00-25.00  sec  64.9 MBytes   544 Mbits/sec  57750  
[  5]  25.00-26.00  sec  65.6 MBytes   551 Mbits/sec  58410  
[  5]  26.00-27.00  sec  64.5 MBytes   541 Mbits/sec  57410  
[  5]  27.00-28.00  sec  60.9 MBytes   511 Mbits/sec  54230  
[  5]  28.00-29.00  sec  62.6 MBytes   525 Mbits/sec  55750  
[  5]  29.00-30.00  sec  64.9 MBytes   544 Mbits/sec  57760  
[  5]  30.00-31.00  sec  63.1 MBytes   529 Mbits/sec  56170  
[  5]  31.00-32.00  sec  61.4 MBytes   515 Mbits/sec  54660  
[  5]  32.00-33.00  sec  80.9 MBytes   678 Mbits/sec  71980  
[  5]  33.00-34.00  sec  79.9 MBytes   671 Mbits/sec  71160  
[  5]  34.00-35.00  sec  79.4 MBytes   666 Mbits/sec  70650  
[  5]  35.00-36.00  sec  79.9 MBytes   670 Mbits/sec  71080  
[  5]  36.00-37.00  sec  79.3 MBytes   665 Mbits/sec  70580  
[  5]  37.00-38.00  sec  78.8 MBytes   661 Mbits/sec  70170  
[  5]  38.00-39.00  sec  79.2 MBytes   664 Mbits/sec  70460  
[  5]  39.00-40.00  sec  79.2 MBytes   664 Mbits/sec  70480  
[  5]  40.00-41.00  sec  79.3 MBytes   665 Mbits/sec  70550  
[  5]  41.00-42.00  sec  79.2 MBytes   665 Mbits/sec  70540  
[  5]  42.00-43.00  sec  79.6 MBytes   668 Mbits/sec  70860  
[  5]  43.00-44.00  sec  80.2 MBytes   673 Mbits/sec  71400  
[  5]  44.00-45.00  sec  80.1 MBytes   672 Mbits/sec  71320  
[  5]  45.00-46.00  sec  79.9 MBytes   670 Mbits/sec  71120  
[  5]  46.00-47.00  sec  79.6 MBytes   668 Mbits/sec  70890  
[  5]  47.00-48.00  sec  79.7 MBytes   668 Mbits/sec  70900  
[  5]  48.00-49.00  sec  78.8 MBytes   661 Mbits/sec  70120  
[  5]  49.00-50.00  sec  79.5 MBytes   667 Mbits/sec  70730  
[  5]  50.00-51.00  sec  67.1 MBytes   563 Mbits/sec  59700  
[  5]  51.00-52.00  sec  65.2 MBytes   547 Mbits/sec  58010  
[  5]  52.00-53.00  sec  67.1 MBytes   562 Mbits/sec  59690  
[  5]  53.00-54.00  sec  66.6 MBytes   559 Mbits/sec  59270  
[  5]  54.00-55.00  sec  63.4 MBytes   532 Mbits/sec  56450  
[  5]  55.00-56.00  sec  61.6 MBytes   517 Mbits/sec  54850  
[  5]  56.00-57.00  sec  64.0 MBytes   537 Mbits/sec  56960  
[  5]  57.00-58.00  sec  64.2 MBytes   538 Mbits/sec  57130  
[  5]  58.00-59.00  sec  64.3 MBytes   539 Mbits/sec  57220  
[  5]  59.00-60.00  sec  63.2 MBytes   531 Mbits/sec  56290  
- - - - - - - - - - - - - - - - - - - - - - - - -
[ ID] Interval           Transfer     Bitrate         Jitter    Lost/Total Datagrams
[  5]   0.00-60.00  sec  4.20 GBytes   602 Mbits/sec  0.000 ms  0/3832620 (0%)  sender
[  5]   0.00-60.04  sec  4.21 GBytes   602 Mbits/sec  0.014 ms  702/3832620 (0.018%)  receiver

iperf Done.
