Connecting to host 10.136.80.158, port 5201
[  5] local 10.136.173.94 port 37170 connected to 10.136.80.158 port 5201
[ ID] Interval           Transfer     Bitrate         Retr  Cwnd
[  5]   0.00-1.00   sec  24.8 MBytes   208 Mbits/sec   20    123 KBytes       (omitted)
[  5]   0.00-1.00   sec  25.3 MBytes   212 Mbits/sec   19    101 KBytes       
[  5]   1.00-2.00   sec  23.6 MBytes   198 Mbits/sec   19   84.0 KBytes       
[  5]   2.00-3.00   sec  24.0 MBytes   201 Mbits/sec   12   87.4 KBytes       
[  5]   3.00-4.00   sec  24.2 MBytes   203 Mbits/sec   19    100 KBytes       
[  5]   4.00-5.00   sec  24.1 MBytes   202 Mbits/sec   13   79.4 KBytes       
[  5]   5.00-6.00   sec  24.3 MBytes   204 Mbits/sec   14    113 KBytes       
[  5]   6.00-7.00   sec  24.2 MBytes   203 Mbits/sec   22   90.9 KBytes       
[  5]   7.00-8.00   sec  24.0 MBytes   202 Mbits/sec   10    113 KBytes       
[  5]   8.00-9.00   sec  24.5 MBytes   205 Mbits/sec   13    102 KBytes       
[  5]   9.00-10.00  sec  24.0 MBytes   202 Mbits/sec   20   97.8 KBytes       
[  5]  10.00-11.00  sec  23.9 MBytes   201 Mbits/sec   17   96.6 KBytes       
[  5]  11.00-12.00  sec  24.2 MBytes   203 Mbits/sec    9   97.8 KBytes       
[  5]  12.00-13.00  sec  24.1 MBytes   202 Mbits/sec   13    106 KBytes       
[  5]  13.00-14.00  sec  25.4 MBytes   213 Mbits/sec   25    105 KBytes       
[  5]  14.00-15.00  sec  25.1 MBytes   210 Mbits/sec   21   73.6 KBytes       
[  5]  15.00-16.00  sec  23.9 MBytes   200 Mbits/sec   15   88.6 KBytes       
[  5]  16.00-17.00  sec  23.0 MBytes   193 Mbits/sec   34   95.5 KBytes       
[  5]  17.00-18.00  sec  24.5 MBytes   206 Mbits/sec   12    148 KBytes       
[  5]  18.00-19.00  sec  25.3 MBytes   212 Mbits/sec   42   97.8 KBytes       
[  5]  19.00-20.00  sec  27.0 MBytes   227 Mbits/sec   42    110 KBytes       
[  5]  20.00-21.00  sec  27.7 MBytes   233 Mbits/sec   35    118 KBytes       
[  5]  21.00-22.00  sec  27.5 MBytes   231 Mbits/sec   25   89.7 KBytes       
[  5]  22.00-23.00  sec  27.4 MBytes   230 Mbits/sec   16   92.0 KBytes       
[  5]  23.00-24.00  sec  28.0 MBytes   235 Mbits/sec   33    139 KBytes       
[  5]  24.00-25.00  sec  25.0 MBytes   210 Mbits/sec   70    116 KBytes       
[  5]  25.00-26.00  sec  25.5 MBytes   214 Mbits/sec   12    166 KBytes       
[  5]  26.00-27.00  sec  25.5 MBytes   214 Mbits/sec   36    125 KBytes       
[  5]  27.00-28.00  sec  24.3 MBytes   204 Mbits/sec   36    127 KBytes       
[  5]  28.00-29.00  sec  26.9 MBytes   226 Mbits/sec   21    104 KBytes       
[  5]  29.00-30.00  sec  27.5 MBytes   231 Mbits/sec   26    133 KBytes       
[  5]  30.00-31.00  sec  26.4 MBytes   222 Mbits/sec   22    104 KBytes       
[  5]  31.00-32.00  sec  26.0 MBytes   218 Mbits/sec   19    136 KBytes       
[  5]  32.00-33.00  sec  24.9 MBytes   209 Mbits/sec   58    128 KBytes       
[  5]  33.00-34.00  sec  26.4 MBytes   222 Mbits/sec   33   90.9 KBytes       
[  5]  34.00-35.00  sec  26.8 MBytes   225 Mbits/sec   23    120 KBytes       
[  5]  35.00-36.00  sec  26.2 MBytes   220 Mbits/sec   76    104 KBytes       
[  5]  36.00-37.00  sec  25.8 MBytes   217 Mbits/sec   48    133 KBytes       
[  5]  37.00-38.00  sec  26.1 MBytes   219 Mbits/sec   63   86.3 KBytes       
[  5]  38.00-39.00  sec  25.2 MBytes   211 Mbits/sec   38    102 KBytes       
[  5]  39.00-40.00  sec  26.3 MBytes   221 Mbits/sec   53    117 KBytes       
[  5]  40.00-41.00  sec  25.1 MBytes   210 Mbits/sec   42   90.9 KBytes       
[  5]  41.00-42.00  sec  24.8 MBytes   208 Mbits/sec   38   96.6 KBytes       
[  5]  42.00-43.00  sec  23.7 MBytes   199 Mbits/sec   27    101 KBytes       
[  5]  43.00-44.00  sec  24.5 MBytes   205 Mbits/sec   21   82.8 KBytes       
[  5]  44.00-45.00  sec  25.2 MBytes   211 Mbits/sec   17   95.5 KBytes       
[  5]  45.00-46.00  sec  24.4 MBytes   205 Mbits/sec   22    108 KBytes       
[  5]  46.00-47.00  sec  24.3 MBytes   204 Mbits/sec   27   97.8 KBytes       
[  5]  47.00-48.00  sec  23.5 MBytes   197 Mbits/sec   34   80.5 KBytes       
[  5]  48.00-49.00  sec  23.6 MBytes   198 Mbits/sec   44   95.5 KBytes       
[  5]  49.00-50.00  sec  25.1 MBytes   211 Mbits/sec   21    110 KBytes       
[  5]  50.00-51.00  sec  24.7 MBytes   207 Mbits/sec   24   85.1 KBytes       
[  5]  51.00-52.00  sec  24.8 MBytes   208 Mbits/sec   27   88.6 KBytes       
[  5]  52.00-53.00  sec  24.0 MBytes   202 Mbits/sec    8   93.2 KBytes       
[  5]  53.00-54.00  sec  24.5 MBytes   205 Mbits/sec   29   86.3 KBytes       
[  5]  54.00-55.00  sec  25.7 MBytes   216 Mbits/sec   20   98.9 KBytes       
[  5]  55.00-56.00  sec  26.8 MBytes   224 Mbits/sec   35   87.4 KBytes       
[  5]  56.00-57.00  sec  27.6 MBytes   231 Mbits/sec   14   85.1 KBytes       
[  5]  57.00-58.00  sec  27.6 MBytes   231 Mbits/sec   20    109 KBytes       
[  5]  58.00-59.00  sec  28.0 MBytes   235 Mbits/sec   54   94.3 KBytes       
[  5]  59.00-60.00  sec  27.4 MBytes   230 Mbits/sec   19    105 KBytes       
- - - - - - - - - - - - - - - - - - - - - - - - -
[ ID] Interval           Transfer     Bitrate         Retr
[  5]   0.00-60.00  sec  1.48 GBytes   212 Mbits/sec  1677             sender
[  5]   0.00-60.04  sec  1.48 GBytes   212 Mbits/sec                  receiver

iperf Done.
