Connecting to host 10.136.80.132, port 5201
[  5] local 10.136.173.119 port 37001 connected to 10.136.80.132 port 5201
[ ID] Interval           Transfer     Bitrate         Total Datagrams
[  5]   0.00-1.00   sec   103 MBytes   860 Mbits/sec  76940  (omitted)
[  5]   0.00-1.00   sec  94.0 MBytes   789 Mbits/sec  70520  
[  5]   1.00-2.00   sec  94.0 MBytes   789 Mbits/sec  70510  
[  5]   2.00-3.00   sec  94.1 MBytes   790 Mbits/sec  70610  
[  5]   3.00-4.00   sec  94.4 MBytes   792 Mbits/sec  70790  
[  5]   4.00-5.00   sec  94.0 MBytes   788 Mbits/sec  70500  
[  5]   5.00-6.00   sec  93.9 MBytes   788 Mbits/sec  70430  
[  5]   6.00-7.00   sec  96.0 MBytes   806 Mbits/sec  72030  
[  5]   7.00-8.00   sec  84.2 MBytes   706 Mbits/sec  63120  
[  5]   8.00-9.00   sec  98.1 MBytes   823 Mbits/sec  73600  
[  5]   9.00-10.00  sec  92.3 MBytes   774 Mbits/sec  69210  
[  5]  10.00-11.00  sec  78.5 MBytes   659 Mbits/sec  58880  
[  5]  11.00-12.00  sec  80.0 MBytes   671 Mbits/sec  60020  
[  5]  12.00-13.00  sec  80.3 MBytes   674 Mbits/sec  60230  
[  5]  13.00-14.00  sec  80.1 MBytes   672 Mbits/sec  60060  
[  5]  14.00-15.00  sec  80.1 MBytes   672 Mbits/sec  60100  
[  5]  15.00-16.00  sec  79.7 MBytes   669 Mbits/sec  59810  
[  5]  16.00-17.00  sec  86.0 MBytes   722 Mbits/sec  64530  
[  5]  17.00-18.00  sec  79.6 MBytes   668 Mbits/sec  59720  
[  5]  18.00-19.00  sec  88.5 MBytes   743 Mbits/sec  66400  
[  5]  19.00-20.00  sec  93.4 MBytes   783 Mbits/sec  70020  
[  5]  20.00-21.00  sec  83.3 MBytes   699 Mbits/sec  62480  
[  5]  21.00-22.00  sec  78.6 MBytes   659 Mbits/sec  58950  
[  5]  22.00-23.00  sec  89.4 MBytes   750 Mbits/sec  67080  
[  5]  23.00-24.00  sec  93.4 MBytes   784 Mbits/sec  70090  
[  5]  24.00-25.00  sec  98.4 MBytes   825 Mbits/sec  73770  
[  5]  25.00-26.00  sec  93.8 MBytes   787 Mbits/sec  70360  
[  5]  26.00-27.00  sec  94.1 MBytes   790 Mbits/sec  70590  
[  5]  27.00-28.00  sec  93.5 MBytes   784 Mbits/sec  70140  
[  5]  28.00-29.00  sec  93.7 MBytes   786 Mbits/sec  70290  
[  5]  29.00-30.00  sec  93.5 MBytes   785 Mbits/sec  70150  
[  5]  30.00-31.00  sec  93.2 MBytes   782 Mbits/sec  69920  
[  5]  31.00-32.00  sec  93.8 MBytes   787 Mbits/sec  70330  
[  5]  32.00-33.00  sec  93.3 MBytes   783 Mbits/sec  69980  
[  5]  33.00-34.00  sec  93.6 MBytes   785 Mbits/sec  70210  
[  5]  34.00-35.00  sec  93.9 MBytes   787 Mbits/sec  70410  
[  5]  35.00-36.00  sec  93.3 MBytes   783 Mbits/sec  69990  
[  5]  36.00-37.00  sec  93.1 MBytes   781 Mbits/sec  69850  
[  5]  37.00-38.00  sec  92.7 MBytes   777 Mbits/sec  69510  
[  5]  38.00-39.00  sec  93.7 MBytes   786 Mbits/sec  70250  
[  5]  39.00-40.00  sec  92.9 MBytes   779 Mbits/sec  69690  
[  5]  40.00-41.00  sec  93.6 MBytes   786 Mbits/sec  70240  
[  5]  41.00-42.00  sec  93.4 MBytes   784 Mbits/sec  70070  
[  5]  42.00-43.00  sec  90.5 MBytes   759 Mbits/sec  67860  
[  5]  43.00-44.00  sec  94.0 MBytes   788 Mbits/sec  70490  
[  5]  44.00-45.00  sec  93.9 MBytes   788 Mbits/sec  70460  
[  5]  45.00-46.00  sec  94.0 MBytes   789 Mbits/sec  70510  
[  5]  46.00-47.00  sec  94.1 MBytes   789 Mbits/sec  70580  
[  5]  47.00-48.00  sec  92.8 MBytes   779 Mbits/sec  69630  
[  5]  48.00-49.00  sec  94.0 MBytes   788 Mbits/sec  70490  
[  5]  49.00-50.00  sec  93.8 MBytes   787 Mbits/sec  70390  
[  5]  50.00-51.00  sec  93.9 MBytes   788 Mbits/sec  70450  
[  5]  51.00-52.00  sec  94.0 MBytes   788 Mbits/sec  70480  
[  5]  52.00-53.00  sec  94.0 MBytes   788 Mbits/sec  70470  
[  5]  53.00-54.00  sec  93.9 MBytes   788 Mbits/sec  70460  
[  5]  54.00-55.00  sec  94.3 MBytes   791 Mbits/sec  70760  
[  5]  55.00-56.00  sec  93.9 MBytes   788 Mbits/sec  70440  
[  5]  56.00-57.00  sec  94.3 MBytes   791 Mbits/sec  70720  
[  5]  57.00-58.00  sec  87.2 MBytes   732 Mbits/sec  65430  
[  5]  58.00-59.00  sec  77.6 MBytes   651 Mbits/sec  58240  
[  5]  59.00-60.00  sec  79.3 MBytes   665 Mbits/sec  59450  
- - - - - - - - - - - - - - - - - - - - - - - - -
[ ID] Interval           Transfer     Bitrate         Jitter    Lost/Total Datagrams
[  5]   0.00-60.00  sec  5.32 GBytes   761 Mbits/sec  0.000 ms  0/4082750 (0%)  sender
[  5]   0.00-60.04  sec  5.32 GBytes   761 Mbits/sec  0.016 ms  3652/4082750 (0.089%)  receiver

iperf Done.
