Connecting to host 10.136.80.156, port 5201
[  5] local 10.136.173.92 port 39575 connected to 10.136.80.156 port 5201
[ ID] Interval           Transfer     Bitrate         Total Datagrams
[  5]   0.00-1.00   sec  65.5 MBytes   549 Mbits/sec  58290  (omitted)
[  5]   0.00-1.00   sec  63.9 MBytes   536 Mbits/sec  56850  
[  5]   1.00-2.00   sec  62.3 MBytes   523 Mbits/sec  55460  
[  5]   2.00-3.00   sec  60.4 MBytes   507 Mbits/sec  53790  
[  5]   3.00-4.00   sec  61.6 MBytes   517 Mbits/sec  54840  
[  5]   4.00-5.00   sec  61.5 MBytes   516 Mbits/sec  54720  
[  5]   5.00-6.00   sec  62.2 MBytes   522 Mbits/sec  55400  
[  5]   6.00-7.00   sec  61.8 MBytes   518 Mbits/sec  54980  
[  5]   7.00-8.00   sec  61.4 MBytes   515 Mbits/sec  54610  
[  5]   8.00-9.00   sec  64.1 MBytes   537 Mbits/sec  57020  
[  5]   9.00-10.00  sec  60.9 MBytes   511 Mbits/sec  54180  
[  5]  10.00-11.00  sec  62.1 MBytes   521 Mbits/sec  55260  
[  5]  11.00-12.00  sec  61.9 MBytes   519 Mbits/sec  55070  
[  5]  12.00-13.00  sec  59.8 MBytes   501 Mbits/sec  53190  
[  5]  13.00-14.00  sec  60.8 MBytes   510 Mbits/sec  54080  
[  5]  14.00-15.00  sec  61.3 MBytes   514 Mbits/sec  54550  
[  5]  15.00-16.00  sec  61.6 MBytes   517 Mbits/sec  54810  
[  5]  16.00-17.00  sec  71.9 MBytes   603 Mbits/sec  64030  
[  5]  17.00-18.00  sec  62.0 MBytes   520 Mbits/sec  55190  
[  5]  18.00-19.00  sec  62.7 MBytes   526 Mbits/sec  55810  
[  5]  19.00-20.00  sec  61.8 MBytes   518 Mbits/sec  54980  
[  5]  20.00-21.00  sec  59.8 MBytes   502 Mbits/sec  53250  
[  5]  21.00-22.00  sec  58.9 MBytes   494 Mbits/sec  52450  
[  5]  22.00-23.00  sec  54.5 MBytes   457 Mbits/sec  48540  
[  5]  23.00-24.00  sec  50.3 MBytes   422 Mbits/sec  44760  
[  5]  24.00-25.00  sec  50.3 MBytes   422 Mbits/sec  44810  
[  5]  25.00-26.00  sec  55.2 MBytes   463 Mbits/sec  49110  
[  5]  26.00-27.00  sec  65.2 MBytes   547 Mbits/sec  58030  
[  5]  27.00-28.00  sec  58.4 MBytes   490 Mbits/sec  52010  
[  5]  28.00-29.00  sec  62.1 MBytes   521 Mbits/sec  55270  
[  5]  29.00-30.00  sec  62.3 MBytes   522 Mbits/sec  55450  
[  5]  30.00-31.00  sec  60.5 MBytes   508 Mbits/sec  53880  
[  5]  31.00-32.00  sec  60.3 MBytes   506 Mbits/sec  53680  
[  5]  32.00-33.00  sec  63.6 MBytes   534 Mbits/sec  56620  
[  5]  33.00-34.00  sec  63.1 MBytes   530 Mbits/sec  56210  
[  5]  34.00-35.00  sec  59.9 MBytes   502 Mbits/sec  53290  
[  5]  35.00-36.00  sec  69.1 MBytes   580 Mbits/sec  61530  
[  5]  36.00-37.00  sec  65.4 MBytes   549 Mbits/sec  58220  
[  5]  37.00-38.00  sec  60.9 MBytes   511 Mbits/sec  54170  
[  5]  38.00-39.00  sec  62.4 MBytes   524 Mbits/sec  55570  
[  5]  39.00-40.00  sec  61.7 MBytes   517 Mbits/sec  54910  
[  5]  40.00-41.00  sec  63.1 MBytes   529 Mbits/sec  56160  
[  5]  41.00-42.00  sec  68.3 MBytes   573 Mbits/sec  60840  
[  5]  42.00-43.00  sec  62.2 MBytes   522 Mbits/sec  55350  
[  5]  43.00-44.00  sec  61.7 MBytes   518 Mbits/sec  54920  
[  5]  44.00-45.00  sec  61.9 MBytes   519 Mbits/sec  55080  
[  5]  45.00-46.00  sec  66.2 MBytes   555 Mbits/sec  58930  
[  5]  46.00-47.00  sec  63.5 MBytes   533 Mbits/sec  56510  
[  5]  47.00-48.00  sec  63.7 MBytes   535 Mbits/sec  56730  
[  5]  48.00-49.00  sec  62.5 MBytes   524 Mbits/sec  55650  
[  5]  49.00-50.00  sec  61.3 MBytes   514 Mbits/sec  54530  
[  5]  50.00-51.00  sec  62.3 MBytes   523 Mbits/sec  55480  
[  5]  51.00-52.00  sec  60.8 MBytes   510 Mbits/sec  54140  
[  5]  52.00-53.00  sec  61.5 MBytes   516 Mbits/sec  54720  
[  5]  53.00-54.00  sec  63.1 MBytes   529 Mbits/sec  56170  
[  5]  54.00-55.00  sec  62.2 MBytes   522 Mbits/sec  55400  
[  5]  55.00-56.00  sec  64.2 MBytes   539 Mbits/sec  57140  
[  5]  56.00-57.00  sec  61.0 MBytes   511 Mbits/sec  54260  
[  5]  57.00-58.00  sec  62.2 MBytes   522 Mbits/sec  55340  
[  5]  58.00-59.00  sec  61.3 MBytes   514 Mbits/sec  54530  
[  5]  59.00-60.00  sec  61.7 MBytes   517 Mbits/sec  54900  
- - - - - - - - - - - - - - - - - - - - - - - - -
[ ID] Interval           Transfer     Bitrate         Jitter    Lost/Total Datagrams
[  5]   0.00-60.00  sec  3.62 GBytes   518 Mbits/sec  0.000 ms  0/3297360 (0%)  sender
[  5]   0.00-60.04  sec  3.55 GBytes   509 Mbits/sec  0.020 ms  62442/3297358 (1.9%)  receiver

iperf Done.
