Connecting to host 10.136.80.163, port 5201
[  5] local 10.136.173.102 port 33924 connected to 10.136.80.163 port 5201
[ ID] Interval           Transfer     Bitrate         Total Datagrams
[  5]   0.00-1.00   sec  52.2 MBytes   438 Mbits/sec  46440  (omitted)
[  5]   0.00-1.00   sec  52.1 MBytes   437 Mbits/sec  46400  
[  5]   1.00-2.00   sec  52.5 MBytes   440 Mbits/sec  46710  
[  5]   2.00-3.00   sec  52.9 MBytes   444 Mbits/sec  47100  
[  5]   3.00-4.00   sec  51.0 MBytes   428 Mbits/sec  45420  
[  5]   4.00-5.00   sec  51.3 MBytes   430 Mbits/sec  45680  
[  5]   5.00-6.00   sec  55.1 MBytes   463 Mbits/sec  49090  
[  5]   6.00-7.00   sec  51.9 MBytes   436 Mbits/sec  46210  
[  5]   7.00-8.00   sec  54.3 MBytes   455 Mbits/sec  48310  
[  5]   8.00-9.00   sec  50.4 MBytes   422 Mbits/sec  44830  
[  5]   9.00-10.00  sec  51.5 MBytes   432 Mbits/sec  45870  
[  5]  10.00-11.00  sec  51.5 MBytes   432 Mbits/sec  45810  
[  5]  11.00-12.00  sec  53.4 MBytes   448 Mbits/sec  47510  
[  5]  12.00-13.00  sec  53.5 MBytes   449 Mbits/sec  47600  
[  5]  13.00-14.00  sec  52.8 MBytes   443 Mbits/sec  46980  
[  5]  14.00-15.00  sec  53.5 MBytes   449 Mbits/sec  47650  
[  5]  15.00-16.00  sec  54.2 MBytes   454 Mbits/sec  48210  
[  5]  16.00-17.00  sec  54.9 MBytes   460 Mbits/sec  48840  
[  5]  17.00-18.00  sec  52.5 MBytes   440 Mbits/sec  46730  
[  5]  18.00-19.00  sec  52.3 MBytes   439 Mbits/sec  46570  
[  5]  19.00-20.00  sec  53.8 MBytes   451 Mbits/sec  47850  
[  5]  20.00-21.00  sec  51.3 MBytes   430 Mbits/sec  45620  
[  5]  21.00-22.00  sec  52.8 MBytes   443 Mbits/sec  47010  
[  5]  22.00-23.00  sec  53.1 MBytes   445 Mbits/sec  47250  
[  5]  23.00-24.00  sec  51.6 MBytes   433 Mbits/sec  45930  
[  5]  24.00-25.00  sec  52.0 MBytes   436 Mbits/sec  46250  
[  5]  25.00-26.00  sec  56.4 MBytes   473 Mbits/sec  50200  
[  5]  26.00-27.00  sec  50.0 MBytes   420 Mbits/sec  44540  
[  5]  27.00-28.00  sec  54.0 MBytes   453 Mbits/sec  48090  
[  5]  28.00-29.00  sec  53.2 MBytes   447 Mbits/sec  47380  
[  5]  29.00-30.00  sec  52.6 MBytes   441 Mbits/sec  46790  
[  5]  30.00-31.00  sec  53.0 MBytes   445 Mbits/sec  47200  
[  5]  31.00-32.00  sec  53.1 MBytes   445 Mbits/sec  47250  
[  5]  32.00-33.00  sec  52.5 MBytes   440 Mbits/sec  46690  
[  5]  33.00-34.00  sec  51.6 MBytes   433 Mbits/sec  45970  
[  5]  34.00-35.00  sec  53.9 MBytes   452 Mbits/sec  48000  
[  5]  35.00-36.00  sec  55.1 MBytes   462 Mbits/sec  49040  
[  5]  36.00-37.00  sec  53.3 MBytes   447 Mbits/sec  47470  
[  5]  37.00-38.00  sec  51.7 MBytes   433 Mbits/sec  46000  
[  5]  38.00-39.00  sec  53.9 MBytes   452 Mbits/sec  48010  
[  5]  39.00-40.00  sec  51.4 MBytes   431 Mbits/sec  45740  
[  5]  40.00-41.00  sec  51.0 MBytes   428 Mbits/sec  45390  
[  5]  41.00-42.00  sec  54.7 MBytes   459 Mbits/sec  48710  
[  5]  42.00-43.00  sec  53.7 MBytes   451 Mbits/sec  47830  
[  5]  43.00-44.00  sec  50.1 MBytes   420 Mbits/sec  44610  
[  5]  44.00-45.00  sec  54.8 MBytes   459 Mbits/sec  48740  
[  5]  45.00-46.00  sec  51.3 MBytes   430 Mbits/sec  45640  
[  5]  46.00-47.00  sec  52.8 MBytes   443 Mbits/sec  46980  
[  5]  47.00-48.00  sec  54.0 MBytes   453 Mbits/sec  48030  
[  5]  48.00-49.00  sec  55.7 MBytes   467 Mbits/sec  49550  
[  5]  49.00-50.00  sec  50.6 MBytes   425 Mbits/sec  45080  
[  5]  50.00-51.00  sec  50.3 MBytes   422 Mbits/sec  44730  
[  5]  51.00-52.00  sec  52.7 MBytes   442 Mbits/sec  46900  
[  5]  52.00-53.00  sec  54.3 MBytes   456 Mbits/sec  48360  
[  5]  53.00-54.00  sec  53.4 MBytes   448 Mbits/sec  47540  
[  5]  54.00-55.00  sec  52.4 MBytes   439 Mbits/sec  46600  
[  5]  55.00-56.00  sec  51.3 MBytes   430 Mbits/sec  45640  
[  5]  56.00-57.00  sec  56.6 MBytes   475 Mbits/sec  50420  
[  5]  57.00-58.00  sec  52.5 MBytes   440 Mbits/sec  46730  
[  5]  58.00-59.00  sec  51.6 MBytes   433 Mbits/sec  45940  
[  5]  59.00-60.00  sec  50.8 MBytes   426 Mbits/sec  45220  
- - - - - - - - - - - - - - - - - - - - - - - - -
[ ID] Interval           Transfer     Bitrate         Jitter    Lost/Total Datagrams
[  5]   0.00-60.00  sec  3.09 GBytes   443 Mbits/sec  0.000 ms  0/2818440 (0%)  sender
[  5]   0.00-60.23  sec  1.86 GBytes   266 Mbits/sec  0.022 ms  1140355/2818440 (40%)  receiver

iperf Done.
