Connecting to host 10.136.80.148, port 5201
[  5] local 10.136.173.84 port 36130 connected to 10.136.80.148 port 5201
[ ID] Interval           Transfer     Bitrate         Retr  Cwnd
[  5]   0.00-1.00   sec  81.4 MBytes   683 Mbits/sec   27    322 KBytes       (omitted)
[  5]   0.00-1.00   sec  91.1 MBytes   763 Mbits/sec   12    285 KBytes       
[  5]   1.00-2.00   sec  90.0 MBytes   755 Mbits/sec   16    282 KBytes       
[  5]   2.00-3.00   sec  87.6 MBytes   735 Mbits/sec    9    347 KBytes       
[  5]   3.00-4.00   sec  85.1 MBytes   714 Mbits/sec   26    168 KBytes       
[  5]   4.00-5.00   sec  82.0 MBytes   688 Mbits/sec   67    176 KBytes       
[  5]   5.00-6.00   sec  83.2 MBytes   698 Mbits/sec   13    212 KBytes       
[  5]   6.00-7.00   sec  86.3 MBytes   724 Mbits/sec   21    232 KBytes       
[  5]   7.00-8.00   sec  87.5 MBytes   734 Mbits/sec    6    322 KBytes       
[  5]   8.00-9.00   sec  90.5 MBytes   759 Mbits/sec    0    467 KBytes       
[  5]   9.00-10.00  sec  88.7 MBytes   744 Mbits/sec   16    369 KBytes       
[  5]  10.00-11.00  sec  84.6 MBytes   710 Mbits/sec   23    267 KBytes       
[  5]  11.00-12.00  sec  86.6 MBytes   726 Mbits/sec    7    321 KBytes       
[  5]  12.00-13.00  sec  86.6 MBytes   726 Mbits/sec   21    191 KBytes       
[  5]  13.00-14.00  sec  79.6 MBytes   668 Mbits/sec   86    258 KBytes       
[  5]  14.00-15.00  sec  85.9 MBytes   721 Mbits/sec   16    254 KBytes       
[  5]  15.00-16.00  sec  86.8 MBytes   728 Mbits/sec    6    292 KBytes       
[  5]  16.00-17.00  sec  85.9 MBytes   721 Mbits/sec   17    199 KBytes       
[  5]  17.00-18.00  sec  80.5 MBytes   675 Mbits/sec   10    277 KBytes       
[  5]  18.00-19.00  sec  88.4 MBytes   741 Mbits/sec   15    327 KBytes       
[  5]  19.00-20.00  sec  79.7 MBytes   669 Mbits/sec   15    347 KBytes       
[  5]  20.00-21.00  sec  78.2 MBytes   656 Mbits/sec   24    209 KBytes       
[  5]  21.00-22.00  sec  82.8 MBytes   695 Mbits/sec   15    245 KBytes       
[  5]  22.00-23.00  sec  85.4 MBytes   717 Mbits/sec   13    199 KBytes       
[  5]  23.00-24.00  sec  84.4 MBytes   708 Mbits/sec    7    278 KBytes       
[  5]  24.00-25.00  sec  81.6 MBytes   684 Mbits/sec   26    181 KBytes       
[  5]  25.00-26.00  sec  78.5 MBytes   659 Mbits/sec   11    219 KBytes       
[  5]  26.00-27.00  sec  83.6 MBytes   701 Mbits/sec    8    303 KBytes       
[  5]  27.00-28.00  sec  84.7 MBytes   708 Mbits/sec   81    240 KBytes       
[  5]  28.00-29.00  sec  86.1 MBytes   725 Mbits/sec   14    208 KBytes       
[  5]  29.00-30.00  sec  83.5 MBytes   701 Mbits/sec   12    209 KBytes       
[  5]  30.00-31.00  sec  80.7 MBytes   677 Mbits/sec   11    228 KBytes       
[  5]  31.00-32.00  sec  86.1 MBytes   722 Mbits/sec   14    299 KBytes       
[  5]  32.00-33.00  sec  88.1 MBytes   739 Mbits/sec   13    276 KBytes       
[  5]  33.00-34.00  sec  80.8 MBytes   676 Mbits/sec   29    145 KBytes       
[  5]  34.00-35.00  sec  79.4 MBytes   668 Mbits/sec    9    273 KBytes       
[  5]  35.00-36.00  sec  83.7 MBytes   702 Mbits/sec   13    263 KBytes       
[  5]  36.00-37.00  sec  83.8 MBytes   703 Mbits/sec    7    314 KBytes       
[  5]  37.00-38.00  sec  84.8 MBytes   711 Mbits/sec   13    331 KBytes       
[  5]  38.00-39.00  sec  87.2 MBytes   732 Mbits/sec   19    318 KBytes       
[  5]  39.00-40.00  sec  86.8 MBytes   728 Mbits/sec   18    257 KBytes       
[  5]  40.00-41.00  sec  86.7 MBytes   727 Mbits/sec   11    296 KBytes       
[  5]  41.00-42.00  sec  84.7 MBytes   710 Mbits/sec   15    277 KBytes       
[  5]  42.00-43.00  sec  85.0 MBytes   713 Mbits/sec   53    158 KBytes       
[  5]  43.00-44.00  sec  82.7 MBytes   694 Mbits/sec   43    265 KBytes       
[  5]  44.00-45.00  sec  82.8 MBytes   695 Mbits/sec   28    130 KBytes       
[  5]  45.00-46.00  sec  83.1 MBytes   696 Mbits/sec    6    244 KBytes       
[  5]  46.00-47.00  sec  82.4 MBytes   692 Mbits/sec   14    199 KBytes       
[  5]  47.00-48.00  sec  85.0 MBytes   713 Mbits/sec   13    284 KBytes       
[  5]  48.00-49.00  sec  86.3 MBytes   724 Mbits/sec    7    367 KBytes       
[  5]  49.00-50.00  sec  83.9 MBytes   704 Mbits/sec   33    236 KBytes       
[  5]  50.00-51.00  sec  83.1 MBytes   697 Mbits/sec    6    343 KBytes       
[  5]  51.00-52.00  sec  84.8 MBytes   711 Mbits/sec   17    335 KBytes       
[  5]  52.00-53.00  sec  84.4 MBytes   708 Mbits/sec   20    202 KBytes       
[  5]  53.00-54.00  sec  81.2 MBytes   681 Mbits/sec   12    224 KBytes       
[  5]  54.00-55.00  sec  86.7 MBytes   728 Mbits/sec   13    250 KBytes       
[  5]  55.00-56.00  sec  86.0 MBytes   722 Mbits/sec   27    206 KBytes       
[  5]  56.00-57.00  sec  81.0 MBytes   680 Mbits/sec   39    247 KBytes       
[  5]  57.00-58.00  sec  84.9 MBytes   712 Mbits/sec   16    289 KBytes       
[  5]  58.00-59.00  sec  87.6 MBytes   734 Mbits/sec   15    296 KBytes       
[  5]  59.00-60.00  sec  82.0 MBytes   688 Mbits/sec   16    229 KBytes       
- - - - - - - - - - - - - - - - - - - - - - - - -
[ ID] Interval           Transfer     Bitrate         Retr
[  5]   0.00-60.00  sec  4.95 GBytes   709 Mbits/sec  1163             sender
[  5]   0.00-60.03  sec  4.95 GBytes   709 Mbits/sec                  receiver

iperf Done.
