Connecting to host 10.136.80.162, port 5201
[  5] local 10.136.173.99 port 38770 connected to 10.136.80.162 port 5201
[ ID] Interval           Transfer     Bitrate         Retr  Cwnd
[  5]   0.00-1.00   sec  80.3 MBytes   674 Mbits/sec   18    258 KBytes       (omitted)
[  5]   0.00-1.00   sec  86.1 MBytes   722 Mbits/sec   29    179 KBytes       
[  5]   1.00-2.00   sec  84.8 MBytes   712 Mbits/sec   21    207 KBytes       
[  5]   2.00-3.00   sec  89.0 MBytes   746 Mbits/sec    0    392 KBytes       
[  5]   3.00-4.00   sec  86.1 MBytes   723 Mbits/sec   19    222 KBytes       
[  5]   4.00-5.00   sec  79.5 MBytes   667 Mbits/sec   54    165 KBytes       
[  5]   5.00-6.00   sec  87.2 MBytes   732 Mbits/sec   15    197 KBytes       
[  5]   6.00-7.00   sec  89.2 MBytes   748 Mbits/sec    0    384 KBytes       
[  5]   7.00-8.00   sec  82.6 MBytes   693 Mbits/sec   79    285 KBytes       
[  5]   8.00-9.00   sec  82.6 MBytes   693 Mbits/sec   17    220 KBytes       
[  5]   9.00-10.00  sec  90.3 MBytes   757 Mbits/sec    7    280 KBytes       
[  5]  10.00-11.00  sec  86.1 MBytes   723 Mbits/sec   14    262 KBytes       
[  5]  11.00-12.00  sec  85.0 MBytes   713 Mbits/sec   13    267 KBytes       
[  5]  12.00-13.00  sec  87.4 MBytes   733 Mbits/sec    7    324 KBytes       
[  5]  13.00-14.00  sec  87.7 MBytes   735 Mbits/sec   21    330 KBytes       
[  5]  14.00-15.00  sec  85.5 MBytes   717 Mbits/sec    7    326 KBytes       
[  5]  15.00-16.00  sec  87.2 MBytes   731 Mbits/sec    7    372 KBytes       
[  5]  16.00-17.00  sec  86.7 MBytes   727 Mbits/sec   87    291 KBytes       
[  5]  17.00-18.00  sec  75.9 MBytes   637 Mbits/sec   26    207 KBytes       
[  5]  18.00-19.00  sec  86.9 MBytes   729 Mbits/sec    7    278 KBytes       
[  5]  19.00-20.00  sec  87.1 MBytes   731 Mbits/sec   13    278 KBytes       
[  5]  20.00-21.00  sec  86.4 MBytes   725 Mbits/sec   15    208 KBytes       
[  5]  21.00-22.00  sec  85.5 MBytes   717 Mbits/sec    8    208 KBytes       
[  5]  22.00-23.00  sec  80.9 MBytes   679 Mbits/sec   19    200 KBytes       
[  5]  23.00-24.00  sec  80.5 MBytes   675 Mbits/sec   51    170 KBytes       
[  5]  24.00-25.00  sec  81.7 MBytes   685 Mbits/sec   13    196 KBytes       
[  5]  25.00-26.00  sec  85.2 MBytes   715 Mbits/sec   13    261 KBytes       
[  5]  26.00-27.00  sec  84.8 MBytes   712 Mbits/sec   94    228 KBytes       
[  5]  27.00-28.00  sec  76.7 MBytes   644 Mbits/sec   23    283 KBytes       
[  5]  28.00-29.00  sec  87.5 MBytes   734 Mbits/sec   14    311 KBytes       
[  5]  29.00-30.00  sec  80.1 MBytes   672 Mbits/sec   30    213 KBytes       
[  5]  30.00-31.00  sec  84.5 MBytes   709 Mbits/sec   23    185 KBytes       
[  5]  31.00-32.00  sec  86.1 MBytes   722 Mbits/sec    6    294 KBytes       
[  5]  32.00-33.00  sec  87.1 MBytes   727 Mbits/sec   12    282 KBytes       
[  5]  33.00-34.00  sec  90.4 MBytes   761 Mbits/sec   13    306 KBytes       
[  5]  34.00-35.00  sec  84.1 MBytes   704 Mbits/sec   21    237 KBytes       
[  5]  35.00-36.00  sec  85.7 MBytes   720 Mbits/sec    7    308 KBytes       
[  5]  36.00-37.00  sec  87.8 MBytes   737 Mbits/sec    8    352 KBytes       
[  5]  37.00-38.00  sec  82.3 MBytes   690 Mbits/sec   86    176 KBytes       
[  5]  38.00-39.00  sec  77.9 MBytes   654 Mbits/sec    7    330 KBytes       
[  5]  39.00-40.00  sec  87.2 MBytes   732 Mbits/sec   14    300 KBytes       
[  5]  40.00-41.00  sec  84.5 MBytes   709 Mbits/sec   13    253 KBytes       
[  5]  41.00-42.00  sec  83.8 MBytes   703 Mbits/sec   21    206 KBytes       
[  5]  42.00-43.00  sec  80.7 MBytes   677 Mbits/sec   12    305 KBytes       
[  5]  43.00-44.00  sec  84.1 MBytes   705 Mbits/sec   18    257 KBytes       
[  5]  44.00-45.00  sec  87.0 MBytes   730 Mbits/sec   41    308 KBytes       
[  5]  45.00-46.00  sec  88.7 MBytes   744 Mbits/sec  122    245 KBytes       
[  5]  46.00-47.00  sec  89.2 MBytes   748 Mbits/sec    2    406 KBytes       
[  5]  47.00-48.00  sec  85.6 MBytes   719 Mbits/sec   25    270 KBytes       
[  5]  48.00-49.00  sec  84.8 MBytes   712 Mbits/sec   19    219 KBytes       
[  5]  49.00-50.00  sec  84.8 MBytes   711 Mbits/sec   23    181 KBytes       
[  5]  50.00-51.00  sec  82.5 MBytes   692 Mbits/sec   31    314 KBytes       
[  5]  51.00-52.00  sec  90.1 MBytes   756 Mbits/sec    7    368 KBytes       
[  5]  52.00-53.00  sec  80.8 MBytes   677 Mbits/sec   35    171 KBytes       
[  5]  53.00-54.00  sec  87.8 MBytes   736 Mbits/sec   13    262 KBytes       
[  5]  54.00-55.00  sec  85.1 MBytes   714 Mbits/sec   14    220 KBytes       
[  5]  55.00-56.00  sec  87.1 MBytes   731 Mbits/sec   11    298 KBytes       
[  5]  56.00-57.00  sec  85.9 MBytes   721 Mbits/sec   31    245 KBytes       
[  5]  57.00-58.00  sec  79.9 MBytes   667 Mbits/sec   20    253 KBytes       
[  5]  58.00-59.00  sec  87.0 MBytes   733 Mbits/sec    6    309 KBytes       
[  5]  59.00-60.00  sec  82.7 MBytes   694 Mbits/sec   24    167 KBytes       
- - - - - - - - - - - - - - - - - - - - - - - - -
[ ID] Interval           Transfer     Bitrate         Retr
[  5]   0.00-60.00  sec  4.98 GBytes   713 Mbits/sec  1408             sender
[  5]   0.00-60.04  sec  4.98 GBytes   713 Mbits/sec                  receiver

iperf Done.
