Connecting to host 10.136.80.168, port 5201
[  5] local 10.136.173.84 port 40675 connected to 10.136.80.168 port 5201
[ ID] Interval           Transfer     Bitrate         Total Datagrams
[  5]   0.00-1.00   sec  93.8 MBytes   787 Mbits/sec  70360  (omitted)
[  5]   0.00-1.00   sec  92.7 MBytes   777 Mbits/sec  69500  
[  5]   1.00-2.00   sec  91.5 MBytes   768 Mbits/sec  68640  
[  5]   2.00-3.00   sec  92.7 MBytes   778 Mbits/sec  69550  
[  5]   3.00-4.00   sec  93.2 MBytes   782 Mbits/sec  69920  
[  5]   4.00-5.00   sec  92.6 MBytes   777 Mbits/sec  69460  
[  5]   5.00-6.00   sec  94.2 MBytes   790 Mbits/sec  70650  
[  5]   6.00-7.00   sec  92.6 MBytes   777 Mbits/sec  69440  
[  5]   7.00-8.00   sec  92.9 MBytes   779 Mbits/sec  69660  
[  5]   8.00-9.00   sec  92.3 MBytes   774 Mbits/sec  69220  
[  5]   9.00-10.00  sec  92.7 MBytes   777 Mbits/sec  69510  
[  5]  10.00-11.00  sec  92.6 MBytes   777 Mbits/sec  69460  
[  5]  11.00-12.00  sec  77.3 MBytes   648 Mbits/sec  57970  
[  5]  12.00-13.00  sec  78.4 MBytes   658 Mbits/sec  58790  
[  5]  13.00-14.00  sec  78.0 MBytes   654 Mbits/sec  58490  
[  5]  14.00-15.00  sec  78.1 MBytes   655 Mbits/sec  58550  
[  5]  15.00-16.00  sec  82.3 MBytes   690 Mbits/sec  61720  
[  5]  16.00-17.00  sec  95.5 MBytes   801 Mbits/sec  71660  
[  5]  17.00-18.00  sec  93.1 MBytes   781 Mbits/sec  69840  
[  5]  18.00-19.00  sec  93.2 MBytes   782 Mbits/sec  69900  
[  5]  19.00-20.00  sec  92.8 MBytes   778 Mbits/sec  69580  
[  5]  20.00-21.00  sec  93.7 MBytes   786 Mbits/sec  70310  
[  5]  21.00-22.00  sec  93.8 MBytes   787 Mbits/sec  70370  
[  5]  22.00-23.00  sec  90.2 MBytes   757 Mbits/sec  67640  
[  5]  23.00-24.00  sec  85.0 MBytes   713 Mbits/sec  63750  
[  5]  24.00-25.00  sec  79.4 MBytes   666 Mbits/sec  59590  
[  5]  25.00-26.00  sec  78.6 MBytes   659 Mbits/sec  58970  
[  5]  26.00-27.00  sec  78.9 MBytes   662 Mbits/sec  59200  
[  5]  27.00-28.00  sec  77.4 MBytes   649 Mbits/sec  58050  
[  5]  28.00-29.00  sec  77.6 MBytes   651 Mbits/sec  58240  
[  5]  29.00-30.00  sec  78.6 MBytes   660 Mbits/sec  58970  
[  5]  30.00-31.00  sec  76.9 MBytes   645 Mbits/sec  57650  
[  5]  31.00-32.00  sec  77.1 MBytes   647 Mbits/sec  57840  
[  5]  32.00-33.00  sec  78.8 MBytes   661 Mbits/sec  59090  
[  5]  33.00-34.00  sec  79.1 MBytes   664 Mbits/sec  59330  
[  5]  34.00-35.00  sec  78.4 MBytes   658 Mbits/sec  58840  
[  5]  35.00-36.00  sec  76.1 MBytes   638 Mbits/sec  57090  
[  5]  36.00-37.00  sec  76.8 MBytes   644 Mbits/sec  57580  
[  5]  37.00-38.00  sec  77.3 MBytes   648 Mbits/sec  57970  
[  5]  38.00-39.00  sec  78.4 MBytes   657 Mbits/sec  58780  
[  5]  39.00-40.00  sec  79.0 MBytes   663 Mbits/sec  59240  
[  5]  40.00-41.00  sec  79.0 MBytes   662 Mbits/sec  59220  
[  5]  41.00-42.00  sec  80.8 MBytes   678 Mbits/sec  60590  
[  5]  42.00-43.00  sec  92.0 MBytes   772 Mbits/sec  69030  
[  5]  43.00-44.00  sec  92.9 MBytes   779 Mbits/sec  69690  
[  5]  44.00-45.00  sec  92.9 MBytes   779 Mbits/sec  69660  
[  5]  45.00-46.00  sec  92.8 MBytes   779 Mbits/sec  69630  
[  5]  46.00-47.00  sec  92.6 MBytes   777 Mbits/sec  69470  
[  5]  47.00-48.00  sec  92.9 MBytes   779 Mbits/sec  69660  
[  5]  48.00-49.00  sec  92.3 MBytes   774 Mbits/sec  69200  
[  5]  49.00-50.00  sec  92.7 MBytes   778 Mbits/sec  69520  
[  5]  50.00-51.00  sec  93.2 MBytes   781 Mbits/sec  69880  
[  5]  51.00-52.00  sec  92.8 MBytes   779 Mbits/sec  69610  
[  5]  52.00-53.00  sec  92.4 MBytes   775 Mbits/sec  69310  
[  5]  53.00-54.00  sec  93.4 MBytes   783 Mbits/sec  70020  
[  5]  54.00-55.00  sec  87.9 MBytes   737 Mbits/sec  65940  
[  5]  55.00-56.00  sec  95.6 MBytes   802 Mbits/sec  71730  
[  5]  56.00-57.00  sec  93.0 MBytes   780 Mbits/sec  69730  
[  5]  57.00-58.00  sec  93.7 MBytes   786 Mbits/sec  70300  
[  5]  58.00-59.00  sec  91.8 MBytes   770 Mbits/sec  68820  
[  5]  59.00-60.00  sec  93.3 MBytes   782 Mbits/sec  69950  
- - - - - - - - - - - - - - - - - - - - - - - - -
[ ID] Interval           Transfer     Bitrate         Jitter    Lost/Total Datagrams
[  5]   0.00-60.00  sec  5.11 GBytes   731 Mbits/sec  0.000 ms  0/3920970 (0%)  sender
[  5]   0.00-60.04  sec  4.59 GBytes   657 Mbits/sec  0.009 ms  402114/3920970 (10%)  receiver

iperf Done.
