Connecting to host 10.136.80.161, port 5201
[  5] local 10.136.173.71 port 49213 connected to 10.136.80.161 port 5201
[ ID] Interval           Transfer     Bitrate         Total Datagrams
[  5]   0.00-1.00   sec  57.5 MBytes   482 Mbits/sec  51160  (omitted)
[  5]   0.00-1.00   sec  56.5 MBytes   474 Mbits/sec  50330  
[  5]   1.00-2.00   sec  59.4 MBytes   498 Mbits/sec  52870  
[  5]   2.00-3.00   sec  58.3 MBytes   489 Mbits/sec  51930  
[  5]   3.00-4.00   sec  60.6 MBytes   508 Mbits/sec  53910  
[  5]   4.00-5.00   sec  59.8 MBytes   502 Mbits/sec  53250  
[  5]   5.00-6.00   sec  57.0 MBytes   478 Mbits/sec  50710  
[  5]   6.00-7.00   sec  60.4 MBytes   506 Mbits/sec  53720  
[  5]   7.00-8.00   sec  54.5 MBytes   457 Mbits/sec  48550  
[  5]   8.00-9.00   sec  54.1 MBytes   454 Mbits/sec  48170  
[  5]   9.00-10.00  sec  52.6 MBytes   441 Mbits/sec  46780  
[  5]  10.00-11.00  sec  53.9 MBytes   452 Mbits/sec  47970  
[  5]  11.00-12.00  sec  57.3 MBytes   481 Mbits/sec  51040  
[  5]  12.00-13.00  sec  54.3 MBytes   455 Mbits/sec  48310  
[  5]  13.00-14.00  sec  54.1 MBytes   454 Mbits/sec  48130  
[  5]  14.00-15.00  sec  56.6 MBytes   475 Mbits/sec  50350  
[  5]  15.00-16.00  sec  50.5 MBytes   424 Mbits/sec  44970  
[  5]  16.00-17.00  sec  57.1 MBytes   479 Mbits/sec  50820  
[  5]  17.00-18.00  sec  51.8 MBytes   435 Mbits/sec  46110  
[  5]  18.00-19.00  sec  53.4 MBytes   448 Mbits/sec  47510  
[  5]  19.00-20.00  sec  53.8 MBytes   452 Mbits/sec  47930  
[  5]  20.00-21.00  sec  55.4 MBytes   465 Mbits/sec  49350  
[  5]  21.00-22.00  sec  57.0 MBytes   478 Mbits/sec  50700  
[  5]  22.00-23.00  sec  54.4 MBytes   456 Mbits/sec  48430  
[  5]  23.00-24.00  sec  56.8 MBytes   476 Mbits/sec  50550  
[  5]  24.00-25.00  sec  54.9 MBytes   461 Mbits/sec  48910  
[  5]  25.00-26.00  sec  55.9 MBytes   469 Mbits/sec  49760  
[  5]  26.00-27.00  sec  54.5 MBytes   457 Mbits/sec  48540  
[  5]  27.00-28.00  sec  57.5 MBytes   483 Mbits/sec  51190  
[  5]  28.00-29.00  sec  53.1 MBytes   446 Mbits/sec  47300  
[  5]  29.00-30.00  sec  56.3 MBytes   472 Mbits/sec  50100  
[  5]  30.00-31.00  sec  54.8 MBytes   459 Mbits/sec  48750  
[  5]  31.00-32.00  sec  55.9 MBytes   469 Mbits/sec  49760  
[  5]  32.00-33.00  sec  60.0 MBytes   503 Mbits/sec  53380  
[  5]  33.00-34.00  sec  55.5 MBytes   465 Mbits/sec  49360  
[  5]  34.00-35.00  sec  58.1 MBytes   488 Mbits/sec  51740  
[  5]  35.00-36.00  sec  50.4 MBytes   423 Mbits/sec  44850  
[  5]  36.00-37.00  sec  57.8 MBytes   485 Mbits/sec  51490  
[  5]  37.00-38.00  sec  55.7 MBytes   467 Mbits/sec  49560  
[  5]  38.00-39.00  sec  51.5 MBytes   432 Mbits/sec  45860  
[  5]  39.00-40.00  sec  51.7 MBytes   434 Mbits/sec  46050  
[  5]  40.00-41.00  sec  51.1 MBytes   428 Mbits/sec  45460  
[  5]  41.00-42.00  sec  53.8 MBytes   451 Mbits/sec  47850  
[  5]  42.00-43.00  sec  56.8 MBytes   477 Mbits/sec  50600  
[  5]  43.00-44.00  sec  55.6 MBytes   467 Mbits/sec  49510  
[  5]  44.00-45.00  sec  55.4 MBytes   465 Mbits/sec  49300  
[  5]  45.00-46.00  sec  56.9 MBytes   477 Mbits/sec  50640  
[  5]  46.00-47.00  sec  56.4 MBytes   473 Mbits/sec  50230  
[  5]  47.00-48.00  sec  56.6 MBytes   475 Mbits/sec  50370  
[  5]  48.00-49.00  sec  54.6 MBytes   458 Mbits/sec  48600  
[  5]  49.00-50.00  sec  54.9 MBytes   461 Mbits/sec  48910  
[  5]  50.00-51.00  sec  55.0 MBytes   461 Mbits/sec  48950  
[  5]  51.00-52.00  sec  53.1 MBytes   446 Mbits/sec  47280  
[  5]  52.00-53.00  sec  49.7 MBytes   417 Mbits/sec  44250  
[  5]  53.00-54.00  sec  45.2 MBytes   379 Mbits/sec  40220  
[  5]  54.00-55.00  sec  53.6 MBytes   450 Mbits/sec  47750  
[  5]  55.00-56.00  sec  54.0 MBytes   453 Mbits/sec  48110  
[  5]  56.00-57.00  sec  55.0 MBytes   462 Mbits/sec  48990  
[  5]  57.00-58.00  sec  55.8 MBytes   468 Mbits/sec  49700  
[  5]  58.00-59.00  sec  54.6 MBytes   458 Mbits/sec  48610  
[  5]  59.00-60.00  sec  57.7 MBytes   484 Mbits/sec  51320  
- - - - - - - - - - - - - - - - - - - - - - - - -
[ ID] Interval           Transfer     Bitrate         Jitter    Lost/Total Datagrams
[  5]   0.00-60.00  sec  3.23 GBytes   463 Mbits/sec  0.000 ms  0/2945640 (0%)  sender
[  5]   0.00-60.15  sec   978 MBytes   136 Mbits/sec  0.006 ms  2121415/2945640 (72%)  receiver

iperf Done.
