Connecting to host 10.136.80.187, port 5201
[  5] local 10.136.173.111 port 38588 connected to 10.136.80.187 port 5201
[ ID] Interval           Transfer     Bitrate         Retr  Cwnd
[  5]   0.00-1.00   sec  5.50 MBytes  46.1 Mbits/sec    0    273 KBytes       (omitted)
[  5]   0.00-1.00   sec  10.1 MBytes  85.0 Mbits/sec   68    155 KBytes       
[  5]   1.00-2.00   sec  7.91 MBytes  66.3 Mbits/sec   41   88.6 KBytes       
[  5]   2.00-3.00   sec  12.0 MBytes   101 Mbits/sec   66   67.9 KBytes       
[  5]   3.00-4.00   sec  6.92 MBytes  58.1 Mbits/sec    6    124 KBytes       
[  5]   4.00-5.00   sec  13.4 MBytes   112 Mbits/sec  106    125 KBytes       
[  5]   5.00-6.00   sec  13.3 MBytes   112 Mbits/sec   79   86.3 KBytes       
[  5]   6.00-7.00   sec  3.46 MBytes  29.0 Mbits/sec   87   62.1 KBytes       
[  5]   7.00-8.00   sec  7.54 MBytes  63.3 Mbits/sec   31    282 KBytes       
[  5]   8.00-9.00   sec  10.7 MBytes  89.7 Mbits/sec  127   82.8 KBytes       
[  5]   9.00-10.00  sec  6.12 MBytes  51.3 Mbits/sec    0    122 KBytes       
[  5]  10.00-11.00  sec  9.45 MBytes  79.3 Mbits/sec   16    116 KBytes       
[  5]  11.00-12.00  sec  13.3 MBytes   112 Mbits/sec   78   70.2 KBytes       
[  5]  12.00-13.00  sec  5.00 MBytes  42.0 Mbits/sec    0    108 KBytes       
[  5]  13.00-14.00  sec  8.90 MBytes  74.6 Mbits/sec   73   73.6 KBytes       
[  5]  14.00-15.00  sec  10.0 MBytes  84.0 Mbits/sec   25   67.9 KBytes       
[  5]  15.00-16.00  sec  8.34 MBytes  70.0 Mbits/sec   22   55.2 KBytes       
[  5]  16.00-17.00  sec  8.90 MBytes  74.6 Mbits/sec   89   86.3 KBytes       
[  5]  17.00-18.00  sec  1.67 MBytes  14.0 Mbits/sec    0   96.6 KBytes       
[  5]  18.00-19.00  sec  8.34 MBytes  70.0 Mbits/sec   30   79.4 KBytes       
[  5]  19.00-20.00  sec  8.34 MBytes  70.0 Mbits/sec  107   66.7 KBytes       
[  5]  20.00-21.00  sec  8.90 MBytes  74.6 Mbits/sec   12   70.2 KBytes       
[  5]  21.00-22.00  sec  7.23 MBytes  60.6 Mbits/sec    4   92.0 KBytes       
[  5]  22.00-23.00  sec  6.12 MBytes  51.3 Mbits/sec   14    101 KBytes       
[  5]  23.00-24.00  sec  7.23 MBytes  60.6 Mbits/sec   38   78.2 KBytes       
[  5]  24.00-25.00  sec  2.78 MBytes  23.3 Mbits/sec   23   74.8 KBytes       
[  5]  25.00-26.00  sec  8.90 MBytes  74.7 Mbits/sec   30    159 KBytes       
[  5]  26.00-27.00  sec  7.29 MBytes  61.2 Mbits/sec  176   77.1 KBytes       
[  5]  27.00-28.00  sec  7.79 MBytes  65.3 Mbits/sec   25   80.5 KBytes       
[  5]  28.00-29.00  sec  2.22 MBytes  18.7 Mbits/sec    1    196 KBytes       
[  5]  29.00-30.00  sec  8.96 MBytes  75.2 Mbits/sec   76    107 KBytes       
[  5]  30.00-31.00  sec  6.12 MBytes  51.3 Mbits/sec   49   72.5 KBytes       
[  5]  31.00-32.00  sec  5.07 MBytes  42.5 Mbits/sec   22    100 KBytes       
[  5]  32.00-33.00  sec  18.4 MBytes   154 Mbits/sec   30   78.2 KBytes       
[  5]  33.00-34.00  sec  2.22 MBytes  18.6 Mbits/sec    1   1.15 KBytes       
[  5]  34.00-35.00  sec  6.73 MBytes  56.5 Mbits/sec   28    117 KBytes       
[  5]  35.00-36.00  sec  7.23 MBytes  60.7 Mbits/sec    0    150 KBytes       
[  5]  36.00-37.00  sec  7.23 MBytes  60.6 Mbits/sec   42    117 KBytes       
[  5]  37.00-38.00  sec  7.35 MBytes  61.7 Mbits/sec   12    106 KBytes       
[  5]  38.00-39.00  sec  8.90 MBytes  74.6 Mbits/sec   17    117 KBytes       
[  5]  39.00-40.00  sec  1.67 MBytes  14.0 Mbits/sec    0    129 KBytes       
[  5]  40.00-41.00  sec  3.34 MBytes  28.0 Mbits/sec   13    112 KBytes       
[  5]  41.00-42.00  sec  2.22 MBytes  18.7 Mbits/sec    1    158 KBytes       
[  5]  42.00-43.00  sec  10.0 MBytes  84.0 Mbits/sec   92    104 KBytes       
[  5]  43.00-44.00  sec  7.79 MBytes  65.3 Mbits/sec   18    115 KBytes       
[  5]  44.00-45.00  sec  10.0 MBytes  84.0 Mbits/sec    9    109 KBytes       
[  5]  45.00-46.00  sec  7.23 MBytes  60.6 Mbits/sec    8    113 KBytes       
[  5]  46.00-47.00  sec  0.00 Bytes  0.00 Mbits/sec    1    114 KBytes       
[  5]  47.00-48.00  sec  11.7 MBytes  98.1 Mbits/sec   70   77.1 KBytes       
[  5]  48.00-49.00  sec  12.4 MBytes   104 Mbits/sec   13    101 KBytes       
[  5]  49.00-50.00  sec  8.90 MBytes  74.6 Mbits/sec   31   93.2 KBytes       
[  5]  50.00-51.00  sec  16.1 MBytes   135 Mbits/sec   85   81.7 KBytes       
[  5]  51.00-52.00  sec  3.89 MBytes  32.7 Mbits/sec    0    107 KBytes       
[  5]  52.00-53.00  sec  5.56 MBytes  46.6 Mbits/sec   39   79.4 KBytes       
[  5]  53.00-54.00  sec  14.1 MBytes   119 Mbits/sec  227   93.2 KBytes       
[  5]  54.00-55.00  sec  12.9 MBytes   108 Mbits/sec   37    135 KBytes       
[  5]  55.00-56.00  sec  7.85 MBytes  65.8 Mbits/sec   56   96.6 KBytes       
[  5]  56.00-57.00  sec  12.9 MBytes   108 Mbits/sec   50   89.7 KBytes       
[  5]  57.00-58.00  sec  8.90 MBytes  74.6 Mbits/sec   66    102 KBytes       
[  5]  58.00-59.00  sec  10.7 MBytes  89.7 Mbits/sec   68   74.8 KBytes       
[  5]  59.00-60.00  sec  8.34 MBytes  70.0 Mbits/sec    0    128 KBytes       
- - - - - - - - - - - - - - - - - - - - - - - - -
[ ID] Interval           Transfer     Bitrate         Retr
[  5]   0.00-60.00  sec   487 MBytes  68.1 Mbits/sec  2535             sender
[  5]   0.00-60.05  sec   487 MBytes  68.0 Mbits/sec                  receiver

iperf Done.
