Connecting to host knb-server-471595, port 5201
[  5] local 10.136.173.113 port 55422 connected to 10.43.126.86 port 5201
[ ID] Interval           Transfer     Bitrate         Retr  Cwnd
[  5]   0.00-1.00   sec  6.85 MBytes  57.4 Mbits/sec   13    133 KBytes       (omitted)
[  5]   0.00-1.00   sec  13.7 MBytes   115 Mbits/sec   93   72.5 KBytes       
[  5]   1.00-2.00   sec  13.1 MBytes   110 Mbits/sec   26   96.6 KBytes       
[  5]   2.00-3.00   sec  4.20 MBytes  35.2 Mbits/sec   34   62.1 KBytes       
[  5]   3.00-4.00   sec  12.2 MBytes   102 Mbits/sec   33   92.0 KBytes       
[  5]   4.00-5.00   sec  6.43 MBytes  53.9 Mbits/sec   14    108 KBytes       
[  5]   5.00-6.00   sec   506 KBytes  4.15 Mbits/sec    0    110 KBytes       
[  5]   6.00-7.00   sec  7.17 MBytes  60.1 Mbits/sec   53   79.4 KBytes       
[  5]   7.00-8.00   sec  3.71 MBytes  31.1 Mbits/sec    3   73.6 KBytes       
[  5]   8.00-9.00   sec  4.45 MBytes  37.3 Mbits/sec    5   71.3 KBytes       
[  5]   9.00-10.00  sec  13.4 MBytes   112 Mbits/sec   33   71.3 KBytes       
[  5]  10.00-11.00  sec  3.71 MBytes  31.1 Mbits/sec    5   1.15 KBytes       
[  5]  11.00-12.00  sec  2.97 MBytes  24.9 Mbits/sec   48    101 KBytes       
[  5]  12.00-13.00  sec  7.17 MBytes  60.1 Mbits/sec   41   67.9 KBytes       
[  5]  13.00-14.00  sec  1.73 MBytes  14.5 Mbits/sec    1    156 KBytes       
[  5]  14.00-15.00  sec  6.49 MBytes  54.4 Mbits/sec   38    175 KBytes       
[  5]  15.00-16.00  sec  4.45 MBytes  37.3 Mbits/sec  146    106 KBytes       
[  5]  16.00-17.00  sec  2.97 MBytes  24.9 Mbits/sec    0    124 KBytes       
[  5]  17.00-18.00  sec  4.45 MBytes  37.3 Mbits/sec   23    101 KBytes       
[  5]  18.00-19.00  sec  5.50 MBytes  46.1 Mbits/sec    9   86.3 KBytes       
[  5]  19.00-20.00  sec  10.4 MBytes  87.1 Mbits/sec   52   51.8 KBytes       
[  5]  20.00-21.00  sec  9.45 MBytes  79.3 Mbits/sec   30   75.9 KBytes       
[  5]  21.00-22.00  sec  13.3 MBytes   112 Mbits/sec   23    101 KBytes       
[  5]  22.00-23.00  sec  13.3 MBytes   112 Mbits/sec   35    127 KBytes       
[  5]  23.00-24.00  sec  8.40 MBytes  70.5 Mbits/sec   50    109 KBytes       
[  5]  24.00-25.00  sec  4.45 MBytes  37.3 Mbits/sec    0    133 KBytes       
[  5]  25.00-26.00  sec  4.94 MBytes  41.5 Mbits/sec   16   88.6 KBytes       
[  5]  26.00-27.00  sec  4.94 MBytes  41.5 Mbits/sec    3   71.3 KBytes       
[  5]  27.00-28.00  sec  6.43 MBytes  53.9 Mbits/sec    3   95.5 KBytes       
[  5]  28.00-29.00  sec  7.41 MBytes  62.2 Mbits/sec   27   87.4 KBytes       
[  5]  29.00-30.00  sec  4.45 MBytes  37.3 Mbits/sec   20   86.3 KBytes       
[  5]  30.00-31.00  sec  1.98 MBytes  16.6 Mbits/sec    1    191 KBytes       
[  5]  31.00-32.00  sec  10.6 MBytes  88.6 Mbits/sec  107   98.9 KBytes       
[  5]  32.00-33.00  sec  8.40 MBytes  70.5 Mbits/sec   10   98.9 KBytes       
[  5]  33.00-34.00  sec  5.93 MBytes  49.8 Mbits/sec    0    131 KBytes       
[  5]  34.00-35.00  sec  5.44 MBytes  45.6 Mbits/sec   53   85.1 KBytes       
[  5]  35.00-36.00  sec  9.39 MBytes  78.8 Mbits/sec    4   1.15 KBytes       
[  5]  36.00-37.00  sec  4.94 MBytes  41.5 Mbits/sec   11   65.6 KBytes       
[  5]  37.00-38.00  sec  9.39 MBytes  78.8 Mbits/sec   25   74.8 KBytes       
[  5]  38.00-39.00  sec  6.43 MBytes  53.9 Mbits/sec    3   94.3 KBytes       
[  5]  39.00-40.00  sec  8.90 MBytes  74.7 Mbits/sec   17    118 KBytes       
[  5]  40.00-41.00  sec  9.95 MBytes  83.4 Mbits/sec   64   58.7 KBytes       
[  5]  41.00-42.00  sec  4.45 MBytes  37.3 Mbits/sec    0   96.6 KBytes       
[  5]  42.00-43.00  sec  6.98 MBytes  58.6 Mbits/sec   19   77.1 KBytes       
[  5]  43.00-44.00  sec  5.93 MBytes  49.8 Mbits/sec    8    191 KBytes       
[  5]  44.00-45.00  sec  8.96 MBytes  75.2 Mbits/sec   99   97.8 KBytes       
[  5]  45.00-46.00  sec  1.98 MBytes  16.6 Mbits/sec   13   1.15 KBytes       
[  5]  46.00-47.00  sec  6.43 MBytes  53.9 Mbits/sec   54   82.8 KBytes       
[  5]  47.00-48.00  sec  8.90 MBytes  74.6 Mbits/sec   30   87.4 KBytes       
[  5]  48.00-49.00  sec  12.9 MBytes   108 Mbits/sec   27    105 KBytes       
[  5]  49.00-50.00  sec  11.4 MBytes  95.4 Mbits/sec   24   96.6 KBytes       
[  5]  50.00-51.00  sec  12.9 MBytes   108 Mbits/sec   34   81.7 KBytes       
[  5]  51.00-52.00  sec  13.4 MBytes   112 Mbits/sec   36   96.6 KBytes       
[  5]  52.00-53.00  sec  2.47 MBytes  20.7 Mbits/sec    6   87.4 KBytes       
[  5]  53.00-54.00  sec  4.45 MBytes  37.3 Mbits/sec    0    106 KBytes       
[  5]  54.00-55.00  sec  4.94 MBytes  41.4 Mbits/sec   16    105 KBytes       
[  5]  55.00-56.00  sec  7.97 MBytes  66.9 Mbits/sec   39   74.8 KBytes       
[  5]  56.00-57.00  sec  7.91 MBytes  66.3 Mbits/sec   16   70.2 KBytes       
[  5]  57.00-58.00  sec  8.90 MBytes  74.6 Mbits/sec    5   95.5 KBytes       
[  5]  58.00-59.00  sec  6.92 MBytes  58.0 Mbits/sec   47   94.3 KBytes       
[  5]  59.00-60.00  sec  2.47 MBytes  20.7 Mbits/sec   16   82.8 KBytes       
- - - - - - - - - - - - - - - - - - - - - - - - -
[ ID] Interval           Transfer     Bitrate         Retr
[  5]   0.00-60.00  sec   427 MBytes  59.7 Mbits/sec  1648             sender
[  5]   0.00-60.02  sec   427 MBytes  59.6 Mbits/sec                  receiver

iperf Done.
