Connecting to host knb-server-471595, port 5201
[  5] local 10.136.173.114 port 34854 connected to 10.43.126.86 port 5201
[ ID] Interval           Transfer     Bitrate         Total Datagrams
[  5]   0.00-1.00   sec  53.2 MBytes   446 Mbits/sec  47340  (omitted)
[  5]   0.00-1.00   sec  54.6 MBytes   458 Mbits/sec  48580  
[  5]   1.00-2.00   sec  55.1 MBytes   462 Mbits/sec  49070  
[  5]   2.00-3.00   sec  57.1 MBytes   479 Mbits/sec  50790  
[  5]   3.00-4.00   sec  55.0 MBytes   461 Mbits/sec  48920  
[  5]   4.00-5.00   sec  61.3 MBytes   514 Mbits/sec  54530  
[  5]   5.00-6.00   sec  60.9 MBytes   511 Mbits/sec  54190  
[  5]   6.00-7.00   sec  52.7 MBytes   442 Mbits/sec  46920  
[  5]   7.00-8.00   sec  55.0 MBytes   461 Mbits/sec  48920  
[  5]   8.00-9.00   sec  53.6 MBytes   449 Mbits/sec  47670  
[  5]   9.00-10.00  sec  51.2 MBytes   429 Mbits/sec  45540  
[  5]  10.00-11.00  sec  55.0 MBytes   461 Mbits/sec  48950  
[  5]  11.00-12.00  sec  56.2 MBytes   471 Mbits/sec  49990  
[  5]  12.00-13.00  sec  55.8 MBytes   468 Mbits/sec  49640  
[  5]  13.00-14.00  sec  55.7 MBytes   467 Mbits/sec  49600  
[  5]  14.00-15.00  sec  58.2 MBytes   488 Mbits/sec  51790  
[  5]  15.00-16.00  sec  56.5 MBytes   474 Mbits/sec  50310  
[  5]  16.00-17.00  sec  57.3 MBytes   481 Mbits/sec  51010  
[  5]  17.00-18.00  sec  54.6 MBytes   458 Mbits/sec  48610  
[  5]  18.00-19.00  sec  56.9 MBytes   477 Mbits/sec  50650  
[  5]  19.00-20.00  sec  53.0 MBytes   445 Mbits/sec  47190  
[  5]  20.00-21.00  sec  43.6 MBytes   366 Mbits/sec  38830  
[  5]  21.00-22.00  sec  45.5 MBytes   382 Mbits/sec  40520  
[  5]  22.00-23.00  sec  56.6 MBytes   475 Mbits/sec  50390  
[  5]  23.00-24.00  sec  58.9 MBytes   494 Mbits/sec  52390  
[  5]  24.00-25.00  sec  62.7 MBytes   526 Mbits/sec  55830  
[  5]  25.00-26.00  sec  54.5 MBytes   457 Mbits/sec  48540  
[  5]  26.00-27.00  sec  55.3 MBytes   464 Mbits/sec  49230  
[  5]  27.00-28.00  sec  51.6 MBytes   433 Mbits/sec  45950  
[  5]  28.00-29.00  sec  59.2 MBytes   497 Mbits/sec  52740  
[  5]  29.00-30.00  sec  55.9 MBytes   469 Mbits/sec  49730  
[  5]  30.00-31.00  sec  55.9 MBytes   469 Mbits/sec  49770  
[  5]  31.00-32.00  sec  57.8 MBytes   485 Mbits/sec  51470  
[  5]  32.00-33.00  sec  58.9 MBytes   494 Mbits/sec  52400  
[  5]  33.00-34.00  sec  53.2 MBytes   446 Mbits/sec  47330  
[  5]  34.00-35.00  sec  52.4 MBytes   440 Mbits/sec  46680  
[  5]  35.00-36.00  sec  53.1 MBytes   445 Mbits/sec  47240  
[  5]  36.00-37.00  sec  58.9 MBytes   494 Mbits/sec  52440  
[  5]  37.00-38.00  sec  46.0 MBytes   386 Mbits/sec  40980  
[  5]  38.00-39.00  sec  47.7 MBytes   400 Mbits/sec  42470  
[  5]  39.00-40.00  sec  55.2 MBytes   463 Mbits/sec  49150  
[  5]  40.00-41.00  sec  58.7 MBytes   493 Mbits/sec  52290  
[  5]  41.00-42.00  sec  57.6 MBytes   483 Mbits/sec  51280  
[  5]  42.00-43.00  sec  35.3 MBytes   296 Mbits/sec  31420  
[  5]  43.00-44.00  sec  53.8 MBytes   451 Mbits/sec  47900  
[  5]  44.00-45.00  sec  59.1 MBytes   496 Mbits/sec  52650  
[  5]  45.00-46.00  sec  58.0 MBytes   487 Mbits/sec  51640  
[  5]  46.00-47.00  sec  59.6 MBytes   500 Mbits/sec  53070  
[  5]  47.00-48.00  sec  55.5 MBytes   466 Mbits/sec  49440  
[  5]  48.00-49.00  sec  57.3 MBytes   481 Mbits/sec  51000  
[  5]  49.00-50.00  sec  55.3 MBytes   464 Mbits/sec  49230  
[  5]  50.00-51.00  sec  58.1 MBytes   487 Mbits/sec  51690  
[  5]  51.00-52.00  sec  53.3 MBytes   447 Mbits/sec  47470  
[  5]  52.00-53.00  sec  54.7 MBytes   459 Mbits/sec  48710  
[  5]  53.00-54.00  sec  49.1 MBytes   412 Mbits/sec  43710  
[  5]  54.00-55.00  sec  52.0 MBytes   436 Mbits/sec  46260  
[  5]  55.00-56.00  sec  53.3 MBytes   447 Mbits/sec  47430  
[  5]  56.00-57.00  sec  53.2 MBytes   446 Mbits/sec  47320  
[  5]  57.00-58.00  sec  51.4 MBytes   431 Mbits/sec  45780  
[  5]  58.00-59.00  sec  54.6 MBytes   458 Mbits/sec  48640  
[  5]  59.00-60.00  sec  56.9 MBytes   477 Mbits/sec  50610  
- - - - - - - - - - - - - - - - - - - - - - - - -
[ ID] Interval           Transfer     Bitrate         Jitter    Lost/Total Datagrams
[  5]   0.00-60.00  sec  3.21 GBytes   459 Mbits/sec  0.000 ms  0/2924490 (0%)  sender
[  5]   0.00-60.46  sec   545 MBytes  75.6 Mbits/sec  0.012 ms  2436986/2891324 (84%)  receiver

iperf Done.
