Connecting to host 10.136.80.140, port 5201
[  5] local 10.136.173.76 port 37298 connected to 10.136.80.140 port 5201
[ ID] Interval           Transfer     Bitrate         Retr  Cwnd
[  5]   0.00-1.00   sec  3.31 MBytes  27.7 Mbits/sec  152   2.30 KBytes       (omitted)
[  5]   0.00-1.00   sec  2.73 MBytes  22.9 Mbits/sec  141   4.60 KBytes       
[  5]   1.00-2.00   sec  2.56 MBytes  21.5 Mbits/sec  129   2.30 KBytes       
[  5]   2.00-3.00   sec  1.85 MBytes  15.5 Mbits/sec  100   1.15 KBytes       
[  5]   3.00-4.00   sec  2.34 MBytes  19.6 Mbits/sec  106   2.30 KBytes       
[  5]   4.00-5.00   sec  1.89 MBytes  15.8 Mbits/sec   92   10.4 KBytes       
[  5]   5.00-6.00   sec  1.27 MBytes  10.7 Mbits/sec   71   1.15 KBytes       
[  5]   6.00-7.00   sec  1.02 MBytes  8.56 Mbits/sec   43   2.30 KBytes       
[  5]   7.00-8.00   sec  2.04 MBytes  17.1 Mbits/sec  104   6.90 KBytes       
[  5]   8.00-9.00   sec  3.09 MBytes  25.9 Mbits/sec  163   3.45 KBytes       
[  5]   9.00-10.00  sec  1.50 MBytes  12.5 Mbits/sec   69   2.30 KBytes       
[  5]  10.00-11.00  sec  1.29 MBytes  10.8 Mbits/sec   61   2.30 KBytes       
[  5]  11.00-12.00  sec  2.49 MBytes  20.9 Mbits/sec  113   2.30 KBytes       
[  5]  12.00-13.00  sec  1.30 MBytes  10.9 Mbits/sec   68   1.15 KBytes       
[  5]  13.00-14.00  sec  3.96 MBytes  33.2 Mbits/sec  186   8.05 KBytes       
[  5]  14.00-15.00  sec  2.19 MBytes  18.3 Mbits/sec  104   5.75 KBytes       
[  5]  15.00-16.00  sec  3.02 MBytes  25.3 Mbits/sec  141   2.30 KBytes       
[  5]  16.00-17.00  sec  1.76 MBytes  14.8 Mbits/sec   78   2.30 KBytes       
[  5]  17.00-18.00  sec  2.03 MBytes  17.0 Mbits/sec  106   1.15 KBytes       
[  5]  18.00-19.00  sec   354 KBytes  2.90 Mbits/sec   21   3.45 KBytes       
[  5]  19.00-20.00  sec  2.44 MBytes  20.5 Mbits/sec  119   2.30 KBytes       
[  5]  20.00-21.00  sec   428 KBytes  3.51 Mbits/sec   20   1.15 KBytes       
[  5]  21.00-22.00  sec  1.99 MBytes  16.7 Mbits/sec   94   1.15 KBytes       
[  5]  22.00-23.00  sec  1.98 MBytes  16.6 Mbits/sec  103   1.15 KBytes       
[  5]  23.00-24.00  sec  1.93 MBytes  16.2 Mbits/sec   94   1.15 KBytes       
[  5]  24.00-25.00  sec  1.86 MBytes  15.6 Mbits/sec   87   2.30 KBytes       
[  5]  25.00-26.00  sec  1.65 MBytes  13.9 Mbits/sec   83   8.05 KBytes       
[  5]  26.00-27.00  sec  1.64 MBytes  13.7 Mbits/sec   82   1.15 KBytes       
[  5]  27.00-28.00  sec  2.46 MBytes  20.7 Mbits/sec  108   2.30 KBytes       
[  5]  28.00-29.00  sec  1.31 MBytes  11.0 Mbits/sec   57   1.15 KBytes       
[  5]  29.00-30.00  sec  2.70 MBytes  22.7 Mbits/sec  127   3.45 KBytes       
[  5]  30.00-31.00  sec  1.80 MBytes  15.1 Mbits/sec   84   2.30 KBytes       
[  5]  31.00-32.00  sec  1.57 MBytes  13.1 Mbits/sec   84   2.30 KBytes       
[  5]  32.00-33.00  sec  1.01 MBytes  8.49 Mbits/sec   48   2.30 KBytes       
[  5]  33.00-34.00  sec  1.63 MBytes  13.7 Mbits/sec   71   2.30 KBytes       
[  5]  34.00-35.00  sec  3.38 MBytes  28.4 Mbits/sec  155   3.45 KBytes       
[  5]  35.00-36.00  sec  1.87 MBytes  15.6 Mbits/sec   91   1.15 KBytes       
[  5]  36.00-37.00  sec  1.92 MBytes  16.1 Mbits/sec   91   1.15 KBytes       
[  5]  37.00-38.00  sec  2.76 MBytes  23.2 Mbits/sec  126   1.15 KBytes       
[  5]  38.00-39.00  sec  1.40 MBytes  11.7 Mbits/sec   70   2.30 KBytes       
[  5]  39.00-40.00  sec  1.49 MBytes  12.5 Mbits/sec   80   2.30 KBytes       
[  5]  40.00-41.00  sec  1.63 MBytes  13.6 Mbits/sec   78   1.15 KBytes       
[  5]  41.00-42.00  sec   141 KBytes  1.16 Mbits/sec   13   2.30 KBytes       
[  5]  42.00-43.00  sec  2.53 MBytes  21.2 Mbits/sec  107   4.60 KBytes       
[  5]  43.00-44.00  sec  1.97 MBytes  16.5 Mbits/sec   98   1.15 KBytes       
[  5]  44.00-45.00  sec   373 KBytes  3.05 Mbits/sec   24   2.30 KBytes       
[  5]  45.00-46.00  sec  2.22 MBytes  18.6 Mbits/sec   85   8.05 KBytes       
[  5]  46.00-47.00  sec  1.73 MBytes  14.5 Mbits/sec   78   2.30 KBytes       
[  5]  47.00-48.00  sec  3.14 MBytes  26.4 Mbits/sec  139   2.30 KBytes       
[  5]  48.00-49.00  sec  2.16 MBytes  18.1 Mbits/sec   88   4.60 KBytes       
[  5]  49.00-50.00  sec  2.04 MBytes  17.2 Mbits/sec   90   4.60 KBytes       
[  5]  50.00-51.00  sec  1.87 MBytes  15.7 Mbits/sec   94   6.90 KBytes       
[  5]  51.00-52.00  sec  2.16 MBytes  18.1 Mbits/sec   98   3.45 KBytes       
[  5]  52.00-53.00  sec  2.49 MBytes  20.9 Mbits/sec  120   2.30 KBytes       
[  5]  53.00-54.00  sec  1.76 MBytes  14.8 Mbits/sec   82   2.30 KBytes       
[  5]  54.00-55.00  sec  1.30 MBytes  10.9 Mbits/sec   56   2.30 KBytes       
[  5]  55.00-56.00  sec  2.49 MBytes  20.9 Mbits/sec  117   2.30 KBytes       
[  5]  56.00-57.00  sec   919 KBytes  7.53 Mbits/sec   41   2.30 KBytes       
[  5]  57.00-58.00  sec  2.00 MBytes  16.8 Mbits/sec   78   1.15 KBytes       
[  5]  58.00-59.00  sec  1.93 MBytes  16.2 Mbits/sec  102   8.05 KBytes       
[  5]  59.00-60.00  sec  1.66 MBytes  13.9 Mbits/sec   81   1.15 KBytes       
- - - - - - - - - - - - - - - - - - - - - - - - -
[ ID] Interval           Transfer     Bitrate         Retr
[  5]   0.00-60.00  sec   114 MBytes  16.0 Mbits/sec  5439             sender
[  5]   0.00-60.04  sec   114 MBytes  16.0 Mbits/sec                  receiver

iperf Done.
