Connecting to host 10.136.80.139, port 5201
[  5] local 10.136.173.86 port 56370 connected to 10.136.80.139 port 5201
[ ID] Interval           Transfer     Bitrate         Total Datagrams
[  5]   0.00-1.00   sec  53.9 MBytes   453 Mbits/sec  48020  (omitted)
[  5]   0.00-1.00   sec  51.5 MBytes   432 Mbits/sec  45870  
[  5]   1.00-2.00   sec  51.0 MBytes   428 Mbits/sec  45430  
[  5]   2.00-3.00   sec  52.8 MBytes   443 Mbits/sec  46970  
[  5]   3.00-4.00   sec  55.6 MBytes   466 Mbits/sec  49470  
[  5]   4.00-5.00   sec  52.9 MBytes   444 Mbits/sec  47100  
[  5]   5.00-6.00   sec  51.5 MBytes   432 Mbits/sec  45820  
[  5]   6.00-7.00   sec  51.6 MBytes   433 Mbits/sec  45930  
[  5]   7.00-8.00   sec  51.5 MBytes   432 Mbits/sec  45850  
[  5]   8.00-9.00   sec  51.5 MBytes   432 Mbits/sec  45800  
[  5]   9.00-10.00  sec  53.3 MBytes   447 Mbits/sec  47470  
[  5]  10.00-11.00  sec  53.6 MBytes   450 Mbits/sec  47720  
[  5]  11.00-12.00  sec  54.2 MBytes   454 Mbits/sec  48220  
[  5]  12.00-13.00  sec  52.9 MBytes   444 Mbits/sec  47090  
[  5]  13.00-14.00  sec  52.9 MBytes   444 Mbits/sec  47080  
[  5]  14.00-15.00  sec  52.9 MBytes   444 Mbits/sec  47100  
[  5]  15.00-16.00  sec  51.4 MBytes   431 Mbits/sec  45750  
[  5]  16.00-17.00  sec  53.2 MBytes   446 Mbits/sec  47370  
[  5]  17.00-18.00  sec  51.0 MBytes   428 Mbits/sec  45380  
[  5]  18.00-19.00  sec  51.7 MBytes   433 Mbits/sec  45980  
[  5]  19.00-20.00  sec  47.7 MBytes   400 Mbits/sec  42430  
[  5]  20.00-21.00  sec  51.5 MBytes   432 Mbits/sec  45860  
[  5]  21.00-22.00  sec  52.1 MBytes   437 Mbits/sec  46360  
[  5]  22.00-23.00  sec  53.9 MBytes   452 Mbits/sec  47950  
[  5]  23.00-24.00  sec  51.7 MBytes   434 Mbits/sec  46030  
[  5]  24.00-25.00  sec  52.9 MBytes   444 Mbits/sec  47100  
[  5]  25.00-26.00  sec  51.8 MBytes   435 Mbits/sec  46110  
[  5]  26.00-27.00  sec  52.1 MBytes   437 Mbits/sec  46360  
[  5]  27.00-28.00  sec  50.4 MBytes   423 Mbits/sec  44870  
[  5]  28.00-29.00  sec  52.6 MBytes   441 Mbits/sec  46790  
[  5]  29.00-30.00  sec  57.0 MBytes   478 Mbits/sec  50750  
[  5]  30.00-31.00  sec  52.3 MBytes   439 Mbits/sec  46540  
[  5]  31.00-32.00  sec  52.6 MBytes   441 Mbits/sec  46830  
[  5]  32.00-33.00  sec  52.8 MBytes   443 Mbits/sec  46980  
[  5]  33.00-34.00  sec  38.7 MBytes   325 Mbits/sec  34460  
[  5]  34.00-35.00  sec  50.5 MBytes   424 Mbits/sec  44950  
[  5]  35.00-36.00  sec  51.4 MBytes   431 Mbits/sec  45760  
[  5]  36.00-37.00  sec  52.2 MBytes   438 Mbits/sec  46470  
[  5]  37.00-38.00  sec  48.6 MBytes   407 Mbits/sec  43250  
[  5]  38.00-39.00  sec  48.4 MBytes   406 Mbits/sec  43080  
[  5]  39.00-40.00  sec  52.4 MBytes   439 Mbits/sec  46600  
[  5]  40.00-41.00  sec  51.2 MBytes   429 Mbits/sec  45570  
[  5]  41.00-42.00  sec  53.4 MBytes   448 Mbits/sec  47560  
[  5]  42.00-43.00  sec  51.1 MBytes   429 Mbits/sec  45490  
[  5]  43.00-44.00  sec  55.5 MBytes   466 Mbits/sec  49420  
[  5]  44.00-45.00  sec  51.9 MBytes   436 Mbits/sec  46230  
[  5]  45.00-46.00  sec  49.2 MBytes   413 Mbits/sec  43770  
[  5]  46.00-47.00  sec  52.9 MBytes   444 Mbits/sec  47100  
[  5]  47.00-48.00  sec  52.8 MBytes   443 Mbits/sec  46980  
[  5]  48.00-49.00  sec  51.6 MBytes   433 Mbits/sec  45960  
[  5]  49.00-50.00  sec  48.0 MBytes   403 Mbits/sec  42770  
[  5]  50.00-51.00  sec  51.3 MBytes   430 Mbits/sec  45680  
[  5]  51.00-52.00  sec  54.5 MBytes   457 Mbits/sec  48520  
[  5]  52.00-53.00  sec  53.4 MBytes   448 Mbits/sec  47560  
[  5]  53.00-54.00  sec  52.7 MBytes   442 Mbits/sec  46910  
[  5]  54.00-55.00  sec  54.4 MBytes   456 Mbits/sec  48430  
[  5]  55.00-56.00  sec  53.2 MBytes   447 Mbits/sec  47380  
[  5]  56.00-57.00  sec  51.6 MBytes   433 Mbits/sec  45940  
[  5]  57.00-58.00  sec  48.7 MBytes   408 Mbits/sec  43330  
[  5]  58.00-59.00  sec  52.3 MBytes   439 Mbits/sec  46540  
[  5]  59.00-60.00  sec  56.1 MBytes   471 Mbits/sec  49980  
- - - - - - - - - - - - - - - - - - - - - - - - -
[ ID] Interval           Transfer     Bitrate         Jitter    Lost/Total Datagrams
[  5]   0.00-60.00  sec  3.04 GBytes   436 Mbits/sec  0.000 ms  0/2774050 (0%)  sender
[  5]   0.00-60.24  sec  1.91 GBytes   272 Mbits/sec  0.199 ms  1059184/2774050 (38%)  receiver

iperf Done.
