Connecting to host 10.136.80.191, port 5201
[  5] local 10.136.173.67 port 50064 connected to 10.136.80.191 port 5201
[ ID] Interval           Transfer     Bitrate         Retr  Cwnd
[  5]   0.00-1.00   sec  25.1 MBytes   210 Mbits/sec   54    686 KBytes       (omitted)
[  5]   0.00-1.00   sec  34.7 MBytes   291 Mbits/sec    0    775 KBytes       
[  5]   1.00-2.00   sec  38.6 MBytes   324 Mbits/sec    0    843 KBytes       
[  5]   2.00-3.00   sec  39.7 MBytes   333 Mbits/sec    0    894 KBytes       
[  5]   3.00-4.00   sec  41.0 MBytes   344 Mbits/sec    2    656 KBytes       
[  5]   4.00-5.00   sec  31.0 MBytes   260 Mbits/sec    0    706 KBytes       
[  5]   5.00-6.00   sec  32.1 MBytes   270 Mbits/sec    0    742 KBytes       
[  5]   6.00-7.00   sec  41.0 MBytes   344 Mbits/sec    0    765 KBytes       
[  5]   7.00-8.00   sec  30.9 MBytes   259 Mbits/sec    0    778 KBytes       
[  5]   8.00-9.00   sec  34.7 MBytes   291 Mbits/sec    0    795 KBytes       
[  5]   9.00-10.00  sec  31.0 MBytes   260 Mbits/sec    0    820 KBytes       
[  5]  10.00-11.00  sec  32.2 MBytes   271 Mbits/sec    0    843 KBytes       
[  5]  11.00-12.00  sec  41.0 MBytes   344 Mbits/sec    0    874 KBytes       
[  5]  12.00-13.00  sec  39.8 MBytes   334 Mbits/sec    0    903 KBytes       
[  5]  13.00-14.00  sec  37.3 MBytes   313 Mbits/sec    4    690 KBytes       
[  5]  14.00-15.00  sec  39.9 MBytes   334 Mbits/sec    0    764 KBytes       
[  5]  15.00-16.00  sec  34.7 MBytes   291 Mbits/sec    0    820 KBytes       
[  5]  16.00-17.00  sec  37.4 MBytes   314 Mbits/sec    0    860 KBytes       
[  5]  17.00-18.00  sec  37.3 MBytes   313 Mbits/sec    0    888 KBytes       
[  5]  18.00-19.00  sec  37.1 MBytes   312 Mbits/sec    0    903 KBytes       
[  5]  19.00-20.00  sec  33.4 MBytes   280 Mbits/sec    0    911 KBytes       
[  5]  20.00-21.00  sec  37.3 MBytes   313 Mbits/sec    1    687 KBytes       
[  5]  21.00-22.00  sec  42.3 MBytes   355 Mbits/sec    0    725 KBytes       
[  5]  22.00-23.00  sec  42.3 MBytes   355 Mbits/sec    0    750 KBytes       
[  5]  23.00-24.00  sec  30.9 MBytes   259 Mbits/sec    0    767 KBytes       
[  5]  24.00-25.00  sec  36.0 MBytes   302 Mbits/sec    0    797 KBytes       
[  5]  25.00-26.00  sec  42.3 MBytes   355 Mbits/sec    0    829 KBytes       
[  5]  26.00-27.00  sec  39.7 MBytes   333 Mbits/sec    0    859 KBytes       
[  5]  27.00-28.00  sec  42.3 MBytes   355 Mbits/sec    0    889 KBytes       
[  5]  28.00-29.00  sec  39.7 MBytes   333 Mbits/sec    0    917 KBytes       
[  5]  29.00-30.00  sec  33.4 MBytes   280 Mbits/sec    1    720 KBytes       
[  5]  30.00-31.00  sec  29.7 MBytes   249 Mbits/sec    0    789 KBytes       
[  5]  31.00-32.00  sec  33.4 MBytes   280 Mbits/sec    0    841 KBytes       
[  5]  32.00-33.00  sec  39.9 MBytes   334 Mbits/sec    0    877 KBytes       
[  5]  33.00-34.00  sec  32.1 MBytes   269 Mbits/sec    0    900 KBytes       
[  5]  34.00-35.00  sec  36.0 MBytes   302 Mbits/sec    0    913 KBytes       
[  5]  35.00-36.00  sec  36.0 MBytes   302 Mbits/sec    7    678 KBytes       
[  5]  36.00-37.00  sec  41.1 MBytes   345 Mbits/sec    0    720 KBytes       
[  5]  37.00-38.00  sec  38.5 MBytes   323 Mbits/sec    0    748 KBytes       
[  5]  38.00-39.00  sec  41.0 MBytes   344 Mbits/sec    0    766 KBytes       
[  5]  39.00-40.00  sec  41.1 MBytes   345 Mbits/sec    0    798 KBytes       
[  5]  40.00-41.00  sec  34.8 MBytes   292 Mbits/sec    0    825 KBytes       
[  5]  41.00-42.00  sec  39.7 MBytes   333 Mbits/sec    0    855 KBytes       
[  5]  42.00-43.00  sec  39.8 MBytes   334 Mbits/sec    0    884 KBytes       
[  5]  43.00-44.00  sec  37.3 MBytes   313 Mbits/sec    0    910 KBytes       
[  5]  44.00-45.00  sec  37.2 MBytes   312 Mbits/sec    2    716 KBytes       
[  5]  45.00-46.00  sec  39.7 MBytes   333 Mbits/sec    0    785 KBytes       
[  5]  46.00-47.00  sec  42.4 MBytes   356 Mbits/sec    0    835 KBytes       
[  5]  47.00-48.00  sec  40.9 MBytes   343 Mbits/sec    0    870 KBytes       
[  5]  48.00-49.00  sec  41.0 MBytes   344 Mbits/sec    0    892 KBytes       
[  5]  49.00-50.00  sec  39.7 MBytes   334 Mbits/sec    0    904 KBytes       
[  5]  50.00-51.00  sec  37.3 MBytes   313 Mbits/sec    0    910 KBytes       
[  5]  51.00-52.00  sec  36.1 MBytes   302 Mbits/sec    8    638 KBytes       
[  5]  52.00-53.00  sec  38.5 MBytes   323 Mbits/sec    0    724 KBytes       
[  5]  53.00-54.00  sec  37.2 MBytes   312 Mbits/sec    0    790 KBytes       
[  5]  54.00-55.00  sec  38.6 MBytes   324 Mbits/sec    0    839 KBytes       
[  5]  55.00-56.00  sec  42.3 MBytes   355 Mbits/sec    0    873 KBytes       
[  5]  56.00-57.00  sec  38.6 MBytes   324 Mbits/sec    0    894 KBytes       
[  5]  57.00-58.00  sec  36.0 MBytes   302 Mbits/sec    0    905 KBytes       
[  5]  58.00-59.00  sec  33.4 MBytes   280 Mbits/sec    0    910 KBytes       
[  5]  59.00-60.00  sec  26.0 MBytes   218 Mbits/sec    1    684 KBytes       
- - - - - - - - - - - - - - - - - - - - - - - - -
[ ID] Interval           Transfer     Bitrate         Retr
[  5]   0.00-60.00  sec  2.18 GBytes   313 Mbits/sec   26             sender
[  5]   0.00-60.06  sec  2.19 GBytes   313 Mbits/sec                  receiver

iperf Done.
