Connecting to host 10.136.80.134, port 5201
[  5] local 10.136.173.70 port 57584 connected to 10.136.80.134 port 5201
[ ID] Interval           Transfer     Bitrate         Total Datagrams
[  5]   0.00-1.00   sec  67.7 MBytes   568 Mbits/sec  60290  (omitted)
[  5]   0.00-1.00   sec  62.5 MBytes   525 Mbits/sec  55660  
[  5]   1.00-2.00   sec  67.1 MBytes   563 Mbits/sec  59760  
[  5]   2.00-3.00   sec  62.5 MBytes   524 Mbits/sec  55630  
[  5]   3.00-4.00   sec  60.9 MBytes   511 Mbits/sec  54240  
[  5]   4.00-5.00   sec  61.1 MBytes   513 Mbits/sec  54410  
[  5]   5.00-6.00   sec  63.9 MBytes   536 Mbits/sec  56880  
[  5]   6.00-7.00   sec  67.3 MBytes   564 Mbits/sec  59870  
[  5]   7.00-8.00   sec  62.9 MBytes   528 Mbits/sec  55980  
[  5]   8.00-9.00   sec  62.8 MBytes   527 Mbits/sec  55880  
[  5]   9.00-10.00  sec  61.7 MBytes   518 Mbits/sec  54920  
[  5]  10.00-11.00  sec  61.0 MBytes   512 Mbits/sec  54340  
[  5]  11.00-12.00  sec  61.4 MBytes   515 Mbits/sec  54650  
[  5]  12.00-13.00  sec  60.5 MBytes   507 Mbits/sec  53830  
[  5]  13.00-14.00  sec  60.5 MBytes   507 Mbits/sec  53810  
[  5]  14.00-15.00  sec  65.4 MBytes   549 Mbits/sec  58240  
[  5]  15.00-16.00  sec  63.5 MBytes   532 Mbits/sec  56490  
[  5]  16.00-17.00  sec  67.8 MBytes   569 Mbits/sec  60390  
[  5]  17.00-18.00  sec  61.9 MBytes   519 Mbits/sec  55060  
[  5]  18.00-19.00  sec  61.7 MBytes   518 Mbits/sec  54930  
[  5]  19.00-20.00  sec  60.7 MBytes   509 Mbits/sec  54030  
[  5]  20.00-21.00  sec  63.4 MBytes   532 Mbits/sec  56460  
[  5]  21.00-22.00  sec  61.2 MBytes   514 Mbits/sec  54500  
[  5]  22.00-23.00  sec  62.3 MBytes   522 Mbits/sec  55440  
[  5]  23.00-24.00  sec  69.1 MBytes   580 Mbits/sec  61510  
[  5]  24.00-25.00  sec  60.6 MBytes   509 Mbits/sec  53980  
[  5]  25.00-26.00  sec  62.1 MBytes   521 Mbits/sec  55270  
[  5]  26.00-27.00  sec  61.7 MBytes   517 Mbits/sec  54890  
[  5]  27.00-28.00  sec  57.1 MBytes   479 Mbits/sec  50870  
[  5]  28.00-29.00  sec  59.7 MBytes   501 Mbits/sec  53130  
[  5]  29.00-30.00  sec  60.7 MBytes   509 Mbits/sec  54000  
[  5]  30.00-31.00  sec  63.1 MBytes   530 Mbits/sec  56200  
[  5]  31.00-32.00  sec  75.2 MBytes   631 Mbits/sec  66970  
[  5]  32.00-33.00  sec  59.3 MBytes   497 Mbits/sec  52750  
[  5]  33.00-34.00  sec  62.7 MBytes   526 Mbits/sec  55850  
[  5]  34.00-35.00  sec  60.6 MBytes   509 Mbits/sec  53970  
[  5]  35.00-36.00  sec  66.3 MBytes   556 Mbits/sec  58980  
[  5]  36.00-37.00  sec  70.9 MBytes   595 Mbits/sec  63130  
[  5]  37.00-38.00  sec  59.7 MBytes   501 Mbits/sec  53180  
[  5]  38.00-39.00  sec  63.2 MBytes   530 Mbits/sec  56240  
[  5]  39.00-40.00  sec  60.9 MBytes   511 Mbits/sec  54170  
[  5]  40.00-41.00  sec  60.7 MBytes   509 Mbits/sec  53990  
[  5]  41.00-42.00  sec  61.2 MBytes   513 Mbits/sec  54460  
[  5]  42.00-43.00  sec  59.9 MBytes   502 Mbits/sec  53300  
[  5]  43.00-44.00  sec  61.8 MBytes   518 Mbits/sec  55010  
[  5]  44.00-45.00  sec  62.3 MBytes   523 Mbits/sec  55490  
[  5]  45.00-46.00  sec  62.2 MBytes   522 Mbits/sec  55380  
[  5]  46.00-47.00  sec  60.5 MBytes   507 Mbits/sec  53830  
[  5]  47.00-48.00  sec  61.0 MBytes   512 Mbits/sec  54320  
[  5]  48.00-49.00  sec  69.0 MBytes   579 Mbits/sec  61440  
[  5]  49.00-50.00  sec  61.1 MBytes   512 Mbits/sec  54380  
[  5]  50.00-51.00  sec  61.6 MBytes   517 Mbits/sec  54870  
[  5]  51.00-52.00  sec  61.3 MBytes   514 Mbits/sec  54560  
[  5]  52.00-53.00  sec  61.3 MBytes   514 Mbits/sec  54540  
[  5]  53.00-54.00  sec  71.7 MBytes   601 Mbits/sec  63790  
[  5]  54.00-55.00  sec  64.3 MBytes   540 Mbits/sec  57280  
[  5]  55.00-56.00  sec  61.6 MBytes   517 Mbits/sec  54870  
[  5]  56.00-57.00  sec  68.0 MBytes   570 Mbits/sec  60490  
[  5]  57.00-58.00  sec  63.0 MBytes   528 Mbits/sec  56050  
[  5]  58.00-59.00  sec  67.4 MBytes   566 Mbits/sec  60010  
[  5]  59.00-60.00  sec  60.4 MBytes   506 Mbits/sec  53720  
- - - - - - - - - - - - - - - - - - - - - - - - -
[ ID] Interval           Transfer     Bitrate         Jitter    Lost/Total Datagrams
[  5]   0.00-60.00  sec  3.69 GBytes   528 Mbits/sec  0.000 ms  0/3362270 (0%)  sender
[  5]   0.00-60.04  sec  3.60 GBytes   514 Mbits/sec  0.018 ms  89102/3362269 (2.7%)  receiver

iperf Done.
