Connecting to host 10.136.80.142, port 5201
[  5] local 10.136.173.121 port 55933 connected to 10.136.80.142 port 5201
[ ID] Interval           Transfer     Bitrate         Total Datagrams
[  5]   0.00-1.00   sec  93.3 MBytes   782 Mbits/sec  69950  (omitted)
[  5]   0.00-1.00   sec  93.1 MBytes   781 Mbits/sec  69840  
[  5]   1.00-2.00   sec  93.4 MBytes   783 Mbits/sec  70050  
[  5]   2.00-3.00   sec  91.5 MBytes   768 Mbits/sec  68660  
[  5]   3.00-4.00   sec  93.0 MBytes   781 Mbits/sec  69790  
[  5]   4.00-5.00   sec  92.7 MBytes   777 Mbits/sec  69510  
[  5]   5.00-6.00   sec  92.9 MBytes   779 Mbits/sec  69660  
[  5]   6.00-7.00   sec  92.7 MBytes   778 Mbits/sec  69530  
[  5]   7.00-8.00   sec  91.5 MBytes   768 Mbits/sec  68620  
[  5]   8.00-9.00   sec  78.0 MBytes   654 Mbits/sec  58500  
[  5]   9.00-10.00  sec  78.3 MBytes   657 Mbits/sec  58750  
[  5]  10.00-11.00  sec  78.6 MBytes   659 Mbits/sec  58960  
[  5]  11.00-12.00  sec  78.3 MBytes   657 Mbits/sec  58750  
[  5]  12.00-13.00  sec  78.8 MBytes   661 Mbits/sec  59090  
[  5]  13.00-14.00  sec  78.6 MBytes   659 Mbits/sec  58930  
[  5]  14.00-15.00  sec  79.2 MBytes   665 Mbits/sec  59420  
[  5]  15.00-16.00  sec  78.0 MBytes   654 Mbits/sec  58500  
[  5]  16.00-17.00  sec  88.1 MBytes   739 Mbits/sec  66100  
[  5]  17.00-18.00  sec  94.6 MBytes   794 Mbits/sec  70970  
[  5]  18.00-19.00  sec  94.5 MBytes   793 Mbits/sec  70910  
[  5]  19.00-20.00  sec  92.9 MBytes   779 Mbits/sec  69660  
[  5]  20.00-21.00  sec  93.3 MBytes   783 Mbits/sec  69980  
[  5]  21.00-22.00  sec  93.7 MBytes   786 Mbits/sec  70290  
[  5]  22.00-23.00  sec  94.3 MBytes   791 Mbits/sec  70710  
[  5]  23.00-24.00  sec  93.5 MBytes   784 Mbits/sec  70120  
[  5]  24.00-25.00  sec  95.0 MBytes   797 Mbits/sec  71280  
[  5]  25.00-26.00  sec  94.6 MBytes   794 Mbits/sec  70980  
[  5]  26.00-27.00  sec  94.1 MBytes   790 Mbits/sec  70610  
[  5]  27.00-28.00  sec  94.3 MBytes   791 Mbits/sec  70740  
[  5]  28.00-29.00  sec  93.6 MBytes   785 Mbits/sec  70180  
[  5]  29.00-30.00  sec  94.0 MBytes   788 Mbits/sec  70470  
[  5]  30.00-31.00  sec  93.7 MBytes   786 Mbits/sec  70290  
[  5]  31.00-32.00  sec  94.1 MBytes   789 Mbits/sec  70550  
[  5]  32.00-33.00  sec  92.8 MBytes   778 Mbits/sec  69570  
[  5]  33.00-34.00  sec  94.0 MBytes   789 Mbits/sec  70500  
[  5]  34.00-35.00  sec  94.2 MBytes   790 Mbits/sec  70660  
[  5]  35.00-36.00  sec  86.4 MBytes   725 Mbits/sec  64800  
[  5]  36.00-37.00  sec  78.6 MBytes   659 Mbits/sec  58960  
[  5]  37.00-38.00  sec  78.0 MBytes   655 Mbits/sec  58530  
[  5]  38.00-39.00  sec  76.9 MBytes   645 Mbits/sec  57670  
[  5]  39.00-40.00  sec  77.1 MBytes   647 Mbits/sec  57840  
[  5]  40.00-41.00  sec  82.5 MBytes   692 Mbits/sec  61880  
[  5]  41.00-42.00  sec  93.2 MBytes   781 Mbits/sec  69870  
[  5]  42.00-43.00  sec  92.7 MBytes   778 Mbits/sec  69550  
[  5]  43.00-44.00  sec  94.5 MBytes   793 Mbits/sec  70880  
[  5]  44.00-45.00  sec  93.9 MBytes   787 Mbits/sec  70410  
[  5]  45.00-46.00  sec  93.6 MBytes   785 Mbits/sec  70210  
[  5]  46.00-47.00  sec  93.6 MBytes   786 Mbits/sec  70240  
[  5]  47.00-48.00  sec  93.9 MBytes   788 Mbits/sec  70420  
[  5]  48.00-49.00  sec  93.2 MBytes   781 Mbits/sec  69880  
[  5]  49.00-50.00  sec  90.6 MBytes   760 Mbits/sec  67920  
[  5]  50.00-51.00  sec  94.0 MBytes   788 Mbits/sec  70490  
[  5]  51.00-52.00  sec  93.7 MBytes   786 Mbits/sec  70250  
[  5]  52.00-53.00  sec  92.5 MBytes   776 Mbits/sec  69380  
[  5]  53.00-54.00  sec  94.4 MBytes   792 Mbits/sec  70780  
[  5]  54.00-55.00  sec  93.6 MBytes   785 Mbits/sec  70200  
[  5]  55.00-56.00  sec  93.5 MBytes   784 Mbits/sec  70140  
[  5]  56.00-57.00  sec  93.7 MBytes   786 Mbits/sec  70310  
[  5]  57.00-58.00  sec  94.2 MBytes   790 Mbits/sec  70640  
[  5]  58.00-59.00  sec  93.5 MBytes   785 Mbits/sec  70150  
[  5]  59.00-60.00  sec  94.2 MBytes   790 Mbits/sec  70620  
- - - - - - - - - - - - - - - - - - - - - - - - -
[ ID] Interval           Transfer     Bitrate         Jitter    Lost/Total Datagrams
[  5]   0.00-60.00  sec  5.28 GBytes   756 Mbits/sec  0.000 ms  0/4053150 (0%)  sender
[  5]   0.00-60.04  sec  5.01 GBytes   717 Mbits/sec  0.013 ms  209820/4053148 (5.2%)  receiver

iperf Done.
