Connecting to host 10.136.80.154, port 5201
[  5] local 10.136.173.90 port 33358 connected to 10.136.80.154 port 5201
[ ID] Interval           Transfer     Bitrate         Total Datagrams
[  5]   0.00-1.00   sec  50.4 MBytes   423 Mbits/sec  44860  (omitted)
[  5]   0.00-1.00   sec  52.6 MBytes   442 Mbits/sec  46860  
[  5]   1.00-2.00   sec  54.3 MBytes   455 Mbits/sec  48300  
[  5]   2.00-3.00   sec  52.6 MBytes   441 Mbits/sec  46820  
[  5]   3.00-4.00   sec  55.5 MBytes   466 Mbits/sec  49400  
[  5]   4.00-5.00   sec  56.6 MBytes   474 Mbits/sec  50340  
[  5]   5.00-6.00   sec  55.4 MBytes   465 Mbits/sec  49320  
[  5]   6.00-7.00   sec  52.3 MBytes   439 Mbits/sec  46590  
[  5]   7.00-8.00   sec  55.7 MBytes   467 Mbits/sec  49610  
[  5]   8.00-9.00   sec  51.4 MBytes   431 Mbits/sec  45720  
[  5]   9.00-10.00  sec  51.4 MBytes   431 Mbits/sec  45770  
[  5]  10.00-11.00  sec  56.9 MBytes   478 Mbits/sec  50670  
[  5]  11.00-12.00  sec  53.2 MBytes   446 Mbits/sec  47330  
[  5]  12.00-13.00  sec  51.0 MBytes   428 Mbits/sec  45420  
[  5]  13.00-14.00  sec  55.9 MBytes   469 Mbits/sec  49750  
[  5]  14.00-15.00  sec  57.8 MBytes   485 Mbits/sec  51480  
[  5]  15.00-16.00  sec  57.6 MBytes   483 Mbits/sec  51290  
[  5]  16.00-17.00  sec  52.8 MBytes   443 Mbits/sec  46970  
[  5]  17.00-18.00  sec  57.4 MBytes   481 Mbits/sec  51050  
[  5]  18.00-19.00  sec  55.8 MBytes   468 Mbits/sec  49670  
[  5]  19.00-20.00  sec  60.8 MBytes   510 Mbits/sec  54080  
[  5]  20.00-21.00  sec  58.1 MBytes   488 Mbits/sec  51760  
[  5]  21.00-22.00  sec  52.9 MBytes   444 Mbits/sec  47070  
[  5]  22.00-23.00  sec  54.3 MBytes   456 Mbits/sec  48360  
[  5]  23.00-24.00  sec  50.8 MBytes   426 Mbits/sec  45220  
[  5]  24.00-25.00  sec  53.9 MBytes   452 Mbits/sec  48020  
[  5]  25.00-26.00  sec  51.5 MBytes   432 Mbits/sec  45840  
[  5]  26.00-27.00  sec  49.0 MBytes   411 Mbits/sec  43640  
[  5]  27.00-28.00  sec  53.5 MBytes   449 Mbits/sec  47660  
[  5]  28.00-29.00  sec  52.5 MBytes   440 Mbits/sec  46720  
[  5]  29.00-30.00  sec  50.8 MBytes   426 Mbits/sec  45210  
[  5]  30.00-31.00  sec  48.7 MBytes   409 Mbits/sec  43350  
[  5]  31.00-32.00  sec  53.8 MBytes   451 Mbits/sec  47900  
[  5]  32.00-33.00  sec  51.2 MBytes   429 Mbits/sec  45540  
[  5]  33.00-34.00  sec  53.9 MBytes   452 Mbits/sec  47940  
[  5]  34.00-35.00  sec  59.3 MBytes   498 Mbits/sec  52820  
[  5]  35.00-36.00  sec  52.6 MBytes   441 Mbits/sec  46830  
[  5]  36.00-37.00  sec  57.0 MBytes   479 Mbits/sec  50780  
[  5]  37.00-38.00  sec  54.7 MBytes   459 Mbits/sec  48670  
[  5]  38.00-39.00  sec  54.2 MBytes   454 Mbits/sec  48210  
[  5]  39.00-40.00  sec  51.2 MBytes   429 Mbits/sec  45570  
[  5]  40.00-41.00  sec  49.7 MBytes   417 Mbits/sec  44230  
[  5]  41.00-42.00  sec  54.5 MBytes   457 Mbits/sec  48520  
[  5]  42.00-43.00  sec  52.7 MBytes   442 Mbits/sec  46910  
[  5]  43.00-44.00  sec  50.9 MBytes   427 Mbits/sec  45280  
[  5]  44.00-45.00  sec  50.6 MBytes   425 Mbits/sec  45040  
[  5]  45.00-46.00  sec  55.3 MBytes   464 Mbits/sec  49240  
[  5]  46.00-47.00  sec  51.1 MBytes   429 Mbits/sec  45480  
[  5]  47.00-48.00  sec  53.2 MBytes   446 Mbits/sec  47320  
[  5]  48.00-49.00  sec  52.8 MBytes   443 Mbits/sec  47000  
[  5]  49.00-50.00  sec  54.4 MBytes   456 Mbits/sec  48390  
[  5]  50.00-51.00  sec  52.3 MBytes   439 Mbits/sec  46560  
[  5]  51.00-52.00  sec  50.2 MBytes   421 Mbits/sec  44690  
[  5]  52.00-53.00  sec  49.6 MBytes   416 Mbits/sec  44170  
[  5]  53.00-54.00  sec  57.9 MBytes   486 Mbits/sec  51530  
[  5]  54.00-55.00  sec  56.4 MBytes   473 Mbits/sec  50200  
[  5]  55.00-56.00  sec  56.1 MBytes   471 Mbits/sec  49950  
[  5]  56.00-57.00  sec  47.6 MBytes   399 Mbits/sec  42370  
[  5]  57.00-58.00  sec  55.3 MBytes   464 Mbits/sec  49250  
[  5]  58.00-59.00  sec  50.2 MBytes   421 Mbits/sec  44700  
[  5]  59.00-60.00  sec  56.0 MBytes   470 Mbits/sec  49830  
- - - - - - - - - - - - - - - - - - - - - - - - -
[ ID] Interval           Transfer     Bitrate         Jitter    Lost/Total Datagrams
[  5]   0.00-60.00  sec  3.14 GBytes   450 Mbits/sec  0.000 ms  0/2864210 (0%)  sender
[  5]   0.00-60.32  sec  1.89 GBytes   269 Mbits/sec  0.008 ms  1158273/2864173 (40%)  receiver

iperf Done.
