Connecting to host 10.136.80.189, port 5201
[  5] local 10.136.173.124 port 59218 connected to 10.136.80.189 port 5201
[ ID] Interval           Transfer     Bitrate         Retr  Cwnd
[  5]   0.00-1.00   sec   687 KBytes  5.63 Mbits/sec   57   2.30 KBytes       (omitted)
[  5]   0.00-1.00   sec   204 KBytes  1.67 Mbits/sec   22   2.30 KBytes       
[  5]   1.00-2.00   sec   500 KBytes  4.10 Mbits/sec   57   2.30 KBytes       
[  5]   2.00-3.00   sec   572 KBytes  4.68 Mbits/sec   59   2.30 KBytes       
[  5]   3.00-4.00   sec   227 KBytes  1.86 Mbits/sec   21   2.30 KBytes       
[  5]   4.00-5.00   sec   242 KBytes  1.98 Mbits/sec   27   1.15 KBytes       
[  5]   5.00-6.00   sec   343 KBytes  2.81 Mbits/sec   29   1.15 KBytes       
[  5]   6.00-7.00   sec   221 KBytes  1.81 Mbits/sec   24   1.15 KBytes       
[  5]   7.00-8.00   sec   198 KBytes  1.62 Mbits/sec   23   2.30 KBytes       
[  5]   8.00-9.00   sec   380 KBytes  3.11 Mbits/sec   38   1.15 KBytes       
[  5]   9.00-10.00  sec   382 KBytes  3.13 Mbits/sec   27   2.30 KBytes       
[  5]  10.00-11.00  sec   621 KBytes  5.09 Mbits/sec   45   4.60 KBytes       
[  5]  11.00-12.00  sec   435 KBytes  3.56 Mbits/sec   46   1.15 KBytes       
[  5]  12.00-13.00  sec  96.6 KBytes  0.79 Mbits/sec   20   1.15 KBytes       
[  5]  13.00-14.00  sec   435 KBytes  3.56 Mbits/sec   33   2.30 KBytes       
[  5]  14.00-15.00  sec   446 KBytes  3.66 Mbits/sec   41   1.15 KBytes       
[  5]  15.00-16.00  sec   346 KBytes  2.84 Mbits/sec   28   1.15 KBytes       
[  5]  16.00-17.00  sec   263 KBytes  2.16 Mbits/sec   29   2.30 KBytes       
[  5]  17.00-18.00  sec   684 KBytes  5.61 Mbits/sec   52   2.30 KBytes       
[  5]  18.00-19.00  sec  0.00 Bytes  0.00 Mbits/sec   10   2.30 KBytes       
[  5]  19.00-20.00  sec   329 KBytes  2.70 Mbits/sec   32   1.15 KBytes       
[  5]  20.00-21.00  sec   244 KBytes  2.00 Mbits/sec   25   1.15 KBytes       
[  5]  21.00-22.00  sec   243 KBytes  1.99 Mbits/sec   29   1.15 KBytes       
[  5]  22.00-23.00  sec   239 KBytes  1.96 Mbits/sec   24   2.30 KBytes       
[  5]  23.00-24.00  sec   161 KBytes  1.32 Mbits/sec   18   2.30 KBytes       
[  5]  24.00-25.00  sec   242 KBytes  1.98 Mbits/sec   22   2.30 KBytes       
[  5]  25.00-26.00  sec   245 KBytes  2.01 Mbits/sec   32   2.30 KBytes       
[  5]  26.00-27.00  sec   323 KBytes  2.65 Mbits/sec   31   1.15 KBytes       
[  5]  27.00-28.00  sec   488 KBytes  4.00 Mbits/sec   40   2.30 KBytes       
[  5]  28.00-29.00  sec   240 KBytes  1.97 Mbits/sec   25   1.15 KBytes       
[  5]  29.00-30.00  sec   162 KBytes  1.33 Mbits/sec   23   2.30 KBytes       
[  5]  30.00-31.00  sec   162 KBytes  1.33 Mbits/sec   16   2.30 KBytes       
[  5]  31.00-32.00  sec   567 KBytes  4.65 Mbits/sec   46   1.15 KBytes       
[  5]  32.00-33.00  sec   159 KBytes  1.30 Mbits/sec   21   2.30 KBytes       
[  5]  33.00-34.00  sec   245 KBytes  2.01 Mbits/sec   24   2.30 KBytes       
[  5]  34.00-35.00  sec   161 KBytes  1.32 Mbits/sec   23   2.30 KBytes       
[  5]  35.00-36.00  sec   423 KBytes  3.47 Mbits/sec   34   1.15 KBytes       
[  5]  36.00-37.00  sec   240 KBytes  1.97 Mbits/sec   31   2.30 KBytes       
[  5]  37.00-38.00  sec   159 KBytes  1.30 Mbits/sec   18   2.30 KBytes       
[  5]  38.00-39.00  sec   254 KBytes  2.08 Mbits/sec   17   1.15 KBytes       
[  5]  39.00-40.00  sec   329 KBytes  2.70 Mbits/sec   33   3.45 KBytes       
[  5]  40.00-41.00  sec  79.4 KBytes  0.65 Mbits/sec   19   2.30 KBytes       
[  5]  41.00-42.00  sec   328 KBytes  2.69 Mbits/sec   29   3.45 KBytes       
[  5]  42.00-43.00  sec   322 KBytes  2.64 Mbits/sec   34   1.15 KBytes       
[  5]  43.00-44.00  sec  79.4 KBytes  0.65 Mbits/sec    9   2.30 KBytes       
[  5]  44.00-45.00  sec   322 KBytes  2.64 Mbits/sec   31   2.30 KBytes       
[  5]  45.00-46.00  sec   243 KBytes  1.99 Mbits/sec   31   1.15 KBytes       
[  5]  46.00-47.00  sec   491 KBytes  4.03 Mbits/sec   43   2.30 KBytes       
[  5]  47.00-48.00  sec   406 KBytes  3.33 Mbits/sec   34   2.30 KBytes       
[  5]  48.00-49.00  sec  79.4 KBytes  0.65 Mbits/sec   17   2.30 KBytes       
[  5]  49.00-50.00  sec  79.4 KBytes  0.65 Mbits/sec   16   1.15 KBytes       
[  5]  50.00-51.00  sec   410 KBytes  3.36 Mbits/sec   35   1.15 KBytes       
[  5]  51.00-52.00  sec   322 KBytes  2.64 Mbits/sec   26   2.30 KBytes       
[  5]  52.00-53.00  sec   400 KBytes  3.28 Mbits/sec   38   2.30 KBytes       
[  5]  53.00-54.00  sec   487 KBytes  3.99 Mbits/sec   33   2.30 KBytes       
[  5]  54.00-55.00  sec   330 KBytes  2.70 Mbits/sec   32   2.30 KBytes       
[  5]  55.00-56.00  sec   162 KBytes  1.33 Mbits/sec   17   2.30 KBytes       
[  5]  56.00-57.00  sec   323 KBytes  2.65 Mbits/sec   36   2.30 KBytes       
[  5]  57.00-58.00  sec   321 KBytes  2.63 Mbits/sec   40   2.30 KBytes       
[  5]  58.00-59.00  sec   238 KBytes  1.95 Mbits/sec   21   2.30 KBytes       
[  5]  59.00-60.00  sec   650 KBytes  5.33 Mbits/sec   56   2.30 KBytes       
- - - - - - - - - - - - - - - - - - - - - - - - -
[ ID] Interval           Transfer     Bitrate         Retr
[  5]   0.00-60.00  sec  17.9 MBytes  2.50 Mbits/sec  1792             sender
[  5]   0.00-60.19  sec  17.9 MBytes  2.50 Mbits/sec                  receiver

iperf Done.
