Connecting to host 10.136.80.171, port 5201
[  5] local 10.136.173.108 port 43822 connected to 10.136.80.171 port 5201
[ ID] Interval           Transfer     Bitrate         Total Datagrams
[  5]   0.00-1.00   sec  78.6 MBytes   659 Mbits/sec  69940  (omitted)
[  5]   0.00-1.00   sec  82.5 MBytes   692 Mbits/sec  73400  
[  5]   1.00-2.00   sec  82.1 MBytes   689 Mbits/sec  73100  
[  5]   2.00-3.00   sec  82.1 MBytes   688 Mbits/sec  73050  
[  5]   3.00-4.00   sec  81.7 MBytes   685 Mbits/sec  72730  
[  5]   4.00-5.00   sec  81.8 MBytes   686 Mbits/sec  72840  
[  5]   5.00-6.00   sec  80.9 MBytes   679 Mbits/sec  72010  
[  5]   6.00-7.00   sec  81.7 MBytes   685 Mbits/sec  72680  
[  5]   7.00-8.00   sec  81.3 MBytes   682 Mbits/sec  72370  
[  5]   8.00-9.00   sec  83.1 MBytes   697 Mbits/sec  73980  
[  5]   9.00-10.00  sec  82.2 MBytes   689 Mbits/sec  73130  
[  5]  10.00-11.00  sec  82.2 MBytes   690 Mbits/sec  73170  
[  5]  11.00-12.00  sec  82.0 MBytes   688 Mbits/sec  73030  
[  5]  12.00-13.00  sec  82.3 MBytes   690 Mbits/sec  73220  
[  5]  13.00-14.00  sec  80.9 MBytes   678 Mbits/sec  72000  
[  5]  14.00-15.00  sec  82.2 MBytes   689 Mbits/sec  73140  
[  5]  15.00-16.00  sec  81.3 MBytes   682 Mbits/sec  72360  
[  5]  16.00-17.00  sec  72.3 MBytes   607 Mbits/sec  64390  
[  5]  17.00-18.00  sec  80.1 MBytes   672 Mbits/sec  71280  
[  5]  18.00-19.00  sec  81.7 MBytes   685 Mbits/sec  72710  
[  5]  19.00-20.00  sec  81.0 MBytes   679 Mbits/sec  72080  
[  5]  20.00-21.00  sec  81.5 MBytes   684 Mbits/sec  72530  
[  5]  21.00-22.00  sec  80.8 MBytes   677 Mbits/sec  71880  
[  5]  22.00-23.00  sec  80.8 MBytes   678 Mbits/sec  71920  
[  5]  23.00-24.00  sec  81.5 MBytes   684 Mbits/sec  72580  
[  5]  24.00-25.00  sec  81.2 MBytes   681 Mbits/sec  72240  
[  5]  25.00-26.00  sec  82.0 MBytes   688 Mbits/sec  72970  
[  5]  26.00-27.00  sec  80.1 MBytes   672 Mbits/sec  71290  
[  5]  27.00-28.00  sec  80.9 MBytes   679 Mbits/sec  72040  
[  5]  28.00-29.00  sec  80.7 MBytes   677 Mbits/sec  71790  
[  5]  29.00-30.00  sec  79.0 MBytes   663 Mbits/sec  70320  
[  5]  30.00-31.00  sec  80.6 MBytes   676 Mbits/sec  71740  
[  5]  31.00-32.00  sec  79.9 MBytes   671 Mbits/sec  71160  
[  5]  32.00-33.00  sec  80.5 MBytes   676 Mbits/sec  71700  
[  5]  33.00-34.00  sec  80.2 MBytes   673 Mbits/sec  71410  
[  5]  34.00-35.00  sec  81.4 MBytes   683 Mbits/sec  72500  
[  5]  35.00-36.00  sec  81.4 MBytes   683 Mbits/sec  72500  
[  5]  36.00-37.00  sec  81.2 MBytes   681 Mbits/sec  72260  
[  5]  37.00-38.00  sec  82.0 MBytes   687 Mbits/sec  72950  
[  5]  38.00-39.00  sec  81.3 MBytes   682 Mbits/sec  72410  
[  5]  39.00-40.00  sec  80.6 MBytes   676 Mbits/sec  71760  
[  5]  40.00-41.00  sec  81.8 MBytes   686 Mbits/sec  72780  
[  5]  41.00-42.00  sec  81.3 MBytes   682 Mbits/sec  72330  
[  5]  42.00-43.00  sec  81.6 MBytes   684 Mbits/sec  72630  
[  5]  43.00-44.00  sec  81.0 MBytes   680 Mbits/sec  72110  
[  5]  44.00-45.00  sec  80.8 MBytes   678 Mbits/sec  71950  
[  5]  45.00-46.00  sec  80.8 MBytes   678 Mbits/sec  71960  
[  5]  46.00-47.00  sec  81.6 MBytes   685 Mbits/sec  72660  
[  5]  47.00-48.00  sec  80.1 MBytes   672 Mbits/sec  71330  
[  5]  48.00-49.00  sec  80.7 MBytes   677 Mbits/sec  71860  
[  5]  49.00-50.00  sec  80.4 MBytes   675 Mbits/sec  71600  
[  5]  50.00-51.00  sec  81.8 MBytes   686 Mbits/sec  72820  
[  5]  51.00-52.00  sec  80.0 MBytes   671 Mbits/sec  71170  
[  5]  52.00-53.00  sec  82.8 MBytes   695 Mbits/sec  73710  
[  5]  53.00-54.00  sec  82.6 MBytes   693 Mbits/sec  73550  
[  5]  54.00-55.00  sec  81.3 MBytes   682 Mbits/sec  72390  
[  5]  55.00-56.00  sec  82.1 MBytes   689 Mbits/sec  73100  
[  5]  56.00-57.00  sec  81.1 MBytes   680 Mbits/sec  72190  
[  5]  57.00-58.00  sec  83.5 MBytes   701 Mbits/sec  74350  
[  5]  58.00-59.00  sec  81.5 MBytes   684 Mbits/sec  72560  
[  5]  59.00-60.00  sec  79.8 MBytes   670 Mbits/sec  71070  
- - - - - - - - - - - - - - - - - - - - - - - - -
[ ID] Interval           Transfer     Bitrate         Jitter    Lost/Total Datagrams
[  5]   0.00-60.00  sec  4.76 GBytes   681 Mbits/sec  0.000 ms  0/4334740 (0%)  sender
[  5]   0.00-60.25  sec  1.66 GBytes   237 Mbits/sec  0.112 ms  2850150/4334179 (66%)  receiver

iperf Done.
