Connecting to host knb-server-1148764, port 5201
[  5] local 10.136.173.76 port 50400 connected to 10.43.41.65 port 5201
[ ID] Interval           Transfer     Bitrate         Total Datagrams
[  5]   0.00-1.00   sec  56.4 MBytes   473 Mbits/sec  50200  (omitted)
[  5]   0.00-1.00   sec  48.6 MBytes   408 Mbits/sec  43300  
[  5]   1.00-2.00   sec  48.6 MBytes   407 Mbits/sec  43230  
[  5]   2.00-3.00   sec  51.2 MBytes   429 Mbits/sec  45540  
[  5]   3.00-4.00   sec  51.9 MBytes   435 Mbits/sec  46210  
[  5]   4.00-5.00   sec  51.8 MBytes   435 Mbits/sec  46130  
[  5]   5.00-6.00   sec  51.1 MBytes   429 Mbits/sec  45490  
[  5]   6.00-7.00   sec  53.6 MBytes   450 Mbits/sec  47750  
[  5]   7.00-8.00   sec  55.1 MBytes   462 Mbits/sec  49060  
[  5]   8.00-9.00   sec  53.2 MBytes   446 Mbits/sec  47320  
[  5]   9.00-10.00  sec  51.1 MBytes   428 Mbits/sec  45470  
[  5]  10.00-11.00  sec  50.0 MBytes   420 Mbits/sec  44540  
[  5]  11.00-12.00  sec  53.5 MBytes   449 Mbits/sec  47600  
[  5]  12.00-13.00  sec  52.1 MBytes   437 Mbits/sec  46360  
[  5]  13.00-14.00  sec  48.8 MBytes   409 Mbits/sec  43430  
[  5]  14.00-15.00  sec  52.7 MBytes   442 Mbits/sec  46890  
[  5]  15.00-16.00  sec  55.3 MBytes   464 Mbits/sec  49200  
[  5]  16.00-17.00  sec  54.1 MBytes   454 Mbits/sec  48120  
[  5]  17.00-18.00  sec  53.8 MBytes   451 Mbits/sec  47860  
[  5]  18.00-19.00  sec  47.9 MBytes   402 Mbits/sec  42650  
[  5]  19.00-20.00  sec  49.6 MBytes   416 Mbits/sec  44110  
[  5]  20.00-21.00  sec  50.4 MBytes   423 Mbits/sec  44890  
[  5]  21.00-22.00  sec  58.7 MBytes   492 Mbits/sec  52240  
[  5]  22.00-23.00  sec  53.2 MBytes   446 Mbits/sec  47370  
[  5]  23.00-24.00  sec  50.8 MBytes   427 Mbits/sec  45260  
[  5]  24.00-25.00  sec  57.2 MBytes   480 Mbits/sec  50910  
[  5]  25.00-26.00  sec  52.8 MBytes   443 Mbits/sec  47020  
[  5]  26.00-27.00  sec  56.7 MBytes   476 Mbits/sec  50480  
[  5]  27.00-28.00  sec  52.2 MBytes   438 Mbits/sec  46460  
[  5]  28.00-29.00  sec  53.5 MBytes   448 Mbits/sec  47580  
[  5]  29.00-30.00  sec  58.3 MBytes   489 Mbits/sec  51860  
[  5]  30.00-31.00  sec  50.7 MBytes   425 Mbits/sec  45090  
[  5]  31.00-32.00  sec  53.4 MBytes   448 Mbits/sec  47570  
[  5]  32.00-33.00  sec  50.4 MBytes   423 Mbits/sec  44890  
[  5]  33.00-34.00  sec  54.8 MBytes   460 Mbits/sec  48800  
[  5]  34.00-35.00  sec  49.3 MBytes   413 Mbits/sec  43850  
[  5]  35.00-36.00  sec  51.5 MBytes   432 Mbits/sec  45820  
[  5]  36.00-37.00  sec  52.3 MBytes   439 Mbits/sec  46590  
[  5]  37.00-38.00  sec  53.8 MBytes   451 Mbits/sec  47890  
[  5]  38.00-39.00  sec  54.2 MBytes   455 Mbits/sec  48250  
[  5]  39.00-40.00  sec  45.8 MBytes   384 Mbits/sec  40790  
[  5]  40.00-41.00  sec  54.6 MBytes   458 Mbits/sec  48570  
[  5]  41.00-42.00  sec  52.3 MBytes   439 Mbits/sec  46570  
[  5]  42.00-43.00  sec  52.6 MBytes   441 Mbits/sec  46830  
[  5]  43.00-44.00  sec  51.6 MBytes   433 Mbits/sec  45950  
[  5]  44.00-45.00  sec  51.1 MBytes   429 Mbits/sec  45520  
[  5]  45.00-46.00  sec  48.9 MBytes   410 Mbits/sec  43500  
[  5]  46.00-47.00  sec  55.4 MBytes   465 Mbits/sec  49300  
[  5]  47.00-48.00  sec  52.5 MBytes   441 Mbits/sec  46770  
[  5]  48.00-49.00  sec  52.6 MBytes   441 Mbits/sec  46820  
[  5]  49.00-50.00  sec  53.3 MBytes   447 Mbits/sec  47420  
[  5]  50.00-51.00  sec  47.2 MBytes   396 Mbits/sec  42010  
[  5]  51.00-52.00  sec  50.4 MBytes   423 Mbits/sec  44830  
[  5]  52.00-53.00  sec  48.8 MBytes   409 Mbits/sec  43410  
[  5]  53.00-54.00  sec  54.0 MBytes   453 Mbits/sec  48030  
[  5]  54.00-55.00  sec  49.8 MBytes   418 Mbits/sec  44320  
[  5]  55.00-56.00  sec  55.5 MBytes   466 Mbits/sec  49420  
[  5]  56.00-57.00  sec  56.7 MBytes   476 Mbits/sec  50500  
[  5]  57.00-58.00  sec  56.9 MBytes   477 Mbits/sec  50640  
[  5]  58.00-59.00  sec  55.9 MBytes   469 Mbits/sec  49780  
[  5]  59.00-60.00  sec  53.7 MBytes   450 Mbits/sec  47770  
- - - - - - - - - - - - - - - - - - - - - - - - -
[ ID] Interval           Transfer     Bitrate         Jitter    Lost/Total Datagrams
[  5]   0.00-60.00  sec  3.07 GBytes   440 Mbits/sec  0.000 ms  0/2801830 (0%)  sender
[  5]   0.00-60.73  sec  58.8 MBytes  8.12 Mbits/sec  1.782 ms  2796820/2799993 (1e+02%)  receiver

iperf Done.
