Connecting to host 10.136.80.134, port 5201
[  5] local 10.136.173.70 port 42951 connected to 10.136.80.134 port 5201
[ ID] Interval           Transfer     Bitrate         Total Datagrams
[  5]   0.00-1.00   sec  59.8 MBytes   502 Mbits/sec  53220  (omitted)
[  5]   0.00-1.00   sec  61.1 MBytes   513 Mbits/sec  54430  
[  5]   1.00-2.00   sec  50.4 MBytes   423 Mbits/sec  44860  
[  5]   2.00-3.00   sec  49.7 MBytes   417 Mbits/sec  44270  
[  5]   3.00-4.00   sec  44.4 MBytes   372 Mbits/sec  39520  
[  5]   4.00-5.00   sec  51.6 MBytes   433 Mbits/sec  45950  
[  5]   5.00-6.00   sec  56.7 MBytes   475 Mbits/sec  50450  
[  5]   6.00-7.00   sec  61.4 MBytes   515 Mbits/sec  54670  
[  5]   7.00-8.00   sec  43.2 MBytes   362 Mbits/sec  38420  
[  5]   8.00-9.00   sec  54.6 MBytes   458 Mbits/sec  48640  
[  5]   9.00-10.00  sec  51.8 MBytes   434 Mbits/sec  46100  
[  5]  10.00-11.00  sec  49.1 MBytes   411 Mbits/sec  43670  
[  5]  11.00-12.00  sec  57.0 MBytes   479 Mbits/sec  50780  
[  5]  12.00-13.00  sec  58.3 MBytes   489 Mbits/sec  51910  
[  5]  13.00-14.00  sec  58.4 MBytes   490 Mbits/sec  52020  
[  5]  14.00-15.00  sec  56.5 MBytes   474 Mbits/sec  50310  
[  5]  15.00-16.00  sec  55.4 MBytes   465 Mbits/sec  49330  
[  5]  16.00-17.00  sec  54.4 MBytes   456 Mbits/sec  48400  
[  5]  17.00-18.00  sec  51.7 MBytes   434 Mbits/sec  46040  
[  5]  18.00-19.00  sec  57.2 MBytes   480 Mbits/sec  50960  
[  5]  19.00-20.00  sec  52.9 MBytes   444 Mbits/sec  47100  
[  5]  20.00-21.00  sec  55.0 MBytes   462 Mbits/sec  48980  
[  5]  21.00-22.00  sec  59.9 MBytes   502 Mbits/sec  53310  
[  5]  22.00-23.00  sec  55.8 MBytes   468 Mbits/sec  49640  
[  5]  23.00-24.00  sec  51.1 MBytes   429 Mbits/sec  45530  
[  5]  24.00-25.00  sec  56.8 MBytes   477 Mbits/sec  50570  
[  5]  25.00-26.00  sec  54.1 MBytes   454 Mbits/sec  48130  
[  5]  26.00-27.00  sec  54.0 MBytes   453 Mbits/sec  48060  
[  5]  27.00-28.00  sec  56.3 MBytes   472 Mbits/sec  50070  
[  5]  28.00-29.00  sec  61.4 MBytes   515 Mbits/sec  54690  
[  5]  29.00-30.00  sec  61.6 MBytes   516 Mbits/sec  54790  
[  5]  30.00-31.00  sec  56.9 MBytes   478 Mbits/sec  50670  
[  5]  31.00-32.00  sec  50.7 MBytes   425 Mbits/sec  45130  
[  5]  32.00-33.00  sec  57.7 MBytes   484 Mbits/sec  51400  
[  5]  33.00-34.00  sec  54.6 MBytes   458 Mbits/sec  48590  
[  5]  34.00-35.00  sec  56.8 MBytes   477 Mbits/sec  50580  
[  5]  35.00-36.00  sec  54.8 MBytes   460 Mbits/sec  48790  
[  5]  36.00-37.00  sec  55.3 MBytes   464 Mbits/sec  49230  
[  5]  37.00-38.00  sec  53.4 MBytes   448 Mbits/sec  47500  
[  5]  38.00-39.00  sec  53.5 MBytes   448 Mbits/sec  47590  
[  5]  39.00-40.00  sec  56.0 MBytes   470 Mbits/sec  49870  
[  5]  40.00-41.00  sec  52.4 MBytes   440 Mbits/sec  46640  
[  5]  41.00-42.00  sec  57.8 MBytes   485 Mbits/sec  51490  
[  5]  42.00-43.00  sec  56.6 MBytes   475 Mbits/sec  50390  
[  5]  43.00-44.00  sec  56.7 MBytes   475 Mbits/sec  50440  
[  5]  44.00-45.00  sec  55.8 MBytes   468 Mbits/sec  49640  
[  5]  45.00-46.00  sec  57.1 MBytes   479 Mbits/sec  50800  
[  5]  46.00-47.00  sec  49.2 MBytes   413 Mbits/sec  43780  
[  5]  47.00-48.00  sec  57.7 MBytes   484 Mbits/sec  51400  
[  5]  48.00-49.00  sec  58.0 MBytes   486 Mbits/sec  51590  
[  5]  49.00-50.00  sec  52.3 MBytes   439 Mbits/sec  46570  
[  5]  50.00-51.00  sec  55.5 MBytes   465 Mbits/sec  49380  
[  5]  51.00-52.00  sec  51.1 MBytes   428 Mbits/sec  45460  
[  5]  52.00-53.00  sec  56.7 MBytes   476 Mbits/sec  50490  
[  5]  53.00-54.00  sec  61.0 MBytes   512 Mbits/sec  54310  
[  5]  54.00-55.00  sec  53.9 MBytes   452 Mbits/sec  47970  
[  5]  55.00-56.00  sec  57.4 MBytes   481 Mbits/sec  51050  
[  5]  56.00-57.00  sec  56.8 MBytes   477 Mbits/sec  50570  
[  5]  57.00-58.00  sec  46.7 MBytes   391 Mbits/sec  41550  
[  5]  58.00-59.00  sec  53.0 MBytes   445 Mbits/sec  47220  
[  5]  59.00-60.00  sec  60.3 MBytes   506 Mbits/sec  53700  
- - - - - - - - - - - - - - - - - - - - - - - - -
[ ID] Interval           Transfer     Bitrate         Jitter    Lost/Total Datagrams
[  5]   0.00-60.00  sec  3.22 GBytes   461 Mbits/sec  0.000 ms  0/2935390 (0%)  sender
[  5]   0.00-60.04  sec  2.03 GBytes   290 Mbits/sec  0.069 ms  1112923/2935390 (38%)  receiver

iperf Done.
