Connecting to host 10.136.80.169, port 5201
[  5] local 10.136.173.117 port 59399 connected to 10.136.80.169 port 5201
[ ID] Interval           Transfer     Bitrate         Total Datagrams
[  5]   0.00-1.00   sec  55.5 MBytes   466 Mbits/sec  49430  (omitted)
[  5]   0.00-1.00   sec  51.0 MBytes   428 Mbits/sec  45420  
[  5]   1.00-2.00   sec  52.5 MBytes   440 Mbits/sec  46690  
[  5]   2.00-3.00   sec  54.4 MBytes   456 Mbits/sec  48440  
[  5]   3.00-4.00   sec  55.8 MBytes   468 Mbits/sec  49650  
[  5]   4.00-5.00   sec  52.6 MBytes   441 Mbits/sec  46840  
[  5]   5.00-6.00   sec  52.7 MBytes   442 Mbits/sec  46900  
[  5]   6.00-7.00   sec  53.3 MBytes   447 Mbits/sec  47400  
[  5]   7.00-8.00   sec  56.5 MBytes   474 Mbits/sec  50270  
[  5]   8.00-9.00   sec  51.8 MBytes   434 Mbits/sec  46100  
[  5]   9.00-10.00  sec  54.7 MBytes   459 Mbits/sec  48690  
[  5]  10.00-11.00  sec  51.5 MBytes   432 Mbits/sec  45800  
[  5]  11.00-12.00  sec  51.9 MBytes   436 Mbits/sec  46230  
[  5]  12.00-13.00  sec  52.5 MBytes   440 Mbits/sec  46730  
[  5]  13.00-14.00  sec  52.8 MBytes   443 Mbits/sec  46980  
[  5]  14.00-15.00  sec  52.8 MBytes   443 Mbits/sec  46990  
[  5]  15.00-16.00  sec  57.1 MBytes   479 Mbits/sec  50870  
[  5]  16.00-17.00  sec  53.4 MBytes   448 Mbits/sec  47500  
[  5]  17.00-18.00  sec  50.0 MBytes   420 Mbits/sec  44530  
[  5]  18.00-19.00  sec  53.7 MBytes   450 Mbits/sec  47790  
[  5]  19.00-20.00  sec  51.3 MBytes   431 Mbits/sec  45690  
[  5]  20.00-21.00  sec  57.0 MBytes   478 Mbits/sec  50770  
[  5]  21.00-22.00  sec  52.9 MBytes   444 Mbits/sec  47090  
[  5]  22.00-23.00  sec  51.3 MBytes   430 Mbits/sec  45670  
[  5]  23.00-24.00  sec  52.0 MBytes   436 Mbits/sec  46260  
[  5]  24.00-25.00  sec  52.3 MBytes   439 Mbits/sec  46580  
[  5]  25.00-26.00  sec  50.7 MBytes   425 Mbits/sec  45150  
[  5]  26.00-27.00  sec  54.4 MBytes   457 Mbits/sec  48460  
[  5]  27.00-28.00  sec  55.0 MBytes   461 Mbits/sec  48960  
[  5]  28.00-29.00  sec  51.7 MBytes   434 Mbits/sec  46040  
[  5]  29.00-30.00  sec  55.8 MBytes   468 Mbits/sec  49630  
[  5]  30.00-31.00  sec  53.8 MBytes   451 Mbits/sec  47850  
[  5]  31.00-32.00  sec  51.9 MBytes   435 Mbits/sec  46170  
[  5]  32.00-33.00  sec  52.7 MBytes   442 Mbits/sec  46930  
[  5]  33.00-34.00  sec  52.5 MBytes   440 Mbits/sec  46730  
[  5]  34.00-35.00  sec  50.7 MBytes   426 Mbits/sec  45150  
[  5]  35.00-36.00  sec  51.8 MBytes   435 Mbits/sec  46140  
[  5]  36.00-37.00  sec  54.3 MBytes   456 Mbits/sec  48370  
[  5]  37.00-38.00  sec  52.3 MBytes   439 Mbits/sec  46580  
[  5]  38.00-39.00  sec  53.0 MBytes   445 Mbits/sec  47200  
[  5]  39.00-40.00  sec  44.3 MBytes   372 Mbits/sec  39470  
[  5]  40.00-41.00  sec  54.9 MBytes   461 Mbits/sec  48910  
[  5]  41.00-42.00  sec  55.3 MBytes   464 Mbits/sec  49260  
[  5]  42.00-43.00  sec  53.7 MBytes   451 Mbits/sec  47820  
[  5]  43.00-44.00  sec  52.1 MBytes   437 Mbits/sec  46420  
[  5]  44.00-45.00  sec  51.7 MBytes   433 Mbits/sec  45990  
[  5]  45.00-46.00  sec  51.7 MBytes   434 Mbits/sec  46000  
[  5]  46.00-47.00  sec  57.9 MBytes   485 Mbits/sec  51510  
[  5]  47.00-48.00  sec  45.7 MBytes   383 Mbits/sec  40670  
[  5]  48.00-49.00  sec  41.5 MBytes   348 Mbits/sec  36920  
[  5]  49.00-50.00  sec  53.4 MBytes   448 Mbits/sec  47560  
[  5]  50.00-51.00  sec  54.0 MBytes   453 Mbits/sec  48060  
[  5]  51.00-52.00  sec  52.6 MBytes   441 Mbits/sec  46800  
[  5]  52.00-53.00  sec  53.0 MBytes   445 Mbits/sec  47220  
[  5]  53.00-54.00  sec  51.3 MBytes   431 Mbits/sec  45700  
[  5]  54.00-55.00  sec  53.1 MBytes   445 Mbits/sec  47230  
[  5]  55.00-56.00  sec  54.2 MBytes   455 Mbits/sec  48240  
[  5]  56.00-57.00  sec  51.8 MBytes   434 Mbits/sec  46100  
[  5]  57.00-58.00  sec  51.0 MBytes   428 Mbits/sec  45400  
[  5]  58.00-59.00  sec  52.0 MBytes   436 Mbits/sec  46280  
[  5]  59.00-60.00  sec  53.3 MBytes   447 Mbits/sec  47420  
- - - - - - - - - - - - - - - - - - - - - - - - -
[ ID] Interval           Transfer     Bitrate         Jitter    Lost/Total Datagrams
[  5]   0.00-60.00  sec  3.08 GBytes   441 Mbits/sec  0.000 ms  0/2810220 (0%)  sender
[  5]   0.00-60.32  sec  1.86 GBytes   264 Mbits/sec  0.024 ms  1141904/2810220 (41%)  receiver

iperf Done.
