Connecting to host 10.136.80.175, port 5201
[  5] local 10.136.173.79 port 48115 connected to 10.136.80.175 port 5201
[ ID] Interval           Transfer     Bitrate         Total Datagrams
[  5]   0.00-1.00   sec  51.9 MBytes   435 Mbits/sec  46210  (omitted)
[  5]   0.00-1.00   sec  50.4 MBytes   422 Mbits/sec  44820  
[  5]   1.00-2.00   sec  54.1 MBytes   454 Mbits/sec  48160  
[  5]   2.00-3.00   sec  54.7 MBytes   459 Mbits/sec  48680  
[  5]   3.00-4.00   sec  52.0 MBytes   436 Mbits/sec  46250  
[  5]   4.00-5.00   sec  59.6 MBytes   500 Mbits/sec  53020  
[  5]   5.00-6.00   sec  57.2 MBytes   479 Mbits/sec  50880  
[  5]   6.00-7.00   sec  52.9 MBytes   444 Mbits/sec  47110  
[  5]   7.00-8.00   sec  49.6 MBytes   416 Mbits/sec  44160  
[  5]   8.00-9.00   sec  50.4 MBytes   422 Mbits/sec  44830  
[  5]   9.00-10.00  sec  60.2 MBytes   505 Mbits/sec  53560  
[  5]  10.00-11.00  sec  54.7 MBytes   459 Mbits/sec  48710  
[  5]  11.00-12.00  sec  52.7 MBytes   442 Mbits/sec  46900  
[  5]  12.00-13.00  sec  53.7 MBytes   451 Mbits/sec  47840  
[  5]  13.00-14.00  sec  51.0 MBytes   428 Mbits/sec  45390  
[  5]  14.00-15.00  sec  56.8 MBytes   477 Mbits/sec  50600  
[  5]  15.00-16.00  sec  54.2 MBytes   454 Mbits/sec  48210  
[  5]  16.00-17.00  sec  55.8 MBytes   468 Mbits/sec  49690  
[  5]  17.00-18.00  sec  51.5 MBytes   432 Mbits/sec  45870  
[  5]  18.00-19.00  sec  56.3 MBytes   472 Mbits/sec  50090  
[  5]  19.00-20.00  sec  53.7 MBytes   450 Mbits/sec  47760  
[  5]  20.00-21.00  sec  60.8 MBytes   510 Mbits/sec  54110  
[  5]  21.00-22.00  sec  55.7 MBytes   467 Mbits/sec  49600  
[  5]  22.00-23.00  sec  51.5 MBytes   432 Mbits/sec  45840  
[  5]  23.00-24.00  sec  57.1 MBytes   479 Mbits/sec  50850  
[  5]  24.00-25.00  sec  53.5 MBytes   449 Mbits/sec  47600  
[  5]  25.00-26.00  sec  55.8 MBytes   468 Mbits/sec  49710  
[  5]  26.00-27.00  sec  56.4 MBytes   473 Mbits/sec  50160  
[  5]  27.00-28.00  sec  55.5 MBytes   465 Mbits/sec  49390  
[  5]  28.00-29.00  sec  55.1 MBytes   462 Mbits/sec  49040  
[  5]  29.00-30.00  sec  59.1 MBytes   496 Mbits/sec  52630  
[  5]  30.00-31.00  sec  54.0 MBytes   453 Mbits/sec  48050  
[  5]  31.00-32.00  sec  61.8 MBytes   518 Mbits/sec  55020  
[  5]  32.00-33.00  sec  59.5 MBytes   500 Mbits/sec  53000  
[  5]  33.00-34.00  sec  56.5 MBytes   474 Mbits/sec  50310  
[  5]  34.00-35.00  sec  55.0 MBytes   461 Mbits/sec  48940  
[  5]  35.00-36.00  sec  55.4 MBytes   464 Mbits/sec  49270  
[  5]  36.00-37.00  sec  54.3 MBytes   455 Mbits/sec  48300  
[  5]  37.00-38.00  sec  52.7 MBytes   442 Mbits/sec  46870  
[  5]  38.00-39.00  sec  54.3 MBytes   456 Mbits/sec  48370  
[  5]  39.00-40.00  sec  56.0 MBytes   470 Mbits/sec  49850  
[  5]  40.00-41.00  sec  57.2 MBytes   480 Mbits/sec  50940  
[  5]  41.00-42.00  sec  50.4 MBytes   423 Mbits/sec  44850  
[  5]  42.00-43.00  sec  50.5 MBytes   424 Mbits/sec  44980  
[  5]  43.00-44.00  sec  54.7 MBytes   459 Mbits/sec  48680  
[  5]  44.00-45.00  sec  55.5 MBytes   465 Mbits/sec  49360  
[  5]  45.00-46.00  sec  57.7 MBytes   484 Mbits/sec  51400  
[  5]  46.00-47.00  sec  54.6 MBytes   458 Mbits/sec  48640  
[  5]  47.00-48.00  sec  55.7 MBytes   467 Mbits/sec  49540  
[  5]  48.00-49.00  sec  56.1 MBytes   471 Mbits/sec  49970  
[  5]  49.00-50.00  sec  56.7 MBytes   476 Mbits/sec  50460  
[  5]  50.00-51.00  sec  52.9 MBytes   443 Mbits/sec  47060  
[  5]  51.00-52.00  sec  54.7 MBytes   459 Mbits/sec  48710  
[  5]  52.00-53.00  sec  56.6 MBytes   475 Mbits/sec  50420  
[  5]  53.00-54.00  sec  64.3 MBytes   539 Mbits/sec  57210  
[  5]  54.00-55.00  sec  55.9 MBytes   469 Mbits/sec  49760  
[  5]  55.00-56.00  sec  55.7 MBytes   467 Mbits/sec  49560  
[  5]  56.00-57.00  sec  54.7 MBytes   459 Mbits/sec  48670  
[  5]  57.00-58.00  sec  58.0 MBytes   487 Mbits/sec  51660  
[  5]  58.00-59.00  sec  52.6 MBytes   441 Mbits/sec  46820  
[  5]  59.00-60.00  sec  52.6 MBytes   441 Mbits/sec  46780  
- - - - - - - - - - - - - - - - - - - - - - - - -
[ ID] Interval           Transfer     Bitrate         Jitter    Lost/Total Datagrams
[  5]   0.00-60.00  sec  3.23 GBytes   463 Mbits/sec  0.000 ms  0/2944910 (0%)  sender
[  5]   0.00-60.12  sec  1.32 GBytes   188 Mbits/sec  0.021 ms  1772204/2944909 (60%)  receiver

iperf Done.
