Connecting to host knb-server-313061, port 5201
[  5] local 10.136.173.104 port 36109 connected to 10.43.21.131 port 5201
[ ID] Interval           Transfer     Bitrate         Total Datagrams
[  5]   0.00-1.00   sec  68.1 MBytes   571 Mbits/sec  60580  (omitted)
[  5]   0.00-1.00   sec  53.7 MBytes   450 Mbits/sec  47810  
[  5]   1.00-2.00   sec  52.7 MBytes   443 Mbits/sec  46950  
[  5]   2.00-3.00   sec  52.5 MBytes   440 Mbits/sec  46710  
[  5]   3.00-4.00   sec  53.1 MBytes   445 Mbits/sec  47260  
[  5]   4.00-5.00   sec  53.5 MBytes   449 Mbits/sec  47650  
[  5]   5.00-6.00   sec  53.5 MBytes   449 Mbits/sec  47630  
[  5]   6.00-7.00   sec  52.4 MBytes   440 Mbits/sec  46680  
[  5]   7.00-8.00   sec  64.5 MBytes   541 Mbits/sec  57440  
[  5]   8.00-9.00   sec  68.3 MBytes   573 Mbits/sec  60760  
[  5]   9.00-10.00  sec  53.4 MBytes   448 Mbits/sec  47570  
[  5]  10.00-11.00  sec  53.7 MBytes   451 Mbits/sec  47840  
[  5]  11.00-12.00  sec  52.8 MBytes   443 Mbits/sec  46960  
[  5]  12.00-13.00  sec  52.0 MBytes   436 Mbits/sec  46320  
[  5]  13.00-14.00  sec  72.0 MBytes   604 Mbits/sec  64070  
[  5]  14.00-15.00  sec  70.3 MBytes   590 Mbits/sec  62620  
[  5]  15.00-16.00  sec  73.2 MBytes   614 Mbits/sec  65150  
[  5]  16.00-17.00  sec  72.9 MBytes   612 Mbits/sec  64890  
[  5]  17.00-18.00  sec  70.9 MBytes   595 Mbits/sec  63090  
[  5]  18.00-19.00  sec  73.3 MBytes   615 Mbits/sec  65240  
[  5]  19.00-20.00  sec  73.2 MBytes   614 Mbits/sec  65170  
[  5]  20.00-21.00  sec  73.7 MBytes   618 Mbits/sec  65570  
[  5]  21.00-22.00  sec  73.4 MBytes   616 Mbits/sec  65330  
[  5]  22.00-23.00  sec  71.3 MBytes   598 Mbits/sec  63490  
[  5]  23.00-24.00  sec  69.5 MBytes   583 Mbits/sec  61830  
[  5]  24.00-25.00  sec  74.2 MBytes   623 Mbits/sec  66070  
[  5]  25.00-26.00  sec  73.1 MBytes   613 Mbits/sec  65050  
[  5]  26.00-27.00  sec  74.2 MBytes   623 Mbits/sec  66090  
[  5]  27.00-28.00  sec  76.6 MBytes   642 Mbits/sec  68140  
[  5]  28.00-29.00  sec  73.3 MBytes   615 Mbits/sec  65210  
[  5]  29.00-30.00  sec  73.7 MBytes   618 Mbits/sec  65610  
[  5]  30.00-31.00  sec  72.6 MBytes   609 Mbits/sec  64580  
[  5]  31.00-32.00  sec  73.5 MBytes   617 Mbits/sec  65420  
[  5]  32.00-33.00  sec  71.5 MBytes   599 Mbits/sec  63600  
[  5]  33.00-34.00  sec  78.8 MBytes   661 Mbits/sec  70110  
[  5]  34.00-35.00  sec  71.5 MBytes   600 Mbits/sec  63640  
[  5]  35.00-36.00  sec  65.2 MBytes   547 Mbits/sec  58040  
[  5]  36.00-37.00  sec  72.8 MBytes   611 Mbits/sec  64810  
[  5]  37.00-38.00  sec  62.8 MBytes   527 Mbits/sec  55920  
[  5]  38.00-39.00  sec  55.3 MBytes   464 Mbits/sec  49260  
[  5]  39.00-40.00  sec  72.8 MBytes   610 Mbits/sec  64760  
[  5]  40.00-41.00  sec  72.6 MBytes   609 Mbits/sec  64620  
[  5]  41.00-42.00  sec  72.8 MBytes   610 Mbits/sec  64780  
[  5]  42.00-43.00  sec  71.1 MBytes   596 Mbits/sec  63250  
[  5]  43.00-44.00  sec  71.2 MBytes   597 Mbits/sec  63350  
[  5]  44.00-45.00  sec  72.3 MBytes   607 Mbits/sec  64400  
[  5]  45.00-46.00  sec  70.2 MBytes   589 Mbits/sec  62530  
[  5]  46.00-47.00  sec  70.2 MBytes   589 Mbits/sec  62480  
[  5]  47.00-48.00  sec  71.5 MBytes   600 Mbits/sec  63620  
[  5]  48.00-49.00  sec  72.4 MBytes   607 Mbits/sec  64440  
[  5]  49.00-50.00  sec  70.4 MBytes   591 Mbits/sec  62660  
[  5]  50.00-51.00  sec  72.4 MBytes   607 Mbits/sec  64450  
[  5]  51.00-52.00  sec  71.9 MBytes   603 Mbits/sec  64020  
[  5]  52.00-53.00  sec  70.6 MBytes   592 Mbits/sec  62810  
[  5]  53.00-54.00  sec  75.1 MBytes   630 Mbits/sec  66850  
[  5]  54.00-55.00  sec  72.4 MBytes   608 Mbits/sec  64480  
[  5]  55.00-56.00  sec  73.6 MBytes   618 Mbits/sec  65540  
[  5]  56.00-57.00  sec  72.2 MBytes   605 Mbits/sec  64250  
[  5]  57.00-58.00  sec  73.6 MBytes   617 Mbits/sec  65520  
[  5]  58.00-59.00  sec  72.7 MBytes   610 Mbits/sec  64740  
[  5]  59.00-60.00  sec  72.9 MBytes   612 Mbits/sec  64880  
- - - - - - - - - - - - - - - - - - - - - - - - -
[ ID] Interval           Transfer     Bitrate         Jitter    Lost/Total Datagrams
[  5]   0.00-60.00  sec  4.00 GBytes   572 Mbits/sec  0.000 ms  0/3644010 (0%)  sender
[  5]   0.00-60.11  sec  1.76 GBytes   252 Mbits/sec  0.008 ms  2070700/3644010 (57%)  receiver

iperf Done.
