Connecting to host 10.136.80.188, port 5201
[  5] local 10.136.173.112 port 44781 connected to 10.136.80.188 port 5201
[ ID] Interval           Transfer     Bitrate         Total Datagrams
[  5]   0.00-1.00   sec  95.4 MBytes   800 Mbits/sec  71560  (omitted)
[  5]   0.00-1.00   sec  94.0 MBytes   788 Mbits/sec  70480  
[  5]   1.00-2.00   sec  94.6 MBytes   794 Mbits/sec  70990  
[  5]   2.00-3.00   sec  93.5 MBytes   784 Mbits/sec  70120  
[  5]   3.00-4.00   sec  93.8 MBytes   787 Mbits/sec  70380  
[  5]   4.00-5.00   sec  93.8 MBytes   787 Mbits/sec  70370  
[  5]   5.00-6.00   sec  93.4 MBytes   783 Mbits/sec  70040  
[  5]   6.00-7.00   sec  93.2 MBytes   782 Mbits/sec  69890  
[  5]   7.00-8.00   sec  94.1 MBytes   790 Mbits/sec  70600  
[  5]   8.00-9.00   sec  93.9 MBytes   787 Mbits/sec  70400  
[  5]   9.00-10.00  sec  93.8 MBytes   787 Mbits/sec  70370  
[  5]  10.00-11.00  sec  93.6 MBytes   785 Mbits/sec  70230  
[  5]  11.00-12.00  sec  79.5 MBytes   667 Mbits/sec  59600  
[  5]  12.00-13.00  sec  79.8 MBytes   669 Mbits/sec  59860  
[  5]  13.00-14.00  sec  79.3 MBytes   665 Mbits/sec  59500  
[  5]  14.00-15.00  sec  80.0 MBytes   671 Mbits/sec  59990  
[  5]  15.00-16.00  sec  83.6 MBytes   701 Mbits/sec  62670  
[  5]  16.00-17.00  sec  93.8 MBytes   787 Mbits/sec  70360  
[  5]  17.00-18.00  sec  94.3 MBytes   791 Mbits/sec  70700  
[  5]  18.00-19.00  sec  94.1 MBytes   790 Mbits/sec  70590  
[  5]  19.00-20.00  sec  95.9 MBytes   804 Mbits/sec  71920  
[  5]  20.00-21.00  sec  95.5 MBytes   801 Mbits/sec  71650  
[  5]  21.00-22.00  sec  94.1 MBytes   790 Mbits/sec  70590  
[  5]  22.00-23.00  sec  92.7 MBytes   778 Mbits/sec  69530  
[  5]  23.00-24.00  sec  93.8 MBytes   787 Mbits/sec  70370  
[  5]  24.00-25.00  sec  93.6 MBytes   785 Mbits/sec  70200  
[  5]  25.00-26.00  sec  92.8 MBytes   778 Mbits/sec  69580  
[  5]  26.00-27.00  sec  94.4 MBytes   792 Mbits/sec  70790  
[  5]  27.00-28.00  sec  93.2 MBytes   782 Mbits/sec  69900  
[  5]  28.00-29.00  sec  92.4 MBytes   775 Mbits/sec  69330  
[  5]  29.00-30.00  sec  95.2 MBytes   799 Mbits/sec  71410  
[  5]  30.00-31.00  sec  94.0 MBytes   788 Mbits/sec  70480  
[  5]  31.00-32.00  sec  94.2 MBytes   790 Mbits/sec  70670  
[  5]  32.00-33.00  sec  95.2 MBytes   798 Mbits/sec  71380  
[  5]  33.00-34.00  sec  94.0 MBytes   788 Mbits/sec  70480  
[  5]  34.00-35.00  sec  93.0 MBytes   780 Mbits/sec  69770  
[  5]  35.00-36.00  sec  94.0 MBytes   788 Mbits/sec  70490  
[  5]  36.00-37.00  sec  92.3 MBytes   774 Mbits/sec  69240  
[  5]  37.00-38.00  sec  81.7 MBytes   685 Mbits/sec  61280  
[  5]  38.00-39.00  sec  79.2 MBytes   664 Mbits/sec  59390  
[  5]  39.00-40.00  sec  79.8 MBytes   670 Mbits/sec  59890  
[  5]  40.00-41.00  sec  80.0 MBytes   671 Mbits/sec  60030  
[  5]  41.00-42.00  sec  79.9 MBytes   670 Mbits/sec  59950  
[  5]  42.00-43.00  sec  79.1 MBytes   664 Mbits/sec  59360  
[  5]  43.00-44.00  sec  79.7 MBytes   669 Mbits/sec  59790  
[  5]  44.00-45.00  sec  78.9 MBytes   662 Mbits/sec  59150  
[  5]  45.00-46.00  sec  78.9 MBytes   662 Mbits/sec  59160  
[  5]  46.00-47.00  sec  79.3 MBytes   665 Mbits/sec  59470  
[  5]  47.00-48.00  sec  79.4 MBytes   666 Mbits/sec  59520  
[  5]  48.00-49.00  sec  79.9 MBytes   671 Mbits/sec  59950  
[  5]  49.00-50.00  sec  80.4 MBytes   674 Mbits/sec  60270  
[  5]  50.00-51.00  sec  79.4 MBytes   666 Mbits/sec  59530  
[  5]  51.00-52.00  sec  79.5 MBytes   667 Mbits/sec  59620  
[  5]  52.00-53.00  sec  79.7 MBytes   669 Mbits/sec  59770  
[  5]  53.00-54.00  sec  80.4 MBytes   674 Mbits/sec  60280  
[  5]  54.00-55.00  sec  86.1 MBytes   722 Mbits/sec  64600  
[  5]  55.00-56.00  sec  93.4 MBytes   784 Mbits/sec  70090  
[  5]  56.00-57.00  sec  93.7 MBytes   786 Mbits/sec  70300  
[  5]  57.00-58.00  sec  90.7 MBytes   761 Mbits/sec  68040  
[  5]  58.00-59.00  sec  79.4 MBytes   666 Mbits/sec  59590  
[  5]  59.00-60.00  sec  80.9 MBytes   679 Mbits/sec  60670  
- - - - - - - - - - - - - - - - - - - - - - - - -
[ ID] Interval           Transfer     Bitrate         Jitter    Lost/Total Datagrams
[  5]   0.00-60.00  sec  5.16 GBytes   739 Mbits/sec  0.000 ms  0/3964620 (0%)  sender
[  5]   0.00-60.04  sec  5.16 GBytes   739 Mbits/sec  0.014 ms  1687/3964619 (0.043%)  receiver

iperf Done.
