Connecting to host 10.136.80.182, port 5201
[  5] local 10.136.173.119 port 37971 connected to 10.136.80.182 port 5201
[ ID] Interval           Transfer     Bitrate         Total Datagrams
[  5]   0.00-1.00   sec  56.1 MBytes   470 Mbits/sec  49910  (omitted)
[  5]   0.00-1.00   sec  61.7 MBytes   518 Mbits/sec  54940  
[  5]   1.00-2.00   sec  62.3 MBytes   523 Mbits/sec  55450  
[  5]   2.00-3.00   sec  65.5 MBytes   549 Mbits/sec  58310  
[  5]   3.00-4.00   sec  62.1 MBytes   521 Mbits/sec  55300  
[  5]   4.00-5.00   sec  61.4 MBytes   515 Mbits/sec  54660  
[  5]   5.00-6.00   sec  59.1 MBytes   495 Mbits/sec  52570  
[  5]   6.00-7.00   sec  67.3 MBytes   565 Mbits/sec  59910  
[  5]   7.00-8.00   sec  62.3 MBytes   523 Mbits/sec  55470  
[  5]   8.00-9.00   sec  61.5 MBytes   516 Mbits/sec  54720  
[  5]   9.00-10.00  sec  63.1 MBytes   529 Mbits/sec  56160  
[  5]  10.00-11.00  sec  63.6 MBytes   534 Mbits/sec  56630  
[  5]  11.00-12.00  sec  64.4 MBytes   540 Mbits/sec  57350  
[  5]  12.00-13.00  sec  64.8 MBytes   543 Mbits/sec  57660  
[  5]  13.00-14.00  sec  61.6 MBytes   517 Mbits/sec  54810  
[  5]  14.00-15.00  sec  63.9 MBytes   536 Mbits/sec  56850  
[  5]  15.00-16.00  sec  66.1 MBytes   554 Mbits/sec  58800  
[  5]  16.00-17.00  sec  60.1 MBytes   504 Mbits/sec  53500  
[  5]  17.00-18.00  sec  61.8 MBytes   519 Mbits/sec  55050  
[  5]  18.00-19.00  sec  66.0 MBytes   553 Mbits/sec  58730  
[  5]  19.00-20.00  sec  61.9 MBytes   520 Mbits/sec  55130  
[  5]  20.00-21.00  sec  62.8 MBytes   527 Mbits/sec  55920  
[  5]  21.00-22.00  sec  61.1 MBytes   513 Mbits/sec  54390  
[  5]  22.00-23.00  sec  66.9 MBytes   561 Mbits/sec  59550  
[  5]  23.00-24.00  sec  62.5 MBytes   524 Mbits/sec  55650  
[  5]  24.00-25.00  sec  62.3 MBytes   523 Mbits/sec  55470  
[  5]  25.00-26.00  sec  71.6 MBytes   601 Mbits/sec  63720  
[  5]  26.00-27.00  sec  70.1 MBytes   588 Mbits/sec  62420  
[  5]  27.00-28.00  sec  64.7 MBytes   543 Mbits/sec  57580  
[  5]  28.00-29.00  sec  60.1 MBytes   504 Mbits/sec  53470  
[  5]  29.00-30.00  sec  68.4 MBytes   574 Mbits/sec  60850  
[  5]  30.00-31.00  sec  69.7 MBytes   585 Mbits/sec  62080  
[  5]  31.00-32.00  sec  62.5 MBytes   524 Mbits/sec  55620  
[  5]  32.00-33.00  sec  64.2 MBytes   539 Mbits/sec  57190  
[  5]  33.00-34.00  sec  53.5 MBytes   449 Mbits/sec  47630  
[  5]  34.00-35.00  sec  60.5 MBytes   508 Mbits/sec  53890  
[  5]  35.00-36.00  sec  67.2 MBytes   564 Mbits/sec  59830  
[  5]  36.00-37.00  sec  65.2 MBytes   547 Mbits/sec  58040  
[  5]  37.00-38.00  sec  62.6 MBytes   525 Mbits/sec  55700  
[  5]  38.00-39.00  sec  62.3 MBytes   523 Mbits/sec  55480  
[  5]  39.00-40.00  sec  63.6 MBytes   534 Mbits/sec  56650  
[  5]  40.00-41.00  sec  62.5 MBytes   524 Mbits/sec  55620  
[  5]  41.00-42.00  sec  68.0 MBytes   571 Mbits/sec  60550  
[  5]  42.00-43.00  sec  61.8 MBytes   518 Mbits/sec  55000  
[  5]  43.00-44.00  sec  62.0 MBytes   520 Mbits/sec  55160  
[  5]  44.00-45.00  sec  60.7 MBytes   510 Mbits/sec  54070  
[  5]  45.00-46.00  sec  61.7 MBytes   518 Mbits/sec  54930  
[  5]  46.00-47.00  sec  66.7 MBytes   560 Mbits/sec  59410  
[  5]  47.00-48.00  sec  67.2 MBytes   564 Mbits/sec  59820  
[  5]  48.00-49.00  sec  65.1 MBytes   546 Mbits/sec  57940  
[  5]  49.00-50.00  sec  69.2 MBytes   581 Mbits/sec  61620  
[  5]  50.00-51.00  sec  61.7 MBytes   518 Mbits/sec  54960  
[  5]  51.00-52.00  sec  64.7 MBytes   543 Mbits/sec  57610  
[  5]  52.00-53.00  sec  66.0 MBytes   554 Mbits/sec  58770  
[  5]  53.00-54.00  sec  60.9 MBytes   511 Mbits/sec  54220  
[  5]  54.00-55.00  sec  61.4 MBytes   515 Mbits/sec  54630  
[  5]  55.00-56.00  sec  62.9 MBytes   527 Mbits/sec  55970  
[  5]  56.00-57.00  sec  62.3 MBytes   522 Mbits/sec  55440  
[  5]  57.00-58.00  sec  62.6 MBytes   525 Mbits/sec  55730  
[  5]  58.00-59.00  sec  63.1 MBytes   529 Mbits/sec  56150  
[  5]  59.00-60.00  sec  62.4 MBytes   524 Mbits/sec  55550  
- - - - - - - - - - - - - - - - - - - - - - - - -
[ ID] Interval           Transfer     Bitrate         Jitter    Lost/Total Datagrams
[  5]   0.00-60.00  sec  3.73 GBytes   533 Mbits/sec  0.000 ms  0/3396280 (0%)  sender
[  5]   0.00-60.04  sec  3.57 GBytes   510 Mbits/sec  0.022 ms  151696/3396278 (4.5%)  receiver

iperf Done.
