Connecting to host 10.136.80.178, port 5201
[  5] local 10.136.173.115 port 56568 connected to 10.136.80.178 port 5201
[ ID] Interval           Transfer     Bitrate         Retr  Cwnd
[  5]   0.00-1.00   sec  12.8 MBytes   107 Mbits/sec  129   8.05 KBytes       (omitted)
[  5]   0.00-1.00   sec  10.4 MBytes  87.6 Mbits/sec  106   21.9 KBytes       
[  5]   1.00-2.00   sec  10.2 MBytes  85.5 Mbits/sec   97   8.05 KBytes       
[  5]   2.00-3.00   sec  8.90 MBytes  74.6 Mbits/sec   93   3.45 KBytes       
[  5]   3.00-4.00   sec  10.6 MBytes  88.6 Mbits/sec   88   8.05 KBytes       
[  5]   4.00-5.00   sec  10.6 MBytes  88.6 Mbits/sec   76   11.5 KBytes       
[  5]   5.00-6.00   sec  10.5 MBytes  88.1 Mbits/sec   99   11.5 KBytes       
[  5]   6.00-7.00   sec  10.1 MBytes  85.0 Mbits/sec   89   13.8 KBytes       
[  5]   7.00-8.00   sec  10.9 MBytes  91.7 Mbits/sec  114   8.05 KBytes       
[  5]   8.00-9.00   sec  10.8 MBytes  90.7 Mbits/sec   90   57.5 KBytes       
[  5]   9.00-10.00  sec  9.14 MBytes  76.7 Mbits/sec   96   9.20 KBytes       
[  5]  10.00-11.00  sec  10.8 MBytes  90.7 Mbits/sec   94   36.8 KBytes       
[  5]  11.00-12.00  sec  10.4 MBytes  87.1 Mbits/sec  100   12.7 KBytes       
[  5]  12.00-13.00  sec  11.5 MBytes  96.4 Mbits/sec   91   2.30 KBytes       
[  5]  13.00-14.00  sec  11.4 MBytes  95.9 Mbits/sec   86   10.4 KBytes       
[  5]  14.00-15.00  sec  11.5 MBytes  96.4 Mbits/sec  112   2.30 KBytes       
[  5]  15.00-16.00  sec  12.4 MBytes   104 Mbits/sec  107   9.20 KBytes       
[  5]  16.00-17.00  sec  10.7 MBytes  89.7 Mbits/sec  106   6.90 KBytes       
[  5]  17.00-18.00  sec  10.8 MBytes  90.2 Mbits/sec  104   36.8 KBytes       
[  5]  18.00-19.00  sec  11.0 MBytes  92.3 Mbits/sec  102   8.05 KBytes       
[  5]  19.00-20.00  sec  11.1 MBytes  93.3 Mbits/sec   95   12.7 KBytes       
[  5]  20.00-21.00  sec  10.9 MBytes  91.7 Mbits/sec   95   5.75 KBytes       
[  5]  21.00-22.00  sec  11.3 MBytes  94.9 Mbits/sec  105   4.60 KBytes       
[  5]  22.00-23.00  sec  10.2 MBytes  85.5 Mbits/sec   93   17.3 KBytes       
[  5]  23.00-24.00  sec  11.8 MBytes  99.0 Mbits/sec   96   5.75 KBytes       
[  5]  24.00-25.00  sec  11.3 MBytes  94.9 Mbits/sec   90   15.0 KBytes       
[  5]  25.00-26.00  sec  8.71 MBytes  73.1 Mbits/sec   82   10.4 KBytes       
[  5]  26.00-27.00  sec  11.3 MBytes  94.9 Mbits/sec   93   5.75 KBytes       
[  5]  27.00-28.00  sec  10.2 MBytes  85.5 Mbits/sec   97   8.05 KBytes       
[  5]  28.00-29.00  sec  9.33 MBytes  78.3 Mbits/sec   78   4.60 KBytes       
[  5]  29.00-30.00  sec  8.77 MBytes  73.6 Mbits/sec   88   10.4 KBytes       
[  5]  30.00-31.00  sec  9.08 MBytes  76.2 Mbits/sec   83   3.45 KBytes       
[  5]  31.00-32.00  sec  8.78 MBytes  73.6 Mbits/sec   93   3.45 KBytes       
[  5]  32.00-33.00  sec  10.0 MBytes  84.0 Mbits/sec   88   5.75 KBytes       
[  5]  33.00-34.00  sec  9.45 MBytes  79.3 Mbits/sec   97   13.8 KBytes       
[  5]  34.00-35.00  sec  11.3 MBytes  94.9 Mbits/sec  101   6.90 KBytes       
[  5]  35.00-36.00  sec  8.96 MBytes  75.2 Mbits/sec   93   5.75 KBytes       
[  5]  36.00-37.00  sec  9.64 MBytes  80.9 Mbits/sec  101   6.90 KBytes       
[  5]  37.00-38.00  sec  9.08 MBytes  76.2 Mbits/sec  106   10.4 KBytes       
[  5]  38.00-39.00  sec  9.45 MBytes  79.3 Mbits/sec   82   3.45 KBytes       
[  5]  39.00-40.00  sec  11.5 MBytes  96.4 Mbits/sec   87   5.75 KBytes       
[  5]  40.00-41.00  sec  10.6 MBytes  88.6 Mbits/sec   91   12.7 KBytes       
[  5]  41.00-42.00  sec  11.5 MBytes  96.4 Mbits/sec   89   8.05 KBytes       
[  5]  42.00-43.00  sec  10.6 MBytes  88.6 Mbits/sec  104   8.05 KBytes       
[  5]  43.00-44.00  sec  10.1 MBytes  84.5 Mbits/sec   90   16.1 KBytes       
[  5]  44.00-45.00  sec  10.6 MBytes  89.2 Mbits/sec   94   18.4 KBytes       
[  5]  45.00-46.00  sec  9.64 MBytes  80.9 Mbits/sec   99   4.60 KBytes       
[  5]  46.00-47.00  sec  9.64 MBytes  80.9 Mbits/sec   83   9.20 KBytes       
[  5]  47.00-48.00  sec  10.0 MBytes  84.0 Mbits/sec   90   10.4 KBytes       
[  5]  48.00-49.00  sec  11.5 MBytes  96.4 Mbits/sec   92   5.75 KBytes       
[  5]  49.00-50.00  sec  9.27 MBytes  77.7 Mbits/sec   93   4.60 KBytes       
[  5]  50.00-51.00  sec  12.1 MBytes   102 Mbits/sec  103   9.20 KBytes       
[  5]  51.00-52.00  sec  9.82 MBytes  82.4 Mbits/sec   93   6.90 KBytes       
[  5]  52.00-53.00  sec  9.82 MBytes  82.4 Mbits/sec   98   5.75 KBytes       
[  5]  53.00-54.00  sec  10.6 MBytes  88.6 Mbits/sec   89   4.60 KBytes       
[  5]  54.00-55.00  sec  9.27 MBytes  77.7 Mbits/sec  104   8.05 KBytes       
[  5]  55.00-56.00  sec  12.2 MBytes   103 Mbits/sec   88   5.75 KBytes       
[  5]  56.00-57.00  sec  9.82 MBytes  82.4 Mbits/sec   95   11.5 KBytes       
[  5]  57.00-58.00  sec  9.27 MBytes  77.8 Mbits/sec   78   6.90 KBytes       
[  5]  58.00-59.00  sec  10.8 MBytes  90.2 Mbits/sec   91   9.20 KBytes       
[  5]  59.00-60.00  sec  11.1 MBytes  93.3 Mbits/sec   98   5.75 KBytes       
- - - - - - - - - - - - - - - - - - - - - - - - -
[ ID] Interval           Transfer     Bitrate         Retr
[  5]   0.00-60.00  sec   623 MBytes  87.1 Mbits/sec  5655             sender
[  5]   0.00-60.03  sec   623 MBytes  87.1 Mbits/sec                  receiver

iperf Done.
