Connecting to host 10.136.80.174, port 5201
[  5] local 10.136.173.111 port 53325 connected to 10.136.80.174 port 5201
[ ID] Interval           Transfer     Bitrate         Total Datagrams
[  5]   0.00-1.00   sec  57.3 MBytes   481 Mbits/sec  51010  (omitted)
[  5]   0.00-1.00   sec  63.1 MBytes   530 Mbits/sec  56200  
[  5]   1.00-2.00   sec  59.8 MBytes   502 Mbits/sec  53240  
[  5]   2.00-3.00   sec  62.2 MBytes   521 Mbits/sec  55340  
[  5]   3.00-4.00   sec  69.3 MBytes   582 Mbits/sec  61710  
[  5]   4.00-5.00   sec  61.4 MBytes   515 Mbits/sec  54670  
[  5]   5.00-6.00   sec  63.3 MBytes   531 Mbits/sec  56310  
[  5]   6.00-7.00   sec  58.1 MBytes   487 Mbits/sec  51720  
[  5]   7.00-8.00   sec  61.3 MBytes   514 Mbits/sec  54570  
[  5]   8.00-9.00   sec  65.8 MBytes   552 Mbits/sec  58560  
[  5]   9.00-10.00  sec  66.3 MBytes   557 Mbits/sec  59060  
[  5]  10.00-11.00  sec  62.1 MBytes   521 Mbits/sec  55290  
[  5]  11.00-12.00  sec  61.3 MBytes   514 Mbits/sec  54550  
[  5]  12.00-13.00  sec  60.9 MBytes   511 Mbits/sec  54240  
[  5]  13.00-14.00  sec  60.8 MBytes   510 Mbits/sec  54100  
[  5]  14.00-15.00  sec  63.2 MBytes   530 Mbits/sec  56220  
[  5]  15.00-16.00  sec  62.5 MBytes   524 Mbits/sec  55600  
[  5]  16.00-17.00  sec  58.6 MBytes   492 Mbits/sec  52190  
[  5]  17.00-18.00  sec  55.9 MBytes   469 Mbits/sec  49770  
[  5]  18.00-19.00  sec  58.2 MBytes   488 Mbits/sec  51810  
[  5]  19.00-20.00  sec  63.7 MBytes   534 Mbits/sec  56710  
[  5]  20.00-21.00  sec  63.2 MBytes   530 Mbits/sec  56270  
[  5]  21.00-22.00  sec  58.6 MBytes   491 Mbits/sec  52140  
[  5]  22.00-23.00  sec  49.6 MBytes   416 Mbits/sec  44130  
[  5]  23.00-24.00  sec  60.3 MBytes   506 Mbits/sec  53700  
[  5]  24.00-25.00  sec  62.6 MBytes   525 Mbits/sec  55760  
[  5]  25.00-26.00  sec  53.9 MBytes   452 Mbits/sec  48000  
[  5]  26.00-27.00  sec  52.3 MBytes   439 Mbits/sec  46570  
[  5]  27.00-28.00  sec  49.1 MBytes   412 Mbits/sec  43710  
[  5]  28.00-29.00  sec  55.6 MBytes   466 Mbits/sec  49490  
[  5]  29.00-30.00  sec  63.1 MBytes   530 Mbits/sec  56190  
[  5]  30.00-31.00  sec  56.7 MBytes   476 Mbits/sec  50460  
[  5]  31.00-32.00  sec  56.7 MBytes   475 Mbits/sec  50440  
[  5]  32.00-33.00  sec  62.4 MBytes   523 Mbits/sec  55530  
[  5]  33.00-34.00  sec  62.6 MBytes   525 Mbits/sec  55710  
[  5]  34.00-35.00  sec  62.0 MBytes   520 Mbits/sec  55190  
[  5]  35.00-36.00  sec  62.4 MBytes   523 Mbits/sec  55510  
[  5]  36.00-37.00  sec  62.2 MBytes   522 Mbits/sec  55380  
[  5]  37.00-38.00  sec  74.6 MBytes   626 Mbits/sec  66400  
[  5]  38.00-39.00  sec  64.8 MBytes   544 Mbits/sec  57720  
[  5]  39.00-40.00  sec  52.3 MBytes   438 Mbits/sec  46530  
[  5]  40.00-41.00  sec  61.7 MBytes   517 Mbits/sec  54890  
[  5]  41.00-42.00  sec  60.7 MBytes   509 Mbits/sec  54030  
[  5]  42.00-43.00  sec  63.4 MBytes   532 Mbits/sec  56450  
[  5]  43.00-44.00  sec  63.4 MBytes   532 Mbits/sec  56430  
[  5]  44.00-45.00  sec  64.9 MBytes   545 Mbits/sec  57800  
[  5]  45.00-46.00  sec  61.9 MBytes   519 Mbits/sec  55080  
[  5]  46.00-47.00  sec  62.8 MBytes   527 Mbits/sec  55880  
[  5]  47.00-48.00  sec  59.4 MBytes   498 Mbits/sec  52850  
[  5]  48.00-49.00  sec  68.0 MBytes   570 Mbits/sec  60490  
[  5]  49.00-50.00  sec  62.3 MBytes   523 Mbits/sec  55450  
[  5]  50.00-51.00  sec  59.8 MBytes   501 Mbits/sec  53220  
[  5]  51.00-52.00  sec  63.2 MBytes   530 Mbits/sec  56260  
[  5]  52.00-53.00  sec  49.7 MBytes   417 Mbits/sec  44250  
[  5]  53.00-54.00  sec  50.8 MBytes   426 Mbits/sec  45200  
[  5]  54.00-55.00  sec  64.1 MBytes   538 Mbits/sec  57040  
[  5]  55.00-56.00  sec  59.5 MBytes   499 Mbits/sec  52980  
[  5]  56.00-57.00  sec  59.1 MBytes   495 Mbits/sec  52570  
[  5]  57.00-58.00  sec  57.1 MBytes   479 Mbits/sec  50790  
[  5]  58.00-59.00  sec  61.8 MBytes   518 Mbits/sec  54970  
[  5]  59.00-60.00  sec  66.3 MBytes   556 Mbits/sec  59000  
- - - - - - - - - - - - - - - - - - - - - - - - -
[ ID] Interval           Transfer     Bitrate         Jitter    Lost/Total Datagrams
[  5]   0.00-60.00  sec  3.56 GBytes   509 Mbits/sec  0.000 ms  0/3242320 (0%)  sender
[  5]   0.00-60.04  sec  3.42 GBytes   490 Mbits/sec  0.021 ms  127204/3242320 (3.9%)  receiver

iperf Done.
