Connecting to host 10.136.80.177, port 5201
[  5] local 10.136.173.114 port 48188 connected to 10.136.80.177 port 5201
[ ID] Interval           Transfer     Bitrate         Total Datagrams
[  5]   0.00-1.00   sec  75.5 MBytes   633 Mbits/sec  67210  (omitted)
[  5]   0.00-1.00   sec  75.3 MBytes   632 Mbits/sec  67040  
[  5]   1.00-2.00   sec  75.1 MBytes   630 Mbits/sec  66860  
[  5]   2.00-3.00   sec  76.0 MBytes   638 Mbits/sec  67690  
[  5]   3.00-4.00   sec  66.8 MBytes   560 Mbits/sec  59450  
[  5]   4.00-5.00   sec  74.6 MBytes   626 Mbits/sec  66410  
[  5]   5.00-6.00   sec  74.3 MBytes   624 Mbits/sec  66160  
[  5]   6.00-7.00   sec  75.7 MBytes   635 Mbits/sec  67370  
[  5]   7.00-8.00   sec  79.7 MBytes   668 Mbits/sec  70930  
[  5]   8.00-9.00   sec  79.6 MBytes   667 Mbits/sec  70820  
[  5]   9.00-10.00  sec  79.3 MBytes   665 Mbits/sec  70570  
[  5]  10.00-11.00  sec  80.7 MBytes   677 Mbits/sec  71820  
[  5]  11.00-12.00  sec  80.0 MBytes   671 Mbits/sec  71190  
[  5]  12.00-13.00  sec  81.8 MBytes   686 Mbits/sec  72770  
[  5]  13.00-14.00  sec  80.3 MBytes   674 Mbits/sec  71510  
[  5]  14.00-15.00  sec  80.0 MBytes   671 Mbits/sec  71180  
[  5]  15.00-16.00  sec  79.5 MBytes   667 Mbits/sec  70780  
[  5]  16.00-17.00  sec  78.3 MBytes   657 Mbits/sec  69690  
[  5]  17.00-18.00  sec  78.1 MBytes   655 Mbits/sec  69530  
[  5]  18.00-19.00  sec  78.3 MBytes   656 Mbits/sec  69660  
[  5]  19.00-20.00  sec  80.0 MBytes   671 Mbits/sec  71210  
[  5]  20.00-21.00  sec  81.3 MBytes   682 Mbits/sec  72340  
[  5]  21.00-22.00  sec  80.8 MBytes   678 Mbits/sec  71920  
[  5]  22.00-23.00  sec  80.7 MBytes   677 Mbits/sec  71800  
[  5]  23.00-24.00  sec  81.1 MBytes   681 Mbits/sec  72230  
[  5]  24.00-25.00  sec  76.7 MBytes   643 Mbits/sec  68230  
[  5]  25.00-26.00  sec  75.0 MBytes   629 Mbits/sec  66770  
[  5]  26.00-27.00  sec  75.9 MBytes   637 Mbits/sec  67600  
[  5]  27.00-28.00  sec  78.8 MBytes   661 Mbits/sec  70130  
[  5]  28.00-29.00  sec  81.8 MBytes   686 Mbits/sec  72810  
[  5]  29.00-30.00  sec  78.9 MBytes   662 Mbits/sec  70240  
[  5]  30.00-31.00  sec  79.9 MBytes   671 Mbits/sec  71160  
[  5]  31.00-32.00  sec  79.0 MBytes   662 Mbits/sec  70290  
[  5]  32.00-33.00  sec  79.1 MBytes   663 Mbits/sec  70390  
[  5]  33.00-34.00  sec  77.8 MBytes   653 Mbits/sec  69280  
[  5]  34.00-35.00  sec  78.7 MBytes   661 Mbits/sec  70090  
[  5]  35.00-36.00  sec  79.9 MBytes   670 Mbits/sec  71130  
[  5]  36.00-37.00  sec  81.3 MBytes   682 Mbits/sec  72340  
[  5]  37.00-38.00  sec  80.9 MBytes   679 Mbits/sec  72000  
[  5]  38.00-39.00  sec  81.7 MBytes   685 Mbits/sec  72730  
[  5]  39.00-40.00  sec  81.0 MBytes   679 Mbits/sec  72070  
[  5]  40.00-41.00  sec  79.8 MBytes   669 Mbits/sec  71000  
[  5]  41.00-42.00  sec  79.9 MBytes   670 Mbits/sec  71090  
[  5]  42.00-43.00  sec  81.1 MBytes   680 Mbits/sec  72160  
[  5]  43.00-44.00  sec  78.7 MBytes   660 Mbits/sec  70040  
[  5]  44.00-45.00  sec  81.6 MBytes   684 Mbits/sec  72640  
[  5]  45.00-46.00  sec  80.0 MBytes   671 Mbits/sec  71170  
[  5]  46.00-47.00  sec  81.7 MBytes   685 Mbits/sec  72690  
[  5]  47.00-48.00  sec  79.9 MBytes   670 Mbits/sec  71080  
[  5]  48.00-49.00  sec  81.2 MBytes   681 Mbits/sec  72290  
[  5]  49.00-50.00  sec  81.3 MBytes   682 Mbits/sec  72330  
[  5]  50.00-51.00  sec  80.6 MBytes   676 Mbits/sec  71710  
[  5]  51.00-52.00  sec  80.3 MBytes   674 Mbits/sec  71520  
[  5]  52.00-53.00  sec  80.6 MBytes   676 Mbits/sec  71760  
[  5]  53.00-54.00  sec  80.1 MBytes   672 Mbits/sec  71340  
[  5]  54.00-55.00  sec  83.7 MBytes   702 Mbits/sec  74520  
[  5]  55.00-56.00  sec  80.1 MBytes   672 Mbits/sec  71300  
[  5]  56.00-57.00  sec  80.4 MBytes   674 Mbits/sec  71530  
[  5]  57.00-58.00  sec  80.9 MBytes   679 Mbits/sec  72040  
[  5]  58.00-59.00  sec  80.9 MBytes   679 Mbits/sec  72020  
[  5]  59.00-60.00  sec  81.0 MBytes   679 Mbits/sec  72090  
- - - - - - - - - - - - - - - - - - - - - - - - -
[ ID] Interval           Transfer     Bitrate         Jitter    Lost/Total Datagrams
[  5]   0.00-60.00  sec  4.65 GBytes   665 Mbits/sec  0.000 ms  0/4234510 (0%)  sender
[  5]   0.00-60.25  sec  2.18 GBytes   311 Mbits/sec  0.020 ms  2279169/4234509 (54%)  receiver

iperf Done.
