Connecting to host 10.136.80.181, port 5201
[  5] local 10.136.173.76 port 40442 connected to 10.136.80.181 port 5201
[ ID] Interval           Transfer     Bitrate         Total Datagrams
[  5]   0.00-1.00   sec  76.1 MBytes   638 Mbits/sec  67740  (omitted)
[  5]   0.00-1.00   sec  71.6 MBytes   600 Mbits/sec  63720  
[  5]   1.00-2.00   sec  76.2 MBytes   639 Mbits/sec  67820  
[  5]   2.00-3.00   sec  77.3 MBytes   648 Mbits/sec  68770  
[  5]   3.00-4.00   sec  75.2 MBytes   631 Mbits/sec  66970  
[  5]   4.00-5.00   sec  77.4 MBytes   650 Mbits/sec  68930  
[  5]   5.00-6.00   sec  76.4 MBytes   641 Mbits/sec  68030  
[  5]   6.00-7.00   sec  77.0 MBytes   646 Mbits/sec  68520  
[  5]   7.00-8.00   sec  77.0 MBytes   646 Mbits/sec  68550  
[  5]   8.00-9.00   sec  76.8 MBytes   644 Mbits/sec  68340  
[  5]   9.00-10.00  sec  76.9 MBytes   645 Mbits/sec  68410  
[  5]  10.00-11.00  sec  75.9 MBytes   637 Mbits/sec  67580  
[  5]  11.00-12.00  sec  76.4 MBytes   641 Mbits/sec  67980  
[  5]  12.00-13.00  sec  77.2 MBytes   647 Mbits/sec  68700  
[  5]  13.00-14.00  sec  75.6 MBytes   634 Mbits/sec  67310  
[  5]  14.00-15.00  sec  76.9 MBytes   645 Mbits/sec  68490  
[  5]  15.00-16.00  sec  75.6 MBytes   635 Mbits/sec  67330  
[  5]  16.00-17.00  sec  74.9 MBytes   628 Mbits/sec  66680  
[  5]  17.00-18.00  sec  75.6 MBytes   634 Mbits/sec  67310  
[  5]  18.00-19.00  sec  76.4 MBytes   641 Mbits/sec  68050  
[  5]  19.00-20.00  sec  76.4 MBytes   641 Mbits/sec  68010  
[  5]  20.00-21.00  sec  77.0 MBytes   646 Mbits/sec  68520  
[  5]  21.00-22.00  sec  76.6 MBytes   643 Mbits/sec  68200  
[  5]  22.00-23.00  sec  76.9 MBytes   645 Mbits/sec  68410  
[  5]  23.00-24.00  sec  76.3 MBytes   640 Mbits/sec  67930  
[  5]  24.00-25.00  sec  75.4 MBytes   632 Mbits/sec  67100  
[  5]  25.00-26.00  sec  76.8 MBytes   644 Mbits/sec  68330  
[  5]  26.00-27.00  sec  77.2 MBytes   647 Mbits/sec  68690  
[  5]  27.00-28.00  sec  76.1 MBytes   638 Mbits/sec  67710  
[  5]  28.00-29.00  sec  77.6 MBytes   651 Mbits/sec  69100  
[  5]  29.00-30.00  sec  76.7 MBytes   643 Mbits/sec  68250  
[  5]  30.00-31.00  sec  74.4 MBytes   624 Mbits/sec  66210  
[  5]  31.00-32.00  sec  74.9 MBytes   628 Mbits/sec  66660  
[  5]  32.00-33.00  sec  78.0 MBytes   655 Mbits/sec  69470  
[  5]  33.00-34.00  sec  76.5 MBytes   642 Mbits/sec  68070  
[  5]  34.00-35.00  sec  74.0 MBytes   621 Mbits/sec  65870  
[  5]  35.00-36.00  sec  76.0 MBytes   638 Mbits/sec  67680  
[  5]  36.00-37.00  sec  82.3 MBytes   690 Mbits/sec  73240  
[  5]  37.00-38.00  sec  76.8 MBytes   644 Mbits/sec  68360  
[  5]  38.00-39.00  sec  76.7 MBytes   644 Mbits/sec  68310  
[  5]  39.00-40.00  sec  75.0 MBytes   629 Mbits/sec  66740  
[  5]  40.00-41.00  sec  70.5 MBytes   591 Mbits/sec  62750  
[  5]  41.00-42.00  sec  75.3 MBytes   632 Mbits/sec  67020  
[  5]  42.00-43.00  sec  76.0 MBytes   638 Mbits/sec  67690  
[  5]  43.00-44.00  sec  75.3 MBytes   632 Mbits/sec  67020  
[  5]  44.00-45.00  sec  76.7 MBytes   643 Mbits/sec  68270  
[  5]  45.00-46.00  sec  76.0 MBytes   638 Mbits/sec  67650  
[  5]  46.00-47.00  sec  75.4 MBytes   633 Mbits/sec  67140  
[  5]  47.00-48.00  sec  74.4 MBytes   624 Mbits/sec  66250  
[  5]  48.00-49.00  sec  74.9 MBytes   628 Mbits/sec  66670  
[  5]  49.00-50.00  sec  75.9 MBytes   637 Mbits/sec  67560  
[  5]  50.00-51.00  sec  69.7 MBytes   585 Mbits/sec  62030  
[  5]  51.00-52.00  sec  75.1 MBytes   630 Mbits/sec  66840  
[  5]  52.00-53.00  sec  74.7 MBytes   627 Mbits/sec  66500  
[  5]  53.00-54.00  sec  74.9 MBytes   628 Mbits/sec  66660  
[  5]  54.00-55.00  sec  78.3 MBytes   656 Mbits/sec  69660  
[  5]  55.00-56.00  sec  75.7 MBytes   635 Mbits/sec  67380  
[  5]  56.00-57.00  sec  76.1 MBytes   639 Mbits/sec  67760  
[  5]  57.00-58.00  sec  75.7 MBytes   635 Mbits/sec  67420  
[  5]  58.00-59.00  sec  75.4 MBytes   632 Mbits/sec  67090  
[  5]  59.00-60.00  sec  77.3 MBytes   648 Mbits/sec  68800  
- - - - - - - - - - - - - - - - - - - - - - - - -
[ ID] Interval           Transfer     Bitrate         Jitter    Lost/Total Datagrams
[  5]   0.00-60.00  sec  4.45 GBytes   637 Mbits/sec  0.000 ms  0/4056510 (0%)  sender
[  5]   0.00-60.26  sec  1.69 GBytes   240 Mbits/sec  0.192 ms  2558543/4056510 (63%)  receiver

iperf Done.
