Connecting to host knb-server-221049, port 5201
[  5] local 10.136.173.81 port 47697 connected to 10.43.207.209 port 5201
[ ID] Interval           Transfer     Bitrate         Total Datagrams
[  5]   0.00-1.00   sec  71.2 MBytes   597 Mbits/sec  63400  (omitted)
[  5]   0.00-1.00   sec  70.8 MBytes   594 Mbits/sec  63050  
[  5]   1.00-2.00   sec  71.3 MBytes   598 Mbits/sec  63430  
[  5]   2.00-3.00   sec  71.9 MBytes   604 Mbits/sec  64040  
[  5]   3.00-4.00   sec  72.4 MBytes   608 Mbits/sec  64470  
[  5]   4.00-5.00   sec  71.4 MBytes   599 Mbits/sec  63580  
[  5]   5.00-6.00   sec  73.1 MBytes   613 Mbits/sec  65030  
[  5]   6.00-7.00   sec  73.0 MBytes   613 Mbits/sec  65020  
[  5]   7.00-8.00   sec  70.9 MBytes   595 Mbits/sec  63100  
[  5]   8.00-9.00   sec  71.1 MBytes   596 Mbits/sec  63290  
[  5]   9.00-10.00  sec  71.1 MBytes   596 Mbits/sec  63270  
[  5]  10.00-11.00  sec  70.9 MBytes   595 Mbits/sec  63130  
[  5]  11.00-12.00  sec  69.1 MBytes   580 Mbits/sec  61550  
[  5]  12.00-13.00  sec  72.7 MBytes   610 Mbits/sec  64710  
[  5]  13.00-14.00  sec  71.3 MBytes   599 Mbits/sec  63510  
[  5]  14.00-15.00  sec  69.3 MBytes   581 Mbits/sec  61670  
[  5]  15.00-16.00  sec  72.0 MBytes   604 Mbits/sec  64050  
[  5]  16.00-17.00  sec  73.5 MBytes   616 Mbits/sec  65410  
[  5]  17.00-18.00  sec  72.4 MBytes   608 Mbits/sec  64470  
[  5]  18.00-19.00  sec  71.4 MBytes   599 Mbits/sec  63540  
[  5]  19.00-20.00  sec  71.0 MBytes   595 Mbits/sec  63170  
[  5]  20.00-21.00  sec  70.9 MBytes   594 Mbits/sec  63080  
[  5]  21.00-22.00  sec  69.9 MBytes   586 Mbits/sec  62180  
[  5]  22.00-23.00  sec  71.2 MBytes   597 Mbits/sec  63350  
[  5]  23.00-24.00  sec  71.6 MBytes   600 Mbits/sec  63710  
[  5]  24.00-25.00  sec  69.2 MBytes   581 Mbits/sec  61640  
[  5]  25.00-26.00  sec  72.7 MBytes   610 Mbits/sec  64690  
[  5]  26.00-27.00  sec  73.0 MBytes   613 Mbits/sec  65010  
[  5]  27.00-28.00  sec  72.6 MBytes   609 Mbits/sec  64580  
[  5]  28.00-29.00  sec  71.7 MBytes   602 Mbits/sec  63850  
[  5]  29.00-30.00  sec  72.0 MBytes   604 Mbits/sec  64120  
[  5]  30.00-31.00  sec  70.8 MBytes   594 Mbits/sec  63060  
[  5]  31.00-32.00  sec  71.0 MBytes   596 Mbits/sec  63220  
[  5]  32.00-33.00  sec  71.6 MBytes   601 Mbits/sec  63750  
[  5]  33.00-34.00  sec  72.7 MBytes   610 Mbits/sec  64690  
[  5]  34.00-35.00  sec  73.3 MBytes   615 Mbits/sec  65280  
[  5]  35.00-36.00  sec  72.0 MBytes   604 Mbits/sec  64050  
[  5]  36.00-37.00  sec  72.2 MBytes   606 Mbits/sec  64300  
[  5]  37.00-38.00  sec  72.2 MBytes   606 Mbits/sec  64310  
[  5]  38.00-39.00  sec  72.2 MBytes   606 Mbits/sec  64270  
[  5]  39.00-40.00  sec  70.7 MBytes   593 Mbits/sec  62960  
[  5]  40.00-41.00  sec  72.8 MBytes   611 Mbits/sec  64820  
[  5]  41.00-42.00  sec  73.7 MBytes   618 Mbits/sec  65570  
[  5]  42.00-43.00  sec  72.4 MBytes   607 Mbits/sec  64440  
[  5]  43.00-44.00  sec  70.9 MBytes   595 Mbits/sec  63090  
[  5]  44.00-45.00  sec  65.1 MBytes   546 Mbits/sec  57920  
[  5]  45.00-46.00  sec  71.3 MBytes   598 Mbits/sec  63460  
[  5]  46.00-47.00  sec  71.4 MBytes   599 Mbits/sec  63550  
[  5]  47.00-48.00  sec  59.5 MBytes   499 Mbits/sec  52970  
[  5]  48.00-49.00  sec  63.6 MBytes   534 Mbits/sec  56620  
[  5]  49.00-50.00  sec  56.3 MBytes   472 Mbits/sec  50070  
[  5]  50.00-51.00  sec  72.2 MBytes   606 Mbits/sec  64270  
[  5]  51.00-52.00  sec  72.6 MBytes   609 Mbits/sec  64580  
[  5]  52.00-53.00  sec  74.8 MBytes   627 Mbits/sec  66560  
[  5]  53.00-54.00  sec  74.1 MBytes   622 Mbits/sec  65980  
[  5]  54.00-55.00  sec  73.1 MBytes   614 Mbits/sec  65110  
[  5]  55.00-56.00  sec  60.1 MBytes   504 Mbits/sec  53510  
[  5]  56.00-57.00  sec  74.1 MBytes   622 Mbits/sec  65990  
[  5]  57.00-58.00  sec  60.9 MBytes   511 Mbits/sec  54240  
[  5]  58.00-59.00  sec  53.0 MBytes   444 Mbits/sec  47140  
[  5]  59.00-60.00  sec  72.9 MBytes   612 Mbits/sec  64910  
- - - - - - - - - - - - - - - - - - - - - - - - -
[ ID] Interval           Transfer     Bitrate         Jitter    Lost/Total Datagrams
[  5]   0.00-60.00  sec  4.13 GBytes   591 Mbits/sec  0.000 ms  0/3764390 (0%)  sender
[  5]   0.00-60.48  sec  1.67 GBytes   238 Mbits/sec  0.626 ms  2271315/3761068 (60%)  receiver

iperf Done.
