Connecting to host knb-server-839844, port 5201
[  5] local 10.136.173.115 port 56471 connected to 10.43.176.22 port 5201
[ ID] Interval           Transfer     Bitrate         Total Datagrams
[  5]   0.00-1.00   sec  29.4 MBytes   246 Mbits/sec  26140  (omitted)
[  5]   0.00-1.00   sec  74.6 MBytes   626 Mbits/sec  66390  
[  5]   1.00-2.00   sec  74.4 MBytes   624 Mbits/sec  66240  
[  5]   2.00-3.00   sec  76.4 MBytes   641 Mbits/sec  67980  
[  5]   3.00-4.00   sec  75.1 MBytes   630 Mbits/sec  66820  
[  5]   4.00-5.00   sec  72.1 MBytes   605 Mbits/sec  64200  
[  5]   5.00-6.00   sec  73.6 MBytes   617 Mbits/sec  65480  
[  5]   6.00-7.00   sec  72.6 MBytes   609 Mbits/sec  64620  
[  5]   7.00-8.00   sec  74.4 MBytes   624 Mbits/sec  66210  
[  5]   8.00-9.00   sec  73.5 MBytes   616 Mbits/sec  65400  
[  5]   9.00-10.00  sec  74.5 MBytes   625 Mbits/sec  66290  
[  5]  10.00-11.00  sec  74.9 MBytes   629 Mbits/sec  66710  
[  5]  11.00-12.00  sec  74.8 MBytes   627 Mbits/sec  66580  
[  5]  12.00-13.00  sec  74.8 MBytes   627 Mbits/sec  66540  
[  5]  13.00-14.00  sec  74.0 MBytes   620 Mbits/sec  65840  
[  5]  14.00-15.00  sec  72.9 MBytes   612 Mbits/sec  64930  
[  5]  15.00-16.00  sec  71.8 MBytes   603 Mbits/sec  63950  
[  5]  16.00-17.00  sec  72.0 MBytes   604 Mbits/sec  64120  
[  5]  17.00-18.00  sec  71.9 MBytes   603 Mbits/sec  64020  
[  5]  18.00-19.00  sec  70.5 MBytes   592 Mbits/sec  62770  
[  5]  19.00-20.00  sec  73.8 MBytes   619 Mbits/sec  65710  
[  5]  20.00-21.00  sec  75.9 MBytes   637 Mbits/sec  67560  
[  5]  21.00-22.00  sec  74.9 MBytes   628 Mbits/sec  66650  
[  5]  22.00-23.00  sec  75.7 MBytes   635 Mbits/sec  67380  
[  5]  23.00-24.00  sec  72.0 MBytes   604 Mbits/sec  64070  
[  5]  24.00-25.00  sec  70.5 MBytes   591 Mbits/sec  62710  
[  5]  25.00-26.00  sec  74.8 MBytes   627 Mbits/sec  66560  
[  5]  26.00-27.00  sec  74.9 MBytes   628 Mbits/sec  66650  
[  5]  27.00-28.00  sec  73.1 MBytes   613 Mbits/sec  65070  
[  5]  28.00-29.00  sec  65.0 MBytes   545 Mbits/sec  57860  
[  5]  29.00-30.00  sec  63.2 MBytes   530 Mbits/sec  56220  
[  5]  30.00-31.00  sec  71.6 MBytes   601 Mbits/sec  63760  
[  5]  31.00-32.00  sec  71.2 MBytes   597 Mbits/sec  63360  
[  5]  32.00-33.00  sec  71.5 MBytes   600 Mbits/sec  63680  
[  5]  33.00-34.00  sec  71.2 MBytes   597 Mbits/sec  63380  
[  5]  34.00-35.00  sec  67.5 MBytes   566 Mbits/sec  60100  
[  5]  35.00-36.00  sec  72.8 MBytes   611 Mbits/sec  64830  
[  5]  36.00-37.00  sec  75.0 MBytes   629 Mbits/sec  66780  
[  5]  37.00-38.00  sec  73.6 MBytes   617 Mbits/sec  65500  
[  5]  38.00-39.00  sec  68.7 MBytes   576 Mbits/sec  61150  
[  5]  39.00-40.00  sec  64.8 MBytes   543 Mbits/sec  57640  
[  5]  40.00-41.00  sec  73.6 MBytes   617 Mbits/sec  65520  
[  5]  41.00-42.00  sec  73.0 MBytes   612 Mbits/sec  64950  
[  5]  42.00-43.00  sec  77.9 MBytes   654 Mbits/sec  69380  
[  5]  43.00-44.00  sec  75.0 MBytes   629 Mbits/sec  66740  
[  5]  44.00-45.00  sec  69.8 MBytes   585 Mbits/sec  62100  
[  5]  45.00-46.00  sec  75.6 MBytes   635 Mbits/sec  67330  
[  5]  46.00-47.00  sec  75.6 MBytes   634 Mbits/sec  67310  
[  5]  47.00-48.00  sec  75.2 MBytes   631 Mbits/sec  66940  
[  5]  48.00-49.00  sec  75.1 MBytes   630 Mbits/sec  66830  
[  5]  49.00-50.00  sec  75.6 MBytes   634 Mbits/sec  67280  
[  5]  50.00-51.00  sec  75.8 MBytes   636 Mbits/sec  67450  
[  5]  51.00-52.00  sec  74.2 MBytes   623 Mbits/sec  66060  
[  5]  52.00-53.00  sec  75.5 MBytes   634 Mbits/sec  67230  
[  5]  53.00-54.00  sec  75.7 MBytes   635 Mbits/sec  67410  
[  5]  54.00-55.00  sec  55.9 MBytes   469 Mbits/sec  49760  
[  5]  55.00-56.00  sec  59.8 MBytes   501 Mbits/sec  53190  
[  5]  56.00-57.00  sec  71.8 MBytes   602 Mbits/sec  63910  
[  5]  57.00-58.00  sec  62.3 MBytes   523 Mbits/sec  55460  
[  5]  58.00-59.00  sec  72.0 MBytes   604 Mbits/sec  64080  
[  5]  59.00-60.00  sec  69.1 MBytes   580 Mbits/sec  61500  
- - - - - - - - - - - - - - - - - - - - - - - - -
[ ID] Interval           Transfer     Bitrate         Jitter    Lost/Total Datagrams
[  5]   0.00-60.00  sec  4.24 GBytes   607 Mbits/sec  0.000 ms  0/3862140 (0%)  sender
[  5]   0.00-61.69  sec   328 MBytes  44.6 Mbits/sec  0.154 ms  3586553/3852601 (93%)  receiver

iperf Done.
