Connecting to host 10.136.80.162, port 5201
[  5] local 10.136.173.95 port 41064 connected to 10.136.80.162 port 5201
[ ID] Interval           Transfer     Bitrate         Total Datagrams
[  5]   0.00-1.00   sec  62.4 MBytes   523 Mbits/sec  55540  (omitted)
[  5]   0.00-1.00   sec  79.3 MBytes   665 Mbits/sec  70570  
[  5]   1.00-2.00   sec  79.6 MBytes   668 Mbits/sec  70830  
[  5]   2.00-3.00   sec  79.8 MBytes   670 Mbits/sec  71050  
[  5]   3.00-4.00   sec  79.5 MBytes   667 Mbits/sec  70770  
[  5]   4.00-5.00   sec  79.7 MBytes   668 Mbits/sec  70930  
[  5]   5.00-6.00   sec  79.7 MBytes   668 Mbits/sec  70920  
[  5]   6.00-7.00   sec  76.8 MBytes   644 Mbits/sec  68350  
[  5]   7.00-8.00   sec  79.8 MBytes   669 Mbits/sec  71010  
[  5]   8.00-9.00   sec  79.1 MBytes   663 Mbits/sec  70380  
[  5]   9.00-10.00  sec  78.8 MBytes   661 Mbits/sec  70110  
[  5]  10.00-11.00  sec  62.9 MBytes   528 Mbits/sec  56020  
[  5]  11.00-12.00  sec  63.1 MBytes   530 Mbits/sec  56190  
[  5]  12.00-13.00  sec  65.2 MBytes   547 Mbits/sec  58080  
[  5]  13.00-14.00  sec  65.3 MBytes   547 Mbits/sec  58090  
[  5]  14.00-15.00  sec  64.2 MBytes   539 Mbits/sec  57180  
[  5]  15.00-16.00  sec  62.7 MBytes   526 Mbits/sec  55770  
[  5]  16.00-17.00  sec  63.9 MBytes   536 Mbits/sec  56850  
[  5]  17.00-18.00  sec  70.6 MBytes   592 Mbits/sec  62820  
[  5]  18.00-19.00  sec  81.3 MBytes   682 Mbits/sec  72400  
[  5]  19.00-20.00  sec  79.2 MBytes   665 Mbits/sec  70530  
[  5]  20.00-21.00  sec  79.8 MBytes   669 Mbits/sec  70990  
[  5]  21.00-22.00  sec  80.1 MBytes   672 Mbits/sec  71330  
[  5]  22.00-23.00  sec  79.9 MBytes   671 Mbits/sec  71160  
[  5]  23.00-24.00  sec  79.2 MBytes   665 Mbits/sec  70520  
[  5]  24.00-25.00  sec  79.2 MBytes   665 Mbits/sec  70530  
[  5]  25.00-26.00  sec  79.6 MBytes   667 Mbits/sec  70820  
[  5]  26.00-27.00  sec  78.5 MBytes   659 Mbits/sec  69910  
[  5]  27.00-28.00  sec  79.5 MBytes   667 Mbits/sec  70730  
[  5]  28.00-29.00  sec  79.4 MBytes   666 Mbits/sec  70710  
[  5]  29.00-30.00  sec  80.1 MBytes   672 Mbits/sec  71340  
[  5]  30.00-31.00  sec  79.8 MBytes   669 Mbits/sec  70990  
[  5]  31.00-32.00  sec  79.6 MBytes   668 Mbits/sec  70830  
[  5]  32.00-33.00  sec  79.7 MBytes   668 Mbits/sec  70930  
[  5]  33.00-34.00  sec  79.8 MBytes   669 Mbits/sec  71020  
[  5]  34.00-35.00  sec  80.7 MBytes   677 Mbits/sec  71870  
[  5]  35.00-36.00  sec  80.0 MBytes   671 Mbits/sec  71210  
[  5]  36.00-37.00  sec  78.9 MBytes   662 Mbits/sec  70240  
[  5]  37.00-38.00  sec  79.8 MBytes   670 Mbits/sec  71070  
[  5]  38.00-39.00  sec  79.2 MBytes   664 Mbits/sec  70490  
[  5]  39.00-40.00  sec  79.6 MBytes   668 Mbits/sec  70880  
[  5]  40.00-41.00  sec  80.1 MBytes   672 Mbits/sec  71290  
[  5]  41.00-42.00  sec  80.0 MBytes   671 Mbits/sec  71220  
[  5]  42.00-43.00  sec  80.8 MBytes   678 Mbits/sec  71890  
[  5]  43.00-44.00  sec  79.6 MBytes   667 Mbits/sec  70820  
[  5]  44.00-45.00  sec  79.5 MBytes   667 Mbits/sec  70770  
[  5]  45.00-46.00  sec  80.4 MBytes   674 Mbits/sec  71530  
[  5]  46.00-47.00  sec  78.7 MBytes   660 Mbits/sec  70070  
[  5]  47.00-48.00  sec  79.7 MBytes   669 Mbits/sec  70970  
[  5]  48.00-49.00  sec  79.8 MBytes   669 Mbits/sec  71030  
[  5]  49.00-50.00  sec  80.6 MBytes   676 Mbits/sec  71770  
[  5]  50.00-51.00  sec  80.4 MBytes   674 Mbits/sec  71560  
[  5]  51.00-52.00  sec  80.4 MBytes   674 Mbits/sec  71560  
[  5]  52.00-53.00  sec  80.5 MBytes   675 Mbits/sec  71670  
[  5]  53.00-54.00  sec  80.1 MBytes   672 Mbits/sec  71290  
[  5]  54.00-55.00  sec  80.1 MBytes   672 Mbits/sec  71290  
[  5]  55.00-56.00  sec  80.3 MBytes   674 Mbits/sec  71480  
[  5]  56.00-57.00  sec  78.9 MBytes   662 Mbits/sec  70240  
[  5]  57.00-58.00  sec  79.6 MBytes   668 Mbits/sec  70860  
[  5]  58.00-59.00  sec  80.9 MBytes   678 Mbits/sec  71970  
[  5]  59.00-60.00  sec  79.3 MBytes   666 Mbits/sec  70630  
- - - - - - - - - - - - - - - - - - - - - - - - -
[ ID] Interval           Transfer     Bitrate         Jitter    Lost/Total Datagrams
[  5]   0.00-60.00  sec  4.55 GBytes   652 Mbits/sec  0.000 ms  0/4150330 (0%)  sender
[  5]   0.00-60.04  sec  4.55 GBytes   651 Mbits/sec  0.012 ms  3848/4150329 (0.093%)  receiver

iperf Done.
