Connecting to host knb-server-72022, port 5201
[  5] local 10.136.173.97 port 35019 connected to 10.43.201.107 port 5201
[ ID] Interval           Transfer     Bitrate         Total Datagrams
[  5]   0.00-1.00   sec  82.0 MBytes   688 Mbits/sec  73000  (omitted)
[  5]   0.00-1.00   sec  78.0 MBytes   654 Mbits/sec  69400  
[  5]   1.00-2.00   sec  80.2 MBytes   673 Mbits/sec  71420  
[  5]   2.00-3.00   sec  80.2 MBytes   673 Mbits/sec  71430  
[  5]   3.00-4.00   sec  79.2 MBytes   664 Mbits/sec  70470  
[  5]   4.00-5.00   sec  79.6 MBytes   668 Mbits/sec  70840  
[  5]   5.00-6.00   sec  79.7 MBytes   668 Mbits/sec  70920  
[  5]   6.00-7.00   sec  79.5 MBytes   667 Mbits/sec  70800  
[  5]   7.00-8.00   sec  79.9 MBytes   671 Mbits/sec  71150  
[  5]   8.00-9.00   sec  79.6 MBytes   668 Mbits/sec  70860  
[  5]   9.00-10.00  sec  80.4 MBytes   675 Mbits/sec  71610  
[  5]  10.00-11.00  sec  78.6 MBytes   660 Mbits/sec  69990  
[  5]  11.00-12.00  sec  80.3 MBytes   674 Mbits/sec  71500  
[  5]  12.00-13.00  sec  80.5 MBytes   676 Mbits/sec  71700  
[  5]  13.00-14.00  sec  80.4 MBytes   674 Mbits/sec  71570  
[  5]  14.00-15.00  sec  79.8 MBytes   669 Mbits/sec  70990  
[  5]  15.00-16.00  sec  77.2 MBytes   647 Mbits/sec  68690  
[  5]  16.00-17.00  sec  79.4 MBytes   666 Mbits/sec  70680  
[  5]  17.00-18.00  sec  80.3 MBytes   674 Mbits/sec  71490  
[  5]  18.00-19.00  sec  79.9 MBytes   670 Mbits/sec  71110  
[  5]  19.00-20.00  sec  79.2 MBytes   664 Mbits/sec  70490  
[  5]  20.00-21.00  sec  67.7 MBytes   568 Mbits/sec  60230  
[  5]  21.00-22.00  sec  62.6 MBytes   525 Mbits/sec  55710  
[  5]  22.00-23.00  sec  62.2 MBytes   522 Mbits/sec  55340  
[  5]  23.00-24.00  sec  64.6 MBytes   542 Mbits/sec  57540  
[  5]  24.00-25.00  sec  64.1 MBytes   538 Mbits/sec  57070  
[  5]  25.00-26.00  sec  63.3 MBytes   531 Mbits/sec  56330  
[  5]  26.00-27.00  sec  66.5 MBytes   558 Mbits/sec  59230  
[  5]  27.00-28.00  sec  65.3 MBytes   548 Mbits/sec  58140  
[  5]  28.00-29.00  sec  66.3 MBytes   556 Mbits/sec  59000  
[  5]  29.00-30.00  sec  66.3 MBytes   556 Mbits/sec  58990  
[  5]  30.00-31.00  sec  65.8 MBytes   552 Mbits/sec  58600  
[  5]  31.00-32.00  sec  81.2 MBytes   681 Mbits/sec  72270  
[  5]  32.00-33.00  sec  80.9 MBytes   678 Mbits/sec  71980  
[  5]  33.00-34.00  sec  80.6 MBytes   676 Mbits/sec  71750  
[  5]  34.00-35.00  sec  80.9 MBytes   678 Mbits/sec  71970  
[  5]  35.00-36.00  sec  80.7 MBytes   677 Mbits/sec  71850  
[  5]  36.00-37.00  sec  80.3 MBytes   674 Mbits/sec  71500  
[  5]  37.00-38.00  sec  82.5 MBytes   692 Mbits/sec  73400  
[  5]  38.00-39.00  sec  80.8 MBytes   678 Mbits/sec  71890  
[  5]  39.00-40.00  sec  80.8 MBytes   678 Mbits/sec  71900  
[  5]  40.00-41.00  sec  79.4 MBytes   666 Mbits/sec  70660  
[  5]  41.00-42.00  sec  80.6 MBytes   676 Mbits/sec  71780  
[  5]  42.00-43.00  sec  80.2 MBytes   673 Mbits/sec  71400  
[  5]  43.00-44.00  sec  79.9 MBytes   670 Mbits/sec  71110  
[  5]  44.00-45.00  sec  80.4 MBytes   675 Mbits/sec  71600  
[  5]  45.00-46.00  sec  80.0 MBytes   671 Mbits/sec  71170  
[  5]  46.00-47.00  sec  79.2 MBytes   664 Mbits/sec  70500  
[  5]  47.00-48.00  sec  80.4 MBytes   674 Mbits/sec  71550  
[  5]  48.00-49.00  sec  80.0 MBytes   671 Mbits/sec  71220  
[  5]  49.00-50.00  sec  80.4 MBytes   674 Mbits/sec  71540  
[  5]  50.00-51.00  sec  78.7 MBytes   660 Mbits/sec  70030  
[  5]  51.00-52.00  sec  74.8 MBytes   628 Mbits/sec  66590  
[  5]  52.00-53.00  sec  69.8 MBytes   586 Mbits/sec  62160  
[  5]  53.00-54.00  sec  79.6 MBytes   668 Mbits/sec  70880  
[  5]  54.00-55.00  sec  80.3 MBytes   673 Mbits/sec  71470  
[  5]  55.00-56.00  sec  80.1 MBytes   672 Mbits/sec  71260  
[  5]  56.00-57.00  sec  80.4 MBytes   675 Mbits/sec  71580  
[  5]  57.00-58.00  sec  80.7 MBytes   677 Mbits/sec  71870  
[  5]  58.00-59.00  sec  79.7 MBytes   669 Mbits/sec  70970  
[  5]  59.00-60.00  sec  80.0 MBytes   671 Mbits/sec  71240  
- - - - - - - - - - - - - - - - - - - - - - - - -
[ ID] Interval           Transfer     Bitrate         Jitter    Lost/Total Datagrams
[  5]   0.00-60.00  sec  4.51 GBytes   646 Mbits/sec  0.000 ms  0/4112380 (0%)  sender
[  5]   0.00-60.04  sec  4.51 GBytes   645 Mbits/sec  0.014 ms  3822/4112379 (0.093%)  receiver

iperf Done.
