Connecting to host 10.136.80.187, port 5201
[  5] local 10.136.173.122 port 41511 connected to 10.136.80.187 port 5201
[ ID] Interval           Transfer     Bitrate         Total Datagrams
[  5]   0.00-1.00   sec  64.9 MBytes   545 Mbits/sec  57800  (omitted)
[  5]   0.00-1.00   sec  59.2 MBytes   496 Mbits/sec  52680  
[  5]   1.00-2.00   sec  51.6 MBytes   433 Mbits/sec  45920  
[  5]   2.00-3.00   sec  58.8 MBytes   493 Mbits/sec  52310  
[  5]   3.00-4.00   sec  59.1 MBytes   496 Mbits/sec  52580  
[  5]   4.00-5.00   sec  57.9 MBytes   486 Mbits/sec  51580  
[  5]   5.00-6.00   sec  47.7 MBytes   400 Mbits/sec  42490  
[  5]   6.00-7.00   sec  61.6 MBytes   517 Mbits/sec  54860  
[  5]   7.00-8.00   sec  53.1 MBytes   446 Mbits/sec  47290  
[  5]   8.00-9.00   sec  55.0 MBytes   462 Mbits/sec  48970  
[  5]   9.00-10.00  sec  49.7 MBytes   417 Mbits/sec  44220  
[  5]  10.00-11.00  sec  55.3 MBytes   464 Mbits/sec  49260  
[  5]  11.00-12.00  sec  58.7 MBytes   493 Mbits/sec  52270  
[  5]  12.00-13.00  sec  59.0 MBytes   495 Mbits/sec  52560  
[  5]  13.00-14.00  sec  55.4 MBytes   464 Mbits/sec  49270  
[  5]  14.00-15.00  sec  55.7 MBytes   468 Mbits/sec  49620  
[  5]  15.00-16.00  sec  65.3 MBytes   548 Mbits/sec  58130  
[  5]  16.00-17.00  sec  59.3 MBytes   498 Mbits/sec  52810  
[  5]  17.00-18.00  sec  57.8 MBytes   485 Mbits/sec  51440  
[  5]  18.00-19.00  sec  59.2 MBytes   496 Mbits/sec  52660  
[  5]  19.00-20.00  sec  59.9 MBytes   503 Mbits/sec  53360  
[  5]  20.00-21.00  sec  58.3 MBytes   489 Mbits/sec  51880  
[  5]  21.00-22.00  sec  58.8 MBytes   493 Mbits/sec  52310  
[  5]  22.00-23.00  sec  55.8 MBytes   468 Mbits/sec  49710  
[  5]  23.00-24.00  sec  59.1 MBytes   496 Mbits/sec  52640  
[  5]  24.00-25.00  sec  56.6 MBytes   475 Mbits/sec  50370  
[  5]  25.00-26.00  sec  54.6 MBytes   458 Mbits/sec  48610  
[  5]  26.00-27.00  sec  57.4 MBytes   482 Mbits/sec  51130  
[  5]  27.00-28.00  sec  52.3 MBytes   439 Mbits/sec  46560  
[  5]  28.00-29.00  sec  59.7 MBytes   501 Mbits/sec  53160  
[  5]  29.00-30.00  sec  60.7 MBytes   509 Mbits/sec  54040  
[  5]  30.00-31.00  sec  51.7 MBytes   434 Mbits/sec  46010  
[  5]  31.00-32.00  sec  50.6 MBytes   425 Mbits/sec  45050  
[  5]  32.00-33.00  sec  58.6 MBytes   492 Mbits/sec  52170  
[  5]  33.00-34.00  sec  54.8 MBytes   459 Mbits/sec  48750  
[  5]  34.00-35.00  sec  57.7 MBytes   484 Mbits/sec  51340  
[  5]  35.00-36.00  sec  51.8 MBytes   434 Mbits/sec  46070  
[  5]  36.00-37.00  sec  50.1 MBytes   420 Mbits/sec  44610  
[  5]  37.00-38.00  sec  51.6 MBytes   433 Mbits/sec  45900  
[  5]  38.00-39.00  sec  46.8 MBytes   392 Mbits/sec  41630  
[  5]  39.00-40.00  sec  45.2 MBytes   379 Mbits/sec  40190  
[  5]  40.00-41.00  sec  58.5 MBytes   491 Mbits/sec  52090  
[  5]  41.00-42.00  sec  57.5 MBytes   483 Mbits/sec  51210  
[  5]  42.00-43.00  sec  56.7 MBytes   476 Mbits/sec  50510  
[  5]  43.00-44.00  sec  45.6 MBytes   382 Mbits/sec  40580  
[  5]  44.00-45.00  sec  52.8 MBytes   443 Mbits/sec  47030  
[  5]  45.00-46.00  sec  64.9 MBytes   545 Mbits/sec  57790  
[  5]  46.00-47.00  sec  54.5 MBytes   457 Mbits/sec  48520  
[  5]  47.00-48.00  sec  54.5 MBytes   457 Mbits/sec  48500  
[  5]  48.00-49.00  sec  56.7 MBytes   476 Mbits/sec  50500  
[  5]  49.00-50.00  sec  44.6 MBytes   374 Mbits/sec  39660  
[  5]  50.00-51.00  sec  65.5 MBytes   549 Mbits/sec  58260  
[  5]  51.00-52.00  sec  57.8 MBytes   485 Mbits/sec  51460  
[  5]  52.00-53.00  sec  59.4 MBytes   498 Mbits/sec  52880  
[  5]  53.00-54.00  sec  54.7 MBytes   459 Mbits/sec  48670  
[  5]  54.00-55.00  sec  55.1 MBytes   462 Mbits/sec  49070  
[  5]  55.00-56.00  sec  52.9 MBytes   443 Mbits/sec  47060  
[  5]  56.00-57.00  sec  43.2 MBytes   363 Mbits/sec  38470  
[  5]  57.00-58.00  sec  44.3 MBytes   372 Mbits/sec  39460  
[  5]  58.00-59.00  sec  50.0 MBytes   419 Mbits/sec  44480  
[  5]  59.00-60.00  sec  42.9 MBytes   360 Mbits/sec  38200  
- - - - - - - - - - - - - - - - - - - - - - - - -
[ ID] Interval           Transfer     Bitrate         Jitter    Lost/Total Datagrams
[  5]   0.00-60.00  sec  3.23 GBytes   462 Mbits/sec  0.000 ms  0/2940810 (0%)  sender
[  5]   0.00-60.05  sec  2.01 GBytes   288 Mbits/sec  0.023 ms  1133921/2940810 (39%)  receiver

iperf Done.
