Connecting to host 10.136.80.142, port 5201
[  5] local 10.136.173.78 port 50374 connected to 10.136.80.142 port 5201
[ ID] Interval           Transfer     Bitrate         Retr  Cwnd
[  5]   0.00-1.00   sec  72.7 MBytes   610 Mbits/sec   11    298 KBytes       (omitted)
[  5]   0.00-1.00   sec  85.7 MBytes   718 Mbits/sec   44    280 KBytes       
[  5]   1.00-2.00   sec  61.5 MBytes   516 Mbits/sec   31    191 KBytes       
[  5]   2.00-3.00   sec  86.1 MBytes   723 Mbits/sec   32    289 KBytes       
[  5]   3.00-4.00   sec  86.6 MBytes   726 Mbits/sec   14    297 KBytes       
[  5]   4.00-5.00   sec  87.6 MBytes   735 Mbits/sec    7    342 KBytes       
[  5]   5.00-6.00   sec  85.0 MBytes   712 Mbits/sec    6    375 KBytes       
[  5]   6.00-7.00   sec  89.7 MBytes   753 Mbits/sec   12    331 KBytes       
[  5]   7.00-8.00   sec  85.7 MBytes   719 Mbits/sec   20    225 KBytes       
[  5]   8.00-9.00   sec  89.8 MBytes   753 Mbits/sec   13    397 KBytes       
[  5]   9.00-10.00  sec  85.6 MBytes   718 Mbits/sec   21    281 KBytes       
[  5]  10.00-11.00  sec  86.8 MBytes   728 Mbits/sec   13    257 KBytes       
[  5]  11.00-12.00  sec  86.1 MBytes   723 Mbits/sec   15    261 KBytes       
[  5]  12.00-13.00  sec  84.5 MBytes   709 Mbits/sec   13    305 KBytes       
[  5]  13.00-14.00  sec  84.5 MBytes   709 Mbits/sec   16    321 KBytes       
[  5]  14.00-15.00  sec  89.8 MBytes   753 Mbits/sec    7    393 KBytes       
[  5]  15.00-16.00  sec  89.5 MBytes   751 Mbits/sec   10    327 KBytes       
[  5]  16.00-17.00  sec  88.2 MBytes   740 Mbits/sec   24    293 KBytes       
[  5]  17.00-18.00  sec  85.1 MBytes   714 Mbits/sec   36    206 KBytes       
[  5]  18.00-19.00  sec  87.9 MBytes   738 Mbits/sec   12    299 KBytes       
[  5]  19.00-20.00  sec  84.2 MBytes   706 Mbits/sec   39    331 KBytes       
[  5]  20.00-21.00  sec  84.7 MBytes   710 Mbits/sec    9    352 KBytes       
[  5]  21.00-22.00  sec  83.8 MBytes   703 Mbits/sec   18    242 KBytes       
[  5]  22.00-23.00  sec  84.1 MBytes   705 Mbits/sec    9    313 KBytes       
[  5]  23.00-24.00  sec  84.6 MBytes   710 Mbits/sec   34    251 KBytes       
[  5]  24.00-25.00  sec  88.5 MBytes   742 Mbits/sec   13    261 KBytes       
[  5]  25.00-26.00  sec  81.0 MBytes   680 Mbits/sec   21    243 KBytes       
[  5]  26.00-27.00  sec  84.8 MBytes   712 Mbits/sec   14    286 KBytes       
[  5]  27.00-28.00  sec  87.4 MBytes   733 Mbits/sec    7    341 KBytes       
[  5]  28.00-29.00  sec  88.5 MBytes   743 Mbits/sec   15    285 KBytes       
[  5]  29.00-30.00  sec  84.6 MBytes   710 Mbits/sec   19    133 KBytes       
[  5]  30.00-31.00  sec  80.9 MBytes   679 Mbits/sec   13    255 KBytes       
[  5]  31.00-32.00  sec  86.6 MBytes   726 Mbits/sec   14    207 KBytes       
[  5]  32.00-33.00  sec  85.1 MBytes   714 Mbits/sec   87    176 KBytes       
[  5]  33.00-34.00  sec  81.2 MBytes   681 Mbits/sec   16    220 KBytes       
[  5]  34.00-35.00  sec  84.2 MBytes   707 Mbits/sec   52    268 KBytes       
[  5]  35.00-36.00  sec  88.4 MBytes   742 Mbits/sec    7    297 KBytes       
[  5]  36.00-37.00  sec  81.9 MBytes   687 Mbits/sec   25    185 KBytes       
[  5]  37.00-38.00  sec  84.2 MBytes   706 Mbits/sec    7    283 KBytes       
[  5]  38.00-39.00  sec  83.2 MBytes   698 Mbits/sec   15    274 KBytes       
[  5]  39.00-40.00  sec  89.2 MBytes   745 Mbits/sec   12    240 KBytes       
[  5]  40.00-41.00  sec  83.4 MBytes   702 Mbits/sec   19    260 KBytes       
[  5]  41.00-42.00  sec  77.7 MBytes   652 Mbits/sec   25    178 KBytes       
[  5]  42.00-43.00  sec  84.9 MBytes   712 Mbits/sec    0    369 KBytes       
[  5]  43.00-44.00  sec  86.1 MBytes   723 Mbits/sec   32    311 KBytes       
[  5]  44.00-45.00  sec  87.6 MBytes   735 Mbits/sec   20    263 KBytes       
[  5]  45.00-46.00  sec  83.2 MBytes   698 Mbits/sec   13    282 KBytes       
[  5]  46.00-47.00  sec  84.3 MBytes   708 Mbits/sec   17    216 KBytes       
[  5]  47.00-48.00  sec  85.1 MBytes   714 Mbits/sec   21    183 KBytes       
[  5]  48.00-49.00  sec  84.0 MBytes   705 Mbits/sec   21    189 KBytes       
[  5]  49.00-50.00  sec  85.1 MBytes   714 Mbits/sec   32    223 KBytes       
[  5]  50.00-51.00  sec  83.8 MBytes   703 Mbits/sec   18    204 KBytes       
[  5]  51.00-52.00  sec  78.6 MBytes   659 Mbits/sec   40    248 KBytes       
[  5]  52.00-53.00  sec  88.2 MBytes   740 Mbits/sec   13    284 KBytes       
[  5]  53.00-54.00  sec  76.7 MBytes   643 Mbits/sec   17    299 KBytes       
[  5]  54.00-55.00  sec  89.2 MBytes   748 Mbits/sec    0    443 KBytes       
[  5]  55.00-56.00  sec  82.3 MBytes   691 Mbits/sec   24    207 KBytes       
[  5]  56.00-57.00  sec  86.8 MBytes   725 Mbits/sec    7    270 KBytes       
[  5]  57.00-58.00  sec  80.0 MBytes   674 Mbits/sec    6    321 KBytes       
[  5]  58.00-59.00  sec  84.9 MBytes   712 Mbits/sec    8    383 KBytes       
[  5]  59.00-60.00  sec  90.0 MBytes   755 Mbits/sec   13    290 KBytes       
- - - - - - - - - - - - - - - - - - - - - - - - -
[ ID] Interval           Transfer     Bitrate         Retr
[  5]   0.00-60.00  sec  4.97 GBytes   711 Mbits/sec  1138             sender
[  5]   0.00-60.03  sec  4.97 GBytes   711 Mbits/sec                  receiver

iperf Done.
