Connecting to host 10.136.80.140, port 5201
[  5] local 10.136.173.76 port 57846 connected to 10.136.80.140 port 5201
[ ID] Interval           Transfer     Bitrate         Total Datagrams
[  5]   0.00-1.00   sec  53.4 MBytes   448 Mbits/sec  47560  (omitted)
[  5]   0.00-1.00   sec  54.4 MBytes   456 Mbits/sec  48410  
[  5]   1.00-2.00   sec  50.9 MBytes   427 Mbits/sec  45320  
[  5]   2.00-3.00   sec  58.5 MBytes   491 Mbits/sec  52110  
[  5]   3.00-4.00   sec  57.0 MBytes   478 Mbits/sec  50740  
[  5]   4.00-5.00   sec  51.8 MBytes   434 Mbits/sec  46090  
[  5]   5.00-6.00   sec  52.7 MBytes   442 Mbits/sec  46950  
[  5]   6.00-7.00   sec  54.9 MBytes   460 Mbits/sec  48830  
[  5]   7.00-8.00   sec  52.1 MBytes   437 Mbits/sec  46350  
[  5]   8.00-9.00   sec  50.4 MBytes   423 Mbits/sec  44900  
[  5]   9.00-10.00  sec  52.8 MBytes   443 Mbits/sec  47040  
[  5]  10.00-11.00  sec  57.4 MBytes   481 Mbits/sec  51070  
[  5]  11.00-12.00  sec  56.5 MBytes   474 Mbits/sec  50300  
[  5]  12.00-13.00  sec  54.9 MBytes   461 Mbits/sec  48870  
[  5]  13.00-14.00  sec  54.1 MBytes   454 Mbits/sec  48130  
[  5]  14.00-15.00  sec  57.3 MBytes   480 Mbits/sec  50970  
[  5]  15.00-16.00  sec  49.4 MBytes   414 Mbits/sec  43970  
[  5]  16.00-17.00  sec  51.8 MBytes   435 Mbits/sec  46130  
[  5]  17.00-18.00  sec  55.3 MBytes   464 Mbits/sec  49220  
[  5]  18.00-19.00  sec  55.7 MBytes   468 Mbits/sec  49620  
[  5]  19.00-20.00  sec  54.9 MBytes   460 Mbits/sec  48860  
[  5]  20.00-21.00  sec  54.4 MBytes   457 Mbits/sec  48440  
[  5]  21.00-22.00  sec  58.8 MBytes   493 Mbits/sec  52340  
[  5]  22.00-23.00  sec  52.0 MBytes   436 Mbits/sec  46310  
[  5]  23.00-24.00  sec  49.0 MBytes   411 Mbits/sec  43600  
[  5]  24.00-25.00  sec  55.3 MBytes   464 Mbits/sec  49210  
[  5]  25.00-26.00  sec  52.9 MBytes   444 Mbits/sec  47100  
[  5]  26.00-27.00  sec  60.2 MBytes   505 Mbits/sec  53610  
[  5]  27.00-28.00  sec  50.3 MBytes   422 Mbits/sec  44770  
[  5]  28.00-29.00  sec  56.8 MBytes   477 Mbits/sec  50570  
[  5]  29.00-30.00  sec  52.1 MBytes   437 Mbits/sec  46340  
[  5]  30.00-31.00  sec  56.3 MBytes   473 Mbits/sec  50140  
[  5]  31.00-32.00  sec  59.6 MBytes   500 Mbits/sec  53080  
[  5]  32.00-33.00  sec  52.3 MBytes   438 Mbits/sec  46510  
[  5]  33.00-34.00  sec  55.4 MBytes   464 Mbits/sec  49280  
[  5]  34.00-35.00  sec  56.1 MBytes   471 Mbits/sec  49940  
[  5]  35.00-36.00  sec  54.0 MBytes   453 Mbits/sec  48060  
[  5]  36.00-37.00  sec  49.9 MBytes   419 Mbits/sec  44460  
[  5]  37.00-38.00  sec  52.6 MBytes   441 Mbits/sec  46790  
[  5]  38.00-39.00  sec  56.3 MBytes   472 Mbits/sec  50110  
[  5]  39.00-40.00  sec  54.4 MBytes   456 Mbits/sec  48390  
[  5]  40.00-41.00  sec  51.6 MBytes   433 Mbits/sec  45910  
[  5]  41.00-42.00  sec  56.0 MBytes   470 Mbits/sec  49880  
[  5]  42.00-43.00  sec  55.3 MBytes   463 Mbits/sec  49180  
[  5]  43.00-44.00  sec  55.8 MBytes   469 Mbits/sec  49710  
[  5]  44.00-45.00  sec  48.9 MBytes   410 Mbits/sec  43510  
[  5]  45.00-46.00  sec  58.5 MBytes   491 Mbits/sec  52100  
[  5]  46.00-47.00  sec  53.7 MBytes   450 Mbits/sec  47760  
[  5]  47.00-48.00  sec  54.8 MBytes   460 Mbits/sec  48770  
[  5]  48.00-49.00  sec  53.3 MBytes   447 Mbits/sec  47460  
[  5]  49.00-50.00  sec  56.1 MBytes   471 Mbits/sec  49950  
[  5]  50.00-51.00  sec  53.2 MBytes   446 Mbits/sec  47320  
[  5]  51.00-52.00  sec  51.7 MBytes   434 Mbits/sec  46010  
[  5]  52.00-53.00  sec  52.0 MBytes   436 Mbits/sec  46310  
[  5]  53.00-54.00  sec  55.9 MBytes   469 Mbits/sec  49720  
[  5]  54.00-55.00  sec  52.5 MBytes   441 Mbits/sec  46750  
[  5]  55.00-56.00  sec  51.5 MBytes   432 Mbits/sec  45860  
[  5]  56.00-57.00  sec  52.9 MBytes   444 Mbits/sec  47100  
[  5]  57.00-58.00  sec  55.8 MBytes   468 Mbits/sec  49690  
[  5]  58.00-59.00  sec  64.3 MBytes   539 Mbits/sec  57240  
[  5]  59.00-60.00  sec  59.6 MBytes   500 Mbits/sec  53010  
- - - - - - - - - - - - - - - - - - - - - - - - -
[ ID] Interval           Transfer     Bitrate         Jitter    Lost/Total Datagrams
[  5]   0.00-60.00  sec  3.19 GBytes   456 Mbits/sec  0.000 ms  0/2906170 (0%)  sender
[  5]   0.00-60.30  sec  1.69 GBytes   241 Mbits/sec  0.009 ms  1376661/2905612 (47%)  receiver

iperf Done.
