Connecting to host 10.136.80.152, port 5201
[  5] local 10.136.173.80 port 33773 connected to 10.136.80.152 port 5201
[ ID] Interval           Transfer     Bitrate         Total Datagrams
[  5]   0.00-1.00   sec  96.8 MBytes   812 Mbits/sec  72610  (omitted)
[  5]   0.00-1.00   sec  94.1 MBytes   789 Mbits/sec  70550  
[  5]   1.00-2.00   sec  93.8 MBytes   787 Mbits/sec  70390  
[  5]   2.00-3.00   sec  93.8 MBytes   787 Mbits/sec  70350  
[  5]   3.00-4.00   sec  93.9 MBytes   788 Mbits/sec  70450  
[  5]   4.00-5.00   sec  92.4 MBytes   775 Mbits/sec  69300  
[  5]   5.00-6.00   sec  94.7 MBytes   794 Mbits/sec  71000  
[  5]   6.00-7.00   sec  78.7 MBytes   660 Mbits/sec  59040  
[  5]   7.00-8.00   sec  77.5 MBytes   650 Mbits/sec  58140  
[  5]   8.00-9.00   sec  80.4 MBytes   674 Mbits/sec  60290  
[  5]   9.00-10.00  sec  80.7 MBytes   677 Mbits/sec  60500  
[  5]  10.00-11.00  sec  80.0 MBytes   671 Mbits/sec  59970  
[  5]  11.00-12.00  sec  80.5 MBytes   675 Mbits/sec  60390  
[  5]  12.00-13.00  sec  80.2 MBytes   673 Mbits/sec  60140  
[  5]  13.00-14.00  sec  78.8 MBytes   661 Mbits/sec  59070  
[  5]  14.00-15.00  sec  82.3 MBytes   690 Mbits/sec  61710  
[  5]  15.00-16.00  sec  83.2 MBytes   698 Mbits/sec  62440  
[  5]  16.00-17.00  sec  79.7 MBytes   669 Mbits/sec  59790  
[  5]  17.00-18.00  sec  78.5 MBytes   659 Mbits/sec  58910  
[  5]  18.00-19.00  sec  80.3 MBytes   674 Mbits/sec  60250  
[  5]  19.00-20.00  sec  80.8 MBytes   677 Mbits/sec  60570  
[  5]  20.00-21.00  sec  81.2 MBytes   682 Mbits/sec  60940  
[  5]  21.00-22.00  sec  81.1 MBytes   680 Mbits/sec  60850  
[  5]  22.00-23.00  sec  92.2 MBytes   773 Mbits/sec  69150  
[  5]  23.00-24.00  sec  94.0 MBytes   789 Mbits/sec  70520  
[  5]  24.00-25.00  sec  94.1 MBytes   790 Mbits/sec  70600  
[  5]  25.00-26.00  sec  96.6 MBytes   810 Mbits/sec  72470  
[  5]  26.00-27.00  sec  94.0 MBytes   789 Mbits/sec  70510  
[  5]  27.00-28.00  sec  93.5 MBytes   784 Mbits/sec  70100  
[  5]  28.00-29.00  sec  94.3 MBytes   791 Mbits/sec  70720  
[  5]  29.00-30.00  sec  94.4 MBytes   792 Mbits/sec  70770  
[  5]  30.00-31.00  sec  93.8 MBytes   787 Mbits/sec  70350  
[  5]  31.00-32.00  sec  93.9 MBytes   788 Mbits/sec  70450  
[  5]  32.00-33.00  sec  94.5 MBytes   793 Mbits/sec  70860  
[  5]  33.00-34.00  sec  94.2 MBytes   790 Mbits/sec  70670  
[  5]  34.00-35.00  sec  94.6 MBytes   793 Mbits/sec  70950  
[  5]  35.00-36.00  sec  98.4 MBytes   825 Mbits/sec  73790  
[  5]  36.00-37.00  sec  93.2 MBytes   782 Mbits/sec  69920  
[  5]  37.00-38.00  sec  92.4 MBytes   775 Mbits/sec  69330  
[  5]  38.00-39.00  sec  93.6 MBytes   785 Mbits/sec  70210  
[  5]  39.00-40.00  sec  94.1 MBytes   789 Mbits/sec  70570  
[  5]  40.00-41.00  sec  93.7 MBytes   786 Mbits/sec  70290  
[  5]  41.00-42.00  sec  94.0 MBytes   789 Mbits/sec  70520  
[  5]  42.00-43.00  sec  94.2 MBytes   791 Mbits/sec  70680  
[  5]  43.00-44.00  sec  94.3 MBytes   791 Mbits/sec  70750  
[  5]  44.00-45.00  sec  93.7 MBytes   786 Mbits/sec  70270  
[  5]  45.00-46.00  sec  96.8 MBytes   812 Mbits/sec  72590  
[  5]  46.00-47.00  sec  94.9 MBytes   796 Mbits/sec  71190  
[  5]  47.00-48.00  sec  93.5 MBytes   784 Mbits/sec  70100  
[  5]  48.00-49.00  sec  93.4 MBytes   783 Mbits/sec  70020  
[  5]  49.00-50.00  sec  93.9 MBytes   787 Mbits/sec  70410  
[  5]  50.00-51.00  sec  93.9 MBytes   788 Mbits/sec  70450  
[  5]  51.00-52.00  sec  94.0 MBytes   789 Mbits/sec  70520  
[  5]  52.00-53.00  sec  94.3 MBytes   791 Mbits/sec  70720  
[  5]  53.00-54.00  sec  94.2 MBytes   790 Mbits/sec  70650  
[  5]  54.00-55.00  sec  93.4 MBytes   783 Mbits/sec  70030  
[  5]  55.00-56.00  sec  95.3 MBytes   800 Mbits/sec  71500  
[  5]  56.00-57.00  sec  92.6 MBytes   777 Mbits/sec  69490  
[  5]  57.00-58.00  sec  88.5 MBytes   742 Mbits/sec  66380  
[  5]  58.00-59.00  sec  83.7 MBytes   702 Mbits/sec  62750  
[  5]  59.00-60.00  sec  94.7 MBytes   795 Mbits/sec  71030  
- - - - - - - - - - - - - - - - - - - - - - - - -
[ ID] Interval           Transfer     Bitrate         Jitter    Lost/Total Datagrams
[  5]   0.00-60.00  sec  5.28 GBytes   756 Mbits/sec  0.000 ms  0/4057320 (0%)  sender
[  5]   0.00-60.04  sec  5.29 GBytes   756 Mbits/sec  0.007 ms  1005/4057320 (0.025%)  receiver

iperf Done.
