Connecting to host knb-server-110038, port 5201
[  5] local 10.136.173.65 port 50159 connected to 10.43.20.102 port 5201
[ ID] Interval           Transfer     Bitrate         Total Datagrams
[  5]   0.00-1.00   sec  67.7 MBytes   568 Mbits/sec  60260  (omitted)
[  5]   0.00-1.00   sec  67.5 MBytes   566 Mbits/sec  60080  
[  5]   1.00-2.00   sec  70.7 MBytes   593 Mbits/sec  62890  
[  5]   2.00-3.00   sec  71.0 MBytes   595 Mbits/sec  63180  
[  5]   3.00-4.00   sec  71.0 MBytes   596 Mbits/sec  63200  
[  5]   4.00-5.00   sec  69.5 MBytes   583 Mbits/sec  61900  
[  5]   5.00-6.00   sec  71.5 MBytes   600 Mbits/sec  63640  
[  5]   6.00-7.00   sec  69.1 MBytes   580 Mbits/sec  61550  
[  5]   7.00-8.00   sec  70.6 MBytes   592 Mbits/sec  62810  
[  5]   8.00-9.00   sec  72.4 MBytes   607 Mbits/sec  64450  
[  5]   9.00-10.00  sec  71.1 MBytes   596 Mbits/sec  63260  
[  5]  10.00-11.00  sec  70.7 MBytes   593 Mbits/sec  62900  
[  5]  11.00-12.00  sec  71.3 MBytes   598 Mbits/sec  63500  
[  5]  12.00-13.00  sec  70.6 MBytes   592 Mbits/sec  62850  
[  5]  13.00-14.00  sec  56.9 MBytes   477 Mbits/sec  50660  
[  5]  14.00-15.00  sec  69.5 MBytes   583 Mbits/sec  61900  
[  5]  15.00-16.00  sec  72.0 MBytes   604 Mbits/sec  64110  
[  5]  16.00-17.00  sec  66.1 MBytes   555 Mbits/sec  58850  
[  5]  17.00-18.00  sec  57.9 MBytes   486 Mbits/sec  51580  
[  5]  18.00-19.00  sec  63.5 MBytes   533 Mbits/sec  56520  
[  5]  19.00-20.00  sec  67.7 MBytes   568 Mbits/sec  60280  
[  5]  20.00-21.00  sec  71.1 MBytes   596 Mbits/sec  63260  
[  5]  21.00-22.00  sec  71.0 MBytes   595 Mbits/sec  63170  
[  5]  22.00-23.00  sec  71.0 MBytes   596 Mbits/sec  63230  
[  5]  23.00-24.00  sec  72.4 MBytes   607 Mbits/sec  64460  
[  5]  24.00-25.00  sec  72.1 MBytes   605 Mbits/sec  64140  
[  5]  25.00-26.00  sec  67.1 MBytes   562 Mbits/sec  59690  
[  5]  26.00-27.00  sec  62.9 MBytes   528 Mbits/sec  56000  
[  5]  27.00-28.00  sec  71.3 MBytes   598 Mbits/sec  63480  
[  5]  28.00-29.00  sec  69.9 MBytes   586 Mbits/sec  62210  
[  5]  29.00-30.00  sec  69.2 MBytes   581 Mbits/sec  61600  
[  5]  30.00-31.00  sec  69.3 MBytes   581 Mbits/sec  61680  
[  5]  31.00-32.00  sec  70.5 MBytes   592 Mbits/sec  62770  
[  5]  32.00-33.00  sec  70.9 MBytes   595 Mbits/sec  63140  
[  5]  33.00-34.00  sec  71.2 MBytes   597 Mbits/sec  63380  
[  5]  34.00-35.00  sec  61.3 MBytes   514 Mbits/sec  54560  
[  5]  35.00-36.00  sec  70.9 MBytes   595 Mbits/sec  63100  
[  5]  36.00-37.00  sec  72.1 MBytes   605 Mbits/sec  64210  
[  5]  37.00-38.00  sec  71.4 MBytes   599 Mbits/sec  63580  
[  5]  38.00-39.00  sec  53.9 MBytes   452 Mbits/sec  48010  
[  5]  39.00-40.00  sec  53.4 MBytes   448 Mbits/sec  47570  
[  5]  40.00-41.00  sec  74.4 MBytes   625 Mbits/sec  66270  
[  5]  41.00-42.00  sec  71.0 MBytes   596 Mbits/sec  63230  
[  5]  42.00-43.00  sec  71.4 MBytes   599 Mbits/sec  63550  
[  5]  43.00-44.00  sec  71.4 MBytes   599 Mbits/sec  63520  
[  5]  44.00-45.00  sec  71.3 MBytes   598 Mbits/sec  63480  
[  5]  45.00-46.00  sec  72.3 MBytes   607 Mbits/sec  64400  
[  5]  46.00-47.00  sec  72.5 MBytes   608 Mbits/sec  64530  
[  5]  47.00-48.00  sec  72.1 MBytes   605 Mbits/sec  64170  
[  5]  48.00-49.00  sec  72.2 MBytes   606 Mbits/sec  64260  
[  5]  49.00-50.00  sec  71.0 MBytes   596 Mbits/sec  63240  
[  5]  50.00-51.00  sec  69.4 MBytes   582 Mbits/sec  61810  
[  5]  51.00-52.00  sec  73.0 MBytes   612 Mbits/sec  64950  
[  5]  52.00-53.00  sec  71.2 MBytes   597 Mbits/sec  63380  
[  5]  53.00-54.00  sec  71.2 MBytes   597 Mbits/sec  63390  
[  5]  54.00-55.00  sec  66.9 MBytes   561 Mbits/sec  59530  
[  5]  55.00-56.00  sec  70.0 MBytes   587 Mbits/sec  62280  
[  5]  56.00-57.00  sec  70.4 MBytes   590 Mbits/sec  62640  
[  5]  57.00-58.00  sec  70.7 MBytes   593 Mbits/sec  62950  
[  5]  58.00-59.00  sec  70.7 MBytes   593 Mbits/sec  62960  
[  5]  59.00-60.00  sec  70.1 MBytes   588 Mbits/sec  62400  
- - - - - - - - - - - - - - - - - - - - - - - - -
[ ID] Interval           Transfer     Bitrate         Jitter    Lost/Total Datagrams
[  5]   0.00-60.00  sec  4.06 GBytes   581 Mbits/sec  0.000 ms  0/3700290 (0%)  sender
[  5]   0.00-60.09  sec  1.74 GBytes   249 Mbits/sec  0.008 ms  2146203/3700290 (58%)  receiver

iperf Done.
