Connecting to host 10.136.80.160, port 5201
[  5] local 10.136.173.97 port 51759 connected to 10.136.80.160 port 5201
[ ID] Interval           Transfer     Bitrate         Total Datagrams
[  5]   0.00-1.00   sec  60.0 MBytes   503 Mbits/sec  53370  (omitted)
[  5]   0.00-1.00   sec  51.4 MBytes   431 Mbits/sec  45710  
[  5]   1.00-2.00   sec  67.3 MBytes   565 Mbits/sec  59910  
[  5]   2.00-3.00   sec  61.2 MBytes   513 Mbits/sec  54460  
[  5]   3.00-4.00   sec  67.6 MBytes   567 Mbits/sec  60180  
[  5]   4.00-5.00   sec  61.6 MBytes   516 Mbits/sec  54790  
[  5]   5.00-6.00   sec  62.9 MBytes   527 Mbits/sec  55950  
[  5]   6.00-7.00   sec  66.3 MBytes   556 Mbits/sec  58990  
[  5]   7.00-8.00   sec  63.3 MBytes   531 Mbits/sec  56330  
[  5]   8.00-9.00   sec  66.4 MBytes   557 Mbits/sec  59070  
[  5]   9.00-10.00  sec  60.7 MBytes   509 Mbits/sec  54050  
[  5]  10.00-11.00  sec  68.1 MBytes   572 Mbits/sec  60660  
[  5]  11.00-12.00  sec  67.7 MBytes   568 Mbits/sec  60230  
[  5]  12.00-13.00  sec  61.5 MBytes   516 Mbits/sec  54720  
[  5]  13.00-14.00  sec  63.9 MBytes   536 Mbits/sec  56890  
[  5]  14.00-15.00  sec  58.2 MBytes   488 Mbits/sec  51840  
[  5]  15.00-16.00  sec  64.2 MBytes   539 Mbits/sec  57160  
[  5]  16.00-17.00  sec  57.8 MBytes   485 Mbits/sec  51460  
[  5]  17.00-18.00  sec  59.0 MBytes   495 Mbits/sec  52550  
[  5]  18.00-19.00  sec  63.0 MBytes   529 Mbits/sec  56110  
[  5]  19.00-20.00  sec  62.4 MBytes   523 Mbits/sec  55530  
[  5]  20.00-21.00  sec  63.7 MBytes   534 Mbits/sec  56710  
[  5]  21.00-22.00  sec  63.6 MBytes   534 Mbits/sec  56620  
[  5]  22.00-23.00  sec  63.7 MBytes   535 Mbits/sec  56740  
[  5]  23.00-24.00  sec  62.0 MBytes   521 Mbits/sec  55230  
[  5]  24.00-25.00  sec  61.9 MBytes   519 Mbits/sec  55130  
[  5]  25.00-26.00  sec  63.0 MBytes   528 Mbits/sec  56080  
[  5]  26.00-27.00  sec  65.3 MBytes   548 Mbits/sec  58100  
[  5]  27.00-28.00  sec  66.8 MBytes   561 Mbits/sec  59480  
[  5]  28.00-29.00  sec  68.1 MBytes   572 Mbits/sec  60660  
[  5]  29.00-30.00  sec  66.0 MBytes   554 Mbits/sec  58790  
[  5]  30.00-31.00  sec  65.6 MBytes   551 Mbits/sec  58420  
[  5]  31.00-32.00  sec  62.9 MBytes   528 Mbits/sec  56010  
[  5]  32.00-33.00  sec  63.3 MBytes   531 Mbits/sec  56320  
[  5]  33.00-34.00  sec  66.1 MBytes   555 Mbits/sec  58870  
[  5]  34.00-35.00  sec  49.3 MBytes   414 Mbits/sec  43890  
[  5]  35.00-36.00  sec  49.9 MBytes   418 Mbits/sec  44400  
[  5]  36.00-37.00  sec  65.7 MBytes   551 Mbits/sec  58450  
[  5]  37.00-38.00  sec  64.9 MBytes   544 Mbits/sec  57740  
[  5]  38.00-39.00  sec  64.8 MBytes   544 Mbits/sec  57680  
[  5]  39.00-40.00  sec  65.4 MBytes   548 Mbits/sec  58180  
[  5]  40.00-41.00  sec  63.5 MBytes   533 Mbits/sec  56540  
[  5]  41.00-42.00  sec  62.5 MBytes   524 Mbits/sec  55630  
[  5]  42.00-43.00  sec  62.8 MBytes   527 Mbits/sec  55910  
[  5]  43.00-44.00  sec  64.7 MBytes   542 Mbits/sec  57550  
[  5]  44.00-45.00  sec  63.7 MBytes   534 Mbits/sec  56660  
[  5]  45.00-46.00  sec  60.3 MBytes   506 Mbits/sec  53670  
[  5]  46.00-47.00  sec  61.3 MBytes   514 Mbits/sec  54560  
[  5]  47.00-48.00  sec  61.9 MBytes   520 Mbits/sec  55140  
[  5]  48.00-49.00  sec  68.6 MBytes   575 Mbits/sec  61030  
[  5]  49.00-50.00  sec  62.3 MBytes   523 Mbits/sec  55490  
[  5]  50.00-51.00  sec  64.0 MBytes   537 Mbits/sec  57010  
[  5]  51.00-52.00  sec  63.1 MBytes   529 Mbits/sec  56130  
[  5]  52.00-53.00  sec  58.0 MBytes   487 Mbits/sec  51660  
[  5]  53.00-54.00  sec  51.5 MBytes   432 Mbits/sec  45840  
[  5]  54.00-55.00  sec  64.8 MBytes   544 Mbits/sec  57720  
[  5]  55.00-56.00  sec  62.6 MBytes   525 Mbits/sec  55680  
[  5]  56.00-57.00  sec  70.6 MBytes   592 Mbits/sec  62820  
[  5]  57.00-58.00  sec  65.0 MBytes   545 Mbits/sec  57840  
[  5]  58.00-59.00  sec  68.7 MBytes   576 Mbits/sec  61160  
[  5]  59.00-60.00  sec  62.5 MBytes   524 Mbits/sec  55640  
- - - - - - - - - - - - - - - - - - - - - - - - -
[ ID] Interval           Transfer     Bitrate         Jitter    Lost/Total Datagrams
[  5]   0.00-60.00  sec  3.69 GBytes   528 Mbits/sec  0.000 ms  0/3363770 (0%)  sender
[  5]   0.00-60.04  sec  3.61 GBytes   516 Mbits/sec  0.018 ms  77695/3363770 (2.3%)  receiver

iperf Done.
