Connecting to host 10.136.80.133, port 5201
[  5] local 10.136.173.108 port 54998 connected to 10.136.80.133 port 5201
[ ID] Interval           Transfer     Bitrate         Total Datagrams
[  5]   0.00-1.00   sec  96.1 MBytes   806 Mbits/sec  72090  (omitted)
[  5]   0.00-1.00   sec  96.3 MBytes   808 Mbits/sec  72220  
[  5]   1.00-2.00   sec  98.6 MBytes   827 Mbits/sec  73960  
[  5]   2.00-3.00   sec  97.7 MBytes   819 Mbits/sec  73270  
[  5]   3.00-4.00   sec  98.5 MBytes   826 Mbits/sec  73880  
[  5]   4.00-5.00   sec  97.9 MBytes   821 Mbits/sec  73440  
[  5]   5.00-6.00   sec  98.5 MBytes   826 Mbits/sec  73890  
[  5]   6.00-7.00   sec  98.6 MBytes   827 Mbits/sec  73940  
[  5]   7.00-8.00   sec  97.8 MBytes   820 Mbits/sec  73360  
[  5]   8.00-9.00   sec  98.9 MBytes   829 Mbits/sec  74150  
[  5]   9.00-10.00  sec  97.1 MBytes   815 Mbits/sec  72860  
[  5]  10.00-11.00  sec  98.5 MBytes   826 Mbits/sec  73860  
[  5]  11.00-12.00  sec  98.3 MBytes   824 Mbits/sec  73720  
[  5]  12.00-13.00  sec  98.2 MBytes   824 Mbits/sec  73690  
[  5]  13.00-14.00  sec  98.5 MBytes   827 Mbits/sec  73910  
[  5]  14.00-15.00  sec  97.7 MBytes   820 Mbits/sec  73300  
[  5]  15.00-16.00  sec  97.3 MBytes   817 Mbits/sec  73010  
[  5]  16.00-17.00  sec  97.8 MBytes   820 Mbits/sec  73320  
[  5]  17.00-18.00  sec  97.6 MBytes   819 Mbits/sec  73220  
[  5]  18.00-19.00  sec  96.8 MBytes   812 Mbits/sec  72570  
[  5]  19.00-20.00  sec  96.8 MBytes   812 Mbits/sec  72620  
[  5]  20.00-21.00  sec  97.9 MBytes   821 Mbits/sec  73450  
[  5]  21.00-22.00  sec  98.2 MBytes   824 Mbits/sec  73640  
[  5]  22.00-23.00  sec  98.7 MBytes   828 Mbits/sec  74020  
[  5]  23.00-24.00  sec  98.5 MBytes   826 Mbits/sec  73860  
[  5]  24.00-25.00  sec  99.8 MBytes   837 Mbits/sec  74830  
[  5]  25.00-26.00  sec  99.2 MBytes   832 Mbits/sec  74390  
[  5]  26.00-27.00  sec  98.8 MBytes   829 Mbits/sec  74110  
[  5]  27.00-28.00  sec  98.3 MBytes   824 Mbits/sec  73710  
[  5]  28.00-29.00  sec   100 MBytes   841 Mbits/sec  75230  
[  5]  29.00-30.00  sec  96.3 MBytes   808 Mbits/sec  72250  
[  5]  30.00-31.00  sec  95.0 MBytes   797 Mbits/sec  71230  
[  5]  31.00-32.00  sec  96.7 MBytes   811 Mbits/sec  72500  
[  5]  32.00-33.00  sec  97.4 MBytes   817 Mbits/sec  73030  
[  5]  33.00-34.00  sec  97.4 MBytes   817 Mbits/sec  73030  
[  5]  34.00-35.00  sec  96.3 MBytes   808 Mbits/sec  72230  
[  5]  35.00-36.00  sec  96.4 MBytes   809 Mbits/sec  72340  
[  5]  36.00-37.00  sec  96.2 MBytes   807 Mbits/sec  72160  
[  5]  37.00-38.00  sec  96.2 MBytes   807 Mbits/sec  72160  
[  5]  38.00-39.00  sec  96.6 MBytes   811 Mbits/sec  72490  
[  5]  39.00-40.00  sec  95.4 MBytes   800 Mbits/sec  71560  
[  5]  40.00-41.00  sec  95.6 MBytes   802 Mbits/sec  71700  
[  5]  41.00-42.00  sec  96.6 MBytes   810 Mbits/sec  72440  
[  5]  42.00-43.00  sec  97.2 MBytes   816 Mbits/sec  72920  
[  5]  43.00-44.00  sec  96.8 MBytes   812 Mbits/sec  72600  
[  5]  44.00-45.00  sec  97.6 MBytes   818 Mbits/sec  73170  
[  5]  45.00-46.00  sec  97.3 MBytes   816 Mbits/sec  72990  
[  5]  46.00-47.00  sec  97.0 MBytes   813 Mbits/sec  72730  
[  5]  47.00-48.00  sec  97.7 MBytes   820 Mbits/sec  73310  
[  5]  48.00-49.00  sec  98.3 MBytes   825 Mbits/sec  73750  
[  5]  49.00-50.00  sec  98.4 MBytes   826 Mbits/sec  73830  
[  5]  50.00-51.00  sec  97.2 MBytes   815 Mbits/sec  72910  
[  5]  51.00-52.00  sec  96.7 MBytes   811 Mbits/sec  72550  
[  5]  52.00-53.00  sec  96.2 MBytes   807 Mbits/sec  72160  
[  5]  53.00-54.00  sec  97.1 MBytes   814 Mbits/sec  72810  
[  5]  54.00-55.00  sec  97.5 MBytes   818 Mbits/sec  73140  
[  5]  55.00-56.00  sec  97.4 MBytes   818 Mbits/sec  73090  
[  5]  56.00-57.00  sec  98.8 MBytes   829 Mbits/sec  74130  
[  5]  57.00-58.00  sec  97.3 MBytes   817 Mbits/sec  73010  
[  5]  58.00-59.00  sec  97.9 MBytes   821 Mbits/sec  73440  
[  5]  59.00-60.00  sec  99.3 MBytes   833 Mbits/sec  74490  
- - - - - - - - - - - - - - - - - - - - - - - - -
[ ID] Interval           Transfer     Bitrate         Jitter    Lost/Total Datagrams
[  5]   0.00-60.00  sec  5.72 GBytes   819 Mbits/sec  0.000 ms  0/4391580 (0%)  sender
[  5]   0.00-60.98  sec   320 MBytes  44.1 Mbits/sec  0.031 ms  4210127/4381348 (96%)  receiver

iperf Done.
