Connecting to host knb-server-353784, port 5201
[  5] local 10.136.173.91 port 35756 connected to 10.43.253.220 port 5201
[ ID] Interval           Transfer     Bitrate         Total Datagrams
[  5]   0.00-1.00   sec  71.0 MBytes   596 Mbits/sec  63220  (omitted)
[  5]   0.00-1.00   sec  76.1 MBytes   639 Mbits/sec  67760  
[  5]   1.00-2.00   sec  75.9 MBytes   637 Mbits/sec  67600  
[  5]   2.00-3.00   sec  75.7 MBytes   635 Mbits/sec  67410  
[  5]   3.00-4.00   sec  76.7 MBytes   644 Mbits/sec  68290  
[  5]   4.00-5.00   sec  76.6 MBytes   642 Mbits/sec  68150  
[  5]   5.00-6.00   sec  75.9 MBytes   636 Mbits/sec  67520  
[  5]   6.00-7.00   sec  76.3 MBytes   640 Mbits/sec  67930  
[  5]   7.00-8.00   sec  76.4 MBytes   641 Mbits/sec  67980  
[  5]   8.00-9.00   sec  75.1 MBytes   630 Mbits/sec  66830  
[  5]   9.00-10.00  sec  76.2 MBytes   639 Mbits/sec  67810  
[  5]  10.00-11.00  sec  75.9 MBytes   636 Mbits/sec  67530  
[  5]  11.00-12.00  sec  77.0 MBytes   646 Mbits/sec  68570  
[  5]  12.00-13.00  sec  76.3 MBytes   640 Mbits/sec  67890  
[  5]  13.00-14.00  sec  76.6 MBytes   643 Mbits/sec  68210  
[  5]  14.00-15.00  sec  76.3 MBytes   640 Mbits/sec  67940  
[  5]  15.00-16.00  sec  76.0 MBytes   638 Mbits/sec  67660  
[  5]  16.00-17.00  sec  76.2 MBytes   639 Mbits/sec  67830  
[  5]  17.00-18.00  sec  76.4 MBytes   641 Mbits/sec  68010  
[  5]  18.00-19.00  sec  75.8 MBytes   636 Mbits/sec  67470  
[  5]  19.00-20.00  sec  75.3 MBytes   632 Mbits/sec  67070  
[  5]  20.00-21.00  sec  75.8 MBytes   636 Mbits/sec  67500  
[  5]  21.00-22.00  sec  76.3 MBytes   640 Mbits/sec  67880  
[  5]  22.00-23.00  sec  75.8 MBytes   636 Mbits/sec  67490  
[  5]  23.00-24.00  sec  76.1 MBytes   639 Mbits/sec  67760  
[  5]  24.00-25.00  sec  76.1 MBytes   639 Mbits/sec  67780  
[  5]  25.00-26.00  sec  76.3 MBytes   640 Mbits/sec  67890  
[  5]  26.00-27.00  sec  77.0 MBytes   646 Mbits/sec  68540  
[  5]  27.00-28.00  sec  76.0 MBytes   638 Mbits/sec  67690  
[  5]  28.00-29.00  sec  75.2 MBytes   631 Mbits/sec  66930  
[  5]  29.00-30.00  sec  75.7 MBytes   635 Mbits/sec  67380  
[  5]  30.00-31.00  sec  76.2 MBytes   639 Mbits/sec  67860  
[  5]  31.00-32.00  sec  75.9 MBytes   637 Mbits/sec  67600  
[  5]  32.00-33.00  sec  76.4 MBytes   641 Mbits/sec  68000  
[  5]  33.00-34.00  sec  75.8 MBytes   636 Mbits/sec  67440  
[  5]  34.00-35.00  sec  76.6 MBytes   642 Mbits/sec  68160  
[  5]  35.00-36.00  sec  76.9 MBytes   645 Mbits/sec  68420  
[  5]  36.00-37.00  sec  76.7 MBytes   644 Mbits/sec  68280  
[  5]  37.00-38.00  sec  76.4 MBytes   641 Mbits/sec  68050  
[  5]  38.00-39.00  sec  74.3 MBytes   623 Mbits/sec  66110  
[  5]  39.00-40.00  sec  75.7 MBytes   635 Mbits/sec  67400  
[  5]  40.00-41.00  sec  75.6 MBytes   634 Mbits/sec  67280  
[  5]  41.00-42.00  sec  75.7 MBytes   635 Mbits/sec  67400  
[  5]  42.00-43.00  sec  75.1 MBytes   630 Mbits/sec  66870  
[  5]  43.00-44.00  sec  75.2 MBytes   631 Mbits/sec  66960  
[  5]  44.00-45.00  sec  75.5 MBytes   633 Mbits/sec  67200  
[  5]  45.00-46.00  sec  75.9 MBytes   637 Mbits/sec  67570  
[  5]  46.00-47.00  sec  75.4 MBytes   633 Mbits/sec  67160  
[  5]  47.00-48.00  sec  76.0 MBytes   638 Mbits/sec  67650  
[  5]  48.00-49.00  sec  72.6 MBytes   609 Mbits/sec  64610  
[  5]  49.00-50.00  sec  69.4 MBytes   583 Mbits/sec  61810  
[  5]  50.00-51.00  sec  68.1 MBytes   571 Mbits/sec  60580  
[  5]  51.00-52.00  sec  69.4 MBytes   582 Mbits/sec  61800  
[  5]  52.00-53.00  sec  69.9 MBytes   586 Mbits/sec  62230  
[  5]  53.00-54.00  sec  70.6 MBytes   592 Mbits/sec  62850  
[  5]  54.00-55.00  sec  70.2 MBytes   589 Mbits/sec  62480  
[  5]  55.00-56.00  sec  70.3 MBytes   590 Mbits/sec  62600  
[  5]  56.00-57.00  sec  68.4 MBytes   574 Mbits/sec  60920  
[  5]  57.00-58.00  sec  70.7 MBytes   593 Mbits/sec  62970  
[  5]  58.00-59.00  sec  69.9 MBytes   587 Mbits/sec  62230  
[  5]  59.00-60.00  sec  70.2 MBytes   589 Mbits/sec  62480  
- - - - - - - - - - - - - - - - - - - - - - - - -
[ ID] Interval           Transfer     Bitrate         Jitter    Lost/Total Datagrams
[  5]   0.00-60.00  sec  4.38 GBytes   628 Mbits/sec  0.000 ms  0/3995270 (0%)  sender
[  5]   0.00-60.05  sec  1.32 GBytes   188 Mbits/sec  0.032 ms  2841280/3995269 (71%)  receiver

iperf Done.
