Connecting to host 10.136.80.159, port 5201
[  5] local 10.136.173.89 port 46483 connected to 10.136.80.159 port 5201
[ ID] Interval           Transfer     Bitrate         Total Datagrams
[  5]   0.00-1.00   sec  76.0 MBytes   637 Mbits/sec  67650  (omitted)
[  5]   0.00-1.00   sec  77.1 MBytes   647 Mbits/sec  68610  
[  5]   1.00-2.00   sec  77.4 MBytes   649 Mbits/sec  68860  
[  5]   2.00-3.00   sec  77.2 MBytes   648 Mbits/sec  68720  
[  5]   3.00-4.00   sec  77.8 MBytes   653 Mbits/sec  69240  
[  5]   4.00-5.00   sec  77.6 MBytes   651 Mbits/sec  69110  
[  5]   5.00-6.00   sec  78.4 MBytes   658 Mbits/sec  69790  
[  5]   6.00-7.00   sec  78.5 MBytes   658 Mbits/sec  69840  
[  5]   7.00-8.00   sec  78.5 MBytes   659 Mbits/sec  69900  
[  5]   8.00-9.00   sec  77.1 MBytes   647 Mbits/sec  68600  
[  5]   9.00-10.00  sec  78.7 MBytes   660 Mbits/sec  70020  
[  5]  10.00-11.00  sec  77.4 MBytes   649 Mbits/sec  68890  
[  5]  11.00-12.00  sec  77.5 MBytes   650 Mbits/sec  68970  
[  5]  12.00-13.00  sec  77.6 MBytes   651 Mbits/sec  69030  
[  5]  13.00-14.00  sec  77.8 MBytes   653 Mbits/sec  69280  
[  5]  14.00-15.00  sec  76.7 MBytes   644 Mbits/sec  68280  
[  5]  15.00-16.00  sec  78.1 MBytes   655 Mbits/sec  69490  
[  5]  16.00-17.00  sec  77.9 MBytes   654 Mbits/sec  69350  
[  5]  17.00-18.00  sec  77.2 MBytes   648 Mbits/sec  68760  
[  5]  18.00-19.00  sec  78.1 MBytes   655 Mbits/sec  69500  
[  5]  19.00-20.00  sec  77.9 MBytes   653 Mbits/sec  69320  
[  5]  20.00-21.00  sec  77.7 MBytes   652 Mbits/sec  69200  
[  5]  21.00-22.00  sec  77.4 MBytes   650 Mbits/sec  68940  
[  5]  22.00-23.00  sec  78.0 MBytes   654 Mbits/sec  69420  
[  5]  23.00-24.00  sec  78.4 MBytes   658 Mbits/sec  69780  
[  5]  24.00-25.00  sec  78.8 MBytes   661 Mbits/sec  70150  
[  5]  25.00-26.00  sec  79.6 MBytes   667 Mbits/sec  70820  
[  5]  26.00-27.00  sec  78.7 MBytes   660 Mbits/sec  70030  
[  5]  27.00-28.00  sec  78.1 MBytes   655 Mbits/sec  69510  
[  5]  28.00-29.00  sec  78.3 MBytes   657 Mbits/sec  69740  
[  5]  29.00-30.00  sec  78.2 MBytes   656 Mbits/sec  69590  
[  5]  30.00-31.00  sec  77.5 MBytes   650 Mbits/sec  68960  
[  5]  31.00-32.00  sec  77.6 MBytes   651 Mbits/sec  69030  
[  5]  32.00-33.00  sec  78.1 MBytes   655 Mbits/sec  69550  
[  5]  33.00-34.00  sec  78.3 MBytes   657 Mbits/sec  69730  
[  5]  34.00-35.00  sec  76.9 MBytes   645 Mbits/sec  68490  
[  5]  35.00-36.00  sec  78.5 MBytes   659 Mbits/sec  69890  
[  5]  36.00-37.00  sec  78.2 MBytes   656 Mbits/sec  69620  
[  5]  37.00-38.00  sec  78.6 MBytes   659 Mbits/sec  69970  
[  5]  38.00-39.00  sec  77.6 MBytes   651 Mbits/sec  69100  
[  5]  39.00-40.00  sec  77.6 MBytes   651 Mbits/sec  69060  
[  5]  40.00-41.00  sec  77.1 MBytes   647 Mbits/sec  68620  
[  5]  41.00-42.00  sec  75.5 MBytes   633 Mbits/sec  67180  
[  5]  42.00-43.00  sec  76.7 MBytes   643 Mbits/sec  68250  
[  5]  43.00-44.00  sec  77.3 MBytes   648 Mbits/sec  68810  
[  5]  44.00-45.00  sec  80.7 MBytes   677 Mbits/sec  71810  
[  5]  45.00-46.00  sec  77.8 MBytes   653 Mbits/sec  69290  
[  5]  46.00-47.00  sec  77.6 MBytes   651 Mbits/sec  69040  
[  5]  47.00-48.00  sec  77.8 MBytes   653 Mbits/sec  69250  
[  5]  48.00-49.00  sec  77.8 MBytes   653 Mbits/sec  69260  
[  5]  49.00-50.00  sec  78.0 MBytes   654 Mbits/sec  69440  
[  5]  50.00-51.00  sec  77.1 MBytes   646 Mbits/sec  68590  
[  5]  51.00-52.00  sec  77.0 MBytes   646 Mbits/sec  68580  
[  5]  52.00-53.00  sec  77.6 MBytes   651 Mbits/sec  69100  
[  5]  53.00-54.00  sec  77.9 MBytes   654 Mbits/sec  69340  
[  5]  54.00-55.00  sec  77.4 MBytes   649 Mbits/sec  68860  
[  5]  55.00-56.00  sec  77.5 MBytes   650 Mbits/sec  68960  
[  5]  56.00-57.00  sec  78.3 MBytes   657 Mbits/sec  69680  
[  5]  57.00-58.00  sec  78.2 MBytes   656 Mbits/sec  69570  
[  5]  58.00-59.00  sec  77.6 MBytes   651 Mbits/sec  69090  
[  5]  59.00-60.00  sec  78.1 MBytes   655 Mbits/sec  69500  
- - - - - - - - - - - - - - - - - - - - - - - - -
[ ID] Interval           Transfer     Bitrate         Jitter    Lost/Total Datagrams
[  5]   0.00-60.00  sec  4.56 GBytes   653 Mbits/sec  0.000 ms  0/4156360 (0%)  sender
[  5]   0.00-60.35  sec  1.32 GBytes   187 Mbits/sec  0.031 ms  3005175/4156359 (72%)  receiver

iperf Done.
