Connecting to host 10.136.80.140, port 5201
[  5] local 10.136.173.77 port 35938 connected to 10.136.80.140 port 5201
[ ID] Interval           Transfer     Bitrate         Retr  Cwnd
[  5]   0.00-1.00   sec  77.3 MBytes   648 Mbits/sec   73    319 KBytes       (omitted)
[  5]   0.00-1.00   sec  87.8 MBytes   736 Mbits/sec   29    232 KBytes       
[  5]   1.00-2.00   sec  88.9 MBytes   745 Mbits/sec    7    314 KBytes       
[  5]   2.00-3.00   sec  86.8 MBytes   728 Mbits/sec   16    227 KBytes       
[  5]   3.00-4.00   sec  85.8 MBytes   720 Mbits/sec    7    280 KBytes       
[  5]   4.00-5.00   sec  59.3 MBytes   498 Mbits/sec   56    212 KBytes       
[  5]   5.00-6.00   sec  86.1 MBytes   723 Mbits/sec   13    277 KBytes       
[  5]   6.00-7.00   sec  86.2 MBytes   723 Mbits/sec   53    214 KBytes       
[  5]   7.00-8.00   sec  85.8 MBytes   720 Mbits/sec    6    309 KBytes       
[  5]   8.00-9.00   sec  88.5 MBytes   742 Mbits/sec   20    332 KBytes       
[  5]   9.00-10.00  sec  88.1 MBytes   739 Mbits/sec   16    246 KBytes       
[  5]  10.00-11.00  sec  87.0 MBytes   730 Mbits/sec   14    231 KBytes       
[  5]  11.00-12.00  sec  86.8 MBytes   728 Mbits/sec    3    339 KBytes       
[  5]  12.00-13.00  sec  86.6 MBytes   727 Mbits/sec   21    189 KBytes       
[  5]  13.00-14.00  sec  88.0 MBytes   739 Mbits/sec    7    289 KBytes       
[  5]  14.00-15.00  sec  85.7 MBytes   719 Mbits/sec   14    324 KBytes       
[  5]  15.00-16.00  sec  85.0 MBytes   713 Mbits/sec   26    246 KBytes       
[  5]  16.00-17.00  sec  86.9 MBytes   729 Mbits/sec   11    321 KBytes       
[  5]  17.00-18.00  sec  90.3 MBytes   758 Mbits/sec    8    326 KBytes       
[  5]  18.00-19.00  sec  86.4 MBytes   725 Mbits/sec   89    254 KBytes       
[  5]  19.00-20.00  sec  84.4 MBytes   708 Mbits/sec   75    265 KBytes       
[  5]  20.00-21.00  sec  83.8 MBytes   703 Mbits/sec   36    161 KBytes       
[  5]  21.00-22.00  sec  84.0 MBytes   704 Mbits/sec   10    265 KBytes       
[  5]  22.00-23.00  sec  82.5 MBytes   692 Mbits/sec   14    209 KBytes       
[  5]  23.00-24.00  sec  85.5 MBytes   717 Mbits/sec    7    331 KBytes       
[  5]  24.00-25.00  sec  82.7 MBytes   694 Mbits/sec   23    234 KBytes       
[  5]  25.00-26.00  sec  80.9 MBytes   678 Mbits/sec   68    143 KBytes       
[  5]  26.00-27.00  sec  79.6 MBytes   668 Mbits/sec    0    342 KBytes       
[  5]  27.00-28.00  sec  85.2 MBytes   715 Mbits/sec   21    224 KBytes       
[  5]  28.00-29.00  sec  85.1 MBytes   713 Mbits/sec   14    244 KBytes       
[  5]  29.00-30.00  sec  83.5 MBytes   701 Mbits/sec   12    247 KBytes       
[  5]  30.00-31.00  sec  83.2 MBytes   698 Mbits/sec   67    331 KBytes       
[  5]  31.00-32.00  sec  82.1 MBytes   689 Mbits/sec   13    270 KBytes       
[  5]  32.00-33.00  sec  82.4 MBytes   691 Mbits/sec   15    323 KBytes       
[  5]  33.00-34.00  sec  81.9 MBytes   687 Mbits/sec   33    189 KBytes       
[  5]  34.00-35.00  sec  82.4 MBytes   691 Mbits/sec   21    225 KBytes       
[  5]  35.00-36.00  sec  88.4 MBytes   741 Mbits/sec   10    308 KBytes       
[  5]  36.00-37.00  sec  83.8 MBytes   703 Mbits/sec   27    211 KBytes       
[  5]  37.00-38.00  sec  85.1 MBytes   714 Mbits/sec    8    305 KBytes       
[  5]  38.00-39.00  sec  86.8 MBytes   728 Mbits/sec   10    259 KBytes       
[  5]  39.00-40.00  sec  84.0 MBytes   705 Mbits/sec   21    232 KBytes       
[  5]  40.00-41.00  sec  81.0 MBytes   679 Mbits/sec   21    170 KBytes       
[  5]  41.00-42.00  sec  78.8 MBytes   661 Mbits/sec    7    307 KBytes       
[  5]  42.00-43.00  sec  86.8 MBytes   728 Mbits/sec   14    362 KBytes       
[  5]  43.00-44.00  sec  90.1 MBytes   756 Mbits/sec   48    347 KBytes       
[  5]  44.00-45.00  sec  86.0 MBytes   722 Mbits/sec   32    212 KBytes       
[  5]  45.00-46.00  sec  84.7 MBytes   711 Mbits/sec    7    350 KBytes       
[  5]  46.00-47.00  sec  87.2 MBytes   732 Mbits/sec   30    185 KBytes       
[  5]  47.00-48.00  sec  83.0 MBytes   697 Mbits/sec    6    331 KBytes       
[  5]  48.00-49.00  sec  89.2 MBytes   748 Mbits/sec    5    336 KBytes       
[  5]  49.00-50.00  sec  80.8 MBytes   678 Mbits/sec   32    191 KBytes       
[  5]  50.00-51.00  sec  82.2 MBytes   690 Mbits/sec   45    297 KBytes       
[  5]  51.00-52.00  sec  85.1 MBytes   713 Mbits/sec   13    263 KBytes       
[  5]  52.00-53.00  sec  87.3 MBytes   734 Mbits/sec   10    342 KBytes       
[  5]  53.00-54.00  sec  85.8 MBytes   720 Mbits/sec   32    215 KBytes       
[  5]  54.00-55.00  sec  83.4 MBytes   700 Mbits/sec   16    220 KBytes       
[  5]  55.00-56.00  sec  85.8 MBytes   720 Mbits/sec   15    280 KBytes       
[  5]  56.00-57.00  sec  84.3 MBytes   707 Mbits/sec   19    265 KBytes       
[  5]  57.00-58.00  sec  84.5 MBytes   709 Mbits/sec    9    324 KBytes       
[  5]  58.00-59.00  sec  84.3 MBytes   708 Mbits/sec   21    231 KBytes       
[  5]  59.00-60.00  sec  84.8 MBytes   711 Mbits/sec   15    238 KBytes       
- - - - - - - - - - - - - - - - - - - - - - - - -
[ ID] Interval           Transfer     Bitrate         Retr
[  5]   0.00-60.00  sec  4.96 GBytes   710 Mbits/sec  1318             sender
[  5]   0.00-60.04  sec  4.96 GBytes   710 Mbits/sec                  receiver

iperf Done.
