Connecting to host 10.136.80.189, port 5201
[  5] local 10.136.173.114 port 38238 connected to 10.136.80.189 port 5201
[ ID] Interval           Transfer     Bitrate         Total Datagrams
[  5]   0.00-1.00   sec  71.3 MBytes   598 Mbits/sec  63430  (omitted)
[  5]   0.00-1.00   sec  74.7 MBytes   626 Mbits/sec  66480  
[  5]   1.00-2.00   sec  72.0 MBytes   604 Mbits/sec  64090  
[  5]   2.00-3.00   sec  73.2 MBytes   614 Mbits/sec  65200  
[  5]   3.00-4.00   sec  73.8 MBytes   619 Mbits/sec  65730  
[  5]   4.00-5.00   sec  75.4 MBytes   632 Mbits/sec  67110  
[  5]   5.00-6.00   sec  75.3 MBytes   632 Mbits/sec  67070  
[  5]   6.00-7.00   sec  76.1 MBytes   639 Mbits/sec  67780  
[  5]   7.00-8.00   sec  76.9 MBytes   645 Mbits/sec  68480  
[  5]   8.00-9.00   sec  65.0 MBytes   545 Mbits/sec  57870  
[  5]   9.00-10.00  sec  76.0 MBytes   637 Mbits/sec  67610  
[  5]  10.00-11.00  sec  75.7 MBytes   635 Mbits/sec  67410  
[  5]  11.00-12.00  sec  75.8 MBytes   636 Mbits/sec  67440  
[  5]  12.00-13.00  sec  75.3 MBytes   632 Mbits/sec  67030  
[  5]  13.00-14.00  sec  76.0 MBytes   637 Mbits/sec  67620  
[  5]  14.00-15.00  sec  75.9 MBytes   637 Mbits/sec  67570  
[  5]  15.00-16.00  sec  74.1 MBytes   622 Mbits/sec  66000  
[  5]  16.00-17.00  sec  74.5 MBytes   625 Mbits/sec  66320  
[  5]  17.00-18.00  sec  74.8 MBytes   627 Mbits/sec  66570  
[  5]  18.00-19.00  sec  73.0 MBytes   612 Mbits/sec  64940  
[  5]  19.00-20.00  sec  75.1 MBytes   630 Mbits/sec  66820  
[  5]  20.00-21.00  sec  75.6 MBytes   634 Mbits/sec  67320  
[  5]  21.00-22.00  sec  75.7 MBytes   635 Mbits/sec  67390  
[  5]  22.00-23.00  sec  71.3 MBytes   598 Mbits/sec  63480  
[  5]  23.00-24.00  sec  78.0 MBytes   654 Mbits/sec  69400  
[  5]  24.00-25.00  sec  73.1 MBytes   614 Mbits/sec  65110  
[  5]  25.00-26.00  sec  75.1 MBytes   630 Mbits/sec  66870  
[  5]  26.00-27.00  sec  75.9 MBytes   637 Mbits/sec  67570  
[  5]  27.00-28.00  sec  76.5 MBytes   642 Mbits/sec  68090  
[  5]  28.00-29.00  sec  72.0 MBytes   604 Mbits/sec  64120  
[  5]  29.00-30.00  sec  75.1 MBytes   630 Mbits/sec  66830  
[  5]  30.00-31.00  sec  70.8 MBytes   594 Mbits/sec  63050  
[  5]  31.00-32.00  sec  74.7 MBytes   626 Mbits/sec  66450  
[  5]  32.00-33.00  sec  71.3 MBytes   598 Mbits/sec  63490  
[  5]  33.00-34.00  sec  70.3 MBytes   589 Mbits/sec  62540  
[  5]  34.00-35.00  sec  70.4 MBytes   590 Mbits/sec  62660  
[  5]  35.00-36.00  sec  64.3 MBytes   539 Mbits/sec  57210  
[  5]  36.00-37.00  sec  68.2 MBytes   572 Mbits/sec  60690  
[  5]  37.00-38.00  sec  81.0 MBytes   679 Mbits/sec  72100  
[  5]  38.00-39.00  sec  69.3 MBytes   581 Mbits/sec  61660  
[  5]  39.00-40.00  sec  67.1 MBytes   563 Mbits/sec  59710  
[  5]  40.00-41.00  sec  59.5 MBytes   500 Mbits/sec  53000  
[  5]  41.00-42.00  sec  74.7 MBytes   627 Mbits/sec  66520  
[  5]  42.00-43.00  sec  72.1 MBytes   605 Mbits/sec  64210  
[  5]  43.00-44.00  sec  74.5 MBytes   625 Mbits/sec  66350  
[  5]  44.00-45.00  sec  75.9 MBytes   637 Mbits/sec  67580  
[  5]  45.00-46.00  sec  75.5 MBytes   633 Mbits/sec  67210  
[  5]  46.00-47.00  sec  82.1 MBytes   689 Mbits/sec  73080  
[  5]  47.00-48.00  sec  77.8 MBytes   653 Mbits/sec  69280  
[  5]  48.00-49.00  sec  70.7 MBytes   593 Mbits/sec  62940  
[  5]  49.00-50.00  sec  73.6 MBytes   617 Mbits/sec  65500  
[  5]  50.00-51.00  sec  72.6 MBytes   609 Mbits/sec  64600  
[  5]  51.00-52.00  sec  74.0 MBytes   621 Mbits/sec  65860  
[  5]  52.00-53.00  sec  68.3 MBytes   573 Mbits/sec  60830  
[  5]  53.00-54.00  sec  70.7 MBytes   593 Mbits/sec  62920  
[  5]  54.00-55.00  sec  69.3 MBytes   582 Mbits/sec  61710  
[  5]  55.00-56.00  sec  79.4 MBytes   666 Mbits/sec  70690  
[  5]  56.00-57.00  sec  79.6 MBytes   668 Mbits/sec  70850  
[  5]  57.00-58.00  sec  72.1 MBytes   605 Mbits/sec  64150  
[  5]  58.00-59.00  sec  74.2 MBytes   623 Mbits/sec  66060  
[  5]  59.00-60.00  sec  74.9 MBytes   628 Mbits/sec  66640  
- - - - - - - - - - - - - - - - - - - - - - - - -
[ ID] Interval           Transfer     Bitrate         Jitter    Lost/Total Datagrams
[  5]   0.00-60.00  sec  4.31 GBytes   617 Mbits/sec  0.000 ms  0/3930860 (0%)  sender
[  5]   0.00-61.59  sec  58.4 MBytes  7.95 Mbits/sec  0.325 ms  3895700/3885468 (1e+02%)  receiver

iperf Done.
