Connecting to host 10.136.80.189, port 5201
[  5] local 10.136.173.124 port 54105 connected to 10.136.80.189 port 5201
[ ID] Interval           Transfer     Bitrate         Total Datagrams
[  5]   0.00-1.00   sec  53.4 MBytes   448 Mbits/sec  47570  (omitted)
[  5]   0.00-1.00   sec  57.2 MBytes   480 Mbits/sec  50930  
[  5]   1.00-2.00   sec  53.6 MBytes   450 Mbits/sec  47730  
[  5]   2.00-3.00   sec  55.1 MBytes   462 Mbits/sec  49030  
[  5]   3.00-4.00   sec  53.7 MBytes   450 Mbits/sec  47760  
[  5]   4.00-5.00   sec  48.8 MBytes   409 Mbits/sec  43400  
[  5]   5.00-6.00   sec  55.5 MBytes   466 Mbits/sec  49400  
[  5]   6.00-7.00   sec  56.2 MBytes   471 Mbits/sec  50000  
[  5]   7.00-8.00   sec  55.6 MBytes   466 Mbits/sec  49500  
[  5]   8.00-9.00   sec  52.1 MBytes   437 Mbits/sec  46350  
[  5]   9.00-10.00  sec  57.0 MBytes   478 Mbits/sec  50770  
[  5]  10.00-11.00  sec  54.8 MBytes   460 Mbits/sec  48780  
[  5]  11.00-12.00  sec  55.0 MBytes   461 Mbits/sec  48920  
[  5]  12.00-13.00  sec  53.3 MBytes   447 Mbits/sec  47450  
[  5]  13.00-14.00  sec  56.2 MBytes   471 Mbits/sec  49990  
[  5]  14.00-15.00  sec  50.5 MBytes   423 Mbits/sec  44910  
[  5]  15.00-16.00  sec  54.5 MBytes   457 Mbits/sec  48510  
[  5]  16.00-17.00  sec  51.4 MBytes   431 Mbits/sec  45720  
[  5]  17.00-18.00  sec  60.3 MBytes   506 Mbits/sec  53690  
[  5]  18.00-19.00  sec  54.8 MBytes   459 Mbits/sec  48740  
[  5]  19.00-20.00  sec  59.7 MBytes   501 Mbits/sec  53140  
[  5]  20.00-21.00  sec  58.2 MBytes   488 Mbits/sec  51830  
[  5]  21.00-22.00  sec  55.2 MBytes   463 Mbits/sec  49100  
[  5]  22.00-23.00  sec  54.5 MBytes   457 Mbits/sec  48520  
[  5]  23.00-24.00  sec  50.8 MBytes   426 Mbits/sec  45220  
[  5]  24.00-25.00  sec  52.0 MBytes   436 Mbits/sec  46290  
[  5]  25.00-26.00  sec  50.3 MBytes   422 Mbits/sec  44740  
[  5]  26.00-27.00  sec  49.3 MBytes   414 Mbits/sec  43910  
[  5]  27.00-28.00  sec  61.0 MBytes   512 Mbits/sec  54340  
[  5]  28.00-29.00  sec  55.9 MBytes   469 Mbits/sec  49730  
[  5]  29.00-30.00  sec  55.9 MBytes   469 Mbits/sec  49770  
[  5]  30.00-31.00  sec  53.1 MBytes   445 Mbits/sec  47250  
[  5]  31.00-32.00  sec  51.3 MBytes   430 Mbits/sec  45650  
[  5]  32.00-33.00  sec  56.9 MBytes   477 Mbits/sec  50630  
[  5]  33.00-34.00  sec  56.9 MBytes   477 Mbits/sec  50650  
[  5]  34.00-35.00  sec  50.5 MBytes   423 Mbits/sec  44930  
[  5]  35.00-36.00  sec  47.8 MBytes   401 Mbits/sec  42590  
[  5]  36.00-37.00  sec  55.4 MBytes   465 Mbits/sec  49340  
[  5]  37.00-38.00  sec  52.7 MBytes   442 Mbits/sec  46920  
[  5]  38.00-39.00  sec  59.4 MBytes   498 Mbits/sec  52850  
[  5]  39.00-40.00  sec  55.5 MBytes   466 Mbits/sec  49440  
[  5]  40.00-41.00  sec  55.2 MBytes   463 Mbits/sec  49170  
[  5]  41.00-42.00  sec  54.1 MBytes   454 Mbits/sec  48190  
[  5]  42.00-43.00  sec  56.4 MBytes   473 Mbits/sec  50230  
[  5]  43.00-44.00  sec  55.3 MBytes   464 Mbits/sec  49190  
[  5]  44.00-45.00  sec  52.9 MBytes   444 Mbits/sec  47100  
[  5]  45.00-46.00  sec  51.7 MBytes   434 Mbits/sec  46010  
[  5]  46.00-47.00  sec  51.7 MBytes   434 Mbits/sec  46020  
[  5]  47.00-48.00  sec  54.4 MBytes   456 Mbits/sec  48420  
[  5]  48.00-49.00  sec  51.9 MBytes   436 Mbits/sec  46240  
[  5]  49.00-50.00  sec  54.1 MBytes   454 Mbits/sec  48120  
[  5]  50.00-51.00  sec  55.0 MBytes   462 Mbits/sec  48980  
[  5]  51.00-52.00  sec  56.0 MBytes   470 Mbits/sec  49830  
[  5]  52.00-53.00  sec  57.6 MBytes   483 Mbits/sec  51270  
[  5]  53.00-54.00  sec  51.9 MBytes   435 Mbits/sec  46200  
[  5]  54.00-55.00  sec  53.2 MBytes   446 Mbits/sec  47370  
[  5]  55.00-56.00  sec  57.0 MBytes   478 Mbits/sec  50760  
[  5]  56.00-57.00  sec  51.0 MBytes   428 Mbits/sec  45390  
[  5]  57.00-58.00  sec  61.1 MBytes   512 Mbits/sec  54370  
[  5]  58.00-59.00  sec  51.1 MBytes   429 Mbits/sec  45490  
[  5]  59.00-60.00  sec  52.1 MBytes   437 Mbits/sec  46340  
- - - - - - - - - - - - - - - - - - - - - - - - -
[ ID] Interval           Transfer     Bitrate         Jitter    Lost/Total Datagrams
[  5]   0.00-60.00  sec  3.18 GBytes   456 Mbits/sec  0.000 ms  0/2903110 (0%)  sender
[  5]   0.00-60.25  sec  1.95 GBytes   278 Mbits/sec  0.005 ms  1139426/2903110 (39%)  receiver

iperf Done.
