Connecting to host 10.136.80.163, port 5201
[  5] local 10.136.173.100 port 43977 connected to 10.136.80.163 port 5201
[ ID] Interval           Transfer     Bitrate         Total Datagrams
[  5]   0.00-1.00   sec  76.7 MBytes   643 Mbits/sec  68250  (omitted)
[  5]   0.00-1.00   sec  76.7 MBytes   643 Mbits/sec  68250  
[  5]   1.00-2.00   sec  76.6 MBytes   643 Mbits/sec  68210  
[  5]   2.00-3.00   sec  68.8 MBytes   577 Mbits/sec  61270  
[  5]   3.00-4.00   sec  65.0 MBytes   545 Mbits/sec  57860  
[  5]   4.00-5.00   sec  74.6 MBytes   626 Mbits/sec  66420  
[  5]   5.00-6.00   sec  76.4 MBytes   641 Mbits/sec  68010  
[  5]   6.00-7.00   sec  76.1 MBytes   638 Mbits/sec  67710  
[  5]   7.00-8.00   sec  75.5 MBytes   634 Mbits/sec  67240  
[  5]   8.00-9.00   sec  76.2 MBytes   640 Mbits/sec  67870  
[  5]   9.00-10.00  sec  76.0 MBytes   637 Mbits/sec  67610  
[  5]  10.00-11.00  sec  73.5 MBytes   616 Mbits/sec  65390  
[  5]  11.00-12.00  sec  78.5 MBytes   658 Mbits/sec  69840  
[  5]  12.00-13.00  sec  84.3 MBytes   707 Mbits/sec  75000  
[  5]  13.00-14.00  sec  82.3 MBytes   690 Mbits/sec  73220  
[  5]  14.00-15.00  sec  80.9 MBytes   679 Mbits/sec  72010  
[  5]  15.00-16.00  sec  70.9 MBytes   595 Mbits/sec  63090  
[  5]  16.00-17.00  sec  77.2 MBytes   647 Mbits/sec  68680  
[  5]  17.00-18.00  sec  81.9 MBytes   687 Mbits/sec  72880  
[  5]  18.00-19.00  sec  82.3 MBytes   690 Mbits/sec  73230  
[  5]  19.00-20.00  sec  81.9 MBytes   687 Mbits/sec  72920  
[  5]  20.00-21.00  sec  82.2 MBytes   689 Mbits/sec  73160  
[  5]  21.00-22.00  sec  82.5 MBytes   692 Mbits/sec  73470  
[  5]  22.00-23.00  sec  81.4 MBytes   683 Mbits/sec  72420  
[  5]  23.00-24.00  sec  80.7 MBytes   677 Mbits/sec  71870  
[  5]  24.00-25.00  sec  81.7 MBytes   685 Mbits/sec  72680  
[  5]  25.00-26.00  sec  81.2 MBytes   681 Mbits/sec  72270  
[  5]  26.00-27.00  sec  80.6 MBytes   676 Mbits/sec  71780  
[  5]  27.00-28.00  sec  80.8 MBytes   677 Mbits/sec  71890  
[  5]  28.00-29.00  sec  82.6 MBytes   693 Mbits/sec  73530  
[  5]  29.00-30.00  sec  82.0 MBytes   688 Mbits/sec  72970  
[  5]  30.00-31.00  sec  81.8 MBytes   687 Mbits/sec  72850  
[  5]  31.00-32.00  sec  80.3 MBytes   673 Mbits/sec  71450  
[  5]  32.00-33.00  sec  81.3 MBytes   682 Mbits/sec  72380  
[  5]  33.00-34.00  sec  81.9 MBytes   687 Mbits/sec  72880  
[  5]  34.00-35.00  sec  82.4 MBytes   691 Mbits/sec  73340  
[  5]  35.00-36.00  sec  82.3 MBytes   690 Mbits/sec  73220  
[  5]  36.00-37.00  sec  80.7 MBytes   677 Mbits/sec  71870  
[  5]  37.00-38.00  sec  81.6 MBytes   684 Mbits/sec  72620  
[  5]  38.00-39.00  sec  82.0 MBytes   688 Mbits/sec  73030  
[  5]  39.00-40.00  sec  81.3 MBytes   682 Mbits/sec  72370  
[  5]  40.00-41.00  sec  76.8 MBytes   644 Mbits/sec  68350  
[  5]  41.00-42.00  sec  79.1 MBytes   664 Mbits/sec  70450  
[  5]  42.00-43.00  sec  81.7 MBytes   685 Mbits/sec  72680  
[  5]  43.00-44.00  sec  81.7 MBytes   685 Mbits/sec  72720  
[  5]  44.00-45.00  sec  80.6 MBytes   676 Mbits/sec  71760  
[  5]  45.00-46.00  sec  81.1 MBytes   680 Mbits/sec  72180  
[  5]  46.00-47.00  sec  80.4 MBytes   675 Mbits/sec  71610  
[  5]  47.00-48.00  sec  81.1 MBytes   681 Mbits/sec  72210  
[  5]  48.00-49.00  sec  82.3 MBytes   691 Mbits/sec  73280  
[  5]  49.00-50.00  sec  82.6 MBytes   693 Mbits/sec  73490  
[  5]  50.00-51.00  sec  82.4 MBytes   691 Mbits/sec  73310  
[  5]  51.00-52.00  sec  81.0 MBytes   680 Mbits/sec  72130  
[  5]  52.00-53.00  sec  80.7 MBytes   677 Mbits/sec  71800  
[  5]  53.00-54.00  sec  81.2 MBytes   681 Mbits/sec  72310  
[  5]  54.00-55.00  sec  81.3 MBytes   682 Mbits/sec  72350  
[  5]  55.00-56.00  sec  80.9 MBytes   679 Mbits/sec  72020  
[  5]  56.00-57.00  sec  81.3 MBytes   682 Mbits/sec  72360  
[  5]  57.00-58.00  sec  80.8 MBytes   678 Mbits/sec  71930  
[  5]  58.00-59.00  sec  82.5 MBytes   692 Mbits/sec  73480  
[  5]  59.00-60.00  sec  81.3 MBytes   682 Mbits/sec  72400  
- - - - - - - - - - - - - - - - - - - - - - - - -
[ ID] Interval           Transfer     Bitrate         Jitter    Lost/Total Datagrams
[  5]   0.00-60.00  sec  4.68 GBytes   669 Mbits/sec  0.000 ms  0/4261580 (0%)  sender
[  5]   0.00-60.08  sec  2.61 GBytes   373 Mbits/sec  0.010 ms  1910809/4261580 (45%)  receiver

iperf Done.
