Connecting to host 10.136.80.154, port 5201
[  5] local 10.136.173.127 port 42968 connected to 10.136.80.154 port 5201
[ ID] Interval           Transfer     Bitrate         Total Datagrams
[  5]   0.00-1.00   sec  81.0 MBytes   680 Mbits/sec  72140  (omitted)
[  5]   0.00-1.00   sec  82.6 MBytes   693 Mbits/sec  73510  
[  5]   1.00-2.00   sec  81.8 MBytes   686 Mbits/sec  72820  
[  5]   2.00-3.00   sec  82.4 MBytes   692 Mbits/sec  73380  
[  5]   3.00-4.00   sec  82.8 MBytes   695 Mbits/sec  73710  
[  5]   4.00-5.00   sec  81.0 MBytes   679 Mbits/sec  72100  
[  5]   5.00-6.00   sec  82.4 MBytes   692 Mbits/sec  73390  
[  5]   6.00-7.00   sec  82.1 MBytes   689 Mbits/sec  73110  
[  5]   7.00-8.00   sec  82.3 MBytes   690 Mbits/sec  73270  
[  5]   8.00-9.00   sec  82.1 MBytes   689 Mbits/sec  73060  
[  5]   9.00-10.00  sec  82.1 MBytes   688 Mbits/sec  73040  
[  5]  10.00-11.00  sec  82.6 MBytes   693 Mbits/sec  73500  
[  5]  11.00-12.00  sec  82.2 MBytes   690 Mbits/sec  73210  
[  5]  12.00-13.00  sec  82.5 MBytes   692 Mbits/sec  73440  
[  5]  13.00-14.00  sec  82.4 MBytes   691 Mbits/sec  73320  
[  5]  14.00-15.00  sec  81.7 MBytes   685 Mbits/sec  72740  
[  5]  15.00-16.00  sec  81.6 MBytes   685 Mbits/sec  72670  
[  5]  16.00-17.00  sec  81.7 MBytes   685 Mbits/sec  72710  
[  5]  17.00-18.00  sec  82.5 MBytes   692 Mbits/sec  73430  
[  5]  18.00-19.00  sec  83.0 MBytes   697 Mbits/sec  73910  
[  5]  19.00-20.00  sec  82.6 MBytes   693 Mbits/sec  73490  
[  5]  20.00-21.00  sec  82.6 MBytes   693 Mbits/sec  73550  
[  5]  21.00-22.00  sec  82.2 MBytes   689 Mbits/sec  73140  
[  5]  22.00-23.00  sec  81.9 MBytes   687 Mbits/sec  72870  
[  5]  23.00-24.00  sec  82.1 MBytes   689 Mbits/sec  73120  
[  5]  24.00-25.00  sec  81.7 MBytes   685 Mbits/sec  72730  
[  5]  25.00-26.00  sec  82.1 MBytes   689 Mbits/sec  73090  
[  5]  26.00-27.00  sec  81.9 MBytes   687 Mbits/sec  72870  
[  5]  27.00-28.00  sec  81.0 MBytes   680 Mbits/sec  72140  
[  5]  28.00-29.00  sec  82.7 MBytes   694 Mbits/sec  73590  
[  5]  29.00-30.00  sec  83.1 MBytes   697 Mbits/sec  73970  
[  5]  30.00-31.00  sec  82.7 MBytes   694 Mbits/sec  73610  
[  5]  31.00-32.00  sec  82.0 MBytes   688 Mbits/sec  73020  
[  5]  32.00-33.00  sec  82.1 MBytes   689 Mbits/sec  73060  
[  5]  33.00-34.00  sec  83.2 MBytes   698 Mbits/sec  74040  
[  5]  34.00-35.00  sec  82.2 MBytes   689 Mbits/sec  73150  
[  5]  35.00-36.00  sec  82.6 MBytes   693 Mbits/sec  73510  
[  5]  36.00-37.00  sec  82.3 MBytes   690 Mbits/sec  73260  
[  5]  37.00-38.00  sec  81.6 MBytes   685 Mbits/sec  72650  
[  5]  38.00-39.00  sec  81.8 MBytes   687 Mbits/sec  72850  
[  5]  39.00-40.00  sec  82.4 MBytes   691 Mbits/sec  73330  
[  5]  40.00-41.00  sec  81.9 MBytes   687 Mbits/sec  72860  
[  5]  41.00-42.00  sec  82.1 MBytes   689 Mbits/sec  73070  
[  5]  42.00-43.00  sec  82.2 MBytes   689 Mbits/sec  73130  
[  5]  43.00-44.00  sec  82.6 MBytes   693 Mbits/sec  73560  
[  5]  44.00-45.00  sec  80.9 MBytes   679 Mbits/sec  72050  
[  5]  45.00-46.00  sec  81.5 MBytes   684 Mbits/sec  72590  
[  5]  46.00-47.00  sec  81.9 MBytes   687 Mbits/sec  72880  
[  5]  47.00-48.00  sec  82.3 MBytes   691 Mbits/sec  73290  
[  5]  48.00-49.00  sec  82.4 MBytes   691 Mbits/sec  73320  
[  5]  49.00-50.00  sec  82.1 MBytes   688 Mbits/sec  73050  
[  5]  50.00-51.00  sec  82.2 MBytes   690 Mbits/sec  73160  
[  5]  51.00-52.00  sec  82.0 MBytes   688 Mbits/sec  72970  
[  5]  52.00-53.00  sec  81.4 MBytes   683 Mbits/sec  72490  
[  5]  53.00-54.00  sec  82.1 MBytes   689 Mbits/sec  73070  
[  5]  54.00-55.00  sec  81.4 MBytes   683 Mbits/sec  72450  
[  5]  55.00-56.00  sec  81.7 MBytes   686 Mbits/sec  72750  
[  5]  56.00-57.00  sec  81.3 MBytes   682 Mbits/sec  72380  
[  5]  57.00-58.00  sec  80.4 MBytes   674 Mbits/sec  71550  
[  5]  58.00-59.00  sec  82.7 MBytes   694 Mbits/sec  73650  
[  5]  59.00-60.00  sec  82.4 MBytes   691 Mbits/sec  73310  
- - - - - - - - - - - - - - - - - - - - - - - - -
[ ID] Interval           Transfer     Bitrate         Jitter    Lost/Total Datagrams
[  5]   0.00-60.00  sec  4.81 GBytes   689 Mbits/sec  0.000 ms  0/4384940 (0%)  sender
[  5]   0.00-61.33  sec   194 MBytes  26.6 Mbits/sec  0.016 ms  4276858/4379492 (98%)  receiver

iperf Done.
