Connecting to host 10.136.80.148, port 5201
[  5] local 10.136.173.84 port 50627 connected to 10.136.80.148 port 5201
[ ID] Interval           Transfer     Bitrate         Total Datagrams
[  5]   0.00-1.00   sec  60.3 MBytes   506 Mbits/sec  53700  (omitted)
[  5]   0.00-1.00   sec  56.7 MBytes   476 Mbits/sec  50470  
[  5]   1.00-2.00   sec  50.7 MBytes   425 Mbits/sec  45120  
[  5]   2.00-3.00   sec  54.4 MBytes   456 Mbits/sec  48400  
[  5]   3.00-4.00   sec  51.2 MBytes   430 Mbits/sec  45590  
[  5]   4.00-5.00   sec  56.6 MBytes   475 Mbits/sec  50370  
[  5]   5.00-6.00   sec  58.9 MBytes   494 Mbits/sec  52390  
[  5]   6.00-7.00   sec  55.3 MBytes   464 Mbits/sec  49200  
[  5]   7.00-8.00   sec  57.0 MBytes   478 Mbits/sec  50720  
[  5]   8.00-9.00   sec  49.1 MBytes   412 Mbits/sec  43750  
[  5]   9.00-10.00  sec  51.8 MBytes   435 Mbits/sec  46140  
[  5]  10.00-11.00  sec  53.0 MBytes   445 Mbits/sec  47180  
[  5]  11.00-12.00  sec  60.5 MBytes   507 Mbits/sec  53830  
[  5]  12.00-13.00  sec  54.1 MBytes   454 Mbits/sec  48200  
[  5]  13.00-14.00  sec  58.2 MBytes   488 Mbits/sec  51780  
[  5]  14.00-15.00  sec  61.0 MBytes   511 Mbits/sec  54280  
[  5]  15.00-16.00  sec  56.0 MBytes   470 Mbits/sec  49830  
[  5]  16.00-17.00  sec  51.5 MBytes   432 Mbits/sec  45870  
[  5]  17.00-18.00  sec  59.2 MBytes   497 Mbits/sec  52690  
[  5]  18.00-19.00  sec  54.5 MBytes   457 Mbits/sec  48520  
[  5]  19.00-20.00  sec  54.7 MBytes   459 Mbits/sec  48730  
[  5]  20.00-21.00  sec  58.8 MBytes   493 Mbits/sec  52340  
[  5]  21.00-22.00  sec  56.7 MBytes   476 Mbits/sec  50500  
[  5]  22.00-23.00  sec  49.3 MBytes   413 Mbits/sec  43860  
[  5]  23.00-24.00  sec  53.1 MBytes   446 Mbits/sec  47270  
[  5]  24.00-25.00  sec  57.5 MBytes   482 Mbits/sec  51140  
[  5]  25.00-26.00  sec  51.2 MBytes   430 Mbits/sec  45610  
[  5]  26.00-27.00  sec  52.6 MBytes   441 Mbits/sec  46810  
[  5]  27.00-28.00  sec  56.5 MBytes   474 Mbits/sec  50280  
[  5]  28.00-29.00  sec  55.8 MBytes   468 Mbits/sec  49700  
[  5]  29.00-30.00  sec  55.2 MBytes   463 Mbits/sec  49150  
[  5]  30.00-31.00  sec  53.2 MBytes   447 Mbits/sec  47380  
[  5]  31.00-32.00  sec  56.9 MBytes   477 Mbits/sec  50630  
[  5]  32.00-33.00  sec  60.5 MBytes   507 Mbits/sec  53850  
[  5]  33.00-34.00  sec  51.4 MBytes   431 Mbits/sec  45770  
[  5]  34.00-35.00  sec  59.8 MBytes   502 Mbits/sec  53260  
[  5]  35.00-36.00  sec  54.1 MBytes   454 Mbits/sec  48200  
[  5]  36.00-37.00  sec  56.4 MBytes   473 Mbits/sec  50210  
[  5]  37.00-38.00  sec  50.4 MBytes   423 Mbits/sec  44850  
[  5]  38.00-39.00  sec  58.3 MBytes   489 Mbits/sec  51880  
[  5]  39.00-40.00  sec  51.3 MBytes   430 Mbits/sec  45640  
[  5]  40.00-41.00  sec  58.6 MBytes   492 Mbits/sec  52190  
[  5]  41.00-42.00  sec  57.7 MBytes   484 Mbits/sec  51320  
[  5]  42.00-43.00  sec  58.6 MBytes   491 Mbits/sec  52160  
[  5]  43.00-44.00  sec  59.1 MBytes   496 Mbits/sec  52610  
[  5]  44.00-45.00  sec  55.1 MBytes   462 Mbits/sec  49030  
[  5]  45.00-46.00  sec  58.0 MBytes   486 Mbits/sec  51600  
[  5]  46.00-47.00  sec  57.7 MBytes   484 Mbits/sec  51350  
[  5]  47.00-48.00  sec  54.6 MBytes   458 Mbits/sec  48640  
[  5]  48.00-49.00  sec  56.9 MBytes   477 Mbits/sec  50650  
[  5]  49.00-50.00  sec  48.7 MBytes   409 Mbits/sec  43380  
[  5]  50.00-51.00  sec  52.9 MBytes   444 Mbits/sec  47090  
[  5]  51.00-52.00  sec  54.9 MBytes   460 Mbits/sec  48840  
[  5]  52.00-53.00  sec  50.6 MBytes   425 Mbits/sec  45050  
[  5]  53.00-54.00  sec  54.4 MBytes   456 Mbits/sec  48420  
[  5]  54.00-55.00  sec  51.6 MBytes   433 Mbits/sec  45910  
[  5]  55.00-56.00  sec  54.0 MBytes   453 Mbits/sec  48080  
[  5]  56.00-57.00  sec  55.4 MBytes   465 Mbits/sec  49340  
[  5]  57.00-58.00  sec  56.5 MBytes   474 Mbits/sec  50270  
[  5]  58.00-59.00  sec  45.9 MBytes   385 Mbits/sec  40840  
[  5]  59.00-60.00  sec  47.5 MBytes   398 Mbits/sec  42250  
- - - - - - - - - - - - - - - - - - - - - - - - -
[ ID] Interval           Transfer     Bitrate         Jitter    Lost/Total Datagrams
[  5]   0.00-60.00  sec  3.21 GBytes   460 Mbits/sec  0.000 ms  0/2930410 (0%)  sender
[  5]   0.00-60.30  sec  1.91 GBytes   272 Mbits/sec  0.025 ms  1213791/2930410 (41%)  receiver

iperf Done.
