Connecting to host 10.136.80.160, port 5201
[  5] local 10.136.173.97 port 41534 connected to 10.136.80.160 port 5201
[ ID] Interval           Transfer     Bitrate         Total Datagrams
[  5]   0.00-1.00   sec  62.1 MBytes   521 Mbits/sec  55300  (omitted)
[  5]   0.00-1.00   sec  60.8 MBytes   510 Mbits/sec  54120  
[  5]   1.00-2.00   sec  54.6 MBytes   458 Mbits/sec  48620  
[  5]   2.00-3.00   sec  63.3 MBytes   531 Mbits/sec  56340  
[  5]   3.00-4.00   sec  53.7 MBytes   450 Mbits/sec  47790  
[  5]   4.00-5.00   sec  62.2 MBytes   522 Mbits/sec  55340  
[  5]   5.00-6.00   sec  49.1 MBytes   412 Mbits/sec  43730  
[  5]   6.00-7.00   sec  61.7 MBytes   518 Mbits/sec  54960  
[  5]   7.00-8.00   sec  60.1 MBytes   504 Mbits/sec  53510  
[  5]   8.00-9.00   sec  49.9 MBytes   418 Mbits/sec  44380  
[  5]   9.00-10.00  sec  50.0 MBytes   419 Mbits/sec  44500  
[  5]  10.00-11.00  sec  61.7 MBytes   518 Mbits/sec  54930  
[  5]  11.00-12.00  sec  61.9 MBytes   519 Mbits/sec  55100  
[  5]  12.00-13.00  sec  66.0 MBytes   553 Mbits/sec  58710  
[  5]  13.00-14.00  sec  62.8 MBytes   527 Mbits/sec  55940  
[  5]  14.00-15.00  sec  61.2 MBytes   513 Mbits/sec  54450  
[  5]  15.00-16.00  sec  64.9 MBytes   544 Mbits/sec  57770  
[  5]  16.00-17.00  sec  56.4 MBytes   473 Mbits/sec  50200  
[  5]  17.00-18.00  sec  61.2 MBytes   513 Mbits/sec  54450  
[  5]  18.00-19.00  sec  62.3 MBytes   522 Mbits/sec  55420  
[  5]  19.00-20.00  sec  61.5 MBytes   516 Mbits/sec  54770  
[  5]  20.00-21.00  sec  52.4 MBytes   440 Mbits/sec  46670  
[  5]  21.00-22.00  sec  63.6 MBytes   534 Mbits/sec  56610  
[  5]  22.00-23.00  sec  62.7 MBytes   526 Mbits/sec  55840  
[  5]  23.00-24.00  sec  62.0 MBytes   520 Mbits/sec  55150  
[  5]  24.00-25.00  sec  67.7 MBytes   568 Mbits/sec  60250  
[  5]  25.00-26.00  sec  67.4 MBytes   565 Mbits/sec  59970  
[  5]  26.00-27.00  sec  58.5 MBytes   491 Mbits/sec  52060  
[  5]  27.00-28.00  sec  50.0 MBytes   420 Mbits/sec  44540  
[  5]  28.00-29.00  sec  64.4 MBytes   540 Mbits/sec  57330  
[  5]  29.00-30.00  sec  61.6 MBytes   517 Mbits/sec  54860  
[  5]  30.00-31.00  sec  59.9 MBytes   503 Mbits/sec  53330  
[  5]  31.00-32.00  sec  59.2 MBytes   496 Mbits/sec  52670  
[  5]  32.00-33.00  sec  62.9 MBytes   528 Mbits/sec  55990  
[  5]  33.00-34.00  sec  66.9 MBytes   561 Mbits/sec  59580  
[  5]  34.00-35.00  sec  61.6 MBytes   516 Mbits/sec  54800  
[  5]  35.00-36.00  sec  65.7 MBytes   551 Mbits/sec  58490  
[  5]  36.00-37.00  sec  66.5 MBytes   558 Mbits/sec  59230  
[  5]  37.00-38.00  sec  57.0 MBytes   478 Mbits/sec  50740  
[  5]  38.00-39.00  sec  57.0 MBytes   478 Mbits/sec  50760  
[  5]  39.00-40.00  sec  59.3 MBytes   497 Mbits/sec  52780  
[  5]  40.00-41.00  sec  63.2 MBytes   530 Mbits/sec  56250  
[  5]  41.00-42.00  sec  59.4 MBytes   498 Mbits/sec  52890  
[  5]  42.00-43.00  sec  65.1 MBytes   546 Mbits/sec  57920  
[  5]  43.00-44.00  sec  60.8 MBytes   510 Mbits/sec  54100  
[  5]  44.00-45.00  sec  61.3 MBytes   514 Mbits/sec  54540  
[  5]  45.00-46.00  sec  62.0 MBytes   520 Mbits/sec  55150  
[  5]  46.00-47.00  sec  58.2 MBytes   489 Mbits/sec  51840  
[  5]  47.00-48.00  sec  62.6 MBytes   525 Mbits/sec  55730  
[  5]  48.00-49.00  sec  52.9 MBytes   443 Mbits/sec  47050  
[  5]  49.00-50.00  sec  62.8 MBytes   527 Mbits/sec  55930  
[  5]  50.00-51.00  sec  63.2 MBytes   530 Mbits/sec  56250  
[  5]  51.00-52.00  sec  59.4 MBytes   498 Mbits/sec  52890  
[  5]  52.00-53.00  sec  64.8 MBytes   543 Mbits/sec  57650  
[  5]  53.00-54.00  sec  67.0 MBytes   562 Mbits/sec  59630  
[  5]  54.00-55.00  sec  64.0 MBytes   537 Mbits/sec  56940  
[  5]  55.00-56.00  sec  61.4 MBytes   515 Mbits/sec  54660  
[  5]  56.00-57.00  sec  56.4 MBytes   473 Mbits/sec  50160  
[  5]  57.00-58.00  sec  54.9 MBytes   461 Mbits/sec  48910  
[  5]  58.00-59.00  sec  66.4 MBytes   557 Mbits/sec  59120  
[  5]  59.00-60.00  sec  62.4 MBytes   524 Mbits/sec  55570  
- - - - - - - - - - - - - - - - - - - - - - - - -
[ ID] Interval           Transfer     Bitrate         Jitter    Lost/Total Datagrams
[  5]   0.00-60.00  sec  3.55 GBytes   509 Mbits/sec  0.000 ms  0/3239860 (0%)  sender
[  5]   0.00-60.04  sec  3.43 GBytes   491 Mbits/sec  0.020 ms  115443/3239860 (3.6%)  receiver

iperf Done.
