Connecting to host 10.136.80.139, port 5201
[  5] local 10.136.173.105 port 55010 connected to 10.136.80.139 port 5201
[ ID] Interval           Transfer     Bitrate         Total Datagrams
[  5]   0.00-1.00   sec  52.8 MBytes   442 Mbits/sec  46960  (omitted)
[  5]   0.00-1.00   sec  56.7 MBytes   475 Mbits/sec  50430  
[  5]   1.00-2.00   sec  54.5 MBytes   457 Mbits/sec  48530  
[  5]   2.00-3.00   sec  53.4 MBytes   448 Mbits/sec  47560  
[  5]   3.00-4.00   sec  53.1 MBytes   445 Mbits/sec  47230  
[  5]   4.00-5.00   sec  55.8 MBytes   468 Mbits/sec  49650  
[  5]   5.00-6.00   sec  54.9 MBytes   461 Mbits/sec  48890  
[  5]   6.00-7.00   sec  57.3 MBytes   481 Mbits/sec  50990  
[  5]   7.00-8.00   sec  58.8 MBytes   493 Mbits/sec  52320  
[  5]   8.00-9.00   sec  50.0 MBytes   420 Mbits/sec  44540  
[  5]   9.00-10.00  sec  60.4 MBytes   507 Mbits/sec  53780  
[  5]  10.00-11.00  sec  56.5 MBytes   474 Mbits/sec  50260  
[  5]  11.00-12.00  sec  58.1 MBytes   488 Mbits/sec  51760  
[  5]  12.00-13.00  sec  54.8 MBytes   460 Mbits/sec  48810  
[  5]  13.00-14.00  sec  51.4 MBytes   431 Mbits/sec  45770  
[  5]  14.00-15.00  sec  53.6 MBytes   450 Mbits/sec  47700  
[  5]  15.00-16.00  sec  50.7 MBytes   426 Mbits/sec  45150  
[  5]  16.00-17.00  sec  59.1 MBytes   496 Mbits/sec  52610  
[  5]  17.00-18.00  sec  51.4 MBytes   432 Mbits/sec  45790  
[  5]  18.00-19.00  sec  53.5 MBytes   449 Mbits/sec  47630  
[  5]  19.00-20.00  sec  49.7 MBytes   417 Mbits/sec  44250  
[  5]  20.00-21.00  sec  59.8 MBytes   501 Mbits/sec  53210  
[  5]  21.00-22.00  sec  55.3 MBytes   464 Mbits/sec  49250  
[  5]  22.00-23.00  sec  54.9 MBytes   460 Mbits/sec  48840  
[  5]  23.00-24.00  sec  57.7 MBytes   484 Mbits/sec  51380  
[  5]  24.00-25.00  sec  50.7 MBytes   425 Mbits/sec  45100  
[  5]  25.00-26.00  sec  50.9 MBytes   427 Mbits/sec  45310  
[  5]  26.00-27.00  sec  51.6 MBytes   433 Mbits/sec  45940  
[  5]  27.00-28.00  sec  54.2 MBytes   454 Mbits/sec  48220  
[  5]  28.00-29.00  sec  50.6 MBytes   425 Mbits/sec  45080  
[  5]  29.00-30.00  sec  56.3 MBytes   472 Mbits/sec  50070  
[  5]  30.00-31.00  sec  51.9 MBytes   436 Mbits/sec  46220  
[  5]  31.00-32.00  sec  55.8 MBytes   468 Mbits/sec  49650  
[  5]  32.00-33.00  sec  55.9 MBytes   469 Mbits/sec  49750  
[  5]  33.00-34.00  sec  53.3 MBytes   447 Mbits/sec  47430  
[  5]  34.00-35.00  sec  52.8 MBytes   443 Mbits/sec  47040  
[  5]  35.00-36.00  sec  52.2 MBytes   438 Mbits/sec  46480  
[  5]  36.00-37.00  sec  50.3 MBytes   422 Mbits/sec  44810  
[  5]  37.00-38.00  sec  54.4 MBytes   457 Mbits/sec  48450  
[  5]  38.00-39.00  sec  54.8 MBytes   460 Mbits/sec  48810  
[  5]  39.00-40.00  sec  52.5 MBytes   441 Mbits/sec  46770  
[  5]  40.00-41.00  sec  54.7 MBytes   459 Mbits/sec  48710  
[  5]  41.00-42.00  sec  57.9 MBytes   486 Mbits/sec  51560  
[  5]  42.00-43.00  sec  59.1 MBytes   496 Mbits/sec  52630  
[  5]  43.00-44.00  sec  53.4 MBytes   448 Mbits/sec  47570  
[  5]  44.00-45.00  sec  58.6 MBytes   491 Mbits/sec  52150  
[  5]  45.00-46.00  sec  56.0 MBytes   470 Mbits/sec  49860  
[  5]  46.00-47.00  sec  58.6 MBytes   492 Mbits/sec  52170  
[  5]  47.00-48.00  sec  55.7 MBytes   467 Mbits/sec  49600  
[  5]  48.00-49.00  sec  54.9 MBytes   460 Mbits/sec  48860  
[  5]  49.00-50.00  sec  52.9 MBytes   444 Mbits/sec  47090  
[  5]  50.00-51.00  sec  53.9 MBytes   452 Mbits/sec  47950  
[  5]  51.00-52.00  sec  53.3 MBytes   447 Mbits/sec  47450  
[  5]  52.00-53.00  sec  51.5 MBytes   432 Mbits/sec  45870  
[  5]  53.00-54.00  sec  57.5 MBytes   483 Mbits/sec  51220  
[  5]  54.00-55.00  sec  53.6 MBytes   450 Mbits/sec  47720  
[  5]  55.00-56.00  sec  46.2 MBytes   388 Mbits/sec  41150  
[  5]  56.00-57.00  sec  52.8 MBytes   443 Mbits/sec  46960  
[  5]  57.00-58.00  sec  51.5 MBytes   432 Mbits/sec  45800  
[  5]  58.00-59.00  sec  55.7 MBytes   467 Mbits/sec  49580  
[  5]  59.00-60.00  sec  51.7 MBytes   433 Mbits/sec  45980  
- - - - - - - - - - - - - - - - - - - - - - - - -
[ ID] Interval           Transfer     Bitrate         Jitter    Lost/Total Datagrams
[  5]   0.00-60.00  sec  3.18 GBytes   456 Mbits/sec  0.000 ms  0/2901340 (0%)  sender
[  5]   0.00-60.29  sec  1.93 GBytes   275 Mbits/sec  0.009 ms  1156176/2901339 (40%)  receiver

iperf Done.
