Connecting to host 10.136.80.167, port 5201
[  5] local 10.136.173.101 port 38768 connected to 10.136.80.167 port 5201
[ ID] Interval           Transfer     Bitrate         Retr  Cwnd
[  5]   0.00-1.00   sec  94.2 MBytes   790 Mbits/sec    2    674 KBytes       (omitted)
[  5]   0.00-1.00   sec  92.5 MBytes   776 Mbits/sec    0    770 KBytes       
[  5]   1.00-2.00   sec  92.5 MBytes   776 Mbits/sec    0    853 KBytes       
[  5]   2.00-3.00   sec  91.2 MBytes   765 Mbits/sec    2    924 KBytes       
[  5]   3.00-4.00   sec  92.5 MBytes   776 Mbits/sec    1    993 KBytes       
[  5]   4.00-5.00   sec  91.2 MBytes   765 Mbits/sec    6    781 KBytes       
[  5]   5.00-6.00   sec  91.2 MBytes   765 Mbits/sec  381    576 KBytes       
[  5]   6.00-7.00   sec  92.5 MBytes   776 Mbits/sec    0    579 KBytes       
[  5]   7.00-8.00   sec  91.2 MBytes   766 Mbits/sec    1    679 KBytes       
[  5]   8.00-9.00   sec  91.2 MBytes   765 Mbits/sec    6    599 KBytes       
[  5]   9.00-10.00  sec  91.2 MBytes   765 Mbits/sec    1    703 KBytes       
[  5]  10.00-11.00  sec  75.0 MBytes   629 Mbits/sec   20   1.11 MBytes       
[  5]  11.00-12.00  sec  92.5 MBytes   776 Mbits/sec    7    882 KBytes       
[  5]  12.00-13.00  sec  92.5 MBytes   775 Mbits/sec   21    670 KBytes       
[  5]  13.00-14.00  sec  91.2 MBytes   766 Mbits/sec    0    767 KBytes       
[  5]  14.00-15.00  sec  92.5 MBytes   776 Mbits/sec    7    628 KBytes       
[  5]  15.00-16.00  sec  91.2 MBytes   765 Mbits/sec    0    730 KBytes       
[  5]  16.00-17.00  sec  91.2 MBytes   765 Mbits/sec    7    605 KBytes       
[  5]  17.00-18.00  sec  92.5 MBytes   776 Mbits/sec    0    710 KBytes       
[  5]  18.00-19.00  sec  91.2 MBytes   765 Mbits/sec    7    610 KBytes       
[  5]  19.00-20.00  sec  92.5 MBytes   776 Mbits/sec    7    511 KBytes       
[  5]  20.00-21.00  sec  91.2 MBytes   765 Mbits/sec  159    457 KBytes       
[  5]  21.00-22.00  sec  91.2 MBytes   765 Mbits/sec    0    588 KBytes       
[  5]  22.00-23.00  sec  92.5 MBytes   776 Mbits/sec    0    696 KBytes       
[  5]  23.00-24.00  sec  91.2 MBytes   765 Mbits/sec    0    789 KBytes       
[  5]  24.00-25.00  sec  91.2 MBytes   765 Mbits/sec   17    496 KBytes       
[  5]  25.00-26.00  sec  92.5 MBytes   776 Mbits/sec    0    621 KBytes       
[  5]  26.00-27.00  sec  91.2 MBytes   765 Mbits/sec   13    440 KBytes       
[  5]  27.00-28.00  sec  91.2 MBytes   765 Mbits/sec    0    573 KBytes       
[  5]  28.00-29.00  sec  91.2 MBytes   766 Mbits/sec    5    542 KBytes       
[  5]  29.00-30.00  sec  92.5 MBytes   776 Mbits/sec    0    655 KBytes       
[  5]  30.00-31.00  sec  91.2 MBytes   765 Mbits/sec    0    754 KBytes       
[  5]  31.00-32.00  sec  92.5 MBytes   776 Mbits/sec    0    838 KBytes       
[  5]  32.00-33.00  sec  91.2 MBytes   765 Mbits/sec    0    916 KBytes       
[  5]  33.00-34.00  sec  92.5 MBytes   776 Mbits/sec   21    725 KBytes       
[  5]  34.00-35.00  sec  92.5 MBytes   776 Mbits/sec    0    815 KBytes       
[  5]  35.00-36.00  sec  91.2 MBytes   765 Mbits/sec    0    894 KBytes       
[  5]  36.00-37.00  sec  92.5 MBytes   776 Mbits/sec   18    694 KBytes       
[  5]  37.00-38.00  sec  91.2 MBytes   765 Mbits/sec  260    576 KBytes       
[  5]  38.00-39.00  sec  92.5 MBytes   776 Mbits/sec    0    684 KBytes       
[  5]  39.00-40.00  sec  91.2 MBytes   765 Mbits/sec    7    553 KBytes       
[  5]  40.00-41.00  sec  92.5 MBytes   776 Mbits/sec    0    666 KBytes       
[  5]  41.00-42.00  sec  92.5 MBytes   776 Mbits/sec    0    763 KBytes       
[  5]  42.00-43.00  sec  91.2 MBytes   766 Mbits/sec    0    848 KBytes       
[  5]  43.00-44.00  sec  92.5 MBytes   776 Mbits/sec    0    924 KBytes       
[  5]  44.00-45.00  sec  91.2 MBytes   765 Mbits/sec   21    725 KBytes       
[  5]  45.00-46.00  sec  92.5 MBytes   776 Mbits/sec    7    594 KBytes       
[  5]  46.00-47.00  sec  91.2 MBytes   765 Mbits/sec    4    530 KBytes       
[  5]  47.00-48.00  sec  91.2 MBytes   765 Mbits/sec    0    644 KBytes       
[  5]  48.00-49.00  sec  91.2 MBytes   765 Mbits/sec    7    549 KBytes       
[  5]  49.00-50.00  sec  92.5 MBytes   776 Mbits/sec    0    664 KBytes       
[  5]  50.00-51.00  sec  91.2 MBytes   765 Mbits/sec    0    760 KBytes       
[  5]  51.00-52.00  sec  92.5 MBytes   776 Mbits/sec    0    845 KBytes       
[  5]  52.00-53.00  sec  92.5 MBytes   776 Mbits/sec    0    923 KBytes       
[  5]  53.00-54.00  sec  91.2 MBytes   765 Mbits/sec   27    522 KBytes       
[  5]  54.00-55.00  sec  91.2 MBytes   765 Mbits/sec    8    498 KBytes       
[  5]  55.00-56.00  sec  91.2 MBytes   765 Mbits/sec   61    356 KBytes       
[  5]  56.00-57.00  sec  91.2 MBytes   765 Mbits/sec    0    512 KBytes       
[  5]  57.00-58.00  sec  91.2 MBytes   765 Mbits/sec    0    633 KBytes       
[  5]  58.00-59.00  sec  92.5 MBytes   776 Mbits/sec    0    733 KBytes       
[  5]  59.00-60.00  sec  92.5 MBytes   776 Mbits/sec    0    822 KBytes       
- - - - - - - - - - - - - - - - - - - - - - - - -
[ ID] Interval           Transfer     Bitrate         Retr
[  5]   0.00-60.00  sec  5.36 GBytes   768 Mbits/sec  1109             sender
[  5]   0.00-60.05  sec  5.37 GBytes   768 Mbits/sec                  receiver

iperf Done.
