Connecting to host knb-server-4107437, port 5201
[  5] local 10.136.173.81 port 42448 connected to 10.43.73.1 port 5201
[ ID] Interval           Transfer     Bitrate         Retr  Cwnd
[  5]   0.00-1.00   sec  27.2 MBytes   228 Mbits/sec    0   1.24 MBytes       (omitted)
[  5]   0.00-1.00   sec  28.8 MBytes   241 Mbits/sec    0   2.66 MBytes       
[  5]   1.00-2.00   sec  32.5 MBytes   273 Mbits/sec  803   1.55 MBytes       
[  5]   2.00-3.00   sec  33.8 MBytes   283 Mbits/sec    0   1.69 MBytes       
[  5]   3.00-4.00   sec  31.2 MBytes   262 Mbits/sec    0   1.81 MBytes       
[  5]   4.00-5.00   sec  31.2 MBytes   262 Mbits/sec  134   1.35 MBytes       
[  5]   5.00-6.00   sec  36.2 MBytes   304 Mbits/sec    0   1.42 MBytes       
[  5]   6.00-7.00   sec  30.0 MBytes   252 Mbits/sec    0   1.47 MBytes       
[  5]   7.00-8.00   sec  28.8 MBytes   241 Mbits/sec    0   1.51 MBytes       
[  5]   8.00-9.00   sec  27.5 MBytes   231 Mbits/sec    0   1.53 MBytes       
[  5]   9.00-10.00  sec  30.0 MBytes   252 Mbits/sec    0   1.55 MBytes       
[  5]  10.00-11.00  sec  32.5 MBytes   273 Mbits/sec    0   1.56 MBytes       
[  5]  11.00-12.00  sec  32.5 MBytes   273 Mbits/sec    0   1.56 MBytes       
[  5]  12.00-13.00  sec  35.0 MBytes   294 Mbits/sec    0   1.56 MBytes       
[  5]  13.00-14.00  sec  33.8 MBytes   283 Mbits/sec    0   1.56 MBytes       
[  5]  14.00-15.00  sec  28.8 MBytes   241 Mbits/sec    0   1.56 MBytes       
[  5]  15.00-16.00  sec  27.5 MBytes   231 Mbits/sec    0   1.57 MBytes       
[  5]  16.00-17.00  sec  26.2 MBytes   220 Mbits/sec    0   1.59 MBytes       
[  5]  17.00-18.00  sec  27.5 MBytes   231 Mbits/sec    0   1.62 MBytes       
[  5]  18.00-19.00  sec  32.5 MBytes   273 Mbits/sec    0   1.66 MBytes       
[  5]  19.00-20.00  sec  32.5 MBytes   273 Mbits/sec    0   1.72 MBytes       
[  5]  20.00-21.00  sec  31.2 MBytes   262 Mbits/sec    0   1.80 MBytes       
[  5]  21.00-22.00  sec  30.0 MBytes   252 Mbits/sec  167    950 KBytes       
[  5]  22.00-23.00  sec  28.8 MBytes   241 Mbits/sec    7    719 KBytes       
[  5]  23.00-24.00  sec  33.8 MBytes   283 Mbits/sec    0    765 KBytes       
[  5]  24.00-25.00  sec  30.0 MBytes   252 Mbits/sec    0    796 KBytes       
[  5]  25.00-26.00  sec  30.0 MBytes   252 Mbits/sec    0    814 KBytes       
[  5]  26.00-27.00  sec  35.0 MBytes   294 Mbits/sec    0    825 KBytes       
[  5]  27.00-28.00  sec  26.2 MBytes   220 Mbits/sec    0    829 KBytes       
[  5]  28.00-29.00  sec  27.5 MBytes   231 Mbits/sec    0    842 KBytes       
[  5]  29.00-30.00  sec  25.0 MBytes   210 Mbits/sec    0    860 KBytes       
[  5]  30.00-31.00  sec  35.0 MBytes   294 Mbits/sec    0    885 KBytes       
[  5]  31.00-32.00  sec  31.2 MBytes   262 Mbits/sec    0    907 KBytes       
[  5]  32.00-33.00  sec  28.8 MBytes   241 Mbits/sec    0    926 KBytes       
[  5]  33.00-34.00  sec  27.5 MBytes   231 Mbits/sec    6    701 KBytes       
[  5]  34.00-35.00  sec  28.8 MBytes   241 Mbits/sec   85    542 KBytes       
[  5]  35.00-36.00  sec  35.0 MBytes   294 Mbits/sec    0    580 KBytes       
[  5]  36.00-37.00  sec  28.8 MBytes   241 Mbits/sec    0    604 KBytes       
[  5]  37.00-38.00  sec  32.5 MBytes   273 Mbits/sec    0    635 KBytes       
[  5]  38.00-39.00  sec  32.5 MBytes   273 Mbits/sec    0    667 KBytes       
[  5]  39.00-40.00  sec  28.8 MBytes   241 Mbits/sec    0    693 KBytes       
[  5]  40.00-41.00  sec  27.5 MBytes   231 Mbits/sec    0    717 KBytes       
[  5]  41.00-42.00  sec  30.0 MBytes   252 Mbits/sec    0    743 KBytes       
[  5]  42.00-43.00  sec  28.8 MBytes   241 Mbits/sec    0    767 KBytes       
[  5]  43.00-44.00  sec  32.5 MBytes   273 Mbits/sec    0    794 KBytes       
[  5]  44.00-45.00  sec  32.5 MBytes   273 Mbits/sec    0    819 KBytes       
[  5]  45.00-46.00  sec  31.2 MBytes   262 Mbits/sec    0    842 KBytes       
[  5]  46.00-47.00  sec  31.2 MBytes   262 Mbits/sec  118    637 KBytes       
[  5]  47.00-48.00  sec  36.2 MBytes   304 Mbits/sec    0    711 KBytes       
[  5]  48.00-49.00  sec  31.2 MBytes   262 Mbits/sec    0    766 KBytes       
[  5]  49.00-50.00  sec  31.2 MBytes   262 Mbits/sec    0    805 KBytes       
[  5]  50.00-51.00  sec  32.5 MBytes   273 Mbits/sec    0    832 KBytes       
[  5]  51.00-52.00  sec  31.2 MBytes   262 Mbits/sec    0    847 KBytes       
[  5]  52.00-53.00  sec  32.5 MBytes   273 Mbits/sec    0    854 KBytes       
[  5]  53.00-54.00  sec  28.8 MBytes   241 Mbits/sec   24    605 KBytes       
[  5]  54.00-55.00  sec  35.0 MBytes   294 Mbits/sec    8    476 KBytes       
[  5]  55.00-56.00  sec  32.5 MBytes   273 Mbits/sec    0    518 KBytes       
[  5]  56.00-57.00  sec  30.0 MBytes   252 Mbits/sec    0    551 KBytes       
[  5]  57.00-58.00  sec  33.8 MBytes   283 Mbits/sec    0    590 KBytes       
[  5]  58.00-59.00  sec  33.8 MBytes   283 Mbits/sec    0    625 KBytes       
[  5]  59.00-60.00  sec  33.8 MBytes   283 Mbits/sec    0    657 KBytes       
- - - - - - - - - - - - - - - - - - - - - - - - -
[ ID] Interval           Transfer     Bitrate         Retr
[  5]   0.00-60.00  sec  1.82 GBytes   260 Mbits/sec  1352             sender
[  5]   0.00-60.05  sec  1.82 GBytes   260 Mbits/sec                  receiver

iperf Done.
