Connecting to host 10.136.80.166, port 5201
[  5] local 10.136.173.103 port 49549 connected to 10.136.80.166 port 5201
[ ID] Interval           Transfer     Bitrate         Total Datagrams
[  5]   0.00-1.00   sec  61.7 MBytes   518 Mbits/sec  54930  (omitted)
[  5]   0.00-1.00   sec  63.0 MBytes   528 Mbits/sec  56080  
[  5]   1.00-2.00   sec  61.6 MBytes   517 Mbits/sec  54820  
[  5]   2.00-3.00   sec  61.6 MBytes   517 Mbits/sec  54820  
[  5]   3.00-4.00   sec  61.8 MBytes   518 Mbits/sec  55000  
[  5]   4.00-5.00   sec  63.2 MBytes   530 Mbits/sec  56240  
[  5]   5.00-6.00   sec  66.2 MBytes   556 Mbits/sec  58970  
[  5]   6.00-7.00   sec  58.1 MBytes   487 Mbits/sec  51720  
[  5]   7.00-8.00   sec  56.2 MBytes   471 Mbits/sec  49990  
[  5]   8.00-9.00   sec  60.6 MBytes   508 Mbits/sec  53920  
[  5]   9.00-10.00  sec  61.8 MBytes   519 Mbits/sec  55050  
[  5]  10.00-11.00  sec  63.3 MBytes   531 Mbits/sec  56330  
[  5]  11.00-12.00  sec  62.5 MBytes   524 Mbits/sec  55590  
[  5]  12.00-13.00  sec  61.2 MBytes   514 Mbits/sec  54520  
[  5]  13.00-14.00  sec  62.1 MBytes   521 Mbits/sec  55270  
[  5]  14.00-15.00  sec  61.7 MBytes   517 Mbits/sec  54880  
[  5]  15.00-16.00  sec  63.2 MBytes   530 Mbits/sec  56260  
[  5]  16.00-17.00  sec  62.2 MBytes   522 Mbits/sec  55360  
[  5]  17.00-18.00  sec  66.5 MBytes   558 Mbits/sec  59160  
[  5]  18.00-19.00  sec  61.3 MBytes   514 Mbits/sec  54540  
[  5]  19.00-20.00  sec  62.3 MBytes   523 Mbits/sec  55440  
[  5]  20.00-21.00  sec  67.5 MBytes   566 Mbits/sec  60040  
[  5]  21.00-22.00  sec  62.0 MBytes   520 Mbits/sec  55200  
[  5]  22.00-23.00  sec  63.6 MBytes   534 Mbits/sec  56650  
[  5]  23.00-24.00  sec  61.2 MBytes   513 Mbits/sec  54450  
[  5]  24.00-25.00  sec  62.4 MBytes   523 Mbits/sec  55500  
[  5]  25.00-26.00  sec  66.1 MBytes   554 Mbits/sec  58820  
[  5]  26.00-27.00  sec  73.0 MBytes   612 Mbits/sec  64940  
[  5]  27.00-28.00  sec  70.1 MBytes   588 Mbits/sec  62380  
[  5]  28.00-29.00  sec  64.7 MBytes   543 Mbits/sec  57630  
[  5]  29.00-30.00  sec  66.7 MBytes   559 Mbits/sec  59350  
[  5]  30.00-31.00  sec  62.2 MBytes   522 Mbits/sec  55370  
[  5]  31.00-32.00  sec  63.7 MBytes   534 Mbits/sec  56670  
[  5]  32.00-33.00  sec  64.9 MBytes   545 Mbits/sec  57780  
[  5]  33.00-34.00  sec  61.3 MBytes   514 Mbits/sec  54550  
[  5]  34.00-35.00  sec  72.8 MBytes   611 Mbits/sec  64810  
[  5]  35.00-36.00  sec  62.2 MBytes   522 Mbits/sec  55400  
[  5]  36.00-37.00  sec  64.0 MBytes   537 Mbits/sec  57010  
[  5]  37.00-38.00  sec  71.7 MBytes   602 Mbits/sec  63850  
[  5]  38.00-39.00  sec  59.5 MBytes   499 Mbits/sec  52930  
[  5]  39.00-40.00  sec  61.7 MBytes   518 Mbits/sec  54950  
[  5]  40.00-41.00  sec  61.6 MBytes   517 Mbits/sec  54860  
[  5]  41.00-42.00  sec  63.3 MBytes   531 Mbits/sec  56350  
[  5]  42.00-43.00  sec  64.9 MBytes   545 Mbits/sec  57790  
[  5]  43.00-44.00  sec  62.4 MBytes   524 Mbits/sec  55580  
[  5]  44.00-45.00  sec  60.5 MBytes   508 Mbits/sec  53880  
[  5]  45.00-46.00  sec  65.5 MBytes   550 Mbits/sec  58320  
[  5]  46.00-47.00  sec  60.0 MBytes   503 Mbits/sec  53370  
[  5]  47.00-48.00  sec  68.0 MBytes   571 Mbits/sec  60550  
[  5]  48.00-49.00  sec  60.3 MBytes   506 Mbits/sec  53670  
[  5]  49.00-50.00  sec  64.2 MBytes   539 Mbits/sec  57160  
[  5]  50.00-51.00  sec  63.5 MBytes   532 Mbits/sec  56490  
[  5]  51.00-52.00  sec  67.8 MBytes   569 Mbits/sec  60340  
[  5]  52.00-53.00  sec  61.6 MBytes   517 Mbits/sec  54820  
[  5]  53.00-54.00  sec  59.1 MBytes   495 Mbits/sec  52570  
[  5]  54.00-55.00  sec  58.5 MBytes   491 Mbits/sec  52100  
[  5]  55.00-56.00  sec  65.2 MBytes   547 Mbits/sec  58020  
[  5]  56.00-57.00  sec  62.6 MBytes   525 Mbits/sec  55700  
[  5]  57.00-58.00  sec  62.1 MBytes   521 Mbits/sec  55250  
[  5]  58.00-59.00  sec  69.6 MBytes   584 Mbits/sec  61950  
[  5]  59.00-60.00  sec  54.9 MBytes   460 Mbits/sec  48830  
- - - - - - - - - - - - - - - - - - - - - - - - -
[ ID] Interval           Transfer     Bitrate         Jitter    Lost/Total Datagrams
[  5]   0.00-60.00  sec  3.71 GBytes   531 Mbits/sec  0.000 ms  0/3379840 (0%)  sender
[  5]   0.00-60.04  sec  3.63 GBytes   519 Mbits/sec  0.023 ms  77645/3379813 (2.3%)  receiver

iperf Done.
