Connecting to host 10.136.80.168, port 5201
[  5] local 10.136.173.104 port 59955 connected to 10.136.80.168 port 5201
[ ID] Interval           Transfer     Bitrate         Total Datagrams
[  5]   0.00-1.00   sec  60.5 MBytes   508 Mbits/sec  53890  (omitted)
[  5]   0.00-1.00   sec  48.2 MBytes   404 Mbits/sec  42900  
[  5]   1.00-2.00   sec  49.6 MBytes   416 Mbits/sec  44130  
[  5]   2.00-3.00   sec  55.1 MBytes   462 Mbits/sec  49030  
[  5]   3.00-4.00   sec  65.7 MBytes   552 Mbits/sec  58520  
[  5]   4.00-5.00   sec  58.5 MBytes   490 Mbits/sec  52030  
[  5]   5.00-6.00   sec  55.5 MBytes   466 Mbits/sec  49420  
[  5]   6.00-7.00   sec  50.7 MBytes   425 Mbits/sec  45100  
[  5]   7.00-8.00   sec  57.3 MBytes   481 Mbits/sec  51030  
[  5]   8.00-9.00   sec  61.6 MBytes   517 Mbits/sec  54840  
[  5]   9.00-10.00  sec  59.1 MBytes   496 Mbits/sec  52630  
[  5]  10.00-11.00  sec  58.8 MBytes   494 Mbits/sec  52360  
[  5]  11.00-12.00  sec  58.6 MBytes   492 Mbits/sec  52200  
[  5]  12.00-13.00  sec  53.3 MBytes   447 Mbits/sec  47420  
[  5]  13.00-14.00  sec  57.4 MBytes   481 Mbits/sec  51050  
[  5]  14.00-15.00  sec  56.2 MBytes   471 Mbits/sec  50000  
[  5]  15.00-16.00  sec  54.1 MBytes   454 Mbits/sec  48150  
[  5]  16.00-17.00  sec  53.4 MBytes   448 Mbits/sec  47530  
[  5]  17.00-18.00  sec  59.6 MBytes   500 Mbits/sec  53070  
[  5]  18.00-19.00  sec  52.2 MBytes   438 Mbits/sec  46490  
[  5]  19.00-20.00  sec  60.5 MBytes   507 Mbits/sec  53820  
[  5]  20.00-21.00  sec  53.1 MBytes   445 Mbits/sec  47250  
[  5]  21.00-22.00  sec  60.6 MBytes   509 Mbits/sec  53980  
[  5]  22.00-23.00  sec  59.0 MBytes   495 Mbits/sec  52540  
[  5]  23.00-24.00  sec  59.8 MBytes   502 Mbits/sec  53210  
[  5]  24.00-25.00  sec  58.0 MBytes   487 Mbits/sec  51660  
[  5]  25.00-26.00  sec  59.3 MBytes   497 Mbits/sec  52760  
[  5]  26.00-27.00  sec  52.9 MBytes   444 Mbits/sec  47070  
[  5]  27.00-28.00  sec  59.1 MBytes   496 Mbits/sec  52590  
[  5]  28.00-29.00  sec  57.4 MBytes   482 Mbits/sec  51100  
[  5]  29.00-30.00  sec  55.1 MBytes   462 Mbits/sec  49020  
[  5]  30.00-31.00  sec  55.4 MBytes   465 Mbits/sec  49290  
[  5]  31.00-32.00  sec  55.0 MBytes   461 Mbits/sec  48920  
[  5]  32.00-33.00  sec  61.8 MBytes   519 Mbits/sec  55050  
[  5]  33.00-34.00  sec  52.2 MBytes   438 Mbits/sec  46460  
[  5]  34.00-35.00  sec  61.8 MBytes   519 Mbits/sec  55040  
[  5]  35.00-36.00  sec  58.7 MBytes   493 Mbits/sec  52290  
[  5]  36.00-37.00  sec  47.2 MBytes   396 Mbits/sec  42000  
[  5]  37.00-38.00  sec  42.6 MBytes   358 Mbits/sec  37960  
[  5]  38.00-39.00  sec  53.7 MBytes   451 Mbits/sec  47830  
[  5]  39.00-40.00  sec  58.1 MBytes   487 Mbits/sec  51680  
[  5]  40.00-41.00  sec  53.7 MBytes   450 Mbits/sec  47770  
[  5]  41.00-42.00  sec  56.2 MBytes   471 Mbits/sec  50000  
[  5]  42.00-43.00  sec  61.4 MBytes   515 Mbits/sec  54630  
[  5]  43.00-44.00  sec  47.6 MBytes   399 Mbits/sec  42360  
[  5]  44.00-45.00  sec  53.1 MBytes   446 Mbits/sec  47300  
[  5]  45.00-46.00  sec  59.8 MBytes   502 Mbits/sec  53260  
[  5]  46.00-47.00  sec  49.0 MBytes   411 Mbits/sec  43600  
[  5]  47.00-48.00  sec  57.5 MBytes   482 Mbits/sec  51140  
[  5]  48.00-49.00  sec  56.5 MBytes   474 Mbits/sec  50310  
[  5]  49.00-50.00  sec  58.4 MBytes   490 Mbits/sec  52010  
[  5]  50.00-51.00  sec  51.4 MBytes   431 Mbits/sec  45720  
[  5]  51.00-52.00  sec  59.2 MBytes   497 Mbits/sec  52740  
[  5]  52.00-53.00  sec  57.9 MBytes   486 Mbits/sec  51560  
[  5]  53.00-54.00  sec  52.9 MBytes   444 Mbits/sec  47080  
[  5]  54.00-55.00  sec  56.3 MBytes   472 Mbits/sec  50120  
[  5]  55.00-56.00  sec  55.0 MBytes   462 Mbits/sec  49000  
[  5]  56.00-57.00  sec  55.5 MBytes   466 Mbits/sec  49440  
[  5]  57.00-58.00  sec  55.7 MBytes   467 Mbits/sec  49540  
[  5]  58.00-59.00  sec  52.6 MBytes   441 Mbits/sec  46780  
[  5]  59.00-60.00  sec  57.2 MBytes   480 Mbits/sec  50920  
- - - - - - - - - - - - - - - - - - - - - - - - -
[ ID] Interval           Transfer     Bitrate         Jitter    Lost/Total Datagrams
[  5]   0.00-60.00  sec  3.27 GBytes   469 Mbits/sec  0.000 ms  0/2984700 (0%)  sender
[  5]   0.00-60.08  sec  2.03 GBytes   290 Mbits/sec  0.039 ms  1161321/2984700 (39%)  receiver

iperf Done.
