Connecting to host 10.136.80.187, port 5201
[  5] local 10.136.173.98 port 52286 connected to 10.136.80.187 port 5201
[ ID] Interval           Transfer     Bitrate         Total Datagrams
[  5]   0.00-1.00   sec  56.1 MBytes   471 Mbits/sec  49960  (omitted)
[  5]   0.00-1.00   sec  51.9 MBytes   435 Mbits/sec  46170  
[  5]   1.00-2.00   sec  59.9 MBytes   502 Mbits/sec  53300  
[  5]   2.00-3.00   sec  50.8 MBytes   426 Mbits/sec  45210  
[  5]   3.00-4.00   sec  53.5 MBytes   449 Mbits/sec  47610  
[  5]   4.00-5.00   sec  57.1 MBytes   479 Mbits/sec  50830  
[  5]   5.00-6.00   sec  51.0 MBytes   427 Mbits/sec  45370  
[  5]   6.00-7.00   sec  55.1 MBytes   463 Mbits/sec  49070  
[  5]   7.00-8.00   sec  48.5 MBytes   407 Mbits/sec  43180  
[  5]   8.00-9.00   sec  48.2 MBytes   405 Mbits/sec  42930  
[  5]   9.00-10.00  sec  57.8 MBytes   485 Mbits/sec  51470  
[  5]  10.00-11.00  sec  62.1 MBytes   521 Mbits/sec  55300  
[  5]  11.00-12.00  sec  53.7 MBytes   451 Mbits/sec  47840  
[  5]  12.00-13.00  sec  53.0 MBytes   445 Mbits/sec  47190  
[  5]  13.00-14.00  sec  53.6 MBytes   449 Mbits/sec  47670  
[  5]  14.00-15.00  sec  56.7 MBytes   476 Mbits/sec  50500  
[  5]  15.00-16.00  sec  59.5 MBytes   499 Mbits/sec  52970  
[  5]  16.00-17.00  sec  53.4 MBytes   448 Mbits/sec  47510  
[  5]  17.00-18.00  sec  57.6 MBytes   483 Mbits/sec  51270  
[  5]  18.00-19.00  sec  54.8 MBytes   459 Mbits/sec  48760  
[  5]  19.00-20.00  sec  58.6 MBytes   491 Mbits/sec  52130  
[  5]  20.00-21.00  sec  50.6 MBytes   424 Mbits/sec  45000  
[  5]  21.00-22.00  sec  56.6 MBytes   475 Mbits/sec  50360  
[  5]  22.00-23.00  sec  54.3 MBytes   456 Mbits/sec  48350  
[  5]  23.00-24.00  sec  63.5 MBytes   532 Mbits/sec  56480  
[  5]  24.00-25.00  sec  53.4 MBytes   448 Mbits/sec  47500  
[  5]  25.00-26.00  sec  57.6 MBytes   483 Mbits/sec  51260  
[  5]  26.00-27.00  sec  53.3 MBytes   447 Mbits/sec  47410  
[  5]  27.00-28.00  sec  54.1 MBytes   454 Mbits/sec  48170  
[  5]  28.00-29.00  sec  53.7 MBytes   451 Mbits/sec  47830  
[  5]  29.00-30.00  sec  58.8 MBytes   494 Mbits/sec  52370  
[  5]  30.00-31.00  sec  60.5 MBytes   507 Mbits/sec  53850  
[  5]  31.00-32.00  sec  50.6 MBytes   425 Mbits/sec  45070  
[  5]  32.00-33.00  sec  58.5 MBytes   491 Mbits/sec  52100  
[  5]  33.00-34.00  sec  55.9 MBytes   469 Mbits/sec  49790  
[  5]  34.00-35.00  sec  55.3 MBytes   464 Mbits/sec  49260  
[  5]  35.00-36.00  sec  58.2 MBytes   488 Mbits/sec  51820  
[  5]  36.00-37.00  sec  58.2 MBytes   488 Mbits/sec  51780  
[  5]  37.00-38.00  sec  56.5 MBytes   474 Mbits/sec  50290  
[  5]  38.00-39.00  sec  57.7 MBytes   484 Mbits/sec  51320  
[  5]  39.00-40.00  sec  60.0 MBytes   503 Mbits/sec  53420  
[  5]  40.00-41.00  sec  58.1 MBytes   488 Mbits/sec  51760  
[  5]  41.00-42.00  sec  53.1 MBytes   445 Mbits/sec  47270  
[  5]  42.00-43.00  sec  46.0 MBytes   386 Mbits/sec  40930  
[  5]  43.00-44.00  sec  51.8 MBytes   435 Mbits/sec  46130  
[  5]  44.00-45.00  sec  57.6 MBytes   483 Mbits/sec  51230  
[  5]  45.00-46.00  sec  55.0 MBytes   462 Mbits/sec  49000  
[  5]  46.00-47.00  sec  57.2 MBytes   480 Mbits/sec  50940  
[  5]  47.00-48.00  sec  57.8 MBytes   485 Mbits/sec  51490  
[  5]  48.00-49.00  sec  62.4 MBytes   523 Mbits/sec  55510  
[  5]  49.00-50.00  sec  58.8 MBytes   493 Mbits/sec  52350  
[  5]  50.00-51.00  sec  60.0 MBytes   503 Mbits/sec  53410  
[  5]  51.00-52.00  sec  52.8 MBytes   443 Mbits/sec  47020  
[  5]  52.00-53.00  sec  55.1 MBytes   462 Mbits/sec  49020  
[  5]  53.00-54.00  sec  54.8 MBytes   459 Mbits/sec  48740  
[  5]  54.00-55.00  sec  61.2 MBytes   514 Mbits/sec  54490  
[  5]  55.00-56.00  sec  54.0 MBytes   453 Mbits/sec  48070  
[  5]  56.00-57.00  sec  48.4 MBytes   406 Mbits/sec  43100  
[  5]  57.00-58.00  sec  50.3 MBytes   422 Mbits/sec  44750  
[  5]  58.00-59.00  sec  60.4 MBytes   506 Mbits/sec  53730  
[  5]  59.00-60.00  sec  50.8 MBytes   426 Mbits/sec  45180  
- - - - - - - - - - - - - - - - - - - - - - - - -
[ ID] Interval           Transfer     Bitrate         Jitter    Lost/Total Datagrams
[  5]   0.00-60.00  sec  3.25 GBytes   466 Mbits/sec  0.000 ms  0/2963830 (0%)  sender
[  5]   0.00-62.01  sec  60.0 MBytes  8.12 Mbits/sec  0.775 ms  2957599/2961332 (1e+02%)  receiver

iperf Done.
