Connecting to host 10.136.80.149, port 5201
[  5] local 10.136.173.84 port 47714 connected to 10.136.80.149 port 5201
[ ID] Interval           Transfer     Bitrate         Retr  Cwnd
[  5]   0.00-1.00   sec  5.48 MBytes  45.9 Mbits/sec   42   18.4 KBytes       (omitted)
[  5]   0.00-1.00   sec  5.77 MBytes  48.4 Mbits/sec   47   11.5 KBytes       
[  5]   1.00-2.00   sec  5.82 MBytes  48.9 Mbits/sec   41   12.7 KBytes       
[  5]   2.00-3.00   sec  5.33 MBytes  44.7 Mbits/sec   49   8.05 KBytes       
[  5]   3.00-4.00   sec  4.45 MBytes  37.3 Mbits/sec   41   15.0 KBytes       
[  5]   4.00-5.00   sec  5.16 MBytes  43.3 Mbits/sec   59   8.05 KBytes       
[  5]   5.00-6.00   sec  5.38 MBytes  45.1 Mbits/sec   50   13.8 KBytes       
[  5]   6.00-7.00   sec  4.52 MBytes  37.9 Mbits/sec   48   8.05 KBytes       
[  5]   7.00-8.00   sec  4.33 MBytes  36.3 Mbits/sec   39   5.75 KBytes       
[  5]   8.00-9.00   sec  4.20 MBytes  35.2 Mbits/sec   47   4.60 KBytes       
[  5]   9.00-10.00  sec  5.52 MBytes  46.3 Mbits/sec   46   9.20 KBytes       
[  5]  10.00-11.00  sec  5.75 MBytes  48.2 Mbits/sec   47   9.20 KBytes       
[  5]  11.00-12.00  sec  5.51 MBytes  46.2 Mbits/sec   46   18.4 KBytes       
[  5]  12.00-13.00  sec  6.39 MBytes  53.6 Mbits/sec   49   15.0 KBytes       
[  5]  13.00-14.00  sec  4.33 MBytes  36.3 Mbits/sec   47   4.60 KBytes       
[  5]  14.00-15.00  sec  5.13 MBytes  43.0 Mbits/sec   44   9.20 KBytes       
[  5]  15.00-16.00  sec  5.75 MBytes  48.2 Mbits/sec   50   6.90 KBytes       
[  5]  16.00-17.00  sec  5.50 MBytes  46.1 Mbits/sec   53   15.0 KBytes       
[  5]  17.00-18.00  sec  5.32 MBytes  44.6 Mbits/sec   54   9.20 KBytes       
[  5]  18.00-19.00  sec  4.70 MBytes  39.4 Mbits/sec   43   9.20 KBytes       
[  5]  19.00-20.00  sec  5.56 MBytes  46.6 Mbits/sec   45   9.20 KBytes       
[  5]  20.00-21.00  sec  4.76 MBytes  39.9 Mbits/sec   49   6.90 KBytes       
[  5]  21.00-22.00  sec  5.47 MBytes  45.8 Mbits/sec   46   5.75 KBytes       
[  5]  22.00-23.00  sec  4.57 MBytes  38.4 Mbits/sec   45   21.9 KBytes       
[  5]  23.00-24.00  sec  5.00 MBytes  42.0 Mbits/sec   47   10.4 KBytes       
[  5]  24.00-25.00  sec  4.88 MBytes  40.9 Mbits/sec   41   11.5 KBytes       
[  5]  25.00-26.00  sec  5.31 MBytes  44.6 Mbits/sec   46   5.75 KBytes       
[  5]  26.00-27.00  sec  4.94 MBytes  41.5 Mbits/sec   44   4.60 KBytes       
[  5]  27.00-28.00  sec  4.70 MBytes  39.4 Mbits/sec   48   9.20 KBytes       
[  5]  28.00-29.00  sec  5.19 MBytes  43.5 Mbits/sec   40   26.5 KBytes       
[  5]  29.00-30.00  sec  5.20 MBytes  43.6 Mbits/sec   53   8.05 KBytes       
[  5]  30.00-31.00  sec  3.77 MBytes  31.6 Mbits/sec   51   5.75 KBytes       
[  5]  31.00-32.00  sec  5.31 MBytes  44.6 Mbits/sec   43   11.5 KBytes       
[  5]  32.00-33.00  sec  4.88 MBytes  41.0 Mbits/sec   39   12.7 KBytes       
[  5]  33.00-34.00  sec  5.00 MBytes  42.0 Mbits/sec   45   9.20 KBytes       
[  5]  34.00-35.00  sec  4.33 MBytes  36.3 Mbits/sec   49   8.05 KBytes       
[  5]  35.00-36.00  sec  3.71 MBytes  31.1 Mbits/sec   47   3.45 KBytes       
[  5]  36.00-37.00  sec  5.00 MBytes  42.0 Mbits/sec   48   3.45 KBytes       
[  5]  37.00-38.00  sec  4.33 MBytes  36.3 Mbits/sec   40   8.05 KBytes       
[  5]  38.00-39.00  sec  5.93 MBytes  49.8 Mbits/sec   37   13.8 KBytes       
[  5]  39.00-40.00  sec  5.38 MBytes  45.1 Mbits/sec   47   5.75 KBytes       
[  5]  40.00-41.00  sec  4.14 MBytes  34.7 Mbits/sec   41   3.45 KBytes       
[  5]  41.00-42.00  sec  5.13 MBytes  43.0 Mbits/sec   45   23.0 KBytes       
[  5]  42.00-43.00  sec  5.38 MBytes  45.2 Mbits/sec   47   6.90 KBytes       
[  5]  43.00-44.00  sec  4.70 MBytes  39.4 Mbits/sec   42   6.90 KBytes       
[  5]  44.00-45.00  sec  4.63 MBytes  38.9 Mbits/sec   44   9.20 KBytes       
[  5]  45.00-46.00  sec  5.07 MBytes  42.5 Mbits/sec   46   5.75 KBytes       
[  5]  46.00-47.00  sec  4.88 MBytes  40.9 Mbits/sec   46   13.8 KBytes       
[  5]  47.00-48.00  sec  5.88 MBytes  49.3 Mbits/sec   48   5.75 KBytes       
[  5]  48.00-49.00  sec  4.51 MBytes  37.8 Mbits/sec   48   5.75 KBytes       
[  5]  49.00-50.00  sec  4.84 MBytes  40.6 Mbits/sec   43   15.0 KBytes       
[  5]  50.00-51.00  sec  5.31 MBytes  44.6 Mbits/sec   49   8.05 KBytes       
[  5]  51.00-52.00  sec  4.88 MBytes  40.9 Mbits/sec   41   8.05 KBytes       
[  5]  52.00-53.00  sec  5.25 MBytes  44.1 Mbits/sec   43   11.5 KBytes       
[  5]  53.00-54.00  sec  4.70 MBytes  39.4 Mbits/sec   44   8.05 KBytes       
[  5]  54.00-55.00  sec  5.38 MBytes  45.1 Mbits/sec   44   20.7 KBytes       
[  5]  55.00-56.00  sec  4.51 MBytes  37.8 Mbits/sec   52   5.75 KBytes       
[  5]  56.00-57.00  sec  5.45 MBytes  45.7 Mbits/sec   44   11.5 KBytes       
[  5]  57.00-58.00  sec  4.89 MBytes  41.0 Mbits/sec   44   11.5 KBytes       
[  5]  58.00-59.00  sec  5.44 MBytes  45.6 Mbits/sec   45   8.05 KBytes       
[  5]  59.00-60.00  sec  5.08 MBytes  42.6 Mbits/sec   42   27.6 KBytes       
- - - - - - - - - - - - - - - - - - - - - - - - -
[ ID] Interval           Transfer     Bitrate         Retr
[  5]   0.00-60.00  sec   302 MBytes  42.2 Mbits/sec  2748             sender
[  5]   0.00-60.04  sec   302 MBytes  42.2 Mbits/sec                  receiver

iperf Done.
