Connecting to host 10.136.80.164, port 5201
[  5] local 10.136.173.100 port 49050 connected to 10.136.80.164 port 5201
[ ID] Interval           Transfer     Bitrate         Total Datagrams
[  5]   0.00-1.00   sec  61.1 MBytes   512 Mbits/sec  54380  (omitted)
[  5]   0.00-1.00   sec  60.9 MBytes   510 Mbits/sec  54170  
[  5]   1.00-2.00   sec  59.5 MBytes   499 Mbits/sec  52950  
[  5]   2.00-3.00   sec  63.2 MBytes   530 Mbits/sec  56240  
[  5]   3.00-4.00   sec  61.6 MBytes   517 Mbits/sec  54830  
[  5]   4.00-5.00   sec  61.1 MBytes   513 Mbits/sec  54420  
[  5]   5.00-6.00   sec  61.6 MBytes   517 Mbits/sec  54820  
[  5]   6.00-7.00   sec  53.0 MBytes   445 Mbits/sec  47220  
[  5]   7.00-8.00   sec  64.4 MBytes   540 Mbits/sec  57340  
[  5]   8.00-9.00   sec  62.3 MBytes   522 Mbits/sec  55430  
[  5]   9.00-10.00  sec  60.5 MBytes   508 Mbits/sec  53860  
[  5]  10.00-11.00  sec  60.9 MBytes   511 Mbits/sec  54220  
[  5]  11.00-12.00  sec  63.3 MBytes   531 Mbits/sec  56370  
[  5]  12.00-13.00  sec  61.0 MBytes   511 Mbits/sec  54270  
[  5]  13.00-14.00  sec  63.1 MBytes   530 Mbits/sec  56200  
[  5]  14.00-15.00  sec  61.2 MBytes   514 Mbits/sec  54510  
[  5]  15.00-16.00  sec  61.4 MBytes   515 Mbits/sec  54690  
[  5]  16.00-17.00  sec  59.0 MBytes   495 Mbits/sec  52520  
[  5]  17.00-18.00  sec  59.7 MBytes   501 Mbits/sec  53140  
[  5]  18.00-19.00  sec  64.2 MBytes   539 Mbits/sec  57150  
[  5]  19.00-20.00  sec  60.8 MBytes   510 Mbits/sec  54080  
[  5]  20.00-21.00  sec  60.2 MBytes   505 Mbits/sec  53580  
[  5]  21.00-22.00  sec  60.9 MBytes   511 Mbits/sec  54210  
[  5]  22.00-23.00  sec  60.9 MBytes   511 Mbits/sec  54170  
[  5]  23.00-24.00  sec  57.7 MBytes   484 Mbits/sec  51340  
[  5]  24.00-25.00  sec  60.6 MBytes   509 Mbits/sec  53980  
[  5]  25.00-26.00  sec  60.5 MBytes   508 Mbits/sec  53880  
[  5]  26.00-27.00  sec  68.9 MBytes   578 Mbits/sec  61360  
[  5]  27.00-28.00  sec  65.0 MBytes   545 Mbits/sec  57850  
[  5]  28.00-29.00  sec  61.1 MBytes   513 Mbits/sec  54430  
[  5]  29.00-30.00  sec  68.3 MBytes   573 Mbits/sec  60840  
[  5]  30.00-31.00  sec  63.1 MBytes   529 Mbits/sec  56180  
[  5]  31.00-32.00  sec  62.0 MBytes   520 Mbits/sec  55170  
[  5]  32.00-33.00  sec  60.4 MBytes   507 Mbits/sec  53780  
[  5]  33.00-34.00  sec  60.9 MBytes   511 Mbits/sec  54220  
[  5]  34.00-35.00  sec  61.4 MBytes   515 Mbits/sec  54630  
[  5]  35.00-36.00  sec  60.7 MBytes   509 Mbits/sec  54010  
[  5]  36.00-37.00  sec  61.2 MBytes   513 Mbits/sec  54480  
[  5]  37.00-38.00  sec  63.2 MBytes   530 Mbits/sec  56240  
[  5]  38.00-39.00  sec  60.8 MBytes   510 Mbits/sec  54090  
[  5]  39.00-40.00  sec  60.7 MBytes   509 Mbits/sec  53990  
[  5]  40.00-41.00  sec  60.8 MBytes   510 Mbits/sec  54130  
[  5]  41.00-42.00  sec  61.8 MBytes   519 Mbits/sec  55020  
[  5]  42.00-43.00  sec  67.0 MBytes   562 Mbits/sec  59670  
[  5]  43.00-44.00  sec  68.8 MBytes   577 Mbits/sec  61240  
[  5]  44.00-45.00  sec  61.7 MBytes   518 Mbits/sec  54950  
[  5]  45.00-46.00  sec  63.1 MBytes   529 Mbits/sec  56130  
[  5]  46.00-47.00  sec  52.4 MBytes   439 Mbits/sec  46630  
[  5]  47.00-48.00  sec  73.3 MBytes   615 Mbits/sec  65230  
[  5]  48.00-49.00  sec  62.6 MBytes   525 Mbits/sec  55730  
[  5]  49.00-50.00  sec  61.1 MBytes   513 Mbits/sec  54430  
[  5]  50.00-51.00  sec  63.2 MBytes   530 Mbits/sec  56240  
[  5]  51.00-52.00  sec  61.4 MBytes   515 Mbits/sec  54660  
[  5]  52.00-53.00  sec  61.4 MBytes   515 Mbits/sec  54670  
[  5]  53.00-54.00  sec  60.9 MBytes   511 Mbits/sec  54190  
[  5]  54.00-55.00  sec  60.1 MBytes   504 Mbits/sec  53470  
[  5]  55.00-56.00  sec  61.9 MBytes   519 Mbits/sec  55090  
[  5]  56.00-57.00  sec  62.4 MBytes   523 Mbits/sec  55500  
[  5]  57.00-58.00  sec  62.2 MBytes   521 Mbits/sec  55330  
[  5]  58.00-59.00  sec  64.4 MBytes   540 Mbits/sec  57310  
[  5]  59.00-60.00  sec  63.5 MBytes   533 Mbits/sec  56530  
- - - - - - - - - - - - - - - - - - - - - - - - -
[ ID] Interval           Transfer     Bitrate         Jitter    Lost/Total Datagrams
[  5]   0.00-60.00  sec  3.63 GBytes   519 Mbits/sec  0.000 ms  0/3307010 (0%)  sender
[  5]   0.00-60.04  sec  3.56 GBytes   509 Mbits/sec  2.630 ms  67036/3307004 (2%)  receiver

iperf Done.
