Connecting to host 10.136.80.167, port 5201
[  5] local 10.136.173.102 port 52969 connected to 10.136.80.167 port 5201
[ ID] Interval           Transfer     Bitrate         Total Datagrams
[  5]   0.00-1.00   sec  49.0 MBytes   411 Mbits/sec  43620  (omitted)
[  5]   0.00-1.00   sec  56.7 MBytes   476 Mbits/sec  50480  
[  5]   1.00-2.00   sec  56.9 MBytes   478 Mbits/sec  50680  
[  5]   2.00-3.00   sec  51.3 MBytes   430 Mbits/sec  45670  
[  5]   3.00-4.00   sec  57.4 MBytes   482 Mbits/sec  51110  
[  5]   4.00-5.00   sec  56.6 MBytes   475 Mbits/sec  50350  
[  5]   5.00-6.00   sec  62.3 MBytes   523 Mbits/sec  55490  
[  5]   6.00-7.00   sec  61.9 MBytes   519 Mbits/sec  55090  
[  5]   7.00-8.00   sec  50.7 MBytes   425 Mbits/sec  45140  
[  5]   8.00-9.00   sec  56.7 MBytes   476 Mbits/sec  50500  
[  5]   9.00-10.00  sec  55.3 MBytes   464 Mbits/sec  49180  
[  5]  10.00-11.00  sec  58.7 MBytes   492 Mbits/sec  52230  
[  5]  11.00-12.00  sec  53.9 MBytes   453 Mbits/sec  48020  
[  5]  12.00-13.00  sec  46.2 MBytes   388 Mbits/sec  41130  
[  5]  13.00-14.00  sec  55.7 MBytes   467 Mbits/sec  49590  
[  5]  14.00-15.00  sec  57.7 MBytes   484 Mbits/sec  51360  
[  5]  15.00-16.00  sec  54.9 MBytes   461 Mbits/sec  48900  
[  5]  16.00-17.00  sec  46.0 MBytes   386 Mbits/sec  40970  
[  5]  17.00-18.00  sec  52.1 MBytes   437 Mbits/sec  46380  
[  5]  18.00-19.00  sec  57.7 MBytes   484 Mbits/sec  51380  
[  5]  19.00-20.00  sec  54.6 MBytes   458 Mbits/sec  48560  
[  5]  20.00-21.00  sec  53.7 MBytes   450 Mbits/sec  47760  
[  5]  21.00-22.00  sec  54.7 MBytes   459 Mbits/sec  48720  
[  5]  22.00-23.00  sec  56.3 MBytes   473 Mbits/sec  50150  
[  5]  23.00-24.00  sec  54.5 MBytes   458 Mbits/sec  48550  
[  5]  24.00-25.00  sec  46.7 MBytes   392 Mbits/sec  41560  
[  5]  25.00-26.00  sec  55.9 MBytes   469 Mbits/sec  49740  
[  5]  26.00-27.00  sec  60.4 MBytes   506 Mbits/sec  53720  
[  5]  27.00-28.00  sec  51.9 MBytes   435 Mbits/sec  46190  
[  5]  28.00-29.00  sec  63.1 MBytes   529 Mbits/sec  56130  
[  5]  29.00-30.00  sec  60.8 MBytes   510 Mbits/sec  54110  
[  5]  30.00-31.00  sec  53.6 MBytes   449 Mbits/sec  47680  
[  5]  31.00-32.00  sec  56.6 MBytes   475 Mbits/sec  50420  
[  5]  32.00-33.00  sec  58.1 MBytes   487 Mbits/sec  51710  
[  5]  33.00-34.00  sec  47.1 MBytes   395 Mbits/sec  41890  
[  5]  34.00-35.00  sec  55.6 MBytes   466 Mbits/sec  49500  
[  5]  35.00-36.00  sec  61.0 MBytes   512 Mbits/sec  54340  
[  5]  36.00-37.00  sec  51.0 MBytes   428 Mbits/sec  45420  
[  5]  37.00-38.00  sec  58.5 MBytes   491 Mbits/sec  52050  
[  5]  38.00-39.00  sec  57.8 MBytes   485 Mbits/sec  51470  
[  5]  39.00-40.00  sec  48.4 MBytes   406 Mbits/sec  43060  
[  5]  40.00-41.00  sec  50.2 MBytes   421 Mbits/sec  44680  
[  5]  41.00-42.00  sec  52.3 MBytes   439 Mbits/sec  46570  
[  5]  42.00-43.00  sec  53.9 MBytes   452 Mbits/sec  47990  
[  5]  43.00-44.00  sec  54.8 MBytes   459 Mbits/sec  48740  
[  5]  44.00-45.00  sec  57.3 MBytes   481 Mbits/sec  51010  
[  5]  45.00-46.00  sec  64.4 MBytes   540 Mbits/sec  57310  
[  5]  46.00-47.00  sec  55.0 MBytes   461 Mbits/sec  48960  
[  5]  47.00-48.00  sec  47.8 MBytes   401 Mbits/sec  42580  
[  5]  48.00-49.00  sec  53.9 MBytes   452 Mbits/sec  47970  
[  5]  49.00-50.00  sec  55.2 MBytes   463 Mbits/sec  49150  
[  5]  50.00-51.00  sec  59.8 MBytes   502 Mbits/sec  53250  
[  5]  51.00-52.00  sec  54.9 MBytes   461 Mbits/sec  48880  
[  5]  52.00-53.00  sec  51.8 MBytes   434 Mbits/sec  46100  
[  5]  53.00-54.00  sec  59.0 MBytes   495 Mbits/sec  52540  
[  5]  54.00-55.00  sec  51.4 MBytes   431 Mbits/sec  45760  
[  5]  55.00-56.00  sec  56.0 MBytes   470 Mbits/sec  49880  
[  5]  56.00-57.00  sec  61.0 MBytes   511 Mbits/sec  54260  
[  5]  57.00-58.00  sec  43.7 MBytes   367 Mbits/sec  38900  
[  5]  58.00-59.00  sec  57.3 MBytes   481 Mbits/sec  51030  
[  5]  59.00-60.00  sec  63.7 MBytes   534 Mbits/sec  56660  
- - - - - - - - - - - - - - - - - - - - - - - - -
[ ID] Interval           Transfer     Bitrate         Jitter    Lost/Total Datagrams
[  5]   0.00-60.00  sec  3.23 GBytes   463 Mbits/sec  0.000 ms  0/2948600 (0%)  sender
[  5]   0.00-60.25  sec  2.01 GBytes   286 Mbits/sec  0.025 ms  1133570/2948600 (38%)  receiver

iperf Done.
