Connecting to host 10.136.80.177, port 5201
[  5] local 10.136.173.81 port 35962 connected to 10.136.80.177 port 5201
[ ID] Interval           Transfer     Bitrate         Total Datagrams
[  5]   0.00-1.00   sec  50.9 MBytes   427 Mbits/sec  45330  (omitted)
[  5]   0.00-1.00   sec  51.9 MBytes   436 Mbits/sec  46220  
[  5]   1.00-2.00   sec  51.2 MBytes   430 Mbits/sec  45590  
[  5]   2.00-3.00   sec  49.6 MBytes   416 Mbits/sec  44170  
[  5]   3.00-4.00   sec  59.8 MBytes   501 Mbits/sec  53210  
[  5]   4.00-5.00   sec  60.5 MBytes   508 Mbits/sec  53870  
[  5]   5.00-6.00   sec  55.5 MBytes   466 Mbits/sec  49440  
[  5]   6.00-7.00   sec  52.8 MBytes   443 Mbits/sec  47010  
[  5]   7.00-8.00   sec  57.0 MBytes   478 Mbits/sec  50720  
[  5]   8.00-9.00   sec  54.5 MBytes   457 Mbits/sec  48490  
[  5]   9.00-10.00  sec  57.1 MBytes   479 Mbits/sec  50800  
[  5]  10.00-11.00  sec  58.5 MBytes   491 Mbits/sec  52090  
[  5]  11.00-12.00  sec  54.4 MBytes   456 Mbits/sec  48430  
[  5]  12.00-13.00  sec  58.2 MBytes   488 Mbits/sec  51820  
[  5]  13.00-14.00  sec  54.1 MBytes   454 Mbits/sec  48180  
[  5]  14.00-15.00  sec  60.9 MBytes   511 Mbits/sec  54230  
[  5]  15.00-16.00  sec  56.9 MBytes   477 Mbits/sec  50660  
[  5]  16.00-17.00  sec  52.5 MBytes   440 Mbits/sec  46740  
[  5]  17.00-18.00  sec  52.1 MBytes   437 Mbits/sec  46340  
[  5]  18.00-19.00  sec  59.7 MBytes   501 Mbits/sec  53110  
[  5]  19.00-20.00  sec  51.6 MBytes   433 Mbits/sec  45890  
[  5]  20.00-21.00  sec  55.7 MBytes   467 Mbits/sec  49540  
[  5]  21.00-22.00  sec  56.0 MBytes   470 Mbits/sec  49850  
[  5]  22.00-23.00  sec  56.3 MBytes   472 Mbits/sec  50130  
[  5]  23.00-24.00  sec  57.4 MBytes   481 Mbits/sec  51080  
[  5]  24.00-25.00  sec  51.8 MBytes   435 Mbits/sec  46130  
[  5]  25.00-26.00  sec  54.7 MBytes   459 Mbits/sec  48710  
[  5]  26.00-27.00  sec  56.3 MBytes   472 Mbits/sec  50090  
[  5]  27.00-28.00  sec  54.6 MBytes   458 Mbits/sec  48600  
[  5]  28.00-29.00  sec  55.8 MBytes   468 Mbits/sec  49700  
[  5]  29.00-30.00  sec  55.8 MBytes   468 Mbits/sec  49700  
[  5]  30.00-31.00  sec  53.0 MBytes   445 Mbits/sec  47180  
[  5]  31.00-32.00  sec  57.0 MBytes   478 Mbits/sec  50760  
[  5]  32.00-33.00  sec  53.6 MBytes   450 Mbits/sec  47750  
[  5]  33.00-34.00  sec  54.7 MBytes   459 Mbits/sec  48660  
[  5]  34.00-35.00  sec  57.9 MBytes   485 Mbits/sec  51510  
[  5]  35.00-36.00  sec  53.7 MBytes   450 Mbits/sec  47790  
[  5]  36.00-37.00  sec  59.8 MBytes   501 Mbits/sec  53210  
[  5]  37.00-38.00  sec  55.6 MBytes   466 Mbits/sec  49480  
[  5]  38.00-39.00  sec  55.3 MBytes   464 Mbits/sec  49210  
[  5]  39.00-40.00  sec  52.6 MBytes   442 Mbits/sec  46860  
[  5]  40.00-41.00  sec  58.1 MBytes   487 Mbits/sec  51720  
[  5]  41.00-42.00  sec  51.8 MBytes   434 Mbits/sec  46100  
[  5]  42.00-43.00  sec  59.6 MBytes   500 Mbits/sec  53050  
[  5]  43.00-44.00  sec  52.9 MBytes   444 Mbits/sec  47120  
[  5]  44.00-45.00  sec  54.3 MBytes   456 Mbits/sec  48370  
[  5]  45.00-46.00  sec  51.2 MBytes   430 Mbits/sec  45610  
[  5]  46.00-47.00  sec  59.8 MBytes   501 Mbits/sec  53200  
[  5]  47.00-48.00  sec  53.9 MBytes   452 Mbits/sec  48010  
[  5]  48.00-49.00  sec  56.2 MBytes   472 Mbits/sec  50040  
[  5]  49.00-50.00  sec  53.6 MBytes   450 Mbits/sec  47700  
[  5]  50.00-51.00  sec  52.6 MBytes   441 Mbits/sec  46830  
[  5]  51.00-52.00  sec  55.0 MBytes   462 Mbits/sec  48980  
[  5]  52.00-53.00  sec  51.4 MBytes   431 Mbits/sec  45740  
[  5]  53.00-54.00  sec  55.3 MBytes   464 Mbits/sec  49180  
[  5]  54.00-55.00  sec  51.4 MBytes   431 Mbits/sec  45780  
[  5]  55.00-56.00  sec  55.1 MBytes   462 Mbits/sec  49080  
[  5]  56.00-57.00  sec  49.4 MBytes   415 Mbits/sec  43990  
[  5]  57.00-58.00  sec  48.6 MBytes   408 Mbits/sec  43270  
[  5]  58.00-59.00  sec  51.7 MBytes   434 Mbits/sec  46040  
[  5]  59.00-60.00  sec  52.2 MBytes   438 Mbits/sec  46480  
- - - - - - - - - - - - - - - - - - - - - - - - -
[ ID] Interval           Transfer     Bitrate         Jitter    Lost/Total Datagrams
[  5]   0.00-60.00  sec  3.21 GBytes   460 Mbits/sec  0.000 ms  0/2929240 (0%)  sender
[  5]   0.00-60.10  sec  1.32 GBytes   188 Mbits/sec  0.009 ms  1756415/2929240 (60%)  receiver

iperf Done.
