Connecting to host 10.136.80.138, port 5201
[  5] local 10.136.173.75 port 46553 connected to 10.136.80.138 port 5201
[ ID] Interval           Transfer     Bitrate         Total Datagrams
[  5]   0.00-1.00   sec  60.8 MBytes   510 Mbits/sec  54100  (omitted)
[  5]   0.00-1.00   sec  61.5 MBytes   516 Mbits/sec  54720  
[  5]   1.00-2.00   sec  61.1 MBytes   513 Mbits/sec  54390  
[  5]   2.00-3.00   sec  60.9 MBytes   511 Mbits/sec  54170  
[  5]   3.00-4.00   sec  67.0 MBytes   562 Mbits/sec  59660  
[  5]   4.00-5.00   sec  62.2 MBytes   522 Mbits/sec  55370  
[  5]   5.00-6.00   sec  62.0 MBytes   520 Mbits/sec  55220  
[  5]   6.00-7.00   sec  62.0 MBytes   520 Mbits/sec  55230  
[  5]   7.00-8.00   sec  63.1 MBytes   530 Mbits/sec  56190  
[  5]   8.00-9.00   sec  61.4 MBytes   515 Mbits/sec  54630  
[  5]   9.00-10.00  sec  61.6 MBytes   517 Mbits/sec  54870  
[  5]  10.00-11.00  sec  63.1 MBytes   529 Mbits/sec  56150  
[  5]  11.00-12.00  sec  61.2 MBytes   513 Mbits/sec  54440  
[  5]  12.00-13.00  sec  60.7 MBytes   510 Mbits/sec  54070  
[  5]  13.00-14.00  sec  63.0 MBytes   529 Mbits/sec  56120  
[  5]  14.00-15.00  sec  62.6 MBytes   525 Mbits/sec  55760  
[  5]  15.00-16.00  sec  63.1 MBytes   529 Mbits/sec  56190  
[  5]  16.00-17.00  sec  63.6 MBytes   533 Mbits/sec  56600  
[  5]  17.00-18.00  sec  59.2 MBytes   497 Mbits/sec  52730  
[  5]  18.00-19.00  sec  66.5 MBytes   557 Mbits/sec  59150  
[  5]  19.00-20.00  sec  67.3 MBytes   565 Mbits/sec  59910  
[  5]  20.00-21.00  sec  63.9 MBytes   536 Mbits/sec  56850  
[  5]  21.00-22.00  sec  60.9 MBytes   511 Mbits/sec  54180  
[  5]  22.00-23.00  sec  61.0 MBytes   512 Mbits/sec  54300  
[  5]  23.00-24.00  sec  65.3 MBytes   548 Mbits/sec  58160  
[  5]  24.00-25.00  sec  61.7 MBytes   518 Mbits/sec  54940  
[  5]  25.00-26.00  sec  60.7 MBytes   509 Mbits/sec  54070  
[  5]  26.00-27.00  sec  63.0 MBytes   529 Mbits/sec  56100  
[  5]  27.00-28.00  sec  59.5 MBytes   499 Mbits/sec  52970  
[  5]  28.00-29.00  sec  62.6 MBytes   525 Mbits/sec  55690  
[  5]  29.00-30.00  sec  63.6 MBytes   533 Mbits/sec  56600  
[  5]  30.00-31.00  sec  64.1 MBytes   538 Mbits/sec  57040  
[  5]  31.00-32.00  sec  61.7 MBytes   517 Mbits/sec  54890  
[  5]  32.00-33.00  sec  66.1 MBytes   554 Mbits/sec  58830  
[  5]  33.00-34.00  sec  64.8 MBytes   544 Mbits/sec  57720  
[  5]  34.00-35.00  sec  64.0 MBytes   537 Mbits/sec  56970  
[  5]  35.00-36.00  sec  67.2 MBytes   564 Mbits/sec  59850  
[  5]  36.00-37.00  sec  62.3 MBytes   522 Mbits/sec  55430  
[  5]  37.00-38.00  sec  63.9 MBytes   536 Mbits/sec  56870  
[  5]  38.00-39.00  sec  59.6 MBytes   500 Mbits/sec  53020  
[  5]  39.00-40.00  sec  61.1 MBytes   513 Mbits/sec  54400  
[  5]  40.00-41.00  sec  61.9 MBytes   520 Mbits/sec  55130  
[  5]  41.00-42.00  sec  60.3 MBytes   506 Mbits/sec  53700  
[  5]  42.00-43.00  sec  65.2 MBytes   547 Mbits/sec  58010  
[  5]  43.00-44.00  sec  67.9 MBytes   569 Mbits/sec  60430  
[  5]  44.00-45.00  sec  64.2 MBytes   539 Mbits/sec  57170  
[  5]  45.00-46.00  sec  62.2 MBytes   521 Mbits/sec  55330  
[  5]  46.00-47.00  sec  67.7 MBytes   568 Mbits/sec  60230  
[  5]  47.00-48.00  sec  64.5 MBytes   541 Mbits/sec  57390  
[  5]  48.00-49.00  sec  65.4 MBytes   549 Mbits/sec  58250  
[  5]  49.00-50.00  sec  70.5 MBytes   591 Mbits/sec  62730  
[  5]  50.00-51.00  sec  64.3 MBytes   540 Mbits/sec  57270  
[  5]  51.00-52.00  sec  62.8 MBytes   527 Mbits/sec  55910  
[  5]  52.00-53.00  sec  63.6 MBytes   533 Mbits/sec  56610  
[  5]  53.00-54.00  sec  61.7 MBytes   518 Mbits/sec  54960  
[  5]  54.00-55.00  sec  62.4 MBytes   524 Mbits/sec  55570  
[  5]  55.00-56.00  sec  61.4 MBytes   515 Mbits/sec  54670  
[  5]  56.00-57.00  sec  61.9 MBytes   519 Mbits/sec  55070  
[  5]  57.00-58.00  sec  60.0 MBytes   503 Mbits/sec  53400  
[  5]  58.00-59.00  sec  66.2 MBytes   555 Mbits/sec  58890  
[  5]  59.00-60.00  sec  61.4 MBytes   515 Mbits/sec  54630  
- - - - - - - - - - - - - - - - - - - - - - - - -
[ ID] Interval           Transfer     Bitrate         Jitter    Lost/Total Datagrams
[  5]   0.00-60.00  sec  3.70 GBytes   529 Mbits/sec  0.000 ms  0/3369800 (0%)  sender
[  5]   0.00-60.04  sec  3.61 GBytes   516 Mbits/sec  0.024 ms  82513/3369795 (2.4%)  receiver

iperf Done.
