Connecting to host knb-server-1159101, port 5201
[  5] local 10.136.173.125 port 34749 connected to 10.43.241.63 port 5201
[ ID] Interval           Transfer     Bitrate         Total Datagrams
[  5]   0.00-1.00   sec  54.3 MBytes   456 Mbits/sec  48360  (omitted)
[  5]   0.00-1.00   sec  52.1 MBytes   437 Mbits/sec  46420  
[  5]   1.00-2.00   sec  47.6 MBytes   399 Mbits/sec  42390  
[  5]   2.00-3.00   sec  52.8 MBytes   443 Mbits/sec  47000  
[  5]   3.00-4.00   sec  54.3 MBytes   456 Mbits/sec  48350  
[  5]   4.00-5.00   sec  53.4 MBytes   448 Mbits/sec  47530  
[  5]   5.00-6.00   sec  54.9 MBytes   461 Mbits/sec  48910  
[  5]   6.00-7.00   sec  51.2 MBytes   430 Mbits/sec  45590  
[  5]   7.00-8.00   sec  51.6 MBytes   433 Mbits/sec  45960  
[  5]   8.00-9.00   sec  55.8 MBytes   468 Mbits/sec  49690  
[  5]   9.00-10.00  sec  53.2 MBytes   447 Mbits/sec  47380  
[  5]  10.00-11.00  sec  53.0 MBytes   445 Mbits/sec  47200  
[  5]  11.00-12.00  sec  48.6 MBytes   407 Mbits/sec  43230  
[  5]  12.00-13.00  sec  56.6 MBytes   474 Mbits/sec  50340  
[  5]  13.00-14.00  sec  51.4 MBytes   431 Mbits/sec  45730  
[  5]  14.00-15.00  sec  52.2 MBytes   438 Mbits/sec  46460  
[  5]  15.00-16.00  sec  53.2 MBytes   446 Mbits/sec  47360  
[  5]  16.00-17.00  sec  53.0 MBytes   444 Mbits/sec  47150  
[  5]  17.00-18.00  sec  53.9 MBytes   452 Mbits/sec  47980  
[  5]  18.00-19.00  sec  52.7 MBytes   442 Mbits/sec  46930  
[  5]  19.00-20.00  sec  53.6 MBytes   450 Mbits/sec  47750  
[  5]  20.00-21.00  sec  50.5 MBytes   423 Mbits/sec  44920  
[  5]  21.00-22.00  sec  48.3 MBytes   405 Mbits/sec  43000  
[  5]  22.00-23.00  sec  50.4 MBytes   423 Mbits/sec  44860  
[  5]  23.00-24.00  sec  47.8 MBytes   401 Mbits/sec  42590  
[  5]  24.00-25.00  sec  58.3 MBytes   489 Mbits/sec  51870  
[  5]  25.00-26.00  sec  48.5 MBytes   407 Mbits/sec  43210  
[  5]  26.00-27.00  sec  53.7 MBytes   451 Mbits/sec  47820  
[  5]  27.00-28.00  sec  56.3 MBytes   472 Mbits/sec  50080  
[  5]  28.00-29.00  sec  55.9 MBytes   469 Mbits/sec  49760  
[  5]  29.00-30.00  sec  51.4 MBytes   431 Mbits/sec  45740  
[  5]  30.00-31.00  sec  54.1 MBytes   454 Mbits/sec  48160  
[  5]  31.00-32.00  sec  48.3 MBytes   405 Mbits/sec  42970  
[  5]  32.00-33.00  sec  58.0 MBytes   487 Mbits/sec  51660  
[  5]  33.00-34.00  sec  55.2 MBytes   463 Mbits/sec  49140  
[  5]  34.00-35.00  sec  44.1 MBytes   370 Mbits/sec  39280  
[  5]  35.00-36.00  sec  51.7 MBytes   433 Mbits/sec  45980  
[  5]  36.00-37.00  sec  51.1 MBytes   428 Mbits/sec  45450  
[  5]  37.00-38.00  sec  53.0 MBytes   444 Mbits/sec  47170  
[  5]  38.00-39.00  sec  53.6 MBytes   450 Mbits/sec  47740  
[  5]  39.00-40.00  sec  56.3 MBytes   472 Mbits/sec  50090  
[  5]  40.00-41.00  sec  55.3 MBytes   463 Mbits/sec  49180  
[  5]  41.00-42.00  sec  56.9 MBytes   477 Mbits/sec  50620  
[  5]  42.00-43.00  sec  55.6 MBytes   466 Mbits/sec  49450  
[  5]  43.00-44.00  sec  57.1 MBytes   479 Mbits/sec  50810  
[  5]  44.00-45.00  sec  53.9 MBytes   452 Mbits/sec  47950  
[  5]  45.00-46.00  sec  55.0 MBytes   461 Mbits/sec  48940  
[  5]  46.00-47.00  sec  52.1 MBytes   437 Mbits/sec  46350  
[  5]  47.00-48.00  sec  56.8 MBytes   477 Mbits/sec  50570  
[  5]  48.00-49.00  sec  52.6 MBytes   441 Mbits/sec  46780  
[  5]  49.00-50.00  sec  46.9 MBytes   393 Mbits/sec  41760  
[  5]  50.00-51.00  sec  52.2 MBytes   438 Mbits/sec  46490  
[  5]  51.00-52.00  sec  51.9 MBytes   435 Mbits/sec  46210  
[  5]  52.00-53.00  sec  55.7 MBytes   467 Mbits/sec  49590  
[  5]  53.00-54.00  sec  54.0 MBytes   453 Mbits/sec  48030  
[  5]  54.00-55.00  sec  52.8 MBytes   443 Mbits/sec  47020  
[  5]  55.00-56.00  sec  52.9 MBytes   444 Mbits/sec  47130  
[  5]  56.00-57.00  sec  49.3 MBytes   413 Mbits/sec  43860  
[  5]  57.00-58.00  sec  53.5 MBytes   449 Mbits/sec  47640  
[  5]  58.00-59.00  sec  53.6 MBytes   449 Mbits/sec  47690  
[  5]  59.00-60.00  sec  53.3 MBytes   447 Mbits/sec  47410  
- - - - - - - - - - - - - - - - - - - - - - - - -
[ ID] Interval           Transfer     Bitrate         Jitter    Lost/Total Datagrams
[  5]   0.00-60.00  sec  3.10 GBytes   444 Mbits/sec  0.000 ms  0/2824320 (0%)  sender
[  5]   0.00-60.39  sec  55.8 MBytes  7.75 Mbits/sec  0.684 ms  2820262/2824150 (1e+02%)  receiver

iperf Done.
