Connecting to host knb-server-1159101, port 5201
[  5] local 10.136.173.123 port 60418 connected to 10.43.241.63 port 5201
[ ID] Interval           Transfer     Bitrate         Retr  Cwnd
[  5]   0.00-1.00   sec  1.74 MBytes  14.6 Mbits/sec    1   96.6 KBytes       (omitted)
[  5]   0.00-1.00   sec  1.36 MBytes  11.4 Mbits/sec    1    163 KBytes       
[  5]   1.00-2.00   sec   253 KBytes  2.07 Mbits/sec    1   1.15 KBytes       
[  5]   2.00-3.00   sec  0.00 Bytes  0.00 Mbits/sec    0   1.15 KBytes       
[  5]   3.00-4.00   sec  0.00 Bytes  0.00 Mbits/sec    1   1.15 KBytes       
[  5]   4.00-5.00   sec  0.00 Bytes  0.00 Mbits/sec    0    178 KBytes       
[  5]   5.00-6.00   sec  1.85 MBytes  15.6 Mbits/sec   13    170 KBytes       
[  5]   6.00-7.00   sec   316 KBytes  2.59 Mbits/sec    0    190 KBytes       
[  5]   7.00-8.00   sec  1.54 MBytes  13.0 Mbits/sec    1   1.15 KBytes       
[  5]   8.00-9.00   sec  1.42 MBytes  11.9 Mbits/sec    0    276 KBytes       
[  5]   9.00-10.00  sec   886 KBytes  7.26 Mbits/sec    0    328 KBytes       
[  5]  10.00-11.00  sec  2.90 MBytes  24.4 Mbits/sec   52    182 KBytes       
[  5]  11.00-12.00  sec  1.05 MBytes  8.81 Mbits/sec   32    143 KBytes       
[  5]  12.00-13.00  sec   506 KBytes  4.14 Mbits/sec    0    152 KBytes       
[  5]  13.00-14.00  sec  1.48 MBytes  12.4 Mbits/sec    0    167 KBytes       
[  5]  14.00-15.00  sec   506 KBytes  4.15 Mbits/sec    0    168 KBytes       
[  5]  15.00-16.00  sec  1012 KBytes  8.30 Mbits/sec    0    168 KBytes       
[  5]  16.00-17.00  sec  0.00 Bytes  0.00 Mbits/sec    1    178 KBytes       
[  5]  17.00-18.00  sec  1.98 MBytes  16.6 Mbits/sec    0    265 KBytes       
[  5]  18.00-19.00  sec  1012 KBytes  8.29 Mbits/sec    0    316 KBytes       
[  5]  19.00-20.00  sec  2.60 MBytes  21.8 Mbits/sec   63    280 KBytes       
[  5]  20.00-21.00  sec  0.00 Bytes  0.00 Mbits/sec    0    305 KBytes       
[  5]  21.00-22.00  sec  3.09 MBytes  25.9 Mbits/sec   66    166 KBytes       
[  5]  22.00-23.00  sec   569 KBytes  4.66 Mbits/sec    1   1.15 KBytes       
[  5]  23.00-24.00  sec   506 KBytes  4.15 Mbits/sec    0    197 KBytes       
[  5]  24.00-25.00  sec  1.11 MBytes  9.33 Mbits/sec    0    259 KBytes       
[  5]  25.00-26.00  sec   506 KBytes  4.14 Mbits/sec    0    280 KBytes       
[  5]  26.00-27.00  sec  0.00 Bytes  0.00 Mbits/sec    0    292 KBytes       
[  5]  27.00-28.00  sec  1.54 MBytes  13.0 Mbits/sec    0    349 KBytes       
[  5]  28.00-29.00  sec   569 KBytes  4.66 Mbits/sec    0    388 KBytes       
[  5]  29.00-30.00  sec  0.00 Bytes  0.00 Mbits/sec    1   1.15 KBytes       
[  5]  30.00-31.00  sec  0.00 Bytes  0.00 Mbits/sec    0    400 KBytes       
[  5]  31.00-32.00  sec   569 KBytes  4.67 Mbits/sec    0    415 KBytes       
[  5]  32.00-33.00  sec  0.00 Bytes  0.00 Mbits/sec    0    421 KBytes       
[  5]  33.00-34.00  sec   569 KBytes  4.67 Mbits/sec    0    444 KBytes       
[  5]  34.00-35.00  sec  2.72 MBytes  22.8 Mbits/sec   17    364 KBytes       
[  5]  35.00-36.00  sec   696 KBytes  5.70 Mbits/sec    0    405 KBytes       
[  5]  36.00-37.00  sec  0.00 Bytes  0.00 Mbits/sec    0    405 KBytes       
[  5]  37.00-38.00  sec  1.54 MBytes  13.0 Mbits/sec   13    321 KBytes       
[  5]  38.00-39.00  sec   696 KBytes  5.70 Mbits/sec    0    334 KBytes       
[  5]  39.00-40.00  sec  4.02 MBytes  33.7 Mbits/sec    0    372 KBytes       
[  5]  40.00-41.00  sec  1.61 MBytes  13.5 Mbits/sec    5    267 KBytes       
[  5]  41.00-42.00  sec  0.00 Bytes  0.00 Mbits/sec    0    281 KBytes       
[  5]  42.00-43.00  sec   696 KBytes  5.70 Mbits/sec    0    306 KBytes       
[  5]  43.00-44.00  sec  1.48 MBytes  12.4 Mbits/sec   34    221 KBytes       
[  5]  44.00-45.00  sec  2.04 MBytes  17.1 Mbits/sec    6    169 KBytes       
[  5]  45.00-46.00  sec  1.24 MBytes  10.4 Mbits/sec   38    130 KBytes       
[  5]  46.00-47.00  sec  1.24 MBytes  10.4 Mbits/sec    0    140 KBytes       
[  5]  47.00-48.00  sec  0.00 Bytes  0.00 Mbits/sec    1    144 KBytes       
[  5]  48.00-49.00  sec   696 KBytes  5.71 Mbits/sec    0    173 KBytes       
[  5]  49.00-50.00  sec  0.00 Bytes  0.00 Mbits/sec    0    188 KBytes       
[  5]  50.00-51.00  sec  1.36 MBytes  11.4 Mbits/sec    0    231 KBytes       
[  5]  51.00-52.00  sec  0.00 Bytes  0.00 Mbits/sec    0    251 KBytes       
[  5]  52.00-53.00  sec  0.00 Bytes  0.00 Mbits/sec    0    251 KBytes       
[  5]  53.00-54.00  sec  1.36 MBytes  11.4 Mbits/sec   64    177 KBytes       
[  5]  54.00-55.00  sec  1.30 MBytes  10.9 Mbits/sec    0    222 KBytes       
[  5]  55.00-56.00  sec  2.04 MBytes  17.1 Mbits/sec    1    323 KBytes       
[  5]  56.00-57.00  sec  0.00 Bytes  0.00 Mbits/sec    1    324 KBytes       
[  5]  57.00-58.00  sec   696 KBytes  5.71 Mbits/sec   23    238 KBytes       
[  5]  58.00-59.00  sec  1.30 MBytes  10.9 Mbits/sec    0    278 KBytes       
[  5]  59.00-60.00  sec  2.04 MBytes  17.1 Mbits/sec    0    311 KBytes       
- - - - - - - - - - - - - - - - - - - - - - - - -
[ ID] Interval           Transfer     Bitrate         Retr
[  5]   0.00-60.00  sec  58.2 MBytes  8.14 Mbits/sec  436             sender
[  5]   0.00-62.05  sec  56.9 MBytes  7.70 Mbits/sec                  receiver

iperf Done.
