Connecting to host 10.136.80.186, port 5201
[  5] local 10.136.173.122 port 38251 connected to 10.136.80.186 port 5201
[ ID] Interval           Transfer     Bitrate         Total Datagrams
[  5]   0.00-1.00   sec  57.1 MBytes   479 Mbits/sec  50820  (omitted)
[  5]   0.00-1.00   sec  58.8 MBytes   493 Mbits/sec  52300  
[  5]   1.00-2.00   sec  53.6 MBytes   449 Mbits/sec  47670  
[  5]   2.00-3.00   sec  55.6 MBytes   466 Mbits/sec  49460  
[  5]   3.00-4.00   sec  55.8 MBytes   468 Mbits/sec  49710  
[  5]   4.00-5.00   sec  58.0 MBytes   487 Mbits/sec  51630  
[  5]   5.00-6.00   sec  53.4 MBytes   448 Mbits/sec  47510  
[  5]   6.00-7.00   sec  56.6 MBytes   475 Mbits/sec  50410  
[  5]   7.00-8.00   sec  61.5 MBytes   516 Mbits/sec  54780  
[  5]   8.00-9.00   sec  55.6 MBytes   467 Mbits/sec  49520  
[  5]   9.00-10.00  sec  46.1 MBytes   387 Mbits/sec  41050  
[  5]  10.00-11.00  sec  53.5 MBytes   449 Mbits/sec  47640  
[  5]  11.00-12.00  sec  52.3 MBytes   439 Mbits/sec  46540  
[  5]  12.00-13.00  sec  55.6 MBytes   466 Mbits/sec  49450  
[  5]  13.00-14.00  sec  57.4 MBytes   481 Mbits/sec  51090  
[  5]  14.00-15.00  sec  53.7 MBytes   451 Mbits/sec  47810  
[  5]  15.00-16.00  sec  53.0 MBytes   445 Mbits/sec  47190  
[  5]  16.00-17.00  sec  61.1 MBytes   512 Mbits/sec  54370  
[  5]  17.00-18.00  sec  58.4 MBytes   490 Mbits/sec  51990  
[  5]  18.00-19.00  sec  54.4 MBytes   456 Mbits/sec  48430  
[  5]  19.00-20.00  sec  55.5 MBytes   466 Mbits/sec  49420  
[  5]  20.00-21.00  sec  57.8 MBytes   484 Mbits/sec  51410  
[  5]  21.00-22.00  sec  51.4 MBytes   431 Mbits/sec  45770  
[  5]  22.00-23.00  sec  58.7 MBytes   492 Mbits/sec  52210  
[  5]  23.00-24.00  sec  53.7 MBytes   451 Mbits/sec  47820  
[  5]  24.00-25.00  sec  61.4 MBytes   515 Mbits/sec  54640  
[  5]  25.00-26.00  sec  54.8 MBytes   459 Mbits/sec  48750  
[  5]  26.00-27.00  sec  46.9 MBytes   393 Mbits/sec  41750  
[  5]  27.00-28.00  sec  53.3 MBytes   447 Mbits/sec  47450  
[  5]  28.00-29.00  sec  58.0 MBytes   486 Mbits/sec  51590  
[  5]  29.00-30.00  sec  51.5 MBytes   432 Mbits/sec  45860  
[  5]  30.00-31.00  sec  52.5 MBytes   441 Mbits/sec  46740  
[  5]  31.00-32.00  sec  58.1 MBytes   487 Mbits/sec  51700  
[  5]  32.00-33.00  sec  58.8 MBytes   493 Mbits/sec  52320  
[  5]  33.00-34.00  sec  56.6 MBytes   475 Mbits/sec  50360  
[  5]  34.00-35.00  sec  60.5 MBytes   507 Mbits/sec  53840  
[  5]  35.00-36.00  sec  57.1 MBytes   479 Mbits/sec  50820  
[  5]  36.00-37.00  sec  59.0 MBytes   495 Mbits/sec  52520  
[  5]  37.00-38.00  sec  57.8 MBytes   485 Mbits/sec  51480  
[  5]  38.00-39.00  sec  59.3 MBytes   498 Mbits/sec  52790  
[  5]  39.00-40.00  sec  55.2 MBytes   463 Mbits/sec  49130  
[  5]  40.00-41.00  sec  63.0 MBytes   528 Mbits/sec  56070  
[  5]  41.00-42.00  sec  52.5 MBytes   440 Mbits/sec  46730  
[  5]  42.00-43.00  sec  55.4 MBytes   465 Mbits/sec  49320  
[  5]  43.00-44.00  sec  52.8 MBytes   443 Mbits/sec  46960  
[  5]  44.00-45.00  sec  58.5 MBytes   490 Mbits/sec  52030  
[  5]  45.00-46.00  sec  46.4 MBytes   389 Mbits/sec  41310  
[  5]  46.00-47.00  sec  46.2 MBytes   387 Mbits/sec  41110  
[  5]  47.00-48.00  sec  67.0 MBytes   562 Mbits/sec  59600  
[  5]  48.00-49.00  sec  56.0 MBytes   469 Mbits/sec  49810  
[  5]  49.00-50.00  sec  61.6 MBytes   517 Mbits/sec  54820  
[  5]  50.00-51.00  sec  51.6 MBytes   433 Mbits/sec  45930  
[  5]  51.00-52.00  sec  58.4 MBytes   490 Mbits/sec  52020  
[  5]  52.00-53.00  sec  58.1 MBytes   488 Mbits/sec  51740  
[  5]  53.00-54.00  sec  52.2 MBytes   438 Mbits/sec  46430  
[  5]  54.00-55.00  sec  55.2 MBytes   463 Mbits/sec  49110  
[  5]  55.00-56.00  sec  44.3 MBytes   371 Mbits/sec  39410  
[  5]  56.00-57.00  sec  53.2 MBytes   446 Mbits/sec  47330  
[  5]  57.00-58.00  sec  45.4 MBytes   381 Mbits/sec  40440  
[  5]  58.00-59.00  sec  49.1 MBytes   412 Mbits/sec  43710  
[  5]  59.00-60.00  sec  49.8 MBytes   418 Mbits/sec  44300  
- - - - - - - - - - - - - - - - - - - - - - - - -
[ ID] Interval           Transfer     Bitrate         Jitter    Lost/Total Datagrams
[  5]   0.00-60.00  sec  3.23 GBytes   463 Mbits/sec  0.000 ms  0/2945100 (0%)  sender
[  5]   0.00-60.06  sec  2.01 GBytes   288 Mbits/sec  0.014 ms  1137130/2945100 (39%)  receiver

iperf Done.
