Connecting to host 10.136.80.138, port 5201
[  5] local 10.136.173.74 port 42024 connected to 10.136.80.138 port 5201
[ ID] Interval           Transfer     Bitrate         Total Datagrams
[  5]   0.00-1.00   sec  54.0 MBytes   453 Mbits/sec  48040  (omitted)
[  5]   0.00-1.00   sec  44.3 MBytes   372 Mbits/sec  39430  
[  5]   1.00-2.00   sec  51.8 MBytes   434 Mbits/sec  46090  
[  5]   2.00-3.00   sec  58.6 MBytes   491 Mbits/sec  52140  
[  5]   3.00-4.00   sec  53.3 MBytes   447 Mbits/sec  47440  
[  5]   4.00-5.00   sec  48.6 MBytes   408 Mbits/sec  43280  
[  5]   5.00-6.00   sec  58.2 MBytes   488 Mbits/sec  51840  
[  5]   6.00-7.00   sec  61.7 MBytes   518 Mbits/sec  54960  
[  5]   7.00-8.00   sec  55.5 MBytes   465 Mbits/sec  49360  
[  5]   8.00-9.00   sec  54.2 MBytes   454 Mbits/sec  48210  
[  5]   9.00-10.00  sec  54.3 MBytes   455 Mbits/sec  48330  
[  5]  10.00-11.00  sec  61.0 MBytes   512 Mbits/sec  54310  
[  5]  11.00-12.00  sec  61.3 MBytes   514 Mbits/sec  54530  
[  5]  12.00-13.00  sec  58.1 MBytes   488 Mbits/sec  51730  
[  5]  13.00-14.00  sec  56.4 MBytes   473 Mbits/sec  50200  
[  5]  14.00-15.00  sec  58.9 MBytes   495 Mbits/sec  52470  
[  5]  15.00-16.00  sec  57.5 MBytes   482 Mbits/sec  51150  
[  5]  16.00-17.00  sec  57.6 MBytes   483 Mbits/sec  51250  
[  5]  17.00-18.00  sec  61.1 MBytes   513 Mbits/sec  54400  
[  5]  18.00-19.00  sec  58.2 MBytes   488 Mbits/sec  51790  
[  5]  19.00-20.00  sec  61.6 MBytes   517 Mbits/sec  54860  
[  5]  20.00-21.00  sec  60.0 MBytes   503 Mbits/sec  53400  
[  5]  21.00-22.00  sec  53.6 MBytes   449 Mbits/sec  47680  
[  5]  22.00-23.00  sec  49.1 MBytes   412 Mbits/sec  43680  
[  5]  23.00-24.00  sec  55.3 MBytes   464 Mbits/sec  49250  
[  5]  24.00-25.00  sec  42.9 MBytes   360 Mbits/sec  38210  
[  5]  25.00-26.00  sec  47.5 MBytes   398 Mbits/sec  42270  
[  5]  26.00-27.00  sec  63.7 MBytes   534 Mbits/sec  56720  
[  5]  27.00-28.00  sec  57.2 MBytes   480 Mbits/sec  50920  
[  5]  28.00-29.00  sec  55.2 MBytes   463 Mbits/sec  49100  
[  5]  29.00-30.00  sec  51.5 MBytes   432 Mbits/sec  45800  
[  5]  30.00-31.00  sec  47.3 MBytes   397 Mbits/sec  42110  
[  5]  31.00-32.00  sec  48.5 MBytes   407 Mbits/sec  43150  
[  5]  32.00-33.00  sec  55.3 MBytes   464 Mbits/sec  49200  
[  5]  33.00-34.00  sec  47.3 MBytes   397 Mbits/sec  42090  
[  5]  34.00-35.00  sec  54.6 MBytes   458 Mbits/sec  48560  
[  5]  35.00-36.00  sec  57.2 MBytes   480 Mbits/sec  50880  
[  5]  36.00-37.00  sec  42.3 MBytes   355 Mbits/sec  37670  
[  5]  37.00-38.00  sec  44.7 MBytes   375 Mbits/sec  39770  
[  5]  38.00-39.00  sec  57.6 MBytes   483 Mbits/sec  51280  
[  5]  39.00-40.00  sec  59.4 MBytes   498 Mbits/sec  52870  
[  5]  40.00-41.00  sec  52.7 MBytes   442 Mbits/sec  46890  
[  5]  41.00-42.00  sec  43.4 MBytes   364 Mbits/sec  38660  
[  5]  42.00-43.00  sec  55.0 MBytes   462 Mbits/sec  48970  
[  5]  43.00-44.00  sec  57.7 MBytes   484 Mbits/sec  51330  
[  5]  44.00-45.00  sec  58.6 MBytes   492 Mbits/sec  52170  
[  5]  45.00-46.00  sec  54.8 MBytes   460 Mbits/sec  48810  
[  5]  46.00-47.00  sec  61.0 MBytes   512 Mbits/sec  54310  
[  5]  47.00-48.00  sec  55.8 MBytes   468 Mbits/sec  49710  
[  5]  48.00-49.00  sec  54.0 MBytes   453 Mbits/sec  48080  
[  5]  49.00-50.00  sec  54.2 MBytes   454 Mbits/sec  48220  
[  5]  50.00-51.00  sec  59.8 MBytes   502 Mbits/sec  53220  
[  5]  51.00-52.00  sec  57.7 MBytes   484 Mbits/sec  51350  
[  5]  52.00-53.00  sec  54.0 MBytes   453 Mbits/sec  48040  
[  5]  53.00-54.00  sec  55.4 MBytes   465 Mbits/sec  49350  
[  5]  54.00-55.00  sec  57.5 MBytes   483 Mbits/sec  51210  
[  5]  55.00-56.00  sec  57.3 MBytes   481 Mbits/sec  51030  
[  5]  56.00-57.00  sec  50.5 MBytes   423 Mbits/sec  44910  
[  5]  57.00-58.00  sec  56.8 MBytes   477 Mbits/sec  50590  
[  5]  58.00-59.00  sec  53.8 MBytes   451 Mbits/sec  47860  
[  5]  59.00-60.00  sec  53.2 MBytes   446 Mbits/sec  47330  
- - - - - - - - - - - - - - - - - - - - - - - - -
[ ID] Interval           Transfer     Bitrate         Jitter    Lost/Total Datagrams
[  5]   0.00-60.00  sec  3.21 GBytes   459 Mbits/sec  0.000 ms  0/2924420 (0%)  sender
[  5]   0.00-60.05  sec  2.04 GBytes   292 Mbits/sec  2.752 ms  1084146/2924414 (37%)  receiver

iperf Done.
