Connecting to host 10.136.80.145, port 5201
[  5] local 10.136.173.80 port 38565 connected to 10.136.80.145 port 5201
[ ID] Interval           Transfer     Bitrate         Total Datagrams
[  5]   0.00-1.00   sec  52.4 MBytes   440 Mbits/sec  46680  (omitted)
[  5]   0.00-1.00   sec  55.7 MBytes   467 Mbits/sec  49610  
[  5]   1.00-2.00   sec  50.0 MBytes   420 Mbits/sec  44540  
[  5]   2.00-3.00   sec  51.8 MBytes   434 Mbits/sec  46080  
[  5]   3.00-4.00   sec  50.9 MBytes   427 Mbits/sec  45300  
[  5]   4.00-5.00   sec  51.7 MBytes   433 Mbits/sec  45990  
[  5]   5.00-6.00   sec  54.9 MBytes   461 Mbits/sec  48880  
[  5]   6.00-7.00   sec  56.5 MBytes   474 Mbits/sec  50310  
[  5]   7.00-8.00   sec  54.7 MBytes   459 Mbits/sec  48730  
[  5]   8.00-9.00   sec  52.8 MBytes   443 Mbits/sec  47010  
[  5]   9.00-10.00  sec  53.2 MBytes   446 Mbits/sec  47370  
[  5]  10.00-11.00  sec  52.8 MBytes   443 Mbits/sec  47010  
[  5]  11.00-12.00  sec  53.0 MBytes   445 Mbits/sec  47190  
[  5]  12.00-13.00  sec  50.2 MBytes   421 Mbits/sec  44680  
[  5]  13.00-14.00  sec  50.9 MBytes   427 Mbits/sec  45300  
[  5]  14.00-15.00  sec  56.5 MBytes   474 Mbits/sec  50270  
[  5]  15.00-16.00  sec  54.6 MBytes   458 Mbits/sec  48580  
[  5]  16.00-17.00  sec  49.7 MBytes   417 Mbits/sec  44220  
[  5]  17.00-18.00  sec  53.6 MBytes   450 Mbits/sec  47730  
[  5]  18.00-19.00  sec  50.9 MBytes   427 Mbits/sec  45270  
[  5]  19.00-20.00  sec  56.5 MBytes   474 Mbits/sec  50280  
[  5]  20.00-21.00  sec  53.9 MBytes   452 Mbits/sec  47990  
[  5]  21.00-22.00  sec  54.5 MBytes   457 Mbits/sec  48530  
[  5]  22.00-23.00  sec  48.6 MBytes   408 Mbits/sec  43260  
[  5]  23.00-24.00  sec  51.6 MBytes   432 Mbits/sec  45890  
[  5]  24.00-25.00  sec  52.9 MBytes   444 Mbits/sec  47060  
[  5]  25.00-26.00  sec  57.5 MBytes   482 Mbits/sec  51190  
[  5]  26.00-27.00  sec  56.3 MBytes   473 Mbits/sec  50150  
[  5]  27.00-28.00  sec  56.9 MBytes   477 Mbits/sec  50610  
[  5]  28.00-29.00  sec  52.9 MBytes   444 Mbits/sec  47080  
[  5]  29.00-30.00  sec  53.3 MBytes   447 Mbits/sec  47440  
[  5]  30.00-31.00  sec  49.2 MBytes   413 Mbits/sec  43810  
[  5]  31.00-32.00  sec  48.2 MBytes   405 Mbits/sec  42940  
[  5]  32.00-33.00  sec  48.1 MBytes   403 Mbits/sec  42790  
[  5]  33.00-34.00  sec  49.0 MBytes   411 Mbits/sec  43620  
[  5]  34.00-35.00  sec  50.9 MBytes   427 Mbits/sec  45330  
[  5]  35.00-36.00  sec  51.2 MBytes   429 Mbits/sec  45570  
[  5]  36.00-37.00  sec  56.0 MBytes   470 Mbits/sec  49840  
[  5]  37.00-38.00  sec  52.6 MBytes   441 Mbits/sec  46800  
[  5]  38.00-39.00  sec  51.7 MBytes   434 Mbits/sec  46060  
[  5]  39.00-40.00  sec  52.5 MBytes   440 Mbits/sec  46740  
[  5]  40.00-41.00  sec  51.9 MBytes   435 Mbits/sec  46200  
[  5]  41.00-42.00  sec  57.4 MBytes   481 Mbits/sec  51070  
[  5]  42.00-43.00  sec  56.5 MBytes   474 Mbits/sec  50250  
[  5]  43.00-44.00  sec  53.5 MBytes   449 Mbits/sec  47590  
[  5]  44.00-45.00  sec  53.0 MBytes   445 Mbits/sec  47190  
[  5]  45.00-46.00  sec  52.4 MBytes   440 Mbits/sec  46650  
[  5]  46.00-47.00  sec  52.0 MBytes   437 Mbits/sec  46330  
[  5]  47.00-48.00  sec  53.2 MBytes   446 Mbits/sec  47330  
[  5]  48.00-49.00  sec  52.8 MBytes   443 Mbits/sec  47030  
[  5]  49.00-50.00  sec  59.2 MBytes   497 Mbits/sec  52680  
[  5]  50.00-51.00  sec  50.9 MBytes   427 Mbits/sec  45330  
[  5]  51.00-52.00  sec  49.4 MBytes   414 Mbits/sec  43960  
[  5]  52.00-53.00  sec  49.9 MBytes   418 Mbits/sec  44410  
[  5]  53.00-54.00  sec  56.6 MBytes   474 Mbits/sec  50340  
[  5]  54.00-55.00  sec  56.0 MBytes   470 Mbits/sec  49870  
[  5]  55.00-56.00  sec  54.7 MBytes   459 Mbits/sec  48720  
[  5]  56.00-57.00  sec  53.9 MBytes   452 Mbits/sec  48010  
[  5]  57.00-58.00  sec  56.8 MBytes   476 Mbits/sec  50540  
[  5]  58.00-59.00  sec  53.1 MBytes   446 Mbits/sec  47270  
[  5]  59.00-60.00  sec  59.0 MBytes   495 Mbits/sec  52530  
- - - - - - - - - - - - - - - - - - - - - - - - -
[ ID] Interval           Transfer     Bitrate         Jitter    Lost/Total Datagrams
[  5]   0.00-60.00  sec  3.12 GBytes   446 Mbits/sec  0.000 ms  0/2840350 (0%)  sender
[  5]   0.00-60.17  sec  1.72 GBytes   245 Mbits/sec  0.004 ms  1290554/2840350 (45%)  receiver

iperf Done.
