Connecting to host 10.136.80.145, port 5201
[  5] local 10.136.173.96 port 33746 connected to 10.136.80.145 port 5201
[ ID] Interval           Transfer     Bitrate         Retr  Cwnd
[  5]   0.00-1.00   sec  22.3 MBytes   187 Mbits/sec    0   1.01 MBytes       (omitted)
[  5]   0.00-1.00   sec  21.2 MBytes   178 Mbits/sec    0   2.06 MBytes       
[  5]   1.00-2.00   sec  22.5 MBytes   189 Mbits/sec    2   2.83 MBytes       
[  5]   2.00-3.00   sec  26.2 MBytes   220 Mbits/sec    5   1.99 MBytes       
[  5]   3.00-4.00   sec  28.8 MBytes   241 Mbits/sec    0   2.00 MBytes       
[  5]   4.00-5.00   sec  31.2 MBytes   262 Mbits/sec  215    713 KBytes       
[  5]   5.00-6.00   sec  25.0 MBytes   210 Mbits/sec  209    568 KBytes       
[  5]   6.00-7.00   sec  26.2 MBytes   220 Mbits/sec   12    433 KBytes       
[  5]   7.00-8.00   sec  23.8 MBytes   199 Mbits/sec    0    467 KBytes       
[  5]   8.00-9.00   sec  26.2 MBytes   220 Mbits/sec   27    367 KBytes       
[  5]   9.00-10.00  sec  28.8 MBytes   241 Mbits/sec    8    217 KBytes       
[  5]  10.00-11.00  sec  28.8 MBytes   241 Mbits/sec    0    291 KBytes       
[  5]  11.00-12.00  sec  28.8 MBytes   241 Mbits/sec   29    194 KBytes       
[  5]  12.00-13.00  sec  30.0 MBytes   252 Mbits/sec   13    199 KBytes       
[  5]  13.00-14.00  sec  26.2 MBytes   220 Mbits/sec    0    270 KBytes       
[  5]  14.00-15.00  sec  28.8 MBytes   241 Mbits/sec    0    331 KBytes       
[  5]  15.00-16.00  sec  21.2 MBytes   178 Mbits/sec    0    368 KBytes       
[  5]  16.00-17.00  sec  25.0 MBytes   210 Mbits/sec    0    411 KBytes       
[  5]  17.00-18.00  sec  20.0 MBytes   168 Mbits/sec  134    165 KBytes       
[  5]  18.00-19.00  sec  26.2 MBytes   220 Mbits/sec    0    246 KBytes       
[  5]  19.00-20.00  sec  31.2 MBytes   262 Mbits/sec   14    246 KBytes       
[  5]  20.00-21.00  sec  31.2 MBytes   262 Mbits/sec   34    239 KBytes       
[  5]  21.00-22.00  sec  28.8 MBytes   241 Mbits/sec    0    305 KBytes       
[  5]  22.00-23.00  sec  27.5 MBytes   231 Mbits/sec    0    358 KBytes       
[  5]  23.00-24.00  sec  23.8 MBytes   199 Mbits/sec    0    398 KBytes       
[  5]  24.00-25.00  sec  27.5 MBytes   231 Mbits/sec    0    439 KBytes       
[  5]  25.00-26.00  sec  27.5 MBytes   231 Mbits/sec    0    476 KBytes       
[  5]  26.00-27.00  sec  30.0 MBytes   252 Mbits/sec    0    514 KBytes       
[  5]  27.00-28.00  sec  27.5 MBytes   231 Mbits/sec    0    548 KBytes       
[  5]  28.00-29.00  sec  26.2 MBytes   220 Mbits/sec   18    288 KBytes       
[  5]  29.00-30.00  sec  30.0 MBytes   252 Mbits/sec   47    243 KBytes       
[  5]  30.00-31.00  sec  30.0 MBytes   252 Mbits/sec    0    312 KBytes       
[  5]  31.00-32.00  sec  30.0 MBytes   252 Mbits/sec    1    284 KBytes       
[  5]  32.00-33.00  sec  28.8 MBytes   241 Mbits/sec   25    201 KBytes       
[  5]  33.00-34.00  sec  27.5 MBytes   231 Mbits/sec   31    207 KBytes       
[  5]  34.00-35.00  sec  31.2 MBytes   262 Mbits/sec    0    286 KBytes       
[  5]  35.00-36.00  sec  30.0 MBytes   252 Mbits/sec   22    277 KBytes       
[  5]  36.00-37.00  sec  31.2 MBytes   262 Mbits/sec    6    205 KBytes       
[  5]  37.00-38.00  sec  27.5 MBytes   231 Mbits/sec    0    278 KBytes       
[  5]  38.00-39.00  sec  27.5 MBytes   231 Mbits/sec    0    334 KBytes       
[  5]  39.00-40.00  sec  31.2 MBytes   262 Mbits/sec   51    202 KBytes       
[  5]  40.00-41.00  sec  30.0 MBytes   252 Mbits/sec    0    281 KBytes       
[  5]  41.00-42.00  sec  32.5 MBytes   273 Mbits/sec   14    215 KBytes       
[  5]  42.00-43.00  sec  31.2 MBytes   262 Mbits/sec    1    245 KBytes       
[  5]  43.00-44.00  sec  26.2 MBytes   220 Mbits/sec    0    306 KBytes       
[  5]  44.00-45.00  sec  31.2 MBytes   262 Mbits/sec    5    260 KBytes       
[  5]  45.00-46.00  sec  28.8 MBytes   241 Mbits/sec    0    321 KBytes       
[  5]  46.00-47.00  sec  28.8 MBytes   241 Mbits/sec   43    289 KBytes       
[  5]  47.00-48.00  sec  27.5 MBytes   231 Mbits/sec   14    262 KBytes       
[  5]  48.00-49.00  sec  28.8 MBytes   241 Mbits/sec    5    240 KBytes       
[  5]  49.00-50.00  sec  25.0 MBytes   210 Mbits/sec    6    221 KBytes       
[  5]  50.00-51.00  sec  27.5 MBytes   231 Mbits/sec    4    202 KBytes       
[  5]  51.00-52.00  sec  28.8 MBytes   241 Mbits/sec    0    277 KBytes       
[  5]  52.00-53.00  sec  31.2 MBytes   262 Mbits/sec   29    183 KBytes       
[  5]  53.00-54.00  sec  30.0 MBytes   252 Mbits/sec    3    215 KBytes       
[  5]  54.00-55.00  sec  30.0 MBytes   252 Mbits/sec    1    216 KBytes       
[  5]  55.00-56.00  sec  32.5 MBytes   273 Mbits/sec   18    155 KBytes       
[  5]  56.00-57.00  sec  30.0 MBytes   252 Mbits/sec    0    247 KBytes       
[  5]  57.00-58.00  sec  31.2 MBytes   262 Mbits/sec   48    221 KBytes       
[  5]  58.00-59.00  sec  27.5 MBytes   231 Mbits/sec    0    290 KBytes       
[  5]  59.00-60.00  sec  30.0 MBytes   252 Mbits/sec   14    244 KBytes       
- - - - - - - - - - - - - - - - - - - - - - - - -
[ ID] Interval           Transfer     Bitrate         Retr
[  5]   0.00-60.00  sec  1.65 GBytes   236 Mbits/sec  1108             sender
[  5]   0.00-60.03  sec  1.65 GBytes   236 Mbits/sec                  receiver

iperf Done.
