Connecting to host knb-server-989912, port 5201
[  5] local 10.136.173.92 port 50034 connected to 10.43.229.70 port 5201
[ ID] Interval           Transfer     Bitrate         Retr  Cwnd
[  5]   0.00-1.00   sec  23.6 MBytes   198 Mbits/sec    0   1.05 MBytes       (omitted)
[  5]   0.00-1.00   sec  22.5 MBytes   189 Mbits/sec    0   2.19 MBytes       
[  5]   1.00-2.00   sec  22.5 MBytes   189 Mbits/sec  100   2.17 MBytes       
[  5]   2.00-3.00   sec  25.0 MBytes   210 Mbits/sec    9   1.53 MBytes       
[  5]   3.00-4.00   sec  22.5 MBytes   189 Mbits/sec  674    565 KBytes       
[  5]   4.00-5.00   sec  28.8 MBytes   241 Mbits/sec  162    235 KBytes       
[  5]   5.00-6.00   sec  25.0 MBytes   210 Mbits/sec    0    294 KBytes       
[  5]   6.00-7.00   sec  27.5 MBytes   231 Mbits/sec   36    178 KBytes       
[  5]   7.00-8.00   sec  28.8 MBytes   241 Mbits/sec    2    183 KBytes       
[  5]   8.00-9.00   sec  30.0 MBytes   252 Mbits/sec    0    265 KBytes       
[  5]   9.00-10.00  sec  26.2 MBytes   220 Mbits/sec    4    257 KBytes       
[  5]  10.00-11.00  sec  32.5 MBytes   273 Mbits/sec   16    237 KBytes       
[  5]  11.00-12.00  sec  28.8 MBytes   241 Mbits/sec    1    242 KBytes       
[  5]  12.00-13.00  sec  28.8 MBytes   241 Mbits/sec    7    216 KBytes       
[  5]  13.00-14.00  sec  28.8 MBytes   241 Mbits/sec    0    289 KBytes       
[  5]  14.00-15.00  sec  23.8 MBytes   199 Mbits/sec   23    257 KBytes       
[  5]  15.00-16.00  sec  30.0 MBytes   252 Mbits/sec   30    254 KBytes       
[  5]  16.00-17.00  sec  30.0 MBytes   252 Mbits/sec   17    245 KBytes       
[  5]  17.00-18.00  sec  30.0 MBytes   252 Mbits/sec   11    253 KBytes       
[  5]  18.00-19.00  sec  28.8 MBytes   241 Mbits/sec   14    248 KBytes       
[  5]  19.00-20.00  sec  28.8 MBytes   241 Mbits/sec    0    311 KBytes       
[  5]  20.00-21.00  sec  26.2 MBytes   220 Mbits/sec    1    259 KBytes       
[  5]  21.00-22.00  sec  26.2 MBytes   220 Mbits/sec    0    315 KBytes       
[  5]  22.00-23.00  sec  28.8 MBytes   241 Mbits/sec   25    183 KBytes       
[  5]  23.00-24.00  sec  30.0 MBytes   252 Mbits/sec    0    269 KBytes       
[  5]  24.00-25.00  sec  30.0 MBytes   252 Mbits/sec    0    332 KBytes       
[  5]  25.00-26.00  sec  27.5 MBytes   231 Mbits/sec    0    381 KBytes       
[  5]  26.00-27.00  sec  30.0 MBytes   252 Mbits/sec   26    324 KBytes       
[  5]  27.00-28.00  sec  25.0 MBytes   210 Mbits/sec    8    190 KBytes       
[  5]  28.00-29.00  sec  30.0 MBytes   252 Mbits/sec    0    268 KBytes       
[  5]  29.00-30.00  sec  32.5 MBytes   273 Mbits/sec   13    260 KBytes       
[  5]  30.00-31.00  sec  31.2 MBytes   262 Mbits/sec   15    191 KBytes       
[  5]  31.00-32.00  sec  28.8 MBytes   241 Mbits/sec    0    269 KBytes       
[  5]  32.00-33.00  sec  31.2 MBytes   262 Mbits/sec   41    184 KBytes       
[  5]  33.00-34.00  sec  32.5 MBytes   273 Mbits/sec   21    192 KBytes       
[  5]  34.00-35.00  sec  31.2 MBytes   262 Mbits/sec    0    274 KBytes       
[  5]  35.00-36.00  sec  30.0 MBytes   252 Mbits/sec    0    335 KBytes       
[  5]  36.00-37.00  sec  30.0 MBytes   252 Mbits/sec   38    303 KBytes       
[  5]  37.00-38.00  sec  33.8 MBytes   283 Mbits/sec    0    365 KBytes       
[  5]  38.00-39.00  sec  31.2 MBytes   262 Mbits/sec    8    311 KBytes       
[  5]  39.00-40.00  sec  30.0 MBytes   252 Mbits/sec   17    268 KBytes       
[  5]  40.00-41.00  sec  30.0 MBytes   252 Mbits/sec    5    239 KBytes       
[  5]  41.00-42.00  sec  30.0 MBytes   252 Mbits/sec   44    228 KBytes       
[  5]  42.00-43.00  sec  30.0 MBytes   252 Mbits/sec    0    298 KBytes       
[  5]  43.00-44.00  sec  30.0 MBytes   252 Mbits/sec    0    355 KBytes       
[  5]  44.00-45.00  sec  30.0 MBytes   252 Mbits/sec   18    221 KBytes       
[  5]  45.00-46.00  sec  28.8 MBytes   241 Mbits/sec    0    292 KBytes       
[  5]  46.00-47.00  sec  32.5 MBytes   273 Mbits/sec    0    354 KBytes       
[  5]  47.00-48.00  sec  30.0 MBytes   252 Mbits/sec   33    296 KBytes       
[  5]  48.00-49.00  sec  30.0 MBytes   252 Mbits/sec   29    265 KBytes       
[  5]  49.00-50.00  sec  27.5 MBytes   231 Mbits/sec    0    324 KBytes       
[  5]  50.00-51.00  sec  25.0 MBytes   210 Mbits/sec    0    369 KBytes       
[  5]  51.00-52.00  sec  26.2 MBytes   220 Mbits/sec    0    412 KBytes       
[  5]  52.00-53.00  sec  25.0 MBytes   210 Mbits/sec    0    448 KBytes       
[  5]  53.00-54.00  sec  26.2 MBytes   220 Mbits/sec    0    484 KBytes       
[  5]  54.00-55.00  sec  30.0 MBytes   252 Mbits/sec   56    364 KBytes       
[  5]  55.00-56.00  sec  33.8 MBytes   283 Mbits/sec    0    422 KBytes       
[  5]  56.00-57.00  sec  32.5 MBytes   273 Mbits/sec    0    464 KBytes       
[  5]  57.00-58.00  sec  26.2 MBytes   220 Mbits/sec   45    266 KBytes       
[  5]  58.00-59.00  sec  32.5 MBytes   273 Mbits/sec   13    238 KBytes       
[  5]  59.00-60.00  sec  26.2 MBytes   220 Mbits/sec    4    229 KBytes       
- - - - - - - - - - - - - - - - - - - - - - - - -
[ ID] Interval           Transfer     Bitrate         Retr
[  5]   0.00-60.00  sec  1.69 GBytes   242 Mbits/sec  1566             sender
[  5]   0.00-60.05  sec  1.69 GBytes   241 Mbits/sec                  receiver

iperf Done.
