Connecting to host 10.136.80.135, port 5201
[  5] local 10.136.173.70 port 44004 connected to 10.136.80.135 port 5201
[ ID] Interval           Transfer     Bitrate         Total Datagrams
[  5]   0.00-1.00   sec  63.2 MBytes   530 Mbits/sec  56230  (omitted)
[  5]   0.00-1.00   sec  57.4 MBytes   481 Mbits/sec  51050  
[  5]   1.00-2.00   sec  57.2 MBytes   480 Mbits/sec  50890  
[  5]   2.00-3.00   sec  59.1 MBytes   496 Mbits/sec  52610  
[  5]   3.00-4.00   sec  57.5 MBytes   483 Mbits/sec  51220  
[  5]   4.00-5.00   sec  56.2 MBytes   471 Mbits/sec  50000  
[  5]   5.00-6.00   sec  59.8 MBytes   502 Mbits/sec  53220  
[  5]   6.00-7.00   sec  60.7 MBytes   509 Mbits/sec  54030  
[  5]   7.00-8.00   sec  57.4 MBytes   481 Mbits/sec  51080  
[  5]   8.00-9.00   sec  64.5 MBytes   541 Mbits/sec  57430  
[  5]   9.00-10.00  sec  59.7 MBytes   501 Mbits/sec  53140  
[  5]  10.00-11.00  sec  58.0 MBytes   487 Mbits/sec  51640  
[  5]  11.00-12.00  sec  58.4 MBytes   490 Mbits/sec  51990  
[  5]  12.00-13.00  sec  59.0 MBytes   495 Mbits/sec  52550  
[  5]  13.00-14.00  sec  54.5 MBytes   458 Mbits/sec  48550  
[  5]  14.00-15.00  sec  59.8 MBytes   502 Mbits/sec  53250  
[  5]  15.00-16.00  sec  61.0 MBytes   512 Mbits/sec  54290  
[  5]  16.00-17.00  sec  59.3 MBytes   498 Mbits/sec  52790  
[  5]  17.00-18.00  sec  59.1 MBytes   495 Mbits/sec  52570  
[  5]  18.00-19.00  sec  56.2 MBytes   472 Mbits/sec  50050  
[  5]  19.00-20.00  sec  57.5 MBytes   482 Mbits/sec  51180  
[  5]  20.00-21.00  sec  49.9 MBytes   418 Mbits/sec  44390  
[  5]  21.00-22.00  sec  60.6 MBytes   508 Mbits/sec  53910  
[  5]  22.00-23.00  sec  56.9 MBytes   478 Mbits/sec  50690  
[  5]  23.00-24.00  sec  59.9 MBytes   503 Mbits/sec  53340  
[  5]  24.00-25.00  sec  61.0 MBytes   511 Mbits/sec  54300  
[  5]  25.00-26.00  sec  59.8 MBytes   502 Mbits/sec  53220  
[  5]  26.00-27.00  sec  57.3 MBytes   481 Mbits/sec  51020  
[  5]  27.00-28.00  sec  54.4 MBytes   456 Mbits/sec  48410  
[  5]  28.00-29.00  sec  57.3 MBytes   481 Mbits/sec  50990  
[  5]  29.00-30.00  sec  62.5 MBytes   524 Mbits/sec  55630  
[  5]  30.00-31.00  sec  52.2 MBytes   438 Mbits/sec  46440  
[  5]  31.00-32.00  sec  59.1 MBytes   496 Mbits/sec  52590  
[  5]  32.00-33.00  sec  58.9 MBytes   494 Mbits/sec  52420  
[  5]  33.00-34.00  sec  61.0 MBytes   512 Mbits/sec  54340  
[  5]  34.00-35.00  sec  60.0 MBytes   503 Mbits/sec  53380  
[  5]  35.00-36.00  sec  59.2 MBytes   497 Mbits/sec  52710  
[  5]  36.00-37.00  sec  58.2 MBytes   489 Mbits/sec  51840  
[  5]  37.00-38.00  sec  53.5 MBytes   449 Mbits/sec  47620  
[  5]  38.00-39.00  sec  59.7 MBytes   500 Mbits/sec  53100  
[  5]  39.00-40.00  sec  57.9 MBytes   486 Mbits/sec  51550  
[  5]  40.00-41.00  sec  57.1 MBytes   479 Mbits/sec  50810  
[  5]  41.00-42.00  sec  60.1 MBytes   505 Mbits/sec  53540  
[  5]  42.00-43.00  sec  58.4 MBytes   490 Mbits/sec  51970  
[  5]  43.00-44.00  sec  60.0 MBytes   504 Mbits/sec  53430  
[  5]  44.00-45.00  sec  58.0 MBytes   487 Mbits/sec  51660  
[  5]  45.00-46.00  sec  58.5 MBytes   490 Mbits/sec  52040  
[  5]  46.00-47.00  sec  56.5 MBytes   474 Mbits/sec  50300  
[  5]  47.00-48.00  sec  58.6 MBytes   491 Mbits/sec  52120  
[  5]  48.00-49.00  sec  55.1 MBytes   462 Mbits/sec  49050  
[  5]  49.00-50.00  sec  60.3 MBytes   506 Mbits/sec  53660  
[  5]  50.00-51.00  sec  54.7 MBytes   459 Mbits/sec  48710  
[  5]  51.00-52.00  sec  60.4 MBytes   507 Mbits/sec  53760  
[  5]  52.00-53.00  sec  58.3 MBytes   489 Mbits/sec  51930  
[  5]  53.00-54.00  sec  53.7 MBytes   451 Mbits/sec  47830  
[  5]  54.00-55.00  sec  55.3 MBytes   464 Mbits/sec  49240  
[  5]  55.00-56.00  sec  56.4 MBytes   473 Mbits/sec  50220  
[  5]  56.00-57.00  sec  55.7 MBytes   467 Mbits/sec  49600  
[  5]  57.00-58.00  sec  54.2 MBytes   455 Mbits/sec  48250  
[  5]  58.00-59.00  sec  65.1 MBytes   546 Mbits/sec  57980  
[  5]  59.00-60.00  sec  61.3 MBytes   515 Mbits/sec  54600  
- - - - - - - - - - - - - - - - - - - - - - - - -
[ ID] Interval           Transfer     Bitrate         Jitter    Lost/Total Datagrams
[  5]   0.00-60.00  sec  3.41 GBytes   488 Mbits/sec  0.000 ms  0/3106120 (0%)  sender
[  5]   0.00-60.41  sec   191 MBytes  26.5 Mbits/sec  0.030 ms  2990426/3106114 (96%)  receiver

iperf Done.
