Connecting to host 10.136.80.133, port 5201
[  5] local 10.136.173.68 port 57080 connected to 10.136.80.133 port 5201
[ ID] Interval           Transfer     Bitrate         Total Datagrams
[  5]   0.00-1.00   sec  60.4 MBytes   506 Mbits/sec  53730  (omitted)
[  5]   0.00-1.00   sec  59.7 MBytes   501 Mbits/sec  53120  
[  5]   1.00-2.00   sec  61.6 MBytes   517 Mbits/sec  54820  
[  5]   2.00-3.00   sec  62.3 MBytes   523 Mbits/sec  55490  
[  5]   3.00-4.00   sec  45.0 MBytes   377 Mbits/sec  40050  
[  5]   4.00-5.00   sec  57.0 MBytes   478 Mbits/sec  50750  
[  5]   5.00-6.00   sec  46.7 MBytes   392 Mbits/sec  41600  
[  5]   6.00-7.00   sec  54.0 MBytes   453 Mbits/sec  48040  
[  5]   7.00-8.00   sec  56.4 MBytes   473 Mbits/sec  50210  
[  5]   8.00-9.00   sec  59.0 MBytes   495 Mbits/sec  52550  
[  5]   9.00-10.00  sec  52.0 MBytes   436 Mbits/sec  46280  
[  5]  10.00-11.00  sec  43.3 MBytes   363 Mbits/sec  38520  
[  5]  11.00-12.00  sec  54.2 MBytes   454 Mbits/sec  48220  
[  5]  12.00-13.00  sec  54.3 MBytes   456 Mbits/sec  48370  
[  5]  13.00-14.00  sec  63.0 MBytes   528 Mbits/sec  56070  
[  5]  14.00-15.00  sec  52.4 MBytes   440 Mbits/sec  46670  
[  5]  15.00-16.00  sec  55.4 MBytes   465 Mbits/sec  49300  
[  5]  16.00-17.00  sec  51.1 MBytes   429 Mbits/sec  45470  
[  5]  17.00-18.00  sec  55.1 MBytes   462 Mbits/sec  49020  
[  5]  18.00-19.00  sec  56.1 MBytes   470 Mbits/sec  49920  
[  5]  19.00-20.00  sec  59.2 MBytes   497 Mbits/sec  52710  
[  5]  20.00-21.00  sec  53.9 MBytes   452 Mbits/sec  47990  
[  5]  21.00-22.00  sec  42.4 MBytes   356 Mbits/sec  37780  
[  5]  22.00-23.00  sec  54.5 MBytes   457 Mbits/sec  48550  
[  5]  23.00-24.00  sec  54.5 MBytes   458 Mbits/sec  48550  
[  5]  24.00-25.00  sec  56.1 MBytes   471 Mbits/sec  49930  
[  5]  25.00-26.00  sec  52.2 MBytes   438 Mbits/sec  46460  
[  5]  26.00-27.00  sec  46.5 MBytes   390 Mbits/sec  41410  
[  5]  27.00-28.00  sec  48.6 MBytes   408 Mbits/sec  43290  
[  5]  28.00-29.00  sec  42.6 MBytes   358 Mbits/sec  37940  
[  5]  29.00-30.00  sec  44.2 MBytes   371 Mbits/sec  39320  
[  5]  30.00-31.00  sec  53.1 MBytes   446 Mbits/sec  47300  
[  5]  31.00-32.00  sec  62.0 MBytes   520 Mbits/sec  55210  
[  5]  32.00-33.00  sec  58.1 MBytes   487 Mbits/sec  51690  
[  5]  33.00-34.00  sec  58.0 MBytes   487 Mbits/sec  51640  
[  5]  34.00-35.00  sec  57.6 MBytes   483 Mbits/sec  51250  
[  5]  35.00-36.00  sec  49.3 MBytes   414 Mbits/sec  43910  
[  5]  36.00-37.00  sec  53.0 MBytes   445 Mbits/sec  47180  
[  5]  37.00-38.00  sec  54.8 MBytes   460 Mbits/sec  48770  
[  5]  38.00-39.00  sec  60.1 MBytes   505 Mbits/sec  53530  
[  5]  39.00-40.00  sec  47.3 MBytes   397 Mbits/sec  42090  
[  5]  40.00-41.00  sec  64.3 MBytes   539 Mbits/sec  57210  
[  5]  41.00-42.00  sec  52.9 MBytes   443 Mbits/sec  47050  
[  5]  42.00-43.00  sec  49.7 MBytes   417 Mbits/sec  44210  
[  5]  43.00-44.00  sec  44.3 MBytes   371 Mbits/sec  39420  
[  5]  44.00-45.00  sec  48.5 MBytes   407 Mbits/sec  43140  
[  5]  45.00-46.00  sec  58.8 MBytes   493 Mbits/sec  52340  
[  5]  46.00-47.00  sec  55.6 MBytes   467 Mbits/sec  49500  
[  5]  47.00-48.00  sec  46.5 MBytes   390 Mbits/sec  41430  
[  5]  48.00-49.00  sec  53.5 MBytes   449 Mbits/sec  47650  
[  5]  49.00-50.00  sec  60.6 MBytes   508 Mbits/sec  53910  
[  5]  50.00-51.00  sec  62.5 MBytes   524 Mbits/sec  55650  
[  5]  51.00-52.00  sec  62.3 MBytes   522 Mbits/sec  55440  
[  5]  52.00-53.00  sec  57.3 MBytes   480 Mbits/sec  50970  
[  5]  53.00-54.00  sec  52.8 MBytes   443 Mbits/sec  46970  
[  5]  54.00-55.00  sec  49.9 MBytes   418 Mbits/sec  44410  
[  5]  55.00-56.00  sec  47.8 MBytes   401 Mbits/sec  42520  
[  5]  56.00-57.00  sec  56.9 MBytes   478 Mbits/sec  50690  
[  5]  57.00-58.00  sec  56.5 MBytes   474 Mbits/sec  50330  
[  5]  58.00-59.00  sec  59.5 MBytes   499 Mbits/sec  52980  
[  5]  59.00-60.00  sec  61.7 MBytes   518 Mbits/sec  54960  
- - - - - - - - - - - - - - - - - - - - - - - - -
[ ID] Interval           Transfer     Bitrate         Jitter    Lost/Total Datagrams
[  5]   0.00-60.00  sec  3.17 GBytes   454 Mbits/sec  0.000 ms  0/2891750 (0%)  sender
[  5]   0.00-60.05  sec  2.03 GBytes   290 Mbits/sec  0.020 ms  1067462/2891750 (37%)  receiver

iperf Done.
