Connecting to host knb-server-1138537, port 5201
[  5] local 10.136.173.101 port 44211 connected to 10.43.105.116 port 5201
[ ID] Interval           Transfer     Bitrate         Total Datagrams
[  5]   0.00-1.00   sec  53.9 MBytes   452 Mbits/sec  47960  (omitted)
[  5]   0.00-1.00   sec  48.5 MBytes   407 Mbits/sec  43170  
[  5]   1.00-2.00   sec  48.8 MBytes   410 Mbits/sec  43470  
[  5]   2.00-3.00   sec  50.2 MBytes   421 Mbits/sec  44680  
[  5]   3.00-4.00   sec  52.2 MBytes   438 Mbits/sec  46430  
[  5]   4.00-5.00   sec  49.1 MBytes   412 Mbits/sec  43740  
[  5]   5.00-6.00   sec  48.3 MBytes   405 Mbits/sec  42990  
[  5]   6.00-7.00   sec  56.1 MBytes   470 Mbits/sec  49900  
[  5]   7.00-8.00   sec  53.5 MBytes   449 Mbits/sec  47660  
[  5]   8.00-9.00   sec  52.3 MBytes   439 Mbits/sec  46560  
[  5]   9.00-10.00  sec  54.0 MBytes   453 Mbits/sec  48030  
[  5]  10.00-11.00  sec  51.7 MBytes   434 Mbits/sec  46010  
[  5]  11.00-12.00  sec  49.4 MBytes   414 Mbits/sec  43950  
[  5]  12.00-13.00  sec  57.6 MBytes   483 Mbits/sec  51300  
[  5]  13.00-14.00  sec  58.7 MBytes   492 Mbits/sec  52210  
[  5]  14.00-15.00  sec  50.8 MBytes   426 Mbits/sec  45250  
[  5]  15.00-16.00  sec  51.1 MBytes   428 Mbits/sec  45460  
[  5]  16.00-17.00  sec  51.1 MBytes   428 Mbits/sec  45450  
[  5]  17.00-18.00  sec  51.2 MBytes   430 Mbits/sec  45590  
[  5]  18.00-19.00  sec  55.4 MBytes   465 Mbits/sec  49330  
[  5]  19.00-20.00  sec  57.8 MBytes   485 Mbits/sec  51440  
[  5]  20.00-21.00  sec  50.4 MBytes   423 Mbits/sec  44890  
[  5]  21.00-22.00  sec  49.1 MBytes   412 Mbits/sec  43720  
[  5]  22.00-23.00  sec  50.0 MBytes   419 Mbits/sec  44490  
[  5]  23.00-24.00  sec  53.6 MBytes   450 Mbits/sec  47730  
[  5]  24.00-25.00  sec  50.2 MBytes   421 Mbits/sec  44690  
[  5]  25.00-26.00  sec  51.1 MBytes   429 Mbits/sec  45510  
[  5]  26.00-27.00  sec  55.0 MBytes   461 Mbits/sec  48960  
[  5]  27.00-28.00  sec  55.9 MBytes   469 Mbits/sec  49800  
[  5]  28.00-29.00  sec  50.7 MBytes   425 Mbits/sec  45090  
[  5]  29.00-30.00  sec  52.0 MBytes   436 Mbits/sec  46270  
[  5]  30.00-31.00  sec  53.2 MBytes   446 Mbits/sec  47350  
[  5]  31.00-32.00  sec  51.6 MBytes   433 Mbits/sec  45950  
[  5]  32.00-33.00  sec  51.0 MBytes   428 Mbits/sec  45370  
[  5]  33.00-34.00  sec  55.3 MBytes   464 Mbits/sec  49240  
[  5]  34.00-35.00  sec  51.3 MBytes   430 Mbits/sec  45640  
[  5]  35.00-36.00  sec  54.9 MBytes   460 Mbits/sec  48850  
[  5]  36.00-37.00  sec  54.0 MBytes   453 Mbits/sec  48060  
[  5]  37.00-38.00  sec  56.3 MBytes   473 Mbits/sec  50150  
[  5]  38.00-39.00  sec  51.9 MBytes   435 Mbits/sec  46190  
[  5]  39.00-40.00  sec  55.9 MBytes   469 Mbits/sec  49720  
[  5]  40.00-41.00  sec  52.8 MBytes   443 Mbits/sec  46980  
[  5]  41.00-42.00  sec  53.3 MBytes   447 Mbits/sec  47420  
[  5]  42.00-43.00  sec  53.8 MBytes   451 Mbits/sec  47900  
[  5]  43.00-44.00  sec  53.8 MBytes   452 Mbits/sec  47930  
[  5]  44.00-45.00  sec  48.9 MBytes   410 Mbits/sec  43540  
[  5]  45.00-46.00  sec  53.0 MBytes   445 Mbits/sec  47200  
[  5]  46.00-47.00  sec  50.5 MBytes   423 Mbits/sec  44910  
[  5]  47.00-48.00  sec  57.8 MBytes   485 Mbits/sec  51420  
[  5]  48.00-49.00  sec  57.9 MBytes   486 Mbits/sec  51570  
[  5]  49.00-50.00  sec  56.4 MBytes   473 Mbits/sec  50220  
[  5]  50.00-51.00  sec  50.9 MBytes   427 Mbits/sec  45310  
[  5]  51.00-52.00  sec  49.1 MBytes   412 Mbits/sec  43680  
[  5]  52.00-53.00  sec  51.2 MBytes   429 Mbits/sec  45570  
[  5]  53.00-54.00  sec  53.4 MBytes   448 Mbits/sec  47560  
[  5]  54.00-55.00  sec  54.5 MBytes   457 Mbits/sec  48530  
[  5]  55.00-56.00  sec  53.0 MBytes   445 Mbits/sec  47210  
[  5]  56.00-57.00  sec  58.2 MBytes   488 Mbits/sec  51820  
[  5]  57.00-58.00  sec  53.5 MBytes   449 Mbits/sec  47620  
[  5]  58.00-59.00  sec  52.2 MBytes   438 Mbits/sec  46470  
[  5]  59.00-60.00  sec  51.0 MBytes   428 Mbits/sec  45430  
- - - - - - - - - - - - - - - - - - - - - - - - -
[ ID] Interval           Transfer     Bitrate         Jitter    Lost/Total Datagrams
[  5]   0.00-60.00  sec  3.09 GBytes   443 Mbits/sec  0.000 ms  0/2818580 (0%)  sender
[  5]   0.00-60.64  sec  81.1 MBytes  11.2 Mbits/sec  0.741 ms  2759769/2786170 (99%)  receiver

iperf Done.
