Connecting to host 10.136.80.170, port 5201
[  5] local 10.136.173.95 port 44802 connected to 10.136.80.170 port 5201
[ ID] Interval           Transfer     Bitrate         Retr  Cwnd
[  5]   0.00-1.00   sec   990 KBytes  8.11 Mbits/sec    0   58.7 KBytes       (omitted)
[  5]   0.00-1.00   sec  0.00 Bytes  0.00 Mbits/sec    1   61.0 KBytes       
[  5]   1.00-2.00   sec  1.24 MBytes  10.4 Mbits/sec    0    112 KBytes       
[  5]   2.00-3.00   sec  1.30 MBytes  10.9 Mbits/sec    0    171 KBytes       
[  5]   3.00-4.00   sec   823 KBytes  6.74 Mbits/sec    1    206 KBytes       
[  5]   4.00-5.00   sec  1.36 MBytes  11.4 Mbits/sec  126   94.3 KBytes       
[  5]   5.00-6.00   sec  1.48 MBytes  12.4 Mbits/sec    0    147 KBytes       
[  5]   6.00-7.00   sec   380 KBytes  3.11 Mbits/sec    1    166 KBytes       
[  5]   7.00-8.00   sec  1.11 MBytes  9.32 Mbits/sec    2    137 KBytes       
[  5]   8.00-9.00   sec  1.11 MBytes  9.34 Mbits/sec    0    189 KBytes       
[  5]   9.00-10.00  sec   759 KBytes  6.22 Mbits/sec    0    231 KBytes       
[  5]  10.00-11.00  sec  1.48 MBytes  12.4 Mbits/sec    1    303 KBytes       
[  5]  11.00-12.00  sec   886 KBytes  7.26 Mbits/sec    0    332 KBytes       
[  5]  12.00-13.00  sec   506 KBytes  4.14 Mbits/sec    0    364 KBytes       
[  5]  13.00-14.00  sec  2.10 MBytes  17.6 Mbits/sec  190    141 KBytes       
[  5]  14.00-15.00  sec  0.00 Bytes  0.00 Mbits/sec    0    153 KBytes       
[  5]  15.00-16.00  sec  1.67 MBytes  14.0 Mbits/sec   50   82.8 KBytes       
[  5]  16.00-17.00  sec   633 KBytes  5.18 Mbits/sec    1   89.7 KBytes       
[  5]  17.00-18.00  sec  1012 KBytes  8.30 Mbits/sec    0    124 KBytes       
[  5]  18.00-19.00  sec  1.54 MBytes  13.0 Mbits/sec    4    110 KBytes       
[  5]  19.00-20.00  sec  1.48 MBytes  12.4 Mbits/sec    0    123 KBytes       
[  5]  20.00-21.00  sec  2.10 MBytes  17.6 Mbits/sec    5   97.8 KBytes       
[  5]  21.00-22.00  sec  1.48 MBytes  12.4 Mbits/sec    0    102 KBytes       
[  5]  22.00-23.00  sec  1012 KBytes  8.30 Mbits/sec    1    109 KBytes       
[  5]  23.00-24.00  sec  1.05 MBytes  8.81 Mbits/sec    0    166 KBytes       
[  5]  24.00-25.00  sec   506 KBytes  4.15 Mbits/sec    1    178 KBytes       
[  5]  25.00-26.00  sec   506 KBytes  4.14 Mbits/sec    0    207 KBytes       
[  5]  26.00-27.00  sec  1.48 MBytes  12.4 Mbits/sec   15    192 KBytes       
[  5]  27.00-28.00  sec   569 KBytes  4.67 Mbits/sec    0    217 KBytes       
[  5]  28.00-29.00  sec  1012 KBytes  8.29 Mbits/sec    0    240 KBytes       
[  5]  29.00-30.00  sec   569 KBytes  4.67 Mbits/sec    1    253 KBytes       
[  5]  30.00-31.00  sec  1.54 MBytes  13.0 Mbits/sec    0    353 KBytes       
[  5]  31.00-32.00  sec  5.19 MBytes  43.5 Mbits/sec   42    374 KBytes       
[  5]  32.00-33.00  sec  1.36 MBytes  11.4 Mbits/sec    0    433 KBytes       
[  5]  33.00-34.00  sec  1.36 MBytes  11.4 Mbits/sec   12    415 KBytes       
[  5]  34.00-35.00  sec  0.00 Bytes  0.00 Mbits/sec    0    327 KBytes       
[  5]  35.00-36.00  sec  2.78 MBytes  23.3 Mbits/sec   17    246 KBytes       
[  5]  36.00-37.00  sec  4.76 MBytes  39.9 Mbits/sec    0    267 KBytes       
[  5]  37.00-38.00  sec  0.00 Bytes  0.00 Mbits/sec    0    268 KBytes       
[  5]  38.00-39.00  sec  0.00 Bytes  0.00 Mbits/sec    1    273 KBytes       
[  5]  39.00-40.00  sec  0.00 Bytes  0.00 Mbits/sec    0    289 KBytes       
[  5]  40.00-41.00  sec   696 KBytes  5.71 Mbits/sec    0    298 KBytes       
[  5]  41.00-42.00  sec  4.20 MBytes  35.3 Mbits/sec  106    245 KBytes       
[  5]  42.00-43.00  sec  0.00 Bytes  0.00 Mbits/sec    0    252 KBytes       
[  5]  43.00-44.00  sec   696 KBytes  5.71 Mbits/sec    0    294 KBytes       
[  5]  44.00-45.00  sec   696 KBytes  5.70 Mbits/sec    0    305 KBytes       
[  5]  45.00-46.00  sec   696 KBytes  5.70 Mbits/sec    0    313 KBytes       
[  5]  46.00-47.00  sec   696 KBytes  5.70 Mbits/sec    0    318 KBytes       
[  5]  47.00-48.00  sec  1.36 MBytes  11.4 Mbits/sec    0    318 KBytes       
[  5]  48.00-49.00  sec  2.10 MBytes  17.6 Mbits/sec   17    236 KBytes       
[  5]  49.00-50.00  sec  0.00 Bytes  0.00 Mbits/sec    0    262 KBytes       
[  5]  50.00-51.00  sec   696 KBytes  5.71 Mbits/sec    0    284 KBytes       
[  5]  51.00-52.00  sec  0.00 Bytes  0.00 Mbits/sec    0    307 KBytes       
[  5]  52.00-53.00  sec  0.00 Bytes  0.00 Mbits/sec    0    309 KBytes       
[  5]  53.00-54.00  sec  2.04 MBytes  17.1 Mbits/sec   17    222 KBytes       
[  5]  54.00-55.00  sec  1.42 MBytes  11.9 Mbits/sec    0    244 KBytes       
[  5]  55.00-56.00  sec  0.00 Bytes  0.00 Mbits/sec    1    247 KBytes       
[  5]  56.00-57.00  sec  1.36 MBytes  11.4 Mbits/sec    9    300 KBytes       
[  5]  57.00-58.00  sec  3.52 MBytes  29.5 Mbits/sec    0    268 KBytes       
[  5]  58.00-59.00  sec  2.10 MBytes  17.6 Mbits/sec   24    207 KBytes       
[  5]  59.00-60.00  sec  0.00 Bytes  0.00 Mbits/sec    0    216 KBytes       
- - - - - - - - - - - - - - - - - - - - - - - - -
[ ID] Interval           Transfer     Bitrate         Retr
[  5]   0.00-60.00  sec  70.1 MBytes  9.80 Mbits/sec  646             sender
[  5]   0.00-61.32  sec  69.2 MBytes  9.47 Mbits/sec                  receiver

iperf Done.
