Connecting to host 10.136.80.162, port 5201
[  5] local 10.136.173.99 port 34865 connected to 10.136.80.162 port 5201
[ ID] Interval           Transfer     Bitrate         Total Datagrams
[  5]   0.00-1.00   sec  63.4 MBytes   532 Mbits/sec  56430  (omitted)
[  5]   0.00-1.00   sec  64.7 MBytes   543 Mbits/sec  57590  
[  5]   1.00-2.00   sec  69.0 MBytes   579 Mbits/sec  61400  
[  5]   2.00-3.00   sec  62.9 MBytes   528 Mbits/sec  55980  
[  5]   3.00-4.00   sec  67.2 MBytes   563 Mbits/sec  59790  
[  5]   4.00-5.00   sec  63.6 MBytes   533 Mbits/sec  56590  
[  5]   5.00-6.00   sec  66.6 MBytes   559 Mbits/sec  59310  
[  5]   6.00-7.00   sec  57.6 MBytes   483 Mbits/sec  51240  
[  5]   7.00-8.00   sec  63.2 MBytes   531 Mbits/sec  56300  
[  5]   8.00-9.00   sec  63.5 MBytes   532 Mbits/sec  56490  
[  5]   9.00-10.00  sec  61.1 MBytes   512 Mbits/sec  54350  
[  5]  10.00-11.00  sec  62.6 MBytes   525 Mbits/sec  55680  
[  5]  11.00-12.00  sec  64.7 MBytes   543 Mbits/sec  57620  
[  5]  12.00-13.00  sec  59.9 MBytes   502 Mbits/sec  53320  
[  5]  13.00-14.00  sec  62.4 MBytes   523 Mbits/sec  55510  
[  5]  14.00-15.00  sec  68.6 MBytes   576 Mbits/sec  61070  
[  5]  15.00-16.00  sec  64.4 MBytes   540 Mbits/sec  57330  
[  5]  16.00-17.00  sec  56.3 MBytes   472 Mbits/sec  50100  
[  5]  17.00-18.00  sec  57.0 MBytes   478 Mbits/sec  50750  
[  5]  18.00-19.00  sec  69.2 MBytes   581 Mbits/sec  61620  
[  5]  19.00-20.00  sec  52.1 MBytes   437 Mbits/sec  46340  
[  5]  20.00-21.00  sec  51.3 MBytes   430 Mbits/sec  45650  
[  5]  21.00-22.00  sec  57.3 MBytes   481 Mbits/sec  51020  
[  5]  22.00-23.00  sec  62.4 MBytes   523 Mbits/sec  55510  
[  5]  23.00-24.00  sec  64.6 MBytes   542 Mbits/sec  57540  
[  5]  24.00-25.00  sec  60.4 MBytes   507 Mbits/sec  53780  
[  5]  25.00-26.00  sec  62.8 MBytes   527 Mbits/sec  55930  
[  5]  26.00-27.00  sec  67.0 MBytes   562 Mbits/sec  59630  
[  5]  27.00-28.00  sec  63.3 MBytes   531 Mbits/sec  56380  
[  5]  28.00-29.00  sec  62.4 MBytes   524 Mbits/sec  55570  
[  5]  29.00-30.00  sec  62.8 MBytes   527 Mbits/sec  55940  
[  5]  30.00-31.00  sec  64.0 MBytes   537 Mbits/sec  57010  
[  5]  31.00-32.00  sec  62.3 MBytes   523 Mbits/sec  55460  
[  5]  32.00-33.00  sec  62.9 MBytes   528 Mbits/sec  56030  
[  5]  33.00-34.00  sec  59.4 MBytes   498 Mbits/sec  52880  
[  5]  34.00-35.00  sec  60.7 MBytes   509 Mbits/sec  54040  
[  5]  35.00-36.00  sec  73.0 MBytes   613 Mbits/sec  65000  
[  5]  36.00-37.00  sec  65.9 MBytes   553 Mbits/sec  58680  
[  5]  37.00-38.00  sec  63.6 MBytes   534 Mbits/sec  56620  
[  5]  38.00-39.00  sec  64.5 MBytes   541 Mbits/sec  57380  
[  5]  39.00-40.00  sec  61.5 MBytes   516 Mbits/sec  54740  
[  5]  40.00-41.00  sec  58.2 MBytes   488 Mbits/sec  51810  
[  5]  41.00-42.00  sec  67.3 MBytes   565 Mbits/sec  59940  
[  5]  42.00-43.00  sec  64.0 MBytes   536 Mbits/sec  56930  
[  5]  43.00-44.00  sec  62.3 MBytes   523 Mbits/sec  55490  
[  5]  44.00-45.00  sec  62.4 MBytes   524 Mbits/sec  55550  
[  5]  45.00-46.00  sec  64.5 MBytes   541 Mbits/sec  57390  
[  5]  46.00-47.00  sec  63.0 MBytes   528 Mbits/sec  56070  
[  5]  47.00-48.00  sec  63.5 MBytes   533 Mbits/sec  56520  
[  5]  48.00-49.00  sec  62.9 MBytes   528 Mbits/sec  56030  
[  5]  49.00-50.00  sec  63.0 MBytes   529 Mbits/sec  56120  
[  5]  50.00-51.00  sec  65.9 MBytes   552 Mbits/sec  58620  
[  5]  51.00-52.00  sec  67.7 MBytes   568 Mbits/sec  60230  
[  5]  52.00-53.00  sec  60.0 MBytes   503 Mbits/sec  53410  
[  5]  53.00-54.00  sec  63.6 MBytes   533 Mbits/sec  56590  
[  5]  54.00-55.00  sec  65.9 MBytes   553 Mbits/sec  58630  
[  5]  55.00-56.00  sec  65.3 MBytes   548 Mbits/sec  58160  
[  5]  56.00-57.00  sec  64.7 MBytes   543 Mbits/sec  57610  
[  5]  57.00-58.00  sec  66.1 MBytes   554 Mbits/sec  58820  
[  5]  58.00-59.00  sec  62.8 MBytes   526 Mbits/sec  55860  
[  5]  59.00-60.00  sec  66.0 MBytes   554 Mbits/sec  58770  
- - - - - - - - - - - - - - - - - - - - - - - - -
[ ID] Interval           Transfer     Bitrate         Jitter    Lost/Total Datagrams
[  5]   0.00-60.00  sec  3.70 GBytes   530 Mbits/sec  0.000 ms  0/3371720 (0%)  sender
[  5]   0.00-60.05  sec  3.62 GBytes   518 Mbits/sec  3.585 ms  76658/3371497 (2.3%)  receiver

iperf Done.
