Connecting to host 10.136.80.174, port 5201
[  5] local 10.136.173.110 port 53991 connected to 10.136.80.174 port 5201
[ ID] Interval           Transfer     Bitrate         Total Datagrams
[  5]   0.00-1.00   sec  55.5 MBytes   465 Mbits/sec  49360  (omitted)
[  5]   0.00-1.00   sec  56.2 MBytes   471 Mbits/sec  49990  
[  5]   1.00-2.00   sec  61.0 MBytes   512 Mbits/sec  54320  
[  5]   2.00-3.00   sec  53.3 MBytes   447 Mbits/sec  47420  
[  5]   3.00-4.00   sec  51.9 MBytes   435 Mbits/sec  46210  
[  5]   4.00-5.00   sec  51.7 MBytes   433 Mbits/sec  46000  
[  5]   5.00-6.00   sec  57.7 MBytes   484 Mbits/sec  51390  
[  5]   6.00-7.00   sec  52.9 MBytes   444 Mbits/sec  47080  
[  5]   7.00-8.00   sec  57.7 MBytes   484 Mbits/sec  51350  
[  5]   8.00-9.00   sec  52.9 MBytes   444 Mbits/sec  47120  
[  5]   9.00-10.00  sec  55.5 MBytes   466 Mbits/sec  49410  
[  5]  10.00-11.00  sec  48.6 MBytes   407 Mbits/sec  43220  
[  5]  11.00-12.00  sec  51.7 MBytes   434 Mbits/sec  46030  
[  5]  12.00-13.00  sec  57.3 MBytes   481 Mbits/sec  51010  
[  5]  13.00-14.00  sec  49.8 MBytes   418 Mbits/sec  44330  
[  5]  14.00-15.00  sec  53.7 MBytes   451 Mbits/sec  47820  
[  5]  15.00-16.00  sec  50.9 MBytes   427 Mbits/sec  45310  
[  5]  16.00-17.00  sec  54.9 MBytes   460 Mbits/sec  48860  
[  5]  17.00-18.00  sec  54.1 MBytes   454 Mbits/sec  48130  
[  5]  18.00-19.00  sec  56.5 MBytes   474 Mbits/sec  50330  
[  5]  19.00-20.00  sec  56.5 MBytes   474 Mbits/sec  50330  
[  5]  20.00-21.00  sec  54.5 MBytes   457 Mbits/sec  48500  
[  5]  21.00-22.00  sec  52.7 MBytes   442 Mbits/sec  46940  
[  5]  22.00-23.00  sec  62.0 MBytes   520 Mbits/sec  55160  
[  5]  23.00-24.00  sec  51.3 MBytes   430 Mbits/sec  45630  
[  5]  24.00-25.00  sec  48.8 MBytes   409 Mbits/sec  43450  
[  5]  25.00-26.00  sec  42.9 MBytes   360 Mbits/sec  38160  
[  5]  26.00-27.00  sec  56.7 MBytes   476 Mbits/sec  50510  
[  5]  27.00-28.00  sec  51.0 MBytes   428 Mbits/sec  45400  
[  5]  28.00-29.00  sec  51.6 MBytes   433 Mbits/sec  45960  
[  5]  29.00-30.00  sec  51.8 MBytes   435 Mbits/sec  46140  
[  5]  30.00-31.00  sec  54.8 MBytes   460 Mbits/sec  48800  
[  5]  31.00-32.00  sec  52.3 MBytes   438 Mbits/sec  46510  
[  5]  32.00-33.00  sec  53.0 MBytes   445 Mbits/sec  47170  
[  5]  33.00-34.00  sec  57.2 MBytes   479 Mbits/sec  50880  
[  5]  34.00-35.00  sec  56.0 MBytes   470 Mbits/sec  49850  
[  5]  35.00-36.00  sec  55.2 MBytes   463 Mbits/sec  49130  
[  5]  36.00-37.00  sec  56.0 MBytes   470 Mbits/sec  49840  
[  5]  37.00-38.00  sec  55.9 MBytes   469 Mbits/sec  49740  
[  5]  38.00-39.00  sec  59.5 MBytes   499 Mbits/sec  52920  
[  5]  39.00-40.00  sec  50.8 MBytes   426 Mbits/sec  45240  
[  5]  40.00-41.00  sec  53.3 MBytes   447 Mbits/sec  47460  
[  5]  41.00-42.00  sec  57.0 MBytes   478 Mbits/sec  50730  
[  5]  42.00-43.00  sec  53.3 MBytes   447 Mbits/sec  47400  
[  5]  43.00-44.00  sec  53.4 MBytes   448 Mbits/sec  47490  
[  5]  44.00-45.00  sec  59.3 MBytes   498 Mbits/sec  52820  
[  5]  45.00-46.00  sec  56.5 MBytes   474 Mbits/sec  50290  
[  5]  46.00-47.00  sec  54.9 MBytes   461 Mbits/sec  48890  
[  5]  47.00-48.00  sec  51.5 MBytes   432 Mbits/sec  45840  
[  5]  48.00-49.00  sec  53.5 MBytes   449 Mbits/sec  47660  
[  5]  49.00-50.00  sec  50.8 MBytes   426 Mbits/sec  45200  
[  5]  50.00-51.00  sec  54.6 MBytes   458 Mbits/sec  48610  
[  5]  51.00-52.00  sec  57.1 MBytes   479 Mbits/sec  50810  
[  5]  52.00-53.00  sec  53.9 MBytes   452 Mbits/sec  47990  
[  5]  53.00-54.00  sec  55.4 MBytes   465 Mbits/sec  49300  
[  5]  54.00-55.00  sec  56.0 MBytes   470 Mbits/sec  49850  
[  5]  55.00-56.00  sec  52.9 MBytes   444 Mbits/sec  47130  
[  5]  56.00-57.00  sec  54.4 MBytes   456 Mbits/sec  48400  
[  5]  57.00-58.00  sec  56.3 MBytes   472 Mbits/sec  50090  
[  5]  58.00-59.00  sec  51.0 MBytes   428 Mbits/sec  45440  
[  5]  59.00-60.00  sec  59.2 MBytes   496 Mbits/sec  52670  
- - - - - - - - - - - - - - - - - - - - - - - - -
[ ID] Interval           Transfer     Bitrate         Jitter    Lost/Total Datagrams
[  5]   0.00-60.00  sec  3.18 GBytes   455 Mbits/sec  0.000 ms  0/2895660 (0%)  sender
[  5]   0.00-60.30  sec  2.20 GBytes   314 Mbits/sec  0.009 ms  906670/2895660 (31%)  receiver

iperf Done.
