Connecting to host 10.136.80.132, port 5201
[  5] local 10.136.173.66 port 55663 connected to 10.136.80.132 port 5201
[ ID] Interval           Transfer     Bitrate         Total Datagrams
[  5]   0.00-1.00   sec  58.8 MBytes   493 Mbits/sec  52300  (omitted)
[  5]   0.00-1.00   sec  56.4 MBytes   473 Mbits/sec  50240  
[  5]   1.00-2.00   sec  62.3 MBytes   522 Mbits/sec  55440  
[  5]   2.00-3.00   sec  57.1 MBytes   479 Mbits/sec  50790  
[  5]   3.00-4.00   sec  57.3 MBytes   480 Mbits/sec  50980  
[  5]   4.00-5.00   sec  66.7 MBytes   559 Mbits/sec  59350  
[  5]   5.00-6.00   sec  60.1 MBytes   504 Mbits/sec  53520  
[  5]   6.00-7.00   sec  57.7 MBytes   484 Mbits/sec  51360  
[  5]   7.00-8.00   sec  72.1 MBytes   605 Mbits/sec  64210  
[  5]   8.00-9.00   sec  73.2 MBytes   614 Mbits/sec  65180  
[  5]   9.00-10.00  sec  74.3 MBytes   623 Mbits/sec  66140  
[  5]  10.00-11.00  sec  74.6 MBytes   626 Mbits/sec  66420  
[  5]  11.00-12.00  sec  75.1 MBytes   630 Mbits/sec  66850  
[  5]  12.00-13.00  sec  75.1 MBytes   630 Mbits/sec  66890  
[  5]  13.00-14.00  sec  75.2 MBytes   631 Mbits/sec  66920  
[  5]  14.00-15.00  sec  73.0 MBytes   613 Mbits/sec  65010  
[  5]  15.00-16.00  sec  72.9 MBytes   612 Mbits/sec  64920  
[  5]  16.00-17.00  sec  72.5 MBytes   608 Mbits/sec  64560  
[  5]  17.00-18.00  sec  75.4 MBytes   633 Mbits/sec  67160  
[  5]  18.00-19.00  sec  78.9 MBytes   661 Mbits/sec  70190  
[  5]  19.00-20.00  sec  79.1 MBytes   663 Mbits/sec  70370  
[  5]  20.00-21.00  sec  80.0 MBytes   671 Mbits/sec  71180  
[  5]  21.00-22.00  sec  80.8 MBytes   677 Mbits/sec  71880  
[  5]  22.00-23.00  sec  81.3 MBytes   682 Mbits/sec  72380  
[  5]  23.00-24.00  sec  80.2 MBytes   672 Mbits/sec  71350  
[  5]  24.00-25.00  sec  80.7 MBytes   677 Mbits/sec  71850  
[  5]  25.00-26.00  sec  80.7 MBytes   677 Mbits/sec  71790  
[  5]  26.00-27.00  sec  80.0 MBytes   671 Mbits/sec  71170  
[  5]  27.00-28.00  sec  80.7 MBytes   677 Mbits/sec  71800  
[  5]  28.00-29.00  sec  79.7 MBytes   668 Mbits/sec  70910  
[  5]  29.00-30.00  sec  78.7 MBytes   660 Mbits/sec  70050  
[  5]  30.00-31.00  sec  79.5 MBytes   667 Mbits/sec  70750  
[  5]  31.00-32.00  sec  79.2 MBytes   664 Mbits/sec  70480  
[  5]  32.00-33.00  sec  81.1 MBytes   680 Mbits/sec  72190  
[  5]  33.00-34.00  sec  80.5 MBytes   675 Mbits/sec  71620  
[  5]  34.00-35.00  sec  80.4 MBytes   674 Mbits/sec  71560  
[  5]  35.00-36.00  sec  80.6 MBytes   676 Mbits/sec  71760  
[  5]  36.00-37.00  sec  79.2 MBytes   664 Mbits/sec  70480  
[  5]  37.00-38.00  sec  78.9 MBytes   662 Mbits/sec  70210  
[  5]  38.00-39.00  sec  78.8 MBytes   661 Mbits/sec  70160  
[  5]  39.00-40.00  sec  78.6 MBytes   659 Mbits/sec  69970  
[  5]  40.00-41.00  sec  80.2 MBytes   673 Mbits/sec  71410  
[  5]  41.00-42.00  sec  81.2 MBytes   681 Mbits/sec  72250  
[  5]  42.00-43.00  sec  81.6 MBytes   684 Mbits/sec  72610  
[  5]  43.00-44.00  sec  80.5 MBytes   675 Mbits/sec  71660  
[  5]  44.00-45.00  sec  81.5 MBytes   683 Mbits/sec  72520  
[  5]  45.00-46.00  sec  80.1 MBytes   672 Mbits/sec  71300  
[  5]  46.00-47.00  sec  80.2 MBytes   673 Mbits/sec  71380  
[  5]  47.00-48.00  sec  80.7 MBytes   677 Mbits/sec  71810  
[  5]  48.00-49.00  sec  80.7 MBytes   677 Mbits/sec  71870  
[  5]  49.00-50.00  sec  79.7 MBytes   668 Mbits/sec  70900  
[  5]  50.00-51.00  sec  80.2 MBytes   673 Mbits/sec  71430  
[  5]  51.00-52.00  sec  79.7 MBytes   669 Mbits/sec  70940  
[  5]  52.00-53.00  sec  80.8 MBytes   678 Mbits/sec  71920  
[  5]  53.00-54.00  sec  80.4 MBytes   675 Mbits/sec  71600  
[  5]  54.00-55.00  sec  81.9 MBytes   687 Mbits/sec  72910  
[  5]  55.00-56.00  sec  79.1 MBytes   663 Mbits/sec  70380  
[  5]  56.00-57.00  sec  78.0 MBytes   654 Mbits/sec  69400  
[  5]  57.00-58.00  sec  78.8 MBytes   661 Mbits/sec  70120  
[  5]  58.00-59.00  sec  79.1 MBytes   664 Mbits/sec  70430  
[  5]  59.00-60.00  sec  78.9 MBytes   662 Mbits/sec  70220  
- - - - - - - - - - - - - - - - - - - - - - - - -
[ ID] Interval           Transfer     Bitrate         Jitter    Lost/Total Datagrams
[  5]   0.00-60.00  sec  4.48 GBytes   642 Mbits/sec  0.000 ms  0/4087100 (0%)  sender
[  5]   0.00-60.25  sec  2.27 GBytes   324 Mbits/sec  0.010 ms  2033708/4086952 (50%)  receiver

iperf Done.
