Connecting to host 10.136.80.150, port 5201
[  5] local 10.136.173.86 port 43494 connected to 10.136.80.150 port 5201
[ ID] Interval           Transfer     Bitrate         Total Datagrams
[  5]   0.00-1.00   sec  62.2 MBytes   522 Mbits/sec  55360  (omitted)
[  5]   0.00-1.00   sec  65.0 MBytes   545 Mbits/sec  57870  
[  5]   1.00-2.00   sec  62.4 MBytes   524 Mbits/sec  55570  
[  5]   2.00-3.00   sec  62.3 MBytes   523 Mbits/sec  55490  
[  5]   3.00-4.00   sec  65.4 MBytes   548 Mbits/sec  58180  
[  5]   4.00-5.00   sec  62.8 MBytes   526 Mbits/sec  55870  
[  5]   5.00-6.00   sec  75.7 MBytes   635 Mbits/sec  67380  
[  5]   6.00-7.00   sec  56.3 MBytes   472 Mbits/sec  50070  
[  5]   7.00-8.00   sec  60.3 MBytes   505 Mbits/sec  53640  
[  5]   8.00-9.00   sec  61.9 MBytes   520 Mbits/sec  55130  
[  5]   9.00-10.00  sec  57.7 MBytes   484 Mbits/sec  51340  
[  5]  10.00-11.00  sec  65.2 MBytes   547 Mbits/sec  58080  
[  5]  11.00-12.00  sec  62.4 MBytes   523 Mbits/sec  55540  
[  5]  12.00-13.00  sec  62.1 MBytes   521 Mbits/sec  55240  
[  5]  13.00-14.00  sec  62.0 MBytes   520 Mbits/sec  55190  
[  5]  14.00-15.00  sec  66.8 MBytes   560 Mbits/sec  59460  
[  5]  15.00-16.00  sec  62.6 MBytes   525 Mbits/sec  55720  
[  5]  16.00-17.00  sec  62.7 MBytes   526 Mbits/sec  55780  
[  5]  17.00-18.00  sec  62.8 MBytes   527 Mbits/sec  55940  
[  5]  18.00-19.00  sec  68.3 MBytes   573 Mbits/sec  60760  
[  5]  19.00-20.00  sec  56.1 MBytes   471 Mbits/sec  49930  
[  5]  20.00-21.00  sec  65.1 MBytes   546 Mbits/sec  57950  
[  5]  21.00-22.00  sec  60.7 MBytes   509 Mbits/sec  54050  
[  5]  22.00-23.00  sec  57.0 MBytes   478 Mbits/sec  50770  
[  5]  23.00-24.00  sec  58.8 MBytes   494 Mbits/sec  52370  
[  5]  24.00-25.00  sec  65.3 MBytes   548 Mbits/sec  58170  
[  5]  25.00-26.00  sec  66.0 MBytes   553 Mbits/sec  58720  
[  5]  26.00-27.00  sec  63.9 MBytes   536 Mbits/sec  56860  
[  5]  27.00-28.00  sec  66.2 MBytes   555 Mbits/sec  58900  
[  5]  28.00-29.00  sec  64.5 MBytes   541 Mbits/sec  57430  
[  5]  29.00-30.00  sec  59.1 MBytes   496 Mbits/sec  52600  
[  5]  30.00-31.00  sec  58.4 MBytes   490 Mbits/sec  52010  
[  5]  31.00-32.00  sec  60.8 MBytes   510 Mbits/sec  54100  
[  5]  32.00-33.00  sec  64.2 MBytes   539 Mbits/sec  57150  
[  5]  33.00-34.00  sec  61.6 MBytes   517 Mbits/sec  54810  
[  5]  34.00-35.00  sec  61.6 MBytes   517 Mbits/sec  54870  
[  5]  35.00-36.00  sec  61.8 MBytes   518 Mbits/sec  55020  
[  5]  36.00-37.00  sec  60.5 MBytes   508 Mbits/sec  53860  
[  5]  37.00-38.00  sec  68.0 MBytes   570 Mbits/sec  60500  
[  5]  38.00-39.00  sec  63.5 MBytes   533 Mbits/sec  56530  
[  5]  39.00-40.00  sec  57.1 MBytes   479 Mbits/sec  50850  
[  5]  40.00-41.00  sec  59.0 MBytes   495 Mbits/sec  52500  
[  5]  41.00-42.00  sec  54.3 MBytes   456 Mbits/sec  48350  
[  5]  42.00-43.00  sec  62.4 MBytes   523 Mbits/sec  55500  
[  5]  43.00-44.00  sec  63.1 MBytes   529 Mbits/sec  56140  
[  5]  44.00-45.00  sec  65.8 MBytes   552 Mbits/sec  58600  
[  5]  45.00-46.00  sec  64.0 MBytes   537 Mbits/sec  56940  
[  5]  46.00-47.00  sec  62.9 MBytes   528 Mbits/sec  56000  
[  5]  47.00-48.00  sec  64.9 MBytes   544 Mbits/sec  57730  
[  5]  48.00-49.00  sec  61.5 MBytes   516 Mbits/sec  54730  
[  5]  49.00-50.00  sec  58.4 MBytes   490 Mbits/sec  51940  
[  5]  50.00-51.00  sec  65.0 MBytes   546 Mbits/sec  57900  
[  5]  51.00-52.00  sec  53.3 MBytes   447 Mbits/sec  47400  
[  5]  52.00-53.00  sec  59.8 MBytes   502 Mbits/sec  53230  
[  5]  53.00-54.00  sec  67.0 MBytes   562 Mbits/sec  59670  
[  5]  54.00-55.00  sec  63.6 MBytes   534 Mbits/sec  56630  
[  5]  55.00-56.00  sec  66.0 MBytes   554 Mbits/sec  58780  
[  5]  56.00-57.00  sec  57.5 MBytes   482 Mbits/sec  51170  
[  5]  57.00-58.00  sec  64.1 MBytes   538 Mbits/sec  57100  
[  5]  58.00-59.00  sec  66.3 MBytes   556 Mbits/sec  59030  
[  5]  59.00-60.00  sec  61.8 MBytes   519 Mbits/sec  55030  
- - - - - - - - - - - - - - - - - - - - - - - - -
[ ID] Interval           Transfer     Bitrate         Jitter    Lost/Total Datagrams
[  5]   0.00-60.00  sec  3.66 GBytes   524 Mbits/sec  0.000 ms  0/3334070 (0%)  sender
[  5]   0.00-60.04  sec  3.56 GBytes   509 Mbits/sec  0.018 ms  94887/3334066 (2.8%)  receiver

iperf Done.
