Connecting to host 10.136.80.172, port 5201
[  5] local 10.136.173.121 port 54097 connected to 10.136.80.172 port 5201
[ ID] Interval           Transfer     Bitrate         Total Datagrams
[  5]   0.00-1.00   sec  60.5 MBytes   508 Mbits/sec  53870  (omitted)
[  5]   0.00-1.00   sec  71.1 MBytes   596 Mbits/sec  63270  
[  5]   1.00-2.00   sec  81.4 MBytes   683 Mbits/sec  72500  
[  5]   2.00-3.00   sec  79.8 MBytes   669 Mbits/sec  70990  
[  5]   3.00-4.00   sec  79.7 MBytes   669 Mbits/sec  70960  
[  5]   4.00-5.00   sec  78.8 MBytes   661 Mbits/sec  70130  
[  5]   5.00-6.00   sec  80.0 MBytes   671 Mbits/sec  71170  
[  5]   6.00-7.00   sec  78.9 MBytes   662 Mbits/sec  70270  
[  5]   7.00-8.00   sec  78.5 MBytes   658 Mbits/sec  69860  
[  5]   8.00-9.00   sec  69.8 MBytes   585 Mbits/sec  62090  
[  5]   9.00-10.00  sec  80.4 MBytes   674 Mbits/sec  71570  
[  5]  10.00-11.00  sec  79.6 MBytes   667 Mbits/sec  70830  
[  5]  11.00-12.00  sec  79.5 MBytes   667 Mbits/sec  70800  
[  5]  12.00-13.00  sec  80.5 MBytes   676 Mbits/sec  71690  
[  5]  13.00-14.00  sec  80.4 MBytes   675 Mbits/sec  71590  
[  5]  14.00-15.00  sec  79.3 MBytes   665 Mbits/sec  70600  
[  5]  15.00-16.00  sec  79.3 MBytes   665 Mbits/sec  70590  
[  5]  16.00-17.00  sec  79.1 MBytes   663 Mbits/sec  70400  
[  5]  17.00-18.00  sec  79.9 MBytes   670 Mbits/sec  71090  
[  5]  18.00-19.00  sec  80.0 MBytes   671 Mbits/sec  71240  
[  5]  19.00-20.00  sec  79.8 MBytes   670 Mbits/sec  71040  
[  5]  20.00-21.00  sec  79.1 MBytes   664 Mbits/sec  70430  
[  5]  21.00-22.00  sec  79.4 MBytes   666 Mbits/sec  70720  
[  5]  22.00-23.00  sec  79.3 MBytes   666 Mbits/sec  70620  
[  5]  23.00-24.00  sec  85.2 MBytes   715 Mbits/sec  75860  
[  5]  24.00-25.00  sec  79.9 MBytes   670 Mbits/sec  71080  
[  5]  25.00-26.00  sec  79.7 MBytes   669 Mbits/sec  70970  
[  5]  26.00-27.00  sec  79.8 MBytes   669 Mbits/sec  71020  
[  5]  27.00-28.00  sec  80.8 MBytes   678 Mbits/sec  71900  
[  5]  28.00-29.00  sec  81.2 MBytes   681 Mbits/sec  72240  
[  5]  29.00-30.00  sec  79.7 MBytes   669 Mbits/sec  70950  
[  5]  30.00-31.00  sec  79.4 MBytes   666 Mbits/sec  70670  
[  5]  31.00-32.00  sec  80.2 MBytes   673 Mbits/sec  71420  
[  5]  32.00-33.00  sec  80.2 MBytes   672 Mbits/sec  71350  
[  5]  33.00-34.00  sec  80.2 MBytes   672 Mbits/sec  71360  
[  5]  34.00-35.00  sec  79.6 MBytes   667 Mbits/sec  70820  
[  5]  35.00-36.00  sec  79.7 MBytes   668 Mbits/sec  70930  
[  5]  36.00-37.00  sec  79.4 MBytes   666 Mbits/sec  70670  
[  5]  37.00-38.00  sec  79.5 MBytes   667 Mbits/sec  70790  
[  5]  38.00-39.00  sec  82.5 MBytes   692 Mbits/sec  73440  
[  5]  39.00-40.00  sec  79.6 MBytes   668 Mbits/sec  70850  
[  5]  40.00-41.00  sec  80.3 MBytes   673 Mbits/sec  71440  
[  5]  41.00-42.00  sec  81.4 MBytes   683 Mbits/sec  72500  
[  5]  42.00-43.00  sec  79.9 MBytes   671 Mbits/sec  71160  
[  5]  43.00-44.00  sec  81.9 MBytes   687 Mbits/sec  72920  
[  5]  44.00-45.00  sec  79.2 MBytes   664 Mbits/sec  70480  
[  5]  45.00-46.00  sec  80.4 MBytes   675 Mbits/sec  71600  
[  5]  46.00-47.00  sec  80.8 MBytes   678 Mbits/sec  71900  
[  5]  47.00-48.00  sec  80.5 MBytes   675 Mbits/sec  71650  
[  5]  48.00-49.00  sec  80.5 MBytes   675 Mbits/sec  71640  
[  5]  49.00-50.00  sec  81.1 MBytes   680 Mbits/sec  72200  
[  5]  50.00-51.00  sec  79.7 MBytes   668 Mbits/sec  70910  
[  5]  51.00-52.00  sec  81.2 MBytes   681 Mbits/sec  72300  
[  5]  52.00-53.00  sec  75.7 MBytes   635 Mbits/sec  67380  
[  5]  53.00-54.00  sec  75.1 MBytes   630 Mbits/sec  66870  
[  5]  54.00-55.00  sec  77.9 MBytes   653 Mbits/sec  69310  
[  5]  55.00-56.00  sec  80.2 MBytes   673 Mbits/sec  71430  
[  5]  56.00-57.00  sec  80.5 MBytes   675 Mbits/sec  71670  
[  5]  57.00-58.00  sec  79.1 MBytes   664 Mbits/sec  70410  
[  5]  58.00-59.00  sec  79.9 MBytes   670 Mbits/sec  71120  
[  5]  59.00-60.00  sec  80.1 MBytes   672 Mbits/sec  71340  
- - - - - - - - - - - - - - - - - - - - - - - - -
[ ID] Interval           Transfer     Bitrate         Jitter    Lost/Total Datagrams
[  5]   0.00-60.00  sec  4.66 GBytes   668 Mbits/sec  0.000 ms  0/4251000 (0%)  sender
[  5]   0.00-60.04  sec  4.61 GBytes   660 Mbits/sec  0.016 ms  47903/4251000 (1.1%)  receiver

iperf Done.
