Connecting to host 10.136.80.145, port 5201
[  5] local 10.136.173.83 port 43919 connected to 10.136.80.145 port 5201
[ ID] Interval           Transfer     Bitrate         Total Datagrams
[  5]   0.00-1.00   sec  52.8 MBytes   443 Mbits/sec  46990  (omitted)
[  5]   0.00-1.00   sec  58.2 MBytes   488 Mbits/sec  51780  
[  5]   1.00-2.00   sec  62.2 MBytes   522 Mbits/sec  55410  
[  5]   2.00-3.00   sec  57.9 MBytes   486 Mbits/sec  51570  
[  5]   3.00-4.00   sec  54.5 MBytes   458 Mbits/sec  48550  
[  5]   4.00-5.00   sec  54.7 MBytes   458 Mbits/sec  48650  
[  5]   5.00-6.00   sec  57.8 MBytes   485 Mbits/sec  51460  
[  5]   6.00-7.00   sec  58.1 MBytes   487 Mbits/sec  51690  
[  5]   7.00-8.00   sec  55.9 MBytes   469 Mbits/sec  49790  
[  5]   8.00-9.00   sec  54.1 MBytes   453 Mbits/sec  48120  
[  5]   9.00-10.00  sec  62.1 MBytes   521 Mbits/sec  55280  
[  5]  10.00-11.00  sec  53.8 MBytes   451 Mbits/sec  47870  
[  5]  11.00-12.00  sec  54.4 MBytes   456 Mbits/sec  48440  
[  5]  12.00-13.00  sec  55.8 MBytes   468 Mbits/sec  49690  
[  5]  13.00-14.00  sec  58.2 MBytes   488 Mbits/sec  51770  
[  5]  14.00-15.00  sec  52.8 MBytes   443 Mbits/sec  47020  
[  5]  15.00-16.00  sec  55.0 MBytes   462 Mbits/sec  48980  
[  5]  16.00-17.00  sec  53.7 MBytes   450 Mbits/sec  47760  
[  5]  17.00-18.00  sec  58.1 MBytes   487 Mbits/sec  51700  
[  5]  18.00-19.00  sec  59.0 MBytes   495 Mbits/sec  52530  
[  5]  19.00-20.00  sec  56.0 MBytes   470 Mbits/sec  49820  
[  5]  20.00-21.00  sec  54.3 MBytes   456 Mbits/sec  48350  
[  5]  21.00-22.00  sec  56.1 MBytes   470 Mbits/sec  49900  
[  5]  22.00-23.00  sec  52.8 MBytes   443 Mbits/sec  47020  
[  5]  23.00-24.00  sec  56.4 MBytes   473 Mbits/sec  50230  
[  5]  24.00-25.00  sec  55.4 MBytes   464 Mbits/sec  49280  
[  5]  25.00-26.00  sec  55.8 MBytes   468 Mbits/sec  49700  
[  5]  26.00-27.00  sec  58.0 MBytes   487 Mbits/sec  51660  
[  5]  27.00-28.00  sec  54.7 MBytes   459 Mbits/sec  48700  
[  5]  28.00-29.00  sec  56.5 MBytes   474 Mbits/sec  50260  
[  5]  29.00-30.00  sec  57.9 MBytes   486 Mbits/sec  51540  
[  5]  30.00-31.00  sec  54.6 MBytes   458 Mbits/sec  48580  
[  5]  31.00-32.00  sec  61.7 MBytes   517 Mbits/sec  54880  
[  5]  32.00-33.00  sec  58.0 MBytes   486 Mbits/sec  51600  
[  5]  33.00-34.00  sec  57.8 MBytes   485 Mbits/sec  51470  
[  5]  34.00-35.00  sec  58.1 MBytes   487 Mbits/sec  51720  
[  5]  35.00-36.00  sec  58.0 MBytes   487 Mbits/sec  51670  
[  5]  36.00-37.00  sec  57.4 MBytes   482 Mbits/sec  51120  
[  5]  37.00-38.00  sec  57.7 MBytes   484 Mbits/sec  51330  
[  5]  38.00-39.00  sec  57.1 MBytes   479 Mbits/sec  50810  
[  5]  39.00-40.00  sec  54.2 MBytes   455 Mbits/sec  48250  
[  5]  40.00-41.00  sec  57.9 MBytes   486 Mbits/sec  51530  
[  5]  41.00-42.00  sec  58.2 MBytes   488 Mbits/sec  51830  
[  5]  42.00-43.00  sec  59.5 MBytes   499 Mbits/sec  52990  
[  5]  43.00-44.00  sec  58.2 MBytes   488 Mbits/sec  51800  
[  5]  44.00-45.00  sec  54.5 MBytes   457 Mbits/sec  48480  
[  5]  45.00-46.00  sec  54.2 MBytes   455 Mbits/sec  48240  
[  5]  46.00-47.00  sec  56.0 MBytes   470 Mbits/sec  49850  
[  5]  47.00-48.00  sec  57.8 MBytes   485 Mbits/sec  51470  
[  5]  48.00-49.00  sec  60.6 MBytes   509 Mbits/sec  53980  
[  5]  49.00-50.00  sec  53.2 MBytes   446 Mbits/sec  47370  
[  5]  50.00-51.00  sec  58.9 MBytes   494 Mbits/sec  52400  
[  5]  51.00-52.00  sec  58.7 MBytes   493 Mbits/sec  52270  
[  5]  52.00-53.00  sec  57.0 MBytes   478 Mbits/sec  50710  
[  5]  53.00-54.00  sec  58.5 MBytes   491 Mbits/sec  52090  
[  5]  54.00-55.00  sec  62.9 MBytes   528 Mbits/sec  55990  
[  5]  55.00-56.00  sec  54.5 MBytes   457 Mbits/sec  48520  
[  5]  56.00-57.00  sec  51.6 MBytes   433 Mbits/sec  45960  
[  5]  57.00-58.00  sec  62.5 MBytes   524 Mbits/sec  55590  
[  5]  58.00-59.00  sec  57.2 MBytes   480 Mbits/sec  50890  
[  5]  59.00-60.00  sec  55.9 MBytes   469 Mbits/sec  49800  
- - - - - - - - - - - - - - - - - - - - - - - - -
[ ID] Interval           Transfer     Bitrate         Jitter    Lost/Total Datagrams
[  5]   0.00-60.00  sec  3.33 GBytes   477 Mbits/sec  0.000 ms  0/3037710 (0%)  sender
[  5]   0.00-61.08  sec   180 MBytes  24.7 Mbits/sec  0.021 ms  2924005/3037710 (96%)  receiver

iperf Done.
