Connecting to host knb-server-767976, port 5201
[  5] local 10.136.173.74 port 45742 connected to 10.43.162.145 port 5201
[ ID] Interval           Transfer     Bitrate         Total Datagrams
[  5]   0.00-1.00   sec  64.1 MBytes   538 Mbits/sec  57100  (omitted)
[  5]   0.00-1.00   sec  71.3 MBytes   598 Mbits/sec  63460  
[  5]   1.00-2.00   sec  72.6 MBytes   609 Mbits/sec  64580  
[  5]   2.00-3.00   sec  71.2 MBytes   597 Mbits/sec  63360  
[  5]   3.00-4.00   sec  71.6 MBytes   601 Mbits/sec  63720  
[  5]   4.00-5.00   sec  72.6 MBytes   609 Mbits/sec  64620  
[  5]   5.00-6.00   sec  61.3 MBytes   515 Mbits/sec  54600  
[  5]   6.00-7.00   sec  71.7 MBytes   601 Mbits/sec  63780  
[  5]   7.00-8.00   sec  70.9 MBytes   595 Mbits/sec  63090  
[  5]   8.00-9.00   sec  71.1 MBytes   596 Mbits/sec  63270  
[  5]   9.00-10.00  sec  70.7 MBytes   593 Mbits/sec  62890  
[  5]  10.00-11.00  sec  70.1 MBytes   588 Mbits/sec  62430  
[  5]  11.00-12.00  sec  71.1 MBytes   596 Mbits/sec  63260  
[  5]  12.00-13.00  sec  71.0 MBytes   595 Mbits/sec  63170  
[  5]  13.00-14.00  sec  68.5 MBytes   575 Mbits/sec  61000  
[  5]  14.00-15.00  sec  71.1 MBytes   597 Mbits/sec  63320  
[  5]  15.00-16.00  sec  69.2 MBytes   581 Mbits/sec  61610  
[  5]  16.00-17.00  sec  68.1 MBytes   572 Mbits/sec  60650  
[  5]  17.00-18.00  sec  71.2 MBytes   597 Mbits/sec  63360  
[  5]  18.00-19.00  sec  71.7 MBytes   602 Mbits/sec  63830  
[  5]  19.00-20.00  sec  71.6 MBytes   600 Mbits/sec  63700  
[  5]  20.00-21.00  sec  71.0 MBytes   596 Mbits/sec  63200  
[  5]  21.00-22.00  sec  65.0 MBytes   545 Mbits/sec  57830  
[  5]  22.00-23.00  sec  72.2 MBytes   606 Mbits/sec  64290  
[  5]  23.00-24.00  sec  72.7 MBytes   610 Mbits/sec  64700  
[  5]  24.00-25.00  sec  71.3 MBytes   598 Mbits/sec  63460  
[  5]  25.00-26.00  sec  61.1 MBytes   512 Mbits/sec  54350  
[  5]  26.00-27.00  sec  65.1 MBytes   546 Mbits/sec  57910  
[  5]  27.00-28.00  sec  70.9 MBytes   595 Mbits/sec  63100  
[  5]  28.00-29.00  sec  70.9 MBytes   595 Mbits/sec  63150  
[  5]  29.00-30.00  sec  72.0 MBytes   604 Mbits/sec  64110  
[  5]  30.00-31.00  sec  71.6 MBytes   600 Mbits/sec  63710  
[  5]  31.00-32.00  sec  62.4 MBytes   524 Mbits/sec  55550  
[  5]  32.00-33.00  sec  64.0 MBytes   537 Mbits/sec  57010  
[  5]  33.00-34.00  sec  66.7 MBytes   559 Mbits/sec  59350  
[  5]  34.00-35.00  sec  70.4 MBytes   590 Mbits/sec  62640  
[  5]  35.00-36.00  sec  69.6 MBytes   584 Mbits/sec  61920  
[  5]  36.00-37.00  sec  70.6 MBytes   592 Mbits/sec  62840  
[  5]  37.00-38.00  sec  62.5 MBytes   524 Mbits/sec  55630  
[  5]  38.00-39.00  sec  72.3 MBytes   607 Mbits/sec  64390  
[  5]  39.00-40.00  sec  71.7 MBytes   601 Mbits/sec  63800  
[  5]  40.00-41.00  sec  71.2 MBytes   597 Mbits/sec  63360  
[  5]  41.00-42.00  sec  71.4 MBytes   599 Mbits/sec  63540  
[  5]  42.00-43.00  sec  71.0 MBytes   596 Mbits/sec  63230  
[  5]  43.00-44.00  sec  66.6 MBytes   559 Mbits/sec  59320  
[  5]  44.00-45.00  sec  71.2 MBytes   597 Mbits/sec  63390  
[  5]  45.00-46.00  sec  72.9 MBytes   612 Mbits/sec  64900  
[  5]  46.00-47.00  sec  66.1 MBytes   555 Mbits/sec  58860  
[  5]  47.00-48.00  sec  66.2 MBytes   556 Mbits/sec  58970  
[  5]  48.00-49.00  sec  65.9 MBytes   553 Mbits/sec  58660  
[  5]  49.00-50.00  sec  65.9 MBytes   552 Mbits/sec  58620  
[  5]  50.00-51.00  sec  66.7 MBytes   560 Mbits/sec  59390  
[  5]  51.00-52.00  sec  71.1 MBytes   596 Mbits/sec  63260  
[  5]  52.00-53.00  sec  70.8 MBytes   594 Mbits/sec  63050  
[  5]  53.00-54.00  sec  71.5 MBytes   599 Mbits/sec  63610  
[  5]  54.00-55.00  sec  71.6 MBytes   601 Mbits/sec  63730  
[  5]  55.00-56.00  sec  70.3 MBytes   590 Mbits/sec  62620  
[  5]  56.00-57.00  sec  70.9 MBytes   594 Mbits/sec  63080  
[  5]  57.00-58.00  sec  72.2 MBytes   606 Mbits/sec  64300  
[  5]  58.00-59.00  sec  68.2 MBytes   572 Mbits/sec  60680  
[  5]  59.00-60.00  sec  55.9 MBytes   469 Mbits/sec  49780  
- - - - - - - - - - - - - - - - - - - - - - - - -
[ ID] Interval           Transfer     Bitrate         Jitter    Lost/Total Datagrams
[  5]   0.00-60.00  sec  4.06 GBytes   582 Mbits/sec  0.000 ms  0/3702990 (0%)  sender
[  5]   0.00-60.50  sec   704 MBytes  97.6 Mbits/sec  0.024 ms  3126998/3701498 (84%)  receiver

iperf Done.
