Connecting to host 10.136.80.165, port 5201
[  5] local 10.136.173.89 port 40497 connected to 10.136.80.165 port 5201
[ ID] Interval           Transfer     Bitrate         Total Datagrams
[  5]   0.00-1.00   sec  73.7 MBytes   618 Mbits/sec  65630  (omitted)
[  5]   0.00-1.00   sec  72.2 MBytes   605 Mbits/sec  64250  
[  5]   1.00-2.00   sec  72.1 MBytes   605 Mbits/sec  64200  
[  5]   2.00-3.00   sec  73.7 MBytes   618 Mbits/sec  65610  
[  5]   3.00-4.00   sec  72.3 MBytes   607 Mbits/sec  64360  
[  5]   4.00-5.00   sec  77.3 MBytes   648 Mbits/sec  68780  
[  5]   5.00-6.00   sec  74.4 MBytes   625 Mbits/sec  66270  
[  5]   6.00-7.00   sec  73.9 MBytes   620 Mbits/sec  65820  
[  5]   7.00-8.00   sec  71.5 MBytes   600 Mbits/sec  63670  
[  5]   8.00-9.00   sec  70.6 MBytes   593 Mbits/sec  62880  
[  5]   9.00-10.00  sec  73.2 MBytes   614 Mbits/sec  65160  
[  5]  10.00-11.00  sec  59.5 MBytes   500 Mbits/sec  53000  
[  5]  11.00-12.00  sec  67.0 MBytes   562 Mbits/sec  59610  
[  5]  12.00-13.00  sec  68.0 MBytes   571 Mbits/sec  60560  
[  5]  13.00-14.00  sec  66.5 MBytes   558 Mbits/sec  59220  
[  5]  14.00-15.00  sec  73.9 MBytes   620 Mbits/sec  65750  
[  5]  15.00-16.00  sec  74.8 MBytes   627 Mbits/sec  66570  
[  5]  16.00-17.00  sec  72.0 MBytes   604 Mbits/sec  64090  
[  5]  17.00-18.00  sec  72.1 MBytes   605 Mbits/sec  64200  
[  5]  18.00-19.00  sec  63.6 MBytes   533 Mbits/sec  56590  
[  5]  19.00-20.00  sec  74.4 MBytes   624 Mbits/sec  66220  
[  5]  20.00-21.00  sec  73.5 MBytes   617 Mbits/sec  65440  
[  5]  21.00-22.00  sec  72.6 MBytes   609 Mbits/sec  64610  
[  5]  22.00-23.00  sec  72.9 MBytes   611 Mbits/sec  64860  
[  5]  23.00-24.00  sec  71.6 MBytes   600 Mbits/sec  63730  
[  5]  24.00-25.00  sec  71.1 MBytes   597 Mbits/sec  63310  
[  5]  25.00-26.00  sec  73.3 MBytes   615 Mbits/sec  65270  
[  5]  26.00-27.00  sec  73.9 MBytes   620 Mbits/sec  65750  
[  5]  27.00-28.00  sec  72.4 MBytes   607 Mbits/sec  64440  
[  5]  28.00-29.00  sec  69.4 MBytes   582 Mbits/sec  61750  
[  5]  29.00-30.00  sec  68.3 MBytes   573 Mbits/sec  60820  
[  5]  30.00-31.00  sec  67.4 MBytes   565 Mbits/sec  60000  
[  5]  31.00-32.00  sec  67.5 MBytes   566 Mbits/sec  60070  
[  5]  32.00-33.00  sec  70.8 MBytes   594 Mbits/sec  63020  
[  5]  33.00-34.00  sec  70.9 MBytes   595 Mbits/sec  63150  
[  5]  34.00-35.00  sec  76.2 MBytes   639 Mbits/sec  67860  
[  5]  35.00-36.00  sec  74.5 MBytes   625 Mbits/sec  66350  
[  5]  36.00-37.00  sec  72.7 MBytes   610 Mbits/sec  64720  
[  5]  37.00-38.00  sec  71.4 MBytes   599 Mbits/sec  63560  
[  5]  38.00-39.00  sec  67.0 MBytes   562 Mbits/sec  59630  
[  5]  39.00-40.00  sec  73.4 MBytes   616 Mbits/sec  65370  
[  5]  40.00-41.00  sec  73.0 MBytes   612 Mbits/sec  64960  
[  5]  41.00-42.00  sec  73.3 MBytes   615 Mbits/sec  65270  
[  5]  42.00-43.00  sec  70.8 MBytes   594 Mbits/sec  62980  
[  5]  43.00-44.00  sec  66.5 MBytes   558 Mbits/sec  59200  
[  5]  44.00-45.00  sec  57.8 MBytes   485 Mbits/sec  51490  
[  5]  45.00-46.00  sec  66.6 MBytes   559 Mbits/sec  59270  
[  5]  46.00-47.00  sec  67.3 MBytes   565 Mbits/sec  59900  
[  5]  47.00-48.00  sec  71.9 MBytes   604 Mbits/sec  64040  
[  5]  48.00-49.00  sec  76.8 MBytes   644 Mbits/sec  68370  
[  5]  49.00-50.00  sec  73.4 MBytes   616 Mbits/sec  65380  
[  5]  50.00-51.00  sec  73.3 MBytes   615 Mbits/sec  65260  
[  5]  51.00-52.00  sec  72.5 MBytes   608 Mbits/sec  64530  
[  5]  52.00-53.00  sec  73.7 MBytes   618 Mbits/sec  65570  
[  5]  53.00-54.00  sec  72.9 MBytes   611 Mbits/sec  64880  
[  5]  54.00-55.00  sec  70.4 MBytes   591 Mbits/sec  62680  
[  5]  55.00-56.00  sec  69.0 MBytes   579 Mbits/sec  61420  
[  5]  56.00-57.00  sec  63.1 MBytes   530 Mbits/sec  56210  
[  5]  57.00-58.00  sec  72.8 MBytes   610 Mbits/sec  64770  
[  5]  58.00-59.00  sec  71.7 MBytes   601 Mbits/sec  63810  
[  5]  59.00-60.00  sec  72.6 MBytes   609 Mbits/sec  64660  
- - - - - - - - - - - - - - - - - - - - - - - - -
[ ID] Interval           Transfer     Bitrate         Jitter    Lost/Total Datagrams
[  5]   0.00-60.00  sec  4.16 GBytes   596 Mbits/sec  0.000 ms  0/3795170 (0%)  sender
[  5]   0.00-60.58  sec   748 MBytes   104 Mbits/sec  0.108 ms  3184530/3791570 (84%)  receiver

iperf Done.
