Connecting to host 10.136.80.133, port 5201
[  5] local 10.136.173.87 port 59270 connected to 10.136.80.133 port 5201
[ ID] Interval           Transfer     Bitrate         Retr  Cwnd
[  5]   0.00-1.00   sec  42.6 KBytes  0.35 Mbits/sec    1   11.5 KBytes       (omitted)
[  5]   0.00-1.00   sec   189 KBytes  1.55 Mbits/sec    0   51.8 KBytes       
[  5]   1.00-2.00   sec   724 KBytes  5.93 Mbits/sec    0    221 KBytes       
[  5]   2.00-3.00   sec  3.35 MBytes  28.1 Mbits/sec    0   1.67 MBytes       
[  5]   3.00-4.00   sec  3.75 MBytes  31.5 Mbits/sec  173   2.49 MBytes       
[  5]   4.00-5.00   sec  1.25 MBytes  10.5 Mbits/sec  413   1.32 MBytes       
[  5]   5.00-6.00   sec  2.50 MBytes  20.9 Mbits/sec  595    970 KBytes       
[  5]   6.00-7.00   sec  2.50 MBytes  21.1 Mbits/sec   23   1.15 MBytes       
[  5]   7.00-8.00   sec  3.75 MBytes  31.5 Mbits/sec    0   1.23 MBytes       
[  5]   8.00-9.00   sec  2.50 MBytes  21.0 Mbits/sec    0   1.29 MBytes       
[  5]   9.00-10.00  sec  3.75 MBytes  31.5 Mbits/sec    0   1.33 MBytes       
[  5]  10.00-11.00  sec  2.50 MBytes  21.0 Mbits/sec    0   1.36 MBytes       
[  5]  11.00-12.00  sec  3.75 MBytes  31.5 Mbits/sec    0   1.38 MBytes       
[  5]  12.00-13.00  sec  2.50 MBytes  21.0 Mbits/sec    0   1.39 MBytes       
[  5]  13.00-14.00  sec  3.75 MBytes  31.5 Mbits/sec    0   1.39 MBytes       
[  5]  14.00-15.00  sec  3.75 MBytes  31.5 Mbits/sec    0   1.39 MBytes       
[  5]  15.00-16.00  sec  2.50 MBytes  21.0 Mbits/sec    0   1.39 MBytes       
[  5]  16.00-17.00  sec  3.75 MBytes  31.5 Mbits/sec    0   1.39 MBytes       
[  5]  17.00-18.00  sec  3.75 MBytes  31.5 Mbits/sec    0   1.40 MBytes       
[  5]  18.00-19.00  sec  2.50 MBytes  21.0 Mbits/sec    0   1.42 MBytes       
[  5]  19.00-20.00  sec  3.75 MBytes  31.5 Mbits/sec    0   1.44 MBytes       
[  5]  20.00-21.00  sec  3.75 MBytes  31.5 Mbits/sec    0   1.49 MBytes       
[  5]  21.00-22.00  sec  3.75 MBytes  31.5 Mbits/sec    0   1.54 MBytes       
[  5]  22.00-23.00  sec  3.75 MBytes  31.5 Mbits/sec    0   1.62 MBytes       
[  5]  23.00-24.00  sec  3.75 MBytes  31.5 Mbits/sec    0   1.71 MBytes       
[  5]  24.00-25.00  sec  3.75 MBytes  31.5 Mbits/sec    0   1.83 MBytes       
[  5]  25.00-26.00  sec  3.75 MBytes  31.5 Mbits/sec    0   1.97 MBytes       
[  5]  26.00-27.00  sec  3.75 MBytes  31.5 Mbits/sec    0   2.13 MBytes       
[  5]  27.00-28.00  sec  3.75 MBytes  31.5 Mbits/sec    0   2.34 MBytes       
[  5]  28.00-29.00  sec  5.00 MBytes  42.0 Mbits/sec    0   2.58 MBytes       
[  5]  29.00-30.00  sec  3.75 MBytes  31.5 Mbits/sec    0   2.86 MBytes       
[  5]  30.00-31.00  sec  3.75 MBytes  31.5 Mbits/sec    0   3.14 MBytes       
[  5]  31.00-32.00  sec  5.00 MBytes  42.0 Mbits/sec    0   3.15 MBytes       
[  5]  32.00-33.00  sec  3.75 MBytes  31.4 Mbits/sec    0   3.15 MBytes       
[  5]  33.00-34.00  sec  5.00 MBytes  42.0 Mbits/sec    0   3.15 MBytes       
[  5]  34.00-35.00  sec  3.75 MBytes  31.5 Mbits/sec    0   3.15 MBytes       
[  5]  35.00-36.00  sec  5.00 MBytes  41.9 Mbits/sec    0   3.15 MBytes       
[  5]  36.00-37.00  sec  3.75 MBytes  31.5 Mbits/sec    0   3.15 MBytes       
[  5]  37.00-38.00  sec  4.95 MBytes  41.5 Mbits/sec    0   3.15 MBytes       
[  5]  38.00-39.00  sec  3.75 MBytes  31.5 Mbits/sec    0   3.15 MBytes       
[  5]  39.00-40.00  sec  5.00 MBytes  41.9 Mbits/sec    0   3.15 MBytes       
[  5]  40.00-41.00  sec  5.00 MBytes  41.9 Mbits/sec    0   3.15 MBytes       
[  5]  41.00-42.00  sec  6.25 MBytes  52.4 Mbits/sec    0   3.15 MBytes       
[  5]  42.00-43.00  sec  5.00 MBytes  41.9 Mbits/sec    0   3.15 MBytes       
[  5]  43.00-44.00  sec  6.25 MBytes  52.4 Mbits/sec    0   3.15 MBytes       
[  5]  44.00-45.00  sec  2.50 MBytes  21.0 Mbits/sec  956   1.06 MBytes       
[  5]  45.00-46.00  sec  3.75 MBytes  31.5 Mbits/sec   43   2.20 MBytes       
[  5]  46.00-47.00  sec  0.00 Bytes  0.00 Mbits/sec  844   1.16 MBytes       
[  5]  47.00-48.00  sec  2.50 MBytes  21.0 Mbits/sec  156   39.1 KBytes       
[  5]  48.00-49.00  sec  0.00 Bytes  0.00 Mbits/sec  176    808 KBytes       
[  5]  49.00-50.00  sec  3.75 MBytes  31.5 Mbits/sec    9    581 KBytes       
[  5]  50.00-51.00  sec  1.25 MBytes  10.5 Mbits/sec    0    626 KBytes       
[  5]  51.00-52.00  sec  1.25 MBytes  10.5 Mbits/sec    0    653 KBytes       
[  5]  52.00-53.00  sec  2.50 MBytes  21.0 Mbits/sec    0    676 KBytes       
[  5]  53.00-54.00  sec  1.25 MBytes  10.5 Mbits/sec    0    688 KBytes       
[  5]  54.00-55.00  sec  2.50 MBytes  21.0 Mbits/sec    0    693 KBytes       
[  5]  55.00-56.00  sec  1.25 MBytes  10.5 Mbits/sec    0    694 KBytes       
[  5]  56.00-57.00  sec  2.50 MBytes  21.0 Mbits/sec    0    694 KBytes       
[  5]  57.00-58.00  sec  1.25 MBytes  10.5 Mbits/sec    0    696 KBytes       
[  5]  58.00-59.00  sec  1.25 MBytes  10.5 Mbits/sec    0    703 KBytes       
[  5]  59.00-60.00  sec  2.50 MBytes  21.0 Mbits/sec    0    717 KBytes       
- - - - - - - - - - - - - - - - - - - - - - - - -
[ ID] Interval           Transfer     Bitrate         Retr
[  5]   0.00-60.00  sec   192 MBytes  26.8 Mbits/sec  3388             sender
[  5]   0.00-60.70  sec   190 MBytes  26.2 Mbits/sec                  receiver

iperf Done.
