Connecting to host knb-server-977136, port 5201
[  5] local 10.136.173.80 port 44974 connected to 10.43.50.79 port 5201
[ ID] Interval           Transfer     Bitrate         Total Datagrams
[  5]   0.00-1.00   sec  22.2 MBytes   186 Mbits/sec  19730  (omitted)
[  5]   0.00-1.00   sec  74.0 MBytes   621 Mbits/sec  65910  
[  5]   1.00-2.00   sec  73.2 MBytes   614 Mbits/sec  65200  
[  5]   2.00-3.00   sec  74.7 MBytes   627 Mbits/sec  66500  
[  5]   3.00-4.00   sec  70.3 MBytes   589 Mbits/sec  62550  
[  5]   4.00-5.00   sec  70.5 MBytes   591 Mbits/sec  62720  
[  5]   5.00-6.00   sec  76.3 MBytes   640 Mbits/sec  67910  
[  5]   6.00-7.00   sec  74.1 MBytes   622 Mbits/sec  66000  
[  5]   7.00-8.00   sec  70.3 MBytes   590 Mbits/sec  62590  
[  5]   8.00-9.00   sec  74.9 MBytes   629 Mbits/sec  66700  
[  5]   9.00-10.00  sec  74.1 MBytes   621 Mbits/sec  65940  
[  5]  10.00-11.00  sec  73.0 MBytes   612 Mbits/sec  64970  
[  5]  11.00-12.00  sec  66.0 MBytes   554 Mbits/sec  58780  
[  5]  12.00-13.00  sec  75.2 MBytes   631 Mbits/sec  66900  
[  5]  13.00-14.00  sec  71.9 MBytes   603 Mbits/sec  64000  
[  5]  14.00-15.00  sec  71.7 MBytes   601 Mbits/sec  63790  
[  5]  15.00-16.00  sec  71.3 MBytes   598 Mbits/sec  63470  
[  5]  16.00-17.00  sec  68.9 MBytes   578 Mbits/sec  61340  
[  5]  17.00-18.00  sec  71.2 MBytes   597 Mbits/sec  63360  
[  5]  18.00-19.00  sec  73.7 MBytes   618 Mbits/sec  65620  
[  5]  19.00-20.00  sec  74.1 MBytes   622 Mbits/sec  65960  
[  5]  20.00-21.00  sec  74.1 MBytes   622 Mbits/sec  65970  
[  5]  21.00-22.00  sec  58.3 MBytes   489 Mbits/sec  51900  
[  5]  22.00-23.00  sec  73.5 MBytes   617 Mbits/sec  65460  
[  5]  23.00-24.00  sec  69.3 MBytes   581 Mbits/sec  61670  
[  5]  24.00-25.00  sec  72.4 MBytes   607 Mbits/sec  64460  
[  5]  25.00-26.00  sec  73.6 MBytes   617 Mbits/sec  65470  
[  5]  26.00-27.00  sec  73.9 MBytes   620 Mbits/sec  65750  
[  5]  27.00-28.00  sec  69.4 MBytes   582 Mbits/sec  61740  
[  5]  28.00-29.00  sec  68.9 MBytes   578 Mbits/sec  61310  
[  5]  29.00-30.00  sec  64.2 MBytes   538 Mbits/sec  57120  
[  5]  30.00-31.00  sec  71.6 MBytes   601 Mbits/sec  63720  
[  5]  31.00-32.00  sec  74.0 MBytes   621 Mbits/sec  65850  
[  5]  32.00-33.00  sec  73.8 MBytes   619 Mbits/sec  65670  
[  5]  33.00-34.00  sec  74.4 MBytes   624 Mbits/sec  66200  
[  5]  34.00-35.00  sec  73.8 MBytes   619 Mbits/sec  65720  
[  5]  35.00-36.00  sec  74.0 MBytes   620 Mbits/sec  65830  
[  5]  36.00-37.00  sec  69.4 MBytes   582 Mbits/sec  61750  
[  5]  37.00-38.00  sec  68.6 MBytes   575 Mbits/sec  61050  
[  5]  38.00-39.00  sec  74.1 MBytes   622 Mbits/sec  65960  
[  5]  39.00-40.00  sec  67.0 MBytes   562 Mbits/sec  59680  
[  5]  40.00-41.00  sec  75.5 MBytes   633 Mbits/sec  67180  
[  5]  41.00-42.00  sec  75.5 MBytes   633 Mbits/sec  67190  
[  5]  42.00-43.00  sec  73.5 MBytes   617 Mbits/sec  65430  
[  5]  43.00-44.00  sec  73.9 MBytes   620 Mbits/sec  65810  
[  5]  44.00-45.00  sec  73.5 MBytes   616 Mbits/sec  65410  
[  5]  45.00-46.00  sec  74.2 MBytes   622 Mbits/sec  66050  
[  5]  46.00-47.00  sec  74.0 MBytes   621 Mbits/sec  65900  
[  5]  47.00-48.00  sec  79.9 MBytes   670 Mbits/sec  71080  
[  5]  48.00-49.00  sec  83.9 MBytes   703 Mbits/sec  74640  
[  5]  49.00-50.00  sec  66.8 MBytes   560 Mbits/sec  59430  
[  5]  50.00-51.00  sec  70.5 MBytes   592 Mbits/sec  62780  
[  5]  51.00-52.00  sec  62.3 MBytes   523 Mbits/sec  55460  
[  5]  52.00-53.00  sec  62.0 MBytes   521 Mbits/sec  55230  
[  5]  53.00-54.00  sec  75.7 MBytes   635 Mbits/sec  67360  
[  5]  54.00-55.00  sec  75.4 MBytes   633 Mbits/sec  67150  
[  5]  55.00-56.00  sec  74.7 MBytes   626 Mbits/sec  66460  
[  5]  56.00-57.00  sec  73.7 MBytes   619 Mbits/sec  65640  
[  5]  57.00-58.00  sec  74.1 MBytes   622 Mbits/sec  65990  
[  5]  58.00-59.00  sec  74.2 MBytes   622 Mbits/sec  66030  
[  5]  59.00-60.00  sec  75.4 MBytes   633 Mbits/sec  67140  
- - - - - - - - - - - - - - - - - - - - - - - - -
[ ID] Interval           Transfer     Bitrate         Jitter    Lost/Total Datagrams
[  5]   0.00-60.00  sec  4.23 GBytes   606 Mbits/sec  0.000 ms  0/3859850 (0%)  sender
[  5]   0.00-62.99  sec   189 MBytes  25.2 Mbits/sec  0.045 ms  3701086/3849955 (96%)  receiver

iperf Done.
