Connecting to host knb-server-4088790, port 5201
[  5] local 10.136.173.117 port 52732 connected to 10.43.159.153 port 5201
[ ID] Interval           Transfer     Bitrate         Retr  Cwnd
[  5]   0.00-1.00   sec  25.4 MBytes   213 Mbits/sec    0   1.15 MBytes       (omitted)
[  5]   0.00-1.00   sec  28.8 MBytes   241 Mbits/sec    0   2.57 MBytes       
[  5]   1.00-2.00   sec  30.0 MBytes   252 Mbits/sec  245   1.48 MBytes       
[  5]   2.00-3.00   sec  28.8 MBytes   241 Mbits/sec    0   1.56 MBytes       
[  5]   3.00-4.00   sec  36.2 MBytes   304 Mbits/sec    0   1.63 MBytes       
[  5]   4.00-5.00   sec  31.2 MBytes   262 Mbits/sec    0   1.68 MBytes       
[  5]   5.00-6.00   sec  30.0 MBytes   252 Mbits/sec    0   1.72 MBytes       
[  5]   6.00-7.00   sec  28.8 MBytes   241 Mbits/sec    0   1.74 MBytes       
[  5]   7.00-8.00   sec  25.0 MBytes   210 Mbits/sec    0   1.75 MBytes       
[  5]   8.00-9.00   sec  23.8 MBytes   199 Mbits/sec    0   1.76 MBytes       
[  5]   9.00-10.00  sec  26.2 MBytes   220 Mbits/sec    0   1.76 MBytes       
[  5]  10.00-11.00  sec  32.5 MBytes   273 Mbits/sec    0   1.76 MBytes       
[  5]  11.00-12.00  sec  32.5 MBytes   273 Mbits/sec    0   1.76 MBytes       
[  5]  12.00-13.00  sec  28.8 MBytes   241 Mbits/sec    0   1.76 MBytes       
[  5]  13.00-14.00  sec  25.0 MBytes   210 Mbits/sec    0   1.78 MBytes       
[  5]  14.00-15.00  sec  23.8 MBytes   199 Mbits/sec    0   1.80 MBytes       
[  5]  15.00-16.00  sec  26.2 MBytes   220 Mbits/sec    0   1.83 MBytes       
[  5]  16.00-17.00  sec  26.2 MBytes   220 Mbits/sec    0   1.88 MBytes       
[  5]  17.00-18.00  sec  26.2 MBytes   220 Mbits/sec    0   1.94 MBytes       
[  5]  18.00-19.00  sec  25.0 MBytes   210 Mbits/sec    0   2.02 MBytes       
[  5]  19.00-20.00  sec  26.2 MBytes   220 Mbits/sec    0   2.13 MBytes       
[  5]  20.00-21.00  sec  35.0 MBytes   294 Mbits/sec    0   2.27 MBytes       
[  5]  21.00-22.00  sec  32.5 MBytes   273 Mbits/sec    0   2.42 MBytes       
[  5]  22.00-23.00  sec  35.0 MBytes   294 Mbits/sec    0   2.62 MBytes       
[  5]  23.00-24.00  sec  28.8 MBytes   241 Mbits/sec    0   2.84 MBytes       
[  5]  24.00-25.00  sec  32.5 MBytes   273 Mbits/sec  516   1.03 MBytes       
[  5]  25.00-26.00  sec  33.8 MBytes   283 Mbits/sec    8    791 KBytes       
[  5]  26.00-27.00  sec  35.0 MBytes   294 Mbits/sec    0    844 KBytes       
[  5]  27.00-28.00  sec  32.5 MBytes   273 Mbits/sec    7    615 KBytes       
[  5]  28.00-29.00  sec  36.2 MBytes   304 Mbits/sec   61    273 KBytes       
[  5]  29.00-30.00  sec  32.5 MBytes   273 Mbits/sec    1    245 KBytes       
[  5]  30.00-31.00  sec  35.0 MBytes   294 Mbits/sec    2    243 KBytes       
[  5]  31.00-32.00  sec  36.2 MBytes   304 Mbits/sec   19    171 KBytes       
[  5]  32.00-33.00  sec  33.8 MBytes   283 Mbits/sec    6    193 KBytes       
[  5]  33.00-34.00  sec  27.5 MBytes   231 Mbits/sec    0    269 KBytes       
[  5]  34.00-35.00  sec  28.8 MBytes   241 Mbits/sec    0    331 KBytes       
[  5]  35.00-36.00  sec  30.0 MBytes   252 Mbits/sec    0    383 KBytes       
[  5]  36.00-37.00  sec  27.5 MBytes   231 Mbits/sec    0    426 KBytes       
[  5]  37.00-38.00  sec  26.2 MBytes   220 Mbits/sec    0    464 KBytes       
[  5]  38.00-39.00  sec  26.2 MBytes   220 Mbits/sec    0    498 KBytes       
[  5]  39.00-40.00  sec  35.0 MBytes   294 Mbits/sec   39    188 KBytes       
[  5]  40.00-41.00  sec  36.2 MBytes   304 Mbits/sec    2    221 KBytes       
[  5]  41.00-42.00  sec  26.2 MBytes   220 Mbits/sec    0    288 KBytes       
[  5]  42.00-43.00  sec  28.8 MBytes   241 Mbits/sec    0    344 KBytes       
[  5]  43.00-44.00  sec  32.5 MBytes   273 Mbits/sec    0    399 KBytes       
[  5]  44.00-45.00  sec  31.2 MBytes   262 Mbits/sec    0    446 KBytes       
[  5]  45.00-46.00  sec  35.0 MBytes   294 Mbits/sec   50    354 KBytes       
[  5]  46.00-47.00  sec  35.0 MBytes   294 Mbits/sec    0    411 KBytes       
[  5]  47.00-48.00  sec  31.2 MBytes   262 Mbits/sec    0    457 KBytes       
[  5]  48.00-49.00  sec  32.5 MBytes   273 Mbits/sec    0    499 KBytes       
[  5]  49.00-50.00  sec  28.8 MBytes   241 Mbits/sec    0    535 KBytes       
[  5]  50.00-51.00  sec  26.2 MBytes   220 Mbits/sec    0    565 KBytes       
[  5]  51.00-52.00  sec  35.0 MBytes   294 Mbits/sec    0    602 KBytes       
[  5]  52.00-53.00  sec  33.8 MBytes   283 Mbits/sec    0    636 KBytes       
[  5]  53.00-54.00  sec  33.8 MBytes   283 Mbits/sec    0    670 KBytes       
[  5]  54.00-55.00  sec  28.8 MBytes   241 Mbits/sec    0    696 KBytes       
[  5]  55.00-56.00  sec  32.5 MBytes   273 Mbits/sec    0    726 KBytes       
[  5]  56.00-57.00  sec  35.0 MBytes   294 Mbits/sec    0    755 KBytes       
[  5]  57.00-58.00  sec  31.2 MBytes   262 Mbits/sec    0    780 KBytes       
[  5]  58.00-59.00  sec  31.2 MBytes   262 Mbits/sec    0    804 KBytes       
[  5]  59.00-60.00  sec  26.2 MBytes   220 Mbits/sec    0    826 KBytes       
- - - - - - - - - - - - - - - - - - - - - - - - -
[ ID] Interval           Transfer     Bitrate         Retr
[  5]   0.00-60.00  sec  1.79 GBytes   256 Mbits/sec  956             sender
[  5]   0.00-60.07  sec  1.79 GBytes   256 Mbits/sec                  receiver

iperf Done.
