Connecting to host 10.136.80.188, port 5201
[  5] local 10.136.173.124 port 40843 connected to 10.136.80.188 port 5201
[ ID] Interval           Transfer     Bitrate         Total Datagrams
[  5]   0.00-1.00   sec  57.2 MBytes   480 Mbits/sec  50960  (omitted)
[  5]   0.00-1.00   sec  57.0 MBytes   478 Mbits/sec  50700  
[  5]   1.00-2.00   sec  54.1 MBytes   454 Mbits/sec  48180  
[  5]   2.00-3.00   sec  57.2 MBytes   480 Mbits/sec  50880  
[  5]   3.00-4.00   sec  54.4 MBytes   456 Mbits/sec  48420  
[  5]   4.00-5.00   sec  57.8 MBytes   485 Mbits/sec  51470  
[  5]   5.00-6.00   sec  42.6 MBytes   357 Mbits/sec  37890  
[  5]   6.00-7.00   sec  63.0 MBytes   528 Mbits/sec  56040  
[  5]   7.00-8.00   sec  58.2 MBytes   488 Mbits/sec  51800  
[  5]   8.00-9.00   sec  58.3 MBytes   489 Mbits/sec  51880  
[  5]   9.00-10.00  sec  53.6 MBytes   450 Mbits/sec  47720  
[  5]  10.00-11.00  sec  55.4 MBytes   465 Mbits/sec  49310  
[  5]  11.00-12.00  sec  55.8 MBytes   468 Mbits/sec  49710  
[  5]  12.00-13.00  sec  51.5 MBytes   432 Mbits/sec  45870  
[  5]  13.00-14.00  sec  49.0 MBytes   411 Mbits/sec  43600  
[  5]  14.00-15.00  sec  47.7 MBytes   400 Mbits/sec  42420  
[  5]  15.00-16.00  sec  59.1 MBytes   495 Mbits/sec  52570  
[  5]  16.00-17.00  sec  53.4 MBytes   448 Mbits/sec  47490  
[  5]  17.00-18.00  sec  57.9 MBytes   486 Mbits/sec  51510  
[  5]  18.00-19.00  sec  61.2 MBytes   513 Mbits/sec  54440  
[  5]  19.00-20.00  sec  57.2 MBytes   480 Mbits/sec  50960  
[  5]  20.00-21.00  sec  58.2 MBytes   489 Mbits/sec  51850  
[  5]  21.00-22.00  sec  56.9 MBytes   477 Mbits/sec  50660  
[  5]  22.00-23.00  sec  56.2 MBytes   472 Mbits/sec  50060  
[  5]  23.00-24.00  sec  54.8 MBytes   460 Mbits/sec  48800  
[  5]  24.00-25.00  sec  53.5 MBytes   449 Mbits/sec  47600  
[  5]  25.00-26.00  sec  55.5 MBytes   465 Mbits/sec  49390  
[  5]  26.00-27.00  sec  56.3 MBytes   472 Mbits/sec  50070  
[  5]  27.00-28.00  sec  49.2 MBytes   413 Mbits/sec  43780  
[  5]  28.00-29.00  sec  50.2 MBytes   421 Mbits/sec  44650  
[  5]  29.00-30.00  sec  57.5 MBytes   483 Mbits/sec  51220  
[  5]  30.00-31.00  sec  53.2 MBytes   447 Mbits/sec  47390  
[  5]  31.00-32.00  sec  57.3 MBytes   481 Mbits/sec  51020  
[  5]  32.00-33.00  sec  58.2 MBytes   488 Mbits/sec  51780  
[  5]  33.00-34.00  sec  56.6 MBytes   475 Mbits/sec  50410  
[  5]  34.00-35.00  sec  57.0 MBytes   478 Mbits/sec  50710  
[  5]  35.00-36.00  sec  51.5 MBytes   432 Mbits/sec  45810  
[  5]  36.00-37.00  sec  55.1 MBytes   462 Mbits/sec  49050  
[  5]  37.00-38.00  sec  54.3 MBytes   456 Mbits/sec  48370  
[  5]  38.00-39.00  sec  57.0 MBytes   478 Mbits/sec  50720  
[  5]  39.00-40.00  sec  48.4 MBytes   406 Mbits/sec  43060  
[  5]  40.00-41.00  sec  58.6 MBytes   492 Mbits/sec  52200  
[  5]  41.00-42.00  sec  56.7 MBytes   475 Mbits/sec  50450  
[  5]  42.00-43.00  sec  49.0 MBytes   411 Mbits/sec  43660  
[  5]  43.00-44.00  sec  54.8 MBytes   460 Mbits/sec  48770  
[  5]  44.00-45.00  sec  58.4 MBytes   490 Mbits/sec  51990  
[  5]  45.00-46.00  sec  57.0 MBytes   478 Mbits/sec  50720  
[  5]  46.00-47.00  sec  57.2 MBytes   480 Mbits/sec  50930  
[  5]  47.00-48.00  sec  57.3 MBytes   481 Mbits/sec  51020  
[  5]  48.00-49.00  sec  58.8 MBytes   493 Mbits/sec  52350  
[  5]  49.00-50.00  sec  53.8 MBytes   452 Mbits/sec  47910  
[  5]  50.00-51.00  sec  54.2 MBytes   454 Mbits/sec  48230  
[  5]  51.00-52.00  sec  61.1 MBytes   512 Mbits/sec  54370  
[  5]  52.00-53.00  sec  59.1 MBytes   496 Mbits/sec  52640  
[  5]  53.00-54.00  sec  61.4 MBytes   515 Mbits/sec  54680  
[  5]  54.00-55.00  sec  59.9 MBytes   502 Mbits/sec  53280  
[  5]  55.00-56.00  sec  47.3 MBytes   397 Mbits/sec  42100  
[  5]  56.00-57.00  sec  47.9 MBytes   402 Mbits/sec  42670  
[  5]  57.00-58.00  sec  58.7 MBytes   492 Mbits/sec  52220  
[  5]  58.00-59.00  sec  53.4 MBytes   448 Mbits/sec  47560  
[  5]  59.00-60.00  sec  61.2 MBytes   513 Mbits/sec  54460  
- - - - - - - - - - - - - - - - - - - - - - - - -
[ ID] Interval           Transfer     Bitrate         Jitter    Lost/Total Datagrams
[  5]   0.00-60.00  sec  3.25 GBytes   465 Mbits/sec  0.000 ms  0/2961470 (0%)  sender
[  5]   0.00-60.25  sec  2.06 GBytes   294 Mbits/sec  0.017 ms  1100866/2961466 (37%)  receiver

iperf Done.
