Connecting to host 10.136.80.165, port 5201
[  5] local 10.136.173.102 port 42510 connected to 10.136.80.165 port 5201
[ ID] Interval           Transfer     Bitrate         Total Datagrams
[  5]   0.00-1.00   sec  75.0 MBytes   630 Mbits/sec  66800  (omitted)
[  5]   0.00-1.00   sec  84.8 MBytes   712 Mbits/sec  75520  
[  5]   1.00-2.00   sec  84.4 MBytes   708 Mbits/sec  75140  
[  5]   2.00-3.00   sec  84.5 MBytes   709 Mbits/sec  75260  
[  5]   3.00-4.00   sec  84.3 MBytes   707 Mbits/sec  75070  
[  5]   4.00-5.00   sec  84.0 MBytes   705 Mbits/sec  74790  
[  5]   5.00-6.00   sec  83.7 MBytes   702 Mbits/sec  74470  
[  5]   6.00-7.00   sec  84.2 MBytes   707 Mbits/sec  74980  
[  5]   7.00-8.00   sec  84.3 MBytes   707 Mbits/sec  75000  
[  5]   8.00-9.00   sec  84.2 MBytes   707 Mbits/sec  74990  
[  5]   9.00-10.00  sec  84.0 MBytes   705 Mbits/sec  74800  
[  5]  10.00-11.00  sec  83.7 MBytes   702 Mbits/sec  74530  
[  5]  11.00-12.00  sec  83.8 MBytes   703 Mbits/sec  74570  
[  5]  12.00-13.00  sec  81.7 MBytes   685 Mbits/sec  72730  
[  5]  13.00-14.00  sec  83.4 MBytes   700 Mbits/sec  74270  
[  5]  14.00-15.00  sec  83.1 MBytes   697 Mbits/sec  73930  
[  5]  15.00-16.00  sec  82.6 MBytes   693 Mbits/sec  73510  
[  5]  16.00-17.00  sec  82.7 MBytes   694 Mbits/sec  73630  
[  5]  17.00-18.00  sec  88.2 MBytes   740 Mbits/sec  78470  
[  5]  18.00-19.00  sec  85.4 MBytes   716 Mbits/sec  75990  
[  5]  19.00-20.00  sec  84.3 MBytes   707 Mbits/sec  75030  
[  5]  20.00-21.00  sec  74.3 MBytes   623 Mbits/sec  66150  
[  5]  21.00-22.00  sec  77.3 MBytes   648 Mbits/sec  68770  
[  5]  22.00-23.00  sec  73.5 MBytes   617 Mbits/sec  65430  
[  5]  23.00-24.00  sec  77.0 MBytes   646 Mbits/sec  68510  
[  5]  24.00-25.00  sec  76.0 MBytes   637 Mbits/sec  67640  
[  5]  25.00-26.00  sec  77.1 MBytes   646 Mbits/sec  68590  
[  5]  26.00-27.00  sec  75.9 MBytes   637 Mbits/sec  67560  
[  5]  27.00-28.00  sec  76.8 MBytes   645 Mbits/sec  68400  
[  5]  28.00-29.00  sec  78.4 MBytes   657 Mbits/sec  69770  
[  5]  29.00-30.00  sec  79.0 MBytes   662 Mbits/sec  70280  
[  5]  30.00-31.00  sec  80.0 MBytes   671 Mbits/sec  71180  
[  5]  31.00-32.00  sec  78.5 MBytes   659 Mbits/sec  69870  
[  5]  32.00-33.00  sec  78.4 MBytes   658 Mbits/sec  69800  
[  5]  33.00-34.00  sec  80.2 MBytes   673 Mbits/sec  71390  
[  5]  34.00-35.00  sec  81.6 MBytes   685 Mbits/sec  72640  
[  5]  35.00-36.00  sec  83.6 MBytes   701 Mbits/sec  74420  
[  5]  36.00-37.00  sec  81.5 MBytes   684 Mbits/sec  72570  
[  5]  37.00-38.00  sec  83.7 MBytes   702 Mbits/sec  74510  
[  5]  38.00-39.00  sec  84.0 MBytes   704 Mbits/sec  74740  
[  5]  39.00-40.00  sec  83.9 MBytes   704 Mbits/sec  74700  
[  5]  40.00-41.00  sec  83.1 MBytes   697 Mbits/sec  73960  
[  5]  41.00-42.00  sec  78.0 MBytes   655 Mbits/sec  69460  
[  5]  42.00-43.00  sec  77.0 MBytes   646 Mbits/sec  68550  
[  5]  43.00-44.00  sec  77.6 MBytes   651 Mbits/sec  69090  
[  5]  44.00-45.00  sec  81.3 MBytes   682 Mbits/sec  72350  
[  5]  45.00-46.00  sec  83.8 MBytes   703 Mbits/sec  74630  
[  5]  46.00-47.00  sec  82.7 MBytes   693 Mbits/sec  73580  
[  5]  47.00-48.00  sec  84.0 MBytes   705 Mbits/sec  74800  
[  5]  48.00-49.00  sec  84.4 MBytes   708 Mbits/sec  75130  
[  5]  49.00-50.00  sec  84.7 MBytes   710 Mbits/sec  75380  
[  5]  50.00-51.00  sec  84.4 MBytes   708 Mbits/sec  75100  
[  5]  51.00-52.00  sec  83.6 MBytes   701 Mbits/sec  74430  
[  5]  52.00-53.00  sec  84.7 MBytes   710 Mbits/sec  75350  
[  5]  53.00-54.00  sec  83.9 MBytes   704 Mbits/sec  74680  
[  5]  54.00-55.00  sec  84.3 MBytes   707 Mbits/sec  75070  
[  5]  55.00-56.00  sec  83.9 MBytes   704 Mbits/sec  74670  
[  5]  56.00-57.00  sec  83.3 MBytes   699 Mbits/sec  74190  
[  5]  57.00-58.00  sec  83.8 MBytes   703 Mbits/sec  74570  
[  5]  58.00-59.00  sec  84.3 MBytes   707 Mbits/sec  75050  
[  5]  59.00-60.00  sec  84.3 MBytes   708 Mbits/sec  75080  
- - - - - - - - - - - - - - - - - - - - - - - - -
[ ID] Interval           Transfer     Bitrate         Jitter    Lost/Total Datagrams
[  5]   0.00-60.00  sec  4.80 GBytes   688 Mbits/sec  0.000 ms  0/4378720 (0%)  sender
[  5]   0.00-60.25  sec  2.38 GBytes   339 Mbits/sec  0.011 ms  2250422/4378646 (51%)  receiver

iperf Done.
