Connecting to host knb-server-476167, port 5201
[  5] local 10.136.173.120 port 43154 connected to 10.43.117.65 port 5201
[ ID] Interval           Transfer     Bitrate         Total Datagrams
[  5]   0.00-1.00   sec  52.5 MBytes   440 Mbits/sec  46740  (omitted)
[  5]   0.00-1.00   sec  57.1 MBytes   479 Mbits/sec  50870  
[  5]   1.00-2.00   sec  54.1 MBytes   454 Mbits/sec  48170  
[  5]   2.00-3.00   sec  58.3 MBytes   489 Mbits/sec  51890  
[  5]   3.00-4.00   sec  56.7 MBytes   475 Mbits/sec  50430  
[  5]   4.00-5.00   sec  52.1 MBytes   437 Mbits/sec  46410  
[  5]   5.00-6.00   sec  49.0 MBytes   411 Mbits/sec  43630  
[  5]   6.00-7.00   sec  55.1 MBytes   463 Mbits/sec  49090  
[  5]   7.00-8.00   sec  54.1 MBytes   454 Mbits/sec  48140  
[  5]   8.00-9.00   sec  55.8 MBytes   468 Mbits/sec  49710  
[  5]   9.00-10.00  sec  53.6 MBytes   450 Mbits/sec  47710  
[  5]  10.00-11.00  sec  55.8 MBytes   468 Mbits/sec  49640  
[  5]  11.00-12.00  sec  53.7 MBytes   450 Mbits/sec  47800  
[  5]  12.00-13.00  sec  55.1 MBytes   463 Mbits/sec  49080  
[  5]  13.00-14.00  sec  53.3 MBytes   447 Mbits/sec  47400  
[  5]  14.00-15.00  sec  51.7 MBytes   434 Mbits/sec  46020  
[  5]  15.00-16.00  sec  54.8 MBytes   460 Mbits/sec  48780  
[  5]  16.00-17.00  sec  57.9 MBytes   486 Mbits/sec  51540  
[  5]  17.00-18.00  sec  46.7 MBytes   392 Mbits/sec  41570  
[  5]  18.00-19.00  sec  58.8 MBytes   493 Mbits/sec  52320  
[  5]  19.00-20.00  sec  56.3 MBytes   472 Mbits/sec  50120  
[  5]  20.00-21.00  sec  54.0 MBytes   453 Mbits/sec  48060  
[  5]  21.00-22.00  sec  50.9 MBytes   427 Mbits/sec  45310  
[  5]  22.00-23.00  sec  53.6 MBytes   449 Mbits/sec  47680  
[  5]  23.00-24.00  sec  52.9 MBytes   444 Mbits/sec  47100  
[  5]  24.00-25.00  sec  54.7 MBytes   459 Mbits/sec  48700  
[  5]  25.00-26.00  sec  56.4 MBytes   473 Mbits/sec  50170  
[  5]  26.00-27.00  sec  56.5 MBytes   474 Mbits/sec  50270  
[  5]  27.00-28.00  sec  53.5 MBytes   449 Mbits/sec  47640  
[  5]  28.00-29.00  sec  51.2 MBytes   430 Mbits/sec  45580  
[  5]  29.00-30.00  sec  53.3 MBytes   447 Mbits/sec  47480  
[  5]  30.00-31.00  sec  53.9 MBytes   452 Mbits/sec  47980  
[  5]  31.00-32.00  sec  51.8 MBytes   435 Mbits/sec  46130  
[  5]  32.00-33.00  sec  58.1 MBytes   488 Mbits/sec  51740  
[  5]  33.00-34.00  sec  54.3 MBytes   455 Mbits/sec  48330  
[  5]  34.00-35.00  sec  51.4 MBytes   431 Mbits/sec  45780  
[  5]  35.00-36.00  sec  55.4 MBytes   465 Mbits/sec  49350  
[  5]  36.00-37.00  sec  45.6 MBytes   383 Mbits/sec  40630  
[  5]  37.00-38.00  sec  50.9 MBytes   427 Mbits/sec  45320  
[  5]  38.00-39.00  sec  55.9 MBytes   469 Mbits/sec  49730  
[  5]  39.00-40.00  sec  59.7 MBytes   501 Mbits/sec  53120  
[  5]  40.00-41.00  sec  55.9 MBytes   469 Mbits/sec  49800  
[  5]  41.00-42.00  sec  54.3 MBytes   456 Mbits/sec  48360  
[  5]  42.00-43.00  sec  52.9 MBytes   443 Mbits/sec  47060  
[  5]  43.00-44.00  sec  59.3 MBytes   497 Mbits/sec  52790  
[  5]  44.00-45.00  sec  54.9 MBytes   460 Mbits/sec  48840  
[  5]  45.00-46.00  sec  51.8 MBytes   435 Mbits/sec  46100  
[  5]  46.00-47.00  sec  54.4 MBytes   457 Mbits/sec  48460  
[  5]  47.00-48.00  sec  55.8 MBytes   468 Mbits/sec  49630  
[  5]  48.00-49.00  sec  54.8 MBytes   460 Mbits/sec  48780  
[  5]  49.00-50.00  sec  54.1 MBytes   454 Mbits/sec  48140  
[  5]  50.00-51.00  sec  55.7 MBytes   467 Mbits/sec  49580  
[  5]  51.00-52.00  sec  53.4 MBytes   448 Mbits/sec  47520  
[  5]  52.00-53.00  sec  51.6 MBytes   433 Mbits/sec  45920  
[  5]  53.00-54.00  sec  55.2 MBytes   463 Mbits/sec  49110  
[  5]  54.00-55.00  sec  56.2 MBytes   471 Mbits/sec  50030  
[  5]  55.00-56.00  sec  53.8 MBytes   451 Mbits/sec  47870  
[  5]  56.00-57.00  sec  56.9 MBytes   477 Mbits/sec  50660  
[  5]  57.00-58.00  sec  51.5 MBytes   432 Mbits/sec  45870  
[  5]  58.00-59.00  sec  54.6 MBytes   458 Mbits/sec  48610  
[  5]  59.00-60.00  sec  59.5 MBytes   499 Mbits/sec  52960  
- - - - - - - - - - - - - - - - - - - - - - - - -
[ ID] Interval           Transfer     Bitrate         Jitter    Lost/Total Datagrams
[  5]   0.00-60.00  sec  3.18 GBytes   456 Mbits/sec  0.000 ms  0/2902510 (0%)  sender
[  5]   0.00-60.25  sec   712 MBytes  99.1 Mbits/sec  0.013 ms  2278957/2884605 (79%)  receiver

iperf Done.
