Connecting to host 10.136.80.189, port 5201
[  5] local 10.136.173.117 port 52416 connected to 10.136.80.189 port 5201
[ ID] Interval           Transfer     Bitrate         Retr  Cwnd
[  5]   0.00-1.00   sec  8.98 MBytes  75.3 Mbits/sec  155   69.0 KBytes       (omitted)
[  5]   0.00-1.00   sec  9.14 MBytes  76.7 Mbits/sec   14   84.0 KBytes       
[  5]   1.00-2.00   sec  6.73 MBytes  56.5 Mbits/sec   12   73.6 KBytes       
[  5]   2.00-3.00   sec  4.20 MBytes  35.3 Mbits/sec   18   77.1 KBytes       
[  5]   3.00-4.00   sec  7.91 MBytes  66.3 Mbits/sec    0    125 KBytes       
[  5]   4.00-5.00   sec  12.6 MBytes   106 Mbits/sec   57   92.0 KBytes       
[  5]   5.00-6.00   sec  4.70 MBytes  39.4 Mbits/sec   12   66.7 KBytes       
[  5]   6.00-7.00   sec  8.65 MBytes  72.6 Mbits/sec   29   79.4 KBytes       
[  5]   7.00-8.00   sec  5.19 MBytes  43.5 Mbits/sec    0    115 KBytes       
[  5]   8.00-9.00   sec  1.98 MBytes  16.6 Mbits/sec    1    183 KBytes       
[  5]   9.00-10.00  sec  9.64 MBytes  80.9 Mbits/sec   49    115 KBytes       
[  5]  10.00-11.00  sec  8.53 MBytes  71.5 Mbits/sec   36   85.1 KBytes       
[  5]  11.00-12.00  sec  2.97 MBytes  24.9 Mbits/sec    0    105 KBytes       
[  5]  12.00-13.00  sec  2.22 MBytes  18.7 Mbits/sec    0    118 KBytes       
[  5]  13.00-14.00  sec  2.22 MBytes  18.7 Mbits/sec    1    189 KBytes       
[  5]  14.00-15.00  sec  2.97 MBytes  24.9 Mbits/sec   61    120 KBytes       
[  5]  15.00-16.00  sec  5.62 MBytes  47.2 Mbits/sec   17    115 KBytes       
[  5]  16.00-17.00  sec  12.3 MBytes   103 Mbits/sec   15    127 KBytes       
[  5]  17.00-18.00  sec  7.04 MBytes  59.1 Mbits/sec   59   69.0 KBytes       
[  5]  18.00-19.00  sec  8.90 MBytes  74.7 Mbits/sec   11   78.2 KBytes       
[  5]  19.00-20.00  sec  13.3 MBytes   112 Mbits/sec   45   95.5 KBytes       
[  5]  20.00-21.00  sec  4.45 MBytes  37.3 Mbits/sec    0    120 KBytes       
[  5]  21.00-22.00  sec  4.82 MBytes  40.4 Mbits/sec   49   78.2 KBytes       
[  5]  22.00-23.00  sec  3.34 MBytes  28.0 Mbits/sec   16   89.7 KBytes       
[  5]  23.00-24.00  sec  14.5 MBytes   121 Mbits/sec   55   92.0 KBytes       
[  5]  24.00-25.00  sec  12.3 MBytes   103 Mbits/sec   57   88.6 KBytes       
[  5]  25.00-26.00  sec  10.4 MBytes  87.1 Mbits/sec   24    100 KBytes       
[  5]  26.00-27.00  sec  8.16 MBytes  68.4 Mbits/sec   10    115 KBytes       
[  5]  27.00-28.00  sec  14.1 MBytes   118 Mbits/sec   30   81.7 KBytes       
[  5]  28.00-29.00  sec  5.93 MBytes  49.7 Mbits/sec   11   88.6 KBytes       
[  5]  29.00-30.00  sec  2.22 MBytes  18.7 Mbits/sec    1   2.30 KBytes       
[  5]  30.00-31.00  sec  5.93 MBytes  49.8 Mbits/sec  146    141 KBytes       
[  5]  31.00-32.00  sec  7.04 MBytes  59.1 Mbits/sec   36    108 KBytes       
[  5]  32.00-33.00  sec  11.7 MBytes  98.0 Mbits/sec   47   95.5 KBytes       
[  5]  33.00-34.00  sec  5.62 MBytes  47.2 Mbits/sec   24    104 KBytes       
[  5]  34.00-35.00  sec  13.0 MBytes   109 Mbits/sec   29   66.7 KBytes       
[  5]  35.00-36.00  sec  4.76 MBytes  39.9 Mbits/sec    0    101 KBytes       
[  5]  36.00-37.00  sec  5.62 MBytes  47.2 Mbits/sec   66   73.6 KBytes       
[  5]  37.00-38.00  sec  10.4 MBytes  87.6 Mbits/sec   63    100 KBytes       
[  5]  38.00-39.00  sec  7.79 MBytes  65.3 Mbits/sec    0    137 KBytes       
[  5]  39.00-40.00  sec  9.52 MBytes  79.8 Mbits/sec  113   61.0 KBytes       
[  5]  40.00-41.00  sec  5.62 MBytes  47.2 Mbits/sec    1   89.7 KBytes       
[  5]  41.00-42.00  sec  13.0 MBytes   109 Mbits/sec   45   66.7 KBytes       
[  5]  42.00-43.00  sec  9.58 MBytes  80.3 Mbits/sec    5   89.7 KBytes       
[  5]  43.00-44.00  sec  3.09 MBytes  25.9 Mbits/sec   14   59.8 KBytes       
[  5]  44.00-45.00  sec  10.8 MBytes  90.7 Mbits/sec   21   64.4 KBytes       
[  5]  45.00-46.00  sec  4.33 MBytes  36.3 Mbits/sec    0   96.6 KBytes       
[  5]  46.00-47.00  sec  8.28 MBytes  69.5 Mbits/sec   40   86.3 KBytes       
[  5]  47.00-48.00  sec  5.19 MBytes  43.5 Mbits/sec    0    120 KBytes       
[  5]  48.00-49.00  sec  3.89 MBytes  32.7 Mbits/sec    3    101 KBytes       
[  5]  49.00-50.00  sec  4.33 MBytes  36.3 Mbits/sec    2   92.0 KBytes       
[  5]  50.00-51.00  sec  8.22 MBytes  68.9 Mbits/sec    1    107 KBytes       
[  5]  51.00-52.00  sec  11.3 MBytes  94.8 Mbits/sec   55    108 KBytes       
[  5]  52.00-53.00  sec  2.60 MBytes  21.8 Mbits/sec    0    124 KBytes       
[  5]  53.00-54.00  sec  14.7 MBytes   123 Mbits/sec   47   75.9 KBytes       
[  5]  54.00-55.00  sec  6.06 MBytes  50.8 Mbits/sec   18   82.8 KBytes       
[  5]  55.00-56.00  sec  13.4 MBytes   112 Mbits/sec   43   63.3 KBytes       
[  5]  56.00-57.00  sec  3.03 MBytes  25.4 Mbits/sec    0   88.6 KBytes       
[  5]  57.00-58.00  sec  1.73 MBytes  14.5 Mbits/sec    2    102 KBytes       
[  5]  58.00-59.00  sec  7.48 MBytes  62.7 Mbits/sec   97   58.7 KBytes       
[  5]  59.00-60.00  sec  7.79 MBytes  65.3 Mbits/sec    2   97.8 KBytes       
- - - - - - - - - - - - - - - - - - - - - - - - -
[ ID] Interval           Transfer     Bitrate         Retr
[  5]   0.00-60.00  sec   443 MBytes  61.9 Mbits/sec  1610             sender
[  5]   0.00-60.26  sec   443 MBytes  61.7 Mbits/sec                  receiver

iperf Done.
