Connecting to host 10.136.80.136, port 5201
[  5] local 10.136.173.77 port 49914 connected to 10.136.80.136 port 5201
[ ID] Interval           Transfer     Bitrate         Total Datagrams
[  5]   0.00-1.00   sec  81.1 MBytes   681 Mbits/sec  72220  (omitted)
[  5]   0.00-1.00   sec  77.7 MBytes   652 Mbits/sec  69170  
[  5]   1.00-2.00   sec  67.2 MBytes   564 Mbits/sec  59830  
[  5]   2.00-3.00   sec  67.8 MBytes   569 Mbits/sec  60330  
[  5]   3.00-4.00   sec  66.9 MBytes   561 Mbits/sec  59570  
[  5]   4.00-5.00   sec  67.5 MBytes   566 Mbits/sec  60040  
[  5]   5.00-6.00   sec  67.5 MBytes   566 Mbits/sec  60090  
[  5]   6.00-7.00   sec  67.4 MBytes   565 Mbits/sec  59980  
[  5]   7.00-8.00   sec  67.4 MBytes   566 Mbits/sec  60020  
[  5]   8.00-9.00   sec  65.8 MBytes   552 Mbits/sec  58560  
[  5]   9.00-10.00  sec  65.0 MBytes   545 Mbits/sec  57840  
[  5]  10.00-11.00  sec  67.7 MBytes   568 Mbits/sec  60260  
[  5]  11.00-12.00  sec  68.4 MBytes   574 Mbits/sec  60860  
[  5]  12.00-13.00  sec  77.2 MBytes   647 Mbits/sec  68680  
[  5]  13.00-14.00  sec  80.4 MBytes   674 Mbits/sec  71550  
[  5]  14.00-15.00  sec  80.5 MBytes   675 Mbits/sec  71620  
[  5]  15.00-16.00  sec  80.4 MBytes   675 Mbits/sec  71590  
[  5]  16.00-17.00  sec  81.2 MBytes   681 Mbits/sec  72260  
[  5]  17.00-18.00  sec  80.3 MBytes   674 Mbits/sec  71500  
[  5]  18.00-19.00  sec  80.1 MBytes   672 Mbits/sec  71290  
[  5]  19.00-20.00  sec  80.7 MBytes   677 Mbits/sec  71790  
[  5]  20.00-21.00  sec  80.8 MBytes   678 Mbits/sec  71910  
[  5]  21.00-22.00  sec  80.6 MBytes   676 Mbits/sec  71710  
[  5]  22.00-23.00  sec  81.1 MBytes   680 Mbits/sec  72150  
[  5]  23.00-24.00  sec  81.1 MBytes   680 Mbits/sec  72180  
[  5]  24.00-25.00  sec  80.5 MBytes   676 Mbits/sec  71680  
[  5]  25.00-26.00  sec  81.1 MBytes   680 Mbits/sec  72200  
[  5]  26.00-27.00  sec  80.5 MBytes   675 Mbits/sec  71630  
[  5]  27.00-28.00  sec  80.1 MBytes   672 Mbits/sec  71270  
[  5]  28.00-29.00  sec  79.2 MBytes   664 Mbits/sec  70510  
[  5]  29.00-30.00  sec  78.9 MBytes   662 Mbits/sec  70210  
[  5]  30.00-31.00  sec  80.8 MBytes   678 Mbits/sec  71930  
[  5]  31.00-32.00  sec  79.5 MBytes   667 Mbits/sec  70810  
[  5]  32.00-33.00  sec  70.9 MBytes   594 Mbits/sec  63080  
[  5]  33.00-34.00  sec  65.3 MBytes   548 Mbits/sec  58150  
[  5]  34.00-35.00  sec  65.2 MBytes   547 Mbits/sec  58080  
[  5]  35.00-36.00  sec  65.8 MBytes   552 Mbits/sec  58540  
[  5]  36.00-37.00  sec  67.4 MBytes   565 Mbits/sec  59970  
[  5]  37.00-38.00  sec  66.4 MBytes   557 Mbits/sec  59130  
[  5]  38.00-39.00  sec  65.1 MBytes   546 Mbits/sec  57950  
[  5]  39.00-40.00  sec  66.7 MBytes   559 Mbits/sec  59340  
[  5]  40.00-41.00  sec  66.3 MBytes   556 Mbits/sec  58990  
[  5]  41.00-42.00  sec  67.1 MBytes   563 Mbits/sec  59760  
[  5]  42.00-43.00  sec  67.4 MBytes   565 Mbits/sec  59990  
[  5]  43.00-44.00  sec  66.0 MBytes   554 Mbits/sec  58790  
[  5]  44.00-45.00  sec  67.0 MBytes   562 Mbits/sec  59640  
[  5]  45.00-46.00  sec  67.3 MBytes   565 Mbits/sec  59920  
[  5]  46.00-47.00  sec  66.7 MBytes   560 Mbits/sec  59390  
[  5]  47.00-48.00  sec  66.1 MBytes   554 Mbits/sec  58830  
[  5]  48.00-49.00  sec  66.0 MBytes   553 Mbits/sec  58710  
[  5]  49.00-50.00  sec  65.9 MBytes   553 Mbits/sec  58660  
[  5]  50.00-51.00  sec  67.4 MBytes   565 Mbits/sec  59970  
[  5]  51.00-52.00  sec  66.7 MBytes   560 Mbits/sec  59380  
[  5]  52.00-53.00  sec  75.9 MBytes   637 Mbits/sec  67550  
[  5]  53.00-54.00  sec  81.4 MBytes   683 Mbits/sec  72490  
[  5]  54.00-55.00  sec  81.1 MBytes   680 Mbits/sec  72200  
[  5]  55.00-56.00  sec  82.0 MBytes   687 Mbits/sec  72950  
[  5]  56.00-57.00  sec  81.6 MBytes   684 Mbits/sec  72610  
[  5]  57.00-58.00  sec  80.7 MBytes   677 Mbits/sec  71840  
[  5]  58.00-59.00  sec  79.7 MBytes   668 Mbits/sec  70900  
[  5]  59.00-60.00  sec  79.6 MBytes   668 Mbits/sec  70830  
- - - - - - - - - - - - - - - - - - - - - - - - -
[ ID] Interval           Transfer     Bitrate         Jitter    Lost/Total Datagrams
[  5]   0.00-60.00  sec  4.29 GBytes   615 Mbits/sec  0.000 ms  0/3912660 (0%)  sender
[  5]   0.00-60.04  sec  4.29 GBytes   614 Mbits/sec  0.012 ms  2821/3912660 (0.072%)  receiver

iperf Done.
