Connecting to host knb-server-14895, port 5201
[  5] local 10.136.173.79 port 43962 connected to 10.43.179.197 port 5201
[ ID] Interval           Transfer     Bitrate         Total Datagrams
[  5]   0.00-1.00   sec  79.2 MBytes   664 Mbits/sec  70480  (omitted)
[  5]   0.00-1.00   sec  72.0 MBytes   604 Mbits/sec  64090  
[  5]   1.00-2.00   sec  63.0 MBytes   528 Mbits/sec  56040  
[  5]   2.00-3.00   sec  63.1 MBytes   529 Mbits/sec  56140  
[  5]   3.00-4.00   sec  61.7 MBytes   518 Mbits/sec  54960  
[  5]   4.00-5.00   sec  64.6 MBytes   542 Mbits/sec  57490  
[  5]   5.00-6.00   sec  63.5 MBytes   533 Mbits/sec  56530  
[  5]   6.00-7.00   sec  62.9 MBytes   527 Mbits/sec  55970  
[  5]   7.00-8.00   sec  65.4 MBytes   549 Mbits/sec  58230  
[  5]   8.00-9.00   sec  65.2 MBytes   547 Mbits/sec  58060  
[  5]   9.00-10.00  sec  65.6 MBytes   550 Mbits/sec  58370  
[  5]  10.00-11.00  sec  65.9 MBytes   553 Mbits/sec  58650  
[  5]  11.00-12.00  sec  61.4 MBytes   515 Mbits/sec  54690  
[  5]  12.00-13.00  sec  67.0 MBytes   562 Mbits/sec  59610  
[  5]  13.00-14.00  sec  79.5 MBytes   667 Mbits/sec  70800  
[  5]  14.00-15.00  sec  79.4 MBytes   666 Mbits/sec  70710  
[  5]  15.00-16.00  sec  79.5 MBytes   667 Mbits/sec  70750  
[  5]  16.00-17.00  sec  79.9 MBytes   670 Mbits/sec  71100  
[  5]  17.00-18.00  sec  79.8 MBytes   670 Mbits/sec  71060  
[  5]  18.00-19.00  sec  79.7 MBytes   668 Mbits/sec  70910  
[  5]  19.00-20.00  sec  79.5 MBytes   667 Mbits/sec  70800  
[  5]  20.00-21.00  sec  79.3 MBytes   665 Mbits/sec  70570  
[  5]  21.00-22.00  sec  78.5 MBytes   658 Mbits/sec  69850  
[  5]  22.00-23.00  sec  78.9 MBytes   662 Mbits/sec  70230  
[  5]  23.00-24.00  sec  78.0 MBytes   655 Mbits/sec  69470  
[  5]  24.00-25.00  sec  79.8 MBytes   669 Mbits/sec  71040  
[  5]  25.00-26.00  sec  79.1 MBytes   663 Mbits/sec  70390  
[  5]  26.00-27.00  sec  79.7 MBytes   669 Mbits/sec  70940  
[  5]  27.00-28.00  sec  79.3 MBytes   665 Mbits/sec  70600  
[  5]  28.00-29.00  sec  79.2 MBytes   664 Mbits/sec  70480  
[  5]  29.00-30.00  sec  79.1 MBytes   663 Mbits/sec  70380  
[  5]  30.00-31.00  sec  78.8 MBytes   661 Mbits/sec  70110  
[  5]  31.00-32.00  sec  78.0 MBytes   654 Mbits/sec  69450  
[  5]  32.00-33.00  sec  79.1 MBytes   663 Mbits/sec  70370  
[  5]  33.00-34.00  sec  78.4 MBytes   658 Mbits/sec  69800  
[  5]  34.00-35.00  sec  79.0 MBytes   663 Mbits/sec  70340  
[  5]  35.00-36.00  sec  73.7 MBytes   618 Mbits/sec  65560  
[  5]  36.00-37.00  sec  64.9 MBytes   545 Mbits/sec  57780  
[  5]  37.00-38.00  sec  68.1 MBytes   572 Mbits/sec  60660  
[  5]  38.00-39.00  sec  77.8 MBytes   653 Mbits/sec  69260  
[  5]  39.00-40.00  sec  78.1 MBytes   655 Mbits/sec  69530  
[  5]  40.00-41.00  sec  79.2 MBytes   665 Mbits/sec  70530  
[  5]  41.00-42.00  sec  78.7 MBytes   660 Mbits/sec  70020  
[  5]  42.00-43.00  sec  78.6 MBytes   659 Mbits/sec  69950  
[  5]  43.00-44.00  sec  78.8 MBytes   661 Mbits/sec  70130  
[  5]  44.00-45.00  sec  79.1 MBytes   664 Mbits/sec  70440  
[  5]  45.00-46.00  sec  79.4 MBytes   666 Mbits/sec  70660  
[  5]  46.00-47.00  sec  78.7 MBytes   661 Mbits/sec  70090  
[  5]  47.00-48.00  sec  80.3 MBytes   673 Mbits/sec  71450  
[  5]  48.00-49.00  sec  79.5 MBytes   667 Mbits/sec  70730  
[  5]  49.00-50.00  sec  79.1 MBytes   664 Mbits/sec  70450  
[  5]  50.00-51.00  sec  79.4 MBytes   666 Mbits/sec  70670  
[  5]  51.00-52.00  sec  79.0 MBytes   663 Mbits/sec  70330  
[  5]  52.00-53.00  sec  63.7 MBytes   534 Mbits/sec  56670  
[  5]  53.00-54.00  sec  76.0 MBytes   637 Mbits/sec  67630  
[  5]  54.00-55.00  sec  79.3 MBytes   665 Mbits/sec  70590  
[  5]  55.00-56.00  sec  78.9 MBytes   662 Mbits/sec  70250  
[  5]  56.00-57.00  sec  79.3 MBytes   666 Mbits/sec  70630  
[  5]  57.00-58.00  sec  79.2 MBytes   664 Mbits/sec  70490  
[  5]  58.00-59.00  sec  79.1 MBytes   664 Mbits/sec  70410  
[  5]  59.00-60.00  sec  74.4 MBytes   624 Mbits/sec  66190  
- - - - - - - - - - - - - - - - - - - - - - - - -
[ ID] Interval           Transfer     Bitrate         Jitter    Lost/Total Datagrams
[  5]   0.00-60.00  sec  4.40 GBytes   630 Mbits/sec  0.000 ms  0/4010080 (0%)  sender
[  5]   0.00-60.04  sec  4.40 GBytes   630 Mbits/sec  0.014 ms  2057/4010079 (0.051%)  receiver

iperf Done.
