Connecting to host 10.136.80.169, port 5201
[  5] local 10.136.173.114 port 50663 connected to 10.136.80.169 port 5201
[ ID] Interval           Transfer     Bitrate         Total Datagrams
[  5]   0.00-1.00   sec  70.8 MBytes   593 Mbits/sec  62980  (omitted)
[  5]   0.00-1.00   sec  77.5 MBytes   650 Mbits/sec  68970  
[  5]   1.00-2.00   sec  75.8 MBytes   636 Mbits/sec  67480  
[  5]   2.00-3.00   sec  76.2 MBytes   640 Mbits/sec  67870  
[  5]   3.00-4.00   sec  79.1 MBytes   663 Mbits/sec  70380  
[  5]   4.00-5.00   sec  76.7 MBytes   643 Mbits/sec  68280  
[  5]   5.00-6.00   sec  71.6 MBytes   601 Mbits/sec  63760  
[  5]   6.00-7.00   sec  73.8 MBytes   619 Mbits/sec  65730  
[  5]   7.00-8.00   sec  74.6 MBytes   626 Mbits/sec  66400  
[  5]   8.00-9.00   sec  75.0 MBytes   629 Mbits/sec  66720  
[  5]   9.00-10.00  sec  72.5 MBytes   608 Mbits/sec  64510  
[  5]  10.00-11.00  sec  76.0 MBytes   637 Mbits/sec  67620  
[  5]  11.00-12.00  sec  74.9 MBytes   629 Mbits/sec  66700  
[  5]  12.00-13.00  sec  75.1 MBytes   630 Mbits/sec  66830  
[  5]  13.00-14.00  sec  75.2 MBytes   631 Mbits/sec  66980  
[  5]  14.00-15.00  sec  70.9 MBytes   595 Mbits/sec  63150  
[  5]  15.00-16.00  sec  73.6 MBytes   618 Mbits/sec  65530  
[  5]  16.00-17.00  sec  75.2 MBytes   631 Mbits/sec  66930  
[  5]  17.00-18.00  sec  75.1 MBytes   630 Mbits/sec  66840  
[  5]  18.00-19.00  sec  73.2 MBytes   614 Mbits/sec  65120  
[  5]  19.00-20.00  sec  65.4 MBytes   549 Mbits/sec  58210  
[  5]  20.00-21.00  sec  66.0 MBytes   554 Mbits/sec  58790  
[  5]  21.00-22.00  sec  71.2 MBytes   597 Mbits/sec  63370  
[  5]  22.00-23.00  sec  76.9 MBytes   645 Mbits/sec  68460  
[  5]  23.00-24.00  sec  75.5 MBytes   634 Mbits/sec  67230  
[  5]  24.00-25.00  sec  75.7 MBytes   635 Mbits/sec  67420  
[  5]  25.00-26.00  sec  71.5 MBytes   600 Mbits/sec  63640  
[  5]  26.00-27.00  sec  75.0 MBytes   629 Mbits/sec  66760  
[  5]  27.00-28.00  sec  73.0 MBytes   613 Mbits/sec  65000  
[  5]  28.00-29.00  sec  67.1 MBytes   563 Mbits/sec  59710  
[  5]  29.00-30.00  sec  71.2 MBytes   598 Mbits/sec  63420  
[  5]  30.00-31.00  sec  76.3 MBytes   640 Mbits/sec  67940  
[  5]  31.00-32.00  sec  75.6 MBytes   634 Mbits/sec  67290  
[  5]  32.00-33.00  sec  75.6 MBytes   634 Mbits/sec  67310  
[  5]  33.00-34.00  sec  68.0 MBytes   570 Mbits/sec  60490  
[  5]  34.00-35.00  sec  73.6 MBytes   617 Mbits/sec  65500  
[  5]  35.00-36.00  sec  71.2 MBytes   597 Mbits/sec  63370  
[  5]  36.00-37.00  sec  62.5 MBytes   524 Mbits/sec  55640  
[  5]  37.00-38.00  sec  66.8 MBytes   560 Mbits/sec  59460  
[  5]  38.00-39.00  sec  68.8 MBytes   577 Mbits/sec  61240  
[  5]  39.00-40.00  sec  69.5 MBytes   583 Mbits/sec  61890  
[  5]  40.00-41.00  sec  50.9 MBytes   427 Mbits/sec  45320  
[  5]  41.00-42.00  sec  71.0 MBytes   595 Mbits/sec  63160  
[  5]  42.00-43.00  sec  74.6 MBytes   626 Mbits/sec  66440  
[  5]  43.00-44.00  sec  75.5 MBytes   633 Mbits/sec  67200  
[  5]  44.00-45.00  sec  75.5 MBytes   633 Mbits/sec  67220  
[  5]  45.00-46.00  sec  74.2 MBytes   623 Mbits/sec  66070  
[  5]  46.00-47.00  sec  75.3 MBytes   632 Mbits/sec  67070  
[  5]  47.00-48.00  sec  76.7 MBytes   644 Mbits/sec  68290  
[  5]  48.00-49.00  sec  75.7 MBytes   635 Mbits/sec  67350  
[  5]  49.00-50.00  sec  75.6 MBytes   634 Mbits/sec  67270  
[  5]  50.00-51.00  sec  73.5 MBytes   616 Mbits/sec  65410  
[  5]  51.00-52.00  sec  76.0 MBytes   638 Mbits/sec  67650  
[  5]  52.00-53.00  sec  76.0 MBytes   637 Mbits/sec  67620  
[  5]  53.00-54.00  sec  75.1 MBytes   630 Mbits/sec  66820  
[  5]  54.00-55.00  sec  75.9 MBytes   637 Mbits/sec  67560  
[  5]  55.00-56.00  sec  74.9 MBytes   629 Mbits/sec  66690  
[  5]  56.00-57.00  sec  76.0 MBytes   638 Mbits/sec  67650  
[  5]  57.00-58.00  sec  74.8 MBytes   627 Mbits/sec  66570  
[  5]  58.00-59.00  sec  76.4 MBytes   641 Mbits/sec  68010  
[  5]  59.00-60.00  sec  60.1 MBytes   504 Mbits/sec  53490  
- - - - - - - - - - - - - - - - - - - - - - - - -
[ ID] Interval           Transfer     Bitrate         Jitter    Lost/Total Datagrams
[  5]   0.00-60.00  sec  4.28 GBytes   613 Mbits/sec  0.000 ms  0/3900800 (0%)  sender
[  5]   0.00-60.58  sec   616 MBytes  85.3 Mbits/sec  0.025 ms  3407511/3900713 (87%)  receiver

iperf Done.
