Connecting to host knb-server-142854, port 5201
[  5] local 10.136.173.109 port 42098 connected to 10.43.46.102 port 5201
[ ID] Interval           Transfer     Bitrate         Total Datagrams
[  5]   0.00-1.00   sec  61.6 MBytes   517 Mbits/sec  54810  (omitted)
[  5]   0.00-1.00   sec  63.1 MBytes   530 Mbits/sec  56190  
[  5]   1.00-2.00   sec  63.4 MBytes   532 Mbits/sec  56440  
[  5]   2.00-3.00   sec  64.8 MBytes   544 Mbits/sec  57720  
[  5]   3.00-4.00   sec  64.7 MBytes   543 Mbits/sec  57590  
[  5]   4.00-5.00   sec  64.9 MBytes   545 Mbits/sec  57800  
[  5]   5.00-6.00   sec  74.9 MBytes   628 Mbits/sec  66660  
[  5]   6.00-7.00   sec  78.8 MBytes   661 Mbits/sec  70150  
[  5]   7.00-8.00   sec  78.9 MBytes   662 Mbits/sec  70260  
[  5]   8.00-9.00   sec  78.2 MBytes   656 Mbits/sec  69590  
[  5]   9.00-10.00  sec  79.0 MBytes   663 Mbits/sec  70360  
[  5]  10.00-11.00  sec  78.2 MBytes   656 Mbits/sec  69630  
[  5]  11.00-12.00  sec  65.0 MBytes   545 Mbits/sec  57840  
[  5]  12.00-13.00  sec  78.6 MBytes   659 Mbits/sec  69920  
[  5]  13.00-14.00  sec  78.3 MBytes   657 Mbits/sec  69740  
[  5]  14.00-15.00  sec  78.5 MBytes   659 Mbits/sec  69880  
[  5]  15.00-16.00  sec  77.4 MBytes   650 Mbits/sec  68940  
[  5]  16.00-17.00  sec  69.6 MBytes   584 Mbits/sec  61980  
[  5]  17.00-18.00  sec  63.5 MBytes   533 Mbits/sec  56530  
[  5]  18.00-19.00  sec  67.7 MBytes   568 Mbits/sec  60250  
[  5]  19.00-20.00  sec  77.8 MBytes   653 Mbits/sec  69240  
[  5]  20.00-21.00  sec  78.4 MBytes   658 Mbits/sec  69790  
[  5]  21.00-22.00  sec  78.6 MBytes   660 Mbits/sec  69990  
[  5]  22.00-23.00  sec  78.7 MBytes   660 Mbits/sec  70050  
[  5]  23.00-24.00  sec  78.3 MBytes   657 Mbits/sec  69730  
[  5]  24.00-25.00  sec  79.5 MBytes   667 Mbits/sec  70770  
[  5]  25.00-26.00  sec  66.8 MBytes   560 Mbits/sec  59470  
[  5]  26.00-27.00  sec  63.2 MBytes   530 Mbits/sec  56260  
[  5]  27.00-28.00  sec  61.1 MBytes   512 Mbits/sec  54360  
[  5]  28.00-29.00  sec  74.1 MBytes   622 Mbits/sec  66000  
[  5]  29.00-30.00  sec  77.3 MBytes   648 Mbits/sec  68800  
[  5]  30.00-31.00  sec  72.1 MBytes   605 Mbits/sec  64150  
[  5]  31.00-32.00  sec  77.8 MBytes   653 Mbits/sec  69250  
[  5]  32.00-33.00  sec  78.4 MBytes   658 Mbits/sec  69800  
[  5]  33.00-34.00  sec  78.7 MBytes   660 Mbits/sec  70060  
[  5]  34.00-35.00  sec  78.6 MBytes   659 Mbits/sec  69980  
[  5]  35.00-36.00  sec  79.2 MBytes   664 Mbits/sec  70480  
[  5]  36.00-37.00  sec  78.3 MBytes   657 Mbits/sec  69730  
[  5]  37.00-38.00  sec  78.2 MBytes   656 Mbits/sec  69640  
[  5]  38.00-39.00  sec  78.6 MBytes   659 Mbits/sec  69920  
[  5]  39.00-40.00  sec  78.8 MBytes   661 Mbits/sec  70110  
[  5]  40.00-41.00  sec  78.3 MBytes   657 Mbits/sec  69690  
[  5]  41.00-42.00  sec  77.9 MBytes   653 Mbits/sec  69340  
[  5]  42.00-43.00  sec  78.5 MBytes   658 Mbits/sec  69870  
[  5]  43.00-44.00  sec  79.0 MBytes   663 Mbits/sec  70310  
[  5]  44.00-45.00  sec  78.9 MBytes   662 Mbits/sec  70270  
[  5]  45.00-46.00  sec  78.1 MBytes   655 Mbits/sec  69550  
[  5]  46.00-47.00  sec  72.6 MBytes   609 Mbits/sec  64620  
[  5]  47.00-48.00  sec  78.3 MBytes   657 Mbits/sec  69730  
[  5]  48.00-49.00  sec  77.9 MBytes   653 Mbits/sec  69310  
[  5]  49.00-50.00  sec  79.3 MBytes   665 Mbits/sec  70560  
[  5]  50.00-51.00  sec  79.7 MBytes   669 Mbits/sec  70980  
[  5]  51.00-52.00  sec  78.6 MBytes   659 Mbits/sec  69970  
[  5]  52.00-53.00  sec  77.8 MBytes   653 Mbits/sec  69290  
[  5]  53.00-54.00  sec  77.7 MBytes   652 Mbits/sec  69150  
[  5]  54.00-55.00  sec  78.3 MBytes   657 Mbits/sec  69710  
[  5]  55.00-56.00  sec  78.5 MBytes   658 Mbits/sec  69870  
[  5]  56.00-57.00  sec  78.2 MBytes   656 Mbits/sec  69650  
[  5]  57.00-58.00  sec  78.0 MBytes   654 Mbits/sec  69410  
[  5]  58.00-59.00  sec  78.9 MBytes   661 Mbits/sec  70190  
[  5]  59.00-60.00  sec  78.8 MBytes   661 Mbits/sec  70110  
- - - - - - - - - - - - - - - - - - - - - - - - -
[ ID] Interval           Transfer     Bitrate         Jitter    Lost/Total Datagrams
[  5]   0.00-60.00  sec  4.42 GBytes   632 Mbits/sec  0.000 ms  0/4026630 (0%)  sender
[  5]   0.00-60.04  sec  4.42 GBytes   632 Mbits/sec  0.013 ms  1834/4026630 (0.046%)  receiver

iperf Done.
