Connecting to host knb-server-261939, port 5201
[  5] local 10.136.173.103 port 52906 connected to 10.43.233.45 port 5201
[ ID] Interval           Transfer     Bitrate         Total Datagrams
[  5]   0.00-1.00   sec  72.0 MBytes   604 Mbits/sec  64130  (omitted)
[  5]   0.00-1.00   sec  78.9 MBytes   662 Mbits/sec  70250  
[  5]   1.00-2.00   sec  79.0 MBytes   663 Mbits/sec  70340  
[  5]   2.00-3.00   sec  78.8 MBytes   661 Mbits/sec  70180  
[  5]   3.00-4.00   sec  78.2 MBytes   656 Mbits/sec  69630  
[  5]   4.00-5.00   sec  78.0 MBytes   654 Mbits/sec  69440  
[  5]   5.00-6.00   sec  78.4 MBytes   658 Mbits/sec  69790  
[  5]   6.00-7.00   sec  78.5 MBytes   659 Mbits/sec  69900  
[  5]   7.00-8.00   sec  76.9 MBytes   645 Mbits/sec  68410  
[  5]   8.00-9.00   sec  72.7 MBytes   610 Mbits/sec  64700  
[  5]   9.00-10.00  sec  78.8 MBytes   661 Mbits/sec  70140  
[  5]  10.00-11.00  sec  79.7 MBytes   669 Mbits/sec  70950  
[  5]  11.00-12.00  sec  78.6 MBytes   659 Mbits/sec  69930  
[  5]  12.00-13.00  sec  78.8 MBytes   661 Mbits/sec  70160  
[  5]  13.00-14.00  sec  78.1 MBytes   655 Mbits/sec  69520  
[  5]  14.00-15.00  sec  79.1 MBytes   664 Mbits/sec  70440  
[  5]  15.00-16.00  sec  78.7 MBytes   660 Mbits/sec  70040  
[  5]  16.00-17.00  sec  79.1 MBytes   664 Mbits/sec  70400  
[  5]  17.00-18.00  sec  78.3 MBytes   656 Mbits/sec  69660  
[  5]  18.00-19.00  sec  78.5 MBytes   658 Mbits/sec  69870  
[  5]  19.00-20.00  sec  78.0 MBytes   654 Mbits/sec  69420  
[  5]  20.00-21.00  sec  79.5 MBytes   667 Mbits/sec  70730  
[  5]  21.00-22.00  sec  78.7 MBytes   661 Mbits/sec  70090  
[  5]  22.00-23.00  sec  79.1 MBytes   663 Mbits/sec  70400  
[  5]  23.00-24.00  sec  78.5 MBytes   658 Mbits/sec  69870  
[  5]  24.00-25.00  sec  79.2 MBytes   664 Mbits/sec  70470  
[  5]  25.00-26.00  sec  78.9 MBytes   662 Mbits/sec  70200  
[  5]  26.00-27.00  sec  79.7 MBytes   668 Mbits/sec  70930  
[  5]  27.00-28.00  sec  78.2 MBytes   656 Mbits/sec  69570  
[  5]  28.00-29.00  sec  78.3 MBytes   657 Mbits/sec  69710  
[  5]  29.00-30.00  sec  78.8 MBytes   661 Mbits/sec  70140  
[  5]  30.00-31.00  sec  77.9 MBytes   654 Mbits/sec  69360  
[  5]  31.00-32.00  sec  78.5 MBytes   659 Mbits/sec  69880  
[  5]  32.00-33.00  sec  78.9 MBytes   662 Mbits/sec  70250  
[  5]  33.00-34.00  sec  78.7 MBytes   660 Mbits/sec  70040  
[  5]  34.00-35.00  sec  78.6 MBytes   659 Mbits/sec  69930  
[  5]  35.00-36.00  sec  78.7 MBytes   660 Mbits/sec  70060  
[  5]  36.00-37.00  sec  79.1 MBytes   664 Mbits/sec  70440  
[  5]  37.00-38.00  sec  78.3 MBytes   657 Mbits/sec  69680  
[  5]  38.00-39.00  sec  78.4 MBytes   658 Mbits/sec  69810  
[  5]  39.00-40.00  sec  78.9 MBytes   661 Mbits/sec  70190  
[  5]  40.00-41.00  sec  78.5 MBytes   659 Mbits/sec  69900  
[  5]  41.00-42.00  sec  78.9 MBytes   662 Mbits/sec  70260  
[  5]  42.00-43.00  sec  78.3 MBytes   657 Mbits/sec  69700  
[  5]  43.00-44.00  sec  78.2 MBytes   656 Mbits/sec  69590  
[  5]  44.00-45.00  sec  72.1 MBytes   605 Mbits/sec  64190  
[  5]  45.00-46.00  sec  63.9 MBytes   536 Mbits/sec  56910  
[  5]  46.00-47.00  sec  61.5 MBytes   516 Mbits/sec  54710  
[  5]  47.00-48.00  sec  61.7 MBytes   517 Mbits/sec  54880  
[  5]  48.00-49.00  sec  63.1 MBytes   529 Mbits/sec  56170  
[  5]  49.00-50.00  sec  63.5 MBytes   533 Mbits/sec  56550  
[  5]  50.00-51.00  sec  77.4 MBytes   649 Mbits/sec  68890  
[  5]  51.00-52.00  sec  79.2 MBytes   664 Mbits/sec  70500  
[  5]  52.00-53.00  sec  78.5 MBytes   659 Mbits/sec  69910  
[  5]  53.00-54.00  sec  78.7 MBytes   660 Mbits/sec  70060  
[  5]  54.00-55.00  sec  79.4 MBytes   666 Mbits/sec  70660  
[  5]  55.00-56.00  sec  80.2 MBytes   673 Mbits/sec  71390  
[  5]  56.00-57.00  sec  79.8 MBytes   669 Mbits/sec  71010  
[  5]  57.00-58.00  sec  78.8 MBytes   661 Mbits/sec  70110  
[  5]  58.00-59.00  sec  78.7 MBytes   660 Mbits/sec  70070  
[  5]  59.00-60.00  sec  78.2 MBytes   656 Mbits/sec  69650  
- - - - - - - - - - - - - - - - - - - - - - - - -
[ ID] Interval           Transfer     Bitrate         Jitter    Lost/Total Datagrams
[  5]   0.00-60.00  sec  4.52 GBytes   647 Mbits/sec  0.000 ms  0/4120030 (0%)  sender
[  5]   0.00-60.04  sec  4.52 GBytes   647 Mbits/sec  0.013 ms  2526/4120029 (0.061%)  receiver

iperf Done.
