Connecting to host knb-server-643099, port 5201
[  5] local 10.136.173.104 port 37520 connected to 10.43.52.150 port 5201
[ ID] Interval           Transfer     Bitrate         Retr  Cwnd
[  5]   0.00-1.00   sec  1.05 MBytes  8.80 Mbits/sec   83   2.30 KBytes       (omitted)
[  5]   0.00-1.00   sec   506 KBytes  4.14 Mbits/sec   45   2.30 KBytes       
[  5]   1.00-2.00   sec   127 KBytes  1.04 Mbits/sec   16   1.15 KBytes       
[  5]   2.00-3.00   sec   576 KBytes  4.72 Mbits/sec   63   2.30 KBytes       
[  5]   3.00-4.00   sec   517 KBytes  4.23 Mbits/sec   54   2.30 KBytes       
[  5]   4.00-5.00   sec   506 KBytes  4.15 Mbits/sec   34   2.30 KBytes       
[  5]   5.00-6.00   sec   190 KBytes  1.56 Mbits/sec   23   2.30 KBytes       
[  5]   6.00-7.00   sec   515 KBytes  4.22 Mbits/sec   62   1.15 KBytes       
[  5]   7.00-8.00   sec   773 KBytes  6.33 Mbits/sec   71   1.15 KBytes       
[  5]   8.00-9.00   sec   633 KBytes  5.18 Mbits/sec   59   1.15 KBytes       
[  5]   9.00-10.00  sec  0.00 Bytes  0.00 Mbits/sec    2   1.15 KBytes       
[  5]  10.00-11.00  sec   316 KBytes  2.59 Mbits/sec   24   4.60 KBytes       
[  5]  11.00-12.00  sec   506 KBytes  4.15 Mbits/sec   54   1.15 KBytes       
[  5]  12.00-13.00  sec   190 KBytes  1.55 Mbits/sec   21   1.15 KBytes       
[  5]  13.00-14.00  sec   253 KBytes  2.07 Mbits/sec   28   2.30 KBytes       
[  5]  14.00-15.00  sec   190 KBytes  1.55 Mbits/sec   15   2.30 KBytes       
[  5]  15.00-16.00  sec   253 KBytes  2.07 Mbits/sec   30   1.15 KBytes       
[  5]  16.00-17.00  sec   127 KBytes  1.04 Mbits/sec   24   2.30 KBytes       
[  5]  17.00-18.00  sec   824 KBytes  6.75 Mbits/sec   76   2.30 KBytes       
[  5]  18.00-19.00  sec   127 KBytes  1.04 Mbits/sec   18   1.15 KBytes       
[  5]  19.00-20.00  sec   253 KBytes  2.07 Mbits/sec   25   1.15 KBytes       
[  5]  20.00-21.00  sec   253 KBytes  2.07 Mbits/sec   30   1.15 KBytes       
[  5]  21.00-22.00  sec  1.01 MBytes  8.45 Mbits/sec  112   1.15 KBytes       
[  5]  22.00-23.00  sec   190 KBytes  1.56 Mbits/sec   23   1.15 KBytes       
[  5]  23.00-24.00  sec   699 KBytes  5.73 Mbits/sec   71   2.30 KBytes       
[  5]  24.00-25.00  sec   696 KBytes  5.70 Mbits/sec   67   1.15 KBytes       
[  5]  25.00-26.00  sec  1.83 MBytes  15.3 Mbits/sec  146   1.15 KBytes       
[  5]  26.00-27.00  sec   316 KBytes  2.59 Mbits/sec   33   2.30 KBytes       
[  5]  27.00-28.00  sec   127 KBytes  1.04 Mbits/sec   19   2.30 KBytes       
[  5]  28.00-29.00  sec   638 KBytes  5.23 Mbits/sec   58   1.15 KBytes       
[  5]  29.00-30.00  sec  1.20 MBytes  10.1 Mbits/sec  105   1.15 KBytes       
[  5]  30.00-31.00  sec   573 KBytes  4.69 Mbits/sec   60   2.30 KBytes       
[  5]  31.00-32.00  sec   253 KBytes  2.07 Mbits/sec   27   1.15 KBytes       
[  5]  32.00-33.00  sec   253 KBytes  2.07 Mbits/sec   34   1.15 KBytes       
[  5]  33.00-34.00  sec   514 KBytes  4.21 Mbits/sec   46   1.15 KBytes       
[  5]  34.00-35.00  sec  1.02 MBytes  8.53 Mbits/sec  106   2.30 KBytes       
[  5]  35.00-36.00  sec   127 KBytes  1.04 Mbits/sec   14   1.15 KBytes       
[  5]  36.00-37.00  sec   569 KBytes  4.66 Mbits/sec   52   2.30 KBytes       
[  5]  37.00-38.00  sec   969 KBytes  7.94 Mbits/sec   94   2.30 KBytes       
[  5]  38.00-39.00  sec   848 KBytes  6.95 Mbits/sec   77   1.15 KBytes       
[  5]  39.00-40.00  sec   316 KBytes  2.59 Mbits/sec   40   1.15 KBytes       
[  5]  40.00-41.00  sec  0.00 Bytes  0.00 Mbits/sec    1   1.15 KBytes       
[  5]  41.00-42.00  sec  1022 KBytes  8.38 Mbits/sec  103   1.15 KBytes       
[  5]  42.00-43.00  sec  1.37 MBytes  11.5 Mbits/sec  105   2.30 KBytes       
[  5]  43.00-44.00  sec   253 KBytes  2.07 Mbits/sec   27   1.15 KBytes       
[  5]  44.00-45.00  sec   190 KBytes  1.56 Mbits/sec   24   2.30 KBytes       
[  5]  45.00-46.00  sec   253 KBytes  2.07 Mbits/sec   32   2.30 KBytes       
[  5]  46.00-47.00  sec   514 KBytes  4.21 Mbits/sec   43   2.30 KBytes       
[  5]  47.00-48.00  sec   253 KBytes  2.07 Mbits/sec   31   1.15 KBytes       
[  5]  48.00-49.00  sec   514 KBytes  4.21 Mbits/sec   43   1.15 KBytes       
[  5]  49.00-50.00  sec   127 KBytes  1.04 Mbits/sec   16   1.15 KBytes       
[  5]  50.00-51.00  sec   253 KBytes  2.07 Mbits/sec   27   2.30 KBytes       
[  5]  51.00-52.00  sec   253 KBytes  2.07 Mbits/sec   22   1.15 KBytes       
[  5]  52.00-53.00  sec   127 KBytes  1.04 Mbits/sec   16   1.15 KBytes       
[  5]  53.00-54.00  sec   659 KBytes  5.40 Mbits/sec   60   1.15 KBytes       
[  5]  54.00-55.00  sec   253 KBytes  2.07 Mbits/sec   24   2.30 KBytes       
[  5]  55.00-56.00  sec   380 KBytes  3.11 Mbits/sec   45   2.30 KBytes       
[  5]  56.00-57.00  sec   633 KBytes  5.18 Mbits/sec   56   2.30 KBytes       
[  5]  57.00-58.00  sec   823 KBytes  6.74 Mbits/sec   74   2.30 KBytes       
[  5]  58.00-59.00  sec   696 KBytes  5.70 Mbits/sec   66   2.30 KBytes       
[  5]  59.00-60.00  sec   316 KBytes  2.59 Mbits/sec   43   1.15 KBytes       
- - - - - - - - - - - - - - - - - - - - - - - - -
[ ID] Interval           Transfer     Bitrate         Retr
[  5]   0.00-60.00  sec  28.1 MBytes  3.93 Mbits/sec  2816             sender
[  5]   0.00-60.21  sec  28.1 MBytes  3.92 Mbits/sec                  receiver

iperf Done.
