Connecting to host knb-server-643099, port 5201
[  5] local 10.136.173.105 port 33492 connected to 10.43.52.150 port 5201
[ ID] Interval           Transfer     Bitrate         Total Datagrams
[  5]   0.00-1.00   sec  77.2 MBytes   648 Mbits/sec  68750  (omitted)
[  5]   0.00-1.00   sec  79.3 MBytes   665 Mbits/sec  70600  
[  5]   1.00-2.00   sec  79.9 MBytes   671 Mbits/sec  71150  
[  5]   2.00-3.00   sec  68.6 MBytes   575 Mbits/sec  61050  
[  5]   3.00-4.00   sec  65.9 MBytes   552 Mbits/sec  58630  
[  5]   4.00-5.00   sec  66.5 MBytes   558 Mbits/sec  59160  
[  5]   5.00-6.00   sec  64.5 MBytes   541 Mbits/sec  57440  
[  5]   6.00-7.00   sec  63.8 MBytes   535 Mbits/sec  56800  
[  5]   7.00-8.00   sec  65.8 MBytes   552 Mbits/sec  58610  
[  5]   8.00-9.00   sec  63.1 MBytes   530 Mbits/sec  56190  
[  5]   9.00-10.00  sec  63.0 MBytes   529 Mbits/sec  56100  
[  5]  10.00-11.00  sec  65.0 MBytes   545 Mbits/sec  57860  
[  5]  11.00-12.00  sec  65.4 MBytes   549 Mbits/sec  58220  
[  5]  12.00-13.00  sec  73.4 MBytes   616 Mbits/sec  65350  
[  5]  13.00-14.00  sec  79.0 MBytes   663 Mbits/sec  70340  
[  5]  14.00-15.00  sec  78.9 MBytes   662 Mbits/sec  70240  
[  5]  15.00-16.00  sec  78.6 MBytes   659 Mbits/sec  69970  
[  5]  16.00-17.00  sec  79.6 MBytes   667 Mbits/sec  70820  
[  5]  17.00-18.00  sec  79.4 MBytes   666 Mbits/sec  70680  
[  5]  18.00-19.00  sec  78.4 MBytes   658 Mbits/sec  69810  
[  5]  19.00-20.00  sec  78.1 MBytes   655 Mbits/sec  69520  
[  5]  20.00-21.00  sec  78.4 MBytes   658 Mbits/sec  69780  
[  5]  21.00-22.00  sec  80.3 MBytes   674 Mbits/sec  71470  
[  5]  22.00-23.00  sec  78.7 MBytes   660 Mbits/sec  70070  
[  5]  23.00-24.00  sec  79.1 MBytes   664 Mbits/sec  70400  
[  5]  24.00-25.00  sec  78.3 MBytes   657 Mbits/sec  69680  
[  5]  25.00-26.00  sec  78.7 MBytes   660 Mbits/sec  70080  
[  5]  26.00-27.00  sec  79.3 MBytes   665 Mbits/sec  70580  
[  5]  27.00-28.00  sec  79.3 MBytes   665 Mbits/sec  70590  
[  5]  28.00-29.00  sec  78.3 MBytes   657 Mbits/sec  69660  
[  5]  29.00-30.00  sec  78.8 MBytes   661 Mbits/sec  70140  
[  5]  30.00-31.00  sec  78.8 MBytes   661 Mbits/sec  70120  
[  5]  31.00-32.00  sec  79.6 MBytes   668 Mbits/sec  70880  
[  5]  32.00-33.00  sec  79.0 MBytes   663 Mbits/sec  70310  
[  5]  33.00-34.00  sec  79.4 MBytes   666 Mbits/sec  70670  
[  5]  34.00-35.00  sec  78.9 MBytes   662 Mbits/sec  70210  
[  5]  35.00-36.00  sec  79.1 MBytes   663 Mbits/sec  70380  
[  5]  36.00-37.00  sec  79.2 MBytes   664 Mbits/sec  70500  
[  5]  37.00-38.00  sec  79.2 MBytes   665 Mbits/sec  70540  
[  5]  38.00-39.00  sec  78.6 MBytes   660 Mbits/sec  69980  
[  5]  39.00-40.00  sec  78.3 MBytes   657 Mbits/sec  69670  
[  5]  40.00-41.00  sec  78.8 MBytes   661 Mbits/sec  70140  
[  5]  41.00-42.00  sec  78.7 MBytes   661 Mbits/sec  70090  
[  5]  42.00-43.00  sec  78.3 MBytes   657 Mbits/sec  69670  
[  5]  43.00-44.00  sec  79.5 MBytes   667 Mbits/sec  70730  
[  5]  44.00-45.00  sec  79.7 MBytes   668 Mbits/sec  70940  
[  5]  45.00-46.00  sec  79.8 MBytes   669 Mbits/sec  71010  
[  5]  46.00-47.00  sec  79.6 MBytes   668 Mbits/sec  70890  
[  5]  47.00-48.00  sec  65.8 MBytes   552 Mbits/sec  58610  
[  5]  48.00-49.00  sec  63.8 MBytes   535 Mbits/sec  56820  
[  5]  49.00-50.00  sec  64.3 MBytes   539 Mbits/sec  57210  
[  5]  50.00-51.00  sec  65.6 MBytes   550 Mbits/sec  58390  
[  5]  51.00-52.00  sec  65.1 MBytes   546 Mbits/sec  57950  
[  5]  52.00-53.00  sec  65.7 MBytes   551 Mbits/sec  58440  
[  5]  53.00-54.00  sec  65.0 MBytes   545 Mbits/sec  57870  
[  5]  54.00-55.00  sec  65.8 MBytes   552 Mbits/sec  58550  
[  5]  55.00-56.00  sec  64.2 MBytes   539 Mbits/sec  57140  
[  5]  56.00-57.00  sec  64.2 MBytes   538 Mbits/sec  57140  
[  5]  57.00-58.00  sec  66.1 MBytes   554 Mbits/sec  58810  
[  5]  58.00-59.00  sec  65.0 MBytes   545 Mbits/sec  57840  
[  5]  59.00-60.00  sec  67.8 MBytes   569 Mbits/sec  60330  
- - - - - - - - - - - - - - - - - - - - - - - - -
[ ID] Interval           Transfer     Bitrate         Jitter    Lost/Total Datagrams
[  5]   0.00-60.00  sec  4.31 GBytes   618 Mbits/sec  0.000 ms  0/3932820 (0%)  sender
[  5]   0.00-60.04  sec  3.89 GBytes   556 Mbits/sec  0.015 ms  401038/3932819 (10%)  receiver

iperf Done.
