Connecting to host 10.136.80.145, port 5201
[  5] local 10.136.173.96 port 48598 connected to 10.136.80.145 port 5201
[ ID] Interval           Transfer     Bitrate         Retr  Cwnd
[  5]   0.00-1.00   sec  1.05 MBytes  8.82 Mbits/sec  103   1.15 KBytes       (omitted)
[  5]   0.00-1.00   sec   321 KBytes  2.63 Mbits/sec   33   1.15 KBytes       
[  5]   1.00-2.00   sec   670 KBytes  5.48 Mbits/sec   50   2.30 KBytes       
[  5]   2.00-3.00   sec   330 KBytes  2.70 Mbits/sec   46   2.30 KBytes       
[  5]   3.00-4.00   sec  1.10 MBytes  9.26 Mbits/sec   92   2.30 KBytes       
[  5]   4.00-5.00   sec   706 KBytes  5.79 Mbits/sec   78   1.15 KBytes       
[  5]   5.00-6.00   sec   663 KBytes  5.43 Mbits/sec   57   2.30 KBytes       
[  5]   6.00-7.00   sec   239 KBytes  1.96 Mbits/sec   37   1.15 KBytes       
[  5]   7.00-8.00   sec   160 KBytes  1.31 Mbits/sec   13   1.15 KBytes       
[  5]   8.00-9.00   sec   488 KBytes  4.00 Mbits/sec   51   2.30 KBytes       
[  5]   9.00-10.00  sec   243 KBytes  1.99 Mbits/sec   23   1.15 KBytes       
[  5]  10.00-11.00  sec   480 KBytes  3.93 Mbits/sec   43   1.15 KBytes       
[  5]  11.00-12.00  sec   159 KBytes  1.30 Mbits/sec   19   2.30 KBytes       
[  5]  12.00-13.00  sec  0.00 Bytes  0.00 Mbits/sec    2   1.15 KBytes       
[  5]  13.00-14.00  sec  1.31 MBytes  11.0 Mbits/sec   83   2.30 KBytes       
[  5]  14.00-15.00  sec  1.10 MBytes  9.25 Mbits/sec  111   1.15 KBytes       
[  5]  15.00-16.00  sec  1.12 MBytes  9.40 Mbits/sec  118   2.30 KBytes       
[  5]  16.00-17.00  sec   805 KBytes  6.60 Mbits/sec   65   2.30 KBytes       
[  5]  17.00-18.00  sec   229 KBytes  1.88 Mbits/sec   20   2.30 KBytes       
[  5]  18.00-19.00  sec  75.9 KBytes  0.62 Mbits/sec   12   1.15 KBytes       
[  5]  19.00-20.00  sec   150 KBytes  1.23 Mbits/sec   20   2.30 KBytes       
[  5]  20.00-21.00  sec  0.00 Bytes  0.00 Mbits/sec    2   1.15 KBytes       
[  5]  21.00-22.00  sec   229 KBytes  1.88 Mbits/sec   15   1.15 KBytes       
[  5]  22.00-23.00  sec   564 KBytes  4.62 Mbits/sec   56   1.15 KBytes       
[  5]  23.00-24.00  sec   545 KBytes  4.47 Mbits/sec   53   2.30 KBytes       
[  5]  24.00-25.00  sec  0.00 Bytes  0.00 Mbits/sec    7   1.15 KBytes       
[  5]  25.00-26.00  sec  1.13 MBytes  9.52 Mbits/sec  102   2.30 KBytes       
[  5]  26.00-27.00  sec   489 KBytes  4.00 Mbits/sec   46   2.30 KBytes       
[  5]  27.00-28.00  sec   724 KBytes  5.93 Mbits/sec   65   2.30 KBytes       
[  5]  28.00-29.00  sec  1.12 MBytes  9.42 Mbits/sec   97   1.15 KBytes       
[  5]  29.00-30.00  sec  77.1 KBytes  0.63 Mbits/sec    8   1.15 KBytes       
[  5]  30.00-31.00  sec  1.13 MBytes  9.48 Mbits/sec  112   2.30 KBytes       
[  5]  31.00-32.00  sec   155 KBytes  1.27 Mbits/sec   21   1.15 KBytes       
[  5]  32.00-33.00  sec   660 KBytes  5.41 Mbits/sec   60   2.30 KBytes       
[  5]  33.00-34.00  sec   481 KBytes  3.94 Mbits/sec   51   1.15 KBytes       
[  5]  34.00-35.00  sec  77.1 KBytes  0.63 Mbits/sec   10   1.15 KBytes       
[  5]  35.00-36.00  sec  1.23 MBytes  10.3 Mbits/sec   97   2.30 KBytes       
[  5]  36.00-37.00  sec   448 KBytes  3.67 Mbits/sec   38   1.15 KBytes       
[  5]  37.00-38.00  sec   382 KBytes  3.13 Mbits/sec   32   1.15 KBytes       
[  5]  38.00-39.00  sec   304 KBytes  2.49 Mbits/sec   30   2.30 KBytes       
[  5]  39.00-40.00  sec   448 KBytes  3.66 Mbits/sec   43   1.15 KBytes       
[  5]  40.00-41.00  sec   223 KBytes  1.83 Mbits/sec   24   1.15 KBytes       
[  5]  41.00-42.00  sec   222 KBytes  1.82 Mbits/sec   29   1.15 KBytes       
[  5]  42.00-43.00  sec   300 KBytes  2.46 Mbits/sec   39   1.15 KBytes       
[  5]  43.00-44.00  sec  74.8 KBytes  0.61 Mbits/sec    6   1.15 KBytes       
[  5]  44.00-45.00  sec   150 KBytes  1.23 Mbits/sec   18   3.45 KBytes       
[  5]  45.00-46.00  sec   490 KBytes  4.01 Mbits/sec   60   1.15 KBytes       
[  5]  46.00-47.00  sec   147 KBytes  1.21 Mbits/sec   10   2.30 KBytes       
[  5]  47.00-48.00  sec   372 KBytes  3.04 Mbits/sec   38   1.15 KBytes       
[  5]  48.00-49.00  sec  0.00 Bytes  0.00 Mbits/sec    8   1.15 KBytes       
[  5]  49.00-50.00  sec  74.8 KBytes  0.61 Mbits/sec    6   1.15 KBytes       
[  5]  50.00-51.00  sec   223 KBytes  1.83 Mbits/sec   28   2.30 KBytes       
[  5]  51.00-52.00  sec   545 KBytes  4.47 Mbits/sec   48   2.30 KBytes       
[  5]  52.00-53.00  sec  73.6 KBytes  0.60 Mbits/sec   15   1.15 KBytes       
[  5]  53.00-54.00  sec  73.6 KBytes  0.60 Mbits/sec   15   1.15 KBytes       
[  5]  54.00-55.00  sec   374 KBytes  3.07 Mbits/sec   29   2.30 KBytes       
[  5]  55.00-56.00  sec   297 KBytes  2.43 Mbits/sec   38   1.15 KBytes       
[  5]  56.00-57.00  sec   564 KBytes  4.62 Mbits/sec   62   1.15 KBytes       
[  5]  57.00-58.00  sec  1.41 MBytes  11.8 Mbits/sec  135   1.15 KBytes       
[  5]  58.00-59.00  sec  1.95 MBytes  16.4 Mbits/sec  171   2.30 KBytes       
[  5]  59.00-60.00  sec   763 KBytes  6.25 Mbits/sec   52   2.30 KBytes       
- - - - - - - - - - - - - - - - - - - - - - - - -
[ ID] Interval           Transfer     Bitrate         Retr
[  5]   0.00-60.00  sec  28.5 MBytes  3.98 Mbits/sec  2749             sender
[  5]   0.00-60.25  sec  28.5 MBytes  3.96 Mbits/sec                  receiver

iperf Done.
