Connecting to host 10.136.80.145, port 5201
[  5] local 10.136.173.103 port 32857 connected to 10.136.80.145 port 5201
[ ID] Interval           Transfer     Bitrate         Total Datagrams
[  5]   0.00-1.00   sec  73.0 MBytes   613 Mbits/sec  65010  (omitted)
[  5]   0.00-1.00   sec  63.5 MBytes   532 Mbits/sec  56490  
[  5]   1.00-2.00   sec  65.3 MBytes   547 Mbits/sec  58090  
[  5]   2.00-3.00   sec  63.2 MBytes   530 Mbits/sec  56270  
[  5]   3.00-4.00   sec  63.0 MBytes   529 Mbits/sec  56120  
[  5]   4.00-5.00   sec  63.7 MBytes   534 Mbits/sec  56710  
[  5]   5.00-6.00   sec  64.2 MBytes   538 Mbits/sec  57120  
[  5]   6.00-7.00   sec  77.0 MBytes   646 Mbits/sec  68530  
[  5]   7.00-8.00   sec  78.3 MBytes   657 Mbits/sec  69730  
[  5]   8.00-9.00   sec  78.3 MBytes   657 Mbits/sec  69700  
[  5]   9.00-10.00  sec  78.0 MBytes   654 Mbits/sec  69440  
[  5]  10.00-11.00  sec  78.3 MBytes   657 Mbits/sec  69730  
[  5]  11.00-12.00  sec  79.1 MBytes   664 Mbits/sec  70440  
[  5]  12.00-13.00  sec  77.1 MBytes   646 Mbits/sec  68590  
[  5]  13.00-14.00  sec  77.0 MBytes   646 Mbits/sec  68560  
[  5]  14.00-15.00  sec  77.5 MBytes   650 Mbits/sec  68960  
[  5]  15.00-16.00  sec  78.0 MBytes   655 Mbits/sec  69450  
[  5]  16.00-17.00  sec  77.7 MBytes   652 Mbits/sec  69200  
[  5]  17.00-18.00  sec  78.3 MBytes   657 Mbits/sec  69710  
[  5]  18.00-19.00  sec  78.3 MBytes   657 Mbits/sec  69700  
[  5]  19.00-20.00  sec  77.4 MBytes   650 Mbits/sec  68930  
[  5]  20.00-21.00  sec  78.3 MBytes   657 Mbits/sec  69730  
[  5]  21.00-22.00  sec  78.2 MBytes   656 Mbits/sec  69580  
[  5]  22.00-23.00  sec  78.2 MBytes   656 Mbits/sec  69580  
[  5]  23.00-24.00  sec  78.4 MBytes   658 Mbits/sec  69830  
[  5]  24.00-25.00  sec  78.7 MBytes   660 Mbits/sec  70030  
[  5]  25.00-26.00  sec  78.5 MBytes   658 Mbits/sec  69870  
[  5]  26.00-27.00  sec  78.1 MBytes   655 Mbits/sec  69500  
[  5]  27.00-28.00  sec  79.1 MBytes   664 Mbits/sec  70430  
[  5]  28.00-29.00  sec  78.9 MBytes   662 Mbits/sec  70260  
[  5]  29.00-30.00  sec  78.7 MBytes   660 Mbits/sec  70050  
[  5]  30.00-31.00  sec  78.2 MBytes   656 Mbits/sec  69650  
[  5]  31.00-32.00  sec  78.5 MBytes   658 Mbits/sec  69870  
[  5]  32.00-33.00  sec  77.1 MBytes   647 Mbits/sec  68620  
[  5]  33.00-34.00  sec  78.2 MBytes   656 Mbits/sec  69650  
[  5]  34.00-35.00  sec  79.0 MBytes   662 Mbits/sec  70290  
[  5]  35.00-36.00  sec  79.4 MBytes   666 Mbits/sec  70670  
[  5]  36.00-37.00  sec  79.2 MBytes   665 Mbits/sec  70520  
[  5]  37.00-38.00  sec  79.2 MBytes   664 Mbits/sec  70480  
[  5]  38.00-39.00  sec  78.7 MBytes   660 Mbits/sec  70020  
[  5]  39.00-40.00  sec  78.9 MBytes   662 Mbits/sec  70270  
[  5]  40.00-41.00  sec  78.9 MBytes   662 Mbits/sec  70220  
[  5]  41.00-42.00  sec  79.2 MBytes   664 Mbits/sec  70470  
[  5]  42.00-43.00  sec  77.4 MBytes   650 Mbits/sec  68930  
[  5]  43.00-44.00  sec  73.7 MBytes   618 Mbits/sec  65620  
[  5]  44.00-45.00  sec  61.4 MBytes   515 Mbits/sec  54650  
[  5]  45.00-46.00  sec  63.8 MBytes   535 Mbits/sec  56810  
[  5]  46.00-47.00  sec  74.4 MBytes   624 Mbits/sec  66240  
[  5]  47.00-48.00  sec  78.3 MBytes   657 Mbits/sec  69710  
[  5]  48.00-49.00  sec  78.5 MBytes   659 Mbits/sec  69900  
[  5]  49.00-50.00  sec  78.9 MBytes   662 Mbits/sec  70220  
[  5]  50.00-51.00  sec  79.0 MBytes   663 Mbits/sec  70360  
[  5]  51.00-52.00  sec  79.2 MBytes   664 Mbits/sec  70470  
[  5]  52.00-53.00  sec  78.3 MBytes   657 Mbits/sec  69710  
[  5]  53.00-54.00  sec  79.0 MBytes   663 Mbits/sec  70340  
[  5]  54.00-55.00  sec  77.9 MBytes   653 Mbits/sec  69310  
[  5]  55.00-56.00  sec  78.1 MBytes   655 Mbits/sec  69540  
[  5]  56.00-57.00  sec  79.2 MBytes   664 Mbits/sec  70480  
[  5]  57.00-58.00  sec  79.6 MBytes   668 Mbits/sec  70860  
[  5]  58.00-59.00  sec  79.7 MBytes   669 Mbits/sec  70930  
[  5]  59.00-60.00  sec  79.7 MBytes   669 Mbits/sec  70980  
- - - - - - - - - - - - - - - - - - - - - - - - -
[ ID] Interval           Transfer     Bitrate         Jitter    Lost/Total Datagrams
[  5]   0.00-60.00  sec  4.47 GBytes   640 Mbits/sec  0.000 ms  0/4076120 (0%)  sender
[  5]   0.00-60.04  sec  4.02 GBytes   576 Mbits/sec  0.012 ms  416499/4076118 (10%)  receiver

iperf Done.
