Connecting to host knb-server-248049, port 5201
[  5] local 10.136.173.79 port 60621 connected to 10.43.243.73 port 5201
[ ID] Interval           Transfer     Bitrate         Total Datagrams
[  5]   0.00-1.00   sec  52.7 MBytes   442 Mbits/sec  46880  (omitted)
[  5]   0.00-1.00   sec  52.3 MBytes   438 Mbits/sec  46520  
[  5]   1.00-2.00   sec  51.8 MBytes   435 Mbits/sec  46130  
[  5]   2.00-3.00   sec  53.0 MBytes   445 Mbits/sec  47170  
[  5]   3.00-4.00   sec  50.5 MBytes   424 Mbits/sec  44970  
[  5]   4.00-5.00   sec  51.8 MBytes   435 Mbits/sec  46110  
[  5]   5.00-6.00   sec  54.1 MBytes   454 Mbits/sec  48150  
[  5]   6.00-7.00   sec  50.6 MBytes   425 Mbits/sec  45070  
[  5]   7.00-8.00   sec  52.2 MBytes   438 Mbits/sec  46460  
[  5]   8.00-9.00   sec  52.0 MBytes   436 Mbits/sec  46260  
[  5]   9.00-10.00  sec  51.6 MBytes   433 Mbits/sec  45930  
[  5]  10.00-11.00  sec  50.6 MBytes   425 Mbits/sec  45060  
[  5]  11.00-12.00  sec  51.7 MBytes   434 Mbits/sec  46060  
[  5]  12.00-13.00  sec  52.1 MBytes   437 Mbits/sec  46400  
[  5]  13.00-14.00  sec  50.6 MBytes   424 Mbits/sec  45020  
[  5]  14.00-15.00  sec  51.0 MBytes   428 Mbits/sec  45380  
[  5]  15.00-16.00  sec  51.8 MBytes   434 Mbits/sec  46070  
[  5]  16.00-17.00  sec  53.2 MBytes   446 Mbits/sec  47330  
[  5]  17.00-18.00  sec  51.1 MBytes   429 Mbits/sec  45470  
[  5]  18.00-19.00  sec  54.0 MBytes   453 Mbits/sec  48110  
[  5]  19.00-20.00  sec  51.3 MBytes   431 Mbits/sec  45690  
[  5]  20.00-21.00  sec  53.2 MBytes   446 Mbits/sec  47370  
[  5]  21.00-22.00  sec  52.6 MBytes   441 Mbits/sec  46840  
[  5]  22.00-23.00  sec  49.6 MBytes   416 Mbits/sec  44120  
[  5]  23.00-24.00  sec  50.3 MBytes   421 Mbits/sec  44730  
[  5]  24.00-25.00  sec  51.0 MBytes   428 Mbits/sec  45370  
[  5]  25.00-26.00  sec  52.0 MBytes   436 Mbits/sec  46310  
[  5]  26.00-27.00  sec  52.8 MBytes   443 Mbits/sec  46960  
[  5]  27.00-28.00  sec  49.2 MBytes   412 Mbits/sec  43760  
[  5]  28.00-29.00  sec  49.5 MBytes   415 Mbits/sec  44040  
[  5]  29.00-30.00  sec  51.3 MBytes   430 Mbits/sec  45680  
[  5]  30.00-31.00  sec  52.5 MBytes   440 Mbits/sec  46740  
[  5]  31.00-32.00  sec  51.4 MBytes   431 Mbits/sec  45710  
[  5]  32.00-33.00  sec  53.6 MBytes   450 Mbits/sec  47700  
[  5]  33.00-34.00  sec  52.1 MBytes   437 Mbits/sec  46370  
[  5]  34.00-35.00  sec  51.1 MBytes   429 Mbits/sec  45530  
[  5]  35.00-36.00  sec  50.4 MBytes   423 Mbits/sec  44880  
[  5]  36.00-37.00  sec  49.8 MBytes   418 Mbits/sec  44370  
[  5]  37.00-38.00  sec  50.8 MBytes   426 Mbits/sec  45220  
[  5]  38.00-39.00  sec  51.9 MBytes   435 Mbits/sec  46160  
[  5]  39.00-40.00  sec  51.7 MBytes   434 Mbits/sec  46020  
[  5]  40.00-41.00  sec  51.2 MBytes   430 Mbits/sec  45590  
[  5]  41.00-42.00  sec  50.1 MBytes   420 Mbits/sec  44620  
[  5]  42.00-43.00  sec  53.2 MBytes   446 Mbits/sec  47330  
[  5]  43.00-44.00  sec  50.4 MBytes   423 Mbits/sec  44900  
[  5]  44.00-45.00  sec  52.1 MBytes   437 Mbits/sec  46410  
[  5]  45.00-46.00  sec  53.4 MBytes   448 Mbits/sec  47550  
[  5]  46.00-47.00  sec  52.2 MBytes   438 Mbits/sec  46470  
[  5]  47.00-48.00  sec  52.8 MBytes   443 Mbits/sec  47040  
[  5]  48.00-49.00  sec  54.2 MBytes   455 Mbits/sec  48240  
[  5]  49.00-50.00  sec  53.2 MBytes   446 Mbits/sec  47320  
[  5]  50.00-51.00  sec  50.5 MBytes   424 Mbits/sec  44970  
[  5]  51.00-52.00  sec  52.2 MBytes   438 Mbits/sec  46470  
[  5]  52.00-53.00  sec  53.9 MBytes   452 Mbits/sec  47980  
[  5]  53.00-54.00  sec  50.2 MBytes   421 Mbits/sec  44650  
[  5]  54.00-55.00  sec  52.0 MBytes   436 Mbits/sec  46300  
[  5]  55.00-56.00  sec  50.8 MBytes   427 Mbits/sec  45260  
[  5]  56.00-57.00  sec  53.1 MBytes   445 Mbits/sec  47240  
[  5]  57.00-58.00  sec  51.1 MBytes   429 Mbits/sec  45480  
[  5]  58.00-59.00  sec  50.9 MBytes   427 Mbits/sec  45330  
[  5]  59.00-60.00  sec  51.1 MBytes   429 Mbits/sec  45460  
- - - - - - - - - - - - - - - - - - - - - - - - -
[ ID] Interval           Transfer     Bitrate         Jitter    Lost/Total Datagrams
[  5]   0.00-60.00  sec  3.03 GBytes   434 Mbits/sec  0.000 ms  0/2761850 (0%)  sender
[  5]   0.00-60.24  sec  1.87 GBytes   266 Mbits/sec  0.012 ms  1081691/2761850 (39%)  receiver

iperf Done.
