Connecting to host 10.136.80.135, port 5201
[  5] local 10.136.173.77 port 42375 connected to 10.136.80.135 port 5201
[ ID] Interval           Transfer     Bitrate         Total Datagrams
[  5]   0.00-1.00   sec  48.5 MBytes   407 Mbits/sec  43170  (omitted)
[  5]   0.00-1.00   sec  56.7 MBytes   476 Mbits/sec  50470  
[  5]   1.00-2.00   sec  53.0 MBytes   445 Mbits/sec  47220  
[  5]   2.00-3.00   sec  53.2 MBytes   446 Mbits/sec  47360  
[  5]   3.00-4.00   sec  53.4 MBytes   448 Mbits/sec  47570  
[  5]   4.00-5.00   sec  54.8 MBytes   460 Mbits/sec  48770  
[  5]   5.00-6.00   sec  52.6 MBytes   441 Mbits/sec  46820  
[  5]   6.00-7.00   sec  55.7 MBytes   467 Mbits/sec  49560  
[  5]   7.00-8.00   sec  51.5 MBytes   432 Mbits/sec  45870  
[  5]   8.00-9.00   sec  53.3 MBytes   447 Mbits/sec  47480  
[  5]   9.00-10.00  sec  54.6 MBytes   458 Mbits/sec  48610  
[  5]  10.00-11.00  sec  53.6 MBytes   450 Mbits/sec  47750  
[  5]  11.00-12.00  sec  54.5 MBytes   457 Mbits/sec  48530  
[  5]  12.00-13.00  sec  51.2 MBytes   430 Mbits/sec  45580  
[  5]  13.00-14.00  sec  55.0 MBytes   461 Mbits/sec  48920  
[  5]  14.00-15.00  sec  56.9 MBytes   477 Mbits/sec  50630  
[  5]  15.00-16.00  sec  54.4 MBytes   456 Mbits/sec  48410  
[  5]  16.00-17.00  sec  52.7 MBytes   442 Mbits/sec  46940  
[  5]  17.00-18.00  sec  53.7 MBytes   450 Mbits/sec  47770  
[  5]  18.00-19.00  sec  50.9 MBytes   427 Mbits/sec  45280  
[  5]  19.00-20.00  sec  52.0 MBytes   436 Mbits/sec  46260  
[  5]  20.00-21.00  sec  51.4 MBytes   431 Mbits/sec  45760  
[  5]  21.00-22.00  sec  51.1 MBytes   429 Mbits/sec  45510  
[  5]  22.00-23.00  sec  55.3 MBytes   464 Mbits/sec  49260  
[  5]  23.00-24.00  sec  52.8 MBytes   443 Mbits/sec  47020  
[  5]  24.00-25.00  sec  53.3 MBytes   447 Mbits/sec  47450  
[  5]  25.00-26.00  sec  53.5 MBytes   449 Mbits/sec  47620  
[  5]  26.00-27.00  sec  53.9 MBytes   452 Mbits/sec  47990  
[  5]  27.00-28.00  sec  53.1 MBytes   446 Mbits/sec  47290  
[  5]  28.00-29.00  sec  52.9 MBytes   444 Mbits/sec  47070  
[  5]  29.00-30.00  sec  52.6 MBytes   441 Mbits/sec  46810  
[  5]  30.00-31.00  sec  53.0 MBytes   444 Mbits/sec  47160  
[  5]  31.00-32.00  sec  52.6 MBytes   442 Mbits/sec  46850  
[  5]  32.00-33.00  sec  52.6 MBytes   441 Mbits/sec  46820  
[  5]  33.00-34.00  sec  53.8 MBytes   451 Mbits/sec  47900  
[  5]  34.00-35.00  sec  52.9 MBytes   444 Mbits/sec  47130  
[  5]  35.00-36.00  sec  57.2 MBytes   480 Mbits/sec  50890  
[  5]  36.00-37.00  sec  52.5 MBytes   440 Mbits/sec  46740  
[  5]  37.00-38.00  sec  53.3 MBytes   447 Mbits/sec  47420  
[  5]  38.00-39.00  sec  48.9 MBytes   410 Mbits/sec  43510  
[  5]  39.00-40.00  sec  52.8 MBytes   443 Mbits/sec  47040  
[  5]  40.00-41.00  sec  55.2 MBytes   463 Mbits/sec  49120  
[  5]  41.00-42.00  sec  52.9 MBytes   443 Mbits/sec  47050  
[  5]  42.00-43.00  sec  55.9 MBytes   469 Mbits/sec  49740  
[  5]  43.00-44.00  sec  54.1 MBytes   454 Mbits/sec  48150  
[  5]  44.00-45.00  sec  54.4 MBytes   456 Mbits/sec  48420  
[  5]  45.00-46.00  sec  51.6 MBytes   433 Mbits/sec  45960  
[  5]  46.00-47.00  sec  51.8 MBytes   434 Mbits/sec  46090  
[  5]  47.00-48.00  sec  51.2 MBytes   430 Mbits/sec  45590  
[  5]  48.00-49.00  sec  51.3 MBytes   430 Mbits/sec  45660  
[  5]  49.00-50.00  sec  52.3 MBytes   439 Mbits/sec  46550  
[  5]  50.00-51.00  sec  51.9 MBytes   435 Mbits/sec  46170  
[  5]  51.00-52.00  sec  52.4 MBytes   440 Mbits/sec  46660  
[  5]  52.00-53.00  sec  52.7 MBytes   442 Mbits/sec  46900  
[  5]  53.00-54.00  sec  55.0 MBytes   461 Mbits/sec  48930  
[  5]  54.00-55.00  sec  54.6 MBytes   458 Mbits/sec  48640  
[  5]  55.00-56.00  sec  53.4 MBytes   448 Mbits/sec  47510  
[  5]  56.00-57.00  sec  53.8 MBytes   451 Mbits/sec  47910  
[  5]  57.00-58.00  sec  51.7 MBytes   433 Mbits/sec  46010  
[  5]  58.00-59.00  sec  55.7 MBytes   467 Mbits/sec  49590  
[  5]  59.00-60.00  sec  53.9 MBytes   452 Mbits/sec  47950  
- - - - - - - - - - - - - - - - - - - - - - - - -
[ ID] Interval           Transfer     Bitrate         Jitter    Lost/Total Datagrams
[  5]   0.00-60.00  sec  3.12 GBytes   447 Mbits/sec  0.000 ms  0/2847640 (0%)  sender
[  5]   0.00-60.24  sec  1.87 GBytes   266 Mbits/sec  0.014 ms  1167473/2847640 (41%)  receiver

iperf Done.
