Connecting to host 10.136.80.170, port 5201
[  5] local 10.136.173.123 port 52274 connected to 10.136.80.170 port 5201
[ ID] Interval           Transfer     Bitrate         Total Datagrams
[  5]   0.00-1.00   sec  18.5 MBytes   155 Mbits/sec  16470  (omitted)
[  5]   0.00-1.00   sec  75.6 MBytes   634 Mbits/sec  67290  
[  5]   1.00-2.00   sec  76.6 MBytes   642 Mbits/sec  68180  
[  5]   2.00-3.00   sec  75.1 MBytes   630 Mbits/sec  66820  
[  5]   3.00-4.00   sec  76.5 MBytes   642 Mbits/sec  68100  
[  5]   4.00-5.00   sec  73.1 MBytes   614 Mbits/sec  65110  
[  5]   5.00-6.00   sec  75.3 MBytes   632 Mbits/sec  67060  
[  5]   6.00-7.00   sec  76.0 MBytes   638 Mbits/sec  67660  
[  5]   7.00-8.00   sec  76.2 MBytes   639 Mbits/sec  67850  
[  5]   8.00-9.00   sec  75.0 MBytes   629 Mbits/sec  66790  
[  5]   9.00-10.00  sec  74.9 MBytes   628 Mbits/sec  66630  
[  5]  10.00-11.00  sec  66.8 MBytes   561 Mbits/sec  59500  
[  5]  11.00-12.00  sec  75.3 MBytes   632 Mbits/sec  67060  
[  5]  12.00-13.00  sec  75.9 MBytes   637 Mbits/sec  67570  
[  5]  13.00-14.00  sec  75.1 MBytes   630 Mbits/sec  66890  
[  5]  14.00-15.00  sec  73.8 MBytes   619 Mbits/sec  65650  
[  5]  15.00-16.00  sec  75.6 MBytes   634 Mbits/sec  67330  
[  5]  16.00-17.00  sec  75.8 MBytes   636 Mbits/sec  67510  
[  5]  17.00-18.00  sec  74.5 MBytes   625 Mbits/sec  66290  
[  5]  18.00-19.00  sec  70.8 MBytes   594 Mbits/sec  62980  
[  5]  19.00-20.00  sec  72.3 MBytes   607 Mbits/sec  64390  
[  5]  20.00-21.00  sec  72.9 MBytes   612 Mbits/sec  64900  
[  5]  21.00-22.00  sec  75.1 MBytes   630 Mbits/sec  66880  
[  5]  22.00-23.00  sec  75.6 MBytes   634 Mbits/sec  67250  
[  5]  23.00-24.00  sec  74.7 MBytes   627 Mbits/sec  66520  
[  5]  24.00-25.00  sec  68.5 MBytes   574 Mbits/sec  60960  
[  5]  25.00-26.00  sec  72.2 MBytes   606 Mbits/sec  64300  
[  5]  26.00-27.00  sec  75.7 MBytes   635 Mbits/sec  67400  
[  5]  27.00-28.00  sec  76.5 MBytes   642 Mbits/sec  68080  
[  5]  28.00-29.00  sec  74.5 MBytes   625 Mbits/sec  66290  
[  5]  29.00-30.00  sec  75.5 MBytes   633 Mbits/sec  67220  
[  5]  30.00-31.00  sec  75.7 MBytes   635 Mbits/sec  67400  
[  5]  31.00-32.00  sec  75.7 MBytes   635 Mbits/sec  67370  
[  5]  32.00-33.00  sec  75.2 MBytes   631 Mbits/sec  66980  
[  5]  33.00-34.00  sec  74.8 MBytes   628 Mbits/sec  66590  
[  5]  34.00-35.00  sec  72.9 MBytes   612 Mbits/sec  64890  
[  5]  35.00-36.00  sec  74.6 MBytes   625 Mbits/sec  66380  
[  5]  36.00-37.00  sec  75.9 MBytes   637 Mbits/sec  67540  
[  5]  37.00-38.00  sec  75.3 MBytes   632 Mbits/sec  67060  
[  5]  38.00-39.00  sec  75.8 MBytes   636 Mbits/sec  67450  
[  5]  39.00-40.00  sec  75.2 MBytes   631 Mbits/sec  66950  
[  5]  40.00-41.00  sec  76.0 MBytes   638 Mbits/sec  67660  
[  5]  41.00-42.00  sec  76.0 MBytes   637 Mbits/sec  67610  
[  5]  42.00-43.00  sec  75.2 MBytes   631 Mbits/sec  66930  
[  5]  43.00-44.00  sec  75.2 MBytes   631 Mbits/sec  66950  
[  5]  44.00-45.00  sec  68.9 MBytes   578 Mbits/sec  61370  
[  5]  45.00-46.00  sec  71.7 MBytes   601 Mbits/sec  63810  
[  5]  46.00-47.00  sec  75.2 MBytes   631 Mbits/sec  66940  
[  5]  47.00-48.00  sec  76.0 MBytes   638 Mbits/sec  67670  
[  5]  48.00-49.00  sec  75.1 MBytes   630 Mbits/sec  66810  
[  5]  49.00-50.00  sec  74.6 MBytes   626 Mbits/sec  66440  
[  5]  50.00-51.00  sec  68.2 MBytes   572 Mbits/sec  60710  
[  5]  51.00-52.00  sec  71.9 MBytes   603 Mbits/sec  63980  
[  5]  52.00-53.00  sec  74.9 MBytes   629 Mbits/sec  66690  
[  5]  53.00-54.00  sec  75.3 MBytes   632 Mbits/sec  67060  
[  5]  54.00-55.00  sec  73.7 MBytes   618 Mbits/sec  65580  
[  5]  55.00-56.00  sec  73.1 MBytes   613 Mbits/sec  65030  
[  5]  56.00-57.00  sec  64.1 MBytes   538 Mbits/sec  57070  
[  5]  57.00-58.00  sec  76.4 MBytes   641 Mbits/sec  68050  
[  5]  58.00-59.00  sec  72.9 MBytes   611 Mbits/sec  64870  
[  5]  59.00-60.00  sec  75.3 MBytes   631 Mbits/sec  66990  
- - - - - - - - - - - - - - - - - - - - - - - - -
[ ID] Interval           Transfer     Bitrate         Jitter    Lost/Total Datagrams
[  5]   0.00-60.00  sec  4.35 GBytes   623 Mbits/sec  0.000 ms  0/3963290 (0%)  sender
[  5]   0.00-61.80  sec   293 MBytes  39.8 Mbits/sec  0.031 ms  3706372/3950584 (94%)  receiver

iperf Done.
