Connecting to host 10.136.80.188, port 5201
[  5] local 10.136.173.124 port 41505 connected to 10.136.80.188 port 5201
[ ID] Interval           Transfer     Bitrate         Total Datagrams
[  5]   0.00-1.00   sec  57.4 MBytes   482 Mbits/sec  51130  (omitted)
[  5]   0.00-1.00   sec  58.6 MBytes   491 Mbits/sec  52120  
[  5]   1.00-2.00   sec  56.7 MBytes   476 Mbits/sec  50500  
[  5]   2.00-3.00   sec  54.3 MBytes   455 Mbits/sec  48290  
[  5]   3.00-4.00   sec  61.9 MBytes   520 Mbits/sec  55140  
[  5]   4.00-5.00   sec  59.5 MBytes   499 Mbits/sec  52990  
[  5]   5.00-6.00   sec  59.0 MBytes   495 Mbits/sec  52480  
[  5]   6.00-7.00   sec  56.3 MBytes   473 Mbits/sec  50150  
[  5]   7.00-8.00   sec  58.7 MBytes   492 Mbits/sec  52220  
[  5]   8.00-9.00   sec  60.1 MBytes   504 Mbits/sec  53500  
[  5]   9.00-10.00  sec  53.4 MBytes   448 Mbits/sec  47570  
[  5]  10.00-11.00  sec  61.9 MBytes   519 Mbits/sec  55070  
[  5]  11.00-12.00  sec  64.9 MBytes   544 Mbits/sec  57740  
[  5]  12.00-13.00  sec  58.5 MBytes   490 Mbits/sec  52040  
[  5]  13.00-14.00  sec  62.0 MBytes   520 Mbits/sec  55160  
[  5]  14.00-15.00  sec  56.6 MBytes   475 Mbits/sec  50390  
[  5]  15.00-16.00  sec  55.6 MBytes   467 Mbits/sec  49520  
[  5]  16.00-17.00  sec  58.0 MBytes   487 Mbits/sec  51630  
[  5]  17.00-18.00  sec  55.7 MBytes   468 Mbits/sec  49620  
[  5]  18.00-19.00  sec  61.9 MBytes   519 Mbits/sec  55110  
[  5]  19.00-20.00  sec  56.5 MBytes   474 Mbits/sec  50300  
[  5]  20.00-21.00  sec  53.3 MBytes   447 Mbits/sec  47470  
[  5]  21.00-22.00  sec  51.6 MBytes   433 Mbits/sec  45970  
[  5]  22.00-23.00  sec  59.9 MBytes   502 Mbits/sec  53290  
[  5]  23.00-24.00  sec  58.4 MBytes   490 Mbits/sec  51990  
[  5]  24.00-25.00  sec  56.8 MBytes   476 Mbits/sec  50530  
[  5]  25.00-26.00  sec  63.4 MBytes   531 Mbits/sec  56400  
[  5]  26.00-27.00  sec  58.0 MBytes   487 Mbits/sec  51640  
[  5]  27.00-28.00  sec  59.6 MBytes   500 Mbits/sec  53030  
[  5]  28.00-29.00  sec  60.3 MBytes   506 Mbits/sec  53690  
[  5]  29.00-30.00  sec  55.6 MBytes   467 Mbits/sec  49520  
[  5]  30.00-31.00  sec  58.1 MBytes   487 Mbits/sec  51700  
[  5]  31.00-32.00  sec  58.0 MBytes   487 Mbits/sec  51650  
[  5]  32.00-33.00  sec  59.3 MBytes   498 Mbits/sec  52820  
[  5]  33.00-34.00  sec  56.9 MBytes   477 Mbits/sec  50660  
[  5]  34.00-35.00  sec  60.7 MBytes   509 Mbits/sec  53990  
[  5]  35.00-36.00  sec  54.8 MBytes   460 Mbits/sec  48790  
[  5]  36.00-37.00  sec  55.2 MBytes   463 Mbits/sec  49160  
[  5]  37.00-38.00  sec  43.2 MBytes   362 Mbits/sec  38420  
[  5]  38.00-39.00  sec  46.2 MBytes   387 Mbits/sec  41080  
[  5]  39.00-40.00  sec  58.0 MBytes   487 Mbits/sec  51640  
[  5]  40.00-41.00  sec  60.3 MBytes   505 Mbits/sec  53640  
[  5]  41.00-42.00  sec  62.4 MBytes   524 Mbits/sec  55580  
[  5]  42.00-43.00  sec  58.4 MBytes   490 Mbits/sec  51960  
[  5]  43.00-44.00  sec  57.3 MBytes   480 Mbits/sec  50990  
[  5]  44.00-45.00  sec  65.7 MBytes   551 Mbits/sec  58470  
[  5]  45.00-46.00  sec  51.5 MBytes   432 Mbits/sec  45830  
[  5]  46.00-47.00  sec  59.6 MBytes   500 Mbits/sec  53060  
[  5]  47.00-48.00  sec  65.5 MBytes   549 Mbits/sec  58260  
[  5]  48.00-49.00  sec  59.0 MBytes   495 Mbits/sec  52490  
[  5]  49.00-50.00  sec  57.9 MBytes   486 Mbits/sec  51580  
[  5]  50.00-51.00  sec  57.1 MBytes   479 Mbits/sec  50860  
[  5]  51.00-52.00  sec  62.8 MBytes   527 Mbits/sec  55890  
[  5]  52.00-53.00  sec  60.8 MBytes   510 Mbits/sec  54140  
[  5]  53.00-54.00  sec  61.6 MBytes   516 Mbits/sec  54790  
[  5]  54.00-55.00  sec  48.1 MBytes   404 Mbits/sec  42840  
[  5]  55.00-56.00  sec  50.6 MBytes   425 Mbits/sec  45050  
[  5]  56.00-57.00  sec  55.6 MBytes   467 Mbits/sec  49500  
[  5]  57.00-58.00  sec  57.7 MBytes   484 Mbits/sec  51390  
[  5]  58.00-59.00  sec  58.0 MBytes   487 Mbits/sec  51660  
[  5]  59.00-60.00  sec  53.3 MBytes   447 Mbits/sec  47400  
- - - - - - - - - - - - - - - - - - - - - - - - -
[ ID] Interval           Transfer     Bitrate         Jitter    Lost/Total Datagrams
[  5]   0.00-60.00  sec  3.38 GBytes   484 Mbits/sec  0.000 ms  0/3080360 (0%)  sender
[  5]   0.00-61.33  sec   193 MBytes  26.4 Mbits/sec  0.038 ms  2956836/3079183 (96%)  receiver

iperf Done.
