Connecting to host 10.136.80.132, port 5201
[  5] local 10.136.173.68 port 48961 connected to 10.136.80.132 port 5201
[ ID] Interval           Transfer     Bitrate         Total Datagrams
[  5]   0.00-1.00   sec  58.9 MBytes   494 Mbits/sec  52440  (omitted)
[  5]   0.00-1.00   sec  44.7 MBytes   375 Mbits/sec  39770  
[  5]   1.00-2.00   sec  54.4 MBytes   456 Mbits/sec  48430  
[  5]   2.00-3.00   sec  57.2 MBytes   480 Mbits/sec  50930  
[  5]   3.00-4.00   sec  66.3 MBytes   556 Mbits/sec  59000  
[  5]   4.00-5.00   sec  59.9 MBytes   503 Mbits/sec  53360  
[  5]   5.00-6.00   sec  59.5 MBytes   499 Mbits/sec  52950  
[  5]   6.00-7.00   sec  56.1 MBytes   470 Mbits/sec  49930  
[  5]   7.00-8.00   sec  63.9 MBytes   536 Mbits/sec  56840  
[  5]   8.00-9.00   sec  50.0 MBytes   420 Mbits/sec  44540  
[  5]   9.00-10.00  sec  48.9 MBytes   410 Mbits/sec  43490  
[  5]  10.00-11.00  sec  50.3 MBytes   422 Mbits/sec  44800  
[  5]  11.00-12.00  sec  54.5 MBytes   457 Mbits/sec  48550  
[  5]  12.00-13.00  sec  58.0 MBytes   487 Mbits/sec  51630  
[  5]  13.00-14.00  sec  62.5 MBytes   524 Mbits/sec  55590  
[  5]  14.00-15.00  sec  56.4 MBytes   473 Mbits/sec  50200  
[  5]  15.00-16.00  sec  55.6 MBytes   467 Mbits/sec  49520  
[  5]  16.00-17.00  sec  45.9 MBytes   385 Mbits/sec  40900  
[  5]  17.00-18.00  sec  60.1 MBytes   504 Mbits/sec  53460  
[  5]  18.00-19.00  sec  44.5 MBytes   374 Mbits/sec  39650  
[  5]  19.00-20.00  sec  47.5 MBytes   398 Mbits/sec  42240  
[  5]  20.00-21.00  sec  57.2 MBytes   480 Mbits/sec  50940  
[  5]  21.00-22.00  sec  47.6 MBytes   400 Mbits/sec  42400  
[  5]  22.00-23.00  sec  51.7 MBytes   434 Mbits/sec  46050  
[  5]  23.00-24.00  sec  57.0 MBytes   478 Mbits/sec  50700  
[  5]  24.00-25.00  sec  61.7 MBytes   518 Mbits/sec  54960  
[  5]  25.00-26.00  sec  57.6 MBytes   483 Mbits/sec  51300  
[  5]  26.00-27.00  sec  56.6 MBytes   475 Mbits/sec  50360  
[  5]  27.00-28.00  sec  52.9 MBytes   444 Mbits/sec  47110  
[  5]  28.00-29.00  sec  52.3 MBytes   438 Mbits/sec  46520  
[  5]  29.00-30.00  sec  61.1 MBytes   512 Mbits/sec  54350  
[  5]  30.00-31.00  sec  56.0 MBytes   470 Mbits/sec  49830  
[  5]  31.00-32.00  sec  58.0 MBytes   487 Mbits/sec  51650  
[  5]  32.00-33.00  sec  60.3 MBytes   506 Mbits/sec  53700  
[  5]  33.00-34.00  sec  51.7 MBytes   433 Mbits/sec  45980  
[  5]  34.00-35.00  sec  54.2 MBytes   455 Mbits/sec  48260  
[  5]  35.00-36.00  sec  51.7 MBytes   434 Mbits/sec  46040  
[  5]  36.00-37.00  sec  64.9 MBytes   545 Mbits/sec  57790  
[  5]  37.00-38.00  sec  60.2 MBytes   505 Mbits/sec  53630  
[  5]  38.00-39.00  sec  57.2 MBytes   480 Mbits/sec  50950  
[  5]  39.00-40.00  sec  54.9 MBytes   461 Mbits/sec  48900  
[  5]  40.00-41.00  sec  46.3 MBytes   388 Mbits/sec  41170  
[  5]  41.00-42.00  sec  59.9 MBytes   503 Mbits/sec  53340  
[  5]  42.00-43.00  sec  57.4 MBytes   481 Mbits/sec  51070  
[  5]  43.00-44.00  sec  50.2 MBytes   421 Mbits/sec  44650  
[  5]  44.00-45.00  sec  43.6 MBytes   366 Mbits/sec  38810  
[  5]  45.00-46.00  sec  47.2 MBytes   396 Mbits/sec  42010  
[  5]  46.00-47.00  sec  54.6 MBytes   458 Mbits/sec  48560  
[  5]  47.00-48.00  sec  53.5 MBytes   449 Mbits/sec  47620  
[  5]  48.00-49.00  sec  50.6 MBytes   425 Mbits/sec  45080  
[  5]  49.00-50.00  sec  58.1 MBytes   488 Mbits/sec  51750  
[  5]  50.00-51.00  sec  57.9 MBytes   486 Mbits/sec  51520  
[  5]  51.00-52.00  sec  58.2 MBytes   489 Mbits/sec  51850  
[  5]  52.00-53.00  sec  55.9 MBytes   469 Mbits/sec  49770  
[  5]  53.00-54.00  sec  45.4 MBytes   381 Mbits/sec  40390  
[  5]  54.00-55.00  sec  52.9 MBytes   444 Mbits/sec  47090  
[  5]  55.00-56.00  sec  59.6 MBytes   500 Mbits/sec  53080  
[  5]  56.00-57.00  sec  51.5 MBytes   432 Mbits/sec  45880  
[  5]  57.00-58.00  sec  60.5 MBytes   508 Mbits/sec  53880  
[  5]  58.00-59.00  sec  57.7 MBytes   484 Mbits/sec  51400  
[  5]  59.00-60.00  sec  46.8 MBytes   393 Mbits/sec  41650  
- - - - - - - - - - - - - - - - - - - - - - - - -
[ ID] Interval           Transfer     Bitrate         Jitter    Lost/Total Datagrams
[  5]   0.00-60.00  sec  3.21 GBytes   460 Mbits/sec  0.000 ms  0/2927770 (0%)  sender
[  5]   0.00-60.05  sec  2.07 GBytes   297 Mbits/sec  0.015 ms  1057592/2927770 (36%)  receiver

iperf Done.
