Connecting to host 10.136.80.181, port 5201
[  5] local 10.136.173.116 port 50451 connected to 10.136.80.181 port 5201
[ ID] Interval           Transfer     Bitrate         Total Datagrams
[  5]   0.00-1.00   sec  55.7 MBytes   467 Mbits/sec  49590  (omitted)
[  5]   0.00-1.00   sec  49.3 MBytes   414 Mbits/sec  43910  
[  5]   1.00-2.00   sec  50.3 MBytes   422 Mbits/sec  44810  
[  5]   2.00-3.00   sec  54.5 MBytes   457 Mbits/sec  48510  
[  5]   3.00-4.00   sec  56.7 MBytes   475 Mbits/sec  50430  
[  5]   4.00-5.00   sec  50.1 MBytes   420 Mbits/sec  44610  
[  5]   5.00-6.00   sec  55.1 MBytes   462 Mbits/sec  49030  
[  5]   6.00-7.00   sec  54.1 MBytes   454 Mbits/sec  48150  
[  5]   7.00-8.00   sec  52.6 MBytes   441 Mbits/sec  46820  
[  5]   8.00-9.00   sec  50.9 MBytes   427 Mbits/sec  45330  
[  5]   9.00-10.00  sec  54.4 MBytes   457 Mbits/sec  48460  
[  5]  10.00-11.00  sec  52.3 MBytes   438 Mbits/sec  46530  
[  5]  11.00-12.00  sec  52.8 MBytes   443 Mbits/sec  47010  
[  5]  12.00-13.00  sec  54.8 MBytes   460 Mbits/sec  48760  
[  5]  13.00-14.00  sec  55.8 MBytes   468 Mbits/sec  49670  
[  5]  14.00-15.00  sec  53.2 MBytes   446 Mbits/sec  47350  
[  5]  15.00-16.00  sec  52.7 MBytes   442 Mbits/sec  46950  
[  5]  16.00-17.00  sec  52.6 MBytes   441 Mbits/sec  46820  
[  5]  17.00-18.00  sec  53.4 MBytes   448 Mbits/sec  47570  
[  5]  18.00-19.00  sec  52.4 MBytes   439 Mbits/sec  46610  
[  5]  19.00-20.00  sec  55.1 MBytes   462 Mbits/sec  49010  
[  5]  20.00-21.00  sec  55.0 MBytes   462 Mbits/sec  49000  
[  5]  21.00-22.00  sec  52.5 MBytes   440 Mbits/sec  46700  
[  5]  22.00-23.00  sec  50.8 MBytes   426 Mbits/sec  45210  
[  5]  23.00-24.00  sec  54.2 MBytes   455 Mbits/sec  48260  
[  5]  24.00-25.00  sec  49.6 MBytes   416 Mbits/sec  44110  
[  5]  25.00-26.00  sec  49.0 MBytes   411 Mbits/sec  43630  
[  5]  26.00-27.00  sec  51.9 MBytes   436 Mbits/sec  46230  
[  5]  27.00-28.00  sec  54.3 MBytes   455 Mbits/sec  48290  
[  5]  28.00-29.00  sec  62.6 MBytes   525 Mbits/sec  55710  
[  5]  29.00-30.00  sec  51.7 MBytes   434 Mbits/sec  46060  
[  5]  30.00-31.00  sec  54.5 MBytes   457 Mbits/sec  48530  
[  5]  31.00-32.00  sec  57.2 MBytes   480 Mbits/sec  50910  
[  5]  32.00-33.00  sec  50.3 MBytes   422 Mbits/sec  44790  
[  5]  33.00-34.00  sec  56.3 MBytes   473 Mbits/sec  50130  
[  5]  34.00-35.00  sec  50.7 MBytes   425 Mbits/sec  45140  
[  5]  35.00-36.00  sec  57.7 MBytes   484 Mbits/sec  51360  
[  5]  36.00-37.00  sec  57.9 MBytes   486 Mbits/sec  51560  
[  5]  37.00-38.00  sec  54.5 MBytes   457 Mbits/sec  48500  
[  5]  38.00-39.00  sec  54.7 MBytes   459 Mbits/sec  48670  
[  5]  39.00-40.00  sec  53.3 MBytes   447 Mbits/sec  47410  
[  5]  40.00-41.00  sec  54.3 MBytes   456 Mbits/sec  48370  
[  5]  41.00-42.00  sec  58.7 MBytes   493 Mbits/sec  52260  
[  5]  42.00-43.00  sec  56.3 MBytes   472 Mbits/sec  50080  
[  5]  43.00-44.00  sec  54.4 MBytes   456 Mbits/sec  48380  
[  5]  44.00-45.00  sec  55.7 MBytes   467 Mbits/sec  49580  
[  5]  45.00-46.00  sec  54.0 MBytes   453 Mbits/sec  48080  
[  5]  46.00-47.00  sec  53.2 MBytes   446 Mbits/sec  47320  
[  5]  47.00-48.00  sec  57.4 MBytes   482 Mbits/sec  51130  
[  5]  48.00-49.00  sec  55.3 MBytes   464 Mbits/sec  49190  
[  5]  49.00-50.00  sec  52.3 MBytes   439 Mbits/sec  46580  
[  5]  50.00-51.00  sec  50.8 MBytes   426 Mbits/sec  45240  
[  5]  51.00-52.00  sec  54.7 MBytes   458 Mbits/sec  48650  
[  5]  52.00-53.00  sec  57.0 MBytes   478 Mbits/sec  50770  
[  5]  53.00-54.00  sec  51.7 MBytes   434 Mbits/sec  46040  
[  5]  54.00-55.00  sec  54.6 MBytes   458 Mbits/sec  48580  
[  5]  55.00-56.00  sec  53.4 MBytes   448 Mbits/sec  47510  
[  5]  56.00-57.00  sec  52.8 MBytes   442 Mbits/sec  46960  
[  5]  57.00-58.00  sec  56.0 MBytes   470 Mbits/sec  49830  
[  5]  58.00-59.00  sec  53.2 MBytes   446 Mbits/sec  47330  
[  5]  59.00-60.00  sec  57.2 MBytes   480 Mbits/sec  50930  
- - - - - - - - - - - - - - - - - - - - - - - - -
[ ID] Interval           Transfer     Bitrate         Jitter    Lost/Total Datagrams
[  5]   0.00-60.00  sec  3.16 GBytes   452 Mbits/sec  0.000 ms  0/2879350 (0%)  sender
[  5]   0.00-60.30  sec  2.16 GBytes   307 Mbits/sec  0.008 ms  931904/2877186 (32%)  receiver

iperf Done.
