Connecting to host knb-server-1098803, port 5201
[  5] local 10.136.173.115 port 52312 connected to 10.43.46.17 port 5201
[ ID] Interval           Transfer     Bitrate         Total Datagrams
[  5]   0.00-1.00   sec  72.0 MBytes   604 Mbits/sec  64090  (omitted)
[  5]   0.00-1.00   sec  74.2 MBytes   622 Mbits/sec  66010  
[  5]   1.00-2.00   sec  73.5 MBytes   617 Mbits/sec  65450  
[  5]   2.00-3.00   sec  74.3 MBytes   623 Mbits/sec  66150  
[  5]   3.00-4.00   sec  74.6 MBytes   626 Mbits/sec  66390  
[  5]   4.00-5.00   sec  73.0 MBytes   612 Mbits/sec  64990  
[  5]   5.00-6.00   sec  70.2 MBytes   589 Mbits/sec  62500  
[  5]   6.00-7.00   sec  74.9 MBytes   628 Mbits/sec  66680  
[  5]   7.00-8.00   sec  73.9 MBytes   620 Mbits/sec  65750  
[  5]   8.00-9.00   sec  70.2 MBytes   589 Mbits/sec  62510  
[  5]   9.00-10.00  sec  70.7 MBytes   593 Mbits/sec  62890  
[  5]  10.00-11.00  sec  65.7 MBytes   551 Mbits/sec  58490  
[  5]  11.00-12.00  sec  67.5 MBytes   567 Mbits/sec  60120  
[  5]  12.00-13.00  sec  62.4 MBytes   524 Mbits/sec  55580  
[  5]  13.00-14.00  sec  65.1 MBytes   546 Mbits/sec  57960  
[  5]  14.00-15.00  sec  57.8 MBytes   484 Mbits/sec  51410  
[  5]  15.00-16.00  sec  71.3 MBytes   598 Mbits/sec  63490  
[  5]  16.00-17.00  sec  73.3 MBytes   615 Mbits/sec  65260  
[  5]  17.00-18.00  sec  73.5 MBytes   616 Mbits/sec  65400  
[  5]  18.00-19.00  sec  73.2 MBytes   614 Mbits/sec  65160  
[  5]  19.00-20.00  sec  71.5 MBytes   600 Mbits/sec  63620  
[  5]  20.00-21.00  sec  73.2 MBytes   614 Mbits/sec  65190  
[  5]  21.00-22.00  sec  72.8 MBytes   611 Mbits/sec  64820  
[  5]  22.00-23.00  sec  73.5 MBytes   616 Mbits/sec  65390  
[  5]  23.00-24.00  sec  73.0 MBytes   612 Mbits/sec  64950  
[  5]  24.00-25.00  sec  72.5 MBytes   608 Mbits/sec  64530  
[  5]  25.00-26.00  sec  70.6 MBytes   592 Mbits/sec  62810  
[  5]  26.00-27.00  sec  71.0 MBytes   596 Mbits/sec  63210  
[  5]  27.00-28.00  sec  68.5 MBytes   575 Mbits/sec  60990  
[  5]  28.00-29.00  sec  73.3 MBytes   615 Mbits/sec  65280  
[  5]  29.00-30.00  sec  72.5 MBytes   608 Mbits/sec  64550  
[  5]  30.00-31.00  sec  73.4 MBytes   615 Mbits/sec  65300  
[  5]  31.00-32.00  sec  73.5 MBytes   617 Mbits/sec  65460  
[  5]  32.00-33.00  sec  73.2 MBytes   614 Mbits/sec  65150  
[  5]  33.00-34.00  sec  73.0 MBytes   613 Mbits/sec  65020  
[  5]  34.00-35.00  sec  67.9 MBytes   569 Mbits/sec  60400  
[  5]  35.00-36.00  sec  71.7 MBytes   601 Mbits/sec  63800  
[  5]  36.00-37.00  sec  66.9 MBytes   561 Mbits/sec  59560  
[  5]  37.00-38.00  sec  61.9 MBytes   519 Mbits/sec  55130  
[  5]  38.00-39.00  sec  69.4 MBytes   582 Mbits/sec  61740  
[  5]  39.00-40.00  sec  74.1 MBytes   622 Mbits/sec  65990  
[  5]  40.00-41.00  sec  73.2 MBytes   614 Mbits/sec  65180  
[  5]  41.00-42.00  sec  72.8 MBytes   611 Mbits/sec  64790  
[  5]  42.00-43.00  sec  65.2 MBytes   547 Mbits/sec  58000  
[  5]  43.00-44.00  sec  66.4 MBytes   557 Mbits/sec  59080  
[  5]  44.00-45.00  sec  72.0 MBytes   604 Mbits/sec  64090  
[  5]  45.00-46.00  sec  71.7 MBytes   601 Mbits/sec  63830  
[  5]  46.00-47.00  sec  71.6 MBytes   601 Mbits/sec  63720  
[  5]  47.00-48.00  sec  72.8 MBytes   611 Mbits/sec  64830  
[  5]  48.00-49.00  sec  73.8 MBytes   619 Mbits/sec  65670  
[  5]  49.00-50.00  sec  72.5 MBytes   608 Mbits/sec  64520  
[  5]  50.00-51.00  sec  73.8 MBytes   619 Mbits/sec  65650  
[  5]  51.00-52.00  sec  73.8 MBytes   619 Mbits/sec  65680  
[  5]  52.00-53.00  sec  65.6 MBytes   550 Mbits/sec  58410  
[  5]  53.00-54.00  sec  72.8 MBytes   610 Mbits/sec  64760  
[  5]  54.00-55.00  sec  71.4 MBytes   599 Mbits/sec  63520  
[  5]  55.00-56.00  sec  73.1 MBytes   613 Mbits/sec  65060  
[  5]  56.00-57.00  sec  63.1 MBytes   530 Mbits/sec  56200  
[  5]  57.00-58.00  sec  73.5 MBytes   617 Mbits/sec  65420  
[  5]  58.00-59.00  sec  70.8 MBytes   594 Mbits/sec  63030  
[  5]  59.00-60.00  sec  68.9 MBytes   578 Mbits/sec  61340  
- - - - - - - - - - - - - - - - - - - - - - - - -
[ ID] Interval           Transfer     Bitrate         Jitter    Lost/Total Datagrams
[  5]   0.00-60.00  sec  4.16 GBytes   595 Mbits/sec  0.000 ms  0/3787860 (0%)  sender
[  5]   0.00-60.06  sec   700 MBytes  97.7 Mbits/sec  0.031 ms  3225463/3787860 (85%)  receiver

iperf Done.
