Connecting to host knb-server-122360, port 5201
[  5] local 10.136.173.101 port 46953 connected to 10.43.111.185 port 5201
[ ID] Interval           Transfer     Bitrate         Total Datagrams
[  5]   0.00-1.00   sec  64.0 MBytes   537 Mbits/sec  56990  (omitted)
[  5]   0.00-1.00   sec  65.7 MBytes   551 Mbits/sec  58490  
[  5]   1.00-2.00   sec  75.3 MBytes   632 Mbits/sec  67070  
[  5]   2.00-3.00   sec  75.0 MBytes   629 Mbits/sec  66740  
[  5]   3.00-4.00   sec  72.5 MBytes   608 Mbits/sec  64550  
[  5]   4.00-5.00   sec  68.5 MBytes   574 Mbits/sec  60950  
[  5]   5.00-6.00   sec  69.1 MBytes   580 Mbits/sec  61540  
[  5]   6.00-7.00   sec  72.9 MBytes   611 Mbits/sec  64860  
[  5]   7.00-8.00   sec  71.8 MBytes   602 Mbits/sec  63890  
[  5]   8.00-9.00   sec  75.0 MBytes   629 Mbits/sec  66790  
[  5]   9.00-10.00  sec  74.3 MBytes   623 Mbits/sec  66150  
[  5]  10.00-11.00  sec  76.5 MBytes   642 Mbits/sec  68120  
[  5]  11.00-12.00  sec  75.6 MBytes   634 Mbits/sec  67300  
[  5]  12.00-13.00  sec  75.4 MBytes   632 Mbits/sec  67090  
[  5]  13.00-14.00  sec  72.9 MBytes   612 Mbits/sec  64910  
[  5]  14.00-15.00  sec  61.0 MBytes   512 Mbits/sec  54340  
[  5]  15.00-16.00  sec  74.6 MBytes   626 Mbits/sec  66380  
[  5]  16.00-17.00  sec  75.0 MBytes   629 Mbits/sec  66770  
[  5]  17.00-18.00  sec  76.2 MBytes   639 Mbits/sec  67800  
[  5]  18.00-19.00  sec  76.4 MBytes   641 Mbits/sec  68030  
[  5]  19.00-20.00  sec  76.5 MBytes   642 Mbits/sec  68100  
[  5]  20.00-21.00  sec  70.8 MBytes   593 Mbits/sec  62980  
[  5]  21.00-22.00  sec  71.6 MBytes   600 Mbits/sec  63690  
[  5]  22.00-23.00  sec  75.5 MBytes   633 Mbits/sec  67220  
[  5]  23.00-24.00  sec  74.0 MBytes   621 Mbits/sec  65880  
[  5]  24.00-25.00  sec  74.0 MBytes   620 Mbits/sec  65840  
[  5]  25.00-26.00  sec  75.1 MBytes   630 Mbits/sec  66860  
[  5]  26.00-27.00  sec  73.1 MBytes   613 Mbits/sec  65060  
[  5]  27.00-28.00  sec  74.9 MBytes   628 Mbits/sec  66680  
[  5]  28.00-29.00  sec  75.1 MBytes   630 Mbits/sec  66840  
[  5]  29.00-30.00  sec  73.1 MBytes   613 Mbits/sec  65060  
[  5]  30.00-31.00  sec  73.6 MBytes   618 Mbits/sec  65550  
[  5]  31.00-32.00  sec  73.1 MBytes   614 Mbits/sec  65110  
[  5]  32.00-33.00  sec  74.6 MBytes   625 Mbits/sec  66360  
[  5]  33.00-34.00  sec  72.1 MBytes   605 Mbits/sec  64150  
[  5]  34.00-35.00  sec  75.9 MBytes   637 Mbits/sec  67540  
[  5]  35.00-36.00  sec  73.0 MBytes   613 Mbits/sec  65010  
[  5]  36.00-37.00  sec  73.8 MBytes   619 Mbits/sec  65680  
[  5]  37.00-38.00  sec  73.3 MBytes   615 Mbits/sec  65240  
[  5]  38.00-39.00  sec  73.2 MBytes   614 Mbits/sec  65120  
[  5]  39.00-40.00  sec  72.2 MBytes   606 Mbits/sec  64310  
[  5]  40.00-41.00  sec  69.5 MBytes   583 Mbits/sec  61820  
[  5]  41.00-42.00  sec  74.9 MBytes   629 Mbits/sec  66690  
[  5]  42.00-43.00  sec  74.1 MBytes   622 Mbits/sec  66000  
[  5]  43.00-44.00  sec  71.5 MBytes   599 Mbits/sec  63600  
[  5]  44.00-45.00  sec  60.5 MBytes   507 Mbits/sec  53840  
[  5]  45.00-46.00  sec  71.9 MBytes   603 Mbits/sec  63960  
[  5]  46.00-47.00  sec  74.6 MBytes   626 Mbits/sec  66400  
[  5]  47.00-48.00  sec  75.2 MBytes   631 Mbits/sec  66960  
[  5]  48.00-49.00  sec  75.2 MBytes   630 Mbits/sec  66900  
[  5]  49.00-50.00  sec  73.5 MBytes   617 Mbits/sec  65440  
[  5]  50.00-51.00  sec  74.3 MBytes   623 Mbits/sec  66130  
[  5]  51.00-52.00  sec  73.8 MBytes   619 Mbits/sec  65680  
[  5]  52.00-53.00  sec  73.8 MBytes   619 Mbits/sec  65720  
[  5]  53.00-54.00  sec  74.4 MBytes   624 Mbits/sec  66190  
[  5]  54.00-55.00  sec  61.0 MBytes   512 Mbits/sec  54300  
[  5]  55.00-56.00  sec  54.6 MBytes   458 Mbits/sec  48620  
[  5]  56.00-57.00  sec  69.0 MBytes   579 Mbits/sec  61460  
[  5]  57.00-58.00  sec  75.5 MBytes   633 Mbits/sec  67210  
[  5]  58.00-59.00  sec  75.3 MBytes   632 Mbits/sec  67050  
[  5]  59.00-60.00  sec  73.8 MBytes   620 Mbits/sec  65730  
- - - - - - - - - - - - - - - - - - - - - - - - -
[ ID] Interval           Transfer     Bitrate         Jitter    Lost/Total Datagrams
[  5]   0.00-60.00  sec  4.26 GBytes   609 Mbits/sec  0.000 ms  0/3879750 (0%)  sender
[  5]   0.00-60.13  sec  1.81 GBytes   259 Mbits/sec  0.009 ms  2262221/3879750 (58%)  receiver

iperf Done.
