Connecting to host 10.136.80.159, port 5201
[  5] local 10.136.173.96 port 49990 connected to 10.136.80.159 port 5201
[ ID] Interval           Transfer     Bitrate         Retr  Cwnd
[  5]   0.00-1.00   sec  1.65 MBytes  13.8 Mbits/sec   79   1.15 KBytes       (omitted)
[  5]   0.00-1.00   sec  2.63 MBytes  22.1 Mbits/sec  123   2.30 KBytes       
[  5]   1.00-2.00   sec  2.41 MBytes  20.2 Mbits/sec  111   12.7 KBytes       
[  5]   2.00-3.00   sec  2.15 MBytes  18.1 Mbits/sec   85   2.30 KBytes       
[  5]   3.00-4.00   sec  1.75 MBytes  14.7 Mbits/sec   79   1.15 KBytes       
[  5]   4.00-5.00   sec  1.42 MBytes  11.9 Mbits/sec   65   1.15 KBytes       
[  5]   5.00-6.00   sec  1.93 MBytes  16.2 Mbits/sec   69   6.90 KBytes       
[  5]   6.00-7.00   sec  2.69 MBytes  22.6 Mbits/sec  129   1.15 KBytes       
[  5]   7.00-8.00   sec  1.30 MBytes  10.9 Mbits/sec   64   5.75 KBytes       
[  5]   8.00-9.00   sec  2.04 MBytes  17.1 Mbits/sec   89   2.30 KBytes       
[  5]   9.00-10.00  sec   698 KBytes  5.72 Mbits/sec   38   1.15 KBytes       
[  5]  10.00-11.00  sec  1.93 MBytes  16.2 Mbits/sec   87   2.30 KBytes       
[  5]  11.00-12.00  sec  2.00 MBytes  16.8 Mbits/sec   99   3.45 KBytes       
[  5]  12.00-13.00  sec  1.37 MBytes  11.5 Mbits/sec   72   1.15 KBytes       
[  5]  13.00-14.00  sec  1.97 MBytes  16.5 Mbits/sec   84   2.30 KBytes       
[  5]  14.00-15.00  sec  2.67 MBytes  22.4 Mbits/sec  130   8.05 KBytes       
[  5]  15.00-16.00  sec  2.52 MBytes  21.1 Mbits/sec  119   4.60 KBytes       
[  5]  16.00-17.00  sec  4.17 MBytes  34.9 Mbits/sec  202   3.45 KBytes       
[  5]  17.00-18.00  sec  2.15 MBytes  18.0 Mbits/sec  100   1.15 KBytes       
[  5]  18.00-19.00  sec   825 KBytes  6.75 Mbits/sec   40   2.30 KBytes       
[  5]  19.00-20.00  sec  1.14 MBytes  9.57 Mbits/sec   59   15.0 KBytes       
[  5]  20.00-21.00  sec  2.59 MBytes  21.7 Mbits/sec  114   11.5 KBytes       
[  5]  21.00-22.00  sec  1.57 MBytes  13.2 Mbits/sec   71   2.30 KBytes       
[  5]  22.00-23.00  sec  2.95 MBytes  24.7 Mbits/sec  134   2.30 KBytes       
[  5]  23.00-24.00  sec  1.38 MBytes  11.6 Mbits/sec   65   2.30 KBytes       
[  5]  24.00-25.00  sec  2.16 MBytes  18.1 Mbits/sec   99   2.30 KBytes       
[  5]  25.00-26.00  sec  2.14 MBytes  18.0 Mbits/sec   82   6.90 KBytes       
[  5]  26.00-27.00  sec  1.84 MBytes  15.5 Mbits/sec   83   1.15 KBytes       
[  5]  27.00-28.00  sec   811 KBytes  6.64 Mbits/sec   51   1.15 KBytes       
[  5]  28.00-29.00  sec   534 KBytes  4.37 Mbits/sec   36   5.75 KBytes       
[  5]  29.00-30.00  sec  1.30 MBytes  10.9 Mbits/sec   66   2.30 KBytes       
[  5]  30.00-31.00  sec   714 KBytes  5.85 Mbits/sec   35   2.30 KBytes       
[  5]  31.00-32.00  sec  1.29 MBytes  10.8 Mbits/sec   60   1.15 KBytes       
[  5]  32.00-33.00  sec  1.71 MBytes  14.4 Mbits/sec   72   2.30 KBytes       
[  5]  33.00-34.00  sec  2.28 MBytes  19.2 Mbits/sec  102   3.45 KBytes       
[  5]  34.00-35.00  sec  1.80 MBytes  15.1 Mbits/sec   87   1.15 KBytes       
[  5]  35.00-36.00  sec   872 KBytes  7.14 Mbits/sec   56   1.15 KBytes       
[  5]  36.00-37.00  sec  1.67 MBytes  14.0 Mbits/sec   69   1.15 KBytes       
[  5]  37.00-38.00  sec  1.33 MBytes  11.2 Mbits/sec   72   3.45 KBytes       
[  5]  38.00-39.00  sec   887 KBytes  7.26 Mbits/sec   37   2.30 KBytes       
[  5]  39.00-40.00  sec  1.80 MBytes  15.1 Mbits/sec   76   3.45 KBytes       
[  5]  40.00-41.00  sec  1.43 MBytes  12.0 Mbits/sec   69   1.15 KBytes       
[  5]  41.00-42.00  sec  2.86 MBytes  24.0 Mbits/sec  135   11.5 KBytes       
[  5]  42.00-43.00  sec  1.22 MBytes  10.2 Mbits/sec   75   2.30 KBytes       
[  5]  43.00-44.00  sec  1.73 MBytes  14.6 Mbits/sec   85   4.60 KBytes       
[  5]  44.00-45.00  sec   663 KBytes  5.43 Mbits/sec   29   2.30 KBytes       
[  5]  45.00-46.00  sec  1.74 MBytes  14.6 Mbits/sec   71   1.15 KBytes       
[  5]  46.00-47.00  sec   596 KBytes  4.88 Mbits/sec   25   6.90 KBytes       
[  5]  47.00-48.00  sec  2.67 MBytes  22.4 Mbits/sec  129   2.30 KBytes       
[  5]  48.00-49.00  sec  1.40 MBytes  11.8 Mbits/sec   67   6.90 KBytes       
[  5]  49.00-50.00  sec  2.26 MBytes  19.0 Mbits/sec  113   4.60 KBytes       
[  5]  50.00-51.00  sec  2.48 MBytes  20.8 Mbits/sec  121   2.30 KBytes       
[  5]  51.00-52.00  sec   759 KBytes  6.22 Mbits/sec   39   2.30 KBytes       
[  5]  52.00-53.00  sec  1.21 MBytes  10.1 Mbits/sec   72   2.30 KBytes       
[  5]  53.00-54.00  sec  1.11 MBytes  9.33 Mbits/sec   52   1.15 KBytes       
[  5]  54.00-55.00  sec   589 KBytes  4.83 Mbits/sec   34   1.15 KBytes       
[  5]  55.00-56.00  sec  1.32 MBytes  11.1 Mbits/sec   73   2.30 KBytes       
[  5]  56.00-57.00  sec  1.59 MBytes  13.3 Mbits/sec   68   1.15 KBytes       
[  5]  57.00-58.00  sec  3.70 MBytes  31.0 Mbits/sec  173   2.30 KBytes       
[  5]  58.00-59.00  sec   896 KBytes  7.34 Mbits/sec   48   1.15 KBytes       
[  5]  59.00-60.00  sec  2.93 MBytes  24.6 Mbits/sec  138   3.45 KBytes       
- - - - - - - - - - - - - - - - - - - - - - - - -
[ ID] Interval           Transfer     Bitrate         Retr
[  5]   0.00-60.00  sec   104 MBytes  14.6 Mbits/sec  4927             sender
[  5]   0.00-60.04  sec   104 MBytes  14.6 Mbits/sec                  receiver

iperf Done.
