Connecting to host knb-server-820913, port 5201
[  5] local 10.136.173.106 port 55842 connected to 10.43.76.104 port 5201
[ ID] Interval           Transfer     Bitrate         Total Datagrams
[  5]   0.00-1.00   sec  34.3 MBytes   288 Mbits/sec  30530  (omitted)
[  5]   0.00-1.00   sec  74.2 MBytes   622 Mbits/sec  66050  
[  5]   1.00-2.00   sec  70.4 MBytes   591 Mbits/sec  62690  
[  5]   2.00-3.00   sec  66.1 MBytes   555 Mbits/sec  58860  
[  5]   3.00-4.00   sec  73.8 MBytes   619 Mbits/sec  65700  
[  5]   4.00-5.00   sec  74.7 MBytes   627 Mbits/sec  66520  
[  5]   5.00-6.00   sec  74.5 MBytes   625 Mbits/sec  66300  
[  5]   6.00-7.00   sec  75.1 MBytes   630 Mbits/sec  66860  
[  5]   7.00-8.00   sec  74.5 MBytes   625 Mbits/sec  66290  
[  5]   8.00-9.00   sec  75.0 MBytes   629 Mbits/sec  66760  
[  5]   9.00-10.00  sec  71.3 MBytes   598 Mbits/sec  63470  
[  5]  10.00-11.00  sec  72.8 MBytes   610 Mbits/sec  64770  
[  5]  11.00-12.00  sec  72.9 MBytes   611 Mbits/sec  64870  
[  5]  12.00-13.00  sec  71.7 MBytes   602 Mbits/sec  63830  
[  5]  13.00-14.00  sec  72.8 MBytes   611 Mbits/sec  64830  
[  5]  14.00-15.00  sec  72.8 MBytes   611 Mbits/sec  64800  
[  5]  15.00-16.00  sec  70.9 MBytes   595 Mbits/sec  63130  
[  5]  16.00-17.00  sec  72.9 MBytes   611 Mbits/sec  64860  
[  5]  17.00-18.00  sec  73.0 MBytes   612 Mbits/sec  64950  
[  5]  18.00-19.00  sec  72.0 MBytes   604 Mbits/sec  64060  
[  5]  19.00-20.00  sec  71.5 MBytes   600 Mbits/sec  63680  
[  5]  20.00-21.00  sec  71.4 MBytes   599 Mbits/sec  63570  
[  5]  21.00-22.00  sec  69.3 MBytes   581 Mbits/sec  61690  
[  5]  22.00-23.00  sec  74.8 MBytes   627 Mbits/sec  66570  
[  5]  23.00-24.00  sec  74.7 MBytes   626 Mbits/sec  66470  
[  5]  24.00-25.00  sec  74.3 MBytes   624 Mbits/sec  66170  
[  5]  25.00-26.00  sec  73.4 MBytes   616 Mbits/sec  65320  
[  5]  26.00-27.00  sec  73.9 MBytes   620 Mbits/sec  65770  
[  5]  27.00-28.00  sec  74.2 MBytes   623 Mbits/sec  66080  
[  5]  28.00-29.00  sec  74.2 MBytes   623 Mbits/sec  66070  
[  5]  29.00-30.00  sec  69.8 MBytes   586 Mbits/sec  62150  
[  5]  30.00-31.00  sec  75.7 MBytes   635 Mbits/sec  67390  
[  5]  31.00-32.00  sec  72.1 MBytes   605 Mbits/sec  64190  
[  5]  32.00-33.00  sec  74.3 MBytes   623 Mbits/sec  66100  
[  5]  33.00-34.00  sec  74.0 MBytes   621 Mbits/sec  65860  
[  5]  34.00-35.00  sec  74.9 MBytes   628 Mbits/sec  66680  
[  5]  35.00-36.00  sec  72.9 MBytes   612 Mbits/sec  64920  
[  5]  36.00-37.00  sec  74.4 MBytes   624 Mbits/sec  66250  
[  5]  37.00-38.00  sec  74.1 MBytes   622 Mbits/sec  65980  
[  5]  38.00-39.00  sec  74.2 MBytes   622 Mbits/sec  66030  
[  5]  39.00-40.00  sec  67.8 MBytes   568 Mbits/sec  60310  
[  5]  40.00-41.00  sec  73.5 MBytes   617 Mbits/sec  65450  
[  5]  41.00-42.00  sec  73.4 MBytes   616 Mbits/sec  65350  
[  5]  42.00-43.00  sec  77.6 MBytes   651 Mbits/sec  69110  
[  5]  43.00-44.00  sec  83.4 MBytes   700 Mbits/sec  74250  
[  5]  44.00-45.00  sec  73.0 MBytes   613 Mbits/sec  65000  
[  5]  45.00-46.00  sec  73.0 MBytes   612 Mbits/sec  64950  
[  5]  46.00-47.00  sec  73.1 MBytes   613 Mbits/sec  65080  
[  5]  47.00-48.00  sec  74.4 MBytes   624 Mbits/sec  66230  
[  5]  48.00-49.00  sec  74.1 MBytes   622 Mbits/sec  65990  
[  5]  49.00-50.00  sec  67.4 MBytes   565 Mbits/sec  59990  
[  5]  50.00-51.00  sec  72.0 MBytes   604 Mbits/sec  64090  
[  5]  51.00-52.00  sec  71.8 MBytes   602 Mbits/sec  63910  
[  5]  52.00-53.00  sec  72.3 MBytes   607 Mbits/sec  64400  
[  5]  53.00-54.00  sec  74.8 MBytes   627 Mbits/sec  66580  
[  5]  54.00-55.00  sec  74.1 MBytes   622 Mbits/sec  65990  
[  5]  55.00-56.00  sec  71.7 MBytes   601 Mbits/sec  63820  
[  5]  56.00-57.00  sec  69.0 MBytes   579 Mbits/sec  61420  
[  5]  57.00-58.00  sec  74.1 MBytes   622 Mbits/sec  66000  
[  5]  58.00-59.00  sec  74.5 MBytes   625 Mbits/sec  66320  
[  5]  59.00-60.00  sec  68.7 MBytes   577 Mbits/sec  61190  
- - - - - - - - - - - - - - - - - - - - - - - - -
[ ID] Interval           Transfer     Bitrate         Jitter    Lost/Total Datagrams
[  5]   0.00-60.00  sec  4.28 GBytes   613 Mbits/sec  0.000 ms  0/3901970 (0%)  sender
[  5]   0.00-62.28  sec   242 MBytes  32.6 Mbits/sec  0.065 ms  3701478/3886623 (95%)  receiver

iperf Done.
