Connecting to host 10.136.80.152, port 5201
[  5] local 10.136.173.76 port 52497 connected to 10.136.80.152 port 5201
[ ID] Interval           Transfer     Bitrate         Total Datagrams
[  5]   0.00-1.00   sec  77.0 MBytes   646 Mbits/sec  57750  (omitted)
[  5]   0.00-1.00   sec  79.6 MBytes   667 Mbits/sec  59670  
[  5]   1.00-2.00   sec  78.6 MBytes   659 Mbits/sec  58920  
[  5]   2.00-3.00   sec  79.2 MBytes   664 Mbits/sec  59380  
[  5]   3.00-4.00   sec  79.5 MBytes   667 Mbits/sec  59600  
[  5]   4.00-5.00   sec  80.0 MBytes   671 Mbits/sec  60000  
[  5]   5.00-6.00   sec  79.1 MBytes   663 Mbits/sec  59310  
[  5]   6.00-7.00   sec  79.0 MBytes   663 Mbits/sec  59270  
[  5]   7.00-8.00   sec  80.1 MBytes   672 Mbits/sec  60090  
[  5]   8.00-9.00   sec  80.3 MBytes   673 Mbits/sec  60200  
[  5]   9.00-10.00  sec  79.0 MBytes   663 Mbits/sec  59280  
[  5]  10.00-11.00  sec  85.8 MBytes   720 Mbits/sec  64370  
[  5]  11.00-12.00  sec  93.2 MBytes   782 Mbits/sec  69940  
[  5]  12.00-13.00  sec  93.5 MBytes   785 Mbits/sec  70150  
[  5]  13.00-14.00  sec  94.0 MBytes   788 Mbits/sec  70490  
[  5]  14.00-15.00  sec  93.4 MBytes   784 Mbits/sec  70060  
[  5]  15.00-16.00  sec  92.3 MBytes   775 Mbits/sec  69260  
[  5]  16.00-17.00  sec  93.8 MBytes   787 Mbits/sec  70340  
[  5]  17.00-18.00  sec  83.5 MBytes   700 Mbits/sec  62610  
[  5]  18.00-19.00  sec  79.8 MBytes   669 Mbits/sec  59820  
[  5]  19.00-20.00  sec  79.4 MBytes   666 Mbits/sec  59570  
[  5]  20.00-21.00  sec  80.0 MBytes   672 Mbits/sec  60040  
[  5]  21.00-22.00  sec  80.7 MBytes   677 Mbits/sec  60530  
[  5]  22.00-23.00  sec  80.4 MBytes   675 Mbits/sec  60340  
[  5]  23.00-24.00  sec  80.8 MBytes   677 Mbits/sec  60570  
[  5]  24.00-25.00  sec  79.3 MBytes   665 Mbits/sec  59500  
[  5]  25.00-26.00  sec  76.9 MBytes   645 Mbits/sec  57690  
[  5]  26.00-27.00  sec  78.6 MBytes   659 Mbits/sec  58960  
[  5]  27.00-28.00  sec  80.3 MBytes   674 Mbits/sec  60220  
[  5]  28.00-29.00  sec  80.7 MBytes   677 Mbits/sec  60520  
[  5]  29.00-30.00  sec  79.6 MBytes   668 Mbits/sec  59690  
[  5]  30.00-31.00  sec  80.3 MBytes   674 Mbits/sec  60240  
[  5]  31.00-32.00  sec  80.0 MBytes   671 Mbits/sec  59970  
[  5]  32.00-33.00  sec  80.2 MBytes   673 Mbits/sec  60190  
[  5]  33.00-34.00  sec  79.8 MBytes   669 Mbits/sec  59830  
[  5]  34.00-35.00  sec  80.1 MBytes   672 Mbits/sec  60080  
[  5]  35.00-36.00  sec  80.7 MBytes   677 Mbits/sec  60530  
[  5]  36.00-37.00  sec  78.9 MBytes   662 Mbits/sec  59170  
[  5]  37.00-38.00  sec  78.7 MBytes   660 Mbits/sec  59030  
[  5]  38.00-39.00  sec  80.1 MBytes   672 Mbits/sec  60110  
[  5]  39.00-40.00  sec  79.1 MBytes   664 Mbits/sec  59360  
[  5]  40.00-41.00  sec  79.7 MBytes   669 Mbits/sec  59810  
[  5]  41.00-42.00  sec  78.9 MBytes   662 Mbits/sec  59180  
[  5]  42.00-43.00  sec  78.5 MBytes   659 Mbits/sec  58890  
[  5]  43.00-44.00  sec  80.4 MBytes   674 Mbits/sec  60300  
[  5]  44.00-45.00  sec  80.0 MBytes   671 Mbits/sec  60030  
[  5]  45.00-46.00  sec  80.3 MBytes   674 Mbits/sec  60260  
[  5]  46.00-47.00  sec  85.0 MBytes   713 Mbits/sec  63790  
[  5]  47.00-48.00  sec  94.0 MBytes   788 Mbits/sec  70480  
[  5]  48.00-49.00  sec  93.8 MBytes   787 Mbits/sec  70330  
[  5]  49.00-50.00  sec  93.0 MBytes   780 Mbits/sec  69760  
[  5]  50.00-51.00  sec  94.2 MBytes   790 Mbits/sec  70620  
[  5]  51.00-52.00  sec  94.1 MBytes   789 Mbits/sec  70550  
[  5]  52.00-53.00  sec  93.5 MBytes   785 Mbits/sec  70150  
[  5]  53.00-54.00  sec  93.7 MBytes   786 Mbits/sec  70250  
[  5]  54.00-55.00  sec  93.7 MBytes   786 Mbits/sec  70310  
[  5]  55.00-56.00  sec  93.9 MBytes   787 Mbits/sec  70410  
[  5]  56.00-57.00  sec  93.3 MBytes   783 Mbits/sec  69970  
[  5]  57.00-58.00  sec  93.5 MBytes   784 Mbits/sec  70130  
[  5]  58.00-59.00  sec  93.7 MBytes   786 Mbits/sec  70310  
[  5]  59.00-60.00  sec  93.6 MBytes   785 Mbits/sec  70210  
- - - - - - - - - - - - - - - - - - - - - - - - -
[ ID] Interval           Transfer     Bitrate         Jitter    Lost/Total Datagrams
[  5]   0.00-60.00  sec  4.94 GBytes   707 Mbits/sec  0.000 ms  0/3794640 (0%)  sender
[  5]   0.00-60.04  sec  4.94 GBytes   707 Mbits/sec  0.015 ms  1605/3794639 (0.042%)  receiver

iperf Done.
