Connecting to host knb-server-97814, port 5201
[  5] local 10.136.173.76 port 34180 connected to 10.43.225.183 port 5201
[ ID] Interval           Transfer     Bitrate         Total Datagrams
[  5]   0.00-1.00   sec  66.8 MBytes   561 Mbits/sec  59500  (omitted)
[  5]   0.00-1.00   sec  71.2 MBytes   597 Mbits/sec  63380  
[  5]   1.00-2.00   sec  71.9 MBytes   603 Mbits/sec  64020  
[  5]   2.00-3.00   sec  71.0 MBytes   596 Mbits/sec  63190  
[  5]   3.00-4.00   sec  70.9 MBytes   595 Mbits/sec  63150  
[  5]   4.00-5.00   sec  71.1 MBytes   596 Mbits/sec  63250  
[  5]   5.00-6.00   sec  72.1 MBytes   605 Mbits/sec  64180  
[  5]   6.00-7.00   sec  71.0 MBytes   595 Mbits/sec  63170  
[  5]   7.00-8.00   sec  66.2 MBytes   556 Mbits/sec  58940  
[  5]   8.00-9.00   sec  70.3 MBytes   590 Mbits/sec  62620  
[  5]   9.00-10.00  sec  71.0 MBytes   596 Mbits/sec  63230  
[  5]  10.00-11.00  sec  70.3 MBytes   590 Mbits/sec  62600  
[  5]  11.00-12.00  sec  67.1 MBytes   563 Mbits/sec  59760  
[  5]  12.00-13.00  sec  70.0 MBytes   588 Mbits/sec  62350  
[  5]  13.00-14.00  sec  51.9 MBytes   435 Mbits/sec  46180  
[  5]  14.00-15.00  sec  59.5 MBytes   499 Mbits/sec  52920  
[  5]  15.00-16.00  sec  72.5 MBytes   609 Mbits/sec  64570  
[  5]  16.00-17.00  sec  70.8 MBytes   594 Mbits/sec  63000  
[  5]  17.00-18.00  sec  71.1 MBytes   596 Mbits/sec  63290  
[  5]  18.00-19.00  sec  71.8 MBytes   602 Mbits/sec  63870  
[  5]  19.00-20.00  sec  67.4 MBytes   566 Mbits/sec  60030  
[  5]  20.00-21.00  sec  72.3 MBytes   607 Mbits/sec  64380  
[  5]  21.00-22.00  sec  70.6 MBytes   592 Mbits/sec  62860  
[  5]  22.00-23.00  sec  73.9 MBytes   620 Mbits/sec  65790  
[  5]  23.00-24.00  sec  57.0 MBytes   478 Mbits/sec  50780  
[  5]  24.00-25.00  sec  70.6 MBytes   592 Mbits/sec  62860  
[  5]  25.00-26.00  sec  71.6 MBytes   600 Mbits/sec  63720  
[  5]  26.00-27.00  sec  71.6 MBytes   601 Mbits/sec  63730  
[  5]  27.00-28.00  sec  67.3 MBytes   565 Mbits/sec  59910  
[  5]  28.00-29.00  sec  69.9 MBytes   586 Mbits/sec  62220  
[  5]  29.00-30.00  sec  70.6 MBytes   592 Mbits/sec  62810  
[  5]  30.00-31.00  sec  71.0 MBytes   596 Mbits/sec  63230  
[  5]  31.00-32.00  sec  62.4 MBytes   523 Mbits/sec  55510  
[  5]  32.00-33.00  sec  52.5 MBytes   441 Mbits/sec  46750  
[  5]  33.00-34.00  sec  51.7 MBytes   434 Mbits/sec  46040  
[  5]  34.00-35.00  sec  51.6 MBytes   433 Mbits/sec  45970  
[  5]  35.00-36.00  sec  62.9 MBytes   527 Mbits/sec  55970  
[  5]  36.00-37.00  sec  70.4 MBytes   590 Mbits/sec  62630  
[  5]  37.00-38.00  sec  71.2 MBytes   597 Mbits/sec  63360  
[  5]  38.00-39.00  sec  71.2 MBytes   597 Mbits/sec  63380  
[  5]  39.00-40.00  sec  71.2 MBytes   597 Mbits/sec  63370  
[  5]  40.00-41.00  sec  73.1 MBytes   614 Mbits/sec  65110  
[  5]  41.00-42.00  sec  68.6 MBytes   575 Mbits/sec  61030  
[  5]  42.00-43.00  sec  74.6 MBytes   626 Mbits/sec  66380  
[  5]  43.00-44.00  sec  71.7 MBytes   602 Mbits/sec  63840  
[  5]  44.00-45.00  sec  71.5 MBytes   600 Mbits/sec  63630  
[  5]  45.00-46.00  sec  73.5 MBytes   617 Mbits/sec  65440  
[  5]  46.00-47.00  sec  69.1 MBytes   580 Mbits/sec  61510  
[  5]  47.00-48.00  sec  67.7 MBytes   568 Mbits/sec  60250  
[  5]  48.00-49.00  sec  72.0 MBytes   604 Mbits/sec  64050  
[  5]  49.00-50.00  sec  71.1 MBytes   597 Mbits/sec  63300  
[  5]  50.00-51.00  sec  70.5 MBytes   592 Mbits/sec  62770  
[  5]  51.00-52.00  sec  68.0 MBytes   570 Mbits/sec  60520  
[  5]  52.00-53.00  sec  68.6 MBytes   576 Mbits/sec  61080  
[  5]  53.00-54.00  sec  71.6 MBytes   601 Mbits/sec  63730  
[  5]  54.00-55.00  sec  71.9 MBytes   603 Mbits/sec  64020  
[  5]  55.00-56.00  sec  71.1 MBytes   597 Mbits/sec  63300  
[  5]  56.00-57.00  sec  71.8 MBytes   602 Mbits/sec  63930  
[  5]  57.00-58.00  sec  62.3 MBytes   522 Mbits/sec  55420  
[  5]  58.00-59.00  sec  74.7 MBytes   627 Mbits/sec  66490  
[  5]  59.00-60.00  sec  71.2 MBytes   598 Mbits/sec  63400  
- - - - - - - - - - - - - - - - - - - - - - - - -
[ ID] Interval           Transfer     Bitrate         Jitter    Lost/Total Datagrams
[  5]   0.00-60.00  sec  4.03 GBytes   577 Mbits/sec  0.000 ms  0/3672170 (0%)  sender
[  5]   0.00-60.04  sec  1.74 GBytes   249 Mbits/sec  0.448 ms  2117692/3672170 (58%)  receiver

iperf Done.
