Connecting to host 10.136.80.131, port 5201
[  5] local 10.136.173.78 port 60456 connected to 10.136.80.131 port 5201
[ ID] Interval           Transfer     Bitrate         Retr  Cwnd
[  5]   0.00-1.00   sec  23.1 MBytes   194 Mbits/sec    0   1.05 MBytes       (omitted)
[  5]   0.00-1.00   sec  26.2 MBytes   220 Mbits/sec    0   2.33 MBytes       
[  5]   1.00-2.00   sec  28.8 MBytes   241 Mbits/sec   59   2.93 MBytes       
[  5]   2.00-3.00   sec  26.2 MBytes   220 Mbits/sec  115   1.44 MBytes       
[  5]   3.00-4.00   sec  28.8 MBytes   241 Mbits/sec   51   1.06 MBytes       
[  5]   4.00-5.00   sec  30.0 MBytes   252 Mbits/sec    0   1.17 MBytes       
[  5]   5.00-6.00   sec  35.0 MBytes   294 Mbits/sec    0   1.26 MBytes       
[  5]   6.00-7.00   sec  33.8 MBytes   283 Mbits/sec   40    964 KBytes       
[  5]   7.00-8.00   sec  35.0 MBytes   294 Mbits/sec    0   1017 KBytes       
[  5]   8.00-9.00   sec  26.2 MBytes   220 Mbits/sec    0   1.03 MBytes       
[  5]   9.00-10.00  sec  26.2 MBytes   220 Mbits/sec    0   1.06 MBytes       
[  5]  10.00-11.00  sec  27.5 MBytes   231 Mbits/sec    0   1.07 MBytes       
[  5]  11.00-12.00  sec  35.0 MBytes   293 Mbits/sec    0   1.08 MBytes       
[  5]  12.00-13.00  sec  33.8 MBytes   283 Mbits/sec    0   1.08 MBytes       
[  5]  13.00-14.00  sec  27.5 MBytes   231 Mbits/sec    0   1.08 MBytes       
[  5]  14.00-15.00  sec  30.0 MBytes   252 Mbits/sec   11    831 KBytes       
[  5]  15.00-16.00  sec  30.0 MBytes   252 Mbits/sec    0    917 KBytes       
[  5]  16.00-17.00  sec  26.2 MBytes   220 Mbits/sec    0    984 KBytes       
[  5]  17.00-18.00  sec  32.5 MBytes   273 Mbits/sec    0   1.01 MBytes       
[  5]  18.00-19.00  sec  31.2 MBytes   262 Mbits/sec    0   1.04 MBytes       
[  5]  19.00-20.00  sec  33.8 MBytes   283 Mbits/sec   46    796 KBytes       
[  5]  20.00-21.00  sec  27.5 MBytes   231 Mbits/sec    0    843 KBytes       
[  5]  21.00-22.00  sec  27.5 MBytes   231 Mbits/sec    0    874 KBytes       
[  5]  22.00-23.00  sec  32.5 MBytes   273 Mbits/sec    0    895 KBytes       
[  5]  23.00-24.00  sec  32.5 MBytes   273 Mbits/sec  104    668 KBytes       
[  5]  24.00-25.00  sec  27.5 MBytes   231 Mbits/sec    0    709 KBytes       
[  5]  25.00-26.00  sec  25.0 MBytes   210 Mbits/sec    0    736 KBytes       
[  5]  26.00-27.00  sec  27.5 MBytes   231 Mbits/sec    0    752 KBytes       
[  5]  27.00-28.00  sec  32.5 MBytes   273 Mbits/sec    0    760 KBytes       
[  5]  28.00-29.00  sec  35.0 MBytes   294 Mbits/sec    0    775 KBytes       
[  5]  29.00-30.00  sec  33.8 MBytes   283 Mbits/sec   52    598 KBytes       
[  5]  30.00-31.00  sec  32.5 MBytes   273 Mbits/sec    0    664 KBytes       
[  5]  31.00-32.00  sec  31.2 MBytes   262 Mbits/sec    0    712 KBytes       
[  5]  32.00-33.00  sec  33.8 MBytes   283 Mbits/sec    0    747 KBytes       
[  5]  33.00-34.00  sec  35.0 MBytes   293 Mbits/sec    0    767 KBytes       
[  5]  34.00-35.00  sec  33.8 MBytes   283 Mbits/sec    0    779 KBytes       
[  5]  35.00-36.00  sec  32.5 MBytes   273 Mbits/sec    0    783 KBytes       
[  5]  36.00-37.00  sec  32.5 MBytes   273 Mbits/sec    0    785 KBytes       
[  5]  37.00-38.00  sec  30.0 MBytes   252 Mbits/sec    0    793 KBytes       
[  5]  38.00-39.00  sec  32.5 MBytes   273 Mbits/sec    0    818 KBytes       
[  5]  39.00-40.00  sec  35.0 MBytes   294 Mbits/sec    0    843 KBytes       
[  5]  40.00-41.00  sec  28.8 MBytes   241 Mbits/sec    0    865 KBytes       
[  5]  41.00-42.00  sec  32.5 MBytes   273 Mbits/sec    0    888 KBytes       
[  5]  42.00-43.00  sec  30.0 MBytes   252 Mbits/sec    0    910 KBytes       
[  5]  43.00-44.00  sec  31.2 MBytes   262 Mbits/sec    0    931 KBytes       
[  5]  44.00-45.00  sec  35.0 MBytes   294 Mbits/sec    0    986 KBytes       
[  5]  45.00-46.00  sec  25.0 MBytes   210 Mbits/sec    0   1.05 MBytes       
[  5]  46.00-47.00  sec  32.5 MBytes   273 Mbits/sec    0   1.16 MBytes       
[  5]  47.00-48.00  sec  30.0 MBytes   252 Mbits/sec    0   1.30 MBytes       
[  5]  48.00-49.00  sec  33.8 MBytes   283 Mbits/sec  180    349 KBytes       
[  5]  49.00-50.00  sec  28.8 MBytes   241 Mbits/sec   20    292 KBytes       
[  5]  50.00-51.00  sec  27.5 MBytes   231 Mbits/sec    0    350 KBytes       
[  5]  51.00-52.00  sec  28.8 MBytes   241 Mbits/sec    0    396 KBytes       
[  5]  52.00-53.00  sec  26.2 MBytes   220 Mbits/sec    0    437 KBytes       
[  5]  53.00-54.00  sec  28.8 MBytes   241 Mbits/sec    0    476 KBytes       
[  5]  54.00-55.00  sec  31.2 MBytes   262 Mbits/sec    0    517 KBytes       
[  5]  55.00-56.00  sec  33.8 MBytes   283 Mbits/sec    0    556 KBytes       
[  5]  56.00-57.00  sec  35.0 MBytes   294 Mbits/sec    0    594 KBytes       
[  5]  57.00-58.00  sec  33.8 MBytes   283 Mbits/sec    0    628 KBytes       
[  5]  58.00-59.00  sec  32.5 MBytes   273 Mbits/sec    0    660 KBytes       
[  5]  59.00-60.00  sec  28.8 MBytes   241 Mbits/sec    0    688 KBytes       
- - - - - - - - - - - - - - - - - - - - - - - - -
[ ID] Interval           Transfer     Bitrate         Retr
[  5]   0.00-60.00  sec  1.80 GBytes   258 Mbits/sec  678             sender
[  5]   0.00-60.06  sec  1.81 GBytes   258 Mbits/sec                  receiver

iperf Done.
