Connecting to host 10.136.80.131, port 5201
[  5] local 10.136.173.72 port 45238 connected to 10.136.80.131 port 5201
[ ID] Interval           Transfer     Bitrate         Total Datagrams
[  5]   0.00-1.00   sec  66.1 MBytes   554 Mbits/sec  58840  (omitted)
[  5]   0.00-1.00   sec  55.7 MBytes   468 Mbits/sec  49620  
[  5]   1.00-2.00   sec  56.5 MBytes   474 Mbits/sec  50280  
[  5]   2.00-3.00   sec  70.4 MBytes   590 Mbits/sec  62640  
[  5]   3.00-4.00   sec  75.3 MBytes   632 Mbits/sec  67020  
[  5]   4.00-5.00   sec  74.0 MBytes   621 Mbits/sec  65860  
[  5]   5.00-6.00   sec  75.4 MBytes   633 Mbits/sec  67130  
[  5]   6.00-7.00   sec  73.6 MBytes   617 Mbits/sec  65470  
[  5]   7.00-8.00   sec  73.6 MBytes   617 Mbits/sec  65520  
[  5]   8.00-9.00   sec  73.7 MBytes   618 Mbits/sec  65580  
[  5]   9.00-10.00  sec  69.9 MBytes   587 Mbits/sec  62220  
[  5]  10.00-11.00  sec  60.7 MBytes   509 Mbits/sec  54000  
[  5]  11.00-12.00  sec  63.1 MBytes   530 Mbits/sec  56210  
[  5]  12.00-13.00  sec  63.3 MBytes   531 Mbits/sec  56310  
[  5]  13.00-14.00  sec  67.3 MBytes   565 Mbits/sec  59940  
[  5]  14.00-15.00  sec  75.4 MBytes   632 Mbits/sec  67110  
[  5]  15.00-16.00  sec  74.6 MBytes   625 Mbits/sec  66360  
[  5]  16.00-17.00  sec  72.7 MBytes   610 Mbits/sec  64750  
[  5]  17.00-18.00  sec  74.4 MBytes   625 Mbits/sec  66270  
[  5]  18.00-19.00  sec  74.2 MBytes   623 Mbits/sec  66090  
[  5]  19.00-20.00  sec  75.6 MBytes   634 Mbits/sec  67260  
[  5]  20.00-21.00  sec  75.0 MBytes   629 Mbits/sec  66790  
[  5]  21.00-22.00  sec  73.5 MBytes   617 Mbits/sec  65460  
[  5]  22.00-23.00  sec  67.2 MBytes   563 Mbits/sec  59780  
[  5]  23.00-24.00  sec  73.9 MBytes   620 Mbits/sec  65750  
[  5]  24.00-25.00  sec  76.2 MBytes   639 Mbits/sec  67790  
[  5]  25.00-26.00  sec  74.7 MBytes   627 Mbits/sec  66490  
[  5]  26.00-27.00  sec  74.6 MBytes   626 Mbits/sec  66410  
[  5]  27.00-28.00  sec  73.7 MBytes   619 Mbits/sec  65640  
[  5]  28.00-29.00  sec  73.2 MBytes   614 Mbits/sec  65130  
[  5]  29.00-30.00  sec  73.2 MBytes   614 Mbits/sec  65160  
[  5]  30.00-31.00  sec  75.0 MBytes   629 Mbits/sec  66750  
[  5]  31.00-32.00  sec  75.2 MBytes   631 Mbits/sec  66980  
[  5]  32.00-33.00  sec  73.7 MBytes   618 Mbits/sec  65620  
[  5]  33.00-34.00  sec  73.7 MBytes   618 Mbits/sec  65600  
[  5]  34.00-35.00  sec  74.2 MBytes   623 Mbits/sec  66090  
[  5]  35.00-36.00  sec  74.7 MBytes   626 Mbits/sec  66460  
[  5]  36.00-37.00  sec  61.8 MBytes   519 Mbits/sec  55050  
[  5]  37.00-38.00  sec  54.5 MBytes   457 Mbits/sec  48540  
[  5]  38.00-39.00  sec  56.9 MBytes   477 Mbits/sec  50650  
[  5]  39.00-40.00  sec  77.1 MBytes   647 Mbits/sec  68640  
[  5]  40.00-41.00  sec  76.4 MBytes   641 Mbits/sec  68040  
[  5]  41.00-42.00  sec  74.9 MBytes   629 Mbits/sec  66710  
[  5]  42.00-43.00  sec  74.4 MBytes   624 Mbits/sec  66190  
[  5]  43.00-44.00  sec  77.3 MBytes   648 Mbits/sec  68800  
[  5]  44.00-45.00  sec  76.5 MBytes   642 Mbits/sec  68090  
[  5]  45.00-46.00  sec  76.5 MBytes   642 Mbits/sec  68090  
[  5]  46.00-47.00  sec  75.2 MBytes   630 Mbits/sec  66910  
[  5]  47.00-48.00  sec  74.0 MBytes   621 Mbits/sec  65880  
[  5]  48.00-49.00  sec  66.0 MBytes   554 Mbits/sec  58760  
[  5]  49.00-50.00  sec  74.5 MBytes   625 Mbits/sec  66340  
[  5]  50.00-51.00  sec  75.9 MBytes   637 Mbits/sec  67600  
[  5]  51.00-52.00  sec  75.6 MBytes   634 Mbits/sec  67260  
[  5]  52.00-53.00  sec  74.7 MBytes   627 Mbits/sec  66520  
[  5]  53.00-54.00  sec  73.0 MBytes   613 Mbits/sec  65000  
[  5]  54.00-55.00  sec  74.6 MBytes   626 Mbits/sec  66390  
[  5]  55.00-56.00  sec  68.9 MBytes   578 Mbits/sec  61300  
[  5]  56.00-57.00  sec  74.0 MBytes   621 Mbits/sec  65860  
[  5]  57.00-58.00  sec  74.6 MBytes   626 Mbits/sec  66390  
[  5]  58.00-59.00  sec  74.0 MBytes   620 Mbits/sec  65840  
[  5]  59.00-60.00  sec  67.0 MBytes   562 Mbits/sec  59620  
- - - - - - - - - - - - - - - - - - - - - - - - -
[ ID] Interval           Transfer     Bitrate         Jitter    Lost/Total Datagrams
[  5]   0.00-60.00  sec  4.21 GBytes   603 Mbits/sec  0.000 ms  0/3836010 (0%)  sender
[  5]   0.00-60.14  sec  1.57 GBytes   224 Mbits/sec  0.009 ms  2445249/3836010 (64%)  receiver

iperf Done.
