Connecting to host 10.136.80.166, port 5201
[  5] local 10.136.173.102 port 43641 connected to 10.136.80.166 port 5201
[ ID] Interval           Transfer     Bitrate         Total Datagrams
[  5]   0.00-1.00   sec  65.1 MBytes   546 Mbits/sec  57940  (omitted)
[  5]   0.00-1.00   sec  64.7 MBytes   543 Mbits/sec  57580  
[  5]   1.00-2.00   sec  61.8 MBytes   518 Mbits/sec  54970  
[  5]   2.00-3.00   sec  54.7 MBytes   459 Mbits/sec  48670  
[  5]   3.00-4.00   sec  67.0 MBytes   562 Mbits/sec  59650  
[  5]   4.00-5.00   sec  65.3 MBytes   548 Mbits/sec  58140  
[  5]   5.00-6.00   sec  61.2 MBytes   513 Mbits/sec  54450  
[  5]   6.00-7.00   sec  65.8 MBytes   552 Mbits/sec  58570  
[  5]   7.00-8.00   sec  62.8 MBytes   527 Mbits/sec  55880  
[  5]   8.00-9.00   sec  63.0 MBytes   528 Mbits/sec  56060  
[  5]   9.00-10.00  sec  61.6 MBytes   517 Mbits/sec  54860  
[  5]  10.00-11.00  sec  61.9 MBytes   520 Mbits/sec  55140  
[  5]  11.00-12.00  sec  60.2 MBytes   505 Mbits/sec  53560  
[  5]  12.00-13.00  sec  64.7 MBytes   543 Mbits/sec  57610  
[  5]  13.00-14.00  sec  54.7 MBytes   458 Mbits/sec  48650  
[  5]  14.00-15.00  sec  51.2 MBytes   429 Mbits/sec  45560  
[  5]  15.00-16.00  sec  55.2 MBytes   463 Mbits/sec  49100  
[  5]  16.00-17.00  sec  65.1 MBytes   546 Mbits/sec  57960  
[  5]  17.00-18.00  sec  61.5 MBytes   516 Mbits/sec  54760  
[  5]  18.00-19.00  sec  63.1 MBytes   529 Mbits/sec  56160  
[  5]  19.00-20.00  sec  58.8 MBytes   493 Mbits/sec  52310  
[  5]  20.00-21.00  sec  62.6 MBytes   525 Mbits/sec  55720  
[  5]  21.00-22.00  sec  64.6 MBytes   542 Mbits/sec  57520  
[  5]  22.00-23.00  sec  62.4 MBytes   524 Mbits/sec  55580  
[  5]  23.00-24.00  sec  63.5 MBytes   533 Mbits/sec  56510  
[  5]  24.00-25.00  sec  64.6 MBytes   542 Mbits/sec  57540  
[  5]  25.00-26.00  sec  65.0 MBytes   545 Mbits/sec  57870  
[  5]  26.00-27.00  sec  64.5 MBytes   541 Mbits/sec  57410  
[  5]  27.00-28.00  sec  63.2 MBytes   530 Mbits/sec  56260  
[  5]  28.00-29.00  sec  71.2 MBytes   597 Mbits/sec  63360  
[  5]  29.00-30.00  sec  56.8 MBytes   477 Mbits/sec  50580  
[  5]  30.00-31.00  sec  64.8 MBytes   543 Mbits/sec  57660  
[  5]  31.00-32.00  sec  61.3 MBytes   514 Mbits/sec  54580  
[  5]  32.00-33.00  sec  62.0 MBytes   520 Mbits/sec  55150  
[  5]  33.00-34.00  sec  63.2 MBytes   530 Mbits/sec  56230  
[  5]  34.00-35.00  sec  63.1 MBytes   529 Mbits/sec  56170  
[  5]  35.00-36.00  sec  62.1 MBytes   521 Mbits/sec  55280  
[  5]  36.00-37.00  sec  62.1 MBytes   521 Mbits/sec  55290  
[  5]  37.00-38.00  sec  68.1 MBytes   572 Mbits/sec  60650  
[  5]  38.00-39.00  sec  64.7 MBytes   542 Mbits/sec  57550  
[  5]  39.00-40.00  sec  59.6 MBytes   500 Mbits/sec  53070  
[  5]  40.00-41.00  sec  52.3 MBytes   439 Mbits/sec  46580  
[  5]  41.00-42.00  sec  55.2 MBytes   463 Mbits/sec  49170  
[  5]  42.00-43.00  sec  62.4 MBytes   523 Mbits/sec  55510  
[  5]  43.00-44.00  sec  63.2 MBytes   530 Mbits/sec  56270  
[  5]  44.00-45.00  sec  61.4 MBytes   515 Mbits/sec  54690  
[  5]  45.00-46.00  sec  61.1 MBytes   513 Mbits/sec  54390  
[  5]  46.00-47.00  sec  60.6 MBytes   509 Mbits/sec  53980  
[  5]  47.00-48.00  sec  68.7 MBytes   576 Mbits/sec  61150  
[  5]  48.00-49.00  sec  64.3 MBytes   539 Mbits/sec  57220  
[  5]  49.00-50.00  sec  68.2 MBytes   572 Mbits/sec  60720  
[  5]  50.00-51.00  sec  65.3 MBytes   548 Mbits/sec  58170  
[  5]  51.00-52.00  sec  53.9 MBytes   452 Mbits/sec  48010  
[  5]  52.00-53.00  sec  51.0 MBytes   427 Mbits/sec  45360  
[  5]  53.00-54.00  sec  61.8 MBytes   519 Mbits/sec  55050  
[  5]  54.00-55.00  sec  62.0 MBytes   520 Mbits/sec  55170  
[  5]  55.00-56.00  sec  63.0 MBytes   529 Mbits/sec  56110  
[  5]  56.00-57.00  sec  61.0 MBytes   512 Mbits/sec  54330  
[  5]  57.00-58.00  sec  62.6 MBytes   525 Mbits/sec  55730  
[  5]  58.00-59.00  sec  63.2 MBytes   530 Mbits/sec  56250  
[  5]  59.00-60.00  sec  61.8 MBytes   519 Mbits/sec  55020  
- - - - - - - - - - - - - - - - - - - - - - - - -
[ ID] Interval           Transfer     Bitrate         Jitter    Lost/Total Datagrams
[  5]   0.00-60.00  sec  3.63 GBytes   520 Mbits/sec  0.000 ms  0/3308500 (0%)  sender
[  5]   0.00-60.04  sec  3.55 GBytes   508 Mbits/sec  0.021 ms  77820/3308498 (2.4%)  receiver

iperf Done.
