Connecting to host knb-server-484676, port 5201
[  5] local 10.136.173.105 port 37130 connected to 10.43.108.183 port 5201
[ ID] Interval           Transfer     Bitrate         Total Datagrams
[  5]   0.00-1.00   sec  53.0 MBytes   445 Mbits/sec  47180  (omitted)
[  5]   0.00-1.00   sec  80.3 MBytes   674 Mbits/sec  71470  
[  5]   1.00-2.00   sec  81.2 MBytes   681 Mbits/sec  72280  
[  5]   2.00-3.00   sec  80.3 MBytes   673 Mbits/sec  71440  
[  5]   3.00-4.00   sec  80.5 MBytes   675 Mbits/sec  71670  
[  5]   4.00-5.00   sec  81.2 MBytes   681 Mbits/sec  72240  
[  5]   5.00-6.00   sec  81.7 MBytes   685 Mbits/sec  72680  
[  5]   6.00-7.00   sec  80.4 MBytes   674 Mbits/sec  71540  
[  5]   7.00-8.00   sec  80.3 MBytes   674 Mbits/sec  71470  
[  5]   8.00-9.00   sec  81.0 MBytes   679 Mbits/sec  72090  
[  5]   9.00-10.00  sec  80.3 MBytes   674 Mbits/sec  71520  
[  5]  10.00-11.00  sec  79.8 MBytes   669 Mbits/sec  71040  
[  5]  11.00-12.00  sec  81.7 MBytes   685 Mbits/sec  72690  
[  5]  12.00-13.00  sec  81.0 MBytes   680 Mbits/sec  72130  
[  5]  13.00-14.00  sec  80.7 MBytes   677 Mbits/sec  71790  
[  5]  14.00-15.00  sec  80.5 MBytes   675 Mbits/sec  71670  
[  5]  15.00-16.00  sec  80.8 MBytes   678 Mbits/sec  71940  
[  5]  16.00-17.00  sec  79.7 MBytes   668 Mbits/sec  70930  
[  5]  17.00-18.00  sec  79.6 MBytes   668 Mbits/sec  70830  
[  5]  18.00-19.00  sec  79.1 MBytes   664 Mbits/sec  70430  
[  5]  19.00-20.00  sec  81.2 MBytes   681 Mbits/sec  72260  
[  5]  20.00-21.00  sec  79.7 MBytes   669 Mbits/sec  70960  
[  5]  21.00-22.00  sec  79.2 MBytes   665 Mbits/sec  70530  
[  5]  22.00-23.00  sec  78.8 MBytes   661 Mbits/sec  70140  
[  5]  23.00-24.00  sec  78.8 MBytes   661 Mbits/sec  70110  
[  5]  24.00-25.00  sec  79.8 MBytes   669 Mbits/sec  70990  
[  5]  25.00-26.00  sec  79.9 MBytes   670 Mbits/sec  71140  
[  5]  26.00-27.00  sec  78.9 MBytes   662 Mbits/sec  70230  
[  5]  27.00-28.00  sec  78.2 MBytes   656 Mbits/sec  69590  
[  5]  28.00-29.00  sec  77.7 MBytes   652 Mbits/sec  69140  
[  5]  29.00-30.00  sec  79.1 MBytes   664 Mbits/sec  70450  
[  5]  30.00-31.00  sec  78.8 MBytes   661 Mbits/sec  70110  
[  5]  31.00-32.00  sec  79.6 MBytes   667 Mbits/sec  70820  
[  5]  32.00-33.00  sec  79.5 MBytes   667 Mbits/sec  70810  
[  5]  33.00-34.00  sec  80.7 MBytes   677 Mbits/sec  71860  
[  5]  34.00-35.00  sec  80.1 MBytes   672 Mbits/sec  71340  
[  5]  35.00-36.00  sec  80.2 MBytes   673 Mbits/sec  71380  
[  5]  36.00-37.00  sec  78.4 MBytes   658 Mbits/sec  69830  
[  5]  37.00-38.00  sec  81.4 MBytes   683 Mbits/sec  72490  
[  5]  38.00-39.00  sec  81.3 MBytes   682 Mbits/sec  72390  
[  5]  39.00-40.00  sec  81.7 MBytes   685 Mbits/sec  72710  
[  5]  40.00-41.00  sec  80.4 MBytes   674 Mbits/sec  71570  
[  5]  41.00-42.00  sec  82.2 MBytes   689 Mbits/sec  73150  
[  5]  42.00-43.00  sec  82.3 MBytes   691 Mbits/sec  73270  
[  5]  43.00-44.00  sec  81.3 MBytes   682 Mbits/sec  72330  
[  5]  44.00-45.00  sec  81.7 MBytes   686 Mbits/sec  72750  
[  5]  45.00-46.00  sec  81.8 MBytes   686 Mbits/sec  72840  
[  5]  46.00-47.00  sec  80.6 MBytes   676 Mbits/sec  71740  
[  5]  47.00-48.00  sec  82.5 MBytes   692 Mbits/sec  73410  
[  5]  48.00-49.00  sec  81.3 MBytes   682 Mbits/sec  72400  
[  5]  49.00-50.00  sec  81.3 MBytes   682 Mbits/sec  72330  
[  5]  50.00-51.00  sec  81.6 MBytes   684 Mbits/sec  72620  
[  5]  51.00-52.00  sec  81.6 MBytes   684 Mbits/sec  72620  
[  5]  52.00-53.00  sec  81.7 MBytes   686 Mbits/sec  72760  
[  5]  53.00-54.00  sec  81.0 MBytes   680 Mbits/sec  72140  
[  5]  54.00-55.00  sec  81.1 MBytes   680 Mbits/sec  72190  
[  5]  55.00-56.00  sec  81.8 MBytes   686 Mbits/sec  72770  
[  5]  56.00-57.00  sec  80.9 MBytes   678 Mbits/sec  71980  
[  5]  57.00-58.00  sec  81.6 MBytes   685 Mbits/sec  72650  
[  5]  58.00-59.00  sec  80.9 MBytes   678 Mbits/sec  71990  
[  5]  59.00-60.00  sec  81.9 MBytes   687 Mbits/sec  72880  
- - - - - - - - - - - - - - - - - - - - - - - - -
[ ID] Interval           Transfer     Bitrate         Jitter    Lost/Total Datagrams
[  5]   0.00-60.00  sec  4.72 GBytes   676 Mbits/sec  0.000 ms  0/4301520 (0%)  sender
[  5]   0.00-61.26  sec   194 MBytes  26.6 Mbits/sec  0.028 ms  4172491/4299208 (97%)  receiver

iperf Done.
