Connecting to host 10.136.80.145, port 5201
[  5] local 10.136.173.82 port 56039 connected to 10.136.80.145 port 5201
[ ID] Interval           Transfer     Bitrate         Total Datagrams
[  5]   0.00-1.00   sec  76.6 MBytes   643 Mbits/sec  68210  (omitted)
[  5]   0.00-1.00   sec  78.4 MBytes   658 Mbits/sec  69810  
[  5]   1.00-2.00   sec  79.8 MBytes   669 Mbits/sec  71040  
[  5]   2.00-3.00   sec  81.2 MBytes   681 Mbits/sec  72300  
[  5]   3.00-4.00   sec  81.9 MBytes   687 Mbits/sec  72880  
[  5]   4.00-5.00   sec  80.8 MBytes   677 Mbits/sec  71880  
[  5]   5.00-6.00   sec  81.8 MBytes   686 Mbits/sec  72820  
[  5]   6.00-7.00   sec  81.8 MBytes   686 Mbits/sec  72820  
[  5]   7.00-8.00   sec  82.3 MBytes   690 Mbits/sec  73230  
[  5]   8.00-9.00   sec  81.1 MBytes   680 Mbits/sec  72200  
[  5]   9.00-10.00  sec  81.8 MBytes   686 Mbits/sec  72780  
[  5]  10.00-11.00  sec  81.9 MBytes   687 Mbits/sec  72860  
[  5]  11.00-12.00  sec  82.6 MBytes   693 Mbits/sec  73530  
[  5]  12.00-13.00  sec  81.7 MBytes   685 Mbits/sec  72730  
[  5]  13.00-14.00  sec  81.5 MBytes   684 Mbits/sec  72530  
[  5]  14.00-15.00  sec  81.8 MBytes   686 Mbits/sec  72830  
[  5]  15.00-16.00  sec  82.0 MBytes   688 Mbits/sec  72950  
[  5]  16.00-17.00  sec  80.8 MBytes   678 Mbits/sec  71900  
[  5]  17.00-18.00  sec  82.6 MBytes   693 Mbits/sec  73540  
[  5]  18.00-19.00  sec  81.3 MBytes   682 Mbits/sec  72400  
[  5]  19.00-20.00  sec  81.1 MBytes   680 Mbits/sec  72170  
[  5]  20.00-21.00  sec  82.8 MBytes   694 Mbits/sec  73690  
[  5]  21.00-22.00  sec  82.4 MBytes   692 Mbits/sec  73380  
[  5]  22.00-23.00  sec  81.4 MBytes   683 Mbits/sec  72430  
[  5]  23.00-24.00  sec  80.2 MBytes   673 Mbits/sec  71380  
[  5]  24.00-25.00  sec  79.0 MBytes   663 Mbits/sec  70330  
[  5]  25.00-26.00  sec  80.6 MBytes   676 Mbits/sec  71750  
[  5]  26.00-27.00  sec  80.0 MBytes   671 Mbits/sec  71190  
[  5]  27.00-28.00  sec  79.5 MBytes   667 Mbits/sec  70800  
[  5]  28.00-29.00  sec  79.4 MBytes   666 Mbits/sec  70720  
[  5]  29.00-30.00  sec  82.7 MBytes   694 Mbits/sec  73600  
[  5]  30.00-31.00  sec  77.6 MBytes   651 Mbits/sec  69100  
[  5]  31.00-32.00  sec  81.7 MBytes   685 Mbits/sec  72680  
[  5]  32.00-33.00  sec  79.6 MBytes   668 Mbits/sec  70890  
[  5]  33.00-34.00  sec  82.1 MBytes   688 Mbits/sec  73050  
[  5]  34.00-35.00  sec  81.5 MBytes   683 Mbits/sec  72510  
[  5]  35.00-36.00  sec  81.4 MBytes   683 Mbits/sec  72430  
[  5]  36.00-37.00  sec  82.7 MBytes   694 Mbits/sec  73610  
[  5]  37.00-38.00  sec  82.3 MBytes   691 Mbits/sec  73280  
[  5]  38.00-39.00  sec  73.3 MBytes   615 Mbits/sec  65250  
[  5]  39.00-40.00  sec  81.1 MBytes   681 Mbits/sec  72210  
[  5]  40.00-41.00  sec  80.8 MBytes   678 Mbits/sec  71900  
[  5]  41.00-42.00  sec  81.7 MBytes   685 Mbits/sec  72730  
[  5]  42.00-43.00  sec  82.3 MBytes   690 Mbits/sec  73220  
[  5]  43.00-44.00  sec  82.0 MBytes   688 Mbits/sec  73020  
[  5]  44.00-45.00  sec  81.4 MBytes   683 Mbits/sec  72460  
[  5]  45.00-46.00  sec  82.5 MBytes   692 Mbits/sec  73440  
[  5]  46.00-47.00  sec  82.9 MBytes   696 Mbits/sec  73810  
[  5]  47.00-48.00  sec  82.4 MBytes   691 Mbits/sec  73310  
[  5]  48.00-49.00  sec  81.9 MBytes   687 Mbits/sec  72910  
[  5]  49.00-50.00  sec  82.9 MBytes   696 Mbits/sec  73830  
[  5]  50.00-51.00  sec  80.1 MBytes   672 Mbits/sec  71340  
[  5]  51.00-52.00  sec  81.0 MBytes   680 Mbits/sec  72140  
[  5]  52.00-53.00  sec  81.1 MBytes   680 Mbits/sec  72200  
[  5]  53.00-54.00  sec  81.5 MBytes   684 Mbits/sec  72580  
[  5]  54.00-55.00  sec  81.0 MBytes   679 Mbits/sec  72090  
[  5]  55.00-56.00  sec  81.2 MBytes   681 Mbits/sec  72320  
[  5]  56.00-57.00  sec  80.9 MBytes   678 Mbits/sec  71980  
[  5]  57.00-58.00  sec  80.3 MBytes   674 Mbits/sec  71510  
[  5]  58.00-59.00  sec  80.8 MBytes   678 Mbits/sec  71930  
[  5]  59.00-60.00  sec  80.2 MBytes   672 Mbits/sec  71350  
- - - - - - - - - - - - - - - - - - - - - - - - -
[ ID] Interval           Transfer     Bitrate         Jitter    Lost/Total Datagrams
[  5]   0.00-60.00  sec  4.75 GBytes   681 Mbits/sec  0.000 ms  0/4333550 (0%)  sender
[  5]   0.00-60.08  sec  2.48 GBytes   355 Mbits/sec  0.010 ms  2100968/4333550 (48%)  receiver

iperf Done.
