Connecting to host 10.136.80.138, port 5201
[  5] local 10.136.173.74 port 51768 connected to 10.136.80.138 port 5201
[ ID] Interval           Transfer     Bitrate         Total Datagrams
[  5]   0.00-1.00   sec  52.7 MBytes   442 Mbits/sec  46900  (omitted)
[  5]   0.00-1.00   sec  53.8 MBytes   451 Mbits/sec  47900  
[  5]   1.00-2.00   sec  51.6 MBytes   432 Mbits/sec  45890  
[  5]   2.00-3.00   sec  53.3 MBytes   447 Mbits/sec  47410  
[  5]   3.00-4.00   sec  50.0 MBytes   419 Mbits/sec  44470  
[  5]   4.00-5.00   sec  49.7 MBytes   417 Mbits/sec  44230  
[  5]   5.00-6.00   sec  51.5 MBytes   432 Mbits/sec  45820  
[  5]   6.00-7.00   sec  54.3 MBytes   455 Mbits/sec  48310  
[  5]   7.00-8.00   sec  57.0 MBytes   478 Mbits/sec  50740  
[  5]   8.00-9.00   sec  58.1 MBytes   487 Mbits/sec  51690  
[  5]   9.00-10.00  sec  52.3 MBytes   439 Mbits/sec  46560  
[  5]  10.00-11.00  sec  53.0 MBytes   444 Mbits/sec  47160  
[  5]  11.00-12.00  sec  58.3 MBytes   489 Mbits/sec  51880  
[  5]  12.00-13.00  sec  53.7 MBytes   450 Mbits/sec  47770  
[  5]  13.00-14.00  sec  52.5 MBytes   441 Mbits/sec  46750  
[  5]  14.00-15.00  sec  54.6 MBytes   458 Mbits/sec  48630  
[  5]  15.00-16.00  sec  56.2 MBytes   471 Mbits/sec  49990  
[  5]  16.00-17.00  sec  60.9 MBytes   511 Mbits/sec  54210  
[  5]  17.00-18.00  sec  56.8 MBytes   476 Mbits/sec  50540  
[  5]  18.00-19.00  sec  56.6 MBytes   475 Mbits/sec  50400  
[  5]  19.00-20.00  sec  55.8 MBytes   468 Mbits/sec  49650  
[  5]  20.00-21.00  sec  57.3 MBytes   480 Mbits/sec  50980  
[  5]  21.00-22.00  sec  61.8 MBytes   519 Mbits/sec  55050  
[  5]  22.00-23.00  sec  54.3 MBytes   455 Mbits/sec  48290  
[  5]  23.00-24.00  sec  56.9 MBytes   478 Mbits/sec  50680  
[  5]  24.00-25.00  sec  59.5 MBytes   499 Mbits/sec  52920  
[  5]  25.00-26.00  sec  52.7 MBytes   442 Mbits/sec  46890  
[  5]  26.00-27.00  sec  51.1 MBytes   429 Mbits/sec  45510  
[  5]  27.00-28.00  sec  55.5 MBytes   466 Mbits/sec  49410  
[  5]  28.00-29.00  sec  52.7 MBytes   442 Mbits/sec  46930  
[  5]  29.00-30.00  sec  50.6 MBytes   424 Mbits/sec  45000  
[  5]  30.00-31.00  sec  53.5 MBytes   449 Mbits/sec  47620  
[  5]  31.00-32.00  sec  56.3 MBytes   472 Mbits/sec  50120  
[  5]  32.00-33.00  sec  52.9 MBytes   444 Mbits/sec  47100  
[  5]  33.00-34.00  sec  54.0 MBytes   453 Mbits/sec  48050  
[  5]  34.00-35.00  sec  56.2 MBytes   471 Mbits/sec  50010  
[  5]  35.00-36.00  sec  58.4 MBytes   490 Mbits/sec  51950  
[  5]  36.00-37.00  sec  53.4 MBytes   448 Mbits/sec  47540  
[  5]  37.00-38.00  sec  55.4 MBytes   465 Mbits/sec  49310  
[  5]  38.00-39.00  sec  52.6 MBytes   441 Mbits/sec  46780  
[  5]  39.00-40.00  sec  55.5 MBytes   465 Mbits/sec  49360  
[  5]  40.00-41.00  sec  52.5 MBytes   440 Mbits/sec  46720  
[  5]  41.00-42.00  sec  52.9 MBytes   444 Mbits/sec  47110  
[  5]  42.00-43.00  sec  50.1 MBytes   420 Mbits/sec  44600  
[  5]  43.00-44.00  sec  60.3 MBytes   506 Mbits/sec  53690  
[  5]  44.00-45.00  sec  54.2 MBytes   455 Mbits/sec  48260  
[  5]  45.00-46.00  sec  57.5 MBytes   482 Mbits/sec  51170  
[  5]  46.00-47.00  sec  54.7 MBytes   459 Mbits/sec  48710  
[  5]  47.00-48.00  sec  51.2 MBytes   429 Mbits/sec  45550  
[  5]  48.00-49.00  sec  55.1 MBytes   462 Mbits/sec  49070  
[  5]  49.00-50.00  sec  52.7 MBytes   442 Mbits/sec  46910  
[  5]  50.00-51.00  sec  55.3 MBytes   464 Mbits/sec  49260  
[  5]  51.00-52.00  sec  52.9 MBytes   444 Mbits/sec  47070  
[  5]  52.00-53.00  sec  52.3 MBytes   439 Mbits/sec  46580  
[  5]  53.00-54.00  sec  53.5 MBytes   448 Mbits/sec  47580  
[  5]  54.00-55.00  sec  55.0 MBytes   462 Mbits/sec  49000  
[  5]  55.00-56.00  sec  52.5 MBytes   441 Mbits/sec  46750  
[  5]  56.00-57.00  sec  53.2 MBytes   446 Mbits/sec  47360  
[  5]  57.00-58.00  sec  52.8 MBytes   443 Mbits/sec  46960  
[  5]  58.00-59.00  sec  51.3 MBytes   430 Mbits/sec  45640  
[  5]  59.00-60.00  sec  55.1 MBytes   462 Mbits/sec  49060  
- - - - - - - - - - - - - - - - - - - - - - - - -
[ ID] Interval           Transfer     Bitrate         Jitter    Lost/Total Datagrams
[  5]   0.00-60.00  sec  3.19 GBytes   457 Mbits/sec  0.000 ms  0/2906550 (0%)  sender
[  5]   0.00-60.27  sec  1.94 GBytes   277 Mbits/sec  0.012 ms  1146423/2906550 (39%)  receiver

iperf Done.
