Connecting to host knb-server-710219, port 5201
[  5] local 10.136.173.96 port 35842 connected to 10.43.69.6 port 5201
[ ID] Interval           Transfer     Bitrate         Retr  Cwnd
[  5]   0.00-1.00   sec  4.89 MBytes  41.0 Mbits/sec   80    403 KBytes       (omitted)
[  5]   0.00-1.00   sec  7.41 MBytes  62.2 Mbits/sec    0    459 KBytes       
[  5]   1.00-2.00   sec  8.16 MBytes  68.4 Mbits/sec    0    499 KBytes       
[  5]   2.00-3.00   sec  8.90 MBytes  74.6 Mbits/sec    0    525 KBytes       
[  5]   3.00-4.00   sec  9.64 MBytes  80.9 Mbits/sec    0    541 KBytes       
[  5]   4.00-5.00   sec  9.64 MBytes  80.9 Mbits/sec    0    549 KBytes       
[  5]   5.00-6.00   sec  9.64 MBytes  80.9 Mbits/sec    0    551 KBytes       
[  5]   6.00-7.00   sec  9.64 MBytes  80.9 Mbits/sec    0    551 KBytes       
[  5]   7.00-8.00   sec  8.90 MBytes  74.6 Mbits/sec    0    551 KBytes       
[  5]   8.00-9.00   sec  9.64 MBytes  80.9 Mbits/sec    0    556 KBytes       
[  5]   9.00-10.00  sec  9.64 MBytes  80.9 Mbits/sec    0    566 KBytes       
[  5]  10.00-11.00  sec  10.6 MBytes  88.6 Mbits/sec    0    583 KBytes       
[  5]  11.00-12.00  sec  10.4 MBytes  87.1 Mbits/sec    0    613 KBytes       
[  5]  12.00-13.00  sec  10.8 MBytes  90.2 Mbits/sec    0    657 KBytes       
[  5]  13.00-14.00  sec  12.5 MBytes   105 Mbits/sec    0    719 KBytes       
[  5]  14.00-15.00  sec  13.9 MBytes   117 Mbits/sec    0    798 KBytes       
[  5]  15.00-16.00  sec  15.4 MBytes   130 Mbits/sec    0    903 KBytes       
[  5]  16.00-17.00  sec  17.3 MBytes   145 Mbits/sec    0   1.01 MBytes       
[  5]  17.00-18.00  sec  20.0 MBytes   168 Mbits/sec    0   1.16 MBytes       
[  5]  18.00-19.00  sec  21.2 MBytes   178 Mbits/sec    0   1.34 MBytes       
[  5]  19.00-20.00  sec  22.5 MBytes   189 Mbits/sec    0   1.56 MBytes       
[  5]  20.00-21.00  sec  25.0 MBytes   210 Mbits/sec    0   1.81 MBytes       
[  5]  21.00-22.00  sec  26.2 MBytes   220 Mbits/sec    0   2.09 MBytes       
[  5]  22.00-23.00  sec  21.2 MBytes   178 Mbits/sec    0   2.41 MBytes       
[  5]  23.00-24.00  sec  21.2 MBytes   178 Mbits/sec    0   2.78 MBytes       
[  5]  24.00-25.00  sec  21.2 MBytes   178 Mbits/sec    0   3.05 MBytes       
[  5]  25.00-26.00  sec  22.5 MBytes   189 Mbits/sec    0   3.05 MBytes       
[  5]  26.00-27.00  sec  22.5 MBytes   189 Mbits/sec    0   3.05 MBytes       
[  5]  27.00-28.00  sec  23.8 MBytes   199 Mbits/sec    0   3.05 MBytes       
[  5]  28.00-29.00  sec  22.5 MBytes   189 Mbits/sec    0   3.05 MBytes       
[  5]  29.00-30.00  sec  23.8 MBytes   199 Mbits/sec    0   3.05 MBytes       
[  5]  30.00-31.00  sec  22.5 MBytes   189 Mbits/sec    0   3.05 MBytes       
[  5]  31.00-32.00  sec  23.8 MBytes   199 Mbits/sec    0   3.05 MBytes       
[  5]  32.00-33.00  sec  23.8 MBytes   199 Mbits/sec    0   3.05 MBytes       
[  5]  33.00-34.00  sec  23.8 MBytes   199 Mbits/sec    0   3.05 MBytes       
[  5]  34.00-35.00  sec  22.5 MBytes   189 Mbits/sec    0   3.05 MBytes       
[  5]  35.00-36.00  sec  26.2 MBytes   220 Mbits/sec    0   3.05 MBytes       
[  5]  36.00-37.00  sec  25.0 MBytes   210 Mbits/sec    0   3.05 MBytes       
[  5]  37.00-38.00  sec  28.8 MBytes   241 Mbits/sec    0   3.05 MBytes       
[  5]  38.00-39.00  sec  26.2 MBytes   220 Mbits/sec    0   3.05 MBytes       
[  5]  39.00-40.00  sec  22.5 MBytes   189 Mbits/sec    0   3.05 MBytes       
[  5]  40.00-41.00  sec  23.8 MBytes   199 Mbits/sec    0   3.05 MBytes       
[  5]  41.00-42.00  sec  26.2 MBytes   220 Mbits/sec    0   3.05 MBytes       
[  5]  42.00-43.00  sec  28.8 MBytes   241 Mbits/sec    0   3.05 MBytes       
[  5]  43.00-44.00  sec  18.8 MBytes   157 Mbits/sec  731   1.55 MBytes       
[  5]  44.00-45.00  sec  22.5 MBytes   189 Mbits/sec    0   1.64 MBytes       
[  5]  45.00-46.00  sec  22.5 MBytes   189 Mbits/sec    0   1.71 MBytes       
[  5]  46.00-47.00  sec  22.5 MBytes   189 Mbits/sec    0   1.76 MBytes       
[  5]  47.00-48.00  sec  23.8 MBytes   199 Mbits/sec    0   1.79 MBytes       
[  5]  48.00-49.00  sec  23.8 MBytes   199 Mbits/sec    0   1.82 MBytes       
[  5]  49.00-50.00  sec  23.8 MBytes   199 Mbits/sec    0   1.83 MBytes       
[  5]  50.00-51.00  sec  23.8 MBytes   199 Mbits/sec    0   1.83 MBytes       
[  5]  51.00-52.00  sec  25.0 MBytes   210 Mbits/sec    0   1.83 MBytes       
[  5]  52.00-53.00  sec  23.8 MBytes   199 Mbits/sec    0   1.83 MBytes       
[  5]  53.00-54.00  sec  23.8 MBytes   199 Mbits/sec    0   1.84 MBytes       
[  5]  54.00-55.00  sec  25.0 MBytes   210 Mbits/sec    0   1.84 MBytes       
[  5]  55.00-56.00  sec  25.0 MBytes   210 Mbits/sec    0   1.85 MBytes       
[  5]  56.00-57.00  sec  26.2 MBytes   220 Mbits/sec    0   1.87 MBytes       
[  5]  57.00-58.00  sec  25.0 MBytes   210 Mbits/sec    0   1.91 MBytes       
[  5]  58.00-59.00  sec  20.0 MBytes   168 Mbits/sec    0   1.95 MBytes       
[  5]  59.00-60.00  sec  22.5 MBytes   189 Mbits/sec    0   2.02 MBytes       
- - - - - - - - - - - - - - - - - - - - - - - - -
[ ID] Interval           Transfer     Bitrate         Retr
[  5]   0.00-60.00  sec  1.17 GBytes   167 Mbits/sec  731             sender
[  5]   0.00-60.13  sec  1.17 GBytes   167 Mbits/sec                  receiver

iperf Done.
