Connecting to host 10.136.80.147, port 5201
[  5] local 10.136.173.98 port 42202 connected to 10.136.80.147 port 5201
[ ID] Interval           Transfer     Bitrate         Total Datagrams
[  5]   0.00-1.00   sec  68.8 MBytes   577 Mbits/sec  61210  (omitted)
[  5]   0.00-1.00   sec  74.8 MBytes   627 Mbits/sec  66570  
[  5]   1.00-2.00   sec  75.4 MBytes   633 Mbits/sec  67120  
[  5]   2.00-3.00   sec  74.2 MBytes   623 Mbits/sec  66080  
[  5]   3.00-4.00   sec  75.1 MBytes   630 Mbits/sec  66870  
[  5]   4.00-5.00   sec  70.4 MBytes   591 Mbits/sec  62660  
[  5]   5.00-6.00   sec  70.0 MBytes   587 Mbits/sec  62310  
[  5]   6.00-7.00   sec  71.5 MBytes   600 Mbits/sec  63640  
[  5]   7.00-8.00   sec  71.7 MBytes   602 Mbits/sec  63850  
[  5]   8.00-9.00   sec  70.6 MBytes   592 Mbits/sec  62810  
[  5]   9.00-10.00  sec  67.8 MBytes   569 Mbits/sec  60360  
[  5]  10.00-11.00  sec  69.6 MBytes   584 Mbits/sec  61920  
[  5]  11.00-12.00  sec  69.7 MBytes   584 Mbits/sec  62020  
[  5]  12.00-13.00  sec  69.7 MBytes   585 Mbits/sec  62080  
[  5]  13.00-14.00  sec  69.2 MBytes   580 Mbits/sec  61580  
[  5]  14.00-15.00  sec  70.5 MBytes   592 Mbits/sec  62790  
[  5]  15.00-16.00  sec  70.2 MBytes   589 Mbits/sec  62480  
[  5]  16.00-17.00  sec  65.6 MBytes   550 Mbits/sec  58370  
[  5]  17.00-18.00  sec  74.6 MBytes   625 Mbits/sec  66370  
[  5]  18.00-19.00  sec  74.8 MBytes   628 Mbits/sec  66600  
[  5]  19.00-20.00  sec  68.5 MBytes   575 Mbits/sec  61010  
[  5]  20.00-21.00  sec  72.1 MBytes   605 Mbits/sec  64150  
[  5]  21.00-22.00  sec  75.4 MBytes   632 Mbits/sec  67110  
[  5]  22.00-23.00  sec  74.8 MBytes   627 Mbits/sec  66590  
[  5]  23.00-24.00  sec  72.3 MBytes   607 Mbits/sec  64390  
[  5]  24.00-25.00  sec  69.9 MBytes   586 Mbits/sec  62200  
[  5]  25.00-26.00  sec  70.4 MBytes   590 Mbits/sec  62630  
[  5]  26.00-27.00  sec  70.0 MBytes   587 Mbits/sec  62330  
[  5]  27.00-28.00  sec  70.0 MBytes   587 Mbits/sec  62300  
[  5]  28.00-29.00  sec  71.4 MBytes   599 Mbits/sec  63570  
[  5]  29.00-30.00  sec  64.1 MBytes   538 Mbits/sec  57070  
[  5]  30.00-31.00  sec  64.6 MBytes   542 Mbits/sec  57460  
[  5]  31.00-32.00  sec  75.1 MBytes   630 Mbits/sec  66810  
[  5]  32.00-33.00  sec  76.3 MBytes   640 Mbits/sec  67890  
[  5]  33.00-34.00  sec  76.6 MBytes   643 Mbits/sec  68190  
[  5]  34.00-35.00  sec  72.6 MBytes   609 Mbits/sec  64620  
[  5]  35.00-36.00  sec  68.8 MBytes   577 Mbits/sec  61210  
[  5]  36.00-37.00  sec  71.1 MBytes   596 Mbits/sec  63260  
[  5]  37.00-38.00  sec  65.0 MBytes   546 Mbits/sec  57880  
[  5]  38.00-39.00  sec  77.2 MBytes   647 Mbits/sec  68700  
[  5]  39.00-40.00  sec  72.1 MBytes   605 Mbits/sec  64190  
[  5]  40.00-41.00  sec  69.7 MBytes   585 Mbits/sec  62060  
[  5]  41.00-42.00  sec  75.1 MBytes   630 Mbits/sec  66880  
[  5]  42.00-43.00  sec  81.7 MBytes   686 Mbits/sec  72760  
[  5]  43.00-44.00  sec  82.6 MBytes   693 Mbits/sec  73530  
[  5]  44.00-45.00  sec  75.0 MBytes   629 Mbits/sec  66740  
[  5]  45.00-46.00  sec  75.3 MBytes   632 Mbits/sec  67020  
[  5]  46.00-47.00  sec  76.3 MBytes   640 Mbits/sec  67910  
[  5]  47.00-48.00  sec  75.7 MBytes   635 Mbits/sec  67420  
[  5]  48.00-49.00  sec  75.5 MBytes   634 Mbits/sec  67230  
[  5]  49.00-50.00  sec  72.5 MBytes   608 Mbits/sec  64550  
[  5]  50.00-51.00  sec  74.8 MBytes   628 Mbits/sec  66620  
[  5]  51.00-52.00  sec  74.5 MBytes   625 Mbits/sec  66340  
[  5]  52.00-53.00  sec  75.8 MBytes   636 Mbits/sec  67480  
[  5]  53.00-54.00  sec  73.0 MBytes   612 Mbits/sec  64940  
[  5]  54.00-55.00  sec  75.2 MBytes   631 Mbits/sec  66920  
[  5]  55.00-56.00  sec  75.2 MBytes   631 Mbits/sec  66960  
[  5]  56.00-57.00  sec  76.4 MBytes   641 Mbits/sec  68020  
[  5]  57.00-58.00  sec  75.0 MBytes   629 Mbits/sec  66770  
[  5]  58.00-59.00  sec  75.4 MBytes   633 Mbits/sec  67150  
[  5]  59.00-60.00  sec  71.5 MBytes   600 Mbits/sec  63670  
- - - - - - - - - - - - - - - - - - - - - - - - -
[ ID] Interval           Transfer     Bitrate         Jitter    Lost/Total Datagrams
[  5]   0.00-60.00  sec  4.26 GBytes   610 Mbits/sec  0.000 ms  0/3881010 (0%)  sender
[  5]   0.00-60.49  sec   610 MBytes  84.5 Mbits/sec  0.083 ms  3392995/3879646 (87%)  receiver

iperf Done.
