Connecting to host 10.136.80.155, port 5201
[  5] local 10.136.173.72 port 40748 connected to 10.136.80.155 port 5201
[ ID] Interval           Transfer     Bitrate         Retr  Cwnd
[  5]   0.00-1.00   sec   713 KBytes  5.84 Mbits/sec   49   2.30 KBytes       (omitted)
[  5]   0.00-1.00   sec   342 KBytes  2.80 Mbits/sec   33   2.30 KBytes       
[  5]   1.00-2.00   sec   457 KBytes  3.74 Mbits/sec   54   1.15 KBytes       
[  5]   2.00-3.00   sec   536 KBytes  4.39 Mbits/sec   46   1.15 KBytes       
[  5]   3.00-4.00   sec   703 KBytes  5.76 Mbits/sec   69   1.15 KBytes       
[  5]   4.00-5.00   sec   499 KBytes  4.09 Mbits/sec   37   2.30 KBytes       
[  5]   5.00-6.00   sec   410 KBytes  3.35 Mbits/sec   42   1.15 KBytes       
[  5]   6.00-7.00   sec   253 KBytes  2.07 Mbits/sec   28   3.45 KBytes       
[  5]   7.00-8.00   sec   710 KBytes  5.82 Mbits/sec   68   5.75 KBytes       
[  5]   8.00-9.00   sec   745 KBytes  6.11 Mbits/sec   70   1.15 KBytes       
[  5]   9.00-10.00  sec   405 KBytes  3.32 Mbits/sec   53   1.15 KBytes       
[  5]  10.00-11.00  sec   154 KBytes  1.26 Mbits/sec   15   1.15 KBytes       
[  5]  11.00-12.00  sec   229 KBytes  1.88 Mbits/sec   32   1.15 KBytes       
[  5]  12.00-13.00  sec   870 KBytes  7.13 Mbits/sec   64   1.15 KBytes       
[  5]  13.00-14.00  sec   154 KBytes  1.26 Mbits/sec   22   2.30 KBytes       
[  5]  14.00-15.00  sec  77.1 KBytes  0.63 Mbits/sec   11   2.30 KBytes       
[  5]  15.00-16.00  sec   889 KBytes  7.28 Mbits/sec   89   2.30 KBytes       
[  5]  16.00-17.00  sec   568 KBytes  4.66 Mbits/sec   62   1.15 KBytes       
[  5]  17.00-18.00  sec   260 KBytes  2.13 Mbits/sec   39   2.30 KBytes       
[  5]  18.00-19.00  sec   457 KBytes  3.74 Mbits/sec   43   2.30 KBytes       
[  5]  19.00-20.00  sec   559 KBytes  4.58 Mbits/sec   45   2.30 KBytes       
[  5]  20.00-21.00  sec   795 KBytes  6.51 Mbits/sec   84   2.30 KBytes       
[  5]  21.00-22.00  sec  1.01 MBytes  8.45 Mbits/sec   92   1.15 KBytes       
[  5]  22.00-23.00  sec   724 KBytes  5.93 Mbits/sec   87   1.15 KBytes       
[  5]  23.00-24.00  sec   234 KBytes  1.91 Mbits/sec   24   2.30 KBytes       
[  5]  24.00-25.00  sec   903 KBytes  7.40 Mbits/sec   74   4.60 KBytes       
[  5]  25.00-26.00  sec  1.02 MBytes  8.55 Mbits/sec   98   1.15 KBytes       
[  5]  26.00-27.00  sec  75.9 KBytes  0.62 Mbits/sec   11   1.15 KBytes       
[  5]  27.00-28.00  sec   921 KBytes  7.55 Mbits/sec   84   1.15 KBytes       
[  5]  28.00-29.00  sec   155 KBytes  1.27 Mbits/sec   21   2.30 KBytes       
[  5]  29.00-30.00  sec   839 KBytes  6.87 Mbits/sec   77   2.30 KBytes       
[  5]  30.00-31.00  sec   307 KBytes  2.52 Mbits/sec   28   1.15 KBytes       
[  5]  31.00-32.00  sec   820 KBytes  6.72 Mbits/sec   80   1.15 KBytes       
[  5]  32.00-33.00  sec   601 KBytes  4.92 Mbits/sec   58   1.15 KBytes       
[  5]  33.00-34.00  sec   389 KBytes  3.18 Mbits/sec   40   1.15 KBytes       
[  5]  34.00-35.00  sec   391 KBytes  3.20 Mbits/sec   40   2.30 KBytes       
[  5]  35.00-36.00  sec   381 KBytes  3.12 Mbits/sec   28   2.30 KBytes       
[  5]  36.00-37.00  sec   536 KBytes  4.39 Mbits/sec   54   2.30 KBytes       
[  5]  37.00-38.00  sec   306 KBytes  2.51 Mbits/sec   32   1.15 KBytes       
[  5]  38.00-39.00  sec  1.06 MBytes  8.92 Mbits/sec   76   4.60 KBytes       
[  5]  39.00-40.00  sec  1.65 MBytes  13.8 Mbits/sec  166   1.15 KBytes       
[  5]  40.00-41.00  sec   533 KBytes  4.36 Mbits/sec   60   1.15 KBytes       
[  5]  41.00-42.00  sec   318 KBytes  2.60 Mbits/sec   35   1.15 KBytes       
[  5]  42.00-43.00  sec  1.38 MBytes  11.6 Mbits/sec  119   1.15 KBytes       
[  5]  43.00-44.00  sec   459 KBytes  3.76 Mbits/sec   41   1.15 KBytes       
[  5]  44.00-45.00  sec   316 KBytes  2.59 Mbits/sec   31   1.15 KBytes       
[  5]  45.00-46.00  sec  64.4 KBytes  0.53 Mbits/sec   14   1.15 KBytes       
[  5]  46.00-47.00  sec  1.01 MBytes  8.51 Mbits/sec   80   2.30 KBytes       
[  5]  47.00-48.00  sec  1.07 MBytes  9.00 Mbits/sec  100   1.15 KBytes       
[  5]  48.00-49.00  sec   381 KBytes  3.12 Mbits/sec   35   2.30 KBytes       
[  5]  49.00-50.00  sec  1.27 MBytes  10.6 Mbits/sec  126   2.30 KBytes       
[  5]  50.00-51.00  sec  1.18 MBytes  9.87 Mbits/sec  108   1.15 KBytes       
[  5]  51.00-52.00  sec  63.3 KBytes  0.52 Mbits/sec    5   1.15 KBytes       
[  5]  52.00-53.00  sec   536 KBytes  4.40 Mbits/sec   59   1.15 KBytes       
[  5]  53.00-54.00  sec   206 KBytes  1.69 Mbits/sec   23   1.15 KBytes       
[  5]  54.00-55.00  sec   587 KBytes  4.81 Mbits/sec   57   1.15 KBytes       
[  5]  55.00-56.00  sec  0.00 Bytes  0.00 Mbits/sec    8   1.15 KBytes       
[  5]  56.00-57.00  sec   190 KBytes  1.56 Mbits/sec   19   2.30 KBytes       
[  5]  57.00-58.00  sec  1.22 MBytes  10.2 Mbits/sec  119   2.30 KBytes       
[  5]  58.00-59.00  sec   513 KBytes  4.20 Mbits/sec   53   2.30 KBytes       
[  5]  59.00-60.00  sec   445 KBytes  3.65 Mbits/sec   41   2.30 KBytes       
- - - - - - - - - - - - - - - - - - - - - - - - -
[ ID] Interval           Transfer     Bitrate         Retr
[  5]   0.00-60.00  sec  33.6 MBytes  4.70 Mbits/sec  3309             sender
[  5]   0.00-60.04  sec  33.6 MBytes  4.70 Mbits/sec                  receiver

iperf Done.
