Connecting to host knb-server-201088, port 5201
[  5] local 10.136.173.103 port 34347 connected to 10.43.7.139 port 5201
[ ID] Interval           Transfer     Bitrate         Total Datagrams
[  5]   0.00-1.00   sec  68.2 MBytes   572 Mbits/sec  60700  (omitted)
[  5]   0.00-1.00   sec  77.6 MBytes   651 Mbits/sec  69110  
[  5]   1.00-2.00   sec  77.7 MBytes   652 Mbits/sec  69170  
[  5]   2.00-3.00   sec  78.6 MBytes   659 Mbits/sec  69940  
[  5]   3.00-4.00   sec  78.8 MBytes   661 Mbits/sec  70170  
[  5]   4.00-5.00   sec  77.7 MBytes   651 Mbits/sec  69130  
[  5]   5.00-6.00   sec  80.2 MBytes   673 Mbits/sec  71390  
[  5]   6.00-7.00   sec  77.8 MBytes   652 Mbits/sec  69230  
[  5]   7.00-8.00   sec  78.1 MBytes   655 Mbits/sec  69530  
[  5]   8.00-9.00   sec  79.1 MBytes   663 Mbits/sec  70390  
[  5]   9.00-10.00  sec  78.1 MBytes   655 Mbits/sec  69530  
[  5]  10.00-11.00  sec  77.5 MBytes   650 Mbits/sec  69020  
[  5]  11.00-12.00  sec  78.0 MBytes   655 Mbits/sec  69460  
[  5]  12.00-13.00  sec  63.4 MBytes   532 Mbits/sec  56460  
[  5]  13.00-14.00  sec  75.6 MBytes   634 Mbits/sec  67280  
[  5]  14.00-15.00  sec  76.2 MBytes   639 Mbits/sec  67800  
[  5]  15.00-16.00  sec  61.2 MBytes   513 Mbits/sec  54470  
[  5]  16.00-17.00  sec  61.8 MBytes   518 Mbits/sec  54980  
[  5]  17.00-18.00  sec  61.7 MBytes   518 Mbits/sec  54940  
[  5]  18.00-19.00  sec  63.9 MBytes   536 Mbits/sec  56910  
[  5]  19.00-20.00  sec  63.1 MBytes   529 Mbits/sec  56150  
[  5]  20.00-21.00  sec  61.5 MBytes   516 Mbits/sec  54750  
[  5]  21.00-22.00  sec  76.5 MBytes   641 Mbits/sec  68070  
[  5]  22.00-23.00  sec  78.5 MBytes   659 Mbits/sec  69880  
[  5]  23.00-24.00  sec  73.1 MBytes   613 Mbits/sec  65040  
[  5]  24.00-25.00  sec  63.9 MBytes   536 Mbits/sec  56840  
[  5]  25.00-26.00  sec  76.2 MBytes   640 Mbits/sec  67870  
[  5]  26.00-27.00  sec  77.8 MBytes   653 Mbits/sec  69270  
[  5]  27.00-28.00  sec  78.0 MBytes   654 Mbits/sec  69400  
[  5]  28.00-29.00  sec  78.0 MBytes   654 Mbits/sec  69410  
[  5]  29.00-30.00  sec  77.9 MBytes   654 Mbits/sec  69360  
[  5]  30.00-31.00  sec  76.9 MBytes   645 Mbits/sec  68450  
[  5]  31.00-32.00  sec  77.0 MBytes   646 Mbits/sec  68520  
[  5]  32.00-33.00  sec  69.8 MBytes   585 Mbits/sec  62110  
[  5]  33.00-34.00  sec  63.7 MBytes   534 Mbits/sec  56710  
[  5]  34.00-35.00  sec  69.7 MBytes   585 Mbits/sec  62060  
[  5]  35.00-36.00  sec  77.2 MBytes   647 Mbits/sec  68680  
[  5]  36.00-37.00  sec  77.5 MBytes   650 Mbits/sec  68970  
[  5]  37.00-38.00  sec  77.5 MBytes   650 Mbits/sec  69020  
[  5]  38.00-39.00  sec  77.9 MBytes   654 Mbits/sec  69360  
[  5]  39.00-40.00  sec  77.2 MBytes   648 Mbits/sec  68750  
[  5]  40.00-41.00  sec  77.1 MBytes   646 Mbits/sec  68590  
[  5]  41.00-42.00  sec  77.8 MBytes   652 Mbits/sec  69220  
[  5]  42.00-43.00  sec  78.2 MBytes   656 Mbits/sec  69570  
[  5]  43.00-44.00  sec  77.2 MBytes   648 Mbits/sec  68720  
[  5]  44.00-45.00  sec  78.2 MBytes   656 Mbits/sec  69570  
[  5]  45.00-46.00  sec  78.1 MBytes   655 Mbits/sec  69480  
[  5]  46.00-47.00  sec  77.5 MBytes   650 Mbits/sec  68980  
[  5]  47.00-48.00  sec  78.1 MBytes   655 Mbits/sec  69480  
[  5]  48.00-49.00  sec  77.9 MBytes   654 Mbits/sec  69360  
[  5]  49.00-50.00  sec  77.0 MBytes   646 Mbits/sec  68510  
[  5]  50.00-51.00  sec  76.9 MBytes   646 Mbits/sec  68490  
[  5]  51.00-52.00  sec  77.5 MBytes   650 Mbits/sec  68980  
[  5]  52.00-53.00  sec  78.2 MBytes   656 Mbits/sec  69590  
[  5]  53.00-54.00  sec  78.0 MBytes   654 Mbits/sec  69440  
[  5]  54.00-55.00  sec  78.0 MBytes   654 Mbits/sec  69390  
[  5]  55.00-56.00  sec  77.7 MBytes   651 Mbits/sec  69120  
[  5]  56.00-57.00  sec  77.6 MBytes   651 Mbits/sec  69110  
[  5]  57.00-58.00  sec  77.8 MBytes   653 Mbits/sec  69280  
[  5]  58.00-59.00  sec  78.2 MBytes   656 Mbits/sec  69610  
[  5]  59.00-60.00  sec  78.2 MBytes   656 Mbits/sec  69640  
- - - - - - - - - - - - - - - - - - - - - - - - -
[ ID] Interval           Transfer     Bitrate         Jitter    Lost/Total Datagrams
[  5]   0.00-60.00  sec  4.40 GBytes   630 Mbits/sec  0.000 ms  0/4011710 (0%)  sender
[  5]   0.00-60.04  sec  4.40 GBytes   629 Mbits/sec  0.025 ms  5529/4011710 (0.14%)  receiver

iperf Done.
