Connecting to host 10.136.80.141, port 5201
[  5] local 10.136.173.76 port 57667 connected to 10.136.80.141 port 5201
[ ID] Interval           Transfer     Bitrate         Total Datagrams
[  5]   0.00-1.00   sec  49.8 MBytes   418 Mbits/sec  44320  (omitted)
[  5]   0.00-1.00   sec  50.1 MBytes   420 Mbits/sec  44570  
[  5]   1.00-2.00   sec  60.2 MBytes   505 Mbits/sec  53560  
[  5]   2.00-3.00   sec  53.8 MBytes   452 Mbits/sec  47920  
[  5]   3.00-4.00   sec  49.9 MBytes   418 Mbits/sec  44390  
[  5]   4.00-5.00   sec  60.6 MBytes   508 Mbits/sec  53900  
[  5]   5.00-6.00   sec  49.4 MBytes   414 Mbits/sec  43970  
[  5]   6.00-7.00   sec  54.1 MBytes   454 Mbits/sec  48180  
[  5]   7.00-8.00   sec  55.4 MBytes   465 Mbits/sec  49330  
[  5]   8.00-9.00   sec  57.9 MBytes   485 Mbits/sec  51500  
[  5]   9.00-10.00  sec  52.6 MBytes   441 Mbits/sec  46790  
[  5]  10.00-11.00  sec  60.8 MBytes   510 Mbits/sec  54120  
[  5]  11.00-12.00  sec  54.3 MBytes   455 Mbits/sec  48340  
[  5]  12.00-13.00  sec  50.2 MBytes   421 Mbits/sec  44710  
[  5]  13.00-14.00  sec  53.3 MBytes   447 Mbits/sec  47400  
[  5]  14.00-15.00  sec  58.6 MBytes   492 Mbits/sec  52180  
[  5]  15.00-16.00  sec  58.2 MBytes   488 Mbits/sec  51830  
[  5]  16.00-17.00  sec  56.8 MBytes   477 Mbits/sec  50590  
[  5]  17.00-18.00  sec  61.0 MBytes   511 Mbits/sec  54260  
[  5]  18.00-19.00  sec  50.8 MBytes   426 Mbits/sec  45200  
[  5]  19.00-20.00  sec  58.8 MBytes   493 Mbits/sec  52300  
[  5]  20.00-21.00  sec  53.7 MBytes   451 Mbits/sec  47820  
[  5]  21.00-22.00  sec  59.8 MBytes   502 Mbits/sec  53270  
[  5]  22.00-23.00  sec  58.7 MBytes   492 Mbits/sec  52260  
[  5]  23.00-24.00  sec  56.4 MBytes   473 Mbits/sec  50180  
[  5]  24.00-25.00  sec  58.9 MBytes   494 Mbits/sec  52400  
[  5]  25.00-26.00  sec  56.3 MBytes   472 Mbits/sec  50100  
[  5]  26.00-27.00  sec  55.8 MBytes   468 Mbits/sec  49690  
[  5]  27.00-28.00  sec  51.0 MBytes   428 Mbits/sec  45380  
[  5]  28.00-29.00  sec  54.8 MBytes   460 Mbits/sec  48810  
[  5]  29.00-30.00  sec  53.7 MBytes   451 Mbits/sec  47830  
[  5]  30.00-31.00  sec  54.8 MBytes   459 Mbits/sec  48740  
[  5]  31.00-32.00  sec  53.3 MBytes   447 Mbits/sec  47480  
[  5]  32.00-33.00  sec  57.9 MBytes   485 Mbits/sec  51500  
[  5]  33.00-34.00  sec  56.1 MBytes   471 Mbits/sec  49930  
[  5]  34.00-35.00  sec  56.3 MBytes   472 Mbits/sec  50090  
[  5]  35.00-36.00  sec  55.5 MBytes   465 Mbits/sec  49390  
[  5]  36.00-37.00  sec  60.4 MBytes   507 Mbits/sec  53790  
[  5]  37.00-38.00  sec  62.6 MBytes   525 Mbits/sec  55720  
[  5]  38.00-39.00  sec  55.2 MBytes   463 Mbits/sec  49100  
[  5]  39.00-40.00  sec  57.0 MBytes   478 Mbits/sec  50720  
[  5]  40.00-41.00  sec  57.2 MBytes   480 Mbits/sec  50920  
[  5]  41.00-42.00  sec  56.8 MBytes   476 Mbits/sec  50550  
[  5]  42.00-43.00  sec  56.5 MBytes   474 Mbits/sec  50330  
[  5]  43.00-44.00  sec  54.1 MBytes   454 Mbits/sec  48120  
[  5]  44.00-45.00  sec  60.6 MBytes   508 Mbits/sec  53940  
[  5]  45.00-46.00  sec  54.9 MBytes   461 Mbits/sec  48890  
[  5]  46.00-47.00  sec  55.7 MBytes   467 Mbits/sec  49580  
[  5]  47.00-48.00  sec  57.3 MBytes   480 Mbits/sec  50980  
[  5]  48.00-49.00  sec  56.3 MBytes   472 Mbits/sec  50120  
[  5]  49.00-50.00  sec  56.6 MBytes   475 Mbits/sec  50390  
[  5]  50.00-51.00  sec  49.8 MBytes   418 Mbits/sec  44340  
[  5]  51.00-52.00  sec  60.6 MBytes   509 Mbits/sec  53980  
[  5]  52.00-53.00  sec  52.6 MBytes   441 Mbits/sec  46780  
[  5]  53.00-54.00  sec  49.2 MBytes   412 Mbits/sec  43760  
[  5]  54.00-55.00  sec  59.2 MBytes   497 Mbits/sec  52730  
[  5]  55.00-56.00  sec  59.3 MBytes   497 Mbits/sec  52760  
[  5]  56.00-57.00  sec  56.5 MBytes   474 Mbits/sec  50260  
[  5]  57.00-58.00  sec  54.7 MBytes   459 Mbits/sec  48660  
[  5]  58.00-59.00  sec  54.3 MBytes   455 Mbits/sec  48300  
[  5]  59.00-60.00  sec  55.3 MBytes   464 Mbits/sec  49210  
- - - - - - - - - - - - - - - - - - - - - - - - -
[ ID] Interval           Transfer     Bitrate         Jitter    Lost/Total Datagrams
[  5]   0.00-60.00  sec  3.27 GBytes   469 Mbits/sec  0.000 ms  0/2983840 (0%)  sender
[  5]   0.00-60.05  sec  1.99 GBytes   284 Mbits/sec  0.018 ms  1188697/2983840 (40%)  receiver

iperf Done.
