Connecting to host 10.136.80.149, port 5201
[  5] local 10.136.173.119 port 57537 connected to 10.136.80.149 port 5201
[ ID] Interval           Transfer     Bitrate         Total Datagrams
[  5]   0.00-1.00   sec  52.7 MBytes   442 Mbits/sec  46940  (omitted)
[  5]   0.00-1.00   sec  54.0 MBytes   453 Mbits/sec  48070  
[  5]   1.00-2.00   sec  52.3 MBytes   439 Mbits/sec  46570  
[  5]   2.00-3.00   sec  52.7 MBytes   442 Mbits/sec  46910  
[  5]   3.00-4.00   sec  54.0 MBytes   453 Mbits/sec  48080  
[  5]   4.00-5.00   sec  51.0 MBytes   428 Mbits/sec  45360  
[  5]   5.00-6.00   sec  50.8 MBytes   426 Mbits/sec  45180  
[  5]   6.00-7.00   sec  52.0 MBytes   436 Mbits/sec  46250  
[  5]   7.00-8.00   sec  48.2 MBytes   404 Mbits/sec  42920  
[  5]   8.00-9.00   sec  55.8 MBytes   468 Mbits/sec  49650  
[  5]   9.00-10.00  sec  53.7 MBytes   451 Mbits/sec  47810  
[  5]  10.00-11.00  sec  51.6 MBytes   433 Mbits/sec  45900  
[  5]  11.00-12.00  sec  55.9 MBytes   469 Mbits/sec  49780  
[  5]  12.00-13.00  sec  52.8 MBytes   443 Mbits/sec  47040  
[  5]  13.00-14.00  sec  52.0 MBytes   436 Mbits/sec  46250  
[  5]  14.00-15.00  sec  55.6 MBytes   466 Mbits/sec  49480  
[  5]  15.00-16.00  sec  50.7 MBytes   425 Mbits/sec  45130  
[  5]  16.00-17.00  sec  52.4 MBytes   439 Mbits/sec  46620  
[  5]  17.00-18.00  sec  51.5 MBytes   432 Mbits/sec  45820  
[  5]  18.00-19.00  sec  53.1 MBytes   445 Mbits/sec  47260  
[  5]  19.00-20.00  sec  53.2 MBytes   447 Mbits/sec  47390  
[  5]  20.00-21.00  sec  54.4 MBytes   457 Mbits/sec  48450  
[  5]  21.00-22.00  sec  52.1 MBytes   437 Mbits/sec  46380  
[  5]  22.00-23.00  sec  48.6 MBytes   408 Mbits/sec  43270  
[  5]  23.00-24.00  sec  52.6 MBytes   441 Mbits/sec  46840  
[  5]  24.00-25.00  sec  52.2 MBytes   438 Mbits/sec  46430  
[  5]  25.00-26.00  sec  50.9 MBytes   427 Mbits/sec  45270  
[  5]  26.00-27.00  sec  53.5 MBytes   449 Mbits/sec  47630  
[  5]  27.00-28.00  sec  52.2 MBytes   438 Mbits/sec  46460  
[  5]  28.00-29.00  sec  51.9 MBytes   436 Mbits/sec  46210  
[  5]  29.00-30.00  sec  52.5 MBytes   441 Mbits/sec  46760  
[  5]  30.00-31.00  sec  52.9 MBytes   444 Mbits/sec  47130  
[  5]  31.00-32.00  sec  53.5 MBytes   449 Mbits/sec  47660  
[  5]  32.00-33.00  sec  52.4 MBytes   440 Mbits/sec  46660  
[  5]  33.00-34.00  sec  51.5 MBytes   432 Mbits/sec  45830  
[  5]  34.00-35.00  sec  52.5 MBytes   440 Mbits/sec  46720  
[  5]  35.00-36.00  sec  53.4 MBytes   448 Mbits/sec  47500  
[  5]  36.00-37.00  sec  50.4 MBytes   422 Mbits/sec  44820  
[  5]  37.00-38.00  sec  56.8 MBytes   476 Mbits/sec  50520  
[  5]  38.00-39.00  sec  51.8 MBytes   434 Mbits/sec  46100  
[  5]  39.00-40.00  sec  51.2 MBytes   430 Mbits/sec  45580  
[  5]  40.00-41.00  sec  54.2 MBytes   454 Mbits/sec  48210  
[  5]  41.00-42.00  sec  52.6 MBytes   441 Mbits/sec  46850  
[  5]  42.00-43.00  sec  53.5 MBytes   448 Mbits/sec  47590  
[  5]  43.00-44.00  sec  53.8 MBytes   451 Mbits/sec  47900  
[  5]  44.00-45.00  sec  52.1 MBytes   437 Mbits/sec  46390  
[  5]  45.00-46.00  sec  50.2 MBytes   421 Mbits/sec  44690  
[  5]  46.00-47.00  sec  52.2 MBytes   438 Mbits/sec  46470  
[  5]  47.00-48.00  sec  52.0 MBytes   437 Mbits/sec  46320  
[  5]  48.00-49.00  sec  50.0 MBytes   419 Mbits/sec  44500  
[  5]  49.00-50.00  sec  52.2 MBytes   438 Mbits/sec  46440  
[  5]  50.00-51.00  sec  52.6 MBytes   441 Mbits/sec  46830  
[  5]  51.00-52.00  sec  54.2 MBytes   454 Mbits/sec  48210  
[  5]  52.00-53.00  sec  56.3 MBytes   472 Mbits/sec  50120  
[  5]  53.00-54.00  sec  53.7 MBytes   451 Mbits/sec  47810  
[  5]  54.00-55.00  sec  51.5 MBytes   432 Mbits/sec  45850  
[  5]  55.00-56.00  sec  54.0 MBytes   453 Mbits/sec  48080  
[  5]  56.00-57.00  sec  51.7 MBytes   434 Mbits/sec  46040  
[  5]  57.00-58.00  sec  53.8 MBytes   451 Mbits/sec  47910  
[  5]  58.00-59.00  sec  53.0 MBytes   444 Mbits/sec  47140  
[  5]  59.00-60.00  sec  51.4 MBytes   431 Mbits/sec  45720  
- - - - - - - - - - - - - - - - - - - - - - - - -
[ ID] Interval           Transfer     Bitrate         Jitter    Lost/Total Datagrams
[  5]   0.00-60.00  sec  3.08 GBytes   441 Mbits/sec  0.000 ms  0/2808760 (0%)  sender
[  5]   0.00-60.23  sec  1.89 GBytes   269 Mbits/sec  0.016 ms  1107466/2808760 (39%)  receiver

iperf Done.
