Connecting to host 10.136.80.170, port 5201
[  5] local 10.136.173.106 port 43072 connected to 10.136.80.170 port 5201
[ ID] Interval           Transfer     Bitrate         Total Datagrams
[  5]   0.00-1.00   sec  57.7 MBytes   484 Mbits/sec  51380  (omitted)
[  5]   0.00-1.00   sec  54.1 MBytes   454 Mbits/sec  48150  
[  5]   1.00-2.00   sec  54.2 MBytes   455 Mbits/sec  48260  
[  5]   2.00-3.00   sec  53.4 MBytes   448 Mbits/sec  47570  
[  5]   3.00-4.00   sec  60.0 MBytes   504 Mbits/sec  53450  
[  5]   4.00-5.00   sec  65.1 MBytes   546 Mbits/sec  57970  
[  5]   5.00-6.00   sec  52.0 MBytes   436 Mbits/sec  46260  
[  5]   6.00-7.00   sec  45.9 MBytes   385 Mbits/sec  40830  
[  5]   7.00-8.00   sec  59.3 MBytes   498 Mbits/sec  52820  
[  5]   8.00-9.00   sec  42.7 MBytes   358 Mbits/sec  38010  
[  5]   9.00-10.00  sec  48.6 MBytes   408 Mbits/sec  43250  
[  5]  10.00-11.00  sec  55.8 MBytes   468 Mbits/sec  49690  
[  5]  11.00-12.00  sec  53.9 MBytes   452 Mbits/sec  47980  
[  5]  12.00-13.00  sec  57.4 MBytes   482 Mbits/sec  51110  
[  5]  13.00-14.00  sec  57.9 MBytes   485 Mbits/sec  51510  
[  5]  14.00-15.00  sec  60.4 MBytes   507 Mbits/sec  53790  
[  5]  15.00-16.00  sec  53.7 MBytes   451 Mbits/sec  47840  
[  5]  16.00-17.00  sec  57.9 MBytes   485 Mbits/sec  51510  
[  5]  17.00-18.00  sec  58.8 MBytes   493 Mbits/sec  52360  
[  5]  18.00-19.00  sec  59.5 MBytes   499 Mbits/sec  52990  
[  5]  19.00-20.00  sec  61.6 MBytes   517 Mbits/sec  54830  
[  5]  20.00-21.00  sec  58.8 MBytes   493 Mbits/sec  52340  
[  5]  21.00-22.00  sec  54.1 MBytes   454 Mbits/sec  48200  
[  5]  22.00-23.00  sec  48.4 MBytes   406 Mbits/sec  43120  
[  5]  23.00-24.00  sec  58.0 MBytes   486 Mbits/sec  51620  
[  5]  24.00-25.00  sec  55.3 MBytes   464 Mbits/sec  49200  
[  5]  25.00-26.00  sec  56.5 MBytes   474 Mbits/sec  50300  
[  5]  26.00-27.00  sec  63.2 MBytes   530 Mbits/sec  56290  
[  5]  27.00-28.00  sec  55.1 MBytes   463 Mbits/sec  49090  
[  5]  28.00-29.00  sec  58.8 MBytes   493 Mbits/sec  52320  
[  5]  29.00-30.00  sec  55.2 MBytes   463 Mbits/sec  49160  
[  5]  30.00-31.00  sec  53.1 MBytes   446 Mbits/sec  47280  
[  5]  31.00-32.00  sec  58.7 MBytes   492 Mbits/sec  52230  
[  5]  32.00-33.00  sec  52.0 MBytes   436 Mbits/sec  46310  
[  5]  33.00-34.00  sec  53.1 MBytes   445 Mbits/sec  47260  
[  5]  34.00-35.00  sec  57.0 MBytes   478 Mbits/sec  50740  
[  5]  35.00-36.00  sec  48.5 MBytes   406 Mbits/sec  43130  
[  5]  36.00-37.00  sec  54.7 MBytes   459 Mbits/sec  48680  
[  5]  37.00-38.00  sec  54.2 MBytes   454 Mbits/sec  48210  
[  5]  38.00-39.00  sec  56.5 MBytes   474 Mbits/sec  50260  
[  5]  39.00-40.00  sec  58.3 MBytes   489 Mbits/sec  51890  
[  5]  40.00-41.00  sec  51.8 MBytes   435 Mbits/sec  46130  
[  5]  41.00-42.00  sec  58.9 MBytes   494 Mbits/sec  52420  
[  5]  42.00-43.00  sec  58.3 MBytes   489 Mbits/sec  51880  
[  5]  43.00-44.00  sec  53.5 MBytes   449 Mbits/sec  47640  
[  5]  44.00-45.00  sec  58.3 MBytes   489 Mbits/sec  51920  
[  5]  45.00-46.00  sec  63.1 MBytes   530 Mbits/sec  56200  
[  5]  46.00-47.00  sec  58.0 MBytes   487 Mbits/sec  51650  
[  5]  47.00-48.00  sec  43.5 MBytes   365 Mbits/sec  38760  
[  5]  48.00-49.00  sec  50.9 MBytes   427 Mbits/sec  45270  
[  5]  49.00-50.00  sec  59.4 MBytes   499 Mbits/sec  52910  
[  5]  50.00-51.00  sec  56.4 MBytes   473 Mbits/sec  50160  
[  5]  51.00-52.00  sec  53.1 MBytes   446 Mbits/sec  47280  
[  5]  52.00-53.00  sec  50.1 MBytes   420 Mbits/sec  44610  
[  5]  53.00-54.00  sec  55.1 MBytes   463 Mbits/sec  49080  
[  5]  54.00-55.00  sec  55.5 MBytes   465 Mbits/sec  49380  
[  5]  55.00-56.00  sec  48.2 MBytes   404 Mbits/sec  42880  
[  5]  56.00-57.00  sec  55.3 MBytes   464 Mbits/sec  49200  
[  5]  57.00-58.00  sec  53.6 MBytes   450 Mbits/sec  47710  
[  5]  58.00-59.00  sec  56.3 MBytes   472 Mbits/sec  50090  
[  5]  59.00-60.00  sec  57.1 MBytes   479 Mbits/sec  50870  
- - - - - - - - - - - - - - - - - - - - - - - - -
[ ID] Interval           Transfer     Bitrate         Jitter    Lost/Total Datagrams
[  5]   0.00-60.00  sec  3.24 GBytes   464 Mbits/sec  0.000 ms  0/2953850 (0%)  sender
[  5]   0.00-60.05  sec  2.03 GBytes   290 Mbits/sec  0.017 ms  1127765/2953850 (38%)  receiver

iperf Done.
