Connecting to host 10.136.80.190, port 5201
[  5] local 10.136.173.106 port 44746 connected to 10.136.80.190 port 5201
[ ID] Interval           Transfer     Bitrate         Total Datagrams
[  5]   0.00-1.00   sec  91.1 MBytes   764 Mbits/sec  68330  (omitted)
[  5]   0.00-1.00   sec  94.4 MBytes   791 Mbits/sec  70770  
[  5]   1.00-2.00   sec  93.6 MBytes   785 Mbits/sec  70180  
[  5]   2.00-3.00   sec  95.0 MBytes   797 Mbits/sec  71260  
[  5]   3.00-4.00   sec  93.4 MBytes   784 Mbits/sec  70090  
[  5]   4.00-5.00   sec  94.5 MBytes   793 Mbits/sec  70880  
[  5]   5.00-6.00   sec  95.4 MBytes   800 Mbits/sec  71530  
[  5]   6.00-7.00   sec  93.4 MBytes   784 Mbits/sec  70080  
[  5]   7.00-8.00   sec  94.0 MBytes   789 Mbits/sec  70530  
[  5]   8.00-9.00   sec  95.2 MBytes   798 Mbits/sec  71390  
[  5]   9.00-10.00  sec  95.5 MBytes   801 Mbits/sec  71630  
[  5]  10.00-11.00  sec  94.8 MBytes   795 Mbits/sec  71090  
[  5]  11.00-12.00  sec  93.0 MBytes   780 Mbits/sec  69780  
[  5]  12.00-13.00  sec  90.6 MBytes   760 Mbits/sec  67940  
[  5]  13.00-14.00  sec  92.3 MBytes   774 Mbits/sec  69240  
[  5]  14.00-15.00  sec  96.0 MBytes   806 Mbits/sec  72030  
[  5]  15.00-16.00  sec  94.2 MBytes   791 Mbits/sec  70690  
[  5]  16.00-17.00  sec  93.8 MBytes   787 Mbits/sec  70320  
[  5]  17.00-18.00  sec  88.3 MBytes   741 Mbits/sec  66220  
[  5]  18.00-19.00  sec  94.4 MBytes   792 Mbits/sec  70790  
[  5]  19.00-20.00  sec  95.0 MBytes   796 Mbits/sec  71220  
[  5]  20.00-21.00  sec  95.0 MBytes   797 Mbits/sec  71290  
[  5]  21.00-22.00  sec  94.6 MBytes   794 Mbits/sec  70950  
[  5]  22.00-23.00  sec  94.8 MBytes   795 Mbits/sec  71120  
[  5]  23.00-24.00  sec  94.6 MBytes   793 Mbits/sec  70920  
[  5]  24.00-25.00  sec  94.7 MBytes   795 Mbits/sec  71060  
[  5]  25.00-26.00  sec  86.7 MBytes   727 Mbits/sec  65000  
[  5]  26.00-27.00  sec  87.5 MBytes   734 Mbits/sec  65600  
[  5]  27.00-28.00  sec  93.6 MBytes   785 Mbits/sec  70210  
[  5]  28.00-29.00  sec  93.6 MBytes   786 Mbits/sec  70240  
[  5]  29.00-30.00  sec  93.6 MBytes   785 Mbits/sec  70210  
[  5]  30.00-31.00  sec  94.3 MBytes   791 Mbits/sec  70760  
[  5]  31.00-32.00  sec  94.7 MBytes   794 Mbits/sec  71000  
[  5]  32.00-33.00  sec  94.0 MBytes   788 Mbits/sec  70480  
[  5]  33.00-34.00  sec  94.3 MBytes   791 Mbits/sec  70710  
[  5]  34.00-35.00  sec  94.3 MBytes   791 Mbits/sec  70720  
[  5]  35.00-36.00  sec  94.5 MBytes   793 Mbits/sec  70910  
[  5]  36.00-37.00  sec  91.9 MBytes   771 Mbits/sec  68940  
[  5]  37.00-38.00  sec  92.6 MBytes   777 Mbits/sec  69430  
[  5]  38.00-39.00  sec  94.8 MBytes   795 Mbits/sec  71070  
[  5]  39.00-40.00  sec  92.8 MBytes   778 Mbits/sec  69600  
[  5]  40.00-41.00  sec  92.8 MBytes   778 Mbits/sec  69590  
[  5]  41.00-42.00  sec  93.9 MBytes   787 Mbits/sec  70400  
[  5]  42.00-43.00  sec  94.0 MBytes   789 Mbits/sec  70510  
[  5]  43.00-44.00  sec  93.0 MBytes   780 Mbits/sec  69780  
[  5]  44.00-45.00  sec  94.0 MBytes   788 Mbits/sec  70490  
[  5]  45.00-46.00  sec  93.5 MBytes   784 Mbits/sec  70140  
[  5]  46.00-47.00  sec  92.3 MBytes   774 Mbits/sec  69250  
[  5]  47.00-48.00  sec  94.4 MBytes   792 Mbits/sec  70830  
[  5]  48.00-49.00  sec  93.9 MBytes   788 Mbits/sec  70440  
[  5]  49.00-50.00  sec  93.5 MBytes   785 Mbits/sec  70150  
[  5]  50.00-51.00  sec  94.4 MBytes   792 Mbits/sec  70790  
[  5]  51.00-52.00  sec  93.6 MBytes   785 Mbits/sec  70230  
[  5]  52.00-53.00  sec  95.3 MBytes   799 Mbits/sec  71470  
[  5]  53.00-54.00  sec  93.5 MBytes   784 Mbits/sec  70100  
[  5]  54.00-55.00  sec  95.0 MBytes   797 Mbits/sec  71280  
[  5]  55.00-56.00  sec  95.5 MBytes   801 Mbits/sec  71620  
[  5]  56.00-57.00  sec  86.7 MBytes   727 Mbits/sec  65000  
[  5]  57.00-58.00  sec  87.2 MBytes   732 Mbits/sec  65400  
[  5]  58.00-59.00  sec  82.7 MBytes   694 Mbits/sec  62020  
[  5]  59.00-60.00  sec  87.7 MBytes   736 Mbits/sec  65790  
- - - - - - - - - - - - - - - - - - - - - - - - -
[ ID] Interval           Transfer     Bitrate         Jitter    Lost/Total Datagrams
[  5]   0.00-60.00  sec  5.46 GBytes   782 Mbits/sec  0.000 ms  0/4193160 (0%)  sender
[  5]   0.00-60.37  sec  1.56 GBytes   222 Mbits/sec  0.021 ms  3042717/4193114 (73%)  receiver

iperf Done.
