Connecting to host 10.136.80.132, port 5201
[  5] local 10.136.173.68 port 35299 connected to 10.136.80.132 port 5201
[ ID] Interval           Transfer     Bitrate         Total Datagrams
[  5]   0.00-1.00   sec  57.7 MBytes   484 Mbits/sec  51390  (omitted)
[  5]   0.00-1.00   sec  56.9 MBytes   477 Mbits/sec  50650  
[  5]   1.00-2.00   sec  51.0 MBytes   428 Mbits/sec  45380  
[  5]   2.00-3.00   sec  58.5 MBytes   491 Mbits/sec  52110  
[  5]   3.00-4.00   sec  64.1 MBytes   537 Mbits/sec  57020  
[  5]   4.00-5.00   sec  53.0 MBytes   445 Mbits/sec  47200  
[  5]   5.00-6.00   sec  59.2 MBytes   496 Mbits/sec  52670  
[  5]   6.00-7.00   sec  58.3 MBytes   489 Mbits/sec  51880  
[  5]   7.00-8.00   sec  51.3 MBytes   430 Mbits/sec  45660  
[  5]   8.00-9.00   sec  51.5 MBytes   432 Mbits/sec  45810  
[  5]   9.00-10.00  sec  58.9 MBytes   494 Mbits/sec  52470  
[  5]  10.00-11.00  sec  53.7 MBytes   451 Mbits/sec  47810  
[  5]  11.00-12.00  sec  48.8 MBytes   410 Mbits/sec  43460  
[  5]  12.00-13.00  sec  54.8 MBytes   460 Mbits/sec  48770  
[  5]  13.00-14.00  sec  58.0 MBytes   487 Mbits/sec  51630  
[  5]  14.00-15.00  sec  55.6 MBytes   467 Mbits/sec  49530  
[  5]  15.00-16.00  sec  57.4 MBytes   482 Mbits/sec  51120  
[  5]  16.00-17.00  sec  55.7 MBytes   467 Mbits/sec  49600  
[  5]  17.00-18.00  sec  52.1 MBytes   437 Mbits/sec  46360  
[  5]  18.00-19.00  sec  58.5 MBytes   490 Mbits/sec  52040  
[  5]  19.00-20.00  sec  53.4 MBytes   448 Mbits/sec  47500  
[  5]  20.00-21.00  sec  49.6 MBytes   416 Mbits/sec  44170  
[  5]  21.00-22.00  sec  50.7 MBytes   425 Mbits/sec  45120  
[  5]  22.00-23.00  sec  57.1 MBytes   479 Mbits/sec  50810  
[  5]  23.00-24.00  sec  54.6 MBytes   458 Mbits/sec  48610  
[  5]  24.00-25.00  sec  54.1 MBytes   453 Mbits/sec  48120  
[  5]  25.00-26.00  sec  60.2 MBytes   505 Mbits/sec  53610  
[  5]  26.00-27.00  sec  62.4 MBytes   524 Mbits/sec  55560  
[  5]  27.00-28.00  sec  56.2 MBytes   472 Mbits/sec  50040  
[  5]  28.00-29.00  sec  57.8 MBytes   485 Mbits/sec  51440  
[  5]  29.00-30.00  sec  56.8 MBytes   476 Mbits/sec  50520  
[  5]  30.00-31.00  sec  47.6 MBytes   399 Mbits/sec  42350  
[  5]  31.00-32.00  sec  55.1 MBytes   462 Mbits/sec  49040  
[  5]  32.00-33.00  sec  64.9 MBytes   545 Mbits/sec  57810  
[  5]  33.00-34.00  sec  56.0 MBytes   469 Mbits/sec  49810  
[  5]  34.00-35.00  sec  58.8 MBytes   493 Mbits/sec  52310  
[  5]  35.00-36.00  sec  60.8 MBytes   510 Mbits/sec  54090  
[  5]  36.00-37.00  sec  57.9 MBytes   485 Mbits/sec  51500  
[  5]  37.00-38.00  sec  58.6 MBytes   492 Mbits/sec  52160  
[  5]  38.00-39.00  sec  57.6 MBytes   483 Mbits/sec  51280  
[  5]  39.00-40.00  sec  52.5 MBytes   440 Mbits/sec  46720  
[  5]  40.00-41.00  sec  46.4 MBytes   389 Mbits/sec  41260  
[  5]  41.00-42.00  sec  55.7 MBytes   468 Mbits/sec  49620  
[  5]  42.00-43.00  sec  60.3 MBytes   506 Mbits/sec  53680  
[  5]  43.00-44.00  sec  58.1 MBytes   487 Mbits/sec  51700  
[  5]  44.00-45.00  sec  55.0 MBytes   461 Mbits/sec  48950  
[  5]  45.00-46.00  sec  57.7 MBytes   484 Mbits/sec  51350  
[  5]  46.00-47.00  sec  58.9 MBytes   494 Mbits/sec  52460  
[  5]  47.00-48.00  sec  58.7 MBytes   492 Mbits/sec  52230  
[  5]  48.00-49.00  sec  56.2 MBytes   472 Mbits/sec  50040  
[  5]  49.00-50.00  sec  51.9 MBytes   435 Mbits/sec  46180  
[  5]  50.00-51.00  sec  54.3 MBytes   456 Mbits/sec  48350  
[  5]  51.00-52.00  sec  53.1 MBytes   445 Mbits/sec  47230  
[  5]  52.00-53.00  sec  51.8 MBytes   434 Mbits/sec  46070  
[  5]  53.00-54.00  sec  64.3 MBytes   539 Mbits/sec  57210  
[  5]  54.00-55.00  sec  54.8 MBytes   460 Mbits/sec  48790  
[  5]  55.00-56.00  sec  57.0 MBytes   478 Mbits/sec  50740  
[  5]  56.00-57.00  sec  54.2 MBytes   455 Mbits/sec  48240  
[  5]  57.00-58.00  sec  60.6 MBytes   508 Mbits/sec  53930  
[  5]  58.00-59.00  sec  59.2 MBytes   496 Mbits/sec  52680  
[  5]  59.00-60.00  sec  54.4 MBytes   457 Mbits/sec  48430  
- - - - - - - - - - - - - - - - - - - - - - - - -
[ ID] Interval           Transfer     Bitrate         Jitter    Lost/Total Datagrams
[  5]   0.00-60.00  sec  3.28 GBytes   470 Mbits/sec  0.000 ms  0/2992880 (0%)  sender
[  5]   0.00-60.06  sec  2.05 GBytes   294 Mbits/sec  0.021 ms  1144229/2992880 (38%)  receiver

iperf Done.
