Connecting to host 10.136.80.158, port 5201
[  5] local 10.136.173.95 port 35998 connected to 10.136.80.158 port 5201
[ ID] Interval           Transfer     Bitrate         Retr  Cwnd
[  5]   0.00-1.00   sec  80.3 MBytes   673 Mbits/sec   18    312 KBytes       (omitted)
[  5]   0.00-1.00   sec  88.1 MBytes   739 Mbits/sec    8    383 KBytes       
[  5]   1.00-2.00   sec  85.7 MBytes   719 Mbits/sec   22    219 KBytes       
[  5]   2.00-3.00   sec  86.4 MBytes   724 Mbits/sec    6    347 KBytes       
[  5]   3.00-4.00   sec  87.4 MBytes   734 Mbits/sec   18    263 KBytes       
[  5]   4.00-5.00   sec  85.3 MBytes   715 Mbits/sec   78    214 KBytes       
[  5]   5.00-6.00   sec  81.7 MBytes   686 Mbits/sec   19    193 KBytes       
[  5]   6.00-7.00   sec  83.4 MBytes   700 Mbits/sec   12    263 KBytes       
[  5]   7.00-8.00   sec  86.4 MBytes   725 Mbits/sec   43    242 KBytes       
[  5]   8.00-9.00   sec  89.8 MBytes   754 Mbits/sec    0    414 KBytes       
[  5]   9.00-10.00  sec  88.7 MBytes   744 Mbits/sec   15    289 KBytes       
[  5]  10.00-11.00  sec  86.3 MBytes   724 Mbits/sec   19    221 KBytes       
[  5]  11.00-12.00  sec  86.4 MBytes   725 Mbits/sec   14    257 KBytes       
[  5]  12.00-13.00  sec  87.8 MBytes   737 Mbits/sec   16    280 KBytes       
[  5]  13.00-14.00  sec  90.2 MBytes   757 Mbits/sec    6    384 KBytes       
[  5]  14.00-15.00  sec  87.9 MBytes   737 Mbits/sec    7    423 KBytes       
[  5]  15.00-16.00  sec  84.7 MBytes   710 Mbits/sec   84    286 KBytes       
[  5]  16.00-17.00  sec  86.8 MBytes   728 Mbits/sec   30    297 KBytes       
[  5]  17.00-18.00  sec  87.2 MBytes   731 Mbits/sec   14    307 KBytes       
[  5]  18.00-19.00  sec  87.5 MBytes   734 Mbits/sec   22    250 KBytes       
[  5]  19.00-20.00  sec  89.0 MBytes   746 Mbits/sec    5    351 KBytes       
[  5]  20.00-21.00  sec  84.0 MBytes   705 Mbits/sec   21    251 KBytes       
[  5]  21.00-22.00  sec  84.8 MBytes   711 Mbits/sec   16    311 KBytes       
[  5]  22.00-23.00  sec  84.7 MBytes   710 Mbits/sec   13    331 KBytes       
[  5]  23.00-24.00  sec  87.8 MBytes   737 Mbits/sec   22    254 KBytes       
[  5]  24.00-25.00  sec  82.0 MBytes   688 Mbits/sec   24    183 KBytes       
[  5]  25.00-26.00  sec  80.7 MBytes   677 Mbits/sec   15    273 KBytes       
[  5]  26.00-27.00  sec  85.1 MBytes   714 Mbits/sec   13    297 KBytes       
[  5]  27.00-28.00  sec  85.2 MBytes   714 Mbits/sec   29    261 KBytes       
[  5]  28.00-29.00  sec  87.7 MBytes   736 Mbits/sec    8    342 KBytes       
[  5]  29.00-30.00  sec  85.2 MBytes   715 Mbits/sec   20    239 KBytes       
[  5]  30.00-31.00  sec  82.4 MBytes   691 Mbits/sec   11    253 KBytes       
[  5]  31.00-32.00  sec  85.5 MBytes   717 Mbits/sec   16    307 KBytes       
[  5]  32.00-33.00  sec  82.7 MBytes   694 Mbits/sec   32    239 KBytes       
[  5]  33.00-34.00  sec  85.2 MBytes   715 Mbits/sec    7    286 KBytes       
[  5]  34.00-35.00  sec  85.3 MBytes   715 Mbits/sec    5    328 KBytes       
[  5]  35.00-36.00  sec  85.6 MBytes   715 Mbits/sec   13    347 KBytes       
[  5]  36.00-37.00  sec  88.2 MBytes   743 Mbits/sec   11    385 KBytes       
[  5]  37.00-38.00  sec  86.5 MBytes   726 Mbits/sec   63    360 KBytes       
[  5]  38.00-39.00  sec  85.3 MBytes   715 Mbits/sec   63    239 KBytes       
[  5]  39.00-40.00  sec  87.4 MBytes   733 Mbits/sec   77    236 KBytes       
[  5]  40.00-41.00  sec  84.2 MBytes   706 Mbits/sec   46    336 KBytes       
[  5]  41.00-42.00  sec  88.8 MBytes   745 Mbits/sec   13    273 KBytes       
[  5]  42.00-43.00  sec  84.1 MBytes   705 Mbits/sec   33    257 KBytes       
[  5]  43.00-44.00  sec  88.7 MBytes   744 Mbits/sec   23    194 KBytes       
[  5]  44.00-45.00  sec  85.2 MBytes   715 Mbits/sec    0    378 KBytes       
[  5]  45.00-46.00  sec  86.7 MBytes   727 Mbits/sec   27    245 KBytes       
[  5]  46.00-47.00  sec  85.0 MBytes   713 Mbits/sec   12    271 KBytes       
[  5]  47.00-48.00  sec  85.4 MBytes   717 Mbits/sec    7    345 KBytes       
[  5]  48.00-49.00  sec  87.1 MBytes   730 Mbits/sec   19    211 KBytes       
[  5]  49.00-50.00  sec  84.8 MBytes   711 Mbits/sec   15    278 KBytes       
[  5]  50.00-51.00  sec  85.4 MBytes   716 Mbits/sec   27    319 KBytes       
[  5]  51.00-52.00  sec  81.7 MBytes   686 Mbits/sec   19    266 KBytes       
[  5]  52.00-53.00  sec  86.6 MBytes   726 Mbits/sec   12    319 KBytes       
[  5]  53.00-54.00  sec  88.7 MBytes   744 Mbits/sec    7    343 KBytes       
[  5]  54.00-55.00  sec  81.3 MBytes   682 Mbits/sec   13    336 KBytes       
[  5]  55.00-56.00  sec  84.2 MBytes   706 Mbits/sec   15    216 KBytes       
[  5]  56.00-57.00  sec  84.9 MBytes   712 Mbits/sec   21    231 KBytes       
[  5]  57.00-58.00  sec  84.2 MBytes   706 Mbits/sec   13    301 KBytes       
[  5]  58.00-59.00  sec  84.0 MBytes   704 Mbits/sec   65    247 KBytes       
[  5]  59.00-60.00  sec  82.6 MBytes   693 Mbits/sec    7    271 KBytes       
- - - - - - - - - - - - - - - - - - - - - - - - -
[ ID] Interval           Transfer     Bitrate         Retr
[  5]   0.00-60.00  sec  5.02 GBytes   719 Mbits/sec  1311             sender
[  5]   0.00-60.04  sec  5.02 GBytes   719 Mbits/sec                  receiver

iperf Done.
