Connecting to host knb-server-45730, port 5201
[  5] local 10.136.173.121 port 39282 connected to 10.43.154.74 port 5201
[ ID] Interval           Transfer     Bitrate         Total Datagrams
[  5]   0.00-1.00   sec  81.3 MBytes   682 Mbits/sec  72370  (omitted)
[  5]   0.00-1.00   sec  79.6 MBytes   668 Mbits/sec  70890  
[  5]   1.00-2.00   sec  79.9 MBytes   670 Mbits/sec  71100  
[  5]   2.00-3.00   sec  80.0 MBytes   671 Mbits/sec  71220  
[  5]   3.00-4.00   sec  79.5 MBytes   667 Mbits/sec  70790  
[  5]   4.00-5.00   sec  80.0 MBytes   671 Mbits/sec  71230  
[  5]   5.00-6.00   sec  80.1 MBytes   672 Mbits/sec  71300  
[  5]   6.00-7.00   sec  79.8 MBytes   669 Mbits/sec  71030  
[  5]   7.00-8.00   sec  79.0 MBytes   663 Mbits/sec  70360  
[  5]   8.00-9.00   sec  79.8 MBytes   669 Mbits/sec  71000  
[  5]   9.00-10.00  sec  79.0 MBytes   663 Mbits/sec  70320  
[  5]  10.00-11.00  sec  80.9 MBytes   678 Mbits/sec  71970  
[  5]  11.00-12.00  sec  79.1 MBytes   664 Mbits/sec  70450  
[  5]  12.00-13.00  sec  82.0 MBytes   687 Mbits/sec  72950  
[  5]  13.00-14.00  sec  81.5 MBytes   684 Mbits/sec  72550  
[  5]  14.00-15.00  sec  79.3 MBytes   666 Mbits/sec  70610  
[  5]  15.00-16.00  sec  79.8 MBytes   670 Mbits/sec  71060  
[  5]  16.00-17.00  sec  79.3 MBytes   666 Mbits/sec  70630  
[  5]  17.00-18.00  sec  79.2 MBytes   664 Mbits/sec  70500  
[  5]  18.00-19.00  sec  64.1 MBytes   537 Mbits/sec  57040  
[  5]  19.00-20.00  sec  63.2 MBytes   531 Mbits/sec  56300  
[  5]  20.00-21.00  sec  64.9 MBytes   545 Mbits/sec  57790  
[  5]  21.00-22.00  sec  65.5 MBytes   549 Mbits/sec  58260  
[  5]  22.00-23.00  sec  64.8 MBytes   543 Mbits/sec  57660  
[  5]  23.00-24.00  sec  76.4 MBytes   641 Mbits/sec  68030  
[  5]  24.00-25.00  sec  73.9 MBytes   620 Mbits/sec  65820  
[  5]  25.00-26.00  sec  65.9 MBytes   552 Mbits/sec  58620  
[  5]  26.00-27.00  sec  65.7 MBytes   551 Mbits/sec  58470  
[  5]  27.00-28.00  sec  77.5 MBytes   650 Mbits/sec  68960  
[  5]  28.00-29.00  sec  78.4 MBytes   658 Mbits/sec  69810  
[  5]  29.00-30.00  sec  78.7 MBytes   661 Mbits/sec  70090  
[  5]  30.00-31.00  sec  80.3 MBytes   673 Mbits/sec  71470  
[  5]  31.00-32.00  sec  78.5 MBytes   659 Mbits/sec  69890  
[  5]  32.00-33.00  sec  79.0 MBytes   663 Mbits/sec  70330  
[  5]  33.00-34.00  sec  78.7 MBytes   660 Mbits/sec  70080  
[  5]  34.00-35.00  sec  78.9 MBytes   662 Mbits/sec  70250  
[  5]  35.00-36.00  sec  79.0 MBytes   662 Mbits/sec  70280  
[  5]  36.00-37.00  sec  79.2 MBytes   664 Mbits/sec  70470  
[  5]  37.00-38.00  sec  78.7 MBytes   660 Mbits/sec  70080  
[  5]  38.00-39.00  sec  78.8 MBytes   661 Mbits/sec  70170  
[  5]  39.00-40.00  sec  78.6 MBytes   660 Mbits/sec  70000  
[  5]  40.00-41.00  sec  78.9 MBytes   662 Mbits/sec  70240  
[  5]  41.00-42.00  sec  78.9 MBytes   662 Mbits/sec  70270  
[  5]  42.00-43.00  sec  79.5 MBytes   667 Mbits/sec  70770  
[  5]  43.00-44.00  sec  79.2 MBytes   664 Mbits/sec  70470  
[  5]  44.00-45.00  sec  79.3 MBytes   665 Mbits/sec  70550  
[  5]  45.00-46.00  sec  79.0 MBytes   663 Mbits/sec  70310  
[  5]  46.00-47.00  sec  78.6 MBytes   659 Mbits/sec  69930  
[  5]  47.00-48.00  sec  77.9 MBytes   654 Mbits/sec  69380  
[  5]  48.00-49.00  sec  78.3 MBytes   657 Mbits/sec  69670  
[  5]  49.00-50.00  sec  78.3 MBytes   657 Mbits/sec  69670  
[  5]  50.00-51.00  sec  78.3 MBytes   657 Mbits/sec  69690  
[  5]  51.00-52.00  sec  78.8 MBytes   661 Mbits/sec  70100  
[  5]  52.00-53.00  sec  78.7 MBytes   660 Mbits/sec  70010  
[  5]  53.00-54.00  sec  78.8 MBytes   661 Mbits/sec  70110  
[  5]  54.00-55.00  sec  78.4 MBytes   658 Mbits/sec  69820  
[  5]  55.00-56.00  sec  80.3 MBytes   674 Mbits/sec  71490  
[  5]  56.00-57.00  sec  79.3 MBytes   666 Mbits/sec  70620  
[  5]  57.00-58.00  sec  78.8 MBytes   661 Mbits/sec  70110  
[  5]  58.00-59.00  sec  78.4 MBytes   658 Mbits/sec  69810  
[  5]  59.00-60.00  sec  80.4 MBytes   674 Mbits/sec  71560  
- - - - - - - - - - - - - - - - - - - - - - - - -
[ ID] Interval           Transfer     Bitrate         Jitter    Lost/Total Datagrams
[  5]   0.00-60.00  sec  4.54 GBytes   649 Mbits/sec  0.000 ms  0/4134410 (0%)  sender
[  5]   0.00-60.04  sec  4.54 GBytes   649 Mbits/sec  0.010 ms  1737/4134409 (0.042%)  receiver

iperf Done.
