Connecting to host knb-server-319238, port 5201
[  5] local 10.136.173.110 port 60117 connected to 10.43.162.8 port 5201
[ ID] Interval           Transfer     Bitrate         Total Datagrams
[  5]   0.00-1.00   sec  69.1 MBytes   579 Mbits/sec  61480  (omitted)
[  5]   0.00-1.00   sec  70.1 MBytes   588 Mbits/sec  62390  
[  5]   1.00-2.00   sec  65.6 MBytes   550 Mbits/sec  58400  
[  5]   2.00-3.00   sec  63.4 MBytes   531 Mbits/sec  56400  
[  5]   3.00-4.00   sec  59.1 MBytes   496 Mbits/sec  52600  
[  5]   4.00-5.00   sec  61.6 MBytes   516 Mbits/sec  54800  
[  5]   5.00-6.00   sec  69.7 MBytes   585 Mbits/sec  62060  
[  5]   6.00-7.00   sec  57.9 MBytes   486 Mbits/sec  51550  
[  5]   7.00-8.00   sec  48.4 MBytes   406 Mbits/sec  43110  
[  5]   8.00-9.00   sec  66.3 MBytes   556 Mbits/sec  59010  
[  5]   9.00-10.00  sec  52.2 MBytes   438 Mbits/sec  46470  
[  5]  10.00-11.00  sec  52.6 MBytes   441 Mbits/sec  46810  
[  5]  11.00-12.00  sec  54.4 MBytes   456 Mbits/sec  48440  
[  5]  12.00-13.00  sec  52.3 MBytes   438 Mbits/sec  46530  
[  5]  13.00-14.00  sec  55.9 MBytes   469 Mbits/sec  49720  
[  5]  14.00-15.00  sec  69.9 MBytes   586 Mbits/sec  62210  
[  5]  15.00-16.00  sec  65.8 MBytes   552 Mbits/sec  58550  
[  5]  16.00-17.00  sec  51.9 MBytes   435 Mbits/sec  46210  
[  5]  17.00-18.00  sec  52.0 MBytes   436 Mbits/sec  46260  
[  5]  18.00-19.00  sec  52.4 MBytes   439 Mbits/sec  46610  
[  5]  19.00-20.00  sec  72.5 MBytes   608 Mbits/sec  64530  
[  5]  20.00-21.00  sec  68.4 MBytes   574 Mbits/sec  60910  
[  5]  21.00-22.00  sec  70.0 MBytes   587 Mbits/sec  62300  
[  5]  22.00-23.00  sec  70.9 MBytes   595 Mbits/sec  63090  
[  5]  23.00-24.00  sec  72.1 MBytes   605 Mbits/sec  64210  
[  5]  24.00-25.00  sec  67.1 MBytes   563 Mbits/sec  59710  
[  5]  25.00-26.00  sec  70.7 MBytes   593 Mbits/sec  62900  
[  5]  26.00-27.00  sec  72.6 MBytes   609 Mbits/sec  64590  
[  5]  27.00-28.00  sec  76.0 MBytes   637 Mbits/sec  67630  
[  5]  28.00-29.00  sec  56.0 MBytes   470 Mbits/sec  49830  
[  5]  29.00-30.00  sec  60.9 MBytes   511 Mbits/sec  54190  
[  5]  30.00-31.00  sec  68.2 MBytes   572 Mbits/sec  60720  
[  5]  31.00-32.00  sec  70.7 MBytes   593 Mbits/sec  62890  
[  5]  32.00-33.00  sec  64.8 MBytes   543 Mbits/sec  57640  
[  5]  33.00-34.00  sec  70.4 MBytes   590 Mbits/sec  62650  
[  5]  34.00-35.00  sec  69.4 MBytes   582 Mbits/sec  61750  
[  5]  35.00-36.00  sec  69.7 MBytes   584 Mbits/sec  62020  
[  5]  36.00-37.00  sec  70.2 MBytes   589 Mbits/sec  62530  
[  5]  37.00-38.00  sec  72.1 MBytes   605 Mbits/sec  64190  
[  5]  38.00-39.00  sec  70.6 MBytes   593 Mbits/sec  62880  
[  5]  39.00-40.00  sec  72.5 MBytes   608 Mbits/sec  64550  
[  5]  40.00-41.00  sec  67.0 MBytes   562 Mbits/sec  59680  
[  5]  41.00-42.00  sec  72.9 MBytes   612 Mbits/sec  64890  
[  5]  42.00-43.00  sec  72.6 MBytes   609 Mbits/sec  64610  
[  5]  43.00-44.00  sec  73.1 MBytes   613 Mbits/sec  65030  
[  5]  44.00-45.00  sec  69.8 MBytes   585 Mbits/sec  62110  
[  5]  45.00-46.00  sec  70.8 MBytes   594 Mbits/sec  63020  
[  5]  46.00-47.00  sec  71.0 MBytes   595 Mbits/sec  63180  
[  5]  47.00-48.00  sec  70.1 MBytes   588 Mbits/sec  62360  
[  5]  48.00-49.00  sec  69.5 MBytes   583 Mbits/sec  61840  
[  5]  49.00-50.00  sec  70.9 MBytes   595 Mbits/sec  63100  
[  5]  50.00-51.00  sec  66.4 MBytes   557 Mbits/sec  59120  
[  5]  51.00-52.00  sec  73.4 MBytes   616 Mbits/sec  65320  
[  5]  52.00-53.00  sec  71.5 MBytes   600 Mbits/sec  63670  
[  5]  53.00-54.00  sec  71.1 MBytes   597 Mbits/sec  63320  
[  5]  54.00-55.00  sec  66.8 MBytes   561 Mbits/sec  59490  
[  5]  55.00-56.00  sec  72.6 MBytes   609 Mbits/sec  64640  
[  5]  56.00-57.00  sec  71.4 MBytes   599 Mbits/sec  63560  
[  5]  57.00-58.00  sec  72.7 MBytes   610 Mbits/sec  64680  
[  5]  58.00-59.00  sec  72.7 MBytes   610 Mbits/sec  64710  
[  5]  59.00-60.00  sec  72.7 MBytes   610 Mbits/sec  64690  
- - - - - - - - - - - - - - - - - - - - - - - - -
[ ID] Interval           Transfer     Bitrate         Jitter    Lost/Total Datagrams
[  5]   0.00-60.00  sec  3.90 GBytes   559 Mbits/sec  0.000 ms  0/3556860 (0%)  sender
[  5]   0.00-60.04  sec  1.90 GBytes   271 Mbits/sec  0.132 ms  1872887/3556860 (53%)  receiver

iperf Done.
