Connecting to host knb-server-10055, port 5201
[  5] local 10.136.173.73 port 50310 connected to 10.43.99.105 port 5201
[ ID] Interval           Transfer     Bitrate         Total Datagrams
[  5]   0.00-1.00   sec  80.1 MBytes   672 Mbits/sec  71290  (omitted)
[  5]   0.00-1.00   sec  79.2 MBytes   664 Mbits/sec  70470  
[  5]   1.00-2.00   sec  79.1 MBytes   664 Mbits/sec  70420  
[  5]   2.00-3.00   sec  79.7 MBytes   669 Mbits/sec  70970  
[  5]   3.00-4.00   sec  79.5 MBytes   667 Mbits/sec  70790  
[  5]   4.00-5.00   sec  79.7 MBytes   669 Mbits/sec  70980  
[  5]   5.00-6.00   sec  79.9 MBytes   670 Mbits/sec  71120  
[  5]   6.00-7.00   sec  79.1 MBytes   664 Mbits/sec  70410  
[  5]   7.00-8.00   sec  79.5 MBytes   667 Mbits/sec  70810  
[  5]   8.00-9.00   sec  79.1 MBytes   663 Mbits/sec  70390  
[  5]   9.00-10.00  sec  79.3 MBytes   665 Mbits/sec  70550  
[  5]  10.00-11.00  sec  78.6 MBytes   659 Mbits/sec  69950  
[  5]  11.00-12.00  sec  79.6 MBytes   668 Mbits/sec  70840  
[  5]  12.00-13.00  sec  78.9 MBytes   662 Mbits/sec  70240  
[  5]  13.00-14.00  sec  78.5 MBytes   658 Mbits/sec  69860  
[  5]  14.00-15.00  sec  79.5 MBytes   667 Mbits/sec  70790  
[  5]  15.00-16.00  sec  79.7 MBytes   669 Mbits/sec  70970  
[  5]  16.00-17.00  sec  78.9 MBytes   662 Mbits/sec  70200  
[  5]  17.00-18.00  sec  79.6 MBytes   667 Mbits/sec  70820  
[  5]  18.00-19.00  sec  79.6 MBytes   668 Mbits/sec  70860  
[  5]  19.00-20.00  sec  79.3 MBytes   666 Mbits/sec  70620  
[  5]  20.00-21.00  sec  78.7 MBytes   660 Mbits/sec  70060  
[  5]  21.00-22.00  sec  79.5 MBytes   667 Mbits/sec  70760  
[  5]  22.00-23.00  sec  79.3 MBytes   665 Mbits/sec  70580  
[  5]  23.00-24.00  sec  79.0 MBytes   662 Mbits/sec  70290  
[  5]  24.00-25.00  sec  63.2 MBytes   531 Mbits/sec  56300  
[  5]  25.00-26.00  sec  63.4 MBytes   532 Mbits/sec  56420  
[  5]  26.00-27.00  sec  62.9 MBytes   527 Mbits/sec  55950  
[  5]  27.00-28.00  sec  65.1 MBytes   546 Mbits/sec  57910  
[  5]  28.00-29.00  sec  62.2 MBytes   521 Mbits/sec  55330  
[  5]  29.00-30.00  sec  65.4 MBytes   549 Mbits/sec  58210  
[  5]  30.00-31.00  sec  64.0 MBytes   537 Mbits/sec  56930  
[  5]  31.00-32.00  sec  64.2 MBytes   539 Mbits/sec  57150  
[  5]  32.00-33.00  sec  65.0 MBytes   545 Mbits/sec  57840  
[  5]  33.00-34.00  sec  66.9 MBytes   561 Mbits/sec  59520  
[  5]  34.00-35.00  sec  79.8 MBytes   670 Mbits/sec  71060  
[  5]  35.00-36.00  sec  79.8 MBytes   670 Mbits/sec  71050  
[  5]  36.00-37.00  sec  79.4 MBytes   666 Mbits/sec  70700  
[  5]  37.00-38.00  sec  75.3 MBytes   631 Mbits/sec  67000  
[  5]  38.00-39.00  sec  63.8 MBytes   535 Mbits/sec  56820  
[  5]  39.00-40.00  sec  64.1 MBytes   538 Mbits/sec  57070  
[  5]  40.00-41.00  sec  65.0 MBytes   545 Mbits/sec  57840  
[  5]  41.00-42.00  sec  64.6 MBytes   542 Mbits/sec  57500  
[  5]  42.00-43.00  sec  65.4 MBytes   549 Mbits/sec  58220  
[  5]  43.00-44.00  sec  64.4 MBytes   541 Mbits/sec  57360  
[  5]  44.00-45.00  sec  66.1 MBytes   555 Mbits/sec  58850  
[  5]  45.00-46.00  sec  66.1 MBytes   554 Mbits/sec  58800  
[  5]  46.00-47.00  sec  65.1 MBytes   546 Mbits/sec  57910  
[  5]  47.00-48.00  sec  64.9 MBytes   545 Mbits/sec  57780  
[  5]  48.00-49.00  sec  65.8 MBytes   552 Mbits/sec  58590  
[  5]  49.00-50.00  sec  65.8 MBytes   552 Mbits/sec  58540  
[  5]  50.00-51.00  sec  65.0 MBytes   545 Mbits/sec  57880  
[  5]  51.00-52.00  sec  63.4 MBytes   532 Mbits/sec  56420  
[  5]  52.00-53.00  sec  62.4 MBytes   524 Mbits/sec  55580  
[  5]  53.00-54.00  sec  65.6 MBytes   550 Mbits/sec  58410  
[  5]  54.00-55.00  sec  78.7 MBytes   661 Mbits/sec  70090  
[  5]  55.00-56.00  sec  79.4 MBytes   666 Mbits/sec  70640  
[  5]  56.00-57.00  sec  79.1 MBytes   663 Mbits/sec  70400  
[  5]  57.00-58.00  sec  79.0 MBytes   662 Mbits/sec  70300  
[  5]  58.00-59.00  sec  78.9 MBytes   662 Mbits/sec  70210  
[  5]  59.00-60.00  sec  78.7 MBytes   660 Mbits/sec  70030  
- - - - - - - - - - - - - - - - - - - - - - - - -
[ ID] Interval           Transfer     Bitrate         Jitter    Lost/Total Datagrams
[  5]   0.00-60.00  sec  4.27 GBytes   611 Mbits/sec  0.000 ms  0/3890360 (0%)  sender
[  5]   0.00-60.04  sec  4.27 GBytes   611 Mbits/sec  0.011 ms  2503/3890359 (0.064%)  receiver

iperf Done.
