Connecting to host 10.136.80.158, port 5201
[  5] local 10.136.173.95 port 47094 connected to 10.136.80.158 port 5201
[ ID] Interval           Transfer     Bitrate         Retr  Cwnd
[  5]   0.00-1.00   sec  80.1 MBytes   672 Mbits/sec   16    239 KBytes       (omitted)
[  5]   0.00-1.00   sec  84.6 MBytes   709 Mbits/sec  159    216 KBytes       
[  5]   1.00-2.00   sec  86.1 MBytes   723 Mbits/sec   14    257 KBytes       
[  5]   2.00-3.00   sec  85.2 MBytes   715 Mbits/sec   41    288 KBytes       
[  5]   3.00-4.00   sec  82.5 MBytes   692 Mbits/sec   30    242 KBytes       
[  5]   4.00-5.00   sec  87.1 MBytes   731 Mbits/sec   14    198 KBytes       
[  5]   5.00-6.00   sec  86.2 MBytes   723 Mbits/sec    6    313 KBytes       
[  5]   6.00-7.00   sec  86.4 MBytes   725 Mbits/sec   11    269 KBytes       
[  5]   7.00-8.00   sec  83.3 MBytes   699 Mbits/sec   12    254 KBytes       
[  5]   8.00-9.00   sec  84.8 MBytes   712 Mbits/sec    5    338 KBytes       
[  5]   9.00-10.00  sec  85.0 MBytes   713 Mbits/sec   23    182 KBytes       
[  5]  10.00-11.00  sec  81.7 MBytes   685 Mbits/sec   12    257 KBytes       
[  5]  11.00-12.00  sec  86.0 MBytes   722 Mbits/sec   31    186 KBytes       
[  5]  12.00-13.00  sec  86.6 MBytes   726 Mbits/sec   20    329 KBytes       
[  5]  13.00-14.00  sec  82.9 MBytes   696 Mbits/sec   39    320 KBytes       
[  5]  14.00-15.00  sec  88.0 MBytes   739 Mbits/sec   13    341 KBytes       
[  5]  15.00-16.00  sec  88.7 MBytes   744 Mbits/sec   26    248 KBytes       
[  5]  16.00-17.00  sec  86.3 MBytes   724 Mbits/sec   15    211 KBytes       
[  5]  17.00-18.00  sec  85.9 MBytes   721 Mbits/sec   15    221 KBytes       
[  5]  18.00-19.00  sec  86.1 MBytes   723 Mbits/sec   14    265 KBytes       
[  5]  19.00-20.00  sec  86.1 MBytes   722 Mbits/sec   14    248 KBytes       
[  5]  20.00-21.00  sec  85.1 MBytes   714 Mbits/sec   18    246 KBytes       
[  5]  21.00-22.00  sec  84.5 MBytes   709 Mbits/sec   13    261 KBytes       
[  5]  22.00-23.00  sec  86.1 MBytes   722 Mbits/sec   13    267 KBytes       
[  5]  23.00-24.00  sec  82.9 MBytes   696 Mbits/sec   47    257 KBytes       
[  5]  24.00-25.00  sec  81.3 MBytes   682 Mbits/sec   19    248 KBytes       
[  5]  25.00-26.00  sec  81.4 MBytes   683 Mbits/sec   19    182 KBytes       
[  5]  26.00-27.00  sec  81.9 MBytes   687 Mbits/sec    6    258 KBytes       
[  5]  27.00-28.00  sec  79.0 MBytes   663 Mbits/sec   20    298 KBytes       
[  5]  28.00-29.00  sec  85.2 MBytes   715 Mbits/sec    8    338 KBytes       
[  5]  29.00-30.00  sec  81.9 MBytes   687 Mbits/sec   19    254 KBytes       
[  5]  30.00-31.00  sec  81.1 MBytes   681 Mbits/sec   17    200 KBytes       
[  5]  31.00-32.00  sec  82.7 MBytes   694 Mbits/sec    7    323 KBytes       
[  5]  32.00-33.00  sec  85.2 MBytes   715 Mbits/sec   17    326 KBytes       
[  5]  33.00-34.00  sec  62.3 MBytes   522 Mbits/sec   87    219 KBytes       
[  5]  34.00-35.00  sec  85.6 MBytes   718 Mbits/sec    7    353 KBytes       
[  5]  35.00-36.00  sec  87.6 MBytes   734 Mbits/sec   23    184 KBytes       
[  5]  36.00-37.00  sec  71.9 MBytes   603 Mbits/sec   34    258 KBytes       
[  5]  37.00-38.00  sec  81.3 MBytes   682 Mbits/sec   27    133 KBytes       
[  5]  38.00-39.00  sec  82.7 MBytes   693 Mbits/sec   16    191 KBytes       
[  5]  39.00-40.00  sec  84.3 MBytes   708 Mbits/sec    6    342 KBytes       
[  5]  40.00-41.00  sec  90.3 MBytes   757 Mbits/sec   20    178 KBytes       
[  5]  41.00-42.00  sec  83.4 MBytes   700 Mbits/sec   17    247 KBytes       
[  5]  42.00-43.00  sec  87.1 MBytes   730 Mbits/sec    7    290 KBytes       
[  5]  43.00-44.00  sec  80.8 MBytes   676 Mbits/sec   22    201 KBytes       
[  5]  44.00-45.00  sec  83.2 MBytes   699 Mbits/sec   32    224 KBytes       
[  5]  45.00-46.00  sec  85.5 MBytes   717 Mbits/sec   33    259 KBytes       
[  5]  46.00-47.00  sec  80.9 MBytes   679 Mbits/sec   27    213 KBytes       
[  5]  47.00-48.00  sec  84.7 MBytes   710 Mbits/sec   20    293 KBytes       
[  5]  48.00-49.00  sec  80.6 MBytes   676 Mbits/sec   70    193 KBytes       
[  5]  49.00-50.00  sec  81.1 MBytes   681 Mbits/sec   28    307 KBytes       
[  5]  50.00-51.00  sec  83.9 MBytes   704 Mbits/sec   13    270 KBytes       
[  5]  51.00-52.00  sec  80.0 MBytes   671 Mbits/sec   20    223 KBytes       
[  5]  52.00-53.00  sec  85.3 MBytes   715 Mbits/sec   72    271 KBytes       
[  5]  53.00-54.00  sec  86.6 MBytes   727 Mbits/sec    5    352 KBytes       
[  5]  54.00-55.00  sec  87.0 MBytes   730 Mbits/sec   15    362 KBytes       
[  5]  55.00-56.00  sec  84.9 MBytes   712 Mbits/sec   87    261 KBytes       
[  5]  56.00-57.00  sec  86.9 MBytes   729 Mbits/sec    8    376 KBytes       
[  5]  57.00-58.00  sec  87.9 MBytes   738 Mbits/sec   27    235 KBytes       
[  5]  58.00-59.00  sec  84.5 MBytes   709 Mbits/sec   21    215 KBytes       
[  5]  59.00-60.00  sec  88.7 MBytes   742 Mbits/sec    0    400 KBytes       
- - - - - - - - - - - - - - - - - - - - - - - - -
[ ID] Interval           Transfer     Bitrate         Retr
[  5]   0.00-60.00  sec  4.92 GBytes   704 Mbits/sec  1481             sender
[  5]   0.00-60.04  sec  4.92 GBytes   704 Mbits/sec                  receiver

iperf Done.
