Connecting to host 10.136.80.131, port 5201
[  5] local 10.136.173.66 port 34124 connected to 10.136.80.131 port 5201
[ ID] Interval           Transfer     Bitrate         Retr  Cwnd
[  5]   0.00-1.00   sec  28.0 MBytes   235 Mbits/sec   56    699 KBytes       (omitted)
[  5]   0.00-1.00   sec  30.0 MBytes   251 Mbits/sec    0    787 KBytes       
[  5]   1.00-2.00   sec  27.4 MBytes   230 Mbits/sec    0    855 KBytes       
[  5]   2.00-3.00   sec  27.4 MBytes   230 Mbits/sec    0    904 KBytes       
[  5]   3.00-4.00   sec  38.7 MBytes   325 Mbits/sec    4    681 KBytes       
[  5]   4.00-5.00   sec  40.0 MBytes   335 Mbits/sec    0    721 KBytes       
[  5]   5.00-6.00   sec  36.2 MBytes   304 Mbits/sec    0    747 KBytes       
[  5]   6.00-7.00   sec  36.2 MBytes   304 Mbits/sec    0    765 KBytes       
[  5]   7.00-8.00   sec  37.5 MBytes   314 Mbits/sec    0    795 KBytes       
[  5]   8.00-9.00   sec  37.5 MBytes   314 Mbits/sec    0    824 KBytes       
[  5]   9.00-10.00  sec  36.2 MBytes   304 Mbits/sec    0    851 KBytes       
[  5]  10.00-11.00  sec  36.2 MBytes   304 Mbits/sec    0    878 KBytes       
[  5]  11.00-12.00  sec  41.2 MBytes   346 Mbits/sec    0    907 KBytes       
[  5]  12.00-13.00  sec  42.5 MBytes   357 Mbits/sec    3    663 KBytes       
[  5]  13.00-14.00  sec  36.2 MBytes   304 Mbits/sec    0    748 KBytes       
[  5]  14.00-15.00  sec  33.7 MBytes   283 Mbits/sec    0    812 KBytes       
[  5]  15.00-16.00  sec  41.2 MBytes   346 Mbits/sec    0    862 KBytes       
[  5]  16.00-17.00  sec  35.0 MBytes   293 Mbits/sec    0    894 KBytes       
[  5]  17.00-18.00  sec  37.5 MBytes   315 Mbits/sec    3    667 KBytes       
[  5]  18.00-19.00  sec  41.2 MBytes   346 Mbits/sec    0    710 KBytes       
[  5]  19.00-20.00  sec  32.5 MBytes   272 Mbits/sec    0    737 KBytes       
[  5]  20.00-21.00  sec  41.2 MBytes   346 Mbits/sec    0    756 KBytes       
[  5]  21.00-22.00  sec  40.0 MBytes   335 Mbits/sec    0    788 KBytes       
[  5]  22.00-23.00  sec  41.2 MBytes   346 Mbits/sec    0    820 KBytes       
[  5]  23.00-24.00  sec  33.7 MBytes   283 Mbits/sec    0    846 KBytes       
[  5]  24.00-25.00  sec  35.0 MBytes   293 Mbits/sec    0    872 KBytes       
[  5]  25.00-26.00  sec  30.0 MBytes   251 Mbits/sec    0    894 KBytes       
[  5]  26.00-27.00  sec  38.7 MBytes   325 Mbits/sec    0    919 KBytes       
[  5]  27.00-28.00  sec  33.7 MBytes   283 Mbits/sec    9    709 KBytes       
[  5]  28.00-29.00  sec  29.9 MBytes   251 Mbits/sec    0    782 KBytes       
[  5]  29.00-30.00  sec  41.2 MBytes   346 Mbits/sec    0    839 KBytes       
[  5]  30.00-31.00  sec  40.0 MBytes   336 Mbits/sec    0    878 KBytes       
[  5]  31.00-32.00  sec  40.0 MBytes   335 Mbits/sec    0    903 KBytes       
[  5]  32.00-33.00  sec  42.5 MBytes   356 Mbits/sec    0    919 KBytes       
[  5]  33.00-34.00  sec  40.0 MBytes   335 Mbits/sec    5    694 KBytes       
[  5]  34.00-35.00  sec  42.5 MBytes   356 Mbits/sec    0    733 KBytes       
[  5]  35.00-36.00  sec  41.2 MBytes   346 Mbits/sec    0    757 KBytes       
[  5]  36.00-37.00  sec  42.5 MBytes   356 Mbits/sec    0    785 KBytes       
[  5]  37.00-38.00  sec  36.2 MBytes   304 Mbits/sec    0    813 KBytes       
[  5]  38.00-39.00  sec  35.0 MBytes   293 Mbits/sec    0    840 KBytes       
[  5]  39.00-40.00  sec  41.2 MBytes   346 Mbits/sec    1    870 KBytes       
[  5]  40.00-41.00  sec  33.7 MBytes   282 Mbits/sec    0    893 KBytes       
[  5]  41.00-42.00  sec  32.5 MBytes   272 Mbits/sec    1    653 KBytes       
[  5]  42.00-43.00  sec  36.2 MBytes   304 Mbits/sec    0    736 KBytes       
[  5]  43.00-44.00  sec  42.5 MBytes   356 Mbits/sec    0    800 KBytes       
[  5]  44.00-45.00  sec  41.2 MBytes   346 Mbits/sec    0    844 KBytes       
[  5]  45.00-46.00  sec  33.7 MBytes   282 Mbits/sec    0    875 KBytes       
[  5]  46.00-47.00  sec  31.2 MBytes   262 Mbits/sec    0    895 KBytes       
[  5]  47.00-48.00  sec  34.9 MBytes   293 Mbits/sec    0    905 KBytes       
[  5]  48.00-49.00  sec  32.5 MBytes   272 Mbits/sec    0    910 KBytes       
[  5]  49.00-50.00  sec  40.0 MBytes   335 Mbits/sec    4    717 KBytes       
[  5]  50.00-51.00  sec  38.7 MBytes   325 Mbits/sec    0    783 KBytes       
[  5]  51.00-52.00  sec  34.9 MBytes   293 Mbits/sec    0    834 KBytes       
[  5]  52.00-53.00  sec  41.2 MBytes   346 Mbits/sec    0    869 KBytes       
[  5]  53.00-54.00  sec  35.0 MBytes   293 Mbits/sec    0    892 KBytes       
[  5]  54.00-55.00  sec  32.5 MBytes   272 Mbits/sec    0    903 KBytes       
[  5]  55.00-56.00  sec  31.2 MBytes   262 Mbits/sec    4    666 KBytes       
[  5]  56.00-57.00  sec  26.2 MBytes   220 Mbits/sec    0    710 KBytes       
[  5]  57.00-58.00  sec  37.5 MBytes   314 Mbits/sec    0    740 KBytes       
[  5]  58.00-59.00  sec  36.2 MBytes   304 Mbits/sec    0    757 KBytes       
[  5]  59.00-60.00  sec  33.7 MBytes   283 Mbits/sec    0    766 KBytes       
- - - - - - - - - - - - - - - - - - - - - - - - -
[ ID] Interval           Transfer     Bitrate         Retr
[  5]   0.00-60.00  sec  2.14 GBytes   307 Mbits/sec   34             sender
[  5]   0.00-60.06  sec  2.15 GBytes   307 Mbits/sec                  receiver

iperf Done.
