Connecting to host 10.136.80.172, port 5201
[  5] local 10.136.173.110 port 41438 connected to 10.136.80.172 port 5201
[ ID] Interval           Transfer     Bitrate         Total Datagrams
[  5]   0.00-1.00   sec  75.0 MBytes   629 Mbits/sec  66800  (omitted)
[  5]   0.00-1.00   sec  73.0 MBytes   612 Mbits/sec  64970  
[  5]   1.00-2.00   sec  71.9 MBytes   603 Mbits/sec  63980  
[  5]   2.00-3.00   sec  80.7 MBytes   677 Mbits/sec  71860  
[  5]   3.00-4.00   sec  83.3 MBytes   698 Mbits/sec  74110  
[  5]   4.00-5.00   sec  82.3 MBytes   691 Mbits/sec  73280  
[  5]   5.00-6.00   sec  82.5 MBytes   692 Mbits/sec  73400  
[  5]   6.00-7.00   sec  83.8 MBytes   703 Mbits/sec  74590  
[  5]   7.00-8.00   sec  79.7 MBytes   669 Mbits/sec  70970  
[  5]   8.00-9.00   sec  75.0 MBytes   629 Mbits/sec  66770  
[  5]   9.00-10.00  sec  82.1 MBytes   689 Mbits/sec  73080  
[  5]  10.00-11.00  sec  83.2 MBytes   698 Mbits/sec  74020  
[  5]  11.00-12.00  sec  82.9 MBytes   696 Mbits/sec  73810  
[  5]  12.00-13.00  sec  83.2 MBytes   698 Mbits/sec  74060  
[  5]  13.00-14.00  sec  82.4 MBytes   691 Mbits/sec  73360  
[  5]  14.00-15.00  sec  81.3 MBytes   682 Mbits/sec  72330  
[  5]  15.00-16.00  sec  82.1 MBytes   689 Mbits/sec  73070  
[  5]  16.00-17.00  sec  82.9 MBytes   695 Mbits/sec  73770  
[  5]  17.00-18.00  sec  81.6 MBytes   684 Mbits/sec  72620  
[  5]  18.00-19.00  sec  82.8 MBytes   694 Mbits/sec  73680  
[  5]  19.00-20.00  sec  81.7 MBytes   686 Mbits/sec  72750  
[  5]  20.00-21.00  sec  82.8 MBytes   695 Mbits/sec  73720  
[  5]  21.00-22.00  sec  81.8 MBytes   686 Mbits/sec  72770  
[  5]  22.00-23.00  sec  82.2 MBytes   690 Mbits/sec  73170  
[  5]  23.00-24.00  sec  82.8 MBytes   694 Mbits/sec  73690  
[  5]  24.00-25.00  sec  81.5 MBytes   684 Mbits/sec  72550  
[  5]  25.00-26.00  sec  82.3 MBytes   691 Mbits/sec  73300  
[  5]  26.00-27.00  sec  83.7 MBytes   702 Mbits/sec  74500  
[  5]  27.00-28.00  sec  82.9 MBytes   695 Mbits/sec  73760  
[  5]  28.00-29.00  sec  82.6 MBytes   693 Mbits/sec  73520  
[  5]  29.00-30.00  sec  82.6 MBytes   693 Mbits/sec  73520  
[  5]  30.00-31.00  sec  83.4 MBytes   699 Mbits/sec  74200  
[  5]  31.00-32.00  sec  83.2 MBytes   698 Mbits/sec  74030  
[  5]  32.00-33.00  sec  82.4 MBytes   691 Mbits/sec  73340  
[  5]  33.00-34.00  sec  82.8 MBytes   695 Mbits/sec  73720  
[  5]  34.00-35.00  sec  84.6 MBytes   710 Mbits/sec  75310  
[  5]  35.00-36.00  sec  82.8 MBytes   694 Mbits/sec  73680  
[  5]  36.00-37.00  sec  83.3 MBytes   699 Mbits/sec  74150  
[  5]  37.00-38.00  sec  83.6 MBytes   701 Mbits/sec  74430  
[  5]  38.00-39.00  sec  81.9 MBytes   687 Mbits/sec  72930  
[  5]  39.00-40.00  sec  80.8 MBytes   678 Mbits/sec  71900  
[  5]  40.00-41.00  sec  81.7 MBytes   685 Mbits/sec  72730  
[  5]  41.00-42.00  sec  81.1 MBytes   680 Mbits/sec  72150  
[  5]  42.00-43.00  sec  82.7 MBytes   694 Mbits/sec  73600  
[  5]  43.00-44.00  sec  81.3 MBytes   682 Mbits/sec  72370  
[  5]  44.00-45.00  sec  81.7 MBytes   686 Mbits/sec  72750  
[  5]  45.00-46.00  sec  82.1 MBytes   689 Mbits/sec  73110  
[  5]  46.00-47.00  sec  82.7 MBytes   694 Mbits/sec  73650  
[  5]  47.00-48.00  sec  83.1 MBytes   697 Mbits/sec  73950  
[  5]  48.00-49.00  sec  83.6 MBytes   701 Mbits/sec  74410  
[  5]  49.00-50.00  sec  83.0 MBytes   696 Mbits/sec  73890  
[  5]  50.00-51.00  sec  84.0 MBytes   705 Mbits/sec  74790  
[  5]  51.00-52.00  sec  83.3 MBytes   699 Mbits/sec  74190  
[  5]  52.00-53.00  sec  81.8 MBytes   686 Mbits/sec  72770  
[  5]  53.00-54.00  sec  82.5 MBytes   692 Mbits/sec  73430  
[  5]  54.00-55.00  sec  82.0 MBytes   688 Mbits/sec  73020  
[  5]  55.00-56.00  sec  82.5 MBytes   692 Mbits/sec  73410  
[  5]  56.00-57.00  sec  82.6 MBytes   693 Mbits/sec  73520  
[  5]  57.00-58.00  sec  82.3 MBytes   690 Mbits/sec  73260  
[  5]  58.00-59.00  sec  82.9 MBytes   695 Mbits/sec  73760  
[  5]  59.00-60.00  sec  83.5 MBytes   701 Mbits/sec  74360  
- - - - - - - - - - - - - - - - - - - - - - - - -
[ ID] Interval           Transfer     Bitrate         Jitter    Lost/Total Datagrams
[  5]   0.00-60.00  sec  4.81 GBytes   688 Mbits/sec  0.000 ms  0/4381790 (0%)  sender
[  5]   0.00-60.26  sec  2.36 GBytes   337 Mbits/sec  0.010 ms  2254805/4381477 (51%)  receiver

iperf Done.
