Connecting to host 10.136.80.178, port 5201
[  5] local 10.136.173.94 port 49437 connected to 10.136.80.178 port 5201
[ ID] Interval           Transfer     Bitrate         Total Datagrams
[  5]   0.00-1.00   sec  93.3 MBytes   783 Mbits/sec  69980  (omitted)
[  5]   0.00-1.00   sec  84.7 MBytes   711 Mbits/sec  63560  
[  5]   1.00-2.00   sec  85.2 MBytes   714 Mbits/sec  63870  
[  5]   2.00-3.00   sec  84.3 MBytes   708 Mbits/sec  63260  
[  5]   3.00-4.00   sec  85.0 MBytes   713 Mbits/sec  63790  
[  5]   4.00-5.00   sec  82.4 MBytes   691 Mbits/sec  61810  
[  5]   5.00-6.00   sec  82.8 MBytes   695 Mbits/sec  62110  
[  5]   6.00-7.00   sec  86.0 MBytes   721 Mbits/sec  64490  
[  5]   7.00-8.00   sec  93.1 MBytes   781 Mbits/sec  69860  
[  5]   8.00-9.00   sec  92.6 MBytes   777 Mbits/sec  69480  
[  5]   9.00-10.00  sec  92.4 MBytes   775 Mbits/sec  69310  
[  5]  10.00-11.00  sec  92.5 MBytes   776 Mbits/sec  69350  
[  5]  11.00-12.00  sec  91.9 MBytes   771 Mbits/sec  68900  
[  5]  12.00-13.00  sec  90.8 MBytes   762 Mbits/sec  68100  
[  5]  13.00-14.00  sec  93.5 MBytes   785 Mbits/sec  70160  
[  5]  14.00-15.00  sec  93.7 MBytes   786 Mbits/sec  70310  
[  5]  15.00-16.00  sec  91.4 MBytes   767 Mbits/sec  68590  
[  5]  16.00-17.00  sec  92.1 MBytes   772 Mbits/sec  69060  
[  5]  17.00-18.00  sec  92.8 MBytes   779 Mbits/sec  69610  
[  5]  18.00-19.00  sec  90.7 MBytes   761 Mbits/sec  68040  
[  5]  19.00-20.00  sec  91.2 MBytes   765 Mbits/sec  68430  
[  5]  20.00-21.00  sec  92.2 MBytes   774 Mbits/sec  69170  
[  5]  21.00-22.00  sec  92.2 MBytes   774 Mbits/sec  69180  
[  5]  22.00-23.00  sec  91.0 MBytes   763 Mbits/sec  68220  
[  5]  23.00-24.00  sec  88.4 MBytes   741 Mbits/sec  66300  
[  5]  24.00-25.00  sec  92.7 MBytes   778 Mbits/sec  69560  
[  5]  25.00-26.00  sec  90.9 MBytes   762 Mbits/sec  68150  
[  5]  26.00-27.00  sec  91.6 MBytes   768 Mbits/sec  68680  
[  5]  27.00-28.00  sec  90.8 MBytes   762 Mbits/sec  68140  
[  5]  28.00-29.00  sec  92.0 MBytes   772 Mbits/sec  69000  
[  5]  29.00-30.00  sec  92.6 MBytes   777 Mbits/sec  69470  
[  5]  30.00-31.00  sec  92.6 MBytes   777 Mbits/sec  69470  
[  5]  31.00-32.00  sec  92.9 MBytes   780 Mbits/sec  69710  
[  5]  32.00-33.00  sec  92.1 MBytes   773 Mbits/sec  69100  
[  5]  33.00-34.00  sec  93.0 MBytes   780 Mbits/sec  69740  
[  5]  34.00-35.00  sec  91.3 MBytes   766 Mbits/sec  68480  
[  5]  35.00-36.00  sec  91.6 MBytes   768 Mbits/sec  68680  
[  5]  36.00-37.00  sec  92.4 MBytes   775 Mbits/sec  69320  
[  5]  37.00-38.00  sec  91.8 MBytes   770 Mbits/sec  68820  
[  5]  38.00-39.00  sec  91.6 MBytes   768 Mbits/sec  68670  
[  5]  39.00-40.00  sec  92.5 MBytes   776 Mbits/sec  69350  
[  5]  40.00-41.00  sec  91.8 MBytes   770 Mbits/sec  68890  
[  5]  41.00-42.00  sec  92.0 MBytes   772 Mbits/sec  69000  
[  5]  42.00-43.00  sec  90.6 MBytes   760 Mbits/sec  67980  
[  5]  43.00-44.00  sec  91.5 MBytes   768 Mbits/sec  68630  
[  5]  44.00-45.00  sec  91.8 MBytes   770 Mbits/sec  68880  
[  5]  45.00-46.00  sec  88.9 MBytes   746 Mbits/sec  66700  
[  5]  46.00-47.00  sec  90.2 MBytes   757 Mbits/sec  67690  
[  5]  47.00-48.00  sec  90.5 MBytes   759 Mbits/sec  67870  
[  5]  48.00-49.00  sec  90.3 MBytes   757 Mbits/sec  67730  
[  5]  49.00-50.00  sec  90.0 MBytes   755 Mbits/sec  67520  
[  5]  50.00-51.00  sec  90.2 MBytes   756 Mbits/sec  67630  
[  5]  51.00-52.00  sec  91.8 MBytes   770 Mbits/sec  68860  
[  5]  52.00-53.00  sec  92.5 MBytes   776 Mbits/sec  69390  
[  5]  53.00-54.00  sec  91.3 MBytes   766 Mbits/sec  68480  
[  5]  54.00-55.00  sec  90.8 MBytes   762 Mbits/sec  68140  
[  5]  55.00-56.00  sec  90.8 MBytes   762 Mbits/sec  68130  
[  5]  56.00-57.00  sec  91.0 MBytes   763 Mbits/sec  68220  
[  5]  57.00-58.00  sec  91.2 MBytes   765 Mbits/sec  68410  
[  5]  58.00-59.00  sec  91.6 MBytes   769 Mbits/sec  68740  
[  5]  59.00-60.00  sec  91.6 MBytes   769 Mbits/sec  68710  
- - - - - - - - - - - - - - - - - - - - - - - - -
[ ID] Interval           Transfer     Bitrate         Jitter    Lost/Total Datagrams
[  5]   0.00-60.00  sec  5.32 GBytes   761 Mbits/sec  0.000 ms  0/4084900 (0%)  sender
[  5]   0.00-60.09  sec  1.56 GBytes   223 Mbits/sec  0.026 ms  2936982/4084899 (72%)  receiver

iperf Done.
