Connecting to host knb-server-5604, port 5201
[  5] local 10.136.173.102 port 46609 connected to 10.43.197.13 port 5201
[ ID] Interval           Transfer     Bitrate         Total Datagrams
[  5]   0.00-1.00   sec  72.6 MBytes   609 Mbits/sec  64650  (omitted)
[  5]   0.00-1.00   sec  71.3 MBytes   598 Mbits/sec  63440  
[  5]   1.00-2.00   sec  73.4 MBytes   616 Mbits/sec  65350  
[  5]   2.00-3.00   sec  72.5 MBytes   608 Mbits/sec  64510  
[  5]   3.00-4.00   sec  72.5 MBytes   608 Mbits/sec  64550  
[  5]   4.00-5.00   sec  72.7 MBytes   610 Mbits/sec  64700  
[  5]   5.00-6.00   sec  73.1 MBytes   614 Mbits/sec  65100  
[  5]   6.00-7.00   sec  68.2 MBytes   572 Mbits/sec  60740  
[  5]   7.00-8.00   sec  70.6 MBytes   593 Mbits/sec  62880  
[  5]   8.00-9.00   sec  73.9 MBytes   620 Mbits/sec  65800  
[  5]   9.00-10.00  sec  73.8 MBytes   619 Mbits/sec  65700  
[  5]  10.00-11.00  sec  75.7 MBytes   635 Mbits/sec  67360  
[  5]  11.00-12.00  sec  55.8 MBytes   468 Mbits/sec  49700  
[  5]  12.00-13.00  sec  56.1 MBytes   471 Mbits/sec  49940  
[  5]  13.00-14.00  sec  55.0 MBytes   462 Mbits/sec  49000  
[  5]  14.00-15.00  sec  69.5 MBytes   583 Mbits/sec  61820  
[  5]  15.00-16.00  sec  75.6 MBytes   634 Mbits/sec  67310  
[  5]  16.00-17.00  sec  69.6 MBytes   584 Mbits/sec  61970  
[  5]  17.00-18.00  sec  72.9 MBytes   612 Mbits/sec  64890  
[  5]  18.00-19.00  sec  72.4 MBytes   607 Mbits/sec  64420  
[  5]  19.00-20.00  sec  72.7 MBytes   610 Mbits/sec  64730  
[  5]  20.00-21.00  sec  71.2 MBytes   598 Mbits/sec  63420  
[  5]  21.00-22.00  sec  54.0 MBytes   453 Mbits/sec  48090  
[  5]  22.00-23.00  sec  63.6 MBytes   534 Mbits/sec  56650  
[  5]  23.00-24.00  sec  68.9 MBytes   578 Mbits/sec  61310  
[  5]  24.00-25.00  sec  74.2 MBytes   623 Mbits/sec  66070  
[  5]  25.00-26.00  sec  75.3 MBytes   632 Mbits/sec  67070  
[  5]  26.00-27.00  sec  70.4 MBytes   591 Mbits/sec  62690  
[  5]  27.00-28.00  sec  74.1 MBytes   622 Mbits/sec  65960  
[  5]  28.00-29.00  sec  75.6 MBytes   634 Mbits/sec  67320  
[  5]  29.00-30.00  sec  75.2 MBytes   631 Mbits/sec  66930  
[  5]  30.00-31.00  sec  73.1 MBytes   613 Mbits/sec  65080  
[  5]  31.00-32.00  sec  74.3 MBytes   623 Mbits/sec  66110  
[  5]  32.00-33.00  sec  74.0 MBytes   621 Mbits/sec  65890  
[  5]  33.00-34.00  sec  74.1 MBytes   621 Mbits/sec  65940  
[  5]  34.00-35.00  sec  73.9 MBytes   620 Mbits/sec  65750  
[  5]  35.00-36.00  sec  74.1 MBytes   622 Mbits/sec  65980  
[  5]  36.00-37.00  sec  67.1 MBytes   563 Mbits/sec  59760  
[  5]  37.00-38.00  sec  76.5 MBytes   641 Mbits/sec  68060  
[  5]  38.00-39.00  sec  74.4 MBytes   625 Mbits/sec  66270  
[  5]  39.00-40.00  sec  72.8 MBytes   611 Mbits/sec  64820  
[  5]  40.00-41.00  sec  71.4 MBytes   599 Mbits/sec  63520  
[  5]  41.00-42.00  sec  73.2 MBytes   614 Mbits/sec  65120  
[  5]  42.00-43.00  sec  72.1 MBytes   605 Mbits/sec  64170  
[  5]  43.00-44.00  sec  71.4 MBytes   599 Mbits/sec  63530  
[  5]  44.00-45.00  sec  74.6 MBytes   626 Mbits/sec  66390  
[  5]  45.00-46.00  sec  65.2 MBytes   547 Mbits/sec  58080  
[  5]  46.00-47.00  sec  70.1 MBytes   588 Mbits/sec  62400  
[  5]  47.00-48.00  sec  72.8 MBytes   610 Mbits/sec  64780  
[  5]  48.00-49.00  sec  72.2 MBytes   606 Mbits/sec  64270  
[  5]  49.00-50.00  sec  72.6 MBytes   609 Mbits/sec  64610  
[  5]  50.00-51.00  sec  73.2 MBytes   614 Mbits/sec  65160  
[  5]  51.00-52.00  sec  77.0 MBytes   646 Mbits/sec  68510  
[  5]  52.00-53.00  sec  72.8 MBytes   611 Mbits/sec  64800  
[  5]  53.00-54.00  sec  69.4 MBytes   582 Mbits/sec  61780  
[  5]  54.00-55.00  sec  73.5 MBytes   617 Mbits/sec  65450  
[  5]  55.00-56.00  sec  74.4 MBytes   624 Mbits/sec  66260  
[  5]  56.00-57.00  sec  72.1 MBytes   605 Mbits/sec  64190  
[  5]  57.00-58.00  sec  73.7 MBytes   618 Mbits/sec  65590  
[  5]  58.00-59.00  sec  73.0 MBytes   613 Mbits/sec  65020  
[  5]  59.00-60.00  sec  73.2 MBytes   614 Mbits/sec  65150  
- - - - - - - - - - - - - - - - - - - - - - - - -
[ ID] Interval           Transfer     Bitrate         Jitter    Lost/Total Datagrams
[  5]   0.00-60.00  sec  4.18 GBytes   599 Mbits/sec  0.000 ms  0/3811860 (0%)  sender
[  5]   0.00-60.12  sec  1.65 GBytes   236 Mbits/sec  0.008 ms  2347011/3811860 (62%)  receiver

iperf Done.
