Connecting to host 10.136.80.184, port 5201
[  5] local 10.136.173.120 port 40856 connected to 10.136.80.184 port 5201
[ ID] Interval           Transfer     Bitrate         Total Datagrams
[  5]   0.00-1.00   sec  57.3 MBytes   480 Mbits/sec  50980  (omitted)
[  5]   0.00-1.00   sec  50.9 MBytes   427 Mbits/sec  45270  
[  5]   1.00-2.00   sec  54.0 MBytes   453 Mbits/sec  48040  
[  5]   2.00-3.00   sec  51.9 MBytes   436 Mbits/sec  46220  
[  5]   3.00-4.00   sec  60.2 MBytes   505 Mbits/sec  53610  
[  5]   4.00-5.00   sec  52.9 MBytes   444 Mbits/sec  47120  
[  5]   5.00-6.00   sec  57.8 MBytes   485 Mbits/sec  51490  
[  5]   6.00-7.00   sec  51.6 MBytes   433 Mbits/sec  45950  
[  5]   7.00-8.00   sec  56.2 MBytes   472 Mbits/sec  50050  
[  5]   8.00-9.00   sec  54.8 MBytes   460 Mbits/sec  48810  
[  5]   9.00-10.00  sec  55.5 MBytes   466 Mbits/sec  49440  
[  5]  10.00-11.00  sec  53.4 MBytes   448 Mbits/sec  47550  
[  5]  11.00-12.00  sec  56.1 MBytes   471 Mbits/sec  49960  
[  5]  12.00-13.00  sec  59.1 MBytes   496 Mbits/sec  52610  
[  5]  13.00-14.00  sec  55.8 MBytes   468 Mbits/sec  49700  
[  5]  14.00-15.00  sec  54.7 MBytes   459 Mbits/sec  48690  
[  5]  15.00-16.00  sec  56.0 MBytes   470 Mbits/sec  49880  
[  5]  16.00-17.00  sec  51.0 MBytes   428 Mbits/sec  45430  
[  5]  17.00-18.00  sec  52.4 MBytes   439 Mbits/sec  46620  
[  5]  18.00-19.00  sec  54.7 MBytes   458 Mbits/sec  48650  
[  5]  19.00-20.00  sec  54.9 MBytes   460 Mbits/sec  48850  
[  5]  20.00-21.00  sec  53.1 MBytes   446 Mbits/sec  47270  
[  5]  21.00-22.00  sec  52.9 MBytes   444 Mbits/sec  47070  
[  5]  22.00-23.00  sec  57.8 MBytes   485 Mbits/sec  51420  
[  5]  23.00-24.00  sec  53.9 MBytes   452 Mbits/sec  47990  
[  5]  24.00-25.00  sec  56.4 MBytes   473 Mbits/sec  50170  
[  5]  25.00-26.00  sec  57.6 MBytes   483 Mbits/sec  51240  
[  5]  26.00-27.00  sec  54.6 MBytes   458 Mbits/sec  48630  
[  5]  27.00-28.00  sec  57.0 MBytes   478 Mbits/sec  50720  
[  5]  28.00-29.00  sec  53.9 MBytes   453 Mbits/sec  48010  
[  5]  29.00-30.00  sec  55.6 MBytes   467 Mbits/sec  49510  
[  5]  30.00-31.00  sec  56.6 MBytes   475 Mbits/sec  50380  
[  5]  31.00-32.00  sec  52.6 MBytes   441 Mbits/sec  46820  
[  5]  32.00-33.00  sec  55.0 MBytes   461 Mbits/sec  48970  
[  5]  33.00-34.00  sec  57.5 MBytes   482 Mbits/sec  51160  
[  5]  34.00-35.00  sec  56.5 MBytes   474 Mbits/sec  50300  
[  5]  35.00-36.00  sec  52.1 MBytes   437 Mbits/sec  46410  
[  5]  36.00-37.00  sec  57.8 MBytes   485 Mbits/sec  51480  
[  5]  37.00-38.00  sec  54.5 MBytes   457 Mbits/sec  48530  
[  5]  38.00-39.00  sec  60.3 MBytes   506 Mbits/sec  53660  
[  5]  39.00-40.00  sec  55.5 MBytes   466 Mbits/sec  49400  
[  5]  40.00-41.00  sec  53.9 MBytes   452 Mbits/sec  47970  
[  5]  41.00-42.00  sec  55.0 MBytes   462 Mbits/sec  48990  
[  5]  42.00-43.00  sec  57.9 MBytes   486 Mbits/sec  51580  
[  5]  43.00-44.00  sec  50.8 MBytes   426 Mbits/sec  45250  
[  5]  44.00-45.00  sec  49.8 MBytes   418 Mbits/sec  44310  
[  5]  45.00-46.00  sec  49.9 MBytes   419 Mbits/sec  44440  
[  5]  46.00-47.00  sec  52.3 MBytes   438 Mbits/sec  46510  
[  5]  47.00-48.00  sec  50.6 MBytes   425 Mbits/sec  45060  
[  5]  48.00-49.00  sec  55.8 MBytes   468 Mbits/sec  49700  
[  5]  49.00-50.00  sec  54.2 MBytes   454 Mbits/sec  48210  
[  5]  50.00-51.00  sec  52.9 MBytes   444 Mbits/sec  47070  
[  5]  51.00-52.00  sec  54.9 MBytes   460 Mbits/sec  48850  
[  5]  52.00-53.00  sec  57.5 MBytes   482 Mbits/sec  51150  
[  5]  53.00-54.00  sec  54.9 MBytes   460 Mbits/sec  48860  
[  5]  54.00-55.00  sec  57.1 MBytes   479 Mbits/sec  50850  
[  5]  55.00-56.00  sec  57.3 MBytes   480 Mbits/sec  50970  
[  5]  56.00-57.00  sec  50.7 MBytes   426 Mbits/sec  45170  
[  5]  57.00-58.00  sec  54.8 MBytes   460 Mbits/sec  48810  
[  5]  58.00-59.00  sec  57.1 MBytes   479 Mbits/sec  50860  
[  5]  59.00-60.00  sec  58.3 MBytes   489 Mbits/sec  51920  
- - - - - - - - - - - - - - - - - - - - - - - - -
[ ID] Interval           Transfer     Bitrate         Jitter    Lost/Total Datagrams
[  5]   0.00-60.00  sec  3.21 GBytes   460 Mbits/sec  0.000 ms  0/2929610 (0%)  sender
[  5]   0.00-60.27  sec  2.16 GBytes   308 Mbits/sec  0.005 ms  980138/2928792 (33%)  receiver

iperf Done.
