Connecting to host 10.136.80.174, port 5201
[  5] local 10.136.173.110 port 59082 connected to 10.136.80.174 port 5201
[ ID] Interval           Transfer     Bitrate         Total Datagrams
[  5]   0.00-1.00   sec  64.2 MBytes   538 Mbits/sec  57130  (omitted)
[  5]   0.00-1.00   sec  65.1 MBytes   546 Mbits/sec  57960  
[  5]   1.00-2.00   sec  63.2 MBytes   530 Mbits/sec  56280  
[  5]   2.00-3.00   sec  62.3 MBytes   523 Mbits/sec  55450  
[  5]   3.00-4.00   sec  60.2 MBytes   505 Mbits/sec  53560  
[  5]   4.00-5.00   sec  62.7 MBytes   526 Mbits/sec  55840  
[  5]   5.00-6.00   sec  61.0 MBytes   512 Mbits/sec  54310  
[  5]   6.00-7.00   sec  62.2 MBytes   521 Mbits/sec  55330  
[  5]   7.00-8.00   sec  62.2 MBytes   522 Mbits/sec  55410  
[  5]   8.00-9.00   sec  64.1 MBytes   538 Mbits/sec  57090  
[  5]   9.00-10.00  sec  60.3 MBytes   506 Mbits/sec  53710  
[  5]  10.00-11.00  sec  63.7 MBytes   534 Mbits/sec  56660  
[  5]  11.00-12.00  sec  60.9 MBytes   511 Mbits/sec  54230  
[  5]  12.00-13.00  sec  60.5 MBytes   507 Mbits/sec  53840  
[  5]  13.00-14.00  sec  60.6 MBytes   509 Mbits/sec  53980  
[  5]  14.00-15.00  sec  60.2 MBytes   505 Mbits/sec  53610  
[  5]  15.00-16.00  sec  61.8 MBytes   518 Mbits/sec  55000  
[  5]  16.00-17.00  sec  65.5 MBytes   549 Mbits/sec  58290  
[  5]  17.00-18.00  sec  60.1 MBytes   504 Mbits/sec  53520  
[  5]  18.00-19.00  sec  66.6 MBytes   558 Mbits/sec  59260  
[  5]  19.00-20.00  sec  60.8 MBytes   510 Mbits/sec  54140  
[  5]  20.00-21.00  sec  64.0 MBytes   537 Mbits/sec  57000  
[  5]  21.00-22.00  sec  60.3 MBytes   506 Mbits/sec  53710  
[  5]  22.00-23.00  sec  61.9 MBytes   519 Mbits/sec  55090  
[  5]  23.00-24.00  sec  70.0 MBytes   587 Mbits/sec  62310  
[  5]  24.00-25.00  sec  62.1 MBytes   521 Mbits/sec  55310  
[  5]  25.00-26.00  sec  64.1 MBytes   538 Mbits/sec  57040  
[  5]  26.00-27.00  sec  60.5 MBytes   508 Mbits/sec  53880  
[  5]  27.00-28.00  sec  61.6 MBytes   517 Mbits/sec  54850  
[  5]  28.00-29.00  sec  63.7 MBytes   534 Mbits/sec  56700  
[  5]  29.00-30.00  sec  60.5 MBytes   508 Mbits/sec  53890  
[  5]  30.00-31.00  sec  64.2 MBytes   539 Mbits/sec  57190  
[  5]  31.00-32.00  sec  72.1 MBytes   605 Mbits/sec  64210  
[  5]  32.00-33.00  sec  61.9 MBytes   519 Mbits/sec  55120  
[  5]  33.00-34.00  sec  70.2 MBytes   589 Mbits/sec  62520  
[  5]  34.00-35.00  sec  62.4 MBytes   523 Mbits/sec  55520  
[  5]  35.00-36.00  sec  64.1 MBytes   538 Mbits/sec  57100  
[  5]  36.00-37.00  sec  60.2 MBytes   505 Mbits/sec  53550  
[  5]  37.00-38.00  sec  62.1 MBytes   521 Mbits/sec  55300  
[  5]  38.00-39.00  sec  60.0 MBytes   504 Mbits/sec  53450  
[  5]  39.00-40.00  sec  56.5 MBytes   474 Mbits/sec  50280  
[  5]  40.00-41.00  sec  69.2 MBytes   580 Mbits/sec  61560  
[  5]  41.00-42.00  sec  60.6 MBytes   508 Mbits/sec  53920  
[  5]  42.00-43.00  sec  61.9 MBytes   519 Mbits/sec  55080  
[  5]  43.00-44.00  sec  63.8 MBytes   535 Mbits/sec  56770  
[  5]  44.00-45.00  sec  60.3 MBytes   506 Mbits/sec  53690  
[  5]  45.00-46.00  sec  66.8 MBytes   560 Mbits/sec  59420  
[  5]  46.00-47.00  sec  64.7 MBytes   543 Mbits/sec  57630  
[  5]  47.00-48.00  sec  64.8 MBytes   544 Mbits/sec  57700  
[  5]  48.00-49.00  sec  62.1 MBytes   521 Mbits/sec  55260  
[  5]  49.00-50.00  sec  60.7 MBytes   509 Mbits/sec  54010  
[  5]  50.00-51.00  sec  60.5 MBytes   507 Mbits/sec  53840  
[  5]  51.00-52.00  sec  64.9 MBytes   545 Mbits/sec  57780  
[  5]  52.00-53.00  sec  68.1 MBytes   572 Mbits/sec  60640  
[  5]  53.00-54.00  sec  60.3 MBytes   506 Mbits/sec  53690  
[  5]  54.00-55.00  sec  60.8 MBytes   510 Mbits/sec  54140  
[  5]  55.00-56.00  sec  60.5 MBytes   508 Mbits/sec  53870  
[  5]  56.00-57.00  sec  64.7 MBytes   543 Mbits/sec  57600  
[  5]  57.00-58.00  sec  65.3 MBytes   548 Mbits/sec  58150  
[  5]  58.00-59.00  sec  60.9 MBytes   511 Mbits/sec  54200  
[  5]  59.00-60.00  sec  62.2 MBytes   522 Mbits/sec  55370  
- - - - - - - - - - - - - - - - - - - - - - - - -
[ ID] Interval           Transfer     Bitrate         Jitter    Lost/Total Datagrams
[  5]   0.00-60.00  sec  3.68 GBytes   527 Mbits/sec  0.000 ms  0/3355810 (0%)  sender
[  5]   0.00-60.04  sec  3.58 GBytes   512 Mbits/sec  0.018 ms  100914/3355810 (3%)  receiver

iperf Done.
