Connecting to host 10.136.80.171, port 5201
[  5] local 10.136.173.103 port 53984 connected to 10.136.80.171 port 5201
[ ID] Interval           Transfer     Bitrate         Total Datagrams
[  5]   0.00-1.00   sec  60.4 MBytes   507 Mbits/sec  53770  (omitted)
[  5]   0.00-1.00   sec  57.7 MBytes   484 Mbits/sec  51400  
[  5]   1.00-2.00   sec  54.3 MBytes   455 Mbits/sec  48320  
[  5]   2.00-3.00   sec  47.6 MBytes   399 Mbits/sec  42390  
[  5]   3.00-4.00   sec  48.9 MBytes   410 Mbits/sec  43510  
[  5]   4.00-5.00   sec  56.5 MBytes   474 Mbits/sec  50320  
[  5]   5.00-6.00   sec  57.2 MBytes   480 Mbits/sec  50960  
[  5]   6.00-7.00   sec  56.5 MBytes   474 Mbits/sec  50330  
[  5]   7.00-8.00   sec  56.4 MBytes   473 Mbits/sec  50240  
[  5]   8.00-9.00   sec  59.5 MBytes   499 Mbits/sec  52930  
[  5]   9.00-10.00  sec  52.7 MBytes   442 Mbits/sec  46880  
[  5]  10.00-11.00  sec  62.3 MBytes   523 Mbits/sec  55490  
[  5]  11.00-12.00  sec  60.9 MBytes   511 Mbits/sec  54170  
[  5]  12.00-13.00  sec  53.2 MBytes   446 Mbits/sec  47380  
[  5]  13.00-14.00  sec  54.6 MBytes   458 Mbits/sec  48580  
[  5]  14.00-15.00  sec  47.6 MBytes   399 Mbits/sec  42330  
[  5]  15.00-16.00  sec  50.5 MBytes   424 Mbits/sec  44980  
[  5]  16.00-17.00  sec  51.6 MBytes   433 Mbits/sec  45910  
[  5]  17.00-18.00  sec  64.0 MBytes   537 Mbits/sec  56970  
[  5]  18.00-19.00  sec  59.0 MBytes   495 Mbits/sec  52510  
[  5]  19.00-20.00  sec  60.1 MBytes   504 Mbits/sec  53480  
[  5]  20.00-21.00  sec  61.9 MBytes   520 Mbits/sec  55140  
[  5]  21.00-22.00  sec  58.3 MBytes   489 Mbits/sec  51880  
[  5]  22.00-23.00  sec  51.5 MBytes   432 Mbits/sec  45810  
[  5]  23.00-24.00  sec  63.4 MBytes   532 Mbits/sec  56450  
[  5]  24.00-25.00  sec  60.4 MBytes   507 Mbits/sec  53760  
[  5]  25.00-26.00  sec  56.4 MBytes   473 Mbits/sec  50160  
[  5]  26.00-27.00  sec  55.0 MBytes   461 Mbits/sec  48950  
[  5]  27.00-28.00  sec  59.2 MBytes   497 Mbits/sec  52720  
[  5]  28.00-29.00  sec  45.9 MBytes   385 Mbits/sec  40860  
[  5]  29.00-30.00  sec  46.7 MBytes   392 Mbits/sec  41560  
[  5]  30.00-31.00  sec  55.5 MBytes   465 Mbits/sec  49370  
[  5]  31.00-32.00  sec  57.7 MBytes   484 Mbits/sec  51320  
[  5]  32.00-33.00  sec  52.1 MBytes   437 Mbits/sec  46340  
[  5]  33.00-34.00  sec  53.9 MBytes   452 Mbits/sec  47940  
[  5]  34.00-35.00  sec  54.7 MBytes   459 Mbits/sec  48700  
[  5]  35.00-36.00  sec  55.1 MBytes   462 Mbits/sec  49010  
[  5]  36.00-37.00  sec  46.7 MBytes   392 Mbits/sec  41570  
[  5]  37.00-38.00  sec  57.7 MBytes   484 Mbits/sec  51320  
[  5]  38.00-39.00  sec  58.7 MBytes   492 Mbits/sec  52240  
[  5]  39.00-40.00  sec  54.3 MBytes   455 Mbits/sec  48330  
[  5]  40.00-41.00  sec  54.4 MBytes   456 Mbits/sec  48420  
[  5]  41.00-42.00  sec  57.3 MBytes   480 Mbits/sec  50980  
[  5]  42.00-43.00  sec  55.0 MBytes   461 Mbits/sec  48920  
[  5]  43.00-44.00  sec  55.2 MBytes   463 Mbits/sec  49150  
[  5]  44.00-45.00  sec  54.6 MBytes   458 Mbits/sec  48580  
[  5]  45.00-46.00  sec  56.3 MBytes   473 Mbits/sec  50150  
[  5]  46.00-47.00  sec  56.1 MBytes   470 Mbits/sec  49910  
[  5]  47.00-48.00  sec  48.5 MBytes   407 Mbits/sec  43200  
[  5]  48.00-49.00  sec  48.3 MBytes   405 Mbits/sec  43030  
[  5]  49.00-50.00  sec  50.6 MBytes   424 Mbits/sec  45000  
[  5]  50.00-51.00  sec  47.7 MBytes   401 Mbits/sec  42500  
[  5]  51.00-52.00  sec  64.7 MBytes   543 Mbits/sec  57630  
[  5]  52.00-53.00  sec  56.9 MBytes   477 Mbits/sec  50650  
[  5]  53.00-54.00  sec  46.0 MBytes   386 Mbits/sec  40920  
[  5]  54.00-55.00  sec  57.5 MBytes   483 Mbits/sec  51210  
[  5]  55.00-56.00  sec  47.1 MBytes   395 Mbits/sec  41940  
[  5]  56.00-57.00  sec  48.9 MBytes   410 Mbits/sec  43520  
[  5]  57.00-58.00  sec  56.1 MBytes   470 Mbits/sec  49920  
[  5]  58.00-59.00  sec  59.4 MBytes   498 Mbits/sec  52870  
[  5]  59.00-60.00  sec  46.3 MBytes   389 Mbits/sec  41230  
- - - - - - - - - - - - - - - - - - - - - - - - -
[ ID] Interval           Transfer     Bitrate         Jitter    Lost/Total Datagrams
[  5]   0.00-60.00  sec  3.21 GBytes   459 Mbits/sec  0.000 ms  0/2922240 (0%)  sender
[  5]   0.00-60.05  sec  2.02 GBytes   290 Mbits/sec  0.017 ms  1104525/2922240 (38%)  receiver

iperf Done.
