Connecting to host 10.136.80.135, port 5201
[  5] local 10.136.173.110 port 36928 connected to 10.136.80.135 port 5201
[ ID] Interval           Transfer     Bitrate         Total Datagrams
[  5]   0.00-1.00   sec  95.2 MBytes   798 Mbits/sec  71370  (omitted)
[  5]   0.00-1.00   sec  96.7 MBytes   811 Mbits/sec  72530  
[  5]   1.00-2.00   sec  98.6 MBytes   827 Mbits/sec  73950  
[  5]   2.00-3.00   sec  98.0 MBytes   822 Mbits/sec  73470  
[  5]   3.00-4.00   sec  96.7 MBytes   811 Mbits/sec  72550  
[  5]   4.00-5.00   sec  95.9 MBytes   804 Mbits/sec  71910  
[  5]   5.00-6.00   sec   100 MBytes   842 Mbits/sec  75260  
[  5]   6.00-7.00   sec  98.5 MBytes   826 Mbits/sec  73880  
[  5]   7.00-8.00   sec  99.3 MBytes   833 Mbits/sec  74490  
[  5]   8.00-9.00   sec  98.1 MBytes   823 Mbits/sec  73600  
[  5]   9.00-10.00  sec  97.2 MBytes   815 Mbits/sec  72870  
[  5]  10.00-11.00  sec  97.8 MBytes   820 Mbits/sec  73320  
[  5]  11.00-12.00  sec  98.0 MBytes   822 Mbits/sec  73480  
[  5]  12.00-13.00  sec  98.2 MBytes   824 Mbits/sec  73680  
[  5]  13.00-14.00  sec  98.9 MBytes   830 Mbits/sec  74210  
[  5]  14.00-15.00  sec  98.3 MBytes   825 Mbits/sec  73730  
[  5]  15.00-16.00  sec  97.7 MBytes   820 Mbits/sec  73280  
[  5]  16.00-17.00  sec  98.3 MBytes   824 Mbits/sec  73700  
[  5]  17.00-18.00  sec  97.4 MBytes   817 Mbits/sec  73050  
[  5]  18.00-19.00  sec  98.2 MBytes   824 Mbits/sec  73660  
[  5]  19.00-20.00  sec  98.2 MBytes   824 Mbits/sec  73690  
[  5]  20.00-21.00  sec  99.6 MBytes   835 Mbits/sec  74670  
[  5]  21.00-22.00  sec  99.3 MBytes   833 Mbits/sec  74470  
[  5]  22.00-23.00  sec  99.8 MBytes   837 Mbits/sec  74830  
[  5]  23.00-24.00  sec  98.7 MBytes   828 Mbits/sec  74030  
[  5]  24.00-25.00  sec  98.8 MBytes   829 Mbits/sec  74110  
[  5]  25.00-26.00  sec  97.2 MBytes   816 Mbits/sec  72940  
[  5]  26.00-27.00  sec  99.2 MBytes   832 Mbits/sec  74370  
[  5]  27.00-28.00  sec  97.9 MBytes   822 Mbits/sec  73460  
[  5]  28.00-29.00  sec  96.9 MBytes   813 Mbits/sec  72650  
[  5]  29.00-30.00  sec  98.4 MBytes   826 Mbits/sec  73830  
[  5]  30.00-31.00  sec  98.7 MBytes   828 Mbits/sec  74000  
[  5]  31.00-32.00  sec  98.8 MBytes   829 Mbits/sec  74090  
[  5]  32.00-33.00  sec  98.3 MBytes   825 Mbits/sec  73730  
[  5]  33.00-34.00  sec  97.7 MBytes   820 Mbits/sec  73290  
[  5]  34.00-35.00  sec  98.4 MBytes   825 Mbits/sec  73790  
[  5]  35.00-36.00  sec  96.8 MBytes   812 Mbits/sec  72600  
[  5]  36.00-37.00  sec  98.1 MBytes   823 Mbits/sec  73600  
[  5]  37.00-38.00  sec  99.2 MBytes   832 Mbits/sec  74410  
[  5]  38.00-39.00  sec  97.7 MBytes   819 Mbits/sec  73260  
[  5]  39.00-40.00  sec  98.6 MBytes   827 Mbits/sec  73950  
[  5]  40.00-41.00  sec  98.9 MBytes   830 Mbits/sec  74210  
[  5]  41.00-42.00  sec  98.6 MBytes   827 Mbits/sec  73970  
[  5]  42.00-43.00  sec  98.6 MBytes   827 Mbits/sec  73920  
[  5]  43.00-44.00  sec  98.1 MBytes   823 Mbits/sec  73570  
[  5]  44.00-45.00  sec  99.5 MBytes   835 Mbits/sec  74640  
[  5]  45.00-46.00  sec  98.6 MBytes   827 Mbits/sec  73970  
[  5]  46.00-47.00  sec  98.3 MBytes   824 Mbits/sec  73700  
[  5]  47.00-48.00  sec  97.1 MBytes   815 Mbits/sec  72850  
[  5]  48.00-49.00  sec  97.3 MBytes   816 Mbits/sec  72970  
[  5]  49.00-50.00  sec  97.1 MBytes   815 Mbits/sec  72840  
[  5]  50.00-51.00  sec  98.5 MBytes   826 Mbits/sec  73850  
[  5]  51.00-52.00  sec  98.9 MBytes   830 Mbits/sec  74200  
[  5]  52.00-53.00  sec  98.1 MBytes   823 Mbits/sec  73580  
[  5]  53.00-54.00  sec  98.4 MBytes   825 Mbits/sec  73780  
[  5]  54.00-55.00  sec  98.9 MBytes   830 Mbits/sec  74210  
[  5]  55.00-56.00  sec  95.9 MBytes   805 Mbits/sec  71950  
[  5]  56.00-57.00  sec  99.1 MBytes   831 Mbits/sec  74340  
[  5]  57.00-58.00  sec  98.1 MBytes   823 Mbits/sec  73570  
[  5]  58.00-59.00  sec  97.0 MBytes   814 Mbits/sec  72780  
[  5]  59.00-60.00  sec  97.4 MBytes   817 Mbits/sec  73070  
- - - - - - - - - - - - - - - - - - - - - - - - -
[ ID] Interval           Transfer     Bitrate         Jitter    Lost/Total Datagrams
[  5]   0.00-60.00  sec  5.75 GBytes   824 Mbits/sec  0.000 ms  0/4418360 (0%)  sender
[  5]   0.00-60.96  sec   321 MBytes  44.2 Mbits/sec  0.017 ms  4230214/4402516 (96%)  receiver

iperf Done.
