Connecting to host 10.136.80.143, port 5201
[  5] local 10.136.173.101 port 51495 connected to 10.136.80.143 port 5201
[ ID] Interval           Transfer     Bitrate         Total Datagrams
[  5]   0.00-1.00   sec  80.2 MBytes   673 Mbits/sec  71370  (omitted)
[  5]   0.00-1.00   sec  80.6 MBytes   676 Mbits/sec  71780  
[  5]   1.00-2.00   sec  79.8 MBytes   669 Mbits/sec  71040  
[  5]   2.00-3.00   sec  67.4 MBytes   565 Mbits/sec  59990  
[  5]   3.00-4.00   sec  66.2 MBytes   556 Mbits/sec  58960  
[  5]   4.00-5.00   sec  65.0 MBytes   546 Mbits/sec  57900  
[  5]   5.00-6.00   sec  63.8 MBytes   535 Mbits/sec  56790  
[  5]   6.00-7.00   sec  64.8 MBytes   543 Mbits/sec  57640  
[  5]   7.00-8.00   sec  67.0 MBytes   562 Mbits/sec  59680  
[  5]   8.00-9.00   sec  71.2 MBytes   597 Mbits/sec  63380  
[  5]   9.00-10.00  sec  79.4 MBytes   666 Mbits/sec  70700  
[  5]  10.00-11.00  sec  80.8 MBytes   678 Mbits/sec  71910  
[  5]  11.00-12.00  sec  80.6 MBytes   676 Mbits/sec  71750  
[  5]  12.00-13.00  sec  79.9 MBytes   670 Mbits/sec  71140  
[  5]  13.00-14.00  sec  80.2 MBytes   673 Mbits/sec  71380  
[  5]  14.00-15.00  sec  80.6 MBytes   676 Mbits/sec  71760  
[  5]  15.00-16.00  sec  79.8 MBytes   670 Mbits/sec  71070  
[  5]  16.00-17.00  sec  80.0 MBytes   671 Mbits/sec  71180  
[  5]  17.00-18.00  sec  80.6 MBytes   676 Mbits/sec  71760  
[  5]  18.00-19.00  sec  79.4 MBytes   666 Mbits/sec  70720  
[  5]  19.00-20.00  sec  80.7 MBytes   677 Mbits/sec  71870  
[  5]  20.00-21.00  sec  80.7 MBytes   677 Mbits/sec  71810  
[  5]  21.00-22.00  sec  80.3 MBytes   673 Mbits/sec  71470  
[  5]  22.00-23.00  sec  80.8 MBytes   678 Mbits/sec  71890  
[  5]  23.00-24.00  sec  80.4 MBytes   674 Mbits/sec  71560  
[  5]  24.00-25.00  sec  80.1 MBytes   672 Mbits/sec  71330  
[  5]  25.00-26.00  sec  78.7 MBytes   660 Mbits/sec  70030  
[  5]  26.00-27.00  sec  74.3 MBytes   624 Mbits/sec  66180  
[  5]  27.00-28.00  sec  65.2 MBytes   547 Mbits/sec  58030  
[  5]  28.00-29.00  sec  65.3 MBytes   548 Mbits/sec  58100  
[  5]  29.00-30.00  sec  71.1 MBytes   597 Mbits/sec  63300  
[  5]  30.00-31.00  sec  80.4 MBytes   674 Mbits/sec  71540  
[  5]  31.00-32.00  sec  80.8 MBytes   678 Mbits/sec  71900  
[  5]  32.00-33.00  sec  80.7 MBytes   677 Mbits/sec  71830  
[  5]  33.00-34.00  sec  80.6 MBytes   676 Mbits/sec  71770  
[  5]  34.00-35.00  sec  80.9 MBytes   678 Mbits/sec  71980  
[  5]  35.00-36.00  sec  79.7 MBytes   668 Mbits/sec  70900  
[  5]  36.00-37.00  sec  81.1 MBytes   680 Mbits/sec  72200  
[  5]  37.00-38.00  sec  81.8 MBytes   686 Mbits/sec  72790  
[  5]  38.00-39.00  sec  81.5 MBytes   684 Mbits/sec  72550  
[  5]  39.00-40.00  sec  80.4 MBytes   675 Mbits/sec  71580  
[  5]  40.00-41.00  sec  80.6 MBytes   676 Mbits/sec  71710  
[  5]  41.00-42.00  sec  80.8 MBytes   678 Mbits/sec  71940  
[  5]  42.00-43.00  sec  80.9 MBytes   678 Mbits/sec  71980  
[  5]  43.00-44.00  sec  81.6 MBytes   685 Mbits/sec  72640  
[  5]  44.00-45.00  sec  82.4 MBytes   691 Mbits/sec  73370  
[  5]  45.00-46.00  sec  78.0 MBytes   654 Mbits/sec  69400  
[  5]  46.00-47.00  sec  79.9 MBytes   670 Mbits/sec  71100  
[  5]  47.00-48.00  sec  79.9 MBytes   671 Mbits/sec  71160  
[  5]  48.00-49.00  sec  80.4 MBytes   675 Mbits/sec  71570  
[  5]  49.00-50.00  sec  81.1 MBytes   680 Mbits/sec  72200  
[  5]  50.00-51.00  sec  80.2 MBytes   673 Mbits/sec  71390  
[  5]  51.00-52.00  sec  80.6 MBytes   676 Mbits/sec  71740  
[  5]  52.00-53.00  sec  80.0 MBytes   671 Mbits/sec  71180  
[  5]  53.00-54.00  sec  80.0 MBytes   671 Mbits/sec  71230  
[  5]  54.00-55.00  sec  80.2 MBytes   673 Mbits/sec  71420  
[  5]  55.00-56.00  sec  72.9 MBytes   611 Mbits/sec  64850  
[  5]  56.00-57.00  sec  65.2 MBytes   547 Mbits/sec  58020  
[  5]  57.00-58.00  sec  62.6 MBytes   525 Mbits/sec  55700  
[  5]  58.00-59.00  sec  65.9 MBytes   552 Mbits/sec  58630  
[  5]  59.00-60.00  sec  66.2 MBytes   556 Mbits/sec  58950  
- - - - - - - - - - - - - - - - - - - - - - - - -
[ ID] Interval           Transfer     Bitrate         Jitter    Lost/Total Datagrams
[  5]   0.00-60.00  sec  4.50 GBytes   645 Mbits/sec  0.000 ms  0/4105320 (0%)  sender
[  5]   0.00-60.04  sec  4.50 GBytes   645 Mbits/sec  0.013 ms  2089/4105320 (0.051%)  receiver

iperf Done.
