Connecting to host 10.136.80.180, port 5201
[  5] local 10.136.173.116 port 42529 connected to 10.136.80.180 port 5201
[ ID] Interval           Transfer     Bitrate         Total Datagrams
[  5]   0.00-1.00   sec  55.2 MBytes   463 Mbits/sec  49170  (omitted)
[  5]   0.00-1.00   sec  50.3 MBytes   422 Mbits/sec  44790  
[  5]   1.00-2.00   sec  48.6 MBytes   407 Mbits/sec  43240  
[  5]   2.00-3.00   sec  54.4 MBytes   456 Mbits/sec  48420  
[  5]   3.00-4.00   sec  53.9 MBytes   452 Mbits/sec  48010  
[  5]   4.00-5.00   sec  54.1 MBytes   454 Mbits/sec  48200  
[  5]   5.00-6.00   sec  55.5 MBytes   466 Mbits/sec  49430  
[  5]   6.00-7.00   sec  52.3 MBytes   438 Mbits/sec  46520  
[  5]   7.00-8.00   sec  52.2 MBytes   438 Mbits/sec  46500  
[  5]   8.00-9.00   sec  58.6 MBytes   491 Mbits/sec  52140  
[  5]   9.00-10.00  sec  60.2 MBytes   505 Mbits/sec  53610  
[  5]  10.00-11.00  sec  58.6 MBytes   492 Mbits/sec  52190  
[  5]  11.00-12.00  sec  61.6 MBytes   517 Mbits/sec  54820  
[  5]  12.00-13.00  sec  54.4 MBytes   456 Mbits/sec  48440  
[  5]  13.00-14.00  sec  53.8 MBytes   451 Mbits/sec  47870  
[  5]  14.00-15.00  sec  54.1 MBytes   454 Mbits/sec  48200  
[  5]  15.00-16.00  sec  55.7 MBytes   467 Mbits/sec  49540  
[  5]  16.00-17.00  sec  57.6 MBytes   484 Mbits/sec  51310  
[  5]  17.00-18.00  sec  56.3 MBytes   472 Mbits/sec  50080  
[  5]  18.00-19.00  sec  55.5 MBytes   466 Mbits/sec  49410  
[  5]  19.00-20.00  sec  52.7 MBytes   442 Mbits/sec  46940  
[  5]  20.00-21.00  sec  57.2 MBytes   480 Mbits/sec  50880  
[  5]  21.00-22.00  sec  59.5 MBytes   499 Mbits/sec  52960  
[  5]  22.00-23.00  sec  53.3 MBytes   447 Mbits/sec  47480  
[  5]  23.00-24.00  sec  62.3 MBytes   522 Mbits/sec  55430  
[  5]  24.00-25.00  sec  54.3 MBytes   456 Mbits/sec  48340  
[  5]  25.00-26.00  sec  51.8 MBytes   434 Mbits/sec  46100  
[  5]  26.00-27.00  sec  52.2 MBytes   438 Mbits/sec  46430  
[  5]  27.00-28.00  sec  50.5 MBytes   423 Mbits/sec  44930  
[  5]  28.00-29.00  sec  51.6 MBytes   433 Mbits/sec  45970  
[  5]  29.00-30.00  sec  52.3 MBytes   439 Mbits/sec  46550  
[  5]  30.00-31.00  sec  57.5 MBytes   483 Mbits/sec  51200  
[  5]  31.00-32.00  sec  53.7 MBytes   451 Mbits/sec  47820  
[  5]  32.00-33.00  sec  53.3 MBytes   447 Mbits/sec  47440  
[  5]  33.00-34.00  sec  57.6 MBytes   483 Mbits/sec  51280  
[  5]  34.00-35.00  sec  52.3 MBytes   438 Mbits/sec  46510  
[  5]  35.00-36.00  sec  54.8 MBytes   460 Mbits/sec  48800  
[  5]  36.00-37.00  sec  53.4 MBytes   448 Mbits/sec  47530  
[  5]  37.00-38.00  sec  53.4 MBytes   448 Mbits/sec  47560  
[  5]  38.00-39.00  sec  52.6 MBytes   441 Mbits/sec  46780  
[  5]  39.00-40.00  sec  53.9 MBytes   452 Mbits/sec  47970  
[  5]  40.00-41.00  sec  53.2 MBytes   446 Mbits/sec  47370  
[  5]  41.00-42.00  sec  54.9 MBytes   460 Mbits/sec  48840  
[  5]  42.00-43.00  sec  54.7 MBytes   459 Mbits/sec  48710  
[  5]  43.00-44.00  sec  52.4 MBytes   440 Mbits/sec  46680  
[  5]  44.00-45.00  sec  54.5 MBytes   457 Mbits/sec  48490  
[  5]  45.00-46.00  sec  61.0 MBytes   512 Mbits/sec  54310  
[  5]  46.00-47.00  sec  52.7 MBytes   442 Mbits/sec  46940  
[  5]  47.00-48.00  sec  56.2 MBytes   471 Mbits/sec  50010  
[  5]  48.00-49.00  sec  53.2 MBytes   447 Mbits/sec  47390  
[  5]  49.00-50.00  sec  55.1 MBytes   462 Mbits/sec  49020  
[  5]  50.00-51.00  sec  56.1 MBytes   470 Mbits/sec  49910  
[  5]  51.00-52.00  sec  53.5 MBytes   449 Mbits/sec  47610  
[  5]  52.00-53.00  sec  57.5 MBytes   482 Mbits/sec  51180  
[  5]  53.00-54.00  sec  54.3 MBytes   456 Mbits/sec  48370  
[  5]  54.00-55.00  sec  57.3 MBytes   481 Mbits/sec  51020  
[  5]  55.00-56.00  sec  57.1 MBytes   479 Mbits/sec  50870  
[  5]  56.00-57.00  sec  54.5 MBytes   457 Mbits/sec  48530  
[  5]  57.00-58.00  sec  53.4 MBytes   448 Mbits/sec  47570  
[  5]  58.00-59.00  sec  54.4 MBytes   456 Mbits/sec  48390  
[  5]  59.00-60.00  sec  56.9 MBytes   477 Mbits/sec  50650  
- - - - - - - - - - - - - - - - - - - - - - - - -
[ ID] Interval           Transfer     Bitrate         Jitter    Lost/Total Datagrams
[  5]   0.00-60.00  sec  3.21 GBytes   460 Mbits/sec  0.000 ms  0/2929480 (0%)  sender
[  5]   0.00-60.33  sec  1.94 GBytes   276 Mbits/sec  0.018 ms  1179192/2929480 (40%)  receiver

iperf Done.
