Connecting to host knb-server-380603, port 5201
[  5] local 10.136.173.108 port 41230 connected to 10.43.92.252 port 5201
[ ID] Interval           Transfer     Bitrate         Total Datagrams
[  5]   0.00-1.00   sec  73.2 MBytes   614 Mbits/sec  65190  (omitted)
[  5]   0.00-1.00   sec  72.1 MBytes   605 Mbits/sec  64220  
[  5]   1.00-2.00   sec  72.9 MBytes   612 Mbits/sec  64930  
[  5]   2.00-3.00   sec  71.3 MBytes   598 Mbits/sec  63460  
[  5]   3.00-4.00   sec  68.1 MBytes   571 Mbits/sec  60590  
[  5]   4.00-5.00   sec  73.3 MBytes   615 Mbits/sec  65260  
[  5]   5.00-6.00   sec  60.2 MBytes   505 Mbits/sec  53590  
[  5]   6.00-7.00   sec  64.0 MBytes   537 Mbits/sec  57000  
[  5]   7.00-8.00   sec  65.2 MBytes   547 Mbits/sec  58030  
[  5]   8.00-9.00   sec  71.2 MBytes   597 Mbits/sec  63400  
[  5]   9.00-10.00  sec  72.5 MBytes   608 Mbits/sec  64520  
[  5]  10.00-11.00  sec  71.8 MBytes   602 Mbits/sec  63910  
[  5]  11.00-12.00  sec  73.1 MBytes   613 Mbits/sec  65050  
[  5]  12.00-13.00  sec  64.3 MBytes   539 Mbits/sec  57210  
[  5]  13.00-14.00  sec  74.6 MBytes   626 Mbits/sec  66400  
[  5]  14.00-15.00  sec  73.3 MBytes   615 Mbits/sec  65260  
[  5]  15.00-16.00  sec  71.0 MBytes   596 Mbits/sec  63200  
[  5]  16.00-17.00  sec  72.4 MBytes   607 Mbits/sec  64460  
[  5]  17.00-18.00  sec  73.4 MBytes   616 Mbits/sec  65320  
[  5]  18.00-19.00  sec  74.3 MBytes   623 Mbits/sec  66100  
[  5]  19.00-20.00  sec  73.4 MBytes   616 Mbits/sec  65350  
[  5]  20.00-21.00  sec  73.6 MBytes   617 Mbits/sec  65490  
[  5]  21.00-22.00  sec  73.9 MBytes   620 Mbits/sec  65820  
[  5]  22.00-23.00  sec  71.5 MBytes   600 Mbits/sec  63660  
[  5]  23.00-24.00  sec  73.2 MBytes   614 Mbits/sec  65200  
[  5]  24.00-25.00  sec  73.8 MBytes   619 Mbits/sec  65670  
[  5]  25.00-26.00  sec  73.7 MBytes   618 Mbits/sec  65600  
[  5]  26.00-27.00  sec  66.1 MBytes   555 Mbits/sec  58840  
[  5]  27.00-28.00  sec  57.2 MBytes   479 Mbits/sec  50880  
[  5]  28.00-29.00  sec  52.3 MBytes   439 Mbits/sec  46570  
[  5]  29.00-30.00  sec  52.2 MBytes   438 Mbits/sec  46430  
[  5]  30.00-31.00  sec  52.5 MBytes   440 Mbits/sec  46700  
[  5]  31.00-32.00  sec  52.0 MBytes   436 Mbits/sec  46310  
[  5]  32.00-33.00  sec  51.4 MBytes   431 Mbits/sec  45780  
[  5]  33.00-34.00  sec  53.2 MBytes   446 Mbits/sec  47360  
[  5]  34.00-35.00  sec  53.3 MBytes   447 Mbits/sec  47450  
[  5]  35.00-36.00  sec  63.9 MBytes   536 Mbits/sec  56910  
[  5]  36.00-37.00  sec  68.5 MBytes   574 Mbits/sec  60950  
[  5]  37.00-38.00  sec  71.0 MBytes   596 Mbits/sec  63210  
[  5]  38.00-39.00  sec  73.4 MBytes   616 Mbits/sec  65380  
[  5]  39.00-40.00  sec  72.1 MBytes   605 Mbits/sec  64140  
[  5]  40.00-41.00  sec  71.8 MBytes   602 Mbits/sec  63870  
[  5]  41.00-42.00  sec  68.0 MBytes   570 Mbits/sec  60510  
[  5]  42.00-43.00  sec  72.0 MBytes   604 Mbits/sec  64080  
[  5]  43.00-44.00  sec  63.1 MBytes   530 Mbits/sec  56210  
[  5]  44.00-45.00  sec  72.3 MBytes   607 Mbits/sec  64390  
[  5]  45.00-46.00  sec  72.7 MBytes   610 Mbits/sec  64750  
[  5]  46.00-47.00  sec  72.0 MBytes   604 Mbits/sec  64100  
[  5]  47.00-48.00  sec  72.6 MBytes   609 Mbits/sec  64660  
[  5]  48.00-49.00  sec  73.7 MBytes   618 Mbits/sec  65570  
[  5]  49.00-50.00  sec  73.7 MBytes   618 Mbits/sec  65630  
[  5]  50.00-51.00  sec  70.6 MBytes   592 Mbits/sec  62800  
[  5]  51.00-52.00  sec  69.4 MBytes   582 Mbits/sec  61780  
[  5]  52.00-53.00  sec  71.6 MBytes   601 Mbits/sec  63770  
[  5]  53.00-54.00  sec  74.4 MBytes   624 Mbits/sec  66210  
[  5]  54.00-55.00  sec  74.6 MBytes   626 Mbits/sec  66410  
[  5]  55.00-56.00  sec  74.1 MBytes   621 Mbits/sec  65950  
[  5]  56.00-57.00  sec  67.1 MBytes   563 Mbits/sec  59690  
[  5]  57.00-58.00  sec  67.8 MBytes   568 Mbits/sec  60320  
[  5]  58.00-59.00  sec  74.7 MBytes   627 Mbits/sec  66520  
[  5]  59.00-60.00  sec  72.8 MBytes   611 Mbits/sec  64820  
- - - - - - - - - - - - - - - - - - - - - - - - -
[ ID] Interval           Transfer     Bitrate         Jitter    Lost/Total Datagrams
[  5]   0.00-60.00  sec  4.02 GBytes   576 Mbits/sec  0.000 ms  0/3667650 (0%)  sender
[  5]   0.00-60.26  sec  1.65 GBytes   235 Mbits/sec  0.560 ms  2183766/3649168 (60%)  receiver

iperf Done.
