Connecting to host 10.136.80.164, port 5201
[  5] local 10.136.173.103 port 48387 connected to 10.136.80.164 port 5201
[ ID] Interval           Transfer     Bitrate         Total Datagrams
[  5]   0.00-1.00   sec  75.8 MBytes   636 Mbits/sec  67480  (omitted)
[  5]   0.00-1.00   sec  76.0 MBytes   638 Mbits/sec  67670  
[  5]   1.00-2.00   sec  75.9 MBytes   637 Mbits/sec  67600  
[  5]   2.00-3.00   sec  76.3 MBytes   640 Mbits/sec  67900  
[  5]   3.00-4.00   sec  75.5 MBytes   633 Mbits/sec  67170  
[  5]   4.00-5.00   sec  77.7 MBytes   651 Mbits/sec  69130  
[  5]   5.00-6.00   sec  76.9 MBytes   645 Mbits/sec  68460  
[  5]   6.00-7.00   sec  75.5 MBytes   633 Mbits/sec  67180  
[  5]   7.00-8.00   sec  74.4 MBytes   624 Mbits/sec  66210  
[  5]   8.00-9.00   sec  76.6 MBytes   643 Mbits/sec  68210  
[  5]   9.00-10.00  sec  77.6 MBytes   651 Mbits/sec  69110  
[  5]  10.00-11.00  sec  76.8 MBytes   645 Mbits/sec  68390  
[  5]  11.00-12.00  sec  76.9 MBytes   645 Mbits/sec  68450  
[  5]  12.00-13.00  sec  76.3 MBytes   640 Mbits/sec  67900  
[  5]  13.00-14.00  sec  74.6 MBytes   626 Mbits/sec  66440  
[  5]  14.00-15.00  sec  75.2 MBytes   630 Mbits/sec  66900  
[  5]  15.00-16.00  sec  75.4 MBytes   633 Mbits/sec  67160  
[  5]  16.00-17.00  sec  69.2 MBytes   580 Mbits/sec  61600  
[  5]  17.00-18.00  sec  75.1 MBytes   630 Mbits/sec  66820  
[  5]  18.00-19.00  sec  70.4 MBytes   590 Mbits/sec  62650  
[  5]  19.00-20.00  sec  71.2 MBytes   597 Mbits/sec  63390  
[  5]  20.00-21.00  sec  77.0 MBytes   646 Mbits/sec  68500  
[  5]  21.00-22.00  sec  74.5 MBytes   625 Mbits/sec  66340  
[  5]  22.00-23.00  sec  62.9 MBytes   528 Mbits/sec  55980  
[  5]  23.00-24.00  sec  70.0 MBytes   587 Mbits/sec  62290  
[  5]  24.00-25.00  sec  55.9 MBytes   469 Mbits/sec  49730  
[  5]  25.00-26.00  sec  57.1 MBytes   479 Mbits/sec  50810  
[  5]  26.00-27.00  sec  64.7 MBytes   543 Mbits/sec  57590  
[  5]  27.00-28.00  sec  72.9 MBytes   612 Mbits/sec  64900  
[  5]  28.00-29.00  sec  70.8 MBytes   593 Mbits/sec  62980  
[  5]  29.00-30.00  sec  76.7 MBytes   643 Mbits/sec  68280  
[  5]  30.00-31.00  sec  75.8 MBytes   636 Mbits/sec  67430  
[  5]  31.00-32.00  sec  76.3 MBytes   640 Mbits/sec  67950  
[  5]  32.00-33.00  sec  77.2 MBytes   647 Mbits/sec  68710  
[  5]  33.00-34.00  sec  74.0 MBytes   621 Mbits/sec  65880  
[  5]  34.00-35.00  sec  73.1 MBytes   613 Mbits/sec  65070  
[  5]  35.00-36.00  sec  72.4 MBytes   607 Mbits/sec  64460  
[  5]  36.00-37.00  sec  77.2 MBytes   647 Mbits/sec  68700  
[  5]  37.00-38.00  sec  71.2 MBytes   597 Mbits/sec  63380  
[  5]  38.00-39.00  sec  81.6 MBytes   685 Mbits/sec  72660  
[  5]  39.00-40.00  sec  77.2 MBytes   648 Mbits/sec  68740  
[  5]  40.00-41.00  sec  76.6 MBytes   643 Mbits/sec  68200  
[  5]  41.00-42.00  sec  76.8 MBytes   644 Mbits/sec  68380  
[  5]  42.00-43.00  sec  77.4 MBytes   649 Mbits/sec  68900  
[  5]  43.00-44.00  sec  73.7 MBytes   618 Mbits/sec  65620  
[  5]  44.00-45.00  sec  76.7 MBytes   643 Mbits/sec  68250  
[  5]  45.00-46.00  sec  75.5 MBytes   633 Mbits/sec  67190  
[  5]  46.00-47.00  sec  73.1 MBytes   613 Mbits/sec  65040  
[  5]  47.00-48.00  sec  75.5 MBytes   633 Mbits/sec  67190  
[  5]  48.00-49.00  sec  76.8 MBytes   644 Mbits/sec  68330  
[  5]  49.00-50.00  sec  76.6 MBytes   643 Mbits/sec  68200  
[  5]  50.00-51.00  sec  72.1 MBytes   605 Mbits/sec  64180  
[  5]  51.00-52.00  sec  73.3 MBytes   615 Mbits/sec  65260  
[  5]  52.00-53.00  sec  75.3 MBytes   632 Mbits/sec  67040  
[  5]  53.00-54.00  sec  73.5 MBytes   617 Mbits/sec  65440  
[  5]  54.00-55.00  sec  75.7 MBytes   635 Mbits/sec  67420  
[  5]  55.00-56.00  sec  76.1 MBytes   638 Mbits/sec  67730  
[  5]  56.00-57.00  sec  75.9 MBytes   636 Mbits/sec  67540  
[  5]  57.00-58.00  sec  78.2 MBytes   656 Mbits/sec  69580  
[  5]  58.00-59.00  sec  76.0 MBytes   638 Mbits/sec  67660  
[  5]  59.00-60.00  sec  75.7 MBytes   635 Mbits/sec  67350  
- - - - - - - - - - - - - - - - - - - - - - - - -
[ ID] Interval           Transfer     Bitrate         Jitter    Lost/Total Datagrams
[  5]   0.00-60.00  sec  4.35 GBytes   622 Mbits/sec  0.000 ms  0/3963220 (0%)  sender
[  5]   0.00-60.11  sec  1.72 GBytes   246 Mbits/sec  0.019 ms  2440663/3963178 (62%)  receiver

iperf Done.
