Connecting to host 10.136.80.138, port 5201
[  5] local 10.136.173.74 port 48614 connected to 10.136.80.138 port 5201
[ ID] Interval           Transfer     Bitrate         Total Datagrams
[  5]   0.00-1.00   sec  54.5 MBytes   457 Mbits/sec  48520  (omitted)
[  5]   0.00-1.00   sec  58.2 MBytes   488 Mbits/sec  51840  
[  5]   1.00-2.00   sec  52.8 MBytes   443 Mbits/sec  46990  
[  5]   2.00-3.00   sec  66.2 MBytes   555 Mbits/sec  58920  
[  5]   3.00-4.00   sec  55.9 MBytes   469 Mbits/sec  49790  
[  5]   4.00-5.00   sec  59.5 MBytes   499 Mbits/sec  52950  
[  5]   5.00-6.00   sec  62.4 MBytes   524 Mbits/sec  55580  
[  5]   6.00-7.00   sec  61.4 MBytes   515 Mbits/sec  54640  
[  5]   7.00-8.00   sec  62.3 MBytes   523 Mbits/sec  55450  
[  5]   8.00-9.00   sec  61.5 MBytes   516 Mbits/sec  54750  
[  5]   9.00-10.00  sec  60.1 MBytes   504 Mbits/sec  53490  
[  5]  10.00-11.00  sec  61.2 MBytes   513 Mbits/sec  54450  
[  5]  11.00-12.00  sec  56.0 MBytes   470 Mbits/sec  49840  
[  5]  12.00-13.00  sec  57.0 MBytes   478 Mbits/sec  50740  
[  5]  13.00-14.00  sec  64.3 MBytes   540 Mbits/sec  57250  
[  5]  14.00-15.00  sec  60.6 MBytes   508 Mbits/sec  53900  
[  5]  15.00-16.00  sec  61.5 MBytes   516 Mbits/sec  54770  
[  5]  16.00-17.00  sec  60.1 MBytes   504 Mbits/sec  53470  
[  5]  17.00-18.00  sec  60.6 MBytes   508 Mbits/sec  53930  
[  5]  18.00-19.00  sec  61.4 MBytes   515 Mbits/sec  54690  
[  5]  19.00-20.00  sec  61.1 MBytes   512 Mbits/sec  54370  
[  5]  20.00-21.00  sec  64.2 MBytes   539 Mbits/sec  57140  
[  5]  21.00-22.00  sec  62.7 MBytes   526 Mbits/sec  55830  
[  5]  22.00-23.00  sec  59.8 MBytes   502 Mbits/sec  53230  
[  5]  23.00-24.00  sec  60.4 MBytes   506 Mbits/sec  53720  
[  5]  24.00-25.00  sec  59.3 MBytes   497 Mbits/sec  52750  
[  5]  25.00-26.00  sec  57.7 MBytes   484 Mbits/sec  51330  
[  5]  26.00-27.00  sec  61.4 MBytes   515 Mbits/sec  54670  
[  5]  27.00-28.00  sec  62.9 MBytes   527 Mbits/sec  55970  
[  5]  28.00-29.00  sec  61.1 MBytes   513 Mbits/sec  54430  
[  5]  29.00-30.00  sec  59.9 MBytes   502 Mbits/sec  53310  
[  5]  30.00-31.00  sec  61.3 MBytes   514 Mbits/sec  54540  
[  5]  31.00-32.00  sec  61.1 MBytes   512 Mbits/sec  54380  
[  5]  32.00-33.00  sec  63.9 MBytes   536 Mbits/sec  56890  
[  5]  33.00-34.00  sec  66.3 MBytes   556 Mbits/sec  59050  
[  5]  34.00-35.00  sec  59.0 MBytes   495 Mbits/sec  52520  
[  5]  35.00-36.00  sec  63.5 MBytes   533 Mbits/sec  56540  
[  5]  36.00-37.00  sec  64.4 MBytes   541 Mbits/sec  57360  
[  5]  37.00-38.00  sec  62.3 MBytes   523 Mbits/sec  55470  
[  5]  38.00-39.00  sec  62.6 MBytes   525 Mbits/sec  55700  
[  5]  39.00-40.00  sec  62.3 MBytes   523 Mbits/sec  55440  
[  5]  40.00-41.00  sec  67.9 MBytes   570 Mbits/sec  60480  
[  5]  41.00-42.00  sec  64.0 MBytes   537 Mbits/sec  56960  
[  5]  42.00-43.00  sec  74.1 MBytes   622 Mbits/sec  65960  
[  5]  43.00-44.00  sec  65.1 MBytes   546 Mbits/sec  57920  
[  5]  44.00-45.00  sec  60.8 MBytes   510 Mbits/sec  54130  
[  5]  45.00-46.00  sec  60.5 MBytes   507 Mbits/sec  53840  
[  5]  46.00-47.00  sec  67.4 MBytes   565 Mbits/sec  59970  
[  5]  47.00-48.00  sec  60.4 MBytes   507 Mbits/sec  53750  
[  5]  48.00-49.00  sec  65.0 MBytes   545 Mbits/sec  57820  
[  5]  49.00-50.00  sec  60.1 MBytes   504 Mbits/sec  53460  
[  5]  50.00-51.00  sec  66.6 MBytes   559 Mbits/sec  59270  
[  5]  51.00-52.00  sec  60.5 MBytes   508 Mbits/sec  53870  
[  5]  52.00-53.00  sec  60.7 MBytes   510 Mbits/sec  54070  
[  5]  53.00-54.00  sec  61.4 MBytes   515 Mbits/sec  54680  
[  5]  54.00-55.00  sec  61.0 MBytes   511 Mbits/sec  54270  
[  5]  55.00-56.00  sec  63.4 MBytes   532 Mbits/sec  56430  
[  5]  56.00-57.00  sec  64.2 MBytes   539 Mbits/sec  57160  
[  5]  57.00-58.00  sec  59.5 MBytes   499 Mbits/sec  52920  
[  5]  58.00-59.00  sec  61.8 MBytes   518 Mbits/sec  55020  
[  5]  59.00-60.00  sec  62.4 MBytes   523 Mbits/sec  55540  
- - - - - - - - - - - - - - - - - - - - - - - - -
[ ID] Interval           Transfer     Bitrate         Jitter    Lost/Total Datagrams
[  5]   0.00-60.00  sec  3.62 GBytes   518 Mbits/sec  0.000 ms  0/3299590 (0%)  sender
[  5]   0.00-60.04  sec  3.37 GBytes   481 Mbits/sec  0.021 ms  237572/3299590 (7.2%)  receiver

iperf Done.
