Connecting to host 10.136.80.189, port 5201
[  5] local 10.136.173.126 port 33874 connected to 10.136.80.189 port 5201
[ ID] Interval           Transfer     Bitrate         Retr  Cwnd
[  5]   0.00-1.00   sec   863 KBytes  7.07 Mbits/sec   69   2.30 KBytes       (omitted)
[  5]   0.00-1.00   sec   370 KBytes  3.03 Mbits/sec   30   2.30 KBytes       
[  5]   1.00-2.00   sec   170 KBytes  1.39 Mbits/sec   23   1.15 KBytes       
[  5]   2.00-3.00   sec   427 KBytes  3.50 Mbits/sec   58   1.15 KBytes       
[  5]   3.00-4.00   sec   206 KBytes  1.69 Mbits/sec   28   1.15 KBytes       
[  5]   4.00-5.00   sec   168 KBytes  1.38 Mbits/sec   23   1.15 KBytes       
[  5]   5.00-6.00   sec   336 KBytes  2.75 Mbits/sec   25   2.30 KBytes       
[  5]   6.00-7.00   sec  81.7 KBytes  0.67 Mbits/sec   16   1.15 KBytes       
[  5]   7.00-8.00   sec   252 KBytes  2.06 Mbits/sec   32   1.15 KBytes       
[  5]   8.00-9.00   sec   347 KBytes  2.85 Mbits/sec   40   1.15 KBytes       
[  5]   9.00-10.00  sec  1.08 MBytes  9.07 Mbits/sec   82   2.30 KBytes       
[  5]  10.00-11.00  sec   124 KBytes  1.02 Mbits/sec   12   2.30 KBytes       
[  5]  11.00-12.00  sec   286 KBytes  2.35 Mbits/sec   35   2.30 KBytes       
[  5]  12.00-13.00  sec   342 KBytes  2.80 Mbits/sec   39   3.45 KBytes       
[  5]  13.00-14.00  sec   124 KBytes  1.02 Mbits/sec   18   2.30 KBytes       
[  5]  14.00-15.00  sec   283 KBytes  2.32 Mbits/sec   32   1.15 KBytes       
[  5]  15.00-16.00  sec   450 KBytes  3.68 Mbits/sec   37   2.30 KBytes       
[  5]  16.00-17.00  sec   767 KBytes  6.28 Mbits/sec   62   1.15 KBytes       
[  5]  17.00-18.00  sec   246 KBytes  2.02 Mbits/sec   28   1.15 KBytes       
[  5]  18.00-19.00  sec   388 KBytes  3.18 Mbits/sec   32   3.45 KBytes       
[  5]  19.00-20.00  sec   839 KBytes  6.87 Mbits/sec   72   1.15 KBytes       
[  5]  20.00-21.00  sec   307 KBytes  2.52 Mbits/sec   37   2.30 KBytes       
[  5]  21.00-22.00  sec   688 KBytes  5.63 Mbits/sec   62   1.15 KBytes       
[  5]  22.00-23.00  sec   360 KBytes  2.95 Mbits/sec   31   1.15 KBytes       
[  5]  23.00-24.00  sec   151 KBytes  1.24 Mbits/sec   21   1.15 KBytes       
[  5]  24.00-25.00  sec   342 KBytes  2.80 Mbits/sec   34   1.15 KBytes       
[  5]  25.00-26.00  sec   278 KBytes  2.28 Mbits/sec   29   1.15 KBytes       
[  5]  26.00-27.00  sec   113 KBytes  0.92 Mbits/sec   20   3.45 KBytes       
[  5]  27.00-28.00  sec   372 KBytes  3.05 Mbits/sec   37   1.15 KBytes       
[  5]  28.00-29.00  sec   412 KBytes  3.37 Mbits/sec   37   2.30 KBytes       
[  5]  29.00-30.00  sec  85.1 KBytes  0.70 Mbits/sec   15   2.30 KBytes       
[  5]  30.00-31.00  sec   607 KBytes  4.98 Mbits/sec   39   2.30 KBytes       
[  5]  31.00-32.00  sec   462 KBytes  3.79 Mbits/sec   37   1.15 KBytes       
[  5]  32.00-33.00  sec  0.00 Bytes  0.00 Mbits/sec   12   1.15 KBytes       
[  5]  33.00-34.00  sec   257 KBytes  2.10 Mbits/sec   39   2.30 KBytes       
[  5]  34.00-35.00  sec   668 KBytes  5.47 Mbits/sec   59   2.30 KBytes       
[  5]  35.00-36.00  sec   259 KBytes  2.12 Mbits/sec   28   2.30 KBytes       
[  5]  36.00-37.00  sec   844 KBytes  6.92 Mbits/sec   67   2.30 KBytes       
[  5]  37.00-38.00  sec   866 KBytes  7.10 Mbits/sec   76   2.30 KBytes       
[  5]  38.00-39.00  sec   959 KBytes  7.86 Mbits/sec   81   2.30 KBytes       
[  5]  39.00-40.00  sec   173 KBytes  1.41 Mbits/sec   21   1.15 KBytes       
[  5]  40.00-41.00  sec   546 KBytes  4.48 Mbits/sec   46   1.15 KBytes       
[  5]  41.00-42.00  sec   322 KBytes  2.64 Mbits/sec   30   1.15 KBytes       
[  5]  42.00-43.00  sec   171 KBytes  1.41 Mbits/sec   13   2.30 KBytes       
[  5]  43.00-44.00  sec  85.1 KBytes  0.70 Mbits/sec   18   1.15 KBytes       
[  5]  44.00-45.00  sec   258 KBytes  2.11 Mbits/sec   25   1.15 KBytes       
[  5]  45.00-46.00  sec   342 KBytes  2.80 Mbits/sec   35   1.15 KBytes       
[  5]  46.00-47.00  sec   520 KBytes  4.26 Mbits/sec   48   1.15 KBytes       
[  5]  47.00-48.00  sec   438 KBytes  3.59 Mbits/sec   46   2.30 KBytes       
[  5]  48.00-49.00  sec   518 KBytes  4.24 Mbits/sec   48   2.30 KBytes       
[  5]  49.00-50.00  sec   349 KBytes  2.85 Mbits/sec   41   2.30 KBytes       
[  5]  50.00-51.00  sec   541 KBytes  4.43 Mbits/sec   40   2.30 KBytes       
[  5]  51.00-52.00  sec   258 KBytes  2.11 Mbits/sec   21   1.15 KBytes       
[  5]  52.00-53.00  sec   713 KBytes  5.85 Mbits/sec   42   2.30 KBytes       
[  5]  53.00-54.00  sec   488 KBytes  4.00 Mbits/sec   44   2.30 KBytes       
[  5]  54.00-55.00  sec   319 KBytes  2.61 Mbits/sec   39   1.15 KBytes       
[  5]  55.00-56.00  sec   345 KBytes  2.83 Mbits/sec   30   1.15 KBytes       
[  5]  56.00-57.00  sec   170 KBytes  1.40 Mbits/sec   19   3.45 KBytes       
[  5]  57.00-58.00  sec   657 KBytes  5.38 Mbits/sec   69   2.30 KBytes       
[  5]  58.00-59.00  sec   174 KBytes  1.42 Mbits/sec   13   2.30 KBytes       
[  5]  59.00-60.00  sec  86.3 KBytes  0.71 Mbits/sec   18   1.15 KBytes       
- - - - - - - - - - - - - - - - - - - - - - - - -
[ ID] Interval           Transfer     Bitrate         Retr
[  5]   0.00-60.00  sec  22.3 MBytes  3.12 Mbits/sec  2191             sender
[  5]   0.00-60.00  sec  22.3 MBytes  3.12 Mbits/sec                  receiver

iperf Done.
