Connecting to host 10.136.80.151, port 5201
[  5] local 10.136.173.88 port 38352 connected to 10.136.80.151 port 5201
[ ID] Interval           Transfer     Bitrate         Total Datagrams
[  5]   0.00-1.00   sec  75.1 MBytes   630 Mbits/sec  66860  (omitted)
[  5]   0.00-1.00   sec  81.0 MBytes   679 Mbits/sec  72060  
[  5]   1.00-2.00   sec  80.8 MBytes   678 Mbits/sec  71960  
[  5]   2.00-3.00   sec  80.6 MBytes   676 Mbits/sec  71710  
[  5]   3.00-4.00   sec  80.9 MBytes   679 Mbits/sec  72040  
[  5]   4.00-5.00   sec  82.6 MBytes   693 Mbits/sec  73530  
[  5]   5.00-6.00   sec  81.7 MBytes   686 Mbits/sec  72750  
[  5]   6.00-7.00   sec  81.0 MBytes   679 Mbits/sec  72060  
[  5]   7.00-8.00   sec  80.6 MBytes   676 Mbits/sec  71760  
[  5]   8.00-9.00   sec  81.4 MBytes   683 Mbits/sec  72470  
[  5]   9.00-10.00  sec  81.1 MBytes   680 Mbits/sec  72160  
[  5]  10.00-11.00  sec  81.8 MBytes   686 Mbits/sec  72810  
[  5]  11.00-12.00  sec  81.3 MBytes   682 Mbits/sec  72410  
[  5]  12.00-13.00  sec  82.3 MBytes   690 Mbits/sec  73220  
[  5]  13.00-14.00  sec  80.0 MBytes   671 Mbits/sec  71210  
[  5]  14.00-15.00  sec  80.4 MBytes   675 Mbits/sec  71590  
[  5]  15.00-16.00  sec  81.3 MBytes   682 Mbits/sec  72340  
[  5]  16.00-17.00  sec  80.1 MBytes   672 Mbits/sec  71290  
[  5]  17.00-18.00  sec  78.6 MBytes   659 Mbits/sec  69970  
[  5]  18.00-19.00  sec  81.3 MBytes   682 Mbits/sec  72330  
[  5]  19.00-20.00  sec  81.7 MBytes   685 Mbits/sec  72730  
[  5]  20.00-21.00  sec  82.0 MBytes   688 Mbits/sec  72990  
[  5]  21.00-22.00  sec  82.0 MBytes   688 Mbits/sec  72970  
[  5]  22.00-23.00  sec  80.7 MBytes   677 Mbits/sec  71820  
[  5]  23.00-24.00  sec  80.9 MBytes   679 Mbits/sec  72040  
[  5]  24.00-25.00  sec  81.9 MBytes   687 Mbits/sec  72870  
[  5]  25.00-26.00  sec  81.4 MBytes   683 Mbits/sec  72460  
[  5]  26.00-27.00  sec  81.6 MBytes   685 Mbits/sec  72640  
[  5]  27.00-28.00  sec  82.7 MBytes   694 Mbits/sec  73620  
[  5]  28.00-29.00  sec  81.5 MBytes   683 Mbits/sec  72520  
[  5]  29.00-30.00  sec  82.6 MBytes   693 Mbits/sec  73530  
[  5]  30.00-31.00  sec  83.8 MBytes   703 Mbits/sec  74630  
[  5]  31.00-32.00  sec  79.3 MBytes   665 Mbits/sec  70570  
[  5]  32.00-33.00  sec  81.1 MBytes   680 Mbits/sec  72190  
[  5]  33.00-34.00  sec  81.6 MBytes   684 Mbits/sec  72610  
[  5]  34.00-35.00  sec  81.8 MBytes   686 Mbits/sec  72780  
[  5]  35.00-36.00  sec  81.9 MBytes   687 Mbits/sec  72940  
[  5]  36.00-37.00  sec  81.7 MBytes   686 Mbits/sec  72760  
[  5]  37.00-38.00  sec  82.4 MBytes   691 Mbits/sec  73340  
[  5]  38.00-39.00  sec  82.3 MBytes   690 Mbits/sec  73270  
[  5]  39.00-40.00  sec  80.8 MBytes   678 Mbits/sec  71940  
[  5]  40.00-41.00  sec  79.8 MBytes   670 Mbits/sec  71050  
[  5]  41.00-42.00  sec  81.0 MBytes   680 Mbits/sec  72130  
[  5]  42.00-43.00  sec  80.8 MBytes   678 Mbits/sec  71960  
[  5]  43.00-44.00  sec  80.4 MBytes   674 Mbits/sec  71550  
[  5]  44.00-45.00  sec  81.3 MBytes   682 Mbits/sec  72370  
[  5]  45.00-46.00  sec  82.1 MBytes   688 Mbits/sec  73040  
[  5]  46.00-47.00  sec  80.7 MBytes   676 Mbits/sec  71790  
[  5]  47.00-48.00  sec  79.9 MBytes   670 Mbits/sec  71090  
[  5]  48.00-49.00  sec  81.3 MBytes   682 Mbits/sec  72350  
[  5]  49.00-50.00  sec  82.4 MBytes   691 Mbits/sec  73340  
[  5]  50.00-51.00  sec  82.5 MBytes   692 Mbits/sec  73420  
[  5]  51.00-52.00  sec  81.7 MBytes   686 Mbits/sec  72760  
[  5]  52.00-53.00  sec  82.2 MBytes   690 Mbits/sec  73180  
[  5]  53.00-54.00  sec  81.7 MBytes   685 Mbits/sec  72730  
[  5]  54.00-55.00  sec  81.5 MBytes   683 Mbits/sec  72520  
[  5]  55.00-56.00  sec  81.7 MBytes   686 Mbits/sec  72760  
[  5]  56.00-57.00  sec  81.8 MBytes   686 Mbits/sec  72840  
[  5]  57.00-58.00  sec  82.2 MBytes   689 Mbits/sec  73140  
[  5]  58.00-59.00  sec  83.0 MBytes   696 Mbits/sec  73840  
[  5]  59.00-60.00  sec  82.0 MBytes   688 Mbits/sec  73000  
- - - - - - - - - - - - - - - - - - - - - - - - -
[ ID] Interval           Transfer     Bitrate         Jitter    Lost/Total Datagrams
[  5]   0.00-60.00  sec  4.77 GBytes   683 Mbits/sec  0.000 ms  0/4347750 (0%)  sender
[  5]   0.00-60.08  sec  2.46 GBytes   352 Mbits/sec  0.010 ms  2135179/4347750 (49%)  receiver

iperf Done.
