Connecting to host 10.136.80.154, port 5201
[  5] local 10.136.173.90 port 49548 connected to 10.136.80.154 port 5201
[ ID] Interval           Transfer     Bitrate         Retr  Cwnd
[  5]   0.00-1.00   sec   222 KBytes  1.82 Mbits/sec   27   1.15 KBytes       (omitted)
[  5]   0.00-1.00   sec   781 KBytes  6.40 Mbits/sec   71   2.30 KBytes       
[  5]   1.00-2.00   sec   355 KBytes  2.91 Mbits/sec   31   2.30 KBytes       
[  5]   2.00-3.00   sec  82.8 KBytes  0.68 Mbits/sec   21   1.15 KBytes       
[  5]   3.00-4.00   sec   163 KBytes  1.34 Mbits/sec   22   1.15 KBytes       
[  5]   4.00-5.00   sec   206 KBytes  1.69 Mbits/sec   32   1.15 KBytes       
[  5]   5.00-6.00   sec   289 KBytes  2.37 Mbits/sec   19   2.30 KBytes       
[  5]   6.00-7.00   sec   122 KBytes  1.00 Mbits/sec   18   1.15 KBytes       
[  5]   7.00-8.00   sec   450 KBytes  3.69 Mbits/sec   53   1.15 KBytes       
[  5]   8.00-9.00   sec   250 KBytes  2.05 Mbits/sec   23   2.30 KBytes       
[  5]   9.00-10.00  sec   163 KBytes  1.34 Mbits/sec   17   2.30 KBytes       
[  5]  10.00-11.00  sec   162 KBytes  1.33 Mbits/sec   10   1.15 KBytes       
[  5]  11.00-12.00  sec   207 KBytes  1.70 Mbits/sec   31   1.15 KBytes       
[  5]  12.00-13.00  sec   216 KBytes  1.77 Mbits/sec   20   1.15 KBytes       
[  5]  13.00-14.00  sec   454 KBytes  3.72 Mbits/sec   54   1.15 KBytes       
[  5]  14.00-15.00  sec   151 KBytes  1.23 Mbits/sec   18   2.30 KBytes       
[  5]  15.00-16.00  sec   239 KBytes  1.96 Mbits/sec   19   1.15 KBytes       
[  5]  16.00-17.00  sec   186 KBytes  1.53 Mbits/sec   18   2.30 KBytes       
[  5]  17.00-18.00  sec   699 KBytes  5.73 Mbits/sec   61   1.15 KBytes       
[  5]  18.00-19.00  sec   544 KBytes  4.46 Mbits/sec   49   1.15 KBytes       
[  5]  19.00-20.00  sec   281 KBytes  2.30 Mbits/sec   33   1.15 KBytes       
[  5]  20.00-21.00  sec   412 KBytes  3.37 Mbits/sec   28   2.30 KBytes       
[  5]  21.00-22.00  sec   308 KBytes  2.53 Mbits/sec   37   2.30 KBytes       
[  5]  22.00-23.00  sec   150 KBytes  1.23 Mbits/sec   19   1.15 KBytes       
[  5]  23.00-24.00  sec   194 KBytes  1.59 Mbits/sec   31   1.15 KBytes       
[  5]  24.00-25.00  sec   381 KBytes  3.12 Mbits/sec   35   1.15 KBytes       
[  5]  25.00-26.00  sec   260 KBytes  2.13 Mbits/sec   19   2.30 KBytes       
[  5]  26.00-27.00  sec   152 KBytes  1.24 Mbits/sec   21   1.15 KBytes       
[  5]  27.00-28.00  sec   265 KBytes  2.17 Mbits/sec   27   2.30 KBytes       
[  5]  28.00-29.00  sec  0.00 Bytes  0.00 Mbits/sec    7   1.15 KBytes       
[  5]  29.00-30.00  sec   190 KBytes  1.56 Mbits/sec   18   2.30 KBytes       
[  5]  30.00-31.00  sec   930 KBytes  7.61 Mbits/sec   82   2.30 KBytes       
[  5]  31.00-32.00  sec   347 KBytes  2.85 Mbits/sec   36   1.15 KBytes       
[  5]  32.00-33.00  sec   406 KBytes  3.33 Mbits/sec   42   1.15 KBytes       
[  5]  33.00-34.00  sec   467 KBytes  3.82 Mbits/sec   48   1.15 KBytes       
[  5]  34.00-35.00  sec   349 KBytes  2.86 Mbits/sec   38   1.15 KBytes       
[  5]  35.00-36.00  sec   648 KBytes  5.31 Mbits/sec   61   1.15 KBytes       
[  5]  36.00-37.00  sec   690 KBytes  5.65 Mbits/sec   56   1.15 KBytes       
[  5]  37.00-38.00  sec   433 KBytes  3.54 Mbits/sec   43   2.30 KBytes       
[  5]  38.00-39.00  sec   446 KBytes  3.66 Mbits/sec   35   1.15 KBytes       
[  5]  39.00-40.00  sec  1.09 MBytes  9.12 Mbits/sec   95   1.15 KBytes       
[  5]  40.00-41.00  sec   204 KBytes  1.67 Mbits/sec   18   1.15 KBytes       
[  5]  41.00-42.00  sec   668 KBytes  5.48 Mbits/sec   60   1.15 KBytes       
[  5]  42.00-43.00  sec   607 KBytes  4.98 Mbits/sec   54   2.30 KBytes       
[  5]  43.00-44.00  sec  1.39 MBytes  11.7 Mbits/sec  117   4.60 KBytes       
[  5]  44.00-45.00  sec   682 KBytes  5.59 Mbits/sec   68   2.30 KBytes       
[  5]  45.00-46.00  sec   552 KBytes  4.52 Mbits/sec   77   1.15 KBytes       
[  5]  46.00-47.00  sec   496 KBytes  4.06 Mbits/sec   40   5.75 KBytes       
[  5]  47.00-48.00  sec   378 KBytes  3.10 Mbits/sec   47   1.15 KBytes       
[  5]  48.00-49.00  sec   112 KBytes  0.91 Mbits/sec   14   1.15 KBytes       
[  5]  49.00-50.00  sec   452 KBytes  3.70 Mbits/sec   43   2.30 KBytes       
[  5]  50.00-51.00  sec   485 KBytes  3.98 Mbits/sec   31   1.15 KBytes       
[  5]  51.00-52.00  sec   262 KBytes  2.15 Mbits/sec   28   1.15 KBytes       
[  5]  52.00-53.00  sec   858 KBytes  7.03 Mbits/sec   65   1.15 KBytes       
[  5]  53.00-54.00  sec   495 KBytes  4.05 Mbits/sec   55   2.30 KBytes       
[  5]  54.00-55.00  sec   355 KBytes  2.91 Mbits/sec   30   1.15 KBytes       
[  5]  55.00-56.00  sec   369 KBytes  3.02 Mbits/sec   34   1.15 KBytes       
[  5]  56.00-57.00  sec   193 KBytes  1.58 Mbits/sec   25   2.30 KBytes       
[  5]  57.00-58.00  sec  32.2 KBytes  0.26 Mbits/sec    9   1.15 KBytes       
[  5]  58.00-59.00  sec  63.3 KBytes  0.52 Mbits/sec    9   2.30 KBytes       
[  5]  59.00-60.00  sec   127 KBytes  1.04 Mbits/sec   13   1.15 KBytes       
- - - - - - - - - - - - - - - - - - - - - - - - -
[ ID] Interval           Transfer     Bitrate         Retr
[  5]   0.00-60.00  sec  22.4 MBytes  3.13 Mbits/sec  2235             sender
[  5]   0.00-60.03  sec  22.4 MBytes  3.13 Mbits/sec                  receiver

iperf Done.
