Connecting to host 10.136.80.178, port 5201
[  5] local 10.136.173.116 port 52640 connected to 10.136.80.178 port 5201
[ ID] Interval           Transfer     Bitrate         Total Datagrams
[  5]   0.00-1.00   sec  79.3 MBytes   665 Mbits/sec  70580  (omitted)
[  5]   0.00-1.00   sec  81.5 MBytes   684 Mbits/sec  72540  
[  5]   1.00-2.00   sec  81.8 MBytes   686 Mbits/sec  72840  
[  5]   2.00-3.00   sec  65.4 MBytes   549 Mbits/sec  58250  
[  5]   3.00-4.00   sec  65.9 MBytes   553 Mbits/sec  58640  
[  5]   4.00-5.00   sec  59.2 MBytes   497 Mbits/sec  52730  
[  5]   5.00-6.00   sec  61.7 MBytes   518 Mbits/sec  54940  
[  5]   6.00-7.00   sec  77.0 MBytes   646 Mbits/sec  68540  
[  5]   7.00-8.00   sec  79.6 MBytes   668 Mbits/sec  70870  
[  5]   8.00-9.00   sec  76.0 MBytes   638 Mbits/sec  67680  
[  5]   9.00-10.00  sec  60.6 MBytes   508 Mbits/sec  53910  
[  5]  10.00-11.00  sec  60.7 MBytes   509 Mbits/sec  54020  
[  5]  11.00-12.00  sec  65.0 MBytes   545 Mbits/sec  57880  
[  5]  12.00-13.00  sec  76.9 MBytes   645 Mbits/sec  68470  
[  5]  13.00-14.00  sec  68.6 MBytes   576 Mbits/sec  61090  
[  5]  14.00-15.00  sec  59.7 MBytes   501 Mbits/sec  53110  
[  5]  15.00-16.00  sec  58.4 MBytes   490 Mbits/sec  51950  
[  5]  16.00-17.00  sec  60.3 MBytes   506 Mbits/sec  53660  
[  5]  17.00-18.00  sec  77.2 MBytes   648 Mbits/sec  68740  
[  5]  18.00-19.00  sec  73.7 MBytes   618 Mbits/sec  65630  
[  5]  19.00-20.00  sec  61.9 MBytes   520 Mbits/sec  55130  
[  5]  20.00-21.00  sec  61.2 MBytes   514 Mbits/sec  54500  
[  5]  21.00-22.00  sec  59.6 MBytes   500 Mbits/sec  53030  
[  5]  22.00-23.00  sec  64.4 MBytes   541 Mbits/sec  57350  
[  5]  23.00-24.00  sec  77.2 MBytes   648 Mbits/sec  68710  
[  5]  24.00-25.00  sec  76.7 MBytes   643 Mbits/sec  68250  
[  5]  25.00-26.00  sec  75.5 MBytes   633 Mbits/sec  67220  
[  5]  26.00-27.00  sec  65.4 MBytes   548 Mbits/sec  58190  
[  5]  27.00-28.00  sec  69.6 MBytes   584 Mbits/sec  61990  
[  5]  28.00-29.00  sec  78.1 MBytes   655 Mbits/sec  69480  
[  5]  29.00-30.00  sec  73.2 MBytes   614 Mbits/sec  65200  
[  5]  30.00-31.00  sec  67.3 MBytes   564 Mbits/sec  59900  
[  5]  31.00-32.00  sec  65.2 MBytes   547 Mbits/sec  58070  
[  5]  32.00-33.00  sec  76.0 MBytes   638 Mbits/sec  67660  
[  5]  33.00-34.00  sec  81.4 MBytes   683 Mbits/sec  72450  
[  5]  34.00-35.00  sec  80.5 MBytes   675 Mbits/sec  71660  
[  5]  35.00-36.00  sec  81.9 MBytes   687 Mbits/sec  72930  
[  5]  36.00-37.00  sec  82.5 MBytes   692 Mbits/sec  73420  
[  5]  37.00-38.00  sec  82.3 MBytes   690 Mbits/sec  73260  
[  5]  38.00-39.00  sec  82.2 MBytes   689 Mbits/sec  73130  
[  5]  39.00-40.00  sec  83.7 MBytes   702 Mbits/sec  74490  
[  5]  40.00-41.00  sec  81.9 MBytes   687 Mbits/sec  72930  
[  5]  41.00-42.00  sec  81.8 MBytes   686 Mbits/sec  72780  
[  5]  42.00-43.00  sec  81.3 MBytes   682 Mbits/sec  72400  
[  5]  43.00-44.00  sec  77.5 MBytes   650 Mbits/sec  68990  
[  5]  44.00-45.00  sec  63.9 MBytes   536 Mbits/sec  56870  
[  5]  45.00-46.00  sec  58.7 MBytes   492 Mbits/sec  52220  
[  5]  46.00-47.00  sec  71.3 MBytes   598 Mbits/sec  63490  
[  5]  47.00-48.00  sec  81.0 MBytes   680 Mbits/sec  72140  
[  5]  48.00-49.00  sec  83.5 MBytes   700 Mbits/sec  74290  
[  5]  49.00-50.00  sec  82.6 MBytes   693 Mbits/sec  73510  
[  5]  50.00-51.00  sec  82.2 MBytes   689 Mbits/sec  73130  
[  5]  51.00-52.00  sec  80.9 MBytes   679 Mbits/sec  72040  
[  5]  52.00-53.00  sec  80.2 MBytes   673 Mbits/sec  71390  
[  5]  53.00-54.00  sec  81.5 MBytes   683 Mbits/sec  72520  
[  5]  54.00-55.00  sec  80.7 MBytes   677 Mbits/sec  71790  
[  5]  55.00-56.00  sec  81.1 MBytes   681 Mbits/sec  72210  
[  5]  56.00-57.00  sec  81.5 MBytes   683 Mbits/sec  72510  
[  5]  57.00-58.00  sec  82.3 MBytes   691 Mbits/sec  73300  
[  5]  58.00-59.00  sec  83.0 MBytes   696 Mbits/sec  73850  
[  5]  59.00-60.00  sec  83.7 MBytes   702 Mbits/sec  74510  
- - - - - - - - - - - - - - - - - - - - - - - - -
[ ID] Interval           Transfer     Bitrate         Jitter    Lost/Total Datagrams
[  5]   0.00-60.00  sec  4.33 GBytes   620 Mbits/sec  0.000 ms  0/3948380 (0%)  sender
[  5]   0.00-60.25  sec  2.38 GBytes   340 Mbits/sec  0.011 ms  1806983/3947992 (46%)  receiver

iperf Done.
