Connecting to host 10.136.80.143, port 5201
[  5] local 10.136.173.80 port 43651 connected to 10.136.80.143 port 5201
[ ID] Interval           Transfer     Bitrate         Total Datagrams
[  5]   0.00-1.00   sec  68.3 MBytes   573 Mbits/sec  60780  (omitted)
[  5]   0.00-1.00   sec  63.0 MBytes   528 Mbits/sec  56060  
[  5]   1.00-2.00   sec  73.6 MBytes   618 Mbits/sec  65540  
[  5]   2.00-3.00   sec  81.1 MBytes   681 Mbits/sec  72220  
[  5]   3.00-4.00   sec  83.3 MBytes   699 Mbits/sec  74140  
[  5]   4.00-5.00   sec  82.3 MBytes   690 Mbits/sec  73250  
[  5]   5.00-6.00   sec  81.9 MBytes   687 Mbits/sec  72870  
[  5]   6.00-7.00   sec  83.0 MBytes   696 Mbits/sec  73840  
[  5]   7.00-8.00   sec  84.0 MBytes   705 Mbits/sec  74760  
[  5]   8.00-9.00   sec  84.1 MBytes   705 Mbits/sec  74820  
[  5]   9.00-10.00  sec  82.5 MBytes   692 Mbits/sec  73420  
[  5]  10.00-11.00  sec  82.9 MBytes   695 Mbits/sec  73770  
[  5]  11.00-12.00  sec  82.9 MBytes   695 Mbits/sec  73800  
[  5]  12.00-13.00  sec  82.1 MBytes   689 Mbits/sec  73060  
[  5]  13.00-14.00  sec  84.4 MBytes   708 Mbits/sec  75110  
[  5]  14.00-15.00  sec  83.2 MBytes   698 Mbits/sec  74080  
[  5]  15.00-16.00  sec  81.2 MBytes   681 Mbits/sec  72290  
[  5]  16.00-17.00  sec  82.2 MBytes   689 Mbits/sec  73150  
[  5]  17.00-18.00  sec  79.7 MBytes   669 Mbits/sec  70980  
[  5]  18.00-19.00  sec  82.1 MBytes   689 Mbits/sec  73120  
[  5]  19.00-20.00  sec  82.9 MBytes   695 Mbits/sec  73770  
[  5]  20.00-21.00  sec  82.9 MBytes   696 Mbits/sec  73830  
[  5]  21.00-22.00  sec  83.1 MBytes   697 Mbits/sec  73960  
[  5]  22.00-23.00  sec  82.6 MBytes   693 Mbits/sec  73540  
[  5]  23.00-24.00  sec  82.0 MBytes   688 Mbits/sec  73020  
[  5]  24.00-25.00  sec  83.1 MBytes   697 Mbits/sec  73980  
[  5]  25.00-26.00  sec  82.8 MBytes   695 Mbits/sec  73740  
[  5]  26.00-27.00  sec  83.2 MBytes   698 Mbits/sec  74030  
[  5]  27.00-28.00  sec  82.1 MBytes   689 Mbits/sec  73080  
[  5]  28.00-29.00  sec  82.8 MBytes   695 Mbits/sec  73710  
[  5]  29.00-30.00  sec  83.9 MBytes   704 Mbits/sec  74660  
[  5]  30.00-31.00  sec  83.8 MBytes   703 Mbits/sec  74600  
[  5]  31.00-32.00  sec  84.7 MBytes   710 Mbits/sec  75360  
[  5]  32.00-33.00  sec  82.0 MBytes   688 Mbits/sec  72990  
[  5]  33.00-34.00  sec  82.1 MBytes   689 Mbits/sec  73100  
[  5]  34.00-35.00  sec  83.4 MBytes   700 Mbits/sec  74240  
[  5]  35.00-36.00  sec  82.5 MBytes   692 Mbits/sec  73400  
[  5]  36.00-37.00  sec  81.6 MBytes   685 Mbits/sec  72670  
[  5]  37.00-38.00  sec  82.4 MBytes   691 Mbits/sec  73330  
[  5]  38.00-39.00  sec  82.3 MBytes   690 Mbits/sec  73230  
[  5]  39.00-40.00  sec  79.8 MBytes   669 Mbits/sec  71030  
[  5]  40.00-41.00  sec  77.6 MBytes   651 Mbits/sec  69100  
[  5]  41.00-42.00  sec  79.6 MBytes   668 Mbits/sec  70870  
[  5]  42.00-43.00  sec  78.0 MBytes   654 Mbits/sec  69420  
[  5]  43.00-44.00  sec  78.7 MBytes   660 Mbits/sec  70080  
[  5]  44.00-45.00  sec  78.5 MBytes   659 Mbits/sec  69910  
[  5]  45.00-46.00  sec  78.8 MBytes   661 Mbits/sec  70160  
[  5]  46.00-47.00  sec  78.5 MBytes   659 Mbits/sec  69890  
[  5]  47.00-48.00  sec  79.3 MBytes   665 Mbits/sec  70550  
[  5]  48.00-49.00  sec  78.7 MBytes   661 Mbits/sec  70090  
[  5]  49.00-50.00  sec  78.5 MBytes   658 Mbits/sec  69850  
[  5]  50.00-51.00  sec  79.0 MBytes   663 Mbits/sec  70310  
[  5]  51.00-52.00  sec  79.3 MBytes   666 Mbits/sec  70630  
[  5]  52.00-53.00  sec  78.8 MBytes   661 Mbits/sec  70170  
[  5]  53.00-54.00  sec  77.9 MBytes   654 Mbits/sec  69380  
[  5]  54.00-55.00  sec  77.3 MBytes   649 Mbits/sec  68840  
[  5]  55.00-56.00  sec  76.8 MBytes   644 Mbits/sec  68330  
[  5]  56.00-57.00  sec  78.3 MBytes   657 Mbits/sec  69690  
[  5]  57.00-58.00  sec  79.3 MBytes   665 Mbits/sec  70610  
[  5]  58.00-59.00  sec  78.2 MBytes   656 Mbits/sec  69640  
[  5]  59.00-60.00  sec  78.8 MBytes   661 Mbits/sec  70140  
- - - - - - - - - - - - - - - - - - - - - - - - -
[ ID] Interval           Transfer     Bitrate         Jitter    Lost/Total Datagrams
[  5]   0.00-60.00  sec  4.73 GBytes   677 Mbits/sec  0.000 ms  0/4313210 (0%)  sender
[  5]   0.00-60.26  sec  2.52 GBytes   359 Mbits/sec  0.009 ms  2042871/4313073 (47%)  receiver

iperf Done.
