Connecting to host knb-server-819889, port 5201
[  5] local 10.136.173.79 port 52543 connected to 10.43.194.198 port 5201
[ ID] Interval           Transfer     Bitrate         Total Datagrams
[  5]   0.00-1.00   sec  35.8 MBytes   300 Mbits/sec  31890  (omitted)
[  5]   0.00-1.00   sec  56.4 MBytes   473 Mbits/sec  50240  
[  5]   1.00-2.00   sec  52.8 MBytes   443 Mbits/sec  47020  
[  5]   2.00-3.00   sec  54.8 MBytes   460 Mbits/sec  48780  
[  5]   3.00-4.00   sec  57.6 MBytes   483 Mbits/sec  51240  
[  5]   4.00-5.00   sec  56.5 MBytes   474 Mbits/sec  50260  
[  5]   5.00-6.00   sec  56.0 MBytes   470 Mbits/sec  49850  
[  5]   6.00-7.00   sec  56.2 MBytes   472 Mbits/sec  50040  
[  5]   7.00-8.00   sec  57.1 MBytes   479 Mbits/sec  50870  
[  5]   8.00-9.00   sec  56.5 MBytes   474 Mbits/sec  50250  
[  5]   9.00-10.00  sec  56.2 MBytes   472 Mbits/sec  50060  
[  5]  10.00-11.00  sec  53.3 MBytes   447 Mbits/sec  47460  
[  5]  11.00-12.00  sec  53.6 MBytes   450 Mbits/sec  47720  
[  5]  12.00-13.00  sec  51.0 MBytes   428 Mbits/sec  45400  
[  5]  13.00-14.00  sec  57.2 MBytes   480 Mbits/sec  50900  
[  5]  14.00-15.00  sec  56.0 MBytes   469 Mbits/sec  49810  
[  5]  15.00-16.00  sec  58.0 MBytes   486 Mbits/sec  51620  
[  5]  16.00-17.00  sec  57.7 MBytes   484 Mbits/sec  51330  
[  5]  17.00-18.00  sec  55.5 MBytes   466 Mbits/sec  49430  
[  5]  18.00-19.00  sec  51.7 MBytes   434 Mbits/sec  46040  
[  5]  19.00-20.00  sec  53.0 MBytes   445 Mbits/sec  47210  
[  5]  20.00-21.00  sec  55.7 MBytes   467 Mbits/sec  49540  
[  5]  21.00-22.00  sec  55.7 MBytes   467 Mbits/sec  49610  
[  5]  22.00-23.00  sec  56.1 MBytes   471 Mbits/sec  49970  
[  5]  23.00-24.00  sec  53.9 MBytes   452 Mbits/sec  47980  
[  5]  24.00-25.00  sec  59.7 MBytes   501 Mbits/sec  53110  
[  5]  25.00-26.00  sec  53.4 MBytes   448 Mbits/sec  47530  
[  5]  26.00-27.00  sec  51.5 MBytes   432 Mbits/sec  45800  
[  5]  27.00-28.00  sec  54.6 MBytes   458 Mbits/sec  48580  
[  5]  28.00-29.00  sec  56.7 MBytes   476 Mbits/sec  50470  
[  5]  29.00-30.00  sec  56.1 MBytes   471 Mbits/sec  49960  
[  5]  30.00-31.00  sec  54.3 MBytes   455 Mbits/sec  48290  
[  5]  31.00-32.00  sec  55.8 MBytes   468 Mbits/sec  49670  
[  5]  32.00-33.00  sec  52.8 MBytes   443 Mbits/sec  47030  
[  5]  33.00-34.00  sec  58.3 MBytes   489 Mbits/sec  51890  
[  5]  34.00-35.00  sec  55.8 MBytes   468 Mbits/sec  49630  
[  5]  35.00-36.00  sec  56.8 MBytes   477 Mbits/sec  50570  
[  5]  36.00-37.00  sec  56.6 MBytes   475 Mbits/sec  50380  
[  5]  37.00-38.00  sec  51.8 MBytes   434 Mbits/sec  46070  
[  5]  38.00-39.00  sec  53.9 MBytes   452 Mbits/sec  48000  
[  5]  39.00-40.00  sec  57.6 MBytes   483 Mbits/sec  51250  
[  5]  40.00-41.00  sec  54.3 MBytes   455 Mbits/sec  48290  
[  5]  41.00-42.00  sec  53.3 MBytes   447 Mbits/sec  47470  
[  5]  42.00-43.00  sec  55.0 MBytes   462 Mbits/sec  48980  
[  5]  43.00-44.00  sec  55.4 MBytes   464 Mbits/sec  49270  
[  5]  44.00-45.00  sec  57.5 MBytes   482 Mbits/sec  51140  
[  5]  45.00-46.00  sec  55.3 MBytes   464 Mbits/sec  49240  
[  5]  46.00-47.00  sec  52.3 MBytes   438 Mbits/sec  46520  
[  5]  47.00-48.00  sec  58.1 MBytes   488 Mbits/sec  51760  
[  5]  48.00-49.00  sec  55.3 MBytes   464 Mbits/sec  49200  
[  5]  49.00-50.00  sec  57.7 MBytes   484 Mbits/sec  51370  
[  5]  50.00-51.00  sec  53.9 MBytes   452 Mbits/sec  48010  
[  5]  51.00-52.00  sec  56.7 MBytes   476 Mbits/sec  50480  
[  5]  52.00-53.00  sec  58.0 MBytes   487 Mbits/sec  51660  
[  5]  53.00-54.00  sec  55.8 MBytes   468 Mbits/sec  49700  
[  5]  54.00-55.00  sec  53.3 MBytes   447 Mbits/sec  47440  
[  5]  55.00-56.00  sec  54.6 MBytes   458 Mbits/sec  48610  
[  5]  56.00-57.00  sec  52.2 MBytes   438 Mbits/sec  46470  
[  5]  57.00-58.00  sec  59.9 MBytes   502 Mbits/sec  53300  
[  5]  58.00-59.00  sec  53.8 MBytes   451 Mbits/sec  47850  
[  5]  59.00-60.00  sec  53.4 MBytes   448 Mbits/sec  47490  
- - - - - - - - - - - - - - - - - - - - - - - - -
[ ID] Interval           Transfer     Bitrate         Jitter    Lost/Total Datagrams
[  5]   0.00-60.00  sec  3.24 GBytes   464 Mbits/sec  0.000 ms  0/2955110 (0%)  sender
[  5]   0.00-61.27  sec   163 MBytes  22.3 Mbits/sec  0.020 ms  2827026/2940862 (96%)  receiver

iperf Done.
