Connecting to host 10.136.80.154, port 5201
[  5] local 10.136.173.90 port 46085 connected to 10.136.80.154 port 5201
[ ID] Interval           Transfer     Bitrate         Total Datagrams
[  5]   0.00-1.00   sec  59.3 MBytes   497 Mbits/sec  52760  (omitted)
[  5]   0.00-1.00   sec  66.6 MBytes   559 Mbits/sec  59320  
[  5]   1.00-2.00   sec  67.9 MBytes   569 Mbits/sec  60400  
[  5]   2.00-3.00   sec  58.9 MBytes   494 Mbits/sec  52460  
[  5]   3.00-4.00   sec  64.0 MBytes   537 Mbits/sec  57010  
[  5]   4.00-5.00   sec  63.3 MBytes   531 Mbits/sec  56380  
[  5]   5.00-6.00   sec  61.7 MBytes   518 Mbits/sec  54920  
[  5]   6.00-7.00   sec  60.5 MBytes   508 Mbits/sec  53870  
[  5]   7.00-8.00   sec  63.6 MBytes   534 Mbits/sec  56620  
[  5]   8.00-9.00   sec  70.6 MBytes   592 Mbits/sec  62850  
[  5]   9.00-10.00  sec  64.6 MBytes   542 Mbits/sec  57540  
[  5]  10.00-11.00  sec  60.7 MBytes   509 Mbits/sec  54020  
[  5]  11.00-12.00  sec  63.6 MBytes   533 Mbits/sec  56580  
[  5]  12.00-13.00  sec  61.1 MBytes   512 Mbits/sec  54360  
[  5]  13.00-14.00  sec  64.7 MBytes   543 Mbits/sec  57590  
[  5]  14.00-15.00  sec  64.2 MBytes   539 Mbits/sec  57140  
[  5]  15.00-16.00  sec  64.3 MBytes   540 Mbits/sec  57250  
[  5]  16.00-17.00  sec  58.5 MBytes   490 Mbits/sec  52040  
[  5]  17.00-18.00  sec  62.9 MBytes   528 Mbits/sec  56000  
[  5]  18.00-19.00  sec  62.4 MBytes   523 Mbits/sec  55540  
[  5]  19.00-20.00  sec  68.0 MBytes   570 Mbits/sec  60530  
[  5]  20.00-21.00  sec  52.5 MBytes   440 Mbits/sec  46720  
[  5]  21.00-22.00  sec  52.4 MBytes   440 Mbits/sec  46660  
[  5]  22.00-23.00  sec  64.6 MBytes   542 Mbits/sec  57490  
[  5]  23.00-24.00  sec  67.1 MBytes   563 Mbits/sec  59700  
[  5]  24.00-25.00  sec  60.8 MBytes   510 Mbits/sec  54160  
[  5]  25.00-26.00  sec  64.3 MBytes   539 Mbits/sec  57250  
[  5]  26.00-27.00  sec  53.9 MBytes   452 Mbits/sec  47990  
[  5]  27.00-28.00  sec  51.6 MBytes   432 Mbits/sec  45890  
[  5]  28.00-29.00  sec  54.9 MBytes   461 Mbits/sec  48910  
[  5]  29.00-30.00  sec  58.2 MBytes   488 Mbits/sec  51800  
[  5]  30.00-31.00  sec  61.7 MBytes   518 Mbits/sec  54930  
[  5]  31.00-32.00  sec  62.5 MBytes   524 Mbits/sec  55630  
[  5]  32.00-33.00  sec  63.3 MBytes   531 Mbits/sec  56320  
[  5]  33.00-34.00  sec  66.7 MBytes   560 Mbits/sec  59410  
[  5]  34.00-35.00  sec  63.8 MBytes   535 Mbits/sec  56750  
[  5]  35.00-36.00  sec  63.4 MBytes   532 Mbits/sec  56470  
[  5]  36.00-37.00  sec  65.1 MBytes   546 Mbits/sec  57960  
[  5]  37.00-38.00  sec  62.6 MBytes   525 Mbits/sec  55690  
[  5]  38.00-39.00  sec  63.2 MBytes   530 Mbits/sec  56250  
[  5]  39.00-40.00  sec  66.1 MBytes   555 Mbits/sec  58850  
[  5]  40.00-41.00  sec  63.4 MBytes   532 Mbits/sec  56400  
[  5]  41.00-42.00  sec  57.5 MBytes   483 Mbits/sec  51220  
[  5]  42.00-43.00  sec  61.2 MBytes   513 Mbits/sec  54440  
[  5]  43.00-44.00  sec  62.2 MBytes   522 Mbits/sec  55380  
[  5]  44.00-45.00  sec  63.3 MBytes   531 Mbits/sec  56360  
[  5]  45.00-46.00  sec  65.8 MBytes   552 Mbits/sec  58570  
[  5]  46.00-47.00  sec  74.2 MBytes   623 Mbits/sec  66080  
[  5]  47.00-48.00  sec  64.4 MBytes   540 Mbits/sec  57290  
[  5]  48.00-49.00  sec  65.6 MBytes   550 Mbits/sec  58360  
[  5]  49.00-50.00  sec  62.2 MBytes   522 Mbits/sec  55370  
[  5]  50.00-51.00  sec  51.7 MBytes   434 Mbits/sec  46020  
[  5]  51.00-52.00  sec  53.1 MBytes   446 Mbits/sec  47310  
[  5]  52.00-53.00  sec  64.1 MBytes   538 Mbits/sec  57050  
[  5]  53.00-54.00  sec  64.6 MBytes   542 Mbits/sec  57470  
[  5]  54.00-55.00  sec  64.0 MBytes   537 Mbits/sec  56950  
[  5]  55.00-56.00  sec  54.7 MBytes   459 Mbits/sec  48720  
[  5]  56.00-57.00  sec  61.0 MBytes   512 Mbits/sec  54330  
[  5]  57.00-58.00  sec  63.5 MBytes   533 Mbits/sec  56520  
[  5]  58.00-59.00  sec  65.7 MBytes   551 Mbits/sec  58520  
[  5]  59.00-60.00  sec  63.0 MBytes   529 Mbits/sec  56100  
- - - - - - - - - - - - - - - - - - - - - - - - -
[ ID] Interval           Transfer     Bitrate         Jitter    Lost/Total Datagrams
[  5]   0.00-60.00  sec  3.65 GBytes   522 Mbits/sec  0.000 ms  0/3325710 (0%)  sender
[  5]   0.00-60.04  sec  3.57 GBytes   511 Mbits/sec  0.019 ms  73897/3325709 (2.2%)  receiver

iperf Done.
