Connecting to host 10.136.80.175, port 5201
[  5] local 10.136.173.112 port 33973 connected to 10.136.80.175 port 5201
[ ID] Interval           Transfer     Bitrate         Total Datagrams
[  5]   0.00-1.00   sec  78.2 MBytes   656 Mbits/sec  69570  (omitted)
[  5]   0.00-1.00   sec  78.0 MBytes   654 Mbits/sec  69450  
[  5]   1.00-2.00   sec  77.3 MBytes   648 Mbits/sec  68790  
[  5]   2.00-3.00   sec  83.4 MBytes   699 Mbits/sec  74210  
[  5]   3.00-4.00   sec  83.1 MBytes   697 Mbits/sec  74000  
[  5]   4.00-5.00   sec  81.8 MBytes   686 Mbits/sec  72820  
[  5]   5.00-6.00   sec  81.7 MBytes   686 Mbits/sec  72750  
[  5]   6.00-7.00   sec  82.6 MBytes   693 Mbits/sec  73500  
[  5]   7.00-8.00   sec  83.1 MBytes   697 Mbits/sec  73970  
[  5]   8.00-9.00   sec  82.3 MBytes   690 Mbits/sec  73230  
[  5]   9.00-10.00  sec  81.8 MBytes   686 Mbits/sec  72770  
[  5]  10.00-11.00  sec  81.9 MBytes   687 Mbits/sec  72870  
[  5]  11.00-12.00  sec  81.3 MBytes   682 Mbits/sec  72390  
[  5]  12.00-13.00  sec  82.4 MBytes   691 Mbits/sec  73310  
[  5]  13.00-14.00  sec  82.0 MBytes   688 Mbits/sec  72960  
[  5]  14.00-15.00  sec  81.2 MBytes   681 Mbits/sec  72250  
[  5]  15.00-16.00  sec  82.4 MBytes   691 Mbits/sec  73330  
[  5]  16.00-17.00  sec  81.6 MBytes   684 Mbits/sec  72600  
[  5]  17.00-18.00  sec  83.6 MBytes   702 Mbits/sec  74450  
[  5]  18.00-19.00  sec  80.3 MBytes   673 Mbits/sec  71440  
[  5]  19.00-20.00  sec  79.1 MBytes   663 Mbits/sec  70380  
[  5]  20.00-21.00  sec  82.2 MBytes   689 Mbits/sec  73150  
[  5]  21.00-22.00  sec  80.9 MBytes   679 Mbits/sec  72040  
[  5]  22.00-23.00  sec  81.6 MBytes   685 Mbits/sec  72640  
[  5]  23.00-24.00  sec  81.5 MBytes   684 Mbits/sec  72580  
[  5]  24.00-25.00  sec  81.9 MBytes   687 Mbits/sec  72890  
[  5]  25.00-26.00  sec  80.8 MBytes   678 Mbits/sec  71960  
[  5]  26.00-27.00  sec  81.8 MBytes   686 Mbits/sec  72820  
[  5]  27.00-28.00  sec  81.9 MBytes   687 Mbits/sec  72920  
[  5]  28.00-29.00  sec  82.2 MBytes   690 Mbits/sec  73180  
[  5]  29.00-30.00  sec  81.7 MBytes   685 Mbits/sec  72700  
[  5]  30.00-31.00  sec  81.7 MBytes   686 Mbits/sec  72760  
[  5]  31.00-32.00  sec  82.4 MBytes   692 Mbits/sec  73380  
[  5]  32.00-33.00  sec  82.5 MBytes   692 Mbits/sec  73450  
[  5]  33.00-34.00  sec  81.7 MBytes   685 Mbits/sec  72730  
[  5]  34.00-35.00  sec  82.1 MBytes   689 Mbits/sec  73120  
[  5]  35.00-36.00  sec  81.9 MBytes   687 Mbits/sec  72910  
[  5]  36.00-37.00  sec  83.0 MBytes   696 Mbits/sec  73860  
[  5]  37.00-38.00  sec  83.6 MBytes   702 Mbits/sec  74450  
[  5]  38.00-39.00  sec  81.5 MBytes   683 Mbits/sec  72520  
[  5]  39.00-40.00  sec  82.5 MBytes   692 Mbits/sec  73410  
[  5]  40.00-41.00  sec  82.5 MBytes   692 Mbits/sec  73410  
[  5]  41.00-42.00  sec  82.1 MBytes   688 Mbits/sec  73040  
[  5]  42.00-43.00  sec  81.5 MBytes   683 Mbits/sec  72530  
[  5]  43.00-44.00  sec  80.7 MBytes   677 Mbits/sec  71870  
[  5]  44.00-45.00  sec  81.2 MBytes   681 Mbits/sec  72290  
[  5]  45.00-46.00  sec  80.5 MBytes   675 Mbits/sec  71670  
[  5]  46.00-47.00  sec  81.0 MBytes   679 Mbits/sec  72090  
[  5]  47.00-48.00  sec  81.1 MBytes   680 Mbits/sec  72180  
[  5]  48.00-49.00  sec  80.2 MBytes   673 Mbits/sec  71410  
[  5]  49.00-50.00  sec  83.5 MBytes   700 Mbits/sec  74300  
[  5]  50.00-51.00  sec  79.9 MBytes   670 Mbits/sec  71150  
[  5]  51.00-52.00  sec  80.9 MBytes   678 Mbits/sec  71990  
[  5]  52.00-53.00  sec  80.6 MBytes   676 Mbits/sec  71720  
[  5]  53.00-54.00  sec  79.3 MBytes   665 Mbits/sec  70550  
[  5]  54.00-55.00  sec  82.2 MBytes   690 Mbits/sec  73160  
[  5]  55.00-56.00  sec  80.7 MBytes   677 Mbits/sec  71800  
[  5]  56.00-57.00  sec  80.9 MBytes   679 Mbits/sec  72030  
[  5]  57.00-58.00  sec  82.6 MBytes   693 Mbits/sec  73550  
[  5]  58.00-59.00  sec  82.3 MBytes   690 Mbits/sec  73230  
[  5]  59.00-60.00  sec  81.3 MBytes   682 Mbits/sec  72380  
- - - - - - - - - - - - - - - - - - - - - - - - -
[ ID] Interval           Transfer     Bitrate         Jitter    Lost/Total Datagrams
[  5]   0.00-60.00  sec  4.78 GBytes   684 Mbits/sec  0.000 ms  0/4357290 (0%)  sender
[  5]   0.00-60.26  sec  2.45 GBytes   349 Mbits/sec  0.014 ms  2159217/4357287 (50%)  receiver

iperf Done.
