Connecting to host 10.136.80.182, port 5201
[  5] local 10.136.173.119 port 52559 connected to 10.136.80.182 port 5201
[ ID] Interval           Transfer     Bitrate         Total Datagrams
[  5]   0.00-1.00   sec  60.3 MBytes   506 Mbits/sec  53660  (omitted)
[  5]   0.00-1.00   sec  60.9 MBytes   511 Mbits/sec  54180  
[  5]   1.00-2.00   sec  60.4 MBytes   506 Mbits/sec  53730  
[  5]   2.00-3.00   sec  60.4 MBytes   507 Mbits/sec  53770  
[  5]   3.00-4.00   sec  64.0 MBytes   537 Mbits/sec  56980  
[  5]   4.00-5.00   sec  62.1 MBytes   521 Mbits/sec  55250  
[  5]   5.00-6.00   sec  64.9 MBytes   544 Mbits/sec  57750  
[  5]   6.00-7.00   sec  62.1 MBytes   521 Mbits/sec  55290  
[  5]   7.00-8.00   sec  61.3 MBytes   514 Mbits/sec  54550  
[  5]   8.00-9.00   sec  65.4 MBytes   548 Mbits/sec  58190  
[  5]   9.00-10.00  sec  61.4 MBytes   515 Mbits/sec  54670  
[  5]  10.00-11.00  sec  66.6 MBytes   559 Mbits/sec  59310  
[  5]  11.00-12.00  sec  62.7 MBytes   526 Mbits/sec  55770  
[  5]  12.00-13.00  sec  67.6 MBytes   567 Mbits/sec  60140  
[  5]  13.00-14.00  sec  62.2 MBytes   522 Mbits/sec  55350  
[  5]  14.00-15.00  sec  61.8 MBytes   518 Mbits/sec  54980  
[  5]  15.00-16.00  sec  61.4 MBytes   515 Mbits/sec  54660  
[  5]  16.00-17.00  sec  67.6 MBytes   567 Mbits/sec  60130  
[  5]  17.00-18.00  sec  61.1 MBytes   512 Mbits/sec  54380  
[  5]  18.00-19.00  sec  61.5 MBytes   516 Mbits/sec  54700  
[  5]  19.00-20.00  sec  60.9 MBytes   511 Mbits/sec  54190  
[  5]  20.00-21.00  sec  60.2 MBytes   505 Mbits/sec  53630  
[  5]  21.00-22.00  sec  61.0 MBytes   512 Mbits/sec  54300  
[  5]  22.00-23.00  sec  61.8 MBytes   518 Mbits/sec  54990  
[  5]  23.00-24.00  sec  66.5 MBytes   558 Mbits/sec  59230  
[  5]  24.00-25.00  sec  62.2 MBytes   522 Mbits/sec  55350  
[  5]  25.00-26.00  sec  62.0 MBytes   520 Mbits/sec  55200  
[  5]  26.00-27.00  sec  65.5 MBytes   549 Mbits/sec  58300  
[  5]  27.00-28.00  sec  65.1 MBytes   546 Mbits/sec  57960  
[  5]  28.00-29.00  sec  66.7 MBytes   559 Mbits/sec  59340  
[  5]  29.00-30.00  sec  61.8 MBytes   518 Mbits/sec  54990  
[  5]  30.00-31.00  sec  69.1 MBytes   579 Mbits/sec  61480  
[  5]  31.00-32.00  sec  77.0 MBytes   646 Mbits/sec  68520  
[  5]  32.00-33.00  sec  62.0 MBytes   520 Mbits/sec  55220  
[  5]  33.00-34.00  sec  62.7 MBytes   526 Mbits/sec  55850  
[  5]  34.00-35.00  sec  63.2 MBytes   530 Mbits/sec  56240  
[  5]  35.00-36.00  sec  65.5 MBytes   549 Mbits/sec  58270  
[  5]  36.00-37.00  sec  63.0 MBytes   528 Mbits/sec  56070  
[  5]  37.00-38.00  sec  60.5 MBytes   507 Mbits/sec  53810  
[  5]  38.00-39.00  sec  60.3 MBytes   506 Mbits/sec  53700  
[  5]  39.00-40.00  sec  60.5 MBytes   508 Mbits/sec  53880  
[  5]  40.00-41.00  sec  60.0 MBytes   503 Mbits/sec  53430  
[  5]  41.00-42.00  sec  62.7 MBytes   526 Mbits/sec  55800  
[  5]  42.00-43.00  sec  62.8 MBytes   526 Mbits/sec  55860  
[  5]  43.00-44.00  sec  67.7 MBytes   567 Mbits/sec  60220  
[  5]  44.00-45.00  sec  64.6 MBytes   542 Mbits/sec  57530  
[  5]  45.00-46.00  sec  63.0 MBytes   528 Mbits/sec  56070  
[  5]  46.00-47.00  sec  51.2 MBytes   429 Mbits/sec  45560  
[  5]  47.00-48.00  sec  61.0 MBytes   511 Mbits/sec  54260  
[  5]  48.00-49.00  sec  66.3 MBytes   556 Mbits/sec  59020  
[  5]  49.00-50.00  sec  62.4 MBytes   524 Mbits/sec  55560  
[  5]  50.00-51.00  sec  72.9 MBytes   611 Mbits/sec  64870  
[  5]  51.00-52.00  sec  65.8 MBytes   552 Mbits/sec  58600  
[  5]  52.00-53.00  sec  60.4 MBytes   507 Mbits/sec  53800  
[  5]  53.00-54.00  sec  61.1 MBytes   513 Mbits/sec  54390  
[  5]  54.00-55.00  sec  60.8 MBytes   510 Mbits/sec  54090  
[  5]  55.00-56.00  sec  60.0 MBytes   504 Mbits/sec  53450  
[  5]  56.00-57.00  sec  64.9 MBytes   544 Mbits/sec  57750  
[  5]  57.00-58.00  sec  63.4 MBytes   532 Mbits/sec  56440  
[  5]  58.00-59.00  sec  72.0 MBytes   604 Mbits/sec  64100  
[  5]  59.00-60.00  sec  62.4 MBytes   524 Mbits/sec  55570  
- - - - - - - - - - - - - - - - - - - - - - - - -
[ ID] Interval           Transfer     Bitrate         Jitter    Lost/Total Datagrams
[  5]   0.00-60.00  sec  3.71 GBytes   531 Mbits/sec  0.000 ms  0/3380670 (0%)  sender
[  5]   0.00-60.05  sec  3.62 GBytes   518 Mbits/sec  0.018 ms  83668/3380670 (2.5%)  receiver

iperf Done.
