Connecting to host 10.136.80.153, port 5201
[  5] local 10.136.173.117 port 55510 connected to 10.136.80.153 port 5201
[ ID] Interval           Transfer     Bitrate         Retr  Cwnd
[  5]   0.00-1.00   sec  5.94 MBytes  49.8 Mbits/sec   13    426 KBytes       (omitted)
[  5]   0.00-1.00   sec  7.48 MBytes  62.7 Mbits/sec    0    481 KBytes       
[  5]   1.00-2.00   sec  8.90 MBytes  74.6 Mbits/sec    0    520 KBytes       
[  5]   2.00-3.00   sec  9.64 MBytes  80.9 Mbits/sec    0    545 KBytes       
[  5]   3.00-4.00   sec  9.70 MBytes  81.4 Mbits/sec    0    560 KBytes       
[  5]   4.00-5.00   sec  9.76 MBytes  81.9 Mbits/sec    0    567 KBytes       
[  5]   5.00-6.00   sec  10.4 MBytes  87.6 Mbits/sec    0    569 KBytes       
[  5]   6.00-7.00   sec  9.64 MBytes  80.9 Mbits/sec    0    569 KBytes       
[  5]   7.00-8.00   sec  9.70 MBytes  81.4 Mbits/sec    0    569 KBytes       
[  5]   8.00-9.00   sec  10.4 MBytes  87.6 Mbits/sec    0    574 KBytes       
[  5]   9.00-10.00  sec  9.89 MBytes  82.9 Mbits/sec    0    586 KBytes       
[  5]  10.00-11.00  sec  10.4 MBytes  87.1 Mbits/sec    0    604 KBytes       
[  5]  11.00-12.00  sec  11.3 MBytes  94.9 Mbits/sec    0    635 KBytes       
[  5]  12.00-13.00  sec  11.1 MBytes  93.3 Mbits/sec    0    680 KBytes       
[  5]  13.00-14.00  sec  13.0 MBytes   109 Mbits/sec    0    742 KBytes       
[  5]  14.00-15.00  sec  14.4 MBytes   121 Mbits/sec    0    825 KBytes       
[  5]  15.00-16.00  sec  15.9 MBytes   133 Mbits/sec    0    930 KBytes       
[  5]  16.00-17.00  sec  18.7 MBytes   157 Mbits/sec    0   1.04 MBytes       
[  5]  17.00-18.00  sec  20.0 MBytes   168 Mbits/sec    0   1.19 MBytes       
[  5]  18.00-19.00  sec  22.5 MBytes   189 Mbits/sec    0   1.38 MBytes       
[  5]  19.00-20.00  sec  22.5 MBytes   189 Mbits/sec    0   1.59 MBytes       
[  5]  20.00-21.00  sec  20.0 MBytes   168 Mbits/sec    0   1.84 MBytes       
[  5]  21.00-22.00  sec  20.0 MBytes   168 Mbits/sec    0   2.13 MBytes       
[  5]  22.00-23.00  sec  20.0 MBytes   168 Mbits/sec    0   2.45 MBytes       
[  5]  23.00-24.00  sec  22.5 MBytes   189 Mbits/sec    0   2.83 MBytes       
[  5]  24.00-25.00  sec  21.2 MBytes   178 Mbits/sec    0   3.06 MBytes       
[  5]  25.00-26.00  sec  22.5 MBytes   188 Mbits/sec    0   3.06 MBytes       
[  5]  26.00-27.00  sec  21.2 MBytes   178 Mbits/sec    0   3.06 MBytes       
[  5]  27.00-28.00  sec  21.2 MBytes   178 Mbits/sec    0   3.06 MBytes       
[  5]  28.00-29.00  sec  22.5 MBytes   189 Mbits/sec    0   3.06 MBytes       
[  5]  29.00-30.00  sec  22.5 MBytes   188 Mbits/sec    0   3.06 MBytes       
[  5]  30.00-31.00  sec  21.2 MBytes   178 Mbits/sec    0   3.06 MBytes       
[  5]  31.00-32.00  sec  22.5 MBytes   189 Mbits/sec    0   3.06 MBytes       
[  5]  32.00-33.00  sec  23.8 MBytes   199 Mbits/sec    0   3.06 MBytes       
[  5]  33.00-34.00  sec  25.0 MBytes   210 Mbits/sec    0   3.06 MBytes       
[  5]  34.00-35.00  sec  25.0 MBytes   210 Mbits/sec    0   3.06 MBytes       
[  5]  35.00-36.00  sec  27.5 MBytes   231 Mbits/sec    0   3.06 MBytes       
[  5]  36.00-37.00  sec  17.5 MBytes   147 Mbits/sec  1678    999 KBytes       
[  5]  37.00-38.00  sec  12.5 MBytes   105 Mbits/sec  294   1.59 MBytes       
[  5]  38.00-39.00  sec  11.2 MBytes  94.4 Mbits/sec    0   1.67 MBytes       
[  5]  39.00-40.00  sec  12.5 MBytes   105 Mbits/sec    0   1.73 MBytes       
[  5]  40.00-41.00  sec  12.5 MBytes   105 Mbits/sec    0   1.78 MBytes       
[  5]  41.00-42.00  sec  12.5 MBytes   105 Mbits/sec    0   1.81 MBytes       
[  5]  42.00-43.00  sec  12.5 MBytes   105 Mbits/sec    0   1.82 MBytes       
[  5]  43.00-44.00  sec  13.8 MBytes   115 Mbits/sec    0   1.83 MBytes       
[  5]  44.00-45.00  sec  12.5 MBytes   105 Mbits/sec    0   1.84 MBytes       
[  5]  45.00-46.00  sec  12.5 MBytes   105 Mbits/sec    0   1.84 MBytes       
[  5]  46.00-47.00  sec  13.8 MBytes   115 Mbits/sec    0   1.84 MBytes       
[  5]  47.00-48.00  sec  13.8 MBytes   115 Mbits/sec    0   1.84 MBytes       
[  5]  48.00-49.00  sec  13.8 MBytes   115 Mbits/sec    0   1.85 MBytes       
[  5]  49.00-50.00  sec  15.0 MBytes   126 Mbits/sec    0   1.86 MBytes       
[  5]  50.00-51.00  sec  16.2 MBytes   136 Mbits/sec    0   1.89 MBytes       
[  5]  51.00-52.00  sec  18.8 MBytes   157 Mbits/sec    0   1.93 MBytes       
[  5]  52.00-53.00  sec  20.0 MBytes   168 Mbits/sec    0   1.98 MBytes       
[  5]  53.00-54.00  sec  23.8 MBytes   199 Mbits/sec    0   2.06 MBytes       
[  5]  54.00-55.00  sec  26.2 MBytes   220 Mbits/sec    0   2.15 MBytes       
[  5]  55.00-56.00  sec  27.5 MBytes   231 Mbits/sec    0   2.27 MBytes       
[  5]  56.00-57.00  sec  23.8 MBytes   199 Mbits/sec    0   2.41 MBytes       
[  5]  57.00-58.00  sec  25.0 MBytes   210 Mbits/sec    0   2.59 MBytes       
[  5]  58.00-59.00  sec  27.5 MBytes   230 Mbits/sec    0   2.79 MBytes       
[  5]  59.00-60.00  sec  10.0 MBytes  84.0 Mbits/sec  1510    681 KBytes       
- - - - - - - - - - - - - - - - - - - - - - - - -
[ ID] Interval           Transfer     Bitrate         Retr
[  5]   0.00-60.00  sec  1019 MBytes   142 Mbits/sec  3482             sender
[  5]   0.00-60.10  sec  1019 MBytes   142 Mbits/sec                  receiver

iperf Done.
