Connecting to host 10.136.80.142, port 5201
[  5] local 10.136.173.102 port 34858 connected to 10.136.80.142 port 5201
[ ID] Interval           Transfer     Bitrate         Total Datagrams
[  5]   0.00-1.00   sec  75.0 MBytes   629 Mbits/sec  66760  (omitted)
[  5]   0.00-1.00   sec  68.4 MBytes   573 Mbits/sec  60860  
[  5]   1.00-2.00   sec  72.9 MBytes   612 Mbits/sec  64900  
[  5]   2.00-3.00   sec  76.9 MBytes   645 Mbits/sec  68420  
[  5]   3.00-4.00   sec  74.4 MBytes   624 Mbits/sec  66210  
[  5]   4.00-5.00   sec  75.1 MBytes   630 Mbits/sec  66820  
[  5]   5.00-6.00   sec  74.8 MBytes   627 Mbits/sec  66550  
[  5]   6.00-7.00   sec  75.2 MBytes   631 Mbits/sec  66930  
[  5]   7.00-8.00   sec  75.2 MBytes   631 Mbits/sec  66980  
[  5]   8.00-9.00   sec  71.5 MBytes   600 Mbits/sec  63670  
[  5]   9.00-10.00  sec  76.3 MBytes   640 Mbits/sec  67930  
[  5]  10.00-11.00  sec  76.6 MBytes   642 Mbits/sec  68170  
[  5]  11.00-12.00  sec  75.3 MBytes   632 Mbits/sec  67030  
[  5]  12.00-13.00  sec  74.3 MBytes   623 Mbits/sec  66110  
[  5]  13.00-14.00  sec  76.1 MBytes   638 Mbits/sec  67730  
[  5]  14.00-15.00  sec  73.0 MBytes   613 Mbits/sec  65000  
[  5]  15.00-16.00  sec  75.6 MBytes   634 Mbits/sec  67320  
[  5]  16.00-17.00  sec  75.4 MBytes   633 Mbits/sec  67140  
[  5]  17.00-18.00  sec  73.4 MBytes   616 Mbits/sec  65320  
[  5]  18.00-19.00  sec  75.3 MBytes   632 Mbits/sec  67070  
[  5]  19.00-20.00  sec  74.4 MBytes   624 Mbits/sec  66240  
[  5]  20.00-21.00  sec  75.0 MBytes   629 Mbits/sec  66730  
[  5]  21.00-22.00  sec  75.0 MBytes   630 Mbits/sec  66800  
[  5]  22.00-23.00  sec  75.2 MBytes   631 Mbits/sec  66970  
[  5]  23.00-24.00  sec  74.2 MBytes   622 Mbits/sec  66050  
[  5]  24.00-25.00  sec  72.7 MBytes   610 Mbits/sec  64700  
[  5]  25.00-26.00  sec  72.4 MBytes   607 Mbits/sec  64420  
[  5]  26.00-27.00  sec  74.4 MBytes   624 Mbits/sec  66210  
[  5]  27.00-28.00  sec  73.8 MBytes   619 Mbits/sec  65720  
[  5]  28.00-29.00  sec  74.1 MBytes   622 Mbits/sec  65970  
[  5]  29.00-30.00  sec  73.4 MBytes   616 Mbits/sec  65330  
[  5]  30.00-31.00  sec  73.8 MBytes   619 Mbits/sec  65690  
[  5]  31.00-32.00  sec  75.8 MBytes   636 Mbits/sec  67510  
[  5]  32.00-33.00  sec  73.7 MBytes   618 Mbits/sec  65620  
[  5]  33.00-34.00  sec  73.1 MBytes   613 Mbits/sec  65090  
[  5]  34.00-35.00  sec  74.6 MBytes   626 Mbits/sec  66440  
[  5]  35.00-36.00  sec  76.5 MBytes   642 Mbits/sec  68120  
[  5]  36.00-37.00  sec  75.4 MBytes   633 Mbits/sec  67140  
[  5]  37.00-38.00  sec  62.9 MBytes   528 Mbits/sec  55980  
[  5]  38.00-39.00  sec  57.1 MBytes   479 Mbits/sec  50850  
[  5]  39.00-40.00  sec  67.6 MBytes   567 Mbits/sec  60180  
[  5]  40.00-41.00  sec  72.6 MBytes   609 Mbits/sec  64640  
[  5]  41.00-42.00  sec  76.1 MBytes   638 Mbits/sec  67740  
[  5]  42.00-43.00  sec  63.7 MBytes   535 Mbits/sec  56740  
[  5]  43.00-44.00  sec  74.7 MBytes   626 Mbits/sec  66470  
[  5]  44.00-45.00  sec  66.5 MBytes   557 Mbits/sec  59160  
[  5]  45.00-46.00  sec  63.5 MBytes   533 Mbits/sec  56540  
[  5]  46.00-47.00  sec  62.6 MBytes   525 Mbits/sec  55740  
[  5]  47.00-48.00  sec  75.9 MBytes   637 Mbits/sec  67600  
[  5]  48.00-49.00  sec  75.8 MBytes   636 Mbits/sec  67440  
[  5]  49.00-50.00  sec  76.1 MBytes   638 Mbits/sec  67700  
[  5]  50.00-51.00  sec  73.5 MBytes   617 Mbits/sec  65450  
[  5]  51.00-52.00  sec  74.7 MBytes   626 Mbits/sec  66470  
[  5]  52.00-53.00  sec  75.0 MBytes   629 Mbits/sec  66750  
[  5]  53.00-54.00  sec  74.4 MBytes   624 Mbits/sec  66270  
[  5]  54.00-55.00  sec  73.2 MBytes   614 Mbits/sec  65150  
[  5]  55.00-56.00  sec  75.1 MBytes   630 Mbits/sec  66830  
[  5]  56.00-57.00  sec  75.7 MBytes   635 Mbits/sec  67390  
[  5]  57.00-58.00  sec  76.5 MBytes   642 Mbits/sec  68110  
[  5]  58.00-59.00  sec  77.8 MBytes   652 Mbits/sec  69210  
[  5]  59.00-60.00  sec  72.1 MBytes   605 Mbits/sec  64210  
- - - - - - - - - - - - - - - - - - - - - - - - -
[ ID] Interval           Transfer     Bitrate         Jitter    Lost/Total Datagrams
[  5]   0.00-60.00  sec  4.29 GBytes   615 Mbits/sec  0.000 ms  0/3913530 (0%)  sender
[  5]   0.00-60.12  sec  1.70 GBytes   244 Mbits/sec  0.062 ms  2397815/3913530 (61%)  receiver

iperf Done.
