Connecting to host knb-server-128754, port 5201
[  5] local 10.136.173.107 port 60528 connected to 10.43.116.234 port 5201
[ ID] Interval           Transfer     Bitrate         Total Datagrams
[  5]   0.00-1.00   sec  71.3 MBytes   598 Mbits/sec  63460  (omitted)
[  5]   0.00-1.00   sec  72.5 MBytes   608 Mbits/sec  64500  
[  5]   1.00-2.00   sec  75.3 MBytes   632 Mbits/sec  67010  
[  5]   2.00-3.00   sec  73.1 MBytes   614 Mbits/sec  65110  
[  5]   3.00-4.00   sec  73.3 MBytes   615 Mbits/sec  65250  
[  5]   4.00-5.00   sec  71.9 MBytes   603 Mbits/sec  63990  
[  5]   5.00-6.00   sec  75.8 MBytes   636 Mbits/sec  67450  
[  5]   6.00-7.00   sec  56.7 MBytes   475 Mbits/sec  50430  
[  5]   7.00-8.00   sec  58.2 MBytes   489 Mbits/sec  51840  
[  5]   8.00-9.00   sec  57.8 MBytes   485 Mbits/sec  51470  
[  5]   9.00-10.00  sec  56.3 MBytes   472 Mbits/sec  50090  
[  5]  10.00-11.00  sec  66.9 MBytes   561 Mbits/sec  59580  
[  5]  11.00-12.00  sec  70.4 MBytes   591 Mbits/sec  62700  
[  5]  12.00-13.00  sec  72.9 MBytes   611 Mbits/sec  64850  
[  5]  13.00-14.00  sec  74.5 MBytes   625 Mbits/sec  66340  
[  5]  14.00-15.00  sec  72.4 MBytes   607 Mbits/sec  64460  
[  5]  15.00-16.00  sec  72.6 MBytes   609 Mbits/sec  64650  
[  5]  16.00-17.00  sec  73.2 MBytes   614 Mbits/sec  65180  
[  5]  17.00-18.00  sec  73.2 MBytes   614 Mbits/sec  65200  
[  5]  18.00-19.00  sec  73.4 MBytes   615 Mbits/sec  65310  
[  5]  19.00-20.00  sec  72.2 MBytes   605 Mbits/sec  64230  
[  5]  20.00-21.00  sec  72.2 MBytes   606 Mbits/sec  64300  
[  5]  21.00-22.00  sec  72.9 MBytes   612 Mbits/sec  64930  
[  5]  22.00-23.00  sec  72.4 MBytes   608 Mbits/sec  64480  
[  5]  23.00-24.00  sec  72.9 MBytes   611 Mbits/sec  64850  
[  5]  24.00-25.00  sec  56.2 MBytes   472 Mbits/sec  50040  
[  5]  25.00-26.00  sec  69.7 MBytes   585 Mbits/sec  62080  
[  5]  26.00-27.00  sec  59.9 MBytes   502 Mbits/sec  53320  
[  5]  27.00-28.00  sec  59.8 MBytes   502 Mbits/sec  53250  
[  5]  28.00-29.00  sec  73.5 MBytes   617 Mbits/sec  65430  
[  5]  29.00-30.00  sec  72.8 MBytes   610 Mbits/sec  64760  
[  5]  30.00-31.00  sec  69.5 MBytes   583 Mbits/sec  61830  
[  5]  31.00-32.00  sec  52.5 MBytes   440 Mbits/sec  46740  
[  5]  32.00-33.00  sec  71.9 MBytes   603 Mbits/sec  63990  
[  5]  33.00-34.00  sec  75.2 MBytes   631 Mbits/sec  66940  
[  5]  34.00-35.00  sec  73.8 MBytes   619 Mbits/sec  65680  
[  5]  35.00-36.00  sec  68.3 MBytes   573 Mbits/sec  60830  
[  5]  36.00-37.00  sec  73.6 MBytes   618 Mbits/sec  65550  
[  5]  37.00-38.00  sec  75.5 MBytes   633 Mbits/sec  67210  
[  5]  38.00-39.00  sec  74.2 MBytes   622 Mbits/sec  66050  
[  5]  39.00-40.00  sec  74.9 MBytes   628 Mbits/sec  66630  
[  5]  40.00-41.00  sec  69.5 MBytes   583 Mbits/sec  61820  
[  5]  41.00-42.00  sec  73.8 MBytes   619 Mbits/sec  65670  
[  5]  42.00-43.00  sec  74.7 MBytes   627 Mbits/sec  66530  
[  5]  43.00-44.00  sec  75.9 MBytes   637 Mbits/sec  67590  
[  5]  44.00-45.00  sec  66.7 MBytes   559 Mbits/sec  59340  
[  5]  45.00-46.00  sec  73.7 MBytes   618 Mbits/sec  65630  
[  5]  46.00-47.00  sec  63.9 MBytes   536 Mbits/sec  56890  
[  5]  47.00-48.00  sec  54.4 MBytes   456 Mbits/sec  48380  
[  5]  48.00-49.00  sec  55.1 MBytes   463 Mbits/sec  49070  
[  5]  49.00-50.00  sec  65.6 MBytes   551 Mbits/sec  58430  
[  5]  50.00-51.00  sec  72.2 MBytes   606 Mbits/sec  64280  
[  5]  51.00-52.00  sec  59.0 MBytes   495 Mbits/sec  52550  
[  5]  52.00-53.00  sec  56.4 MBytes   473 Mbits/sec  50190  
[  5]  53.00-54.00  sec  55.1 MBytes   462 Mbits/sec  49020  
[  5]  54.00-55.00  sec  54.1 MBytes   454 Mbits/sec  48170  
[  5]  55.00-56.00  sec  78.2 MBytes   656 Mbits/sec  69640  
[  5]  56.00-57.00  sec  74.0 MBytes   621 Mbits/sec  65910  
[  5]  57.00-58.00  sec  74.3 MBytes   624 Mbits/sec  66170  
[  5]  58.00-59.00  sec  74.2 MBytes   622 Mbits/sec  66030  
[  5]  59.00-60.00  sec  72.9 MBytes   611 Mbits/sec  64860  
- - - - - - - - - - - - - - - - - - - - - - - - -
[ ID] Interval           Transfer     Bitrate         Jitter    Lost/Total Datagrams
[  5]   0.00-60.00  sec  4.03 GBytes   577 Mbits/sec  0.000 ms  0/3674700 (0%)  sender
[  5]   0.00-60.27  sec  1.70 GBytes   243 Mbits/sec  0.705 ms  2152797/3665526 (59%)  receiver

iperf Done.
