Connecting to host 10.136.80.182, port 5201
[  5] local 10.136.173.120 port 38086 connected to 10.136.80.182 port 5201
[ ID] Interval           Transfer     Bitrate         Total Datagrams
[  5]   0.00-1.00   sec  75.8 MBytes   636 Mbits/sec  67470  (omitted)
[  5]   0.00-1.00   sec  75.8 MBytes   636 Mbits/sec  67490  
[  5]   1.00-2.00   sec  76.3 MBytes   640 Mbits/sec  67910  
[  5]   2.00-3.00   sec  77.4 MBytes   649 Mbits/sec  68870  
[  5]   3.00-4.00   sec  80.9 MBytes   678 Mbits/sec  71980  
[  5]   4.00-5.00   sec  81.9 MBytes   687 Mbits/sec  72930  
[  5]   5.00-6.00   sec  80.8 MBytes   678 Mbits/sec  71910  
[  5]   6.00-7.00   sec  80.0 MBytes   671 Mbits/sec  71230  
[  5]   7.00-8.00   sec  81.2 MBytes   681 Mbits/sec  72280  
[  5]   8.00-9.00   sec  80.5 MBytes   676 Mbits/sec  71700  
[  5]   9.00-10.00  sec  81.4 MBytes   682 Mbits/sec  72420  
[  5]  10.00-11.00  sec  82.3 MBytes   690 Mbits/sec  73260  
[  5]  11.00-12.00  sec  81.7 MBytes   685 Mbits/sec  72710  
[  5]  12.00-13.00  sec  82.8 MBytes   694 Mbits/sec  73670  
[  5]  13.00-14.00  sec  81.2 MBytes   681 Mbits/sec  72250  
[  5]  14.00-15.00  sec  81.8 MBytes   686 Mbits/sec  72820  
[  5]  15.00-16.00  sec  81.3 MBytes   682 Mbits/sec  72370  
[  5]  16.00-17.00  sec  81.3 MBytes   682 Mbits/sec  72390  
[  5]  17.00-18.00  sec  78.6 MBytes   659 Mbits/sec  69950  
[  5]  18.00-19.00  sec  76.1 MBytes   639 Mbits/sec  67770  
[  5]  19.00-20.00  sec  77.5 MBytes   650 Mbits/sec  68960  
[  5]  20.00-21.00  sec  81.1 MBytes   680 Mbits/sec  72210  
[  5]  21.00-22.00  sec  82.6 MBytes   693 Mbits/sec  73550  
[  5]  22.00-23.00  sec  82.0 MBytes   688 Mbits/sec  73010  
[  5]  23.00-24.00  sec  82.4 MBytes   691 Mbits/sec  73370  
[  5]  24.00-25.00  sec  75.6 MBytes   634 Mbits/sec  67260  
[  5]  25.00-26.00  sec  60.0 MBytes   503 Mbits/sec  53430  
[  5]  26.00-27.00  sec  82.3 MBytes   691 Mbits/sec  73260  
[  5]  27.00-28.00  sec  81.7 MBytes   685 Mbits/sec  72700  
[  5]  28.00-29.00  sec  81.6 MBytes   685 Mbits/sec  72670  
[  5]  29.00-30.00  sec  81.7 MBytes   685 Mbits/sec  72720  
[  5]  30.00-31.00  sec  82.0 MBytes   688 Mbits/sec  72950  
[  5]  31.00-32.00  sec  78.7 MBytes   660 Mbits/sec  70060  
[  5]  32.00-33.00  sec  81.1 MBytes   680 Mbits/sec  72190  
[  5]  33.00-34.00  sec  79.3 MBytes   665 Mbits/sec  70570  
[  5]  34.00-35.00  sec  81.2 MBytes   681 Mbits/sec  72240  
[  5]  35.00-36.00  sec  81.6 MBytes   685 Mbits/sec  72650  
[  5]  36.00-37.00  sec  81.0 MBytes   680 Mbits/sec  72100  
[  5]  37.00-38.00  sec  81.6 MBytes   685 Mbits/sec  72660  
[  5]  38.00-39.00  sec  82.2 MBytes   690 Mbits/sec  73180  
[  5]  39.00-40.00  sec  83.6 MBytes   701 Mbits/sec  74410  
[  5]  40.00-41.00  sec  80.9 MBytes   679 Mbits/sec  72020  
[  5]  41.00-42.00  sec  83.0 MBytes   696 Mbits/sec  73850  
[  5]  42.00-43.00  sec  82.1 MBytes   689 Mbits/sec  73100  
[  5]  43.00-44.00  sec  80.5 MBytes   675 Mbits/sec  71660  
[  5]  44.00-45.00  sec  82.0 MBytes   687 Mbits/sec  72950  
[  5]  45.00-46.00  sec  81.6 MBytes   685 Mbits/sec  72650  
[  5]  46.00-47.00  sec  78.1 MBytes   656 Mbits/sec  69550  
[  5]  47.00-48.00  sec  76.7 MBytes   644 Mbits/sec  68280  
[  5]  48.00-49.00  sec  77.1 MBytes   647 Mbits/sec  68660  
[  5]  49.00-50.00  sec  73.8 MBytes   619 Mbits/sec  65680  
[  5]  50.00-51.00  sec  81.0 MBytes   680 Mbits/sec  72130  
[  5]  51.00-52.00  sec  82.8 MBytes   695 Mbits/sec  73700  
[  5]  52.00-53.00  sec  82.9 MBytes   696 Mbits/sec  73810  
[  5]  53.00-54.00  sec  83.1 MBytes   697 Mbits/sec  73930  
[  5]  54.00-55.00  sec  83.1 MBytes   697 Mbits/sec  73980  
[  5]  55.00-56.00  sec  71.0 MBytes   595 Mbits/sec  63180  
[  5]  56.00-57.00  sec  58.3 MBytes   489 Mbits/sec  51870  
[  5]  57.00-58.00  sec  57.5 MBytes   482 Mbits/sec  51150  
[  5]  58.00-59.00  sec  68.7 MBytes   576 Mbits/sec  61110  
[  5]  59.00-60.00  sec  76.8 MBytes   644 Mbits/sec  68330  
- - - - - - - - - - - - - - - - - - - - - - - - -
[ ID] Interval           Transfer     Bitrate         Jitter    Lost/Total Datagrams
[  5]   0.00-60.00  sec  4.63 GBytes   663 Mbits/sec  0.000 ms  0/4223650 (0%)  sender
[  5]   0.00-60.06  sec  2.32 GBytes   332 Mbits/sec  0.010 ms  2137352/4223650 (51%)  receiver

iperf Done.
