Connecting to host 10.136.80.137, port 5201
[  5] local 10.136.173.72 port 33864 connected to 10.136.80.137 port 5201
[ ID] Interval           Transfer     Bitrate         Total Datagrams
[  5]   0.00-1.00   sec  49.2 MBytes   413 Mbits/sec  43830  (omitted)
[  5]   0.00-1.00   sec  56.3 MBytes   472 Mbits/sec  50120  
[  5]   1.00-2.00   sec  57.5 MBytes   482 Mbits/sec  51140  
[  5]   2.00-3.00   sec  56.5 MBytes   474 Mbits/sec  50250  
[  5]   3.00-4.00   sec  55.2 MBytes   463 Mbits/sec  49160  
[  5]   4.00-5.00   sec  54.1 MBytes   454 Mbits/sec  48130  
[  5]   5.00-6.00   sec  53.0 MBytes   445 Mbits/sec  47200  
[  5]   6.00-7.00   sec  52.1 MBytes   437 Mbits/sec  46370  
[  5]   7.00-8.00   sec  49.6 MBytes   416 Mbits/sec  44130  
[  5]   8.00-9.00   sec  61.4 MBytes   515 Mbits/sec  54670  
[  5]   9.00-10.00  sec  58.8 MBytes   493 Mbits/sec  52330  
[  5]  10.00-11.00  sec  48.2 MBytes   404 Mbits/sec  42860  
[  5]  11.00-12.00  sec  47.8 MBytes   401 Mbits/sec  42550  
[  5]  12.00-13.00  sec  48.0 MBytes   403 Mbits/sec  42750  
[  5]  13.00-14.00  sec  48.6 MBytes   408 Mbits/sec  43300  
[  5]  14.00-15.00  sec  49.9 MBytes   419 Mbits/sec  44450  
[  5]  15.00-16.00  sec  48.0 MBytes   402 Mbits/sec  42700  
[  5]  16.00-17.00  sec  48.7 MBytes   409 Mbits/sec  43390  
[  5]  17.00-18.00  sec  53.3 MBytes   447 Mbits/sec  47410  
[  5]  18.00-19.00  sec  54.9 MBytes   461 Mbits/sec  48870  
[  5]  19.00-20.00  sec  51.7 MBytes   434 Mbits/sec  46020  
[  5]  20.00-21.00  sec  54.8 MBytes   460 Mbits/sec  48820  
[  5]  21.00-22.00  sec  47.1 MBytes   395 Mbits/sec  41960  
[  5]  22.00-23.00  sec  54.1 MBytes   454 Mbits/sec  48160  
[  5]  23.00-24.00  sec  50.1 MBytes   420 Mbits/sec  44570  
[  5]  24.00-25.00  sec  55.6 MBytes   466 Mbits/sec  49490  
[  5]  25.00-26.00  sec  55.4 MBytes   465 Mbits/sec  49340  
[  5]  26.00-27.00  sec  56.0 MBytes   470 Mbits/sec  49830  
[  5]  27.00-28.00  sec  57.2 MBytes   480 Mbits/sec  50950  
[  5]  28.00-29.00  sec  59.1 MBytes   496 Mbits/sec  52620  
[  5]  29.00-30.00  sec  50.8 MBytes   426 Mbits/sec  45250  
[  5]  30.00-31.00  sec  52.0 MBytes   436 Mbits/sec  46260  
[  5]  31.00-32.00  sec  58.0 MBytes   486 Mbits/sec  51600  
[  5]  32.00-33.00  sec  50.4 MBytes   422 Mbits/sec  44820  
[  5]  33.00-34.00  sec  53.1 MBytes   446 Mbits/sec  47270  
[  5]  34.00-35.00  sec  56.0 MBytes   469 Mbits/sec  49810  
[  5]  35.00-36.00  sec  54.4 MBytes   456 Mbits/sec  48420  
[  5]  36.00-37.00  sec  56.3 MBytes   472 Mbits/sec  50090  
[  5]  37.00-38.00  sec  50.4 MBytes   423 Mbits/sec  44880  
[  5]  38.00-39.00  sec  54.3 MBytes   455 Mbits/sec  48310  
[  5]  39.00-40.00  sec  49.6 MBytes   416 Mbits/sec  44120  
[  5]  40.00-41.00  sec  51.0 MBytes   427 Mbits/sec  45360  
[  5]  41.00-42.00  sec  58.9 MBytes   494 Mbits/sec  52460  
[  5]  42.00-43.00  sec  55.4 MBytes   465 Mbits/sec  49310  
[  5]  43.00-44.00  sec  52.8 MBytes   443 Mbits/sec  47010  
[  5]  44.00-45.00  sec  54.8 MBytes   459 Mbits/sec  48740  
[  5]  45.00-46.00  sec  52.3 MBytes   439 Mbits/sec  46590  
[  5]  46.00-47.00  sec  55.1 MBytes   463 Mbits/sec  49090  
[  5]  47.00-48.00  sec  56.4 MBytes   473 Mbits/sec  50180  
[  5]  48.00-49.00  sec  55.6 MBytes   466 Mbits/sec  49500  
[  5]  49.00-50.00  sec  57.4 MBytes   482 Mbits/sec  51110  
[  5]  50.00-51.00  sec  55.7 MBytes   467 Mbits/sec  49570  
[  5]  51.00-52.00  sec  51.5 MBytes   432 Mbits/sec  45800  
[  5]  52.00-53.00  sec  61.5 MBytes   516 Mbits/sec  54730  
[  5]  53.00-54.00  sec  57.5 MBytes   482 Mbits/sec  51200  
[  5]  54.00-55.00  sec  53.2 MBytes   447 Mbits/sec  47380  
[  5]  55.00-56.00  sec  54.0 MBytes   453 Mbits/sec  48050  
[  5]  56.00-57.00  sec  55.8 MBytes   468 Mbits/sec  49670  
[  5]  57.00-58.00  sec  53.2 MBytes   447 Mbits/sec  47380  
[  5]  58.00-59.00  sec  58.6 MBytes   491 Mbits/sec  52160  
[  5]  59.00-60.00  sec  57.3 MBytes   481 Mbits/sec  51030  
- - - - - - - - - - - - - - - - - - - - - - - - -
[ ID] Interval           Transfer     Bitrate         Jitter    Lost/Total Datagrams
[  5]   0.00-60.00  sec  3.16 GBytes   452 Mbits/sec  0.000 ms  0/2880690 (0%)  sender
[  5]   0.00-60.30  sec  1.80 GBytes   257 Mbits/sec  0.007 ms  1255764/2878660 (44%)  receiver

iperf Done.
