Connecting to host knb-server-375513, port 5201
[  5] local 10.136.173.71 port 42859 connected to 10.43.177.30 port 5201
[ ID] Interval           Transfer     Bitrate         Total Datagrams
[  5]   0.00-1.00   sec  51.9 MBytes   435 Mbits/sec  46200  (omitted)
[  5]   0.00-1.00   sec  54.4 MBytes   456 Mbits/sec  48380  
[  5]   1.00-2.00   sec  50.1 MBytes   420 Mbits/sec  44570  
[  5]   2.00-3.00   sec  50.9 MBytes   427 Mbits/sec  45350  
[  5]   3.00-4.00   sec  52.2 MBytes   438 Mbits/sec  46480  
[  5]   4.00-5.00   sec  50.3 MBytes   422 Mbits/sec  44790  
[  5]   5.00-6.00   sec  51.9 MBytes   436 Mbits/sec  46230  
[  5]   6.00-7.00   sec  50.9 MBytes   427 Mbits/sec  45300  
[  5]   7.00-8.00   sec  54.8 MBytes   460 Mbits/sec  48760  
[  5]   8.00-9.00   sec  51.3 MBytes   430 Mbits/sec  45620  
[  5]   9.00-10.00  sec  51.0 MBytes   427 Mbits/sec  45370  
[  5]  10.00-11.00  sec  52.2 MBytes   438 Mbits/sec  46440  
[  5]  11.00-12.00  sec  53.6 MBytes   450 Mbits/sec  47750  
[  5]  12.00-13.00  sec  50.1 MBytes   420 Mbits/sec  44610  
[  5]  13.00-14.00  sec  53.7 MBytes   450 Mbits/sec  47760  
[  5]  14.00-15.00  sec  52.2 MBytes   438 Mbits/sec  46470  
[  5]  15.00-16.00  sec  56.6 MBytes   474 Mbits/sec  50350  
[  5]  16.00-17.00  sec  50.4 MBytes   423 Mbits/sec  44870  
[  5]  17.00-18.00  sec  50.9 MBytes   427 Mbits/sec  45350  
[  5]  18.00-19.00  sec  54.6 MBytes   458 Mbits/sec  48590  
[  5]  19.00-20.00  sec  53.7 MBytes   450 Mbits/sec  47770  
[  5]  20.00-21.00  sec  52.0 MBytes   436 Mbits/sec  46310  
[  5]  21.00-22.00  sec  50.7 MBytes   425 Mbits/sec  45120  
[  5]  22.00-23.00  sec  51.4 MBytes   431 Mbits/sec  45780  
[  5]  23.00-24.00  sec  52.4 MBytes   440 Mbits/sec  46640  
[  5]  24.00-25.00  sec  51.4 MBytes   431 Mbits/sec  45710  
[  5]  25.00-26.00  sec  52.0 MBytes   436 Mbits/sec  46320  
[  5]  26.00-27.00  sec  54.3 MBytes   456 Mbits/sec  48370  
[  5]  27.00-28.00  sec  50.8 MBytes   427 Mbits/sec  45260  
[  5]  28.00-29.00  sec  53.5 MBytes   449 Mbits/sec  47640  
[  5]  29.00-30.00  sec  54.5 MBytes   457 Mbits/sec  48540  
[  5]  30.00-31.00  sec  53.1 MBytes   445 Mbits/sec  47250  
[  5]  31.00-32.00  sec  51.1 MBytes   429 Mbits/sec  45480  
[  5]  32.00-33.00  sec  53.2 MBytes   446 Mbits/sec  47330  
[  5]  33.00-34.00  sec  52.7 MBytes   442 Mbits/sec  46910  
[  5]  34.00-35.00  sec  50.7 MBytes   426 Mbits/sec  45160  
[  5]  35.00-36.00  sec  50.6 MBytes   425 Mbits/sec  45050  
[  5]  36.00-37.00  sec  54.1 MBytes   454 Mbits/sec  48130  
[  5]  37.00-38.00  sec  50.7 MBytes   425 Mbits/sec  45140  
[  5]  38.00-39.00  sec  51.3 MBytes   430 Mbits/sec  45640  
[  5]  39.00-40.00  sec  50.9 MBytes   427 Mbits/sec  45330  
[  5]  40.00-41.00  sec  50.4 MBytes   422 Mbits/sec  44820  
[  5]  41.00-42.00  sec  49.8 MBytes   418 Mbits/sec  44340  
[  5]  42.00-43.00  sec  50.3 MBytes   422 Mbits/sec  44780  
[  5]  43.00-44.00  sec  52.0 MBytes   437 Mbits/sec  46320  
[  5]  44.00-45.00  sec  52.4 MBytes   440 Mbits/sec  46680  
[  5]  45.00-46.00  sec  49.1 MBytes   412 Mbits/sec  43730  
[  5]  46.00-47.00  sec  51.6 MBytes   433 Mbits/sec  45930  
[  5]  47.00-48.00  sec  51.3 MBytes   430 Mbits/sec  45660  
[  5]  48.00-49.00  sec  52.0 MBytes   436 Mbits/sec  46300  
[  5]  49.00-50.00  sec  47.7 MBytes   400 Mbits/sec  42470  
[  5]  50.00-51.00  sec  54.7 MBytes   459 Mbits/sec  48720  
[  5]  51.00-52.00  sec  52.6 MBytes   441 Mbits/sec  46810  
[  5]  52.00-53.00  sec  52.5 MBytes   440 Mbits/sec  46700  
[  5]  53.00-54.00  sec  53.4 MBytes   448 Mbits/sec  47570  
[  5]  54.00-55.00  sec  53.4 MBytes   448 Mbits/sec  47520  
[  5]  55.00-56.00  sec  51.6 MBytes   433 Mbits/sec  45940  
[  5]  56.00-57.00  sec  52.3 MBytes   438 Mbits/sec  46510  
[  5]  57.00-58.00  sec  51.0 MBytes   428 Mbits/sec  45400  
[  5]  58.00-59.00  sec  53.2 MBytes   446 Mbits/sec  47370  
[  5]  59.00-60.00  sec  52.0 MBytes   436 Mbits/sec  46280  
- - - - - - - - - - - - - - - - - - - - - - - - -
[ ID] Interval           Transfer     Bitrate         Jitter    Lost/Total Datagrams
[  5]   0.00-60.00  sec  3.05 GBytes   436 Mbits/sec  0.000 ms  0/2777770 (0%)  sender
[  5]   0.00-60.24  sec  1.87 GBytes   267 Mbits/sec  0.006 ms  1090389/2777770 (39%)  receiver

iperf Done.
