Connecting to host 10.136.80.134, port 5201
[  5] local 10.136.173.70 port 50300 connected to 10.136.80.134 port 5201
[ ID] Interval           Transfer     Bitrate         Retr  Cwnd
[  5]   0.00-1.00   sec  75.4 MBytes   633 Mbits/sec   33    213 KBytes       (omitted)
[  5]   0.00-1.00   sec  86.8 MBytes   728 Mbits/sec    9    286 KBytes       
[  5]   1.00-2.00   sec  82.9 MBytes   695 Mbits/sec   20    229 KBytes       
[  5]   2.00-3.00   sec  88.7 MBytes   744 Mbits/sec   13    239 KBytes       
[  5]   3.00-4.00   sec  86.4 MBytes   725 Mbits/sec    6    321 KBytes       
[  5]   4.00-5.00   sec  86.9 MBytes   729 Mbits/sec   14    246 KBytes       
[  5]   5.00-6.00   sec  85.8 MBytes   720 Mbits/sec   13    253 KBytes       
[  5]   6.00-7.00   sec  85.9 MBytes   720 Mbits/sec   52    261 KBytes       
[  5]   7.00-8.00   sec  87.7 MBytes   735 Mbits/sec   16    229 KBytes       
[  5]   8.00-9.00   sec  79.6 MBytes   668 Mbits/sec    9    240 KBytes       
[  5]   9.00-10.00  sec  87.1 MBytes   731 Mbits/sec    7    301 KBytes       
[  5]  10.00-11.00  sec  87.1 MBytes   731 Mbits/sec   13    289 KBytes       
[  5]  11.00-12.00  sec  79.7 MBytes   669 Mbits/sec   19    214 KBytes       
[  5]  12.00-13.00  sec  77.7 MBytes   652 Mbits/sec   20    154 KBytes       
[  5]  13.00-14.00  sec  83.7 MBytes   702 Mbits/sec   13    206 KBytes       
[  5]  14.00-15.00  sec  84.2 MBytes   706 Mbits/sec   11    265 KBytes       
[  5]  15.00-16.00  sec  87.4 MBytes   733 Mbits/sec    6    318 KBytes       
[  5]  16.00-17.00  sec  88.6 MBytes   743 Mbits/sec   26    154 KBytes       
[  5]  17.00-18.00  sec  87.1 MBytes   730 Mbits/sec   14    304 KBytes       
[  5]  18.00-19.00  sec  87.3 MBytes   732 Mbits/sec   32    266 KBytes       
[  5]  19.00-20.00  sec  85.3 MBytes   715 Mbits/sec   15    270 KBytes       
[  5]  20.00-21.00  sec  79.4 MBytes   666 Mbits/sec   33    170 KBytes       
[  5]  21.00-22.00  sec  84.1 MBytes   705 Mbits/sec   14    200 KBytes       
[  5]  22.00-23.00  sec  84.5 MBytes   709 Mbits/sec   20    166 KBytes       
[  5]  23.00-24.00  sec  81.0 MBytes   679 Mbits/sec   74    231 KBytes       
[  5]  24.00-25.00  sec  85.2 MBytes   715 Mbits/sec   41    321 KBytes       
[  5]  25.00-26.00  sec  86.4 MBytes   724 Mbits/sec   24    184 KBytes       
[  5]  26.00-27.00  sec  80.6 MBytes   676 Mbits/sec   32    165 KBytes       
[  5]  27.00-28.00  sec  87.7 MBytes   735 Mbits/sec    0    368 KBytes       
[  5]  28.00-29.00  sec  87.8 MBytes   737 Mbits/sec   20    337 KBytes       
[  5]  29.00-30.00  sec  86.4 MBytes   725 Mbits/sec   31    231 KBytes       
[  5]  30.00-31.00  sec  80.9 MBytes   679 Mbits/sec   19    257 KBytes       
[  5]  31.00-32.00  sec  84.4 MBytes   708 Mbits/sec   12    236 KBytes       
[  5]  32.00-33.00  sec  88.0 MBytes   739 Mbits/sec   19    258 KBytes       
[  5]  33.00-34.00  sec  86.5 MBytes   726 Mbits/sec   21    234 KBytes       
[  5]  34.00-35.00  sec  81.7 MBytes   685 Mbits/sec   15    236 KBytes       
[  5]  35.00-36.00  sec  83.8 MBytes   703 Mbits/sec   31    220 KBytes       
[  5]  36.00-37.00  sec  79.5 MBytes   667 Mbits/sec   26    168 KBytes       
[  5]  37.00-38.00  sec  87.9 MBytes   738 Mbits/sec    8    349 KBytes       
[  5]  38.00-39.00  sec  84.0 MBytes   705 Mbits/sec   35    223 KBytes       
[  5]  39.00-40.00  sec  86.0 MBytes   721 Mbits/sec   15    246 KBytes       
[  5]  40.00-41.00  sec  86.4 MBytes   725 Mbits/sec   18    262 KBytes       
[  5]  41.00-42.00  sec  77.6 MBytes   651 Mbits/sec   60    201 KBytes       
[  5]  42.00-43.00  sec  87.8 MBytes   737 Mbits/sec   12    228 KBytes       
[  5]  43.00-44.01  sec  84.2 MBytes   701 Mbits/sec   22    171 KBytes       
[  5]  44.01-45.00  sec  81.3 MBytes   687 Mbits/sec   12    283 KBytes       
[  5]  45.00-46.00  sec  82.5 MBytes   692 Mbits/sec   29    188 KBytes       
[  5]  46.00-47.00  sec  84.2 MBytes   706 Mbits/sec   17    262 KBytes       
[  5]  47.00-48.00  sec  83.6 MBytes   701 Mbits/sec   18    269 KBytes       
[  5]  48.00-49.00  sec  83.4 MBytes   700 Mbits/sec   13    269 KBytes       
[  5]  49.00-50.00  sec  83.4 MBytes   700 Mbits/sec   21    236 KBytes       
[  5]  50.00-51.00  sec  86.5 MBytes   725 Mbits/sec    7    324 KBytes       
[  5]  51.00-52.00  sec  75.8 MBytes   636 Mbits/sec   36    209 KBytes       
[  5]  52.00-53.00  sec  85.0 MBytes   713 Mbits/sec   25    136 KBytes       
[  5]  53.00-54.00  sec  82.2 MBytes   690 Mbits/sec   10    197 KBytes       
[  5]  54.00-55.00  sec  83.5 MBytes   698 Mbits/sec   13    231 KBytes       
[  5]  55.00-56.00  sec  82.1 MBytes   691 Mbits/sec    5    298 KBytes       
[  5]  56.00-57.00  sec  83.7 MBytes   702 Mbits/sec   74    296 KBytes       
[  5]  57.00-58.00  sec  85.5 MBytes   717 Mbits/sec   11    280 KBytes       
[  5]  58.00-59.00  sec  82.0 MBytes   688 Mbits/sec   19    224 KBytes       
[  5]  59.00-60.00  sec  82.3 MBytes   690 Mbits/sec    6    321 KBytes       
- - - - - - - - - - - - - - - - - - - - - - - - -
[ ID] Interval           Transfer     Bitrate         Retr
[  5]   0.00-60.00  sec  4.94 GBytes   707 Mbits/sec  1246             sender
[  5]   0.00-60.04  sec  4.94 GBytes   707 Mbits/sec                  receiver

iperf Done.
