Connecting to host 10.136.80.187, port 5201
[  5] local 10.136.173.124 port 53592 connected to 10.136.80.187 port 5201
[ ID] Interval           Transfer     Bitrate         Retr  Cwnd
[  5]   0.00-1.00   sec   672 KBytes  5.50 Mbits/sec   70   1.15 KBytes       (omitted)
[  5]   0.00-1.00   sec   587 KBytes  4.81 Mbits/sec   48   4.60 KBytes       
[  5]   1.00-2.00   sec   124 KBytes  1.02 Mbits/sec   16   1.15 KBytes       
[  5]   2.00-3.00   sec   424 KBytes  3.48 Mbits/sec   42   2.30 KBytes       
[  5]   3.00-4.00   sec   336 KBytes  2.75 Mbits/sec   32   2.30 KBytes       
[  5]   4.00-5.00   sec   294 KBytes  2.41 Mbits/sec   38   1.15 KBytes       
[  5]   5.00-6.00   sec   718 KBytes  5.89 Mbits/sec   60   2.30 KBytes       
[  5]   6.00-7.00   sec   285 KBytes  2.34 Mbits/sec   32   2.30 KBytes       
[  5]   7.00-8.00   sec   212 KBytes  1.73 Mbits/sec   21   1.15 KBytes       
[  5]   8.00-9.00   sec   377 KBytes  3.09 Mbits/sec   29   1.15 KBytes       
[  5]   9.00-10.00  sec   167 KBytes  1.37 Mbits/sec   20   2.30 KBytes       
[  5]  10.00-11.00  sec   166 KBytes  1.36 Mbits/sec   23   1.15 KBytes       
[  5]  11.00-12.00  sec   163 KBytes  1.34 Mbits/sec   21   1.15 KBytes       
[  5]  12.00-13.00  sec   124 KBytes  1.02 Mbits/sec   18   1.15 KBytes       
[  5]  13.00-14.00  sec   204 KBytes  1.67 Mbits/sec   29   2.30 KBytes       
[  5]  14.00-15.00  sec   124 KBytes  1.02 Mbits/sec   13   1.15 KBytes       
[  5]  15.00-16.00  sec   219 KBytes  1.79 Mbits/sec   22   2.30 KBytes       
[  5]  16.00-17.00  sec   165 KBytes  1.35 Mbits/sec   19   1.15 KBytes       
[  5]  17.00-18.00  sec   204 KBytes  1.67 Mbits/sec   20   2.30 KBytes       
[  5]  18.00-19.00  sec   659 KBytes  5.40 Mbits/sec   58   1.15 KBytes       
[  5]  19.00-20.00  sec   331 KBytes  2.71 Mbits/sec   35   2.30 KBytes       
[  5]  20.00-21.00  sec   167 KBytes  1.37 Mbits/sec   24   1.15 KBytes       
[  5]  21.00-22.00  sec   728 KBytes  5.96 Mbits/sec   66   2.30 KBytes       
[  5]  22.00-23.00  sec   291 KBytes  2.38 Mbits/sec   33   2.30 KBytes       
[  5]  23.00-24.00  sec   124 KBytes  1.02 Mbits/sec   21   1.15 KBytes       
[  5]  24.00-25.00  sec   124 KBytes  1.02 Mbits/sec   14   2.30 KBytes       
[  5]  25.00-26.00  sec   374 KBytes  3.06 Mbits/sec   39   1.15 KBytes       
[  5]  26.00-27.00  sec   163 KBytes  1.34 Mbits/sec   16   1.15 KBytes       
[  5]  27.00-28.00  sec   244 KBytes  2.00 Mbits/sec   34   1.15 KBytes       
[  5]  28.00-29.00  sec   433 KBytes  3.54 Mbits/sec   47   1.15 KBytes       
[  5]  29.00-30.00  sec  0.00 Bytes  0.00 Mbits/sec    5   1.15 KBytes       
[  5]  30.00-31.00  sec   620 KBytes  5.09 Mbits/sec   43   2.30 KBytes       
[  5]  31.00-32.00  sec   163 KBytes  1.34 Mbits/sec   15   1.15 KBytes       
[  5]  32.00-33.00  sec   426 KBytes  3.49 Mbits/sec   44   2.30 KBytes       
[  5]  33.00-34.00  sec   515 KBytes  4.22 Mbits/sec   40   1.15 KBytes       
[  5]  34.00-35.00  sec   721 KBytes  5.91 Mbits/sec   46   2.30 KBytes       
[  5]  35.00-36.00  sec   453 KBytes  3.71 Mbits/sec   50   4.60 KBytes       
[  5]  36.00-37.00  sec  93.2 KBytes  0.76 Mbits/sec   13   1.15 KBytes       
[  5]  37.00-38.00  sec   586 KBytes  4.80 Mbits/sec   48   5.75 KBytes       
[  5]  38.00-39.00  sec   535 KBytes  4.38 Mbits/sec   65   1.15 KBytes       
[  5]  39.00-40.00  sec   430 KBytes  3.53 Mbits/sec   44   1.15 KBytes       
[  5]  40.00-41.00  sec   537 KBytes  4.40 Mbits/sec   43   5.75 KBytes       
[  5]  41.00-42.00  sec   316 KBytes  2.59 Mbits/sec   43   1.15 KBytes       
[  5]  42.00-43.00  sec   381 KBytes  3.12 Mbits/sec   38   1.15 KBytes       
[  5]  43.00-44.00  sec   294 KBytes  2.41 Mbits/sec   26   2.30 KBytes       
[  5]  44.00-45.00  sec   204 KBytes  1.67 Mbits/sec   23   1.15 KBytes       
[  5]  45.00-46.00  sec   205 KBytes  1.68 Mbits/sec   24   2.30 KBytes       
[  5]  46.00-47.00  sec   741 KBytes  6.07 Mbits/sec   70   2.30 KBytes       
[  5]  47.00-48.00  sec   775 KBytes  6.35 Mbits/sec   74   1.15 KBytes       
[  5]  48.00-49.00  sec   469 KBytes  3.84 Mbits/sec   48   1.15 KBytes       
[  5]  49.00-50.00  sec   148 KBytes  1.22 Mbits/sec   16   1.15 KBytes       
[  5]  50.00-51.00  sec   277 KBytes  2.27 Mbits/sec   29   1.15 KBytes       
[  5]  51.00-52.00  sec   235 KBytes  1.92 Mbits/sec   28   1.15 KBytes       
[  5]  52.00-53.00  sec   412 KBytes  3.37 Mbits/sec   37   2.30 KBytes       
[  5]  53.00-54.00  sec   161 KBytes  1.32 Mbits/sec   26   2.30 KBytes       
[  5]  54.00-55.00  sec   321 KBytes  2.63 Mbits/sec   27   1.15 KBytes       
[  5]  55.00-56.00  sec   125 KBytes  1.03 Mbits/sec   17   1.15 KBytes       
[  5]  56.00-57.00  sec   427 KBytes  3.50 Mbits/sec   35   1.15 KBytes       
[  5]  57.00-58.00  sec   251 KBytes  2.05 Mbits/sec   27   2.30 KBytes       
[  5]  58.00-59.00  sec   357 KBytes  2.92 Mbits/sec   34   2.30 KBytes       
[  5]  59.00-60.00  sec   309 KBytes  2.54 Mbits/sec   34   1.15 KBytes       
- - - - - - - - - - - - - - - - - - - - - - - - -
[ ID] Interval           Transfer     Bitrate         Retr
[  5]   0.00-60.00  sec  19.6 MBytes  2.73 Mbits/sec  2002             sender
[  5]   0.00-60.04  sec  19.5 MBytes  2.73 Mbits/sec                  receiver

iperf Done.
