Connecting to host knb-server-4168760, port 5201
[  5] local 10.136.173.78 port 45558 connected to 10.43.120.12 port 5201
[ ID] Interval           Transfer     Bitrate         Retr  Cwnd
[  5]   0.00-1.00   sec  28.7 MBytes   241 Mbits/sec    0   1.32 MBytes       (omitted)
[  5]   0.00-1.00   sec  25.0 MBytes   210 Mbits/sec    0   2.58 MBytes       
[  5]   1.00-2.00   sec  26.2 MBytes   220 Mbits/sec   49   2.84 MBytes       
[  5]   2.00-3.00   sec  31.2 MBytes   262 Mbits/sec  242   1.02 MBytes       
[  5]   3.00-4.00   sec  32.5 MBytes   273 Mbits/sec    0   1.08 MBytes       
[  5]   4.00-5.00   sec  30.0 MBytes   252 Mbits/sec    0   1.12 MBytes       
[  5]   5.00-6.00   sec  32.5 MBytes   273 Mbits/sec    0   1.15 MBytes       
[  5]   6.00-7.00   sec  33.8 MBytes   283 Mbits/sec    0   1.17 MBytes       
[  5]   7.00-8.00   sec  32.5 MBytes   273 Mbits/sec    0   1.18 MBytes       
[  5]   8.00-9.00   sec  30.0 MBytes   252 Mbits/sec    0   1.19 MBytes       
[  5]   9.00-10.00  sec  30.0 MBytes   252 Mbits/sec    0   1.19 MBytes       
[  5]  10.00-11.00  sec  33.8 MBytes   283 Mbits/sec    0   1.19 MBytes       
[  5]  11.00-12.00  sec  28.8 MBytes   241 Mbits/sec    0   1.19 MBytes       
[  5]  12.00-13.00  sec  30.0 MBytes   252 Mbits/sec    0   1.20 MBytes       
[  5]  13.00-14.00  sec  33.8 MBytes   283 Mbits/sec    0   1.21 MBytes       
[  5]  14.00-15.00  sec  31.2 MBytes   262 Mbits/sec    0   1.24 MBytes       
[  5]  15.00-16.00  sec  32.5 MBytes   273 Mbits/sec   18    656 KBytes       
[  5]  16.00-17.00  sec  32.5 MBytes   273 Mbits/sec    0    701 KBytes       
[  5]  17.00-18.00  sec  25.0 MBytes   210 Mbits/sec    0    733 KBytes       
[  5]  18.00-19.00  sec  26.2 MBytes   220 Mbits/sec    0    752 KBytes       
[  5]  19.00-20.00  sec  30.0 MBytes   252 Mbits/sec    0    763 KBytes       
[  5]  20.00-21.00  sec  32.5 MBytes   273 Mbits/sec    0    770 KBytes       
[  5]  21.00-22.00  sec  36.2 MBytes   304 Mbits/sec    0    798 KBytes       
[  5]  22.00-23.00  sec  35.0 MBytes   294 Mbits/sec    0    825 KBytes       
[  5]  23.00-24.00  sec  36.2 MBytes   304 Mbits/sec    0    851 KBytes       
[  5]  24.00-25.00  sec  31.2 MBytes   262 Mbits/sec    0    874 KBytes       
[  5]  25.00-26.00  sec  33.8 MBytes   283 Mbits/sec   96    479 KBytes       
[  5]  26.00-27.00  sec  33.8 MBytes   283 Mbits/sec   26    298 KBytes       
[  5]  27.00-28.00  sec  31.2 MBytes   262 Mbits/sec    0    358 KBytes       
[  5]  28.00-29.00  sec  26.2 MBytes   220 Mbits/sec    0    401 KBytes       
[  5]  29.00-30.00  sec  28.8 MBytes   241 Mbits/sec    0    444 KBytes       
[  5]  30.00-31.00  sec  28.8 MBytes   241 Mbits/sec    0    482 KBytes       
[  5]  31.00-32.00  sec  27.5 MBytes   231 Mbits/sec    0    517 KBytes       
[  5]  32.00-33.00  sec  27.5 MBytes   231 Mbits/sec    0    551 KBytes       
[  5]  33.00-34.00  sec  32.5 MBytes   273 Mbits/sec    0    586 KBytes       
[  5]  34.00-35.00  sec  32.5 MBytes   273 Mbits/sec   15    459 KBytes       
[  5]  35.00-36.00  sec  30.0 MBytes   252 Mbits/sec    0    513 KBytes       
[  5]  36.00-37.00  sec  31.2 MBytes   262 Mbits/sec    0    551 KBytes       
[  5]  37.00-38.00  sec  33.8 MBytes   283 Mbits/sec    0    576 KBytes       
[  5]  38.00-39.00  sec  35.0 MBytes   294 Mbits/sec    0    594 KBytes       
[  5]  39.00-40.00  sec  28.8 MBytes   241 Mbits/sec    0    624 KBytes       
[  5]  40.00-41.00  sec  31.2 MBytes   262 Mbits/sec    0    655 KBytes       
[  5]  41.00-42.00  sec  37.5 MBytes   315 Mbits/sec    0    689 KBytes       
[  5]  42.00-43.00  sec  28.8 MBytes   241 Mbits/sec    0    714 KBytes       
[  5]  43.00-44.00  sec  23.8 MBytes   199 Mbits/sec    0    736 KBytes       
[  5]  44.00-45.00  sec  26.2 MBytes   220 Mbits/sec    0    757 KBytes       
[  5]  45.00-46.00  sec  33.8 MBytes   283 Mbits/sec    0    785 KBytes       
[  5]  46.00-47.00  sec  26.2 MBytes   220 Mbits/sec    0    806 KBytes       
[  5]  47.00-48.00  sec  32.5 MBytes   273 Mbits/sec    8    587 KBytes       
[  5]  48.00-49.00  sec  31.2 MBytes   262 Mbits/sec    0    666 KBytes       
[  5]  49.00-50.00  sec  30.0 MBytes   252 Mbits/sec    0    725 KBytes       
[  5]  50.00-51.00  sec  31.2 MBytes   262 Mbits/sec    0    768 KBytes       
[  5]  51.00-52.00  sec  35.0 MBytes   294 Mbits/sec    0    798 KBytes       
[  5]  52.00-53.00  sec  35.0 MBytes   294 Mbits/sec    0    816 KBytes       
[  5]  53.00-54.00  sec  30.0 MBytes   252 Mbits/sec    0    825 KBytes       
[  5]  54.00-55.00  sec  28.8 MBytes   241 Mbits/sec    0    828 KBytes       
[  5]  55.00-56.00  sec  28.8 MBytes   241 Mbits/sec    0    828 KBytes       
[  5]  56.00-57.00  sec  28.8 MBytes   241 Mbits/sec    0    828 KBytes       
[  5]  57.00-58.00  sec  32.5 MBytes   273 Mbits/sec    0    834 KBytes       
[  5]  58.00-59.00  sec  33.8 MBytes   283 Mbits/sec    0    859 KBytes       
[  5]  59.00-60.00  sec  35.0 MBytes   294 Mbits/sec    0    885 KBytes       
- - - - - - - - - - - - - - - - - - - - - - - - -
[ ID] Interval           Transfer     Bitrate         Retr
[  5]   0.00-60.00  sec  1.82 GBytes   260 Mbits/sec  454             sender
[  5]   0.00-60.06  sec  1.82 GBytes   260 Mbits/sec                  receiver

iperf Done.
