Connecting to host knb-server-535923, port 5201
[  5] local 10.136.173.93 port 47935 connected to 10.43.202.180 port 5201
[ ID] Interval           Transfer     Bitrate         Total Datagrams
[  5]   0.00-1.00   sec  74.5 MBytes   625 Mbits/sec  66350  (omitted)
[  5]   0.00-1.00   sec  75.8 MBytes   636 Mbits/sec  67440  
[  5]   1.00-2.00   sec  76.3 MBytes   640 Mbits/sec  67880  
[  5]   2.00-3.00   sec  76.6 MBytes   642 Mbits/sec  68140  
[  5]   3.00-4.00   sec  76.5 MBytes   642 Mbits/sec  68080  
[  5]   4.00-5.00   sec  76.1 MBytes   638 Mbits/sec  67740  
[  5]   5.00-6.00   sec  75.9 MBytes   637 Mbits/sec  67590  
[  5]   6.00-7.00   sec  76.5 MBytes   641 Mbits/sec  68060  
[  5]   7.00-8.00   sec  74.7 MBytes   626 Mbits/sec  66460  
[  5]   8.00-9.00   sec  74.0 MBytes   620 Mbits/sec  65830  
[  5]   9.00-10.00  sec  73.9 MBytes   620 Mbits/sec  65780  
[  5]  10.00-11.00  sec  76.3 MBytes   640 Mbits/sec  67920  
[  5]  11.00-12.00  sec  76.2 MBytes   639 Mbits/sec  67800  
[  5]  12.00-13.00  sec  76.1 MBytes   638 Mbits/sec  67750  
[  5]  13.00-14.00  sec  76.7 MBytes   643 Mbits/sec  68280  
[  5]  14.00-15.00  sec  76.1 MBytes   639 Mbits/sec  67750  
[  5]  15.00-16.00  sec  77.1 MBytes   647 Mbits/sec  68630  
[  5]  16.00-17.00  sec  75.5 MBytes   633 Mbits/sec  67170  
[  5]  17.00-18.00  sec  76.6 MBytes   642 Mbits/sec  68150  
[  5]  18.00-19.00  sec  76.4 MBytes   641 Mbits/sec  67970  
[  5]  19.00-20.00  sec  76.8 MBytes   644 Mbits/sec  68360  
[  5]  20.00-21.00  sec  76.7 MBytes   644 Mbits/sec  68290  
[  5]  21.00-22.00  sec  78.5 MBytes   659 Mbits/sec  69900  
[  5]  22.00-23.00  sec  78.1 MBytes   655 Mbits/sec  69480  
[  5]  23.00-24.00  sec  76.0 MBytes   638 Mbits/sec  67670  
[  5]  24.00-25.00  sec  76.4 MBytes   641 Mbits/sec  68040  
[  5]  25.00-26.00  sec  76.5 MBytes   642 Mbits/sec  68130  
[  5]  26.00-27.00  sec  76.4 MBytes   641 Mbits/sec  67970  
[  5]  27.00-28.00  sec  74.8 MBytes   627 Mbits/sec  66560  
[  5]  28.00-29.00  sec  76.3 MBytes   640 Mbits/sec  67960  
[  5]  29.00-30.00  sec  76.1 MBytes   639 Mbits/sec  67750  
[  5]  30.00-31.00  sec  63.3 MBytes   531 Mbits/sec  56330  
[  5]  31.00-32.00  sec  77.7 MBytes   652 Mbits/sec  69170  
[  5]  32.00-33.00  sec  75.1 MBytes   630 Mbits/sec  66850  
[  5]  33.00-34.00  sec  75.9 MBytes   636 Mbits/sec  67530  
[  5]  34.00-35.00  sec  74.7 MBytes   626 Mbits/sec  66480  
[  5]  35.00-36.00  sec  75.9 MBytes   637 Mbits/sec  67540  
[  5]  36.00-37.00  sec  75.6 MBytes   634 Mbits/sec  67290  
[  5]  37.00-38.00  sec  76.3 MBytes   640 Mbits/sec  67890  
[  5]  38.00-39.00  sec  76.2 MBytes   639 Mbits/sec  67800  
[  5]  39.00-40.00  sec  75.8 MBytes   636 Mbits/sec  67490  
[  5]  40.00-41.00  sec  76.6 MBytes   642 Mbits/sec  68140  
[  5]  41.00-42.00  sec  77.0 MBytes   646 Mbits/sec  68530  
[  5]  42.00-43.00  sec  77.1 MBytes   646 Mbits/sec  68600  
[  5]  43.00-44.00  sec  77.2 MBytes   647 Mbits/sec  68690  
[  5]  44.00-45.00  sec  77.9 MBytes   653 Mbits/sec  69330  
[  5]  45.00-46.00  sec  77.2 MBytes   648 Mbits/sec  68760  
[  5]  46.00-47.00  sec  77.8 MBytes   653 Mbits/sec  69290  
[  5]  47.00-48.00  sec  76.8 MBytes   644 Mbits/sec  68360  
[  5]  48.00-49.00  sec  70.7 MBytes   593 Mbits/sec  62970  
[  5]  49.00-50.00  sec  62.1 MBytes   521 Mbits/sec  55300  
[  5]  50.00-51.00  sec  63.1 MBytes   529 Mbits/sec  56150  
[  5]  51.00-52.00  sec  62.8 MBytes   527 Mbits/sec  55910  
[  5]  52.00-53.00  sec  59.8 MBytes   502 Mbits/sec  53230  
[  5]  53.00-54.00  sec  59.7 MBytes   501 Mbits/sec  53120  
[  5]  54.00-55.00  sec  59.9 MBytes   502 Mbits/sec  53300  
[  5]  55.00-56.00  sec  64.2 MBytes   538 Mbits/sec  57110  
[  5]  56.00-57.00  sec  60.1 MBytes   504 Mbits/sec  53470  
[  5]  57.00-58.00  sec  61.1 MBytes   513 Mbits/sec  54400  
[  5]  58.00-59.00  sec  61.7 MBytes   518 Mbits/sec  54920  
[  5]  59.00-60.00  sec  61.2 MBytes   513 Mbits/sec  54450  
- - - - - - - - - - - - - - - - - - - - - - - - -
[ ID] Interval           Transfer     Bitrate         Jitter    Lost/Total Datagrams
[  5]   0.00-60.00  sec  4.29 GBytes   615 Mbits/sec  0.000 ms  0/3912930 (0%)  sender
[  5]   0.00-60.04  sec  4.25 GBytes   608 Mbits/sec  0.013 ms  43163/3912930 (1.1%)  receiver

iperf Done.
