Connecting to host 10.136.80.188, port 5201
[  5] local 10.136.173.116 port 37883 connected to 10.136.80.188 port 5201
[ ID] Interval           Transfer     Bitrate         Total Datagrams
[  5]   0.00-1.00   sec  88.9 MBytes   745 Mbits/sec  66650  (omitted)
[  5]   0.00-1.00   sec  93.7 MBytes   786 Mbits/sec  70270  
[  5]   1.00-2.00   sec  93.7 MBytes   786 Mbits/sec  70300  
[  5]   2.00-3.00   sec  93.9 MBytes   787 Mbits/sec  70400  
[  5]   3.00-4.00   sec  93.1 MBytes   781 Mbits/sec  69820  
[  5]   4.00-5.00   sec  93.3 MBytes   782 Mbits/sec  69950  
[  5]   5.00-6.00   sec  85.2 MBytes   715 Mbits/sec  63930  
[  5]   6.00-7.00   sec  88.6 MBytes   743 Mbits/sec  66480  
[  5]   7.00-8.00   sec  93.7 MBytes   786 Mbits/sec  70260  
[  5]   8.00-9.00   sec  93.2 MBytes   782 Mbits/sec  69890  
[  5]   9.00-10.00  sec  93.4 MBytes   783 Mbits/sec  70040  
[  5]  10.00-11.00  sec  93.8 MBytes   786 Mbits/sec  70320  
[  5]  11.00-12.00  sec  93.4 MBytes   784 Mbits/sec  70070  
[  5]  12.00-13.00  sec  93.5 MBytes   784 Mbits/sec  70130  
[  5]  13.00-14.00  sec  93.3 MBytes   783 Mbits/sec  70010  
[  5]  14.00-15.00  sec  93.5 MBytes   785 Mbits/sec  70150  
[  5]  15.00-16.00  sec  92.4 MBytes   775 Mbits/sec  69300  
[  5]  16.00-17.00  sec  91.5 MBytes   768 Mbits/sec  68640  
[  5]  17.00-18.00  sec  83.8 MBytes   703 Mbits/sec  62850  
[  5]  18.00-19.00  sec  92.4 MBytes   775 Mbits/sec  69330  
[  5]  19.00-20.00  sec  92.9 MBytes   779 Mbits/sec  69680  
[  5]  20.00-21.00  sec  93.4 MBytes   783 Mbits/sec  70020  
[  5]  21.00-22.00  sec  93.1 MBytes   781 Mbits/sec  69800  
[  5]  22.00-23.00  sec  93.4 MBytes   784 Mbits/sec  70080  
[  5]  23.00-24.00  sec  93.5 MBytes   784 Mbits/sec  70100  
[  5]  24.00-25.00  sec  94.0 MBytes   788 Mbits/sec  70500  
[  5]  25.00-26.00  sec  93.2 MBytes   782 Mbits/sec  69910  
[  5]  26.00-27.00  sec  93.9 MBytes   787 Mbits/sec  70410  
[  5]  27.00-28.00  sec  93.7 MBytes   786 Mbits/sec  70300  
[  5]  28.00-29.00  sec  92.2 MBytes   773 Mbits/sec  69130  
[  5]  29.00-30.00  sec  93.6 MBytes   785 Mbits/sec  70220  
[  5]  30.00-31.00  sec  93.9 MBytes   788 Mbits/sec  70440  
[  5]  31.00-32.00  sec  93.8 MBytes   787 Mbits/sec  70370  
[  5]  32.00-33.00  sec  93.6 MBytes   785 Mbits/sec  70180  
[  5]  33.00-34.00  sec  93.9 MBytes   788 Mbits/sec  70440  
[  5]  34.00-35.00  sec  93.7 MBytes   786 Mbits/sec  70300  
[  5]  35.00-36.00  sec  94.4 MBytes   792 Mbits/sec  70820  
[  5]  36.00-37.00  sec  95.4 MBytes   800 Mbits/sec  71540  
[  5]  37.00-38.00  sec  93.7 MBytes   786 Mbits/sec  70250  
[  5]  38.00-39.00  sec  93.6 MBytes   785 Mbits/sec  70170  
[  5]  39.00-40.00  sec  93.2 MBytes   782 Mbits/sec  69920  
[  5]  40.00-41.00  sec  95.9 MBytes   804 Mbits/sec  71900  
[  5]  41.00-42.00  sec  95.9 MBytes   805 Mbits/sec  71930  
[  5]  42.00-43.00  sec  93.2 MBytes   782 Mbits/sec  69890  
[  5]  43.00-44.00  sec  93.1 MBytes   781 Mbits/sec  69820  
[  5]  44.00-45.00  sec  93.2 MBytes   782 Mbits/sec  69930  
[  5]  45.00-46.00  sec  97.4 MBytes   817 Mbits/sec  73040  
[  5]  46.00-47.00  sec  93.2 MBytes   782 Mbits/sec  69920  
[  5]  47.00-48.00  sec  93.4 MBytes   784 Mbits/sec  70060  
[  5]  48.00-49.00  sec  93.3 MBytes   782 Mbits/sec  69950  
[  5]  49.00-50.00  sec  92.3 MBytes   774 Mbits/sec  69210  
[  5]  50.00-51.00  sec  97.0 MBytes   814 Mbits/sec  72770  
[  5]  51.00-52.00  sec  93.1 MBytes   781 Mbits/sec  69800  
[  5]  52.00-53.00  sec  93.2 MBytes   782 Mbits/sec  69930  
[  5]  53.00-54.00  sec  94.0 MBytes   788 Mbits/sec  70480  
[  5]  54.00-55.00  sec  94.8 MBytes   795 Mbits/sec  71080  
[  5]  55.00-56.00  sec  94.8 MBytes   795 Mbits/sec  71070  
[  5]  56.00-57.00  sec  94.1 MBytes   789 Mbits/sec  70550  
[  5]  57.00-58.00  sec  93.8 MBytes   787 Mbits/sec  70370  
[  5]  58.00-59.00  sec  93.5 MBytes   784 Mbits/sec  70110  
[  5]  59.00-60.00  sec  93.6 MBytes   785 Mbits/sec  70170  
- - - - - - - - - - - - - - - - - - - - - - - - -
[ ID] Interval           Transfer     Bitrate         Jitter    Lost/Total Datagrams
[  5]   0.00-60.00  sec  5.47 GBytes   783 Mbits/sec  0.000 ms  0/4198700 (0%)  sender
[  5]   0.00-60.04  sec  5.47 GBytes   782 Mbits/sec  0.014 ms  1588/4198700 (0.038%)  receiver

iperf Done.
