Connecting to host 10.136.80.148, port 5201
[  5] local 10.136.173.84 port 41228 connected to 10.136.80.148 port 5201
[ ID] Interval           Transfer     Bitrate         Retr  Cwnd
[  5]   0.00-1.00   sec  74.0 MBytes   621 Mbits/sec   29    204 KBytes       (omitted)
[  5]   0.00-1.00   sec  87.4 MBytes   733 Mbits/sec    3    316 KBytes       
[  5]   1.00-2.00   sec  87.3 MBytes   733 Mbits/sec   20    230 KBytes       
[  5]   2.00-3.00   sec  80.0 MBytes   671 Mbits/sec   15    281 KBytes       
[  5]   3.00-4.00   sec  84.6 MBytes   709 Mbits/sec   23    222 KBytes       
[  5]   4.00-5.00   sec  81.5 MBytes   684 Mbits/sec   60    191 KBytes       
[  5]   5.00-6.00   sec  86.0 MBytes   722 Mbits/sec    7    339 KBytes       
[  5]   6.00-7.00   sec  89.0 MBytes   746 Mbits/sec   14    309 KBytes       
[  5]   7.00-8.00   sec  84.2 MBytes   706 Mbits/sec   24    270 KBytes       
[  5]   8.00-9.00   sec  81.3 MBytes   682 Mbits/sec   10    262 KBytes       
[  5]   9.00-10.00  sec  89.3 MBytes   746 Mbits/sec   13    265 KBytes       
[  5]  10.00-11.00  sec  86.4 MBytes   728 Mbits/sec   22    234 KBytes       
[  5]  11.00-12.00  sec  87.0 MBytes   730 Mbits/sec   14    300 KBytes       
[  5]  12.00-13.00  sec  85.9 MBytes   721 Mbits/sec   25    211 KBytes       
[  5]  13.00-14.00  sec  83.0 MBytes   696 Mbits/sec   14    236 KBytes       
[  5]  14.00-15.00  sec  85.8 MBytes   719 Mbits/sec    8    328 KBytes       
[  5]  15.00-16.00  sec  89.3 MBytes   749 Mbits/sec   21    212 KBytes       
[  5]  16.00-17.00  sec  88.4 MBytes   742 Mbits/sec   16    262 KBytes       
[  5]  17.00-18.00  sec  83.3 MBytes   699 Mbits/sec   16    260 KBytes       
[  5]  18.00-19.00  sec  87.6 MBytes   735 Mbits/sec    7    360 KBytes       
[  5]  19.00-20.00  sec  86.1 MBytes   722 Mbits/sec   25    220 KBytes       
[  5]  20.00-21.00  sec  86.4 MBytes   725 Mbits/sec   71    269 KBytes       
[  5]  21.00-22.00  sec  67.5 MBytes   567 Mbits/sec  103    251 KBytes       
[  5]  22.00-23.00  sec  82.2 MBytes   690 Mbits/sec   24    232 KBytes       
[  5]  23.00-24.00  sec  79.1 MBytes   664 Mbits/sec   23    198 KBytes       
[  5]  24.00-25.00  sec  85.8 MBytes   719 Mbits/sec    1    380 KBytes       
[  5]  25.00-26.00  sec  83.6 MBytes   701 Mbits/sec   26    251 KBytes       
[  5]  26.00-27.00  sec  82.7 MBytes   694 Mbits/sec   24    338 KBytes       
[  5]  27.00-28.00  sec  86.7 MBytes   727 Mbits/sec   36    373 KBytes       
[  5]  28.00-29.00  sec  85.2 MBytes   715 Mbits/sec   22    326 KBytes       
[  5]  29.00-30.00  sec  87.7 MBytes   736 Mbits/sec   11    307 KBytes       
[  5]  30.00-31.00  sec  88.0 MBytes   738 Mbits/sec    7    315 KBytes       
[  5]  31.00-32.00  sec  87.6 MBytes   735 Mbits/sec   41    292 KBytes       
[  5]  32.00-33.00  sec  80.8 MBytes   678 Mbits/sec   12    266 KBytes       
[  5]  33.00-34.00  sec  84.5 MBytes   709 Mbits/sec   15    289 KBytes       
[  5]  34.00-35.00  sec  85.1 MBytes   714 Mbits/sec   11    271 KBytes       
[  5]  35.00-36.00  sec  85.6 MBytes   718 Mbits/sec   11    304 KBytes       
[  5]  36.00-37.00  sec  88.5 MBytes   743 Mbits/sec   12    281 KBytes       
[  5]  37.00-38.00  sec  78.1 MBytes   655 Mbits/sec   77    122 KBytes       
[  5]  38.00-39.00  sec  83.5 MBytes   700 Mbits/sec    6    268 KBytes       
[  5]  39.00-40.00  sec  88.2 MBytes   740 Mbits/sec   40    337 KBytes       
[  5]  40.00-41.00  sec  87.6 MBytes   734 Mbits/sec    6    369 KBytes       
[  5]  41.00-42.00  sec  84.9 MBytes   712 Mbits/sec   19    224 KBytes       
[  5]  42.00-43.00  sec  82.9 MBytes   696 Mbits/sec   14    313 KBytes       
[  5]  43.00-44.00  sec  85.1 MBytes   714 Mbits/sec   23    257 KBytes       
[  5]  44.00-45.00  sec  81.4 MBytes   683 Mbits/sec   12    299 KBytes       
[  5]  45.00-46.00  sec  85.6 MBytes   718 Mbits/sec    7    372 KBytes       
[  5]  46.00-47.00  sec  84.7 MBytes   711 Mbits/sec   21    294 KBytes       
[  5]  47.00-48.00  sec  86.9 MBytes   729 Mbits/sec   21    251 KBytes       
[  5]  48.00-49.00  sec  78.2 MBytes   656 Mbits/sec    8    276 KBytes       
[  5]  49.00-50.00  sec  88.7 MBytes   744 Mbits/sec    7    305 KBytes       
[  5]  50.00-51.00  sec  85.4 MBytes   716 Mbits/sec   21    207 KBytes       
[  5]  51.00-52.00  sec  87.5 MBytes   734 Mbits/sec    8    291 KBytes       
[  5]  52.00-53.00  sec  82.5 MBytes   692 Mbits/sec   42    315 KBytes       
[  5]  53.00-54.00  sec  84.7 MBytes   711 Mbits/sec   18    308 KBytes       
[  5]  54.00-55.00  sec  84.8 MBytes   712 Mbits/sec   46    293 KBytes       
[  5]  55.00-56.00  sec  85.7 MBytes   719 Mbits/sec   17    307 KBytes       
[  5]  56.00-57.00  sec  87.6 MBytes   734 Mbits/sec   12    291 KBytes       
[  5]  57.00-58.00  sec  86.9 MBytes   729 Mbits/sec   34    254 KBytes       
[  5]  58.00-59.00  sec  85.0 MBytes   713 Mbits/sec   15    267 KBytes       
[  5]  59.00-60.00  sec  87.4 MBytes   733 Mbits/sec   13    262 KBytes       
- - - - - - - - - - - - - - - - - - - - - - - - -
[ ID] Interval           Transfer     Bitrate         Retr
[  5]   0.00-60.00  sec  4.97 GBytes   712 Mbits/sec  1294             sender
[  5]   0.00-60.04  sec  4.98 GBytes   712 Mbits/sec                  receiver

iperf Done.
