Connecting to host knb-server-36912, port 5201
[  5] local 10.136.173.109 port 51330 connected to 10.43.229.10 port 5201
[ ID] Interval           Transfer     Bitrate         Total Datagrams
[  5]   0.00-1.00   sec  79.8 MBytes   670 Mbits/sec  71070  (omitted)
[  5]   0.00-1.00   sec  79.2 MBytes   664 Mbits/sec  70490  
[  5]   1.00-2.00   sec  79.1 MBytes   664 Mbits/sec  70420  
[  5]   2.00-3.00   sec  79.6 MBytes   668 Mbits/sec  70880  
[  5]   3.00-4.00   sec  79.9 MBytes   670 Mbits/sec  71140  
[  5]   4.00-5.00   sec  79.9 MBytes   670 Mbits/sec  71150  
[  5]   5.00-6.00   sec  78.8 MBytes   661 Mbits/sec  70120  
[  5]   6.00-7.00   sec  80.0 MBytes   671 Mbits/sec  71180  
[  5]   7.00-8.00   sec  79.4 MBytes   666 Mbits/sec  70700  
[  5]   8.00-9.00   sec  79.6 MBytes   667 Mbits/sec  70830  
[  5]   9.00-10.00  sec  79.2 MBytes   664 Mbits/sec  70490  
[  5]  10.00-11.00  sec  79.1 MBytes   664 Mbits/sec  70450  
[  5]  11.00-12.00  sec  79.4 MBytes   666 Mbits/sec  70670  
[  5]  12.00-13.00  sec  78.7 MBytes   660 Mbits/sec  70060  
[  5]  13.00-14.00  sec  78.9 MBytes   662 Mbits/sec  70240  
[  5]  14.00-15.00  sec  79.4 MBytes   666 Mbits/sec  70650  
[  5]  15.00-16.00  sec  78.9 MBytes   662 Mbits/sec  70220  
[  5]  16.00-17.00  sec  80.1 MBytes   672 Mbits/sec  71280  
[  5]  17.00-18.00  sec  79.6 MBytes   668 Mbits/sec  70840  
[  5]  18.00-19.00  sec  79.1 MBytes   664 Mbits/sec  70450  
[  5]  19.00-20.00  sec  79.4 MBytes   666 Mbits/sec  70710  
[  5]  20.00-21.00  sec  78.8 MBytes   661 Mbits/sec  70170  
[  5]  21.00-22.00  sec  78.7 MBytes   660 Mbits/sec  70030  
[  5]  22.00-23.00  sec  80.4 MBytes   675 Mbits/sec  71600  
[  5]  23.00-24.00  sec  80.4 MBytes   675 Mbits/sec  71600  
[  5]  24.00-25.00  sec  80.2 MBytes   673 Mbits/sec  71370  
[  5]  25.00-26.00  sec  79.0 MBytes   663 Mbits/sec  70330  
[  5]  26.00-27.00  sec  79.4 MBytes   666 Mbits/sec  70700  
[  5]  27.00-28.00  sec  80.1 MBytes   672 Mbits/sec  71260  
[  5]  28.00-29.00  sec  79.6 MBytes   668 Mbits/sec  70870  
[  5]  29.00-30.00  sec  78.5 MBytes   658 Mbits/sec  69860  
[  5]  30.00-31.00  sec  79.1 MBytes   664 Mbits/sec  70450  
[  5]  31.00-32.00  sec  78.3 MBytes   657 Mbits/sec  69710  
[  5]  32.00-33.00  sec  78.9 MBytes   662 Mbits/sec  70250  
[  5]  33.00-34.00  sec  79.2 MBytes   665 Mbits/sec  70530  
[  5]  34.00-35.00  sec  79.7 MBytes   668 Mbits/sec  70910  
[  5]  35.00-36.00  sec  78.3 MBytes   657 Mbits/sec  69680  
[  5]  36.00-37.00  sec  79.3 MBytes   665 Mbits/sec  70600  
[  5]  37.00-38.00  sec  79.4 MBytes   666 Mbits/sec  70680  
[  5]  38.00-39.00  sec  80.5 MBytes   675 Mbits/sec  71650  
[  5]  39.00-40.00  sec  79.9 MBytes   670 Mbits/sec  71080  
[  5]  40.00-41.00  sec  79.9 MBytes   670 Mbits/sec  71130  
[  5]  41.00-42.00  sec  79.1 MBytes   664 Mbits/sec  70430  
[  5]  42.00-43.00  sec  73.4 MBytes   616 Mbits/sec  65320  
[  5]  43.00-44.00  sec  65.5 MBytes   549 Mbits/sec  58270  
[  5]  44.00-45.00  sec  63.4 MBytes   532 Mbits/sec  56400  
[  5]  45.00-46.00  sec  61.9 MBytes   519 Mbits/sec  55100  
[  5]  46.00-47.00  sec  66.2 MBytes   555 Mbits/sec  58910  
[  5]  47.00-48.00  sec  62.3 MBytes   522 Mbits/sec  55440  
[  5]  48.00-49.00  sec  65.5 MBytes   549 Mbits/sec  58290  
[  5]  49.00-50.00  sec  61.6 MBytes   517 Mbits/sec  54830  
[  5]  50.00-51.00  sec  63.8 MBytes   535 Mbits/sec  56780  
[  5]  51.00-52.00  sec  64.4 MBytes   540 Mbits/sec  57350  
[  5]  52.00-53.00  sec  65.9 MBytes   553 Mbits/sec  58670  
[  5]  53.00-54.00  sec  70.5 MBytes   591 Mbits/sec  62730  
[  5]  54.00-55.00  sec  79.9 MBytes   671 Mbits/sec  71150  
[  5]  55.00-56.00  sec  78.6 MBytes   659 Mbits/sec  69980  
[  5]  56.00-57.00  sec  79.3 MBytes   665 Mbits/sec  70570  
[  5]  57.00-58.00  sec  78.9 MBytes   662 Mbits/sec  70260  
[  5]  58.00-59.00  sec  68.7 MBytes   576 Mbits/sec  61130  
[  5]  59.00-60.00  sec  65.7 MBytes   551 Mbits/sec  58440  
- - - - - - - - - - - - - - - - - - - - - - - - -
[ ID] Interval           Transfer     Bitrate         Jitter    Lost/Total Datagrams
[  5]   0.00-60.00  sec  4.46 GBytes   639 Mbits/sec  0.000 ms  0/4067480 (0%)  sender
[  5]   0.00-60.04  sec  4.46 GBytes   639 Mbits/sec  0.014 ms  2195/4067479 (0.054%)  receiver

iperf Done.
