Connecting to host 10.136.80.143, port 5201
[  5] local 10.136.173.100 port 59084 connected to 10.136.80.143 port 5201
[ ID] Interval           Transfer     Bitrate         Total Datagrams
[  5]   0.00-1.00   sec  56.9 MBytes   477 Mbits/sec  50630  (omitted)
[  5]   0.00-1.00   sec  65.7 MBytes   551 Mbits/sec  58490  
[  5]   1.00-2.00   sec  61.1 MBytes   513 Mbits/sec  54430  
[  5]   2.00-3.00   sec  63.9 MBytes   536 Mbits/sec  56900  
[  5]   3.00-4.00   sec  64.7 MBytes   543 Mbits/sec  57620  
[  5]   4.00-5.00   sec  63.1 MBytes   529 Mbits/sec  56140  
[  5]   5.00-6.00   sec  58.6 MBytes   492 Mbits/sec  52190  
[  5]   6.00-7.00   sec  65.6 MBytes   550 Mbits/sec  58410  
[  5]   7.00-8.00   sec  67.7 MBytes   568 Mbits/sec  60280  
[  5]   8.00-9.00   sec  64.6 MBytes   542 Mbits/sec  57480  
[  5]   9.00-10.00  sec  63.3 MBytes   531 Mbits/sec  56330  
[  5]  10.00-11.00  sec  80.3 MBytes   674 Mbits/sec  71490  
[  5]  11.00-12.00  sec  80.2 MBytes   672 Mbits/sec  71360  
[  5]  12.00-13.00  sec  67.2 MBytes   564 Mbits/sec  59810  
[  5]  13.00-14.00  sec  62.6 MBytes   525 Mbits/sec  55740  
[  5]  14.00-15.00  sec  58.2 MBytes   488 Mbits/sec  51810  
[  5]  15.00-16.00  sec  60.1 MBytes   504 Mbits/sec  53490  
[  5]  16.00-17.00  sec  58.7 MBytes   492 Mbits/sec  52240  
[  5]  17.00-18.00  sec  61.5 MBytes   516 Mbits/sec  54720  
[  5]  18.00-19.00  sec  64.2 MBytes   538 Mbits/sec  57120  
[  5]  19.00-20.00  sec  61.6 MBytes   516 Mbits/sec  54790  
[  5]  20.00-21.00  sec  59.1 MBytes   496 Mbits/sec  52600  
[  5]  21.00-22.00  sec  59.5 MBytes   499 Mbits/sec  53000  
[  5]  22.00-23.00  sec  61.6 MBytes   517 Mbits/sec  54860  
[  5]  23.00-24.00  sec  60.7 MBytes   509 Mbits/sec  54010  
[  5]  24.00-25.00  sec  63.0 MBytes   528 Mbits/sec  56070  
[  5]  25.00-26.00  sec  60.8 MBytes   510 Mbits/sec  54120  
[  5]  26.00-27.00  sec  62.1 MBytes   521 Mbits/sec  55310  
[  5]  27.00-28.00  sec  62.2 MBytes   522 Mbits/sec  55360  
[  5]  28.00-29.00  sec  78.3 MBytes   657 Mbits/sec  69700  
[  5]  29.00-30.00  sec  79.7 MBytes   669 Mbits/sec  70940  
[  5]  30.00-31.00  sec  79.3 MBytes   665 Mbits/sec  70550  
[  5]  31.00-32.00  sec  74.7 MBytes   626 Mbits/sec  66450  
[  5]  32.00-33.00  sec  58.0 MBytes   487 Mbits/sec  51650  
[  5]  33.00-34.00  sec  58.6 MBytes   491 Mbits/sec  52120  
[  5]  34.00-35.00  sec  66.8 MBytes   560 Mbits/sec  59460  
[  5]  35.00-36.00  sec  57.6 MBytes   483 Mbits/sec  51280  
[  5]  36.00-37.00  sec  60.6 MBytes   508 Mbits/sec  53930  
[  5]  37.00-38.00  sec  60.5 MBytes   507 Mbits/sec  53820  
[  5]  38.00-39.00  sec  60.5 MBytes   508 Mbits/sec  53890  
[  5]  39.00-40.00  sec  60.9 MBytes   511 Mbits/sec  54220  
[  5]  40.00-41.00  sec  60.2 MBytes   505 Mbits/sec  53550  
[  5]  41.00-42.00  sec  60.9 MBytes   511 Mbits/sec  54250  
[  5]  42.00-43.00  sec  62.4 MBytes   523 Mbits/sec  55500  
[  5]  43.00-44.00  sec  61.3 MBytes   514 Mbits/sec  54600  
[  5]  44.00-45.00  sec  65.0 MBytes   545 Mbits/sec  57830  
[  5]  45.00-46.00  sec  61.5 MBytes   516 Mbits/sec  54760  
[  5]  46.00-47.00  sec  60.8 MBytes   510 Mbits/sec  54110  
[  5]  47.00-48.00  sec  71.9 MBytes   603 Mbits/sec  63970  
[  5]  48.00-49.00  sec  81.5 MBytes   684 Mbits/sec  72540  
[  5]  49.00-50.00  sec  76.5 MBytes   642 Mbits/sec  68120  
[  5]  50.00-51.00  sec  70.2 MBytes   589 Mbits/sec  62480  
[  5]  51.00-52.00  sec  67.8 MBytes   569 Mbits/sec  60360  
[  5]  52.00-53.00  sec  69.3 MBytes   581 Mbits/sec  61650  
[  5]  53.00-54.00  sec  68.8 MBytes   577 Mbits/sec  61220  
[  5]  54.00-55.00  sec  69.3 MBytes   581 Mbits/sec  61680  
[  5]  55.00-56.00  sec  59.7 MBytes   500 Mbits/sec  53100  
[  5]  56.00-57.00  sec  60.8 MBytes   510 Mbits/sec  54090  
[  5]  57.00-58.00  sec  69.7 MBytes   585 Mbits/sec  62080  
[  5]  58.00-59.00  sec  60.4 MBytes   507 Mbits/sec  53770  
[  5]  59.00-60.00  sec  59.3 MBytes   497 Mbits/sec  52760  
- - - - - - - - - - - - - - - - - - - - - - - - -
[ ID] Interval           Transfer     Bitrate         Jitter    Lost/Total Datagrams
[  5]   0.00-60.00  sec  3.80 GBytes   544 Mbits/sec  0.000 ms  0/3466600 (0%)  sender
[  5]   0.00-60.98  sec   102 MBytes  14.0 Mbits/sec  0.105 ms  3422812/3465958 (99%)  receiver

iperf Done.
