Connecting to host 10.136.80.149, port 5201
[  5] local 10.136.173.107 port 53187 connected to 10.136.80.149 port 5201
[ ID] Interval           Transfer     Bitrate         Total Datagrams
[  5]   0.00-1.00   sec  63.2 MBytes   530 Mbits/sec  56290  (omitted)
[  5]   0.00-1.00   sec  61.6 MBytes   517 Mbits/sec  54870  
[  5]   1.00-2.00   sec  60.5 MBytes   507 Mbits/sec  53830  
[  5]   2.00-3.00   sec  63.4 MBytes   531 Mbits/sec  56390  
[  5]   3.00-4.00   sec  62.3 MBytes   522 Mbits/sec  55420  
[  5]   4.00-5.00   sec  73.4 MBytes   616 Mbits/sec  65310  
[  5]   5.00-6.00   sec  60.2 MBytes   505 Mbits/sec  53600  
[  5]   6.00-7.00   sec  62.1 MBytes   521 Mbits/sec  55310  
[  5]   7.00-8.00   sec  66.1 MBytes   555 Mbits/sec  58860  
[  5]   8.00-9.00   sec  64.1 MBytes   538 Mbits/sec  57070  
[  5]   9.00-10.00  sec  70.0 MBytes   587 Mbits/sec  62330  
[  5]  10.00-11.00  sec  61.1 MBytes   513 Mbits/sec  54430  
[  5]  11.00-12.00  sec  69.5 MBytes   583 Mbits/sec  61870  
[  5]  12.00-13.00  sec  66.5 MBytes   558 Mbits/sec  59200  
[  5]  13.00-14.00  sec  83.0 MBytes   697 Mbits/sec  73920  
[  5]  14.00-15.00  sec  83.8 MBytes   703 Mbits/sec  74620  
[  5]  15.00-16.00  sec  84.2 MBytes   707 Mbits/sec  74980  
[  5]  16.00-17.00  sec  83.6 MBytes   701 Mbits/sec  74380  
[  5]  17.00-18.00  sec  87.0 MBytes   730 Mbits/sec  77420  
[  5]  18.00-19.00  sec  84.3 MBytes   707 Mbits/sec  75080  
[  5]  19.00-20.00  sec  84.5 MBytes   709 Mbits/sec  75190  
[  5]  20.00-21.00  sec  83.5 MBytes   701 Mbits/sec  74350  
[  5]  21.00-22.00  sec  78.8 MBytes   661 Mbits/sec  70110  
[  5]  22.00-23.00  sec  71.3 MBytes   598 Mbits/sec  63430  
[  5]  23.00-24.00  sec  69.3 MBytes   582 Mbits/sec  61710  
[  5]  24.00-25.00  sec  70.2 MBytes   589 Mbits/sec  62510  
[  5]  25.00-26.00  sec  72.1 MBytes   605 Mbits/sec  64220  
[  5]  26.00-27.00  sec  71.8 MBytes   602 Mbits/sec  63930  
[  5]  27.00-28.00  sec  62.4 MBytes   523 Mbits/sec  55530  
[  5]  28.00-29.00  sec  65.5 MBytes   550 Mbits/sec  58320  
[  5]  29.00-30.00  sec  64.2 MBytes   538 Mbits/sec  57120  
[  5]  30.00-31.00  sec  70.1 MBytes   588 Mbits/sec  62410  
[  5]  31.00-32.00  sec  68.7 MBytes   576 Mbits/sec  61150  
[  5]  32.00-33.00  sec  66.3 MBytes   556 Mbits/sec  59010  
[  5]  33.00-34.00  sec  65.7 MBytes   551 Mbits/sec  58500  
[  5]  34.00-35.00  sec  64.5 MBytes   541 Mbits/sec  57400  
[  5]  35.00-36.00  sec  66.8 MBytes   560 Mbits/sec  59450  
[  5]  36.00-37.00  sec  64.2 MBytes   539 Mbits/sec  57150  
[  5]  37.00-38.00  sec  62.7 MBytes   526 Mbits/sec  55800  
[  5]  38.00-39.00  sec  67.5 MBytes   566 Mbits/sec  60060  
[  5]  39.00-40.00  sec  61.9 MBytes   520 Mbits/sec  55120  
[  5]  40.00-41.00  sec  65.5 MBytes   550 Mbits/sec  58310  
[  5]  41.00-42.00  sec  64.2 MBytes   539 Mbits/sec  57150  
[  5]  42.00-43.00  sec  83.2 MBytes   698 Mbits/sec  74030  
[  5]  43.00-44.00  sec  83.3 MBytes   699 Mbits/sec  74190  
[  5]  44.00-45.00  sec  83.5 MBytes   701 Mbits/sec  74370  
[  5]  45.00-46.00  sec  71.4 MBytes   599 Mbits/sec  63570  
[  5]  46.00-47.00  sec  70.5 MBytes   592 Mbits/sec  62760  
[  5]  47.00-48.00  sec  72.7 MBytes   609 Mbits/sec  64670  
[  5]  48.00-49.00  sec  73.3 MBytes   615 Mbits/sec  65270  
[  5]  49.00-50.00  sec  73.0 MBytes   613 Mbits/sec  65020  
[  5]  50.00-51.00  sec  72.3 MBytes   607 Mbits/sec  64370  
[  5]  51.00-52.00  sec  71.8 MBytes   602 Mbits/sec  63870  
[  5]  52.00-53.00  sec  72.4 MBytes   608 Mbits/sec  64480  
[  5]  53.00-54.00  sec  73.4 MBytes   616 Mbits/sec  65350  
[  5]  54.00-55.00  sec  72.6 MBytes   609 Mbits/sec  64610  
[  5]  55.00-56.00  sec  70.0 MBytes   587 Mbits/sec  62280  
[  5]  56.00-57.00  sec  60.6 MBytes   508 Mbits/sec  53950  
[  5]  57.00-58.00  sec  64.1 MBytes   537 Mbits/sec  57030  
[  5]  58.00-59.00  sec  66.5 MBytes   558 Mbits/sec  59230  
[  5]  59.00-60.00  sec  66.2 MBytes   556 Mbits/sec  58940  
- - - - - - - - - - - - - - - - - - - - - - - - -
[ ID] Interval           Transfer     Bitrate         Jitter    Lost/Total Datagrams
[  5]   0.00-60.00  sec  4.13 GBytes   591 Mbits/sec  0.000 ms  0/3764810 (0%)  sender
[  5]   0.00-60.96  sec  71.7 MBytes  9.87 Mbits/sec  0.046 ms  3751413/3761932 (1e+02%)  receiver

iperf Done.
