Connecting to host 10.136.80.148, port 5201
[  5] local 10.136.173.84 port 37121 connected to 10.136.80.148 port 5201
[ ID] Interval           Transfer     Bitrate         Total Datagrams
[  5]   0.00-1.00   sec  50.8 MBytes   426 Mbits/sec  45240  (omitted)
[  5]   0.00-1.00   sec  55.3 MBytes   464 Mbits/sec  49260  
[  5]   1.00-2.00   sec  58.7 MBytes   492 Mbits/sec  52260  
[  5]   2.00-3.00   sec  57.9 MBytes   485 Mbits/sec  51520  
[  5]   3.00-4.00   sec  57.2 MBytes   480 Mbits/sec  50930  
[  5]   4.00-5.00   sec  56.6 MBytes   474 Mbits/sec  50350  
[  5]   5.00-6.00   sec  61.6 MBytes   517 Mbits/sec  54810  
[  5]   6.00-7.00   sec  60.4 MBytes   506 Mbits/sec  53720  
[  5]   7.00-8.00   sec  54.6 MBytes   458 Mbits/sec  48570  
[  5]   8.00-9.00   sec  59.7 MBytes   501 Mbits/sec  53160  
[  5]   9.00-10.00  sec  53.0 MBytes   445 Mbits/sec  47200  
[  5]  10.00-11.00  sec  57.8 MBytes   485 Mbits/sec  51430  
[  5]  11.00-12.00  sec  53.3 MBytes   447 Mbits/sec  47450  
[  5]  12.00-13.00  sec  57.4 MBytes   480 Mbits/sec  51090  
[  5]  13.00-14.00  sec  58.6 MBytes   493 Mbits/sec  52120  
[  5]  14.00-15.00  sec  62.0 MBytes   520 Mbits/sec  55210  
[  5]  15.00-16.00  sec  52.6 MBytes   441 Mbits/sec  46830  
[  5]  16.00-17.00  sec  61.0 MBytes   512 Mbits/sec  54280  
[  5]  17.00-18.00  sec  59.4 MBytes   498 Mbits/sec  52860  
[  5]  18.00-19.00  sec  58.4 MBytes   490 Mbits/sec  52000  
[  5]  19.00-20.00  sec  57.1 MBytes   479 Mbits/sec  50830  
[  5]  20.00-21.00  sec  60.8 MBytes   510 Mbits/sec  54080  
[  5]  21.00-22.00  sec  45.1 MBytes   378 Mbits/sec  40160  
[  5]  22.00-23.00  sec  59.1 MBytes   496 Mbits/sec  52600  
[  5]  23.00-24.00  sec  62.9 MBytes   528 Mbits/sec  56030  
[  5]  24.00-25.00  sec  48.8 MBytes   409 Mbits/sec  43420  
[  5]  25.00-26.00  sec  48.9 MBytes   410 Mbits/sec  43550  
[  5]  26.00-27.00  sec  50.8 MBytes   426 Mbits/sec  45210  
[  5]  27.00-28.00  sec  54.8 MBytes   459 Mbits/sec  48740  
[  5]  28.00-29.00  sec  57.3 MBytes   481 Mbits/sec  51040  
[  5]  29.00-30.00  sec  54.6 MBytes   458 Mbits/sec  48560  
[  5]  30.00-31.00  sec  57.9 MBytes   486 Mbits/sec  51550  
[  5]  31.00-32.00  sec  53.8 MBytes   451 Mbits/sec  47910  
[  5]  32.00-33.00  sec  57.2 MBytes   480 Mbits/sec  50930  
[  5]  33.00-34.00  sec  59.1 MBytes   496 Mbits/sec  52580  
[  5]  34.00-35.00  sec  56.9 MBytes   477 Mbits/sec  50640  
[  5]  35.00-36.00  sec  61.9 MBytes   519 Mbits/sec  55070  
[  5]  36.00-37.00  sec  60.5 MBytes   507 Mbits/sec  53850  
[  5]  37.00-38.00  sec  57.8 MBytes   485 Mbits/sec  51430  
[  5]  38.00-39.00  sec  59.0 MBytes   495 Mbits/sec  52480  
[  5]  39.00-40.00  sec  57.6 MBytes   483 Mbits/sec  51230  
[  5]  40.00-41.00  sec  58.9 MBytes   494 Mbits/sec  52400  
[  5]  41.00-42.00  sec  52.3 MBytes   439 Mbits/sec  46560  
[  5]  42.00-43.00  sec  53.3 MBytes   447 Mbits/sec  47450  
[  5]  43.00-44.00  sec  64.3 MBytes   539 Mbits/sec  57210  
[  5]  44.00-45.00  sec  57.4 MBytes   482 Mbits/sec  51110  
[  5]  45.00-46.00  sec  55.2 MBytes   463 Mbits/sec  49150  
[  5]  46.00-47.00  sec  64.3 MBytes   539 Mbits/sec  57240  
[  5]  47.00-48.00  sec  55.6 MBytes   467 Mbits/sec  49530  
[  5]  48.00-49.00  sec  56.2 MBytes   471 Mbits/sec  50020  
[  5]  49.00-50.00  sec  59.5 MBytes   499 Mbits/sec  52940  
[  5]  50.00-51.00  sec  47.8 MBytes   401 Mbits/sec  42550  
[  5]  51.00-52.00  sec  52.4 MBytes   440 Mbits/sec  46680  
[  5]  52.00-53.00  sec  63.3 MBytes   531 Mbits/sec  56380  
[  5]  53.00-54.00  sec  54.0 MBytes   453 Mbits/sec  48080  
[  5]  54.00-55.00  sec  53.5 MBytes   448 Mbits/sec  47580  
[  5]  55.00-56.00  sec  62.2 MBytes   522 Mbits/sec  55390  
[  5]  56.00-57.00  sec  57.2 MBytes   480 Mbits/sec  50910  
[  5]  57.00-58.00  sec  62.2 MBytes   522 Mbits/sec  55340  
[  5]  58.00-59.00  sec  46.8 MBytes   393 Mbits/sec  41680  
[  5]  59.00-60.00  sec  59.9 MBytes   503 Mbits/sec  53350  
- - - - - - - - - - - - - - - - - - - - - - - - -
[ ID] Interval           Transfer     Bitrate         Jitter    Lost/Total Datagrams
[  5]   0.00-60.00  sec  3.33 GBytes   477 Mbits/sec  0.000 ms  0/3038490 (0%)  sender
[  5]   0.00-60.09  sec  1.29 GBytes   185 Mbits/sec  0.439 ms  1888721/3038490 (62%)  receiver

iperf Done.
