Connecting to host 10.136.80.147, port 5201
[  5] local 10.136.173.69 port 41770 connected to 10.136.80.147 port 5201
[ ID] Interval           Transfer     Bitrate         Total Datagrams
[  5]   0.00-1.00   sec  89.8 MBytes   753 Mbits/sec  67350  (omitted)
[  5]   0.00-1.00   sec  92.2 MBytes   774 Mbits/sec  69170  
[  5]   1.00-2.00   sec  93.1 MBytes   781 Mbits/sec  69820  
[  5]   2.00-3.00   sec  93.2 MBytes   782 Mbits/sec  69890  
[  5]   3.00-4.00   sec  93.1 MBytes   781 Mbits/sec  69820  
[  5]   4.00-5.00   sec  93.0 MBytes   781 Mbits/sec  69790  
[  5]   5.00-6.00   sec  93.5 MBytes   784 Mbits/sec  70130  
[  5]   6.00-7.00   sec  93.2 MBytes   782 Mbits/sec  69910  
[  5]   7.00-8.00   sec  92.4 MBytes   775 Mbits/sec  69340  
[  5]   8.00-9.00   sec  93.4 MBytes   784 Mbits/sec  70080  
[  5]   9.00-10.00  sec  93.2 MBytes   781 Mbits/sec  69870  
[  5]  10.00-11.00  sec  92.7 MBytes   778 Mbits/sec  69530  
[  5]  11.00-12.00  sec  93.1 MBytes   781 Mbits/sec  69810  
[  5]  12.00-13.00  sec  93.6 MBytes   785 Mbits/sec  70210  
[  5]  13.00-14.00  sec  93.3 MBytes   783 Mbits/sec  70000  
[  5]  14.00-15.00  sec  92.4 MBytes   775 Mbits/sec  69330  
[  5]  15.00-16.00  sec  93.5 MBytes   784 Mbits/sec  70120  
[  5]  16.00-17.00  sec  93.2 MBytes   782 Mbits/sec  69890  
[  5]  17.00-18.00  sec  87.2 MBytes   732 Mbits/sec  65410  
[  5]  18.00-19.00  sec  93.0 MBytes   780 Mbits/sec  69730  
[  5]  19.00-20.00  sec  93.5 MBytes   784 Mbits/sec  70120  
[  5]  20.00-21.00  sec  92.5 MBytes   776 Mbits/sec  69380  
[  5]  21.00-22.00  sec  92.9 MBytes   779 Mbits/sec  69690  
[  5]  22.00-23.00  sec  93.2 MBytes   781 Mbits/sec  69870  
[  5]  23.00-24.00  sec  93.7 MBytes   786 Mbits/sec  70250  
[  5]  24.00-25.00  sec  93.5 MBytes   784 Mbits/sec  70120  
[  5]  25.00-26.00  sec  92.9 MBytes   780 Mbits/sec  69700  
[  5]  26.00-27.00  sec  93.3 MBytes   782 Mbits/sec  69960  
[  5]  27.00-28.00  sec  92.6 MBytes   777 Mbits/sec  69440  
[  5]  28.00-29.00  sec  92.8 MBytes   779 Mbits/sec  69630  
[  5]  29.00-30.00  sec  77.9 MBytes   654 Mbits/sec  58460  
[  5]  30.00-31.00  sec  77.9 MBytes   654 Mbits/sec  58430  
[  5]  31.00-32.00  sec  78.1 MBytes   655 Mbits/sec  58580  
[  5]  32.00-33.00  sec  78.2 MBytes   656 Mbits/sec  58660  
[  5]  33.00-34.00  sec  78.1 MBytes   656 Mbits/sec  58610  
[  5]  34.00-35.00  sec  78.6 MBytes   659 Mbits/sec  58970  
[  5]  35.00-36.00  sec  77.0 MBytes   646 Mbits/sec  57750  
[  5]  36.00-37.00  sec  78.3 MBytes   657 Mbits/sec  58750  
[  5]  37.00-38.00  sec  76.7 MBytes   644 Mbits/sec  57540  
[  5]  38.00-39.00  sec  77.5 MBytes   650 Mbits/sec  58130  
[  5]  39.00-40.00  sec  77.8 MBytes   652 Mbits/sec  58330  
[  5]  40.00-41.00  sec  77.4 MBytes   649 Mbits/sec  58050  
[  5]  41.00-42.00  sec  76.7 MBytes   643 Mbits/sec  57500  
[  5]  42.00-43.00  sec  77.5 MBytes   650 Mbits/sec  58110  
[  5]  43.00-44.00  sec  77.7 MBytes   652 Mbits/sec  58300  
[  5]  44.00-45.00  sec  75.5 MBytes   633 Mbits/sec  56620  
[  5]  45.00-46.00  sec  81.0 MBytes   679 Mbits/sec  60740  
[  5]  46.00-47.00  sec  84.2 MBytes   707 Mbits/sec  63190  
[  5]  47.00-48.00  sec  92.7 MBytes   778 Mbits/sec  69560  
[  5]  48.00-49.00  sec  93.8 MBytes   787 Mbits/sec  70320  
[  5]  49.00-50.00  sec  92.1 MBytes   772 Mbits/sec  69070  
[  5]  50.00-51.00  sec  92.6 MBytes   777 Mbits/sec  69430  
[  5]  51.00-52.00  sec  92.5 MBytes   776 Mbits/sec  69400  
[  5]  52.00-53.00  sec  93.1 MBytes   781 Mbits/sec  69850  
[  5]  53.00-54.00  sec  93.6 MBytes   785 Mbits/sec  70230  
[  5]  54.00-55.00  sec  92.6 MBytes   777 Mbits/sec  69470  
[  5]  55.00-56.00  sec  93.0 MBytes   780 Mbits/sec  69780  
[  5]  56.00-57.00  sec  93.6 MBytes   785 Mbits/sec  70190  
[  5]  57.00-58.00  sec  94.3 MBytes   791 Mbits/sec  70710  
[  5]  58.00-59.00  sec  95.2 MBytes   799 Mbits/sec  71440  
[  5]  59.00-60.00  sec  93.2 MBytes   782 Mbits/sec  69900  
- - - - - - - - - - - - - - - - - - - - - - - - -
[ ID] Interval           Transfer     Bitrate         Jitter    Lost/Total Datagrams
[  5]   0.00-60.00  sec  5.19 GBytes   743 Mbits/sec  0.000 ms  0/3984080 (0%)  sender
[  5]   0.00-60.04  sec  5.19 GBytes   743 Mbits/sec  0.011 ms  689/3984080 (0.017%)  receiver

iperf Done.
