Connecting to host 10.136.80.186, port 5201
[  5] local 10.136.173.122 port 35348 connected to 10.136.80.186 port 5201
[ ID] Interval           Transfer     Bitrate         Total Datagrams
[  5]   0.00-1.00   sec  57.8 MBytes   485 Mbits/sec  51420  (omitted)
[  5]   0.00-1.00   sec  59.3 MBytes   497 Mbits/sec  52770  
[  5]   1.00-2.00   sec  50.5 MBytes   424 Mbits/sec  44980  
[  5]   2.00-3.00   sec  50.8 MBytes   427 Mbits/sec  45260  
[  5]   3.00-4.00   sec  53.1 MBytes   445 Mbits/sec  47270  
[  5]   4.00-5.00   sec  48.3 MBytes   406 Mbits/sec  43030  
[  5]   5.00-6.00   sec  50.9 MBytes   427 Mbits/sec  45270  
[  5]   6.00-7.00   sec  58.1 MBytes   488 Mbits/sec  51750  
[  5]   7.00-8.00   sec  54.2 MBytes   455 Mbits/sec  48280  
[  5]   8.00-9.00   sec  60.8 MBytes   510 Mbits/sec  54140  
[  5]   9.00-10.00  sec  56.3 MBytes   472 Mbits/sec  50070  
[  5]  10.00-11.00  sec  57.4 MBytes   481 Mbits/sec  51050  
[  5]  11.00-12.00  sec  60.7 MBytes   510 Mbits/sec  54060  
[  5]  12.00-13.00  sec  55.6 MBytes   467 Mbits/sec  49530  
[  5]  13.00-14.00  sec  45.2 MBytes   379 Mbits/sec  40230  
[  5]  14.00-15.00  sec  53.2 MBytes   446 Mbits/sec  47340  
[  5]  15.00-16.00  sec  42.8 MBytes   359 Mbits/sec  38140  
[  5]  16.00-17.00  sec  55.0 MBytes   461 Mbits/sec  48950  
[  5]  17.00-18.00  sec  52.7 MBytes   442 Mbits/sec  46880  
[  5]  18.00-19.00  sec  56.1 MBytes   471 Mbits/sec  49930  
[  5]  19.00-20.00  sec  52.1 MBytes   437 Mbits/sec  46410  
[  5]  20.00-21.00  sec  52.0 MBytes   436 Mbits/sec  46280  
[  5]  21.00-22.00  sec  56.2 MBytes   471 Mbits/sec  49990  
[  5]  22.00-23.00  sec  57.6 MBytes   483 Mbits/sec  51250  
[  5]  23.00-24.00  sec  58.3 MBytes   489 Mbits/sec  51920  
[  5]  24.00-25.00  sec  49.5 MBytes   415 Mbits/sec  44060  
[  5]  25.00-26.00  sec  54.4 MBytes   457 Mbits/sec  48460  
[  5]  26.00-27.00  sec  62.9 MBytes   527 Mbits/sec  55980  
[  5]  27.00-28.00  sec  56.3 MBytes   472 Mbits/sec  50100  
[  5]  28.00-29.00  sec  57.7 MBytes   484 Mbits/sec  51360  
[  5]  29.00-30.00  sec  58.3 MBytes   489 Mbits/sec  51900  
[  5]  30.00-31.00  sec  55.9 MBytes   469 Mbits/sec  49750  
[  5]  31.00-32.00  sec  61.4 MBytes   515 Mbits/sec  54640  
[  5]  32.00-33.00  sec  60.7 MBytes   509 Mbits/sec  54050  
[  5]  33.00-34.00  sec  54.2 MBytes   455 Mbits/sec  48240  
[  5]  34.00-35.00  sec  50.6 MBytes   425 Mbits/sec  45070  
[  5]  35.00-36.00  sec  54.8 MBytes   460 Mbits/sec  48820  
[  5]  36.00-37.00  sec  56.0 MBytes   470 Mbits/sec  49830  
[  5]  37.00-38.00  sec  55.4 MBytes   465 Mbits/sec  49300  
[  5]  38.00-39.00  sec  50.4 MBytes   423 Mbits/sec  44880  
[  5]  39.00-40.00  sec  58.6 MBytes   492 Mbits/sec  52170  
[  5]  40.00-41.00  sec  59.6 MBytes   500 Mbits/sec  53020  
[  5]  41.00-42.00  sec  59.3 MBytes   497 Mbits/sec  52780  
[  5]  42.00-43.00  sec  54.5 MBytes   457 Mbits/sec  48490  
[  5]  43.00-44.00  sec  58.0 MBytes   486 Mbits/sec  51610  
[  5]  44.00-45.00  sec  50.8 MBytes   426 Mbits/sec  45230  
[  5]  45.00-46.00  sec  59.5 MBytes   499 Mbits/sec  52960  
[  5]  46.00-47.00  sec  57.0 MBytes   478 Mbits/sec  50730  
[  5]  47.00-48.00  sec  56.8 MBytes   476 Mbits/sec  50550  
[  5]  48.00-49.00  sec  56.9 MBytes   477 Mbits/sec  50670  
[  5]  49.00-50.00  sec  63.1 MBytes   529 Mbits/sec  56160  
[  5]  50.00-51.00  sec  55.9 MBytes   469 Mbits/sec  49760  
[  5]  51.00-52.00  sec  60.3 MBytes   506 Mbits/sec  53710  
[  5]  52.00-53.00  sec  56.2 MBytes   471 Mbits/sec  50020  
[  5]  53.00-54.00  sec  64.2 MBytes   539 Mbits/sec  57150  
[  5]  54.00-55.00  sec  46.0 MBytes   386 Mbits/sec  40970  
[  5]  55.00-56.00  sec  54.4 MBytes   456 Mbits/sec  48420  
[  5]  56.00-57.00  sec  56.8 MBytes   477 Mbits/sec  50600  
[  5]  57.00-58.00  sec  59.1 MBytes   496 Mbits/sec  52590  
[  5]  58.00-59.00  sec  46.4 MBytes   389 Mbits/sec  41260  
[  5]  59.00-60.00  sec  59.3 MBytes   497 Mbits/sec  52750  
- - - - - - - - - - - - - - - - - - - - - - - - -
[ ID] Interval           Transfer     Bitrate         Jitter    Lost/Total Datagrams
[  5]   0.00-60.00  sec  3.25 GBytes   465 Mbits/sec  0.000 ms  0/2962820 (0%)  sender
[  5]   0.00-60.05  sec  2.05 GBytes   293 Mbits/sec  0.013 ms  1115229/2962820 (38%)  receiver

iperf Done.
