Connecting to host 10.136.80.179, port 5201
[  5] local 10.136.173.68 port 46460 connected to 10.136.80.179 port 5201
[ ID] Interval           Transfer     Bitrate         Total Datagrams
[  5]   0.00-1.00   sec  72.5 MBytes   608 Mbits/sec  64500  (omitted)
[  5]   0.00-1.00   sec  73.5 MBytes   617 Mbits/sec  65460  
[  5]   1.00-2.00   sec  70.9 MBytes   595 Mbits/sec  63140  
[  5]   2.00-3.00   sec  72.1 MBytes   605 Mbits/sec  64190  
[  5]   3.00-4.00   sec  74.1 MBytes   622 Mbits/sec  66000  
[  5]   4.00-5.00   sec  66.2 MBytes   556 Mbits/sec  58960  
[  5]   5.00-6.00   sec  66.8 MBytes   560 Mbits/sec  59450  
[  5]   6.00-7.00   sec  76.3 MBytes   640 Mbits/sec  67930  
[  5]   7.00-8.00   sec  76.6 MBytes   642 Mbits/sec  68160  
[  5]   8.00-9.00   sec  75.9 MBytes   636 Mbits/sec  67540  
[  5]   9.00-10.00  sec  72.0 MBytes   604 Mbits/sec  64090  
[  5]  10.00-11.00  sec  72.5 MBytes   608 Mbits/sec  64550  
[  5]  11.00-12.00  sec  73.2 MBytes   614 Mbits/sec  65140  
[  5]  12.00-13.00  sec  73.0 MBytes   612 Mbits/sec  64940  
[  5]  13.00-14.00  sec  77.9 MBytes   653 Mbits/sec  69320  
[  5]  14.00-15.00  sec  76.2 MBytes   639 Mbits/sec  67790  
[  5]  15.00-16.00  sec  74.0 MBytes   621 Mbits/sec  65870  
[  5]  16.00-17.00  sec  76.0 MBytes   638 Mbits/sec  67690  
[  5]  17.00-18.00  sec  77.3 MBytes   649 Mbits/sec  68820  
[  5]  18.00-19.00  sec  77.3 MBytes   648 Mbits/sec  68780  
[  5]  19.00-20.00  sec  76.4 MBytes   641 Mbits/sec  67990  
[  5]  20.00-21.00  sec  71.5 MBytes   600 Mbits/sec  63660  
[  5]  21.00-22.00  sec  71.8 MBytes   602 Mbits/sec  63880  
[  5]  22.00-23.00  sec  72.7 MBytes   609 Mbits/sec  64680  
[  5]  23.00-24.00  sec  69.1 MBytes   580 Mbits/sec  61550  
[  5]  24.00-25.00  sec  78.1 MBytes   655 Mbits/sec  69500  
[  5]  25.00-26.00  sec  72.0 MBytes   604 Mbits/sec  64110  
[  5]  26.00-27.00  sec  74.5 MBytes   625 Mbits/sec  66350  
[  5]  27.00-28.00  sec  75.9 MBytes   637 Mbits/sec  67570  
[  5]  28.00-29.00  sec  64.1 MBytes   538 Mbits/sec  57050  
[  5]  29.00-30.00  sec  70.5 MBytes   591 Mbits/sec  62710  
[  5]  30.00-31.00  sec  77.3 MBytes   649 Mbits/sec  68850  
[  5]  31.00-32.00  sec  71.4 MBytes   599 Mbits/sec  63560  
[  5]  32.00-33.00  sec  64.0 MBytes   537 Mbits/sec  56930  
[  5]  33.00-34.00  sec  69.2 MBytes   581 Mbits/sec  61620  
[  5]  34.00-35.00  sec  76.0 MBytes   637 Mbits/sec  67650  
[  5]  35.00-36.00  sec  72.3 MBytes   606 Mbits/sec  64330  
[  5]  36.00-37.00  sec  77.3 MBytes   648 Mbits/sec  68790  
[  5]  37.00-38.00  sec  75.9 MBytes   637 Mbits/sec  67600  
[  5]  38.00-39.00  sec  77.0 MBytes   646 Mbits/sec  68570  
[  5]  39.00-40.00  sec  70.1 MBytes   588 Mbits/sec  62390  
[  5]  40.00-41.00  sec  77.3 MBytes   648 Mbits/sec  68790  
[  5]  41.00-42.00  sec  76.4 MBytes   641 Mbits/sec  68020  
[  5]  42.00-43.00  sec  77.1 MBytes   647 Mbits/sec  68630  
[  5]  43.00-44.00  sec  78.4 MBytes   657 Mbits/sec  69760  
[  5]  44.00-45.00  sec  77.4 MBytes   649 Mbits/sec  68900  
[  5]  45.00-46.00  sec  75.5 MBytes   633 Mbits/sec  67200  
[  5]  46.00-47.00  sec  77.2 MBytes   648 Mbits/sec  68730  
[  5]  47.00-48.00  sec  76.8 MBytes   644 Mbits/sec  68330  
[  5]  48.00-49.00  sec  76.1 MBytes   639 Mbits/sec  67780  
[  5]  49.00-50.00  sec  62.5 MBytes   524 Mbits/sec  55610  
[  5]  50.00-51.00  sec  75.0 MBytes   629 Mbits/sec  66770  
[  5]  51.00-52.00  sec  70.9 MBytes   595 Mbits/sec  63140  
[  5]  52.00-53.00  sec  72.8 MBytes   611 Mbits/sec  64830  
[  5]  53.00-54.00  sec  59.3 MBytes   497 Mbits/sec  52750  
[  5]  54.00-55.00  sec  62.9 MBytes   528 Mbits/sec  56020  
[  5]  55.00-56.00  sec  68.2 MBytes   572 Mbits/sec  60730  
[  5]  56.00-57.00  sec  76.5 MBytes   642 Mbits/sec  68090  
[  5]  57.00-58.00  sec  75.7 MBytes   635 Mbits/sec  67410  
[  5]  58.00-59.00  sec  73.5 MBytes   617 Mbits/sec  65440  
[  5]  59.00-60.00  sec  64.4 MBytes   540 Mbits/sec  57320  
- - - - - - - - - - - - - - - - - - - - - - - - -
[ ID] Interval           Transfer     Bitrate         Jitter    Lost/Total Datagrams
[  5]   0.00-60.00  sec  4.28 GBytes   613 Mbits/sec  0.000 ms  0/3901410 (0%)  sender
[  5]   0.00-60.35  sec   696 MBytes  96.8 Mbits/sec  0.008 ms  3330788/3893887 (86%)  receiver

iperf Done.
