Connecting to host 10.136.80.162, port 5201
[  5] local 10.136.173.90 port 38732 connected to 10.136.80.162 port 5201
[ ID] Interval           Transfer     Bitrate         Total Datagrams
[  5]   0.00-1.00   sec  92.9 MBytes   779 Mbits/sec  69650  (omitted)
[  5]   0.00-1.00   sec  85.3 MBytes   715 Mbits/sec  63980  
[  5]   1.00-2.00   sec  75.5 MBytes   633 Mbits/sec  56610  
[  5]   2.00-3.00   sec  77.8 MBytes   653 Mbits/sec  58360  
[  5]   3.00-4.00   sec  79.3 MBytes   665 Mbits/sec  59490  
[  5]   4.00-5.00   sec  77.1 MBytes   647 Mbits/sec  57830  
[  5]   5.00-6.00   sec  77.6 MBytes   651 Mbits/sec  58210  
[  5]   6.00-7.00   sec  78.4 MBytes   658 Mbits/sec  58830  
[  5]   7.00-8.00   sec  78.0 MBytes   654 Mbits/sec  58470  
[  5]   8.00-9.00   sec  78.8 MBytes   661 Mbits/sec  59100  
[  5]   9.00-10.00  sec  76.6 MBytes   642 Mbits/sec  57440  
[  5]  10.00-11.00  sec  77.2 MBytes   648 Mbits/sec  57910  
[  5]  11.00-12.00  sec  78.4 MBytes   658 Mbits/sec  58830  
[  5]  12.00-13.00  sec  78.1 MBytes   655 Mbits/sec  58580  
[  5]  13.00-14.00  sec  79.1 MBytes   663 Mbits/sec  59330  
[  5]  14.00-15.00  sec  79.0 MBytes   663 Mbits/sec  59250  
[  5]  15.00-16.00  sec  78.4 MBytes   657 Mbits/sec  58780  
[  5]  16.00-17.00  sec  78.3 MBytes   657 Mbits/sec  58750  
[  5]  17.00-18.00  sec  89.7 MBytes   752 Mbits/sec  67270  
[  5]  18.00-19.00  sec  83.8 MBytes   703 Mbits/sec  62820  
[  5]  19.00-20.00  sec  89.2 MBytes   749 Mbits/sec  66940  
[  5]  20.00-21.00  sec  93.5 MBytes   784 Mbits/sec  70120  
[  5]  21.00-22.00  sec  93.5 MBytes   784 Mbits/sec  70100  
[  5]  22.00-23.00  sec  93.0 MBytes   780 Mbits/sec  69770  
[  5]  23.00-24.00  sec  93.4 MBytes   784 Mbits/sec  70060  
[  5]  24.00-25.00  sec  93.9 MBytes   787 Mbits/sec  70410  
[  5]  25.00-26.00  sec  93.3 MBytes   783 Mbits/sec  69980  
[  5]  26.00-27.00  sec  93.5 MBytes   785 Mbits/sec  70150  
[  5]  27.00-28.00  sec  93.8 MBytes   787 Mbits/sec  70340  
[  5]  28.00-29.00  sec  93.7 MBytes   786 Mbits/sec  70250  
[  5]  29.00-30.00  sec  93.5 MBytes   784 Mbits/sec  70100  
[  5]  30.00-31.00  sec  93.9 MBytes   787 Mbits/sec  70420  
[  5]  31.00-32.00  sec  93.5 MBytes   785 Mbits/sec  70160  
[  5]  32.00-33.00  sec  91.9 MBytes   771 Mbits/sec  68950  
[  5]  33.00-34.00  sec  93.5 MBytes   785 Mbits/sec  70160  
[  5]  34.00-35.00  sec  94.0 MBytes   789 Mbits/sec  70520  
[  5]  35.00-36.00  sec  93.6 MBytes   785 Mbits/sec  70210  
[  5]  36.00-37.00  sec  93.9 MBytes   788 Mbits/sec  70430  
[  5]  37.00-38.00  sec  94.0 MBytes   789 Mbits/sec  70530  
[  5]  38.00-39.00  sec  94.1 MBytes   789 Mbits/sec  70570  
[  5]  39.00-40.00  sec  92.8 MBytes   779 Mbits/sec  69620  
[  5]  40.00-41.00  sec  94.3 MBytes   791 Mbits/sec  70700  
[  5]  41.00-42.00  sec  94.0 MBytes   788 Mbits/sec  70490  
[  5]  42.00-43.00  sec  93.4 MBytes   783 Mbits/sec  70020  
[  5]  43.00-44.00  sec  93.5 MBytes   784 Mbits/sec  70130  
[  5]  44.00-45.00  sec  94.1 MBytes   789 Mbits/sec  70550  
[  5]  45.00-46.00  sec  93.6 MBytes   785 Mbits/sec  70210  
[  5]  46.00-47.00  sec  93.8 MBytes   787 Mbits/sec  70330  
[  5]  47.00-48.00  sec  93.8 MBytes   787 Mbits/sec  70330  
[  5]  48.00-49.00  sec  93.6 MBytes   785 Mbits/sec  70180  
[  5]  49.00-50.00  sec  93.5 MBytes   784 Mbits/sec  70120  
[  5]  50.00-51.00  sec  94.0 MBytes   788 Mbits/sec  70480  
[  5]  51.00-52.00  sec  93.9 MBytes   788 Mbits/sec  70450  
[  5]  52.00-53.00  sec  93.7 MBytes   786 Mbits/sec  70300  
[  5]  53.00-54.00  sec  93.8 MBytes   787 Mbits/sec  70350  
[  5]  54.00-55.00  sec  88.4 MBytes   742 Mbits/sec  66320  
[  5]  55.00-56.00  sec  83.9 MBytes   704 Mbits/sec  62920  
[  5]  56.00-57.00  sec  93.6 MBytes   785 Mbits/sec  70180  
[  5]  57.00-58.00  sec  93.3 MBytes   783 Mbits/sec  69990  
[  5]  58.00-59.00  sec  93.5 MBytes   784 Mbits/sec  70150  
[  5]  59.00-60.00  sec  88.6 MBytes   743 Mbits/sec  66450  
- - - - - - - - - - - - - - - - - - - - - - - - -
[ ID] Interval           Transfer     Bitrate         Jitter    Lost/Total Datagrams
[  5]   0.00-60.00  sec  5.20 GBytes   744 Mbits/sec  0.000 ms  0/3990280 (0%)  sender
[  5]   0.00-60.04  sec  5.20 GBytes   744 Mbits/sec  0.006 ms  1021/3990280 (0.026%)  receiver

iperf Done.
