Connecting to host 10.136.80.176, port 5201
[  5] local 10.136.173.77 port 53417 connected to 10.136.80.176 port 5201
[ ID] Interval           Transfer     Bitrate         Total Datagrams
[  5]   0.00-1.00   sec  79.8 MBytes   669 Mbits/sec  71010  (omitted)
[  5]   0.00-1.00   sec  81.5 MBytes   683 Mbits/sec  72510  
[  5]   1.00-2.00   sec  81.6 MBytes   685 Mbits/sec  72640  
[  5]   2.00-3.00   sec  81.6 MBytes   685 Mbits/sec  72650  
[  5]   3.00-4.00   sec  82.3 MBytes   690 Mbits/sec  73260  
[  5]   4.00-5.00   sec  81.4 MBytes   683 Mbits/sec  72500  
[  5]   5.00-6.00   sec  82.0 MBytes   687 Mbits/sec  72950  
[  5]   6.00-7.00   sec  81.4 MBytes   683 Mbits/sec  72480  
[  5]   7.00-8.00   sec  81.3 MBytes   682 Mbits/sec  72390  
[  5]   8.00-9.00   sec  79.6 MBytes   668 Mbits/sec  70870  
[  5]   9.00-10.00  sec  81.3 MBytes   682 Mbits/sec  72340  
[  5]  10.00-11.00  sec  81.5 MBytes   684 Mbits/sec  72590  
[  5]  11.00-12.00  sec  81.4 MBytes   683 Mbits/sec  72460  
[  5]  12.00-13.00  sec  81.7 MBytes   686 Mbits/sec  72750  
[  5]  13.00-14.00  sec  81.4 MBytes   682 Mbits/sec  72420  
[  5]  14.00-15.00  sec  80.5 MBytes   675 Mbits/sec  71660  
[  5]  15.00-16.00  sec  81.4 MBytes   683 Mbits/sec  72460  
[  5]  16.00-17.00  sec  79.9 MBytes   670 Mbits/sec  71150  
[  5]  17.00-18.00  sec  81.7 MBytes   686 Mbits/sec  72740  
[  5]  18.00-19.00  sec  79.8 MBytes   669 Mbits/sec  71010  
[  5]  19.00-20.00  sec  80.3 MBytes   674 Mbits/sec  71510  
[  5]  20.00-21.00  sec  81.1 MBytes   680 Mbits/sec  72170  
[  5]  21.00-22.00  sec  81.1 MBytes   681 Mbits/sec  72210  
[  5]  22.00-23.00  sec  81.1 MBytes   681 Mbits/sec  72210  
[  5]  23.00-24.00  sec  68.4 MBytes   574 Mbits/sec  60870  
[  5]  24.00-25.00  sec  65.8 MBytes   552 Mbits/sec  58590  
[  5]  25.00-26.00  sec  66.7 MBytes   560 Mbits/sec  59390  
[  5]  26.00-27.00  sec  66.8 MBytes   561 Mbits/sec  59490  
[  5]  27.00-28.00  sec  66.9 MBytes   561 Mbits/sec  59540  
[  5]  28.00-29.00  sec  64.6 MBytes   542 Mbits/sec  57460  
[  5]  29.00-30.00  sec  67.3 MBytes   564 Mbits/sec  59870  
[  5]  30.00-31.00  sec  77.2 MBytes   647 Mbits/sec  68700  
[  5]  31.00-32.00  sec  80.8 MBytes   678 Mbits/sec  71950  
[  5]  32.00-33.00  sec  81.6 MBytes   684 Mbits/sec  72600  
[  5]  33.00-34.00  sec  81.8 MBytes   686 Mbits/sec  72810  
[  5]  34.00-35.00  sec  81.3 MBytes   682 Mbits/sec  72350  
[  5]  35.00-36.00  sec  81.3 MBytes   682 Mbits/sec  72400  
[  5]  36.00-37.00  sec  81.4 MBytes   683 Mbits/sec  72440  
[  5]  37.00-38.00  sec  81.0 MBytes   679 Mbits/sec  72090  
[  5]  38.00-39.00  sec  80.2 MBytes   673 Mbits/sec  71420  
[  5]  39.00-40.00  sec  84.2 MBytes   706 Mbits/sec  74930  
[  5]  40.00-41.00  sec  81.0 MBytes   680 Mbits/sec  72140  
[  5]  41.00-42.00  sec  80.5 MBytes   675 Mbits/sec  71630  
[  5]  42.00-43.00  sec  81.6 MBytes   684 Mbits/sec  72610  
[  5]  43.00-44.00  sec  81.3 MBytes   682 Mbits/sec  72360  
[  5]  44.00-45.00  sec  82.9 MBytes   695 Mbits/sec  73790  
[  5]  45.00-46.00  sec  82.8 MBytes   695 Mbits/sec  73690  
[  5]  46.00-47.00  sec  83.2 MBytes   698 Mbits/sec  74060  
[  5]  47.00-48.00  sec  81.9 MBytes   687 Mbits/sec  72930  
[  5]  48.00-49.00  sec  79.9 MBytes   670 Mbits/sec  71120  
[  5]  49.00-50.00  sec  81.9 MBytes   687 Mbits/sec  72860  
[  5]  50.00-51.00  sec  81.6 MBytes   685 Mbits/sec  72650  
[  5]  51.00-52.00  sec  81.2 MBytes   681 Mbits/sec  72300  
[  5]  52.00-53.00  sec  81.4 MBytes   683 Mbits/sec  72470  
[  5]  53.00-54.00  sec  81.7 MBytes   685 Mbits/sec  72710  
[  5]  54.00-55.00  sec  82.4 MBytes   691 Mbits/sec  73370  
[  5]  55.00-56.00  sec  82.1 MBytes   689 Mbits/sec  73090  
[  5]  56.00-57.00  sec  81.7 MBytes   685 Mbits/sec  72680  
[  5]  57.00-58.00  sec  81.7 MBytes   685 Mbits/sec  72720  
[  5]  58.00-59.00  sec  81.1 MBytes   680 Mbits/sec  72170  
[  5]  59.00-60.00  sec  81.7 MBytes   685 Mbits/sec  72710  
- - - - - - - - - - - - - - - - - - - - - - - - -
[ ID] Interval           Transfer     Bitrate         Jitter    Lost/Total Datagrams
[  5]   0.00-60.00  sec  4.67 GBytes   668 Mbits/sec  0.000 ms  0/4252890 (0%)  sender
[  5]   0.00-60.05  sec  4.67 GBytes   668 Mbits/sec  0.011 ms  2318/4252890 (0.055%)  receiver

iperf Done.
