Connecting to host 10.136.80.163, port 5201
[  5] local 10.136.173.101 port 55001 connected to 10.136.80.163 port 5201
[ ID] Interval           Transfer     Bitrate         Total Datagrams
[  5]   0.00-1.00   sec  80.6 MBytes   676 Mbits/sec  71720  (omitted)
[  5]   0.00-1.00   sec  81.8 MBytes   686 Mbits/sec  72830  
[  5]   1.00-2.00   sec  80.4 MBytes   675 Mbits/sec  71600  
[  5]   2.00-3.00   sec  80.0 MBytes   671 Mbits/sec  71190  
[  5]   3.00-4.00   sec  80.5 MBytes   676 Mbits/sec  71690  
[  5]   4.00-5.00   sec  79.9 MBytes   670 Mbits/sec  71110  
[  5]   5.00-6.00   sec  81.1 MBytes   680 Mbits/sec  72150  
[  5]   6.00-7.00   sec  80.8 MBytes   678 Mbits/sec  71900  
[  5]   7.00-8.00   sec  81.2 MBytes   682 Mbits/sec  72320  
[  5]   8.00-9.00   sec  81.4 MBytes   683 Mbits/sec  72490  
[  5]   9.00-10.00  sec  80.8 MBytes   678 Mbits/sec  71920  
[  5]  10.00-11.00  sec  80.6 MBytes   676 Mbits/sec  71770  
[  5]  11.00-12.00  sec  81.7 MBytes   686 Mbits/sec  72740  
[  5]  12.00-13.00  sec  81.4 MBytes   683 Mbits/sec  72450  
[  5]  13.00-14.00  sec  82.4 MBytes   692 Mbits/sec  73390  
[  5]  14.00-15.00  sec  80.3 MBytes   673 Mbits/sec  71440  
[  5]  15.00-16.00  sec  74.4 MBytes   625 Mbits/sec  66270  
[  5]  16.00-17.00  sec  66.8 MBytes   560 Mbits/sec  59420  
[  5]  17.00-18.00  sec  64.3 MBytes   540 Mbits/sec  57270  
[  5]  18.00-19.00  sec  75.1 MBytes   630 Mbits/sec  66860  
[  5]  19.00-20.00  sec  65.7 MBytes   551 Mbits/sec  58510  
[  5]  20.00-21.00  sec  64.5 MBytes   541 Mbits/sec  57400  
[  5]  21.00-22.00  sec  64.8 MBytes   544 Mbits/sec  57690  
[  5]  22.00-23.00  sec  67.4 MBytes   565 Mbits/sec  59970  
[  5]  23.00-24.00  sec  66.9 MBytes   561 Mbits/sec  59510  
[  5]  24.00-25.00  sec  71.5 MBytes   600 Mbits/sec  63680  
[  5]  25.00-26.00  sec  80.3 MBytes   674 Mbits/sec  71460  
[  5]  26.00-27.00  sec  79.8 MBytes   669 Mbits/sec  71050  
[  5]  27.00-28.00  sec  75.6 MBytes   634 Mbits/sec  67320  
[  5]  28.00-29.00  sec  81.0 MBytes   680 Mbits/sec  72130  
[  5]  29.00-30.00  sec  81.0 MBytes   679 Mbits/sec  72080  
[  5]  30.00-31.00  sec  81.0 MBytes   680 Mbits/sec  72140  
[  5]  31.00-32.00  sec  80.4 MBytes   675 Mbits/sec  71600  
[  5]  32.00-33.00  sec  81.2 MBytes   681 Mbits/sec  72290  
[  5]  33.00-34.00  sec  81.6 MBytes   685 Mbits/sec  72670  
[  5]  34.00-35.00  sec  80.5 MBytes   675 Mbits/sec  71650  
[  5]  35.00-36.00  sec  80.5 MBytes   676 Mbits/sec  71690  
[  5]  36.00-37.00  sec  80.9 MBytes   679 Mbits/sec  72040  
[  5]  37.00-38.00  sec  80.3 MBytes   673 Mbits/sec  71440  
[  5]  38.00-39.00  sec  81.8 MBytes   686 Mbits/sec  72770  
[  5]  39.00-40.00  sec  80.9 MBytes   678 Mbits/sec  71990  
[  5]  40.00-41.00  sec  81.1 MBytes   680 Mbits/sec  72170  
[  5]  41.00-42.00  sec  80.3 MBytes   674 Mbits/sec  71510  
[  5]  42.00-43.00  sec  80.2 MBytes   673 Mbits/sec  71390  
[  5]  43.00-44.00  sec  80.7 MBytes   677 Mbits/sec  71790  
[  5]  44.00-45.00  sec  80.6 MBytes   676 Mbits/sec  71720  
[  5]  45.00-46.00  sec  80.6 MBytes   676 Mbits/sec  71780  
[  5]  46.00-47.00  sec  81.4 MBytes   682 Mbits/sec  72420  
[  5]  47.00-48.00  sec  80.8 MBytes   678 Mbits/sec  71920  
[  5]  48.00-49.00  sec  80.8 MBytes   678 Mbits/sec  71930  
[  5]  49.00-50.00  sec  81.3 MBytes   682 Mbits/sec  72340  
[  5]  50.00-51.00  sec  80.8 MBytes   678 Mbits/sec  71960  
[  5]  51.00-52.00  sec  73.5 MBytes   617 Mbits/sec  65420  
[  5]  52.00-53.00  sec  80.9 MBytes   679 Mbits/sec  72040  
[  5]  53.00-54.00  sec  81.2 MBytes   681 Mbits/sec  72290  
[  5]  54.00-55.00  sec  80.1 MBytes   672 Mbits/sec  71320  
[  5]  55.00-56.00  sec  80.1 MBytes   672 Mbits/sec  71270  
[  5]  56.00-57.00  sec  79.3 MBytes   665 Mbits/sec  70580  
[  5]  57.00-58.00  sec  79.3 MBytes   666 Mbits/sec  70620  
[  5]  58.00-59.00  sec  79.7 MBytes   668 Mbits/sec  70920  
[  5]  59.00-60.00  sec  80.2 MBytes   673 Mbits/sec  71430  
- - - - - - - - - - - - - - - - - - - - - - - - -
[ ID] Interval           Transfer     Bitrate         Jitter    Lost/Total Datagrams
[  5]   0.00-60.00  sec  4.60 GBytes   658 Mbits/sec  0.000 ms  0/4188710 (0%)  sender
[  5]   0.00-60.04  sec  4.60 GBytes   658 Mbits/sec  0.014 ms  984/4188708 (0.023%)  receiver

iperf Done.
