Connecting to host 10.136.80.133, port 5201
[  5] local 10.136.173.68 port 52290 connected to 10.136.80.133 port 5201
[ ID] Interval           Transfer     Bitrate         Retr  Cwnd
[  5]   0.00-1.00   sec  26.1 MBytes   219 Mbits/sec   14    117 KBytes       (omitted)
[  5]   0.00-1.00   sec  27.7 MBytes   232 Mbits/sec   35   75.9 KBytes       
[  5]   1.00-2.00   sec  27.9 MBytes   234 Mbits/sec   23    112 KBytes       
[  5]   2.00-3.00   sec  28.1 MBytes   236 Mbits/sec   35   97.8 KBytes       
[  5]   3.00-4.00   sec  28.9 MBytes   242 Mbits/sec   14    121 KBytes       
[  5]   4.00-5.00   sec  28.4 MBytes   238 Mbits/sec   41    112 KBytes       
[  5]   5.00-6.00   sec  27.9 MBytes   234 Mbits/sec   21    125 KBytes       
[  5]   6.00-7.00   sec  28.4 MBytes   238 Mbits/sec   19    118 KBytes       
[  5]   7.00-8.00   sec  28.8 MBytes   242 Mbits/sec   32    102 KBytes       
[  5]   8.00-9.00   sec  28.3 MBytes   237 Mbits/sec   46   95.5 KBytes       
[  5]   9.00-10.00  sec  28.1 MBytes   235 Mbits/sec   23   81.7 KBytes       
[  5]  10.00-11.00  sec  28.2 MBytes   236 Mbits/sec   18    102 KBytes       
[  5]  11.00-12.00  sec  27.1 MBytes   228 Mbits/sec   34    113 KBytes       
[  5]  12.00-13.00  sec  26.9 MBytes   225 Mbits/sec   48   82.8 KBytes       
[  5]  13.00-14.00  sec  27.3 MBytes   229 Mbits/sec   29   82.8 KBytes       
[  5]  14.00-15.00  sec  26.6 MBytes   223 Mbits/sec   41   88.6 KBytes       
[  5]  15.00-16.00  sec  26.3 MBytes   220 Mbits/sec   41   95.5 KBytes       
[  5]  16.00-17.00  sec  26.2 MBytes   220 Mbits/sec   53   84.0 KBytes       
[  5]  17.00-18.00  sec  27.0 MBytes   227 Mbits/sec   33   94.3 KBytes       
[  5]  18.00-19.00  sec  26.2 MBytes   220 Mbits/sec   28    116 KBytes       
[  5]  19.00-20.00  sec  28.2 MBytes   237 Mbits/sec   26    106 KBytes       
[  5]  20.00-21.00  sec  27.9 MBytes   234 Mbits/sec   42   78.2 KBytes       
[  5]  21.00-22.00  sec  26.8 MBytes   225 Mbits/sec   17    130 KBytes       
[  5]  22.00-23.00  sec  27.1 MBytes   228 Mbits/sec   62   70.2 KBytes       
[  5]  23.00-24.00  sec  26.3 MBytes   221 Mbits/sec   19   82.8 KBytes       
[  5]  24.00-25.00  sec  27.7 MBytes   233 Mbits/sec   61    116 KBytes       
[  5]  25.00-26.00  sec  26.3 MBytes   220 Mbits/sec   42   85.1 KBytes       
[  5]  26.00-27.00  sec  26.4 MBytes   221 Mbits/sec   22   90.9 KBytes       
[  5]  27.00-28.00  sec  27.3 MBytes   229 Mbits/sec   43    104 KBytes       
[  5]  28.00-29.00  sec  27.5 MBytes   231 Mbits/sec   22    115 KBytes       
[  5]  29.00-30.00  sec  27.1 MBytes   227 Mbits/sec   63   86.3 KBytes       
[  5]  30.00-31.00  sec  25.8 MBytes   216 Mbits/sec   41   89.7 KBytes       
[  5]  31.00-32.00  sec  25.8 MBytes   216 Mbits/sec   16   89.7 KBytes       
[  5]  32.00-33.00  sec  26.8 MBytes   224 Mbits/sec   14    108 KBytes       
[  5]  33.00-34.00  sec  26.0 MBytes   218 Mbits/sec   57   81.7 KBytes       
[  5]  34.00-35.00  sec  26.7 MBytes   224 Mbits/sec   14   92.0 KBytes       
[  5]  35.00-36.00  sec  26.4 MBytes   221 Mbits/sec   31    106 KBytes       
[  5]  36.00-37.00  sec  26.7 MBytes   224 Mbits/sec   43   84.0 KBytes       
[  5]  37.00-38.00  sec  27.4 MBytes   230 Mbits/sec   53   67.9 KBytes       
[  5]  38.00-39.00  sec  26.9 MBytes   226 Mbits/sec   12   81.7 KBytes       
[  5]  39.00-40.00  sec  26.2 MBytes   220 Mbits/sec   16    113 KBytes       
[  5]  40.00-41.00  sec  26.2 MBytes   220 Mbits/sec   50   85.1 KBytes       
[  5]  41.00-42.00  sec  25.9 MBytes   217 Mbits/sec   19   92.0 KBytes       
[  5]  42.00-43.00  sec  26.4 MBytes   222 Mbits/sec   41   92.0 KBytes       
[  5]  43.00-44.00  sec  27.6 MBytes   231 Mbits/sec   36    110 KBytes       
[  5]  44.00-45.00  sec  26.5 MBytes   222 Mbits/sec   41   84.0 KBytes       
[  5]  45.00-46.00  sec  26.9 MBytes   225 Mbits/sec   13   96.6 KBytes       
[  5]  46.00-47.00  sec  26.6 MBytes   223 Mbits/sec   18    116 KBytes       
[  5]  47.00-48.00  sec  27.4 MBytes   230 Mbits/sec   30    120 KBytes       
[  5]  48.00-49.00  sec  25.8 MBytes   217 Mbits/sec   73   74.8 KBytes       
[  5]  49.00-50.00  sec  27.0 MBytes   227 Mbits/sec   14    118 KBytes       
[  5]  50.00-51.00  sec  27.1 MBytes   228 Mbits/sec   26   88.6 KBytes       
[  5]  51.00-52.00  sec  27.2 MBytes   228 Mbits/sec   27    109 KBytes       
[  5]  52.00-53.00  sec  28.7 MBytes   241 Mbits/sec   14    102 KBytes       
[  5]  53.00-54.00  sec  28.0 MBytes   235 Mbits/sec   42   93.2 KBytes       
[  5]  54.00-55.00  sec  27.8 MBytes   233 Mbits/sec   23    113 KBytes       
[  5]  55.00-56.00  sec  28.5 MBytes   239 Mbits/sec   37   90.9 KBytes       
[  5]  56.00-57.00  sec  26.0 MBytes   218 Mbits/sec   34    104 KBytes       
[  5]  57.00-58.00  sec  26.9 MBytes   225 Mbits/sec   45    107 KBytes       
[  5]  58.00-59.00  sec  26.6 MBytes   223 Mbits/sec   31   81.7 KBytes       
[  5]  59.00-60.00  sec  26.9 MBytes   225 Mbits/sec   23   89.7 KBytes       
- - - - - - - - - - - - - - - - - - - - - - - - -
[ ID] Interval           Transfer     Bitrate         Retr
[  5]   0.00-60.00  sec  1.59 GBytes   227 Mbits/sec  1967             sender
[  5]   0.00-60.04  sec  1.59 GBytes   227 Mbits/sec                  receiver

iperf Done.
