Connecting to host knb-server-664124, port 5201
[  5] local 10.136.173.123 port 60741 connected to 10.43.73.46 port 5201
[ ID] Interval           Transfer     Bitrate         Total Datagrams
[  5]   0.00-1.00   sec  59.2 MBytes   497 Mbits/sec  52700  (omitted)
[  5]   0.00-1.00   sec  77.6 MBytes   651 Mbits/sec  69040  
[  5]   1.00-2.00   sec  68.5 MBytes   574 Mbits/sec  60950  
[  5]   2.00-3.00   sec  78.7 MBytes   660 Mbits/sec  70060  
[  5]   3.00-4.00   sec  78.5 MBytes   658 Mbits/sec  69860  
[  5]   4.00-5.00   sec  78.4 MBytes   658 Mbits/sec  69780  
[  5]   5.00-6.00   sec  78.9 MBytes   662 Mbits/sec  70210  
[  5]   6.00-7.00   sec  78.8 MBytes   661 Mbits/sec  70130  
[  5]   7.00-8.00   sec  77.6 MBytes   651 Mbits/sec  69040  
[  5]   8.00-9.00   sec  78.6 MBytes   660 Mbits/sec  70000  
[  5]   9.00-10.00  sec  78.6 MBytes   660 Mbits/sec  69990  
[  5]  10.00-11.00  sec  77.7 MBytes   652 Mbits/sec  69170  
[  5]  11.00-12.00  sec  78.2 MBytes   656 Mbits/sec  69570  
[  5]  12.00-13.00  sec  78.7 MBytes   660 Mbits/sec  70090  
[  5]  13.00-14.00  sec  78.7 MBytes   660 Mbits/sec  70080  
[  5]  14.00-15.00  sec  78.8 MBytes   661 Mbits/sec  70140  
[  5]  15.00-16.00  sec  78.6 MBytes   659 Mbits/sec  69980  
[  5]  16.00-17.00  sec  79.4 MBytes   666 Mbits/sec  70650  
[  5]  17.00-18.00  sec  78.0 MBytes   654 Mbits/sec  69440  
[  5]  18.00-19.00  sec  72.7 MBytes   609 Mbits/sec  64670  
[  5]  19.00-20.00  sec  62.9 MBytes   528 Mbits/sec  55980  
[  5]  20.00-21.00  sec  65.6 MBytes   550 Mbits/sec  58360  
[  5]  21.00-22.00  sec  77.9 MBytes   653 Mbits/sec  69330  
[  5]  22.00-23.00  sec  78.7 MBytes   660 Mbits/sec  70040  
[  5]  23.00-24.00  sec  80.1 MBytes   672 Mbits/sec  71270  
[  5]  24.00-25.00  sec  78.4 MBytes   657 Mbits/sec  69750  
[  5]  25.00-26.00  sec  79.0 MBytes   663 Mbits/sec  70330  
[  5]  26.00-27.00  sec  78.6 MBytes   660 Mbits/sec  69990  
[  5]  27.00-28.00  sec  77.9 MBytes   654 Mbits/sec  69380  
[  5]  28.00-29.00  sec  78.6 MBytes   660 Mbits/sec  70000  
[  5]  29.00-30.00  sec  77.6 MBytes   651 Mbits/sec  69080  
[  5]  30.00-31.00  sec  76.9 MBytes   645 Mbits/sec  68470  
[  5]  31.00-32.00  sec  79.2 MBytes   664 Mbits/sec  70480  
[  5]  32.00-33.00  sec  78.4 MBytes   657 Mbits/sec  69750  
[  5]  33.00-34.00  sec  78.8 MBytes   661 Mbits/sec  70100  
[  5]  34.00-35.00  sec  77.9 MBytes   654 Mbits/sec  69370  
[  5]  35.00-36.00  sec  77.9 MBytes   653 Mbits/sec  69330  
[  5]  36.00-37.00  sec  78.8 MBytes   661 Mbits/sec  70100  
[  5]  37.00-38.00  sec  77.1 MBytes   647 Mbits/sec  68630  
[  5]  38.00-39.00  sec  77.9 MBytes   654 Mbits/sec  69370  
[  5]  39.00-40.00  sec  78.7 MBytes   660 Mbits/sec  70030  
[  5]  40.00-41.00  sec  78.2 MBytes   656 Mbits/sec  69580  
[  5]  41.00-42.00  sec  78.1 MBytes   655 Mbits/sec  69500  
[  5]  42.00-43.00  sec  79.0 MBytes   662 Mbits/sec  70290  
[  5]  43.00-44.00  sec  79.0 MBytes   663 Mbits/sec  70350  
[  5]  44.00-45.00  sec  78.0 MBytes   655 Mbits/sec  69450  
[  5]  45.00-46.00  sec  78.1 MBytes   655 Mbits/sec  69520  
[  5]  46.00-47.00  sec  77.6 MBytes   651 Mbits/sec  69060  
[  5]  47.00-48.00  sec  76.9 MBytes   645 Mbits/sec  68480  
[  5]  48.00-49.00  sec  76.8 MBytes   644 Mbits/sec  68360  
[  5]  49.00-50.00  sec  76.5 MBytes   642 Mbits/sec  68080  
[  5]  50.00-51.00  sec  78.2 MBytes   656 Mbits/sec  69570  
[  5]  51.00-52.00  sec  78.3 MBytes   657 Mbits/sec  69740  
[  5]  52.00-53.00  sec  79.4 MBytes   666 Mbits/sec  70710  
[  5]  53.00-54.00  sec  79.0 MBytes   662 Mbits/sec  70300  
[  5]  54.00-55.00  sec  78.6 MBytes   659 Mbits/sec  69940  
[  5]  55.00-56.00  sec  78.9 MBytes   662 Mbits/sec  70240  
[  5]  56.00-57.00  sec  78.8 MBytes   661 Mbits/sec  70100  
[  5]  57.00-58.00  sec  78.1 MBytes   655 Mbits/sec  69530  
[  5]  58.00-59.00  sec  79.0 MBytes   663 Mbits/sec  70320  
[  5]  59.00-60.00  sec  79.0 MBytes   663 Mbits/sec  70340  
- - - - - - - - - - - - - - - - - - - - - - - - -
[ ID] Interval           Transfer     Bitrate         Jitter    Lost/Total Datagrams
[  5]   0.00-60.00  sec  4.55 GBytes   651 Mbits/sec  0.000 ms  0/4145450 (0%)  sender
[  5]   0.00-60.00  sec  4.09 GBytes   586 Mbits/sec  0.010 ms  422542/4145448 (10%)  receiver

iperf Done.
