Connecting to host 10.136.80.151, port 5201
[  5] local 10.136.173.121 port 46952 connected to 10.136.80.151 port 5201
[ ID] Interval           Transfer     Bitrate         Total Datagrams
[  5]   0.00-1.00   sec  69.3 MBytes   582 Mbits/sec  61730  (omitted)
[  5]   0.00-1.00   sec  78.6 MBytes   659 Mbits/sec  69960  
[  5]   1.00-2.00   sec  78.4 MBytes   658 Mbits/sec  69800  
[  5]   2.00-3.00   sec  67.5 MBytes   566 Mbits/sec  60070  
[  5]   3.00-4.00   sec  66.0 MBytes   553 Mbits/sec  58720  
[  5]   4.00-5.00   sec  71.2 MBytes   597 Mbits/sec  63400  
[  5]   5.00-6.00   sec  78.6 MBytes   659 Mbits/sec  69920  
[  5]   6.00-7.00   sec  78.0 MBytes   655 Mbits/sec  69450  
[  5]   7.00-8.00   sec  78.0 MBytes   655 Mbits/sec  69450  
[  5]   8.00-9.00   sec  78.7 MBytes   660 Mbits/sec  70060  
[  5]   9.00-10.00  sec  79.8 MBytes   669 Mbits/sec  71040  
[  5]  10.00-11.00  sec  78.8 MBytes   661 Mbits/sec  70130  
[  5]  11.00-12.00  sec  79.5 MBytes   667 Mbits/sec  70810  
[  5]  12.00-13.00  sec  77.6 MBytes   651 Mbits/sec  69080  
[  5]  13.00-14.00  sec  79.0 MBytes   662 Mbits/sec  70290  
[  5]  14.00-15.00  sec  78.4 MBytes   657 Mbits/sec  69760  
[  5]  15.00-16.00  sec  78.8 MBytes   661 Mbits/sec  70120  
[  5]  16.00-17.00  sec  77.7 MBytes   652 Mbits/sec  69170  
[  5]  17.00-18.00  sec  77.7 MBytes   652 Mbits/sec  69200  
[  5]  18.00-19.00  sec  78.3 MBytes   657 Mbits/sec  69680  
[  5]  19.00-20.00  sec  78.1 MBytes   655 Mbits/sec  69520  
[  5]  20.00-21.00  sec  77.8 MBytes   652 Mbits/sec  69210  
[  5]  21.00-22.00  sec  78.0 MBytes   654 Mbits/sec  69440  
[  5]  22.00-23.00  sec  77.5 MBytes   650 Mbits/sec  68960  
[  5]  23.00-24.00  sec  78.1 MBytes   656 Mbits/sec  69560  
[  5]  24.00-25.00  sec  77.8 MBytes   652 Mbits/sec  69230  
[  5]  25.00-26.00  sec  78.7 MBytes   660 Mbits/sec  70060  
[  5]  26.00-27.00  sec  78.1 MBytes   655 Mbits/sec  69500  
[  5]  27.00-28.00  sec  77.9 MBytes   654 Mbits/sec  69370  
[  5]  28.00-29.00  sec  78.1 MBytes   655 Mbits/sec  69500  
[  5]  29.00-30.00  sec  77.9 MBytes   653 Mbits/sec  69320  
[  5]  30.00-31.00  sec  77.9 MBytes   653 Mbits/sec  69350  
[  5]  31.00-32.00  sec  78.9 MBytes   662 Mbits/sec  70200  
[  5]  32.00-33.00  sec  77.4 MBytes   650 Mbits/sec  68940  
[  5]  33.00-34.00  sec  78.3 MBytes   657 Mbits/sec  69710  
[  5]  34.00-35.00  sec  78.4 MBytes   658 Mbits/sec  69830  
[  5]  35.00-36.00  sec  78.0 MBytes   655 Mbits/sec  69460  
[  5]  36.00-37.00  sec  77.9 MBytes   654 Mbits/sec  69350  
[  5]  37.00-38.00  sec  78.4 MBytes   658 Mbits/sec  69780  
[  5]  38.00-39.00  sec  79.2 MBytes   665 Mbits/sec  70520  
[  5]  39.00-40.00  sec  78.6 MBytes   659 Mbits/sec  69960  
[  5]  40.00-41.00  sec  79.1 MBytes   664 Mbits/sec  70450  
[  5]  41.00-42.00  sec  78.9 MBytes   662 Mbits/sec  70260  
[  5]  42.00-43.00  sec  78.4 MBytes   658 Mbits/sec  69780  
[  5]  43.00-44.00  sec  78.8 MBytes   661 Mbits/sec  70170  
[  5]  44.00-45.00  sec  78.7 MBytes   660 Mbits/sec  70090  
[  5]  45.00-46.00  sec  78.6 MBytes   660 Mbits/sec  69980  
[  5]  46.00-47.00  sec  71.7 MBytes   601 Mbits/sec  63800  
[  5]  47.00-48.00  sec  70.9 MBytes   595 Mbits/sec  63120  
[  5]  48.00-49.00  sec  78.2 MBytes   656 Mbits/sec  69650  
[  5]  49.00-50.00  sec  79.1 MBytes   664 Mbits/sec  70440  
[  5]  50.00-51.00  sec  79.1 MBytes   664 Mbits/sec  70430  
[  5]  51.00-52.00  sec  79.5 MBytes   667 Mbits/sec  70810  
[  5]  52.00-53.00  sec  79.2 MBytes   665 Mbits/sec  70530  
[  5]  53.00-54.00  sec  78.8 MBytes   661 Mbits/sec  70170  
[  5]  54.00-55.00  sec  79.2 MBytes   664 Mbits/sec  70460  
[  5]  55.00-56.00  sec  78.9 MBytes   662 Mbits/sec  70240  
[  5]  56.00-57.00  sec  78.6 MBytes   659 Mbits/sec  69960  
[  5]  57.00-58.00  sec  79.1 MBytes   663 Mbits/sec  70370  
[  5]  58.00-59.00  sec  79.1 MBytes   664 Mbits/sec  70420  
[  5]  59.00-60.00  sec  77.8 MBytes   652 Mbits/sec  69220  
- - - - - - - - - - - - - - - - - - - - - - - - -
[ ID] Interval           Transfer     Bitrate         Jitter    Lost/Total Datagrams
[  5]   0.00-60.00  sec  4.55 GBytes   652 Mbits/sec  0.000 ms  0/4151230 (0%)  sender
[  5]   0.00-60.21  sec  4.11 GBytes   587 Mbits/sec  0.013 ms  422674/4151228 (10%)  receiver

iperf Done.
