Connecting to host knb-server-664124, port 5201
[  5] local 10.136.173.122 port 38618 connected to 10.43.73.46 port 5201
[ ID] Interval           Transfer     Bitrate         Retr  Cwnd
[  5]   0.00-1.00   sec  1.08 MBytes  9.02 Mbits/sec  103   2.30 KBytes       (omitted)
[  5]   0.00-1.00   sec   647 KBytes  5.30 Mbits/sec   57   2.30 KBytes       
[  5]   1.00-2.00   sec   235 KBytes  1.92 Mbits/sec   36   1.15 KBytes       
[  5]   2.00-3.00   sec   169 KBytes  1.39 Mbits/sec   19   1.15 KBytes       
[  5]   3.00-4.00   sec  0.00 Bytes  0.00 Mbits/sec    2   1.15 KBytes       
[  5]   4.00-5.00   sec   208 KBytes  1.71 Mbits/sec   22   2.30 KBytes       
[  5]   5.00-6.00   sec  1.08 MBytes  9.02 Mbits/sec   99   2.30 KBytes       
[  5]   6.00-7.00   sec   328 KBytes  2.68 Mbits/sec   39   2.30 KBytes       
[  5]   7.00-8.00   sec  1.21 MBytes  10.1 Mbits/sec  128   1.15 KBytes       
[  5]   8.00-9.00   sec   712 KBytes  5.83 Mbits/sec   80   2.30 KBytes       
[  5]   9.00-10.00  sec   330 KBytes  2.70 Mbits/sec   33   1.15 KBytes       
[  5]  10.00-11.00  sec  1.06 MBytes  8.92 Mbits/sec   89   2.30 KBytes       
[  5]  11.00-12.00  sec   165 KBytes  1.35 Mbits/sec   14   2.30 KBytes       
[  5]  12.00-13.00  sec   411 KBytes  3.37 Mbits/sec   48   2.30 KBytes       
[  5]  13.00-14.00  sec   298 KBytes  2.44 Mbits/sec   40   1.15 KBytes       
[  5]  14.00-15.00  sec   167 KBytes  1.37 Mbits/sec   21   2.30 KBytes       
[  5]  15.00-16.00  sec  0.00 Bytes  0.00 Mbits/sec    7   1.15 KBytes       
[  5]  16.00-17.00  sec   875 KBytes  7.18 Mbits/sec   85   2.30 KBytes       
[  5]  17.00-18.00  sec   165 KBytes  1.35 Mbits/sec   14   1.15 KBytes       
[  5]  18.00-19.00  sec   244 KBytes  2.00 Mbits/sec   32   2.30 KBytes       
[  5]  19.00-20.00  sec   617 KBytes  5.05 Mbits/sec   62   2.30 KBytes       
[  5]  20.00-21.00  sec  81.7 KBytes  0.67 Mbits/sec   14   2.30 KBytes       
[  5]  21.00-22.00  sec   165 KBytes  1.35 Mbits/sec   12   1.15 KBytes       
[  5]  22.00-23.00  sec  1.09 MBytes  9.16 Mbits/sec   97   2.30 KBytes       
[  5]  23.00-24.00  sec   476 KBytes  3.90 Mbits/sec   56   2.30 KBytes       
[  5]  24.00-25.00  sec  1.67 MBytes  14.0 Mbits/sec  137   2.30 KBytes       
[  5]  25.00-26.00  sec  2.86 MBytes  24.0 Mbits/sec  248   2.30 KBytes       
[  5]  26.00-27.00  sec   231 KBytes  1.89 Mbits/sec   28   1.15 KBytes       
[  5]  27.00-28.00  sec   467 KBytes  3.83 Mbits/sec   45   1.15 KBytes       
[  5]  28.00-29.00  sec   152 KBytes  1.24 Mbits/sec   19   1.15 KBytes       
[  5]  29.00-30.00  sec   314 KBytes  2.57 Mbits/sec   32   2.30 KBytes       
[  5]  30.00-31.00  sec   628 KBytes  5.15 Mbits/sec   57   2.30 KBytes       
[  5]  31.00-32.00  sec  77.1 KBytes  0.63 Mbits/sec    8   1.15 KBytes       
[  5]  32.00-33.00  sec   557 KBytes  4.56 Mbits/sec   41   2.30 KBytes       
[  5]  33.00-34.00  sec   306 KBytes  2.51 Mbits/sec   34   2.30 KBytes       
[  5]  34.00-35.00  sec   390 KBytes  3.19 Mbits/sec   38   1.15 KBytes       
[  5]  35.00-36.00  sec   680 KBytes  5.57 Mbits/sec   59   1.15 KBytes       
[  5]  36.00-37.00  sec   642 KBytes  5.26 Mbits/sec   71   1.15 KBytes       
[  5]  37.00-38.00  sec   423 KBytes  3.47 Mbits/sec   40   1.15 KBytes       
[  5]  38.00-39.00  sec   763 KBytes  6.25 Mbits/sec   66   1.15 KBytes       
[  5]  39.00-40.00  sec  1.10 MBytes  9.24 Mbits/sec  108   1.15 KBytes       
[  5]  40.00-41.00  sec  1024 KBytes  8.39 Mbits/sec  100   1.15 KBytes       
[  5]  41.00-42.00  sec   423 KBytes  3.47 Mbits/sec   42   1.15 KBytes       
[  5]  42.00-43.00  sec  1.82 MBytes  15.2 Mbits/sec  150   1.15 KBytes       
[  5]  43.00-44.00  sec  1011 KBytes  8.28 Mbits/sec   76   2.30 KBytes       
[  5]  44.00-45.00  sec   641 KBytes  5.25 Mbits/sec   60   1.15 KBytes       
[  5]  45.00-46.00  sec   448 KBytes  3.67 Mbits/sec   72   1.15 KBytes       
[  5]  46.00-47.00  sec  1.14 MBytes  9.61 Mbits/sec  118   2.30 KBytes       
[  5]  47.00-48.00  sec  1.10 MBytes  9.24 Mbits/sec   91   2.30 KBytes       
[  5]  48.00-49.00  sec   267 KBytes  2.19 Mbits/sec   29   2.30 KBytes       
[  5]  49.00-50.00  sec   659 KBytes  5.40 Mbits/sec   67   2.30 KBytes       
[  5]  50.00-51.00  sec   401 KBytes  3.29 Mbits/sec   33   2.30 KBytes       
[  5]  51.00-52.00  sec   202 KBytes  1.66 Mbits/sec   27   2.30 KBytes       
[  5]  52.00-53.00  sec   282 KBytes  2.31 Mbits/sec   30   1.15 KBytes       
[  5]  53.00-54.00  sec   216 KBytes  1.77 Mbits/sec   28   1.15 KBytes       
[  5]  54.00-55.00  sec   201 KBytes  1.65 Mbits/sec   27   1.15 KBytes       
[  5]  55.00-56.00  sec   438 KBytes  3.59 Mbits/sec   46   2.30 KBytes       
[  5]  56.00-57.00  sec   362 KBytes  2.97 Mbits/sec   43   1.15 KBytes       
[  5]  57.00-58.00  sec  66.7 KBytes  0.55 Mbits/sec    4   1.15 KBytes       
[  5]  58.00-59.00  sec   277 KBytes  2.27 Mbits/sec   39   1.15 KBytes       
[  5]  59.00-60.00  sec  1.33 MBytes  11.1 Mbits/sec  127   2.30 KBytes       
- - - - - - - - - - - - - - - - - - - - - - - - -
[ ID] Interval           Transfer     Bitrate         Retr
[  5]   0.00-60.00  sec  33.9 MBytes  4.73 Mbits/sec  3346             sender
[  5]   0.00-60.04  sec  33.8 MBytes  4.72 Mbits/sec                  receiver

iperf Done.
