Connecting to host 10.136.80.151, port 5201
[  5] local 10.136.173.120 port 47592 connected to 10.136.80.151 port 5201
[ ID] Interval           Transfer     Bitrate         Retr  Cwnd
[  5]   0.00-1.00   sec   286 KBytes  2.35 Mbits/sec   32   1.15 KBytes       (omitted)
[  5]   0.00-1.00   sec   156 KBytes  1.28 Mbits/sec   18   1.15 KBytes       
[  5]   1.00-2.00   sec   137 KBytes  1.12 Mbits/sec   22   1.15 KBytes       
[  5]   2.00-3.00   sec   862 KBytes  7.06 Mbits/sec   77   1.15 KBytes       
[  5]   3.00-4.00   sec   153 KBytes  1.25 Mbits/sec   31   1.15 KBytes       
[  5]   4.00-5.00   sec   253 KBytes  2.07 Mbits/sec   26   1.15 KBytes       
[  5]   5.00-6.00   sec  0.00 Bytes  0.00 Mbits/sec    2   1.15 KBytes       
[  5]   6.00-7.00   sec   181 KBytes  1.48 Mbits/sec   12   2.30 KBytes       
[  5]   7.00-8.00   sec   375 KBytes  3.07 Mbits/sec   40   1.15 KBytes       
[  5]   8.00-9.00   sec  1.12 MBytes  9.41 Mbits/sec   96   1.15 KBytes       
[  5]   9.00-10.00  sec   284 KBytes  2.33 Mbits/sec   22   2.30 KBytes       
[  5]  10.00-11.00  sec   204 KBytes  1.67 Mbits/sec   22   2.30 KBytes       
[  5]  11.00-12.00  sec   232 KBytes  1.90 Mbits/sec   26   1.15 KBytes       
[  5]  12.00-13.00  sec   557 KBytes  4.56 Mbits/sec   49   2.30 KBytes       
[  5]  13.00-14.00  sec   496 KBytes  4.06 Mbits/sec   45   2.30 KBytes       
[  5]  14.00-15.00  sec  1.04 MBytes  8.75 Mbits/sec  106   2.30 KBytes       
[  5]  15.00-16.00  sec   496 KBytes  4.06 Mbits/sec   45   3.45 KBytes       
[  5]  16.00-17.00  sec   568 KBytes  4.65 Mbits/sec   52   1.15 KBytes       
[  5]  17.00-18.00  sec   902 KBytes  7.39 Mbits/sec   71   2.30 KBytes       
[  5]  18.00-19.00  sec  77.1 KBytes  0.63 Mbits/sec   16   1.15 KBytes       
[  5]  19.00-20.00  sec   553 KBytes  4.54 Mbits/sec   66   2.30 KBytes       
[  5]  20.00-21.00  sec  77.1 KBytes  0.63 Mbits/sec   11   2.30 KBytes       
[  5]  21.00-22.00  sec   240 KBytes  1.97 Mbits/sec   25   1.15 KBytes       
[  5]  22.00-23.00  sec   152 KBytes  1.24 Mbits/sec   25   1.15 KBytes       
[  5]  23.00-24.00  sec   385 KBytes  3.16 Mbits/sec   25   1.15 KBytes       
[  5]  24.00-25.00  sec   391 KBytes  3.20 Mbits/sec   36   5.75 KBytes       
[  5]  25.00-26.00  sec   663 KBytes  5.43 Mbits/sec   59   1.15 KBytes       
[  5]  26.00-27.00  sec   153 KBytes  1.25 Mbits/sec   17   2.30 KBytes       
[  5]  27.00-28.00  sec   306 KBytes  2.51 Mbits/sec   41   1.15 KBytes       
[  5]  28.00-29.00  sec  0.00 Bytes  0.00 Mbits/sec    2   1.15 KBytes       
[  5]  29.00-30.00  sec  0.00 Bytes  0.00 Mbits/sec    1   1.15 KBytes       
[  5]  30.00-31.00  sec  0.00 Bytes  0.00 Mbits/sec    0   1.15 KBytes       
[  5]  31.00-32.00  sec   387 KBytes  3.17 Mbits/sec   36   2.30 KBytes       
[  5]  32.00-33.00  sec   464 KBytes  3.80 Mbits/sec   34   1.15 KBytes       
[  5]  33.00-34.00  sec   309 KBytes  2.53 Mbits/sec   36   1.15 KBytes       
[  5]  34.00-35.00  sec   399 KBytes  3.27 Mbits/sec   44   1.15 KBytes       
[  5]  35.00-36.00  sec   321 KBytes  2.63 Mbits/sec   35   1.15 KBytes       
[  5]  36.00-37.00  sec   895 KBytes  7.33 Mbits/sec   85   1.15 KBytes       
[  5]  37.00-38.00  sec   727 KBytes  5.96 Mbits/sec   64   2.30 KBytes       
[  5]  38.00-39.00  sec  1.10 MBytes  9.24 Mbits/sec   94   1.15 KBytes       
[  5]  39.00-40.00  sec   957 KBytes  7.84 Mbits/sec   89   1.15 KBytes       
[  5]  40.00-41.00  sec   400 KBytes  3.28 Mbits/sec   32   1.15 KBytes       
[  5]  41.00-42.00  sec  66.7 KBytes  0.55 Mbits/sec   14   1.15 KBytes       
[  5]  42.00-43.00  sec   129 KBytes  1.06 Mbits/sec   15   1.15 KBytes       
[  5]  43.00-44.00  sec  1.53 MBytes  12.9 Mbits/sec  136   1.15 KBytes       
[  5]  44.00-45.00  sec   898 KBytes  7.36 Mbits/sec   84   2.30 KBytes       
[  5]  45.00-46.00  sec  65.6 KBytes  0.54 Mbits/sec   10   1.15 KBytes       
[  5]  46.00-47.00  sec   129 KBytes  1.06 Mbits/sec   13   1.15 KBytes       
[  5]  47.00-48.00  sec   323 KBytes  2.65 Mbits/sec   36   1.15 KBytes       
[  5]  48.00-49.00  sec  1.24 MBytes  10.4 Mbits/sec  105   1.15 KBytes       
[  5]  49.00-50.00  sec  1.52 MBytes  12.7 Mbits/sec  136   2.30 KBytes       
[  5]  50.00-51.00  sec   483 KBytes  3.96 Mbits/sec   48   2.30 KBytes       
[  5]  51.00-52.00  sec   707 KBytes  5.80 Mbits/sec   81   2.30 KBytes       
[  5]  52.00-53.00  sec   546 KBytes  4.48 Mbits/sec   49   2.30 KBytes       
[  5]  53.00-54.00  sec   260 KBytes  2.13 Mbits/sec   35   2.30 KBytes       
[  5]  54.00-55.00  sec   695 KBytes  5.69 Mbits/sec   48   1.15 KBytes       
[  5]  55.00-56.00  sec  1.84 MBytes  15.5 Mbits/sec  167   1.15 KBytes       
[  5]  56.00-57.00  sec  1.01 MBytes  8.44 Mbits/sec   93   2.30 KBytes       
[  5]  57.00-58.00  sec   253 KBytes  2.07 Mbits/sec   25   1.15 KBytes       
[  5]  58.00-59.00  sec   387 KBytes  3.17 Mbits/sec   37   1.15 KBytes       
[  5]  59.00-60.00  sec   781 KBytes  6.40 Mbits/sec   66   2.30 KBytes       
- - - - - - - - - - - - - - - - - - - - - - - - -
[ ID] Interval           Transfer     Bitrate         Retr
[  5]   0.00-60.00  sec  29.4 MBytes  4.11 Mbits/sec  2833             sender
[  5]   0.00-60.04  sec  29.3 MBytes  4.10 Mbits/sec                  receiver

iperf Done.
