Connecting to host 10.136.80.182, port 5201
[  5] local 10.136.173.104 port 38407 connected to 10.136.80.182 port 5201
[ ID] Interval           Transfer     Bitrate         Total Datagrams
[  5]   0.00-1.00   sec  56.3 MBytes   472 Mbits/sec  50080  (omitted)
[  5]   0.00-1.00   sec  56.3 MBytes   472 Mbits/sec  50100  
[  5]   1.00-2.00   sec  67.4 MBytes   566 Mbits/sec  60010  
[  5]   2.00-3.00   sec  75.0 MBytes   629 Mbits/sec  66730  
[  5]   3.00-4.00   sec  75.0 MBytes   629 Mbits/sec  66760  
[  5]   4.00-5.00   sec  75.5 MBytes   634 Mbits/sec  67240  
[  5]   5.00-6.00   sec  75.0 MBytes   629 Mbits/sec  66750  
[  5]   6.00-7.00   sec  77.3 MBytes   649 Mbits/sec  68850  
[  5]   7.00-8.00   sec  62.5 MBytes   524 Mbits/sec  55640  
[  5]   8.00-9.00   sec  70.8 MBytes   594 Mbits/sec  63030  
[  5]   9.00-10.00  sec  75.1 MBytes   630 Mbits/sec  66850  
[  5]  10.00-11.00  sec  76.2 MBytes   639 Mbits/sec  67860  
[  5]  11.00-12.00  sec  75.5 MBytes   634 Mbits/sec  67230  
[  5]  12.00-13.00  sec  74.7 MBytes   626 Mbits/sec  66480  
[  5]  13.00-14.00  sec  77.5 MBytes   650 Mbits/sec  68980  
[  5]  14.00-15.00  sec  75.6 MBytes   634 Mbits/sec  67290  
[  5]  15.00-16.00  sec  75.3 MBytes   632 Mbits/sec  67060  
[  5]  16.00-17.00  sec  75.3 MBytes   632 Mbits/sec  67060  
[  5]  17.00-18.00  sec  75.8 MBytes   636 Mbits/sec  67500  
[  5]  18.00-19.00  sec  63.7 MBytes   535 Mbits/sec  56740  
[  5]  19.00-20.00  sec  61.8 MBytes   518 Mbits/sec  55000  
[  5]  20.00-21.00  sec  63.5 MBytes   533 Mbits/sec  56540  
[  5]  21.00-22.00  sec  57.5 MBytes   483 Mbits/sec  51210  
[  5]  22.00-23.00  sec  76.5 MBytes   642 Mbits/sec  68110  
[  5]  23.00-24.00  sec  72.8 MBytes   611 Mbits/sec  64840  
[  5]  24.00-25.00  sec  77.1 MBytes   647 Mbits/sec  68650  
[  5]  25.00-26.00  sec  75.8 MBytes   636 Mbits/sec  67500  
[  5]  26.00-27.00  sec  75.7 MBytes   635 Mbits/sec  67340  
[  5]  27.00-28.00  sec  74.6 MBytes   626 Mbits/sec  66370  
[  5]  28.00-29.00  sec  64.1 MBytes   538 Mbits/sec  57060  
[  5]  29.00-30.00  sec  77.1 MBytes   647 Mbits/sec  68630  
[  5]  30.00-31.00  sec  76.9 MBytes   645 Mbits/sec  68410  
[  5]  31.00-32.00  sec  76.7 MBytes   643 Mbits/sec  68240  
[  5]  32.00-33.00  sec  77.2 MBytes   648 Mbits/sec  68760  
[  5]  33.00-34.00  sec  74.8 MBytes   628 Mbits/sec  66590  
[  5]  34.00-35.00  sec  77.8 MBytes   652 Mbits/sec  69230  
[  5]  35.00-36.00  sec  76.8 MBytes   645 Mbits/sec  68390  
[  5]  36.00-37.00  sec  76.8 MBytes   644 Mbits/sec  68320  
[  5]  37.00-38.00  sec  74.4 MBytes   624 Mbits/sec  66240  
[  5]  38.00-39.00  sec  78.1 MBytes   655 Mbits/sec  69550  
[  5]  39.00-40.00  sec  74.6 MBytes   625 Mbits/sec  66360  
[  5]  40.00-41.00  sec  76.3 MBytes   640 Mbits/sec  67910  
[  5]  41.00-42.00  sec  76.2 MBytes   640 Mbits/sec  67870  
[  5]  42.00-43.00  sec  75.0 MBytes   629 Mbits/sec  66750  
[  5]  43.00-44.00  sec  74.3 MBytes   623 Mbits/sec  66160  
[  5]  44.00-45.00  sec  76.8 MBytes   644 Mbits/sec  68380  
[  5]  45.00-46.00  sec  76.7 MBytes   643 Mbits/sec  68260  
[  5]  46.00-47.00  sec  77.1 MBytes   647 Mbits/sec  68620  
[  5]  47.00-48.00  sec  70.4 MBytes   591 Mbits/sec  62700  
[  5]  48.00-49.00  sec  70.8 MBytes   594 Mbits/sec  63060  
[  5]  49.00-50.00  sec  77.2 MBytes   647 Mbits/sec  68690  
[  5]  50.00-51.00  sec  75.9 MBytes   636 Mbits/sec  67530  
[  5]  51.00-52.00  sec  70.2 MBytes   589 Mbits/sec  62510  
[  5]  52.00-53.00  sec  77.6 MBytes   651 Mbits/sec  69090  
[  5]  53.00-54.00  sec  73.5 MBytes   616 Mbits/sec  65390  
[  5]  54.00-55.00  sec  75.6 MBytes   634 Mbits/sec  67270  
[  5]  55.00-56.00  sec  75.0 MBytes   629 Mbits/sec  66750  
[  5]  56.00-57.00  sec  72.4 MBytes   607 Mbits/sec  64420  
[  5]  57.00-58.00  sec  62.6 MBytes   525 Mbits/sec  55740  
[  5]  58.00-59.00  sec  75.7 MBytes   635 Mbits/sec  67420  
[  5]  59.00-60.00  sec  77.1 MBytes   647 Mbits/sec  68610  
- - - - - - - - - - - - - - - - - - - - - - - - -
[ ID] Interval           Transfer     Bitrate         Jitter    Lost/Total Datagrams
[  5]   0.00-60.00  sec  4.30 GBytes   616 Mbits/sec  0.000 ms  0/3922630 (0%)  sender
[  5]   0.00-60.15  sec  1.56 GBytes   223 Mbits/sec  0.009 ms  2518725/3922630 (64%)  receiver

iperf Done.
