Connecting to host 10.136.80.171, port 5201
[  5] local 10.136.173.123 port 45884 connected to 10.136.80.171 port 5201
[ ID] Interval           Transfer     Bitrate         Total Datagrams
[  5]   0.00-1.00   sec  54.9 MBytes   461 Mbits/sec  48890  (omitted)
[  5]   0.00-1.00   sec  53.2 MBytes   446 Mbits/sec  47340  
[  5]   1.00-2.00   sec  53.9 MBytes   453 Mbits/sec  48020  
[  5]   2.00-3.00   sec  51.9 MBytes   435 Mbits/sec  46210  
[  5]   3.00-4.00   sec  53.8 MBytes   452 Mbits/sec  47930  
[  5]   4.00-5.00   sec  56.6 MBytes   474 Mbits/sec  50350  
[  5]   5.00-6.00   sec  52.9 MBytes   444 Mbits/sec  47060  
[  5]   6.00-7.00   sec  51.9 MBytes   435 Mbits/sec  46160  
[  5]   7.00-8.00   sec  53.5 MBytes   448 Mbits/sec  47580  
[  5]   8.00-9.00   sec  54.7 MBytes   459 Mbits/sec  48710  
[  5]   9.00-10.00  sec  52.1 MBytes   437 Mbits/sec  46420  
[  5]  10.00-11.00  sec  53.8 MBytes   452 Mbits/sec  47920  
[  5]  11.00-12.00  sec  55.6 MBytes   466 Mbits/sec  49500  
[  5]  12.00-13.00  sec  53.1 MBytes   445 Mbits/sec  47260  
[  5]  13.00-14.00  sec  54.0 MBytes   453 Mbits/sec  48050  
[  5]  14.00-15.00  sec  53.5 MBytes   449 Mbits/sec  47620  
[  5]  15.00-16.00  sec  55.5 MBytes   466 Mbits/sec  49440  
[  5]  16.00-17.00  sec  55.2 MBytes   463 Mbits/sec  49110  
[  5]  17.00-18.00  sec  53.4 MBytes   448 Mbits/sec  47540  
[  5]  18.00-19.00  sec  54.4 MBytes   457 Mbits/sec  48460  
[  5]  19.00-20.00  sec  56.7 MBytes   476 Mbits/sec  50470  
[  5]  20.00-21.00  sec  53.3 MBytes   447 Mbits/sec  47400  
[  5]  21.00-22.00  sec  54.5 MBytes   457 Mbits/sec  48500  
[  5]  22.00-23.00  sec  56.0 MBytes   470 Mbits/sec  49830  
[  5]  23.00-24.00  sec  54.5 MBytes   457 Mbits/sec  48510  
[  5]  24.00-25.00  sec  52.8 MBytes   443 Mbits/sec  47040  
[  5]  25.00-26.00  sec  54.9 MBytes   460 Mbits/sec  48840  
[  5]  26.00-27.00  sec  52.3 MBytes   438 Mbits/sec  46520  
[  5]  27.00-28.00  sec  52.5 MBytes   440 Mbits/sec  46690  
[  5]  28.00-29.00  sec  55.3 MBytes   464 Mbits/sec  49190  
[  5]  29.00-30.00  sec  52.5 MBytes   440 Mbits/sec  46700  
[  5]  30.00-31.00  sec  52.3 MBytes   438 Mbits/sec  46520  
[  5]  31.00-32.00  sec  59.5 MBytes   499 Mbits/sec  53000  
[  5]  32.00-33.00  sec  52.2 MBytes   438 Mbits/sec  46440  
[  5]  33.00-34.00  sec  53.2 MBytes   446 Mbits/sec  47360  
[  5]  34.00-35.00  sec  53.8 MBytes   451 Mbits/sec  47900  
[  5]  35.00-36.00  sec  56.1 MBytes   471 Mbits/sec  49980  
[  5]  36.00-37.00  sec  52.1 MBytes   437 Mbits/sec  46370  
[  5]  37.00-38.00  sec  50.6 MBytes   425 Mbits/sec  45080  
[  5]  38.00-39.00  sec  56.3 MBytes   472 Mbits/sec  50090  
[  5]  39.00-40.00  sec  56.8 MBytes   476 Mbits/sec  50530  
[  5]  40.00-41.00  sec  55.8 MBytes   468 Mbits/sec  49680  
[  5]  41.00-42.00  sec  55.4 MBytes   465 Mbits/sec  49290  
[  5]  42.00-43.00  sec  52.1 MBytes   437 Mbits/sec  46350  
[  5]  43.00-44.00  sec  54.1 MBytes   454 Mbits/sec  48130  
[  5]  44.00-45.00  sec  54.1 MBytes   454 Mbits/sec  48140  
[  5]  45.00-46.00  sec  52.4 MBytes   440 Mbits/sec  46640  
[  5]  46.00-47.00  sec  52.7 MBytes   443 Mbits/sec  46950  
[  5]  47.00-48.00  sec  56.5 MBytes   474 Mbits/sec  50280  
[  5]  48.00-49.00  sec  53.1 MBytes   445 Mbits/sec  47270  
[  5]  49.00-50.00  sec  54.7 MBytes   459 Mbits/sec  48660  
[  5]  50.00-51.00  sec  54.3 MBytes   455 Mbits/sec  48290  
[  5]  51.00-52.00  sec  53.4 MBytes   448 Mbits/sec  47510  
[  5]  52.00-53.00  sec  51.0 MBytes   428 Mbits/sec  45390  
[  5]  53.00-54.00  sec  54.3 MBytes   456 Mbits/sec  48360  
[  5]  54.00-55.00  sec  54.3 MBytes   455 Mbits/sec  48320  
[  5]  55.00-56.00  sec  53.7 MBytes   450 Mbits/sec  47780  
[  5]  56.00-57.00  sec  54.4 MBytes   457 Mbits/sec  48450  
[  5]  57.00-58.00  sec  56.8 MBytes   477 Mbits/sec  50600  
[  5]  58.00-59.00  sec  40.5 MBytes   340 Mbits/sec  36070  
[  5]  59.00-60.00  sec  54.5 MBytes   457 Mbits/sec  48480  
- - - - - - - - - - - - - - - - - - - - - - - - -
[ ID] Interval           Transfer     Bitrate         Jitter    Lost/Total Datagrams
[  5]   0.00-60.00  sec  3.15 GBytes   451 Mbits/sec  0.000 ms  0/2874280 (0%)  sender
[  5]   0.00-60.26  sec  1.88 GBytes   269 Mbits/sec  0.006 ms  1180423/2874280 (41%)  receiver

iperf Done.
