Connecting to host knb-server-433687, port 5201
[  5] local 10.136.173.125 port 33874 connected to 10.43.81.54 port 5201
[ ID] Interval           Transfer     Bitrate         Total Datagrams
[  5]   0.00-1.00   sec  50.9 MBytes   427 Mbits/sec  45300  (omitted)
[  5]   0.00-1.00   sec  50.4 MBytes   423 Mbits/sec  44870  
[  5]   1.00-2.00   sec  49.4 MBytes   414 Mbits/sec  43940  
[  5]   2.00-3.00   sec  57.8 MBytes   485 Mbits/sec  51420  
[  5]   3.00-4.00   sec  51.8 MBytes   435 Mbits/sec  46130  
[  5]   4.00-5.00   sec  52.6 MBytes   442 Mbits/sec  46860  
[  5]   5.00-6.00   sec  50.2 MBytes   421 Mbits/sec  44660  
[  5]   6.00-7.00   sec  51.5 MBytes   432 Mbits/sec  45850  
[  5]   7.00-8.00   sec  51.5 MBytes   432 Mbits/sec  45870  
[  5]   8.00-9.00   sec  50.4 MBytes   423 Mbits/sec  44880  
[  5]   9.00-10.00  sec  49.8 MBytes   418 Mbits/sec  44350  
[  5]  10.00-11.00  sec  51.4 MBytes   431 Mbits/sec  45780  
[  5]  11.00-12.00  sec  51.9 MBytes   435 Mbits/sec  46200  
[  5]  12.00-13.00  sec  51.5 MBytes   432 Mbits/sec  45880  
[  5]  13.00-14.00  sec  52.6 MBytes   441 Mbits/sec  46820  
[  5]  14.00-15.00  sec  55.0 MBytes   462 Mbits/sec  49000  
[  5]  15.00-16.00  sec  51.0 MBytes   428 Mbits/sec  45380  
[  5]  16.00-17.00  sec  51.5 MBytes   432 Mbits/sec  45880  
[  5]  17.00-18.00  sec  54.0 MBytes   453 Mbits/sec  48090  
[  5]  18.00-19.00  sec  50.3 MBytes   422 Mbits/sec  44760  
[  5]  19.00-20.00  sec  49.7 MBytes   417 Mbits/sec  44200  
[  5]  20.00-21.00  sec  50.8 MBytes   426 Mbits/sec  45210  
[  5]  21.00-22.00  sec  51.8 MBytes   435 Mbits/sec  46150  
[  5]  22.00-23.00  sec  52.8 MBytes   443 Mbits/sec  46990  
[  5]  23.00-24.00  sec  55.0 MBytes   461 Mbits/sec  48920  
[  5]  24.00-25.00  sec  50.5 MBytes   424 Mbits/sec  44950  
[  5]  25.00-26.00  sec  53.0 MBytes   445 Mbits/sec  47190  
[  5]  26.00-27.00  sec  53.7 MBytes   451 Mbits/sec  47800  
[  5]  27.00-28.00  sec  50.9 MBytes   427 Mbits/sec  45350  
[  5]  28.00-29.00  sec  47.8 MBytes   401 Mbits/sec  42570  
[  5]  29.00-30.00  sec  52.4 MBytes   439 Mbits/sec  46630  
[  5]  30.00-31.00  sec  53.0 MBytes   445 Mbits/sec  47180  
[  5]  31.00-32.00  sec  52.5 MBytes   441 Mbits/sec  46770  
[  5]  32.00-33.00  sec  50.2 MBytes   421 Mbits/sec  44650  
[  5]  33.00-34.00  sec  51.2 MBytes   429 Mbits/sec  45560  
[  5]  34.00-35.00  sec  51.4 MBytes   431 Mbits/sec  45760  
[  5]  35.00-36.00  sec  53.2 MBytes   446 Mbits/sec  47360  
[  5]  36.00-37.00  sec  53.4 MBytes   448 Mbits/sec  47520  
[  5]  37.00-38.00  sec  52.5 MBytes   440 Mbits/sec  46690  
[  5]  38.00-39.00  sec  50.5 MBytes   424 Mbits/sec  44990  
[  5]  39.00-40.00  sec  54.2 MBytes   454 Mbits/sec  48210  
[  5]  40.00-41.00  sec  48.7 MBytes   409 Mbits/sec  43390  
[  5]  41.00-42.00  sec  48.8 MBytes   410 Mbits/sec  43470  
[  5]  42.00-43.00  sec  50.0 MBytes   420 Mbits/sec  44530  
[  5]  43.00-44.00  sec  48.3 MBytes   405 Mbits/sec  42950  
[  5]  44.00-45.00  sec  53.1 MBytes   445 Mbits/sec  47270  
[  5]  45.00-46.00  sec  51.9 MBytes   436 Mbits/sec  46220  
[  5]  46.00-47.00  sec  49.2 MBytes   413 Mbits/sec  43820  
[  5]  47.00-48.00  sec  51.8 MBytes   435 Mbits/sec  46150  
[  5]  48.00-49.00  sec  51.9 MBytes   435 Mbits/sec  46180  
[  5]  49.00-50.00  sec  49.7 MBytes   417 Mbits/sec  44260  
[  5]  50.00-51.00  sec  50.9 MBytes   427 Mbits/sec  45290  
[  5]  51.00-52.00  sec  50.4 MBytes   423 Mbits/sec  44870  
[  5]  52.00-53.00  sec  54.9 MBytes   460 Mbits/sec  48830  
[  5]  53.00-54.00  sec  50.9 MBytes   427 Mbits/sec  45290  
[  5]  54.00-55.00  sec  48.6 MBytes   407 Mbits/sec  43230  
[  5]  55.00-56.00  sec  50.6 MBytes   425 Mbits/sec  45070  
[  5]  56.00-57.00  sec  50.5 MBytes   424 Mbits/sec  44960  
[  5]  57.00-58.00  sec  53.5 MBytes   449 Mbits/sec  47600  
[  5]  58.00-59.00  sec  51.5 MBytes   432 Mbits/sec  45810  
[  5]  59.00-60.00  sec  55.6 MBytes   466 Mbits/sec  49490  
- - - - - - - - - - - - - - - - - - - - - - - - -
[ ID] Interval           Transfer     Bitrate         Jitter    Lost/Total Datagrams
[  5]   0.00-60.00  sec  3.02 GBytes   433 Mbits/sec  0.000 ms  0/2755950 (0%)  sender
[  5]   0.00-60.24  sec  1.88 GBytes   268 Mbits/sec  0.149 ms  1061325/2755950 (39%)  receiver

iperf Done.
