Connecting to host 10.136.80.144, port 5201
[  5] local 10.136.173.72 port 58082 connected to 10.136.80.144 port 5201
[ ID] Interval           Transfer     Bitrate         Retr  Cwnd
[  5]   0.00-1.00   sec  95.3 MBytes   800 Mbits/sec   21    819 KBytes       (omitted)
[  5]   0.00-1.00   sec  91.2 MBytes   765 Mbits/sec   27    498 KBytes       
[  5]   1.00-2.00   sec  91.2 MBytes   765 Mbits/sec    2    620 KBytes       
[  5]   2.00-3.00   sec  92.5 MBytes   776 Mbits/sec    0    722 KBytes       
[  5]   3.00-4.00   sec  92.5 MBytes   776 Mbits/sec    5    583 KBytes       
[  5]   4.00-5.00   sec  91.2 MBytes   765 Mbits/sec    0    691 KBytes       
[  5]   5.00-6.00   sec  91.2 MBytes   766 Mbits/sec    0    785 KBytes       
[  5]   6.00-7.00   sec  92.5 MBytes   776 Mbits/sec    0    868 KBytes       
[  5]   7.00-8.00   sec  92.5 MBytes   776 Mbits/sec    1    941 KBytes       
[  5]   8.00-9.00   sec  91.2 MBytes   766 Mbits/sec    0   1010 KBytes       
[  5]   9.00-10.00  sec  92.5 MBytes   776 Mbits/sec   21    572 KBytes       
[  5]  10.00-11.00  sec  91.2 MBytes   765 Mbits/sec    0    680 KBytes       
[  5]  11.00-12.00  sec  91.2 MBytes   765 Mbits/sec    8    545 KBytes       
[  5]  12.00-13.00  sec  92.5 MBytes   776 Mbits/sec    0    661 KBytes       
[  5]  13.00-14.00  sec  91.2 MBytes   765 Mbits/sec    7    558 KBytes       
[  5]  14.00-15.00  sec  91.2 MBytes   765 Mbits/sec    0    668 KBytes       
[  5]  15.00-16.00  sec  92.5 MBytes   776 Mbits/sec    7    538 KBytes       
[  5]  16.00-17.00  sec  91.2 MBytes   765 Mbits/sec    7    498 KBytes       
[  5]  17.00-18.00  sec  91.2 MBytes   765 Mbits/sec    0    618 KBytes       
[  5]  18.00-19.00  sec  91.2 MBytes   765 Mbits/sec    0    722 KBytes       
[  5]  19.00-20.00  sec  92.5 MBytes   776 Mbits/sec    6    582 KBytes       
[  5]  20.00-21.00  sec  91.2 MBytes   765 Mbits/sec    7    526 KBytes       
[  5]  21.00-22.00  sec  91.2 MBytes   765 Mbits/sec    0    644 KBytes       
[  5]  22.00-23.00  sec  92.5 MBytes   776 Mbits/sec    0    743 KBytes       
[  5]  23.00-24.00  sec  91.2 MBytes   765 Mbits/sec   13    445 KBytes       
[  5]  24.00-25.00  sec  91.2 MBytes   765 Mbits/sec    0    576 KBytes       
[  5]  25.00-26.00  sec  92.5 MBytes   776 Mbits/sec    0    687 KBytes       
[  5]  26.00-27.00  sec  91.2 MBytes   766 Mbits/sec    0    781 KBytes       
[  5]  27.00-28.00  sec  92.5 MBytes   776 Mbits/sec    0    863 KBytes       
[  5]  28.00-29.00  sec  91.2 MBytes   765 Mbits/sec    0    939 KBytes       
[  5]  29.00-30.00  sec  92.5 MBytes   776 Mbits/sec   12    721 KBytes       
[  5]  30.00-31.00  sec  92.5 MBytes   776 Mbits/sec    0    812 KBytes       
[  5]  31.00-32.00  sec  91.2 MBytes   765 Mbits/sec    0    887 KBytes       
[  5]  32.00-33.00  sec  92.5 MBytes   776 Mbits/sec    1    960 KBytes       
[  5]  33.00-34.00  sec  92.5 MBytes   776 Mbits/sec    7    750 KBytes       
[  5]  34.00-35.00  sec  91.2 MBytes   765 Mbits/sec    0    831 KBytes       
[  5]  35.00-36.00  sec  92.5 MBytes   776 Mbits/sec    0    908 KBytes       
[  5]  36.00-37.00  sec  75.0 MBytes   629 Mbits/sec  638   1.14 MBytes       
[  5]  37.00-38.00  sec  91.2 MBytes   765 Mbits/sec    0   1.27 MBytes       
[  5]  38.00-39.00  sec  92.5 MBytes   776 Mbits/sec   50    707 KBytes       
[  5]  39.00-40.00  sec  92.5 MBytes   776 Mbits/sec    0    799 KBytes       
[  5]  40.00-41.00  sec  91.2 MBytes   765 Mbits/sec    7    635 KBytes       
[  5]  41.00-42.00  sec  92.5 MBytes   776 Mbits/sec    0    734 KBytes       
[  5]  42.00-43.00  sec  91.2 MBytes   765 Mbits/sec    0    822 KBytes       
[  5]  43.00-44.00  sec  92.5 MBytes   776 Mbits/sec    0    902 KBytes       
[  5]  44.00-45.00  sec  91.2 MBytes   765 Mbits/sec    0    976 KBytes       
[  5]  45.00-46.00  sec  92.5 MBytes   776 Mbits/sec   16    760 KBytes       
[  5]  46.00-47.00  sec  92.5 MBytes   776 Mbits/sec    0    844 KBytes       
[  5]  47.00-48.00  sec  92.5 MBytes   776 Mbits/sec    0    917 KBytes       
[  5]  48.00-49.00  sec  91.2 MBytes   765 Mbits/sec    0    988 KBytes       
[  5]  49.00-50.00  sec  92.5 MBytes   776 Mbits/sec   13    558 KBytes       
[  5]  50.00-51.00  sec  92.5 MBytes   776 Mbits/sec    0    670 KBytes       
[  5]  51.00-52.00  sec  91.2 MBytes   765 Mbits/sec    0    766 KBytes       
[  5]  52.00-53.00  sec  92.5 MBytes   776 Mbits/sec    0    851 KBytes       
[  5]  53.00-54.00  sec  91.2 MBytes   765 Mbits/sec    4    685 KBytes       
[  5]  54.00-55.00  sec  92.5 MBytes   776 Mbits/sec    0    780 KBytes       
[  5]  55.00-56.00  sec  91.2 MBytes   765 Mbits/sec    0    863 KBytes       
[  5]  56.00-57.00  sec  92.5 MBytes   776 Mbits/sec   14    696 KBytes       
[  5]  57.00-58.00  sec  92.5 MBytes   776 Mbits/sec    0    788 KBytes       
[  5]  58.00-59.00  sec  91.2 MBytes   765 Mbits/sec    0    871 KBytes       
[  5]  59.00-60.00  sec  92.5 MBytes   776 Mbits/sec    5    676 KBytes       
- - - - - - - - - - - - - - - - - - - - - - - - -
[ ID] Interval           Transfer     Bitrate         Retr
[  5]   0.00-60.00  sec  5.37 GBytes   768 Mbits/sec  878             sender
[  5]   0.00-60.04  sec  5.37 GBytes   768 Mbits/sec                  receiver

iperf Done.
