Connecting to host 10.136.80.165, port 5201
[  5] local 10.136.173.105 port 53644 connected to 10.136.80.165 port 5201
[ ID] Interval           Transfer     Bitrate         Total Datagrams
[  5]   0.00-1.00   sec  54.4 MBytes   456 Mbits/sec  48400  (omitted)
[  5]   0.00-1.00   sec  53.8 MBytes   451 Mbits/sec  47860  
[  5]   1.00-2.00   sec  55.8 MBytes   468 Mbits/sec  49670  
[  5]   2.00-3.00   sec  53.6 MBytes   450 Mbits/sec  47730  
[  5]   3.00-4.00   sec  47.2 MBytes   396 Mbits/sec  42020  
[  5]   4.00-5.00   sec  40.8 MBytes   342 Mbits/sec  36330  
[  5]   5.00-6.00   sec  55.7 MBytes   468 Mbits/sec  49610  
[  5]   6.00-7.00   sec  53.7 MBytes   451 Mbits/sec  47810  
[  5]   7.00-8.00   sec  50.8 MBytes   426 Mbits/sec  45230  
[  5]   8.00-9.00   sec  51.8 MBytes   435 Mbits/sec  46120  
[  5]   9.00-10.00  sec  52.1 MBytes   437 Mbits/sec  46390  
[  5]  10.00-11.00  sec  50.9 MBytes   427 Mbits/sec  45270  
[  5]  11.00-12.00  sec  52.0 MBytes   436 Mbits/sec  46290  
[  5]  12.00-13.00  sec  51.6 MBytes   433 Mbits/sec  45940  
[  5]  13.00-14.00  sec  50.7 MBytes   425 Mbits/sec  45130  
[  5]  14.00-15.00  sec  51.9 MBytes   436 Mbits/sec  46240  
[  5]  15.00-16.00  sec  52.3 MBytes   439 Mbits/sec  46550  
[  5]  16.00-17.00  sec  49.9 MBytes   418 Mbits/sec  44380  
[  5]  17.00-18.00  sec  53.0 MBytes   444 Mbits/sec  47140  
[  5]  18.00-19.00  sec  53.5 MBytes   448 Mbits/sec  47580  
[  5]  19.00-20.00  sec  53.7 MBytes   450 Mbits/sec  47790  
[  5]  20.00-21.00  sec  53.1 MBytes   446 Mbits/sec  47290  
[  5]  21.00-22.00  sec  50.9 MBytes   427 Mbits/sec  45350  
[  5]  22.00-23.00  sec  54.2 MBytes   455 Mbits/sec  48270  
[  5]  23.00-24.00  sec  51.1 MBytes   429 Mbits/sec  45470  
[  5]  24.00-25.00  sec  52.9 MBytes   444 Mbits/sec  47130  
[  5]  25.00-26.00  sec  52.5 MBytes   440 Mbits/sec  46720  
[  5]  26.00-27.00  sec  52.3 MBytes   439 Mbits/sec  46570  
[  5]  27.00-28.00  sec  51.4 MBytes   431 Mbits/sec  45770  
[  5]  28.00-29.00  sec  50.2 MBytes   421 Mbits/sec  44690  
[  5]  29.00-30.00  sec  52.3 MBytes   438 Mbits/sec  46530  
[  5]  30.00-31.00  sec  51.6 MBytes   433 Mbits/sec  45920  
[  5]  31.00-32.00  sec  52.3 MBytes   439 Mbits/sec  46560  
[  5]  32.00-33.00  sec  52.2 MBytes   438 Mbits/sec  46490  
[  5]  33.00-34.00  sec  53.8 MBytes   452 Mbits/sec  47920  
[  5]  34.00-35.00  sec  55.6 MBytes   467 Mbits/sec  49530  
[  5]  35.00-36.00  sec  53.7 MBytes   451 Mbits/sec  47820  
[  5]  36.00-37.00  sec  54.1 MBytes   454 Mbits/sec  48170  
[  5]  37.00-38.00  sec  52.5 MBytes   440 Mbits/sec  46730  
[  5]  38.00-39.00  sec  54.3 MBytes   455 Mbits/sec  48310  
[  5]  39.00-40.00  sec  53.7 MBytes   450 Mbits/sec  47760  
[  5]  40.00-41.00  sec  53.0 MBytes   445 Mbits/sec  47180  
[  5]  41.00-42.00  sec  54.4 MBytes   456 Mbits/sec  48430  
[  5]  42.00-43.00  sec  44.1 MBytes   370 Mbits/sec  39270  
[  5]  43.00-44.00  sec  55.2 MBytes   463 Mbits/sec  49140  
[  5]  44.00-45.00  sec  47.3 MBytes   397 Mbits/sec  42110  
[  5]  45.00-46.00  sec  51.2 MBytes   429 Mbits/sec  45560  
[  5]  46.00-47.00  sec  54.5 MBytes   457 Mbits/sec  48490  
[  5]  47.00-48.00  sec  50.9 MBytes   427 Mbits/sec  45270  
[  5]  48.00-49.00  sec  50.1 MBytes   420 Mbits/sec  44600  
[  5]  49.00-50.00  sec  50.3 MBytes   422 Mbits/sec  44780  
[  5]  50.00-51.00  sec  55.0 MBytes   462 Mbits/sec  48990  
[  5]  51.00-52.00  sec  53.7 MBytes   450 Mbits/sec  47770  
[  5]  52.00-53.00  sec  53.1 MBytes   446 Mbits/sec  47300  
[  5]  53.00-54.00  sec  53.4 MBytes   448 Mbits/sec  47540  
[  5]  54.00-55.00  sec  56.7 MBytes   475 Mbits/sec  50430  
[  5]  55.00-56.00  sec  50.2 MBytes   421 Mbits/sec  44650  
[  5]  56.00-57.00  sec  53.6 MBytes   450 Mbits/sec  47700  
[  5]  57.00-58.00  sec  52.4 MBytes   440 Mbits/sec  46680  
[  5]  58.00-59.00  sec  52.4 MBytes   440 Mbits/sec  46680  
[  5]  59.00-60.00  sec  52.6 MBytes   442 Mbits/sec  46850  
- - - - - - - - - - - - - - - - - - - - - - - - -
[ ID] Interval           Transfer     Bitrate         Jitter    Lost/Total Datagrams
[  5]   0.00-60.00  sec  3.06 GBytes   438 Mbits/sec  0.000 ms  0/2789500 (0%)  sender
[  5]   0.00-60.30  sec  1.87 GBytes   267 Mbits/sec  0.024 ms  1105283/2789500 (40%)  receiver

iperf Done.
