Connecting to host knb-server-363603, port 5201
[  5] local 10.136.173.109 port 57013 connected to 10.43.150.246 port 5201
[ ID] Interval           Transfer     Bitrate         Total Datagrams
[  5]   0.00-1.00   sec  71.6 MBytes   601 Mbits/sec  63740  (omitted)
[  5]   0.00-1.00   sec  76.2 MBytes   640 Mbits/sec  67870  
[  5]   1.00-2.00   sec  76.1 MBytes   639 Mbits/sec  67780  
[  5]   2.00-3.00   sec  75.4 MBytes   632 Mbits/sec  67100  
[  5]   3.00-4.00   sec  75.6 MBytes   634 Mbits/sec  67310  
[  5]   4.00-5.00   sec  76.0 MBytes   637 Mbits/sec  67620  
[  5]   5.00-6.00   sec  76.0 MBytes   637 Mbits/sec  67630  
[  5]   6.00-7.00   sec  75.7 MBytes   635 Mbits/sec  67410  
[  5]   7.00-8.00   sec  75.5 MBytes   633 Mbits/sec  67210  
[  5]   8.00-9.00   sec  76.5 MBytes   641 Mbits/sec  68070  
[  5]   9.00-10.00  sec  76.9 MBytes   645 Mbits/sec  68410  
[  5]  10.00-11.00  sec  74.7 MBytes   626 Mbits/sec  66450  
[  5]  11.00-12.00  sec  75.1 MBytes   630 Mbits/sec  66870  
[  5]  12.00-13.00  sec  75.0 MBytes   629 Mbits/sec  66720  
[  5]  13.00-14.00  sec  75.2 MBytes   631 Mbits/sec  66930  
[  5]  14.00-15.00  sec  75.6 MBytes   634 Mbits/sec  67310  
[  5]  15.00-16.00  sec  75.7 MBytes   635 Mbits/sec  67360  
[  5]  16.00-17.00  sec  75.3 MBytes   632 Mbits/sec  67070  
[  5]  17.00-18.00  sec  75.3 MBytes   631 Mbits/sec  67010  
[  5]  18.00-19.00  sec  75.0 MBytes   629 Mbits/sec  66740  
[  5]  19.00-20.00  sec  75.7 MBytes   635 Mbits/sec  67340  
[  5]  20.00-21.00  sec  75.0 MBytes   630 Mbits/sec  66800  
[  5]  21.00-22.00  sec  75.8 MBytes   636 Mbits/sec  67470  
[  5]  22.00-23.00  sec  75.7 MBytes   635 Mbits/sec  67350  
[  5]  23.00-24.00  sec  75.6 MBytes   634 Mbits/sec  67260  
[  5]  24.00-25.00  sec  76.0 MBytes   638 Mbits/sec  67650  
[  5]  25.00-26.00  sec  76.2 MBytes   639 Mbits/sec  67840  
[  5]  26.00-27.00  sec  75.6 MBytes   635 Mbits/sec  67330  
[  5]  27.00-28.00  sec  76.0 MBytes   638 Mbits/sec  67670  
[  5]  28.00-29.00  sec  75.5 MBytes   634 Mbits/sec  67230  
[  5]  29.00-30.00  sec  75.9 MBytes   637 Mbits/sec  67570  
[  5]  30.00-31.00  sec  75.7 MBytes   635 Mbits/sec  67370  
[  5]  31.00-32.00  sec  76.1 MBytes   638 Mbits/sec  67710  
[  5]  32.00-33.00  sec  75.6 MBytes   634 Mbits/sec  67320  
[  5]  33.00-34.00  sec  71.9 MBytes   603 Mbits/sec  64000  
[  5]  34.00-35.00  sec  75.9 MBytes   637 Mbits/sec  67580  
[  5]  35.00-36.00  sec  75.6 MBytes   634 Mbits/sec  67310  
[  5]  36.00-37.00  sec  76.2 MBytes   639 Mbits/sec  67790  
[  5]  37.00-38.00  sec  76.3 MBytes   640 Mbits/sec  67940  
[  5]  38.00-39.00  sec  75.5 MBytes   633 Mbits/sec  67220  
[  5]  39.00-40.00  sec  76.1 MBytes   638 Mbits/sec  67740  
[  5]  40.00-41.00  sec  75.3 MBytes   631 Mbits/sec  66990  
[  5]  41.00-42.00  sec  75.1 MBytes   630 Mbits/sec  66840  
[  5]  42.00-43.00  sec  75.0 MBytes   629 Mbits/sec  66720  
[  5]  43.00-44.00  sec  74.9 MBytes   628 Mbits/sec  66640  
[  5]  44.00-45.00  sec  76.1 MBytes   639 Mbits/sec  67760  
[  5]  45.00-46.00  sec  78.3 MBytes   656 Mbits/sec  69660  
[  5]  46.00-47.00  sec  75.7 MBytes   635 Mbits/sec  67400  
[  5]  47.00-48.00  sec  76.0 MBytes   637 Mbits/sec  67640  
[  5]  48.00-49.00  sec  75.7 MBytes   635 Mbits/sec  67390  
[  5]  49.00-50.00  sec  76.0 MBytes   638 Mbits/sec  67670  
[  5]  50.00-51.00  sec  74.7 MBytes   626 Mbits/sec  66480  
[  5]  51.00-52.00  sec  75.2 MBytes   631 Mbits/sec  66930  
[  5]  52.00-53.00  sec  75.2 MBytes   631 Mbits/sec  66960  
[  5]  53.00-54.00  sec  75.1 MBytes   630 Mbits/sec  66820  
[  5]  54.00-55.00  sec  75.5 MBytes   633 Mbits/sec  67220  
[  5]  55.00-56.00  sec  76.1 MBytes   639 Mbits/sec  67770  
[  5]  56.00-57.00  sec  75.9 MBytes   637 Mbits/sec  67590  
[  5]  57.00-58.00  sec  76.2 MBytes   639 Mbits/sec  67810  
[  5]  58.00-59.00  sec  76.0 MBytes   638 Mbits/sec  67660  
[  5]  59.00-60.00  sec  76.4 MBytes   641 Mbits/sec  68000  
- - - - - - - - - - - - - - - - - - - - - - - - -
[ ID] Interval           Transfer     Bitrate         Jitter    Lost/Total Datagrams
[  5]   0.00-60.00  sec  4.43 GBytes   635 Mbits/sec  0.000 ms  0/4040310 (0%)  sender
[  5]   0.00-60.05  sec  1.32 GBytes   188 Mbits/sec  0.025 ms  2886143/4040309 (71%)  receiver

iperf Done.
