Connecting to host 10.136.80.154, port 5201
[  5] local 10.136.173.65 port 60238 connected to 10.136.80.154 port 5201
[ ID] Interval           Transfer     Bitrate         Total Datagrams
[  5]   0.00-1.00   sec  74.8 MBytes   628 Mbits/sec  66590  (omitted)
[  5]   0.00-1.00   sec  74.7 MBytes   627 Mbits/sec  66510  
[  5]   1.00-2.00   sec  74.7 MBytes   626 Mbits/sec  66460  
[  5]   2.00-3.00   sec  76.6 MBytes   643 Mbits/sec  68190  
[  5]   3.00-4.00   sec  75.9 MBytes   636 Mbits/sec  67530  
[  5]   4.00-5.00   sec  70.9 MBytes   594 Mbits/sec  63080  
[  5]   5.00-6.00   sec  60.5 MBytes   507 Mbits/sec  53840  
[  5]   6.00-7.00   sec  63.8 MBytes   535 Mbits/sec  56770  
[  5]   7.00-8.00   sec  76.8 MBytes   644 Mbits/sec  68370  
[  5]   8.00-9.00   sec  75.2 MBytes   631 Mbits/sec  66920  
[  5]   9.00-10.00  sec  76.4 MBytes   641 Mbits/sec  68050  
[  5]  10.00-11.00  sec  74.2 MBytes   623 Mbits/sec  66060  
[  5]  11.00-12.00  sec  75.4 MBytes   632 Mbits/sec  67080  
[  5]  12.00-13.00  sec  62.9 MBytes   528 Mbits/sec  56030  
[  5]  13.00-14.00  sec  74.0 MBytes   621 Mbits/sec  65910  
[  5]  14.00-15.00  sec  75.1 MBytes   630 Mbits/sec  66880  
[  5]  15.00-16.00  sec  75.7 MBytes   635 Mbits/sec  67370  
[  5]  16.00-17.00  sec  75.1 MBytes   630 Mbits/sec  66860  
[  5]  17.00-18.00  sec  75.9 MBytes   637 Mbits/sec  67600  
[  5]  18.00-19.00  sec  77.1 MBytes   647 Mbits/sec  68650  
[  5]  19.00-20.00  sec  75.9 MBytes   636 Mbits/sec  67530  
[  5]  20.00-21.00  sec  71.6 MBytes   601 Mbits/sec  63770  
[  5]  21.00-22.00  sec  75.4 MBytes   632 Mbits/sec  67080  
[  5]  22.00-23.00  sec  76.0 MBytes   638 Mbits/sec  67670  
[  5]  23.00-24.00  sec  75.6 MBytes   634 Mbits/sec  67290  
[  5]  24.00-25.00  sec  75.2 MBytes   631 Mbits/sec  66930  
[  5]  25.00-26.00  sec  75.5 MBytes   633 Mbits/sec  67180  
[  5]  26.00-27.00  sec  73.8 MBytes   619 Mbits/sec  65680  
[  5]  27.00-28.00  sec  77.7 MBytes   651 Mbits/sec  69120  
[  5]  28.00-29.00  sec  75.3 MBytes   631 Mbits/sec  66990  
[  5]  29.00-30.00  sec  76.3 MBytes   640 Mbits/sec  67880  
[  5]  30.00-31.00  sec  67.1 MBytes   563 Mbits/sec  59710  
[  5]  31.00-32.00  sec  72.7 MBytes   610 Mbits/sec  64670  
[  5]  32.00-33.00  sec  67.4 MBytes   565 Mbits/sec  59980  
[  5]  33.00-34.00  sec  73.6 MBytes   618 Mbits/sec  65530  
[  5]  34.00-35.00  sec  73.4 MBytes   616 Mbits/sec  65360  
[  5]  35.00-36.00  sec  74.4 MBytes   624 Mbits/sec  66190  
[  5]  36.00-37.00  sec  74.1 MBytes   622 Mbits/sec  66000  
[  5]  37.00-38.00  sec  76.9 MBytes   645 Mbits/sec  68420  
[  5]  38.00-39.00  sec  76.1 MBytes   638 Mbits/sec  67730  
[  5]  39.00-40.00  sec  76.9 MBytes   645 Mbits/sec  68410  
[  5]  40.00-41.00  sec  76.4 MBytes   641 Mbits/sec  68020  
[  5]  41.00-42.00  sec  76.3 MBytes   640 Mbits/sec  67900  
[  5]  42.00-43.00  sec  75.4 MBytes   633 Mbits/sec  67120  
[  5]  43.00-44.00  sec  74.7 MBytes   627 Mbits/sec  66520  
[  5]  44.00-45.00  sec  75.8 MBytes   636 Mbits/sec  67480  
[  5]  45.00-46.00  sec  74.8 MBytes   628 Mbits/sec  66620  
[  5]  46.00-47.00  sec  75.4 MBytes   632 Mbits/sec  67110  
[  5]  47.00-48.00  sec  75.4 MBytes   633 Mbits/sec  67130  
[  5]  48.00-49.00  sec  74.9 MBytes   629 Mbits/sec  66710  
[  5]  49.00-50.00  sec  71.5 MBytes   600 Mbits/sec  63670  
[  5]  50.00-51.00  sec  60.5 MBytes   508 Mbits/sec  53860  
[  5]  51.00-52.00  sec  55.8 MBytes   468 Mbits/sec  49700  
[  5]  52.00-53.00  sec  77.4 MBytes   649 Mbits/sec  68890  
[  5]  53.00-54.00  sec  74.2 MBytes   622 Mbits/sec  66050  
[  5]  54.00-55.00  sec  74.8 MBytes   628 Mbits/sec  66600  
[  5]  55.00-56.00  sec  74.4 MBytes   624 Mbits/sec  66190  
[  5]  56.00-57.00  sec  72.8 MBytes   611 Mbits/sec  64830  
[  5]  57.00-58.00  sec  75.4 MBytes   633 Mbits/sec  67150  
[  5]  58.00-59.00  sec  75.7 MBytes   635 Mbits/sec  67340  
[  5]  59.00-60.00  sec  75.7 MBytes   635 Mbits/sec  67410  
- - - - - - - - - - - - - - - - - - - - - - - - -
[ ID] Interval           Transfer     Bitrate         Jitter    Lost/Total Datagrams
[  5]   0.00-60.00  sec  4.32 GBytes   618 Mbits/sec  0.000 ms  0/3933580 (0%)  sender
[  5]   0.00-60.48  sec  1.59 GBytes   226 Mbits/sec  0.554 ms  2527988/3930198 (64%)  receiver

iperf Done.
