Connecting to host knb-server-1045676, port 5201
[  5] local 10.136.173.80 port 60046 connected to 10.43.6.29 port 5201
[ ID] Interval           Transfer     Bitrate         Retr  Cwnd
[  5]   0.00-1.00   sec  27.7 MBytes   233 Mbits/sec  370    397 KBytes       (omitted)
[  5]   0.00-1.00   sec  30.2 MBytes   253 Mbits/sec   87    250 KBytes       
[  5]   1.00-2.00   sec  30.3 MBytes   254 Mbits/sec    0    316 KBytes       
[  5]   2.00-3.00   sec  31.1 MBytes   261 Mbits/sec   40    205 KBytes       
[  5]   3.00-4.00   sec  28.9 MBytes   243 Mbits/sec   15    220 KBytes       
[  5]   4.00-5.00   sec  29.0 MBytes   243 Mbits/sec    7    229 KBytes       
[  5]   5.00-6.00   sec  30.0 MBytes   252 Mbits/sec   19    222 KBytes       
[  5]   6.00-7.00   sec  32.1 MBytes   269 Mbits/sec    4    227 KBytes       
[  5]   7.00-8.00   sec  29.0 MBytes   243 Mbits/sec   11    222 KBytes       
[  5]   8.00-9.00   sec  32.1 MBytes   269 Mbits/sec   31    163 KBytes       
[  5]   9.00-10.00  sec  33.1 MBytes   277 Mbits/sec    0    261 KBytes       
[  5]  10.00-11.00  sec  33.2 MBytes   279 Mbits/sec   60    258 KBytes       
[  5]  11.00-12.00  sec  32.8 MBytes   275 Mbits/sec   46    252 KBytes       
[  5]  12.00-13.00  sec  28.1 MBytes   235 Mbits/sec    1    230 KBytes       
[  5]  13.00-14.00  sec  28.0 MBytes   235 Mbits/sec    0    296 KBytes       
[  5]  14.00-15.00  sec  31.0 MBytes   260 Mbits/sec    0    355 KBytes       
[  5]  15.00-16.00  sec  31.9 MBytes   267 Mbits/sec    3    312 KBytes       
[  5]  16.00-17.00  sec  30.0 MBytes   252 Mbits/sec    8    275 KBytes       
[  5]  17.00-18.00  sec  28.9 MBytes   243 Mbits/sec    0    335 KBytes       
[  5]  18.00-19.00  sec  30.0 MBytes   252 Mbits/sec    0    387 KBytes       
[  5]  19.00-20.00  sec  27.9 MBytes   234 Mbits/sec    0    429 KBytes       
[  5]  20.00-21.00  sec  31.7 MBytes   266 Mbits/sec    0    474 KBytes       
[  5]  21.00-22.00  sec  33.1 MBytes   278 Mbits/sec   29    257 KBytes       
[  5]  22.00-23.00  sec  34.0 MBytes   286 Mbits/sec    2    240 KBytes       
[  5]  23.00-24.00  sec  30.0 MBytes   251 Mbits/sec    0    311 KBytes       
[  5]  24.00-25.00  sec  32.1 MBytes   269 Mbits/sec    1    291 KBytes       
[  5]  25.00-26.00  sec  33.2 MBytes   278 Mbits/sec   15    253 KBytes       
[  5]  26.00-27.00  sec  28.1 MBytes   236 Mbits/sec   32    244 KBytes       
[  5]  27.00-28.00  sec  32.1 MBytes   270 Mbits/sec   14    252 KBytes       
[  5]  28.00-29.00  sec  31.0 MBytes   260 Mbits/sec    0    319 KBytes       
[  5]  29.00-30.00  sec  27.0 MBytes   227 Mbits/sec    0    368 KBytes       
[  5]  30.00-31.00  sec  22.8 MBytes   191 Mbits/sec    0    406 KBytes       
[  5]  31.00-32.00  sec  31.0 MBytes   260 Mbits/sec   27    315 KBytes       
[  5]  32.00-33.00  sec  32.1 MBytes   269 Mbits/sec    0    373 KBytes       
[  5]  33.00-34.00  sec  31.0 MBytes   260 Mbits/sec   15    314 KBytes       
[  5]  34.00-35.00  sec  30.1 MBytes   252 Mbits/sec    0    369 KBytes       
[  5]  35.00-36.00  sec  26.5 MBytes   222 Mbits/sec   60    298 KBytes       
[  5]  36.00-37.00  sec  30.0 MBytes   251 Mbits/sec   42    258 KBytes       
[  5]  37.00-38.00  sec  27.9 MBytes   234 Mbits/sec   10    239 KBytes       
[  5]  38.00-39.00  sec  31.0 MBytes   260 Mbits/sec   15    231 KBytes       
[  5]  39.00-40.00  sec  29.0 MBytes   243 Mbits/sec    9    220 KBytes       
[  5]  40.00-41.00  sec  29.8 MBytes   250 Mbits/sec    0    293 KBytes       
[  5]  41.00-42.00  sec  26.4 MBytes   222 Mbits/sec    0    345 KBytes       
[  5]  42.00-43.00  sec  26.8 MBytes   224 Mbits/sec    0    392 KBytes       
[  5]  43.00-44.00  sec  30.1 MBytes   252 Mbits/sec    0    437 KBytes       
[  5]  44.00-45.00  sec  27.7 MBytes   233 Mbits/sec    0    475 KBytes       
[  5]  45.00-46.00  sec  28.5 MBytes   239 Mbits/sec    0    512 KBytes       
[  5]  46.00-47.00  sec  26.8 MBytes   225 Mbits/sec    0    544 KBytes       
[  5]  47.00-48.00  sec  28.6 MBytes   240 Mbits/sec    0    575 KBytes       
[  5]  48.00-49.00  sec  26.0 MBytes   218 Mbits/sec    0    604 KBytes       
[  5]  49.00-50.00  sec  27.6 MBytes   232 Mbits/sec    0    632 KBytes       
[  5]  50.00-51.00  sec  26.7 MBytes   224 Mbits/sec    0    657 KBytes       
[  5]  51.00-52.00  sec  27.1 MBytes   227 Mbits/sec    4    526 KBytes       
[  5]  52.00-53.00  sec  21.6 MBytes   181 Mbits/sec    0    576 KBytes       
[  5]  53.00-54.00  sec  22.4 MBytes   188 Mbits/sec    0    613 KBytes       
[  5]  54.00-55.00  sec  24.5 MBytes   205 Mbits/sec    0    636 KBytes       
[  5]  55.00-56.00  sec  26.7 MBytes   224 Mbits/sec   70    328 KBytes       
[  5]  56.00-57.00  sec  28.7 MBytes   241 Mbits/sec    0    378 KBytes       
[  5]  57.00-58.00  sec  29.8 MBytes   250 Mbits/sec    1    318 KBytes       
[  5]  58.00-59.00  sec  24.3 MBytes   204 Mbits/sec    0    364 KBytes       
[  5]  59.00-60.00  sec  23.5 MBytes   197 Mbits/sec    0    401 KBytes       
- - - - - - - - - - - - - - - - - - - - - - - - -
[ ID] Interval           Transfer     Bitrate         Retr
[  5]   0.00-60.00  sec  1.70 GBytes   244 Mbits/sec  678             sender
[  5]   0.00-60.06  sec  1.71 GBytes   244 Mbits/sec                  receiver

iperf Done.
