Connecting to host 10.136.80.154, port 5201
[  5] local 10.136.173.93 port 37388 connected to 10.136.80.154 port 5201
[ ID] Interval           Transfer     Bitrate         Retr  Cwnd
[  5]   0.00-1.00   sec  28.3 MBytes   237 Mbits/sec    0   1.26 MBytes       (omitted)
[  5]   0.00-1.00   sec  26.2 MBytes   220 Mbits/sec    0   2.61 MBytes       
[  5]   1.00-2.00   sec  27.5 MBytes   231 Mbits/sec   66   2.02 MBytes       
[  5]   2.00-3.00   sec  33.8 MBytes   283 Mbits/sec   13   1.43 MBytes       
[  5]   3.00-4.00   sec  35.0 MBytes   294 Mbits/sec   57   1.10 MBytes       
[  5]   4.00-5.00   sec  31.2 MBytes   262 Mbits/sec   19    848 KBytes       
[  5]   5.00-6.00   sec  35.0 MBytes   294 Mbits/sec    0    897 KBytes       
[  5]   6.00-7.00   sec  30.0 MBytes   252 Mbits/sec   22    479 KBytes       
[  5]   7.00-8.00   sec  28.8 MBytes   241 Mbits/sec    0    511 KBytes       
[  5]   8.00-9.00   sec  28.8 MBytes   241 Mbits/sec    0    546 KBytes       
[  5]   9.00-10.00  sec  35.0 MBytes   294 Mbits/sec    8    415 KBytes       
[  5]  10.00-11.00  sec  31.2 MBytes   262 Mbits/sec   48    242 KBytes       
[  5]  11.00-12.00  sec  33.8 MBytes   283 Mbits/sec   15    223 KBytes       
[  5]  12.00-13.00  sec  33.8 MBytes   283 Mbits/sec    0    303 KBytes       
[  5]  13.00-14.00  sec  28.8 MBytes   241 Mbits/sec    0    357 KBytes       
[  5]  14.00-15.00  sec  32.5 MBytes   273 Mbits/sec   67    303 KBytes       
[  5]  15.00-16.00  sec  30.0 MBytes   252 Mbits/sec    0    360 KBytes       
[  5]  16.00-17.00  sec  31.2 MBytes   262 Mbits/sec   33    243 KBytes       
[  5]  17.00-18.00  sec  30.0 MBytes   252 Mbits/sec    1    238 KBytes       
[  5]  18.00-19.00  sec  28.8 MBytes   241 Mbits/sec    0    304 KBytes       
[  5]  19.00-20.00  sec  31.2 MBytes   262 Mbits/sec   54    186 KBytes       
[  5]  20.00-21.00  sec  30.0 MBytes   252 Mbits/sec    0    267 KBytes       
[  5]  21.00-22.00  sec  33.8 MBytes   283 Mbits/sec    5    269 KBytes       
[  5]  22.00-23.00  sec  27.5 MBytes   231 Mbits/sec   39    194 KBytes       
[  5]  23.00-24.00  sec  28.8 MBytes   241 Mbits/sec    0    269 KBytes       
[  5]  24.00-25.00  sec  27.5 MBytes   231 Mbits/sec    0    329 KBytes       
[  5]  25.00-26.00  sec  26.2 MBytes   220 Mbits/sec    0    376 KBytes       
[  5]  26.00-27.00  sec  32.5 MBytes   273 Mbits/sec   92    240 KBytes       
[  5]  27.00-28.00  sec  32.5 MBytes   273 Mbits/sec   15    234 KBytes       
[  5]  28.00-29.00  sec  27.5 MBytes   231 Mbits/sec    0    297 KBytes       
[  5]  29.00-30.00  sec  23.8 MBytes   199 Mbits/sec    0    344 KBytes       
[  5]  30.00-31.00  sec  26.2 MBytes   220 Mbits/sec    0    390 KBytes       
[  5]  31.00-32.00  sec  27.5 MBytes   231 Mbits/sec    0    431 KBytes       
[  5]  32.00-33.00  sec  27.5 MBytes   231 Mbits/sec    0    472 KBytes       
[  5]  33.00-34.00  sec  26.2 MBytes   220 Mbits/sec    0    505 KBytes       
[  5]  34.00-35.00  sec  27.5 MBytes   231 Mbits/sec    0    537 KBytes       
[  5]  35.00-36.00  sec  23.8 MBytes   199 Mbits/sec    0    565 KBytes       
[  5]  36.00-37.00  sec  27.5 MBytes   231 Mbits/sec    0    595 KBytes       
[  5]  37.00-38.00  sec  28.8 MBytes   241 Mbits/sec    0    625 KBytes       
[  5]  38.00-39.00  sec  28.8 MBytes   241 Mbits/sec    0    652 KBytes       
[  5]  39.00-40.00  sec  30.0 MBytes   252 Mbits/sec   49    194 KBytes       
[  5]  40.00-41.00  sec  31.2 MBytes   262 Mbits/sec    5    205 KBytes       
[  5]  41.00-42.00  sec  30.0 MBytes   252 Mbits/sec   14    213 KBytes       
[  5]  42.00-43.00  sec  28.8 MBytes   241 Mbits/sec    0    285 KBytes       
[  5]  43.00-44.00  sec  26.2 MBytes   220 Mbits/sec    0    341 KBytes       
[  5]  44.00-45.00  sec  27.5 MBytes   231 Mbits/sec   34    289 KBytes       
[  5]  45.00-46.00  sec  26.2 MBytes   220 Mbits/sec    0    342 KBytes       
[  5]  46.00-47.00  sec  26.2 MBytes   220 Mbits/sec    0    388 KBytes       
[  5]  47.00-48.00  sec  21.2 MBytes   178 Mbits/sec    0    420 KBytes       
[  5]  48.00-49.00  sec  26.2 MBytes   220 Mbits/sec    0    457 KBytes       
[  5]  49.00-50.00  sec  32.5 MBytes   273 Mbits/sec    0    500 KBytes       
[  5]  50.00-51.00  sec  32.5 MBytes   273 Mbits/sec   40    393 KBytes       
[  5]  51.00-52.00  sec  28.8 MBytes   241 Mbits/sec   15    329 KBytes       
[  5]  52.00-53.00  sec  32.5 MBytes   273 Mbits/sec    0    387 KBytes       
[  5]  53.00-54.00  sec  28.8 MBytes   241 Mbits/sec    0    431 KBytes       
[  5]  54.00-55.00  sec  30.0 MBytes   252 Mbits/sec   16    332 KBytes       
[  5]  55.00-56.00  sec  27.5 MBytes   231 Mbits/sec    5    213 KBytes       
[  5]  56.00-57.00  sec  27.5 MBytes   231 Mbits/sec    0    282 KBytes       
[  5]  57.00-58.00  sec  28.8 MBytes   241 Mbits/sec   17    254 KBytes       
[  5]  58.00-59.00  sec  28.8 MBytes   241 Mbits/sec    4    246 KBytes       
[  5]  59.00-60.00  sec  30.0 MBytes   252 Mbits/sec   50    227 KBytes       
- - - - - - - - - - - - - - - - - - - - - - - - -
[ ID] Interval           Transfer     Bitrate         Retr
[  5]   0.00-60.00  sec  1.72 GBytes   246 Mbits/sec  803             sender
[  5]   0.00-60.05  sec  1.72 GBytes   246 Mbits/sec                  receiver

iperf Done.
