Connecting to host knb-server-280842, port 5201
[  5] local 10.136.173.74 port 40346 connected to 10.43.95.217 port 5201
[ ID] Interval           Transfer     Bitrate         Total Datagrams
[  5]   0.00-1.00   sec  51.2 MBytes   430 Mbits/sec  45600  (omitted)
[  5]   0.00-1.00   sec  52.8 MBytes   443 Mbits/sec  47010  
[  5]   1.00-2.00   sec  52.1 MBytes   437 Mbits/sec  46400  
[  5]   2.00-3.00   sec  51.4 MBytes   431 Mbits/sec  45740  
[  5]   3.00-4.00   sec  53.0 MBytes   445 Mbits/sec  47200  
[  5]   4.00-5.00   sec  47.4 MBytes   398 Mbits/sec  42230  
[  5]   5.00-6.00   sec  55.3 MBytes   464 Mbits/sec  49260  
[  5]   6.00-7.00   sec  50.2 MBytes   421 Mbits/sec  44720  
[  5]   7.00-8.00   sec  52.3 MBytes   438 Mbits/sec  46520  
[  5]   8.00-9.00   sec  51.5 MBytes   432 Mbits/sec  45800  
[  5]   9.00-10.00  sec  51.8 MBytes   434 Mbits/sec  46080  
[  5]  10.00-11.00  sec  51.2 MBytes   430 Mbits/sec  45600  
[  5]  11.00-12.00  sec  51.3 MBytes   430 Mbits/sec  45670  
[  5]  12.00-13.00  sec  51.0 MBytes   428 Mbits/sec  45370  
[  5]  13.00-14.00  sec  54.4 MBytes   457 Mbits/sec  48440  
[  5]  14.00-15.00  sec  48.2 MBytes   404 Mbits/sec  42880  
[  5]  15.00-16.00  sec  48.6 MBytes   408 Mbits/sec  43270  
[  5]  16.00-17.00  sec  50.5 MBytes   424 Mbits/sec  44960  
[  5]  17.00-18.00  sec  52.0 MBytes   436 Mbits/sec  46250  
[  5]  18.00-19.00  sec  53.0 MBytes   445 Mbits/sec  47220  
[  5]  19.00-20.00  sec  49.1 MBytes   412 Mbits/sec  43690  
[  5]  20.00-21.00  sec  48.2 MBytes   404 Mbits/sec  42860  
[  5]  21.00-22.00  sec  53.1 MBytes   445 Mbits/sec  47230  
[  5]  22.00-23.00  sec  50.9 MBytes   427 Mbits/sec  45300  
[  5]  23.00-24.00  sec  52.1 MBytes   437 Mbits/sec  46390  
[  5]  24.00-25.00  sec  49.4 MBytes   415 Mbits/sec  43990  
[  5]  25.00-26.00  sec  51.5 MBytes   432 Mbits/sec  45860  
[  5]  26.00-27.00  sec  52.1 MBytes   437 Mbits/sec  46400  
[  5]  27.00-28.00  sec  52.6 MBytes   441 Mbits/sec  46790  
[  5]  28.00-29.00  sec  53.8 MBytes   451 Mbits/sec  47900  
[  5]  29.00-30.00  sec  45.9 MBytes   385 Mbits/sec  40840  
[  5]  30.00-31.00  sec  32.6 MBytes   273 Mbits/sec  29020  
[  5]  31.00-32.00  sec  49.3 MBytes   414 Mbits/sec  43920  
[  5]  32.00-33.00  sec  50.4 MBytes   423 Mbits/sec  44850  
[  5]  33.00-34.00  sec  50.7 MBytes   426 Mbits/sec  45160  
[  5]  34.00-35.00  sec  49.3 MBytes   413 Mbits/sec  43840  
[  5]  35.00-36.00  sec  50.1 MBytes   420 Mbits/sec  44590  
[  5]  36.00-37.00  sec  49.6 MBytes   416 Mbits/sec  44120  
[  5]  37.00-38.00  sec  49.3 MBytes   413 Mbits/sec  43850  
[  5]  38.00-39.00  sec  53.3 MBytes   447 Mbits/sec  47480  
[  5]  39.00-40.00  sec  51.0 MBytes   428 Mbits/sec  45430  
[  5]  40.00-41.00  sec  54.0 MBytes   453 Mbits/sec  48030  
[  5]  41.00-42.00  sec  50.6 MBytes   425 Mbits/sec  45040  
[  5]  42.00-43.00  sec  52.2 MBytes   438 Mbits/sec  46460  
[  5]  43.00-44.00  sec  51.8 MBytes   434 Mbits/sec  46090  
[  5]  44.00-45.00  sec  50.8 MBytes   426 Mbits/sec  45230  
[  5]  45.00-46.00  sec  51.5 MBytes   432 Mbits/sec  45800  
[  5]  46.00-47.00  sec  49.6 MBytes   416 Mbits/sec  44170  
[  5]  47.00-48.00  sec  50.0 MBytes   420 Mbits/sec  44530  
[  5]  48.00-49.00  sec  48.8 MBytes   409 Mbits/sec  43420  
[  5]  49.00-50.00  sec  50.5 MBytes   424 Mbits/sec  44940  
[  5]  50.00-51.00  sec  49.2 MBytes   413 Mbits/sec  43790  
[  5]  51.00-52.00  sec  51.9 MBytes   435 Mbits/sec  46180  
[  5]  52.00-53.00  sec  49.6 MBytes   416 Mbits/sec  44170  
[  5]  53.00-54.00  sec  51.1 MBytes   429 Mbits/sec  45470  
[  5]  54.00-55.00  sec  43.8 MBytes   368 Mbits/sec  39030  
[  5]  55.00-56.00  sec  50.3 MBytes   422 Mbits/sec  44810  
[  5]  56.00-57.00  sec  50.1 MBytes   420 Mbits/sec  44580  
[  5]  57.00-58.00  sec  46.4 MBytes   389 Mbits/sec  41290  
[  5]  58.00-59.00  sec  52.6 MBytes   441 Mbits/sec  46790  
[  5]  59.00-60.00  sec  52.3 MBytes   439 Mbits/sec  46570  
- - - - - - - - - - - - - - - - - - - - - - - - -
[ ID] Interval           Transfer     Bitrate         Jitter    Lost/Total Datagrams
[  5]   0.00-60.00  sec  2.96 GBytes   424 Mbits/sec  0.000 ms  0/2696520 (0%)  sender
[  5]   0.00-60.21  sec  1.88 GBytes   268 Mbits/sec  0.006 ms  1003904/2696520 (37%)  receiver

iperf Done.
