Connecting to host 10.136.80.186, port 5201
[  5] local 10.136.173.116 port 39703 connected to 10.136.80.186 port 5201
[ ID] Interval           Transfer     Bitrate         Total Datagrams
[  5]   0.00-1.00   sec  73.0 MBytes   612 Mbits/sec  64940  (omitted)
[  5]   0.00-1.00   sec  71.5 MBytes   600 Mbits/sec  63680  
[  5]   1.00-2.00   sec  67.3 MBytes   565 Mbits/sec  59910  
[  5]   2.00-3.00   sec  69.3 MBytes   581 Mbits/sec  61690  
[  5]   3.00-4.00   sec  76.8 MBytes   645 Mbits/sec  68390  
[  5]   4.00-5.00   sec  75.3 MBytes   632 Mbits/sec  67050  
[  5]   5.00-6.00   sec  73.5 MBytes   616 Mbits/sec  65400  
[  5]   6.00-7.00   sec  75.1 MBytes   630 Mbits/sec  66810  
[  5]   7.00-8.00   sec  75.8 MBytes   636 Mbits/sec  67460  
[  5]   8.00-9.00   sec  74.2 MBytes   623 Mbits/sec  66090  
[  5]   9.00-10.00  sec  74.0 MBytes   620 Mbits/sec  65840  
[  5]  10.00-11.00  sec  75.2 MBytes   631 Mbits/sec  66910  
[  5]  11.00-12.00  sec  74.0 MBytes   621 Mbits/sec  65860  
[  5]  12.00-13.00  sec  74.0 MBytes   621 Mbits/sec  65860  
[  5]  13.00-14.00  sec  74.8 MBytes   628 Mbits/sec  66620  
[  5]  14.00-15.00  sec  74.8 MBytes   627 Mbits/sec  66550  
[  5]  15.00-16.00  sec  74.5 MBytes   625 Mbits/sec  66290  
[  5]  16.00-17.00  sec  73.8 MBytes   619 Mbits/sec  65700  
[  5]  17.00-18.00  sec  74.4 MBytes   624 Mbits/sec  66260  
[  5]  18.00-19.00  sec  74.8 MBytes   627 Mbits/sec  66540  
[  5]  19.00-20.00  sec  75.9 MBytes   637 Mbits/sec  67600  
[  5]  20.00-21.00  sec  65.0 MBytes   545 Mbits/sec  57820  
[  5]  21.00-22.00  sec  71.5 MBytes   599 Mbits/sec  63600  
[  5]  22.00-23.00  sec  71.6 MBytes   601 Mbits/sec  63750  
[  5]  23.00-24.00  sec  69.7 MBytes   585 Mbits/sec  62050  
[  5]  24.00-25.00  sec  72.9 MBytes   611 Mbits/sec  64870  
[  5]  25.00-26.00  sec  72.6 MBytes   609 Mbits/sec  64640  
[  5]  26.00-27.00  sec  74.9 MBytes   628 Mbits/sec  66640  
[  5]  27.00-28.00  sec  75.9 MBytes   636 Mbits/sec  67540  
[  5]  28.00-29.00  sec  74.8 MBytes   628 Mbits/sec  66580  
[  5]  29.00-30.00  sec  73.6 MBytes   617 Mbits/sec  65470  
[  5]  30.00-31.00  sec  73.9 MBytes   620 Mbits/sec  65820  
[  5]  31.00-32.00  sec  73.3 MBytes   615 Mbits/sec  65280  
[  5]  32.00-33.00  sec  73.4 MBytes   616 Mbits/sec  65380  
[  5]  33.00-34.00  sec  74.8 MBytes   628 Mbits/sec  66610  
[  5]  34.00-35.00  sec  74.0 MBytes   620 Mbits/sec  65840  
[  5]  35.00-36.00  sec  70.0 MBytes   587 Mbits/sec  62320  
[  5]  36.00-37.00  sec  70.5 MBytes   591 Mbits/sec  62740  
[  5]  37.00-38.00  sec  56.7 MBytes   476 Mbits/sec  50470  
[  5]  38.00-39.00  sec  55.2 MBytes   463 Mbits/sec  49100  
[  5]  39.00-40.00  sec  56.8 MBytes   477 Mbits/sec  50600  
[  5]  40.00-41.00  sec  57.8 MBytes   485 Mbits/sec  51490  
[  5]  41.00-42.00  sec  70.0 MBytes   587 Mbits/sec  62290  
[  5]  42.00-43.00  sec  70.0 MBytes   587 Mbits/sec  62280  
[  5]  43.00-44.00  sec  74.1 MBytes   622 Mbits/sec  66000  
[  5]  44.00-45.00  sec  72.2 MBytes   606 Mbits/sec  64260  
[  5]  45.00-46.00  sec  69.4 MBytes   583 Mbits/sec  61810  
[  5]  46.00-47.00  sec  73.8 MBytes   619 Mbits/sec  65710  
[  5]  47.00-48.00  sec  75.0 MBytes   629 Mbits/sec  66770  
[  5]  48.00-49.00  sec  74.2 MBytes   622 Mbits/sec  66020  
[  5]  49.00-50.00  sec  74.3 MBytes   624 Mbits/sec  66160  
[  5]  50.00-51.00  sec  74.7 MBytes   626 Mbits/sec  66480  
[  5]  51.00-52.00  sec  63.4 MBytes   532 Mbits/sec  56460  
[  5]  52.00-53.00  sec  73.3 MBytes   615 Mbits/sec  65280  
[  5]  53.00-54.00  sec  75.3 MBytes   631 Mbits/sec  67000  
[  5]  54.00-55.00  sec  73.8 MBytes   619 Mbits/sec  65720  
[  5]  55.00-56.00  sec  76.3 MBytes   640 Mbits/sec  67920  
[  5]  56.00-57.00  sec  67.0 MBytes   562 Mbits/sec  59680  
[  5]  57.00-58.00  sec  72.6 MBytes   609 Mbits/sec  64640  
[  5]  58.00-59.00  sec  74.0 MBytes   620 Mbits/sec  65840  
[  5]  59.00-60.00  sec  73.9 MBytes   620 Mbits/sec  65770  
- - - - - - - - - - - - - - - - - - - - - - - - -
[ ID] Interval           Transfer     Bitrate         Jitter    Lost/Total Datagrams
[  5]   0.00-60.00  sec  4.21 GBytes   603 Mbits/sec  0.000 ms  0/3841210 (0%)  sender
[  5]   0.00-60.12  sec  1.61 GBytes   230 Mbits/sec  0.012 ms  2411226/3841179 (63%)  receiver

iperf Done.
