Connecting to host knb-server-79238, port 5201
[  5] local 10.136.173.106 port 58063 connected to 10.43.67.96 port 5201
[ ID] Interval           Transfer     Bitrate         Total Datagrams
[  5]   0.00-1.00   sec  69.3 MBytes   581 Mbits/sec  61670  (omitted)
[  5]   0.00-1.00   sec  73.2 MBytes   614 Mbits/sec  65120  
[  5]   1.00-2.00   sec  74.5 MBytes   625 Mbits/sec  66320  
[  5]   2.00-3.00   sec  73.7 MBytes   618 Mbits/sec  65610  
[  5]   3.00-4.00   sec  72.6 MBytes   609 Mbits/sec  64640  
[  5]   4.00-5.00   sec  74.7 MBytes   627 Mbits/sec  66500  
[  5]   5.00-6.00   sec  74.5 MBytes   625 Mbits/sec  66350  
[  5]   6.00-7.00   sec  64.9 MBytes   544 Mbits/sec  57730  
[  5]   7.00-8.00   sec  64.6 MBytes   542 Mbits/sec  57520  
[  5]   8.00-9.00   sec  74.6 MBytes   625 Mbits/sec  66360  
[  5]   9.00-10.00  sec  76.3 MBytes   640 Mbits/sec  67900  
[  5]  10.00-11.00  sec  71.8 MBytes   602 Mbits/sec  63910  
[  5]  11.00-12.00  sec  62.7 MBytes   526 Mbits/sec  55810  
[  5]  12.00-13.00  sec  53.1 MBytes   445 Mbits/sec  47260  
[  5]  13.00-14.00  sec  53.0 MBytes   445 Mbits/sec  47210  
[  5]  14.00-15.00  sec  71.6 MBytes   601 Mbits/sec  63720  
[  5]  15.00-16.00  sec  65.6 MBytes   550 Mbits/sec  58420  
[  5]  16.00-17.00  sec  58.4 MBytes   490 Mbits/sec  52020  
[  5]  17.00-18.00  sec  73.8 MBytes   619 Mbits/sec  65720  
[  5]  18.00-19.00  sec  72.6 MBytes   609 Mbits/sec  64610  
[  5]  19.00-20.00  sec  72.7 MBytes   610 Mbits/sec  64690  
[  5]  20.00-21.00  sec  70.8 MBytes   594 Mbits/sec  63050  
[  5]  21.00-22.00  sec  72.2 MBytes   606 Mbits/sec  64290  
[  5]  22.00-23.00  sec  75.9 MBytes   637 Mbits/sec  67590  
[  5]  23.00-24.00  sec  75.5 MBytes   633 Mbits/sec  67190  
[  5]  24.00-25.00  sec  73.2 MBytes   614 Mbits/sec  65200  
[  5]  25.00-26.00  sec  73.3 MBytes   615 Mbits/sec  65220  
[  5]  26.00-27.00  sec  72.5 MBytes   608 Mbits/sec  64530  
[  5]  27.00-28.00  sec  72.5 MBytes   608 Mbits/sec  64520  
[  5]  28.00-29.00  sec  74.5 MBytes   625 Mbits/sec  66300  
[  5]  29.00-30.00  sec  74.4 MBytes   624 Mbits/sec  66220  
[  5]  30.00-31.00  sec  67.6 MBytes   567 Mbits/sec  60130  
[  5]  31.00-32.00  sec  73.3 MBytes   615 Mbits/sec  65290  
[  5]  32.00-33.00  sec  64.8 MBytes   544 Mbits/sec  57720  
[  5]  33.00-34.00  sec  67.0 MBytes   562 Mbits/sec  59620  
[  5]  34.00-35.00  sec  68.1 MBytes   572 Mbits/sec  60640  
[  5]  35.00-36.00  sec  59.0 MBytes   495 Mbits/sec  52520  
[  5]  36.00-37.00  sec  64.5 MBytes   541 Mbits/sec  57390  
[  5]  37.00-38.00  sec  60.4 MBytes   507 Mbits/sec  53790  
[  5]  38.00-39.00  sec  66.8 MBytes   560 Mbits/sec  59450  
[  5]  39.00-40.00  sec  70.1 MBytes   588 Mbits/sec  62370  
[  5]  40.00-41.00  sec  70.0 MBytes   587 Mbits/sec  62270  
[  5]  41.00-42.00  sec  72.0 MBytes   604 Mbits/sec  64070  
[  5]  42.00-43.00  sec  74.3 MBytes   623 Mbits/sec  66130  
[  5]  43.00-44.00  sec  73.6 MBytes   618 Mbits/sec  65530  
[  5]  44.00-45.00  sec  74.8 MBytes   627 Mbits/sec  66580  
[  5]  45.00-46.00  sec  70.7 MBytes   593 Mbits/sec  62960  
[  5]  46.00-47.00  sec  74.4 MBytes   624 Mbits/sec  66210  
[  5]  47.00-48.00  sec  74.7 MBytes   627 Mbits/sec  66510  
[  5]  48.00-49.00  sec  74.1 MBytes   621 Mbits/sec  65930  
[  5]  49.00-50.00  sec  73.2 MBytes   614 Mbits/sec  65140  
[  5]  50.00-51.00  sec  71.8 MBytes   603 Mbits/sec  63940  
[  5]  51.00-52.00  sec  74.4 MBytes   624 Mbits/sec  66190  
[  5]  52.00-53.00  sec  75.4 MBytes   632 Mbits/sec  67090  
[  5]  53.00-54.00  sec  72.9 MBytes   611 Mbits/sec  64890  
[  5]  54.00-55.00  sec  74.6 MBytes   626 Mbits/sec  66410  
[  5]  55.00-56.00  sec  71.7 MBytes   601 Mbits/sec  63820  
[  5]  56.00-57.00  sec  55.0 MBytes   461 Mbits/sec  48960  
[  5]  57.00-58.00  sec  55.5 MBytes   466 Mbits/sec  49410  
[  5]  58.00-59.00  sec  58.7 MBytes   492 Mbits/sec  52240  
[  5]  59.00-60.00  sec  67.2 MBytes   564 Mbits/sec  59790  
- - - - - - - - - - - - - - - - - - - - - - - - -
[ ID] Interval           Transfer     Bitrate         Jitter    Lost/Total Datagrams
[  5]   0.00-60.00  sec  4.09 GBytes   585 Mbits/sec  0.000 ms  0/3724520 (0%)  sender
[  5]   0.00-60.06  sec  1.66 GBytes   238 Mbits/sec  0.006 ms  2240683/3724520 (60%)  receiver

iperf Done.
