Connecting to host 10.136.80.157, port 5201
[  5] local 10.136.173.110 port 39922 connected to 10.136.80.157 port 5201
[ ID] Interval           Transfer     Bitrate         Total Datagrams
[  5]   0.00-1.00   sec  65.1 MBytes   546 Mbits/sec  57970  (omitted)
[  5]   0.00-1.00   sec  61.9 MBytes   519 Mbits/sec  55080  
[  5]   1.00-2.00   sec  61.9 MBytes   519 Mbits/sec  55060  
[  5]   2.00-3.00   sec  65.8 MBytes   552 Mbits/sec  58590  
[  5]   3.00-4.00   sec  65.3 MBytes   548 Mbits/sec  58130  
[  5]   4.00-5.00   sec  63.1 MBytes   530 Mbits/sec  56200  
[  5]   5.00-6.00   sec  62.1 MBytes   521 Mbits/sec  55260  
[  5]   6.00-7.00   sec  69.7 MBytes   585 Mbits/sec  62070  
[  5]   7.00-8.00   sec  68.7 MBytes   576 Mbits/sec  61110  
[  5]   8.00-9.00   sec  63.2 MBytes   530 Mbits/sec  56230  
[  5]   9.00-10.00  sec  66.4 MBytes   557 Mbits/sec  59130  
[  5]  10.00-11.00  sec  78.3 MBytes   657 Mbits/sec  69690  
[  5]  11.00-12.00  sec  63.7 MBytes   534 Mbits/sec  56690  
[  5]  12.00-13.00  sec  68.2 MBytes   572 Mbits/sec  60740  
[  5]  13.00-14.00  sec  65.1 MBytes   546 Mbits/sec  57940  
[  5]  14.00-15.00  sec  64.4 MBytes   540 Mbits/sec  57290  
[  5]  15.00-16.00  sec  72.7 MBytes   610 Mbits/sec  64720  
[  5]  16.00-17.00  sec  82.5 MBytes   692 Mbits/sec  73450  
[  5]  17.00-18.00  sec  73.2 MBytes   614 Mbits/sec  65160  
[  5]  18.00-19.00  sec  72.0 MBytes   604 Mbits/sec  64130  
[  5]  19.00-20.00  sec  71.9 MBytes   603 Mbits/sec  64020  
[  5]  20.00-21.00  sec  70.8 MBytes   594 Mbits/sec  63040  
[  5]  21.00-22.00  sec  69.2 MBytes   580 Mbits/sec  61580  
[  5]  22.00-23.00  sec  62.2 MBytes   522 Mbits/sec  55360  
[  5]  23.00-24.00  sec  67.1 MBytes   563 Mbits/sec  59740  
[  5]  24.00-25.00  sec  62.6 MBytes   525 Mbits/sec  55700  
[  5]  25.00-26.00  sec  62.1 MBytes   521 Mbits/sec  55290  
[  5]  26.00-27.00  sec  60.7 MBytes   510 Mbits/sec  54070  
[  5]  27.00-28.00  sec  63.7 MBytes   534 Mbits/sec  56670  
[  5]  28.00-29.00  sec  64.3 MBytes   540 Mbits/sec  57260  
[  5]  29.00-30.00  sec  63.5 MBytes   533 Mbits/sec  56550  
[  5]  30.00-31.00  sec  60.6 MBytes   508 Mbits/sec  53900  
[  5]  31.00-32.00  sec  58.8 MBytes   493 Mbits/sec  52300  
[  5]  32.00-33.00  sec  64.5 MBytes   541 Mbits/sec  57410  
[  5]  33.00-34.00  sec  80.9 MBytes   679 Mbits/sec  72030  
[  5]  34.00-35.00  sec  62.6 MBytes   525 Mbits/sec  55680  
[  5]  35.00-36.00  sec  67.4 MBytes   565 Mbits/sec  59970  
[  5]  36.00-37.00  sec  61.8 MBytes   519 Mbits/sec  55050  
[  5]  37.00-38.00  sec  65.3 MBytes   548 Mbits/sec  58140  
[  5]  38.00-39.00  sec  74.4 MBytes   624 Mbits/sec  66190  
[  5]  39.00-40.00  sec  64.3 MBytes   539 Mbits/sec  57220  
[  5]  40.00-41.00  sec  63.0 MBytes   528 Mbits/sec  56050  
[  5]  41.00-42.00  sec  83.3 MBytes   699 Mbits/sec  74130  
[  5]  42.00-43.00  sec  82.4 MBytes   691 Mbits/sec  73310  
[  5]  43.00-44.00  sec  79.7 MBytes   669 Mbits/sec  70950  
[  5]  44.00-45.00  sec  59.4 MBytes   498 Mbits/sec  52880  
[  5]  45.00-46.00  sec  61.0 MBytes   512 Mbits/sec  54290  
[  5]  46.00-47.00  sec  62.6 MBytes   525 Mbits/sec  55720  
[  5]  47.00-48.00  sec  80.1 MBytes   672 Mbits/sec  71320  
[  5]  48.00-49.00  sec  64.2 MBytes   538 Mbits/sec  57140  
[  5]  49.00-50.00  sec  59.5 MBytes   499 Mbits/sec  52950  
[  5]  50.00-51.00  sec  57.3 MBytes   481 Mbits/sec  51000  
[  5]  51.00-52.00  sec  59.0 MBytes   495 Mbits/sec  52510  
[  5]  52.00-53.00  sec  64.8 MBytes   544 Mbits/sec  57700  
[  5]  53.00-54.00  sec  67.3 MBytes   565 Mbits/sec  59920  
[  5]  54.00-55.00  sec  66.8 MBytes   561 Mbits/sec  59480  
[  5]  55.00-56.00  sec  64.9 MBytes   545 Mbits/sec  57800  
[  5]  56.00-57.00  sec  64.1 MBytes   538 Mbits/sec  57050  
[  5]  57.00-58.00  sec  62.2 MBytes   522 Mbits/sec  55370  
[  5]  58.00-59.00  sec  81.8 MBytes   687 Mbits/sec  72850  
[  5]  59.00-60.00  sec  83.8 MBytes   703 Mbits/sec  74600  
- - - - - - - - - - - - - - - - - - - - - - - - -
[ ID] Interval           Transfer     Bitrate         Jitter    Lost/Total Datagrams
[  5]   0.00-60.00  sec  3.94 GBytes   564 Mbits/sec  0.000 ms  0/3590860 (0%)  sender
[  5]   0.00-61.20  sec   600 MBytes  82.2 Mbits/sec  0.027 ms  2508765/3002637 (84%)  receiver

iperf Done.
