Connecting to host 10.136.80.157, port 5201
[  5] local 10.136.173.92 port 33307 connected to 10.136.80.157 port 5201
[ ID] Interval           Transfer     Bitrate         Total Datagrams
[  5]   0.00-1.00   sec  77.9 MBytes   653 Mbits/sec  69300  (omitted)
[  5]   0.00-1.00   sec  80.3 MBytes   673 Mbits/sec  71440  
[  5]   1.00-2.00   sec  80.8 MBytes   677 Mbits/sec  71880  
[  5]   2.00-3.00   sec  79.5 MBytes   667 Mbits/sec  70780  
[  5]   3.00-4.00   sec  79.5 MBytes   667 Mbits/sec  70800  
[  5]   4.00-5.00   sec  79.9 MBytes   670 Mbits/sec  71080  
[  5]   5.00-6.00   sec  79.0 MBytes   663 Mbits/sec  70320  
[  5]   6.00-7.00   sec  79.5 MBytes   667 Mbits/sec  70750  
[  5]   7.00-8.00   sec  79.3 MBytes   665 Mbits/sec  70610  
[  5]   8.00-9.00   sec  79.5 MBytes   667 Mbits/sec  70770  
[  5]   9.00-10.00  sec  77.2 MBytes   647 Mbits/sec  68710  
[  5]  10.00-11.00  sec  78.0 MBytes   654 Mbits/sec  69430  
[  5]  11.00-12.00  sec  78.1 MBytes   655 Mbits/sec  69510  
[  5]  12.00-13.00  sec  78.3 MBytes   657 Mbits/sec  69690  
[  5]  13.00-14.00  sec  78.6 MBytes   660 Mbits/sec  69990  
[  5]  14.00-15.00  sec  73.2 MBytes   614 Mbits/sec  65180  
[  5]  15.00-16.00  sec  72.5 MBytes   609 Mbits/sec  64570  
[  5]  16.00-17.00  sec  72.4 MBytes   607 Mbits/sec  64410  
[  5]  17.00-18.00  sec  72.0 MBytes   604 Mbits/sec  64050  
[  5]  18.00-19.00  sec  71.9 MBytes   603 Mbits/sec  63960  
[  5]  19.00-20.00  sec  71.2 MBytes   597 Mbits/sec  63380  
[  5]  20.00-21.00  sec  77.5 MBytes   650 Mbits/sec  69020  
[  5]  21.00-22.00  sec  80.9 MBytes   679 Mbits/sec  72030  
[  5]  22.00-23.00  sec  81.2 MBytes   681 Mbits/sec  72250  
[  5]  23.00-24.00  sec  81.4 MBytes   683 Mbits/sec  72440  
[  5]  24.00-25.00  sec  80.1 MBytes   672 Mbits/sec  71330  
[  5]  25.00-26.00  sec  80.2 MBytes   673 Mbits/sec  71430  
[  5]  26.00-27.00  sec  81.3 MBytes   682 Mbits/sec  72350  
[  5]  27.00-28.00  sec  80.4 MBytes   675 Mbits/sec  71590  
[  5]  28.00-29.00  sec  81.0 MBytes   680 Mbits/sec  72130  
[  5]  29.00-30.00  sec  80.9 MBytes   679 Mbits/sec  72030  
[  5]  30.00-31.00  sec  81.2 MBytes   681 Mbits/sec  72240  
[  5]  31.00-32.00  sec  82.4 MBytes   691 Mbits/sec  73330  
[  5]  32.00-33.00  sec  82.1 MBytes   689 Mbits/sec  73100  
[  5]  33.00-34.00  sec  81.4 MBytes   683 Mbits/sec  72460  
[  5]  34.00-35.00  sec  82.0 MBytes   687 Mbits/sec  72950  
[  5]  35.00-36.00  sec  81.0 MBytes   680 Mbits/sec  72120  
[  5]  36.00-37.00  sec  79.2 MBytes   664 Mbits/sec  70500  
[  5]  37.00-38.00  sec  82.3 MBytes   691 Mbits/sec  73280  
[  5]  38.00-39.00  sec  82.0 MBytes   688 Mbits/sec  73010  
[  5]  39.00-40.00  sec  81.5 MBytes   683 Mbits/sec  72510  
[  5]  40.00-41.00  sec  81.0 MBytes   680 Mbits/sec  72140  
[  5]  41.00-42.00  sec  80.9 MBytes   678 Mbits/sec  72000  
[  5]  42.00-43.00  sec  81.4 MBytes   683 Mbits/sec  72480  
[  5]  43.00-44.00  sec  82.0 MBytes   688 Mbits/sec  72970  
[  5]  44.00-45.00  sec  82.3 MBytes   690 Mbits/sec  73260  
[  5]  45.00-46.00  sec  81.8 MBytes   686 Mbits/sec  72770  
[  5]  46.00-47.00  sec  82.6 MBytes   693 Mbits/sec  73560  
[  5]  47.00-48.00  sec  81.5 MBytes   683 Mbits/sec  72520  
[  5]  48.00-49.00  sec  80.4 MBytes   674 Mbits/sec  71560  
[  5]  49.00-50.00  sec  80.4 MBytes   675 Mbits/sec  71570  
[  5]  50.00-51.00  sec  79.2 MBytes   665 Mbits/sec  70520  
[  5]  51.00-52.00  sec  79.2 MBytes   664 Mbits/sec  70460  
[  5]  52.00-53.00  sec  78.2 MBytes   656 Mbits/sec  69650  
[  5]  53.00-54.00  sec  81.4 MBytes   683 Mbits/sec  72450  
[  5]  54.00-55.00  sec  79.9 MBytes   670 Mbits/sec  71090  
[  5]  55.00-56.00  sec  79.7 MBytes   668 Mbits/sec  70930  
[  5]  56.00-57.00  sec  80.4 MBytes   675 Mbits/sec  71570  
[  5]  57.00-58.00  sec  78.1 MBytes   655 Mbits/sec  69560  
[  5]  58.00-59.00  sec  73.7 MBytes   618 Mbits/sec  65630  
[  5]  59.00-60.00  sec  72.5 MBytes   608 Mbits/sec  64520  
- - - - - - - - - - - - - - - - - - - - - - - - -
[ ID] Interval           Transfer     Bitrate         Jitter    Lost/Total Datagrams
[  5]   0.00-60.00  sec  4.65 GBytes   665 Mbits/sec  0.000 ms  0/4234620 (0%)  sender
[  5]   0.00-60.37  sec  1.32 GBytes   187 Mbits/sec  0.012 ms  3085045/4233907 (73%)  receiver

iperf Done.
