Connecting to host 10.136.80.187, port 5201
[  5] local 10.136.173.124 port 36572 connected to 10.136.80.187 port 5201
[ ID] Interval           Transfer     Bitrate         Total Datagrams
[  5]   0.00-1.00   sec  75.9 MBytes   637 Mbits/sec  67570  (omitted)
[  5]   0.00-1.00   sec  76.2 MBytes   639 Mbits/sec  67810  
[  5]   1.00-2.00   sec  80.9 MBytes   679 Mbits/sec  72030  
[  5]   2.00-3.00   sec  81.9 MBytes   687 Mbits/sec  72880  
[  5]   3.00-4.00   sec  82.2 MBytes   690 Mbits/sec  73170  
[  5]   4.00-5.00   sec  83.9 MBytes   704 Mbits/sec  74710  
[  5]   5.00-6.00   sec  83.2 MBytes   698 Mbits/sec  74030  
[  5]   6.00-7.00   sec  82.3 MBytes   691 Mbits/sec  73270  
[  5]   7.00-8.00   sec  83.8 MBytes   703 Mbits/sec  74610  
[  5]   8.00-9.00   sec  83.6 MBytes   701 Mbits/sec  74420  
[  5]   9.00-10.00  sec  84.2 MBytes   706 Mbits/sec  74930  
[  5]  10.00-11.00  sec  82.7 MBytes   693 Mbits/sec  73570  
[  5]  11.00-12.00  sec  82.9 MBytes   696 Mbits/sec  73810  
[  5]  12.00-13.00  sec  82.5 MBytes   692 Mbits/sec  73430  
[  5]  13.00-14.00  sec  82.6 MBytes   693 Mbits/sec  73540  
[  5]  14.00-15.00  sec  81.1 MBytes   681 Mbits/sec  72230  
[  5]  15.00-16.00  sec  81.5 MBytes   684 Mbits/sec  72570  
[  5]  16.00-17.00  sec  78.7 MBytes   660 Mbits/sec  70050  
[  5]  17.00-18.00  sec  80.5 MBytes   675 Mbits/sec  71620  
[  5]  18.00-19.00  sec  82.0 MBytes   688 Mbits/sec  73000  
[  5]  19.00-20.00  sec  82.1 MBytes   689 Mbits/sec  73110  
[  5]  20.00-21.00  sec  82.7 MBytes   694 Mbits/sec  73630  
[  5]  21.00-22.00  sec  83.0 MBytes   696 Mbits/sec  73840  
[  5]  22.00-23.00  sec  82.9 MBytes   695 Mbits/sec  73790  
[  5]  23.00-24.00  sec  80.4 MBytes   675 Mbits/sec  71610  
[  5]  24.00-25.00  sec  81.4 MBytes   683 Mbits/sec  72490  
[  5]  25.00-26.00  sec  83.6 MBytes   701 Mbits/sec  74420  
[  5]  26.00-27.00  sec  81.9 MBytes   687 Mbits/sec  72930  
[  5]  27.00-28.00  sec  82.9 MBytes   696 Mbits/sec  73820  
[  5]  28.00-29.00  sec  84.1 MBytes   706 Mbits/sec  74890  
[  5]  29.00-30.00  sec  81.7 MBytes   685 Mbits/sec  72690  
[  5]  30.00-31.00  sec  83.0 MBytes   696 Mbits/sec  73900  
[  5]  31.00-32.00  sec  82.3 MBytes   690 Mbits/sec  73250  
[  5]  32.00-33.00  sec  83.1 MBytes   697 Mbits/sec  73990  
[  5]  33.00-34.00  sec  83.3 MBytes   699 Mbits/sec  74140  
[  5]  34.00-35.00  sec  82.0 MBytes   688 Mbits/sec  72960  
[  5]  35.00-36.00  sec  82.2 MBytes   690 Mbits/sec  73190  
[  5]  36.00-37.00  sec  81.3 MBytes   682 Mbits/sec  72410  
[  5]  37.00-38.00  sec  81.8 MBytes   686 Mbits/sec  72810  
[  5]  38.00-39.00  sec  82.3 MBytes   690 Mbits/sec  73240  
[  5]  39.00-40.00  sec  82.2 MBytes   689 Mbits/sec  73150  
[  5]  40.00-41.00  sec  81.9 MBytes   687 Mbits/sec  72940  
[  5]  41.00-42.00  sec  82.5 MBytes   692 Mbits/sec  73420  
[  5]  42.00-43.00  sec  82.7 MBytes   693 Mbits/sec  73570  
[  5]  43.00-44.00  sec  82.1 MBytes   689 Mbits/sec  73100  
[  5]  44.00-45.00  sec  84.4 MBytes   708 Mbits/sec  75150  
[  5]  45.00-46.00  sec  82.4 MBytes   691 Mbits/sec  73350  
[  5]  46.00-47.00  sec  80.6 MBytes   676 Mbits/sec  71770  
[  5]  47.00-48.00  sec  81.8 MBytes   686 Mbits/sec  72850  
[  5]  48.00-49.00  sec  81.6 MBytes   685 Mbits/sec  72640  
[  5]  49.00-50.00  sec  83.3 MBytes   698 Mbits/sec  74110  
[  5]  50.00-51.00  sec  82.8 MBytes   694 Mbits/sec  73660  
[  5]  51.00-52.00  sec  82.3 MBytes   691 Mbits/sec  73280  
[  5]  52.00-53.00  sec  82.6 MBytes   693 Mbits/sec  73500  
[  5]  53.00-54.00  sec  83.9 MBytes   704 Mbits/sec  74700  
[  5]  54.00-55.00  sec  81.1 MBytes   680 Mbits/sec  72200  
[  5]  55.00-56.00  sec  83.1 MBytes   697 Mbits/sec  73930  
[  5]  56.00-57.00  sec  81.9 MBytes   687 Mbits/sec  72880  
[  5]  57.00-58.00  sec  76.5 MBytes   642 Mbits/sec  68110  
[  5]  58.00-59.00  sec  77.5 MBytes   650 Mbits/sec  69020  
[  5]  59.00-60.00  sec  77.4 MBytes   649 Mbits/sec  68890  
- - - - - - - - - - - - - - - - - - - - - - - - -
[ ID] Interval           Transfer     Bitrate         Jitter    Lost/Total Datagrams
[  5]   0.00-60.00  sec  4.80 GBytes   688 Mbits/sec  0.000 ms  0/4379010 (0%)  sender
[  5]   0.00-60.07  sec  2.38 GBytes   341 Mbits/sec  0.012 ms  2235456/4379010 (51%)  receiver

iperf Done.
