Connecting to host 10.136.80.191, port 5201
[  5] local 10.136.173.113 port 46208 connected to 10.136.80.191 port 5201
[ ID] Interval           Transfer     Bitrate         Retr  Cwnd
[  5]   0.00-1.00   sec  28.2 MBytes   236 Mbits/sec  205   13.7 KBytes       (omitted)
[  5]   0.00-1.00   sec  23.3 MBytes   195 Mbits/sec  173   13.7 KBytes       
[  5]   1.00-2.00   sec  26.7 MBytes   224 Mbits/sec  180   6.83 KBytes       
[  5]   2.00-3.00   sec  23.0 MBytes   193 Mbits/sec  165   15.0 KBytes       
[  5]   3.00-4.00   sec  26.1 MBytes   219 Mbits/sec  216   10.9 KBytes       
[  5]   4.00-5.00   sec  27.0 MBytes   226 Mbits/sec  213   12.3 KBytes       
[  5]   5.00-6.00   sec  23.3 MBytes   195 Mbits/sec  152   12.3 KBytes       
[  5]   6.00-7.00   sec  24.5 MBytes   206 Mbits/sec  174   10.9 KBytes       
[  5]   7.00-8.00   sec  25.5 MBytes   214 Mbits/sec  174   12.3 KBytes       
[  5]   8.00-9.00   sec  23.9 MBytes   201 Mbits/sec  179   23.2 KBytes       
[  5]   9.00-10.00  sec  24.9 MBytes   209 Mbits/sec  187   9.56 KBytes       
[  5]  10.00-11.00  sec  22.7 MBytes   190 Mbits/sec  202   16.4 KBytes       
[  5]  11.00-12.00  sec  22.8 MBytes   191 Mbits/sec  152   19.1 KBytes       
[  5]  12.00-13.00  sec  26.4 MBytes   221 Mbits/sec  202   6.83 KBytes       
[  5]  13.00-14.00  sec  23.6 MBytes   198 Mbits/sec  200   8.19 KBytes       
[  5]  14.00-15.00  sec  25.5 MBytes   214 Mbits/sec  200   16.4 KBytes       
[  5]  15.00-16.00  sec  27.0 MBytes   226 Mbits/sec  200   20.5 KBytes       
[  5]  16.00-17.00  sec  27.4 MBytes   230 Mbits/sec  208   9.56 KBytes       
[  5]  17.00-18.00  sec  25.1 MBytes   211 Mbits/sec  199   16.4 KBytes       
[  5]  18.00-19.00  sec  26.1 MBytes   219 Mbits/sec  212   15.0 KBytes       
[  5]  19.00-20.00  sec  22.4 MBytes   188 Mbits/sec  178   10.9 KBytes       
[  5]  20.00-21.00  sec  22.8 MBytes   191 Mbits/sec  165   27.3 KBytes       
[  5]  21.00-22.00  sec  26.1 MBytes   219 Mbits/sec  184   10.9 KBytes       
[  5]  22.00-23.00  sec  25.5 MBytes   214 Mbits/sec  190   12.3 KBytes       
[  5]  23.00-24.00  sec  24.5 MBytes   206 Mbits/sec  182   10.9 KBytes       
[  5]  24.00-25.00  sec  24.3 MBytes   204 Mbits/sec  190   15.0 KBytes       
[  5]  25.00-26.00  sec  25.5 MBytes   213 Mbits/sec  201   13.7 KBytes       
[  5]  26.00-27.00  sec  25.1 MBytes   211 Mbits/sec  208   9.56 KBytes       
[  5]  27.00-28.00  sec  24.8 MBytes   208 Mbits/sec  178   16.4 KBytes       
[  5]  28.00-29.00  sec  26.4 MBytes   221 Mbits/sec  182   13.7 KBytes       
[  5]  29.00-30.00  sec  26.3 MBytes   221 Mbits/sec  207   15.0 KBytes       
[  5]  30.00-31.00  sec  25.8 MBytes   217 Mbits/sec  187   10.9 KBytes       
[  5]  31.00-32.00  sec  22.1 MBytes   185 Mbits/sec  165   2.73 KBytes       
[  5]  32.00-33.00  sec  23.9 MBytes   201 Mbits/sec  182   12.3 KBytes       
[  5]  33.00-34.00  sec  26.7 MBytes   224 Mbits/sec  199   19.1 KBytes       
[  5]  34.00-35.00  sec  24.8 MBytes   208 Mbits/sec  188   9.56 KBytes       
[  5]  35.00-36.00  sec  26.1 MBytes   219 Mbits/sec  209   13.7 KBytes       
[  5]  36.00-37.00  sec  25.1 MBytes   211 Mbits/sec  190   9.56 KBytes       
[  5]  37.00-38.00  sec  23.3 MBytes   196 Mbits/sec  176   2.73 KBytes       
[  5]  38.00-39.00  sec  24.3 MBytes   204 Mbits/sec  172   13.7 KBytes       
[  5]  39.00-40.00  sec  25.1 MBytes   211 Mbits/sec  192   6.83 KBytes       
[  5]  40.00-41.00  sec  25.5 MBytes   214 Mbits/sec  186   16.4 KBytes       
[  5]  41.00-42.00  sec  26.4 MBytes   221 Mbits/sec  188   20.5 KBytes       
[  5]  42.00-43.00  sec  26.7 MBytes   224 Mbits/sec  206   13.7 KBytes       
[  5]  43.00-44.00  sec  24.3 MBytes   204 Mbits/sec  187   6.83 KBytes       
[  5]  44.00-45.00  sec  24.2 MBytes   203 Mbits/sec  211   5.46 KBytes       
[  5]  45.00-46.00  sec  26.1 MBytes   219 Mbits/sec  175   16.4 KBytes       
[  5]  46.00-47.00  sec  26.1 MBytes   219 Mbits/sec  196   15.0 KBytes       
[  5]  47.00-48.00  sec  25.1 MBytes   211 Mbits/sec  224   12.3 KBytes       
[  5]  48.00-49.00  sec  24.5 MBytes   206 Mbits/sec  192   6.83 KBytes       
[  5]  49.00-50.00  sec  27.9 MBytes   234 Mbits/sec  202   17.7 KBytes       
[  5]  50.00-51.00  sec  25.5 MBytes   214 Mbits/sec  214   10.9 KBytes       
[  5]  51.00-52.00  sec  24.2 MBytes   203 Mbits/sec  182   16.4 KBytes       
[  5]  52.00-53.00  sec  26.4 MBytes   221 Mbits/sec  184   12.3 KBytes       
[  5]  53.00-54.00  sec  24.8 MBytes   208 Mbits/sec  208   8.19 KBytes       
[  5]  54.00-55.00  sec  25.1 MBytes   211 Mbits/sec  222   21.8 KBytes       
[  5]  55.00-56.00  sec  26.7 MBytes   224 Mbits/sec  190   8.19 KBytes       
[  5]  56.00-57.00  sec  21.2 MBytes   177 Mbits/sec  180   10.9 KBytes       
[  5]  57.00-58.00  sec  25.8 MBytes   217 Mbits/sec  211   17.7 KBytes       
[  5]  58.00-59.00  sec  25.8 MBytes   217 Mbits/sec  201   25.9 KBytes       
[  5]  59.00-60.00  sec  24.7 MBytes   207 Mbits/sec  204   13.7 KBytes       
- - - - - - - - - - - - - - - - - - - - - - - - -
[ ID] Interval           Transfer     Bitrate         Retr
[  5]   0.00-60.00  sec  1.47 GBytes   210 Mbits/sec  11476             sender
[  5]   0.00-60.04  sec  1.47 GBytes   210 Mbits/sec                  receiver

iperf Done.
