Connecting to host knb-server-682110, port 5201
[  5] local 10.136.173.87 port 46311 connected to 10.43.200.191 port 5201
[ ID] Interval           Transfer     Bitrate         Total Datagrams
[  5]   0.00-1.00   sec  67.9 MBytes   570 Mbits/sec  60460  (omitted)
[  5]   0.00-1.00   sec  62.6 MBytes   525 Mbits/sec  55760  
[  5]   1.00-2.00   sec  64.1 MBytes   538 Mbits/sec  57070  
[  5]   2.00-3.00   sec  64.0 MBytes   537 Mbits/sec  56940  
[  5]   3.00-4.00   sec  59.3 MBytes   498 Mbits/sec  52810  
[  5]   4.00-5.00   sec  61.2 MBytes   513 Mbits/sec  54480  
[  5]   5.00-6.00   sec  59.3 MBytes   498 Mbits/sec  52810  
[  5]   6.00-7.00   sec  59.2 MBytes   497 Mbits/sec  52740  
[  5]   7.00-8.00   sec  72.1 MBytes   605 Mbits/sec  64210  
[  5]   8.00-9.00   sec  75.8 MBytes   636 Mbits/sec  67440  
[  5]   9.00-10.00  sec  65.1 MBytes   546 Mbits/sec  57970  
[  5]  10.00-11.00  sec  62.3 MBytes   523 Mbits/sec  55460  
[  5]  11.00-12.00  sec  59.1 MBytes   496 Mbits/sec  52620  
[  5]  12.00-13.00  sec  62.4 MBytes   523 Mbits/sec  55500  
[  5]  13.00-14.00  sec  62.6 MBytes   525 Mbits/sec  55710  
[  5]  14.00-15.00  sec  64.4 MBytes   540 Mbits/sec  57290  
[  5]  15.00-16.00  sec  59.6 MBytes   500 Mbits/sec  53030  
[  5]  16.00-17.00  sec  59.1 MBytes   496 Mbits/sec  52600  
[  5]  17.00-18.00  sec  59.5 MBytes   499 Mbits/sec  52960  
[  5]  18.00-19.00  sec  59.4 MBytes   498 Mbits/sec  52880  
[  5]  19.00-20.00  sec  76.1 MBytes   639 Mbits/sec  67770  
[  5]  20.00-21.00  sec  74.9 MBytes   628 Mbits/sec  66680  
[  5]  21.00-22.00  sec  76.4 MBytes   641 Mbits/sec  68040  
[  5]  22.00-23.00  sec  75.6 MBytes   634 Mbits/sec  67310  
[  5]  23.00-24.00  sec  71.7 MBytes   602 Mbits/sec  63850  
[  5]  24.00-25.00  sec  76.3 MBytes   640 Mbits/sec  67900  
[  5]  25.00-26.00  sec  75.6 MBytes   634 Mbits/sec  67290  
[  5]  26.00-27.00  sec  76.2 MBytes   639 Mbits/sec  67850  
[  5]  27.00-28.00  sec  76.2 MBytes   640 Mbits/sec  67860  
[  5]  28.00-29.00  sec  76.6 MBytes   643 Mbits/sec  68180  
[  5]  29.00-30.00  sec  75.6 MBytes   634 Mbits/sec  67330  
[  5]  30.00-31.00  sec  75.7 MBytes   635 Mbits/sec  67420  
[  5]  31.00-32.00  sec  76.3 MBytes   640 Mbits/sec  67900  
[  5]  32.00-33.00  sec  76.1 MBytes   639 Mbits/sec  67760  
[  5]  33.00-34.00  sec  76.9 MBytes   645 Mbits/sec  68470  
[  5]  34.00-35.00  sec  76.8 MBytes   644 Mbits/sec  68390  
[  5]  35.00-36.00  sec  76.4 MBytes   641 Mbits/sec  68030  
[  5]  36.00-37.00  sec  77.0 MBytes   646 Mbits/sec  68500  
[  5]  37.00-38.00  sec  76.5 MBytes   642 Mbits/sec  68090  
[  5]  38.00-39.00  sec  76.7 MBytes   644 Mbits/sec  68290  
[  5]  39.00-40.00  sec  75.4 MBytes   632 Mbits/sec  67100  
[  5]  40.00-41.00  sec  75.4 MBytes   633 Mbits/sec  67150  
[  5]  41.00-42.00  sec  76.5 MBytes   641 Mbits/sec  68060  
[  5]  42.00-43.00  sec  74.7 MBytes   626 Mbits/sec  66470  
[  5]  43.00-44.00  sec  75.8 MBytes   636 Mbits/sec  67470  
[  5]  44.00-45.00  sec  76.1 MBytes   638 Mbits/sec  67740  
[  5]  45.00-46.00  sec  75.9 MBytes   637 Mbits/sec  67570  
[  5]  46.00-47.00  sec  75.1 MBytes   630 Mbits/sec  66890  
[  5]  47.00-48.00  sec  76.6 MBytes   642 Mbits/sec  68160  
[  5]  48.00-49.00  sec  74.9 MBytes   629 Mbits/sec  66700  
[  5]  49.00-50.00  sec  76.9 MBytes   645 Mbits/sec  68430  
[  5]  50.00-51.00  sec  76.4 MBytes   641 Mbits/sec  68010  
[  5]  51.00-52.00  sec  77.3 MBytes   648 Mbits/sec  68770  
[  5]  52.00-53.00  sec  76.8 MBytes   644 Mbits/sec  68370  
[  5]  53.00-54.00  sec  76.9 MBytes   645 Mbits/sec  68480  
[  5]  54.00-55.00  sec  76.8 MBytes   644 Mbits/sec  68370  
[  5]  55.00-56.00  sec  76.6 MBytes   642 Mbits/sec  68180  
[  5]  56.00-57.00  sec  77.0 MBytes   646 Mbits/sec  68560  
[  5]  57.00-58.00  sec  76.5 MBytes   642 Mbits/sec  68100  
[  5]  58.00-59.00  sec  77.5 MBytes   650 Mbits/sec  69010  
[  5]  59.00-60.00  sec  76.2 MBytes   639 Mbits/sec  67800  
- - - - - - - - - - - - - - - - - - - - - - - - -
[ ID] Interval           Transfer     Bitrate         Jitter    Lost/Total Datagrams
[  5]   0.00-60.00  sec  4.21 GBytes   603 Mbits/sec  0.000 ms  0/3838580 (0%)  sender
[  5]   0.00-60.04  sec  3.79 GBytes   542 Mbits/sec  0.012 ms  393638/3838579 (10%)  receiver

iperf Done.
