Connecting to host 10.136.80.182, port 5201
[  5] local 10.136.173.110 port 45013 connected to 10.136.80.182 port 5201
[ ID] Interval           Transfer     Bitrate         Total Datagrams
[  5]   0.00-1.00   sec  92.7 MBytes   778 Mbits/sec  69540  (omitted)
[  5]   0.00-1.00   sec  79.6 MBytes   668 Mbits/sec  59730  
[  5]   1.00-2.00   sec  78.7 MBytes   660 Mbits/sec  59040  
[  5]   2.00-3.00   sec  79.4 MBytes   666 Mbits/sec  59590  
[  5]   3.00-4.00   sec  78.2 MBytes   656 Mbits/sec  58640  
[  5]   4.00-5.00   sec  78.7 MBytes   660 Mbits/sec  59040  
[  5]   5.00-6.00   sec  78.9 MBytes   662 Mbits/sec  59180  
[  5]   6.00-7.00   sec  79.3 MBytes   665 Mbits/sec  59500  
[  5]   7.00-8.00   sec  78.7 MBytes   660 Mbits/sec  59040  
[  5]   8.00-9.00   sec  79.1 MBytes   664 Mbits/sec  59360  
[  5]   9.00-10.00  sec  79.7 MBytes   669 Mbits/sec  59790  
[  5]  10.00-11.00  sec  80.2 MBytes   673 Mbits/sec  60180  
[  5]  11.00-12.00  sec  80.0 MBytes   671 Mbits/sec  60030  
[  5]  12.00-13.00  sec  78.4 MBytes   658 Mbits/sec  58800  
[  5]  13.00-14.00  sec  82.8 MBytes   694 Mbits/sec  62080  
[  5]  14.00-15.00  sec  93.1 MBytes   781 Mbits/sec  69860  
[  5]  15.00-16.00  sec  94.0 MBytes   788 Mbits/sec  70490  
[  5]  16.00-17.00  sec  92.9 MBytes   779 Mbits/sec  69680  
[  5]  17.00-18.00  sec  88.4 MBytes   741 Mbits/sec  66270  
[  5]  18.00-19.00  sec  79.0 MBytes   663 Mbits/sec  59260  
[  5]  19.00-20.00  sec  79.3 MBytes   665 Mbits/sec  59500  
[  5]  20.00-21.00  sec  78.9 MBytes   662 Mbits/sec  59160  
[  5]  21.00-22.00  sec  79.2 MBytes   664 Mbits/sec  59380  
[  5]  22.00-23.00  sec  79.6 MBytes   668 Mbits/sec  59710  
[  5]  23.00-24.00  sec  77.8 MBytes   652 Mbits/sec  58340  
[  5]  24.00-25.00  sec  79.6 MBytes   668 Mbits/sec  59720  
[  5]  25.00-26.00  sec  78.8 MBytes   661 Mbits/sec  59110  
[  5]  26.00-27.00  sec  78.4 MBytes   657 Mbits/sec  58790  
[  5]  27.00-28.00  sec  79.2 MBytes   664 Mbits/sec  59390  
[  5]  28.00-29.00  sec  79.1 MBytes   663 Mbits/sec  59320  
[  5]  29.00-30.00  sec  79.3 MBytes   665 Mbits/sec  59490  
[  5]  30.00-31.00  sec  79.9 MBytes   671 Mbits/sec  59950  
[  5]  31.00-32.00  sec  78.0 MBytes   654 Mbits/sec  58510  
[  5]  32.00-33.00  sec  79.4 MBytes   666 Mbits/sec  59520  
[  5]  33.00-34.00  sec  78.7 MBytes   660 Mbits/sec  59020  
[  5]  34.00-35.00  sec  79.4 MBytes   666 Mbits/sec  59560  
[  5]  35.00-36.00  sec  79.3 MBytes   665 Mbits/sec  59450  
[  5]  36.00-37.00  sec  79.2 MBytes   664 Mbits/sec  59410  
[  5]  37.00-38.00  sec  79.2 MBytes   664 Mbits/sec  59400  
[  5]  38.00-39.00  sec  81.5 MBytes   684 Mbits/sec  61160  
[  5]  39.00-40.00  sec  78.1 MBytes   655 Mbits/sec  58560  
[  5]  40.00-41.00  sec  79.8 MBytes   670 Mbits/sec  59860  
[  5]  41.00-42.00  sec  79.6 MBytes   667 Mbits/sec  59690  
[  5]  42.00-43.00  sec  79.6 MBytes   668 Mbits/sec  59710  
[  5]  43.00-44.00  sec  77.7 MBytes   652 Mbits/sec  58250  
[  5]  44.00-45.00  sec  79.2 MBytes   664 Mbits/sec  59370  
[  5]  45.00-46.00  sec  79.0 MBytes   663 Mbits/sec  59290  
[  5]  46.00-47.00  sec  83.0 MBytes   696 Mbits/sec  62270  
[  5]  47.00-48.00  sec  93.0 MBytes   780 Mbits/sec  69720  
[  5]  48.00-49.00  sec  93.5 MBytes   784 Mbits/sec  70140  
[  5]  49.00-50.00  sec  93.5 MBytes   785 Mbits/sec  70160  
[  5]  50.00-51.00  sec  93.9 MBytes   788 Mbits/sec  70420  
[  5]  51.00-52.00  sec  93.8 MBytes   787 Mbits/sec  70330  
[  5]  52.00-53.00  sec  93.7 MBytes   786 Mbits/sec  70250  
[  5]  53.00-54.00  sec  93.7 MBytes   786 Mbits/sec  70280  
[  5]  54.00-55.00  sec  93.7 MBytes   786 Mbits/sec  70260  
[  5]  55.00-56.00  sec  93.6 MBytes   785 Mbits/sec  70180  
[  5]  56.00-57.00  sec  93.3 MBytes   783 Mbits/sec  70000  
[  5]  57.00-58.00  sec  94.0 MBytes   788 Mbits/sec  70500  
[  5]  58.00-59.00  sec  94.1 MBytes   789 Mbits/sec  70560  
[  5]  59.00-60.00  sec  93.9 MBytes   788 Mbits/sec  70420  
- - - - - - - - - - - - - - - - - - - - - - - - -
[ ID] Interval           Transfer     Bitrate         Jitter    Lost/Total Datagrams
[  5]   0.00-60.00  sec  4.88 GBytes   699 Mbits/sec  0.000 ms  0/3747670 (0%)  sender
[  5]   0.00-60.04  sec  4.88 GBytes   698 Mbits/sec  0.010 ms  1175/3747669 (0.031%)  receiver

iperf Done.
