Connecting to host 10.136.80.169, port 5201
[  5] local 10.136.173.104 port 37888 connected to 10.136.80.169 port 5201
[ ID] Interval           Transfer     Bitrate         Total Datagrams
[  5]   0.00-1.00   sec  49.8 MBytes   417 Mbits/sec  44300  (omitted)
[  5]   0.00-1.00   sec  49.8 MBytes   417 Mbits/sec  44290  
[  5]   1.00-2.00   sec  57.1 MBytes   479 Mbits/sec  50790  
[  5]   2.00-3.00   sec  58.1 MBytes   487 Mbits/sec  51710  
[  5]   3.00-4.00   sec  59.4 MBytes   498 Mbits/sec  52840  
[  5]   4.00-5.00   sec  54.7 MBytes   459 Mbits/sec  48690  
[  5]   5.00-6.00   sec  54.9 MBytes   460 Mbits/sec  48850  
[  5]   6.00-7.00   sec  58.7 MBytes   492 Mbits/sec  52230  
[  5]   7.00-8.00   sec  55.2 MBytes   463 Mbits/sec  49170  
[  5]   8.00-9.00   sec  51.3 MBytes   430 Mbits/sec  45680  
[  5]   9.00-10.00  sec  62.9 MBytes   528 Mbits/sec  55990  
[  5]  10.00-11.00  sec  56.9 MBytes   477 Mbits/sec  50610  
[  5]  11.00-12.00  sec  60.1 MBytes   504 Mbits/sec  53490  
[  5]  12.00-13.00  sec  53.9 MBytes   452 Mbits/sec  47960  
[  5]  13.00-14.00  sec  48.1 MBytes   404 Mbits/sec  42830  
[  5]  14.00-15.00  sec  55.9 MBytes   469 Mbits/sec  49760  
[  5]  15.00-16.00  sec  53.2 MBytes   446 Mbits/sec  47370  
[  5]  16.00-17.00  sec  63.0 MBytes   528 Mbits/sec  56060  
[  5]  17.00-18.00  sec  59.2 MBytes   496 Mbits/sec  52680  
[  5]  18.00-19.00  sec  52.8 MBytes   443 Mbits/sec  46980  
[  5]  19.00-20.00  sec  55.8 MBytes   468 Mbits/sec  49650  
[  5]  20.00-21.00  sec  55.5 MBytes   466 Mbits/sec  49400  
[  5]  21.00-22.00  sec  57.7 MBytes   484 Mbits/sec  51390  
[  5]  22.00-23.00  sec  57.3 MBytes   480 Mbits/sec  50970  
[  5]  23.00-24.00  sec  55.3 MBytes   464 Mbits/sec  49250  
[  5]  24.00-25.00  sec  57.9 MBytes   486 Mbits/sec  51530  
[  5]  25.00-26.00  sec  51.8 MBytes   435 Mbits/sec  46130  
[  5]  26.00-27.00  sec  55.8 MBytes   468 Mbits/sec  49660  
[  5]  27.00-28.00  sec  41.8 MBytes   351 Mbits/sec  37230  
[  5]  28.00-29.00  sec  42.0 MBytes   353 Mbits/sec  37430  
[  5]  29.00-30.00  sec  49.1 MBytes   412 Mbits/sec  43720  
[  5]  30.00-31.00  sec  56.0 MBytes   470 Mbits/sec  49880  
[  5]  31.00-32.00  sec  53.3 MBytes   447 Mbits/sec  47460  
[  5]  32.00-33.00  sec  54.9 MBytes   460 Mbits/sec  48830  
[  5]  33.00-34.00  sec  56.2 MBytes   472 Mbits/sec  50040  
[  5]  34.00-35.00  sec  56.2 MBytes   471 Mbits/sec  50010  
[  5]  35.00-36.00  sec  47.7 MBytes   400 Mbits/sec  42490  
[  5]  36.00-37.00  sec  62.0 MBytes   520 Mbits/sec  55230  
[  5]  37.00-38.00  sec  58.5 MBytes   491 Mbits/sec  52080  
[  5]  38.00-39.00  sec  53.5 MBytes   449 Mbits/sec  47630  
[  5]  39.00-40.00  sec  56.5 MBytes   474 Mbits/sec  50260  
[  5]  40.00-41.00  sec  59.0 MBytes   495 Mbits/sec  52560  
[  5]  41.00-42.00  sec  58.4 MBytes   490 Mbits/sec  51990  
[  5]  42.00-43.00  sec  55.8 MBytes   468 Mbits/sec  49690  
[  5]  43.00-44.00  sec  62.7 MBytes   526 Mbits/sec  55840  
[  5]  44.00-45.00  sec  62.8 MBytes   527 Mbits/sec  55910  
[  5]  45.00-46.00  sec  59.2 MBytes   497 Mbits/sec  52720  
[  5]  46.00-47.00  sec  58.0 MBytes   487 Mbits/sec  51640  
[  5]  47.00-48.00  sec  56.2 MBytes   472 Mbits/sec  50060  
[  5]  48.00-49.00  sec  55.5 MBytes   466 Mbits/sec  49400  
[  5]  49.00-50.00  sec  58.6 MBytes   491 Mbits/sec  52150  
[  5]  50.00-51.00  sec  54.0 MBytes   453 Mbits/sec  48110  
[  5]  51.00-52.00  sec  56.7 MBytes   475 Mbits/sec  50460  
[  5]  52.00-53.00  sec  55.6 MBytes   466 Mbits/sec  49450  
[  5]  53.00-54.00  sec  56.6 MBytes   475 Mbits/sec  50400  
[  5]  54.00-55.00  sec  60.9 MBytes   511 Mbits/sec  54190  
[  5]  55.00-56.00  sec  53.6 MBytes   450 Mbits/sec  47730  
[  5]  56.00-57.00  sec  62.8 MBytes   527 Mbits/sec  55910  
[  5]  57.00-58.00  sec  58.2 MBytes   488 Mbits/sec  51840  
[  5]  58.00-59.00  sec  44.7 MBytes   375 Mbits/sec  39760  
[  5]  59.00-60.00  sec  50.5 MBytes   424 Mbits/sec  44970  
- - - - - - - - - - - - - - - - - - - - - - - - -
[ ID] Interval           Transfer     Bitrate         Jitter    Lost/Total Datagrams
[  5]   0.00-60.00  sec  3.26 GBytes   467 Mbits/sec  0.000 ms  0/2973030 (0%)  sender
[  5]   0.00-60.05  sec  2.04 GBytes   292 Mbits/sec  0.017 ms  1129051/2973030 (38%)  receiver

iperf Done.
