Connecting to host 10.136.80.170, port 5201
[  5] local 10.136.173.106 port 56844 connected to 10.136.80.170 port 5201
[ ID] Interval           Transfer     Bitrate         Total Datagrams
[  5]   0.00-1.00   sec  56.0 MBytes   469 Mbits/sec  49810  (omitted)
[  5]   0.00-1.00   sec  65.1 MBytes   546 Mbits/sec  57910  
[  5]   1.00-2.00   sec  61.6 MBytes   517 Mbits/sec  54860  
[  5]   2.00-3.00   sec  54.5 MBytes   457 Mbits/sec  48540  
[  5]   3.00-4.00   sec  56.4 MBytes   473 Mbits/sec  50230  
[  5]   4.00-5.00   sec  49.4 MBytes   415 Mbits/sec  44010  
[  5]   5.00-6.00   sec  56.3 MBytes   472 Mbits/sec  50140  
[  5]   6.00-7.00   sec  57.4 MBytes   481 Mbits/sec  51050  
[  5]   7.00-8.00   sec  55.2 MBytes   463 Mbits/sec  49130  
[  5]   8.00-9.00   sec  56.1 MBytes   470 Mbits/sec  49910  
[  5]   9.00-10.00  sec  54.3 MBytes   455 Mbits/sec  48300  
[  5]  10.00-11.00  sec  57.4 MBytes   482 Mbits/sec  51100  
[  5]  11.00-12.00  sec  49.3 MBytes   414 Mbits/sec  43920  
[  5]  12.00-13.00  sec  56.0 MBytes   470 Mbits/sec  49830  
[  5]  13.00-14.00  sec  55.7 MBytes   468 Mbits/sec  49620  
[  5]  14.00-15.00  sec  55.6 MBytes   467 Mbits/sec  49510  
[  5]  15.00-16.00  sec  55.3 MBytes   464 Mbits/sec  49220  
[  5]  16.00-17.00  sec  55.3 MBytes   464 Mbits/sec  49250  
[  5]  17.00-18.00  sec  42.4 MBytes   355 Mbits/sec  37700  
[  5]  18.00-19.00  sec  57.1 MBytes   479 Mbits/sec  50870  
[  5]  19.00-20.00  sec  47.2 MBytes   395 Mbits/sec  41970  
[  5]  20.00-21.00  sec  59.7 MBytes   501 Mbits/sec  53120  
[  5]  21.00-22.00  sec  54.0 MBytes   453 Mbits/sec  48040  
[  5]  22.00-23.00  sec  57.1 MBytes   479 Mbits/sec  50830  
[  5]  23.00-24.00  sec  54.4 MBytes   457 Mbits/sec  48450  
[  5]  24.00-25.00  sec  56.7 MBytes   476 Mbits/sec  50480  
[  5]  25.00-26.00  sec  45.3 MBytes   380 Mbits/sec  40300  
[  5]  26.00-27.00  sec  55.4 MBytes   465 Mbits/sec  49340  
[  5]  27.00-28.00  sec  60.2 MBytes   505 Mbits/sec  53610  
[  5]  28.00-29.00  sec  62.4 MBytes   523 Mbits/sec  55520  
[  5]  29.00-30.00  sec  65.1 MBytes   546 Mbits/sec  57940  
[  5]  30.00-31.00  sec  54.6 MBytes   458 Mbits/sec  48570  
[  5]  31.00-32.00  sec  52.4 MBytes   440 Mbits/sec  46640  
[  5]  32.00-33.00  sec  54.3 MBytes   455 Mbits/sec  48290  
[  5]  33.00-34.00  sec  55.9 MBytes   469 Mbits/sec  49770  
[  5]  34.00-35.00  sec  60.4 MBytes   507 Mbits/sec  53800  
[  5]  35.00-36.00  sec  66.5 MBytes   558 Mbits/sec  59180  
[  5]  36.00-37.00  sec  62.4 MBytes   524 Mbits/sec  55550  
[  5]  37.00-38.00  sec  55.8 MBytes   468 Mbits/sec  49670  
[  5]  38.00-39.00  sec  56.8 MBytes   476 Mbits/sec  50550  
[  5]  39.00-40.00  sec  60.3 MBytes   506 Mbits/sec  53660  
[  5]  40.00-41.00  sec  53.0 MBytes   445 Mbits/sec  47180  
[  5]  41.00-42.00  sec  55.2 MBytes   463 Mbits/sec  49130  
[  5]  42.00-43.00  sec  50.1 MBytes   421 Mbits/sec  44620  
[  5]  43.00-44.00  sec  60.9 MBytes   510 Mbits/sec  54170  
[  5]  44.00-45.00  sec  55.1 MBytes   462 Mbits/sec  49040  
[  5]  45.00-46.00  sec  48.5 MBytes   407 Mbits/sec  43210  
[  5]  46.00-47.00  sec  55.5 MBytes   466 Mbits/sec  49430  
[  5]  47.00-48.00  sec  52.6 MBytes   441 Mbits/sec  46780  
[  5]  48.00-49.00  sec  59.9 MBytes   503 Mbits/sec  53340  
[  5]  49.00-50.00  sec  56.0 MBytes   469 Mbits/sec  49810  
[  5]  50.00-51.00  sec  56.9 MBytes   477 Mbits/sec  50630  
[  5]  51.00-52.00  sec  46.8 MBytes   392 Mbits/sec  41620  
[  5]  52.00-53.00  sec  52.4 MBytes   439 Mbits/sec  46600  
[  5]  53.00-54.00  sec  52.3 MBytes   439 Mbits/sec  46540  
[  5]  54.00-55.00  sec  57.9 MBytes   486 Mbits/sec  51530  
[  5]  55.00-56.00  sec  51.0 MBytes   428 Mbits/sec  45440  
[  5]  56.00-57.00  sec  57.2 MBytes   480 Mbits/sec  50950  
[  5]  57.00-58.00  sec  59.5 MBytes   499 Mbits/sec  52970  
[  5]  58.00-59.00  sec  55.2 MBytes   463 Mbits/sec  49130  
[  5]  59.00-60.00  sec  58.8 MBytes   493 Mbits/sec  52340  
- - - - - - - - - - - - - - - - - - - - - - - - -
[ ID] Interval           Transfer     Bitrate         Jitter    Lost/Total Datagrams
[  5]   0.00-60.00  sec  3.26 GBytes   467 Mbits/sec  0.000 ms  0/2974840 (0%)  sender
[  5]   0.00-60.25  sec  2.00 GBytes   284 Mbits/sec  0.023 ms  1175243/2974835 (40%)  receiver

iperf Done.
