Connecting to host 10.136.80.187, port 5201
[  5] local 10.136.173.122 port 55519 connected to 10.136.80.187 port 5201
[ ID] Interval           Transfer     Bitrate         Total Datagrams
[  5]   0.00-1.00   sec  49.4 MBytes   415 Mbits/sec  44000  (omitted)
[  5]   0.00-1.00   sec  52.3 MBytes   439 Mbits/sec  46590  
[  5]   1.00-2.00   sec  56.9 MBytes   477 Mbits/sec  50650  
[  5]   2.00-3.00   sec  52.2 MBytes   438 Mbits/sec  46430  
[  5]   3.00-4.00   sec  53.8 MBytes   452 Mbits/sec  47930  
[  5]   4.00-5.00   sec  61.6 MBytes   517 Mbits/sec  54840  
[  5]   5.00-6.00   sec  59.6 MBytes   500 Mbits/sec  53090  
[  5]   6.00-7.00   sec  53.5 MBytes   449 Mbits/sec  47650  
[  5]   7.00-8.00   sec  55.9 MBytes   469 Mbits/sec  49780  
[  5]   8.00-9.00   sec  52.6 MBytes   441 Mbits/sec  46830  
[  5]   9.00-10.00  sec  53.9 MBytes   452 Mbits/sec  47950  
[  5]  10.00-11.00  sec  57.6 MBytes   483 Mbits/sec  51300  
[  5]  11.00-12.00  sec  48.1 MBytes   403 Mbits/sec  42800  
[  5]  12.00-13.00  sec  59.8 MBytes   501 Mbits/sec  53200  
[  5]  13.00-14.00  sec  55.4 MBytes   464 Mbits/sec  49270  
[  5]  14.00-15.00  sec  55.7 MBytes   468 Mbits/sec  49620  
[  5]  15.00-16.00  sec  55.5 MBytes   466 Mbits/sec  49430  
[  5]  16.00-17.00  sec  54.8 MBytes   460 Mbits/sec  48790  
[  5]  17.00-18.00  sec  55.4 MBytes   465 Mbits/sec  49350  
[  5]  18.00-19.00  sec  55.6 MBytes   466 Mbits/sec  49450  
[  5]  19.00-20.00  sec  52.4 MBytes   439 Mbits/sec  46620  
[  5]  20.00-21.00  sec  55.6 MBytes   467 Mbits/sec  49530  
[  5]  21.00-22.00  sec  50.5 MBytes   423 Mbits/sec  44920  
[  5]  22.00-23.00  sec  53.7 MBytes   451 Mbits/sec  47810  
[  5]  23.00-24.00  sec  53.8 MBytes   451 Mbits/sec  47860  
[  5]  24.00-25.00  sec  52.1 MBytes   437 Mbits/sec  46360  
[  5]  25.00-26.00  sec  51.4 MBytes   431 Mbits/sec  45780  
[  5]  26.00-27.00  sec  56.1 MBytes   471 Mbits/sec  49920  
[  5]  27.00-28.00  sec  55.3 MBytes   464 Mbits/sec  49240  
[  5]  28.00-29.00  sec  51.5 MBytes   432 Mbits/sec  45860  
[  5]  29.00-30.00  sec  55.5 MBytes   465 Mbits/sec  49390  
[  5]  30.00-31.00  sec  53.4 MBytes   448 Mbits/sec  47520  
[  5]  31.00-32.00  sec  54.6 MBytes   458 Mbits/sec  48620  
[  5]  32.00-33.00  sec  53.1 MBytes   445 Mbits/sec  47260  
[  5]  33.00-34.00  sec  52.3 MBytes   438 Mbits/sec  46510  
[  5]  34.00-35.00  sec  55.9 MBytes   469 Mbits/sec  49740  
[  5]  35.00-36.00  sec  56.6 MBytes   475 Mbits/sec  50370  
[  5]  36.00-37.00  sec  53.9 MBytes   452 Mbits/sec  47980  
[  5]  37.00-38.00  sec  61.3 MBytes   515 Mbits/sec  54600  
[  5]  38.00-39.00  sec  48.8 MBytes   409 Mbits/sec  43410  
[  5]  39.00-40.00  sec  53.4 MBytes   448 Mbits/sec  47510  
[  5]  40.00-41.00  sec  53.0 MBytes   445 Mbits/sec  47180  
[  5]  41.00-42.00  sec  58.4 MBytes   490 Mbits/sec  52000  
[  5]  42.00-43.00  sec  55.4 MBytes   465 Mbits/sec  49350  
[  5]  43.00-44.00  sec  53.3 MBytes   447 Mbits/sec  47400  
[  5]  44.00-45.00  sec  55.7 MBytes   467 Mbits/sec  49560  
[  5]  45.00-46.00  sec  56.7 MBytes   476 Mbits/sec  50490  
[  5]  46.00-47.00  sec  54.5 MBytes   457 Mbits/sec  48500  
[  5]  47.00-48.00  sec  51.7 MBytes   434 Mbits/sec  46060  
[  5]  48.00-49.00  sec  53.6 MBytes   450 Mbits/sec  47740  
[  5]  49.00-50.00  sec  55.5 MBytes   465 Mbits/sec  49390  
[  5]  50.00-51.00  sec  57.9 MBytes   486 Mbits/sec  51540  
[  5]  51.00-52.00  sec  54.8 MBytes   460 Mbits/sec  48770  
[  5]  52.00-53.00  sec  49.8 MBytes   418 Mbits/sec  44340  
[  5]  53.00-54.00  sec  51.7 MBytes   434 Mbits/sec  46020  
[  5]  54.00-55.00  sec  52.7 MBytes   442 Mbits/sec  46950  
[  5]  55.00-56.00  sec  53.9 MBytes   452 Mbits/sec  47940  
[  5]  56.00-57.00  sec  56.3 MBytes   472 Mbits/sec  50120  
[  5]  57.00-58.00  sec  53.0 MBytes   444 Mbits/sec  47160  
[  5]  58.00-59.00  sec  53.7 MBytes   451 Mbits/sec  47820  
[  5]  59.00-60.00  sec  57.7 MBytes   484 Mbits/sec  51360  
- - - - - - - - - - - - - - - - - - - - - - - - -
[ ID] Interval           Transfer     Bitrate         Jitter    Lost/Total Datagrams
[  5]   0.00-60.00  sec  3.19 GBytes   457 Mbits/sec  0.000 ms  0/2911450 (0%)  sender
[  5]   0.00-60.27  sec  2.15 GBytes   307 Mbits/sec  0.008 ms  961478/2910719 (33%)  receiver

iperf Done.
