Connecting to host 10.136.80.156, port 5201
[  5] local 10.136.173.77 port 60854 connected to 10.136.80.156 port 5201
[ ID] Interval           Transfer     Bitrate         Total Datagrams
[  5]   0.00-1.00   sec  80.7 MBytes   677 Mbits/sec  71840  (omitted)
[  5]   0.00-1.00   sec  80.3 MBytes   674 Mbits/sec  71490  
[  5]   1.00-2.00   sec  81.7 MBytes   686 Mbits/sec  72750  
[  5]   2.00-3.00   sec  81.9 MBytes   687 Mbits/sec  72860  
[  5]   3.00-4.00   sec  82.0 MBytes   688 Mbits/sec  72960  
[  5]   4.00-5.00   sec  82.1 MBytes   689 Mbits/sec  73110  
[  5]   5.00-6.00   sec  80.1 MBytes   672 Mbits/sec  71330  
[  5]   6.00-7.00   sec  78.0 MBytes   654 Mbits/sec  69390  
[  5]   7.00-8.00   sec  81.6 MBytes   684 Mbits/sec  72600  
[  5]   8.00-9.00   sec  81.7 MBytes   686 Mbits/sec  72750  
[  5]   9.00-10.00  sec  82.2 MBytes   689 Mbits/sec  73150  
[  5]  10.00-11.00  sec  81.2 MBytes   681 Mbits/sec  72290  
[  5]  11.00-12.00  sec  81.9 MBytes   687 Mbits/sec  72930  
[  5]  12.00-13.00  sec  82.8 MBytes   695 Mbits/sec  73700  
[  5]  13.00-14.00  sec  80.9 MBytes   679 Mbits/sec  72010  
[  5]  14.00-15.00  sec  81.4 MBytes   683 Mbits/sec  72490  
[  5]  15.00-16.00  sec  81.5 MBytes   684 Mbits/sec  72550  
[  5]  16.00-17.00  sec  80.6 MBytes   676 Mbits/sec  71720  
[  5]  17.00-18.00  sec  79.8 MBytes   670 Mbits/sec  71070  
[  5]  18.00-19.00  sec  81.4 MBytes   683 Mbits/sec  72450  
[  5]  19.00-20.00  sec  81.6 MBytes   685 Mbits/sec  72640  
[  5]  20.00-21.00  sec  82.2 MBytes   690 Mbits/sec  73210  
[  5]  21.00-22.00  sec  65.5 MBytes   550 Mbits/sec  58330  
[  5]  22.00-23.00  sec  65.8 MBytes   552 Mbits/sec  58550  
[  5]  23.00-24.00  sec  65.7 MBytes   551 Mbits/sec  58470  
[  5]  24.00-25.00  sec  64.6 MBytes   542 Mbits/sec  57470  
[  5]  25.00-26.00  sec  63.8 MBytes   535 Mbits/sec  56770  
[  5]  26.00-27.00  sec  65.3 MBytes   547 Mbits/sec  58090  
[  5]  27.00-28.00  sec  64.9 MBytes   544 Mbits/sec  57770  
[  5]  28.00-29.00  sec  66.7 MBytes   559 Mbits/sec  59360  
[  5]  29.00-30.00  sec  62.2 MBytes   522 Mbits/sec  55390  
[  5]  30.00-31.00  sec  65.9 MBytes   552 Mbits/sec  58630  
[  5]  31.00-32.00  sec  67.4 MBytes   566 Mbits/sec  60020  
[  5]  32.00-33.00  sec  73.4 MBytes   616 Mbits/sec  65350  
[  5]  33.00-34.00  sec  63.4 MBytes   532 Mbits/sec  56430  
[  5]  34.00-35.00  sec  64.3 MBytes   539 Mbits/sec  57220  
[  5]  35.00-36.00  sec  66.9 MBytes   561 Mbits/sec  59550  
[  5]  36.00-37.00  sec  64.4 MBytes   541 Mbits/sec  57360  
[  5]  37.00-38.00  sec  66.8 MBytes   561 Mbits/sec  59500  
[  5]  38.00-39.00  sec  67.1 MBytes   563 Mbits/sec  59730  
[  5]  39.00-40.00  sec  73.9 MBytes   620 Mbits/sec  65820  
[  5]  40.00-41.00  sec  78.5 MBytes   659 Mbits/sec  69900  
[  5]  41.00-42.00  sec  63.5 MBytes   533 Mbits/sec  56530  
[  5]  42.00-43.00  sec  81.6 MBytes   685 Mbits/sec  72660  
[  5]  43.00-44.00  sec  80.4 MBytes   674 Mbits/sec  71540  
[  5]  44.00-45.00  sec  80.7 MBytes   677 Mbits/sec  71860  
[  5]  45.00-46.00  sec  81.5 MBytes   684 Mbits/sec  72560  
[  5]  46.00-47.00  sec  80.7 MBytes   677 Mbits/sec  71850  
[  5]  47.00-48.00  sec  81.0 MBytes   679 Mbits/sec  72080  
[  5]  48.00-49.00  sec  80.8 MBytes   678 Mbits/sec  71960  
[  5]  49.00-50.00  sec  80.3 MBytes   673 Mbits/sec  71460  
[  5]  50.00-51.00  sec  81.5 MBytes   684 Mbits/sec  72590  
[  5]  51.00-52.00  sec  80.9 MBytes   678 Mbits/sec  71990  
[  5]  52.00-53.00  sec  80.4 MBytes   675 Mbits/sec  71600  
[  5]  53.00-54.00  sec  81.8 MBytes   686 Mbits/sec  72830  
[  5]  54.00-55.00  sec  81.4 MBytes   682 Mbits/sec  72420  
[  5]  55.00-56.00  sec  81.1 MBytes   681 Mbits/sec  72230  
[  5]  56.00-57.00  sec  81.0 MBytes   680 Mbits/sec  72120  
[  5]  57.00-58.00  sec  80.5 MBytes   676 Mbits/sec  71680  
[  5]  58.00-59.00  sec  81.5 MBytes   684 Mbits/sec  72590  
[  5]  59.00-60.00  sec  80.1 MBytes   672 Mbits/sec  71270  
- - - - - - - - - - - - - - - - - - - - - - - - -
[ ID] Interval           Transfer     Bitrate         Jitter    Lost/Total Datagrams
[  5]   0.00-60.00  sec  4.46 GBytes   638 Mbits/sec  0.000 ms  0/4062980 (0%)  sender
[  5]   0.00-60.04  sec  4.46 GBytes   638 Mbits/sec  0.015 ms  1230/4062979 (0.03%)  receiver

iperf Done.
