Connecting to host knb-server-540206, port 5201
[  5] local 10.136.173.98 port 50944 connected to 10.43.154.194 port 5201
[ ID] Interval           Transfer     Bitrate         Retr  Cwnd
[  5]   0.00-1.00   sec  23.6 MBytes   198 Mbits/sec  213   3.45 KBytes       (omitted)
[  5]   0.00-1.00   sec  20.9 MBytes   175 Mbits/sec  182   19.6 KBytes       
[  5]   1.00-2.00   sec  21.9 MBytes   184 Mbits/sec  205   4.60 KBytes       
[  5]   2.00-3.00   sec  21.9 MBytes   184 Mbits/sec  205   5.75 KBytes       
[  5]   3.00-4.00   sec  22.9 MBytes   192 Mbits/sec  216   13.8 KBytes       
[  5]   4.00-5.00   sec  22.1 MBytes   186 Mbits/sec  183   11.5 KBytes       
[  5]   5.00-6.00   sec  21.7 MBytes   182 Mbits/sec  195   6.90 KBytes       
[  5]   6.00-7.00   sec  20.9 MBytes   175 Mbits/sec  169   8.05 KBytes       
[  5]   7.00-8.00   sec  21.6 MBytes   181 Mbits/sec  183   13.8 KBytes       
[  5]   8.00-9.00   sec  22.6 MBytes   189 Mbits/sec  202   19.6 KBytes       
[  5]   9.00-10.00  sec  20.4 MBytes   171 Mbits/sec  201   8.05 KBytes       
[  5]  10.00-11.00  sec  22.0 MBytes   185 Mbits/sec  184   8.05 KBytes       
[  5]  11.00-12.00  sec  23.8 MBytes   200 Mbits/sec  210   11.5 KBytes       
[  5]  12.00-13.00  sec  21.6 MBytes   181 Mbits/sec  209   18.4 KBytes       
[  5]  13.00-14.00  sec  23.1 MBytes   194 Mbits/sec  204   15.0 KBytes       
[  5]  14.00-15.00  sec  22.4 MBytes   188 Mbits/sec  221   13.8 KBytes       
[  5]  15.00-16.00  sec  21.4 MBytes   180 Mbits/sec  210   8.05 KBytes       
[  5]  16.00-17.00  sec  22.2 MBytes   186 Mbits/sec  201   17.3 KBytes       
[  5]  17.00-18.00  sec  22.1 MBytes   185 Mbits/sec  212   16.1 KBytes       
[  5]  18.00-19.00  sec  22.2 MBytes   187 Mbits/sec  206   13.8 KBytes       
[  5]  19.00-20.00  sec  21.8 MBytes   183 Mbits/sec  210   4.60 KBytes       
[  5]  20.00-21.00  sec  23.9 MBytes   201 Mbits/sec  208   13.8 KBytes       
[  5]  21.00-22.00  sec  23.7 MBytes   199 Mbits/sec  232   11.5 KBytes       
[  5]  22.00-23.00  sec  23.4 MBytes   196 Mbits/sec  183   9.20 KBytes       
[  5]  23.00-24.00  sec  23.3 MBytes   195 Mbits/sec  188   12.7 KBytes       
[  5]  24.00-25.00  sec  21.7 MBytes   182 Mbits/sec  183   12.7 KBytes       
[  5]  25.00-26.00  sec  24.7 MBytes   207 Mbits/sec  199   18.4 KBytes       
[  5]  26.00-27.00  sec  23.9 MBytes   200 Mbits/sec  206   11.5 KBytes       
[  5]  27.00-28.00  sec  22.9 MBytes   192 Mbits/sec  194   13.8 KBytes       
[  5]  28.00-29.00  sec  19.6 MBytes   165 Mbits/sec  177   29.9 KBytes       
[  5]  29.00-30.00  sec  19.3 MBytes   162 Mbits/sec  171   82.8 KBytes       
[  5]  30.00-31.00  sec  22.5 MBytes   189 Mbits/sec  203   16.1 KBytes       
[  5]  31.00-32.00  sec  23.2 MBytes   194 Mbits/sec  212   8.05 KBytes       
[  5]  32.00-33.00  sec  22.7 MBytes   190 Mbits/sec  198   10.4 KBytes       
[  5]  33.00-34.00  sec  21.4 MBytes   179 Mbits/sec  190   19.6 KBytes       
[  5]  34.00-35.00  sec  22.3 MBytes   187 Mbits/sec  213   15.0 KBytes       
[  5]  35.00-36.00  sec  23.0 MBytes   193 Mbits/sec  203   8.05 KBytes       
[  5]  36.00-37.00  sec  22.4 MBytes   188 Mbits/sec  194   11.5 KBytes       
[  5]  37.00-38.00  sec  23.0 MBytes   193 Mbits/sec  187   20.7 KBytes       
[  5]  38.00-39.00  sec  20.6 MBytes   173 Mbits/sec  209   9.20 KBytes       
[  5]  39.00-40.00  sec  21.5 MBytes   180 Mbits/sec  191   11.5 KBytes       
[  5]  40.00-41.00  sec  21.9 MBytes   183 Mbits/sec  173   6.90 KBytes       
[  5]  41.00-42.00  sec  21.9 MBytes   184 Mbits/sec  213   10.4 KBytes       
[  5]  42.00-43.00  sec  22.9 MBytes   192 Mbits/sec  196   20.7 KBytes       
[  5]  43.00-44.00  sec  23.4 MBytes   196 Mbits/sec  204   15.0 KBytes       
[  5]  44.00-45.00  sec  21.6 MBytes   181 Mbits/sec  174   10.4 KBytes       
[  5]  45.00-46.00  sec  22.3 MBytes   187 Mbits/sec  197   11.5 KBytes       
[  5]  46.00-47.00  sec  20.0 MBytes   167 Mbits/sec  186   10.4 KBytes       
[  5]  47.00-48.00  sec  21.6 MBytes   181 Mbits/sec  185   8.05 KBytes       
[  5]  48.00-49.00  sec  21.7 MBytes   182 Mbits/sec  207   8.05 KBytes       
[  5]  49.00-50.00  sec  21.4 MBytes   179 Mbits/sec  186   11.5 KBytes       
[  5]  50.00-51.00  sec  21.8 MBytes   183 Mbits/sec  186   9.20 KBytes       
[  5]  51.00-52.00  sec  22.1 MBytes   186 Mbits/sec  193   23.0 KBytes       
[  5]  52.00-53.00  sec  22.5 MBytes   189 Mbits/sec  206   5.75 KBytes       
[  5]  53.00-54.00  sec  22.6 MBytes   189 Mbits/sec  223   11.5 KBytes       
[  5]  54.00-55.00  sec  22.8 MBytes   191 Mbits/sec  187   13.8 KBytes       
[  5]  55.00-56.00  sec  22.0 MBytes   185 Mbits/sec  230   10.4 KBytes       
[  5]  56.00-57.00  sec  21.6 MBytes   181 Mbits/sec  212   15.0 KBytes       
[  5]  57.00-58.00  sec  21.9 MBytes   183 Mbits/sec  185   8.05 KBytes       
[  5]  58.00-59.00  sec  20.8 MBytes   175 Mbits/sec  205   11.5 KBytes       
[  5]  59.00-60.00  sec  21.4 MBytes   180 Mbits/sec  217   13.8 KBytes       
- - - - - - - - - - - - - - - - - - - - - - - - -
[ ID] Interval           Transfer     Bitrate         Retr
[  5]   0.00-60.00  sec  1.30 GBytes   185 Mbits/sec  11914             sender
[  5]   0.00-60.04  sec  1.30 GBytes   185 Mbits/sec                  receiver

iperf Done.
