Connecting to host knb-server-540206, port 5201
[  5] local 10.136.173.99 port 47884 connected to 10.43.154.194 port 5201
[ ID] Interval           Transfer     Bitrate         Total Datagrams
[  5]   0.00-1.00   sec  76.7 MBytes   644 Mbits/sec  68310  (omitted)
[  5]   0.00-1.00   sec  77.0 MBytes   646 Mbits/sec  68570  
[  5]   1.00-2.00   sec  76.8 MBytes   644 Mbits/sec  68350  
[  5]   2.00-3.00   sec  76.4 MBytes   641 Mbits/sec  68030  
[  5]   3.00-4.00   sec  78.4 MBytes   658 Mbits/sec  69830  
[  5]   4.00-5.00   sec  77.3 MBytes   648 Mbits/sec  68770  
[  5]   5.00-6.00   sec  75.8 MBytes   636 Mbits/sec  67460  
[  5]   6.00-7.00   sec  76.5 MBytes   642 Mbits/sec  68080  
[  5]   7.00-8.00   sec  77.3 MBytes   648 Mbits/sec  68770  
[  5]   8.00-9.00   sec  76.6 MBytes   642 Mbits/sec  68140  
[  5]   9.00-10.00  sec  78.3 MBytes   657 Mbits/sec  69700  
[  5]  10.00-11.00  sec  78.3 MBytes   657 Mbits/sec  69710  
[  5]  11.00-12.00  sec  77.5 MBytes   650 Mbits/sec  68980  
[  5]  12.00-13.00  sec  76.7 MBytes   643 Mbits/sec  68250  
[  5]  13.00-14.00  sec  77.0 MBytes   646 Mbits/sec  68560  
[  5]  14.00-15.00  sec  76.0 MBytes   638 Mbits/sec  67650  
[  5]  15.00-16.00  sec  76.5 MBytes   642 Mbits/sec  68130  
[  5]  16.00-17.00  sec  76.7 MBytes   644 Mbits/sec  68310  
[  5]  17.00-18.00  sec  77.2 MBytes   648 Mbits/sec  68760  
[  5]  18.00-19.00  sec  76.9 MBytes   645 Mbits/sec  68470  
[  5]  19.00-20.00  sec  78.0 MBytes   654 Mbits/sec  69420  
[  5]  20.00-21.00  sec  77.8 MBytes   653 Mbits/sec  69270  
[  5]  21.00-22.00  sec  65.7 MBytes   551 Mbits/sec  58510  
[  5]  22.00-23.00  sec  63.3 MBytes   531 Mbits/sec  56330  
[  5]  23.00-24.00  sec  62.7 MBytes   526 Mbits/sec  55800  
[  5]  24.00-25.00  sec  63.4 MBytes   532 Mbits/sec  56470  
[  5]  25.00-26.00  sec  61.8 MBytes   519 Mbits/sec  55040  
[  5]  26.00-27.00  sec  62.2 MBytes   522 Mbits/sec  55340  
[  5]  27.00-28.00  sec  63.7 MBytes   535 Mbits/sec  56740  
[  5]  28.00-29.00  sec  75.3 MBytes   632 Mbits/sec  67030  
[  5]  29.00-30.00  sec  77.0 MBytes   646 Mbits/sec  68530  
[  5]  30.00-31.00  sec  77.0 MBytes   646 Mbits/sec  68530  
[  5]  31.00-32.00  sec  77.3 MBytes   648 Mbits/sec  68790  
[  5]  32.00-33.00  sec  76.9 MBytes   645 Mbits/sec  68430  
[  5]  33.00-34.00  sec  76.6 MBytes   643 Mbits/sec  68210  
[  5]  34.00-35.00  sec  76.2 MBytes   640 Mbits/sec  67870  
[  5]  35.00-36.00  sec  76.0 MBytes   637 Mbits/sec  67640  
[  5]  36.00-37.00  sec  76.5 MBytes   642 Mbits/sec  68110  
[  5]  37.00-38.00  sec  77.1 MBytes   647 Mbits/sec  68640  
[  5]  38.00-39.00  sec  77.7 MBytes   651 Mbits/sec  69120  
[  5]  39.00-40.00  sec  77.7 MBytes   652 Mbits/sec  69200  
[  5]  40.00-41.00  sec  76.6 MBytes   642 Mbits/sec  68170  
[  5]  41.00-42.00  sec  77.0 MBytes   646 Mbits/sec  68530  
[  5]  42.00-43.00  sec  77.0 MBytes   646 Mbits/sec  68530  
[  5]  43.00-44.00  sec  78.0 MBytes   654 Mbits/sec  69420  
[  5]  44.00-45.00  sec  77.1 MBytes   647 Mbits/sec  68650  
[  5]  45.00-46.00  sec  77.4 MBytes   649 Mbits/sec  68860  
[  5]  46.00-47.00  sec  77.7 MBytes   651 Mbits/sec  69120  
[  5]  47.00-48.00  sec  76.8 MBytes   644 Mbits/sec  68340  
[  5]  48.00-49.00  sec  76.3 MBytes   640 Mbits/sec  67900  
[  5]  49.00-50.00  sec  70.1 MBytes   588 Mbits/sec  62390  
[  5]  50.00-51.00  sec  65.2 MBytes   547 Mbits/sec  58020  
[  5]  51.00-52.00  sec  64.6 MBytes   542 Mbits/sec  57520  
[  5]  52.00-53.00  sec  62.1 MBytes   521 Mbits/sec  55270  
[  5]  53.00-54.00  sec  62.6 MBytes   525 Mbits/sec  55690  
[  5]  54.00-55.00  sec  64.7 MBytes   542 Mbits/sec  57560  
[  5]  55.00-56.00  sec  64.2 MBytes   538 Mbits/sec  57120  
[  5]  56.00-57.00  sec  61.2 MBytes   513 Mbits/sec  54450  
[  5]  57.00-58.00  sec  60.9 MBytes   511 Mbits/sec  54170  
[  5]  58.00-59.00  sec  62.1 MBytes   521 Mbits/sec  55280  
[  5]  59.00-60.00  sec  60.5 MBytes   508 Mbits/sec  53860  
- - - - - - - - - - - - - - - - - - - - - - - - -
[ ID] Interval           Transfer     Bitrate         Jitter    Lost/Total Datagrams
[  5]   0.00-60.00  sec  4.27 GBytes   612 Mbits/sec  0.000 ms  0/3894390 (0%)  sender
[  5]   0.00-60.04  sec  4.23 GBytes   605 Mbits/sec  0.016 ms  41600/3894390 (1.1%)  receiver

iperf Done.
