Connecting to host knb-server-478591, port 5201
[  5] local 10.136.173.99 port 54407 connected to 10.43.136.94 port 5201
[ ID] Interval           Transfer     Bitrate         Total Datagrams
[  5]   0.00-1.00   sec  54.5 MBytes   457 Mbits/sec  48470  (omitted)
[  5]   0.00-1.00   sec  81.2 MBytes   681 Mbits/sec  72290  
[  5]   1.00-2.00   sec  81.4 MBytes   683 Mbits/sec  72460  
[  5]   2.00-3.00   sec  81.7 MBytes   685 Mbits/sec  72690  
[  5]   3.00-4.00   sec  81.8 MBytes   687 Mbits/sec  72850  
[  5]   4.00-5.00   sec  80.9 MBytes   678 Mbits/sec  71980  
[  5]   5.00-6.00   sec  81.7 MBytes   685 Mbits/sec  72680  
[  5]   6.00-7.00   sec  81.5 MBytes   684 Mbits/sec  72590  
[  5]   7.00-8.00   sec  80.8 MBytes   678 Mbits/sec  71960  
[  5]   8.00-9.00   sec  81.8 MBytes   686 Mbits/sec  72820  
[  5]   9.00-10.00  sec  82.0 MBytes   688 Mbits/sec  72950  
[  5]  10.00-11.00  sec  82.0 MBytes   688 Mbits/sec  72970  
[  5]  11.00-12.00  sec  81.9 MBytes   687 Mbits/sec  72940  
[  5]  12.00-13.00  sec  81.9 MBytes   687 Mbits/sec  72870  
[  5]  13.00-14.00  sec  81.8 MBytes   686 Mbits/sec  72770  
[  5]  14.00-15.00  sec  80.8 MBytes   678 Mbits/sec  71950  
[  5]  15.00-16.00  sec  82.7 MBytes   694 Mbits/sec  73600  
[  5]  16.00-17.00  sec  81.9 MBytes   687 Mbits/sec  72940  
[  5]  17.00-18.00  sec  81.5 MBytes   684 Mbits/sec  72550  
[  5]  18.00-19.00  sec  81.9 MBytes   687 Mbits/sec  72940  
[  5]  19.00-20.00  sec  82.3 MBytes   691 Mbits/sec  73290  
[  5]  20.00-21.00  sec  81.9 MBytes   687 Mbits/sec  72860  
[  5]  21.00-22.00  sec  81.9 MBytes   687 Mbits/sec  72890  
[  5]  22.00-23.00  sec  81.8 MBytes   686 Mbits/sec  72790  
[  5]  23.00-24.00  sec  82.5 MBytes   692 Mbits/sec  73440  
[  5]  24.00-25.00  sec  81.9 MBytes   687 Mbits/sec  72860  
[  5]  25.00-26.00  sec  82.6 MBytes   693 Mbits/sec  73510  
[  5]  26.00-27.00  sec  82.8 MBytes   694 Mbits/sec  73670  
[  5]  27.00-28.00  sec  81.7 MBytes   685 Mbits/sec  72690  
[  5]  28.00-29.00  sec  82.2 MBytes   690 Mbits/sec  73180  
[  5]  29.00-30.00  sec  82.5 MBytes   692 Mbits/sec  73410  
[  5]  30.00-31.00  sec  82.2 MBytes   689 Mbits/sec  73160  
[  5]  31.00-32.00  sec  82.5 MBytes   692 Mbits/sec  73400  
[  5]  32.00-33.00  sec  82.3 MBytes   690 Mbits/sec  73230  
[  5]  33.00-34.00  sec  83.0 MBytes   696 Mbits/sec  73860  
[  5]  34.00-35.00  sec  81.1 MBytes   681 Mbits/sec  72230  
[  5]  35.00-36.00  sec  81.5 MBytes   684 Mbits/sec  72540  
[  5]  36.00-37.00  sec  81.1 MBytes   681 Mbits/sec  72230  
[  5]  37.00-38.00  sec  80.5 MBytes   675 Mbits/sec  71650  
[  5]  38.00-39.00  sec  81.1 MBytes   681 Mbits/sec  72220  
[  5]  39.00-40.00  sec  81.5 MBytes   684 Mbits/sec  72530  
[  5]  40.00-41.00  sec  80.7 MBytes   677 Mbits/sec  71830  
[  5]  41.00-42.00  sec  81.7 MBytes   686 Mbits/sec  72760  
[  5]  42.00-43.00  sec  81.0 MBytes   680 Mbits/sec  72100  
[  5]  43.00-44.00  sec  82.1 MBytes   689 Mbits/sec  73110  
[  5]  44.00-45.00  sec  81.2 MBytes   681 Mbits/sec  72310  
[  5]  45.00-46.00  sec  81.9 MBytes   687 Mbits/sec  72930  
[  5]  46.00-47.00  sec  82.7 MBytes   694 Mbits/sec  73600  
[  5]  47.00-48.00  sec  82.5 MBytes   692 Mbits/sec  73480  
[  5]  48.00-49.00  sec  82.2 MBytes   690 Mbits/sec  73210  
[  5]  49.00-50.00  sec  82.3 MBytes   691 Mbits/sec  73290  
[  5]  50.00-51.00  sec  82.2 MBytes   690 Mbits/sec  73180  
[  5]  51.00-52.00  sec  81.6 MBytes   684 Mbits/sec  72600  
[  5]  52.00-53.00  sec  81.7 MBytes   685 Mbits/sec  72730  
[  5]  53.00-54.00  sec  81.4 MBytes   683 Mbits/sec  72430  
[  5]  54.00-55.00  sec  79.7 MBytes   669 Mbits/sec  70980  
[  5]  55.00-56.00  sec  82.0 MBytes   688 Mbits/sec  72980  
[  5]  56.00-57.00  sec  82.4 MBytes   691 Mbits/sec  73320  
[  5]  57.00-58.00  sec  81.8 MBytes   687 Mbits/sec  72850  
[  5]  58.00-59.00  sec  82.0 MBytes   688 Mbits/sec  73000  
[  5]  59.00-60.00  sec  81.0 MBytes   679 Mbits/sec  72090  
- - - - - - - - - - - - - - - - - - - - - - - - -
[ ID] Interval           Transfer     Bitrate         Jitter    Lost/Total Datagrams
[  5]   0.00-60.00  sec  4.79 GBytes   686 Mbits/sec  0.000 ms  0/4367220 (0%)  sender
[  5]   0.00-61.27  sec   194 MBytes  26.6 Mbits/sec  0.015 ms  4236445/4361795 (97%)  receiver

iperf Done.
