Connecting to host 10.136.80.154, port 5201
[  5] local 10.136.173.71 port 55215 connected to 10.136.80.154 port 5201
[ ID] Interval           Transfer     Bitrate         Total Datagrams
[  5]   0.00-1.00   sec  82.0 MBytes   688 Mbits/sec  72990  (omitted)
[  5]   0.00-1.00   sec  81.6 MBytes   684 Mbits/sec  72630  
[  5]   1.00-2.00   sec  82.4 MBytes   692 Mbits/sec  73380  
[  5]   2.00-3.00   sec  82.7 MBytes   694 Mbits/sec  73610  
[  5]   3.00-4.00   sec  82.4 MBytes   691 Mbits/sec  73350  
[  5]   4.00-5.00   sec  82.2 MBytes   689 Mbits/sec  73130  
[  5]   5.00-6.00   sec  82.7 MBytes   693 Mbits/sec  73580  
[  5]   6.00-7.00   sec  82.6 MBytes   693 Mbits/sec  73500  
[  5]   7.00-8.00   sec  82.3 MBytes   690 Mbits/sec  73260  
[  5]   8.00-9.00   sec  82.5 MBytes   692 Mbits/sec  73460  
[  5]   9.00-10.00  sec  82.2 MBytes   690 Mbits/sec  73180  
[  5]  10.00-11.00  sec  81.4 MBytes   683 Mbits/sec  72490  
[  5]  11.00-12.00  sec  82.2 MBytes   689 Mbits/sec  73140  
[  5]  12.00-13.00  sec  82.9 MBytes   695 Mbits/sec  73760  
[  5]  13.00-14.00  sec  82.2 MBytes   690 Mbits/sec  73200  
[  5]  14.00-15.00  sec  83.5 MBytes   701 Mbits/sec  74360  
[  5]  15.00-16.00  sec  82.6 MBytes   693 Mbits/sec  73520  
[  5]  16.00-17.00  sec  80.8 MBytes   677 Mbits/sec  71890  
[  5]  17.00-18.00  sec  82.9 MBytes   695 Mbits/sec  73780  
[  5]  18.00-19.00  sec  82.9 MBytes   695 Mbits/sec  73790  
[  5]  19.00-20.00  sec  82.3 MBytes   690 Mbits/sec  73250  
[  5]  20.00-21.00  sec  82.2 MBytes   690 Mbits/sec  73160  
[  5]  21.00-22.00  sec  82.2 MBytes   689 Mbits/sec  73160  
[  5]  22.00-23.00  sec  82.8 MBytes   695 Mbits/sec  73710  
[  5]  23.00-24.00  sec  82.4 MBytes   691 Mbits/sec  73330  
[  5]  24.00-25.00  sec  82.4 MBytes   691 Mbits/sec  73320  
[  5]  25.00-26.00  sec  82.8 MBytes   694 Mbits/sec  73680  
[  5]  26.00-27.00  sec  82.4 MBytes   691 Mbits/sec  73370  
[  5]  27.00-28.00  sec  82.1 MBytes   689 Mbits/sec  73070  
[  5]  28.00-29.00  sec  82.4 MBytes   691 Mbits/sec  73340  
[  5]  29.00-30.00  sec  81.9 MBytes   687 Mbits/sec  72890  
[  5]  30.00-31.00  sec  80.7 MBytes   677 Mbits/sec  71810  
[  5]  31.00-32.00  sec  80.2 MBytes   673 Mbits/sec  71400  
[  5]  32.00-33.00  sec  82.3 MBytes   690 Mbits/sec  73240  
[  5]  33.00-34.00  sec  76.9 MBytes   645 Mbits/sec  68430  
[  5]  34.00-35.00  sec  69.8 MBytes   586 Mbits/sec  62140  
[  5]  35.00-36.00  sec  64.3 MBytes   539 Mbits/sec  57200  
[  5]  36.00-37.00  sec  65.7 MBytes   551 Mbits/sec  58480  
[  5]  37.00-38.00  sec  67.7 MBytes   568 Mbits/sec  60300  
[  5]  38.00-39.00  sec  67.0 MBytes   562 Mbits/sec  59680  
[  5]  39.00-40.00  sec  67.3 MBytes   565 Mbits/sec  59950  
[  5]  40.00-41.00  sec  66.0 MBytes   554 Mbits/sec  58760  
[  5]  41.00-42.00  sec  66.3 MBytes   556 Mbits/sec  59010  
[  5]  42.00-43.00  sec  64.7 MBytes   543 Mbits/sec  57570  
[  5]  43.00-44.00  sec  68.2 MBytes   572 Mbits/sec  60720  
[  5]  44.00-45.00  sec  66.6 MBytes   559 Mbits/sec  59320  
[  5]  45.00-46.00  sec  66.8 MBytes   560 Mbits/sec  59460  
[  5]  46.00-47.00  sec  65.9 MBytes   553 Mbits/sec  58670  
[  5]  47.00-48.00  sec  67.9 MBytes   570 Mbits/sec  60460  
[  5]  48.00-49.00  sec  67.2 MBytes   564 Mbits/sec  59850  
[  5]  49.00-50.00  sec  67.8 MBytes   569 Mbits/sec  60370  
[  5]  50.00-51.00  sec  65.7 MBytes   551 Mbits/sec  58490  
[  5]  51.00-52.00  sec  66.3 MBytes   557 Mbits/sec  59050  
[  5]  52.00-53.00  sec  63.3 MBytes   531 Mbits/sec  56310  
[  5]  53.00-54.00  sec  64.4 MBytes   540 Mbits/sec  57290  
[  5]  54.00-55.00  sec  65.7 MBytes   551 Mbits/sec  58470  
[  5]  55.00-56.00  sec  66.0 MBytes   554 Mbits/sec  58750  
[  5]  56.00-57.00  sec  66.3 MBytes   556 Mbits/sec  58980  
[  5]  57.00-58.00  sec  67.9 MBytes   570 Mbits/sec  60460  
[  5]  58.00-59.00  sec  66.2 MBytes   555 Mbits/sec  58900  
[  5]  59.00-60.00  sec  67.6 MBytes   567 Mbits/sec  60150  
- - - - - - - - - - - - - - - - - - - - - - - - -
[ ID] Interval           Transfer     Bitrate         Jitter    Lost/Total Datagrams
[  5]   0.00-60.00  sec  4.41 GBytes   632 Mbits/sec  0.000 ms  0/4022960 (0%)  sender
[  5]   0.00-60.04  sec  4.42 GBytes   632 Mbits/sec  0.015 ms  1265/4022960 (0.031%)  receiver

iperf Done.
