Connecting to host 10.136.80.171, port 5201
[  5] local 10.136.173.126 port 48501 connected to 10.136.80.171 port 5201
[ ID] Interval           Transfer     Bitrate         Total Datagrams
[  5]   0.00-1.00   sec  52.2 MBytes   438 Mbits/sec  46450  (omitted)
[  5]   0.00-1.00   sec  52.8 MBytes   442 Mbits/sec  46960  
[  5]   1.00-2.00   sec  53.2 MBytes   446 Mbits/sec  47330  
[  5]   2.00-3.00   sec  53.8 MBytes   451 Mbits/sec  47850  
[  5]   3.00-4.00   sec  54.1 MBytes   454 Mbits/sec  48170  
[  5]   4.00-5.00   sec  52.8 MBytes   443 Mbits/sec  47020  
[  5]   5.00-6.00   sec  55.3 MBytes   464 Mbits/sec  49200  
[  5]   6.00-7.00   sec  52.1 MBytes   437 Mbits/sec  46410  
[  5]   7.00-8.00   sec  50.9 MBytes   427 Mbits/sec  45280  
[  5]   8.00-9.00   sec  51.6 MBytes   433 Mbits/sec  45950  
[  5]   9.00-10.00  sec  53.4 MBytes   448 Mbits/sec  47530  
[  5]  10.00-11.00  sec  54.2 MBytes   455 Mbits/sec  48280  
[  5]  11.00-12.00  sec  55.8 MBytes   468 Mbits/sec  49710  
[  5]  12.00-13.00  sec  55.1 MBytes   462 Mbits/sec  49040  
[  5]  13.00-14.00  sec  55.4 MBytes   465 Mbits/sec  49320  
[  5]  14.00-15.00  sec  52.9 MBytes   443 Mbits/sec  47060  
[  5]  15.00-16.00  sec  52.5 MBytes   441 Mbits/sec  46760  
[  5]  16.00-17.00  sec  51.3 MBytes   431 Mbits/sec  45680  
[  5]  17.00-18.00  sec  51.5 MBytes   432 Mbits/sec  45870  
[  5]  18.00-19.00  sec  53.9 MBytes   452 Mbits/sec  47960  
[  5]  19.00-20.00  sec  51.8 MBytes   435 Mbits/sec  46130  
[  5]  20.00-21.00  sec  53.7 MBytes   450 Mbits/sec  47780  
[  5]  21.00-22.00  sec  53.1 MBytes   446 Mbits/sec  47310  
[  5]  22.00-23.00  sec  51.8 MBytes   434 Mbits/sec  46080  
[  5]  23.00-24.00  sec  50.3 MBytes   422 Mbits/sec  44740  
[  5]  24.00-25.00  sec  48.7 MBytes   409 Mbits/sec  43370  
[  5]  25.00-26.00  sec  52.5 MBytes   440 Mbits/sec  46700  
[  5]  26.00-27.00  sec  53.3 MBytes   447 Mbits/sec  47430  
[  5]  27.00-28.00  sec  55.0 MBytes   461 Mbits/sec  48960  
[  5]  28.00-29.00  sec  52.9 MBytes   444 Mbits/sec  47110  
[  5]  29.00-30.00  sec  53.1 MBytes   445 Mbits/sec  47260  
[  5]  30.00-31.00  sec  52.5 MBytes   440 Mbits/sec  46690  
[  5]  31.00-32.00  sec  53.1 MBytes   446 Mbits/sec  47290  
[  5]  32.00-33.00  sec  54.3 MBytes   456 Mbits/sec  48370  
[  5]  33.00-34.00  sec  50.9 MBytes   427 Mbits/sec  45290  
[  5]  34.00-35.00  sec  50.9 MBytes   427 Mbits/sec  45310  
[  5]  35.00-36.00  sec  51.1 MBytes   429 Mbits/sec  45520  
[  5]  36.00-37.00  sec  54.2 MBytes   455 Mbits/sec  48230  
[  5]  37.00-38.00  sec  53.8 MBytes   451 Mbits/sec  47860  
[  5]  38.00-39.00  sec  52.7 MBytes   442 Mbits/sec  46870  
[  5]  39.00-40.00  sec  53.8 MBytes   451 Mbits/sec  47890  
[  5]  40.00-41.00  sec  55.7 MBytes   467 Mbits/sec  49560  
[  5]  41.00-42.00  sec  52.4 MBytes   440 Mbits/sec  46650  
[  5]  42.00-43.00  sec  52.3 MBytes   439 Mbits/sec  46550  
[  5]  43.00-44.00  sec  53.3 MBytes   447 Mbits/sec  47420  
[  5]  44.00-45.00  sec  53.8 MBytes   452 Mbits/sec  47920  
[  5]  45.00-46.00  sec  53.6 MBytes   450 Mbits/sec  47690  
[  5]  46.00-47.00  sec  51.6 MBytes   433 Mbits/sec  45940  
[  5]  47.00-48.00  sec  54.1 MBytes   454 Mbits/sec  48190  
[  5]  48.00-49.00  sec  56.8 MBytes   476 Mbits/sec  50530  
[  5]  49.00-50.00  sec  49.8 MBytes   417 Mbits/sec  44300  
[  5]  50.00-51.00  sec  54.5 MBytes   457 Mbits/sec  48490  
[  5]  51.00-52.00  sec  51.6 MBytes   433 Mbits/sec  45970  
[  5]  52.00-53.00  sec  52.5 MBytes   440 Mbits/sec  46690  
[  5]  53.00-54.00  sec  53.1 MBytes   445 Mbits/sec  47240  
[  5]  54.00-55.00  sec  51.8 MBytes   435 Mbits/sec  46130  
[  5]  55.00-56.00  sec  52.5 MBytes   440 Mbits/sec  46720  
[  5]  56.00-57.00  sec  54.9 MBytes   461 Mbits/sec  48880  
[  5]  57.00-58.00  sec  53.6 MBytes   450 Mbits/sec  47740  
[  5]  58.00-59.00  sec  50.7 MBytes   425 Mbits/sec  45120  
[  5]  59.00-60.00  sec  49.1 MBytes   412 Mbits/sec  43700  
- - - - - - - - - - - - - - - - - - - - - - - - -
[ ID] Interval           Transfer     Bitrate         Jitter    Lost/Total Datagrams
[  5]   0.00-60.00  sec  3.10 GBytes   444 Mbits/sec  0.000 ms  0/2825000 (0%)  sender
[  5]   0.00-60.23  sec  1.88 GBytes   268 Mbits/sec  0.011 ms  1135044/2825000 (40%)  receiver

iperf Done.
