Connecting to host 10.136.80.178, port 5201
[  5] local 10.136.173.102 port 57555 connected to 10.136.80.178 port 5201
[ ID] Interval           Transfer     Bitrate         Total Datagrams
[  5]   0.00-1.00   sec  91.9 MBytes   771 Mbits/sec  68910  (omitted)
[  5]   0.00-1.00   sec  92.6 MBytes   776 Mbits/sec  69430  
[  5]   1.00-2.00   sec  92.9 MBytes   779 Mbits/sec  69690  
[  5]   2.00-3.00   sec  92.4 MBytes   775 Mbits/sec  69290  
[  5]   3.00-4.00   sec  92.1 MBytes   773 Mbits/sec  69100  
[  5]   4.00-5.00   sec  93.5 MBytes   784 Mbits/sec  70130  
[  5]   5.00-6.00   sec  93.0 MBytes   780 Mbits/sec  69780  
[  5]   6.00-7.00   sec  93.3 MBytes   783 Mbits/sec  69990  
[  5]   7.00-8.00   sec  93.6 MBytes   785 Mbits/sec  70220  
[  5]   8.00-9.00   sec  93.4 MBytes   783 Mbits/sec  70040  
[  5]   9.00-10.00  sec  93.7 MBytes   786 Mbits/sec  70290  
[  5]  10.00-11.00  sec  83.5 MBytes   701 Mbits/sec  62650  
[  5]  11.00-12.00  sec  78.4 MBytes   658 Mbits/sec  58800  
[  5]  12.00-13.00  sec  86.6 MBytes   727 Mbits/sec  64990  
[  5]  13.00-14.00  sec  93.1 MBytes   781 Mbits/sec  69820  
[  5]  14.00-15.00  sec  93.2 MBytes   782 Mbits/sec  69920  
[  5]  15.00-16.00  sec  93.3 MBytes   783 Mbits/sec  70010  
[  5]  16.00-17.00  sec  92.4 MBytes   775 Mbits/sec  69290  
[  5]  17.00-18.00  sec  83.6 MBytes   701 Mbits/sec  62720  
[  5]  18.00-19.00  sec  77.3 MBytes   649 Mbits/sec  58000  
[  5]  19.00-20.00  sec  77.9 MBytes   654 Mbits/sec  58440  
[  5]  20.00-21.00  sec  78.7 MBytes   660 Mbits/sec  59000  
[  5]  21.00-22.00  sec  78.7 MBytes   660 Mbits/sec  59000  
[  5]  22.00-23.00  sec  76.8 MBytes   645 Mbits/sec  57630  
[  5]  23.00-24.00  sec  78.4 MBytes   658 Mbits/sec  58820  
[  5]  24.00-25.00  sec  79.5 MBytes   667 Mbits/sec  59620  
[  5]  25.00-26.00  sec  78.3 MBytes   657 Mbits/sec  58750  
[  5]  26.00-27.00  sec  90.9 MBytes   763 Mbits/sec  68180  
[  5]  27.00-28.00  sec  93.3 MBytes   783 Mbits/sec  69990  
[  5]  28.00-29.00  sec  93.2 MBytes   782 Mbits/sec  69920  
[  5]  29.00-30.00  sec  92.5 MBytes   776 Mbits/sec  69410  
[  5]  30.00-31.00  sec  96.1 MBytes   806 Mbits/sec  72070  
[  5]  31.00-32.00  sec  92.6 MBytes   777 Mbits/sec  69490  
[  5]  32.00-33.00  sec  92.6 MBytes   776 Mbits/sec  69430  
[  5]  33.00-34.00  sec  93.0 MBytes   780 Mbits/sec  69740  
[  5]  34.00-35.00  sec  93.5 MBytes   785 Mbits/sec  70150  
[  5]  35.00-36.00  sec  94.2 MBytes   790 Mbits/sec  70660  
[  5]  36.00-37.00  sec  93.4 MBytes   783 Mbits/sec  70020  
[  5]  37.00-38.00  sec  92.8 MBytes   779 Mbits/sec  69640  
[  5]  38.00-39.00  sec  93.1 MBytes   781 Mbits/sec  69840  
[  5]  39.00-40.00  sec  92.8 MBytes   778 Mbits/sec  69590  
[  5]  40.00-41.00  sec  92.6 MBytes   777 Mbits/sec  69440  
[  5]  41.00-42.00  sec  92.8 MBytes   779 Mbits/sec  69640  
[  5]  42.00-43.00  sec  92.5 MBytes   776 Mbits/sec  69350  
[  5]  43.00-44.00  sec  92.4 MBytes   775 Mbits/sec  69320  
[  5]  44.00-45.00  sec  93.1 MBytes   781 Mbits/sec  69860  
[  5]  45.00-46.00  sec  93.2 MBytes   782 Mbits/sec  69940  
[  5]  46.00-47.00  sec  93.3 MBytes   782 Mbits/sec  69950  
[  5]  47.00-48.00  sec  92.8 MBytes   779 Mbits/sec  69610  
[  5]  48.00-49.00  sec  92.9 MBytes   779 Mbits/sec  69680  
[  5]  49.00-50.00  sec  93.1 MBytes   781 Mbits/sec  69850  
[  5]  50.00-51.00  sec  93.3 MBytes   782 Mbits/sec  69950  
[  5]  51.00-52.00  sec  92.8 MBytes   779 Mbits/sec  69620  
[  5]  52.00-53.00  sec  91.8 MBytes   770 Mbits/sec  68840  
[  5]  53.00-54.00  sec  93.3 MBytes   782 Mbits/sec  69950  
[  5]  54.00-55.00  sec  93.4 MBytes   784 Mbits/sec  70060  
[  5]  55.00-56.00  sec  92.8 MBytes   778 Mbits/sec  69610  
[  5]  56.00-57.00  sec  98.7 MBytes   828 Mbits/sec  74010  
[  5]  57.00-58.00  sec  94.6 MBytes   793 Mbits/sec  70930  
[  5]  58.00-59.00  sec  93.2 MBytes   781 Mbits/sec  69870  
[  5]  59.00-60.00  sec  92.4 MBytes   775 Mbits/sec  69270  
- - - - - - - - - - - - - - - - - - - - - - - - -
[ ID] Interval           Transfer     Bitrate         Jitter    Lost/Total Datagrams
[  5]   0.00-60.00  sec  5.30 GBytes   759 Mbits/sec  0.000 ms  0/4072300 (0%)  sender
[  5]   0.00-60.04  sec  5.30 GBytes   759 Mbits/sec  0.008 ms  1638/4072300 (0.04%)  receiver

iperf Done.
