Connecting to host knb-server-437454, port 5201
[  5] local 10.136.173.118 port 43602 connected to 10.43.180.241 port 5201
[ ID] Interval           Transfer     Bitrate         Total Datagrams
[  5]   0.00-1.00   sec  60.8 MBytes   510 Mbits/sec  54130  (omitted)
[  5]   0.00-1.00   sec  80.5 MBytes   675 Mbits/sec  71670  
[  5]   1.00-2.00   sec  79.8 MBytes   669 Mbits/sec  71020  
[  5]   2.00-3.00   sec  79.3 MBytes   665 Mbits/sec  70560  
[  5]   3.00-4.00   sec  78.7 MBytes   660 Mbits/sec  70080  
[  5]   4.00-5.00   sec  79.5 MBytes   667 Mbits/sec  70730  
[  5]   5.00-6.00   sec  79.3 MBytes   665 Mbits/sec  70580  
[  5]   6.00-7.00   sec  78.9 MBytes   662 Mbits/sec  70260  
[  5]   7.00-8.00   sec  79.5 MBytes   667 Mbits/sec  70810  
[  5]   8.00-9.00   sec  78.9 MBytes   662 Mbits/sec  70270  
[  5]   9.00-10.00  sec  78.6 MBytes   659 Mbits/sec  69920  
[  5]  10.00-11.00  sec  79.8 MBytes   670 Mbits/sec  71040  
[  5]  11.00-12.00  sec  79.5 MBytes   667 Mbits/sec  70770  
[  5]  12.00-13.00  sec  79.1 MBytes   664 Mbits/sec  70450  
[  5]  13.00-14.00  sec  78.7 MBytes   660 Mbits/sec  70020  
[  5]  14.00-15.00  sec  80.3 MBytes   674 Mbits/sec  71500  
[  5]  15.00-16.00  sec  80.1 MBytes   672 Mbits/sec  71260  
[  5]  16.00-17.00  sec  79.6 MBytes   668 Mbits/sec  70870  
[  5]  17.00-18.00  sec  80.6 MBytes   676 Mbits/sec  71770  
[  5]  18.00-19.00  sec  80.2 MBytes   673 Mbits/sec  71430  
[  5]  19.00-20.00  sec  81.4 MBytes   683 Mbits/sec  72470  
[  5]  20.00-21.00  sec  79.5 MBytes   667 Mbits/sec  70730  
[  5]  21.00-22.00  sec  79.8 MBytes   669 Mbits/sec  70990  
[  5]  22.00-23.00  sec  78.7 MBytes   660 Mbits/sec  70030  
[  5]  23.00-24.00  sec  78.6 MBytes   659 Mbits/sec  69950  
[  5]  24.00-25.00  sec  78.8 MBytes   661 Mbits/sec  70170  
[  5]  25.00-26.00  sec  79.6 MBytes   668 Mbits/sec  70880  
[  5]  26.00-27.00  sec  78.9 MBytes   662 Mbits/sec  70270  
[  5]  27.00-28.00  sec  80.2 MBytes   673 Mbits/sec  71400  
[  5]  28.00-29.00  sec  79.9 MBytes   670 Mbits/sec  71120  
[  5]  29.00-30.00  sec  79.0 MBytes   662 Mbits/sec  70290  
[  5]  30.00-31.00  sec  79.0 MBytes   663 Mbits/sec  70330  
[  5]  31.00-32.00  sec  78.9 MBytes   662 Mbits/sec  70210  
[  5]  32.00-33.00  sec  79.5 MBytes   667 Mbits/sec  70730  
[  5]  33.00-34.00  sec  78.5 MBytes   659 Mbits/sec  69910  
[  5]  34.00-35.00  sec  79.9 MBytes   670 Mbits/sec  71120  
[  5]  35.00-36.00  sec  79.8 MBytes   670 Mbits/sec  71070  
[  5]  36.00-37.00  sec  79.5 MBytes   667 Mbits/sec  70810  
[  5]  37.00-38.00  sec  80.0 MBytes   671 Mbits/sec  71190  
[  5]  38.00-39.00  sec  79.3 MBytes   665 Mbits/sec  70560  
[  5]  39.00-40.00  sec  79.6 MBytes   667 Mbits/sec  70820  
[  5]  40.00-41.00  sec  80.4 MBytes   674 Mbits/sec  71530  
[  5]  41.00-42.00  sec  80.0 MBytes   671 Mbits/sec  71210  
[  5]  42.00-43.00  sec  79.7 MBytes   668 Mbits/sec  70910  
[  5]  43.00-44.00  sec  77.9 MBytes   654 Mbits/sec  69360  
[  5]  44.00-45.00  sec  80.8 MBytes   678 Mbits/sec  71900  
[  5]  45.00-46.00  sec  81.3 MBytes   682 Mbits/sec  72410  
[  5]  46.00-47.00  sec  80.9 MBytes   678 Mbits/sec  71980  
[  5]  47.00-48.00  sec  82.0 MBytes   688 Mbits/sec  72970  
[  5]  48.00-49.00  sec  81.3 MBytes   682 Mbits/sec  72370  
[  5]  49.00-50.00  sec  81.2 MBytes   681 Mbits/sec  72290  
[  5]  50.00-51.00  sec  81.3 MBytes   682 Mbits/sec  72380  
[  5]  51.00-52.00  sec  82.0 MBytes   688 Mbits/sec  73010  
[  5]  52.00-53.00  sec  81.7 MBytes   685 Mbits/sec  72680  
[  5]  53.00-54.00  sec  80.6 MBytes   676 Mbits/sec  71730  
[  5]  54.00-55.00  sec  81.5 MBytes   684 Mbits/sec  72560  
[  5]  55.00-56.00  sec  80.9 MBytes   678 Mbits/sec  71980  
[  5]  56.00-57.00  sec  80.9 MBytes   678 Mbits/sec  71990  
[  5]  57.00-58.00  sec  80.7 MBytes   677 Mbits/sec  71790  
[  5]  58.00-59.00  sec  81.3 MBytes   682 Mbits/sec  72360  
[  5]  59.00-60.00  sec  80.9 MBytes   678 Mbits/sec  71980  
- - - - - - - - - - - - - - - - - - - - - - - - -
[ ID] Interval           Transfer     Bitrate         Jitter    Lost/Total Datagrams
[  5]   0.00-60.00  sec  4.68 GBytes   671 Mbits/sec  0.000 ms  0/4269450 (0%)  sender
[  5]   0.00-60.93  sec   270 MBytes  37.2 Mbits/sec  0.024 ms  4069973/4258553 (96%)  receiver

iperf Done.
