Connecting to host 10.136.80.167, port 5201
[  5] local 10.136.173.92 port 40273 connected to 10.136.80.167 port 5201
[ ID] Interval           Transfer     Bitrate         Total Datagrams
[  5]   0.00-1.00   sec  72.6 MBytes   609 Mbits/sec  64600  (omitted)
[  5]   0.00-1.00   sec  73.8 MBytes   619 Mbits/sec  65710  
[  5]   1.00-2.00   sec  72.9 MBytes   612 Mbits/sec  64930  
[  5]   2.00-3.00   sec  73.3 MBytes   615 Mbits/sec  65290  
[  5]   3.00-4.00   sec  76.7 MBytes   643 Mbits/sec  68270  
[  5]   4.00-5.00   sec  75.0 MBytes   629 Mbits/sec  66740  
[  5]   5.00-6.00   sec  73.8 MBytes   619 Mbits/sec  65670  
[  5]   6.00-7.00   sec  74.2 MBytes   623 Mbits/sec  66060  
[  5]   7.00-8.00   sec  74.5 MBytes   625 Mbits/sec  66290  
[  5]   8.00-9.00   sec  72.2 MBytes   606 Mbits/sec  64300  
[  5]   9.00-10.00  sec  73.7 MBytes   618 Mbits/sec  65620  
[  5]  10.00-11.00  sec  73.2 MBytes   614 Mbits/sec  65150  
[  5]  11.00-12.00  sec  73.3 MBytes   615 Mbits/sec  65280  
[  5]  12.00-13.00  sec  75.5 MBytes   633 Mbits/sec  67180  
[  5]  13.00-14.00  sec  73.6 MBytes   617 Mbits/sec  65510  
[  5]  14.00-15.00  sec  74.4 MBytes   624 Mbits/sec  66210  
[  5]  15.00-16.00  sec  73.3 MBytes   615 Mbits/sec  65280  
[  5]  16.00-17.00  sec  72.7 MBytes   610 Mbits/sec  64690  
[  5]  17.00-18.00  sec  71.7 MBytes   601 Mbits/sec  63800  
[  5]  18.00-19.00  sec  58.6 MBytes   491 Mbits/sec  52120  
[  5]  19.00-20.00  sec  54.3 MBytes   456 Mbits/sec  48340  
[  5]  20.00-21.00  sec  54.9 MBytes   460 Mbits/sec  48830  
[  5]  21.00-22.00  sec  53.8 MBytes   451 Mbits/sec  47880  
[  5]  22.00-23.00  sec  66.9 MBytes   562 Mbits/sec  59590  
[  5]  23.00-24.00  sec  69.0 MBytes   579 Mbits/sec  61420  
[  5]  24.00-25.00  sec  74.4 MBytes   624 Mbits/sec  66200  
[  5]  25.00-26.00  sec  73.3 MBytes   615 Mbits/sec  65210  
[  5]  26.00-27.00  sec  73.9 MBytes   620 Mbits/sec  65790  
[  5]  27.00-28.00  sec  74.6 MBytes   625 Mbits/sec  66380  
[  5]  28.00-29.00  sec  72.2 MBytes   605 Mbits/sec  64240  
[  5]  29.00-30.00  sec  73.6 MBytes   617 Mbits/sec  65480  
[  5]  30.00-31.00  sec  73.4 MBytes   616 Mbits/sec  65360  
[  5]  31.00-32.00  sec  73.0 MBytes   613 Mbits/sec  65010  
[  5]  32.00-33.00  sec  71.6 MBytes   601 Mbits/sec  63760  
[  5]  33.00-34.00  sec  73.8 MBytes   619 Mbits/sec  65670  
[  5]  34.00-35.00  sec  72.0 MBytes   604 Mbits/sec  64070  
[  5]  35.00-36.00  sec  73.5 MBytes   616 Mbits/sec  65400  
[  5]  36.00-37.00  sec  74.1 MBytes   622 Mbits/sec  65960  
[  5]  37.00-38.00  sec  73.4 MBytes   616 Mbits/sec  65350  
[  5]  38.00-39.00  sec  65.2 MBytes   547 Mbits/sec  58040  
[  5]  39.00-40.00  sec  73.1 MBytes   614 Mbits/sec  65110  
[  5]  40.00-41.00  sec  73.7 MBytes   618 Mbits/sec  65620  
[  5]  41.00-42.00  sec  72.3 MBytes   607 Mbits/sec  64360  
[  5]  42.00-43.00  sec  71.3 MBytes   598 Mbits/sec  63460  
[  5]  43.00-44.00  sec  73.6 MBytes   618 Mbits/sec  65550  
[  5]  44.00-45.00  sec  74.4 MBytes   624 Mbits/sec  66210  
[  5]  45.00-46.00  sec  73.4 MBytes   616 Mbits/sec  65360  
[  5]  46.00-47.00  sec  72.7 MBytes   610 Mbits/sec  64730  
[  5]  47.00-48.00  sec  73.9 MBytes   620 Mbits/sec  65780  
[  5]  48.00-49.00  sec  72.6 MBytes   609 Mbits/sec  64660  
[  5]  49.00-50.00  sec  72.0 MBytes   604 Mbits/sec  64120  
[  5]  50.00-51.00  sec  73.1 MBytes   613 Mbits/sec  65030  
[  5]  51.00-52.00  sec  74.7 MBytes   627 Mbits/sec  66500  
[  5]  52.00-53.00  sec  74.2 MBytes   622 Mbits/sec  66030  
[  5]  53.00-54.00  sec  74.5 MBytes   625 Mbits/sec  66300  
[  5]  54.00-55.00  sec  75.1 MBytes   630 Mbits/sec  66830  
[  5]  55.00-56.00  sec  75.1 MBytes   630 Mbits/sec  66820  
[  5]  56.00-57.00  sec  73.3 MBytes   615 Mbits/sec  65230  
[  5]  57.00-58.00  sec  75.6 MBytes   634 Mbits/sec  67320  
[  5]  58.00-59.00  sec  69.7 MBytes   584 Mbits/sec  62000  
[  5]  59.00-60.00  sec  73.2 MBytes   614 Mbits/sec  65120  
- - - - - - - - - - - - - - - - - - - - - - - - -
[ ID] Interval           Transfer     Bitrate         Jitter    Lost/Total Datagrams
[  5]   0.00-60.00  sec  4.22 GBytes   604 Mbits/sec  0.000 ms  0/3844220 (0%)  sender
[  5]   0.00-60.27  sec  1.67 GBytes   239 Mbits/sec  0.482 ms  2341079/3827833 (61%)  receiver

iperf Done.
