Connecting to host knb-server-178049, port 5201
[  5] local 10.136.173.93 port 45019 connected to 10.43.13.109 port 5201
[ ID] Interval           Transfer     Bitrate         Total Datagrams
[  5]   0.00-1.00   sec  72.7 MBytes   610 Mbits/sec  64750  (omitted)
[  5]   0.00-1.00   sec  70.8 MBytes   594 Mbits/sec  63010  
[  5]   1.00-2.00   sec  71.5 MBytes   600 Mbits/sec  63650  
[  5]   2.00-3.00   sec  71.1 MBytes   597 Mbits/sec  63330  
[  5]   3.00-4.00   sec  61.3 MBytes   514 Mbits/sec  54540  
[  5]   4.00-5.00   sec  52.1 MBytes   438 Mbits/sec  46420  
[  5]   5.00-6.00   sec  52.7 MBytes   442 Mbits/sec  46900  
[  5]   6.00-7.00   sec  61.2 MBytes   513 Mbits/sec  54440  
[  5]   7.00-8.00   sec  72.4 MBytes   608 Mbits/sec  64480  
[  5]   8.00-9.00   sec  69.0 MBytes   579 Mbits/sec  61450  
[  5]   9.00-10.00  sec  71.5 MBytes   600 Mbits/sec  63640  
[  5]  10.00-11.00  sec  68.8 MBytes   577 Mbits/sec  61230  
[  5]  11.00-12.00  sec  71.7 MBytes   602 Mbits/sec  63860  
[  5]  12.00-13.00  sec  72.3 MBytes   606 Mbits/sec  64340  
[  5]  13.00-14.00  sec  72.3 MBytes   606 Mbits/sec  64330  
[  5]  14.00-15.00  sec  71.5 MBytes   600 Mbits/sec  63630  
[  5]  15.00-16.00  sec  71.5 MBytes   600 Mbits/sec  63650  
[  5]  16.00-17.00  sec  72.4 MBytes   607 Mbits/sec  64410  
[  5]  17.00-18.00  sec  71.3 MBytes   598 Mbits/sec  63490  
[  5]  18.00-19.00  sec  69.4 MBytes   582 Mbits/sec  61770  
[  5]  19.00-20.00  sec  68.1 MBytes   571 Mbits/sec  60620  
[  5]  20.00-21.00  sec  69.0 MBytes   579 Mbits/sec  61410  
[  5]  21.00-22.00  sec  70.7 MBytes   593 Mbits/sec  62930  
[  5]  22.00-23.00  sec  72.8 MBytes   611 Mbits/sec  64790  
[  5]  23.00-24.00  sec  70.2 MBytes   589 Mbits/sec  62510  
[  5]  24.00-25.00  sec  73.0 MBytes   612 Mbits/sec  64980  
[  5]  25.00-26.00  sec  72.1 MBytes   605 Mbits/sec  64210  
[  5]  26.00-27.00  sec  71.5 MBytes   600 Mbits/sec  63660  
[  5]  27.00-28.00  sec  71.3 MBytes   598 Mbits/sec  63430  
[  5]  28.00-29.00  sec  70.6 MBytes   593 Mbits/sec  62870  
[  5]  29.00-30.00  sec  71.7 MBytes   602 Mbits/sec  63840  
[  5]  30.00-31.00  sec  71.0 MBytes   596 Mbits/sec  63190  
[  5]  31.00-32.00  sec  76.1 MBytes   639 Mbits/sec  67760  
[  5]  32.00-33.00  sec  71.7 MBytes   602 Mbits/sec  63830  
[  5]  33.00-34.00  sec  71.4 MBytes   599 Mbits/sec  63560  
[  5]  34.00-35.00  sec  71.1 MBytes   597 Mbits/sec  63330  
[  5]  35.00-36.00  sec  72.0 MBytes   604 Mbits/sec  64060  
[  5]  36.00-37.00  sec  71.6 MBytes   601 Mbits/sec  63750  
[  5]  37.00-38.00  sec  72.5 MBytes   608 Mbits/sec  64560  
[  5]  38.00-39.00  sec  71.4 MBytes   599 Mbits/sec  63520  
[  5]  39.00-40.00  sec  67.0 MBytes   562 Mbits/sec  59640  
[  5]  40.00-41.00  sec  72.2 MBytes   605 Mbits/sec  64240  
[  5]  41.00-42.00  sec  72.5 MBytes   608 Mbits/sec  64540  
[  5]  42.00-43.00  sec  73.5 MBytes   616 Mbits/sec  65390  
[  5]  43.00-44.00  sec  72.5 MBytes   608 Mbits/sec  64540  
[  5]  44.00-45.00  sec  72.9 MBytes   612 Mbits/sec  64930  
[  5]  45.00-46.00  sec  73.3 MBytes   615 Mbits/sec  65290  
[  5]  46.00-47.00  sec  72.6 MBytes   609 Mbits/sec  64650  
[  5]  47.00-48.00  sec  73.1 MBytes   613 Mbits/sec  65090  
[  5]  48.00-49.00  sec  71.5 MBytes   600 Mbits/sec  63670  
[  5]  49.00-50.00  sec  70.9 MBytes   595 Mbits/sec  63130  
[  5]  50.00-51.00  sec  53.9 MBytes   452 Mbits/sec  47950  
[  5]  51.00-52.00  sec  73.5 MBytes   617 Mbits/sec  65450  
[  5]  52.00-53.00  sec  72.2 MBytes   605 Mbits/sec  64230  
[  5]  53.00-54.00  sec  61.3 MBytes   514 Mbits/sec  54550  
[  5]  54.00-55.00  sec  76.3 MBytes   640 Mbits/sec  67940  
[  5]  55.00-56.00  sec  57.7 MBytes   484 Mbits/sec  51350  
[  5]  56.00-57.00  sec  52.3 MBytes   439 Mbits/sec  46570  
[  5]  57.00-58.00  sec  52.5 MBytes   441 Mbits/sec  46740  
[  5]  58.00-59.00  sec  53.3 MBytes   447 Mbits/sec  47410  
[  5]  59.00-60.00  sec  52.3 MBytes   439 Mbits/sec  46540  
- - - - - - - - - - - - - - - - - - - - - - - - -
[ ID] Interval           Transfer     Bitrate         Jitter    Lost/Total Datagrams
[  5]   0.00-60.00  sec  4.03 GBytes   576 Mbits/sec  0.000 ms  0/3669220 (0%)  sender
[  5]   0.00-60.16  sec  1.70 GBytes   242 Mbits/sec  0.022 ms  2153491/3669220 (59%)  receiver

iperf Done.
