Connecting to host 10.136.80.182, port 5201
[  5] local 10.136.173.118 port 48454 connected to 10.136.80.182 port 5201
[ ID] Interval           Transfer     Bitrate         Total Datagrams
[  5]   0.00-1.00   sec  48.3 MBytes   405 Mbits/sec  43020  (omitted)
[  5]   0.00-1.00   sec  57.2 MBytes   480 Mbits/sec  50910  
[  5]   1.00-2.00   sec  59.2 MBytes   497 Mbits/sec  52710  
[  5]   2.00-3.00   sec  55.0 MBytes   462 Mbits/sec  48980  
[  5]   3.00-4.00   sec  62.7 MBytes   526 Mbits/sec  55770  
[  5]   4.00-5.00   sec  55.7 MBytes   467 Mbits/sec  49570  
[  5]   5.00-6.00   sec  60.6 MBytes   508 Mbits/sec  53900  
[  5]   6.00-7.00   sec  57.6 MBytes   483 Mbits/sec  51240  
[  5]   7.00-8.00   sec  58.4 MBytes   490 Mbits/sec  51980  
[  5]   8.00-9.00   sec  56.9 MBytes   477 Mbits/sec  50610  
[  5]   9.00-10.00  sec  61.1 MBytes   513 Mbits/sec  54390  
[  5]  10.00-11.00  sec  57.6 MBytes   483 Mbits/sec  51290  
[  5]  11.00-12.00  sec  59.1 MBytes   496 Mbits/sec  52620  
[  5]  12.00-13.00  sec  56.0 MBytes   469 Mbits/sec  49810  
[  5]  13.00-14.00  sec  58.5 MBytes   491 Mbits/sec  52100  
[  5]  14.00-15.00  sec  60.1 MBytes   504 Mbits/sec  53500  
[  5]  15.00-16.00  sec  61.6 MBytes   517 Mbits/sec  54860  
[  5]  16.00-17.00  sec  53.8 MBytes   451 Mbits/sec  47900  
[  5]  17.00-18.00  sec  60.7 MBytes   509 Mbits/sec  54020  
[  5]  18.00-19.00  sec  59.1 MBytes   496 Mbits/sec  52630  
[  5]  19.00-20.00  sec  56.3 MBytes   472 Mbits/sec  50100  
[  5]  20.00-21.00  sec  53.5 MBytes   449 Mbits/sec  47620  
[  5]  21.00-22.00  sec  63.0 MBytes   528 Mbits/sec  56060  
[  5]  22.00-23.00  sec  56.3 MBytes   472 Mbits/sec  50130  
[  5]  23.00-24.00  sec  58.5 MBytes   491 Mbits/sec  52090  
[  5]  24.00-25.00  sec  58.0 MBytes   486 Mbits/sec  51600  
[  5]  25.00-26.00  sec  55.8 MBytes   468 Mbits/sec  49700  
[  5]  26.00-27.00  sec  49.6 MBytes   416 Mbits/sec  44140  
[  5]  27.00-28.00  sec  54.4 MBytes   456 Mbits/sec  48410  
[  5]  28.00-29.00  sec  60.2 MBytes   505 Mbits/sec  53570  
[  5]  29.00-30.00  sec  56.8 MBytes   476 Mbits/sec  50550  
[  5]  30.00-31.00  sec  58.5 MBytes   491 Mbits/sec  52110  
[  5]  31.00-32.00  sec  54.7 MBytes   459 Mbits/sec  48650  
[  5]  32.00-33.00  sec  48.4 MBytes   406 Mbits/sec  43040  
[  5]  33.00-34.00  sec  58.8 MBytes   493 Mbits/sec  52360  
[  5]  34.00-35.00  sec  57.6 MBytes   483 Mbits/sec  51230  
[  5]  35.00-36.00  sec  55.5 MBytes   465 Mbits/sec  49370  
[  5]  36.00-37.00  sec  60.8 MBytes   510 Mbits/sec  54130  
[  5]  37.00-38.00  sec  59.9 MBytes   503 Mbits/sec  53340  
[  5]  38.00-39.00  sec  57.6 MBytes   483 Mbits/sec  51280  
[  5]  39.00-40.00  sec  59.0 MBytes   495 Mbits/sec  52480  
[  5]  40.00-41.00  sec  55.6 MBytes   466 Mbits/sec  49460  
[  5]  41.00-42.00  sec  56.9 MBytes   477 Mbits/sec  50670  
[  5]  42.00-43.00  sec  61.2 MBytes   513 Mbits/sec  54480  
[  5]  43.00-44.00  sec  50.0 MBytes   419 Mbits/sec  44500  
[  5]  44.00-45.00  sec  60.1 MBytes   505 Mbits/sec  53530  
[  5]  45.00-46.00  sec  57.7 MBytes   484 Mbits/sec  51370  
[  5]  46.00-47.00  sec  62.8 MBytes   527 Mbits/sec  55890  
[  5]  47.00-48.00  sec  58.9 MBytes   494 Mbits/sec  52460  
[  5]  48.00-49.00  sec  58.8 MBytes   493 Mbits/sec  52350  
[  5]  49.00-50.00  sec  60.3 MBytes   506 Mbits/sec  53660  
[  5]  50.00-51.00  sec  58.1 MBytes   487 Mbits/sec  51690  
[  5]  51.00-52.00  sec  58.6 MBytes   492 Mbits/sec  52190  
[  5]  52.00-53.00  sec  58.0 MBytes   487 Mbits/sec  51620  
[  5]  53.00-54.00  sec  59.1 MBytes   495 Mbits/sec  52570  
[  5]  54.00-55.00  sec  62.5 MBytes   524 Mbits/sec  55630  
[  5]  55.00-56.00  sec  55.9 MBytes   469 Mbits/sec  49740  
[  5]  56.00-57.00  sec  61.4 MBytes   515 Mbits/sec  54690  
[  5]  57.00-58.00  sec  57.6 MBytes   483 Mbits/sec  51230  
[  5]  58.00-59.00  sec  59.1 MBytes   496 Mbits/sec  52650  
[  5]  59.00-60.00  sec  59.6 MBytes   500 Mbits/sec  53030  
- - - - - - - - - - - - - - - - - - - - - - - - -
[ ID] Interval           Transfer     Bitrate         Jitter    Lost/Total Datagrams
[  5]   0.00-60.00  sec  3.39 GBytes   486 Mbits/sec  0.000 ms  0/3094160 (0%)  sender
[  5]   0.00-61.33  sec   188 MBytes  25.7 Mbits/sec  0.038 ms  2968098/3094130 (96%)  receiver

iperf Done.
