Connecting to host 10.136.80.187, port 5201
[  5] local 10.136.173.110 port 50548 connected to 10.136.80.187 port 5201
[ ID] Interval           Transfer     Bitrate         Total Datagrams
[  5]   0.00-1.00   sec  82.3 MBytes   690 Mbits/sec  73230  (omitted)
[  5]   0.00-1.00   sec  84.6 MBytes   709 Mbits/sec  75280  
[  5]   1.00-2.00   sec  84.7 MBytes   710 Mbits/sec  75380  
[  5]   2.00-3.00   sec  84.6 MBytes   710 Mbits/sec  75320  
[  5]   3.00-4.00   sec  85.0 MBytes   713 Mbits/sec  75640  
[  5]   4.00-5.00   sec  84.5 MBytes   709 Mbits/sec  75260  
[  5]   5.00-6.00   sec  83.8 MBytes   703 Mbits/sec  74610  
[  5]   6.00-7.00   sec  84.6 MBytes   709 Mbits/sec  75270  
[  5]   7.00-8.00   sec  84.1 MBytes   705 Mbits/sec  74840  
[  5]   8.00-9.00   sec  84.0 MBytes   705 Mbits/sec  74810  
[  5]   9.00-10.00  sec  83.5 MBytes   701 Mbits/sec  74370  
[  5]  10.00-11.00  sec  83.9 MBytes   704 Mbits/sec  74700  
[  5]  11.00-12.00  sec  83.9 MBytes   704 Mbits/sec  74720  
[  5]  12.00-13.00  sec  84.1 MBytes   705 Mbits/sec  74840  
[  5]  13.00-14.00  sec  84.3 MBytes   707 Mbits/sec  75030  
[  5]  14.00-15.00  sec  83.1 MBytes   697 Mbits/sec  74010  
[  5]  15.00-16.00  sec  83.1 MBytes   697 Mbits/sec  73930  
[  5]  16.00-17.00  sec  83.7 MBytes   702 Mbits/sec  74500  
[  5]  17.00-18.00  sec  83.6 MBytes   701 Mbits/sec  74430  
[  5]  18.00-19.00  sec  83.8 MBytes   703 Mbits/sec  74570  
[  5]  19.00-20.00  sec  83.7 MBytes   702 Mbits/sec  74490  
[  5]  20.00-21.00  sec  83.8 MBytes   703 Mbits/sec  74590  
[  5]  21.00-22.00  sec  83.5 MBytes   701 Mbits/sec  74370  
[  5]  22.00-23.00  sec  84.5 MBytes   709 Mbits/sec  75240  
[  5]  23.00-24.00  sec  84.0 MBytes   704 Mbits/sec  74740  
[  5]  24.00-25.00  sec  83.9 MBytes   704 Mbits/sec  74700  
[  5]  25.00-26.00  sec  84.3 MBytes   707 Mbits/sec  75040  
[  5]  26.00-27.00  sec  84.4 MBytes   708 Mbits/sec  75140  
[  5]  27.00-28.00  sec  82.6 MBytes   693 Mbits/sec  73520  
[  5]  28.00-29.00  sec  80.7 MBytes   677 Mbits/sec  71820  
[  5]  29.00-30.00  sec  81.1 MBytes   680 Mbits/sec  72160  
[  5]  30.00-31.00  sec  81.4 MBytes   683 Mbits/sec  72500  
[  5]  31.00-32.00  sec  84.3 MBytes   707 Mbits/sec  75020  
[  5]  32.00-33.00  sec  83.4 MBytes   700 Mbits/sec  74230  
[  5]  33.00-34.00  sec  83.1 MBytes   697 Mbits/sec  73990  
[  5]  34.00-35.00  sec  82.6 MBytes   693 Mbits/sec  73500  
[  5]  35.00-36.00  sec  83.6 MBytes   701 Mbits/sec  74410  
[  5]  36.00-37.00  sec  83.9 MBytes   704 Mbits/sec  74680  
[  5]  37.00-38.00  sec  83.6 MBytes   701 Mbits/sec  74390  
[  5]  38.00-39.00  sec  83.6 MBytes   701 Mbits/sec  74400  
[  5]  39.00-40.00  sec  83.4 MBytes   699 Mbits/sec  74200  
[  5]  40.00-41.00  sec  83.6 MBytes   701 Mbits/sec  74410  
[  5]  41.00-42.00  sec  84.1 MBytes   705 Mbits/sec  74820  
[  5]  42.00-43.00  sec  83.5 MBytes   700 Mbits/sec  74290  
[  5]  43.00-44.00  sec  83.4 MBytes   700 Mbits/sec  74220  
[  5]  44.00-45.00  sec  82.3 MBytes   690 Mbits/sec  73240  
[  5]  45.00-46.00  sec  83.2 MBytes   698 Mbits/sec  74060  
[  5]  46.00-47.00  sec  83.7 MBytes   702 Mbits/sec  74460  
[  5]  47.00-48.00  sec  84.3 MBytes   707 Mbits/sec  75020  
[  5]  48.00-49.00  sec  83.5 MBytes   701 Mbits/sec  74350  
[  5]  49.00-50.00  sec  84.3 MBytes   707 Mbits/sec  75070  
[  5]  50.00-51.00  sec  84.3 MBytes   707 Mbits/sec  75000  
[  5]  51.00-52.00  sec  84.6 MBytes   710 Mbits/sec  75310  
[  5]  52.00-53.00  sec  84.5 MBytes   709 Mbits/sec  75200  
[  5]  53.00-54.00  sec  84.2 MBytes   706 Mbits/sec  74930  
[  5]  54.00-55.00  sec  83.8 MBytes   703 Mbits/sec  74610  
[  5]  55.00-56.00  sec  84.5 MBytes   709 Mbits/sec  75210  
[  5]  56.00-57.00  sec  84.6 MBytes   710 Mbits/sec  75300  
[  5]  57.00-58.00  sec  84.6 MBytes   710 Mbits/sec  75340  
[  5]  58.00-59.00  sec  84.2 MBytes   707 Mbits/sec  74980  
[  5]  59.00-60.00  sec  84.1 MBytes   706 Mbits/sec  74900  
- - - - - - - - - - - - - - - - - - - - - - - - -
[ ID] Interval           Transfer     Bitrate         Jitter    Lost/Total Datagrams
[  5]   0.00-60.00  sec  4.91 GBytes   703 Mbits/sec  0.000 ms  0/4473360 (0%)  sender
[  5]   0.00-60.96  sec   270 MBytes  37.2 Mbits/sec  0.023 ms  4296790/4467301 (96%)  receiver

iperf Done.
