Connecting to host 10.136.80.187, port 5201
[  5] local 10.136.173.109 port 58504 connected to 10.136.80.187 port 5201
[ ID] Interval           Transfer     Bitrate         Retr  Cwnd
[  5]   0.00-1.00   sec   178 KBytes  1.46 Mbits/sec    0   46.0 KBytes       (omitted)
[  5]   0.00-1.00   sec  2.58 MBytes  21.6 Mbits/sec    0    736 KBytes       
[  5]   1.00-2.00   sec  2.50 MBytes  21.0 Mbits/sec  879    597 KBytes       
[  5]   2.00-3.00   sec  5.00 MBytes  42.0 Mbits/sec  979   1.12 MBytes       
[  5]   3.00-4.00   sec  5.00 MBytes  42.0 Mbits/sec  144    928 KBytes       
[  5]   4.00-5.00   sec  3.75 MBytes  31.5 Mbits/sec    0    996 KBytes       
[  5]   5.00-6.00   sec  3.75 MBytes  31.5 Mbits/sec    0   1.02 MBytes       
[  5]   6.00-7.00   sec  3.75 MBytes  31.5 Mbits/sec    0   1.05 MBytes       
[  5]   7.00-8.00   sec  5.00 MBytes  41.9 Mbits/sec    0   1.08 MBytes       
[  5]   8.00-9.00   sec  3.75 MBytes  31.5 Mbits/sec    0   1.09 MBytes       
[  5]   9.00-10.00  sec  5.00 MBytes  41.9 Mbits/sec    0   1.09 MBytes       
[  5]  10.00-11.00  sec  3.75 MBytes  31.5 Mbits/sec    0   1.09 MBytes       
[  5]  11.00-12.00  sec  5.00 MBytes  41.9 Mbits/sec    0   1.09 MBytes       
[  5]  12.00-13.00  sec  3.75 MBytes  31.5 Mbits/sec    0   1.10 MBytes       
[  5]  13.00-14.00  sec  5.00 MBytes  41.9 Mbits/sec    0   1.10 MBytes       
[  5]  14.00-15.00  sec  3.75 MBytes  31.5 Mbits/sec    0   1.11 MBytes       
[  5]  15.00-16.00  sec  3.75 MBytes  31.5 Mbits/sec    5    808 KBytes       
[  5]  16.00-17.00  sec  3.75 MBytes  31.5 Mbits/sec    0    896 KBytes       
[  5]  17.00-18.00  sec  3.75 MBytes  31.5 Mbits/sec    0    979 KBytes       
[  5]  18.00-19.00  sec  3.75 MBytes  31.5 Mbits/sec    0   1.02 MBytes       
[  5]  19.00-20.00  sec  3.75 MBytes  31.5 Mbits/sec    0   1.06 MBytes       
[  5]  20.00-21.00  sec  5.00 MBytes  42.0 Mbits/sec    0   1.09 MBytes       
[  5]  21.00-22.00  sec  3.75 MBytes  31.5 Mbits/sec    5    793 KBytes       
[  5]  22.00-23.00  sec  3.75 MBytes  31.5 Mbits/sec    0    855 KBytes       
[  5]  23.00-24.00  sec  3.75 MBytes  31.5 Mbits/sec    0    900 KBytes       
[  5]  24.00-25.00  sec  2.50 MBytes  21.0 Mbits/sec    0    930 KBytes       
[  5]  25.00-26.00  sec  3.75 MBytes  31.5 Mbits/sec    0    949 KBytes       
[  5]  26.00-27.00  sec  3.75 MBytes  31.5 Mbits/sec    0    959 KBytes       
[  5]  27.00-28.00  sec  3.75 MBytes  31.5 Mbits/sec    0    963 KBytes       
[  5]  28.00-29.00  sec  3.75 MBytes  31.5 Mbits/sec    0    963 KBytes       
[  5]  29.00-30.00  sec  3.75 MBytes  31.5 Mbits/sec    0    963 KBytes       
[  5]  30.00-31.00  sec  3.75 MBytes  31.5 Mbits/sec    0    966 KBytes       
[  5]  31.00-32.00  sec  3.75 MBytes  31.5 Mbits/sec    0    973 KBytes       
[  5]  32.00-33.00  sec  3.75 MBytes  31.5 Mbits/sec    0    989 KBytes       
[  5]  33.00-34.00  sec  5.00 MBytes  42.0 Mbits/sec    0   1016 KBytes       
[  5]  34.00-35.00  sec  3.75 MBytes  31.5 Mbits/sec    0   1.03 MBytes       
[  5]  35.00-36.00  sec  3.75 MBytes  31.5 Mbits/sec    0   1.09 MBytes       
[  5]  36.00-37.00  sec  3.75 MBytes  31.5 Mbits/sec    9   1.01 MBytes       
[  5]  37.00-38.00  sec  3.75 MBytes  31.5 Mbits/sec   17    884 KBytes       
[  5]  38.00-39.00  sec  3.75 MBytes  31.5 Mbits/sec    0    976 KBytes       
[  5]  39.00-40.00  sec  3.75 MBytes  31.5 Mbits/sec    0   1.02 MBytes       
[  5]  40.00-41.00  sec  5.00 MBytes  42.0 Mbits/sec    0   1.07 MBytes       
[  5]  41.00-42.00  sec  2.50 MBytes  21.0 Mbits/sec    8    787 KBytes       
[  5]  42.00-43.00  sec  5.00 MBytes  42.0 Mbits/sec    0    848 KBytes       
[  5]  43.00-44.00  sec  2.50 MBytes  21.0 Mbits/sec    0    893 KBytes       
[  5]  44.00-45.00  sec  3.75 MBytes  31.5 Mbits/sec    0    923 KBytes       
[  5]  45.00-46.00  sec  3.75 MBytes  31.5 Mbits/sec    0    941 KBytes       
[  5]  46.00-47.00  sec  3.75 MBytes  31.5 Mbits/sec    0    951 KBytes       
[  5]  47.00-48.00  sec  3.75 MBytes  31.5 Mbits/sec    0    955 KBytes       
[  5]  48.00-49.00  sec  3.75 MBytes  31.5 Mbits/sec    0    955 KBytes       
[  5]  49.00-50.00  sec  3.75 MBytes  31.5 Mbits/sec    0    955 KBytes       
[  5]  50.00-51.00  sec  3.75 MBytes  31.5 Mbits/sec    0    958 KBytes       
[  5]  51.00-52.00  sec  3.75 MBytes  31.5 Mbits/sec    0    965 KBytes       
[  5]  52.00-53.00  sec  3.75 MBytes  31.5 Mbits/sec    0    981 KBytes       
[  5]  53.00-54.00  sec  3.75 MBytes  31.5 Mbits/sec    0   1008 KBytes       
[  5]  54.00-55.00  sec  3.75 MBytes  31.5 Mbits/sec    0   1.02 MBytes       
[  5]  55.00-56.00  sec  3.75 MBytes  31.5 Mbits/sec    0   1.08 MBytes       
[  5]  56.00-57.00  sec  5.00 MBytes  42.0 Mbits/sec    6   1.06 MBytes       
[  5]  57.00-58.00  sec  3.75 MBytes  31.5 Mbits/sec   18    879 KBytes       
[  5]  58.00-59.00  sec  2.50 MBytes  21.0 Mbits/sec    0    970 KBytes       
[  5]  59.00-60.00  sec  5.00 MBytes  42.0 Mbits/sec    0   1.02 MBytes       
- - - - - - - - - - - - - - - - - - - - - - - - -
[ ID] Interval           Transfer     Bitrate         Retr
[  5]   0.00-60.00  sec   233 MBytes  32.5 Mbits/sec  2070             sender
[  5]   0.00-60.25  sec   230 MBytes  32.1 Mbits/sec                  receiver

iperf Done.
