Connecting to host 10.136.80.140, port 5201
[  5] local 10.136.173.76 port 36211 connected to 10.136.80.140 port 5201
[ ID] Interval           Transfer     Bitrate         Total Datagrams
[  5]   0.00-1.00   sec  61.1 MBytes   512 Mbits/sec  54370  (omitted)
[  5]   0.00-1.00   sec  55.6 MBytes   466 Mbits/sec  49450  
[  5]   1.00-2.00   sec  59.3 MBytes   497 Mbits/sec  52770  
[  5]   2.00-3.00   sec  45.9 MBytes   385 Mbits/sec  40830  
[  5]   3.00-4.00   sec  55.3 MBytes   464 Mbits/sec  49190  
[  5]   4.00-5.00   sec  55.6 MBytes   466 Mbits/sec  49450  
[  5]   5.00-6.00   sec  57.2 MBytes   480 Mbits/sec  50960  
[  5]   6.00-7.00   sec  55.6 MBytes   466 Mbits/sec  49490  
[  5]   7.00-8.00   sec  52.6 MBytes   441 Mbits/sec  46830  
[  5]   8.00-9.00   sec  57.2 MBytes   480 Mbits/sec  50910  
[  5]   9.00-10.00  sec  57.7 MBytes   484 Mbits/sec  51330  
[  5]  10.00-11.00  sec  45.7 MBytes   383 Mbits/sec  40670  
[  5]  11.00-12.00  sec  55.1 MBytes   462 Mbits/sec  49080  
[  5]  12.00-13.00  sec  56.4 MBytes   473 Mbits/sec  50230  
[  5]  13.00-14.00  sec  59.0 MBytes   495 Mbits/sec  52480  
[  5]  14.00-15.00  sec  56.0 MBytes   470 Mbits/sec  49860  
[  5]  15.00-16.00  sec  55.5 MBytes   465 Mbits/sec  49370  
[  5]  16.00-17.00  sec  57.3 MBytes   480 Mbits/sec  50980  
[  5]  17.00-18.00  sec  51.0 MBytes   428 Mbits/sec  45430  
[  5]  18.00-19.00  sec  57.6 MBytes   483 Mbits/sec  51310  
[  5]  19.00-20.00  sec  57.2 MBytes   480 Mbits/sec  50930  
[  5]  20.00-21.00  sec  44.9 MBytes   377 Mbits/sec  39990  
[  5]  21.00-22.00  sec  53.7 MBytes   451 Mbits/sec  47810  
[  5]  22.00-23.00  sec  58.8 MBytes   493 Mbits/sec  52330  
[  5]  23.00-24.00  sec  50.2 MBytes   421 Mbits/sec  44720  
[  5]  24.00-25.00  sec  61.0 MBytes   512 Mbits/sec  54280  
[  5]  25.00-26.00  sec  52.4 MBytes   440 Mbits/sec  46670  
[  5]  26.00-27.00  sec  54.3 MBytes   456 Mbits/sec  48370  
[  5]  27.00-28.00  sec  56.0 MBytes   470 Mbits/sec  49820  
[  5]  28.00-29.00  sec  55.0 MBytes   461 Mbits/sec  48960  
[  5]  29.00-30.00  sec  56.1 MBytes   471 Mbits/sec  49950  
[  5]  30.00-31.00  sec  58.9 MBytes   494 Mbits/sec  52450  
[  5]  31.00-32.00  sec  56.1 MBytes   471 Mbits/sec  49940  
[  5]  32.00-33.00  sec  58.3 MBytes   489 Mbits/sec  51860  
[  5]  33.00-34.00  sec  58.0 MBytes   486 Mbits/sec  51590  
[  5]  34.00-35.00  sec  56.9 MBytes   478 Mbits/sec  50670  
[  5]  35.00-36.00  sec  51.8 MBytes   435 Mbits/sec  46150  
[  5]  36.00-37.00  sec  54.9 MBytes   461 Mbits/sec  48900  
[  5]  37.00-38.00  sec  56.5 MBytes   474 Mbits/sec  50320  
[  5]  38.00-39.00  sec  53.5 MBytes   449 Mbits/sec  47630  
[  5]  39.00-40.00  sec  55.4 MBytes   465 Mbits/sec  49300  
[  5]  40.00-41.00  sec  60.9 MBytes   511 Mbits/sec  54230  
[  5]  41.00-42.00  sec  48.9 MBytes   410 Mbits/sec  43550  
[  5]  42.00-43.00  sec  60.9 MBytes   510 Mbits/sec  54170  
[  5]  43.00-44.00  sec  62.6 MBytes   525 Mbits/sec  55740  
[  5]  44.00-45.00  sec  51.6 MBytes   433 Mbits/sec  45900  
[  5]  45.00-46.00  sec  50.6 MBytes   425 Mbits/sec  45050  
[  5]  46.00-47.00  sec  57.2 MBytes   480 Mbits/sec  50940  
[  5]  47.00-48.00  sec  52.6 MBytes   441 Mbits/sec  46780  
[  5]  48.00-49.00  sec  60.1 MBytes   504 Mbits/sec  53530  
[  5]  49.00-50.00  sec  54.8 MBytes   460 Mbits/sec  48780  
[  5]  50.00-51.00  sec  58.4 MBytes   490 Mbits/sec  52010  
[  5]  51.00-52.00  sec  51.1 MBytes   428 Mbits/sec  45470  
[  5]  52.00-53.00  sec  55.5 MBytes   465 Mbits/sec  49390  
[  5]  53.00-54.00  sec  59.1 MBytes   496 Mbits/sec  52630  
[  5]  54.00-55.00  sec  46.6 MBytes   390 Mbits/sec  41440  
[  5]  55.00-56.00  sec  51.5 MBytes   432 Mbits/sec  45880  
[  5]  56.00-57.00  sec  55.5 MBytes   466 Mbits/sec  49430  
[  5]  57.00-58.00  sec  59.0 MBytes   495 Mbits/sec  52510  
[  5]  58.00-59.00  sec  45.6 MBytes   383 Mbits/sec  40620  
[  5]  59.00-60.00  sec  53.3 MBytes   447 Mbits/sec  47440  
- - - - - - - - - - - - - - - - - - - - - - - - -
[ ID] Interval           Transfer     Bitrate         Jitter    Lost/Total Datagrams
[  5]   0.00-60.00  sec  3.22 GBytes   462 Mbits/sec  0.000 ms  0/2938750 (0%)  sender
[  5]   0.00-60.21  sec  1.94 GBytes   277 Mbits/sec  0.026 ms  1205120/2938750 (41%)  receiver

iperf Done.
