Connecting to host 10.136.80.149, port 5201
[  5] local 10.136.173.119 port 35567 connected to 10.136.80.149 port 5201
[ ID] Interval           Transfer     Bitrate         Total Datagrams
[  5]   0.00-1.00   sec  82.7 MBytes   693 Mbits/sec  73570  (omitted)
[  5]   0.00-1.00   sec  80.9 MBytes   678 Mbits/sec  71980  
[  5]   1.00-2.00   sec  80.9 MBytes   679 Mbits/sec  72050  
[  5]   2.00-3.00   sec  80.5 MBytes   675 Mbits/sec  71670  
[  5]   3.00-4.00   sec  83.0 MBytes   696 Mbits/sec  73840  
[  5]   4.00-5.00   sec  82.7 MBytes   693 Mbits/sec  73580  
[  5]   5.00-6.00   sec  82.6 MBytes   693 Mbits/sec  73510  
[  5]   6.00-7.00   sec  81.2 MBytes   681 Mbits/sec  72280  
[  5]   7.00-8.00   sec  68.1 MBytes   571 Mbits/sec  60610  
[  5]   8.00-9.00   sec  67.6 MBytes   567 Mbits/sec  60160  
[  5]   9.00-10.00  sec  73.0 MBytes   612 Mbits/sec  64940  
[  5]  10.00-11.00  sec  80.9 MBytes   679 Mbits/sec  72010  
[  5]  11.00-12.00  sec  80.8 MBytes   678 Mbits/sec  71950  
[  5]  12.00-13.00  sec  80.4 MBytes   674 Mbits/sec  71570  
[  5]  13.00-14.00  sec  81.2 MBytes   681 Mbits/sec  72300  
[  5]  14.00-15.00  sec  80.9 MBytes   678 Mbits/sec  71970  
[  5]  15.00-16.00  sec  81.6 MBytes   684 Mbits/sec  72630  
[  5]  16.00-17.00  sec  80.6 MBytes   676 Mbits/sec  71750  
[  5]  17.00-18.00  sec  80.8 MBytes   678 Mbits/sec  71910  
[  5]  18.00-19.00  sec  80.8 MBytes   678 Mbits/sec  71890  
[  5]  19.00-20.00  sec  81.4 MBytes   682 Mbits/sec  72420  
[  5]  20.00-21.00  sec  81.3 MBytes   682 Mbits/sec  72380  
[  5]  21.00-22.00  sec  81.8 MBytes   686 Mbits/sec  72800  
[  5]  22.00-23.00  sec  81.0 MBytes   679 Mbits/sec  72060  
[  5]  23.00-24.00  sec  81.4 MBytes   683 Mbits/sec  72460  
[  5]  24.00-25.00  sec  81.4 MBytes   683 Mbits/sec  72420  
[  5]  25.00-26.00  sec  81.1 MBytes   680 Mbits/sec  72160  
[  5]  26.00-27.00  sec  80.5 MBytes   675 Mbits/sec  71680  
[  5]  27.00-28.00  sec  80.3 MBytes   674 Mbits/sec  71470  
[  5]  28.00-29.00  sec  80.3 MBytes   673 Mbits/sec  71450  
[  5]  29.00-30.00  sec  80.8 MBytes   677 Mbits/sec  71880  
[  5]  30.00-31.00  sec  81.7 MBytes   685 Mbits/sec  72710  
[  5]  31.00-32.00  sec  80.0 MBytes   671 Mbits/sec  71170  
[  5]  32.00-33.00  sec  80.4 MBytes   674 Mbits/sec  71570  
[  5]  33.00-34.00  sec  80.0 MBytes   671 Mbits/sec  71210  
[  5]  34.00-35.00  sec  79.1 MBytes   664 Mbits/sec  70440  
[  5]  35.00-36.00  sec  79.8 MBytes   669 Mbits/sec  71000  
[  5]  36.00-37.00  sec  79.0 MBytes   663 Mbits/sec  70340  
[  5]  37.00-38.00  sec  78.8 MBytes   661 Mbits/sec  70120  
[  5]  38.00-39.00  sec  79.2 MBytes   664 Mbits/sec  70480  
[  5]  39.00-40.00  sec  81.7 MBytes   685 Mbits/sec  72700  
[  5]  40.00-41.00  sec  77.5 MBytes   650 Mbits/sec  68960  
[  5]  41.00-42.00  sec  65.8 MBytes   552 Mbits/sec  58550  
[  5]  42.00-43.00  sec  65.1 MBytes   547 Mbits/sec  57990  
[  5]  43.00-44.00  sec  67.1 MBytes   563 Mbits/sec  59690  
[  5]  44.00-45.00  sec  66.7 MBytes   560 Mbits/sec  59380  
[  5]  45.00-46.00  sec  67.2 MBytes   563 Mbits/sec  59790  
[  5]  46.00-47.00  sec  66.0 MBytes   554 Mbits/sec  58780  
[  5]  47.00-48.00  sec  65.1 MBytes   546 Mbits/sec  57980  
[  5]  48.00-49.00  sec  65.5 MBytes   549 Mbits/sec  58310  
[  5]  49.00-50.00  sec  66.2 MBytes   555 Mbits/sec  58940  
[  5]  50.00-51.00  sec  64.5 MBytes   541 Mbits/sec  57370  
[  5]  51.00-52.00  sec  65.1 MBytes   546 Mbits/sec  57960  
[  5]  52.00-53.00  sec  63.5 MBytes   532 Mbits/sec  56490  
[  5]  53.00-54.00  sec  64.7 MBytes   543 Mbits/sec  57610  
[  5]  54.00-55.00  sec  66.1 MBytes   554 Mbits/sec  58800  
[  5]  55.00-56.00  sec  67.2 MBytes   564 Mbits/sec  59800  
[  5]  56.00-57.00  sec  65.8 MBytes   552 Mbits/sec  58560  
[  5]  57.00-58.00  sec  66.5 MBytes   557 Mbits/sec  59150  
[  5]  58.00-59.00  sec  66.1 MBytes   554 Mbits/sec  58810  
[  5]  59.00-60.00  sec  73.3 MBytes   615 Mbits/sec  65240  
- - - - - - - - - - - - - - - - - - - - - - - - -
[ ID] Interval           Transfer     Bitrate         Jitter    Lost/Total Datagrams
[  5]   0.00-60.00  sec  4.43 GBytes   634 Mbits/sec  0.000 ms  0/4035680 (0%)  sender
[  5]   0.00-60.04  sec  4.43 GBytes   633 Mbits/sec  0.014 ms  3921/4035650 (0.097%)  receiver

iperf Done.
