Connecting to host knb-server-374482, port 5201
[  5] local 10.136.173.102 port 46062 connected to 10.43.33.189 port 5201
[ ID] Interval           Transfer     Bitrate         Total Datagrams
[  5]   0.00-1.00   sec  68.2 MBytes   572 Mbits/sec  60720  (omitted)
[  5]   0.00-1.00   sec  68.3 MBytes   573 Mbits/sec  60830  
[  5]   1.00-2.00   sec  72.7 MBytes   610 Mbits/sec  64690  
[  5]   2.00-3.00   sec  73.5 MBytes   617 Mbits/sec  65430  
[  5]   3.00-4.00   sec  72.9 MBytes   611 Mbits/sec  64860  
[  5]   4.00-5.00   sec  70.1 MBytes   588 Mbits/sec  62360  
[  5]   5.00-6.00   sec  53.1 MBytes   445 Mbits/sec  47260  
[  5]   6.00-7.00   sec  52.0 MBytes   436 Mbits/sec  46280  
[  5]   7.00-8.00   sec  52.5 MBytes   440 Mbits/sec  46730  
[  5]   8.00-9.00   sec  63.3 MBytes   531 Mbits/sec  56360  
[  5]   9.00-10.00  sec  74.0 MBytes   620 Mbits/sec  65830  
[  5]  10.00-11.00  sec  73.9 MBytes   620 Mbits/sec  65790  
[  5]  11.00-12.00  sec  74.7 MBytes   627 Mbits/sec  66510  
[  5]  12.00-13.00  sec  74.3 MBytes   624 Mbits/sec  66180  
[  5]  13.00-14.00  sec  72.0 MBytes   604 Mbits/sec  64070  
[  5]  14.00-15.00  sec  71.9 MBytes   603 Mbits/sec  64030  
[  5]  15.00-16.00  sec  73.7 MBytes   618 Mbits/sec  65590  
[  5]  16.00-17.00  sec  73.5 MBytes   617 Mbits/sec  65440  
[  5]  17.00-18.00  sec  71.3 MBytes   598 Mbits/sec  63440  
[  5]  18.00-19.00  sec  72.6 MBytes   609 Mbits/sec  64630  
[  5]  19.00-20.00  sec  71.7 MBytes   602 Mbits/sec  63840  
[  5]  20.00-21.00  sec  72.6 MBytes   609 Mbits/sec  64660  
[  5]  21.00-22.00  sec  72.5 MBytes   608 Mbits/sec  64510  
[  5]  22.00-23.00  sec  72.8 MBytes   611 Mbits/sec  64810  
[  5]  23.00-24.00  sec  72.4 MBytes   607 Mbits/sec  64410  
[  5]  24.00-25.00  sec  72.6 MBytes   609 Mbits/sec  64600  
[  5]  25.00-26.00  sec  73.9 MBytes   620 Mbits/sec  65760  
[  5]  26.00-27.00  sec  71.5 MBytes   599 Mbits/sec  63600  
[  5]  27.00-28.00  sec  67.6 MBytes   567 Mbits/sec  60160  
[  5]  28.00-29.00  sec  71.4 MBytes   599 Mbits/sec  63530  
[  5]  29.00-30.00  sec  72.2 MBytes   606 Mbits/sec  64290  
[  5]  30.00-31.00  sec  72.3 MBytes   606 Mbits/sec  64330  
[  5]  31.00-32.00  sec  72.1 MBytes   605 Mbits/sec  64200  
[  5]  32.00-33.00  sec  73.1 MBytes   613 Mbits/sec  65100  
[  5]  33.00-34.00  sec  74.3 MBytes   624 Mbits/sec  66170  
[  5]  34.00-35.00  sec  72.7 MBytes   610 Mbits/sec  64740  
[  5]  35.00-36.00  sec  72.7 MBytes   609 Mbits/sec  64670  
[  5]  36.00-37.00  sec  72.5 MBytes   608 Mbits/sec  64530  
[  5]  37.00-38.00  sec  74.6 MBytes   625 Mbits/sec  66360  
[  5]  38.00-39.00  sec  69.8 MBytes   586 Mbits/sec  62130  
[  5]  39.00-40.00  sec  71.7 MBytes   602 Mbits/sec  63830  
[  5]  40.00-41.00  sec  74.8 MBytes   628 Mbits/sec  66600  
[  5]  41.00-42.00  sec  75.7 MBytes   635 Mbits/sec  67420  
[  5]  42.00-43.00  sec  74.7 MBytes   627 Mbits/sec  66510  
[  5]  43.00-44.00  sec  73.8 MBytes   619 Mbits/sec  65710  
[  5]  44.00-45.00  sec  72.8 MBytes   610 Mbits/sec  64760  
[  5]  45.00-46.00  sec  73.8 MBytes   619 Mbits/sec  65680  
[  5]  46.00-47.00  sec  72.7 MBytes   610 Mbits/sec  64730  
[  5]  47.00-48.00  sec  73.1 MBytes   614 Mbits/sec  65110  
[  5]  48.00-49.00  sec  73.9 MBytes   620 Mbits/sec  65750  
[  5]  49.00-50.00  sec  72.3 MBytes   606 Mbits/sec  64350  
[  5]  50.00-51.00  sec  72.4 MBytes   607 Mbits/sec  64450  
[  5]  51.00-52.00  sec  71.4 MBytes   599 Mbits/sec  63580  
[  5]  52.00-53.00  sec  73.2 MBytes   614 Mbits/sec  65180  
[  5]  53.00-54.00  sec  72.4 MBytes   608 Mbits/sec  64490  
[  5]  54.00-55.00  sec  72.5 MBytes   608 Mbits/sec  64550  
[  5]  55.00-56.00  sec  73.8 MBytes   619 Mbits/sec  65660  
[  5]  56.00-57.00  sec  69.2 MBytes   581 Mbits/sec  61600  
[  5]  57.00-58.00  sec  74.7 MBytes   627 Mbits/sec  66500  
[  5]  58.00-59.00  sec  71.9 MBytes   603 Mbits/sec  63980  
[  5]  59.00-60.00  sec  72.7 MBytes   610 Mbits/sec  64690  
- - - - - - - - - - - - - - - - - - - - - - - - -
[ ID] Interval           Transfer     Bitrate         Jitter    Lost/Total Datagrams
[  5]   0.00-60.00  sec  4.19 GBytes   600 Mbits/sec  0.000 ms  0/3817840 (0%)  sender
[  5]   0.00-60.10  sec  1.69 GBytes   242 Mbits/sec  0.007 ms  2310159/3817840 (61%)  receiver

iperf Done.
