Connecting to host 10.136.80.161, port 5201
[  5] local 10.136.173.97 port 36174 connected to 10.136.80.161 port 5201
[ ID] Interval           Transfer     Bitrate         Total Datagrams
[  5]   0.00-1.00   sec  74.8 MBytes   627 Mbits/sec  66560  (omitted)
[  5]   0.00-1.00   sec  75.5 MBytes   633 Mbits/sec  67220  
[  5]   1.00-2.00   sec  76.7 MBytes   643 Mbits/sec  68270  
[  5]   2.00-3.00   sec  76.3 MBytes   640 Mbits/sec  67950  
[  5]   3.00-4.00   sec  77.1 MBytes   647 Mbits/sec  68600  
[  5]   4.00-5.00   sec  77.8 MBytes   653 Mbits/sec  69250  
[  5]   5.00-6.00   sec  77.2 MBytes   647 Mbits/sec  68700  
[  5]   6.00-7.00   sec  77.3 MBytes   648 Mbits/sec  68770  
[  5]   7.00-8.00   sec  75.6 MBytes   634 Mbits/sec  67320  
[  5]   8.00-9.00   sec  78.1 MBytes   655 Mbits/sec  69550  
[  5]   9.00-10.00  sec  77.1 MBytes   647 Mbits/sec  68620  
[  5]  10.00-11.00  sec  77.3 MBytes   649 Mbits/sec  68840  
[  5]  11.00-12.00  sec  77.6 MBytes   651 Mbits/sec  69060  
[  5]  12.00-13.00  sec  77.3 MBytes   648 Mbits/sec  68790  
[  5]  13.00-14.00  sec  76.1 MBytes   639 Mbits/sec  67780  
[  5]  14.00-15.00  sec  77.1 MBytes   647 Mbits/sec  68630  
[  5]  15.00-16.00  sec  78.2 MBytes   656 Mbits/sec  69650  
[  5]  16.00-17.00  sec  79.1 MBytes   664 Mbits/sec  70440  
[  5]  17.00-18.00  sec  73.4 MBytes   616 Mbits/sec  65380  
[  5]  18.00-19.00  sec  78.0 MBytes   655 Mbits/sec  69450  
[  5]  19.00-20.00  sec  76.0 MBytes   638 Mbits/sec  67680  
[  5]  20.00-21.00  sec  75.3 MBytes   632 Mbits/sec  67030  
[  5]  21.00-22.00  sec  77.4 MBytes   650 Mbits/sec  68940  
[  5]  22.00-23.00  sec  77.4 MBytes   650 Mbits/sec  68930  
[  5]  23.00-24.00  sec  75.7 MBytes   635 Mbits/sec  67350  
[  5]  24.00-25.00  sec  76.9 MBytes   645 Mbits/sec  68430  
[  5]  25.00-26.00  sec  72.0 MBytes   604 Mbits/sec  64060  
[  5]  26.00-27.00  sec  77.6 MBytes   651 Mbits/sec  69040  
[  5]  27.00-28.00  sec  76.7 MBytes   643 Mbits/sec  68280  
[  5]  28.00-29.00  sec  77.5 MBytes   650 Mbits/sec  68980  
[  5]  29.00-30.00  sec  76.3 MBytes   640 Mbits/sec  67960  
[  5]  30.00-31.00  sec  76.6 MBytes   642 Mbits/sec  68140  
[  5]  31.00-32.00  sec  78.2 MBytes   656 Mbits/sec  69640  
[  5]  32.00-33.00  sec  76.0 MBytes   638 Mbits/sec  67680  
[  5]  33.00-34.00  sec  74.4 MBytes   624 Mbits/sec  66190  
[  5]  34.00-35.00  sec  76.4 MBytes   641 Mbits/sec  68010  
[  5]  35.00-36.00  sec  75.9 MBytes   636 Mbits/sec  67540  
[  5]  36.00-37.00  sec  77.7 MBytes   652 Mbits/sec  69160  
[  5]  37.00-38.00  sec  75.5 MBytes   634 Mbits/sec  67230  
[  5]  38.00-39.00  sec  76.0 MBytes   638 Mbits/sec  67650  
[  5]  39.00-40.00  sec  76.2 MBytes   639 Mbits/sec  67860  
[  5]  40.00-41.00  sec  76.3 MBytes   640 Mbits/sec  67920  
[  5]  41.00-42.00  sec  78.2 MBytes   656 Mbits/sec  69620  
[  5]  42.00-43.00  sec  75.8 MBytes   636 Mbits/sec  67490  
[  5]  43.00-44.00  sec  74.0 MBytes   621 Mbits/sec  65850  
[  5]  44.00-45.00  sec  78.1 MBytes   655 Mbits/sec  69500  
[  5]  45.00-46.00  sec  74.9 MBytes   628 Mbits/sec  66650  
[  5]  46.00-47.00  sec  77.5 MBytes   650 Mbits/sec  68950  
[  5]  47.00-48.00  sec  70.7 MBytes   593 Mbits/sec  62920  
[  5]  48.00-49.00  sec  70.2 MBytes   589 Mbits/sec  62530  
[  5]  49.00-50.00  sec  74.3 MBytes   624 Mbits/sec  66180  
[  5]  50.00-51.00  sec  77.1 MBytes   647 Mbits/sec  68640  
[  5]  51.00-52.00  sec  78.2 MBytes   656 Mbits/sec  69620  
[  5]  52.00-53.00  sec  77.6 MBytes   651 Mbits/sec  69100  
[  5]  53.00-54.00  sec  72.7 MBytes   610 Mbits/sec  64750  
[  5]  54.00-55.00  sec  56.8 MBytes   476 Mbits/sec  50520  
[  5]  55.00-56.00  sec  64.1 MBytes   538 Mbits/sec  57040  
[  5]  56.00-57.00  sec  67.9 MBytes   570 Mbits/sec  60450  
[  5]  57.00-58.00  sec  75.6 MBytes   634 Mbits/sec  67280  
[  5]  58.00-59.00  sec  76.4 MBytes   641 Mbits/sec  67980  
[  5]  59.00-60.00  sec  77.3 MBytes   648 Mbits/sec  68790  
- - - - - - - - - - - - - - - - - - - - - - - - -
[ ID] Interval           Transfer     Bitrate         Jitter    Lost/Total Datagrams
[  5]   0.00-60.00  sec  4.43 GBytes   635 Mbits/sec  0.000 ms  0/4039830 (0%)  sender
[  5]   0.00-60.26  sec  1.55 GBytes   222 Mbits/sec  0.610 ms  2639437/4022414 (66%)  receiver

iperf Done.
