Connecting to host 10.136.80.164, port 5201
[  5] local 10.136.173.100 port 48395 connected to 10.136.80.164 port 5201
[ ID] Interval           Transfer     Bitrate         Total Datagrams
[  5]   0.00-1.00   sec  55.9 MBytes   469 Mbits/sec  49800  (omitted)
[  5]   0.00-1.00   sec  57.2 MBytes   480 Mbits/sec  50940  
[  5]   1.00-2.00   sec  52.5 MBytes   440 Mbits/sec  46720  
[  5]   2.00-3.00   sec  56.5 MBytes   474 Mbits/sec  50290  
[  5]   3.00-4.00   sec  57.8 MBytes   485 Mbits/sec  51440  
[  5]   4.00-5.00   sec  59.1 MBytes   496 Mbits/sec  52590  
[  5]   5.00-6.00   sec  61.5 MBytes   515 Mbits/sec  54700  
[  5]   6.00-7.00   sec  59.1 MBytes   496 Mbits/sec  52590  
[  5]   7.00-8.00   sec  57.9 MBytes   486 Mbits/sec  51540  
[  5]   8.00-9.00   sec  57.2 MBytes   480 Mbits/sec  50920  
[  5]   9.00-10.00  sec  56.7 MBytes   475 Mbits/sec  50440  
[  5]  10.00-11.00  sec  58.4 MBytes   490 Mbits/sec  51970  
[  5]  11.00-12.00  sec  57.4 MBytes   481 Mbits/sec  51080  
[  5]  12.00-13.00  sec  60.2 MBytes   505 Mbits/sec  53600  
[  5]  13.00-14.00  sec  58.6 MBytes   492 Mbits/sec  52180  
[  5]  14.00-15.00  sec  59.6 MBytes   500 Mbits/sec  53030  
[  5]  15.00-16.00  sec  53.9 MBytes   452 Mbits/sec  48000  
[  5]  16.00-17.00  sec  51.5 MBytes   432 Mbits/sec  45880  
[  5]  17.00-18.00  sec  53.3 MBytes   448 Mbits/sec  47480  
[  5]  18.00-19.00  sec  59.7 MBytes   501 Mbits/sec  53170  
[  5]  19.00-20.00  sec  58.2 MBytes   488 Mbits/sec  51830  
[  5]  20.00-21.00  sec  58.8 MBytes   493 Mbits/sec  52360  
[  5]  21.00-22.00  sec  51.3 MBytes   430 Mbits/sec  45620  
[  5]  22.00-23.00  sec  52.6 MBytes   441 Mbits/sec  46800  
[  5]  23.00-24.00  sec  52.0 MBytes   436 Mbits/sec  46300  
[  5]  24.00-25.00  sec  57.4 MBytes   482 Mbits/sec  51110  
[  5]  25.00-26.00  sec  57.9 MBytes   486 Mbits/sec  51580  
[  5]  26.00-27.00  sec  53.3 MBytes   447 Mbits/sec  47420  
[  5]  27.00-28.00  sec  54.8 MBytes   460 Mbits/sec  48760  
[  5]  28.00-29.00  sec  51.6 MBytes   433 Mbits/sec  45900  
[  5]  29.00-30.00  sec  53.9 MBytes   452 Mbits/sec  47970  
[  5]  30.00-31.00  sec  55.3 MBytes   464 Mbits/sec  49250  
[  5]  31.00-32.00  sec  52.3 MBytes   439 Mbits/sec  46550  
[  5]  32.00-33.00  sec  42.6 MBytes   357 Mbits/sec  37910  
[  5]  33.00-34.00  sec  51.2 MBytes   429 Mbits/sec  45560  
[  5]  34.00-35.00  sec  45.4 MBytes   381 Mbits/sec  40420  
[  5]  35.00-36.00  sec  51.8 MBytes   435 Mbits/sec  46110  
[  5]  36.00-37.00  sec  56.6 MBytes   475 Mbits/sec  50390  
[  5]  37.00-38.00  sec  55.1 MBytes   462 Mbits/sec  49080  
[  5]  38.00-39.00  sec  53.6 MBytes   450 Mbits/sec  47750  
[  5]  39.00-40.00  sec  52.4 MBytes   439 Mbits/sec  46620  
[  5]  40.00-41.00  sec  55.0 MBytes   461 Mbits/sec  48960  
[  5]  41.00-42.00  sec  59.3 MBytes   497 Mbits/sec  52760  
[  5]  42.00-43.00  sec  55.4 MBytes   465 Mbits/sec  49320  
[  5]  43.00-44.00  sec  54.1 MBytes   454 Mbits/sec  48200  
[  5]  44.00-45.00  sec  54.4 MBytes   456 Mbits/sec  48380  
[  5]  45.00-46.00  sec  54.4 MBytes   457 Mbits/sec  48450  
[  5]  46.00-47.00  sec  56.7 MBytes   476 Mbits/sec  50510  
[  5]  47.00-48.00  sec  54.6 MBytes   458 Mbits/sec  48640  
[  5]  48.00-49.00  sec  61.3 MBytes   514 Mbits/sec  54570  
[  5]  49.00-50.00  sec  58.2 MBytes   488 Mbits/sec  51770  
[  5]  50.00-51.00  sec  58.4 MBytes   490 Mbits/sec  51950  
[  5]  51.00-52.00  sec  56.3 MBytes   472 Mbits/sec  50090  
[  5]  52.00-53.00  sec  56.0 MBytes   470 Mbits/sec  49860  
[  5]  53.00-54.00  sec  56.1 MBytes   471 Mbits/sec  49940  
[  5]  54.00-55.00  sec  58.5 MBytes   490 Mbits/sec  52050  
[  5]  55.00-56.00  sec  55.7 MBytes   468 Mbits/sec  49610  
[  5]  56.00-57.00  sec  55.3 MBytes   464 Mbits/sec  49200  
[  5]  57.00-58.00  sec  56.1 MBytes   471 Mbits/sec  49950  
[  5]  58.00-59.00  sec  55.9 MBytes   469 Mbits/sec  49780  
[  5]  59.00-60.00  sec  54.6 MBytes   458 Mbits/sec  48640  
- - - - - - - - - - - - - - - - - - - - - - - - -
[ ID] Interval           Transfer     Bitrate         Jitter    Lost/Total Datagrams
[  5]   0.00-60.00  sec  3.25 GBytes   466 Mbits/sec  0.000 ms  0/2966480 (0%)  sender
[  5]   0.00-60.05  sec  2.03 GBytes   290 Mbits/sec  0.038 ms  1137691/2966480 (38%)  receiver

iperf Done.
