Connecting to host 10.136.80.150, port 5201
[  5] local 10.136.173.70 port 43994 connected to 10.136.80.150 port 5201
[ ID] Interval           Transfer     Bitrate         Retr  Cwnd
[  5]   0.00-1.00   sec  10.8 MBytes  90.2 Mbits/sec  377   1.37 KBytes       (omitted)
[  5]   0.00-1.00   sec   754 KBytes  6.17 Mbits/sec   30   2.73 KBytes       
[  5]   1.00-2.00   sec  7.73 MBytes  64.8 Mbits/sec  306   2.73 KBytes       
[  5]   2.00-3.00   sec  1005 KBytes  8.23 Mbits/sec   45   1.37 KBytes       
[  5]   3.00-4.00   sec   377 KBytes  3.09 Mbits/sec   23   1.37 KBytes       
[  5]   4.00-5.00   sec  4.54 MBytes  38.1 Mbits/sec  198   1.37 KBytes       
[  5]   5.00-6.00   sec  7.48 MBytes  62.8 Mbits/sec  284   10.9 KBytes       
[  5]   6.00-7.00   sec  2.58 MBytes  21.6 Mbits/sec  110   2.73 KBytes       
[  5]   7.00-8.00   sec  6.50 MBytes  54.5 Mbits/sec  265   2.73 KBytes       
[  5]   8.00-9.00   sec  5.76 MBytes  48.4 Mbits/sec  219   2.73 KBytes       
[  5]   9.00-10.00  sec  4.54 MBytes  38.1 Mbits/sec  152   6.83 KBytes       
[  5]  10.00-11.00  sec  4.17 MBytes  35.0 Mbits/sec  165   2.73 KBytes       
[  5]  11.00-12.00  sec  2.21 MBytes  18.5 Mbits/sec   96   2.73 KBytes       
[  5]  12.00-13.00  sec  4.78 MBytes  40.1 Mbits/sec  170   1.37 KBytes       
[  5]  13.00-14.00  sec  2.58 MBytes  21.6 Mbits/sec  100   2.73 KBytes       
[  5]  14.00-15.00  sec   251 KBytes  2.06 Mbits/sec   26   1.37 KBytes       
[  5]  15.00-16.00  sec  1.72 MBytes  14.4 Mbits/sec   58   1.37 KBytes       
[  5]  16.00-17.00  sec  3.68 MBytes  30.9 Mbits/sec  157   2.73 KBytes       
[  5]  17.00-18.00  sec  3.68 MBytes  30.9 Mbits/sec  160   1.37 KBytes       
[  5]  18.00-19.00  sec  3.80 MBytes  31.9 Mbits/sec  176   2.73 KBytes       
[  5]  19.00-20.00  sec  7.48 MBytes  62.8 Mbits/sec  289   10.9 KBytes       
[  5]  20.00-21.00  sec  3.80 MBytes  31.9 Mbits/sec  164   4.10 KBytes       
[  5]  21.00-22.00  sec  4.66 MBytes  39.1 Mbits/sec  177   1.37 KBytes       
[  5]  22.00-23.00  sec  3.56 MBytes  29.9 Mbits/sec  145   1.37 KBytes       
[  5]  23.00-24.00  sec  3.93 MBytes  32.9 Mbits/sec  194   6.83 KBytes       
[  5]  24.00-25.00  sec  2.82 MBytes  23.7 Mbits/sec  117   2.73 KBytes       
[  5]  25.00-26.00  sec  7.48 MBytes  62.8 Mbits/sec  295   1.37 KBytes       
[  5]  26.00-27.00  sec  2.33 MBytes  19.5 Mbits/sec   93   1.37 KBytes       
[  5]  27.00-28.00  sec  2.45 MBytes  20.6 Mbits/sec   97   1.37 KBytes       
[  5]  28.00-29.00  sec  4.29 MBytes  36.0 Mbits/sec  158   1.37 KBytes       
[  5]  29.00-30.00  sec  6.38 MBytes  53.5 Mbits/sec  253   2.73 KBytes       
[  5]  30.00-31.00  sec  2.70 MBytes  22.6 Mbits/sec  115   1.37 KBytes       
[  5]  31.00-32.00  sec  1005 KBytes  8.23 Mbits/sec   39   2.73 KBytes       
[  5]  32.00-33.00  sec  4.05 MBytes  34.0 Mbits/sec  164   8.19 KBytes       
[  5]  33.00-34.00  sec  5.64 MBytes  47.3 Mbits/sec  189   1.37 KBytes       
[  5]  34.00-35.00  sec  3.56 MBytes  29.8 Mbits/sec  147   1.37 KBytes       
[  5]  35.00-36.00  sec  3.56 MBytes  29.8 Mbits/sec  142   2.73 KBytes       
[  5]  36.00-37.00  sec  3.80 MBytes  31.9 Mbits/sec  152   2.73 KBytes       
[  5]  37.00-38.00  sec  2.45 MBytes  20.6 Mbits/sec  100   1.37 KBytes       
[  5]  38.00-39.00  sec  2.33 MBytes  19.6 Mbits/sec   86   2.73 KBytes       
[  5]  39.00-40.00  sec  4.66 MBytes  39.1 Mbits/sec  188   1.37 KBytes       
[  5]  40.00-41.00  sec  1.59 MBytes  13.4 Mbits/sec   75   4.10 KBytes       
[  5]  41.00-42.00  sec  6.01 MBytes  50.4 Mbits/sec  258   2.73 KBytes       
[  5]  42.00-43.00  sec   754 KBytes  6.17 Mbits/sec   25   1.37 KBytes       
[  5]  43.00-44.00  sec  6.13 MBytes  51.5 Mbits/sec  240   9.56 KBytes       
[  5]  44.00-45.00  sec  4.17 MBytes  35.0 Mbits/sec  178   1.37 KBytes       
[  5]  45.00-46.00  sec  5.89 MBytes  49.4 Mbits/sec  228   4.10 KBytes       
[  5]  46.00-47.00  sec  5.03 MBytes  42.2 Mbits/sec  213   15.0 KBytes       
[  5]  47.00-48.00  sec  1.47 MBytes  12.3 Mbits/sec   70   1.37 KBytes       
[  5]  48.00-49.00  sec  2.09 MBytes  17.5 Mbits/sec   89   1.37 KBytes       
[  5]  49.00-50.00  sec  4.54 MBytes  38.1 Mbits/sec  166   1.37 KBytes       
[  5]  50.00-51.00  sec  2.45 MBytes  20.6 Mbits/sec   91   2.73 KBytes       
[  5]  51.00-52.00  sec  1005 KBytes  8.23 Mbits/sec   41   12.3 KBytes       
[  5]  52.00-53.00  sec  3.19 MBytes  26.8 Mbits/sec  151   1.37 KBytes       
[  5]  53.00-54.00  sec  4.42 MBytes  37.0 Mbits/sec  191   2.73 KBytes       
[  5]  54.00-55.00  sec  1.10 MBytes  9.26 Mbits/sec   55   2.73 KBytes       
[  5]  55.00-56.00  sec  6.26 MBytes  52.5 Mbits/sec  245   2.73 KBytes       
[  5]  56.00-57.00  sec  7.24 MBytes  60.7 Mbits/sec  319   1.37 KBytes       
[  5]  57.00-58.00  sec  0.00 Bytes  0.00 Mbits/sec    7   1.37 KBytes       
[  5]  58.00-59.00  sec  2.82 MBytes  23.7 Mbits/sec  108   1.37 KBytes       
[  5]  59.00-60.00  sec  2.21 MBytes  18.5 Mbits/sec   83   2.73 KBytes       
- - - - - - - - - - - - - - - - - - - - - - - - -
[ ID] Interval           Transfer     Bitrate         Retr
[  5]   0.00-60.00  sec   219 MBytes  30.7 Mbits/sec  8877             sender
[  5]   0.00-60.04  sec   220 MBytes  30.7 Mbits/sec                  receiver

iperf Done.
