Connecting to host 10.136.80.166, port 5201
[  5] local 10.136.173.116 port 35046 connected to 10.136.80.166 port 5201
[ ID] Interval           Transfer     Bitrate         Total Datagrams
[  5]   0.00-1.00   sec  18.3 MBytes   153 Mbits/sec  16270  (omitted)
[  5]   0.00-1.00   sec  73.9 MBytes   620 Mbits/sec  65820  
[  5]   1.00-2.00   sec  73.3 MBytes   615 Mbits/sec  65240  
[  5]   2.00-3.00   sec  73.6 MBytes   617 Mbits/sec  65470  
[  5]   3.00-4.00   sec  71.8 MBytes   602 Mbits/sec  63890  
[  5]   4.00-5.00   sec  73.3 MBytes   615 Mbits/sec  65210  
[  5]   5.00-6.00   sec  61.2 MBytes   514 Mbits/sec  54500  
[  5]   6.00-7.00   sec  71.1 MBytes   596 Mbits/sec  63250  
[  5]   7.00-8.00   sec  71.0 MBytes   595 Mbits/sec  63190  
[  5]   8.00-9.00   sec  70.8 MBytes   594 Mbits/sec  62980  
[  5]   9.00-10.00  sec  71.0 MBytes   596 Mbits/sec  63220  
[  5]  10.00-11.00  sec  74.2 MBytes   622 Mbits/sec  66010  
[  5]  11.00-12.00  sec  73.0 MBytes   612 Mbits/sec  64980  
[  5]  12.00-13.00  sec  73.7 MBytes   618 Mbits/sec  65580  
[  5]  13.00-14.00  sec  71.2 MBytes   597 Mbits/sec  63390  
[  5]  14.00-15.00  sec  72.5 MBytes   609 Mbits/sec  64570  
[  5]  15.00-16.00  sec  70.2 MBytes   588 Mbits/sec  62450  
[  5]  16.00-17.00  sec  72.8 MBytes   611 Mbits/sec  64830  
[  5]  17.00-18.00  sec  72.6 MBytes   609 Mbits/sec  64620  
[  5]  18.00-19.00  sec  71.7 MBytes   602 Mbits/sec  63850  
[  5]  19.00-20.00  sec  70.2 MBytes   588 Mbits/sec  62450  
[  5]  20.00-21.00  sec  72.8 MBytes   610 Mbits/sec  64770  
[  5]  21.00-22.00  sec  73.2 MBytes   614 Mbits/sec  65170  
[  5]  22.00-23.00  sec  70.6 MBytes   592 Mbits/sec  62810  
[  5]  23.00-24.00  sec  74.5 MBytes   625 Mbits/sec  66280  
[  5]  24.00-25.00  sec  73.0 MBytes   613 Mbits/sec  65000  
[  5]  25.00-26.00  sec  71.5 MBytes   600 Mbits/sec  63680  
[  5]  26.00-27.00  sec  70.0 MBytes   587 Mbits/sec  62300  
[  5]  27.00-28.00  sec  70.0 MBytes   587 Mbits/sec  62300  
[  5]  28.00-29.00  sec  72.9 MBytes   611 Mbits/sec  64880  
[  5]  29.00-30.00  sec  72.1 MBytes   605 Mbits/sec  64210  
[  5]  30.00-31.00  sec  72.5 MBytes   608 Mbits/sec  64510  
[  5]  31.00-32.00  sec  68.5 MBytes   575 Mbits/sec  60980  
[  5]  32.00-33.00  sec  73.2 MBytes   614 Mbits/sec  65190  
[  5]  33.00-34.00  sec  72.6 MBytes   609 Mbits/sec  64660  
[  5]  34.00-35.00  sec  73.6 MBytes   617 Mbits/sec  65470  
[  5]  35.00-36.00  sec  71.3 MBytes   598 Mbits/sec  63500  
[  5]  36.00-37.00  sec  74.2 MBytes   623 Mbits/sec  66070  
[  5]  37.00-38.00  sec  67.3 MBytes   564 Mbits/sec  59870  
[  5]  38.00-39.00  sec  71.9 MBytes   603 Mbits/sec  64020  
[  5]  39.00-40.00  sec  68.3 MBytes   573 Mbits/sec  60820  
[  5]  40.00-41.00  sec  66.1 MBytes   554 Mbits/sec  58830  
[  5]  41.00-42.00  sec  64.7 MBytes   542 Mbits/sec  57570  
[  5]  42.00-43.00  sec  61.9 MBytes   519 Mbits/sec  55090  
[  5]  43.00-44.00  sec  72.8 MBytes   610 Mbits/sec  64770  
[  5]  44.00-45.00  sec  72.6 MBytes   609 Mbits/sec  64600  
[  5]  45.00-46.00  sec  65.1 MBytes   546 Mbits/sec  57990  
[  5]  46.00-47.00  sec  72.9 MBytes   611 Mbits/sec  64860  
[  5]  47.00-48.00  sec  60.1 MBytes   504 Mbits/sec  53500  
[  5]  48.00-49.00  sec  72.5 MBytes   608 Mbits/sec  64530  
[  5]  49.00-50.00  sec  67.5 MBytes   566 Mbits/sec  60040  
[  5]  50.00-51.00  sec  71.1 MBytes   596 Mbits/sec  63260  
[  5]  51.00-52.00  sec  72.6 MBytes   609 Mbits/sec  64630  
[  5]  52.00-53.00  sec  72.9 MBytes   612 Mbits/sec  64930  
[  5]  53.00-54.00  sec  71.5 MBytes   600 Mbits/sec  63630  
[  5]  54.00-55.00  sec  71.5 MBytes   600 Mbits/sec  63660  
[  5]  55.00-56.00  sec  62.7 MBytes   526 Mbits/sec  55790  
[  5]  56.00-57.00  sec  74.3 MBytes   623 Mbits/sec  66140  
[  5]  57.00-58.00  sec  72.4 MBytes   607 Mbits/sec  64470  
[  5]  58.00-59.00  sec  69.9 MBytes   586 Mbits/sec  62210  
[  5]  59.00-60.00  sec  71.8 MBytes   602 Mbits/sec  63890  
- - - - - - - - - - - - - - - - - - - - - - - - -
[ ID] Interval           Transfer     Bitrate         Jitter    Lost/Total Datagrams
[  5]   0.00-60.00  sec  4.15 GBytes   595 Mbits/sec  0.000 ms  0/3786380 (0%)  sender
[  5]   0.00-62.12  sec   267 MBytes  36.0 Mbits/sec  0.300 ms  3558429/3779554 (94%)  receiver

iperf Done.
