Connecting to host 10.136.80.166, port 5201
[  5] local 10.136.173.102 port 43630 connected to 10.136.80.166 port 5201
[ ID] Interval           Transfer     Bitrate         Total Datagrams
[  5]   0.00-1.00   sec  56.5 MBytes   474 Mbits/sec  50330  (omitted)
[  5]   0.00-1.00   sec  60.8 MBytes   510 Mbits/sec  54110  
[  5]   1.00-2.00   sec  60.7 MBytes   509 Mbits/sec  54020  
[  5]   2.00-3.00   sec  58.3 MBytes   489 Mbits/sec  51880  
[  5]   3.00-4.00   sec  51.6 MBytes   433 Mbits/sec  45900  
[  5]   4.00-5.00   sec  58.7 MBytes   493 Mbits/sec  52270  
[  5]   5.00-6.00   sec  57.7 MBytes   484 Mbits/sec  51320  
[  5]   6.00-7.00   sec  54.3 MBytes   456 Mbits/sec  48360  
[  5]   7.00-8.00   sec  51.5 MBytes   432 Mbits/sec  45880  
[  5]   8.00-9.00   sec  44.8 MBytes   376 Mbits/sec  39910  
[  5]   9.00-10.00  sec  43.8 MBytes   368 Mbits/sec  39030  
[  5]  10.00-11.00  sec  45.7 MBytes   383 Mbits/sec  40680  
[  5]  11.00-12.00  sec  55.3 MBytes   464 Mbits/sec  49190  
[  5]  12.00-13.00  sec  63.2 MBytes   530 Mbits/sec  56240  
[  5]  13.00-14.00  sec  55.3 MBytes   464 Mbits/sec  49220  
[  5]  14.00-15.00  sec  51.9 MBytes   435 Mbits/sec  46190  
[  5]  15.00-16.00  sec  58.1 MBytes   488 Mbits/sec  51740  
[  5]  16.00-17.00  sec  55.8 MBytes   468 Mbits/sec  49710  
[  5]  17.00-18.00  sec  57.0 MBytes   479 Mbits/sec  50770  
[  5]  18.00-19.00  sec  58.7 MBytes   493 Mbits/sec  52280  
[  5]  19.00-20.00  sec  57.8 MBytes   485 Mbits/sec  51460  
[  5]  20.00-21.00  sec  58.8 MBytes   493 Mbits/sec  52300  
[  5]  21.00-22.00  sec  52.9 MBytes   444 Mbits/sec  47120  
[  5]  22.00-23.00  sec  59.1 MBytes   496 Mbits/sec  52630  
[  5]  23.00-24.00  sec  55.8 MBytes   468 Mbits/sec  49630  
[  5]  24.00-25.00  sec  56.0 MBytes   470 Mbits/sec  49830  
[  5]  25.00-26.00  sec  58.4 MBytes   490 Mbits/sec  51990  
[  5]  26.00-27.00  sec  58.5 MBytes   491 Mbits/sec  52090  
[  5]  27.00-28.00  sec  57.7 MBytes   484 Mbits/sec  51400  
[  5]  28.00-29.00  sec  58.5 MBytes   491 Mbits/sec  52090  
[  5]  29.00-30.00  sec  55.5 MBytes   466 Mbits/sec  49410  
[  5]  30.00-31.00  sec  53.8 MBytes   451 Mbits/sec  47850  
[  5]  31.00-32.00  sec  50.0 MBytes   419 Mbits/sec  44520  
[  5]  32.00-33.00  sec  57.4 MBytes   482 Mbits/sec  51100  
[  5]  33.00-34.00  sec  60.7 MBytes   509 Mbits/sec  54040  
[  5]  34.00-35.00  sec  60.4 MBytes   507 Mbits/sec  53770  
[  5]  35.00-36.00  sec  50.1 MBytes   420 Mbits/sec  44560  
[  5]  36.00-37.00  sec  48.8 MBytes   409 Mbits/sec  43450  
[  5]  37.00-38.00  sec  55.1 MBytes   462 Mbits/sec  49070  
[  5]  38.00-39.00  sec  51.1 MBytes   429 Mbits/sec  45500  
[  5]  39.00-40.00  sec  56.2 MBytes   472 Mbits/sec  50040  
[  5]  40.00-41.00  sec  56.2 MBytes   471 Mbits/sec  50000  
[  5]  41.00-42.00  sec  59.0 MBytes   495 Mbits/sec  52480  
[  5]  42.00-43.00  sec  49.2 MBytes   413 Mbits/sec  43810  
[  5]  43.00-44.00  sec  55.8 MBytes   468 Mbits/sec  49630  
[  5]  44.00-45.00  sec  56.6 MBytes   474 Mbits/sec  50340  
[  5]  45.00-46.00  sec  59.3 MBytes   498 Mbits/sec  52810  
[  5]  46.00-47.00  sec  58.5 MBytes   490 Mbits/sec  52030  
[  5]  47.00-48.00  sec  60.0 MBytes   503 Mbits/sec  53370  
[  5]  48.00-49.00  sec  60.7 MBytes   509 Mbits/sec  54020  
[  5]  49.00-50.00  sec  59.3 MBytes   497 Mbits/sec  52770  
[  5]  50.00-51.00  sec  60.1 MBytes   504 Mbits/sec  53460  
[  5]  51.00-52.00  sec  53.8 MBytes   451 Mbits/sec  47900  
[  5]  52.00-53.00  sec  53.0 MBytes   444 Mbits/sec  47150  
[  5]  53.00-54.00  sec  49.9 MBytes   419 Mbits/sec  44440  
[  5]  54.00-55.00  sec  51.0 MBytes   428 Mbits/sec  45420  
[  5]  55.00-56.00  sec  58.1 MBytes   488 Mbits/sec  51750  
[  5]  56.00-57.00  sec  56.0 MBytes   470 Mbits/sec  49830  
[  5]  57.00-58.00  sec  61.2 MBytes   513 Mbits/sec  54450  
[  5]  58.00-59.00  sec  66.1 MBytes   554 Mbits/sec  58800  
[  5]  59.00-60.00  sec  57.2 MBytes   480 Mbits/sec  50940  
- - - - - - - - - - - - - - - - - - - - - - - - -
[ ID] Interval           Transfer     Bitrate         Jitter    Lost/Total Datagrams
[  5]   0.00-60.00  sec  3.28 GBytes   469 Mbits/sec  0.000 ms  0/2987950 (0%)  sender
[  5]   0.00-60.32  sec   270 MBytes  37.5 Mbits/sec  4.628 ms  2794980/2987949 (94%)  receiver

iperf Done.
