Connecting to host 10.136.80.154, port 5201
[  5] local 10.136.173.90 port 56640 connected to 10.136.80.154 port 5201
[ ID] Interval           Transfer     Bitrate         Retr  Cwnd
[  5]   0.00-1.00   sec  74.1 MBytes   622 Mbits/sec   21    260 KBytes       (omitted)
[  5]   0.00-1.00   sec  90.3 MBytes   757 Mbits/sec    0    421 KBytes       
[  5]   1.00-2.00   sec  68.5 MBytes   574 Mbits/sec   75    269 KBytes       
[  5]   2.00-3.00   sec  87.0 MBytes   730 Mbits/sec    8    251 KBytes       
[  5]   3.00-4.00   sec  85.1 MBytes   714 Mbits/sec   19    211 KBytes       
[  5]   4.00-5.00   sec  86.3 MBytes   724 Mbits/sec   15    250 KBytes       
[  5]   5.00-6.00   sec  84.5 MBytes   709 Mbits/sec   13    277 KBytes       
[  5]   6.00-7.00   sec  89.8 MBytes   753 Mbits/sec    6    339 KBytes       
[  5]   7.00-8.00   sec  88.7 MBytes   744 Mbits/sec   67    285 KBytes       
[  5]   8.00-9.00   sec  86.7 MBytes   725 Mbits/sec   32    228 KBytes       
[  5]   9.00-10.00  sec  84.8 MBytes   714 Mbits/sec   20    170 KBytes       
[  5]  10.00-11.00  sec  88.0 MBytes   738 Mbits/sec    9    311 KBytes       
[  5]  11.00-12.00  sec  85.9 MBytes   720 Mbits/sec   14    305 KBytes       
[  5]  12.00-13.00  sec  85.1 MBytes   714 Mbits/sec   59    259 KBytes       
[  5]  13.00-14.00  sec  86.9 MBytes   729 Mbits/sec   13    247 KBytes       
[  5]  14.00-15.00  sec  87.7 MBytes   735 Mbits/sec    0    413 KBytes       
[  5]  15.00-16.00  sec  88.2 MBytes   740 Mbits/sec   22    344 KBytes       
[  5]  16.00-17.00  sec  87.0 MBytes   730 Mbits/sec   17    225 KBytes       
[  5]  17.00-18.00  sec  86.8 MBytes   728 Mbits/sec    7    339 KBytes       
[  5]  18.00-19.00  sec  67.3 MBytes   564 Mbits/sec   22    194 KBytes       
[  5]  19.00-20.00  sec  79.8 MBytes   669 Mbits/sec   40    286 KBytes       
[  5]  20.00-21.00  sec  79.2 MBytes   664 Mbits/sec   32    118 KBytes       
[  5]  21.00-22.00  sec  79.8 MBytes   669 Mbits/sec   24    255 KBytes       
[  5]  22.00-23.01  sec  88.9 MBytes   742 Mbits/sec   17    308 KBytes       
[  5]  23.01-24.00  sec  81.2 MBytes   684 Mbits/sec   15    224 KBytes       
[  5]  24.00-25.00  sec  74.5 MBytes   625 Mbits/sec   29    212 KBytes       
[  5]  25.00-26.00  sec  83.6 MBytes   701 Mbits/sec   18    219 KBytes       
[  5]  26.00-27.00  sec  80.1 MBytes   672 Mbits/sec   15    296 KBytes       
[  5]  27.00-28.00  sec  82.7 MBytes   694 Mbits/sec   13    294 KBytes       
[  5]  28.00-29.00  sec  85.0 MBytes   713 Mbits/sec   14    292 KBytes       
[  5]  29.00-30.00  sec  85.3 MBytes   716 Mbits/sec   13    267 KBytes       
[  5]  30.00-31.00  sec  87.3 MBytes   732 Mbits/sec    7    375 KBytes       
[  5]  31.00-32.00  sec  86.9 MBytes   729 Mbits/sec   14    328 KBytes       
[  5]  32.00-33.00  sec  83.3 MBytes   699 Mbits/sec   15    276 KBytes       
[  5]  33.00-34.00  sec  85.9 MBytes   721 Mbits/sec    4    373 KBytes       
[  5]  34.00-35.00  sec  85.0 MBytes   713 Mbits/sec   15    332 KBytes       
[  5]  35.00-36.00  sec  87.7 MBytes   736 Mbits/sec   57    278 KBytes       
[  5]  36.00-37.00  sec  86.8 MBytes   728 Mbits/sec   48    332 KBytes       
[  5]  37.00-38.00  sec  79.2 MBytes   664 Mbits/sec   21    292 KBytes       
[  5]  38.00-39.00  sec  88.2 MBytes   740 Mbits/sec    6    345 KBytes       
[  5]  39.00-40.00  sec  86.7 MBytes   727 Mbits/sec   51    313 KBytes       
[  5]  40.00-41.00  sec  85.3 MBytes   715 Mbits/sec   41    280 KBytes       
[  5]  41.00-42.00  sec  82.9 MBytes   695 Mbits/sec   13    274 KBytes       
[  5]  42.00-43.00  sec  82.4 MBytes   692 Mbits/sec   21    243 KBytes       
[  5]  43.00-44.00  sec  87.9 MBytes   738 Mbits/sec    5    312 KBytes       
[  5]  44.00-45.00  sec  80.4 MBytes   674 Mbits/sec   20    261 KBytes       
[  5]  45.00-46.00  sec  87.1 MBytes   730 Mbits/sec   24    240 KBytes       
[  5]  46.00-47.00  sec  81.9 MBytes   687 Mbits/sec   15    268 KBytes       
[  5]  47.00-48.00  sec  80.9 MBytes   678 Mbits/sec   17    283 KBytes       
[  5]  48.00-49.00  sec  82.1 MBytes   688 Mbits/sec   21    278 KBytes       
[  5]  49.00-50.00  sec  84.7 MBytes   710 Mbits/sec   14    300 KBytes       
[  5]  50.00-51.00  sec  89.2 MBytes   748 Mbits/sec   12    237 KBytes       
[  5]  51.00-52.00  sec  79.2 MBytes   664 Mbits/sec   20    228 KBytes       
[  5]  52.00-53.00  sec  83.8 MBytes   703 Mbits/sec   22    288 KBytes       
[  5]  53.00-54.00  sec  86.2 MBytes   723 Mbits/sec    6    376 KBytes       
[  5]  54.00-55.00  sec  85.8 MBytes   720 Mbits/sec    7    384 KBytes       
[  5]  55.00-56.00  sec  87.6 MBytes   735 Mbits/sec   14    313 KBytes       
[  5]  56.00-57.00  sec  87.7 MBytes   736 Mbits/sec   20    216 KBytes       
[  5]  57.00-58.00  sec  85.0 MBytes   713 Mbits/sec   11    251 KBytes       
[  5]  58.00-59.00  sec  87.6 MBytes   734 Mbits/sec    7    301 KBytes       
[  5]  59.00-60.00  sec  86.0 MBytes   722 Mbits/sec   12    312 KBytes       
- - - - - - - - - - - - - - - - - - - - - - - - -
[ ID] Interval           Transfer     Bitrate         Retr
[  5]   0.00-60.00  sec  4.95 GBytes   708 Mbits/sec  1208             sender
[  5]   0.00-60.04  sec  4.95 GBytes   708 Mbits/sec                  receiver

iperf Done.
