Connecting to host 10.136.80.159, port 5201
[  5] local 10.136.173.96 port 36459 connected to 10.136.80.159 port 5201
[ ID] Interval           Transfer     Bitrate         Total Datagrams
[  5]   0.00-1.00   sec  72.1 MBytes   605 Mbits/sec  64220  (omitted)
[  5]   0.00-1.00   sec  76.8 MBytes   644 Mbits/sec  68390  
[  5]   1.00-2.00   sec  84.2 MBytes   706 Mbits/sec  74940  
[  5]   2.00-3.00   sec  80.0 MBytes   671 Mbits/sec  71190  
[  5]   3.00-4.00   sec  83.2 MBytes   698 Mbits/sec  74050  
[  5]   4.00-5.00   sec  83.3 MBytes   698 Mbits/sec  74110  
[  5]   5.00-6.00   sec  81.2 MBytes   681 Mbits/sec  72280  
[  5]   6.00-7.00   sec  82.6 MBytes   693 Mbits/sec  73520  
[  5]   7.00-8.00   sec  83.0 MBytes   696 Mbits/sec  73900  
[  5]   8.00-9.00   sec  82.8 MBytes   695 Mbits/sec  73710  
[  5]   9.00-10.00  sec  83.1 MBytes   697 Mbits/sec  73960  
[  5]  10.00-11.00  sec  83.9 MBytes   704 Mbits/sec  74710  
[  5]  11.00-12.00  sec  83.2 MBytes   698 Mbits/sec  74070  
[  5]  12.00-13.00  sec  82.0 MBytes   688 Mbits/sec  73020  
[  5]  13.00-14.00  sec  82.6 MBytes   693 Mbits/sec  73510  
[  5]  14.00-15.00  sec  82.9 MBytes   696 Mbits/sec  73800  
[  5]  15.00-16.00  sec  82.8 MBytes   694 Mbits/sec  73670  
[  5]  16.00-17.00  sec  82.7 MBytes   694 Mbits/sec  73630  
[  5]  17.00-18.00  sec  78.1 MBytes   655 Mbits/sec  69540  
[  5]  18.00-19.00  sec  81.9 MBytes   687 Mbits/sec  72930  
[  5]  19.00-20.00  sec  83.7 MBytes   702 Mbits/sec  74520  
[  5]  20.00-21.00  sec  83.3 MBytes   699 Mbits/sec  74140  
[  5]  21.00-22.00  sec  81.9 MBytes   687 Mbits/sec  72910  
[  5]  22.00-23.00  sec  80.3 MBytes   673 Mbits/sec  71440  
[  5]  23.00-24.00  sec  81.5 MBytes   683 Mbits/sec  72520  
[  5]  24.00-25.00  sec  81.9 MBytes   687 Mbits/sec  72910  
[  5]  25.00-26.00  sec  79.7 MBytes   669 Mbits/sec  70960  
[  5]  26.00-27.00  sec  81.2 MBytes   681 Mbits/sec  72260  
[  5]  27.00-28.00  sec  81.7 MBytes   685 Mbits/sec  72690  
[  5]  28.00-29.00  sec  82.6 MBytes   693 Mbits/sec  73500  
[  5]  29.00-30.00  sec  82.1 MBytes   689 Mbits/sec  73110  
[  5]  30.00-31.00  sec  82.5 MBytes   692 Mbits/sec  73410  
[  5]  31.00-32.00  sec  82.3 MBytes   690 Mbits/sec  73220  
[  5]  32.00-33.00  sec  81.0 MBytes   680 Mbits/sec  72140  
[  5]  33.00-34.00  sec  82.3 MBytes   690 Mbits/sec  73240  
[  5]  34.00-35.00  sec  82.2 MBytes   690 Mbits/sec  73180  
[  5]  35.00-36.00  sec  83.0 MBytes   696 Mbits/sec  73840  
[  5]  36.00-37.00  sec  81.3 MBytes   682 Mbits/sec  72380  
[  5]  37.00-38.00  sec  80.6 MBytes   676 Mbits/sec  71730  
[  5]  38.00-39.00  sec  82.8 MBytes   695 Mbits/sec  73710  
[  5]  39.00-40.00  sec  82.6 MBytes   693 Mbits/sec  73520  
[  5]  40.00-41.00  sec  82.5 MBytes   692 Mbits/sec  73420  
[  5]  41.00-42.00  sec  82.5 MBytes   692 Mbits/sec  73450  
[  5]  42.00-43.00  sec  81.2 MBytes   681 Mbits/sec  72280  
[  5]  43.00-44.00  sec  83.4 MBytes   700 Mbits/sec  74260  
[  5]  44.00-45.00  sec  82.9 MBytes   696 Mbits/sec  73820  
[  5]  45.00-46.00  sec  82.8 MBytes   694 Mbits/sec  73680  
[  5]  46.00-47.00  sec  82.9 MBytes   695 Mbits/sec  73750  
[  5]  47.00-48.00  sec  85.3 MBytes   715 Mbits/sec  75890  
[  5]  48.00-49.00  sec  82.1 MBytes   689 Mbits/sec  73100  
[  5]  49.00-50.00  sec  83.1 MBytes   697 Mbits/sec  73970  
[  5]  50.00-51.00  sec  82.9 MBytes   696 Mbits/sec  73810  
[  5]  51.00-52.00  sec  82.0 MBytes   688 Mbits/sec  73030  
[  5]  52.00-53.00  sec  82.5 MBytes   693 Mbits/sec  73480  
[  5]  53.00-54.00  sec  82.6 MBytes   693 Mbits/sec  73530  
[  5]  54.00-55.00  sec  81.8 MBytes   686 Mbits/sec  72780  
[  5]  55.00-56.00  sec  81.0 MBytes   679 Mbits/sec  72080  
[  5]  56.00-57.00  sec  81.6 MBytes   684 Mbits/sec  72620  
[  5]  57.00-58.00  sec  81.4 MBytes   683 Mbits/sec  72490  
[  5]  58.00-59.00  sec  81.8 MBytes   686 Mbits/sec  72840  
[  5]  59.00-60.00  sec  82.2 MBytes   689 Mbits/sec  73130  
- - - - - - - - - - - - - - - - - - - - - - - - -
[ ID] Interval           Transfer     Bitrate         Jitter    Lost/Total Datagrams
[  5]   0.00-60.00  sec  4.81 GBytes   689 Mbits/sec  0.000 ms  0/4387670 (0%)  sender
[  5]   0.00-60.25  sec  2.35 GBytes   335 Mbits/sec  0.020 ms  2284727/4387364 (52%)  receiver

iperf Done.
