Connecting to host 10.136.80.184, port 5201
[  5] local 10.136.173.116 port 34892 connected to 10.136.80.184 port 5201
[ ID] Interval           Transfer     Bitrate         Retr  Cwnd
[  5]   0.00-1.00   sec  94.2 MBytes   790 Mbits/sec    8    508 KBytes       (omitted)
[  5]   0.00-1.00   sec  91.5 MBytes   767 Mbits/sec    1    623 KBytes       
[  5]   1.00-2.00   sec  92.5 MBytes   776 Mbits/sec    0    725 KBytes       
[  5]   2.00-3.00   sec  91.2 MBytes   765 Mbits/sec    0    815 KBytes       
[  5]   3.00-4.00   sec  92.5 MBytes   776 Mbits/sec    0    896 KBytes       
[  5]   4.00-5.00   sec  92.5 MBytes   776 Mbits/sec    9    677 KBytes       
[  5]   5.00-6.00   sec  91.2 MBytes   765 Mbits/sec    0    774 KBytes       
[  5]   6.00-7.00   sec  92.5 MBytes   776 Mbits/sec   14    628 KBytes       
[  5]   7.00-8.00   sec  91.2 MBytes   765 Mbits/sec    0    729 KBytes       
[  5]   8.00-9.00   sec  92.5 MBytes   776 Mbits/sec    0    818 KBytes       
[  5]   9.00-10.00  sec  92.5 MBytes   776 Mbits/sec   14    629 KBytes       
[  5]  10.00-11.00  sec  91.2 MBytes   765 Mbits/sec    0    729 KBytes       
[  5]  11.00-12.00  sec  92.5 MBytes   776 Mbits/sec    0    818 KBytes       
[  5]  12.00-13.00  sec  92.5 MBytes   776 Mbits/sec   14    478 KBytes       
[  5]  13.00-14.00  sec  90.0 MBytes   755 Mbits/sec    8    603 KBytes       
[  5]  14.00-15.00  sec  92.5 MBytes   776 Mbits/sec    1    704 KBytes       
[  5]  15.00-16.01  sec  92.5 MBytes   767 Mbits/sec    0    795 KBytes       
[  5]  16.01-17.00  sec  91.2 MBytes   774 Mbits/sec    7    657 KBytes       
[  5]  17.00-18.00  sec  91.2 MBytes   765 Mbits/sec    2    745 KBytes       
[  5]  18.00-19.00  sec  92.5 MBytes   776 Mbits/sec    0    833 KBytes       
[  5]  19.00-20.00  sec  92.5 MBytes   776 Mbits/sec    2    650 KBytes       
[  5]  20.00-21.00  sec  91.2 MBytes   766 Mbits/sec    0    748 KBytes       
[  5]  21.00-22.00  sec  92.5 MBytes   776 Mbits/sec    0    836 KBytes       
[  5]  22.00-23.00  sec  92.5 MBytes   776 Mbits/sec    5    647 KBytes       
[  5]  23.00-24.00  sec  91.2 MBytes   765 Mbits/sec    0    745 KBytes       
[  5]  24.00-25.00  sec  91.2 MBytes   765 Mbits/sec    0    833 KBytes       
[  5]  25.00-26.00  sec  92.5 MBytes   776 Mbits/sec    0    911 KBytes       
[  5]  26.00-27.00  sec  92.5 MBytes   776 Mbits/sec    0    984 KBytes       
[  5]  27.00-28.00  sec  91.2 MBytes   765 Mbits/sec    0   1.03 MBytes       
[  5]  28.00-29.00  sec  92.5 MBytes   776 Mbits/sec    0   1.09 MBytes       
[  5]  29.00-30.00  sec  91.2 MBytes   765 Mbits/sec    0   1.15 MBytes       
[  5]  30.00-31.00  sec  76.2 MBytes   640 Mbits/sec   21    821 KBytes       
[  5]  31.00-32.00  sec  91.2 MBytes   765 Mbits/sec    0    911 KBytes       
[  5]  32.00-33.00  sec  92.5 MBytes   776 Mbits/sec    6    695 KBytes       
[  5]  33.00-34.00  sec  91.2 MBytes   765 Mbits/sec    0    784 KBytes       
[  5]  34.00-35.00  sec  92.5 MBytes   776 Mbits/sec    7    644 KBytes       
[  5]  35.00-36.00  sec  91.2 MBytes   766 Mbits/sec   13    743 KBytes       
[  5]  36.00-37.00  sec  92.5 MBytes   776 Mbits/sec    7    621 KBytes       
[  5]  37.00-38.00  sec  92.5 MBytes   775 Mbits/sec    0    724 KBytes       
[  5]  38.00-39.00  sec  91.2 MBytes   766 Mbits/sec    0    812 KBytes       
[  5]  39.00-40.00  sec  92.5 MBytes   776 Mbits/sec    9    674 KBytes       
[  5]  40.00-41.00  sec  91.2 MBytes   765 Mbits/sec    0    769 KBytes       
[  5]  41.00-42.00  sec  92.5 MBytes   776 Mbits/sec    0    855 KBytes       
[  5]  42.00-43.00  sec  92.5 MBytes   776 Mbits/sec   14    654 KBytes       
[  5]  43.00-44.00  sec  91.2 MBytes   766 Mbits/sec    0    750 KBytes       
[  5]  44.00-45.00  sec  91.2 MBytes   765 Mbits/sec    6    633 KBytes       
[  5]  45.00-46.00  sec  92.5 MBytes   776 Mbits/sec    0    733 KBytes       
[  5]  46.00-47.00  sec  91.2 MBytes   765 Mbits/sec    7    588 KBytes       
[  5]  47.00-48.00  sec  92.5 MBytes   776 Mbits/sec    0    698 KBytes       
[  5]  48.00-49.00  sec  91.2 MBytes   766 Mbits/sec    0    789 KBytes       
[  5]  49.00-50.00  sec  92.5 MBytes   776 Mbits/sec    1    661 KBytes       
[  5]  50.00-51.00  sec  91.2 MBytes   766 Mbits/sec    0    758 KBytes       
[  5]  51.00-52.00  sec  92.5 MBytes   776 Mbits/sec    0    844 KBytes       
[  5]  52.00-53.00  sec  91.2 MBytes   765 Mbits/sec   14    672 KBytes       
[  5]  53.00-54.00  sec  92.5 MBytes   776 Mbits/sec    0    767 KBytes       
[  5]  54.00-55.00  sec  91.2 MBytes   765 Mbits/sec    0    852 KBytes       
[  5]  55.00-56.00  sec  92.5 MBytes   776 Mbits/sec    0    928 KBytes       
[  5]  56.00-57.00  sec  92.5 MBytes   776 Mbits/sec    0    999 KBytes       
[  5]  57.00-58.00  sec  91.2 MBytes   765 Mbits/sec    0   1.04 MBytes       
[  5]  58.00-59.00  sec  92.5 MBytes   776 Mbits/sec    0   1.10 MBytes       
[  5]  59.00-60.00  sec  92.5 MBytes   776 Mbits/sec    7    844 KBytes       
- - - - - - - - - - - - - - - - - - - - - - - - -
[ ID] Interval           Transfer     Bitrate         Retr
[  5]   0.00-60.00  sec  5.37 GBytes   769 Mbits/sec  189             sender
[  5]   0.00-60.04  sec  5.37 GBytes   769 Mbits/sec                  receiver

iperf Done.
