Connecting to host 10.136.80.139, port 5201
[  5] local 10.136.173.124 port 45513 connected to 10.136.80.139 port 5201
[ ID] Interval           Transfer     Bitrate         Total Datagrams
[  5]   0.00-1.00   sec  55.7 MBytes   467 Mbits/sec  49570  (omitted)
[  5]   0.00-1.00   sec  56.6 MBytes   474 Mbits/sec  50340  
[  5]   1.00-2.00   sec  55.8 MBytes   468 Mbits/sec  49650  
[  5]   2.00-3.00   sec  54.5 MBytes   457 Mbits/sec  48510  
[  5]   3.00-4.00   sec  55.5 MBytes   466 Mbits/sec  49400  
[  5]   4.00-5.00   sec  59.4 MBytes   498 Mbits/sec  52830  
[  5]   5.00-6.00   sec  57.8 MBytes   485 Mbits/sec  51420  
[  5]   6.00-7.00   sec  58.2 MBytes   488 Mbits/sec  51790  
[  5]   7.00-8.00   sec  61.0 MBytes   512 Mbits/sec  54300  
[  5]   8.00-9.00   sec  58.3 MBytes   489 Mbits/sec  51860  
[  5]   9.00-10.00  sec  58.6 MBytes   492 Mbits/sec  52190  
[  5]  10.00-11.00  sec  56.6 MBytes   475 Mbits/sec  50380  
[  5]  11.00-12.00  sec  55.7 MBytes   467 Mbits/sec  49580  
[  5]  12.00-13.00  sec  57.5 MBytes   483 Mbits/sec  51220  
[  5]  13.00-14.00  sec  58.1 MBytes   487 Mbits/sec  51700  
[  5]  14.00-15.00  sec  56.9 MBytes   478 Mbits/sec  50660  
[  5]  15.00-16.00  sec  57.1 MBytes   479 Mbits/sec  50840  
[  5]  16.00-17.00  sec  54.9 MBytes   460 Mbits/sec  48850  
[  5]  17.00-18.00  sec  56.6 MBytes   475 Mbits/sec  50420  
[  5]  18.00-19.00  sec  54.0 MBytes   453 Mbits/sec  48030  
[  5]  19.00-20.00  sec  54.3 MBytes   456 Mbits/sec  48360  
[  5]  20.00-21.00  sec  57.6 MBytes   483 Mbits/sec  51290  
[  5]  21.00-22.00  sec  54.6 MBytes   458 Mbits/sec  48580  
[  5]  22.00-23.00  sec  57.8 MBytes   485 Mbits/sec  51430  
[  5]  23.00-24.00  sec  55.8 MBytes   468 Mbits/sec  49630  
[  5]  24.00-25.00  sec  59.2 MBytes   497 Mbits/sec  52720  
[  5]  25.00-26.00  sec  57.6 MBytes   483 Mbits/sec  51260  
[  5]  26.00-27.00  sec  60.7 MBytes   509 Mbits/sec  54030  
[  5]  27.00-28.00  sec  54.2 MBytes   455 Mbits/sec  48250  
[  5]  28.00-29.00  sec  55.0 MBytes   461 Mbits/sec  48960  
[  5]  29.00-30.00  sec  57.1 MBytes   479 Mbits/sec  50860  
[  5]  30.00-31.00  sec  54.5 MBytes   457 Mbits/sec  48530  
[  5]  31.00-32.00  sec  59.0 MBytes   495 Mbits/sec  52560  
[  5]  32.00-33.00  sec  56.3 MBytes   472 Mbits/sec  50080  
[  5]  33.00-34.00  sec  57.9 MBytes   486 Mbits/sec  51570  
[  5]  34.00-35.00  sec  59.5 MBytes   499 Mbits/sec  52970  
[  5]  35.00-36.00  sec  56.4 MBytes   473 Mbits/sec  50190  
[  5]  36.00-37.00  sec  55.6 MBytes   467 Mbits/sec  49530  
[  5]  37.00-38.00  sec  57.9 MBytes   486 Mbits/sec  51540  
[  5]  38.00-39.00  sec  61.9 MBytes   519 Mbits/sec  55080  
[  5]  39.00-40.00  sec  56.1 MBytes   470 Mbits/sec  49900  
[  5]  40.00-41.00  sec  53.9 MBytes   452 Mbits/sec  47950  
[  5]  41.00-42.00  sec  55.4 MBytes   465 Mbits/sec  49310  
[  5]  42.00-43.00  sec  54.9 MBytes   460 Mbits/sec  48830  
[  5]  43.00-44.00  sec  55.3 MBytes   464 Mbits/sec  49210  
[  5]  44.00-45.00  sec  57.5 MBytes   483 Mbits/sec  51220  
[  5]  45.00-46.00  sec  54.7 MBytes   459 Mbits/sec  48690  
[  5]  46.00-47.00  sec  55.2 MBytes   463 Mbits/sec  49150  
[  5]  47.00-48.00  sec  60.0 MBytes   504 Mbits/sec  53430  
[  5]  48.00-49.00  sec  56.9 MBytes   478 Mbits/sec  50680  
[  5]  49.00-50.00  sec  57.2 MBytes   480 Mbits/sec  50960  
[  5]  50.00-51.00  sec  55.5 MBytes   465 Mbits/sec  49360  
[  5]  51.00-52.00  sec  55.3 MBytes   464 Mbits/sec  49210  
[  5]  52.00-53.00  sec  55.9 MBytes   469 Mbits/sec  49720  
[  5]  53.00-54.00  sec  55.3 MBytes   464 Mbits/sec  49260  
[  5]  54.00-55.00  sec  56.3 MBytes   472 Mbits/sec  50080  
[  5]  55.00-56.00  sec  60.6 MBytes   509 Mbits/sec  53970  
[  5]  56.00-57.00  sec  57.2 MBytes   480 Mbits/sec  50940  
[  5]  57.00-58.00  sec  58.2 MBytes   488 Mbits/sec  51820  
[  5]  58.00-59.00  sec  55.2 MBytes   463 Mbits/sec  49150  
[  5]  59.00-60.00  sec  56.2 MBytes   471 Mbits/sec  50000  
- - - - - - - - - - - - - - - - - - - - - - - - -
[ ID] Interval           Transfer     Bitrate         Jitter    Lost/Total Datagrams
[  5]   0.00-60.00  sec  3.33 GBytes   477 Mbits/sec  0.000 ms  0/3034230 (0%)  sender
[  5]   0.00-61.32  sec   146 MBytes  19.9 Mbits/sec  0.037 ms  2922987/3003375 (97%)  receiver

iperf Done.
