Connecting to host 10.136.80.136, port 5201
[  5] local 10.136.173.72 port 41192 connected to 10.136.80.136 port 5201
[ ID] Interval           Transfer     Bitrate         Retr  Cwnd
[  5]   0.00-1.00   sec  2.09 MBytes  17.5 Mbits/sec   82   2.30 KBytes       (omitted)
[  5]   0.00-1.00   sec  1.03 MBytes  8.63 Mbits/sec   53   6.90 KBytes       
[  5]   1.00-2.00   sec  4.55 MBytes  38.1 Mbits/sec  201   3.45 KBytes       
[  5]   2.00-3.00   sec  1.61 MBytes  13.5 Mbits/sec   67   9.20 KBytes       
[  5]   3.00-4.00   sec  1.74 MBytes  14.6 Mbits/sec   85   4.60 KBytes       
[  5]   4.00-5.00   sec  2.32 MBytes  19.5 Mbits/sec  125   1.15 KBytes       
[  5]   5.00-6.00   sec  1.23 MBytes  10.3 Mbits/sec   61   1.15 KBytes       
[  5]   6.00-7.00   sec  1.53 MBytes  12.9 Mbits/sec   72   5.75 KBytes       
[  5]   7.00-8.00   sec  1.90 MBytes  15.9 Mbits/sec   90   2.30 KBytes       
[  5]   8.00-9.00   sec  1.99 MBytes  16.7 Mbits/sec   93   1.15 KBytes       
[  5]   9.00-10.00  sec   617 KBytes  5.05 Mbits/sec   30   2.30 KBytes       
[  5]  10.00-11.00  sec   227 KBytes  1.86 Mbits/sec   16   2.30 KBytes       
[  5]  11.00-12.00  sec   521 KBytes  4.27 Mbits/sec   33   1.15 KBytes       
[  5]  12.00-13.00  sec  2.41 MBytes  20.2 Mbits/sec  106   6.90 KBytes       
[  5]  13.00-14.00  sec  1.81 MBytes  15.2 Mbits/sec   89   1.15 KBytes       
[  5]  14.00-15.00  sec   994 KBytes  8.14 Mbits/sec   59   4.60 KBytes       
[  5]  15.00-16.00  sec  1.15 MBytes  9.68 Mbits/sec   40   2.30 KBytes       
[  5]  16.00-17.00  sec   335 KBytes  2.74 Mbits/sec   28   1.15 KBytes       
[  5]  17.00-18.00  sec  1.02 MBytes  8.57 Mbits/sec   61   1.15 KBytes       
[  5]  18.00-19.00  sec  1.64 MBytes  13.8 Mbits/sec   71   2.30 KBytes       
[  5]  19.00-20.00  sec  2.82 MBytes  23.7 Mbits/sec  142   2.30 KBytes       
[  5]  20.00-21.00  sec  1.87 MBytes  15.7 Mbits/sec   95   1.15 KBytes       
[  5]  21.00-22.00  sec  2.79 MBytes  23.4 Mbits/sec  150   1.15 KBytes       
[  5]  22.00-23.00  sec  1.11 MBytes  9.33 Mbits/sec   60   2.30 KBytes       
[  5]  23.00-24.00  sec  1.85 MBytes  15.6 Mbits/sec   85   4.60 KBytes       
[  5]  24.00-25.00  sec   633 KBytes  5.18 Mbits/sec   34   2.30 KBytes       
[  5]  25.00-26.00  sec  3.21 MBytes  27.0 Mbits/sec  157   2.30 KBytes       
[  5]  26.00-27.00  sec  1.24 MBytes  10.4 Mbits/sec   47   5.75 KBytes       
[  5]  27.00-28.00  sec  1.73 MBytes  14.5 Mbits/sec   85   1.15 KBytes       
[  5]  28.00-29.00  sec  1.61 MBytes  13.5 Mbits/sec   70   2.30 KBytes       
[  5]  29.00-30.00  sec  1012 KBytes  8.29 Mbits/sec   49   1.15 KBytes       
[  5]  30.00-31.00  sec  1.61 MBytes  13.5 Mbits/sec   85   2.30 KBytes       
[  5]  31.00-32.00  sec  1.85 MBytes  15.6 Mbits/sec   77   4.60 KBytes       
[  5]  32.00-33.00  sec  1.36 MBytes  11.4 Mbits/sec   71   3.45 KBytes       
[  5]  33.00-34.00  sec   886 KBytes  7.26 Mbits/sec   54   1.15 KBytes       
[  5]  34.00-35.00  sec  2.97 MBytes  24.9 Mbits/sec  161   1.15 KBytes       
[  5]  35.00-36.00  sec   759 KBytes  6.22 Mbits/sec   39   8.05 KBytes       
[  5]  36.00-37.00  sec  2.10 MBytes  17.6 Mbits/sec  106   3.45 KBytes       
[  5]  37.00-38.00  sec  1.48 MBytes  12.4 Mbits/sec   68   1.15 KBytes       
[  5]  38.00-39.00  sec  1.24 MBytes  10.4 Mbits/sec   54   5.75 KBytes       
[  5]  39.00-40.00  sec  2.60 MBytes  21.8 Mbits/sec  121   1.15 KBytes       
[  5]  40.00-41.00  sec  3.46 MBytes  29.0 Mbits/sec  156   2.30 KBytes       
[  5]  41.00-42.00  sec  2.84 MBytes  23.8 Mbits/sec  145   5.75 KBytes       
[  5]  42.00-43.00  sec  1.48 MBytes  12.4 Mbits/sec   56   2.30 KBytes       
[  5]  43.00-44.00  sec   759 KBytes  6.22 Mbits/sec   42   2.30 KBytes       
[  5]  44.00-45.00  sec  1012 KBytes  8.29 Mbits/sec   51   2.30 KBytes       
[  5]  45.00-46.00  sec  1.61 MBytes  13.5 Mbits/sec   81   2.30 KBytes       
[  5]  46.00-47.00  sec  1.24 MBytes  10.4 Mbits/sec   54   2.30 KBytes       
[  5]  47.00-48.00  sec   506 KBytes  4.15 Mbits/sec   28   2.30 KBytes       
[  5]  48.00-49.00  sec  2.10 MBytes  17.6 Mbits/sec  104   1.15 KBytes       
[  5]  49.00-50.00  sec  1.73 MBytes  14.5 Mbits/sec   85   2.30 KBytes       
[  5]  50.00-51.00  sec  1.11 MBytes  9.33 Mbits/sec   59   5.75 KBytes       
[  5]  51.00-52.00  sec  3.46 MBytes  29.0 Mbits/sec  184   2.30 KBytes       
[  5]  52.00-53.00  sec   886 KBytes  7.26 Mbits/sec   49   3.45 KBytes       
[  5]  53.00-54.00  sec  1.85 MBytes  15.5 Mbits/sec   84   2.30 KBytes       
[  5]  54.00-55.00  sec  1012 KBytes  8.29 Mbits/sec   45   2.30 KBytes       
[  5]  55.00-56.00  sec  1.85 MBytes  15.6 Mbits/sec  110   2.30 KBytes       
[  5]  56.00-57.00  sec  1.61 MBytes  13.5 Mbits/sec   91   1.15 KBytes       
[  5]  57.00-58.00  sec  1.61 MBytes  13.5 Mbits/sec   88   2.30 KBytes       
[  5]  58.00-59.00  sec  1.24 MBytes  10.4 Mbits/sec   67   2.30 KBytes       
[  5]  59.00-60.00  sec  1.24 MBytes  10.4 Mbits/sec   57   2.30 KBytes       
- - - - - - - - - - - - - - - - - - - - - - - - -
[ ID] Interval           Transfer     Bitrate         Retr
[  5]   0.00-60.00  sec  97.7 MBytes  13.7 Mbits/sec  4826             sender
[  5]   0.00-60.00  sec  97.5 MBytes  13.6 Mbits/sec                  receiver

iperf Done.
