Connecting to host 10.136.80.157, port 5201
[  5] local 10.136.173.78 port 50210 connected to 10.136.80.157 port 5201
[ ID] Interval           Transfer     Bitrate         Retr  Cwnd
[  5]   0.00-1.00   sec   730 KBytes  5.98 Mbits/sec   84   1.15 KBytes       (omitted)
[  5]   0.00-1.00   sec   331 KBytes  2.71 Mbits/sec   34   1.15 KBytes       
[  5]   1.00-2.00   sec   439 KBytes  3.60 Mbits/sec   48   1.15 KBytes       
[  5]   2.00-3.00   sec   267 KBytes  2.19 Mbits/sec   24   1.15 KBytes       
[  5]   3.00-4.00   sec   236 KBytes  1.93 Mbits/sec   27   2.30 KBytes       
[  5]   4.00-5.00   sec   575 KBytes  4.71 Mbits/sec   43   1.15 KBytes       
[  5]   5.00-6.00   sec  0.00 Bytes  0.00 Mbits/sec    6   1.15 KBytes       
[  5]   6.00-7.00   sec  1.13 MBytes  9.53 Mbits/sec  134   2.30 KBytes       
[  5]   7.00-8.00   sec   207 KBytes  1.70 Mbits/sec   26   2.30 KBytes       
[  5]   8.00-9.00   sec   260 KBytes  2.13 Mbits/sec   24   2.30 KBytes       
[  5]   9.00-10.00  sec   808 KBytes  6.61 Mbits/sec   83   2.30 KBytes       
[  5]  10.00-11.00  sec  1.69 MBytes  14.2 Mbits/sec  145   1.15 KBytes       
[  5]  11.00-12.00  sec   448 KBytes  3.67 Mbits/sec   42   1.15 KBytes       
[  5]  12.00-13.00  sec   490 KBytes  4.02 Mbits/sec   47   1.15 KBytes       
[  5]  13.00-14.00  sec  1.28 MBytes  10.7 Mbits/sec  127   2.30 KBytes       
[  5]  14.00-15.00  sec   494 KBytes  4.04 Mbits/sec   50   1.15 KBytes       
[  5]  15.00-16.00  sec   503 KBytes  4.12 Mbits/sec   45   1.15 KBytes       
[  5]  16.00-17.00  sec   419 KBytes  3.43 Mbits/sec   46   2.30 KBytes       
[  5]  17.00-18.00  sec  1.11 MBytes  9.27 Mbits/sec   88   4.60 KBytes       
[  5]  18.00-19.00  sec   242 KBytes  1.98 Mbits/sec   32   2.30 KBytes       
[  5]  19.00-20.00  sec  1.19 MBytes  9.99 Mbits/sec  111   2.30 KBytes       
[  5]  20.00-21.00  sec   327 KBytes  2.68 Mbits/sec   34   1.15 KBytes       
[  5]  21.00-22.00  sec   321 KBytes  2.63 Mbits/sec   36   2.30 KBytes       
[  5]  22.00-23.00  sec   190 KBytes  1.55 Mbits/sec   20   2.30 KBytes       
[  5]  23.00-24.00  sec   190 KBytes  1.55 Mbits/sec   18   2.30 KBytes       
[  5]  24.00-25.00  sec   253 KBytes  2.07 Mbits/sec   31   2.30 KBytes       
[  5]  25.00-26.00  sec   127 KBytes  1.04 Mbits/sec   15   1.15 KBytes       
[  5]  26.00-27.00  sec   796 KBytes  6.52 Mbits/sec   70   1.15 KBytes       
[  5]  27.00-28.00  sec  63.3 KBytes  0.52 Mbits/sec    9   1.15 KBytes       
[  5]  28.00-29.00  sec   582 KBytes  4.77 Mbits/sec   65   1.15 KBytes       
[  5]  29.00-30.00  sec   127 KBytes  1.04 Mbits/sec   20   2.30 KBytes       
[  5]  30.00-31.00  sec   633 KBytes  5.19 Mbits/sec   54   2.30 KBytes       
[  5]  31.00-32.00  sec   633 KBytes  5.18 Mbits/sec   64   2.30 KBytes       
[  5]  32.00-33.00  sec   190 KBytes  1.55 Mbits/sec   32   1.15 KBytes       
[  5]  33.00-34.00  sec  1.28 MBytes  10.7 Mbits/sec  114   2.30 KBytes       
[  5]  34.00-35.00  sec   190 KBytes  1.56 Mbits/sec   13   1.15 KBytes       
[  5]  35.00-36.00  sec   253 KBytes  2.07 Mbits/sec   33   1.15 KBytes       
[  5]  36.00-37.00  sec   253 KBytes  2.07 Mbits/sec   30   2.30 KBytes       
[  5]  37.00-38.00  sec   710 KBytes  5.82 Mbits/sec   66   2.30 KBytes       
[  5]  38.00-39.00  sec   446 KBytes  3.66 Mbits/sec   48   1.15 KBytes       
[  5]  39.00-40.00  sec  63.3 KBytes  0.52 Mbits/sec   19   2.30 KBytes       
[  5]  40.00-41.00  sec  1.61 MBytes  13.5 Mbits/sec  150   1.15 KBytes       
[  5]  41.00-42.00  sec   713 KBytes  5.84 Mbits/sec   69   2.30 KBytes       
[  5]  42.00-43.00  sec   316 KBytes  2.59 Mbits/sec   41   2.30 KBytes       
[  5]  43.00-44.00  sec  1.14 MBytes  9.58 Mbits/sec  122   1.15 KBytes       
[  5]  44.00-45.00  sec   383 KBytes  3.14 Mbits/sec   35   1.15 KBytes       
[  5]  45.00-46.00  sec   316 KBytes  2.59 Mbits/sec   27   1.15 KBytes       
[  5]  46.00-47.00  sec   702 KBytes  5.75 Mbits/sec   45   2.30 KBytes       
[  5]  47.00-48.00  sec   859 KBytes  7.04 Mbits/sec   87   1.15 KBytes       
[  5]  48.00-49.00  sec   971 KBytes  7.95 Mbits/sec   95   2.30 KBytes       
[  5]  49.00-50.00  sec   907 KBytes  7.43 Mbits/sec   83   1.15 KBytes       
[  5]  50.00-51.00  sec   380 KBytes  3.11 Mbits/sec   43   1.15 KBytes       
[  5]  51.00-52.00  sec   648 KBytes  5.31 Mbits/sec   60   1.15 KBytes       
[  5]  52.00-53.00  sec   380 KBytes  3.11 Mbits/sec   33   1.15 KBytes       
[  5]  53.00-54.00  sec   698 KBytes  5.72 Mbits/sec   68   2.30 KBytes       
[  5]  54.00-55.00  sec   253 KBytes  2.07 Mbits/sec   35   1.15 KBytes       
[  5]  55.00-56.00  sec   253 KBytes  2.07 Mbits/sec   20   2.30 KBytes       
[  5]  56.00-57.00  sec   640 KBytes  5.24 Mbits/sec   65   2.30 KBytes       
[  5]  57.00-58.00  sec  63.3 KBytes  0.52 Mbits/sec   12   1.15 KBytes       
[  5]  58.00-59.00  sec   316 KBytes  2.59 Mbits/sec   31   1.15 KBytes       
[  5]  59.00-60.00  sec   190 KBytes  1.55 Mbits/sec   23   2.30 KBytes       
- - - - - - - - - - - - - - - - - - - - - - - - -
[ ID] Interval           Transfer     Bitrate         Retr
[  5]   0.00-60.00  sec  31.0 MBytes  4.33 Mbits/sec  3117             sender
[  5]   0.00-60.04  sec  31.0 MBytes  4.34 Mbits/sec                  receiver

iperf Done.
