Connecting to host 10.136.80.141, port 5201
[  5] local 10.136.173.76 port 50682 connected to 10.136.80.141 port 5201
[ ID] Interval           Transfer     Bitrate         Retr  Cwnd
[  5]   0.00-1.00   sec  23.9 MBytes   201 Mbits/sec   67    115 KBytes       (omitted)
[  5]   0.00-1.00   sec  25.5 MBytes   214 Mbits/sec   43   84.0 KBytes       
[  5]   1.00-2.00   sec  25.0 MBytes   210 Mbits/sec   31    117 KBytes       
[  5]   2.00-3.00   sec  23.9 MBytes   201 Mbits/sec   17   92.0 KBytes       
[  5]   3.00-4.00   sec  25.1 MBytes   211 Mbits/sec   18    106 KBytes       
[  5]   4.00-5.00   sec  24.5 MBytes   206 Mbits/sec   19   78.2 KBytes       
[  5]   5.00-6.00   sec  26.5 MBytes   222 Mbits/sec   45   86.3 KBytes       
[  5]   6.00-7.00   sec  25.0 MBytes   210 Mbits/sec   29   80.5 KBytes       
[  5]   7.00-8.00   sec  24.8 MBytes   208 Mbits/sec   17    109 KBytes       
[  5]   8.00-9.00   sec  27.4 MBytes   230 Mbits/sec   58   88.6 KBytes       
[  5]   9.00-10.00  sec  24.9 MBytes   209 Mbits/sec   19    114 KBytes       
[  5]  10.00-11.00  sec  24.8 MBytes   208 Mbits/sec   20   88.6 KBytes       
[  5]  11.00-12.00  sec  23.6 MBytes   198 Mbits/sec   14   67.9 KBytes       
[  5]  12.00-13.00  sec  25.2 MBytes   211 Mbits/sec   37   88.6 KBytes       
[  5]  13.00-14.00  sec  24.5 MBytes   205 Mbits/sec   20   89.7 KBytes       
[  5]  14.00-15.00  sec  24.7 MBytes   207 Mbits/sec   28   92.0 KBytes       
[  5]  15.00-16.00  sec  26.6 MBytes   223 Mbits/sec   44    100 KBytes       
[  5]  16.00-17.00  sec  23.5 MBytes   197 Mbits/sec   35   84.0 KBytes       
[  5]  17.00-18.00  sec  24.0 MBytes   202 Mbits/sec   16   84.0 KBytes       
[  5]  18.00-19.00  sec  25.1 MBytes   211 Mbits/sec   53   81.7 KBytes       
[  5]  19.00-20.00  sec  25.9 MBytes   217 Mbits/sec   28    131 KBytes       
[  5]  20.00-21.00  sec  23.8 MBytes   200 Mbits/sec   45    114 KBytes       
[  5]  21.00-22.00  sec  24.3 MBytes   204 Mbits/sec   10   92.0 KBytes       
[  5]  22.00-23.00  sec  24.8 MBytes   208 Mbits/sec   40    107 KBytes       
[  5]  23.00-24.00  sec  26.3 MBytes   221 Mbits/sec   41   93.2 KBytes       
[  5]  24.00-25.00  sec  25.4 MBytes   213 Mbits/sec   28    114 KBytes       
[  5]  25.00-26.00  sec  25.1 MBytes   210 Mbits/sec   38    122 KBytes       
[  5]  26.00-27.00  sec  25.8 MBytes   217 Mbits/sec   31    114 KBytes       
[  5]  27.00-28.00  sec  25.1 MBytes   210 Mbits/sec   75    121 KBytes       
[  5]  28.00-29.00  sec  25.0 MBytes   210 Mbits/sec   53    129 KBytes       
[  5]  29.00-30.00  sec  27.4 MBytes   230 Mbits/sec   35    117 KBytes       
[  5]  30.00-31.00  sec  27.2 MBytes   229 Mbits/sec   24    114 KBytes       
[  5]  31.00-32.00  sec  27.1 MBytes   228 Mbits/sec   28   96.6 KBytes       
[  5]  32.00-33.00  sec  28.0 MBytes   235 Mbits/sec   19    115 KBytes       
[  5]  33.00-34.00  sec  28.4 MBytes   238 Mbits/sec   50    104 KBytes       
[  5]  34.00-35.00  sec  26.2 MBytes   220 Mbits/sec   21    112 KBytes       
[  5]  35.00-36.00  sec  24.8 MBytes   208 Mbits/sec   15    145 KBytes       
[  5]  36.00-37.00  sec  26.1 MBytes   219 Mbits/sec   38    124 KBytes       
[  5]  37.00-38.00  sec  27.1 MBytes   227 Mbits/sec   42    117 KBytes       
[  5]  38.00-39.00  sec  26.3 MBytes   220 Mbits/sec   31   93.2 KBytes       
[  5]  39.00-40.00  sec  24.8 MBytes   208 Mbits/sec   72    105 KBytes       
[  5]  40.00-41.00  sec  26.8 MBytes   225 Mbits/sec   20    122 KBytes       
[  5]  41.00-42.00  sec  28.1 MBytes   235 Mbits/sec   28   93.2 KBytes       
[  5]  42.00-43.00  sec  27.6 MBytes   231 Mbits/sec   32    113 KBytes       
[  5]  43.00-44.00  sec  27.9 MBytes   234 Mbits/sec   29    112 KBytes       
[  5]  44.00-45.00  sec  27.5 MBytes   231 Mbits/sec   45   97.8 KBytes       
[  5]  45.00-46.00  sec  27.4 MBytes   230 Mbits/sec   39    109 KBytes       
[  5]  46.00-47.00  sec  28.0 MBytes   235 Mbits/sec   31   87.4 KBytes       
[  5]  47.00-48.00  sec  28.1 MBytes   235 Mbits/sec   21    107 KBytes       
[  5]  48.00-49.00  sec  28.0 MBytes   235 Mbits/sec   24   85.1 KBytes       
[  5]  49.00-50.00  sec  27.8 MBytes   233 Mbits/sec   25    108 KBytes       
[  5]  50.00-51.00  sec  27.4 MBytes   230 Mbits/sec   31    124 KBytes       
[  5]  51.00-52.00  sec  27.2 MBytes   228 Mbits/sec   30    108 KBytes       
[  5]  52.00-53.00  sec  28.7 MBytes   241 Mbits/sec   22    113 KBytes       
[  5]  53.00-54.00  sec  27.5 MBytes   231 Mbits/sec   35   94.3 KBytes       
[  5]  54.00-55.00  sec  27.7 MBytes   232 Mbits/sec   23   77.1 KBytes       
[  5]  55.00-56.00  sec  27.5 MBytes   231 Mbits/sec   31    104 KBytes       
[  5]  56.00-57.00  sec  20.4 MBytes   171 Mbits/sec   24    107 KBytes       
[  5]  57.00-58.00  sec  27.7 MBytes   232 Mbits/sec   24    100 KBytes       
[  5]  58.00-59.00  sec  27.1 MBytes   227 Mbits/sec   36    100 KBytes       
[  5]  59.00-60.00  sec  28.1 MBytes   235 Mbits/sec   43   94.3 KBytes       
- - - - - - - - - - - - - - - - - - - - - - - - -
[ ID] Interval           Transfer     Bitrate         Retr
[  5]   0.00-60.00  sec  1.53 GBytes   219 Mbits/sec  1920             sender
[  5]   0.00-60.04  sec  1.53 GBytes   219 Mbits/sec                  receiver

iperf Done.
