Connecting to host 10.136.80.148, port 5201
[  5] local 10.136.173.80 port 33638 connected to 10.136.80.148 port 5201
[ ID] Interval           Transfer     Bitrate         Retr  Cwnd
[  5]   0.00-1.00   sec  94.1 MBytes   790 Mbits/sec    3    901 KBytes       (omitted)
[  5]   0.00-1.00   sec  92.5 MBytes   776 Mbits/sec    0    991 KBytes       
[  5]   1.00-2.00   sec  92.5 MBytes   776 Mbits/sec    6    773 KBytes       
[  5]   2.00-3.00   sec  91.2 MBytes   765 Mbits/sec   32    855 KBytes       
[  5]   3.00-4.00   sec  92.5 MBytes   776 Mbits/sec    1    928 KBytes       
[  5]   4.00-5.00   sec  92.5 MBytes   776 Mbits/sec    0    999 KBytes       
[  5]   5.00-6.00   sec  91.2 MBytes   765 Mbits/sec   15    759 KBytes       
[  5]   6.00-7.00   sec  92.5 MBytes   776 Mbits/sec    1    841 KBytes       
[  5]   7.00-8.00   sec  91.2 MBytes   765 Mbits/sec    0    919 KBytes       
[  5]   8.00-9.00   sec  92.5 MBytes   776 Mbits/sec    0    993 KBytes       
[  5]   9.00-10.00  sec  92.5 MBytes   776 Mbits/sec   21    774 KBytes       
[  5]  10.00-11.00  sec  91.2 MBytes   765 Mbits/sec    0    857 KBytes       
[  5]  11.00-12.00  sec  92.5 MBytes   776 Mbits/sec    7    679 KBytes       
[  5]  12.00-13.00  sec  91.2 MBytes   765 Mbits/sec    0    773 KBytes       
[  5]  13.00-14.00  sec  92.5 MBytes   776 Mbits/sec    0    856 KBytes       
[  5]  14.00-15.00  sec  92.5 MBytes   776 Mbits/sec    8    672 KBytes       
[  5]  15.00-16.00  sec  91.2 MBytes   766 Mbits/sec    6    583 KBytes       
[  5]  16.00-17.00  sec  91.2 MBytes   765 Mbits/sec   48    683 KBytes       
[  5]  17.00-18.00  sec  92.5 MBytes   776 Mbits/sec    0    777 KBytes       
[  5]  18.00-19.00  sec  91.2 MBytes   765 Mbits/sec   27    618 KBytes       
[  5]  19.00-20.00  sec  92.5 MBytes   776 Mbits/sec    0    721 KBytes       
[  5]  20.00-21.00  sec  91.2 MBytes   765 Mbits/sec    0    812 KBytes       
[  5]  21.00-22.00  sec  92.5 MBytes   776 Mbits/sec    2    889 KBytes       
[  5]  22.00-23.00  sec  91.2 MBytes   765 Mbits/sec   21    694 KBytes       
[  5]  23.00-24.00  sec  92.5 MBytes   776 Mbits/sec    0    785 KBytes       
[  5]  24.00-25.00  sec  92.5 MBytes   776 Mbits/sec   14    613 KBytes       
[  5]  25.00-26.00  sec  91.2 MBytes   765 Mbits/sec    0    714 KBytes       
[  5]  26.00-27.00  sec  92.5 MBytes   776 Mbits/sec    0    805 KBytes       
[  5]  27.00-28.00  sec  91.2 MBytes   765 Mbits/sec    0    887 KBytes       
[  5]  28.00-29.00  sec  75.0 MBytes   629 Mbits/sec   62    624 KBytes       
[  5]  29.00-30.00  sec  92.5 MBytes   776 Mbits/sec    0    726 KBytes       
[  5]  30.00-31.00  sec  92.5 MBytes   776 Mbits/sec    0    814 KBytes       
[  5]  31.00-32.00  sec  91.2 MBytes   766 Mbits/sec   14    665 KBytes       
[  5]  32.00-33.00  sec  92.5 MBytes   776 Mbits/sec    0    763 KBytes       
[  5]  33.00-34.00  sec  91.2 MBytes   765 Mbits/sec    7    636 KBytes       
[  5]  34.00-35.00  sec  92.5 MBytes   776 Mbits/sec    0    737 KBytes       
[  5]  35.00-36.00  sec  91.2 MBytes   765 Mbits/sec    3    618 KBytes       
[  5]  36.00-37.00  sec  91.2 MBytes   765 Mbits/sec    0    721 KBytes       
[  5]  37.00-38.00  sec  92.5 MBytes   776 Mbits/sec    0    810 KBytes       
[  5]  38.00-39.00  sec  92.5 MBytes   776 Mbits/sec    0    890 KBytes       
[  5]  39.00-40.00  sec  91.2 MBytes   765 Mbits/sec    0    964 KBytes       
[  5]  40.00-41.00  sec  92.5 MBytes   776 Mbits/sec   27    523 KBytes       
[  5]  41.00-42.00  sec  91.2 MBytes   765 Mbits/sec    7    487 KBytes       
[  5]  42.00-43.00  sec  91.2 MBytes   765 Mbits/sec    7    470 KBytes       
[  5]  43.00-44.00  sec  91.2 MBytes   765 Mbits/sec    7    460 KBytes       
[  5]  44.00-45.00  sec  90.0 MBytes   755 Mbits/sec    0    586 KBytes       
[  5]  45.00-46.00  sec  91.2 MBytes   765 Mbits/sec    6    539 KBytes       
[  5]  46.00-47.00  sec  92.5 MBytes   776 Mbits/sec    0    653 KBytes       
[  5]  47.00-48.00  sec  91.2 MBytes   765 Mbits/sec    0    751 KBytes       
[  5]  48.00-49.00  sec  92.5 MBytes   776 Mbits/sec    6    623 KBytes       
[  5]  49.00-50.00  sec  91.2 MBytes   765 Mbits/sec    0    724 KBytes       
[  5]  50.00-51.00  sec  92.5 MBytes   776 Mbits/sec    7    593 KBytes       
[  5]  51.00-52.00  sec  91.2 MBytes   765 Mbits/sec    6    523 KBytes       
[  5]  52.00-53.00  sec  91.2 MBytes   765 Mbits/sec    6    497 KBytes       
[  5]  53.00-54.00  sec  91.2 MBytes   765 Mbits/sec    0    620 KBytes       
[  5]  54.00-55.00  sec  92.5 MBytes   776 Mbits/sec    0    722 KBytes       
[  5]  55.00-56.00  sec  91.2 MBytes   765 Mbits/sec    0    811 KBytes       
[  5]  56.00-57.00  sec  92.5 MBytes   776 Mbits/sec    0    891 KBytes       
[  5]  57.00-58.00  sec  91.2 MBytes   765 Mbits/sec    0    964 KBytes       
[  5]  58.00-59.00  sec  92.5 MBytes   776 Mbits/sec    6    728 KBytes       
[  5]  59.00-60.00  sec  92.5 MBytes   776 Mbits/sec    0    825 KBytes       
- - - - - - - - - - - - - - - - - - - - - - - - -
[ ID] Interval           Transfer     Bitrate         Retr
[  5]   0.00-60.00  sec  5.37 GBytes   768 Mbits/sec  380             sender
[  5]   0.00-60.04  sec  5.37 GBytes   768 Mbits/sec                  receiver

iperf Done.
