Connecting to host 10.136.80.136, port 5201
[  5] local 10.136.173.72 port 40817 connected to 10.136.80.136 port 5201
[ ID] Interval           Transfer     Bitrate         Total Datagrams
[  5]   0.00-1.00   sec  54.4 MBytes   457 Mbits/sec  48460  (omitted)
[  5]   0.00-1.00   sec  50.7 MBytes   426 Mbits/sec  45160  
[  5]   1.00-2.00   sec  54.7 MBytes   459 Mbits/sec  48670  
[  5]   2.00-3.00   sec  51.3 MBytes   430 Mbits/sec  45670  
[  5]   3.00-4.00   sec  53.5 MBytes   449 Mbits/sec  47630  
[  5]   4.00-5.00   sec  55.0 MBytes   461 Mbits/sec  48920  
[  5]   5.00-6.00   sec  58.4 MBytes   489 Mbits/sec  51940  
[  5]   6.00-7.00   sec  56.3 MBytes   472 Mbits/sec  50110  
[  5]   7.00-8.00   sec  50.2 MBytes   421 Mbits/sec  44710  
[  5]   8.00-9.00   sec  56.4 MBytes   473 Mbits/sec  50180  
[  5]   9.00-10.00  sec  49.9 MBytes   418 Mbits/sec  44400  
[  5]  10.00-11.00  sec  50.4 MBytes   423 Mbits/sec  44830  
[  5]  11.00-12.00  sec  54.3 MBytes   456 Mbits/sec  48350  
[  5]  12.00-13.00  sec  53.5 MBytes   449 Mbits/sec  47610  
[  5]  13.00-14.00  sec  47.0 MBytes   394 Mbits/sec  41810  
[  5]  14.00-15.00  sec  57.9 MBytes   485 Mbits/sec  51510  
[  5]  15.00-16.00  sec  51.7 MBytes   433 Mbits/sec  45990  
[  5]  16.00-17.00  sec  54.8 MBytes   460 Mbits/sec  48820  
[  5]  17.00-18.00  sec  54.1 MBytes   454 Mbits/sec  48140  
[  5]  18.00-19.00  sec  53.0 MBytes   445 Mbits/sec  47170  
[  5]  19.00-20.00  sec  57.0 MBytes   478 Mbits/sec  50770  
[  5]  20.00-21.00  sec  54.0 MBytes   453 Mbits/sec  48100  
[  5]  21.00-22.00  sec  58.9 MBytes   494 Mbits/sec  52390  
[  5]  22.00-23.00  sec  53.7 MBytes   450 Mbits/sec  47770  
[  5]  23.00-24.00  sec  51.6 MBytes   433 Mbits/sec  45960  
[  5]  24.00-25.00  sec  56.1 MBytes   470 Mbits/sec  49900  
[  5]  25.00-26.00  sec  56.3 MBytes   472 Mbits/sec  50110  
[  5]  26.00-27.00  sec  54.0 MBytes   453 Mbits/sec  48050  
[  5]  27.00-28.00  sec  55.8 MBytes   468 Mbits/sec  49640  
[  5]  28.00-29.00  sec  58.2 MBytes   488 Mbits/sec  51820  
[  5]  29.00-30.00  sec  55.0 MBytes   461 Mbits/sec  48930  
[  5]  30.00-31.00  sec  50.3 MBytes   422 Mbits/sec  44800  
[  5]  31.00-32.00  sec  53.8 MBytes   451 Mbits/sec  47910  
[  5]  32.00-33.00  sec  55.2 MBytes   463 Mbits/sec  49160  
[  5]  33.00-34.00  sec  54.8 MBytes   459 Mbits/sec  48750  
[  5]  34.00-35.00  sec  51.2 MBytes   429 Mbits/sec  45560  
[  5]  35.00-36.00  sec  60.8 MBytes   510 Mbits/sec  54090  
[  5]  36.00-37.00  sec  58.0 MBytes   487 Mbits/sec  51630  
[  5]  37.00-38.00  sec  54.2 MBytes   454 Mbits/sec  48220  
[  5]  38.00-39.00  sec  52.2 MBytes   438 Mbits/sec  46450  
[  5]  39.00-40.00  sec  58.0 MBytes   486 Mbits/sec  51610  
[  5]  40.00-41.00  sec  55.1 MBytes   462 Mbits/sec  49060  
[  5]  41.00-42.00  sec  54.0 MBytes   453 Mbits/sec  48110  
[  5]  42.00-43.00  sec  52.1 MBytes   437 Mbits/sec  46380  
[  5]  43.00-44.00  sec  60.1 MBytes   504 Mbits/sec  53510  
[  5]  44.00-45.00  sec  59.5 MBytes   499 Mbits/sec  53000  
[  5]  45.00-46.00  sec  56.1 MBytes   471 Mbits/sec  49960  
[  5]  46.00-47.00  sec  51.9 MBytes   435 Mbits/sec  46160  
[  5]  47.00-48.00  sec  54.1 MBytes   454 Mbits/sec  48170  
[  5]  48.00-49.00  sec  55.0 MBytes   461 Mbits/sec  48970  
[  5]  49.00-50.00  sec  55.4 MBytes   465 Mbits/sec  49350  
[  5]  50.00-51.00  sec  52.8 MBytes   443 Mbits/sec  47010  
[  5]  51.00-52.00  sec  55.9 MBytes   469 Mbits/sec  49730  
[  5]  52.00-53.00  sec  54.6 MBytes   458 Mbits/sec  48560  
[  5]  53.00-54.00  sec  53.1 MBytes   445 Mbits/sec  47250  
[  5]  54.00-55.00  sec  52.4 MBytes   439 Mbits/sec  46620  
[  5]  55.00-56.00  sec  52.6 MBytes   441 Mbits/sec  46780  
[  5]  56.00-57.00  sec  53.9 MBytes   452 Mbits/sec  47990  
[  5]  57.00-58.00  sec  50.1 MBytes   421 Mbits/sec  44630  
[  5]  58.00-59.00  sec  54.5 MBytes   457 Mbits/sec  48480  
[  5]  59.00-60.00  sec  53.3 MBytes   447 Mbits/sec  47410  
- - - - - - - - - - - - - - - - - - - - - - - - -
[ ID] Interval           Transfer     Bitrate         Jitter    Lost/Total Datagrams
[  5]   0.00-60.00  sec  3.18 GBytes   456 Mbits/sec  0.000 ms  0/2900370 (0%)  sender
[  5]   0.00-60.32  sec  1.91 GBytes   271 Mbits/sec  0.107 ms  1177402/2900370 (41%)  receiver

iperf Done.
