Connecting to host 10.136.80.184, port 5201
[  5] local 10.136.173.110 port 34234 connected to 10.136.80.184 port 5201
[ ID] Interval           Transfer     Bitrate         Total Datagrams
[  5]   0.00-1.00   sec  72.9 MBytes   612 Mbits/sec  64920  (omitted)
[  5]   0.00-1.00   sec  76.1 MBytes   639 Mbits/sec  67760  
[  5]   1.00-2.00   sec  67.4 MBytes   565 Mbits/sec  59970  
[  5]   2.00-3.00   sec  75.8 MBytes   636 Mbits/sec  67500  
[  5]   3.00-4.00   sec  76.6 MBytes   643 Mbits/sec  68200  
[  5]   4.00-5.00   sec  76.1 MBytes   639 Mbits/sec  67780  
[  5]   5.00-6.00   sec  73.8 MBytes   619 Mbits/sec  65700  
[  5]   6.00-7.00   sec  76.0 MBytes   638 Mbits/sec  67640  
[  5]   7.00-8.00   sec  76.2 MBytes   639 Mbits/sec  67810  
[  5]   8.00-9.00   sec  76.0 MBytes   637 Mbits/sec  67640  
[  5]   9.00-10.00  sec  76.6 MBytes   642 Mbits/sec  68170  
[  5]  10.00-11.00  sec  67.0 MBytes   562 Mbits/sec  59680  
[  5]  11.00-12.00  sec  72.1 MBytes   605 Mbits/sec  64150  
[  5]  12.00-13.00  sec  77.6 MBytes   651 Mbits/sec  69040  
[  5]  13.00-14.00  sec  77.5 MBytes   650 Mbits/sec  69020  
[  5]  14.00-15.00  sec  77.0 MBytes   646 Mbits/sec  68560  
[  5]  15.00-16.00  sec  77.3 MBytes   648 Mbits/sec  68800  
[  5]  16.00-17.00  sec  76.1 MBytes   639 Mbits/sec  67760  
[  5]  17.00-18.00  sec  76.4 MBytes   641 Mbits/sec  67980  
[  5]  18.00-19.00  sec  74.3 MBytes   624 Mbits/sec  66160  
[  5]  19.00-20.00  sec  74.7 MBytes   627 Mbits/sec  66500  
[  5]  20.00-21.00  sec  71.4 MBytes   599 Mbits/sec  63560  
[  5]  21.00-22.00  sec  66.0 MBytes   554 Mbits/sec  58770  
[  5]  22.00-23.00  sec  70.2 MBytes   589 Mbits/sec  62500  
[  5]  23.00-24.00  sec  75.6 MBytes   634 Mbits/sec  67280  
[  5]  24.00-25.00  sec  77.1 MBytes   647 Mbits/sec  68640  
[  5]  25.00-26.00  sec  75.0 MBytes   629 Mbits/sec  66780  
[  5]  26.00-27.00  sec  77.3 MBytes   649 Mbits/sec  68840  
[  5]  27.00-28.00  sec  76.1 MBytes   638 Mbits/sec  67700  
[  5]  28.00-29.00  sec  76.2 MBytes   639 Mbits/sec  67810  
[  5]  29.00-30.00  sec  75.1 MBytes   630 Mbits/sec  66840  
[  5]  30.00-31.00  sec  75.9 MBytes   637 Mbits/sec  67600  
[  5]  31.00-32.00  sec  74.2 MBytes   622 Mbits/sec  66050  
[  5]  32.00-33.00  sec  76.0 MBytes   638 Mbits/sec  67680  
[  5]  33.00-34.00  sec  77.6 MBytes   651 Mbits/sec  69040  
[  5]  34.00-35.00  sec  76.2 MBytes   640 Mbits/sec  67870  
[  5]  35.00-36.00  sec  67.8 MBytes   569 Mbits/sec  60370  
[  5]  36.00-37.00  sec  71.6 MBytes   601 Mbits/sec  63720  
[  5]  37.00-38.00  sec  77.7 MBytes   652 Mbits/sec  69200  
[  5]  38.00-39.00  sec  69.7 MBytes   585 Mbits/sec  62070  
[  5]  39.00-40.00  sec  68.4 MBytes   574 Mbits/sec  60890  
[  5]  40.00-41.00  sec  70.1 MBytes   588 Mbits/sec  62420  
[  5]  41.00-42.00  sec  73.4 MBytes   616 Mbits/sec  65380  
[  5]  42.00-43.00  sec  75.8 MBytes   636 Mbits/sec  67450  
[  5]  43.00-44.00  sec  75.3 MBytes   632 Mbits/sec  67020  
[  5]  44.00-45.00  sec  76.1 MBytes   638 Mbits/sec  67710  
[  5]  45.00-46.00  sec  71.4 MBytes   599 Mbits/sec  63590  
[  5]  46.00-47.00  sec  77.7 MBytes   652 Mbits/sec  69160  
[  5]  47.00-48.00  sec  76.2 MBytes   639 Mbits/sec  67800  
[  5]  48.00-49.00  sec  72.1 MBytes   604 Mbits/sec  64140  
[  5]  49.00-50.00  sec  73.3 MBytes   615 Mbits/sec  65290  
[  5]  50.00-51.00  sec  75.4 MBytes   633 Mbits/sec  67150  
[  5]  51.00-52.00  sec  74.0 MBytes   621 Mbits/sec  65870  
[  5]  52.00-53.00  sec  75.2 MBytes   631 Mbits/sec  66950  
[  5]  53.00-54.00  sec  69.9 MBytes   586 Mbits/sec  62200  
[  5]  54.00-55.00  sec  75.4 MBytes   632 Mbits/sec  67090  
[  5]  55.00-56.00  sec  74.4 MBytes   624 Mbits/sec  66190  
[  5]  56.00-57.00  sec  66.0 MBytes   554 Mbits/sec  58770  
[  5]  57.00-58.00  sec  75.5 MBytes   633 Mbits/sec  67210  
[  5]  58.00-59.00  sec  65.2 MBytes   547 Mbits/sec  58020  
[  5]  59.00-60.00  sec  55.6 MBytes   466 Mbits/sec  49450  
- - - - - - - - - - - - - - - - - - - - - - - - -
[ ID] Interval           Transfer     Bitrate         Jitter    Lost/Total Datagrams
[  5]   0.00-60.00  sec  4.32 GBytes   619 Mbits/sec  0.000 ms  0/3937890 (0%)  sender
[  5]   0.00-60.10  sec  1.60 GBytes   229 Mbits/sec  0.008 ms  2522805/3937890 (64%)  receiver

iperf Done.
