Connecting to host 10.136.80.150, port 5201
[  5] local 10.136.173.87 port 50650 connected to 10.136.80.150 port 5201
[ ID] Interval           Transfer     Bitrate         Retr  Cwnd
[  5]   0.00-1.00   sec  83.5 MBytes   700 Mbits/sec  112    193 KBytes       (omitted)
[  5]   0.00-1.00   sec  86.8 MBytes   728 Mbits/sec   19    189 KBytes       
[  5]   1.00-2.00   sec  63.1 MBytes   529 Mbits/sec   81    183 KBytes       
[  5]   2.00-3.00   sec  88.7 MBytes   744 Mbits/sec    9    211 KBytes       
[  5]   3.00-4.00   sec  82.2 MBytes   690 Mbits/sec   19    188 KBytes       
[  5]   4.00-5.00   sec  80.9 MBytes   678 Mbits/sec   20    196 KBytes       
[  5]   5.00-6.00   sec  87.0 MBytes   730 Mbits/sec    6    318 KBytes       
[  5]   6.00-7.00   sec  86.6 MBytes   727 Mbits/sec   12    323 KBytes       
[  5]   7.00-8.00   sec  89.2 MBytes   748 Mbits/sec   13    254 KBytes       
[  5]   8.00-9.00   sec  85.9 MBytes   721 Mbits/sec   13    234 KBytes       
[  5]   9.00-10.00  sec  85.9 MBytes   720 Mbits/sec   16    301 KBytes       
[  5]  10.00-11.00  sec  86.2 MBytes   723 Mbits/sec   20    209 KBytes       
[  5]  11.00-12.00  sec  87.1 MBytes   731 Mbits/sec   25    355 KBytes       
[  5]  12.00-13.00  sec  90.8 MBytes   762 Mbits/sec   13    239 KBytes       
[  5]  13.00-14.00  sec  88.0 MBytes   738 Mbits/sec    0    410 KBytes       
[  5]  14.00-15.00  sec  88.4 MBytes   742 Mbits/sec   30    327 KBytes       
[  5]  15.00-16.00  sec  82.4 MBytes   691 Mbits/sec   13    291 KBytes       
[  5]  16.00-17.00  sec  89.2 MBytes   748 Mbits/sec   60    230 KBytes       
[  5]  17.00-18.00  sec  86.2 MBytes   723 Mbits/sec   19    206 KBytes       
[  5]  18.00-19.00  sec  86.8 MBytes   728 Mbits/sec   22    168 KBytes       
[  5]  19.00-20.00  sec  83.2 MBytes   698 Mbits/sec   14    250 KBytes       
[  5]  20.00-21.00  sec  84.3 MBytes   707 Mbits/sec   21    183 KBytes       
[  5]  21.00-22.00  sec  85.1 MBytes   714 Mbits/sec   13    271 KBytes       
[  5]  22.00-23.02  sec  88.4 MBytes   731 Mbits/sec   23    205 KBytes       
[  5]  23.02-24.00  sec  80.8 MBytes   688 Mbits/sec   36    205 KBytes       
[  5]  24.00-25.01  sec  88.2 MBytes   734 Mbits/sec    0    392 KBytes       
[  5]  25.01-26.00  sec  87.5 MBytes   740 Mbits/sec   12    339 KBytes       
[  5]  26.00-27.00  sec  82.1 MBytes   688 Mbits/sec   40    211 KBytes       
[  5]  27.00-28.00  sec  86.8 MBytes   728 Mbits/sec    0    388 KBytes       
[  5]  28.00-29.00  sec  86.9 MBytes   729 Mbits/sec   21    246 KBytes       
[  5]  29.00-30.00  sec  83.5 MBytes   701 Mbits/sec   20    184 KBytes       
[  5]  30.00-31.00  sec  79.7 MBytes   669 Mbits/sec   13    252 KBytes       
[  5]  31.00-32.00  sec  83.4 MBytes   700 Mbits/sec   20    242 KBytes       
[  5]  32.00-33.00  sec  87.6 MBytes   734 Mbits/sec   13    292 KBytes       
[  5]  33.00-34.00  sec  84.8 MBytes   712 Mbits/sec    6    377 KBytes       
[  5]  34.00-35.00  sec  64.4 MBytes   540 Mbits/sec   58    196 KBytes       
[  5]  35.00-36.00  sec  88.3 MBytes   741 Mbits/sec    0    387 KBytes       
[  5]  36.00-37.00  sec  83.4 MBytes   700 Mbits/sec   21    227 KBytes       
[  5]  37.00-38.00  sec  89.1 MBytes   747 Mbits/sec    8    343 KBytes       
[  5]  38.00-39.00  sec  83.5 MBytes   701 Mbits/sec   14    291 KBytes       
[  5]  39.00-40.00  sec  81.7 MBytes   685 Mbits/sec    8    311 KBytes       
[  5]  40.00-41.00  sec  83.2 MBytes   698 Mbits/sec   23    228 KBytes       
[  5]  41.00-42.00  sec  85.1 MBytes   714 Mbits/sec   14    230 KBytes       
[  5]  42.00-43.00  sec  89.3 MBytes   749 Mbits/sec    0    406 KBytes       
[  5]  43.00-44.00  sec  84.6 MBytes   710 Mbits/sec   24    219 KBytes       
[  5]  44.00-45.00  sec  82.2 MBytes   690 Mbits/sec   14    251 KBytes       
[  5]  45.00-46.00  sec  79.2 MBytes   664 Mbits/sec   19    260 KBytes       
[  5]  46.00-47.00  sec  83.9 MBytes   704 Mbits/sec   16    274 KBytes       
[  5]  47.00-48.00  sec  83.1 MBytes   697 Mbits/sec   15    237 KBytes       
[  5]  48.00-49.00  sec  85.6 MBytes   718 Mbits/sec   13    274 KBytes       
[  5]  49.00-50.00  sec  85.9 MBytes   720 Mbits/sec   37    247 KBytes       
[  5]  50.00-51.00  sec  87.7 MBytes   736 Mbits/sec   19    156 KBytes       
[  5]  51.00-52.00  sec  82.8 MBytes   695 Mbits/sec    6    275 KBytes       
[  5]  52.00-53.00  sec  87.4 MBytes   733 Mbits/sec   21    215 KBytes       
[  5]  53.00-54.00  sec  84.5 MBytes   709 Mbits/sec   66    273 KBytes       
[  5]  54.00-55.00  sec  78.6 MBytes   659 Mbits/sec   20    232 KBytes       
[  5]  55.00-56.00  sec  85.2 MBytes   715 Mbits/sec    8    292 KBytes       
[  5]  56.00-57.00  sec  85.3 MBytes   715 Mbits/sec   19    175 KBytes       
[  5]  57.00-58.00  sec  88.2 MBytes   738 Mbits/sec    6    324 KBytes       
[  5]  58.00-59.00  sec  84.0 MBytes   707 Mbits/sec   19    181 KBytes       
[  5]  59.00-60.00  sec  82.6 MBytes   693 Mbits/sec   13    211 KBytes       
- - - - - - - - - - - - - - - - - - - - - - - - -
[ ID] Interval           Transfer     Bitrate         Retr
[  5]   0.00-60.00  sec  4.95 GBytes   709 Mbits/sec  1143             sender
[  5]   0.00-60.03  sec  4.96 GBytes   709 Mbits/sec                  receiver

iperf Done.
