Connecting to host 10.136.80.165, port 5201
[  5] local 10.136.173.69 port 44506 connected to 10.136.80.165 port 5201
[ ID] Interval           Transfer     Bitrate         Total Datagrams
[  5]   0.00-1.00   sec  54.3 MBytes   455 Mbits/sec  48310  (omitted)
[  5]   0.00-1.00   sec  53.7 MBytes   450 Mbits/sec  47790  
[  5]   1.00-2.00   sec  50.8 MBytes   426 Mbits/sec  45180  
[  5]   2.00-3.00   sec  54.0 MBytes   453 Mbits/sec  48090  
[  5]   3.00-4.00   sec  51.5 MBytes   432 Mbits/sec  45810  
[  5]   4.00-5.00   sec  49.5 MBytes   415 Mbits/sec  44080  
[  5]   5.00-6.00   sec  47.8 MBytes   401 Mbits/sec  42560  
[  5]   6.00-7.00   sec  53.4 MBytes   448 Mbits/sec  47550  
[  5]   7.00-8.00   sec  55.8 MBytes   468 Mbits/sec  49700  
[  5]   8.00-9.00   sec  52.4 MBytes   440 Mbits/sec  46680  
[  5]   9.00-10.00  sec  49.5 MBytes   415 Mbits/sec  44060  
[  5]  10.00-11.00  sec  50.3 MBytes   422 Mbits/sec  44740  
[  5]  11.00-12.00  sec  54.4 MBytes   456 Mbits/sec  48390  
[  5]  12.00-13.00  sec  49.6 MBytes   416 Mbits/sec  44110  
[  5]  13.00-14.00  sec  51.8 MBytes   435 Mbits/sec  46110  
[  5]  14.00-15.00  sec  52.9 MBytes   444 Mbits/sec  47070  
[  5]  15.00-16.00  sec  50.6 MBytes   424 Mbits/sec  45020  
[  5]  16.00-17.00  sec  60.5 MBytes   507 Mbits/sec  53810  
[  5]  17.00-18.00  sec  53.3 MBytes   447 Mbits/sec  47430  
[  5]  18.00-19.00  sec  49.7 MBytes   417 Mbits/sec  44250  
[  5]  19.00-20.00  sec  55.8 MBytes   468 Mbits/sec  49650  
[  5]  20.00-21.00  sec  54.4 MBytes   457 Mbits/sec  48440  
[  5]  21.00-22.00  sec  53.7 MBytes   451 Mbits/sec  47840  
[  5]  22.00-23.00  sec  50.1 MBytes   421 Mbits/sec  44630  
[  5]  23.00-24.00  sec  50.2 MBytes   421 Mbits/sec  44650  
[  5]  24.00-25.00  sec  51.6 MBytes   433 Mbits/sec  45920  
[  5]  25.00-26.00  sec  49.9 MBytes   419 Mbits/sec  44430  
[  5]  26.00-27.00  sec  51.5 MBytes   432 Mbits/sec  45840  
[  5]  27.00-28.00  sec  51.4 MBytes   431 Mbits/sec  45750  
[  5]  28.00-29.00  sec  56.7 MBytes   475 Mbits/sec  50440  
[  5]  29.00-30.00  sec  51.4 MBytes   431 Mbits/sec  45710  
[  5]  30.00-31.00  sec  50.4 MBytes   423 Mbits/sec  44850  
[  5]  31.00-32.00  sec  54.0 MBytes   453 Mbits/sec  48080  
[  5]  32.00-33.00  sec  55.6 MBytes   467 Mbits/sec  49530  
[  5]  33.00-34.00  sec  55.7 MBytes   468 Mbits/sec  49600  
[  5]  34.00-35.00  sec  57.0 MBytes   478 Mbits/sec  50700  
[  5]  35.00-36.00  sec  57.4 MBytes   482 Mbits/sec  51120  
[  5]  36.00-37.00  sec  59.2 MBytes   497 Mbits/sec  52690  
[  5]  37.00-38.00  sec  52.6 MBytes   441 Mbits/sec  46810  
[  5]  38.00-39.00  sec  54.4 MBytes   457 Mbits/sec  48450  
[  5]  39.00-40.00  sec  52.0 MBytes   436 Mbits/sec  46270  
[  5]  40.00-41.00  sec  57.5 MBytes   482 Mbits/sec  51180  
[  5]  41.00-42.00  sec  50.2 MBytes   421 Mbits/sec  44650  
[  5]  42.00-43.00  sec  52.8 MBytes   443 Mbits/sec  47010  
[  5]  43.00-44.00  sec  56.5 MBytes   474 Mbits/sec  50250  
[  5]  44.00-45.00  sec  55.2 MBytes   463 Mbits/sec  49100  
[  5]  45.00-46.00  sec  55.4 MBytes   465 Mbits/sec  49350  
[  5]  46.00-47.00  sec  57.8 MBytes   485 Mbits/sec  51420  
[  5]  47.00-48.00  sec  54.9 MBytes   461 Mbits/sec  48890  
[  5]  48.00-49.00  sec  50.8 MBytes   426 Mbits/sec  45210  
[  5]  49.00-50.00  sec  57.0 MBytes   478 Mbits/sec  50710  
[  5]  50.00-51.00  sec  55.5 MBytes   465 Mbits/sec  49360  
[  5]  51.00-52.00  sec  56.1 MBytes   470 Mbits/sec  49910  
[  5]  52.00-53.00  sec  59.2 MBytes   496 Mbits/sec  52670  
[  5]  53.00-54.00  sec  56.3 MBytes   472 Mbits/sec  50100  
[  5]  54.00-55.00  sec  57.1 MBytes   479 Mbits/sec  50840  
[  5]  55.00-56.00  sec  53.0 MBytes   445 Mbits/sec  47210  
[  5]  56.00-57.00  sec  52.3 MBytes   439 Mbits/sec  46590  
[  5]  57.00-58.00  sec  52.1 MBytes   437 Mbits/sec  46340  
[  5]  58.00-59.00  sec  56.2 MBytes   472 Mbits/sec  50060  
[  5]  59.00-60.00  sec  59.3 MBytes   498 Mbits/sec  52810  
- - - - - - - - - - - - - - - - - - - - - - - - -
[ ID] Interval           Transfer     Bitrate         Jitter    Lost/Total Datagrams
[  5]   0.00-60.00  sec  3.15 GBytes   450 Mbits/sec  0.000 ms  0/2867490 (0%)  sender
[  5]   0.00-60.13  sec  1.32 GBytes   188 Mbits/sec  0.029 ms  1696726/2867487 (59%)  receiver

iperf Done.
