Connecting to host 10.136.80.155, port 5201
[  5] local 10.136.173.69 port 54616 connected to 10.136.80.155 port 5201
[ ID] Interval           Transfer     Bitrate         Total Datagrams
[  5]   0.00-1.00   sec  96.8 MBytes   812 Mbits/sec  72580  (omitted)
[  5]   0.00-1.00   sec  99.2 MBytes   832 Mbits/sec  74420  
[  5]   1.00-2.00   sec  97.9 MBytes   821 Mbits/sec  73430  
[  5]   2.00-3.00   sec  97.8 MBytes   821 Mbits/sec  73370  
[  5]   3.00-4.00   sec  96.3 MBytes   808 Mbits/sec  72250  
[  5]   4.00-5.00   sec  97.0 MBytes   813 Mbits/sec  72740  
[  5]   5.00-6.00   sec  99.4 MBytes   834 Mbits/sec  74590  
[  5]   6.00-7.00   sec  97.7 MBytes   819 Mbits/sec  73260  
[  5]   7.00-8.00   sec  97.1 MBytes   815 Mbits/sec  72840  
[  5]   8.00-9.00   sec  98.6 MBytes   827 Mbits/sec  73930  
[  5]   9.00-10.00  sec  99.1 MBytes   831 Mbits/sec  74310  
[  5]  10.00-11.00  sec  98.6 MBytes   827 Mbits/sec  73970  
[  5]  11.00-12.00  sec  99.6 MBytes   835 Mbits/sec  74670  
[  5]  12.00-13.00  sec   101 MBytes   844 Mbits/sec  75470  
[  5]  13.00-14.00  sec  97.6 MBytes   819 Mbits/sec  73200  
[  5]  14.00-15.00  sec  99.1 MBytes   831 Mbits/sec  74300  
[  5]  15.00-16.00  sec  99.2 MBytes   832 Mbits/sec  74440  
[  5]  16.00-17.00  sec  98.0 MBytes   823 Mbits/sec  73540  
[  5]  17.00-18.00  sec  98.9 MBytes   830 Mbits/sec  74170  
[  5]  18.00-19.00  sec  98.5 MBytes   826 Mbits/sec  73850  
[  5]  19.00-20.00  sec  99.8 MBytes   837 Mbits/sec  74880  
[  5]  20.00-21.00  sec  98.5 MBytes   826 Mbits/sec  73880  
[  5]  21.00-22.00  sec   101 MBytes   844 Mbits/sec  75460  
[  5]  22.00-23.00  sec  99.8 MBytes   837 Mbits/sec  74870  
[  5]  23.00-24.00  sec  98.1 MBytes   823 Mbits/sec  73590  
[  5]  24.00-25.00  sec  99.3 MBytes   833 Mbits/sec  74510  
[  5]  25.00-26.00  sec   100 MBytes   839 Mbits/sec  75060  
[  5]  26.00-27.00  sec  98.7 MBytes   828 Mbits/sec  74040  
[  5]  27.00-28.00  sec   100 MBytes   843 Mbits/sec  75380  
[  5]  28.00-29.00  sec   100 MBytes   839 Mbits/sec  75000  
[  5]  29.00-30.00  sec   100 MBytes   842 Mbits/sec  75250  
[  5]  30.00-31.00  sec   100 MBytes   841 Mbits/sec  75230  
[  5]  31.00-32.00  sec   101 MBytes   845 Mbits/sec  75540  
[  5]  32.00-33.00  sec   101 MBytes   847 Mbits/sec  75740  
[  5]  33.00-34.00  sec   100 MBytes   839 Mbits/sec  75010  
[  5]  34.00-35.00  sec   101 MBytes   845 Mbits/sec  75560  
[  5]  35.00-36.00  sec   100 MBytes   840 Mbits/sec  75080  
[  5]  36.00-37.00  sec   101 MBytes   844 Mbits/sec  75480  
[  5]  37.00-38.00  sec   101 MBytes   846 Mbits/sec  75630  
[  5]  38.00-39.00  sec   100 MBytes   840 Mbits/sec  75120  
[  5]  39.00-40.00  sec   100 MBytes   839 Mbits/sec  75060  
[  5]  40.00-41.00  sec  99.1 MBytes   832 Mbits/sec  74360  
[  5]  41.00-42.00  sec  99.8 MBytes   838 Mbits/sec  74890  
[  5]  42.00-43.00  sec   101 MBytes   849 Mbits/sec  75940  
[  5]  43.00-44.00  sec   101 MBytes   843 Mbits/sec  75400  
[  5]  44.00-45.00  sec   102 MBytes   852 Mbits/sec  76200  
[  5]  45.00-46.00  sec  99.9 MBytes   838 Mbits/sec  74950  
[  5]  46.00-47.00  sec  99.7 MBytes   836 Mbits/sec  74770  
[  5]  47.00-48.00  sec   101 MBytes   843 Mbits/sec  75410  
[  5]  48.00-49.00  sec   100 MBytes   843 Mbits/sec  75370  
[  5]  49.00-50.00  sec   100 MBytes   842 Mbits/sec  75280  
[  5]  50.00-51.00  sec  99.6 MBytes   835 Mbits/sec  74680  
[  5]  51.00-52.00  sec   102 MBytes   853 Mbits/sec  76280  
[  5]  52.00-53.00  sec   101 MBytes   845 Mbits/sec  75560  
[  5]  53.00-54.00  sec  99.9 MBytes   838 Mbits/sec  74950  
[  5]  54.00-55.00  sec   101 MBytes   845 Mbits/sec  75510  
[  5]  55.00-56.00  sec   102 MBytes   852 Mbits/sec  76140  
[  5]  56.00-57.00  sec   100 MBytes   840 Mbits/sec  75120  
[  5]  57.00-58.00  sec   102 MBytes   853 Mbits/sec  76240  
[  5]  58.00-59.00  sec   101 MBytes   849 Mbits/sec  75910  
[  5]  59.00-60.00  sec   101 MBytes   844 Mbits/sec  75490  
- - - - - - - - - - - - - - - - - - - - - - - - -
[ ID] Interval           Transfer     Bitrate         Jitter    Lost/Total Datagrams
[  5]   0.00-60.00  sec  5.84 GBytes   836 Mbits/sec  0.000 ms  0/4486570 (0%)  sender
[  5]   0.00-61.33  sec   230 MBytes  31.5 Mbits/sec  0.020 ms  4379609/4481862 (98%)  receiver

iperf Done.
