Connecting to host knb-server-1164307, port 5201
[  5] local 10.136.173.109 port 41942 connected to 10.43.156.200 port 5201
[ ID] Interval           Transfer     Bitrate         Retr  Cwnd
[  5]   0.00-1.00   sec   866 KBytes  7.09 Mbits/sec    0    102 KBytes       (omitted)
[  5]   0.00-1.00   sec   569 KBytes  4.66 Mbits/sec    1    132 KBytes       
[  5]   1.00-2.00   sec   696 KBytes  5.70 Mbits/sec    0    163 KBytes       
[  5]   2.00-3.00   sec   253 KBytes  2.07 Mbits/sec    0    169 KBytes       
[  5]   3.00-4.00   sec  2.47 MBytes  20.7 Mbits/sec    0    285 KBytes       
[  5]   4.00-5.00   sec   823 KBytes  6.74 Mbits/sec    0    316 KBytes       
[  5]   5.00-6.00   sec  2.47 MBytes  20.7 Mbits/sec    0    424 KBytes       
[  5]   6.00-7.00   sec  1.24 MBytes  10.4 Mbits/sec    0    481 KBytes       
[  5]   7.00-8.00   sec  0.00 Bytes  0.00 Mbits/sec    0    489 KBytes       
[  5]   8.00-9.00   sec   696 KBytes  5.70 Mbits/sec    0    510 KBytes       
[  5]   9.00-10.00  sec  0.00 Bytes  0.00 Mbits/sec    0    530 KBytes       
[  5]  10.00-11.00  sec  1.48 MBytes  12.4 Mbits/sec    0    648 KBytes       
[  5]  11.00-12.00  sec   949 KBytes  7.77 Mbits/sec    0    718 KBytes       
[  5]  12.00-13.00  sec  0.00 Bytes  0.00 Mbits/sec    0    821 KBytes       
[  5]  13.00-14.00  sec  1.11 MBytes  9.33 Mbits/sec    0    895 KBytes       
[  5]  14.00-15.00  sec  3.75 MBytes  31.5 Mbits/sec    0   1.48 MBytes       
[  5]  15.00-16.00  sec  1.25 MBytes  10.5 Mbits/sec    0   1.59 MBytes       
[  5]  16.00-17.00  sec  1.25 MBytes  10.5 Mbits/sec    0   1.98 MBytes       
[  5]  17.00-18.00  sec  1.25 MBytes  10.5 Mbits/sec    0   2.10 MBytes       
[  5]  18.00-19.00  sec  0.00 Bytes  0.00 Mbits/sec    0   2.13 MBytes       
[  5]  19.00-20.00  sec  0.00 Bytes  0.00 Mbits/sec    0   2.47 MBytes       
[  5]  20.00-21.00  sec  0.00 Bytes  0.00 Mbits/sec    0   2.64 MBytes       
[  5]  21.00-22.00  sec  1.25 MBytes  10.5 Mbits/sec    0   3.28 MBytes       
[  5]  22.00-23.00  sec  1.25 MBytes  10.5 Mbits/sec    0   3.35 MBytes       
[  5]  23.00-24.00  sec  5.00 MBytes  41.9 Mbits/sec    2   4.17 MBytes       
[  5]  24.00-25.00  sec  0.00 Bytes  0.00 Mbits/sec    0   4.17 MBytes       
[  5]  25.00-26.00  sec  0.00 Bytes  0.00 Mbits/sec    0   4.17 MBytes       
[  5]  26.00-27.00  sec  0.00 Bytes  0.00 Mbits/sec    0   4.17 MBytes       
[  5]  27.00-28.00  sec  1.25 MBytes  10.5 Mbits/sec    2   4.17 MBytes       
[  5]  28.00-29.00  sec  0.00 Bytes  0.00 Mbits/sec    0   4.17 MBytes       
[  5]  29.00-30.00  sec  1.25 MBytes  10.5 Mbits/sec    0   4.17 MBytes       
[  5]  30.00-31.00  sec  0.00 Bytes  0.00 Mbits/sec    0   4.17 MBytes       
[  5]  31.00-32.00  sec  1.25 MBytes  10.5 Mbits/sec    0   4.17 MBytes       
[  5]  32.00-33.00  sec  3.71 MBytes  31.1 Mbits/sec    0   4.17 MBytes       
[  5]  33.00-34.00  sec  0.00 Bytes  0.00 Mbits/sec    0   4.17 MBytes       
[  5]  34.00-35.00  sec  1.16 MBytes  9.72 Mbits/sec    0   4.17 MBytes       
[  5]  35.00-36.00  sec  1.25 MBytes  10.5 Mbits/sec    0   4.17 MBytes       
[  5]  36.00-37.00  sec  0.00 Bytes  0.00 Mbits/sec    0   4.17 MBytes       
[  5]  37.00-38.00  sec  0.00 Bytes  0.00 Mbits/sec    0   4.17 MBytes       
[  5]  38.00-39.00  sec  2.49 MBytes  20.9 Mbits/sec    0   4.17 MBytes       
[  5]  39.00-40.00  sec  1.25 MBytes  10.5 Mbits/sec    0   4.17 MBytes       
[  5]  40.00-41.00  sec  1.25 MBytes  10.5 Mbits/sec    0   4.17 MBytes       
[  5]  41.00-42.00  sec  0.00 Bytes  0.00 Mbits/sec    0   4.17 MBytes       
[  5]  42.00-43.00  sec  0.00 Bytes  0.00 Mbits/sec    0   4.17 MBytes       
[  5]  43.00-44.00  sec  1.25 MBytes  10.5 Mbits/sec    0   4.17 MBytes       
[  5]  44.00-45.00  sec  0.00 Bytes  0.00 Mbits/sec    0   4.17 MBytes       
[  5]  45.00-46.00  sec  2.48 MBytes  20.8 Mbits/sec    0   4.17 MBytes       
[  5]  46.00-47.00  sec  2.39 MBytes  20.1 Mbits/sec    0   4.17 MBytes       
[  5]  47.00-48.00  sec   967 KBytes  7.92 Mbits/sec    0   4.17 MBytes       
[  5]  48.00-49.00  sec  0.00 Bytes  0.00 Mbits/sec    0   4.17 MBytes       
[  5]  49.00-50.00  sec  0.00 Bytes  0.00 Mbits/sec    0   4.17 MBytes       
[  5]  50.00-51.00  sec  0.00 Bytes  0.00 Mbits/sec    0   4.17 MBytes       
[  5]  51.00-52.00  sec  3.75 MBytes  31.5 Mbits/sec    0   4.17 MBytes       
[  5]  52.00-53.00  sec  0.00 Bytes  0.00 Mbits/sec    0   4.17 MBytes       
[  5]  53.00-54.00  sec  1.25 MBytes  10.5 Mbits/sec    2   4.17 MBytes       
[  5]  54.00-55.00  sec  1.22 MBytes  10.2 Mbits/sec    0   4.17 MBytes       
[  5]  55.00-56.00  sec  0.00 Bytes  0.00 Mbits/sec    0   4.17 MBytes       
[  5]  56.00-57.00  sec  0.00 Bytes  0.00 Mbits/sec    0   4.17 MBytes       
[  5]  57.00-58.00  sec  0.00 Bytes  0.00 Mbits/sec    0   4.17 MBytes       
[  5]  58.00-59.00  sec  1.25 MBytes  10.5 Mbits/sec    0   4.18 MBytes       
[  5]  59.00-60.00  sec  0.00 Bytes  0.00 Mbits/sec    0   4.19 MBytes       
- - - - - - - - - - - - - - - - - - - - - - - - -
[ ID] Interval           Transfer     Bitrate         Retr
[  5]   0.00-60.00  sec  57.1 MBytes  7.98 Mbits/sec    7             sender
[  5]   0.00-60.82  sec  57.4 MBytes  7.92 Mbits/sec                  receiver

iperf Done.
