Connecting to host 10.136.80.130, port 5201
[  5] local 10.136.173.123 port 42946 connected to 10.136.80.130 port 5201
[ ID] Interval           Transfer     Bitrate         Retr  Cwnd
[  5]   0.00-1.00   sec   941 KBytes  7.71 Mbits/sec    2   59.8 KBytes       (omitted)
[  5]   0.00-1.00   sec   127 KBytes  1.04 Mbits/sec    1   67.9 KBytes       
[  5]   1.00-2.00   sec   258 KBytes  2.11 Mbits/sec    0   78.2 KBytes       
[  5]   2.00-3.00   sec   253 KBytes  2.07 Mbits/sec    0   90.9 KBytes       
[  5]   3.00-4.00   sec   127 KBytes  1.04 Mbits/sec    0   95.5 KBytes       
[  5]   4.00-5.00   sec  1.48 MBytes  12.4 Mbits/sec    0    156 KBytes       
[  5]   5.00-6.00   sec  1.11 MBytes  9.32 Mbits/sec    0    202 KBytes       
[  5]   6.00-7.00   sec   316 KBytes  2.59 Mbits/sec    0    220 KBytes       
[  5]   7.00-8.00   sec   316 KBytes  2.59 Mbits/sec    0    237 KBytes       
[  5]   8.00-9.00   sec  4.51 MBytes  37.8 Mbits/sec    0    441 KBytes       
[  5]   9.00-10.00  sec  1.92 MBytes  16.1 Mbits/sec    0    525 KBytes       
[  5]  10.00-11.00  sec  2.29 MBytes  19.2 Mbits/sec    0    624 KBytes       
[  5]  11.00-12.00  sec  0.00 Bytes  0.00 Mbits/sec    1    633 KBytes       
[  5]  12.00-13.00  sec  0.00 Bytes  0.00 Mbits/sec    0    637 KBytes       
[  5]  13.00-14.00  sec  1.79 MBytes  15.0 Mbits/sec    0    718 KBytes       
[  5]  14.00-15.00  sec   949 KBytes  7.77 Mbits/sec    0    748 KBytes       
[  5]  15.00-16.00  sec  0.00 Bytes  0.00 Mbits/sec    0    770 KBytes       
[  5]  16.00-17.00  sec  1012 KBytes  8.30 Mbits/sec    0    782 KBytes       
[  5]  17.00-18.00  sec  0.00 Bytes  0.00 Mbits/sec    0    800 KBytes       
[  5]  18.00-19.00  sec  0.00 Bytes  0.00 Mbits/sec    0    803 KBytes       
[  5]  19.00-20.00  sec  0.00 Bytes  0.00 Mbits/sec    0    809 KBytes       
[  5]  20.00-21.00  sec  2.42 MBytes  20.4 Mbits/sec  146    653 KBytes       
[  5]  21.00-22.00  sec  0.00 Bytes  0.00 Mbits/sec    0    659 KBytes       
[  5]  22.00-23.00  sec  1.22 MBytes  10.3 Mbits/sec    0    732 KBytes       
[  5]  23.00-24.00  sec  0.00 Bytes  0.00 Mbits/sec    0    795 KBytes       
[  5]  24.00-25.00  sec  1.24 MBytes  10.4 Mbits/sec    0    865 KBytes       
[  5]  25.00-26.00  sec  2.47 MBytes  20.7 Mbits/sec    0    907 KBytes       
[  5]  26.00-27.00  sec  1.17 MBytes  9.85 Mbits/sec    0    919 KBytes       
[  5]  27.00-28.00  sec  0.00 Bytes  0.00 Mbits/sec    0    925 KBytes       
[  5]  28.00-29.00  sec  1.17 MBytes  9.85 Mbits/sec    0    927 KBytes       
[  5]  29.00-30.00  sec  3.65 MBytes  30.6 Mbits/sec   11    722 KBytes       
[  5]  30.00-31.00  sec  0.00 Bytes  0.00 Mbits/sec    0    652 KBytes       
[  5]  31.00-32.00  sec  1.17 MBytes  9.85 Mbits/sec    0    679 KBytes       
[  5]  32.00-33.00  sec  0.00 Bytes  0.00 Mbits/sec    0    702 KBytes       
[  5]  33.00-34.00  sec  2.49 MBytes  20.9 Mbits/sec   18    548 KBytes       
[  5]  34.00-35.00  sec  1.22 MBytes  10.3 Mbits/sec    0    587 KBytes       
[  5]  35.00-36.00  sec  1.24 MBytes  10.4 Mbits/sec    0    630 KBytes       
[  5]  36.00-37.00  sec  0.00 Bytes  0.00 Mbits/sec    0    638 KBytes       
[  5]  37.00-38.00  sec  1.17 MBytes  9.85 Mbits/sec    4    453 KBytes       
[  5]  38.00-39.00  sec  1.17 MBytes  9.85 Mbits/sec    0    487 KBytes       
[  5]  39.00-40.00  sec  0.00 Bytes  0.00 Mbits/sec    0    492 KBytes       
[  5]  40.00-41.00  sec  0.00 Bytes  0.00 Mbits/sec    0    512 KBytes       
[  5]  41.00-42.00  sec  0.00 Bytes  0.00 Mbits/sec    0    523 KBytes       
[  5]  42.00-43.00  sec  0.00 Bytes  0.00 Mbits/sec    0    533 KBytes       
[  5]  43.00-44.00  sec  1.17 MBytes  9.86 Mbits/sec    0    537 KBytes       
[  5]  44.00-45.00  sec  1.24 MBytes  10.4 Mbits/sec    0    545 KBytes       
[  5]  45.00-46.00  sec  0.00 Bytes  0.00 Mbits/sec    0    546 KBytes       
[  5]  46.00-47.00  sec  0.00 Bytes  0.00 Mbits/sec    0    558 KBytes       
[  5]  47.00-48.00  sec  0.00 Bytes  0.00 Mbits/sec    0    568 KBytes       
[  5]  48.00-49.00  sec  1.17 MBytes  9.86 Mbits/sec    0    613 KBytes       
[  5]  49.00-50.00  sec  1.24 MBytes  10.4 Mbits/sec    0    660 KBytes       
[  5]  50.00-51.00  sec  0.00 Bytes  0.00 Mbits/sec    0    666 KBytes       
[  5]  51.00-52.00  sec  0.00 Bytes  0.00 Mbits/sec    1   15.0 KBytes       
[  5]  52.00-53.00  sec  0.00 Bytes  0.00 Mbits/sec    0    673 KBytes       
[  5]  53.00-54.00  sec  1.17 MBytes  9.85 Mbits/sec    0    688 KBytes       
[  5]  54.00-55.00  sec  0.00 Bytes  0.00 Mbits/sec    0    707 KBytes       
[  5]  55.00-56.00  sec  0.00 Bytes  0.00 Mbits/sec    0    729 KBytes       
[  5]  56.00-57.00  sec  3.65 MBytes  30.6 Mbits/sec    0    881 KBytes       
[  5]  57.00-58.00  sec  0.00 Bytes  0.00 Mbits/sec    0    886 KBytes       
[  5]  58.00-59.00  sec  1.25 MBytes  10.5 Mbits/sec    0    965 KBytes       
[  5]  59.00-60.00  sec  1.25 MBytes  10.5 Mbits/sec    0   1019 KBytes       
- - - - - - - - - - - - - - - - - - - - - - - - -
[ ID] Interval           Transfer     Bitrate         Retr
[  5]   0.00-60.00  sec  50.3 MBytes  7.04 Mbits/sec  182             sender
[  5]   0.00-60.22  sec  48.8 MBytes  6.79 Mbits/sec                  receiver

iperf Done.
