Connecting to host 10.136.80.186, port 5201
[  5] local 10.136.173.122 port 39440 connected to 10.136.80.186 port 5201
[ ID] Interval           Transfer     Bitrate         Retr  Cwnd
[  5]   0.00-1.00   sec  88.3 MBytes   741 Mbits/sec   19    387 KBytes       (omitted)
[  5]   0.00-1.00   sec  90.2 MBytes   757 Mbits/sec    9    351 KBytes       
[  5]   1.00-2.00   sec  86.9 MBytes   729 Mbits/sec   49    216 KBytes       
[  5]   2.00-3.00   sec  86.2 MBytes   723 Mbits/sec   25    219 KBytes       
[  5]   3.00-4.00   sec  88.8 MBytes   745 Mbits/sec    0    399 KBytes       
[  5]   4.00-5.00   sec  89.0 MBytes   746 Mbits/sec   14    307 KBytes       
[  5]   5.00-6.00   sec  88.2 MBytes   740 Mbits/sec   14    354 KBytes       
[  5]   6.00-7.00   sec  86.1 MBytes   723 Mbits/sec   19    242 KBytes       
[  5]   7.00-8.00   sec  86.3 MBytes   724 Mbits/sec   17    174 KBytes       
[  5]   8.00-9.00   sec  84.5 MBytes   709 Mbits/sec    7    311 KBytes       
[  5]   9.00-10.00  sec  84.2 MBytes   706 Mbits/sec   26    194 KBytes       
[  5]  10.00-11.00  sec  84.9 MBytes   712 Mbits/sec   77    350 KBytes       
[  5]  11.00-12.00  sec  88.6 MBytes   743 Mbits/sec   17    286 KBytes       
[  5]  12.00-13.01  sec  87.9 MBytes   732 Mbits/sec   14    336 KBytes       
[  5]  13.01-14.00  sec  84.8 MBytes   716 Mbits/sec   28    230 KBytes       
[  5]  14.00-15.00  sec  83.8 MBytes   703 Mbits/sec   10    283 KBytes       
[  5]  15.00-16.00  sec  86.0 MBytes   721 Mbits/sec   24    262 KBytes       
[  5]  16.00-17.00  sec  82.2 MBytes   689 Mbits/sec   26    201 KBytes       
[  5]  17.00-18.00  sec  86.6 MBytes   727 Mbits/sec    8    278 KBytes       
[  5]  18.00-19.00  sec  82.9 MBytes   696 Mbits/sec   21    216 KBytes       
[  5]  19.00-20.00  sec  83.9 MBytes   704 Mbits/sec   22    214 KBytes       
[  5]  20.00-21.00  sec  84.4 MBytes   708 Mbits/sec    0    390 KBytes       
[  5]  21.00-22.00  sec  87.3 MBytes   732 Mbits/sec   19    294 KBytes       
[  5]  22.00-23.00  sec  81.9 MBytes   687 Mbits/sec   21    284 KBytes       
[  5]  23.00-24.00  sec  78.3 MBytes   657 Mbits/sec   10    273 KBytes       
[  5]  24.00-25.00  sec  85.5 MBytes   717 Mbits/sec   12    251 KBytes       
[  5]  25.00-26.00  sec  79.9 MBytes   669 Mbits/sec   62    224 KBytes       
[  5]  26.00-27.00  sec  87.3 MBytes   734 Mbits/sec   34    213 KBytes       
[  5]  27.00-28.00  sec  85.5 MBytes   717 Mbits/sec   12    237 KBytes       
[  5]  28.00-29.00  sec  86.1 MBytes   722 Mbits/sec    8    349 KBytes       
[  5]  29.00-30.00  sec  77.3 MBytes   648 Mbits/sec   36    199 KBytes       
[  5]  30.00-31.00  sec  86.9 MBytes   729 Mbits/sec    8    380 KBytes       
[  5]  31.00-32.00  sec  84.3 MBytes   707 Mbits/sec   26    207 KBytes       
[  5]  32.00-33.00  sec  85.6 MBytes   718 Mbits/sec   46    283 KBytes       
[  5]  33.00-34.00  sec  86.9 MBytes   729 Mbits/sec   30    235 KBytes       
[  5]  34.00-35.00  sec  87.4 MBytes   733 Mbits/sec   14    239 KBytes       
[  5]  35.00-36.00  sec  87.5 MBytes   734 Mbits/sec   14    254 KBytes       
[  5]  36.00-37.00  sec  83.9 MBytes   704 Mbits/sec   24    216 KBytes       
[  5]  37.00-38.00  sec  79.6 MBytes   668 Mbits/sec   15    220 KBytes       
[  5]  38.00-39.00  sec  86.4 MBytes   725 Mbits/sec   17    315 KBytes       
[  5]  39.00-40.00  sec  87.5 MBytes   734 Mbits/sec   18    205 KBytes       
[  5]  40.00-41.00  sec  86.9 MBytes   729 Mbits/sec    7    320 KBytes       
[  5]  41.00-42.00  sec  84.2 MBytes   706 Mbits/sec   14    300 KBytes       
[  5]  42.00-43.00  sec  82.8 MBytes   694 Mbits/sec   26    213 KBytes       
[  5]  43.00-44.00  sec  82.3 MBytes   690 Mbits/sec   24    171 KBytes       
[  5]  44.00-45.00  sec  86.3 MBytes   724 Mbits/sec   14    305 KBytes       
[  5]  45.00-46.00  sec  88.3 MBytes   741 Mbits/sec   14    291 KBytes       
[  5]  46.00-47.00  sec  87.2 MBytes   732 Mbits/sec   15    311 KBytes       
[  5]  47.00-48.00  sec  81.4 MBytes   683 Mbits/sec   27    238 KBytes       
[  5]  48.00-49.00  sec  82.5 MBytes   692 Mbits/sec   71    291 KBytes       
[  5]  49.00-50.00  sec  82.6 MBytes   693 Mbits/sec   33    225 KBytes       
[  5]  50.00-51.00  sec  77.4 MBytes   649 Mbits/sec   38    309 KBytes       
[  5]  51.00-52.00  sec  77.4 MBytes   650 Mbits/sec   31    450 KBytes       
[  5]  52.00-53.00  sec  84.3 MBytes   707 Mbits/sec   28    234 KBytes       
[  5]  53.00-54.00  sec  84.7 MBytes   711 Mbits/sec   15    270 KBytes       
[  5]  54.00-55.00  sec  84.1 MBytes   705 Mbits/sec   13    230 KBytes       
[  5]  55.00-56.01  sec  86.8 MBytes   724 Mbits/sec   13    326 KBytes       
[  5]  56.01-57.00  sec  85.1 MBytes   718 Mbits/sec   21    193 KBytes       
[  5]  57.00-58.00  sec  84.0 MBytes   704 Mbits/sec   62    273 KBytes       
[  5]  58.00-59.00  sec  82.9 MBytes   696 Mbits/sec   14    296 KBytes       
[  5]  59.00-60.00  sec  83.2 MBytes   698 Mbits/sec   13    307 KBytes       
- - - - - - - - - - - - - - - - - - - - - - - - -
[ ID] Interval           Transfer     Bitrate         Retr
[  5]   0.00-60.00  sec  4.97 GBytes   711 Mbits/sec  1346             sender
[  5]   0.00-60.04  sec  4.97 GBytes   711 Mbits/sec                  receiver

iperf Done.
