Connecting to host 10.136.80.140, port 5201
[  5] local 10.136.173.79 port 50889 connected to 10.136.80.140 port 5201
[ ID] Interval           Transfer     Bitrate         Total Datagrams
[  5]   0.00-1.00   sec  82.1 MBytes   688 Mbits/sec  73050  (omitted)
[  5]   0.00-1.00   sec  83.7 MBytes   702 Mbits/sec  74500  
[  5]   1.00-2.00   sec  82.4 MBytes   691 Mbits/sec  73370  
[  5]   2.00-3.00   sec  83.1 MBytes   697 Mbits/sec  74000  
[  5]   3.00-4.00   sec  83.2 MBytes   698 Mbits/sec  74030  
[  5]   4.00-5.00   sec  83.6 MBytes   701 Mbits/sec  74410  
[  5]   5.00-6.00   sec  82.9 MBytes   695 Mbits/sec  73760  
[  5]   6.00-7.00   sec  83.8 MBytes   703 Mbits/sec  74580  
[  5]   7.00-8.00   sec  83.7 MBytes   702 Mbits/sec  74540  
[  5]   8.00-9.00   sec  82.0 MBytes   688 Mbits/sec  72970  
[  5]   9.00-10.00  sec  83.1 MBytes   697 Mbits/sec  73930  
[  5]  10.00-11.00  sec  83.0 MBytes   696 Mbits/sec  73850  
[  5]  11.00-12.00  sec  82.3 MBytes   690 Mbits/sec  73250  
[  5]  12.00-13.00  sec  82.2 MBytes   690 Mbits/sec  73180  
[  5]  13.00-14.00  sec  82.7 MBytes   694 Mbits/sec  73650  
[  5]  14.00-15.00  sec  82.0 MBytes   688 Mbits/sec  72970  
[  5]  15.00-16.00  sec  81.4 MBytes   683 Mbits/sec  72500  
[  5]  16.00-17.00  sec  81.6 MBytes   684 Mbits/sec  72600  
[  5]  17.00-18.00  sec  81.9 MBytes   687 Mbits/sec  72890  
[  5]  18.00-19.00  sec  81.1 MBytes   680 Mbits/sec  72160  
[  5]  19.00-20.00  sec  83.4 MBytes   700 Mbits/sec  74230  
[  5]  20.00-21.00  sec  83.8 MBytes   703 Mbits/sec  74590  
[  5]  21.00-22.00  sec  82.3 MBytes   691 Mbits/sec  73270  
[  5]  22.00-23.00  sec  82.8 MBytes   694 Mbits/sec  73690  
[  5]  23.00-24.00  sec  84.3 MBytes   707 Mbits/sec  75040  
[  5]  24.00-25.00  sec  83.5 MBytes   700 Mbits/sec  74290  
[  5]  25.00-26.00  sec  82.8 MBytes   695 Mbits/sec  73730  
[  5]  26.00-27.00  sec  83.0 MBytes   696 Mbits/sec  73860  
[  5]  27.00-28.00  sec  84.4 MBytes   708 Mbits/sec  75170  
[  5]  28.00-29.00  sec  82.1 MBytes   689 Mbits/sec  73090  
[  5]  29.00-30.00  sec  82.3 MBytes   690 Mbits/sec  73220  
[  5]  30.00-31.00  sec  82.9 MBytes   695 Mbits/sec  73770  
[  5]  31.00-32.00  sec  81.2 MBytes   682 Mbits/sec  72320  
[  5]  32.00-33.00  sec  82.9 MBytes   696 Mbits/sec  73810  
[  5]  33.00-34.00  sec  82.3 MBytes   690 Mbits/sec  73250  
[  5]  34.00-35.00  sec  81.8 MBytes   686 Mbits/sec  72820  
[  5]  35.00-36.00  sec  81.7 MBytes   685 Mbits/sec  72680  
[  5]  36.00-37.00  sec  83.0 MBytes   696 Mbits/sec  73870  
[  5]  37.00-38.00  sec  83.5 MBytes   700 Mbits/sec  74340  
[  5]  38.00-39.00  sec  81.2 MBytes   681 Mbits/sec  72240  
[  5]  39.00-40.00  sec  81.7 MBytes   686 Mbits/sec  72750  
[  5]  40.00-41.00  sec  81.7 MBytes   685 Mbits/sec  72740  
[  5]  41.00-42.00  sec  82.8 MBytes   695 Mbits/sec  73700  
[  5]  42.00-43.00  sec  83.0 MBytes   696 Mbits/sec  73850  
[  5]  43.00-44.00  sec  82.4 MBytes   692 Mbits/sec  73390  
[  5]  44.00-45.00  sec  81.5 MBytes   684 Mbits/sec  72590  
[  5]  45.00-46.00  sec  81.9 MBytes   687 Mbits/sec  72860  
[  5]  46.00-47.00  sec  81.6 MBytes   684 Mbits/sec  72610  
[  5]  47.00-48.00  sec  82.2 MBytes   690 Mbits/sec  73210  
[  5]  48.00-49.00  sec  81.4 MBytes   683 Mbits/sec  72460  
[  5]  49.00-50.00  sec  81.8 MBytes   686 Mbits/sec  72770  
[  5]  50.00-51.00  sec  81.4 MBytes   683 Mbits/sec  72430  
[  5]  51.00-52.00  sec  81.4 MBytes   683 Mbits/sec  72450  
[  5]  52.00-53.00  sec  82.1 MBytes   689 Mbits/sec  73070  
[  5]  53.00-54.00  sec  82.1 MBytes   689 Mbits/sec  73100  
[  5]  54.00-55.00  sec  81.9 MBytes   687 Mbits/sec  72860  
[  5]  55.00-56.00  sec  81.1 MBytes   680 Mbits/sec  72190  
[  5]  56.00-57.00  sec  81.1 MBytes   680 Mbits/sec  72160  
[  5]  57.00-58.00  sec  81.5 MBytes   684 Mbits/sec  72590  
[  5]  58.00-59.00  sec  81.1 MBytes   680 Mbits/sec  72170  
[  5]  59.00-60.00  sec  82.1 MBytes   689 Mbits/sec  73090  
- - - - - - - - - - - - - - - - - - - - - - - - -
[ ID] Interval           Transfer     Bitrate         Jitter    Lost/Total Datagrams
[  5]   0.00-60.00  sec  4.83 GBytes   691 Mbits/sec  0.000 ms  0/4399460 (0%)  sender
[  5]   0.00-60.96  sec   271 MBytes  37.2 Mbits/sec  0.025 ms  4217132/4387944 (96%)  receiver

iperf Done.
