Connecting to host 10.136.80.133, port 5201
[  5] local 10.136.173.64 port 43188 connected to 10.136.80.133 port 5201
[ ID] Interval           Transfer     Bitrate         Retr  Cwnd
[  5]   0.00-1.00   sec  13.3 MBytes   111 Mbits/sec  240   62.1 KBytes       (omitted)
[  5]   0.00-1.00   sec  7.41 MBytes  62.2 Mbits/sec   20   64.4 KBytes       
[  5]   1.00-2.00   sec  9.02 MBytes  75.7 Mbits/sec   29   70.2 KBytes       
[  5]   2.00-3.00   sec  4.94 MBytes  41.5 Mbits/sec    5   84.0 KBytes       
[  5]   3.00-4.00   sec  10.0 MBytes  84.0 Mbits/sec   44   84.0 KBytes       
[  5]   4.00-5.00   sec  11.2 MBytes  93.8 Mbits/sec   14   93.2 KBytes       
[  5]   5.00-6.00   sec  4.51 MBytes  37.8 Mbits/sec   13   90.9 KBytes       
[  5]   6.00-7.00   sec  7.11 MBytes  59.6 Mbits/sec   39    105 KBytes       
[  5]   7.00-8.00   sec  5.62 MBytes  47.2 Mbits/sec    0    131 KBytes       
[  5]   8.00-9.00   sec  5.93 MBytes  49.8 Mbits/sec   19   98.9 KBytes       
[  5]   9.00-10.00  sec  4.88 MBytes  40.9 Mbits/sec   38   79.4 KBytes       
[  5]  10.00-11.00  sec  5.99 MBytes  50.3 Mbits/sec   32    118 KBytes       
[  5]  11.00-12.00  sec  10.0 MBytes  84.0 Mbits/sec   34   84.0 KBytes       
[  5]  12.00-13.00  sec  4.08 MBytes  34.2 Mbits/sec    0    113 KBytes       
[  5]  13.00-14.00  sec  8.34 MBytes  70.0 Mbits/sec  105   67.9 KBytes       
[  5]  14.00-15.00  sec  8.90 MBytes  74.7 Mbits/sec   25   85.1 KBytes       
[  5]  15.00-16.00  sec  13.3 MBytes   112 Mbits/sec   42   72.5 KBytes       
[  5]  16.00-17.00  sec  13.0 MBytes   109 Mbits/sec   16   82.8 KBytes       
[  5]  17.00-18.00  sec  8.59 MBytes  72.0 Mbits/sec   21   98.9 KBytes       
[  5]  18.00-19.00  sec  11.6 MBytes  97.5 Mbits/sec   50   74.8 KBytes       
[  5]  19.00-20.00  sec  3.71 MBytes  31.1 Mbits/sec    1   77.1 KBytes       
[  5]  20.00-21.00  sec  7.04 MBytes  59.1 Mbits/sec    0    122 KBytes       
[  5]  21.00-22.00  sec  7.11 MBytes  59.6 Mbits/sec   16   90.9 KBytes       
[  5]  22.00-23.00  sec  12.2 MBytes   103 Mbits/sec   35   86.3 KBytes       
[  5]  23.00-24.00  sec  4.08 MBytes  34.2 Mbits/sec    8   89.7 KBytes       
[  5]  24.00-25.00  sec  6.06 MBytes  50.8 Mbits/sec   14    131 KBytes       
[  5]  25.00-26.00  sec  8.16 MBytes  68.4 Mbits/sec   38   79.4 KBytes       
[  5]  26.00-27.00  sec  8.96 MBytes  75.2 Mbits/sec   42    124 KBytes       
[  5]  27.00-28.00  sec  8.16 MBytes  68.4 Mbits/sec   45   59.8 KBytes       
[  5]  28.00-29.00  sec  8.16 MBytes  68.4 Mbits/sec   16   73.6 KBytes       
[  5]  29.00-30.00  sec  7.41 MBytes  62.2 Mbits/sec    1    106 KBytes       
[  5]  30.00-31.00  sec  7.97 MBytes  66.9 Mbits/sec   49   57.5 KBytes       
[  5]  31.00-32.00  sec  7.48 MBytes  62.7 Mbits/sec   20   1.15 KBytes       
[  5]  32.00-33.00  sec  2.97 MBytes  24.9 Mbits/sec    0    211 KBytes       
[  5]  33.00-34.00  sec  13.0 MBytes   109 Mbits/sec  328   62.1 KBytes       
[  5]  34.00-35.00  sec  4.45 MBytes  37.3 Mbits/sec    5   78.2 KBytes       
[  5]  35.00-36.00  sec  7.23 MBytes  60.6 Mbits/sec   16   71.3 KBytes       
[  5]  36.00-37.00  sec  5.56 MBytes  46.6 Mbits/sec    9   82.8 KBytes       
[  5]  37.00-38.00  sec  4.45 MBytes  37.3 Mbits/sec    0    112 KBytes       
[  5]  38.00-39.00  sec  11.7 MBytes  98.5 Mbits/sec   14   88.6 KBytes       
[  5]  39.00-40.00  sec  5.56 MBytes  46.7 Mbits/sec   15   73.6 KBytes       
[  5]  40.00-41.00  sec  5.56 MBytes  46.6 Mbits/sec   57   95.5 KBytes       
[  5]  41.00-42.00  sec  10.0 MBytes  84.0 Mbits/sec   33   87.4 KBytes       
[  5]  42.00-43.00  sec  19.0 MBytes   159 Mbits/sec   27    117 KBytes       
[  5]  43.00-44.00  sec  7.23 MBytes  60.6 Mbits/sec   83   1.15 KBytes       
[  5]  44.00-45.00  sec  8.34 MBytes  70.0 Mbits/sec   20   79.4 KBytes       
[  5]  45.00-46.00  sec  5.07 MBytes  42.5 Mbits/sec    1    289 KBytes       
[  5]  46.00-47.00  sec  11.2 MBytes  94.3 Mbits/sec  132    104 KBytes       
[  5]  47.00-48.00  sec  3.95 MBytes  33.2 Mbits/sec   36   71.3 KBytes       
[  5]  48.00-49.00  sec  2.78 MBytes  23.3 Mbits/sec    1   1.15 KBytes       
[  5]  49.00-50.00  sec  3.34 MBytes  28.0 Mbits/sec    6    128 KBytes       
[  5]  50.00-51.00  sec  3.40 MBytes  28.5 Mbits/sec   56   88.6 KBytes       
[  5]  51.00-52.00  sec  6.67 MBytes  56.0 Mbits/sec   49    100 KBytes       
[  5]  52.00-53.00  sec  5.00 MBytes  42.0 Mbits/sec   61   67.9 KBytes       
[  5]  53.00-54.00  sec  8.34 MBytes  70.0 Mbits/sec    7    102 KBytes       
[  5]  54.00-55.00  sec  3.40 MBytes  28.5 Mbits/sec   50   67.9 KBytes       
[  5]  55.00-56.00  sec  7.23 MBytes  60.6 Mbits/sec    6   1.15 KBytes       
[  5]  56.00-57.00  sec  5.07 MBytes  42.5 Mbits/sec   39    232 KBytes       
[  5]  57.00-58.00  sec  4.45 MBytes  37.3 Mbits/sec    0    269 KBytes       
[  5]  58.00-59.00  sec  5.62 MBytes  47.2 Mbits/sec  186   64.4 KBytes       
[  5]  59.00-60.00  sec  7.79 MBytes  65.3 Mbits/sec    0    120 KBytes       
- - - - - - - - - - - - - - - - - - - - - - - - -
[ ID] Interval           Transfer     Bitrate         Retr
[  5]   0.00-60.00  sec   439 MBytes  61.4 Mbits/sec  2068             sender
[  5]   0.00-60.06  sec   439 MBytes  61.4 Mbits/sec                  receiver

iperf Done.
