Connecting to host 10.136.80.133, port 5201
[  5] local 10.136.173.71 port 47828 connected to 10.136.80.133 port 5201
[ ID] Interval           Transfer     Bitrate         Total Datagrams
[  5]   0.00-1.00   sec  56.7 MBytes   475 Mbits/sec  50450  (omitted)
[  5]   0.00-1.00   sec  55.1 MBytes   462 Mbits/sec  49030  
[  5]   1.00-2.00   sec  58.1 MBytes   487 Mbits/sec  51680  
[  5]   2.00-3.00   sec  56.0 MBytes   470 Mbits/sec  49840  
[  5]   3.00-4.00   sec  52.5 MBytes   440 Mbits/sec  46700  
[  5]   4.00-5.00   sec  57.2 MBytes   480 Mbits/sec  50950  
[  5]   5.00-6.00   sec  56.2 MBytes   471 Mbits/sec  50030  
[  5]   6.00-7.00   sec  56.3 MBytes   473 Mbits/sec  50140  
[  5]   7.00-8.00   sec  59.5 MBytes   499 Mbits/sec  52960  
[  5]   8.00-9.00   sec  61.1 MBytes   512 Mbits/sec  54380  
[  5]   9.00-10.00  sec  56.3 MBytes   472 Mbits/sec  50130  
[  5]  10.00-11.00  sec  60.0 MBytes   503 Mbits/sec  53390  
[  5]  11.00-12.00  sec  58.7 MBytes   492 Mbits/sec  52220  
[  5]  12.00-13.00  sec  56.7 MBytes   476 Mbits/sec  50470  
[  5]  13.00-14.00  sec  58.8 MBytes   493 Mbits/sec  52300  
[  5]  14.00-15.00  sec  57.3 MBytes   481 Mbits/sec  51010  
[  5]  15.00-16.00  sec  57.2 MBytes   480 Mbits/sec  50880  
[  5]  16.00-17.00  sec  55.1 MBytes   462 Mbits/sec  49040  
[  5]  17.00-18.00  sec  55.2 MBytes   463 Mbits/sec  49170  
[  5]  18.00-19.00  sec  55.9 MBytes   469 Mbits/sec  49770  
[  5]  19.00-20.00  sec  59.6 MBytes   500 Mbits/sec  53030  
[  5]  20.00-21.00  sec  59.4 MBytes   498 Mbits/sec  52830  
[  5]  21.00-22.00  sec  61.9 MBytes   519 Mbits/sec  55080  
[  5]  22.00-23.00  sec  55.5 MBytes   465 Mbits/sec  49380  
[  5]  23.00-24.00  sec  56.7 MBytes   476 Mbits/sec  50470  
[  5]  24.00-25.00  sec  58.5 MBytes   491 Mbits/sec  52080  
[  5]  25.00-26.00  sec  61.8 MBytes   519 Mbits/sec  55050  
[  5]  26.00-27.00  sec  57.1 MBytes   479 Mbits/sec  50870  
[  5]  27.00-28.00  sec  54.8 MBytes   459 Mbits/sec  48740  
[  5]  28.00-29.00  sec  60.0 MBytes   503 Mbits/sec  53390  
[  5]  29.00-30.00  sec  56.4 MBytes   473 Mbits/sec  50240  
[  5]  30.00-31.00  sec  62.5 MBytes   524 Mbits/sec  55610  
[  5]  31.00-32.00  sec  58.3 MBytes   489 Mbits/sec  51910  
[  5]  32.00-33.00  sec  49.6 MBytes   416 Mbits/sec  44160  
[  5]  33.00-34.00  sec  59.0 MBytes   495 Mbits/sec  52520  
[  5]  34.00-35.00  sec  59.4 MBytes   498 Mbits/sec  52840  
[  5]  35.00-36.00  sec  57.3 MBytes   481 Mbits/sec  51010  
[  5]  36.00-37.00  sec  52.2 MBytes   438 Mbits/sec  46460  
[  5]  37.00-38.00  sec  60.6 MBytes   509 Mbits/sec  53970  
[  5]  38.00-39.00  sec  55.9 MBytes   469 Mbits/sec  49790  
[  5]  39.00-40.00  sec  56.4 MBytes   473 Mbits/sec  50220  
[  5]  40.00-41.00  sec  61.1 MBytes   513 Mbits/sec  54430  
[  5]  41.00-42.00  sec  57.5 MBytes   483 Mbits/sec  51210  
[  5]  42.00-43.00  sec  57.2 MBytes   480 Mbits/sec  50920  
[  5]  43.00-44.00  sec  55.0 MBytes   461 Mbits/sec  48940  
[  5]  44.00-45.00  sec  54.7 MBytes   459 Mbits/sec  48670  
[  5]  45.00-46.00  sec  56.0 MBytes   469 Mbits/sec  49820  
[  5]  46.00-47.00  sec  56.3 MBytes   472 Mbits/sec  50080  
[  5]  47.00-48.00  sec  59.5 MBytes   499 Mbits/sec  52980  
[  5]  48.00-49.00  sec  59.0 MBytes   495 Mbits/sec  52540  
[  5]  49.00-50.00  sec  56.6 MBytes   475 Mbits/sec  50360  
[  5]  50.00-51.00  sec  59.5 MBytes   499 Mbits/sec  52920  
[  5]  51.00-52.00  sec  55.1 MBytes   462 Mbits/sec  49050  
[  5]  52.00-53.00  sec  52.9 MBytes   444 Mbits/sec  47110  
[  5]  53.00-54.00  sec  57.8 MBytes   485 Mbits/sec  51470  
[  5]  54.00-55.00  sec  55.9 MBytes   469 Mbits/sec  49770  
[  5]  55.00-56.00  sec  55.0 MBytes   462 Mbits/sec  48980  
[  5]  56.00-57.00  sec  54.3 MBytes   455 Mbits/sec  48330  
[  5]  57.00-58.00  sec  49.5 MBytes   415 Mbits/sec  44060  
[  5]  58.00-59.00  sec  58.4 MBytes   489 Mbits/sec  51940  
[  5]  59.00-60.00  sec  59.0 MBytes   495 Mbits/sec  52490  
- - - - - - - - - - - - - - - - - - - - - - - - -
[ ID] Interval           Transfer     Bitrate         Jitter    Lost/Total Datagrams
[  5]   0.00-60.00  sec  3.35 GBytes   479 Mbits/sec  0.000 ms  0/3049810 (0%)  sender
[  5]   0.00-60.12  sec   706 MBytes  98.5 Mbits/sec  0.256 ms  2453127/3049810 (80%)  receiver

iperf Done.
