Connecting to host knb-server-486148, port 5201
[  5] local 10.136.173.73 port 44011 connected to 10.43.74.232 port 5201
[ ID] Interval           Transfer     Bitrate         Total Datagrams
[  5]   0.00-1.00   sec  53.6 MBytes   450 Mbits/sec  47750  (omitted)
[  5]   0.00-1.00   sec  54.2 MBytes   454 Mbits/sec  48210  
[  5]   1.00-2.00   sec  55.4 MBytes   465 Mbits/sec  49280  
[  5]   2.00-3.00   sec  54.3 MBytes   455 Mbits/sec  48320  
[  5]   3.00-4.00   sec  56.7 MBytes   475 Mbits/sec  50440  
[  5]   4.00-5.00   sec  57.5 MBytes   482 Mbits/sec  51180  
[  5]   5.00-6.00   sec  54.0 MBytes   453 Mbits/sec  48050  
[  5]   6.00-7.00   sec  55.9 MBytes   469 Mbits/sec  49790  
[  5]   7.00-8.00   sec  52.0 MBytes   436 Mbits/sec  46270  
[  5]   8.00-9.00   sec  51.8 MBytes   434 Mbits/sec  46090  
[  5]   9.00-10.00  sec  52.9 MBytes   444 Mbits/sec  47070  
[  5]  10.00-11.00  sec  55.7 MBytes   467 Mbits/sec  49580  
[  5]  11.00-12.00  sec  54.6 MBytes   458 Mbits/sec  48610  
[  5]  12.00-13.00  sec  53.8 MBytes   452 Mbits/sec  47930  
[  5]  13.00-14.00  sec  58.0 MBytes   487 Mbits/sec  51670  
[  5]  14.00-15.00  sec  53.6 MBytes   449 Mbits/sec  47680  
[  5]  15.00-16.00  sec  52.0 MBytes   437 Mbits/sec  46330  
[  5]  16.00-17.00  sec  54.0 MBytes   453 Mbits/sec  48060  
[  5]  17.00-18.00  sec  47.4 MBytes   398 Mbits/sec  42210  
[  5]  18.00-19.00  sec  55.2 MBytes   463 Mbits/sec  49110  
[  5]  19.00-20.00  sec  50.1 MBytes   420 Mbits/sec  44580  
[  5]  20.00-21.00  sec  55.3 MBytes   464 Mbits/sec  49250  
[  5]  21.00-22.00  sec  53.9 MBytes   452 Mbits/sec  47950  
[  5]  22.00-23.00  sec  52.5 MBytes   440 Mbits/sec  46750  
[  5]  23.00-24.00  sec  51.0 MBytes   428 Mbits/sec  45430  
[  5]  24.00-25.00  sec  56.8 MBytes   477 Mbits/sec  50570  
[  5]  25.00-26.00  sec  55.0 MBytes   462 Mbits/sec  48960  
[  5]  26.00-27.00  sec  52.8 MBytes   443 Mbits/sec  46970  
[  5]  27.00-28.00  sec  52.8 MBytes   443 Mbits/sec  47020  
[  5]  28.00-29.00  sec  51.9 MBytes   436 Mbits/sec  46230  
[  5]  29.00-30.00  sec  56.6 MBytes   475 Mbits/sec  50400  
[  5]  30.00-31.00  sec  56.2 MBytes   472 Mbits/sec  50050  
[  5]  31.00-32.00  sec  54.3 MBytes   455 Mbits/sec  48310  
[  5]  32.00-33.00  sec  54.1 MBytes   454 Mbits/sec  48150  
[  5]  33.00-34.00  sec  53.1 MBytes   445 Mbits/sec  47260  
[  5]  34.00-35.00  sec  51.7 MBytes   433 Mbits/sec  45980  
[  5]  35.00-36.00  sec  54.8 MBytes   459 Mbits/sec  48740  
[  5]  36.00-37.00  sec  59.7 MBytes   501 Mbits/sec  53130  
[  5]  37.00-38.00  sec  53.7 MBytes   450 Mbits/sec  47780  
[  5]  38.00-39.00  sec  54.7 MBytes   459 Mbits/sec  48660  
[  5]  39.00-40.00  sec  55.6 MBytes   466 Mbits/sec  49480  
[  5]  40.00-41.00  sec  55.1 MBytes   462 Mbits/sec  49030  
[  5]  41.00-42.00  sec  54.9 MBytes   460 Mbits/sec  48830  
[  5]  42.00-43.00  sec  53.9 MBytes   452 Mbits/sec  47970  
[  5]  43.00-44.00  sec  51.4 MBytes   431 Mbits/sec  45750  
[  5]  44.00-45.00  sec  53.4 MBytes   448 Mbits/sec  47540  
[  5]  45.00-46.00  sec  54.3 MBytes   455 Mbits/sec  48310  
[  5]  46.00-47.00  sec  56.6 MBytes   475 Mbits/sec  50390  
[  5]  47.00-48.00  sec  53.7 MBytes   450 Mbits/sec  47760  
[  5]  48.00-49.00  sec  52.6 MBytes   441 Mbits/sec  46830  
[  5]  49.00-50.00  sec  52.2 MBytes   438 Mbits/sec  46430  
[  5]  50.00-51.00  sec  55.7 MBytes   467 Mbits/sec  49560  
[  5]  51.00-52.00  sec  55.9 MBytes   469 Mbits/sec  49800  
[  5]  52.00-53.00  sec  53.0 MBytes   445 Mbits/sec  47180  
[  5]  53.00-54.00  sec  55.1 MBytes   462 Mbits/sec  49060  
[  5]  54.00-55.00  sec  57.2 MBytes   480 Mbits/sec  50950  
[  5]  55.00-56.00  sec  54.0 MBytes   453 Mbits/sec  48050  
[  5]  56.00-57.00  sec  59.4 MBytes   499 Mbits/sec  52910  
[  5]  57.00-58.00  sec  53.1 MBytes   446 Mbits/sec  47290  
[  5]  58.00-59.00  sec  55.4 MBytes   465 Mbits/sec  49300  
[  5]  59.00-60.00  sec  55.1 MBytes   462 Mbits/sec  49040  
- - - - - - - - - - - - - - - - - - - - - - - - -
[ ID] Interval           Transfer     Bitrate         Jitter    Lost/Total Datagrams
[  5]   0.00-60.00  sec  3.18 GBytes   455 Mbits/sec  0.000 ms  0/2899510 (0%)  sender
[  5]   0.00-60.84  sec   713 MBytes  98.3 Mbits/sec  3.312 ms  2295946/2895679 (79%)  receiver

iperf Done.
