Connecting to host 10.136.80.169, port 5201
[  5] local 10.136.173.106 port 55079 connected to 10.136.80.169 port 5201
[ ID] Interval           Transfer     Bitrate         Total Datagrams
[  5]   0.00-1.00   sec  59.5 MBytes   499 Mbits/sec  52970  (omitted)
[  5]   0.00-1.00   sec  60.1 MBytes   504 Mbits/sec  53470  
[  5]   1.00-2.00   sec  59.8 MBytes   502 Mbits/sec  53260  
[  5]   2.00-3.00   sec  58.3 MBytes   489 Mbits/sec  51880  
[  5]   3.00-4.00   sec  57.5 MBytes   482 Mbits/sec  51150  
[  5]   4.00-5.00   sec  58.2 MBytes   489 Mbits/sec  51840  
[  5]   5.00-6.00   sec  61.9 MBytes   519 Mbits/sec  55090  
[  5]   6.00-7.00   sec  75.4 MBytes   633 Mbits/sec  67120  
[  5]   7.00-8.00   sec  72.0 MBytes   604 Mbits/sec  64110  
[  5]   8.00-9.00   sec  66.2 MBytes   556 Mbits/sec  58970  
[  5]   9.00-10.00  sec  81.2 MBytes   682 Mbits/sec  72320  
[  5]  10.00-11.00  sec  80.8 MBytes   678 Mbits/sec  71930  
[  5]  11.00-12.00  sec  80.3 MBytes   674 Mbits/sec  71520  
[  5]  12.00-13.00  sec  78.0 MBytes   654 Mbits/sec  69420  
[  5]  13.00-14.00  sec  81.3 MBytes   682 Mbits/sec  72370  
[  5]  14.00-15.00  sec  81.3 MBytes   682 Mbits/sec  72400  
[  5]  15.00-16.00  sec  81.7 MBytes   685 Mbits/sec  72720  
[  5]  16.00-17.00  sec  82.0 MBytes   688 Mbits/sec  73000  
[  5]  17.00-18.00  sec  82.8 MBytes   694 Mbits/sec  73690  
[  5]  18.00-19.00  sec  82.4 MBytes   691 Mbits/sec  73340  
[  5]  19.00-20.00  sec  77.6 MBytes   651 Mbits/sec  69050  
[  5]  20.00-21.00  sec  78.1 MBytes   656 Mbits/sec  69550  
[  5]  21.00-22.00  sec  71.6 MBytes   600 Mbits/sec  63700  
[  5]  22.00-23.00  sec  83.6 MBytes   701 Mbits/sec  74380  
[  5]  23.00-24.00  sec  82.6 MBytes   693 Mbits/sec  73510  
[  5]  24.00-25.00  sec  82.2 MBytes   690 Mbits/sec  73200  
[  5]  25.00-26.00  sec  82.5 MBytes   692 Mbits/sec  73430  
[  5]  26.00-27.00  sec  82.2 MBytes   690 Mbits/sec  73190  
[  5]  27.00-28.00  sec  83.5 MBytes   700 Mbits/sec  74290  
[  5]  28.00-29.00  sec  82.6 MBytes   693 Mbits/sec  73530  
[  5]  29.00-30.00  sec  64.1 MBytes   537 Mbits/sec  57030  
[  5]  30.00-31.00  sec  58.7 MBytes   493 Mbits/sec  52280  
[  5]  31.00-32.00  sec  58.6 MBytes   492 Mbits/sec  52180  
[  5]  32.00-33.00  sec  64.3 MBytes   540 Mbits/sec  57250  
[  5]  33.00-34.00  sec  77.2 MBytes   648 Mbits/sec  68760  
[  5]  34.00-35.00  sec  83.0 MBytes   696 Mbits/sec  73840  
[  5]  35.00-36.00  sec  82.0 MBytes   688 Mbits/sec  72970  
[  5]  36.00-37.00  sec  82.1 MBytes   689 Mbits/sec  73090  
[  5]  37.00-38.00  sec  82.6 MBytes   693 Mbits/sec  73560  
[  5]  38.00-39.00  sec  81.6 MBytes   685 Mbits/sec  72640  
[  5]  39.00-40.00  sec  82.8 MBytes   695 Mbits/sec  73700  
[  5]  40.00-41.00  sec  83.2 MBytes   698 Mbits/sec  74100  
[  5]  41.00-42.00  sec  83.0 MBytes   696 Mbits/sec  73870  
[  5]  42.00-43.00  sec  83.6 MBytes   701 Mbits/sec  74390  
[  5]  43.00-44.00  sec  81.9 MBytes   687 Mbits/sec  72900  
[  5]  44.00-45.00  sec  83.3 MBytes   699 Mbits/sec  74130  
[  5]  45.00-46.00  sec  82.5 MBytes   692 Mbits/sec  73480  
[  5]  46.00-47.00  sec  81.4 MBytes   683 Mbits/sec  72420  
[  5]  47.00-48.00  sec  81.6 MBytes   684 Mbits/sec  72610  
[  5]  48.00-49.00  sec  80.8 MBytes   677 Mbits/sec  71880  
[  5]  49.00-50.00  sec  82.8 MBytes   695 Mbits/sec  73700  
[  5]  50.00-51.00  sec  82.1 MBytes   689 Mbits/sec  73090  
[  5]  51.00-52.00  sec  81.5 MBytes   684 Mbits/sec  72540  
[  5]  52.00-53.00  sec  85.2 MBytes   714 Mbits/sec  75800  
[  5]  53.00-54.00  sec  81.6 MBytes   685 Mbits/sec  72650  
[  5]  54.00-55.00  sec  82.4 MBytes   691 Mbits/sec  73340  
[  5]  55.00-56.00  sec  83.1 MBytes   697 Mbits/sec  73930  
[  5]  56.00-57.00  sec  81.7 MBytes   685 Mbits/sec  72710  
[  5]  57.00-58.00  sec  83.6 MBytes   701 Mbits/sec  74430  
[  5]  58.00-59.00  sec  81.1 MBytes   680 Mbits/sec  72170  
[  5]  59.00-60.00  sec  82.1 MBytes   688 Mbits/sec  73040  
- - - - - - - - - - - - - - - - - - - - - - - - -
[ ID] Interval           Transfer     Bitrate         Jitter    Lost/Total Datagrams
[  5]   0.00-60.00  sec  4.54 GBytes   651 Mbits/sec  0.000 ms  0/4141910 (0%)  sender
[  5]   0.00-60.08  sec  2.40 GBytes   344 Mbits/sec  0.012 ms  1967325/4141910 (47%)  receiver

iperf Done.
