Connecting to host 10.136.80.163, port 5201
[  5] local 10.136.173.76 port 58788 connected to 10.136.80.163 port 5201
[ ID] Interval           Transfer     Bitrate         Retr  Cwnd
[  5]   0.00-1.00   sec  5.54 MBytes  46.4 Mbits/sec   85    355 KBytes       (omitted)
[  5]   0.00-1.00   sec  7.41 MBytes  62.2 Mbits/sec    0    401 KBytes       
[  5]   1.00-2.00   sec  7.41 MBytes  62.2 Mbits/sec    0    433 KBytes       
[  5]   2.00-3.00   sec  8.65 MBytes  72.6 Mbits/sec    0    453 KBytes       
[  5]   3.00-4.00   sec  8.65 MBytes  72.6 Mbits/sec    0    464 KBytes       
[  5]   4.00-5.00   sec  8.65 MBytes  72.6 Mbits/sec    0    468 KBytes       
[  5]   5.00-6.00   sec  8.65 MBytes  72.6 Mbits/sec    0    468 KBytes       
[  5]   6.00-7.00   sec  8.65 MBytes  72.6 Mbits/sec    0    468 KBytes       
[  5]   7.00-8.00   sec  8.65 MBytes  72.6 Mbits/sec    0    471 KBytes       
[  5]   8.00-9.00   sec  8.65 MBytes  72.6 Mbits/sec    0    477 KBytes       
[  5]   9.00-10.00  sec  9.27 MBytes  77.8 Mbits/sec    0    492 KBytes       
[  5]  10.00-11.00  sec  9.52 MBytes  79.8 Mbits/sec    0    517 KBytes       
[  5]  11.00-12.00  sec  9.76 MBytes  81.9 Mbits/sec    0    554 KBytes       
[  5]  12.00-13.00  sec  11.4 MBytes  95.9 Mbits/sec    0    609 KBytes       
[  5]  13.00-14.00  sec  11.7 MBytes  98.5 Mbits/sec    0    681 KBytes       
[  5]  14.00-15.00  sec  14.1 MBytes   119 Mbits/sec    0    774 KBytes       
[  5]  15.00-16.00  sec  11.6 MBytes  97.4 Mbits/sec    9    617 KBytes       
[  5]  16.00-17.00  sec  11.5 MBytes  96.4 Mbits/sec    0    679 KBytes       
[  5]  17.00-18.00  sec  13.5 MBytes   114 Mbits/sec    0    725 KBytes       
[  5]  18.00-19.00  sec  13.7 MBytes   115 Mbits/sec    0    756 KBytes       
[  5]  19.00-20.00  sec  14.6 MBytes   123 Mbits/sec    0    775 KBytes       
[  5]  20.00-21.00  sec  10.7 MBytes  89.7 Mbits/sec   42    581 KBytes       
[  5]  21.00-22.00  sec  11.6 MBytes  96.9 Mbits/sec    0    618 KBytes       
[  5]  22.00-23.00  sec  11.5 MBytes  96.4 Mbits/sec    0    642 KBytes       
[  5]  23.00-24.00  sec  12.5 MBytes   105 Mbits/sec    0    655 KBytes       
[  5]  24.00-25.00  sec  11.6 MBytes  97.0 Mbits/sec    0    660 KBytes       
[  5]  25.00-26.00  sec  12.5 MBytes   105 Mbits/sec    0    661 KBytes       
[  5]  26.00-27.00  sec  12.6 MBytes   106 Mbits/sec    0    661 KBytes       
[  5]  27.00-28.00  sec  12.4 MBytes   104 Mbits/sec    0    663 KBytes       
[  5]  28.00-29.00  sec  12.5 MBytes   105 Mbits/sec    0    667 KBytes       
[  5]  29.00-30.00  sec  11.6 MBytes  96.9 Mbits/sec    0    680 KBytes       
[  5]  30.00-31.00  sec  13.5 MBytes   114 Mbits/sec    0    701 KBytes       
[  5]  31.00-32.00  sec  12.6 MBytes   106 Mbits/sec    0    734 KBytes       
[  5]  32.00-33.00  sec  14.6 MBytes   123 Mbits/sec    0    782 KBytes       
[  5]  33.00-34.00  sec  14.8 MBytes   124 Mbits/sec    0    848 KBytes       
[  5]  34.00-35.00  sec  17.2 MBytes   145 Mbits/sec    0    935 KBytes       
[  5]  35.00-36.00  sec  16.2 MBytes   135 Mbits/sec   10    730 KBytes       
[  5]  36.00-37.00  sec  15.0 MBytes   126 Mbits/sec   14    567 KBytes       
[  5]  37.00-38.00  sec  10.0 MBytes  83.9 Mbits/sec    0    617 KBytes       
[  5]  38.00-39.00  sec  12.5 MBytes   105 Mbits/sec    0    650 KBytes       
[  5]  39.00-40.00  sec  12.5 MBytes   105 Mbits/sec    0    672 KBytes       
[  5]  40.00-41.00  sec  12.5 MBytes   105 Mbits/sec    0    682 KBytes       
[  5]  41.00-42.00  sec  12.5 MBytes   105 Mbits/sec    0    688 KBytes       
[  5]  42.00-43.00  sec  12.5 MBytes   105 Mbits/sec    0    688 KBytes       
[  5]  43.00-44.00  sec  11.2 MBytes  94.4 Mbits/sec   16    511 KBytes       
[  5]  44.00-45.00  sec  10.0 MBytes  83.9 Mbits/sec    0    574 KBytes       
[  5]  45.00-46.00  sec  11.2 MBytes  94.4 Mbits/sec    0    621 KBytes       
[  5]  46.00-47.00  sec  12.5 MBytes   105 Mbits/sec    0    652 KBytes       
[  5]  47.00-48.00  sec  12.5 MBytes   105 Mbits/sec    0    673 KBytes       
[  5]  48.00-49.00  sec  12.5 MBytes   105 Mbits/sec    0    683 KBytes       
[  5]  49.00-50.00  sec  12.5 MBytes   105 Mbits/sec    0    688 KBytes       
[  5]  50.00-51.00  sec  12.5 MBytes   105 Mbits/sec    0    688 KBytes       
[  5]  51.00-52.00  sec  13.8 MBytes   115 Mbits/sec    0    688 KBytes       
[  5]  52.00-53.00  sec  12.5 MBytes   105 Mbits/sec    0    690 KBytes       
[  5]  53.00-54.00  sec  12.5 MBytes   105 Mbits/sec    0    697 KBytes       
[  5]  54.00-55.00  sec  12.5 MBytes   105 Mbits/sec    0    712 KBytes       
[  5]  55.00-56.00  sec  13.8 MBytes   115 Mbits/sec    0    736 KBytes       
[  5]  56.00-57.00  sec  13.8 MBytes   115 Mbits/sec    0    773 KBytes       
[  5]  57.00-58.00  sec  12.5 MBytes   105 Mbits/sec    2    611 KBytes       
[  5]  58.00-59.00  sec  11.2 MBytes  94.4 Mbits/sec    0    672 KBytes       
[  5]  59.00-60.00  sec  12.5 MBytes   105 Mbits/sec    0    717 KBytes       
- - - - - - - - - - - - - - - - - - - - - - - - -
[ ID] Interval           Transfer     Bitrate         Retr
[  5]   0.00-60.00  sec   712 MBytes  99.6 Mbits/sec   93             sender
[  5]   0.00-60.10  sec   711 MBytes  99.2 Mbits/sec                  receiver

iperf Done.
