Connecting to host 10.136.80.184, port 5201
[  5] local 10.136.173.120 port 52350 connected to 10.136.80.184 port 5201
[ ID] Interval           Transfer     Bitrate         Total Datagrams
[  5]   0.00-1.00   sec  76.3 MBytes   640 Mbits/sec  67910  (omitted)
[  5]   0.00-1.00   sec  61.7 MBytes   518 Mbits/sec  54940  
[  5]   1.00-2.00   sec  60.8 MBytes   510 Mbits/sec  54150  
[  5]   2.00-3.00   sec  61.3 MBytes   514 Mbits/sec  54550  
[  5]   3.00-4.00   sec  61.4 MBytes   515 Mbits/sec  54690  
[  5]   4.00-5.00   sec  58.7 MBytes   492 Mbits/sec  52250  
[  5]   5.00-6.00   sec  59.6 MBytes   500 Mbits/sec  53050  
[  5]   6.00-7.00   sec  61.1 MBytes   513 Mbits/sec  54400  
[  5]   7.00-8.00   sec  63.3 MBytes   531 Mbits/sec  56360  
[  5]   8.00-9.00   sec  63.2 MBytes   530 Mbits/sec  56270  
[  5]   9.00-10.00  sec  63.2 MBytes   531 Mbits/sec  56300  
[  5]  10.00-11.00  sec  61.9 MBytes   519 Mbits/sec  55090  
[  5]  11.00-12.00  sec  65.2 MBytes   547 Mbits/sec  58060  
[  5]  12.00-13.00  sec  61.4 MBytes   515 Mbits/sec  54660  
[  5]  13.00-14.00  sec  61.8 MBytes   519 Mbits/sec  55050  
[  5]  14.00-15.00  sec  60.8 MBytes   510 Mbits/sec  54140  
[  5]  15.00-16.00  sec  63.3 MBytes   531 Mbits/sec  56310  
[  5]  16.00-17.00  sec  61.1 MBytes   513 Mbits/sec  54390  
[  5]  17.00-18.00  sec  61.5 MBytes   516 Mbits/sec  54700  
[  5]  18.00-19.00  sec  62.0 MBytes   520 Mbits/sec  55170  
[  5]  19.00-20.00  sec  62.6 MBytes   525 Mbits/sec  55740  
[  5]  20.00-21.00  sec  62.6 MBytes   525 Mbits/sec  55710  
[  5]  21.00-22.00  sec  66.1 MBytes   555 Mbits/sec  58840  
[  5]  22.00-23.00  sec  62.0 MBytes   520 Mbits/sec  55210  
[  5]  23.00-24.00  sec  61.4 MBytes   515 Mbits/sec  54650  
[  5]  24.00-25.00  sec  61.1 MBytes   513 Mbits/sec  54430  
[  5]  25.00-26.00  sec  62.7 MBytes   526 Mbits/sec  55820  
[  5]  26.00-27.00  sec  65.0 MBytes   545 Mbits/sec  57860  
[  5]  27.00-28.00  sec  62.9 MBytes   527 Mbits/sec  55960  
[  5]  28.00-29.00  sec  63.6 MBytes   534 Mbits/sec  56640  
[  5]  29.00-30.00  sec  77.1 MBytes   646 Mbits/sec  68610  
[  5]  30.00-31.00  sec  58.7 MBytes   492 Mbits/sec  52240  
[  5]  31.00-32.00  sec  62.4 MBytes   523 Mbits/sec  55550  
[  5]  32.00-33.00  sec  60.7 MBytes   510 Mbits/sec  54070  
[  5]  33.00-34.00  sec  64.4 MBytes   540 Mbits/sec  57340  
[  5]  34.00-35.00  sec  64.8 MBytes   543 Mbits/sec  57660  
[  5]  35.00-36.00  sec  62.5 MBytes   525 Mbits/sec  55670  
[  5]  36.00-37.00  sec  65.3 MBytes   548 Mbits/sec  58160  
[  5]  37.00-38.00  sec  65.3 MBytes   548 Mbits/sec  58140  
[  5]  38.00-39.00  sec  64.7 MBytes   543 Mbits/sec  57620  
[  5]  39.00-40.00  sec  62.1 MBytes   521 Mbits/sec  55310  
[  5]  40.00-41.00  sec  62.8 MBytes   527 Mbits/sec  55940  
[  5]  41.00-42.00  sec  67.6 MBytes   567 Mbits/sec  60160  
[  5]  42.00-43.00  sec  63.8 MBytes   535 Mbits/sec  56780  
[  5]  43.00-44.00  sec  61.8 MBytes   518 Mbits/sec  54970  
[  5]  44.00-45.00  sec  61.9 MBytes   519 Mbits/sec  55080  
[  5]  45.00-46.00  sec  61.5 MBytes   516 Mbits/sec  54720  
[  5]  46.00-47.00  sec  63.1 MBytes   529 Mbits/sec  56130  
[  5]  47.00-48.00  sec  62.7 MBytes   526 Mbits/sec  55810  
[  5]  48.00-49.00  sec  62.8 MBytes   527 Mbits/sec  55930  
[  5]  49.00-50.00  sec  62.9 MBytes   528 Mbits/sec  55990  
[  5]  50.00-51.00  sec  63.3 MBytes   531 Mbits/sec  56350  
[  5]  51.00-52.00  sec  62.6 MBytes   525 Mbits/sec  55700  
[  5]  52.00-53.00  sec  64.5 MBytes   541 Mbits/sec  57400  
[  5]  53.00-54.00  sec  65.2 MBytes   547 Mbits/sec  58040  
[  5]  54.00-55.00  sec  61.9 MBytes   520 Mbits/sec  55130  
[  5]  55.00-56.00  sec  63.8 MBytes   535 Mbits/sec  56760  
[  5]  56.00-57.00  sec  62.0 MBytes   520 Mbits/sec  55210  
[  5]  57.00-58.00  sec  64.9 MBytes   544 Mbits/sec  57770  
[  5]  58.00-59.00  sec  67.7 MBytes   568 Mbits/sec  60280  
[  5]  59.00-60.00  sec  64.7 MBytes   543 Mbits/sec  57570  
- - - - - - - - - - - - - - - - - - - - - - - - -
[ ID] Interval           Transfer     Bitrate         Jitter    Lost/Total Datagrams
[  5]   0.00-60.00  sec  3.69 GBytes   529 Mbits/sec  0.000 ms  0/3367480 (0%)  sender
[  5]   0.00-60.05  sec  3.62 GBytes   517 Mbits/sec  7.756 ms  82020/3367097 (2.4%)  receiver

iperf Done.
