Connecting to host knb-server-130623, port 5201
[  5] local 10.136.173.117 port 32855 connected to 10.43.188.147 port 5201
[ ID] Interval           Transfer     Bitrate         Total Datagrams
[  5]   0.00-1.00   sec  50.5 MBytes   424 Mbits/sec  44980  (omitted)
[  5]   0.00-1.00   sec  47.6 MBytes   400 Mbits/sec  42400  
[  5]   1.00-2.00   sec  51.4 MBytes   432 Mbits/sec  45790  
[  5]   2.00-3.00   sec  51.3 MBytes   431 Mbits/sec  45690  
[  5]   3.00-4.00   sec  50.7 MBytes   425 Mbits/sec  45130  
[  5]   4.00-5.00   sec  50.7 MBytes   425 Mbits/sec  45100  
[  5]   5.00-6.00   sec  53.4 MBytes   448 Mbits/sec  47570  
[  5]   6.00-7.00   sec  51.2 MBytes   430 Mbits/sec  45570  
[  5]   7.00-8.00   sec  51.7 MBytes   434 Mbits/sec  46010  
[  5]   8.00-9.00   sec  51.5 MBytes   432 Mbits/sec  45830  
[  5]   9.00-10.00  sec  49.7 MBytes   417 Mbits/sec  44250  
[  5]  10.00-11.00  sec  51.6 MBytes   433 Mbits/sec  45890  
[  5]  11.00-12.00  sec  57.0 MBytes   478 Mbits/sec  50770  
[  5]  12.00-13.00  sec  51.7 MBytes   434 Mbits/sec  46010  
[  5]  13.00-14.00  sec  51.8 MBytes   435 Mbits/sec  46120  
[  5]  14.00-15.00  sec  55.6 MBytes   466 Mbits/sec  49470  
[  5]  15.00-16.00  sec  51.2 MBytes   430 Mbits/sec  45610  
[  5]  16.00-17.00  sec  50.3 MBytes   422 Mbits/sec  44790  
[  5]  17.00-18.00  sec  53.3 MBytes   447 Mbits/sec  47480  
[  5]  18.00-19.00  sec  49.6 MBytes   416 Mbits/sec  44180  
[  5]  19.00-20.00  sec  51.6 MBytes   433 Mbits/sec  45930  
[  5]  20.00-21.00  sec  51.3 MBytes   430 Mbits/sec  45660  
[  5]  21.00-22.00  sec  51.3 MBytes   431 Mbits/sec  45700  
[  5]  22.00-23.00  sec  54.5 MBytes   458 Mbits/sec  48550  
[  5]  23.00-24.00  sec  54.6 MBytes   458 Mbits/sec  48570  
[  5]  24.00-25.00  sec  51.7 MBytes   433 Mbits/sec  45990  
[  5]  25.00-26.00  sec  51.2 MBytes   429 Mbits/sec  45560  
[  5]  26.00-27.00  sec  51.2 MBytes   429 Mbits/sec  45570  
[  5]  27.00-28.00  sec  52.7 MBytes   442 Mbits/sec  46910  
[  5]  28.00-29.00  sec  52.3 MBytes   439 Mbits/sec  46570  
[  5]  29.00-30.00  sec  52.9 MBytes   444 Mbits/sec  47130  
[  5]  30.00-31.00  sec  51.4 MBytes   431 Mbits/sec  45790  
[  5]  31.00-32.00  sec  52.2 MBytes   438 Mbits/sec  46430  
[  5]  32.00-33.00  sec  54.4 MBytes   456 Mbits/sec  48410  
[  5]  33.00-34.00  sec  53.0 MBytes   445 Mbits/sec  47170  
[  5]  34.00-35.00  sec  51.5 MBytes   432 Mbits/sec  45850  
[  5]  35.00-36.00  sec  52.3 MBytes   438 Mbits/sec  46510  
[  5]  36.00-37.00  sec  49.9 MBytes   419 Mbits/sec  44420  
[  5]  37.00-38.00  sec  50.6 MBytes   424 Mbits/sec  45020  
[  5]  38.00-39.00  sec  49.6 MBytes   416 Mbits/sec  44120  
[  5]  39.00-40.00  sec  50.8 MBytes   426 Mbits/sec  45240  
[  5]  40.00-41.00  sec  52.4 MBytes   440 Mbits/sec  46640  
[  5]  41.00-42.00  sec  50.4 MBytes   422 Mbits/sec  44820  
[  5]  42.00-43.00  sec  51.4 MBytes   431 Mbits/sec  45760  
[  5]  43.00-44.00  sec  51.3 MBytes   431 Mbits/sec  45680  
[  5]  44.00-45.00  sec  51.1 MBytes   429 Mbits/sec  45500  
[  5]  45.00-46.00  sec  51.3 MBytes   431 Mbits/sec  45690  
[  5]  46.00-47.00  sec  53.3 MBytes   447 Mbits/sec  47400  
[  5]  47.00-48.00  sec  49.6 MBytes   416 Mbits/sec  44190  
[  5]  48.00-49.00  sec  56.2 MBytes   471 Mbits/sec  50010  
[  5]  49.00-50.00  sec  54.1 MBytes   454 Mbits/sec  48170  
[  5]  50.00-51.00  sec  51.7 MBytes   433 Mbits/sec  45980  
[  5]  51.00-52.00  sec  52.2 MBytes   438 Mbits/sec  46460  
[  5]  52.00-53.00  sec  51.8 MBytes   434 Mbits/sec  46080  
[  5]  53.00-54.00  sec  51.2 MBytes   429 Mbits/sec  45550  
[  5]  54.00-55.00  sec  47.4 MBytes   397 Mbits/sec  42160  
[  5]  55.00-56.00  sec  51.7 MBytes   434 Mbits/sec  46050  
[  5]  56.00-57.00  sec  50.3 MBytes   422 Mbits/sec  44800  
[  5]  57.00-58.00  sec  56.0 MBytes   470 Mbits/sec  49890  
[  5]  58.00-59.00  sec  49.6 MBytes   416 Mbits/sec  44110  
[  5]  59.00-60.00  sec  50.5 MBytes   424 Mbits/sec  44980  
- - - - - - - - - - - - - - - - - - - - - - - - -
[ ID] Interval           Transfer     Bitrate         Jitter    Lost/Total Datagrams
[  5]   0.00-60.00  sec  3.03 GBytes   434 Mbits/sec  0.000 ms  0/2764680 (0%)  sender
[  5]   0.00-60.24  sec  1.88 GBytes   268 Mbits/sec  0.026 ms  1068574/2764680 (39%)  receiver

iperf Done.
