Connecting to host knb-server-204620, port 5201
[  5] local 10.136.173.119 port 42942 connected to 10.43.81.78 port 5201
[ ID] Interval           Transfer     Bitrate         Total Datagrams
[  5]   0.00-1.00   sec  49.7 MBytes   416 Mbits/sec  44200  (omitted)
[  5]   0.00-1.00   sec  52.5 MBytes   440 Mbits/sec  46690  
[  5]   1.00-2.00   sec  51.2 MBytes   429 Mbits/sec  45560  
[  5]   2.00-3.00   sec  53.9 MBytes   452 Mbits/sec  47970  
[  5]   3.00-4.00   sec  51.9 MBytes   436 Mbits/sec  46240  
[  5]   4.00-5.00   sec  50.9 MBytes   427 Mbits/sec  45290  
[  5]   5.00-6.00   sec  50.8 MBytes   426 Mbits/sec  45210  
[  5]   6.00-7.00   sec  51.1 MBytes   429 Mbits/sec  45520  
[  5]   7.00-8.00   sec  50.0 MBytes   420 Mbits/sec  44520  
[  5]   8.00-9.00   sec  51.9 MBytes   435 Mbits/sec  46170  
[  5]   9.00-10.00  sec  52.9 MBytes   444 Mbits/sec  47090  
[  5]  10.00-11.00  sec  51.0 MBytes   428 Mbits/sec  45400  
[  5]  11.00-12.00  sec  53.9 MBytes   452 Mbits/sec  48000  
[  5]  12.00-13.00  sec  48.9 MBytes   410 Mbits/sec  43540  
[  5]  13.00-14.00  sec  51.5 MBytes   432 Mbits/sec  45830  
[  5]  14.00-15.00  sec  50.1 MBytes   421 Mbits/sec  44640  
[  5]  15.00-16.00  sec  50.7 MBytes   425 Mbits/sec  45090  
[  5]  16.00-17.00  sec  50.4 MBytes   423 Mbits/sec  44850  
[  5]  17.00-18.00  sec  50.7 MBytes   425 Mbits/sec  45110  
[  5]  18.00-19.00  sec  51.4 MBytes   431 Mbits/sec  45710  
[  5]  19.00-20.00  sec  51.8 MBytes   435 Mbits/sec  46140  
[  5]  20.00-21.00  sec  50.7 MBytes   425 Mbits/sec  45110  
[  5]  21.00-22.00  sec  52.1 MBytes   437 Mbits/sec  46350  
[  5]  22.00-23.00  sec  49.7 MBytes   417 Mbits/sec  44210  
[  5]  23.00-24.00  sec  53.2 MBytes   447 Mbits/sec  47380  
[  5]  24.00-25.00  sec  53.0 MBytes   444 Mbits/sec  47160  
[  5]  25.00-26.00  sec  47.4 MBytes   398 Mbits/sec  42220  
[  5]  26.00-27.00  sec  51.8 MBytes   435 Mbits/sec  46140  
[  5]  27.00-28.00  sec  51.6 MBytes   433 Mbits/sec  45940  
[  5]  28.00-29.00  sec  50.8 MBytes   426 Mbits/sec  45180  
[  5]  29.00-30.00  sec  53.1 MBytes   445 Mbits/sec  47230  
[  5]  30.00-31.00  sec  52.2 MBytes   438 Mbits/sec  46490  
[  5]  31.00-32.00  sec  50.0 MBytes   419 Mbits/sec  44490  
[  5]  32.00-33.00  sec  50.1 MBytes   421 Mbits/sec  44630  
[  5]  33.00-34.00  sec  51.8 MBytes   435 Mbits/sec  46110  
[  5]  34.00-35.00  sec  52.1 MBytes   437 Mbits/sec  46420  
[  5]  35.00-36.00  sec  51.0 MBytes   428 Mbits/sec  45420  
[  5]  36.00-37.00  sec  50.1 MBytes   420 Mbits/sec  44570  
[  5]  37.00-38.00  sec  51.3 MBytes   431 Mbits/sec  45690  
[  5]  38.00-39.00  sec  52.6 MBytes   441 Mbits/sec  46790  
[  5]  39.00-40.00  sec  49.5 MBytes   415 Mbits/sec  44060  
[  5]  40.00-41.00  sec  52.4 MBytes   439 Mbits/sec  46640  
[  5]  41.00-42.00  sec  50.0 MBytes   419 Mbits/sec  44510  
[  5]  42.00-43.00  sec  49.9 MBytes   418 Mbits/sec  44380  
[  5]  43.00-44.00  sec  52.1 MBytes   437 Mbits/sec  46420  
[  5]  44.00-45.00  sec  51.0 MBytes   428 Mbits/sec  45360  
[  5]  45.00-46.00  sec  50.4 MBytes   423 Mbits/sec  44840  
[  5]  46.00-47.00  sec  53.7 MBytes   450 Mbits/sec  47790  
[  5]  47.00-48.00  sec  50.8 MBytes   426 Mbits/sec  45220  
[  5]  48.00-49.00  sec  49.6 MBytes   416 Mbits/sec  44120  
[  5]  49.00-50.00  sec  50.4 MBytes   423 Mbits/sec  44880  
[  5]  50.00-51.00  sec  51.9 MBytes   435 Mbits/sec  46170  
[  5]  51.00-52.00  sec  50.5 MBytes   423 Mbits/sec  44910  
[  5]  52.00-53.00  sec  50.3 MBytes   422 Mbits/sec  44750  
[  5]  53.00-54.00  sec  49.9 MBytes   418 Mbits/sec  44390  
[  5]  54.00-55.00  sec  49.5 MBytes   415 Mbits/sec  44070  
[  5]  55.00-56.00  sec  51.0 MBytes   428 Mbits/sec  45410  
[  5]  56.00-57.00  sec  50.3 MBytes   422 Mbits/sec  44770  
[  5]  57.00-58.00  sec  51.0 MBytes   428 Mbits/sec  45410  
[  5]  58.00-59.00  sec  52.2 MBytes   438 Mbits/sec  46450  
[  5]  59.00-60.00  sec  53.3 MBytes   447 Mbits/sec  47460  
- - - - - - - - - - - - - - - - - - - - - - - - -
[ ID] Interval           Transfer     Bitrate         Jitter    Lost/Total Datagrams
[  5]   0.00-60.00  sec  3.00 GBytes   429 Mbits/sec  0.000 ms  0/2734110 (0%)  sender
[  5]   0.00-60.23  sec  1.86 GBytes   266 Mbits/sec  0.012 ms  1055697/2734110 (39%)  receiver

iperf Done.
