Connecting to host 10.136.80.169, port 5201
[  5] local 10.136.173.117 port 34760 connected to 10.136.80.169 port 5201
[ ID] Interval           Transfer     Bitrate         Total Datagrams
[  5]   0.00-1.00   sec  51.2 MBytes   429 Mbits/sec  45570  (omitted)
[  5]   0.00-1.00   sec  52.7 MBytes   442 Mbits/sec  46890  
[  5]   1.00-2.00   sec  54.3 MBytes   455 Mbits/sec  48310  
[  5]   2.00-3.00   sec  55.3 MBytes   464 Mbits/sec  49200  
[  5]   3.00-4.00   sec  51.6 MBytes   433 Mbits/sec  45940  
[  5]   4.00-5.00   sec  52.2 MBytes   438 Mbits/sec  46470  
[  5]   5.00-6.00   sec  52.3 MBytes   438 Mbits/sec  46510  
[  5]   6.00-7.00   sec  54.1 MBytes   454 Mbits/sec  48160  
[  5]   7.00-8.00   sec  51.7 MBytes   433 Mbits/sec  46000  
[  5]   8.00-9.00   sec  57.3 MBytes   481 Mbits/sec  51040  
[  5]   9.00-10.00  sec  52.7 MBytes   442 Mbits/sec  46920  
[  5]  10.00-11.00  sec  51.8 MBytes   435 Mbits/sec  46130  
[  5]  11.00-12.00  sec  52.6 MBytes   441 Mbits/sec  46790  
[  5]  12.00-13.00  sec  50.9 MBytes   427 Mbits/sec  45330  
[  5]  13.00-14.00  sec  53.3 MBytes   447 Mbits/sec  47400  
[  5]  14.00-15.00  sec  51.8 MBytes   435 Mbits/sec  46150  
[  5]  15.00-16.00  sec  53.4 MBytes   448 Mbits/sec  47540  
[  5]  16.00-17.00  sec  53.1 MBytes   446 Mbits/sec  47310  
[  5]  17.00-18.00  sec  55.7 MBytes   468 Mbits/sec  49620  
[  5]  18.00-19.00  sec  51.0 MBytes   428 Mbits/sec  45390  
[  5]  19.00-20.00  sec  55.3 MBytes   464 Mbits/sec  49210  
[  5]  20.00-21.00  sec  52.2 MBytes   438 Mbits/sec  46460  
[  5]  21.00-22.00  sec  51.2 MBytes   429 Mbits/sec  45550  
[  5]  22.00-23.00  sec  52.1 MBytes   437 Mbits/sec  46360  
[  5]  23.00-24.00  sec  51.6 MBytes   433 Mbits/sec  45970  
[  5]  24.00-25.00  sec  52.7 MBytes   442 Mbits/sec  46880  
[  5]  25.00-26.00  sec  53.3 MBytes   447 Mbits/sec  47400  
[  5]  26.00-27.00  sec  51.8 MBytes   434 Mbits/sec  46090  
[  5]  27.00-28.00  sec  52.1 MBytes   437 Mbits/sec  46400  
[  5]  28.00-29.00  sec  52.3 MBytes   439 Mbits/sec  46570  
[  5]  29.00-30.00  sec  52.4 MBytes   440 Mbits/sec  46650  
[  5]  30.00-31.00  sec  53.0 MBytes   444 Mbits/sec  47150  
[  5]  31.00-32.00  sec  52.9 MBytes   444 Mbits/sec  47090  
[  5]  32.00-33.00  sec  48.2 MBytes   404 Mbits/sec  42900  
[  5]  33.00-34.00  sec  53.7 MBytes   451 Mbits/sec  47830  
[  5]  34.00-35.00  sec  53.3 MBytes   447 Mbits/sec  47470  
[  5]  35.00-36.00  sec  53.0 MBytes   445 Mbits/sec  47200  
[  5]  36.00-37.00  sec  54.5 MBytes   457 Mbits/sec  48540  
[  5]  37.00-38.00  sec  52.4 MBytes   440 Mbits/sec  46660  
[  5]  38.00-39.00  sec  45.3 MBytes   380 Mbits/sec  40330  
[  5]  39.00-40.00  sec  53.9 MBytes   452 Mbits/sec  47980  
[  5]  40.00-41.00  sec  53.6 MBytes   450 Mbits/sec  47720  
[  5]  41.00-42.00  sec  53.9 MBytes   452 Mbits/sec  47960  
[  5]  42.00-43.00  sec  55.1 MBytes   463 Mbits/sec  49070  
[  5]  43.00-44.00  sec  53.2 MBytes   446 Mbits/sec  47370  
[  5]  44.00-45.00  sec  50.7 MBytes   425 Mbits/sec  45100  
[  5]  45.00-46.00  sec  53.2 MBytes   447 Mbits/sec  47390  
[  5]  46.00-47.00  sec  54.6 MBytes   458 Mbits/sec  48630  
[  5]  47.00-48.00  sec  51.1 MBytes   429 Mbits/sec  45520  
[  5]  48.00-49.00  sec  51.2 MBytes   429 Mbits/sec  45540  
[  5]  49.00-50.00  sec  51.6 MBytes   433 Mbits/sec  45970  
[  5]  50.00-51.00  sec  51.1 MBytes   429 Mbits/sec  45520  
[  5]  51.00-52.00  sec  52.0 MBytes   436 Mbits/sec  46290  
[  5]  52.00-53.00  sec  51.9 MBytes   435 Mbits/sec  46160  
[  5]  53.00-54.00  sec  55.4 MBytes   465 Mbits/sec  49310  
[  5]  54.00-55.00  sec  52.7 MBytes   442 Mbits/sec  46900  
[  5]  55.00-56.00  sec  53.5 MBytes   449 Mbits/sec  47660  
[  5]  56.00-57.00  sec  52.4 MBytes   440 Mbits/sec  46660  
[  5]  57.00-58.00  sec  51.7 MBytes   434 Mbits/sec  46060  
[  5]  58.00-59.00  sec  52.0 MBytes   436 Mbits/sec  46270  
[  5]  59.00-60.00  sec  51.6 MBytes   433 Mbits/sec  45910  
- - - - - - - - - - - - - - - - - - - - - - - - -
[ ID] Interval           Transfer     Bitrate         Jitter    Lost/Total Datagrams
[  5]   0.00-60.00  sec  3.08 GBytes   441 Mbits/sec  0.000 ms  0/2810800 (0%)  sender
[  5]   0.00-60.25  sec  1.86 GBytes   266 Mbits/sec  0.008 ms  1130140/2810800 (40%)  receiver

iperf Done.
