Connecting to host 10.136.80.190, port 5201
[  5] local 10.136.173.126 port 34788 connected to 10.136.80.190 port 5201
[ ID] Interval           Transfer     Bitrate         Total Datagrams
[  5]   0.00-1.00   sec  58.8 MBytes   493 Mbits/sec  52320  (omitted)
[  5]   0.00-1.00   sec  57.6 MBytes   483 Mbits/sec  51290  
[  5]   1.00-2.00   sec  42.7 MBytes   358 Mbits/sec  38010  
[  5]   2.00-3.00   sec  50.0 MBytes   419 Mbits/sec  44500  
[  5]   3.00-4.00   sec  56.6 MBytes   475 Mbits/sec  50380  
[  5]   4.00-5.00   sec  48.5 MBytes   407 Mbits/sec  43200  
[  5]   5.00-6.00   sec  51.1 MBytes   428 Mbits/sec  45460  
[  5]   6.00-7.00   sec  51.1 MBytes   429 Mbits/sec  45490  
[  5]   7.00-8.00   sec  53.7 MBytes   450 Mbits/sec  47790  
[  5]   8.00-9.00   sec  61.0 MBytes   512 Mbits/sec  54320  
[  5]   9.00-10.00  sec  53.3 MBytes   447 Mbits/sec  47470  
[  5]  10.00-11.00  sec  59.3 MBytes   498 Mbits/sec  52810  
[  5]  11.00-12.00  sec  54.9 MBytes   461 Mbits/sec  48880  
[  5]  12.00-13.00  sec  59.1 MBytes   496 Mbits/sec  52650  
[  5]  13.00-14.00  sec  56.9 MBytes   477 Mbits/sec  50640  
[  5]  14.00-15.00  sec  58.5 MBytes   490 Mbits/sec  52050  
[  5]  15.00-16.00  sec  53.5 MBytes   449 Mbits/sec  47660  
[  5]  16.00-17.00  sec  50.4 MBytes   423 Mbits/sec  44860  
[  5]  17.00-18.00  sec  62.6 MBytes   525 Mbits/sec  55710  
[  5]  18.00-19.00  sec  56.7 MBytes   476 Mbits/sec  50500  
[  5]  19.00-20.00  sec  55.3 MBytes   464 Mbits/sec  49200  
[  5]  20.00-21.00  sec  59.6 MBytes   500 Mbits/sec  53040  
[  5]  21.00-22.00  sec  53.1 MBytes   445 Mbits/sec  47250  
[  5]  22.00-23.00  sec  59.1 MBytes   496 Mbits/sec  52640  
[  5]  23.00-24.00  sec  46.9 MBytes   393 Mbits/sec  41720  
[  5]  24.00-25.00  sec  51.9 MBytes   435 Mbits/sec  46180  
[  5]  25.00-26.00  sec  55.9 MBytes   469 Mbits/sec  49730  
[  5]  26.00-27.00  sec  52.8 MBytes   443 Mbits/sec  46980  
[  5]  27.00-28.00  sec  54.1 MBytes   454 Mbits/sec  48190  
[  5]  28.00-29.00  sec  49.1 MBytes   412 Mbits/sec  43690  
[  5]  29.00-30.00  sec  56.7 MBytes   476 Mbits/sec  50470  
[  5]  30.00-31.00  sec  54.2 MBytes   455 Mbits/sec  48280  
[  5]  31.00-32.00  sec  56.3 MBytes   472 Mbits/sec  50130  
[  5]  32.00-33.00  sec  53.7 MBytes   451 Mbits/sec  47810  
[  5]  33.00-34.00  sec  60.5 MBytes   508 Mbits/sec  53880  
[  5]  34.00-35.00  sec  58.7 MBytes   492 Mbits/sec  52240  
[  5]  35.00-36.00  sec  58.1 MBytes   488 Mbits/sec  51760  
[  5]  36.00-37.00  sec  55.5 MBytes   466 Mbits/sec  49420  
[  5]  37.00-38.00  sec  55.8 MBytes   468 Mbits/sec  49640  
[  5]  38.00-39.00  sec  55.1 MBytes   462 Mbits/sec  49060  
[  5]  39.00-40.00  sec  58.5 MBytes   491 Mbits/sec  52090  
[  5]  40.00-41.00  sec  52.5 MBytes   441 Mbits/sec  46760  
[  5]  41.00-42.00  sec  60.8 MBytes   510 Mbits/sec  54080  
[  5]  42.00-43.00  sec  55.4 MBytes   465 Mbits/sec  49310  
[  5]  43.00-44.00  sec  44.8 MBytes   376 Mbits/sec  39900  
[  5]  44.00-45.00  sec  57.4 MBytes   482 Mbits/sec  51100  
[  5]  45.00-46.00  sec  60.1 MBytes   504 Mbits/sec  53540  
[  5]  46.00-47.00  sec  56.7 MBytes   475 Mbits/sec  50430  
[  5]  47.00-48.00  sec  55.1 MBytes   463 Mbits/sec  49080  
[  5]  48.00-49.00  sec  56.4 MBytes   473 Mbits/sec  50240  
[  5]  49.00-50.00  sec  56.2 MBytes   471 Mbits/sec  50000  
[  5]  50.00-51.00  sec  59.1 MBytes   496 Mbits/sec  52610  
[  5]  51.00-52.00  sec  53.8 MBytes   452 Mbits/sec  47920  
[  5]  52.00-53.00  sec  57.7 MBytes   484 Mbits/sec  51390  
[  5]  53.00-54.00  sec  55.0 MBytes   461 Mbits/sec  48970  
[  5]  54.00-55.00  sec  62.8 MBytes   527 Mbits/sec  55880  
[  5]  55.00-56.00  sec  65.2 MBytes   547 Mbits/sec  58020  
[  5]  56.00-57.00  sec  56.9 MBytes   477 Mbits/sec  50630  
[  5]  57.00-58.00  sec  53.5 MBytes   449 Mbits/sec  47590  
[  5]  58.00-59.00  sec  57.8 MBytes   485 Mbits/sec  51420  
[  5]  59.00-60.00  sec  55.3 MBytes   464 Mbits/sec  49230  
- - - - - - - - - - - - - - - - - - - - - - - - -
[ ID] Interval           Transfer     Bitrate         Jitter    Lost/Total Datagrams
[  5]   0.00-60.00  sec  3.25 GBytes   466 Mbits/sec  0.000 ms  0/2965170 (0%)  sender
[  5]   0.00-60.05  sec  2.01 GBytes   288 Mbits/sec  0.060 ms  1153439/2965170 (39%)  receiver

iperf Done.
