Connecting to host 10.136.80.183, port 5201
[  5] local 10.136.173.77 port 36438 connected to 10.136.80.183 port 5201
[ ID] Interval           Transfer     Bitrate         Total Datagrams
[  5]   0.00-1.00   sec  54.9 MBytes   461 Mbits/sec  48910  (omitted)
[  5]   0.00-1.00   sec  59.6 MBytes   500 Mbits/sec  53080  
[  5]   1.00-2.00   sec  61.6 MBytes   516 Mbits/sec  54810  
[  5]   2.00-3.00   sec  60.7 MBytes   510 Mbits/sec  54050  
[  5]   3.00-4.00   sec  61.0 MBytes   511 Mbits/sec  54260  
[  5]   4.00-5.00   sec  60.4 MBytes   507 Mbits/sec  53800  
[  5]   5.00-6.00   sec  64.1 MBytes   538 Mbits/sec  57070  
[  5]   6.00-7.00   sec  59.5 MBytes   499 Mbits/sec  52970  
[  5]   7.00-8.00   sec  61.5 MBytes   515 Mbits/sec  54700  
[  5]   8.00-9.00   sec  62.0 MBytes   520 Mbits/sec  55170  
[  5]   9.00-10.00  sec  68.1 MBytes   571 Mbits/sec  60580  
[  5]  10.00-11.00  sec  62.7 MBytes   526 Mbits/sec  55820  
[  5]  11.00-12.00  sec  61.0 MBytes   511 Mbits/sec  54260  
[  5]  12.00-13.00  sec  61.3 MBytes   514 Mbits/sec  54540  
[  5]  13.00-14.00  sec  64.9 MBytes   545 Mbits/sec  57790  
[  5]  14.00-15.00  sec  60.9 MBytes   511 Mbits/sec  54220  
[  5]  15.00-16.00  sec  64.8 MBytes   544 Mbits/sec  57680  
[  5]  16.00-17.00  sec  58.9 MBytes   494 Mbits/sec  52440  
[  5]  17.00-18.00  sec  61.5 MBytes   515 Mbits/sec  54700  
[  5]  18.00-19.00  sec  63.7 MBytes   535 Mbits/sec  56730  
[  5]  19.00-20.00  sec  62.2 MBytes   522 Mbits/sec  55400  
[  5]  20.00-21.00  sec  60.6 MBytes   508 Mbits/sec  53920  
[  5]  21.00-22.00  sec  72.8 MBytes   610 Mbits/sec  64760  
[  5]  22.00-23.00  sec  62.2 MBytes   522 Mbits/sec  55380  
[  5]  23.00-24.00  sec  62.1 MBytes   521 Mbits/sec  55310  
[  5]  24.00-25.00  sec  66.7 MBytes   559 Mbits/sec  59360  
[  5]  25.00-26.00  sec  67.8 MBytes   568 Mbits/sec  60310  
[  5]  26.00-27.00  sec  63.9 MBytes   536 Mbits/sec  56890  
[  5]  27.00-28.00  sec  79.1 MBytes   663 Mbits/sec  70380  
[  5]  28.00-29.00  sec  81.8 MBytes   686 Mbits/sec  72820  
[  5]  29.00-30.00  sec  70.6 MBytes   592 Mbits/sec  62830  
[  5]  30.00-31.00  sec  63.8 MBytes   535 Mbits/sec  56760  
[  5]  31.00-32.00  sec  58.7 MBytes   493 Mbits/sec  52270  
[  5]  32.00-33.00  sec  59.6 MBytes   500 Mbits/sec  53090  
[  5]  33.00-34.00  sec  57.6 MBytes   483 Mbits/sec  51240  
[  5]  34.00-35.00  sec  54.9 MBytes   461 Mbits/sec  48870  
[  5]  35.00-36.00  sec  56.9 MBytes   477 Mbits/sec  50610  
[  5]  36.00-37.00  sec  55.5 MBytes   465 Mbits/sec  49380  
[  5]  37.00-38.00  sec  61.4 MBytes   515 Mbits/sec  54640  
[  5]  38.00-39.00  sec  60.6 MBytes   508 Mbits/sec  53930  
[  5]  39.00-40.00  sec  59.2 MBytes   497 Mbits/sec  52700  
[  5]  40.00-41.00  sec  60.6 MBytes   508 Mbits/sec  53920  
[  5]  41.00-42.00  sec  61.0 MBytes   512 Mbits/sec  54330  
[  5]  42.00-43.00  sec  65.0 MBytes   545 Mbits/sec  57860  
[  5]  43.00-44.00  sec  74.2 MBytes   623 Mbits/sec  66080  
[  5]  44.00-45.00  sec  81.0 MBytes   679 Mbits/sec  72080  
[  5]  45.00-46.00  sec  66.5 MBytes   557 Mbits/sec  59150  
[  5]  46.00-47.00  sec  62.6 MBytes   525 Mbits/sec  55680  
[  5]  47.00-48.00  sec  60.3 MBytes   506 Mbits/sec  53650  
[  5]  48.00-49.00  sec  61.8 MBytes   518 Mbits/sec  54990  
[  5]  49.00-50.00  sec  60.5 MBytes   508 Mbits/sec  53850  
[  5]  50.00-51.00  sec  57.3 MBytes   481 Mbits/sec  51030  
[  5]  51.00-52.00  sec  62.5 MBytes   524 Mbits/sec  55650  
[  5]  52.00-53.00  sec  56.1 MBytes   471 Mbits/sec  49950  
[  5]  53.00-54.00  sec  55.8 MBytes   468 Mbits/sec  49700  
[  5]  54.00-55.00  sec  65.7 MBytes   551 Mbits/sec  58490  
[  5]  55.00-56.00  sec  63.7 MBytes   535 Mbits/sec  56740  
[  5]  56.00-57.00  sec  64.1 MBytes   538 Mbits/sec  57080  
[  5]  57.00-58.00  sec  66.5 MBytes   558 Mbits/sec  59200  
[  5]  58.00-59.00  sec  68.2 MBytes   572 Mbits/sec  60690  
[  5]  59.00-60.00  sec  61.5 MBytes   516 Mbits/sec  54700  
- - - - - - - - - - - - - - - - - - - - - - - - -
[ ID] Interval           Transfer     Bitrate         Jitter    Lost/Total Datagrams
[  5]   0.00-60.00  sec  3.70 GBytes   530 Mbits/sec  0.000 ms  0/3374340 (0%)  sender
[  5]   0.00-60.36  sec   918 MBytes   128 Mbits/sec  0.020 ms  2586934/3373069 (77%)  receiver

iperf Done.
