Connecting to host 10.136.80.181, port 5201
[  5] local 10.136.173.116 port 41821 connected to 10.136.80.181 port 5201
[ ID] Interval           Transfer     Bitrate         Total Datagrams
[  5]   0.00-1.00   sec  79.5 MBytes   667 Mbits/sec  70760  (omitted)
[  5]   0.00-1.00   sec  79.5 MBytes   667 Mbits/sec  70750  
[  5]   1.00-2.00   sec  79.6 MBytes   668 Mbits/sec  70880  
[  5]   2.00-3.00   sec  78.9 MBytes   661 Mbits/sec  70190  
[  5]   3.00-4.00   sec  78.6 MBytes   659 Mbits/sec  69980  
[  5]   4.00-5.00   sec  79.1 MBytes   664 Mbits/sec  70410  
[  5]   5.00-6.00   sec  79.0 MBytes   662 Mbits/sec  70280  
[  5]   6.00-7.00   sec  78.8 MBytes   661 Mbits/sec  70100  
[  5]   7.00-8.00   sec  79.7 MBytes   668 Mbits/sec  70940  
[  5]   8.00-9.00   sec  80.0 MBytes   671 Mbits/sec  71240  
[  5]   9.00-10.00  sec  80.2 MBytes   673 Mbits/sec  71410  
[  5]  10.00-11.00  sec  79.0 MBytes   662 Mbits/sec  70290  
[  5]  11.00-12.00  sec  79.0 MBytes   663 Mbits/sec  70310  
[  5]  12.00-13.00  sec  79.1 MBytes   663 Mbits/sec  70400  
[  5]  13.00-14.00  sec  78.8 MBytes   661 Mbits/sec  70180  
[  5]  14.00-15.00  sec  79.4 MBytes   666 Mbits/sec  70670  
[  5]  15.00-16.00  sec  79.0 MBytes   663 Mbits/sec  70330  
[  5]  16.00-17.00  sec  79.5 MBytes   667 Mbits/sec  70810  
[  5]  17.00-18.00  sec  79.9 MBytes   670 Mbits/sec  71120  
[  5]  18.00-19.00  sec  80.3 MBytes   673 Mbits/sec  71440  
[  5]  19.00-20.00  sec  80.0 MBytes   671 Mbits/sec  71250  
[  5]  20.00-21.00  sec  79.7 MBytes   668 Mbits/sec  70910  
[  5]  21.00-22.00  sec  80.5 MBytes   675 Mbits/sec  71680  
[  5]  22.00-23.00  sec  80.4 MBytes   675 Mbits/sec  71580  
[  5]  23.00-24.00  sec  80.5 MBytes   676 Mbits/sec  71690  
[  5]  24.00-25.00  sec  80.3 MBytes   673 Mbits/sec  71450  
[  5]  25.00-26.00  sec  80.7 MBytes   677 Mbits/sec  71790  
[  5]  26.00-27.00  sec  79.4 MBytes   666 Mbits/sec  70680  
[  5]  27.00-28.00  sec  79.6 MBytes   668 Mbits/sec  70860  
[  5]  28.00-29.00  sec  79.7 MBytes   668 Mbits/sec  70910  
[  5]  29.00-30.00  sec  80.2 MBytes   673 Mbits/sec  71410  
[  5]  30.00-31.00  sec  80.5 MBytes   675 Mbits/sec  71660  
[  5]  31.00-32.00  sec  78.9 MBytes   662 Mbits/sec  70210  
[  5]  32.00-33.00  sec  79.7 MBytes   669 Mbits/sec  70980  
[  5]  33.00-34.00  sec  79.4 MBytes   666 Mbits/sec  70710  
[  5]  34.00-35.00  sec  81.9 MBytes   687 Mbits/sec  72920  
[  5]  35.00-36.00  sec  80.0 MBytes   671 Mbits/sec  71220  
[  5]  36.00-37.00  sec  79.2 MBytes   664 Mbits/sec  70460  
[  5]  37.00-38.00  sec  79.5 MBytes   667 Mbits/sec  70750  
[  5]  38.00-39.00  sec  81.5 MBytes   684 Mbits/sec  72550  
[  5]  39.00-40.00  sec  80.1 MBytes   672 Mbits/sec  71260  
[  5]  40.00-41.00  sec  79.2 MBytes   664 Mbits/sec  70470  
[  5]  41.00-42.00  sec  79.5 MBytes   667 Mbits/sec  70750  
[  5]  42.00-43.00  sec  78.9 MBytes   661 Mbits/sec  70190  
[  5]  43.00-44.00  sec  79.4 MBytes   666 Mbits/sec  70660  
[  5]  44.00-45.00  sec  78.7 MBytes   660 Mbits/sec  70020  
[  5]  45.00-46.00  sec  79.7 MBytes   669 Mbits/sec  70960  
[  5]  46.00-47.00  sec  77.2 MBytes   648 Mbits/sec  68750  
[  5]  47.00-48.00  sec  78.7 MBytes   661 Mbits/sec  70090  
[  5]  48.00-49.00  sec  79.1 MBytes   663 Mbits/sec  70380  
[  5]  49.00-50.00  sec  79.3 MBytes   665 Mbits/sec  70600  
[  5]  50.00-51.00  sec  81.2 MBytes   681 Mbits/sec  72290  
[  5]  51.00-52.00  sec  80.0 MBytes   671 Mbits/sec  71200  
[  5]  52.00-53.00  sec  79.9 MBytes   670 Mbits/sec  71140  
[  5]  53.00-54.00  sec  79.8 MBytes   669 Mbits/sec  71010  
[  5]  54.00-55.00  sec  80.2 MBytes   673 Mbits/sec  71430  
[  5]  55.00-56.00  sec  80.5 MBytes   675 Mbits/sec  71640  
[  5]  56.00-57.00  sec  79.8 MBytes   669 Mbits/sec  70990  
[  5]  57.00-58.00  sec  80.8 MBytes   678 Mbits/sec  71940  
[  5]  58.00-59.00  sec  77.3 MBytes   648 Mbits/sec  68810  
[  5]  59.00-60.00  sec  80.0 MBytes   671 Mbits/sec  71200  
- - - - - - - - - - - - - - - - - - - - - - - - -
[ ID] Interval           Transfer     Bitrate         Jitter    Lost/Total Datagrams
[  5]   0.00-60.00  sec  4.67 GBytes   668 Mbits/sec  0.000 ms  0/4253180 (0%)  sender
[  5]   0.00-60.95  sec   269 MBytes  37.0 Mbits/sec  0.017 ms  4067022/4238746 (96%)  receiver

iperf Done.
