Connecting to host 10.136.80.189, port 5201
[  5] local 10.136.173.91 port 45770 connected to 10.136.80.189 port 5201
[ ID] Interval           Transfer     Bitrate         Retr  Cwnd
[  5]   0.00-1.00   sec  24.3 MBytes   204 Mbits/sec    0   1.10 MBytes       (omitted)
[  5]   0.00-1.00   sec  23.8 MBytes   199 Mbits/sec    0   2.25 MBytes       
[  5]   1.00-2.00   sec  26.2 MBytes   220 Mbits/sec  371   1.33 MBytes       
[  5]   2.00-3.00   sec  27.5 MBytes   231 Mbits/sec  402   1.56 MBytes       
[  5]   3.00-4.00   sec  28.8 MBytes   241 Mbits/sec    0   1.63 MBytes       
[  5]   4.00-5.00   sec  27.5 MBytes   231 Mbits/sec    0   1.69 MBytes       
[  5]   5.00-6.00   sec  26.2 MBytes   220 Mbits/sec    0   1.73 MBytes       
[  5]   6.00-7.00   sec  26.2 MBytes   220 Mbits/sec    0   1.76 MBytes       
[  5]   7.00-8.00   sec  23.8 MBytes   199 Mbits/sec    0   1.78 MBytes       
[  5]   8.00-9.00   sec  35.0 MBytes   294 Mbits/sec    0   1.79 MBytes       
[  5]   9.00-10.00  sec  32.5 MBytes   273 Mbits/sec    2   1.28 MBytes       
[  5]  10.00-11.00  sec  32.5 MBytes   273 Mbits/sec  231    693 KBytes       
[  5]  11.00-12.00  sec  30.0 MBytes   252 Mbits/sec    0    743 KBytes       
[  5]  12.00-13.00  sec  32.5 MBytes   273 Mbits/sec   44    391 KBytes       
[  5]  13.00-14.00  sec  35.0 MBytes   294 Mbits/sec    0    441 KBytes       
[  5]  14.00-15.00  sec  33.8 MBytes   283 Mbits/sec   83    358 KBytes       
[  5]  15.00-16.00  sec  32.5 MBytes   273 Mbits/sec    0    412 KBytes       
[  5]  16.00-17.00  sec  33.8 MBytes   283 Mbits/sec    0    460 KBytes       
[  5]  17.00-18.00  sec  33.8 MBytes   283 Mbits/sec    0    505 KBytes       
[  5]  18.00-19.00  sec  32.5 MBytes   273 Mbits/sec    0    543 KBytes       
[  5]  19.00-20.00  sec  31.2 MBytes   262 Mbits/sec    0    579 KBytes       
[  5]  20.00-21.00  sec  31.2 MBytes   262 Mbits/sec    0    611 KBytes       
[  5]  21.00-22.00  sec  33.8 MBytes   283 Mbits/sec    0    645 KBytes       
[  5]  22.00-23.00  sec  26.2 MBytes   220 Mbits/sec    0    671 KBytes       
[  5]  23.00-24.00  sec  26.2 MBytes   220 Mbits/sec    0    695 KBytes       
[  5]  24.00-25.00  sec  28.8 MBytes   241 Mbits/sec    0    720 KBytes       
[  5]  25.00-26.00  sec  28.8 MBytes   241 Mbits/sec    0    744 KBytes       
[  5]  26.00-27.00  sec  31.2 MBytes   262 Mbits/sec    0    771 KBytes       
[  5]  27.00-28.00  sec  30.0 MBytes   252 Mbits/sec  159    599 KBytes       
[  5]  28.00-29.00  sec  28.8 MBytes   241 Mbits/sec    0    663 KBytes       
[  5]  29.00-30.00  sec  31.2 MBytes   262 Mbits/sec    0    710 KBytes       
[  5]  30.00-31.00  sec  31.2 MBytes   262 Mbits/sec   30    525 KBytes       
[  5]  31.00-32.00  sec  26.2 MBytes   220 Mbits/sec    0    567 KBytes       
[  5]  32.00-33.00  sec  33.8 MBytes   283 Mbits/sec    0    596 KBytes       
[  5]  33.00-34.00  sec  35.0 MBytes   294 Mbits/sec    0    624 KBytes       
[  5]  34.00-35.00  sec  32.5 MBytes   273 Mbits/sec    0    655 KBytes       
[  5]  35.00-36.00  sec  30.0 MBytes   252 Mbits/sec    0    683 KBytes       
[  5]  36.00-37.00  sec  35.0 MBytes   294 Mbits/sec    0    714 KBytes       
[  5]  37.00-38.00  sec  33.8 MBytes   283 Mbits/sec    0    743 KBytes       
[  5]  38.00-39.00  sec  27.5 MBytes   231 Mbits/sec    0    767 KBytes       
[  5]  39.00-40.00  sec  28.8 MBytes   241 Mbits/sec    0    789 KBytes       
[  5]  40.00-41.00  sec  35.0 MBytes   294 Mbits/sec    0    817 KBytes       
[  5]  41.00-42.00  sec  33.8 MBytes   283 Mbits/sec   98    411 KBytes       
[  5]  42.00-43.00  sec  30.0 MBytes   252 Mbits/sec    0    452 KBytes       
[  5]  43.00-44.00  sec  27.5 MBytes   231 Mbits/sec    0    489 KBytes       
[  5]  44.00-45.00  sec  28.8 MBytes   241 Mbits/sec    0    526 KBytes       
[  5]  45.00-46.00  sec  32.5 MBytes   273 Mbits/sec    0    563 KBytes       
[  5]  46.00-47.00  sec  33.8 MBytes   283 Mbits/sec    0    599 KBytes       
[  5]  47.00-48.00  sec  30.0 MBytes   252 Mbits/sec    0    629 KBytes       
[  5]  48.00-49.00  sec  31.2 MBytes   262 Mbits/sec    0    660 KBytes       
[  5]  49.00-50.00  sec  27.5 MBytes   231 Mbits/sec    0    686 KBytes       
[  5]  50.00-51.00  sec  31.2 MBytes   262 Mbits/sec    0    713 KBytes       
[  5]  51.00-52.00  sec  32.5 MBytes   273 Mbits/sec    0    742 KBytes       
[  5]  52.00-53.00  sec  35.0 MBytes   294 Mbits/sec    0    771 KBytes       
[  5]  53.00-54.00  sec  35.0 MBytes   294 Mbits/sec    0    800 KBytes       
[  5]  54.00-55.00  sec  28.8 MBytes   241 Mbits/sec    0    821 KBytes       
[  5]  55.00-56.00  sec  31.2 MBytes   262 Mbits/sec    0    844 KBytes       
[  5]  56.00-57.00  sec  31.2 MBytes   262 Mbits/sec    0    867 KBytes       
[  5]  57.00-58.00  sec  32.5 MBytes   273 Mbits/sec    0    988 KBytes       
[  5]  58.00-59.00  sec  35.0 MBytes   294 Mbits/sec    0   1.12 MBytes       
[  5]  59.00-60.00  sec  31.2 MBytes   262 Mbits/sec    0   1.30 MBytes       
- - - - - - - - - - - - - - - - - - - - - - - - -
[ ID] Interval           Transfer     Bitrate         Retr
[  5]   0.00-60.00  sec  1.81 GBytes   258 Mbits/sec  1420             sender
[  5]   0.00-60.08  sec  1.81 GBytes   258 Mbits/sec                  receiver

iperf Done.
