Connecting to host 10.136.80.189, port 5201
[  5] local 10.136.173.101 port 43227 connected to 10.136.80.189 port 5201
[ ID] Interval           Transfer     Bitrate         Total Datagrams
[  5]   0.00-1.00   sec  65.0 MBytes   545 Mbits/sec  57820  (omitted)
[  5]   0.00-1.00   sec  72.9 MBytes   611 Mbits/sec  64850  
[  5]   1.00-2.00   sec  76.9 MBytes   645 Mbits/sec  68440  
[  5]   2.00-3.00   sec  75.4 MBytes   632 Mbits/sec  67080  
[  5]   3.00-4.00   sec  74.4 MBytes   624 Mbits/sec  66230  
[  5]   4.00-5.00   sec  71.7 MBytes   601 Mbits/sec  63810  
[  5]   5.00-6.00   sec  76.1 MBytes   639 Mbits/sec  67750  
[  5]   6.00-7.00   sec  76.2 MBytes   639 Mbits/sec  67810  
[  5]   7.00-8.00   sec  74.6 MBytes   626 Mbits/sec  66390  
[  5]   8.00-9.00   sec  76.9 MBytes   645 Mbits/sec  68410  
[  5]   9.00-10.00  sec  75.6 MBytes   634 Mbits/sec  67270  
[  5]  10.00-11.00  sec  76.0 MBytes   637 Mbits/sec  67610  
[  5]  11.00-12.00  sec  73.9 MBytes   620 Mbits/sec  65790  
[  5]  12.00-13.00  sec  75.1 MBytes   630 Mbits/sec  66850  
[  5]  13.00-14.00  sec  74.4 MBytes   624 Mbits/sec  66190  
[  5]  14.00-15.00  sec  68.4 MBytes   574 Mbits/sec  60900  
[  5]  15.00-16.00  sec  74.5 MBytes   625 Mbits/sec  66310  
[  5]  16.00-17.00  sec  74.5 MBytes   625 Mbits/sec  66350  
[  5]  17.00-18.00  sec  75.1 MBytes   630 Mbits/sec  66880  
[  5]  18.00-19.00  sec  74.2 MBytes   623 Mbits/sec  66060  
[  5]  19.00-20.00  sec  72.8 MBytes   610 Mbits/sec  64760  
[  5]  20.00-21.00  sec  71.7 MBytes   601 Mbits/sec  63810  
[  5]  21.00-22.00  sec  76.8 MBytes   644 Mbits/sec  68340  
[  5]  22.00-23.00  sec  76.4 MBytes   641 Mbits/sec  68050  
[  5]  23.00-24.00  sec  75.0 MBytes   629 Mbits/sec  66730  
[  5]  24.00-25.00  sec  73.9 MBytes   620 Mbits/sec  65770  
[  5]  25.00-26.00  sec  75.7 MBytes   635 Mbits/sec  67390  
[  5]  26.00-27.00  sec  75.7 MBytes   635 Mbits/sec  67370  
[  5]  27.00-28.00  sec  75.9 MBytes   637 Mbits/sec  67560  
[  5]  28.00-29.00  sec  73.2 MBytes   614 Mbits/sec  65170  
[  5]  29.00-30.00  sec  73.7 MBytes   618 Mbits/sec  65630  
[  5]  30.00-31.00  sec  60.4 MBytes   507 Mbits/sec  53750  
[  5]  31.00-32.00  sec  54.8 MBytes   460 Mbits/sec  48810  
[  5]  32.00-33.00  sec  54.9 MBytes   461 Mbits/sec  48910  
[  5]  33.00-34.00  sec  70.7 MBytes   593 Mbits/sec  62960  
[  5]  34.00-35.00  sec  75.5 MBytes   633 Mbits/sec  67170  
[  5]  35.00-36.00  sec  74.7 MBytes   627 Mbits/sec  66530  
[  5]  36.00-37.00  sec  73.4 MBytes   616 Mbits/sec  65350  
[  5]  37.00-38.00  sec  72.4 MBytes   607 Mbits/sec  64420  
[  5]  38.00-39.00  sec  66.6 MBytes   559 Mbits/sec  59270  
[  5]  39.00-40.00  sec  73.5 MBytes   617 Mbits/sec  65440  
[  5]  40.00-41.00  sec  74.6 MBytes   626 Mbits/sec  66440  
[  5]  41.00-42.00  sec  74.9 MBytes   628 Mbits/sec  66630  
[  5]  42.00-43.00  sec  67.5 MBytes   566 Mbits/sec  60060  
[  5]  43.00-44.00  sec  63.6 MBytes   534 Mbits/sec  56640  
[  5]  44.00-45.00  sec  68.1 MBytes   571 Mbits/sec  60600  
[  5]  45.00-46.00  sec  76.9 MBytes   645 Mbits/sec  68480  
[  5]  46.00-47.00  sec  76.9 MBytes   645 Mbits/sec  68440  
[  5]  47.00-48.00  sec  76.5 MBytes   642 Mbits/sec  68110  
[  5]  48.00-49.00  sec  75.3 MBytes   632 Mbits/sec  67060  
[  5]  49.00-50.00  sec  74.5 MBytes   625 Mbits/sec  66330  
[  5]  50.00-51.00  sec  76.2 MBytes   639 Mbits/sec  67790  
[  5]  51.00-52.00  sec  74.6 MBytes   626 Mbits/sec  66430  
[  5]  52.00-53.00  sec  76.5 MBytes   642 Mbits/sec  68110  
[  5]  53.00-54.00  sec  76.4 MBytes   641 Mbits/sec  68020  
[  5]  54.00-55.00  sec  75.2 MBytes   631 Mbits/sec  66980  
[  5]  55.00-56.00  sec  74.0 MBytes   620 Mbits/sec  65840  
[  5]  56.00-57.00  sec  73.9 MBytes   620 Mbits/sec  65780  
[  5]  57.00-58.00  sec  74.4 MBytes   625 Mbits/sec  66270  
[  5]  58.00-59.00  sec  59.9 MBytes   503 Mbits/sec  53340  
[  5]  59.00-60.00  sec  72.1 MBytes   605 Mbits/sec  64160  
- - - - - - - - - - - - - - - - - - - - - - - - -
[ ID] Interval           Transfer     Bitrate         Jitter    Lost/Total Datagrams
[  5]   0.00-60.00  sec  4.27 GBytes   612 Mbits/sec  0.000 ms  0/3895680 (0%)  sender
[  5]   0.00-60.13  sec  1.70 GBytes   243 Mbits/sec  0.008 ms  2377646/3895636 (61%)  receiver

iperf Done.
