Connecting to host 10.136.80.160, port 5201
[  5] local 10.136.173.89 port 34953 connected to 10.136.80.160 port 5201
[ ID] Interval           Transfer     Bitrate         Total Datagrams
[  5]   0.00-1.00   sec  72.1 MBytes   605 Mbits/sec  64150  (omitted)
[  5]   0.00-1.00   sec  65.1 MBytes   546 Mbits/sec  57940  
[  5]   1.00-2.00   sec  64.0 MBytes   537 Mbits/sec  57010  
[  5]   2.00-3.00   sec  64.9 MBytes   545 Mbits/sec  57810  
[  5]   3.00-4.00   sec  66.5 MBytes   558 Mbits/sec  59190  
[  5]   4.00-5.00   sec  65.9 MBytes   552 Mbits/sec  58620  
[  5]   5.00-6.00   sec  66.6 MBytes   559 Mbits/sec  59280  
[  5]   6.00-7.00   sec  66.3 MBytes   556 Mbits/sec  59000  
[  5]   7.00-8.00   sec  66.9 MBytes   561 Mbits/sec  59550  
[  5]   8.00-9.00   sec  64.9 MBytes   545 Mbits/sec  57780  
[  5]   9.00-10.00  sec  64.0 MBytes   537 Mbits/sec  56960  
[  5]  10.00-11.00  sec  66.1 MBytes   555 Mbits/sec  58850  
[  5]  11.00-12.00  sec  66.3 MBytes   556 Mbits/sec  59000  
[  5]  12.00-13.00  sec  66.2 MBytes   556 Mbits/sec  58950  
[  5]  13.00-14.00  sec  66.8 MBytes   560 Mbits/sec  59460  
[  5]  14.00-15.00  sec  71.6 MBytes   600 Mbits/sec  63710  
[  5]  15.00-16.00  sec  66.5 MBytes   558 Mbits/sec  59170  
[  5]  16.00-17.00  sec  66.4 MBytes   557 Mbits/sec  59130  
[  5]  17.00-18.00  sec  65.8 MBytes   552 Mbits/sec  58580  
[  5]  18.00-19.00  sec  64.7 MBytes   543 Mbits/sec  57620  
[  5]  19.00-20.00  sec  67.2 MBytes   564 Mbits/sec  59840  
[  5]  20.00-21.00  sec  64.4 MBytes   540 Mbits/sec  57330  
[  5]  21.00-22.00  sec  66.3 MBytes   556 Mbits/sec  59050  
[  5]  22.00-23.00  sec  65.4 MBytes   549 Mbits/sec  58200  
[  5]  23.00-24.00  sec  64.3 MBytes   539 Mbits/sec  57240  
[  5]  24.00-25.00  sec  66.9 MBytes   561 Mbits/sec  59520  
[  5]  25.00-26.00  sec  67.2 MBytes   564 Mbits/sec  59830  
[  5]  26.00-27.00  sec  66.2 MBytes   556 Mbits/sec  58940  
[  5]  27.00-28.00  sec  66.9 MBytes   561 Mbits/sec  59570  
[  5]  28.00-29.00  sec  66.3 MBytes   556 Mbits/sec  59040  
[  5]  29.00-30.00  sec  77.0 MBytes   646 Mbits/sec  68550  
[  5]  30.00-31.00  sec  80.6 MBytes   676 Mbits/sec  71760  
[  5]  31.00-32.00  sec  81.1 MBytes   680 Mbits/sec  72210  
[  5]  32.00-33.00  sec  80.3 MBytes   673 Mbits/sec  71460  
[  5]  33.00-34.00  sec  82.3 MBytes   691 Mbits/sec  73280  
[  5]  34.00-35.00  sec  81.7 MBytes   685 Mbits/sec  72700  
[  5]  35.00-36.00  sec  82.6 MBytes   693 Mbits/sec  73520  
[  5]  36.00-37.00  sec  82.9 MBytes   695 Mbits/sec  73760  
[  5]  37.00-38.00  sec  81.7 MBytes   685 Mbits/sec  72740  
[  5]  38.00-39.00  sec  81.9 MBytes   687 Mbits/sec  72890  
[  5]  39.00-40.00  sec  81.9 MBytes   687 Mbits/sec  72890  
[  5]  40.00-41.00  sec  81.1 MBytes   680 Mbits/sec  72150  
[  5]  41.00-42.00  sec  83.3 MBytes   699 Mbits/sec  74150  
[  5]  42.00-43.00  sec  82.1 MBytes   689 Mbits/sec  73070  
[  5]  43.00-44.00  sec  83.1 MBytes   697 Mbits/sec  73960  
[  5]  44.00-45.00  sec  82.4 MBytes   691 Mbits/sec  73380  
[  5]  45.00-46.00  sec  82.8 MBytes   695 Mbits/sec  73690  
[  5]  46.00-47.00  sec  82.8 MBytes   694 Mbits/sec  73680  
[  5]  47.00-48.00  sec  82.9 MBytes   696 Mbits/sec  73800  
[  5]  48.00-49.00  sec  82.7 MBytes   693 Mbits/sec  73580  
[  5]  49.00-50.00  sec  82.1 MBytes   689 Mbits/sec  73070  
[  5]  50.00-51.00  sec  82.0 MBytes   688 Mbits/sec  72970  
[  5]  51.00-52.00  sec  82.2 MBytes   690 Mbits/sec  73210  
[  5]  52.00-53.00  sec  82.2 MBytes   690 Mbits/sec  73170  
[  5]  53.00-54.00  sec  81.3 MBytes   682 Mbits/sec  72380  
[  5]  54.00-55.00  sec  79.9 MBytes   670 Mbits/sec  71130  
[  5]  55.00-56.00  sec  81.9 MBytes   687 Mbits/sec  72890  
[  5]  56.00-57.00  sec  82.7 MBytes   694 Mbits/sec  73640  
[  5]  57.00-58.00  sec  82.6 MBytes   693 Mbits/sec  73510  
[  5]  58.00-59.00  sec  83.0 MBytes   696 Mbits/sec  73870  
[  5]  59.00-60.00  sec  81.2 MBytes   681 Mbits/sec  72270  
- - - - - - - - - - - - - - - - - - - - - - - - -
[ ID] Interval           Transfer     Bitrate         Jitter    Lost/Total Datagrams
[  5]   0.00-60.00  sec  4.35 GBytes   623 Mbits/sec  0.000 ms  0/3965500 (0%)  sender
[  5]   0.00-60.04  sec  4.35 GBytes   623 Mbits/sec  0.014 ms  898/3965498 (0.023%)  receiver

iperf Done.
