Connecting to host 10.136.80.152, port 5201
[  5] local 10.136.173.121 port 33599 connected to 10.136.80.152 port 5201
[ ID] Interval           Transfer     Bitrate         Total Datagrams
[  5]   0.00-1.00   sec  83.9 MBytes   704 Mbits/sec  74670  (omitted)
[  5]   0.00-1.00   sec  85.3 MBytes   716 Mbits/sec  75970  
[  5]   1.00-2.00   sec  82.7 MBytes   694 Mbits/sec  73630  
[  5]   2.00-3.00   sec  82.4 MBytes   691 Mbits/sec  73370  
[  5]   3.00-4.00   sec  83.1 MBytes   697 Mbits/sec  73960  
[  5]   4.00-5.00   sec  83.8 MBytes   703 Mbits/sec  74610  
[  5]   5.00-6.00   sec  83.3 MBytes   699 Mbits/sec  74170  
[  5]   6.00-7.00   sec  83.6 MBytes   701 Mbits/sec  74380  
[  5]   7.00-8.00   sec  83.5 MBytes   700 Mbits/sec  74290  
[  5]   8.00-9.00   sec  83.2 MBytes   698 Mbits/sec  74020  
[  5]   9.00-10.00  sec  82.2 MBytes   690 Mbits/sec  73190  
[  5]  10.00-11.00  sec  82.7 MBytes   693 Mbits/sec  73580  
[  5]  11.00-12.00  sec  82.9 MBytes   695 Mbits/sec  73800  
[  5]  12.00-13.00  sec  83.5 MBytes   701 Mbits/sec  74360  
[  5]  13.00-14.00  sec  82.8 MBytes   695 Mbits/sec  73740  
[  5]  14.00-15.00  sec  83.6 MBytes   701 Mbits/sec  74390  
[  5]  15.00-16.00  sec  83.4 MBytes   700 Mbits/sec  74250  
[  5]  16.00-17.00  sec  83.6 MBytes   702 Mbits/sec  74450  
[  5]  17.00-18.00  sec  83.1 MBytes   697 Mbits/sec  73930  
[  5]  18.00-19.00  sec  82.4 MBytes   691 Mbits/sec  73330  
[  5]  19.00-20.00  sec  83.4 MBytes   700 Mbits/sec  74250  
[  5]  20.00-21.00  sec  83.4 MBytes   700 Mbits/sec  74260  
[  5]  21.00-22.00  sec  82.9 MBytes   695 Mbits/sec  73780  
[  5]  22.00-23.00  sec  83.1 MBytes   697 Mbits/sec  73960  
[  5]  23.00-24.00  sec  83.9 MBytes   704 Mbits/sec  74680  
[  5]  24.00-25.00  sec  81.7 MBytes   685 Mbits/sec  72690  
[  5]  25.00-26.00  sec  82.9 MBytes   696 Mbits/sec  73830  
[  5]  26.00-27.00  sec  85.5 MBytes   717 Mbits/sec  76120  
[  5]  27.00-28.00  sec  84.9 MBytes   712 Mbits/sec  75590  
[  5]  28.00-29.00  sec  84.3 MBytes   707 Mbits/sec  75020  
[  5]  29.00-30.00  sec  84.8 MBytes   711 Mbits/sec  75450  
[  5]  30.00-31.00  sec  84.8 MBytes   711 Mbits/sec  75470  
[  5]  31.00-32.00  sec  84.5 MBytes   709 Mbits/sec  75220  
[  5]  32.00-33.00  sec  84.3 MBytes   707 Mbits/sec  75010  
[  5]  33.00-34.00  sec  84.3 MBytes   707 Mbits/sec  75030  
[  5]  34.00-35.00  sec  83.8 MBytes   703 Mbits/sec  74610  
[  5]  35.00-36.00  sec  83.8 MBytes   703 Mbits/sec  74560  
[  5]  36.00-37.00  sec  82.7 MBytes   694 Mbits/sec  73590  
[  5]  37.00-38.00  sec  83.3 MBytes   699 Mbits/sec  74180  
[  5]  38.00-39.00  sec  84.9 MBytes   712 Mbits/sec  75560  
[  5]  39.00-40.00  sec  84.9 MBytes   713 Mbits/sec  75610  
[  5]  40.00-41.00  sec  85.1 MBytes   714 Mbits/sec  75770  
[  5]  41.00-42.00  sec  84.6 MBytes   710 Mbits/sec  75290  
[  5]  42.00-43.00  sec  84.9 MBytes   712 Mbits/sec  75600  
[  5]  43.00-44.00  sec  85.0 MBytes   713 Mbits/sec  75700  
[  5]  44.00-45.00  sec  85.4 MBytes   717 Mbits/sec  76040  
[  5]  45.00-46.00  sec  84.0 MBytes   705 Mbits/sec  74810  
[  5]  46.00-47.00  sec  85.4 MBytes   717 Mbits/sec  76060  
[  5]  47.00-48.00  sec  85.0 MBytes   713 Mbits/sec  75670  
[  5]  48.00-49.00  sec  84.0 MBytes   705 Mbits/sec  74810  
[  5]  49.00-50.00  sec  84.8 MBytes   711 Mbits/sec  75440  
[  5]  50.00-51.00  sec  85.5 MBytes   717 Mbits/sec  76080  
[  5]  51.00-52.00  sec  84.9 MBytes   712 Mbits/sec  75570  
[  5]  52.00-53.00  sec  84.7 MBytes   711 Mbits/sec  75400  
[  5]  53.00-54.00  sec  85.3 MBytes   716 Mbits/sec  75940  
[  5]  54.00-55.00  sec  85.6 MBytes   718 Mbits/sec  76230  
[  5]  55.00-56.00  sec  84.2 MBytes   706 Mbits/sec  74930  
[  5]  56.00-57.00  sec  85.2 MBytes   715 Mbits/sec  75860  
[  5]  57.00-58.00  sec  85.2 MBytes   715 Mbits/sec  75880  
[  5]  58.00-59.00  sec  84.5 MBytes   709 Mbits/sec  75250  
[  5]  59.00-60.00  sec  84.5 MBytes   709 Mbits/sec  75250  
- - - - - - - - - - - - - - - - - - - - - - - - -
[ ID] Interval           Transfer     Bitrate         Jitter    Lost/Total Datagrams
[  5]   0.00-60.00  sec  4.92 GBytes   705 Mbits/sec  0.000 ms  0/4487470 (0%)  sender
[  5]   0.00-61.32  sec   194 MBytes  26.6 Mbits/sec  0.021 ms  4381938/4482105 (98%)  receiver

iperf Done.
