Connecting to host knb-server-1105227, port 5201
[  5] local 10.136.173.76 port 46281 connected to 10.43.237.124 port 5201
[ ID] Interval           Transfer     Bitrate         Total Datagrams
[  5]   0.00-1.00   sec  69.2 MBytes   580 Mbits/sec  61590  (omitted)
[  5]   0.00-1.00   sec  72.1 MBytes   605 Mbits/sec  64220  
[  5]   1.00-2.00   sec  62.8 MBytes   527 Mbits/sec  55910  
[  5]   2.00-3.00   sec  64.3 MBytes   539 Mbits/sec  57210  
[  5]   3.00-4.00   sec  70.5 MBytes   591 Mbits/sec  62720  
[  5]   4.00-5.00   sec  67.0 MBytes   562 Mbits/sec  59670  
[  5]   5.00-6.00   sec  73.7 MBytes   618 Mbits/sec  65580  
[  5]   6.00-7.00   sec  71.6 MBytes   600 Mbits/sec  63720  
[  5]   7.00-8.00   sec  69.4 MBytes   582 Mbits/sec  61780  
[  5]   8.00-9.00   sec  73.2 MBytes   614 Mbits/sec  65190  
[  5]   9.00-10.00  sec  72.4 MBytes   608 Mbits/sec  64480  
[  5]  10.00-11.00  sec  58.1 MBytes   487 Mbits/sec  51710  
[  5]  11.00-12.00  sec  72.9 MBytes   612 Mbits/sec  64910  
[  5]  12.00-13.00  sec  73.1 MBytes   613 Mbits/sec  65070  
[  5]  13.00-14.00  sec  72.8 MBytes   611 Mbits/sec  64810  
[  5]  14.00-15.00  sec  72.2 MBytes   605 Mbits/sec  64230  
[  5]  15.00-16.00  sec  71.8 MBytes   602 Mbits/sec  63910  
[  5]  16.00-17.00  sec  72.2 MBytes   606 Mbits/sec  64270  
[  5]  17.00-18.00  sec  72.7 MBytes   609 Mbits/sec  64670  
[  5]  18.00-19.00  sec  73.0 MBytes   612 Mbits/sec  64970  
[  5]  19.00-20.00  sec  72.4 MBytes   607 Mbits/sec  64410  
[  5]  20.00-21.00  sec  64.5 MBytes   541 Mbits/sec  57400  
[  5]  21.00-22.00  sec  61.7 MBytes   518 Mbits/sec  54950  
[  5]  22.00-23.00  sec  67.3 MBytes   565 Mbits/sec  59900  
[  5]  23.00-24.00  sec  65.7 MBytes   551 Mbits/sec  58500  
[  5]  24.00-25.00  sec  72.5 MBytes   608 Mbits/sec  64530  
[  5]  25.00-26.00  sec  72.7 MBytes   610 Mbits/sec  64750  
[  5]  26.00-27.00  sec  64.2 MBytes   539 Mbits/sec  57150  
[  5]  27.00-28.00  sec  66.0 MBytes   553 Mbits/sec  58710  
[  5]  28.00-29.00  sec  67.1 MBytes   563 Mbits/sec  59770  
[  5]  29.00-30.00  sec  68.0 MBytes   570 Mbits/sec  60530  
[  5]  30.00-31.00  sec  65.0 MBytes   545 Mbits/sec  57860  
[  5]  31.00-32.00  sec  71.2 MBytes   597 Mbits/sec  63340  
[  5]  32.00-33.00  sec  70.8 MBytes   594 Mbits/sec  62980  
[  5]  33.00-34.00  sec  64.6 MBytes   542 Mbits/sec  57540  
[  5]  34.00-35.00  sec  64.2 MBytes   539 Mbits/sec  57160  
[  5]  35.00-36.00  sec  63.3 MBytes   531 Mbits/sec  56320  
[  5]  36.00-37.00  sec  60.8 MBytes   510 Mbits/sec  54130  
[  5]  37.00-38.00  sec  63.4 MBytes   532 Mbits/sec  56470  
[  5]  38.00-39.00  sec  70.3 MBytes   589 Mbits/sec  62550  
[  5]  39.00-40.00  sec  71.5 MBytes   600 Mbits/sec  63630  
[  5]  40.00-41.00  sec  69.6 MBytes   584 Mbits/sec  61980  
[  5]  41.00-42.00  sec  69.5 MBytes   583 Mbits/sec  61860  
[  5]  42.00-43.00  sec  60.8 MBytes   510 Mbits/sec  54150  
[  5]  43.00-44.00  sec  70.2 MBytes   589 Mbits/sec  62520  
[  5]  44.00-45.00  sec  72.6 MBytes   609 Mbits/sec  64600  
[  5]  45.00-46.00  sec  73.5 MBytes   617 Mbits/sec  65440  
[  5]  46.00-47.00  sec  71.9 MBytes   603 Mbits/sec  64040  
[  5]  47.00-48.00  sec  70.9 MBytes   595 Mbits/sec  63150  
[  5]  48.00-49.00  sec  71.6 MBytes   600 Mbits/sec  63690  
[  5]  49.00-50.00  sec  77.4 MBytes   650 Mbits/sec  68940  
[  5]  50.00-51.00  sec  77.2 MBytes   648 Mbits/sec  68740  
[  5]  51.00-52.00  sec  64.9 MBytes   544 Mbits/sec  57760  
[  5]  52.00-53.00  sec  74.3 MBytes   623 Mbits/sec  66100  
[  5]  53.00-54.00  sec  74.6 MBytes   626 Mbits/sec  66400  
[  5]  54.00-55.00  sec  70.8 MBytes   594 Mbits/sec  63060  
[  5]  55.00-56.00  sec  68.3 MBytes   573 Mbits/sec  60820  
[  5]  56.00-57.00  sec  71.8 MBytes   602 Mbits/sec  63910  
[  5]  57.00-58.00  sec  70.8 MBytes   594 Mbits/sec  63010  
[  5]  58.00-59.00  sec  67.3 MBytes   565 Mbits/sec  59930  
[  5]  59.00-60.00  sec  67.2 MBytes   564 Mbits/sec  59810  
- - - - - - - - - - - - - - - - - - - - - - - - -
[ ID] Interval           Transfer     Bitrate         Jitter    Lost/Total Datagrams
[  5]   0.00-60.00  sec  4.06 GBytes   581 Mbits/sec  0.000 ms  0/3701520 (0%)  sender
[  5]   0.00-60.54  sec   583 MBytes  80.8 Mbits/sec  0.018 ms  3233895/3701145 (87%)  receiver

iperf Done.
