Connecting to host 10.136.80.183, port 5201
[  5] local 10.136.173.120 port 41137 connected to 10.136.80.183 port 5201
[ ID] Interval           Transfer     Bitrate         Total Datagrams
[  5]   0.00-1.00   sec  81.2 MBytes   681 Mbits/sec  72260  (omitted)
[  5]   0.00-1.00   sec  79.9 MBytes   671 Mbits/sec  71160  
[  5]   1.00-2.00   sec  81.6 MBytes   684 Mbits/sec  72600  
[  5]   2.00-3.00   sec  79.5 MBytes   667 Mbits/sec  70770  
[  5]   3.00-4.00   sec  81.1 MBytes   681 Mbits/sec  72230  
[  5]   4.00-5.00   sec  82.4 MBytes   692 Mbits/sec  73390  
[  5]   5.00-6.00   sec  83.4 MBytes   700 Mbits/sec  74270  
[  5]   6.00-7.00   sec  82.7 MBytes   694 Mbits/sec  73610  
[  5]   7.00-8.00   sec  82.7 MBytes   694 Mbits/sec  73610  
[  5]   8.00-9.00   sec  82.4 MBytes   692 Mbits/sec  73390  
[  5]   9.00-10.00  sec  81.9 MBytes   687 Mbits/sec  72900  
[  5]  10.00-11.00  sec  82.4 MBytes   691 Mbits/sec  73340  
[  5]  11.00-12.00  sec  82.6 MBytes   693 Mbits/sec  73550  
[  5]  12.00-13.00  sec  82.9 MBytes   695 Mbits/sec  73780  
[  5]  13.00-14.00  sec  70.2 MBytes   589 Mbits/sec  62450  
[  5]  14.00-15.00  sec  81.0 MBytes   680 Mbits/sec  72110  
[  5]  15.00-16.00  sec  80.3 MBytes   674 Mbits/sec  71480  
[  5]  16.00-17.00  sec  75.9 MBytes   637 Mbits/sec  67550  
[  5]  17.00-18.00  sec  64.1 MBytes   538 Mbits/sec  57090  
[  5]  18.00-19.00  sec  58.6 MBytes   491 Mbits/sec  52130  
[  5]  19.00-20.00  sec  57.7 MBytes   484 Mbits/sec  51390  
[  5]  20.00-21.00  sec  76.1 MBytes   638 Mbits/sec  67710  
[  5]  21.00-22.00  sec  60.4 MBytes   506 Mbits/sec  53730  
[  5]  22.00-23.00  sec  63.8 MBytes   536 Mbits/sec  56830  
[  5]  23.00-24.00  sec  75.5 MBytes   633 Mbits/sec  67190  
[  5]  24.00-25.00  sec  75.5 MBytes   633 Mbits/sec  67200  
[  5]  25.00-26.00  sec  73.7 MBytes   619 Mbits/sec  65630  
[  5]  26.00-27.00  sec  75.3 MBytes   632 Mbits/sec  67020  
[  5]  27.00-28.00  sec  76.1 MBytes   638 Mbits/sec  67740  
[  5]  28.00-29.00  sec  82.0 MBytes   688 Mbits/sec  72950  
[  5]  29.00-30.00  sec  83.0 MBytes   697 Mbits/sec  73920  
[  5]  30.00-31.00  sec  81.8 MBytes   686 Mbits/sec  72790  
[  5]  31.00-32.00  sec  83.4 MBytes   699 Mbits/sec  74220  
[  5]  32.00-33.00  sec  83.7 MBytes   702 Mbits/sec  74470  
[  5]  33.00-34.00  sec  81.9 MBytes   687 Mbits/sec  72890  
[  5]  34.00-35.00  sec  82.6 MBytes   693 Mbits/sec  73520  
[  5]  35.00-36.00  sec  81.2 MBytes   681 Mbits/sec  72300  
[  5]  36.00-37.00  sec  81.9 MBytes   687 Mbits/sec  72880  
[  5]  37.00-38.00  sec  81.7 MBytes   685 Mbits/sec  72700  
[  5]  38.00-39.00  sec  81.7 MBytes   685 Mbits/sec  72720  
[  5]  39.00-40.00  sec  82.0 MBytes   688 Mbits/sec  72970  
[  5]  40.00-41.00  sec  82.0 MBytes   688 Mbits/sec  72980  
[  5]  41.00-42.00  sec  82.3 MBytes   691 Mbits/sec  73280  
[  5]  42.00-43.00  sec  85.7 MBytes   719 Mbits/sec  76290  
[  5]  43.00-44.00  sec  82.1 MBytes   689 Mbits/sec  73080  
[  5]  44.00-45.00  sec  82.3 MBytes   690 Mbits/sec  73230  
[  5]  45.00-46.00  sec  81.6 MBytes   684 Mbits/sec  72600  
[  5]  46.00-47.00  sec  82.6 MBytes   693 Mbits/sec  73530  
[  5]  47.00-48.00  sec  82.1 MBytes   689 Mbits/sec  73090  
[  5]  48.00-49.00  sec  81.9 MBytes   687 Mbits/sec  72870  
[  5]  49.00-50.00  sec  79.8 MBytes   669 Mbits/sec  71010  
[  5]  50.00-51.00  sec  81.0 MBytes   679 Mbits/sec  72090  
[  5]  51.00-52.00  sec  81.6 MBytes   685 Mbits/sec  72650  
[  5]  52.00-53.00  sec  81.1 MBytes   680 Mbits/sec  72190  
[  5]  53.00-54.00  sec  80.6 MBytes   676 Mbits/sec  71720  
[  5]  54.00-55.00  sec  81.2 MBytes   681 Mbits/sec  72310  
[  5]  55.00-56.00  sec  81.4 MBytes   683 Mbits/sec  72460  
[  5]  56.00-57.00  sec  81.2 MBytes   681 Mbits/sec  72300  
[  5]  57.00-58.00  sec  81.2 MBytes   681 Mbits/sec  72250  
[  5]  58.00-59.00  sec  82.0 MBytes   688 Mbits/sec  73030  
[  5]  59.00-60.00  sec  80.9 MBytes   679 Mbits/sec  72040  
- - - - - - - - - - - - - - - - - - - - - - - - -
[ ID] Interval           Transfer     Bitrate         Jitter    Lost/Total Datagrams
[  5]   0.00-60.00  sec  4.64 GBytes   664 Mbits/sec  0.000 ms  0/4229180 (0%)  sender
[  5]   0.00-60.25  sec  2.54 GBytes   362 Mbits/sec  0.013 ms  1949140/4229113 (46%)  receiver

iperf Done.
