Connecting to host knb-server-227207, port 5201
[  5] local 10.136.173.71 port 56265 connected to 10.43.72.190 port 5201
[ ID] Interval           Transfer     Bitrate         Total Datagrams
[  5]   0.00-1.00   sec  67.1 MBytes   563 Mbits/sec  59770  (omitted)
[  5]   0.00-1.00   sec  63.3 MBytes   531 Mbits/sec  56330  
[  5]   1.00-2.00   sec  56.9 MBytes   477 Mbits/sec  50630  
[  5]   2.00-3.00   sec  69.9 MBytes   586 Mbits/sec  62210  
[  5]   3.00-4.00   sec  71.3 MBytes   598 Mbits/sec  63450  
[  5]   4.00-5.00   sec  76.0 MBytes   638 Mbits/sec  67680  
[  5]   5.00-6.00   sec  75.0 MBytes   629 Mbits/sec  66730  
[  5]   6.00-7.00   sec  75.2 MBytes   631 Mbits/sec  66950  
[  5]   7.00-8.00   sec  73.6 MBytes   617 Mbits/sec  65480  
[  5]   8.00-9.00   sec  73.5 MBytes   616 Mbits/sec  65410  
[  5]   9.00-10.00  sec  72.2 MBytes   605 Mbits/sec  64250  
[  5]  10.00-11.00  sec  74.6 MBytes   626 Mbits/sec  66390  
[  5]  11.00-12.00  sec  74.1 MBytes   621 Mbits/sec  65940  
[  5]  12.00-13.00  sec  74.6 MBytes   626 Mbits/sec  66390  
[  5]  13.00-14.00  sec  73.8 MBytes   619 Mbits/sec  65670  
[  5]  14.00-15.00  sec  70.6 MBytes   592 Mbits/sec  62850  
[  5]  15.00-16.00  sec  74.4 MBytes   624 Mbits/sec  66200  
[  5]  16.00-17.00  sec  74.2 MBytes   623 Mbits/sec  66070  
[  5]  17.00-18.00  sec  73.8 MBytes   619 Mbits/sec  65700  
[  5]  18.00-19.00  sec  72.7 MBytes   610 Mbits/sec  64730  
[  5]  19.00-20.00  sec  70.9 MBytes   594 Mbits/sec  63070  
[  5]  20.00-21.00  sec  72.0 MBytes   604 Mbits/sec  64100  
[  5]  21.00-22.00  sec  71.6 MBytes   601 Mbits/sec  63740  
[  5]  22.00-23.00  sec  71.4 MBytes   599 Mbits/sec  63520  
[  5]  23.00-24.00  sec  73.8 MBytes   619 Mbits/sec  65710  
[  5]  24.00-25.00  sec  71.6 MBytes   601 Mbits/sec  63750  
[  5]  25.00-26.00  sec  73.1 MBytes   613 Mbits/sec  65060  
[  5]  26.00-27.00  sec  76.1 MBytes   638 Mbits/sec  67700  
[  5]  27.00-28.00  sec  73.8 MBytes   619 Mbits/sec  65690  
[  5]  28.00-29.00  sec  72.5 MBytes   608 Mbits/sec  64540  
[  5]  29.00-30.00  sec  53.6 MBytes   449 Mbits/sec  47670  
[  5]  30.00-31.00  sec  52.3 MBytes   438 Mbits/sec  46510  
[  5]  31.00-32.00  sec  52.6 MBytes   442 Mbits/sec  46860  
[  5]  32.00-33.00  sec  52.3 MBytes   439 Mbits/sec  46570  
[  5]  33.00-34.00  sec  57.8 MBytes   484 Mbits/sec  51410  
[  5]  34.00-35.00  sec  52.4 MBytes   439 Mbits/sec  46610  
[  5]  35.00-36.00  sec  59.0 MBytes   495 Mbits/sec  52520  
[  5]  36.00-37.00  sec  73.9 MBytes   620 Mbits/sec  65740  
[  5]  37.00-38.00  sec  75.2 MBytes   631 Mbits/sec  66960  
[  5]  38.00-39.00  sec  73.1 MBytes   613 Mbits/sec  65060  
[  5]  39.00-40.00  sec  71.9 MBytes   603 Mbits/sec  63990  
[  5]  40.00-41.00  sec  61.6 MBytes   517 Mbits/sec  54870  
[  5]  41.00-42.00  sec  72.4 MBytes   607 Mbits/sec  64440  
[  5]  42.00-43.00  sec  70.2 MBytes   589 Mbits/sec  62530  
[  5]  43.00-44.00  sec  74.0 MBytes   621 Mbits/sec  65890  
[  5]  44.00-45.00  sec  71.4 MBytes   599 Mbits/sec  63540  
[  5]  45.00-46.00  sec  74.5 MBytes   625 Mbits/sec  66300  
[  5]  46.00-47.00  sec  74.1 MBytes   621 Mbits/sec  65920  
[  5]  47.00-48.00  sec  72.7 MBytes   610 Mbits/sec  64690  
[  5]  48.00-49.00  sec  62.7 MBytes   526 Mbits/sec  55840  
[  5]  49.00-50.00  sec  71.5 MBytes   600 Mbits/sec  63620  
[  5]  50.00-51.00  sec  72.9 MBytes   612 Mbits/sec  64910  
[  5]  51.00-52.00  sec  72.9 MBytes   611 Mbits/sec  64850  
[  5]  52.00-53.00  sec  72.9 MBytes   611 Mbits/sec  64860  
[  5]  53.00-54.00  sec  70.5 MBytes   591 Mbits/sec  62730  
[  5]  54.00-55.00  sec  68.6 MBytes   575 Mbits/sec  61040  
[  5]  55.00-56.00  sec  73.5 MBytes   616 Mbits/sec  65390  
[  5]  56.00-57.00  sec  73.0 MBytes   612 Mbits/sec  64950  
[  5]  57.00-58.00  sec  73.0 MBytes   612 Mbits/sec  64990  
[  5]  58.00-59.00  sec  73.5 MBytes   616 Mbits/sec  65420  
[  5]  59.00-60.00  sec  71.9 MBytes   603 Mbits/sec  64020  
- - - - - - - - - - - - - - - - - - - - - - - - -
[ ID] Interval           Transfer     Bitrate         Jitter    Lost/Total Datagrams
[  5]   0.00-60.00  sec  4.10 GBytes   587 Mbits/sec  0.000 ms  0/3736640 (0%)  sender
[  5]   0.00-60.26  sec  1.81 GBytes   258 Mbits/sec  0.073 ms  2114193/3733292 (57%)  receiver

iperf Done.
