Connecting to host 10.136.80.151, port 5201
[  5] local 10.136.173.66 port 46812 connected to 10.136.80.151 port 5201
[ ID] Interval           Transfer     Bitrate         Total Datagrams
[  5]   0.00-1.00   sec  59.6 MBytes   500 Mbits/sec  53050  (omitted)
[  5]   0.00-1.00   sec  71.1 MBytes   597 Mbits/sec  63300  
[  5]   1.00-2.00   sec  76.4 MBytes   641 Mbits/sec  68030  
[  5]   2.00-3.00   sec  75.5 MBytes   633 Mbits/sec  67210  
[  5]   3.00-4.00   sec  73.9 MBytes   620 Mbits/sec  65760  
[  5]   4.00-5.00   sec  74.8 MBytes   627 Mbits/sec  66550  
[  5]   5.00-6.00   sec  74.6 MBytes   625 Mbits/sec  66360  
[  5]   6.00-7.00   sec  74.5 MBytes   625 Mbits/sec  66290  
[  5]   7.00-8.00   sec  73.8 MBytes   619 Mbits/sec  65720  
[  5]   8.00-9.00   sec  74.7 MBytes   626 Mbits/sec  66470  
[  5]   9.00-10.00  sec  61.3 MBytes   514 Mbits/sec  54550  
[  5]  10.00-11.00  sec  66.8 MBytes   560 Mbits/sec  59470  
[  5]  11.00-12.00  sec  53.6 MBytes   450 Mbits/sec  47710  
[  5]  12.00-13.00  sec  53.9 MBytes   452 Mbits/sec  47960  
[  5]  13.00-14.00  sec  54.1 MBytes   454 Mbits/sec  48200  
[  5]  14.00-15.00  sec  60.3 MBytes   506 Mbits/sec  53660  
[  5]  15.00-16.00  sec  77.3 MBytes   648 Mbits/sec  68810  
[  5]  16.00-17.00  sec  70.9 MBytes   595 Mbits/sec  63090  
[  5]  17.00-18.00  sec  76.8 MBytes   644 Mbits/sec  68350  
[  5]  18.00-19.00  sec  76.1 MBytes   639 Mbits/sec  67780  
[  5]  19.00-20.00  sec  76.1 MBytes   639 Mbits/sec  67760  
[  5]  20.00-21.00  sec  74.3 MBytes   624 Mbits/sec  66170  
[  5]  21.00-22.00  sec  74.1 MBytes   622 Mbits/sec  65990  
[  5]  22.00-23.00  sec  74.4 MBytes   624 Mbits/sec  66200  
[  5]  23.00-24.00  sec  74.1 MBytes   621 Mbits/sec  65930  
[  5]  24.00-25.00  sec  70.8 MBytes   594 Mbits/sec  63010  
[  5]  25.00-26.00  sec  74.4 MBytes   624 Mbits/sec  66230  
[  5]  26.00-27.00  sec  74.0 MBytes   621 Mbits/sec  65910  
[  5]  27.00-28.00  sec  73.9 MBytes   620 Mbits/sec  65810  
[  5]  28.00-29.00  sec  73.8 MBytes   619 Mbits/sec  65660  
[  5]  29.00-30.00  sec  69.5 MBytes   583 Mbits/sec  61880  
[  5]  30.00-31.00  sec  63.5 MBytes   533 Mbits/sec  56550  
[  5]  31.00-32.00  sec  69.2 MBytes   580 Mbits/sec  61570  
[  5]  32.00-33.00  sec  74.4 MBytes   624 Mbits/sec  66190  
[  5]  33.00-34.00  sec  74.5 MBytes   625 Mbits/sec  66330  
[  5]  34.00-35.00  sec  68.0 MBytes   571 Mbits/sec  60550  
[  5]  35.00-36.00  sec  57.1 MBytes   479 Mbits/sec  50870  
[  5]  36.00-37.00  sec  75.3 MBytes   632 Mbits/sec  67060  
[  5]  37.00-38.00  sec  75.1 MBytes   630 Mbits/sec  66840  
[  5]  38.00-39.00  sec  72.9 MBytes   612 Mbits/sec  64930  
[  5]  39.00-40.00  sec  74.2 MBytes   623 Mbits/sec  66070  
[  5]  40.00-41.00  sec  71.9 MBytes   603 Mbits/sec  64000  
[  5]  41.00-42.00  sec  75.3 MBytes   631 Mbits/sec  67000  
[  5]  42.00-43.00  sec  62.4 MBytes   523 Mbits/sec  55530  
[  5]  43.00-44.00  sec  58.7 MBytes   492 Mbits/sec  52250  
[  5]  44.00-45.00  sec  68.0 MBytes   570 Mbits/sec  60510  
[  5]  45.00-46.00  sec  73.6 MBytes   618 Mbits/sec  65550  
[  5]  46.00-47.00  sec  74.2 MBytes   623 Mbits/sec  66060  
[  5]  47.00-48.00  sec  74.7 MBytes   627 Mbits/sec  66480  
[  5]  48.00-49.00  sec  74.3 MBytes   624 Mbits/sec  66170  
[  5]  49.00-50.00  sec  74.9 MBytes   628 Mbits/sec  66640  
[  5]  50.00-51.00  sec  73.7 MBytes   618 Mbits/sec  65620  
[  5]  51.00-52.00  sec  64.8 MBytes   543 Mbits/sec  57660  
[  5]  52.00-53.00  sec  73.0 MBytes   612 Mbits/sec  64980  
[  5]  53.00-54.00  sec  74.5 MBytes   625 Mbits/sec  66290  
[  5]  54.00-55.00  sec  78.9 MBytes   662 Mbits/sec  70210  
[  5]  55.00-56.00  sec  77.3 MBytes   649 Mbits/sec  68840  
[  5]  56.00-57.00  sec  74.5 MBytes   625 Mbits/sec  66340  
[  5]  57.00-58.00  sec  76.2 MBytes   639 Mbits/sec  67850  
[  5]  58.00-59.00  sec  74.3 MBytes   624 Mbits/sec  66170  
[  5]  59.00-60.00  sec  73.8 MBytes   619 Mbits/sec  65690  
- - - - - - - - - - - - - - - - - - - - - - - - -
[ ID] Interval           Transfer     Bitrate         Jitter    Lost/Total Datagrams
[  5]   0.00-60.00  sec  4.18 GBytes   599 Mbits/sec  0.000 ms  0/3812620 (0%)  sender
[  5]   0.00-60.07  sec  1.69 GBytes   242 Mbits/sec  0.007 ms  2297044/3812488 (60%)  receiver

iperf Done.
