Connecting to host 10.136.80.184, port 5201
[  5] local 10.136.173.121 port 44443 connected to 10.136.80.184 port 5201
[ ID] Interval           Transfer     Bitrate         Total Datagrams
[  5]   0.00-1.00   sec  67.7 MBytes   568 Mbits/sec  60280  (omitted)
[  5]   0.00-1.00   sec  61.1 MBytes   512 Mbits/sec  54380  
[  5]   1.00-2.00   sec  63.6 MBytes   534 Mbits/sec  56630  
[  5]   2.00-3.00   sec  61.6 MBytes   517 Mbits/sec  54860  
[  5]   3.00-4.00   sec  62.4 MBytes   524 Mbits/sec  55580  
[  5]   4.00-5.00   sec  54.7 MBytes   459 Mbits/sec  48730  
[  5]   5.00-6.00   sec  57.2 MBytes   479 Mbits/sec  50880  
[  5]   6.00-7.00   sec  62.5 MBytes   525 Mbits/sec  55670  
[  5]   7.00-8.00   sec  66.0 MBytes   554 Mbits/sec  58780  
[  5]   8.00-9.00   sec  60.4 MBytes   507 Mbits/sec  53790  
[  5]   9.00-10.00  sec  64.6 MBytes   542 Mbits/sec  57510  
[  5]  10.00-11.00  sec  63.9 MBytes   536 Mbits/sec  56890  
[  5]  11.00-12.00  sec  61.5 MBytes   516 Mbits/sec  54720  
[  5]  12.00-13.00  sec  63.1 MBytes   529 Mbits/sec  56180  
[  5]  13.00-14.00  sec  61.1 MBytes   513 Mbits/sec  54390  
[  5]  14.00-15.00  sec  64.6 MBytes   542 Mbits/sec  57510  
[  5]  15.00-16.00  sec  60.3 MBytes   506 Mbits/sec  53680  
[  5]  16.00-17.00  sec  61.5 MBytes   515 Mbits/sec  54700  
[  5]  17.00-18.00  sec  61.0 MBytes   512 Mbits/sec  54310  
[  5]  18.00-19.00  sec  62.6 MBytes   525 Mbits/sec  55740  
[  5]  19.00-20.00  sec  64.2 MBytes   538 Mbits/sec  57110  
[  5]  20.00-21.00  sec  61.6 MBytes   517 Mbits/sec  54850  
[  5]  21.00-22.00  sec  64.3 MBytes   539 Mbits/sec  57230  
[  5]  22.00-23.00  sec  61.6 MBytes   516 Mbits/sec  54790  
[  5]  23.00-24.00  sec  63.1 MBytes   529 Mbits/sec  56170  
[  5]  24.00-25.00  sec  64.8 MBytes   544 Mbits/sec  57710  
[  5]  25.00-26.00  sec  60.4 MBytes   507 Mbits/sec  53780  
[  5]  26.00-27.00  sec  61.7 MBytes   518 Mbits/sec  54930  
[  5]  27.00-28.00  sec  61.1 MBytes   513 Mbits/sec  54430  
[  5]  28.00-29.00  sec  62.6 MBytes   525 Mbits/sec  55690  
[  5]  29.00-30.00  sec  70.5 MBytes   591 Mbits/sec  62730  
[  5]  30.00-31.00  sec  61.1 MBytes   513 Mbits/sec  54400  
[  5]  31.00-32.00  sec  59.4 MBytes   499 Mbits/sec  52900  
[  5]  32.00-33.00  sec  61.1 MBytes   513 Mbits/sec  54420  
[  5]  33.00-34.00  sec  60.5 MBytes   507 Mbits/sec  53820  
[  5]  34.00-35.00  sec  62.0 MBytes   520 Mbits/sec  55150  
[  5]  35.00-36.00  sec  63.8 MBytes   535 Mbits/sec  56780  
[  5]  36.00-37.00  sec  64.2 MBytes   538 Mbits/sec  57120  
[  5]  37.00-38.00  sec  62.8 MBytes   527 Mbits/sec  55910  
[  5]  38.00-39.00  sec  61.8 MBytes   518 Mbits/sec  54970  
[  5]  39.00-40.00  sec  63.2 MBytes   530 Mbits/sec  56270  
[  5]  40.00-41.00  sec  61.9 MBytes   519 Mbits/sec  55100  
[  5]  41.00-42.00  sec  60.8 MBytes   510 Mbits/sec  54150  
[  5]  42.00-43.00  sec  61.2 MBytes   513 Mbits/sec  54450  
[  5]  43.00-44.00  sec  60.4 MBytes   506 Mbits/sec  53720  
[  5]  44.00-45.00  sec  64.1 MBytes   538 Mbits/sec  57070  
[  5]  45.00-46.00  sec  60.6 MBytes   508 Mbits/sec  53940  
[  5]  46.00-47.00  sec  60.7 MBytes   509 Mbits/sec  54050  
[  5]  47.00-48.00  sec  64.4 MBytes   540 Mbits/sec  57340  
[  5]  48.00-49.00  sec  64.6 MBytes   542 Mbits/sec  57540  
[  5]  49.00-50.00  sec  61.9 MBytes   519 Mbits/sec  55090  
[  5]  50.00-51.00  sec  64.3 MBytes   539 Mbits/sec  57210  
[  5]  51.00-52.00  sec  58.2 MBytes   489 Mbits/sec  51840  
[  5]  52.00-53.00  sec  58.3 MBytes   489 Mbits/sec  51900  
[  5]  53.00-54.00  sec  66.2 MBytes   556 Mbits/sec  58940  
[  5]  54.00-55.00  sec  65.8 MBytes   552 Mbits/sec  58590  
[  5]  55.00-56.00  sec  60.5 MBytes   507 Mbits/sec  53820  
[  5]  56.00-57.00  sec  63.1 MBytes   530 Mbits/sec  56210  
[  5]  57.00-58.00  sec  63.2 MBytes   530 Mbits/sec  56230  
[  5]  58.00-59.00  sec  63.7 MBytes   534 Mbits/sec  56710  
[  5]  59.00-60.00  sec  62.8 MBytes   527 Mbits/sec  55920  
- - - - - - - - - - - - - - - - - - - - - - - - -
[ ID] Interval           Transfer     Bitrate         Jitter    Lost/Total Datagrams
[  5]   0.00-60.00  sec  3.65 GBytes   522 Mbits/sec  0.000 ms  0/3325910 (0%)  sender
[  5]   0.00-60.04  sec  3.50 GBytes   501 Mbits/sec  0.016 ms  140937/3325909 (4.2%)  receiver

iperf Done.
