Connecting to host 10.136.80.138, port 5201
[  5] local 10.136.173.75 port 54168 connected to 10.136.80.138 port 5201
[ ID] Interval           Transfer     Bitrate         Retr  Cwnd
[  5]   0.00-1.00   sec  89.4 MBytes   750 Mbits/sec  562    207 KBytes       (omitted)
[  5]   0.00-1.00   sec  87.5 MBytes   734 Mbits/sec    0    390 KBytes       
[  5]   1.00-2.00   sec  86.2 MBytes   724 Mbits/sec   27    223 KBytes       
[  5]   2.00-3.00   sec  88.8 MBytes   744 Mbits/sec    6    313 KBytes       
[  5]   3.00-4.00   sec  86.2 MBytes   724 Mbits/sec   16    286 KBytes       
[  5]   4.00-5.00   sec  83.8 MBytes   703 Mbits/sec   20    190 KBytes       
[  5]   5.00-6.00   sec  90.0 MBytes   754 Mbits/sec    6    331 KBytes       
[  5]   6.00-7.00   sec  88.8 MBytes   746 Mbits/sec   11    296 KBytes       
[  5]   7.00-8.00   sec  87.5 MBytes   734 Mbits/sec    7    388 KBytes       
[  5]   8.00-9.00   sec  83.8 MBytes   703 Mbits/sec   27    247 KBytes       
[  5]   9.00-10.00  sec  83.8 MBytes   703 Mbits/sec   28    144 KBytes       
[  5]  10.00-11.00  sec  83.8 MBytes   703 Mbits/sec    1    303 KBytes       
[  5]  11.00-12.00  sec  87.5 MBytes   734 Mbits/sec    6    353 KBytes       
[  5]  12.00-13.00  sec  86.2 MBytes   724 Mbits/sec   48    303 KBytes       
[  5]  13.00-14.00  sec  87.5 MBytes   734 Mbits/sec   14    277 KBytes       
[  5]  14.00-15.00  sec  88.8 MBytes   745 Mbits/sec   20    304 KBytes       
[  5]  15.00-16.00  sec  90.0 MBytes   755 Mbits/sec   12    320 KBytes       
[  5]  16.00-17.00  sec  85.0 MBytes   713 Mbits/sec   31    250 KBytes       
[  5]  17.00-18.00  sec  86.2 MBytes   724 Mbits/sec   18    244 KBytes       
[  5]  18.00-19.00  sec  86.2 MBytes   724 Mbits/sec    9    259 KBytes       
[  5]  19.00-20.00  sec  86.2 MBytes   724 Mbits/sec   12    247 KBytes       
[  5]  20.00-21.00  sec  86.2 MBytes   724 Mbits/sec    3    365 KBytes       
[  5]  21.00-22.00  sec  86.2 MBytes   724 Mbits/sec    9    375 KBytes       
[  5]  22.00-23.00  sec  80.0 MBytes   671 Mbits/sec   28    239 KBytes       
[  5]  23.00-24.00  sec  85.0 MBytes   713 Mbits/sec    6    354 KBytes       
[  5]  24.00-25.00  sec  86.2 MBytes   724 Mbits/sec   14    319 KBytes       
[  5]  25.00-26.00  sec  88.8 MBytes   744 Mbits/sec   12    331 KBytes       
[  5]  26.00-27.00  sec  85.0 MBytes   713 Mbits/sec   14    242 KBytes       
[  5]  27.00-28.00  sec  82.5 MBytes   692 Mbits/sec   21    221 KBytes       
[  5]  28.00-29.00  sec  85.0 MBytes   713 Mbits/sec   11    284 KBytes       
[  5]  29.00-30.00  sec  85.0 MBytes   713 Mbits/sec   20    211 KBytes       
[  5]  30.00-31.00  sec  86.2 MBytes   724 Mbits/sec   11    291 KBytes       
[  5]  31.00-32.00  sec  78.8 MBytes   661 Mbits/sec   34    231 KBytes       
[  5]  32.00-33.00  sec  85.0 MBytes   713 Mbits/sec   88    205 KBytes       
[  5]  33.00-34.00  sec  83.8 MBytes   703 Mbits/sec    8    311 KBytes       
[  5]  34.00-35.00  sec  86.2 MBytes   724 Mbits/sec   14    308 KBytes       
[  5]  35.00-36.00  sec  87.5 MBytes   734 Mbits/sec    7    319 KBytes       
[  5]  36.00-37.00  sec  86.2 MBytes   724 Mbits/sec   13    229 KBytes       
[  5]  37.00-38.00  sec  86.2 MBytes   724 Mbits/sec   20    236 KBytes       
[  5]  38.00-39.00  sec  85.0 MBytes   713 Mbits/sec   14    253 KBytes       
[  5]  39.00-40.00  sec  78.8 MBytes   661 Mbits/sec   56    242 KBytes       
[  5]  40.00-41.00  sec  88.8 MBytes   745 Mbits/sec    0    410 KBytes       
[  5]  41.00-42.00  sec  86.2 MBytes   724 Mbits/sec   19    276 KBytes       
[  5]  42.00-43.00  sec  87.5 MBytes   734 Mbits/sec   13    319 KBytes       
[  5]  43.00-44.00  sec  85.0 MBytes   713 Mbits/sec   13    244 KBytes       
[  5]  44.00-45.00  sec  87.5 MBytes   734 Mbits/sec   18    245 KBytes       
[  5]  45.00-46.00  sec  88.8 MBytes   744 Mbits/sec   18    166 KBytes       
[  5]  46.00-47.00  sec  85.0 MBytes   713 Mbits/sec    8    303 KBytes       
[  5]  47.00-48.00  sec  87.5 MBytes   734 Mbits/sec   28    221 KBytes       
[  5]  48.00-49.00  sec  85.0 MBytes   713 Mbits/sec   19    281 KBytes       
[  5]  49.00-50.00  sec  86.2 MBytes   724 Mbits/sec   31    207 KBytes       
[  5]  50.00-51.00  sec  85.0 MBytes   713 Mbits/sec    7    304 KBytes       
[  5]  51.00-52.00  sec  86.2 MBytes   724 Mbits/sec    7    352 KBytes       
[  5]  52.00-53.00  sec  86.2 MBytes   724 Mbits/sec   13    350 KBytes       
[  5]  53.00-54.00  sec  80.0 MBytes   671 Mbits/sec   28    220 KBytes       
[  5]  54.00-55.01  sec  87.5 MBytes   726 Mbits/sec   10    260 KBytes       
[  5]  55.01-56.00  sec  87.5 MBytes   742 Mbits/sec    6    349 KBytes       
[  5]  56.00-57.00  sec  86.2 MBytes   724 Mbits/sec   11    322 KBytes       
[  5]  57.00-58.00  sec  78.8 MBytes   661 Mbits/sec   26    173 KBytes       
[  5]  58.00-59.00  sec  80.0 MBytes   671 Mbits/sec   15    236 KBytes       
[  5]  59.00-60.00  sec  82.5 MBytes   692 Mbits/sec   14    227 KBytes       
- - - - - - - - - - - - - - - - - - - - - - - - -
[ ID] Interval           Transfer     Bitrate         Retr
[  5]   0.00-60.00  sec  5.01 GBytes   718 Mbits/sec  1026             sender
[  5]   0.00-60.02  sec  5.02 GBytes   718 Mbits/sec                  receiver

iperf Done.
