Connecting to host 10.136.80.171, port 5201
[  5] local 10.136.173.124 port 59276 connected to 10.136.80.171 port 5201
[ ID] Interval           Transfer     Bitrate         Retr  Cwnd
[  5]   0.00-1.00   sec  13.6 MBytes   114 Mbits/sec  668    724 KBytes       (omitted)
[  5]   0.00-1.00   sec  15.0 MBytes   126 Mbits/sec    0    778 KBytes       
[  5]   1.00-2.00   sec  15.0 MBytes   126 Mbits/sec    0    816 KBytes       
[  5]   2.00-3.00   sec  15.0 MBytes   126 Mbits/sec    0    840 KBytes       
[  5]   3.00-4.00   sec  16.2 MBytes   136 Mbits/sec    0    855 KBytes       
[  5]   4.00-5.00   sec  12.5 MBytes   105 Mbits/sec    7    645 KBytes       
[  5]   5.00-6.00   sec  12.5 MBytes   105 Mbits/sec    0    681 KBytes       
[  5]   6.00-7.00   sec  13.8 MBytes   115 Mbits/sec    0    705 KBytes       
[  5]   7.00-8.00   sec  13.8 MBytes   115 Mbits/sec    0    719 KBytes       
[  5]   8.00-9.00   sec  13.8 MBytes   115 Mbits/sec    0    726 KBytes       
[  5]   9.00-10.00  sec  13.8 MBytes   115 Mbits/sec    0    727 KBytes       
[  5]  10.00-11.00  sec  13.8 MBytes   115 Mbits/sec    0    727 KBytes       
[  5]  11.00-12.00  sec  13.8 MBytes   115 Mbits/sec    0    728 KBytes       
[  5]  12.00-13.00  sec  13.8 MBytes   115 Mbits/sec    0    733 KBytes       
[  5]  13.00-14.00  sec  13.8 MBytes   115 Mbits/sec    0    744 KBytes       
[  5]  14.00-15.00  sec  15.0 MBytes   126 Mbits/sec    0    765 KBytes       
[  5]  15.00-16.00  sec  15.0 MBytes   126 Mbits/sec    0    797 KBytes       
[  5]  16.00-17.00  sec  15.0 MBytes   126 Mbits/sec    0    843 KBytes       
[  5]  17.00-18.00  sec  16.2 MBytes   136 Mbits/sec    0    908 KBytes       
[  5]  18.00-19.00  sec  18.8 MBytes   157 Mbits/sec    0    994 KBytes       
[  5]  19.00-20.00  sec  20.0 MBytes   168 Mbits/sec    0   1.08 MBytes       
[  5]  20.00-21.00  sec  18.8 MBytes   157 Mbits/sec    8    859 KBytes       
[  5]  21.00-22.00  sec  17.5 MBytes   147 Mbits/sec    0    951 KBytes       
[  5]  22.00-23.00  sec  18.8 MBytes   157 Mbits/sec    0   1023 KBytes       
[  5]  23.00-24.00  sec  20.0 MBytes   168 Mbits/sec    0   1.05 MBytes       
[  5]  24.00-25.00  sec  20.0 MBytes   168 Mbits/sec    1    778 KBytes       
[  5]  25.00-26.00  sec  15.0 MBytes   126 Mbits/sec    0    839 KBytes       
[  5]  26.00-27.00  sec  16.2 MBytes   136 Mbits/sec    0    881 KBytes       
[  5]  27.00-28.00  sec  17.5 MBytes   147 Mbits/sec    0    910 KBytes       
[  5]  28.00-29.00  sec  17.5 MBytes   147 Mbits/sec    0    927 KBytes       
[  5]  29.00-30.00  sec  17.5 MBytes   147 Mbits/sec    0    936 KBytes       
[  5]  30.00-31.00  sec  18.8 MBytes   157 Mbits/sec    0    940 KBytes       
[  5]  31.00-32.00  sec  15.0 MBytes   126 Mbits/sec    8    701 KBytes       
[  5]  32.00-33.00  sec  13.8 MBytes   115 Mbits/sec    0    780 KBytes       
[  5]  33.00-34.00  sec  16.2 MBytes   136 Mbits/sec    0    839 KBytes       
[  5]  34.00-35.00  sec  16.2 MBytes   136 Mbits/sec    0    881 KBytes       
[  5]  35.00-36.00  sec  16.2 MBytes   136 Mbits/sec    0    910 KBytes       
[  5]  36.00-37.00  sec  17.5 MBytes   147 Mbits/sec   32    649 KBytes       
[  5]  37.00-38.00  sec  12.5 MBytes   105 Mbits/sec    0    702 KBytes       
[  5]  38.00-39.00  sec  13.8 MBytes   115 Mbits/sec    0    739 KBytes       
[  5]  39.00-40.00  sec  15.0 MBytes   126 Mbits/sec    0    765 KBytes       
[  5]  40.00-41.00  sec  15.0 MBytes   126 Mbits/sec    0    780 KBytes       
[  5]  41.00-42.00  sec  13.8 MBytes   115 Mbits/sec    0    787 KBytes       
[  5]  42.00-43.00  sec  16.2 MBytes   136 Mbits/sec    0    788 KBytes       
[  5]  43.00-44.00  sec  15.0 MBytes   126 Mbits/sec    0    788 KBytes       
[  5]  44.00-45.00  sec  15.0 MBytes   126 Mbits/sec    0    788 KBytes       
[  5]  45.00-46.00  sec  15.0 MBytes   126 Mbits/sec    0    793 KBytes       
[  5]  46.00-47.00  sec  15.0 MBytes   126 Mbits/sec   61    568 KBytes       
[  5]  47.00-48.00  sec  11.2 MBytes  94.3 Mbits/sec    0    645 KBytes       
[  5]  48.00-49.00  sec  12.5 MBytes   105 Mbits/sec    0    703 KBytes       
[  5]  49.00-50.00  sec  13.8 MBytes   115 Mbits/sec    0    745 KBytes       
[  5]  50.00-51.00  sec  15.0 MBytes   126 Mbits/sec    0    773 KBytes       
[  5]  51.00-52.00  sec  13.8 MBytes   115 Mbits/sec    0    790 KBytes       
[  5]  52.00-53.00  sec  16.2 MBytes   136 Mbits/sec    0    798 KBytes       
[  5]  53.00-54.00  sec  15.0 MBytes   126 Mbits/sec    0    802 KBytes       
[  5]  54.00-55.00  sec  15.0 MBytes   126 Mbits/sec    0    802 KBytes       
[  5]  55.00-56.00  sec  15.0 MBytes   126 Mbits/sec    0    802 KBytes       
[  5]  56.00-57.00  sec  15.0 MBytes   126 Mbits/sec    0    805 KBytes       
[  5]  57.00-58.00  sec  16.2 MBytes   136 Mbits/sec    0    814 KBytes       
[  5]  58.00-59.00  sec  15.0 MBytes   126 Mbits/sec    0    832 KBytes       
[  5]  59.00-60.00  sec  15.0 MBytes   126 Mbits/sec    7    614 KBytes       
- - - - - - - - - - - - - - - - - - - - - - - - -
[ ID] Interval           Transfer     Bitrate         Retr
[  5]   0.00-60.00  sec   924 MBytes   129 Mbits/sec  124             sender
[  5]   0.00-60.05  sec   925 MBytes   129 Mbits/sec                  receiver

iperf Done.
