Connecting to host 10.136.80.177, port 5201
[  5] local 10.136.173.112 port 45396 connected to 10.136.80.177 port 5201
[ ID] Interval           Transfer     Bitrate         Total Datagrams
[  5]   0.00-1.00   sec  59.0 MBytes   495 Mbits/sec  52500  (omitted)
[  5]   0.00-1.00   sec  58.9 MBytes   494 Mbits/sec  52390  
[  5]   1.00-2.00   sec  54.0 MBytes   453 Mbits/sec  48110  
[  5]   2.00-3.00   sec  57.9 MBytes   486 Mbits/sec  51570  
[  5]   3.00-4.00   sec  60.4 MBytes   507 Mbits/sec  53760  
[  5]   4.00-5.00   sec  49.1 MBytes   412 Mbits/sec  43740  
[  5]   5.00-6.00   sec  54.4 MBytes   456 Mbits/sec  48380  
[  5]   6.00-7.00   sec  60.3 MBytes   506 Mbits/sec  53660  
[  5]   7.00-8.00   sec  56.3 MBytes   472 Mbits/sec  50080  
[  5]   8.00-9.00   sec  53.3 MBytes   447 Mbits/sec  47400  
[  5]   9.00-10.00  sec  58.4 MBytes   490 Mbits/sec  52010  
[  5]  10.00-11.00  sec  47.0 MBytes   394 Mbits/sec  41800  
[  5]  11.00-12.00  sec  59.6 MBytes   500 Mbits/sec  53070  
[  5]  12.00-13.00  sec  55.3 MBytes   464 Mbits/sec  49220  
[  5]  13.00-14.00  sec  58.4 MBytes   490 Mbits/sec  52000  
[  5]  14.00-15.00  sec  53.3 MBytes   447 Mbits/sec  47430  
[  5]  15.00-16.00  sec  55.8 MBytes   468 Mbits/sec  49630  
[  5]  16.00-17.00  sec  54.3 MBytes   456 Mbits/sec  48340  
[  5]  17.00-18.00  sec  63.4 MBytes   532 Mbits/sec  56420  
[  5]  18.00-19.00  sec  53.2 MBytes   446 Mbits/sec  47340  
[  5]  19.00-20.00  sec  57.5 MBytes   482 Mbits/sec  51150  
[  5]  20.00-21.00  sec  58.9 MBytes   494 Mbits/sec  52420  
[  5]  21.00-22.00  sec  59.6 MBytes   500 Mbits/sec  53040  
[  5]  22.00-23.00  sec  54.5 MBytes   457 Mbits/sec  48480  
[  5]  23.00-24.00  sec  54.5 MBytes   457 Mbits/sec  48530  
[  5]  24.00-25.00  sec  56.4 MBytes   473 Mbits/sec  50200  
[  5]  25.00-26.00  sec  57.7 MBytes   484 Mbits/sec  51400  
[  5]  26.00-27.00  sec  47.2 MBytes   396 Mbits/sec  42030  
[  5]  27.00-28.00  sec  50.9 MBytes   427 Mbits/sec  45300  
[  5]  28.00-29.00  sec  48.4 MBytes   406 Mbits/sec  43090  
[  5]  29.00-30.00  sec  60.2 MBytes   505 Mbits/sec  53590  
[  5]  30.00-31.00  sec  54.6 MBytes   458 Mbits/sec  48600  
[  5]  31.00-32.00  sec  59.6 MBytes   500 Mbits/sec  53070  
[  5]  32.00-33.00  sec  54.9 MBytes   461 Mbits/sec  48890  
[  5]  33.00-34.00  sec  58.7 MBytes   492 Mbits/sec  52240  
[  5]  34.00-35.00  sec  59.0 MBytes   495 Mbits/sec  52550  
[  5]  35.00-36.00  sec  60.2 MBytes   505 Mbits/sec  53610  
[  5]  36.00-37.00  sec  62.3 MBytes   522 Mbits/sec  55420  
[  5]  37.00-38.00  sec  58.2 MBytes   488 Mbits/sec  51830  
[  5]  38.00-39.00  sec  60.6 MBytes   509 Mbits/sec  53970  
[  5]  39.00-40.00  sec  51.2 MBytes   429 Mbits/sec  45560  
[  5]  40.00-41.00  sec  44.7 MBytes   375 Mbits/sec  39800  
[  5]  41.00-42.00  sec  63.9 MBytes   536 Mbits/sec  56920  
[  5]  42.00-43.00  sec  45.9 MBytes   385 Mbits/sec  40870  
[  5]  43.00-44.00  sec  56.5 MBytes   474 Mbits/sec  50290  
[  5]  44.00-45.00  sec  56.9 MBytes   478 Mbits/sec  50690  
[  5]  45.00-46.00  sec  44.9 MBytes   377 Mbits/sec  39970  
[  5]  46.00-47.00  sec  65.9 MBytes   553 Mbits/sec  58680  
[  5]  47.00-48.00  sec  55.0 MBytes   461 Mbits/sec  48920  
[  5]  48.00-49.00  sec  53.6 MBytes   450 Mbits/sec  47750  
[  5]  49.00-50.00  sec  51.3 MBytes   430 Mbits/sec  45630  
[  5]  50.00-51.00  sec  56.2 MBytes   472 Mbits/sec  50050  
[  5]  51.00-52.00  sec  59.0 MBytes   495 Mbits/sec  52520  
[  5]  52.00-53.00  sec  52.2 MBytes   438 Mbits/sec  46470  
[  5]  53.00-54.00  sec  61.7 MBytes   518 Mbits/sec  54920  
[  5]  54.00-55.00  sec  57.2 MBytes   480 Mbits/sec  50910  
[  5]  55.00-56.00  sec  61.0 MBytes   512 Mbits/sec  54290  
[  5]  56.00-57.00  sec  56.7 MBytes   476 Mbits/sec  50480  
[  5]  57.00-58.00  sec  61.9 MBytes   519 Mbits/sec  55070  
[  5]  58.00-59.00  sec  56.3 MBytes   472 Mbits/sec  50130  
[  5]  59.00-60.00  sec  55.7 MBytes   468 Mbits/sec  49620  
- - - - - - - - - - - - - - - - - - - - - - - - -
[ ID] Interval           Transfer     Bitrate         Jitter    Lost/Total Datagrams
[  5]   0.00-60.00  sec  3.29 GBytes   470 Mbits/sec  0.000 ms  0/2995300 (0%)  sender
[  5]   0.00-60.05  sec  2.05 GBytes   294 Mbits/sec  5.102 ms  1147133/2995300 (38%)  receiver

iperf Done.
