Connecting to host 10.136.80.180, port 5201
[  5] local 10.136.173.118 port 53749 connected to 10.136.80.180 port 5201
[ ID] Interval           Transfer     Bitrate         Total Datagrams
[  5]   0.00-1.00   sec  74.6 MBytes   626 Mbits/sec  66430  (omitted)
[  5]   0.00-1.00   sec  79.0 MBytes   663 Mbits/sec  70310  
[  5]   1.00-2.00   sec  80.7 MBytes   677 Mbits/sec  71830  
[  5]   2.00-3.00   sec  79.0 MBytes   662 Mbits/sec  70280  
[  5]   3.00-4.00   sec  79.6 MBytes   668 Mbits/sec  70850  
[  5]   4.00-5.00   sec  80.7 MBytes   677 Mbits/sec  71840  
[  5]   5.00-6.00   sec  79.7 MBytes   668 Mbits/sec  70900  
[  5]   6.00-7.00   sec  80.2 MBytes   673 Mbits/sec  71430  
[  5]   7.00-8.00   sec  80.3 MBytes   674 Mbits/sec  71480  
[  5]   8.00-9.00   sec  80.6 MBytes   676 Mbits/sec  71750  
[  5]   9.00-10.00  sec  80.1 MBytes   672 Mbits/sec  71280  
[  5]  10.00-11.00  sec  80.2 MBytes   673 Mbits/sec  71420  
[  5]  11.00-12.00  sec  79.9 MBytes   671 Mbits/sec  71150  
[  5]  12.00-13.00  sec  79.6 MBytes   668 Mbits/sec  70840  
[  5]  13.00-14.00  sec  79.7 MBytes   669 Mbits/sec  70980  
[  5]  14.00-15.00  sec  80.2 MBytes   672 Mbits/sec  71360  
[  5]  15.00-16.00  sec  78.9 MBytes   662 Mbits/sec  70230  
[  5]  16.00-17.00  sec  79.0 MBytes   663 Mbits/sec  70320  
[  5]  17.00-18.00  sec  78.5 MBytes   658 Mbits/sec  69840  
[  5]  18.00-19.00  sec  80.3 MBytes   674 Mbits/sec  71500  
[  5]  19.00-20.00  sec  80.0 MBytes   671 Mbits/sec  71220  
[  5]  20.00-21.00  sec  80.8 MBytes   678 Mbits/sec  71940  
[  5]  21.00-22.00  sec  81.7 MBytes   685 Mbits/sec  72680  
[  5]  22.00-23.00  sec  80.7 MBytes   677 Mbits/sec  71820  
[  5]  23.00-24.00  sec  81.3 MBytes   682 Mbits/sec  72350  
[  5]  24.00-25.00  sec  81.4 MBytes   683 Mbits/sec  72440  
[  5]  25.00-26.00  sec  78.9 MBytes   662 Mbits/sec  70270  
[  5]  26.00-27.00  sec  82.5 MBytes   692 Mbits/sec  73450  
[  5]  27.00-28.00  sec  81.3 MBytes   682 Mbits/sec  72360  
[  5]  28.00-29.00  sec  81.4 MBytes   683 Mbits/sec  72470  
[  5]  29.00-30.00  sec  79.9 MBytes   670 Mbits/sec  71080  
[  5]  30.00-31.00  sec  80.1 MBytes   672 Mbits/sec  71320  
[  5]  31.00-32.00  sec  79.2 MBytes   664 Mbits/sec  70480  
[  5]  32.00-33.00  sec  79.6 MBytes   667 Mbits/sec  70820  
[  5]  33.00-34.00  sec  79.7 MBytes   669 Mbits/sec  70960  
[  5]  34.00-35.00  sec  80.3 MBytes   674 Mbits/sec  71480  
[  5]  35.00-36.00  sec  80.1 MBytes   672 Mbits/sec  71290  
[  5]  36.00-37.00  sec  80.4 MBytes   675 Mbits/sec  71570  
[  5]  37.00-38.00  sec  82.6 MBytes   693 Mbits/sec  73530  
[  5]  38.00-39.00  sec  83.6 MBytes   701 Mbits/sec  74400  
[  5]  39.00-40.00  sec  80.6 MBytes   676 Mbits/sec  71780  
[  5]  40.00-41.00  sec  81.4 MBytes   683 Mbits/sec  72480  
[  5]  41.00-42.00  sec  82.0 MBytes   688 Mbits/sec  73020  
[  5]  42.00-43.00  sec  81.1 MBytes   680 Mbits/sec  72160  
[  5]  43.00-44.00  sec  81.1 MBytes   680 Mbits/sec  72170  
[  5]  44.00-45.00  sec  80.9 MBytes   679 Mbits/sec  72050  
[  5]  45.00-46.00  sec  79.5 MBytes   667 Mbits/sec  70730  
[  5]  46.00-47.00  sec  80.4 MBytes   674 Mbits/sec  71570  
[  5]  47.00-48.00  sec  79.6 MBytes   668 Mbits/sec  70840  
[  5]  48.00-49.00  sec  80.4 MBytes   675 Mbits/sec  71590  
[  5]  49.00-50.00  sec  79.7 MBytes   669 Mbits/sec  70950  
[  5]  50.00-51.00  sec  79.4 MBytes   666 Mbits/sec  70650  
[  5]  51.00-52.00  sec  80.9 MBytes   678 Mbits/sec  71970  
[  5]  52.00-53.00  sec  79.7 MBytes   668 Mbits/sec  70910  
[  5]  53.00-54.00  sec  80.0 MBytes   671 Mbits/sec  71240  
[  5]  54.00-55.00  sec  79.2 MBytes   664 Mbits/sec  70490  
[  5]  55.00-56.00  sec  81.5 MBytes   684 Mbits/sec  72580  
[  5]  56.00-57.00  sec  79.4 MBytes   666 Mbits/sec  70660  
[  5]  57.00-58.00  sec  79.5 MBytes   667 Mbits/sec  70740  
[  5]  58.00-59.00  sec  79.8 MBytes   670 Mbits/sec  71050  
[  5]  59.00-60.00  sec  78.9 MBytes   662 Mbits/sec  70200  
- - - - - - - - - - - - - - - - - - - - - - - - -
[ ID] Interval           Transfer     Bitrate         Jitter    Lost/Total Datagrams
[  5]   0.00-60.00  sec  4.70 GBytes   673 Mbits/sec  0.000 ms  0/4287350 (0%)  sender
[  5]   0.00-60.26  sec  2.38 GBytes   339 Mbits/sec  0.012 ms  2161383/4286773 (50%)  receiver

iperf Done.
