Connecting to host 10.136.80.142, port 5201
[  5] local 10.136.173.95 port 42707 connected to 10.136.80.142 port 5201
[ ID] Interval           Transfer     Bitrate         Total Datagrams
[  5]   0.00-1.00   sec  77.5 MBytes   650 Mbits/sec  68980  (omitted)
[  5]   0.00-1.00   sec  78.6 MBytes   659 Mbits/sec  69950  
[  5]   1.00-2.00   sec  78.3 MBytes   657 Mbits/sec  69700  
[  5]   2.00-3.00   sec  67.3 MBytes   564 Mbits/sec  59890  
[  5]   3.00-4.00   sec  63.3 MBytes   531 Mbits/sec  56360  
[  5]   4.00-5.00   sec  62.0 MBytes   520 Mbits/sec  55210  
[  5]   5.00-6.00   sec  64.2 MBytes   538 Mbits/sec  57110  
[  5]   6.00-7.00   sec  64.2 MBytes   539 Mbits/sec  57150  
[  5]   7.00-8.00   sec  64.6 MBytes   542 Mbits/sec  57480  
[  5]   8.00-9.00   sec  73.1 MBytes   613 Mbits/sec  65080  
[  5]   9.00-10.00  sec  78.2 MBytes   656 Mbits/sec  69650  
[  5]  10.00-11.00  sec  77.4 MBytes   649 Mbits/sec  68890  
[  5]  11.00-12.00  sec  77.9 MBytes   654 Mbits/sec  69370  
[  5]  12.00-13.00  sec  78.1 MBytes   655 Mbits/sec  69500  
[  5]  13.00-14.00  sec  78.7 MBytes   660 Mbits/sec  70080  
[  5]  14.00-15.00  sec  79.3 MBytes   665 Mbits/sec  70570  
[  5]  15.00-16.00  sec  79.0 MBytes   663 Mbits/sec  70320  
[  5]  16.00-17.00  sec  78.0 MBytes   654 Mbits/sec  69400  
[  5]  17.00-18.00  sec  79.0 MBytes   662 Mbits/sec  70290  
[  5]  18.00-19.00  sec  77.6 MBytes   651 Mbits/sec  69100  
[  5]  19.00-20.00  sec  80.2 MBytes   673 Mbits/sec  71420  
[  5]  20.00-21.00  sec  77.2 MBytes   648 Mbits/sec  68730  
[  5]  21.00-22.00  sec  67.1 MBytes   563 Mbits/sec  59700  
[  5]  22.00-23.00  sec  65.2 MBytes   547 Mbits/sec  58050  
[  5]  23.00-24.00  sec  71.7 MBytes   601 Mbits/sec  63780  
[  5]  24.00-25.00  sec  78.1 MBytes   655 Mbits/sec  69480  
[  5]  25.00-26.00  sec  78.2 MBytes   656 Mbits/sec  69590  
[  5]  26.00-27.00  sec  77.9 MBytes   653 Mbits/sec  69300  
[  5]  27.00-28.00  sec  78.0 MBytes   655 Mbits/sec  69460  
[  5]  28.00-29.00  sec  78.2 MBytes   656 Mbits/sec  69570  
[  5]  29.00-30.00  sec  78.3 MBytes   657 Mbits/sec  69690  
[  5]  30.00-31.00  sec  77.7 MBytes   651 Mbits/sec  69120  
[  5]  31.00-32.00  sec  78.3 MBytes   657 Mbits/sec  69700  
[  5]  32.00-33.00  sec  78.6 MBytes   659 Mbits/sec  69930  
[  5]  33.00-34.00  sec  78.0 MBytes   654 Mbits/sec  69400  
[  5]  34.00-35.00  sec  78.0 MBytes   655 Mbits/sec  69470  
[  5]  35.00-36.00  sec  64.3 MBytes   540 Mbits/sec  57280  
[  5]  36.00-37.00  sec  64.6 MBytes   542 Mbits/sec  57460  
[  5]  37.00-38.00  sec  70.6 MBytes   592 Mbits/sec  62800  
[  5]  38.00-39.00  sec  78.3 MBytes   657 Mbits/sec  69700  
[  5]  39.00-40.00  sec  78.8 MBytes   661 Mbits/sec  70180  
[  5]  40.00-41.00  sec  78.2 MBytes   656 Mbits/sec  69600  
[  5]  41.00-42.00  sec  78.3 MBytes   657 Mbits/sec  69740  
[  5]  42.00-43.00  sec  78.7 MBytes   660 Mbits/sec  70040  
[  5]  43.00-44.00  sec  78.7 MBytes   660 Mbits/sec  70050  
[  5]  44.00-45.00  sec  78.8 MBytes   661 Mbits/sec  70150  
[  5]  45.00-46.00  sec  79.2 MBytes   665 Mbits/sec  70530  
[  5]  46.00-47.00  sec  78.9 MBytes   662 Mbits/sec  70230  
[  5]  47.00-48.00  sec  78.6 MBytes   659 Mbits/sec  69980  
[  5]  48.00-49.00  sec  78.7 MBytes   660 Mbits/sec  70060  
[  5]  49.00-50.00  sec  80.0 MBytes   671 Mbits/sec  71200  
[  5]  50.00-51.00  sec  78.4 MBytes   657 Mbits/sec  69770  
[  5]  51.00-52.00  sec  77.5 MBytes   650 Mbits/sec  69010  
[  5]  52.00-53.00  sec  78.6 MBytes   659 Mbits/sec  69930  
[  5]  53.00-54.00  sec  79.1 MBytes   663 Mbits/sec  70370  
[  5]  54.00-55.00  sec  78.6 MBytes   659 Mbits/sec  69950  
[  5]  55.00-56.00  sec  78.7 MBytes   660 Mbits/sec  70030  
[  5]  56.00-57.00  sec  78.1 MBytes   655 Mbits/sec  69520  
[  5]  57.00-58.00  sec  78.1 MBytes   656 Mbits/sec  69560  
[  5]  58.00-59.00  sec  78.7 MBytes   660 Mbits/sec  70040  
[  5]  59.00-60.00  sec  79.1 MBytes   664 Mbits/sec  70420  
- - - - - - - - - - - - - - - - - - - - - - - - -
[ ID] Interval           Transfer     Bitrate         Jitter    Lost/Total Datagrams
[  5]   0.00-60.00  sec  4.44 GBytes   636 Mbits/sec  0.000 ms  0/4049090 (0%)  sender
[  5]   0.00-60.05  sec  4.44 GBytes   635 Mbits/sec  0.011 ms  4003/4049090 (0.099%)  receiver

iperf Done.
