Connecting to host 10.136.80.176, port 5201
[  5] local 10.136.173.112 port 47708 connected to 10.136.80.176 port 5201
[ ID] Interval           Transfer     Bitrate         Total Datagrams
[  5]   0.00-1.00   sec  43.6 MBytes   365 Mbits/sec  38780  (omitted)
[  5]   0.00-1.00   sec  58.2 MBytes   488 Mbits/sec  51830  
[  5]   1.00-2.00   sec  57.1 MBytes   479 Mbits/sec  50790  
[  5]   2.00-3.00   sec  53.6 MBytes   450 Mbits/sec  47720  
[  5]   3.00-4.00   sec  53.0 MBytes   445 Mbits/sec  47190  
[  5]   4.00-5.00   sec  46.6 MBytes   391 Mbits/sec  41490  
[  5]   5.00-6.00   sec  49.3 MBytes   414 Mbits/sec  43900  
[  5]   6.00-7.00   sec  54.5 MBytes   457 Mbits/sec  48480  
[  5]   7.00-8.00   sec  50.1 MBytes   420 Mbits/sec  44610  
[  5]   8.00-9.00   sec  60.3 MBytes   506 Mbits/sec  53660  
[  5]   9.00-10.00  sec  57.5 MBytes   482 Mbits/sec  51150  
[  5]  10.00-11.00  sec  53.2 MBytes   446 Mbits/sec  47330  
[  5]  11.00-12.00  sec  57.7 MBytes   484 Mbits/sec  51350  
[  5]  12.00-13.00  sec  50.8 MBytes   426 Mbits/sec  45220  
[  5]  13.00-14.00  sec  52.7 MBytes   442 Mbits/sec  46940  
[  5]  14.00-15.00  sec  53.6 MBytes   450 Mbits/sec  47710  
[  5]  15.00-16.00  sec  58.0 MBytes   486 Mbits/sec  51610  
[  5]  16.00-17.00  sec  55.0 MBytes   461 Mbits/sec  48950  
[  5]  17.00-18.00  sec  52.5 MBytes   441 Mbits/sec  46770  
[  5]  18.00-19.00  sec  56.4 MBytes   473 Mbits/sec  50170  
[  5]  19.00-20.00  sec  56.6 MBytes   475 Mbits/sec  50390  
[  5]  20.00-21.00  sec  56.7 MBytes   476 Mbits/sec  50510  
[  5]  21.00-22.00  sec  56.6 MBytes   475 Mbits/sec  50410  
[  5]  22.00-23.00  sec  60.0 MBytes   503 Mbits/sec  53420  
[  5]  23.00-24.00  sec  58.4 MBytes   490 Mbits/sec  52020  
[  5]  24.00-25.00  sec  55.3 MBytes   464 Mbits/sec  49230  
[  5]  25.00-26.00  sec  48.6 MBytes   408 Mbits/sec  43290  
[  5]  26.00-27.00  sec  56.6 MBytes   475 Mbits/sec  50360  
[  5]  27.00-28.00  sec  51.3 MBytes   430 Mbits/sec  45660  
[  5]  28.00-29.00  sec  56.1 MBytes   471 Mbits/sec  49970  
[  5]  29.00-30.00  sec  56.8 MBytes   477 Mbits/sec  50590  
[  5]  30.00-31.00  sec  57.7 MBytes   484 Mbits/sec  51400  
[  5]  31.00-32.00  sec  53.8 MBytes   451 Mbits/sec  47870  
[  5]  32.00-33.00  sec  55.7 MBytes   467 Mbits/sec  49580  
[  5]  33.00-34.00  sec  45.2 MBytes   379 Mbits/sec  40230  
[  5]  34.00-35.00  sec  44.2 MBytes   371 Mbits/sec  39340  
[  5]  35.00-36.00  sec  42.6 MBytes   358 Mbits/sec  37940  
[  5]  36.00-37.00  sec  49.4 MBytes   414 Mbits/sec  43930  
[  5]  37.00-38.00  sec  55.3 MBytes   464 Mbits/sec  49190  
[  5]  38.00-39.00  sec  51.6 MBytes   432 Mbits/sec  45900  
[  5]  39.00-40.00  sec  52.1 MBytes   437 Mbits/sec  46390  
[  5]  40.00-41.00  sec  51.9 MBytes   435 Mbits/sec  46160  
[  5]  41.00-42.00  sec  58.2 MBytes   488 Mbits/sec  51770  
[  5]  42.00-43.00  sec  49.8 MBytes   418 Mbits/sec  44370  
[  5]  43.00-44.00  sec  57.4 MBytes   481 Mbits/sec  51070  
[  5]  44.00-45.00  sec  58.0 MBytes   487 Mbits/sec  51660  
[  5]  45.00-46.00  sec  58.1 MBytes   488 Mbits/sec  51760  
[  5]  46.00-47.00  sec  57.4 MBytes   482 Mbits/sec  51100  
[  5]  47.00-48.00  sec  53.0 MBytes   445 Mbits/sec  47210  
[  5]  48.00-49.00  sec  56.1 MBytes   471 Mbits/sec  49940  
[  5]  49.00-50.00  sec  53.3 MBytes   447 Mbits/sec  47470  
[  5]  50.00-51.00  sec  53.6 MBytes   450 Mbits/sec  47750  
[  5]  51.00-52.00  sec  46.9 MBytes   394 Mbits/sec  41770  
[  5]  52.00-53.00  sec  60.6 MBytes   508 Mbits/sec  53910  
[  5]  53.00-54.00  sec  56.0 MBytes   470 Mbits/sec  49860  
[  5]  54.00-55.00  sec  61.3 MBytes   515 Mbits/sec  54600  
[  5]  55.00-56.00  sec  46.9 MBytes   393 Mbits/sec  41710  
[  5]  56.00-57.00  sec  54.6 MBytes   458 Mbits/sec  48640  
[  5]  57.00-58.00  sec  47.0 MBytes   394 Mbits/sec  41850  
[  5]  58.00-59.00  sec  54.7 MBytes   459 Mbits/sec  48730  
[  5]  59.00-60.00  sec  57.0 MBytes   479 Mbits/sec  50780  
- - - - - - - - - - - - - - - - - - - - - - - - -
[ ID] Interval           Transfer     Bitrate         Jitter    Lost/Total Datagrams
[  5]   0.00-60.00  sec  3.17 GBytes   453 Mbits/sec  0.000 ms  0/2886600 (0%)  sender
[  5]   0.00-60.25  sec  2.02 GBytes   288 Mbits/sec  0.020 ms  1054560/2886580 (37%)  receiver

iperf Done.
