Connecting to host knb-server-286304, port 5201
[  5] local 10.136.173.90 port 60674 connected to 10.43.34.13 port 5201
[ ID] Interval           Transfer     Bitrate         Retr  Cwnd
[  5]   0.00-1.00   sec  88.2 MBytes   740 Mbits/sec  445    156 KBytes       (omitted)
[  5]   0.00-1.00   sec  85.0 MBytes   713 Mbits/sec   45    160 KBytes       
[  5]   1.00-2.00   sec  85.0 MBytes   713 Mbits/sec   34    168 KBytes       
[  5]   2.00-3.00   sec  85.0 MBytes   713 Mbits/sec   47    118 KBytes       
[  5]   3.00-4.00   sec  85.0 MBytes   713 Mbits/sec   33    184 KBytes       
[  5]   4.00-5.00   sec  86.2 MBytes   724 Mbits/sec   38    214 KBytes       
[  5]   5.00-6.00   sec  85.0 MBytes   713 Mbits/sec   54    148 KBytes       
[  5]   6.00-7.00   sec  85.0 MBytes   713 Mbits/sec   30    178 KBytes       
[  5]   7.00-8.00   sec  85.0 MBytes   713 Mbits/sec   34    159 KBytes       
[  5]   8.00-9.00   sec  85.0 MBytes   713 Mbits/sec   53    110 KBytes       
[  5]   9.00-10.00  sec  85.0 MBytes   713 Mbits/sec   37    186 KBytes       
[  5]  10.00-11.00  sec  86.2 MBytes   724 Mbits/sec   47    166 KBytes       
[  5]  11.00-12.00  sec  85.0 MBytes   713 Mbits/sec   27    181 KBytes       
[  5]  12.00-13.00  sec  86.2 MBytes   724 Mbits/sec   22    188 KBytes       
[  5]  13.00-14.00  sec  85.0 MBytes   713 Mbits/sec   43    198 KBytes       
[  5]  14.00-15.00  sec  86.2 MBytes   724 Mbits/sec   40    165 KBytes       
[  5]  15.00-16.00  sec  83.8 MBytes   703 Mbits/sec   61    118 KBytes       
[  5]  16.00-17.00  sec  86.2 MBytes   724 Mbits/sec   55    124 KBytes       
[  5]  17.00-18.00  sec  85.0 MBytes   713 Mbits/sec   58   79.4 KBytes       
[  5]  18.00-19.00  sec  85.0 MBytes   713 Mbits/sec   38    179 KBytes       
[  5]  19.00-20.00  sec  85.0 MBytes   713 Mbits/sec   47    189 KBytes       
[  5]  20.00-21.00  sec  86.2 MBytes   724 Mbits/sec   38    188 KBytes       
[  5]  21.00-22.00  sec  85.0 MBytes   713 Mbits/sec   31    165 KBytes       
[  5]  22.00-23.00  sec  85.0 MBytes   713 Mbits/sec   46    179 KBytes       
[  5]  23.00-24.00  sec  86.2 MBytes   723 Mbits/sec   50    199 KBytes       
[  5]  24.00-25.00  sec  67.5 MBytes   567 Mbits/sec   50   10.4 KBytes       
[  5]  25.00-26.00  sec  86.2 MBytes   724 Mbits/sec   89    109 KBytes       
[  5]  26.00-27.00  sec  85.0 MBytes   713 Mbits/sec   57    153 KBytes       
[  5]  27.00-28.00  sec  85.0 MBytes   713 Mbits/sec   37    163 KBytes       
[  5]  28.00-29.00  sec  86.2 MBytes   724 Mbits/sec   27    194 KBytes       
[  5]  29.00-30.00  sec  85.0 MBytes   713 Mbits/sec   44    158 KBytes       
[  5]  30.00-31.00  sec  85.0 MBytes   713 Mbits/sec   44    160 KBytes       
[  5]  31.00-32.00  sec  86.2 MBytes   723 Mbits/sec   48   81.7 KBytes       
[  5]  32.00-33.00  sec  85.0 MBytes   713 Mbits/sec   49    163 KBytes       
[  5]  33.00-34.00  sec  85.0 MBytes   713 Mbits/sec   52    117 KBytes       
[  5]  34.00-35.00  sec  85.0 MBytes   713 Mbits/sec   31    156 KBytes       
[  5]  35.00-36.00  sec  85.0 MBytes   713 Mbits/sec   57    113 KBytes       
[  5]  36.00-37.00  sec  85.0 MBytes   713 Mbits/sec   43    165 KBytes       
[  5]  37.00-38.00  sec  85.0 MBytes   713 Mbits/sec   52    136 KBytes       
[  5]  38.00-39.00  sec  85.0 MBytes   713 Mbits/sec   46    135 KBytes       
[  5]  39.00-40.00  sec  86.2 MBytes   724 Mbits/sec   75    171 KBytes       
[  5]  40.00-41.00  sec  85.0 MBytes   713 Mbits/sec   50    159 KBytes       
[  5]  41.00-42.00  sec  85.0 MBytes   713 Mbits/sec   37    152 KBytes       
[  5]  42.00-43.00  sec  85.0 MBytes   713 Mbits/sec   30    225 KBytes       
[  5]  43.00-44.00  sec  85.0 MBytes   713 Mbits/sec   53    114 KBytes       
[  5]  44.00-45.00  sec  85.0 MBytes   713 Mbits/sec   53    166 KBytes       
[  5]  45.00-46.00  sec  85.0 MBytes   713 Mbits/sec   67    102 KBytes       
[  5]  46.00-47.00  sec  85.0 MBytes   713 Mbits/sec   42    167 KBytes       
[  5]  47.00-48.00  sec  85.0 MBytes   713 Mbits/sec   51    153 KBytes       
[  5]  48.00-49.00  sec  85.0 MBytes   713 Mbits/sec   45    176 KBytes       
[  5]  49.00-50.00  sec  85.0 MBytes   713 Mbits/sec   52    170 KBytes       
[  5]  50.00-51.00  sec  86.2 MBytes   723 Mbits/sec   47    160 KBytes       
[  5]  51.00-52.00  sec  85.0 MBytes   713 Mbits/sec   40    141 KBytes       
[  5]  52.00-53.00  sec  85.0 MBytes   713 Mbits/sec   44    152 KBytes       
[  5]  53.00-54.00  sec  85.0 MBytes   713 Mbits/sec   49    163 KBytes       
[  5]  54.00-55.00  sec  85.0 MBytes   713 Mbits/sec   46    160 KBytes       
[  5]  55.00-56.00  sec  85.0 MBytes   713 Mbits/sec   50    166 KBytes       
[  5]  56.00-57.00  sec  86.2 MBytes   724 Mbits/sec   30    159 KBytes       
[  5]  57.00-58.00  sec  85.0 MBytes   713 Mbits/sec   39    117 KBytes       
[  5]  58.00-59.00  sec  85.0 MBytes   713 Mbits/sec   54    156 KBytes       
[  5]  59.00-60.00  sec  86.2 MBytes   723 Mbits/sec   38    182 KBytes       
- - - - - - - - - - - - - - - - - - - - - - - - -
[ ID] Interval           Transfer     Bitrate         Retr
[  5]   0.00-60.00  sec  4.98 GBytes   713 Mbits/sec  2726             sender
[  5]   0.00-60.04  sec  4.98 GBytes   713 Mbits/sec                  receiver

iperf Done.
