Connecting to host knb-server-286304, port 5201
[  5] local 10.136.173.91 port 34882 connected to 10.43.34.13 port 5201
[ ID] Interval           Transfer     Bitrate         Total Datagrams
[  5]   0.00-1.00   sec  61.7 MBytes   518 Mbits/sec  54950  (omitted)
[  5]   0.00-1.00   sec  64.1 MBytes   538 Mbits/sec  57080  
[  5]   1.00-2.00   sec  63.2 MBytes   530 Mbits/sec  56290  
[  5]   2.00-3.00   sec  63.5 MBytes   533 Mbits/sec  56530  
[  5]   3.00-4.00   sec  63.4 MBytes   532 Mbits/sec  56460  
[  5]   4.00-5.00   sec  61.8 MBytes   518 Mbits/sec  55000  
[  5]   5.00-6.00   sec  63.5 MBytes   532 Mbits/sec  56490  
[  5]   6.00-7.00   sec  62.9 MBytes   527 Mbits/sec  55950  
[  5]   7.00-8.00   sec  61.3 MBytes   514 Mbits/sec  54530  
[  5]   8.00-9.00   sec  61.7 MBytes   517 Mbits/sec  54880  
[  5]   9.00-10.00  sec  62.6 MBytes   525 Mbits/sec  55740  
[  5]  10.00-11.00  sec  63.9 MBytes   536 Mbits/sec  56900  
[  5]  11.00-12.00  sec  63.0 MBytes   529 Mbits/sec  56100  
[  5]  12.00-13.00  sec  64.2 MBytes   539 Mbits/sec  57160  
[  5]  13.00-14.00  sec  65.8 MBytes   552 Mbits/sec  58590  
[  5]  14.00-15.00  sec  70.9 MBytes   594 Mbits/sec  63070  
[  5]  15.00-16.00  sec  64.2 MBytes   539 Mbits/sec  57180  
[  5]  16.00-17.00  sec  64.5 MBytes   541 Mbits/sec  57420  
[  5]  17.00-18.00  sec  63.9 MBytes   536 Mbits/sec  56870  
[  5]  18.00-19.00  sec  62.7 MBytes   526 Mbits/sec  55790  
[  5]  19.00-20.00  sec  61.7 MBytes   518 Mbits/sec  54950  
[  5]  20.00-21.00  sec  64.4 MBytes   540 Mbits/sec  57290  
[  5]  21.00-22.00  sec  62.3 MBytes   522 Mbits/sec  55440  
[  5]  22.00-23.00  sec  62.8 MBytes   527 Mbits/sec  55870  
[  5]  23.00-24.00  sec  62.2 MBytes   522 Mbits/sec  55390  
[  5]  24.00-25.00  sec  64.0 MBytes   537 Mbits/sec  56980  
[  5]  25.00-26.00  sec  61.6 MBytes   517 Mbits/sec  54850  
[  5]  26.00-27.00  sec  61.8 MBytes   518 Mbits/sec  54980  
[  5]  27.00-28.00  sec  63.6 MBytes   534 Mbits/sec  56640  
[  5]  28.00-29.00  sec  62.1 MBytes   521 Mbits/sec  55290  
[  5]  29.00-30.00  sec  69.7 MBytes   584 Mbits/sec  62020  
[  5]  30.00-31.00  sec  77.4 MBytes   649 Mbits/sec  68880  
[  5]  31.00-32.00  sec  72.5 MBytes   608 Mbits/sec  64510  
[  5]  32.00-33.00  sec  77.2 MBytes   648 Mbits/sec  68740  
[  5]  33.00-34.00  sec  76.7 MBytes   644 Mbits/sec  68280  
[  5]  34.00-35.00  sec  77.0 MBytes   646 Mbits/sec  68510  
[  5]  35.00-36.00  sec  77.0 MBytes   646 Mbits/sec  68550  
[  5]  36.00-37.00  sec  77.0 MBytes   646 Mbits/sec  68530  
[  5]  37.00-38.00  sec  77.4 MBytes   650 Mbits/sec  68940  
[  5]  38.00-39.00  sec  77.2 MBytes   648 Mbits/sec  68760  
[  5]  39.00-40.00  sec  76.3 MBytes   640 Mbits/sec  67880  
[  5]  40.00-41.00  sec  78.1 MBytes   655 Mbits/sec  69510  
[  5]  41.00-42.00  sec  77.7 MBytes   652 Mbits/sec  69180  
[  5]  42.00-43.00  sec  78.0 MBytes   654 Mbits/sec  69410  
[  5]  43.00-44.00  sec  77.5 MBytes   650 Mbits/sec  68960  
[  5]  44.00-45.00  sec  76.8 MBytes   644 Mbits/sec  68370  
[  5]  45.00-46.00  sec  77.8 MBytes   652 Mbits/sec  69220  
[  5]  46.00-47.00  sec  78.3 MBytes   657 Mbits/sec  69670  
[  5]  47.00-48.00  sec  76.2 MBytes   639 Mbits/sec  67820  
[  5]  48.00-49.00  sec  77.5 MBytes   650 Mbits/sec  68960  
[  5]  49.00-50.00  sec  71.1 MBytes   596 Mbits/sec  63250  
[  5]  50.00-51.00  sec  78.2 MBytes   656 Mbits/sec  69570  
[  5]  51.00-52.00  sec  78.5 MBytes   658 Mbits/sec  69870  
[  5]  52.00-53.00  sec  78.4 MBytes   658 Mbits/sec  69820  
[  5]  53.00-54.00  sec  78.7 MBytes   660 Mbits/sec  70090  
[  5]  54.00-55.00  sec  78.9 MBytes   662 Mbits/sec  70240  
[  5]  55.00-56.00  sec  78.2 MBytes   656 Mbits/sec  69570  
[  5]  56.00-57.00  sec  78.7 MBytes   660 Mbits/sec  70020  
[  5]  57.00-58.00  sec  77.7 MBytes   651 Mbits/sec  69130  
[  5]  58.00-59.00  sec  76.5 MBytes   642 Mbits/sec  68130  
[  5]  59.00-60.00  sec  75.7 MBytes   635 Mbits/sec  67360  
- - - - - - - - - - - - - - - - - - - - - - - - -
[ ID] Interval           Transfer     Bitrate         Jitter    Lost/Total Datagrams
[  5]   0.00-60.00  sec  4.12 GBytes   590 Mbits/sec  0.000 ms  0/3757460 (0%)  sender
[  5]   0.00-60.04  sec  4.12 GBytes   590 Mbits/sec  0.012 ms  2778/3757460 (0.074%)  receiver

iperf Done.
