Connecting to host knb-server-198014, port 5201
[  5] local 10.136.173.107 port 59610 connected to 10.43.56.23 port 5201
[ ID] Interval           Transfer     Bitrate         Total Datagrams
[  5]   0.00-1.00   sec  52.7 MBytes   442 Mbits/sec  46950  (omitted)
[  5]   0.00-1.00   sec  52.8 MBytes   443 Mbits/sec  47010  
[  5]   1.00-2.00   sec  50.4 MBytes   423 Mbits/sec  44870  
[  5]   2.00-3.00   sec  51.6 MBytes   433 Mbits/sec  45970  
[  5]   3.00-4.00   sec  51.6 MBytes   433 Mbits/sec  45950  
[  5]   4.00-5.00   sec  53.6 MBytes   450 Mbits/sec  47730  
[  5]   5.00-6.00   sec  53.3 MBytes   447 Mbits/sec  47400  
[  5]   6.00-7.00   sec  53.1 MBytes   446 Mbits/sec  47290  
[  5]   7.00-8.00   sec  50.6 MBytes   425 Mbits/sec  45050  
[  5]   8.00-9.00   sec  51.9 MBytes   435 Mbits/sec  46170  
[  5]   9.00-10.00  sec  53.9 MBytes   452 Mbits/sec  47940  
[  5]  10.00-11.00  sec  52.4 MBytes   439 Mbits/sec  46620  
[  5]  11.00-12.00  sec  52.9 MBytes   444 Mbits/sec  47110  
[  5]  12.00-13.00  sec  51.5 MBytes   432 Mbits/sec  45820  
[  5]  13.00-14.00  sec  53.5 MBytes   449 Mbits/sec  47610  
[  5]  14.00-15.00  sec  49.4 MBytes   415 Mbits/sec  44010  
[  5]  15.00-16.00  sec  54.0 MBytes   453 Mbits/sec  48110  
[  5]  16.00-17.00  sec  51.5 MBytes   432 Mbits/sec  45820  
[  5]  17.00-18.00  sec  52.2 MBytes   437 Mbits/sec  46430  
[  5]  18.00-19.00  sec  52.7 MBytes   442 Mbits/sec  46910  
[  5]  19.00-20.00  sec  53.2 MBytes   446 Mbits/sec  47370  
[  5]  20.00-21.00  sec  52.2 MBytes   438 Mbits/sec  46490  
[  5]  21.00-22.00  sec  52.2 MBytes   438 Mbits/sec  46450  
[  5]  22.00-23.00  sec  51.8 MBytes   435 Mbits/sec  46130  
[  5]  23.00-24.00  sec  50.6 MBytes   424 Mbits/sec  45010  
[  5]  24.00-25.00  sec  51.2 MBytes   430 Mbits/sec  45600  
[  5]  25.00-26.00  sec  50.3 MBytes   422 Mbits/sec  44780  
[  5]  26.00-27.00  sec  54.2 MBytes   455 Mbits/sec  48240  
[  5]  27.00-28.00  sec  54.0 MBytes   453 Mbits/sec  48030  
[  5]  28.00-29.00  sec  53.4 MBytes   448 Mbits/sec  47550  
[  5]  29.00-30.00  sec  51.2 MBytes   429 Mbits/sec  45560  
[  5]  30.00-31.00  sec  52.4 MBytes   440 Mbits/sec  46680  
[  5]  31.00-32.00  sec  50.6 MBytes   424 Mbits/sec  45020  
[  5]  32.00-33.00  sec  55.5 MBytes   465 Mbits/sec  49370  
[  5]  33.00-34.00  sec  50.7 MBytes   425 Mbits/sec  45140  
[  5]  34.00-35.00  sec  53.0 MBytes   445 Mbits/sec  47190  
[  5]  35.00-36.00  sec  47.0 MBytes   394 Mbits/sec  41800  
[  5]  36.00-37.00  sec  50.0 MBytes   420 Mbits/sec  44540  
[  5]  37.00-38.00  sec  51.1 MBytes   428 Mbits/sec  45460  
[  5]  38.00-39.00  sec  51.4 MBytes   431 Mbits/sec  45710  
[  5]  39.00-40.00  sec  51.0 MBytes   428 Mbits/sec  45390  
[  5]  40.00-41.00  sec  52.7 MBytes   442 Mbits/sec  46890  
[  5]  41.00-42.00  sec  49.8 MBytes   418 Mbits/sec  44370  
[  5]  42.00-43.00  sec  53.3 MBytes   447 Mbits/sec  47460  
[  5]  43.00-44.00  sec  49.4 MBytes   414 Mbits/sec  43930  
[  5]  44.00-45.00  sec  52.8 MBytes   443 Mbits/sec  47000  
[  5]  45.00-46.00  sec  53.8 MBytes   452 Mbits/sec  47930  
[  5]  46.00-47.00  sec  51.9 MBytes   436 Mbits/sec  46240  
[  5]  47.00-48.00  sec  52.7 MBytes   442 Mbits/sec  46870  
[  5]  48.00-49.00  sec  51.3 MBytes   430 Mbits/sec  45650  
[  5]  49.00-50.00  sec  51.1 MBytes   429 Mbits/sec  45480  
[  5]  50.00-51.00  sec  49.3 MBytes   414 Mbits/sec  43890  
[  5]  51.00-52.00  sec  50.3 MBytes   422 Mbits/sec  44740  
[  5]  52.00-53.00  sec  52.7 MBytes   442 Mbits/sec  46870  
[  5]  53.00-54.00  sec  51.9 MBytes   436 Mbits/sec  46230  
[  5]  54.00-55.00  sec  52.0 MBytes   436 Mbits/sec  46270  
[  5]  55.00-56.00  sec  51.4 MBytes   431 Mbits/sec  45740  
[  5]  56.00-57.00  sec  50.7 MBytes   426 Mbits/sec  45170  
[  5]  57.00-58.00  sec  51.2 MBytes   430 Mbits/sec  45600  
[  5]  58.00-59.00  sec  50.7 MBytes   425 Mbits/sec  45100  
[  5]  59.00-60.00  sec  48.7 MBytes   408 Mbits/sec  43330  
- - - - - - - - - - - - - - - - - - - - - - - - -
[ ID] Interval           Transfer     Bitrate         Jitter    Lost/Total Datagrams
[  5]   0.00-60.00  sec  3.03 GBytes   434 Mbits/sec  0.000 ms  0/2766090 (0%)  sender
[  5]   0.00-60.22  sec  1.89 GBytes   269 Mbits/sec  0.006 ms  1066630/2766090 (39%)  receiver

iperf Done.
