Connecting to host 10.136.80.132, port 5201
[  5] local 10.136.173.68 port 54974 connected to 10.136.80.132 port 5201
[ ID] Interval           Transfer     Bitrate         Retr  Cwnd
[  5]   0.00-1.00   sec  70.4 MBytes   590 Mbits/sec   82    271 KBytes       (omitted)
[  5]   0.00-1.00   sec  83.0 MBytes   697 Mbits/sec   35    221 KBytes       
[  5]   1.00-2.00   sec  84.0 MBytes   704 Mbits/sec   18    190 KBytes       
[  5]   2.00-3.00   sec  89.7 MBytes   752 Mbits/sec    6    341 KBytes       
[  5]   3.00-4.00   sec  84.2 MBytes   707 Mbits/sec   22    209 KBytes       
[  5]   4.00-5.00   sec  87.2 MBytes   732 Mbits/sec   34    382 KBytes       
[  5]   5.00-6.00   sec  85.5 MBytes   717 Mbits/sec   27    170 KBytes       
[  5]   6.00-7.00   sec  88.3 MBytes   741 Mbits/sec    9    337 KBytes       
[  5]   7.00-8.00   sec  89.2 MBytes   748 Mbits/sec   13    245 KBytes       
[  5]   8.00-9.00   sec  86.7 MBytes   727 Mbits/sec   16    235 KBytes       
[  5]   9.00-10.00  sec  80.9 MBytes   678 Mbits/sec   13    262 KBytes       
[  5]  10.00-11.00  sec  86.9 MBytes   729 Mbits/sec   66    299 KBytes       
[  5]  11.00-12.00  sec  87.4 MBytes   733 Mbits/sec    7    366 KBytes       
[  5]  12.00-13.00  sec  89.2 MBytes   748 Mbits/sec   20    255 KBytes       
[  5]  13.00-14.00  sec  88.8 MBytes   745 Mbits/sec   14    268 KBytes       
[  5]  14.00-15.00  sec  87.1 MBytes   728 Mbits/sec    7    359 KBytes       
[  5]  15.00-16.00  sec  89.0 MBytes   749 Mbits/sec   12    334 KBytes       
[  5]  16.00-17.00  sec  88.2 MBytes   740 Mbits/sec   12    293 KBytes       
[  5]  17.00-18.00  sec  86.6 MBytes   726 Mbits/sec   25    225 KBytes       
[  5]  18.00-19.00  sec  84.0 MBytes   705 Mbits/sec   38    236 KBytes       
[  5]  19.00-20.00  sec  87.4 MBytes   733 Mbits/sec   20    250 KBytes       
[  5]  20.00-21.00  sec  84.2 MBytes   706 Mbits/sec   29    188 KBytes       
[  5]  21.00-22.00  sec  87.6 MBytes   735 Mbits/sec   32    262 KBytes       
[  5]  22.00-23.00  sec  88.4 MBytes   741 Mbits/sec   14    260 KBytes       
[  5]  23.00-24.00  sec  85.8 MBytes   720 Mbits/sec    8    345 KBytes       
[  5]  24.00-25.00  sec  85.8 MBytes   719 Mbits/sec   62    301 KBytes       
[  5]  25.00-26.00  sec  85.1 MBytes   714 Mbits/sec   18    297 KBytes       
[  5]  26.00-27.00  sec  85.3 MBytes   716 Mbits/sec   29    252 KBytes       
[  5]  27.00-28.00  sec  86.4 MBytes   725 Mbits/sec   12    227 KBytes       
[  5]  28.00-29.00  sec  87.1 MBytes   731 Mbits/sec    6    360 KBytes       
[  5]  29.00-30.00  sec  86.8 MBytes   728 Mbits/sec   13    308 KBytes       
[  5]  30.00-31.00  sec  85.8 MBytes   720 Mbits/sec   13    278 KBytes       
[  5]  31.00-32.00  sec  88.0 MBytes   739 Mbits/sec    9    321 KBytes       
[  5]  32.00-33.00  sec  87.2 MBytes   731 Mbits/sec   21    211 KBytes       
[  5]  33.00-34.00  sec  85.1 MBytes   714 Mbits/sec   22    385 KBytes       
[  5]  34.00-35.00  sec  83.6 MBytes   701 Mbits/sec   21    274 KBytes       
[  5]  35.00-36.00  sec  83.2 MBytes   698 Mbits/sec   21    192 KBytes       
[  5]  36.00-37.00  sec  86.9 MBytes   729 Mbits/sec    7    304 KBytes       
[  5]  37.00-38.00  sec  85.2 MBytes   715 Mbits/sec    7    343 KBytes       
[  5]  38.00-39.00  sec  80.1 MBytes   672 Mbits/sec   37    165 KBytes       
[  5]  39.00-40.00  sec  87.1 MBytes   731 Mbits/sec    7    314 KBytes       
[  5]  40.00-41.00  sec  88.7 MBytes   744 Mbits/sec   15    229 KBytes       
[  5]  41.00-42.00  sec  79.8 MBytes   669 Mbits/sec   47   8.05 KBytes       
[  5]  42.00-43.00  sec  68.2 MBytes   572 Mbits/sec   22    200 KBytes       
[  5]  43.00-44.00  sec  83.2 MBytes   698 Mbits/sec    8    271 KBytes       
[  5]  44.00-45.00  sec  78.0 MBytes   654 Mbits/sec   21    213 KBytes       
[  5]  45.00-46.00  sec  82.5 MBytes   692 Mbits/sec   26    189 KBytes       
[  5]  46.00-47.00  sec  86.4 MBytes   725 Mbits/sec    0    374 KBytes       
[  5]  47.00-48.00  sec  87.0 MBytes   730 Mbits/sec   13    255 KBytes       
[  5]  48.00-49.00  sec  88.1 MBytes   739 Mbits/sec    6    313 KBytes       
[  5]  49.00-50.00  sec  87.5 MBytes   734 Mbits/sec    8    374 KBytes       
[  5]  50.00-51.00  sec  88.7 MBytes   744 Mbits/sec   19    231 KBytes       
[  5]  51.00-52.00  sec  88.5 MBytes   743 Mbits/sec   13    280 KBytes       
[  5]  52.00-53.00  sec  83.7 MBytes   702 Mbits/sec   37    311 KBytes       
[  5]  53.00-54.00  sec  81.5 MBytes   684 Mbits/sec   26    238 KBytes       
[  5]  54.00-55.00  sec  83.7 MBytes   702 Mbits/sec   14    275 KBytes       
[  5]  55.00-56.00  sec  84.7 MBytes   711 Mbits/sec   13    319 KBytes       
[  5]  56.00-57.00  sec  65.4 MBytes   548 Mbits/sec   36    265 KBytes       
[  5]  57.00-58.00  sec  82.2 MBytes   690 Mbits/sec   19    183 KBytes       
[  5]  58.00-59.00  sec  84.0 MBytes   705 Mbits/sec   22    231 KBytes       
[  5]  59.00-60.00  sec  84.8 MBytes   711 Mbits/sec   12    211 KBytes       
- - - - - - - - - - - - - - - - - - - - - - - - -
[ ID] Interval           Transfer     Bitrate         Retr
[  5]   0.00-60.00  sec  4.99 GBytes   714 Mbits/sec  1179             sender
[  5]   0.00-60.03  sec  4.99 GBytes   714 Mbits/sec                  receiver

iperf Done.
