Connecting to host 10.136.80.189, port 5201
[  5] local 10.136.173.124 port 50551 connected to 10.136.80.189 port 5201
[ ID] Interval           Transfer     Bitrate         Total Datagrams
[  5]   0.00-1.00   sec  62.7 MBytes   525 Mbits/sec  55770  (omitted)
[  5]   0.00-1.00   sec  54.0 MBytes   453 Mbits/sec  48100  
[  5]   1.00-2.00   sec  55.9 MBytes   469 Mbits/sec  49800  
[  5]   2.00-3.00   sec  57.0 MBytes   478 Mbits/sec  50710  
[  5]   3.00-4.00   sec  58.4 MBytes   490 Mbits/sec  51950  
[  5]   4.00-5.00   sec  57.5 MBytes   483 Mbits/sec  51220  
[  5]   5.00-6.00   sec  61.9 MBytes   519 Mbits/sec  55080  
[  5]   6.00-7.00   sec  49.2 MBytes   413 Mbits/sec  43830  
[  5]   7.00-8.00   sec  55.4 MBytes   465 Mbits/sec  49340  
[  5]   8.00-9.00   sec  58.5 MBytes   491 Mbits/sec  52050  
[  5]   9.00-10.00  sec  61.0 MBytes   512 Mbits/sec  54320  
[  5]  10.00-11.00  sec  59.6 MBytes   500 Mbits/sec  53080  
[  5]  11.00-12.00  sec  60.8 MBytes   510 Mbits/sec  54080  
[  5]  12.00-13.00  sec  55.4 MBytes   465 Mbits/sec  49320  
[  5]  13.00-14.00  sec  58.9 MBytes   494 Mbits/sec  52410  
[  5]  14.00-15.00  sec  59.8 MBytes   501 Mbits/sec  53200  
[  5]  15.00-16.00  sec  55.4 MBytes   465 Mbits/sec  49340  
[  5]  16.00-17.00  sec  56.2 MBytes   471 Mbits/sec  50030  
[  5]  17.00-18.00  sec  56.2 MBytes   470 Mbits/sec  50000  
[  5]  18.00-19.00  sec  46.5 MBytes   391 Mbits/sec  41410  
[  5]  19.00-20.00  sec  48.7 MBytes   408 Mbits/sec  43350  
[  5]  20.00-21.00  sec  64.2 MBytes   538 Mbits/sec  57110  
[  5]  21.00-22.00  sec  49.2 MBytes   413 Mbits/sec  43810  
[  5]  22.00-23.00  sec  52.7 MBytes   442 Mbits/sec  46930  
[  5]  23.00-24.00  sec  53.4 MBytes   448 Mbits/sec  47520  
[  5]  24.00-25.00  sec  46.5 MBytes   390 Mbits/sec  41360  
[  5]  25.00-26.00  sec  53.8 MBytes   451 Mbits/sec  47890  
[  5]  26.00-27.00  sec  58.0 MBytes   486 Mbits/sec  51590  
[  5]  27.00-28.00  sec  56.2 MBytes   471 Mbits/sec  49990  
[  5]  28.00-29.00  sec  56.9 MBytes   478 Mbits/sec  50680  
[  5]  29.00-30.00  sec  54.3 MBytes   455 Mbits/sec  48310  
[  5]  30.00-31.00  sec  53.3 MBytes   447 Mbits/sec  47450  
[  5]  31.00-32.00  sec  53.5 MBytes   449 Mbits/sec  47640  
[  5]  32.00-33.00  sec  57.8 MBytes   485 Mbits/sec  51420  
[  5]  33.00-34.00  sec  55.5 MBytes   466 Mbits/sec  49440  
[  5]  34.00-35.00  sec  59.0 MBytes   495 Mbits/sec  52530  
[  5]  35.00-36.00  sec  43.9 MBytes   369 Mbits/sec  39120  
[  5]  36.00-37.00  sec  53.7 MBytes   450 Mbits/sec  47790  
[  5]  37.00-38.00  sec  57.4 MBytes   482 Mbits/sec  51130  
[  5]  38.00-39.00  sec  56.2 MBytes   472 Mbits/sec  50030  
[  5]  39.00-40.00  sec  59.1 MBytes   496 Mbits/sec  52650  
[  5]  40.00-41.00  sec  62.8 MBytes   527 Mbits/sec  55930  
[  5]  41.00-42.00  sec  59.0 MBytes   495 Mbits/sec  52490  
[  5]  42.00-43.00  sec  56.2 MBytes   471 Mbits/sec  50020  
[  5]  43.00-44.00  sec  59.5 MBytes   500 Mbits/sec  53000  
[  5]  44.00-45.00  sec  56.4 MBytes   473 Mbits/sec  50230  
[  5]  45.00-46.00  sec  56.8 MBytes   477 Mbits/sec  50600  
[  5]  46.00-47.00  sec  56.2 MBytes   472 Mbits/sec  50050  
[  5]  47.00-48.00  sec  57.6 MBytes   483 Mbits/sec  51290  
[  5]  48.00-49.00  sec  53.4 MBytes   448 Mbits/sec  47540  
[  5]  49.00-50.00  sec  57.8 MBytes   485 Mbits/sec  51420  
[  5]  50.00-51.00  sec  54.3 MBytes   456 Mbits/sec  48360  
[  5]  51.00-52.00  sec  59.3 MBytes   498 Mbits/sec  52800  
[  5]  52.00-53.00  sec  58.4 MBytes   490 Mbits/sec  51960  
[  5]  53.00-54.00  sec  59.5 MBytes   499 Mbits/sec  53000  
[  5]  54.00-55.00  sec  60.2 MBytes   505 Mbits/sec  53590  
[  5]  55.00-56.00  sec  55.0 MBytes   462 Mbits/sec  49000  
[  5]  56.00-57.00  sec  55.0 MBytes   461 Mbits/sec  48940  
[  5]  57.00-58.00  sec  55.2 MBytes   463 Mbits/sec  49110  
[  5]  58.00-59.00  sec  58.4 MBytes   490 Mbits/sec  52010  
[  5]  59.00-60.00  sec  60.9 MBytes   511 Mbits/sec  54210  
- - - - - - - - - - - - - - - - - - - - - - - - -
[ ID] Interval           Transfer     Bitrate         Jitter    Lost/Total Datagrams
[  5]   0.00-60.00  sec  3.29 GBytes   472 Mbits/sec  0.000 ms  0/3002560 (0%)  sender
[  5]   0.00-60.25  sec  1.91 GBytes   272 Mbits/sec  0.017 ms  1294121/3002550 (43%)  receiver

iperf Done.
