Connecting to host 10.136.80.175, port 5201
[  5] local 10.136.173.93 port 60616 connected to 10.136.80.175 port 5201
[ ID] Interval           Transfer     Bitrate         Total Datagrams
[  5]   0.00-1.00   sec  91.2 MBytes   765 Mbits/sec  68440  (omitted)
[  5]   0.00-1.00   sec  86.3 MBytes   724 Mbits/sec  64750  
[  5]   1.00-2.00   sec  93.0 MBytes   780 Mbits/sec  69760  
[  5]   2.00-3.00   sec  92.9 MBytes   779 Mbits/sec  69660  
[  5]   3.00-4.00   sec  89.9 MBytes   754 Mbits/sec  67400  
[  5]   4.00-5.00   sec  77.1 MBytes   646 Mbits/sec  57800  
[  5]   5.00-6.00   sec  77.6 MBytes   651 Mbits/sec  58200  
[  5]   6.00-7.00   sec  77.4 MBytes   649 Mbits/sec  58050  
[  5]   7.00-8.00   sec  78.0 MBytes   655 Mbits/sec  58540  
[  5]   8.00-9.00   sec  76.1 MBytes   638 Mbits/sec  57060  
[  5]   9.00-10.00  sec  76.4 MBytes   641 Mbits/sec  57280  
[  5]  10.00-11.00  sec  77.9 MBytes   653 Mbits/sec  58400  
[  5]  11.00-12.00  sec  75.8 MBytes   636 Mbits/sec  56860  
[  5]  12.00-13.00  sec  77.6 MBytes   651 Mbits/sec  58180  
[  5]  13.00-14.00  sec  77.6 MBytes   651 Mbits/sec  58220  
[  5]  14.00-15.00  sec  76.3 MBytes   640 Mbits/sec  57200  
[  5]  15.00-16.00  sec  81.8 MBytes   686 Mbits/sec  61330  
[  5]  16.00-17.00  sec  92.2 MBytes   773 Mbits/sec  69120  
[  5]  17.00-18.00  sec  94.7 MBytes   795 Mbits/sec  71040  
[  5]  18.00-19.00  sec  94.0 MBytes   788 Mbits/sec  70490  
[  5]  19.00-20.00  sec  85.9 MBytes   721 Mbits/sec  64450  
[  5]  20.00-21.00  sec  92.4 MBytes   775 Mbits/sec  69320  
[  5]  21.00-22.00  sec  90.8 MBytes   762 Mbits/sec  68140  
[  5]  22.00-23.00  sec  86.2 MBytes   723 Mbits/sec  64670  
[  5]  23.00-24.00  sec  90.2 MBytes   757 Mbits/sec  67690  
[  5]  24.00-25.00  sec  93.1 MBytes   781 Mbits/sec  69800  
[  5]  25.00-26.00  sec  93.3 MBytes   783 Mbits/sec  69990  
[  5]  26.00-27.00  sec  93.9 MBytes   788 Mbits/sec  70420  
[  5]  27.00-28.00  sec  93.6 MBytes   785 Mbits/sec  70220  
[  5]  28.00-29.00  sec  93.4 MBytes   784 Mbits/sec  70070  
[  5]  29.00-30.00  sec  93.6 MBytes   786 Mbits/sec  70240  
[  5]  30.00-31.00  sec  93.0 MBytes   780 Mbits/sec  69730  
[  5]  31.00-32.00  sec  92.8 MBytes   779 Mbits/sec  69630  
[  5]  32.00-33.00  sec  93.1 MBytes   781 Mbits/sec  69840  
[  5]  33.00-34.00  sec  90.6 MBytes   760 Mbits/sec  67980  
[  5]  34.00-35.00  sec  77.9 MBytes   654 Mbits/sec  58460  
[  5]  35.00-36.00  sec  77.0 MBytes   646 Mbits/sec  57770  
[  5]  36.00-37.00  sec  76.6 MBytes   642 Mbits/sec  57420  
[  5]  37.00-38.00  sec  76.1 MBytes   638 Mbits/sec  57060  
[  5]  38.00-39.00  sec  77.4 MBytes   649 Mbits/sec  58080  
[  5]  39.00-40.00  sec  76.3 MBytes   640 Mbits/sec  57230  
[  5]  40.00-41.00  sec  75.8 MBytes   636 Mbits/sec  56820  
[  5]  41.00-42.00  sec  91.5 MBytes   768 Mbits/sec  68650  
[  5]  42.00-43.00  sec  93.1 MBytes   781 Mbits/sec  69830  
[  5]  43.00-44.00  sec  92.2 MBytes   773 Mbits/sec  69140  
[  5]  44.00-45.00  sec  94.4 MBytes   792 Mbits/sec  70770  
[  5]  45.00-46.00  sec  93.2 MBytes   782 Mbits/sec  69940  
[  5]  46.00-47.00  sec  93.1 MBytes   781 Mbits/sec  69810  
[  5]  47.00-48.00  sec  92.6 MBytes   777 Mbits/sec  69480  
[  5]  48.00-49.00  sec  93.8 MBytes   787 Mbits/sec  70370  
[  5]  49.00-50.00  sec  93.2 MBytes   782 Mbits/sec  69940  
[  5]  50.00-51.00  sec  93.2 MBytes   782 Mbits/sec  69930  
[  5]  51.00-52.00  sec  93.2 MBytes   782 Mbits/sec  69940  
[  5]  52.00-53.00  sec  92.3 MBytes   774 Mbits/sec  69220  
[  5]  53.00-54.00  sec  92.2 MBytes   773 Mbits/sec  69120  
[  5]  54.00-55.00  sec  95.1 MBytes   798 Mbits/sec  71360  
[  5]  55.00-56.00  sec  92.7 MBytes   778 Mbits/sec  69530  
[  5]  56.00-57.00  sec  96.9 MBytes   813 Mbits/sec  72670  
[  5]  57.00-58.00  sec  93.2 MBytes   781 Mbits/sec  69870  
[  5]  58.00-59.00  sec  93.4 MBytes   783 Mbits/sec  70020  
[  5]  59.00-60.00  sec  93.2 MBytes   782 Mbits/sec  69930  
- - - - - - - - - - - - - - - - - - - - - - - - -
[ ID] Interval           Transfer     Bitrate         Jitter    Lost/Total Datagrams
[  5]   0.00-60.00  sec  5.13 GBytes   735 Mbits/sec  0.000 ms  0/3943890 (0%)  sender
[  5]   0.00-60.04  sec  5.09 GBytes   728 Mbits/sec  0.014 ms  41595/3943889 (1.1%)  receiver

iperf Done.
