Connecting to host 10.136.80.147, port 5201
[  5] local 10.136.173.82 port 32914 connected to 10.136.80.147 port 5201
[ ID] Interval           Transfer     Bitrate         Total Datagrams
[  5]   0.00-1.00   sec  76.8 MBytes   644 Mbits/sec  68360  (omitted)
[  5]   0.00-1.00   sec  72.8 MBytes   610 Mbits/sec  64770  
[  5]   1.00-2.00   sec  78.3 MBytes   657 Mbits/sec  69680  
[  5]   2.00-3.00   sec  77.9 MBytes   654 Mbits/sec  69370  
[  5]   3.00-4.00   sec  78.5 MBytes   659 Mbits/sec  69880  
[  5]   4.00-5.00   sec  78.4 MBytes   657 Mbits/sec  69760  
[  5]   5.00-6.00   sec  78.7 MBytes   660 Mbits/sec  70020  
[  5]   6.00-7.00   sec  78.1 MBytes   656 Mbits/sec  69560  
[  5]   7.00-8.00   sec  79.4 MBytes   666 Mbits/sec  70650  
[  5]   8.00-9.00   sec  78.5 MBytes   659 Mbits/sec  69900  
[  5]   9.00-10.00  sec  77.1 MBytes   647 Mbits/sec  68670  
[  5]  10.00-11.00  sec  78.6 MBytes   659 Mbits/sec  69950  
[  5]  11.00-12.00  sec  77.2 MBytes   647 Mbits/sec  68690  
[  5]  12.00-13.00  sec  71.8 MBytes   602 Mbits/sec  63890  
[  5]  13.00-14.00  sec  72.8 MBytes   610 Mbits/sec  64760  
[  5]  14.00-15.00  sec  72.6 MBytes   609 Mbits/sec  64640  
[  5]  15.00-16.00  sec  72.8 MBytes   611 Mbits/sec  64780  
[  5]  16.00-17.00  sec  76.6 MBytes   642 Mbits/sec  68170  
[  5]  17.00-18.00  sec  77.0 MBytes   646 Mbits/sec  68520  
[  5]  18.00-19.00  sec  78.9 MBytes   662 Mbits/sec  70230  
[  5]  19.00-20.00  sec  78.4 MBytes   658 Mbits/sec  69820  
[  5]  20.00-21.00  sec  80.4 MBytes   675 Mbits/sec  71600  
[  5]  21.00-22.00  sec  80.8 MBytes   678 Mbits/sec  71900  
[  5]  22.00-23.00  sec  80.6 MBytes   676 Mbits/sec  71760  
[  5]  23.00-24.00  sec  78.7 MBytes   660 Mbits/sec  70060  
[  5]  24.00-25.00  sec  78.0 MBytes   654 Mbits/sec  69400  
[  5]  25.00-26.00  sec  78.7 MBytes   660 Mbits/sec  70070  
[  5]  26.00-27.00  sec  79.0 MBytes   662 Mbits/sec  70290  
[  5]  27.00-28.00  sec  81.3 MBytes   682 Mbits/sec  72390  
[  5]  28.00-29.00  sec  78.5 MBytes   658 Mbits/sec  69840  
[  5]  29.00-30.00  sec  71.6 MBytes   601 Mbits/sec  63770  
[  5]  30.00-31.00  sec  74.0 MBytes   621 Mbits/sec  65840  
[  5]  31.00-32.00  sec  74.6 MBytes   626 Mbits/sec  66420  
[  5]  32.00-33.00  sec  73.6 MBytes   618 Mbits/sec  65550  
[  5]  33.00-34.00  sec  74.1 MBytes   621 Mbits/sec  65920  
[  5]  34.00-35.00  sec  72.7 MBytes   610 Mbits/sec  64710  
[  5]  35.00-36.00  sec  72.6 MBytes   609 Mbits/sec  64640  
[  5]  36.00-37.00  sec  72.2 MBytes   605 Mbits/sec  64230  
[  5]  37.00-38.00  sec  71.4 MBytes   599 Mbits/sec  63520  
[  5]  38.00-39.00  sec  71.8 MBytes   602 Mbits/sec  63900  
[  5]  39.00-40.00  sec  71.7 MBytes   601 Mbits/sec  63780  
[  5]  40.00-41.00  sec  71.3 MBytes   598 Mbits/sec  63480  
[  5]  41.00-42.00  sec  70.6 MBytes   592 Mbits/sec  62800  
[  5]  42.00-43.00  sec  72.8 MBytes   611 Mbits/sec  64840  
[  5]  43.00-44.00  sec  72.4 MBytes   607 Mbits/sec  64410  
[  5]  44.00-45.00  sec  73.4 MBytes   616 Mbits/sec  65340  
[  5]  45.00-46.00  sec  77.7 MBytes   652 Mbits/sec  69180  
[  5]  46.00-47.00  sec  80.5 MBytes   675 Mbits/sec  71660  
[  5]  47.00-48.00  sec  81.1 MBytes   680 Mbits/sec  72170  
[  5]  48.00-49.00  sec  81.0 MBytes   679 Mbits/sec  72080  
[  5]  49.00-50.00  sec  80.3 MBytes   674 Mbits/sec  71500  
[  5]  50.00-51.00  sec  80.2 MBytes   673 Mbits/sec  71400  
[  5]  51.00-52.00  sec  79.9 MBytes   670 Mbits/sec  71080  
[  5]  52.00-53.00  sec  78.9 MBytes   662 Mbits/sec  70260  
[  5]  53.00-54.00  sec  77.1 MBytes   647 Mbits/sec  68650  
[  5]  54.00-55.00  sec  79.6 MBytes   667 Mbits/sec  70820  
[  5]  55.00-56.00  sec  80.0 MBytes   671 Mbits/sec  71240  
[  5]  56.00-57.00  sec  80.1 MBytes   672 Mbits/sec  71300  
[  5]  57.00-58.00  sec  78.4 MBytes   658 Mbits/sec  69800  
[  5]  58.00-59.00  sec  78.3 MBytes   657 Mbits/sec  69710  
[  5]  59.00-60.00  sec  78.1 MBytes   655 Mbits/sec  69540  
- - - - - - - - - - - - - - - - - - - - - - - - -
[ ID] Interval           Transfer     Bitrate         Jitter    Lost/Total Datagrams
[  5]   0.00-60.00  sec  4.49 GBytes   643 Mbits/sec  0.000 ms  0/4096560 (0%)  sender
[  5]   0.00-60.09  sec  1.29 GBytes   185 Mbits/sec  0.010 ms  2968890/4096560 (72%)  receiver

iperf Done.
