Connecting to host 10.136.80.169, port 5201
[  5] local 10.136.173.91 port 60138 connected to 10.136.80.169 port 5201
[ ID] Interval           Transfer     Bitrate         Total Datagrams
[  5]   0.00-1.00   sec  74.1 MBytes   622 Mbits/sec  65980  (omitted)
[  5]   0.00-1.00   sec  61.1 MBytes   513 Mbits/sec  54390  
[  5]   1.00-2.00   sec  56.3 MBytes   472 Mbits/sec  50140  
[  5]   2.00-3.00   sec  56.0 MBytes   470 Mbits/sec  49840  
[  5]   3.00-4.00   sec  56.2 MBytes   472 Mbits/sec  50050  
[  5]   4.00-5.00   sec  56.6 MBytes   474 Mbits/sec  50340  
[  5]   5.00-6.00   sec  56.6 MBytes   475 Mbits/sec  50380  
[  5]   6.00-7.00   sec  64.9 MBytes   545 Mbits/sec  57780  
[  5]   7.00-8.00   sec  66.1 MBytes   554 Mbits/sec  58820  
[  5]   8.00-9.00   sec  76.9 MBytes   645 Mbits/sec  68460  
[  5]   9.00-10.00  sec  73.3 MBytes   615 Mbits/sec  65220  
[  5]  10.00-11.00  sec  76.1 MBytes   639 Mbits/sec  67780  
[  5]  11.00-12.00  sec  61.3 MBytes   514 Mbits/sec  54530  
[  5]  12.00-13.00  sec  75.9 MBytes   637 Mbits/sec  67560  
[  5]  13.00-14.00  sec  76.9 MBytes   645 Mbits/sec  68470  
[  5]  14.00-15.00  sec  75.6 MBytes   635 Mbits/sec  67330  
[  5]  15.00-16.00  sec  76.7 MBytes   643 Mbits/sec  68280  
[  5]  16.00-17.00  sec  64.9 MBytes   544 Mbits/sec  57760  
[  5]  17.00-18.00  sec  76.1 MBytes   639 Mbits/sec  67770  
[  5]  18.00-19.00  sec  76.9 MBytes   645 Mbits/sec  68470  
[  5]  19.00-20.00  sec  77.3 MBytes   649 Mbits/sec  68850  
[  5]  20.00-21.00  sec  77.7 MBytes   652 Mbits/sec  69160  
[  5]  21.00-22.00  sec  76.8 MBytes   644 Mbits/sec  68390  
[  5]  22.00-23.00  sec  75.6 MBytes   634 Mbits/sec  67290  
[  5]  23.00-24.00  sec  75.1 MBytes   630 Mbits/sec  66820  
[  5]  24.00-25.00  sec  74.4 MBytes   624 Mbits/sec  66260  
[  5]  25.00-26.00  sec  72.3 MBytes   607 Mbits/sec  64390  
[  5]  26.00-27.00  sec  63.8 MBytes   535 Mbits/sec  56810  
[  5]  27.00-28.00  sec  76.3 MBytes   640 Mbits/sec  67930  
[  5]  28.00-29.00  sec  75.0 MBytes   629 Mbits/sec  66730  
[  5]  29.00-30.00  sec  76.1 MBytes   638 Mbits/sec  67760  
[  5]  30.00-31.00  sec  77.0 MBytes   646 Mbits/sec  68510  
[  5]  31.00-32.00  sec  74.7 MBytes   626 Mbits/sec  66480  
[  5]  32.00-33.00  sec  76.5 MBytes   642 Mbits/sec  68120  
[  5]  33.00-34.00  sec  75.3 MBytes   632 Mbits/sec  67060  
[  5]  34.00-35.00  sec  75.8 MBytes   636 Mbits/sec  67490  
[  5]  35.00-36.00  sec  75.1 MBytes   630 Mbits/sec  66850  
[  5]  36.00-37.00  sec  75.4 MBytes   633 Mbits/sec  67130  
[  5]  37.00-38.00  sec  75.6 MBytes   634 Mbits/sec  67310  
[  5]  38.00-39.00  sec  76.2 MBytes   639 Mbits/sec  67800  
[  5]  39.00-40.00  sec  75.9 MBytes   637 Mbits/sec  67550  
[  5]  40.00-41.00  sec  74.8 MBytes   628 Mbits/sec  66600  
[  5]  41.00-42.00  sec  74.3 MBytes   623 Mbits/sec  66100  
[  5]  42.00-43.00  sec  75.5 MBytes   633 Mbits/sec  67200  
[  5]  43.00-44.00  sec  75.8 MBytes   636 Mbits/sec  67450  
[  5]  44.00-45.00  sec  77.4 MBytes   649 Mbits/sec  68900  
[  5]  45.00-46.00  sec  77.4 MBytes   649 Mbits/sec  68860  
[  5]  46.00-47.00  sec  77.1 MBytes   647 Mbits/sec  68640  
[  5]  47.00-48.00  sec  73.1 MBytes   613 Mbits/sec  65030  
[  5]  48.00-49.00  sec  70.7 MBytes   593 Mbits/sec  62930  
[  5]  49.00-50.00  sec  73.7 MBytes   618 Mbits/sec  65630  
[  5]  50.00-51.00  sec  75.3 MBytes   632 Mbits/sec  67050  
[  5]  51.00-52.00  sec  75.6 MBytes   634 Mbits/sec  67270  
[  5]  52.00-53.00  sec  65.8 MBytes   552 Mbits/sec  58600  
[  5]  53.00-54.00  sec  75.1 MBytes   630 Mbits/sec  66810  
[  5]  54.00-55.00  sec  74.5 MBytes   625 Mbits/sec  66280  
[  5]  55.00-56.00  sec  71.9 MBytes   603 Mbits/sec  64000  
[  5]  56.00-57.00  sec  70.4 MBytes   590 Mbits/sec  62630  
[  5]  57.00-58.00  sec  73.3 MBytes   615 Mbits/sec  65250  
[  5]  58.00-59.00  sec  74.6 MBytes   626 Mbits/sec  66410  
[  5]  59.00-60.00  sec  75.2 MBytes   631 Mbits/sec  66920  
- - - - - - - - - - - - - - - - - - - - - - - - -
[ ID] Interval           Transfer     Bitrate         Jitter    Lost/Total Datagrams
[  5]   0.00-60.00  sec  4.24 GBytes   607 Mbits/sec  0.000 ms  0/3866620 (0%)  sender
[  5]   0.00-60.08  sec  1.66 GBytes   238 Mbits/sec  0.008 ms  2394596/3866537 (62%)  receiver

iperf Done.
