Connecting to host 10.136.80.187, port 5201
[  5] local 10.136.173.122 port 55426 connected to 10.136.80.187 port 5201
[ ID] Interval           Transfer     Bitrate         Total Datagrams
[  5]   0.00-1.00   sec  57.5 MBytes   482 Mbits/sec  51170  (omitted)
[  5]   0.00-1.00   sec  59.7 MBytes   501 Mbits/sec  53120  
[  5]   1.00-2.00   sec  53.1 MBytes   445 Mbits/sec  47260  
[  5]   2.00-3.00   sec  56.0 MBytes   470 Mbits/sec  49850  
[  5]   3.00-4.00   sec  57.4 MBytes   481 Mbits/sec  51050  
[  5]   4.00-5.00   sec  49.0 MBytes   411 Mbits/sec  43600  
[  5]   5.00-6.00   sec  57.2 MBytes   480 Mbits/sec  50880  
[  5]   6.00-7.00   sec  50.4 MBytes   423 Mbits/sec  44850  
[  5]   7.00-8.00   sec  55.0 MBytes   462 Mbits/sec  48980  
[  5]   8.00-9.00   sec  56.7 MBytes   476 Mbits/sec  50500  
[  5]   9.00-10.00  sec  52.5 MBytes   440 Mbits/sec  46710  
[  5]  10.00-11.00  sec  52.0 MBytes   437 Mbits/sec  46320  
[  5]  11.00-12.00  sec  49.0 MBytes   411 Mbits/sec  43600  
[  5]  12.00-13.00  sec  53.7 MBytes   451 Mbits/sec  47830  
[  5]  13.00-14.00  sec  55.5 MBytes   466 Mbits/sec  49400  
[  5]  14.00-15.00  sec  56.0 MBytes   470 Mbits/sec  49890  
[  5]  15.00-16.00  sec  55.5 MBytes   466 Mbits/sec  49410  
[  5]  16.00-17.00  sec  49.2 MBytes   413 Mbits/sec  43780  
[  5]  17.00-18.00  sec  50.6 MBytes   424 Mbits/sec  45040  
[  5]  18.00-19.00  sec  51.7 MBytes   433 Mbits/sec  45990  
[  5]  19.00-20.00  sec  55.8 MBytes   468 Mbits/sec  49710  
[  5]  20.00-21.00  sec  49.1 MBytes   412 Mbits/sec  43670  
[  5]  21.00-22.00  sec  60.1 MBytes   504 Mbits/sec  53470  
[  5]  22.00-23.00  sec  54.5 MBytes   457 Mbits/sec  48520  
[  5]  23.00-24.00  sec  53.4 MBytes   448 Mbits/sec  47570  
[  5]  24.00-25.00  sec  60.0 MBytes   503 Mbits/sec  53430  
[  5]  25.00-26.00  sec  53.6 MBytes   450 Mbits/sec  47710  
[  5]  26.00-27.00  sec  43.2 MBytes   362 Mbits/sec  38450  
[  5]  27.00-28.00  sec  50.5 MBytes   424 Mbits/sec  44980  
[  5]  28.00-29.00  sec  51.0 MBytes   428 Mbits/sec  45440  
[  5]  29.00-30.00  sec  54.3 MBytes   455 Mbits/sec  48330  
[  5]  30.00-31.00  sec  56.3 MBytes   472 Mbits/sec  50120  
[  5]  31.00-32.00  sec  53.4 MBytes   448 Mbits/sec  47530  
[  5]  32.00-33.00  sec  55.0 MBytes   462 Mbits/sec  48990  
[  5]  33.00-34.00  sec  56.9 MBytes   477 Mbits/sec  50610  
[  5]  34.00-35.00  sec  50.8 MBytes   426 Mbits/sec  45210  
[  5]  35.00-36.00  sec  51.1 MBytes   429 Mbits/sec  45490  
[  5]  36.00-37.00  sec  52.5 MBytes   440 Mbits/sec  46710  
[  5]  37.00-38.00  sec  60.1 MBytes   504 Mbits/sec  53460  
[  5]  38.00-39.00  sec  55.0 MBytes   461 Mbits/sec  48950  
[  5]  39.00-40.00  sec  51.5 MBytes   432 Mbits/sec  45800  
[  5]  40.00-41.00  sec  56.2 MBytes   472 Mbits/sec  50040  
[  5]  41.00-42.00  sec  56.5 MBytes   474 Mbits/sec  50260  
[  5]  42.00-43.00  sec  53.4 MBytes   448 Mbits/sec  47560  
[  5]  43.00-44.00  sec  51.1 MBytes   429 Mbits/sec  45530  
[  5]  44.00-45.00  sec  50.7 MBytes   426 Mbits/sec  45170  
[  5]  45.00-46.00  sec  53.5 MBytes   449 Mbits/sec  47650  
[  5]  46.00-47.00  sec  54.6 MBytes   458 Mbits/sec  48610  
[  5]  47.00-48.00  sec  58.6 MBytes   491 Mbits/sec  52120  
[  5]  48.00-49.00  sec  56.7 MBytes   475 Mbits/sec  50430  
[  5]  49.00-50.00  sec  57.3 MBytes   480 Mbits/sec  50980  
[  5]  50.00-51.00  sec  52.1 MBytes   437 Mbits/sec  46340  
[  5]  51.00-52.00  sec  54.5 MBytes   457 Mbits/sec  48520  
[  5]  52.00-53.00  sec  53.1 MBytes   446 Mbits/sec  47290  
[  5]  53.00-54.00  sec  56.4 MBytes   473 Mbits/sec  50170  
[  5]  54.00-55.00  sec  59.0 MBytes   495 Mbits/sec  52530  
[  5]  55.00-56.00  sec  51.7 MBytes   434 Mbits/sec  46050  
[  5]  56.00-57.00  sec  54.8 MBytes   460 Mbits/sec  48780  
[  5]  57.00-58.00  sec  53.0 MBytes   444 Mbits/sec  47150  
[  5]  58.00-59.00  sec  52.2 MBytes   438 Mbits/sec  46460  
[  5]  59.00-60.00  sec  56.1 MBytes   471 Mbits/sec  49950  
- - - - - - - - - - - - - - - - - - - - - - - - -
[ ID] Interval           Transfer     Bitrate         Jitter    Lost/Total Datagrams
[  5]   0.00-60.00  sec  3.16 GBytes   453 Mbits/sec  0.000 ms  0/2883800 (0%)  sender
[  5]   0.00-60.31  sec  2.20 GBytes   313 Mbits/sec  0.011 ms  899633/2883800 (31%)  receiver

iperf Done.
