Connecting to host 10.136.80.173, port 5201
[  5] local 10.136.173.107 port 59392 connected to 10.136.80.173 port 5201
[ ID] Interval           Transfer     Bitrate         Total Datagrams
[  5]   0.00-1.00   sec  53.4 MBytes   448 Mbits/sec  47560  (omitted)
[  5]   0.00-1.00   sec  54.6 MBytes   458 Mbits/sec  48560  
[  5]   1.00-2.00   sec  59.2 MBytes   497 Mbits/sec  52720  
[  5]   2.00-3.00   sec  56.9 MBytes   477 Mbits/sec  50640  
[  5]   3.00-4.00   sec  59.0 MBytes   495 Mbits/sec  52560  
[  5]   4.00-5.00   sec  57.8 MBytes   485 Mbits/sec  51460  
[  5]   5.00-6.00   sec  54.1 MBytes   454 Mbits/sec  48160  
[  5]   6.00-7.00   sec  50.4 MBytes   423 Mbits/sec  44890  
[  5]   7.00-8.00   sec  48.4 MBytes   406 Mbits/sec  43110  
[  5]   8.00-9.00   sec  49.9 MBytes   419 Mbits/sec  44460  
[  5]   9.00-10.00  sec  58.7 MBytes   492 Mbits/sec  52260  
[  5]  10.00-11.00  sec  56.2 MBytes   471 Mbits/sec  49990  
[  5]  11.00-12.00  sec  57.1 MBytes   479 Mbits/sec  50800  
[  5]  12.00-13.00  sec  57.4 MBytes   481 Mbits/sec  51080  
[  5]  13.00-14.00  sec  47.5 MBytes   398 Mbits/sec  42240  
[  5]  14.00-15.00  sec  46.9 MBytes   394 Mbits/sec  41760  
[  5]  15.00-16.00  sec  52.5 MBytes   440 Mbits/sec  46710  
[  5]  16.00-17.00  sec  56.0 MBytes   470 Mbits/sec  49870  
[  5]  17.00-18.00  sec  55.8 MBytes   468 Mbits/sec  49650  
[  5]  18.00-19.00  sec  54.9 MBytes   461 Mbits/sec  48900  
[  5]  19.00-20.00  sec  53.9 MBytes   452 Mbits/sec  47960  
[  5]  20.00-21.00  sec  57.5 MBytes   482 Mbits/sec  51190  
[  5]  21.00-22.00  sec  54.7 MBytes   459 Mbits/sec  48730  
[  5]  22.00-23.00  sec  59.5 MBytes   499 Mbits/sec  52990  
[  5]  23.00-24.00  sec  56.8 MBytes   476 Mbits/sec  50520  
[  5]  24.00-25.00  sec  55.0 MBytes   461 Mbits/sec  48960  
[  5]  25.00-26.00  sec  56.1 MBytes   471 Mbits/sec  49970  
[  5]  26.00-27.00  sec  58.3 MBytes   489 Mbits/sec  51930  
[  5]  27.00-28.00  sec  58.1 MBytes   487 Mbits/sec  51690  
[  5]  28.00-29.00  sec  53.3 MBytes   447 Mbits/sec  47440  
[  5]  29.00-30.00  sec  55.9 MBytes   469 Mbits/sec  49730  
[  5]  30.00-31.00  sec  56.1 MBytes   470 Mbits/sec  49920  
[  5]  31.00-32.00  sec  52.0 MBytes   437 Mbits/sec  46330  
[  5]  32.00-33.00  sec  54.7 MBytes   458 Mbits/sec  48650  
[  5]  33.00-34.00  sec  52.4 MBytes   440 Mbits/sec  46670  
[  5]  34.00-35.00  sec  57.0 MBytes   478 Mbits/sec  50750  
[  5]  35.00-36.00  sec  55.9 MBytes   469 Mbits/sec  49760  
[  5]  36.00-37.00  sec  53.9 MBytes   452 Mbits/sec  47960  
[  5]  37.00-38.00  sec  57.1 MBytes   479 Mbits/sec  50860  
[  5]  38.00-39.00  sec  51.6 MBytes   432 Mbits/sec  45890  
[  5]  39.00-40.00  sec  53.3 MBytes   447 Mbits/sec  47400  
[  5]  40.00-41.00  sec  52.6 MBytes   441 Mbits/sec  46780  
[  5]  41.00-42.00  sec  55.4 MBytes   465 Mbits/sec  49350  
[  5]  42.00-43.00  sec  52.1 MBytes   437 Mbits/sec  46400  
[  5]  43.00-44.00  sec  53.9 MBytes   452 Mbits/sec  47950  
[  5]  44.00-45.00  sec  54.3 MBytes   456 Mbits/sec  48370  
[  5]  45.00-46.00  sec  54.1 MBytes   454 Mbits/sec  48200  
[  5]  46.00-47.00  sec  54.3 MBytes   455 Mbits/sec  48300  
[  5]  47.00-48.00  sec  58.5 MBytes   491 Mbits/sec  52090  
[  5]  48.00-49.00  sec  55.5 MBytes   465 Mbits/sec  49380  
[  5]  49.00-50.00  sec  55.9 MBytes   469 Mbits/sec  49720  
[  5]  50.00-51.00  sec  59.0 MBytes   495 Mbits/sec  52520  
[  5]  51.00-52.00  sec  55.9 MBytes   469 Mbits/sec  49800  
[  5]  52.00-53.00  sec  62.4 MBytes   524 Mbits/sec  55550  
[  5]  53.00-54.00  sec  58.7 MBytes   492 Mbits/sec  52230  
[  5]  54.00-55.00  sec  55.6 MBytes   467 Mbits/sec  49510  
[  5]  55.00-56.00  sec  54.7 MBytes   458 Mbits/sec  48650  
[  5]  56.00-57.00  sec  51.4 MBytes   431 Mbits/sec  45740  
[  5]  57.00-58.00  sec  57.6 MBytes   483 Mbits/sec  51260  
[  5]  58.00-59.00  sec  57.5 MBytes   483 Mbits/sec  51220  
[  5]  59.00-60.00  sec  58.7 MBytes   493 Mbits/sec  52270  
- - - - - - - - - - - - - - - - - - - - - - - - -
[ ID] Interval           Transfer     Bitrate         Jitter    Lost/Total Datagrams
[  5]   0.00-60.00  sec  3.24 GBytes   463 Mbits/sec  0.000 ms  0/2950410 (0%)  sender
[  5]   0.00-60.36  sec  1008 MBytes   140 Mbits/sec  0.211 ms  2091852/2948736 (71%)  receiver

iperf Done.
