Connecting to host knb-server-678495, port 5201
[  5] local 10.136.173.108 port 49986 connected to 10.43.120.192 port 5201
[ ID] Interval           Transfer     Bitrate         Retr  Cwnd
[  5]   0.00-1.00   sec  11.2 MBytes  94.2 Mbits/sec    0    969 KBytes       (omitted)
[  5]   0.00-1.00   sec  13.8 MBytes   115 Mbits/sec   51    627 KBytes       
[  5]   1.00-2.00   sec  12.5 MBytes   105 Mbits/sec    0    673 KBytes       
[  5]   2.00-3.00   sec  12.5 MBytes   105 Mbits/sec    0    703 KBytes       
[  5]   3.00-4.00   sec  13.8 MBytes   115 Mbits/sec    0    721 KBytes       
[  5]   4.00-5.00   sec  12.5 MBytes   105 Mbits/sec    0    732 KBytes       
[  5]   5.00-6.00   sec  13.8 MBytes   115 Mbits/sec    0    735 KBytes       
[  5]   6.00-7.00   sec  13.8 MBytes   115 Mbits/sec    0    735 KBytes       
[  5]   7.00-8.00   sec  13.8 MBytes   115 Mbits/sec    9    528 KBytes       
[  5]   8.00-9.00   sec  10.0 MBytes  83.9 Mbits/sec    0    599 KBytes       
[  5]   9.00-10.00  sec  11.2 MBytes  94.4 Mbits/sec    0    651 KBytes       
[  5]  10.00-11.00  sec  12.5 MBytes   105 Mbits/sec    0    689 KBytes       
[  5]  11.00-12.00  sec  13.8 MBytes   115 Mbits/sec    0    713 KBytes       
[  5]  12.00-13.00  sec  12.5 MBytes   105 Mbits/sec    0    727 KBytes       
[  5]  13.00-14.00  sec  13.8 MBytes   115 Mbits/sec    0    734 KBytes       
[  5]  14.00-15.00  sec  13.8 MBytes   115 Mbits/sec    0    735 KBytes       
[  5]  15.00-16.00  sec  10.0 MBytes  83.9 Mbits/sec   28    584 KBytes       
[  5]  16.00-17.00  sec  10.0 MBytes  83.9 Mbits/sec   10    449 KBytes       
[  5]  17.00-18.00  sec  8.75 MBytes  73.4 Mbits/sec    0    481 KBytes       
[  5]  18.00-19.00  sec  8.75 MBytes  73.4 Mbits/sec    0    500 KBytes       
[  5]  19.00-20.00  sec  10.0 MBytes  83.9 Mbits/sec    0    511 KBytes       
[  5]  20.00-21.00  sec  8.75 MBytes  73.4 Mbits/sec    0    515 KBytes       
[  5]  21.00-22.00  sec  7.50 MBytes  62.9 Mbits/sec    2    405 KBytes       
[  5]  22.00-23.00  sec  8.75 MBytes  73.4 Mbits/sec    0    451 KBytes       
[  5]  23.00-24.00  sec  8.75 MBytes  73.4 Mbits/sec    0    481 KBytes       
[  5]  24.00-25.00  sec  8.75 MBytes  73.4 Mbits/sec    0    502 KBytes       
[  5]  25.00-26.00  sec  10.0 MBytes  83.9 Mbits/sec    0    511 KBytes       
[  5]  26.00-27.00  sec  8.75 MBytes  73.4 Mbits/sec    0    515 KBytes       
[  5]  27.00-28.00  sec  10.0 MBytes  83.9 Mbits/sec    0    515 KBytes       
[  5]  28.00-29.00  sec  10.0 MBytes  83.9 Mbits/sec    0    515 KBytes       
[  5]  29.00-30.00  sec  8.75 MBytes  73.4 Mbits/sec    0    518 KBytes       
[  5]  30.00-31.00  sec  10.0 MBytes  83.9 Mbits/sec    0    526 KBytes       
[  5]  31.00-32.00  sec  10.0 MBytes  83.9 Mbits/sec    0    541 KBytes       
[  5]  32.00-33.00  sec  10.0 MBytes  83.9 Mbits/sec    0    566 KBytes       
[  5]  33.00-34.00  sec  11.2 MBytes  94.4 Mbits/sec    0    604 KBytes       
[  5]  34.00-35.00  sec  11.2 MBytes  94.4 Mbits/sec    0    658 KBytes       
[  5]  35.00-36.00  sec  12.5 MBytes   105 Mbits/sec    0    733 KBytes       
[  5]  36.00-37.00  sec  12.5 MBytes   105 Mbits/sec   18    580 KBytes       
[  5]  37.00-38.00  sec  12.5 MBytes   105 Mbits/sec    0    649 KBytes       
[  5]  38.00-39.00  sec  12.5 MBytes   105 Mbits/sec    0    701 KBytes       
[  5]  39.00-40.00  sec  12.5 MBytes   105 Mbits/sec    0    737 KBytes       
[  5]  40.00-41.00  sec  15.0 MBytes   126 Mbits/sec    0    760 KBytes       
[  5]  41.00-42.00  sec  13.8 MBytes   115 Mbits/sec    0    774 KBytes       
[  5]  42.00-43.00  sec  15.0 MBytes   126 Mbits/sec    0    780 KBytes       
[  5]  43.00-44.00  sec  13.8 MBytes   115 Mbits/sec    0    781 KBytes       
[  5]  44.00-45.00  sec  15.0 MBytes   126 Mbits/sec    0    781 KBytes       
[  5]  45.00-46.00  sec  13.8 MBytes   115 Mbits/sec    0    782 KBytes       
[  5]  46.00-47.00  sec  15.0 MBytes   126 Mbits/sec    0    787 KBytes       
[  5]  47.00-48.00  sec  13.8 MBytes   115 Mbits/sec    3    584 KBytes       
[  5]  48.00-49.00  sec  11.2 MBytes  94.4 Mbits/sec    0    656 KBytes       
[  5]  49.00-50.00  sec  12.5 MBytes   105 Mbits/sec    0    709 KBytes       
[  5]  50.00-51.00  sec  13.8 MBytes   115 Mbits/sec    0    747 KBytes       
[  5]  51.00-52.00  sec  13.8 MBytes   115 Mbits/sec    0    772 KBytes       
[  5]  52.00-53.00  sec  15.0 MBytes   126 Mbits/sec   24    549 KBytes       
[  5]  53.00-54.00  sec  10.0 MBytes  83.9 Mbits/sec    0    597 KBytes       
[  5]  54.00-55.00  sec  11.2 MBytes  94.4 Mbits/sec    0    629 KBytes       
[  5]  55.00-56.00  sec  12.5 MBytes   105 Mbits/sec    0    650 KBytes       
[  5]  56.00-57.00  sec  12.5 MBytes   105 Mbits/sec    0    661 KBytes       
[  5]  57.00-58.00  sec  11.2 MBytes  94.4 Mbits/sec    0    666 KBytes       
[  5]  58.00-59.00  sec  12.5 MBytes   105 Mbits/sec    0    666 KBytes       
[  5]  59.00-60.00  sec  12.5 MBytes   105 Mbits/sec    0    666 KBytes       
- - - - - - - - - - - - - - - - - - - - - - - - -
[ ID] Interval           Transfer     Bitrate         Retr
[  5]   0.00-60.00  sec   710 MBytes  99.3 Mbits/sec  145             sender
[  5]   0.00-60.05  sec   711 MBytes  99.3 Mbits/sec                  receiver

iperf Done.
