Connecting to host 10.136.80.183, port 5201
[  5] local 10.136.173.78 port 46303 connected to 10.136.80.183 port 5201
[ ID] Interval           Transfer     Bitrate         Total Datagrams
[  5]   0.00-1.00   sec  59.3 MBytes   497 Mbits/sec  52770  (omitted)
[  5]   0.00-1.00   sec  54.7 MBytes   459 Mbits/sec  48690  
[  5]   1.00-2.00   sec  58.6 MBytes   492 Mbits/sec  52150  
[  5]   2.00-3.00   sec  56.3 MBytes   473 Mbits/sec  50150  
[  5]   3.00-4.00   sec  58.7 MBytes   492 Mbits/sec  52220  
[  5]   4.00-5.00   sec  56.2 MBytes   471 Mbits/sec  50010  
[  5]   5.00-6.00   sec  58.3 MBytes   489 Mbits/sec  51930  
[  5]   6.00-7.00   sec  57.3 MBytes   481 Mbits/sec  51040  
[  5]   7.00-8.00   sec  60.3 MBytes   506 Mbits/sec  53710  
[  5]   8.00-9.00   sec  60.7 MBytes   509 Mbits/sec  54040  
[  5]   9.00-10.00  sec  54.6 MBytes   458 Mbits/sec  48600  
[  5]  10.00-11.00  sec  59.5 MBytes   499 Mbits/sec  52970  
[  5]  11.00-12.00  sec  58.1 MBytes   487 Mbits/sec  51680  
[  5]  12.00-13.00  sec  55.5 MBytes   465 Mbits/sec  49370  
[  5]  13.00-14.00  sec  56.5 MBytes   474 Mbits/sec  50250  
[  5]  14.00-15.00  sec  55.2 MBytes   463 Mbits/sec  49150  
[  5]  15.00-16.00  sec  61.4 MBytes   515 Mbits/sec  54610  
[  5]  16.00-17.00  sec  55.8 MBytes   468 Mbits/sec  49630  
[  5]  17.00-18.00  sec  52.2 MBytes   438 Mbits/sec  46430  
[  5]  18.00-19.00  sec  54.4 MBytes   457 Mbits/sec  48450  
[  5]  19.00-20.00  sec  55.3 MBytes   464 Mbits/sec  49260  
[  5]  20.00-21.00  sec  55.5 MBytes   465 Mbits/sec  49370  
[  5]  21.00-22.00  sec  60.4 MBytes   507 Mbits/sec  53770  
[  5]  22.00-23.00  sec  59.5 MBytes   499 Mbits/sec  52960  
[  5]  23.00-24.00  sec  54.1 MBytes   454 Mbits/sec  48170  
[  5]  24.00-25.00  sec  54.8 MBytes   460 Mbits/sec  48820  
[  5]  25.00-26.00  sec  55.8 MBytes   468 Mbits/sec  49680  
[  5]  26.00-27.00  sec  59.3 MBytes   498 Mbits/sec  52790  
[  5]  27.00-28.00  sec  57.4 MBytes   482 Mbits/sec  51120  
[  5]  28.00-29.00  sec  57.2 MBytes   480 Mbits/sec  50940  
[  5]  29.00-30.00  sec  56.7 MBytes   476 Mbits/sec  50460  
[  5]  30.00-31.00  sec  55.4 MBytes   465 Mbits/sec  49300  
[  5]  31.00-32.00  sec  60.1 MBytes   504 Mbits/sec  53520  
[  5]  32.00-33.00  sec  55.9 MBytes   469 Mbits/sec  49790  
[  5]  33.00-34.00  sec  54.3 MBytes   456 Mbits/sec  48360  
[  5]  34.00-35.00  sec  57.5 MBytes   482 Mbits/sec  51180  
[  5]  35.00-36.00  sec  57.6 MBytes   483 Mbits/sec  51260  
[  5]  36.00-37.00  sec  55.3 MBytes   464 Mbits/sec  49190  
[  5]  37.00-38.00  sec  55.1 MBytes   462 Mbits/sec  49050  
[  5]  38.00-39.00  sec  57.8 MBytes   485 Mbits/sec  51480  
[  5]  39.00-40.00  sec  58.4 MBytes   490 Mbits/sec  51990  
[  5]  40.00-41.00  sec  56.7 MBytes   476 Mbits/sec  50480  
[  5]  41.00-42.00  sec  56.7 MBytes   476 Mbits/sec  50490  
[  5]  42.00-43.00  sec  55.2 MBytes   463 Mbits/sec  49170  
[  5]  43.00-44.00  sec  55.0 MBytes   462 Mbits/sec  48980  
[  5]  44.00-45.00  sec  55.7 MBytes   467 Mbits/sec  49590  
[  5]  45.00-46.00  sec  55.2 MBytes   463 Mbits/sec  49160  
[  5]  46.00-47.00  sec  56.5 MBytes   474 Mbits/sec  50290  
[  5]  47.00-48.00  sec  55.2 MBytes   463 Mbits/sec  49110  
[  5]  48.00-49.00  sec  57.4 MBytes   481 Mbits/sec  51080  
[  5]  49.00-50.00  sec  59.9 MBytes   503 Mbits/sec  53350  
[  5]  50.00-51.00  sec  59.4 MBytes   498 Mbits/sec  52850  
[  5]  51.00-52.00  sec  57.9 MBytes   486 Mbits/sec  51550  
[  5]  52.00-53.00  sec  55.5 MBytes   465 Mbits/sec  49380  
[  5]  53.00-54.00  sec  58.5 MBytes   491 Mbits/sec  52090  
[  5]  54.00-55.00  sec  55.6 MBytes   467 Mbits/sec  49520  
[  5]  55.00-56.00  sec  57.7 MBytes   484 Mbits/sec  51370  
[  5]  56.00-57.00  sec  57.8 MBytes   485 Mbits/sec  51470  
[  5]  57.00-58.00  sec  61.2 MBytes   513 Mbits/sec  54480  
[  5]  58.00-59.00  sec  58.7 MBytes   492 Mbits/sec  52230  
[  5]  59.00-60.00  sec  56.2 MBytes   472 Mbits/sec  50040  
- - - - - - - - - - - - - - - - - - - - - - - - -
[ ID] Interval           Transfer     Bitrate         Jitter    Lost/Total Datagrams
[  5]   0.00-60.00  sec  3.34 GBytes   478 Mbits/sec  0.000 ms  0/3044220 (0%)  sender
[  5]   0.00-60.96  sec   263 MBytes  36.2 Mbits/sec  0.028 ms  2856393/3039867 (94%)  receiver

iperf Done.
