Connecting to host knb-server-724776, port 5201
[  5] local 10.136.173.70 port 58588 connected to 10.43.81.5 port 5201
[ ID] Interval           Transfer     Bitrate         Total Datagrams
[  5]   0.00-1.00   sec  40.6 MBytes   341 Mbits/sec  36150  (omitted)
[  5]   0.00-1.00   sec  52.9 MBytes   444 Mbits/sec  47090  
[  5]   1.00-2.00   sec  57.2 MBytes   480 Mbits/sec  50910  
[  5]   2.00-3.00   sec  51.6 MBytes   433 Mbits/sec  45910  
[  5]   3.00-4.00   sec  55.3 MBytes   464 Mbits/sec  49240  
[  5]   4.00-5.00   sec  59.1 MBytes   496 Mbits/sec  52640  
[  5]   5.00-6.00   sec  53.1 MBytes   446 Mbits/sec  47310  
[  5]   6.00-7.00   sec  53.8 MBytes   451 Mbits/sec  47900  
[  5]   7.00-8.00   sec  55.0 MBytes   462 Mbits/sec  48980  
[  5]   8.00-9.00   sec  55.0 MBytes   462 Mbits/sec  48970  
[  5]   9.00-10.00  sec  58.4 MBytes   490 Mbits/sec  52000  
[  5]  10.00-11.00  sec  52.2 MBytes   438 Mbits/sec  46500  
[  5]  11.00-12.00  sec  52.9 MBytes   444 Mbits/sec  47100  
[  5]  12.00-13.00  sec  54.2 MBytes   455 Mbits/sec  48270  
[  5]  13.00-14.00  sec  53.2 MBytes   447 Mbits/sec  47390  
[  5]  14.00-15.00  sec  53.5 MBytes   449 Mbits/sec  47610  
[  5]  15.00-16.00  sec  51.8 MBytes   434 Mbits/sec  46100  
[  5]  16.00-17.00  sec  52.1 MBytes   437 Mbits/sec  46410  
[  5]  17.00-18.00  sec  51.5 MBytes   432 Mbits/sec  45860  
[  5]  18.00-19.00  sec  55.8 MBytes   468 Mbits/sec  49680  
[  5]  19.00-20.00  sec  52.7 MBytes   442 Mbits/sec  46950  
[  5]  20.00-21.00  sec  54.0 MBytes   453 Mbits/sec  48080  
[  5]  21.00-22.00  sec  52.9 MBytes   444 Mbits/sec  47110  
[  5]  22.00-23.00  sec  52.3 MBytes   439 Mbits/sec  46590  
[  5]  23.00-24.00  sec  53.9 MBytes   452 Mbits/sec  47940  
[  5]  24.00-25.00  sec  54.7 MBytes   459 Mbits/sec  48700  
[  5]  25.00-26.00  sec  54.3 MBytes   456 Mbits/sec  48370  
[  5]  26.00-27.00  sec  55.7 MBytes   468 Mbits/sec  49610  
[  5]  27.00-28.00  sec  54.4 MBytes   456 Mbits/sec  48390  
[  5]  28.00-29.00  sec  56.1 MBytes   471 Mbits/sec  49970  
[  5]  29.00-30.00  sec  56.4 MBytes   473 Mbits/sec  50200  
[  5]  30.00-31.00  sec  54.3 MBytes   456 Mbits/sec  48340  
[  5]  31.00-32.00  sec  56.6 MBytes   475 Mbits/sec  50410  
[  5]  32.00-33.00  sec  53.5 MBytes   449 Mbits/sec  47640  
[  5]  33.00-34.00  sec  56.1 MBytes   471 Mbits/sec  49930  
[  5]  34.00-35.00  sec  54.6 MBytes   458 Mbits/sec  48580  
[  5]  35.00-36.00  sec  53.8 MBytes   451 Mbits/sec  47880  
[  5]  36.00-37.00  sec  55.3 MBytes   464 Mbits/sec  49230  
[  5]  37.00-38.00  sec  55.4 MBytes   465 Mbits/sec  49310  
[  5]  38.00-39.00  sec  52.8 MBytes   443 Mbits/sec  46990  
[  5]  39.00-40.00  sec  49.5 MBytes   415 Mbits/sec  44040  
[  5]  40.00-41.00  sec  52.9 MBytes   444 Mbits/sec  47090  
[  5]  41.00-42.00  sec  53.1 MBytes   446 Mbits/sec  47300  
[  5]  42.00-43.00  sec  53.1 MBytes   445 Mbits/sec  47240  
[  5]  43.00-44.00  sec  54.7 MBytes   459 Mbits/sec  48720  
[  5]  44.00-45.00  sec  54.7 MBytes   459 Mbits/sec  48670  
[  5]  45.00-46.00  sec  54.7 MBytes   459 Mbits/sec  48720  
[  5]  46.00-47.00  sec  57.7 MBytes   484 Mbits/sec  51390  
[  5]  47.00-48.00  sec  56.9 MBytes   478 Mbits/sec  50680  
[  5]  48.00-49.00  sec  56.8 MBytes   477 Mbits/sec  50570  
[  5]  49.00-50.00  sec  53.8 MBytes   451 Mbits/sec  47850  
[  5]  50.00-51.00  sec  57.5 MBytes   482 Mbits/sec  51160  
[  5]  51.00-52.00  sec  55.8 MBytes   468 Mbits/sec  49650  
[  5]  52.00-53.00  sec  55.0 MBytes   461 Mbits/sec  48960  
[  5]  53.00-54.00  sec  53.3 MBytes   447 Mbits/sec  47450  
[  5]  54.00-55.00  sec  53.8 MBytes   451 Mbits/sec  47890  
[  5]  55.00-56.00  sec  52.1 MBytes   437 Mbits/sec  46340  
[  5]  56.00-57.00  sec  54.4 MBytes   456 Mbits/sec  48420  
[  5]  57.00-58.00  sec  57.0 MBytes   478 Mbits/sec  50760  
[  5]  58.00-59.00  sec  53.5 MBytes   449 Mbits/sec  47630  
[  5]  59.00-60.00  sec  57.3 MBytes   481 Mbits/sec  51010  
- - - - - - - - - - - - - - - - - - - - - - - - -
[ ID] Interval           Transfer     Bitrate         Jitter    Lost/Total Datagrams
[  5]   0.00-60.00  sec  3.19 GBytes   457 Mbits/sec  0.000 ms  0/2907630 (0%)  sender
[  5]   0.00-60.94  sec   270 MBytes  37.2 Mbits/sec  0.022 ms  2700205/2904945 (93%)  receiver

iperf Done.
