Connecting to host 10.136.80.170, port 5201
[  5] local 10.136.173.86 port 54597 connected to 10.136.80.170 port 5201
[ ID] Interval           Transfer     Bitrate         Total Datagrams
[  5]   0.00-1.00   sec  88.6 MBytes   743 Mbits/sec  66430  (omitted)
[  5]   0.00-1.00   sec  76.6 MBytes   643 Mbits/sec  57490  
[  5]   1.00-2.00   sec  78.0 MBytes   654 Mbits/sec  58470  
[  5]   2.00-3.00   sec  76.3 MBytes   640 Mbits/sec  57230  
[  5]   3.00-4.00   sec  93.6 MBytes   785 Mbits/sec  70210  
[  5]   4.00-5.00   sec  84.6 MBytes   710 Mbits/sec  63480  
[  5]   5.00-6.00   sec  77.3 MBytes   648 Mbits/sec  57960  
[  5]   6.00-7.00   sec  77.1 MBytes   647 Mbits/sec  57860  
[  5]   7.00-8.00   sec  89.2 MBytes   748 Mbits/sec  66890  
[  5]   8.00-9.00   sec  91.9 MBytes   771 Mbits/sec  68900  
[  5]   9.00-10.00  sec  90.4 MBytes   758 Mbits/sec  67800  
[  5]  10.00-11.00  sec  92.5 MBytes   776 Mbits/sec  69380  
[  5]  11.00-12.00  sec  91.7 MBytes   769 Mbits/sec  68780  
[  5]  12.00-13.00  sec  90.9 MBytes   762 Mbits/sec  68170  
[  5]  13.00-14.00  sec  92.0 MBytes   772 Mbits/sec  69040  
[  5]  14.00-15.00  sec  92.5 MBytes   776 Mbits/sec  69350  
[  5]  15.00-16.00  sec  92.7 MBytes   777 Mbits/sec  69510  
[  5]  16.00-17.00  sec  88.7 MBytes   744 Mbits/sec  66520  
[  5]  17.00-18.00  sec  93.3 MBytes   783 Mbits/sec  69990  
[  5]  18.00-19.00  sec  93.0 MBytes   780 Mbits/sec  69760  
[  5]  19.00-20.00  sec  91.9 MBytes   771 Mbits/sec  68940  
[  5]  20.00-21.00  sec  93.4 MBytes   783 Mbits/sec  70030  
[  5]  21.00-22.00  sec  93.5 MBytes   784 Mbits/sec  70120  
[  5]  22.00-23.00  sec  94.4 MBytes   792 Mbits/sec  70830  
[  5]  23.00-24.00  sec  94.2 MBytes   790 Mbits/sec  70650  
[  5]  24.00-25.00  sec  93.2 MBytes   782 Mbits/sec  69910  
[  5]  25.00-26.00  sec  94.3 MBytes   791 Mbits/sec  70700  
[  5]  26.00-27.00  sec  94.6 MBytes   793 Mbits/sec  70920  
[  5]  27.00-28.00  sec  83.4 MBytes   699 Mbits/sec  62540  
[  5]  28.00-29.00  sec  78.5 MBytes   659 Mbits/sec  58900  
[  5]  29.00-30.00  sec  76.4 MBytes   641 Mbits/sec  57290  
[  5]  30.00-31.00  sec  79.3 MBytes   665 Mbits/sec  59480  
[  5]  31.00-32.00  sec  79.6 MBytes   668 Mbits/sec  59690  
[  5]  32.00-33.00  sec  80.2 MBytes   672 Mbits/sec  60120  
[  5]  33.00-34.00  sec  79.4 MBytes   666 Mbits/sec  59540  
[  5]  34.00-35.00  sec  79.4 MBytes   666 Mbits/sec  59520  
[  5]  35.00-36.00  sec  79.6 MBytes   667 Mbits/sec  59670  
[  5]  36.00-37.00  sec  79.2 MBytes   664 Mbits/sec  59380  
[  5]  37.00-38.00  sec  79.0 MBytes   663 Mbits/sec  59260  
[  5]  38.00-39.00  sec  80.5 MBytes   675 Mbits/sec  60360  
[  5]  39.00-40.00  sec  78.9 MBytes   662 Mbits/sec  59200  
[  5]  40.00-41.00  sec  79.8 MBytes   669 Mbits/sec  59860  
[  5]  41.00-42.00  sec  80.0 MBytes   671 Mbits/sec  60020  
[  5]  42.00-43.00  sec  79.9 MBytes   670 Mbits/sec  59940  
[  5]  43.00-44.00  sec  80.6 MBytes   676 Mbits/sec  60470  
[  5]  44.00-45.00  sec  80.0 MBytes   671 Mbits/sec  60010  
[  5]  45.00-46.00  sec  79.1 MBytes   664 Mbits/sec  59340  
[  5]  46.00-47.00  sec  79.4 MBytes   666 Mbits/sec  59540  
[  5]  47.00-48.00  sec  78.0 MBytes   655 Mbits/sec  58540  
[  5]  48.00-49.00  sec  78.9 MBytes   662 Mbits/sec  59190  
[  5]  49.00-50.00  sec  77.0 MBytes   646 Mbits/sec  57780  
[  5]  50.00-51.00  sec  79.2 MBytes   665 Mbits/sec  59430  
[  5]  51.00-52.00  sec  80.2 MBytes   673 Mbits/sec  60190  
[  5]  52.00-53.00  sec  81.6 MBytes   684 Mbits/sec  61180  
[  5]  53.00-54.00  sec  95.1 MBytes   798 Mbits/sec  71350  
[  5]  54.00-55.00  sec  92.8 MBytes   779 Mbits/sec  69640  
[  5]  55.00-56.00  sec  93.3 MBytes   782 Mbits/sec  69950  
[  5]  56.00-57.00  sec  93.5 MBytes   784 Mbits/sec  70130  
[  5]  57.00-58.00  sec  83.3 MBytes   699 Mbits/sec  62510  
[  5]  58.00-59.00  sec  79.2 MBytes   664 Mbits/sec  59370  
[  5]  59.00-60.00  sec  78.2 MBytes   656 Mbits/sec  58670  
- - - - - - - - - - - - - - - - - - - - - - - - -
[ ID] Interval           Transfer     Bitrate         Jitter    Lost/Total Datagrams
[  5]   0.00-60.00  sec  4.97 GBytes   712 Mbits/sec  0.000 ms  0/3820950 (0%)  sender
[  5]   0.00-60.04  sec  4.48 GBytes   641 Mbits/sec  0.020 ms  391216/3820949 (10%)  receiver

iperf Done.
