Connecting to host 10.136.80.181, port 5201
[  5] local 10.136.173.97 port 59761 connected to 10.136.80.181 port 5201
[ ID] Interval           Transfer     Bitrate         Total Datagrams
[  5]   0.00-1.00   sec  54.8 MBytes   460 Mbits/sec  48810  (omitted)
[  5]   0.00-1.00   sec  55.5 MBytes   465 Mbits/sec  49360  
[  5]   1.00-2.00   sec  51.7 MBytes   434 Mbits/sec  46010  
[  5]   2.00-3.00   sec  54.3 MBytes   456 Mbits/sec  48360  
[  5]   3.00-4.00   sec  55.8 MBytes   469 Mbits/sec  49710  
[  5]   4.00-5.00   sec  52.5 MBytes   441 Mbits/sec  46770  
[  5]   5.00-6.00   sec  53.0 MBytes   445 Mbits/sec  47180  
[  5]   6.00-7.00   sec  53.7 MBytes   450 Mbits/sec  47790  
[  5]   7.00-8.00   sec  55.8 MBytes   468 Mbits/sec  49630  
[  5]   8.00-9.00   sec  53.6 MBytes   450 Mbits/sec  47750  
[  5]   9.00-10.00  sec  54.5 MBytes   457 Mbits/sec  48490  
[  5]  10.00-11.00  sec  52.7 MBytes   442 Mbits/sec  46880  
[  5]  11.00-12.00  sec  53.1 MBytes   445 Mbits/sec  47250  
[  5]  12.00-13.00  sec  55.2 MBytes   463 Mbits/sec  49120  
[  5]  13.00-14.00  sec  54.8 MBytes   460 Mbits/sec  48800  
[  5]  14.00-15.00  sec  53.7 MBytes   450 Mbits/sec  47810  
[  5]  15.00-16.00  sec  55.6 MBytes   466 Mbits/sec  49450  
[  5]  16.00-17.00  sec  56.7 MBytes   476 Mbits/sec  50470  
[  5]  17.00-18.00  sec  55.9 MBytes   469 Mbits/sec  49760  
[  5]  18.00-19.00  sec  52.5 MBytes   441 Mbits/sec  46770  
[  5]  19.00-20.00  sec  58.0 MBytes   486 Mbits/sec  51610  
[  5]  20.00-21.00  sec  53.3 MBytes   447 Mbits/sec  47470  
[  5]  21.00-22.00  sec  53.5 MBytes   449 Mbits/sec  47640  
[  5]  22.00-23.00  sec  54.1 MBytes   454 Mbits/sec  48170  
[  5]  23.00-24.00  sec  53.2 MBytes   447 Mbits/sec  47380  
[  5]  24.00-25.00  sec  53.2 MBytes   446 Mbits/sec  47360  
[  5]  25.00-26.00  sec  52.6 MBytes   441 Mbits/sec  46820  
[  5]  26.00-27.00  sec  54.3 MBytes   455 Mbits/sec  48320  
[  5]  27.00-28.00  sec  56.5 MBytes   474 Mbits/sec  50260  
[  5]  28.00-29.00  sec  55.5 MBytes   466 Mbits/sec  49420  
[  5]  29.00-30.00  sec  55.3 MBytes   464 Mbits/sec  49200  
[  5]  30.00-31.00  sec  54.0 MBytes   453 Mbits/sec  48040  
[  5]  31.00-32.00  sec  51.4 MBytes   431 Mbits/sec  45730  
[  5]  32.00-33.00  sec  56.4 MBytes   473 Mbits/sec  50160  
[  5]  33.00-34.00  sec  53.8 MBytes   451 Mbits/sec  47870  
[  5]  34.00-35.00  sec  54.1 MBytes   454 Mbits/sec  48130  
[  5]  35.00-36.00  sec  55.2 MBytes   463 Mbits/sec  49120  
[  5]  36.00-37.00  sec  55.8 MBytes   468 Mbits/sec  49710  
[  5]  37.00-38.00  sec  51.5 MBytes   432 Mbits/sec  45870  
[  5]  38.00-39.00  sec  55.9 MBytes   469 Mbits/sec  49750  
[  5]  39.00-40.00  sec  53.4 MBytes   448 Mbits/sec  47520  
[  5]  40.00-41.00  sec  55.0 MBytes   462 Mbits/sec  48990  
[  5]  41.00-42.00  sec  58.8 MBytes   493 Mbits/sec  52340  
[  5]  42.00-43.00  sec  57.5 MBytes   483 Mbits/sec  51210  
[  5]  43.00-44.00  sec  53.4 MBytes   448 Mbits/sec  47510  
[  5]  44.00-45.00  sec  51.6 MBytes   433 Mbits/sec  45960  
[  5]  45.00-46.00  sec  52.5 MBytes   440 Mbits/sec  46740  
[  5]  46.00-47.00  sec  54.8 MBytes   460 Mbits/sec  48810  
[  5]  47.00-48.00  sec  53.7 MBytes   451 Mbits/sec  47810  
[  5]  48.00-49.00  sec  54.9 MBytes   461 Mbits/sec  48870  
[  5]  49.00-50.00  sec  52.0 MBytes   436 Mbits/sec  46250  
[  5]  50.00-51.00  sec  53.3 MBytes   447 Mbits/sec  47400  
[  5]  51.00-52.00  sec  54.4 MBytes   456 Mbits/sec  48430  
[  5]  52.00-53.00  sec  52.3 MBytes   439 Mbits/sec  46560  
[  5]  53.00-54.00  sec  53.6 MBytes   450 Mbits/sec  47710  
[  5]  54.00-55.00  sec  55.8 MBytes   468 Mbits/sec  49670  
[  5]  55.00-56.00  sec  54.7 MBytes   459 Mbits/sec  48670  
[  5]  56.00-57.00  sec  54.4 MBytes   456 Mbits/sec  48410  
[  5]  57.00-58.00  sec  54.8 MBytes   460 Mbits/sec  48810  
[  5]  58.00-59.00  sec  54.1 MBytes   454 Mbits/sec  48150  
[  5]  59.00-60.00  sec  53.5 MBytes   449 Mbits/sec  47640  
- - - - - - - - - - - - - - - - - - - - - - - - -
[ ID] Interval           Transfer     Bitrate         Jitter    Lost/Total Datagrams
[  5]   0.00-60.00  sec  3.18 GBytes   455 Mbits/sec  0.000 ms  0/2898850 (0%)  sender
[  5]   0.00-60.22  sec  1.86 GBytes   266 Mbits/sec  0.039 ms  1223025/2898850 (42%)  receiver

iperf Done.
