Connecting to host knb-server-112540, port 5201
[  5] local 10.136.173.93 port 38561 connected to 10.43.79.102 port 5201
[ ID] Interval           Transfer     Bitrate         Total Datagrams
[  5]   0.00-1.00   sec  52.7 MBytes   442 Mbits/sec  46900  (omitted)
[  5]   0.00-1.00   sec  52.7 MBytes   442 Mbits/sec  46870  
[  5]   1.00-2.00   sec  51.9 MBytes   436 Mbits/sec  46220  
[  5]   2.00-3.00   sec  49.7 MBytes   417 Mbits/sec  44210  
[  5]   3.00-4.00   sec  51.8 MBytes   434 Mbits/sec  46070  
[  5]   4.00-5.00   sec  51.1 MBytes   429 Mbits/sec  45510  
[  5]   5.00-6.00   sec  49.8 MBytes   418 Mbits/sec  44370  
[  5]   6.00-7.00   sec  53.1 MBytes   446 Mbits/sec  47310  
[  5]   7.00-8.00   sec  55.0 MBytes   461 Mbits/sec  48920  
[  5]   8.00-9.00   sec  55.4 MBytes   465 Mbits/sec  49340  
[  5]   9.00-10.00  sec  49.9 MBytes   418 Mbits/sec  44410  
[  5]  10.00-11.00  sec  50.3 MBytes   422 Mbits/sec  44760  
[  5]  11.00-12.00  sec  53.5 MBytes   448 Mbits/sec  47580  
[  5]  12.00-13.00  sec  50.8 MBytes   427 Mbits/sec  45260  
[  5]  13.00-14.00  sec  51.9 MBytes   435 Mbits/sec  46160  
[  5]  14.00-15.00  sec  49.1 MBytes   411 Mbits/sec  43670  
[  5]  15.00-16.00  sec  52.5 MBytes   440 Mbits/sec  46720  
[  5]  16.00-17.00  sec  47.7 MBytes   400 Mbits/sec  42470  
[  5]  17.00-18.00  sec  49.4 MBytes   414 Mbits/sec  43940  
[  5]  18.00-19.00  sec  51.0 MBytes   428 Mbits/sec  45430  
[  5]  19.00-20.00  sec  53.3 MBytes   447 Mbits/sec  47400  
[  5]  20.00-21.00  sec  48.5 MBytes   407 Mbits/sec  43210  
[  5]  21.00-22.00  sec  50.0 MBytes   419 Mbits/sec  44470  
[  5]  22.00-23.00  sec  49.4 MBytes   415 Mbits/sec  44010  
[  5]  23.00-24.00  sec  51.2 MBytes   429 Mbits/sec  45570  
[  5]  24.00-25.00  sec  54.8 MBytes   460 Mbits/sec  48760  
[  5]  25.00-26.00  sec  50.7 MBytes   425 Mbits/sec  45100  
[  5]  26.00-27.00  sec  51.3 MBytes   430 Mbits/sec  45680  
[  5]  27.00-28.00  sec  52.3 MBytes   439 Mbits/sec  46560  
[  5]  28.00-29.00  sec  52.8 MBytes   443 Mbits/sec  47030  
[  5]  29.00-30.00  sec  51.7 MBytes   434 Mbits/sec  46000  
[  5]  30.00-31.00  sec  50.4 MBytes   423 Mbits/sec  44870  
[  5]  31.00-32.00  sec  53.6 MBytes   449 Mbits/sec  47670  
[  5]  32.00-33.00  sec  50.2 MBytes   421 Mbits/sec  44690  
[  5]  33.00-34.00  sec  50.8 MBytes   426 Mbits/sec  45250  
[  5]  34.00-35.00  sec  51.1 MBytes   429 Mbits/sec  45480  
[  5]  35.00-36.00  sec  50.5 MBytes   424 Mbits/sec  44990  
[  5]  36.00-37.00  sec  47.6 MBytes   399 Mbits/sec  42350  
[  5]  37.00-38.00  sec  55.5 MBytes   466 Mbits/sec  49440  
[  5]  38.00-39.00  sec  50.8 MBytes   426 Mbits/sec  45240  
[  5]  39.00-40.00  sec  50.2 MBytes   421 Mbits/sec  44690  
[  5]  40.00-41.00  sec  50.0 MBytes   419 Mbits/sec  44480  
[  5]  41.00-42.00  sec  52.4 MBytes   440 Mbits/sec  46680  
[  5]  42.00-43.00  sec  52.0 MBytes   436 Mbits/sec  46260  
[  5]  43.00-44.00  sec  51.0 MBytes   428 Mbits/sec  45380  
[  5]  44.00-45.00  sec  49.6 MBytes   416 Mbits/sec  44140  
[  5]  45.00-46.00  sec  52.4 MBytes   440 Mbits/sec  46640  
[  5]  46.00-47.00  sec  50.2 MBytes   421 Mbits/sec  44650  
[  5]  47.00-48.00  sec  48.9 MBytes   411 Mbits/sec  43570  
[  5]  48.00-49.00  sec  51.8 MBytes   435 Mbits/sec  46120  
[  5]  49.00-50.00  sec  49.3 MBytes   414 Mbits/sec  43890  
[  5]  50.00-51.00  sec  50.1 MBytes   420 Mbits/sec  44580  
[  5]  51.00-52.00  sec  48.5 MBytes   406 Mbits/sec  43130  
[  5]  52.00-53.00  sec  54.6 MBytes   458 Mbits/sec  48590  
[  5]  53.00-54.00  sec  52.6 MBytes   441 Mbits/sec  46780  
[  5]  54.00-55.00  sec  51.4 MBytes   431 Mbits/sec  45780  
[  5]  55.00-56.00  sec  51.5 MBytes   432 Mbits/sec  45870  
[  5]  56.00-57.00  sec  40.4 MBytes   339 Mbits/sec  36000  
[  5]  57.00-58.00  sec  42.1 MBytes   353 Mbits/sec  37450  
[  5]  58.00-59.00  sec  52.0 MBytes   436 Mbits/sec  46270  
[  5]  59.00-60.00  sec  51.4 MBytes   431 Mbits/sec  45760  
- - - - - - - - - - - - - - - - - - - - - - - - -
[ ID] Interval           Transfer     Bitrate         Jitter    Lost/Total Datagrams
[  5]   0.00-60.00  sec  2.98 GBytes   427 Mbits/sec  0.000 ms  0/2719700 (0%)  sender
[  5]   0.00-60.22  sec  1.84 GBytes   263 Mbits/sec  0.007 ms  1062803/2719700 (39%)  receiver

iperf Done.
