Connecting to host knb-server-366953, port 5201
[  5] local 10.136.173.115 port 35317 connected to 10.43.175.60 port 5201
[ ID] Interval           Transfer     Bitrate         Total Datagrams
[  5]   0.00-1.00   sec  63.2 MBytes   530 Mbits/sec  56240  (omitted)
[  5]   0.00-1.00   sec  66.9 MBytes   561 Mbits/sec  59580  
[  5]   1.00-2.00   sec  67.0 MBytes   562 Mbits/sec  59610  
[  5]   2.00-3.00   sec  70.5 MBytes   591 Mbits/sec  62720  
[  5]   3.00-4.00   sec  70.9 MBytes   595 Mbits/sec  63150  
[  5]   4.00-5.00   sec  69.7 MBytes   585 Mbits/sec  62060  
[  5]   5.00-6.00   sec  74.1 MBytes   621 Mbits/sec  65920  
[  5]   6.00-7.00   sec  74.8 MBytes   627 Mbits/sec  66560  
[  5]   7.00-8.00   sec  75.2 MBytes   631 Mbits/sec  66950  
[  5]   8.00-9.00   sec  79.5 MBytes   667 Mbits/sec  70810  
[  5]   9.00-10.00  sec  68.1 MBytes   571 Mbits/sec  60620  
[  5]  10.00-11.00  sec  68.3 MBytes   573 Mbits/sec  60800  
[  5]  11.00-12.00  sec  71.1 MBytes   597 Mbits/sec  63320  
[  5]  12.00-13.00  sec  70.1 MBytes   588 Mbits/sec  62420  
[  5]  13.00-14.00  sec  67.6 MBytes   567 Mbits/sec  60190  
[  5]  14.00-15.00  sec  69.9 MBytes   586 Mbits/sec  62190  
[  5]  15.00-16.00  sec  68.9 MBytes   578 Mbits/sec  61330  
[  5]  16.00-17.00  sec  69.6 MBytes   584 Mbits/sec  61920  
[  5]  17.00-18.00  sec  69.5 MBytes   583 Mbits/sec  61870  
[  5]  18.00-19.00  sec  70.2 MBytes   589 Mbits/sec  62470  
[  5]  19.00-20.00  sec  70.2 MBytes   589 Mbits/sec  62480  
[  5]  20.00-21.00  sec  69.9 MBytes   587 Mbits/sec  62250  
[  5]  21.00-22.00  sec  70.0 MBytes   587 Mbits/sec  62340  
[  5]  22.00-23.00  sec  68.0 MBytes   571 Mbits/sec  60570  
[  5]  23.00-24.00  sec  70.4 MBytes   590 Mbits/sec  62630  
[  5]  24.00-25.00  sec  70.2 MBytes   589 Mbits/sec  62500  
[  5]  25.00-26.00  sec  68.8 MBytes   577 Mbits/sec  61250  
[  5]  26.00-27.00  sec  66.5 MBytes   558 Mbits/sec  59230  
[  5]  27.00-28.00  sec  66.7 MBytes   559 Mbits/sec  59350  
[  5]  28.00-29.00  sec  75.7 MBytes   635 Mbits/sec  67340  
[  5]  29.00-30.00  sec  76.2 MBytes   639 Mbits/sec  67820  
[  5]  30.00-31.00  sec  76.0 MBytes   638 Mbits/sec  67660  
[  5]  31.00-32.00  sec  75.4 MBytes   633 Mbits/sec  67130  
[  5]  32.00-33.00  sec  75.7 MBytes   635 Mbits/sec  67410  
[  5]  33.00-34.00  sec  76.5 MBytes   642 Mbits/sec  68090  
[  5]  34.00-35.00  sec  75.8 MBytes   636 Mbits/sec  67450  
[  5]  35.00-36.00  sec  76.0 MBytes   637 Mbits/sec  67640  
[  5]  36.00-37.00  sec  75.0 MBytes   629 Mbits/sec  66730  
[  5]  37.00-38.00  sec  66.6 MBytes   558 Mbits/sec  59260  
[  5]  38.00-39.00  sec  70.5 MBytes   592 Mbits/sec  62780  
[  5]  39.00-40.00  sec  68.4 MBytes   574 Mbits/sec  60870  
[  5]  40.00-41.00  sec  69.9 MBytes   586 Mbits/sec  62190  
[  5]  41.00-42.00  sec  66.6 MBytes   559 Mbits/sec  59260  
[  5]  42.00-43.00  sec  66.8 MBytes   561 Mbits/sec  59490  
[  5]  43.00-44.00  sec  68.3 MBytes   573 Mbits/sec  60790  
[  5]  44.00-45.00  sec  67.3 MBytes   565 Mbits/sec  59950  
[  5]  45.00-46.00  sec  67.7 MBytes   568 Mbits/sec  60220  
[  5]  46.00-47.00  sec  69.2 MBytes   581 Mbits/sec  61610  
[  5]  47.00-48.00  sec  66.6 MBytes   559 Mbits/sec  59320  
[  5]  48.00-49.00  sec  70.5 MBytes   592 Mbits/sec  62780  
[  5]  49.00-50.00  sec  68.8 MBytes   577 Mbits/sec  61210  
[  5]  50.00-51.00  sec  67.4 MBytes   566 Mbits/sec  60010  
[  5]  51.00-52.00  sec  67.0 MBytes   562 Mbits/sec  59640  
[  5]  52.00-53.00  sec  67.7 MBytes   568 Mbits/sec  60280  
[  5]  53.00-54.00  sec  68.3 MBytes   573 Mbits/sec  60820  
[  5]  54.00-55.00  sec  67.8 MBytes   569 Mbits/sec  60330  
[  5]  55.00-56.00  sec  65.1 MBytes   546 Mbits/sec  57960  
[  5]  56.00-57.00  sec  75.7 MBytes   635 Mbits/sec  67380  
[  5]  57.00-58.00  sec  75.5 MBytes   633 Mbits/sec  67190  
[  5]  58.00-59.00  sec  75.6 MBytes   634 Mbits/sec  67260  
[  5]  59.00-60.00  sec  75.8 MBytes   636 Mbits/sec  67450  
- - - - - - - - - - - - - - - - - - - - - - - - -
[ ID] Interval           Transfer     Bitrate         Jitter    Lost/Total Datagrams
[  5]   0.00-60.00  sec  4.14 GBytes   593 Mbits/sec  0.000 ms  0/3772410 (0%)  sender
[  5]   0.00-60.31  sec  1.32 GBytes   187 Mbits/sec  0.030 ms  2611169/3772406 (69%)  receiver

iperf Done.
