Connecting to host 10.136.80.141, port 5201
[  5] local 10.136.173.67 port 56111 connected to 10.136.80.141 port 5201
[ ID] Interval           Transfer     Bitrate         Total Datagrams
[  5]   0.00-1.00   sec  94.6 MBytes   794 Mbits/sec  70970  (omitted)
[  5]   0.00-1.00   sec  92.3 MBytes   775 Mbits/sec  69260  
[  5]   1.00-2.00   sec  95.2 MBytes   798 Mbits/sec  71390  
[  5]   2.00-3.00   sec  93.1 MBytes   781 Mbits/sec  69800  
[  5]   3.00-4.00   sec  92.2 MBytes   773 Mbits/sec  69140  
[  5]   4.00-5.00   sec  92.8 MBytes   778 Mbits/sec  69570  
[  5]   5.00-6.00   sec  92.9 MBytes   779 Mbits/sec  69680  
[  5]   6.00-7.00   sec  93.1 MBytes   781 Mbits/sec  69830  
[  5]   7.00-8.00   sec  93.2 MBytes   781 Mbits/sec  69870  
[  5]   8.00-9.00   sec  94.5 MBytes   793 Mbits/sec  70870  
[  5]   9.00-10.00  sec  93.8 MBytes   787 Mbits/sec  70380  
[  5]  10.00-11.00  sec  92.3 MBytes   774 Mbits/sec  69230  
[  5]  11.00-12.00  sec  94.6 MBytes   793 Mbits/sec  70940  
[  5]  12.00-13.00  sec  92.3 MBytes   774 Mbits/sec  69230  
[  5]  13.00-14.00  sec  92.6 MBytes   777 Mbits/sec  69490  
[  5]  14.00-15.00  sec  93.3 MBytes   782 Mbits/sec  69950  
[  5]  15.00-16.00  sec  92.9 MBytes   779 Mbits/sec  69690  
[  5]  16.00-17.00  sec  93.6 MBytes   785 Mbits/sec  70190  
[  5]  17.00-18.00  sec  95.2 MBytes   798 Mbits/sec  71370  
[  5]  18.00-19.00  sec  93.5 MBytes   784 Mbits/sec  70140  
[  5]  19.00-20.00  sec  93.8 MBytes   787 Mbits/sec  70370  
[  5]  20.00-21.00  sec  93.9 MBytes   788 Mbits/sec  70410  
[  5]  21.00-22.00  sec  93.8 MBytes   787 Mbits/sec  70350  
[  5]  22.00-23.00  sec  93.8 MBytes   787 Mbits/sec  70370  
[  5]  23.00-24.00  sec  92.4 MBytes   775 Mbits/sec  69280  
[  5]  24.00-25.00  sec  94.1 MBytes   790 Mbits/sec  70610  
[  5]  25.00-26.00  sec  94.1 MBytes   789 Mbits/sec  70570  
[  5]  26.00-27.00  sec  93.6 MBytes   785 Mbits/sec  70230  
[  5]  27.00-28.00  sec  95.6 MBytes   802 Mbits/sec  71700  
[  5]  28.00-29.00  sec  93.8 MBytes   787 Mbits/sec  70390  
[  5]  29.00-30.00  sec  95.9 MBytes   805 Mbits/sec  71940  
[  5]  30.00-31.00  sec  92.5 MBytes   776 Mbits/sec  69360  
[  5]  31.00-32.00  sec  93.2 MBytes   782 Mbits/sec  69890  
[  5]  32.00-33.00  sec  94.8 MBytes   796 Mbits/sec  71130  
[  5]  33.00-34.00  sec  95.0 MBytes   797 Mbits/sec  71270  
[  5]  34.00-35.00  sec  93.2 MBytes   782 Mbits/sec  69930  
[  5]  35.00-36.00  sec  93.5 MBytes   784 Mbits/sec  70130  
[  5]  36.00-37.00  sec  93.7 MBytes   786 Mbits/sec  70300  
[  5]  37.00-38.00  sec  94.9 MBytes   796 Mbits/sec  71150  
[  5]  38.00-39.00  sec  78.3 MBytes   656 Mbits/sec  58700  
[  5]  39.00-40.00  sec  78.0 MBytes   654 Mbits/sec  58500  
[  5]  40.00-41.00  sec  82.6 MBytes   693 Mbits/sec  61990  
[  5]  41.00-42.00  sec  93.1 MBytes   781 Mbits/sec  69830  
[  5]  42.00-43.00  sec  93.4 MBytes   784 Mbits/sec  70060  
[  5]  43.00-44.00  sec  93.3 MBytes   783 Mbits/sec  69970  
[  5]  44.00-45.00  sec  93.5 MBytes   785 Mbits/sec  70150  
[  5]  45.00-46.00  sec  93.5 MBytes   785 Mbits/sec  70150  
[  5]  46.00-47.00  sec  94.4 MBytes   792 Mbits/sec  70840  
[  5]  47.00-48.00  sec  93.3 MBytes   783 Mbits/sec  69970  
[  5]  48.00-49.00  sec  93.8 MBytes   787 Mbits/sec  70380  
[  5]  49.00-50.00  sec  93.3 MBytes   783 Mbits/sec  69990  
[  5]  50.00-51.00  sec  92.7 MBytes   777 Mbits/sec  69510  
[  5]  51.00-52.00  sec  93.6 MBytes   785 Mbits/sec  70180  
[  5]  52.00-53.00  sec  93.5 MBytes   784 Mbits/sec  70150  
[  5]  53.00-54.00  sec  91.8 MBytes   770 Mbits/sec  68880  
[  5]  54.00-55.00  sec  93.6 MBytes   785 Mbits/sec  70220  
[  5]  55.00-56.00  sec  93.2 MBytes   782 Mbits/sec  69930  
[  5]  56.00-57.00  sec  92.9 MBytes   779 Mbits/sec  69670  
[  5]  57.00-58.00  sec  93.4 MBytes   783 Mbits/sec  70050  
[  5]  58.00-59.00  sec  93.3 MBytes   783 Mbits/sec  70000  
[  5]  59.00-60.00  sec  93.7 MBytes   786 Mbits/sec  70270  
- - - - - - - - - - - - - - - - - - - - - - - - -
[ ID] Interval           Transfer     Bitrate         Jitter    Lost/Total Datagrams
[  5]   0.00-60.00  sec  5.44 GBytes   779 Mbits/sec  0.000 ms  0/4178790 (0%)  sender
[  5]   0.00-60.04  sec  5.44 GBytes   779 Mbits/sec  0.012 ms  1865/4178790 (0.045%)  receiver

iperf Done.
