Connecting to host 10.136.80.153, port 5201
[  5] local 10.136.173.88 port 60044 connected to 10.136.80.153 port 5201
[ ID] Interval           Transfer     Bitrate         Total Datagrams
[  5]   0.00-1.00   sec  55.0 MBytes   461 Mbits/sec  48960  (omitted)
[  5]   0.00-1.00   sec  53.4 MBytes   448 Mbits/sec  47540  
[  5]   1.00-2.00   sec  52.1 MBytes   437 Mbits/sec  46350  
[  5]   2.00-3.00   sec  54.4 MBytes   456 Mbits/sec  48420  
[  5]   3.00-4.00   sec  48.2 MBytes   404 Mbits/sec  42860  
[  5]   4.00-5.00   sec  50.0 MBytes   420 Mbits/sec  44540  
[  5]   5.00-6.00   sec  49.6 MBytes   416 Mbits/sec  44120  
[  5]   6.00-7.00   sec  53.6 MBytes   450 Mbits/sec  47700  
[  5]   7.00-8.00   sec  60.2 MBytes   505 Mbits/sec  53580  
[  5]   8.00-9.00   sec  56.7 MBytes   475 Mbits/sec  50450  
[  5]   9.00-10.00  sec  56.5 MBytes   474 Mbits/sec  50260  
[  5]  10.00-11.00  sec  55.8 MBytes   468 Mbits/sec  49660  
[  5]  11.00-12.00  sec  55.1 MBytes   462 Mbits/sec  49060  
[  5]  12.00-13.00  sec  54.9 MBytes   460 Mbits/sec  48830  
[  5]  13.00-14.00  sec  58.8 MBytes   493 Mbits/sec  52340  
[  5]  14.00-15.00  sec  55.1 MBytes   462 Mbits/sec  49070  
[  5]  15.00-16.00  sec  51.3 MBytes   430 Mbits/sec  45640  
[  5]  16.00-17.00  sec  60.4 MBytes   507 Mbits/sec  53780  
[  5]  17.00-18.00  sec  55.9 MBytes   469 Mbits/sec  49740  
[  5]  18.00-19.00  sec  53.8 MBytes   452 Mbits/sec  47920  
[  5]  19.00-20.00  sec  58.0 MBytes   487 Mbits/sec  51650  
[  5]  20.00-21.00  sec  52.5 MBytes   440 Mbits/sec  46710  
[  5]  21.00-22.00  sec  54.1 MBytes   454 Mbits/sec  48170  
[  5]  22.00-23.00  sec  61.7 MBytes   517 Mbits/sec  54880  
[  5]  23.00-24.00  sec  58.8 MBytes   494 Mbits/sec  52380  
[  5]  24.00-25.00  sec  57.3 MBytes   481 Mbits/sec  51040  
[  5]  25.00-26.00  sec  53.1 MBytes   445 Mbits/sec  47260  
[  5]  26.00-27.00  sec  58.6 MBytes   492 Mbits/sec  52200  
[  5]  27.00-28.00  sec  56.7 MBytes   476 Mbits/sec  50490  
[  5]  28.00-29.00  sec  55.6 MBytes   466 Mbits/sec  49480  
[  5]  29.00-30.00  sec  57.1 MBytes   479 Mbits/sec  50810  
[  5]  30.00-31.00  sec  61.0 MBytes   512 Mbits/sec  54330  
[  5]  31.00-32.00  sec  59.0 MBytes   495 Mbits/sec  52480  
[  5]  32.00-33.00  sec  56.5 MBytes   474 Mbits/sec  50270  
[  5]  33.00-34.00  sec  58.5 MBytes   491 Mbits/sec  52110  
[  5]  34.00-35.00  sec  51.5 MBytes   432 Mbits/sec  45820  
[  5]  35.00-36.00  sec  53.7 MBytes   451 Mbits/sec  47830  
[  5]  36.00-37.00  sec  55.0 MBytes   461 Mbits/sec  48940  
[  5]  37.00-38.00  sec  62.1 MBytes   521 Mbits/sec  55290  
[  5]  38.00-39.00  sec  60.9 MBytes   511 Mbits/sec  54210  
[  5]  39.00-40.00  sec  60.8 MBytes   510 Mbits/sec  54110  
[  5]  40.00-41.00  sec  54.5 MBytes   457 Mbits/sec  48520  
[  5]  41.00-42.00  sec  53.8 MBytes   451 Mbits/sec  47910  
[  5]  42.00-43.00  sec  56.7 MBytes   476 Mbits/sec  50510  
[  5]  43.00-44.00  sec  50.8 MBytes   426 Mbits/sec  45220  
[  5]  44.00-45.00  sec  51.7 MBytes   434 Mbits/sec  46040  
[  5]  45.00-46.00  sec  53.7 MBytes   451 Mbits/sec  47800  
[  5]  46.00-47.00  sec  55.7 MBytes   467 Mbits/sec  49570  
[  5]  47.00-48.00  sec  55.6 MBytes   466 Mbits/sec  49480  
[  5]  48.00-49.00  sec  59.2 MBytes   497 Mbits/sec  52690  
[  5]  49.00-50.00  sec  50.5 MBytes   423 Mbits/sec  44930  
[  5]  50.00-51.00  sec  58.7 MBytes   492 Mbits/sec  52260  
[  5]  51.00-52.00  sec  48.5 MBytes   406 Mbits/sec  43130  
[  5]  52.00-53.00  sec  56.2 MBytes   472 Mbits/sec  50040  
[  5]  53.00-54.00  sec  49.7 MBytes   417 Mbits/sec  44210  
[  5]  54.00-55.00  sec  57.1 MBytes   479 Mbits/sec  50850  
[  5]  55.00-56.00  sec  55.6 MBytes   466 Mbits/sec  49480  
[  5]  56.00-57.00  sec  55.5 MBytes   466 Mbits/sec  49420  
[  5]  57.00-58.00  sec  49.7 MBytes   417 Mbits/sec  44210  
[  5]  58.00-59.00  sec  51.4 MBytes   431 Mbits/sec  45720  
[  5]  59.00-60.00  sec  56.4 MBytes   473 Mbits/sec  50190  
- - - - - - - - - - - - - - - - - - - - - - - - -
[ ID] Interval           Transfer     Bitrate         Jitter    Lost/Total Datagrams
[  5]   0.00-60.00  sec  3.24 GBytes   464 Mbits/sec  0.000 ms  0/2954500 (0%)  sender
[  5]   0.00-60.28  sec  2.17 GBytes   310 Mbits/sec  0.012 ms  994139/2953319 (34%)  receiver

iperf Done.
