Connecting to host 10.136.80.133, port 5201
[  5] local 10.136.173.71 port 37512 connected to 10.136.80.133 port 5201
[ ID] Interval           Transfer     Bitrate         Total Datagrams
[  5]   0.00-1.00   sec  81.2 MBytes   681 Mbits/sec  72290  (omitted)
[  5]   0.00-1.00   sec  80.4 MBytes   674 Mbits/sec  71570  
[  5]   1.00-2.00   sec  79.1 MBytes   663 Mbits/sec  70380  
[  5]   2.00-3.00   sec  79.0 MBytes   663 Mbits/sec  70330  
[  5]   3.00-4.00   sec  77.8 MBytes   653 Mbits/sec  69250  
[  5]   4.00-5.00   sec  79.1 MBytes   663 Mbits/sec  70380  
[  5]   5.00-6.00   sec  80.1 MBytes   672 Mbits/sec  71270  
[  5]   6.00-7.00   sec  79.4 MBytes   666 Mbits/sec  70720  
[  5]   7.00-8.00   sec  80.0 MBytes   671 Mbits/sec  71250  
[  5]   8.00-9.00   sec  80.2 MBytes   672 Mbits/sec  71350  
[  5]   9.00-10.00  sec  80.1 MBytes   672 Mbits/sec  71280  
[  5]  10.00-11.00  sec  80.4 MBytes   674 Mbits/sec  71570  
[  5]  11.00-12.00  sec  80.2 MBytes   673 Mbits/sec  71390  
[  5]  12.00-13.00  sec  79.7 MBytes   669 Mbits/sec  70980  
[  5]  13.00-14.00  sec  77.9 MBytes   653 Mbits/sec  69320  
[  5]  14.00-15.00  sec  79.1 MBytes   663 Mbits/sec  70370  
[  5]  15.00-16.00  sec  80.2 MBytes   673 Mbits/sec  71400  
[  5]  16.00-17.00  sec  80.3 MBytes   674 Mbits/sec  71500  
[  5]  17.00-18.00  sec  80.1 MBytes   672 Mbits/sec  71280  
[  5]  18.00-19.00  sec  80.8 MBytes   678 Mbits/sec  71920  
[  5]  19.00-20.00  sec  79.9 MBytes   670 Mbits/sec  71110  
[  5]  20.00-21.00  sec  79.5 MBytes   667 Mbits/sec  70790  
[  5]  21.00-22.00  sec  79.5 MBytes   667 Mbits/sec  70810  
[  5]  22.00-23.00  sec  79.3 MBytes   665 Mbits/sec  70600  
[  5]  23.00-24.00  sec  79.0 MBytes   663 Mbits/sec  70320  
[  5]  24.00-25.00  sec  78.7 MBytes   660 Mbits/sec  70010  
[  5]  25.00-26.00  sec  78.9 MBytes   662 Mbits/sec  70230  
[  5]  26.00-27.00  sec  79.3 MBytes   665 Mbits/sec  70580  
[  5]  27.00-28.00  sec  79.3 MBytes   666 Mbits/sec  70620  
[  5]  28.00-29.00  sec  79.2 MBytes   665 Mbits/sec  70530  
[  5]  29.00-30.00  sec  79.3 MBytes   665 Mbits/sec  70560  
[  5]  30.00-31.00  sec  79.4 MBytes   666 Mbits/sec  70710  
[  5]  31.00-32.00  sec  80.6 MBytes   676 Mbits/sec  71750  
[  5]  32.00-33.00  sec  80.4 MBytes   674 Mbits/sec  71530  
[  5]  33.00-34.00  sec  79.8 MBytes   669 Mbits/sec  71040  
[  5]  34.00-35.00  sec  79.6 MBytes   667 Mbits/sec  70820  
[  5]  35.00-36.00  sec  79.1 MBytes   664 Mbits/sec  70420  
[  5]  36.00-37.00  sec  80.6 MBytes   676 Mbits/sec  71730  
[  5]  37.00-38.00  sec  80.4 MBytes   674 Mbits/sec  71570  
[  5]  38.00-39.00  sec  80.3 MBytes   673 Mbits/sec  71450  
[  5]  39.00-40.00  sec  80.0 MBytes   671 Mbits/sec  71240  
[  5]  40.00-41.00  sec  79.6 MBytes   668 Mbits/sec  70880  
[  5]  41.00-42.00  sec  79.9 MBytes   671 Mbits/sec  71160  
[  5]  42.00-43.00  sec  80.1 MBytes   672 Mbits/sec  71290  
[  5]  43.00-44.00  sec  79.4 MBytes   666 Mbits/sec  70690  
[  5]  44.00-45.00  sec  79.9 MBytes   670 Mbits/sec  71120  
[  5]  45.00-46.00  sec  79.8 MBytes   669 Mbits/sec  70990  
[  5]  46.00-47.00  sec  80.1 MBytes   672 Mbits/sec  71280  
[  5]  47.00-48.00  sec  79.3 MBytes   666 Mbits/sec  70620  
[  5]  48.00-49.00  sec  79.4 MBytes   666 Mbits/sec  70700  
[  5]  49.00-50.00  sec  78.8 MBytes   661 Mbits/sec  70170  
[  5]  50.00-51.00  sec  79.5 MBytes   667 Mbits/sec  70730  
[  5]  51.00-52.00  sec  79.6 MBytes   668 Mbits/sec  70850  
[  5]  52.00-53.00  sec  79.9 MBytes   671 Mbits/sec  71160  
[  5]  53.00-54.00  sec  78.9 MBytes   662 Mbits/sec  70230  
[  5]  54.00-55.00  sec  79.5 MBytes   667 Mbits/sec  70780  
[  5]  55.00-56.00  sec  79.6 MBytes   667 Mbits/sec  70820  
[  5]  56.00-57.00  sec  80.0 MBytes   671 Mbits/sec  71210  
[  5]  57.00-58.00  sec  80.0 MBytes   671 Mbits/sec  71230  
[  5]  58.00-59.00  sec  79.9 MBytes   670 Mbits/sec  71120  
[  5]  59.00-60.00  sec  80.2 MBytes   673 Mbits/sec  71360  
- - - - - - - - - - - - - - - - - - - - - - - - -
[ ID] Interval           Transfer     Bitrate         Jitter    Lost/Total Datagrams
[  5]   0.00-60.00  sec  4.67 GBytes   668 Mbits/sec  0.000 ms  0/4254320 (0%)  sender
[  5]   0.00-60.04  sec  4.67 GBytes   668 Mbits/sec  0.012 ms  647/4254319 (0.015%)  receiver

iperf Done.
