Connecting to host knb-server-147303, port 5201
[  5] local 10.136.173.125 port 35468 connected to 10.43.236.236 port 5201
[ ID] Interval           Transfer     Bitrate         Total Datagrams
[  5]   0.00-1.00   sec  68.3 MBytes   573 Mbits/sec  60760  (omitted)
[  5]   0.00-1.00   sec  64.7 MBytes   543 Mbits/sec  57600  
[  5]   1.00-2.00   sec  53.3 MBytes   447 Mbits/sec  47410  
[  5]   2.00-3.00   sec  57.2 MBytes   480 Mbits/sec  50930  
[  5]   3.00-4.00   sec  71.2 MBytes   597 Mbits/sec  63340  
[  5]   4.00-5.00   sec  53.8 MBytes   451 Mbits/sec  47900  
[  5]   5.00-6.00   sec  53.3 MBytes   447 Mbits/sec  47410  
[  5]   6.00-7.00   sec  53.5 MBytes   448 Mbits/sec  47580  
[  5]   7.00-8.00   sec  54.7 MBytes   459 Mbits/sec  48670  
[  5]   8.00-9.00   sec  54.7 MBytes   458 Mbits/sec  48650  
[  5]   9.00-10.00  sec  54.3 MBytes   456 Mbits/sec  48360  
[  5]  10.00-11.00  sec  55.0 MBytes   461 Mbits/sec  48970  
[  5]  11.00-12.00  sec  54.6 MBytes   458 Mbits/sec  48640  
[  5]  12.00-13.00  sec  69.2 MBytes   580 Mbits/sec  61580  
[  5]  13.00-14.00  sec  71.8 MBytes   603 Mbits/sec  63940  
[  5]  14.00-15.00  sec  74.1 MBytes   622 Mbits/sec  65970  
[  5]  15.00-16.00  sec  73.7 MBytes   618 Mbits/sec  65620  
[  5]  16.00-17.00  sec  73.1 MBytes   613 Mbits/sec  65070  
[  5]  17.00-18.00  sec  71.4 MBytes   599 Mbits/sec  63580  
[  5]  18.00-19.00  sec  71.9 MBytes   603 Mbits/sec  64020  
[  5]  19.00-20.00  sec  77.5 MBytes   650 Mbits/sec  69010  
[  5]  20.00-21.00  sec  66.8 MBytes   560 Mbits/sec  59450  
[  5]  21.00-22.00  sec  73.4 MBytes   616 Mbits/sec  65330  
[  5]  22.00-23.00  sec  72.2 MBytes   606 Mbits/sec  64270  
[  5]  23.00-24.00  sec  70.3 MBytes   590 Mbits/sec  62620  
[  5]  24.00-25.00  sec  70.9 MBytes   595 Mbits/sec  63080  
[  5]  25.00-26.00  sec  71.2 MBytes   597 Mbits/sec  63390  
[  5]  26.00-27.00  sec  71.9 MBytes   603 Mbits/sec  64010  
[  5]  27.00-28.00  sec  72.0 MBytes   604 Mbits/sec  64090  
[  5]  28.00-29.00  sec  72.4 MBytes   607 Mbits/sec  64450  
[  5]  29.00-30.00  sec  72.5 MBytes   608 Mbits/sec  64560  
[  5]  30.00-31.00  sec  72.9 MBytes   612 Mbits/sec  64910  
[  5]  31.00-32.00  sec  71.8 MBytes   603 Mbits/sec  63950  
[  5]  32.00-33.00  sec  72.7 MBytes   610 Mbits/sec  64720  
[  5]  33.00-34.00  sec  73.9 MBytes   620 Mbits/sec  65760  
[  5]  34.00-35.00  sec  73.7 MBytes   618 Mbits/sec  65610  
[  5]  35.00-36.00  sec  73.2 MBytes   614 Mbits/sec  65190  
[  5]  36.00-37.00  sec  72.6 MBytes   609 Mbits/sec  64610  
[  5]  37.00-38.00  sec  70.6 MBytes   592 Mbits/sec  62860  
[  5]  38.00-39.00  sec  73.2 MBytes   614 Mbits/sec  65190  
[  5]  39.00-40.00  sec  73.4 MBytes   615 Mbits/sec  65300  
[  5]  40.00-41.00  sec  73.8 MBytes   619 Mbits/sec  65670  
[  5]  41.00-42.00  sec  73.7 MBytes   618 Mbits/sec  65600  
[  5]  42.00-43.00  sec  73.4 MBytes   616 Mbits/sec  65360  
[  5]  43.00-44.00  sec  71.8 MBytes   603 Mbits/sec  63940  
[  5]  44.00-45.00  sec  73.0 MBytes   612 Mbits/sec  64950  
[  5]  45.00-46.00  sec  74.1 MBytes   621 Mbits/sec  65940  
[  5]  46.00-47.00  sec  73.5 MBytes   616 Mbits/sec  65410  
[  5]  47.00-48.00  sec  71.7 MBytes   602 Mbits/sec  63830  
[  5]  48.00-49.00  sec  73.7 MBytes   619 Mbits/sec  65640  
[  5]  49.00-50.00  sec  73.5 MBytes   617 Mbits/sec  65460  
[  5]  50.00-51.00  sec  73.5 MBytes   616 Mbits/sec  65410  
[  5]  51.00-52.00  sec  72.0 MBytes   604 Mbits/sec  64070  
[  5]  52.00-53.00  sec  73.2 MBytes   614 Mbits/sec  65190  
[  5]  53.00-54.00  sec  71.4 MBytes   599 Mbits/sec  63570  
[  5]  54.00-55.00  sec  68.3 MBytes   573 Mbits/sec  60770  
[  5]  55.00-56.00  sec  71.1 MBytes   596 Mbits/sec  63260  
[  5]  56.00-57.00  sec  71.7 MBytes   601 Mbits/sec  63790  
[  5]  57.00-58.00  sec  70.9 MBytes   595 Mbits/sec  63150  
[  5]  58.00-59.00  sec  73.2 MBytes   614 Mbits/sec  65130  
[  5]  59.00-60.00  sec  72.7 MBytes   610 Mbits/sec  64750  
- - - - - - - - - - - - - - - - - - - - - - - - -
[ ID] Interval           Transfer     Bitrate         Jitter    Lost/Total Datagrams
[  5]   0.00-60.00  sec  4.06 GBytes   581 Mbits/sec  0.000 ms  0/3698490 (0%)  sender
[  5]   0.00-60.29  sec  1.87 GBytes   266 Mbits/sec  0.791 ms  2010365/3674663 (55%)  receiver

iperf Done.
