Connecting to host 10.136.80.156, port 5201
[  5] local 10.136.173.125 port 34816 connected to 10.136.80.156 port 5201
[ ID] Interval           Transfer     Bitrate         Total Datagrams
[  5]   0.00-1.00   sec  50.3 MBytes   421 Mbits/sec  44730  (omitted)
[  5]   0.00-1.00   sec  54.0 MBytes   453 Mbits/sec  48040  
[  5]   1.00-2.00   sec  55.5 MBytes   465 Mbits/sec  49390  
[  5]   2.00-3.00   sec  54.0 MBytes   453 Mbits/sec  48090  
[  5]   3.00-4.00   sec  54.7 MBytes   459 Mbits/sec  48730  
[  5]   4.00-5.00   sec  51.6 MBytes   433 Mbits/sec  45970  
[  5]   5.00-6.00   sec  61.1 MBytes   512 Mbits/sec  54380  
[  5]   6.00-7.00   sec  57.6 MBytes   483 Mbits/sec  51250  
[  5]   7.00-8.00   sec  59.6 MBytes   500 Mbits/sec  53060  
[  5]   8.00-9.00   sec  56.4 MBytes   473 Mbits/sec  50180  
[  5]   9.00-10.00  sec  54.5 MBytes   457 Mbits/sec  48490  
[  5]  10.00-11.00  sec  54.4 MBytes   456 Mbits/sec  48420  
[  5]  11.00-12.00  sec  55.7 MBytes   468 Mbits/sec  49620  
[  5]  12.00-13.00  sec  53.8 MBytes   451 Mbits/sec  47870  
[  5]  13.00-14.00  sec  56.4 MBytes   473 Mbits/sec  50200  
[  5]  14.00-15.00  sec  55.6 MBytes   466 Mbits/sec  49460  
[  5]  15.00-16.00  sec  53.0 MBytes   445 Mbits/sec  47220  
[  5]  16.00-17.00  sec  52.7 MBytes   442 Mbits/sec  46930  
[  5]  17.00-18.00  sec  52.4 MBytes   440 Mbits/sec  46660  
[  5]  18.00-19.00  sec  56.7 MBytes   476 Mbits/sec  50460  
[  5]  19.00-20.00  sec  60.2 MBytes   505 Mbits/sec  53550  
[  5]  20.00-21.00  sec  54.3 MBytes   455 Mbits/sec  48300  
[  5]  21.00-22.00  sec  53.5 MBytes   449 Mbits/sec  47630  
[  5]  22.00-23.00  sec  51.6 MBytes   433 Mbits/sec  45950  
[  5]  23.00-24.00  sec  55.4 MBytes   465 Mbits/sec  49320  
[  5]  24.00-25.00  sec  51.4 MBytes   431 Mbits/sec  45750  
[  5]  25.00-26.00  sec  51.8 MBytes   434 Mbits/sec  46090  
[  5]  26.00-27.00  sec  53.5 MBytes   449 Mbits/sec  47620  
[  5]  27.00-28.00  sec  55.7 MBytes   467 Mbits/sec  49560  
[  5]  28.00-29.00  sec  52.4 MBytes   439 Mbits/sec  46610  
[  5]  29.00-30.00  sec  48.1 MBytes   403 Mbits/sec  42780  
[  5]  30.00-31.00  sec  56.1 MBytes   471 Mbits/sec  49960  
[  5]  31.00-32.00  sec  52.2 MBytes   438 Mbits/sec  46450  
[  5]  32.00-33.00  sec  57.8 MBytes   485 Mbits/sec  51460  
[  5]  33.00-34.00  sec  54.0 MBytes   453 Mbits/sec  48110  
[  5]  34.00-35.00  sec  51.9 MBytes   436 Mbits/sec  46230  
[  5]  35.00-36.00  sec  57.6 MBytes   483 Mbits/sec  51280  
[  5]  36.00-37.00  sec  53.5 MBytes   449 Mbits/sec  47650  
[  5]  37.00-38.00  sec  50.8 MBytes   426 Mbits/sec  45230  
[  5]  38.00-39.00  sec  51.4 MBytes   432 Mbits/sec  45790  
[  5]  39.00-40.00  sec  52.3 MBytes   439 Mbits/sec  46530  
[  5]  40.00-41.00  sec  54.7 MBytes   459 Mbits/sec  48650  
[  5]  41.00-42.00  sec  54.4 MBytes   457 Mbits/sec  48450  
[  5]  42.00-43.00  sec  58.4 MBytes   490 Mbits/sec  51970  
[  5]  43.00-44.00  sec  58.3 MBytes   489 Mbits/sec  51930  
[  5]  44.00-45.00  sec  50.9 MBytes   427 Mbits/sec  45350  
[  5]  45.00-46.00  sec  56.7 MBytes   475 Mbits/sec  50450  
[  5]  46.00-47.00  sec  63.9 MBytes   536 Mbits/sec  56910  
[  5]  47.00-48.00  sec  57.4 MBytes   481 Mbits/sec  51050  
[  5]  48.00-49.00  sec  51.3 MBytes   430 Mbits/sec  45620  
[  5]  49.00-50.00  sec  61.8 MBytes   519 Mbits/sec  55040  
[  5]  50.00-51.00  sec  54.1 MBytes   453 Mbits/sec  48120  
[  5]  51.00-52.00  sec  58.3 MBytes   489 Mbits/sec  51910  
[  5]  52.00-53.00  sec  58.2 MBytes   488 Mbits/sec  51780  
[  5]  53.00-54.00  sec  55.9 MBytes   469 Mbits/sec  49730  
[  5]  54.00-55.00  sec  58.3 MBytes   489 Mbits/sec  51880  
[  5]  55.00-56.00  sec  54.7 MBytes   459 Mbits/sec  48710  
[  5]  56.00-57.00  sec  52.6 MBytes   441 Mbits/sec  46830  
[  5]  57.00-58.00  sec  54.0 MBytes   453 Mbits/sec  48100  
[  5]  58.00-59.00  sec  54.7 MBytes   459 Mbits/sec  48720  
[  5]  59.00-60.00  sec  50.4 MBytes   423 Mbits/sec  44870  
- - - - - - - - - - - - - - - - - - - - - - - - -
[ ID] Interval           Transfer     Bitrate         Jitter    Lost/Total Datagrams
[  5]   0.00-60.00  sec  3.22 GBytes   461 Mbits/sec  0.000 ms  0/2932340 (0%)  sender
[  5]   0.00-61.31  sec   194 MBytes  26.5 Mbits/sec  0.720 ms  2799565/2929509 (96%)  receiver

iperf Done.
