Connecting to host 10.136.80.141, port 5201
[  5] local 10.136.173.76 port 54384 connected to 10.136.80.141 port 5201
[ ID] Interval           Transfer     Bitrate         Total Datagrams
[  5]   0.00-1.00   sec  45.2 MBytes   379 Mbits/sec  40200  (omitted)
[  5]   0.00-1.00   sec  52.2 MBytes   438 Mbits/sec  46450  
[  5]   1.00-2.00   sec  49.7 MBytes   417 Mbits/sec  44270  
[  5]   2.00-3.00   sec  52.3 MBytes   439 Mbits/sec  46570  
[  5]   3.00-4.00   sec  48.2 MBytes   405 Mbits/sec  42940  
[  5]   4.00-5.00   sec  54.3 MBytes   455 Mbits/sec  48320  
[  5]   5.00-6.00   sec  53.9 MBytes   452 Mbits/sec  47960  
[  5]   6.00-7.00   sec  53.4 MBytes   448 Mbits/sec  47490  
[  5]   7.00-8.00   sec  56.8 MBytes   476 Mbits/sec  50550  
[  5]   8.00-9.00   sec  60.4 MBytes   507 Mbits/sec  53790  
[  5]   9.00-10.00  sec  53.0 MBytes   445 Mbits/sec  47190  
[  5]  10.00-11.00  sec  53.3 MBytes   447 Mbits/sec  47470  
[  5]  11.00-12.00  sec  56.3 MBytes   472 Mbits/sec  50130  
[  5]  12.00-13.00  sec  49.6 MBytes   416 Mbits/sec  44140  
[  5]  13.00-14.00  sec  58.3 MBytes   489 Mbits/sec  51890  
[  5]  14.00-15.00  sec  51.3 MBytes   430 Mbits/sec  45660  
[  5]  15.00-16.00  sec  54.9 MBytes   461 Mbits/sec  48880  
[  5]  16.00-17.00  sec  50.8 MBytes   427 Mbits/sec  45260  
[  5]  17.00-18.00  sec  53.5 MBytes   449 Mbits/sec  47630  
[  5]  18.00-19.00  sec  58.4 MBytes   490 Mbits/sec  51980  
[  5]  19.00-20.00  sec  52.9 MBytes   444 Mbits/sec  47110  
[  5]  20.00-21.00  sec  50.3 MBytes   422 Mbits/sec  44780  
[  5]  21.00-22.00  sec  53.1 MBytes   446 Mbits/sec  47270  
[  5]  22.00-23.00  sec  50.5 MBytes   423 Mbits/sec  44930  
[  5]  23.00-24.00  sec  50.2 MBytes   421 Mbits/sec  44700  
[  5]  24.00-25.00  sec  56.5 MBytes   474 Mbits/sec  50280  
[  5]  25.00-26.00  sec  54.3 MBytes   455 Mbits/sec  48310  
[  5]  26.00-27.00  sec  52.9 MBytes   444 Mbits/sec  47110  
[  5]  27.00-28.00  sec  52.8 MBytes   443 Mbits/sec  47040  
[  5]  28.00-29.00  sec  56.4 MBytes   473 Mbits/sec  50180  
[  5]  29.00-30.00  sec  53.8 MBytes   451 Mbits/sec  47890  
[  5]  30.00-31.00  sec  57.6 MBytes   483 Mbits/sec  51270  
[  5]  31.00-32.00  sec  50.2 MBytes   421 Mbits/sec  44710  
[  5]  32.00-33.00  sec  55.4 MBytes   464 Mbits/sec  49280  
[  5]  33.00-34.00  sec  58.0 MBytes   486 Mbits/sec  51620  
[  5]  34.00-35.00  sec  50.8 MBytes   426 Mbits/sec  45200  
[  5]  35.00-36.00  sec  54.5 MBytes   458 Mbits/sec  48550  
[  5]  36.00-37.00  sec  54.5 MBytes   457 Mbits/sec  48510  
[  5]  37.00-38.00  sec  55.3 MBytes   464 Mbits/sec  49200  
[  5]  38.00-39.00  sec  48.1 MBytes   404 Mbits/sec  42820  
[  5]  39.00-40.00  sec  54.1 MBytes   454 Mbits/sec  48200  
[  5]  40.00-41.00  sec  52.3 MBytes   438 Mbits/sec  46510  
[  5]  41.00-42.00  sec  52.3 MBytes   439 Mbits/sec  46560  
[  5]  42.00-43.00  sec  55.1 MBytes   462 Mbits/sec  49040  
[  5]  43.00-44.00  sec  51.1 MBytes   428 Mbits/sec  45450  
[  5]  44.00-45.00  sec  51.4 MBytes   431 Mbits/sec  45730  
[  5]  45.00-46.00  sec  50.5 MBytes   424 Mbits/sec  44990  
[  5]  46.00-47.00  sec  50.7 MBytes   425 Mbits/sec  45100  
[  5]  47.00-48.00  sec  59.2 MBytes   497 Mbits/sec  52740  
[  5]  48.00-49.00  sec  55.6 MBytes   466 Mbits/sec  49470  
[  5]  49.00-50.00  sec  57.5 MBytes   483 Mbits/sec  51220  
[  5]  50.00-51.00  sec  52.7 MBytes   442 Mbits/sec  46870  
[  5]  51.00-52.00  sec  55.5 MBytes   465 Mbits/sec  49380  
[  5]  52.00-53.00  sec  62.2 MBytes   522 Mbits/sec  55400  
[  5]  53.00-54.00  sec  55.1 MBytes   463 Mbits/sec  49090  
[  5]  54.00-55.00  sec  57.5 MBytes   482 Mbits/sec  51150  
[  5]  55.00-56.00  sec  55.3 MBytes   464 Mbits/sec  49230  
[  5]  56.00-57.00  sec  58.7 MBytes   492 Mbits/sec  52260  
[  5]  57.00-58.00  sec  55.0 MBytes   462 Mbits/sec  48970  
[  5]  58.00-59.00  sec  53.6 MBytes   450 Mbits/sec  47720  
[  5]  59.00-60.00  sec  53.6 MBytes   450 Mbits/sec  47740  
- - - - - - - - - - - - - - - - - - - - - - - - -
[ ID] Interval           Transfer     Bitrate         Jitter    Lost/Total Datagrams
[  5]   0.00-60.00  sec  3.16 GBytes   453 Mbits/sec  0.000 ms  0/2882150 (0%)  sender
[  5]   0.00-60.28  sec  1.92 GBytes   274 Mbits/sec  0.009 ms  1138967/2882150 (40%)  receiver

iperf Done.
