Connecting to host knb-server-333080, port 5201
[  5] local 10.136.173.111 port 56066 connected to 10.43.4.204 port 5201
[ ID] Interval           Transfer     Bitrate         Total Datagrams
[  5]   0.00-1.00   sec  50.6 MBytes   424 Mbits/sec  45020  (omitted)
[  5]   0.00-1.00   sec  51.7 MBytes   433 Mbits/sec  45990  
[  5]   1.00-2.00   sec  51.7 MBytes   434 Mbits/sec  46030  
[  5]   2.00-3.00   sec  51.0 MBytes   428 Mbits/sec  45410  
[  5]   3.00-4.00   sec  49.5 MBytes   415 Mbits/sec  44060  
[  5]   4.00-5.00   sec  51.0 MBytes   428 Mbits/sec  45370  
[  5]   5.00-6.00   sec  50.8 MBytes   426 Mbits/sec  45200  
[  5]   6.00-7.00   sec  45.6 MBytes   382 Mbits/sec  40560  
[  5]   7.00-8.00   sec  37.5 MBytes   315 Mbits/sec  33380  
[  5]   8.00-9.00   sec  54.5 MBytes   457 Mbits/sec  48500  
[  5]   9.00-10.00  sec  50.3 MBytes   422 Mbits/sec  44770  
[  5]  10.00-11.00  sec  50.7 MBytes   426 Mbits/sec  45160  
[  5]  11.00-12.00  sec  51.2 MBytes   430 Mbits/sec  45610  
[  5]  12.00-13.00  sec  52.5 MBytes   441 Mbits/sec  46750  
[  5]  13.00-14.00  sec  51.4 MBytes   431 Mbits/sec  45710  
[  5]  14.00-15.00  sec  45.3 MBytes   380 Mbits/sec  40320  
[  5]  15.00-16.00  sec  48.8 MBytes   409 Mbits/sec  43420  
[  5]  16.00-17.00  sec  52.1 MBytes   437 Mbits/sec  46360  
[  5]  17.00-18.00  sec  51.3 MBytes   431 Mbits/sec  45700  
[  5]  18.00-19.00  sec  51.1 MBytes   429 Mbits/sec  45470  
[  5]  19.00-20.00  sec  51.3 MBytes   430 Mbits/sec  45680  
[  5]  20.00-21.00  sec  49.4 MBytes   415 Mbits/sec  44000  
[  5]  21.00-22.00  sec  50.2 MBytes   421 Mbits/sec  44710  
[  5]  22.00-23.00  sec  50.6 MBytes   425 Mbits/sec  45080  
[  5]  23.00-24.00  sec  51.7 MBytes   434 Mbits/sec  46050  
[  5]  24.00-25.00  sec  52.8 MBytes   443 Mbits/sec  47030  
[  5]  25.00-26.00  sec  51.6 MBytes   433 Mbits/sec  45890  
[  5]  26.00-27.00  sec  50.2 MBytes   421 Mbits/sec  44690  
[  5]  27.00-28.00  sec  49.2 MBytes   413 Mbits/sec  43830  
[  5]  28.00-29.00  sec  53.1 MBytes   445 Mbits/sec  47270  
[  5]  29.00-30.00  sec  50.0 MBytes   420 Mbits/sec  44550  
[  5]  30.00-31.00  sec  50.2 MBytes   421 Mbits/sec  44710  
[  5]  31.00-32.00  sec  53.1 MBytes   445 Mbits/sec  47260  
[  5]  32.00-33.00  sec  48.4 MBytes   406 Mbits/sec  43090  
[  5]  33.00-34.00  sec  50.7 MBytes   425 Mbits/sec  45120  
[  5]  34.00-35.00  sec  53.4 MBytes   448 Mbits/sec  47550  
[  5]  35.00-36.00  sec  48.5 MBytes   407 Mbits/sec  43210  
[  5]  36.00-37.00  sec  50.6 MBytes   424 Mbits/sec  45030  
[  5]  37.00-38.00  sec  51.8 MBytes   434 Mbits/sec  46070  
[  5]  38.00-39.00  sec  50.4 MBytes   423 Mbits/sec  44890  
[  5]  39.00-40.00  sec  49.6 MBytes   416 Mbits/sec  44150  
[  5]  40.00-41.00  sec  48.5 MBytes   407 Mbits/sec  43180  
[  5]  41.00-42.00  sec  49.2 MBytes   413 Mbits/sec  43810  
[  5]  42.00-43.00  sec  49.3 MBytes   413 Mbits/sec  43840  
[  5]  43.00-44.00  sec  52.4 MBytes   439 Mbits/sec  46610  
[  5]  44.00-45.00  sec  53.4 MBytes   448 Mbits/sec  47570  
[  5]  45.00-46.00  sec  52.5 MBytes   441 Mbits/sec  46760  
[  5]  46.00-47.00  sec  49.3 MBytes   413 Mbits/sec  43850  
[  5]  47.00-48.00  sec  51.4 MBytes   431 Mbits/sec  45750  
[  5]  48.00-49.00  sec  48.7 MBytes   409 Mbits/sec  43390  
[  5]  49.00-50.00  sec  49.0 MBytes   411 Mbits/sec  43600  
[  5]  50.00-51.00  sec  52.9 MBytes   444 Mbits/sec  47110  
[  5]  51.00-52.00  sec  49.2 MBytes   413 Mbits/sec  43790  
[  5]  52.00-53.00  sec  50.2 MBytes   421 Mbits/sec  44700  
[  5]  53.00-54.00  sec  49.8 MBytes   418 Mbits/sec  44350  
[  5]  54.00-55.00  sec  53.5 MBytes   449 Mbits/sec  47630  
[  5]  55.00-56.00  sec  54.4 MBytes   456 Mbits/sec  48410  
[  5]  56.00-57.00  sec  49.6 MBytes   416 Mbits/sec  44190  
[  5]  57.00-58.00  sec  50.7 MBytes   426 Mbits/sec  45150  
[  5]  58.00-59.00  sec  49.7 MBytes   417 Mbits/sec  44230  
[  5]  59.00-60.00  sec  49.4 MBytes   415 Mbits/sec  44000  
- - - - - - - - - - - - - - - - - - - - - - - - -
[ ID] Interval           Transfer     Bitrate         Jitter    Lost/Total Datagrams
[  5]   0.00-60.00  sec  2.96 GBytes   423 Mbits/sec  0.000 ms  0/2695550 (0%)  sender
[  5]   0.00-60.22  sec  1.89 GBytes   270 Mbits/sec  0.009 ms  991147/2695550 (37%)  receiver

iperf Done.
