Connecting to host 10.136.80.131, port 5201
[  5] local 10.136.173.74 port 38377 connected to 10.136.80.131 port 5201
[ ID] Interval           Transfer     Bitrate         Total Datagrams
[  5]   0.00-1.00   sec  49.6 MBytes   416 Mbits/sec  44170  (omitted)
[  5]   0.00-1.00   sec  74.3 MBytes   623 Mbits/sec  66140  
[  5]   1.00-2.00   sec  74.8 MBytes   627 Mbits/sec  66550  
[  5]   2.00-3.00   sec  76.1 MBytes   639 Mbits/sec  67780  
[  5]   3.00-4.00   sec  78.1 MBytes   655 Mbits/sec  69510  
[  5]   4.00-5.00   sec  76.4 MBytes   641 Mbits/sec  68010  
[  5]   5.00-6.00   sec  77.0 MBytes   646 Mbits/sec  68510  
[  5]   6.00-7.00   sec  77.5 MBytes   650 Mbits/sec  68960  
[  5]   7.00-8.00   sec  76.3 MBytes   640 Mbits/sec  67880  
[  5]   8.00-9.00   sec  72.5 MBytes   608 Mbits/sec  64530  
[  5]   9.00-10.00  sec  75.0 MBytes   629 Mbits/sec  66760  
[  5]  10.00-11.00  sec  76.0 MBytes   637 Mbits/sec  67640  
[  5]  11.00-12.00  sec  77.2 MBytes   648 Mbits/sec  68750  
[  5]  12.00-13.00  sec  75.4 MBytes   633 Mbits/sec  67130  
[  5]  13.00-14.00  sec  59.6 MBytes   500 Mbits/sec  53010  
[  5]  14.00-15.00  sec  62.8 MBytes   527 Mbits/sec  55910  
[  5]  15.00-16.00  sec  72.1 MBytes   605 Mbits/sec  64180  
[  5]  16.00-17.00  sec  77.5 MBytes   650 Mbits/sec  69000  
[  5]  17.00-18.00  sec  74.4 MBytes   624 Mbits/sec  66220  
[  5]  18.00-19.00  sec  67.5 MBytes   566 Mbits/sec  60100  
[  5]  19.00-20.00  sec  68.1 MBytes   571 Mbits/sec  60630  
[  5]  20.00-21.00  sec  74.0 MBytes   621 Mbits/sec  65870  
[  5]  21.00-22.00  sec  73.3 MBytes   615 Mbits/sec  65220  
[  5]  22.00-23.00  sec  75.4 MBytes   632 Mbits/sec  67080  
[  5]  23.00-24.00  sec  71.6 MBytes   600 Mbits/sec  63710  
[  5]  24.00-25.00  sec  76.8 MBytes   644 Mbits/sec  68380  
[  5]  25.00-26.00  sec  77.2 MBytes   647 Mbits/sec  68700  
[  5]  26.00-27.00  sec  76.5 MBytes   641 Mbits/sec  68060  
[  5]  27.00-28.00  sec  76.4 MBytes   641 Mbits/sec  67990  
[  5]  28.00-29.00  sec  75.2 MBytes   631 Mbits/sec  66960  
[  5]  29.00-30.00  sec  73.5 MBytes   616 Mbits/sec  65400  
[  5]  30.00-31.00  sec  72.7 MBytes   610 Mbits/sec  64690  
[  5]  31.00-32.00  sec  76.2 MBytes   639 Mbits/sec  67800  
[  5]  32.00-33.00  sec  74.4 MBytes   624 Mbits/sec  66220  
[  5]  33.00-34.00  sec  72.8 MBytes   611 Mbits/sec  64820  
[  5]  34.00-35.00  sec  72.1 MBytes   605 Mbits/sec  64160  
[  5]  35.00-36.00  sec  72.3 MBytes   606 Mbits/sec  64330  
[  5]  36.00-37.00  sec  72.8 MBytes   610 Mbits/sec  64780  
[  5]  37.00-38.00  sec  72.5 MBytes   609 Mbits/sec  64570  
[  5]  38.00-39.00  sec  74.9 MBytes   628 Mbits/sec  66690  
[  5]  39.00-40.00  sec  71.1 MBytes   596 Mbits/sec  63250  
[  5]  40.00-41.00  sec  75.7 MBytes   635 Mbits/sec  67350  
[  5]  41.00-42.00  sec  75.6 MBytes   634 Mbits/sec  67280  
[  5]  42.00-43.00  sec  74.9 MBytes   628 Mbits/sec  66660  
[  5]  43.00-44.00  sec  76.0 MBytes   637 Mbits/sec  67640  
[  5]  44.00-45.00  sec  75.7 MBytes   635 Mbits/sec  67410  
[  5]  45.00-46.00  sec  76.6 MBytes   642 Mbits/sec  68140  
[  5]  46.00-47.00  sec  76.9 MBytes   645 Mbits/sec  68490  
[  5]  47.00-48.00  sec  75.8 MBytes   636 Mbits/sec  67460  
[  5]  48.00-49.00  sec  76.9 MBytes   645 Mbits/sec  68490  
[  5]  49.00-50.00  sec  75.2 MBytes   631 Mbits/sec  66910  
[  5]  50.00-51.00  sec  77.0 MBytes   646 Mbits/sec  68530  
[  5]  51.00-52.00  sec  75.4 MBytes   633 Mbits/sec  67130  
[  5]  52.00-53.00  sec  76.8 MBytes   644 Mbits/sec  68330  
[  5]  53.00-54.00  sec  73.5 MBytes   617 Mbits/sec  65450  
[  5]  54.00-55.00  sec  76.3 MBytes   640 Mbits/sec  67890  
[  5]  55.00-56.00  sec  77.0 MBytes   646 Mbits/sec  68510  
[  5]  56.00-57.00  sec  77.1 MBytes   647 Mbits/sec  68610  
[  5]  57.00-58.00  sec  76.8 MBytes   644 Mbits/sec  68370  
[  5]  58.00-59.00  sec  74.9 MBytes   629 Mbits/sec  66700  
[  5]  59.00-60.00  sec  75.8 MBytes   636 Mbits/sec  67450  
- - - - - - - - - - - - - - - - - - - - - - - - -
[ ID] Interval           Transfer     Bitrate         Jitter    Lost/Total Datagrams
[  5]   0.00-60.00  sec  4.37 GBytes   625 Mbits/sec  0.000 ms  0/3978680 (0%)  sender
[  5]   0.00-62.28  sec   203 MBytes  27.3 Mbits/sec  0.025 ms  3823931/3960438 (97%)  receiver

iperf Done.
