Connecting to host 10.136.80.142, port 5201
[  5] local 10.136.173.78 port 58245 connected to 10.136.80.142 port 5201
[ ID] Interval           Transfer     Bitrate         Total Datagrams
[  5]   0.00-1.00   sec  65.6 MBytes   551 Mbits/sec  58430  (omitted)
[  5]   0.00-1.00   sec  61.4 MBytes   515 Mbits/sec  54650  
[  5]   1.00-2.00   sec  52.2 MBytes   438 Mbits/sec  46440  
[  5]   2.00-3.00   sec  57.8 MBytes   485 Mbits/sec  51490  
[  5]   3.00-4.00   sec  56.4 MBytes   473 Mbits/sec  50160  
[  5]   4.00-5.00   sec  68.0 MBytes   571 Mbits/sec  60540  
[  5]   5.00-6.00   sec  63.6 MBytes   533 Mbits/sec  56580  
[  5]   6.00-7.00   sec  60.2 MBytes   505 Mbits/sec  53550  
[  5]   7.00-8.00   sec  58.5 MBytes   490 Mbits/sec  52040  
[  5]   8.00-9.00   sec  61.4 MBytes   515 Mbits/sec  54650  
[  5]   9.00-10.00  sec  63.7 MBytes   534 Mbits/sec  56700  
[  5]  10.00-11.00  sec  64.4 MBytes   540 Mbits/sec  57310  
[  5]  11.00-12.00  sec  66.6 MBytes   559 Mbits/sec  59320  
[  5]  12.00-13.00  sec  73.7 MBytes   618 Mbits/sec  65560  
[  5]  13.00-14.00  sec  56.8 MBytes   477 Mbits/sec  50590  
[  5]  14.00-15.00  sec  59.3 MBytes   497 Mbits/sec  52770  
[  5]  15.00-16.00  sec  58.5 MBytes   491 Mbits/sec  52070  
[  5]  16.00-17.00  sec  64.3 MBytes   540 Mbits/sec  57260  
[  5]  17.00-18.00  sec  61.8 MBytes   518 Mbits/sec  55010  
[  5]  18.00-19.00  sec  61.7 MBytes   518 Mbits/sec  54950  
[  5]  19.00-20.00  sec  65.3 MBytes   548 Mbits/sec  58140  
[  5]  20.00-21.00  sec  63.7 MBytes   534 Mbits/sec  56690  
[  5]  21.00-22.00  sec  62.5 MBytes   525 Mbits/sec  55670  
[  5]  22.00-23.00  sec  62.0 MBytes   520 Mbits/sec  55170  
[  5]  23.00-24.00  sec  61.2 MBytes   514 Mbits/sec  54500  
[  5]  24.00-25.00  sec  66.7 MBytes   560 Mbits/sec  59390  
[  5]  25.00-26.00  sec  70.2 MBytes   589 Mbits/sec  62510  
[  5]  26.00-27.00  sec  62.6 MBytes   525 Mbits/sec  55680  
[  5]  27.00-28.00  sec  64.3 MBytes   540 Mbits/sec  57270  
[  5]  28.00-29.00  sec  54.0 MBytes   453 Mbits/sec  48110  
[  5]  29.00-30.00  sec  60.8 MBytes   510 Mbits/sec  54130  
[  5]  30.00-31.00  sec  63.4 MBytes   532 Mbits/sec  56450  
[  5]  31.00-32.00  sec  61.9 MBytes   519 Mbits/sec  55100  
[  5]  32.00-33.00  sec  66.9 MBytes   561 Mbits/sec  59560  
[  5]  33.00-34.00  sec  62.3 MBytes   523 Mbits/sec  55450  
[  5]  34.00-35.00  sec  64.3 MBytes   539 Mbits/sec  57220  
[  5]  35.00-36.00  sec  62.8 MBytes   527 Mbits/sec  55880  
[  5]  36.00-37.00  sec  59.4 MBytes   498 Mbits/sec  52880  
[  5]  37.00-38.00  sec  51.9 MBytes   435 Mbits/sec  46200  
[  5]  38.00-39.00  sec  51.9 MBytes   436 Mbits/sec  46220  
[  5]  39.00-40.00  sec  66.7 MBytes   560 Mbits/sec  59370  
[  5]  40.00-41.00  sec  63.3 MBytes   531 Mbits/sec  56330  
[  5]  41.00-42.00  sec  63.0 MBytes   529 Mbits/sec  56120  
[  5]  42.00-43.00  sec  63.6 MBytes   534 Mbits/sec  56610  
[  5]  43.00-44.00  sec  63.1 MBytes   529 Mbits/sec  56130  
[  5]  44.00-45.00  sec  63.0 MBytes   529 Mbits/sec  56120  
[  5]  45.00-46.00  sec  66.1 MBytes   555 Mbits/sec  58850  
[  5]  46.00-47.00  sec  65.2 MBytes   547 Mbits/sec  58000  
[  5]  47.00-48.00  sec  67.9 MBytes   570 Mbits/sec  60460  
[  5]  48.00-49.00  sec  62.5 MBytes   524 Mbits/sec  55610  
[  5]  49.00-50.00  sec  65.7 MBytes   551 Mbits/sec  58510  
[  5]  50.00-51.00  sec  67.7 MBytes   568 Mbits/sec  60250  
[  5]  51.00-52.00  sec  67.6 MBytes   567 Mbits/sec  60170  
[  5]  52.00-53.00  sec  57.9 MBytes   486 Mbits/sec  51520  
[  5]  53.00-54.00  sec  55.5 MBytes   465 Mbits/sec  49370  
[  5]  54.00-55.00  sec  57.6 MBytes   483 Mbits/sec  51300  
[  5]  55.00-56.00  sec  62.1 MBytes   521 Mbits/sec  55300  
[  5]  56.00-57.00  sec  67.0 MBytes   562 Mbits/sec  59630  
[  5]  57.00-58.00  sec  58.2 MBytes   489 Mbits/sec  51840  
[  5]  58.00-59.00  sec  54.4 MBytes   457 Mbits/sec  48460  
[  5]  59.00-60.00  sec  65.7 MBytes   551 Mbits/sec  58480  
- - - - - - - - - - - - - - - - - - - - - - - - -
[ ID] Interval           Transfer     Bitrate         Jitter    Lost/Total Datagrams
[  5]   0.00-60.00  sec  3.64 GBytes   522 Mbits/sec  0.000 ms  0/3322290 (0%)  sender
[  5]   0.00-60.04  sec  3.39 GBytes   485 Mbits/sec  0.021 ms  240542/3322288 (7.2%)  receiver

iperf Done.
