Connecting to host 10.136.80.181, port 5201
[  5] local 10.136.173.116 port 53216 connected to 10.136.80.181 port 5201
[ ID] Interval           Transfer     Bitrate         Total Datagrams
[  5]   0.00-1.00   sec  55.7 MBytes   467 Mbits/sec  49550  (omitted)
[  5]   0.00-1.00   sec  60.9 MBytes   511 Mbits/sec  54230  
[  5]   1.00-2.00   sec  60.1 MBytes   504 Mbits/sec  53520  
[  5]   2.00-3.00   sec  53.3 MBytes   447 Mbits/sec  47450  
[  5]   3.00-4.00   sec  59.1 MBytes   496 Mbits/sec  52630  
[  5]   4.00-5.00   sec  53.5 MBytes   448 Mbits/sec  47580  
[  5]   5.00-6.00   sec  58.3 MBytes   489 Mbits/sec  51900  
[  5]   6.00-7.00   sec  51.8 MBytes   435 Mbits/sec  46120  
[  5]   7.00-8.00   sec  52.1 MBytes   437 Mbits/sec  46400  
[  5]   8.00-9.00   sec  60.1 MBytes   504 Mbits/sec  53460  
[  5]   9.00-10.00  sec  57.6 MBytes   483 Mbits/sec  51290  
[  5]  10.00-11.00  sec  56.9 MBytes   477 Mbits/sec  50650  
[  5]  11.00-12.00  sec  56.3 MBytes   472 Mbits/sec  50080  
[  5]  12.00-13.00  sec  44.8 MBytes   376 Mbits/sec  39850  
[  5]  13.00-14.00  sec  50.7 MBytes   426 Mbits/sec  45160  
[  5]  14.00-15.00  sec  54.4 MBytes   456 Mbits/sec  48440  
[  5]  15.00-16.00  sec  51.1 MBytes   429 Mbits/sec  45500  
[  5]  16.00-17.00  sec  53.9 MBytes   452 Mbits/sec  48010  
[  5]  17.00-18.00  sec  56.2 MBytes   471 Mbits/sec  50000  
[  5]  18.00-19.00  sec  54.3 MBytes   456 Mbits/sec  48340  
[  5]  19.00-20.00  sec  56.7 MBytes   476 Mbits/sec  50480  
[  5]  20.00-21.00  sec  60.3 MBytes   506 Mbits/sec  53680  
[  5]  21.00-22.00  sec  50.2 MBytes   421 Mbits/sec  44660  
[  5]  22.00-23.00  sec  52.3 MBytes   439 Mbits/sec  46570  
[  5]  23.00-24.00  sec  56.7 MBytes   476 Mbits/sec  50500  
[  5]  24.00-25.00  sec  59.5 MBytes   499 Mbits/sec  52980  
[  5]  25.00-26.00  sec  62.9 MBytes   527 Mbits/sec  55960  
[  5]  26.00-27.00  sec  55.7 MBytes   467 Mbits/sec  49590  
[  5]  27.00-28.00  sec  61.4 MBytes   515 Mbits/sec  54640  
[  5]  28.00-29.00  sec  47.6 MBytes   399 Mbits/sec  42350  
[  5]  29.00-30.00  sec  51.6 MBytes   433 Mbits/sec  45900  
[  5]  30.00-31.00  sec  56.1 MBytes   471 Mbits/sec  49980  
[  5]  31.00-32.00  sec  54.1 MBytes   453 Mbits/sec  48120  
[  5]  32.00-33.00  sec  57.9 MBytes   485 Mbits/sec  51510  
[  5]  33.00-34.00  sec  58.8 MBytes   493 Mbits/sec  52350  
[  5]  34.00-35.00  sec  54.2 MBytes   455 Mbits/sec  48260  
[  5]  35.00-36.00  sec  59.8 MBytes   502 Mbits/sec  53230  
[  5]  36.00-37.00  sec  62.7 MBytes   526 Mbits/sec  55830  
[  5]  37.00-38.00  sec  53.3 MBytes   447 Mbits/sec  47440  
[  5]  38.00-39.00  sec  58.7 MBytes   492 Mbits/sec  52240  
[  5]  39.00-40.00  sec  55.2 MBytes   463 Mbits/sec  49120  
[  5]  40.00-41.00  sec  63.5 MBytes   533 Mbits/sec  56560  
[  5]  41.00-42.00  sec  58.5 MBytes   491 Mbits/sec  52090  
[  5]  42.00-43.00  sec  50.7 MBytes   425 Mbits/sec  45120  
[  5]  43.00-44.00  sec  62.6 MBytes   525 Mbits/sec  55680  
[  5]  44.00-45.00  sec  54.8 MBytes   460 Mbits/sec  48790  
[  5]  45.00-46.00  sec  58.2 MBytes   489 Mbits/sec  51840  
[  5]  46.00-47.00  sec  59.3 MBytes   497 Mbits/sec  52780  
[  5]  47.00-48.00  sec  57.7 MBytes   484 Mbits/sec  51350  
[  5]  48.00-49.00  sec  57.0 MBytes   478 Mbits/sec  50700  
[  5]  49.00-50.00  sec  51.7 MBytes   434 Mbits/sec  46050  
[  5]  50.00-51.00  sec  54.8 MBytes   460 Mbits/sec  48820  
[  5]  51.00-52.00  sec  61.8 MBytes   519 Mbits/sec  55020  
[  5]  52.00-53.00  sec  55.5 MBytes   465 Mbits/sec  49370  
[  5]  53.00-54.00  sec  42.9 MBytes   360 Mbits/sec  38190  
[  5]  54.00-55.00  sec  54.3 MBytes   456 Mbits/sec  48370  
[  5]  55.00-56.00  sec  58.2 MBytes   488 Mbits/sec  51770  
[  5]  56.00-57.00  sec  57.1 MBytes   479 Mbits/sec  50860  
[  5]  57.00-58.00  sec  52.7 MBytes   442 Mbits/sec  46880  
[  5]  58.00-59.00  sec  51.6 MBytes   433 Mbits/sec  45940  
[  5]  59.00-60.00  sec  58.4 MBytes   490 Mbits/sec  52020  
- - - - - - - - - - - - - - - - - - - - - - - - -
[ ID] Interval           Transfer     Bitrate         Jitter    Lost/Total Datagrams
[  5]   0.00-60.00  sec  3.27 GBytes   469 Mbits/sec  0.000 ms  0/2984200 (0%)  sender
[  5]   0.00-60.05  sec  2.03 GBytes   291 Mbits/sec  0.021 ms  1150389/2984200 (39%)  receiver

iperf Done.
