Connecting to host 10.136.80.161, port 5201
[  5] local 10.136.173.96 port 58220 connected to 10.136.80.161 port 5201
[ ID] Interval           Transfer     Bitrate         Total Datagrams
[  5]   0.00-1.00   sec  54.8 MBytes   460 Mbits/sec  48810  (omitted)
[  5]   0.00-1.00   sec  53.3 MBytes   447 Mbits/sec  47430  
[  5]   1.00-2.00   sec  54.3 MBytes   456 Mbits/sec  48340  
[  5]   2.00-3.00   sec  51.2 MBytes   429 Mbits/sec  45540  
[  5]   3.00-4.00   sec  57.1 MBytes   479 Mbits/sec  50790  
[  5]   4.00-5.00   sec  54.0 MBytes   453 Mbits/sec  48090  
[  5]   5.00-6.00   sec  52.6 MBytes   441 Mbits/sec  46780  
[  5]   6.00-7.00   sec  53.1 MBytes   445 Mbits/sec  47240  
[  5]   7.00-8.00   sec  52.6 MBytes   441 Mbits/sec  46850  
[  5]   8.00-9.00   sec  51.7 MBytes   434 Mbits/sec  46050  
[  5]   9.00-10.00  sec  53.5 MBytes   449 Mbits/sec  47640  
[  5]  10.00-11.00  sec  53.4 MBytes   448 Mbits/sec  47540  
[  5]  11.00-12.00  sec  50.4 MBytes   422 Mbits/sec  44820  
[  5]  12.00-13.00  sec  54.4 MBytes   456 Mbits/sec  48380  
[  5]  13.00-14.00  sec  52.8 MBytes   443 Mbits/sec  47000  
[  5]  14.00-15.00  sec  54.7 MBytes   458 Mbits/sec  48650  
[  5]  15.00-16.00  sec  50.3 MBytes   422 Mbits/sec  44730  
[  5]  16.00-17.00  sec  53.6 MBytes   449 Mbits/sec  47680  
[  5]  17.00-18.00  sec  54.1 MBytes   454 Mbits/sec  48190  
[  5]  18.00-19.00  sec  54.5 MBytes   457 Mbits/sec  48520  
[  5]  19.00-20.00  sec  50.8 MBytes   426 Mbits/sec  45200  
[  5]  20.00-21.00  sec  52.7 MBytes   442 Mbits/sec  46900  
[  5]  21.00-22.00  sec  58.0 MBytes   487 Mbits/sec  51660  
[  5]  22.00-23.00  sec  55.6 MBytes   467 Mbits/sec  49520  
[  5]  23.00-24.00  sec  53.0 MBytes   445 Mbits/sec  47210  
[  5]  24.00-25.00  sec  52.3 MBytes   438 Mbits/sec  46520  
[  5]  25.00-26.00  sec  52.3 MBytes   439 Mbits/sec  46550  
[  5]  26.00-27.00  sec  51.6 MBytes   433 Mbits/sec  45940  
[  5]  27.00-28.00  sec  54.0 MBytes   453 Mbits/sec  48090  
[  5]  28.00-29.00  sec  54.0 MBytes   453 Mbits/sec  48030  
[  5]  29.00-30.00  sec  51.1 MBytes   428 Mbits/sec  45450  
[  5]  30.00-31.00  sec  53.4 MBytes   448 Mbits/sec  47520  
[  5]  31.00-32.00  sec  53.7 MBytes   451 Mbits/sec  47810  
[  5]  32.00-33.00  sec  52.7 MBytes   442 Mbits/sec  46910  
[  5]  33.00-34.00  sec  54.7 MBytes   458 Mbits/sec  48650  
[  5]  34.00-35.00  sec  55.6 MBytes   466 Mbits/sec  49480  
[  5]  35.00-36.00  sec  51.4 MBytes   431 Mbits/sec  45720  
[  5]  36.00-37.00  sec  51.8 MBytes   435 Mbits/sec  46100  
[  5]  37.00-38.00  sec  53.9 MBytes   452 Mbits/sec  47960  
[  5]  38.00-39.00  sec  53.0 MBytes   445 Mbits/sec  47170  
[  5]  39.00-40.00  sec  52.7 MBytes   442 Mbits/sec  46890  
[  5]  40.00-41.00  sec  54.7 MBytes   459 Mbits/sec  48690  
[  5]  41.00-42.00  sec  52.7 MBytes   442 Mbits/sec  46890  
[  5]  42.00-43.00  sec  51.9 MBytes   435 Mbits/sec  46210  
[  5]  43.00-44.00  sec  54.4 MBytes   456 Mbits/sec  48410  
[  5]  44.00-45.00  sec  53.6 MBytes   450 Mbits/sec  47740  
[  5]  45.00-46.00  sec  51.4 MBytes   431 Mbits/sec  45770  
[  5]  46.00-47.00  sec  51.5 MBytes   432 Mbits/sec  45810  
[  5]  47.00-48.00  sec  52.6 MBytes   441 Mbits/sec  46820  
[  5]  48.00-49.00  sec  53.1 MBytes   445 Mbits/sec  47260  
[  5]  49.00-50.00  sec  52.4 MBytes   439 Mbits/sec  46610  
[  5]  50.00-51.00  sec  51.3 MBytes   430 Mbits/sec  45630  
[  5]  51.00-52.00  sec  54.5 MBytes   457 Mbits/sec  48510  
[  5]  52.00-53.00  sec  51.5 MBytes   432 Mbits/sec  45870  
[  5]  53.00-54.00  sec  54.6 MBytes   458 Mbits/sec  48580  
[  5]  54.00-55.00  sec  51.9 MBytes   435 Mbits/sec  46200  
[  5]  55.00-56.00  sec  52.5 MBytes   440 Mbits/sec  46690  
[  5]  56.00-57.00  sec  51.4 MBytes   431 Mbits/sec  45710  
[  5]  57.00-58.00  sec  52.8 MBytes   443 Mbits/sec  46980  
[  5]  58.00-59.00  sec  51.9 MBytes   435 Mbits/sec  46170  
[  5]  59.00-60.00  sec  53.7 MBytes   451 Mbits/sec  47810  
- - - - - - - - - - - - - - - - - - - - - - - - -
[ ID] Interval           Transfer     Bitrate         Jitter    Lost/Total Datagrams
[  5]   0.00-60.00  sec  3.11 GBytes   445 Mbits/sec  0.000 ms  0/2833900 (0%)  sender
[  5]   0.00-60.23  sec  1.87 GBytes   267 Mbits/sec  0.043 ms  1151300/2833900 (41%)  receiver

iperf Done.
