Connecting to host knb-server-290517, port 5201
[  5] local 10.136.173.92 port 36804 connected to 10.43.32.31 port 5201
[ ID] Interval           Transfer     Bitrate         Total Datagrams
[  5]   0.00-1.00   sec  51.4 MBytes   431 Mbits/sec  45740  (omitted)
[  5]   0.00-1.00   sec  54.0 MBytes   453 Mbits/sec  48070  
[  5]   1.00-2.00   sec  56.2 MBytes   471 Mbits/sec  49990  
[  5]   2.00-3.00   sec  50.8 MBytes   426 Mbits/sec  45240  
[  5]   3.00-4.00   sec  53.0 MBytes   445 Mbits/sec  47200  
[  5]   4.00-5.00   sec  53.6 MBytes   450 Mbits/sec  47740  
[  5]   5.00-6.00   sec  51.3 MBytes   431 Mbits/sec  45700  
[  5]   6.00-7.00   sec  50.3 MBytes   422 Mbits/sec  44760  
[  5]   7.00-8.00   sec  51.2 MBytes   430 Mbits/sec  45600  
[  5]   8.00-9.00   sec  52.1 MBytes   437 Mbits/sec  46340  
[  5]   9.00-10.00  sec  52.2 MBytes   438 Mbits/sec  46480  
[  5]  10.00-11.00  sec  53.9 MBytes   452 Mbits/sec  48000  
[  5]  11.00-12.00  sec  54.2 MBytes   455 Mbits/sec  48250  
[  5]  12.00-13.00  sec  53.0 MBytes   445 Mbits/sec  47200  
[  5]  13.00-14.00  sec  51.4 MBytes   431 Mbits/sec  45720  
[  5]  14.00-15.00  sec  51.2 MBytes   429 Mbits/sec  45560  
[  5]  15.00-16.00  sec  53.4 MBytes   448 Mbits/sec  47570  
[  5]  16.00-17.00  sec  53.8 MBytes   451 Mbits/sec  47860  
[  5]  17.00-18.00  sec  53.5 MBytes   449 Mbits/sec  47630  
[  5]  18.00-19.00  sec  54.7 MBytes   459 Mbits/sec  48680  
[  5]  19.00-20.00  sec  51.3 MBytes   430 Mbits/sec  45660  
[  5]  20.00-21.00  sec  53.6 MBytes   450 Mbits/sec  47750  
[  5]  21.00-22.00  sec  51.1 MBytes   429 Mbits/sec  45490  
[  5]  22.00-23.00  sec  54.5 MBytes   457 Mbits/sec  48470  
[  5]  23.00-24.00  sec  54.8 MBytes   460 Mbits/sec  48770  
[  5]  24.00-25.00  sec  51.0 MBytes   428 Mbits/sec  45360  
[  5]  25.00-26.00  sec  51.1 MBytes   428 Mbits/sec  45460  
[  5]  26.00-27.00  sec  51.1 MBytes   429 Mbits/sec  45510  
[  5]  27.00-28.00  sec  51.3 MBytes   431 Mbits/sec  45690  
[  5]  28.00-29.00  sec  50.0 MBytes   419 Mbits/sec  44500  
[  5]  29.00-30.00  sec  53.0 MBytes   445 Mbits/sec  47170  
[  5]  30.00-31.00  sec  49.6 MBytes   416 Mbits/sec  44150  
[  5]  31.00-32.00  sec  51.2 MBytes   430 Mbits/sec  45590  
[  5]  32.00-33.00  sec  50.6 MBytes   424 Mbits/sec  45020  
[  5]  33.00-34.00  sec  51.6 MBytes   433 Mbits/sec  45970  
[  5]  34.00-35.00  sec  52.6 MBytes   441 Mbits/sec  46820  
[  5]  35.00-36.00  sec  54.2 MBytes   455 Mbits/sec  48280  
[  5]  36.00-37.00  sec  53.6 MBytes   450 Mbits/sec  47700  
[  5]  37.00-38.00  sec  53.3 MBytes   447 Mbits/sec  47460  
[  5]  38.00-39.00  sec  50.4 MBytes   423 Mbits/sec  44880  
[  5]  39.00-40.00  sec  50.6 MBytes   424 Mbits/sec  45030  
[  5]  40.00-41.00  sec  51.0 MBytes   428 Mbits/sec  45410  
[  5]  41.00-42.00  sec  51.0 MBytes   428 Mbits/sec  45440  
[  5]  42.00-43.00  sec  52.0 MBytes   437 Mbits/sec  46320  
[  5]  43.00-44.00  sec  52.5 MBytes   441 Mbits/sec  46750  
[  5]  44.00-45.00  sec  52.2 MBytes   438 Mbits/sec  46460  
[  5]  45.00-46.00  sec  52.9 MBytes   444 Mbits/sec  47110  
[  5]  46.00-47.00  sec  50.6 MBytes   424 Mbits/sec  45010  
[  5]  47.00-48.00  sec  53.0 MBytes   445 Mbits/sec  47210  
[  5]  48.00-49.00  sec  53.4 MBytes   448 Mbits/sec  47570  
[  5]  49.00-50.00  sec  50.6 MBytes   425 Mbits/sec  45070  
[  5]  50.00-51.00  sec  54.4 MBytes   456 Mbits/sec  48390  
[  5]  51.00-52.00  sec  42.6 MBytes   358 Mbits/sec  37960  
[  5]  52.00-53.00  sec  53.9 MBytes   452 Mbits/sec  47990  
[  5]  53.00-54.00  sec  51.4 MBytes   431 Mbits/sec  45790  
[  5]  54.00-55.00  sec  51.6 MBytes   433 Mbits/sec  45910  
[  5]  55.00-56.00  sec  50.2 MBytes   421 Mbits/sec  44660  
[  5]  56.00-57.00  sec  51.6 MBytes   433 Mbits/sec  45940  
[  5]  57.00-58.00  sec  52.3 MBytes   439 Mbits/sec  46580  
[  5]  58.00-59.00  sec  52.3 MBytes   438 Mbits/sec  46510  
[  5]  59.00-60.00  sec  50.8 MBytes   427 Mbits/sec  45250  
- - - - - - - - - - - - - - - - - - - - - - - - -
[ ID] Interval           Transfer     Bitrate         Jitter    Lost/Total Datagrams
[  5]   0.00-60.00  sec  3.05 GBytes   437 Mbits/sec  0.000 ms  0/2781650 (0%)  sender
[  5]   0.00-60.20  sec  1.88 GBytes   269 Mbits/sec  0.007 ms  1083478/2781650 (39%)  receiver

iperf Done.
