Connecting to host knb-server-237494, port 5201
[  5] local 10.136.173.115 port 34281 connected to 10.43.119.101 port 5201
[ ID] Interval           Transfer     Bitrate         Total Datagrams
[  5]   0.00-1.00   sec  82.8 MBytes   694 Mbits/sec  73670  (omitted)
[  5]   0.00-1.00   sec  79.6 MBytes   668 Mbits/sec  70890  
[  5]   1.00-2.00   sec  79.1 MBytes   664 Mbits/sec  70410  
[  5]   2.00-3.00   sec  79.0 MBytes   662 Mbits/sec  70280  
[  5]   3.00-4.00   sec  80.0 MBytes   671 Mbits/sec  71190  
[  5]   4.00-5.00   sec  81.1 MBytes   680 Mbits/sec  72160  
[  5]   5.00-6.00   sec  79.7 MBytes   668 Mbits/sec  70920  
[  5]   6.00-7.00   sec  79.9 MBytes   670 Mbits/sec  71100  
[  5]   7.00-8.00   sec  79.2 MBytes   665 Mbits/sec  70520  
[  5]   8.00-9.00   sec  79.2 MBytes   664 Mbits/sec  70470  
[  5]   9.00-10.00  sec  78.8 MBytes   661 Mbits/sec  70150  
[  5]  10.00-11.00  sec  79.7 MBytes   668 Mbits/sec  70920  
[  5]  11.00-12.00  sec  78.8 MBytes   661 Mbits/sec  70100  
[  5]  12.00-13.00  sec  79.1 MBytes   663 Mbits/sec  70400  
[  5]  13.00-14.00  sec  78.8 MBytes   661 Mbits/sec  70100  
[  5]  14.00-15.00  sec  79.1 MBytes   664 Mbits/sec  70440  
[  5]  15.00-16.00  sec  78.9 MBytes   661 Mbits/sec  70190  
[  5]  16.00-17.00  sec  80.4 MBytes   674 Mbits/sec  71540  
[  5]  17.00-18.00  sec  79.5 MBytes   667 Mbits/sec  70750  
[  5]  18.00-19.00  sec  73.8 MBytes   619 Mbits/sec  65710  
[  5]  19.00-20.00  sec  63.5 MBytes   533 Mbits/sec  56500  
[  5]  20.00-21.00  sec  60.6 MBytes   508 Mbits/sec  53900  
[  5]  21.00-22.00  sec  61.1 MBytes   513 Mbits/sec  54420  
[  5]  22.00-23.00  sec  66.1 MBytes   555 Mbits/sec  58850  
[  5]  23.00-24.00  sec  65.9 MBytes   553 Mbits/sec  58660  
[  5]  24.00-25.00  sec  62.7 MBytes   526 Mbits/sec  55840  
[  5]  25.00-26.00  sec  64.8 MBytes   543 Mbits/sec  57660  
[  5]  26.00-27.00  sec  61.6 MBytes   517 Mbits/sec  54800  
[  5]  27.00-28.00  sec  60.4 MBytes   507 Mbits/sec  53770  
[  5]  28.00-29.00  sec  65.9 MBytes   553 Mbits/sec  58650  
[  5]  29.00-30.00  sec  60.7 MBytes   509 Mbits/sec  54000  
[  5]  30.00-31.00  sec  66.0 MBytes   554 Mbits/sec  58740  
[  5]  31.00-32.00  sec  64.9 MBytes   545 Mbits/sec  57790  
[  5]  32.00-33.00  sec  66.6 MBytes   558 Mbits/sec  59260  
[  5]  33.00-34.00  sec  78.7 MBytes   661 Mbits/sec  70080  
[  5]  34.00-35.00  sec  81.9 MBytes   687 Mbits/sec  72890  
[  5]  35.00-36.00  sec  79.6 MBytes   667 Mbits/sec  70820  
[  5]  36.00-37.00  sec  79.4 MBytes   666 Mbits/sec  70690  
[  5]  37.00-38.00  sec  80.8 MBytes   678 Mbits/sec  71910  
[  5]  38.00-39.00  sec  79.3 MBytes   665 Mbits/sec  70550  
[  5]  39.00-40.00  sec  79.6 MBytes   668 Mbits/sec  70830  
[  5]  40.00-41.00  sec  79.4 MBytes   666 Mbits/sec  70700  
[  5]  41.00-42.00  sec  79.4 MBytes   666 Mbits/sec  70650  
[  5]  42.00-43.00  sec  80.0 MBytes   671 Mbits/sec  71180  
[  5]  43.00-44.00  sec  79.7 MBytes   669 Mbits/sec  70950  
[  5]  44.00-45.00  sec  79.9 MBytes   670 Mbits/sec  71110  
[  5]  45.00-46.00  sec  79.9 MBytes   671 Mbits/sec  71160  
[  5]  46.00-47.00  sec  80.7 MBytes   677 Mbits/sec  71810  
[  5]  47.00-48.00  sec  80.1 MBytes   672 Mbits/sec  71340  
[  5]  48.00-49.00  sec  80.1 MBytes   672 Mbits/sec  71290  
[  5]  49.00-50.00  sec  80.4 MBytes   675 Mbits/sec  71590  
[  5]  50.00-51.00  sec  80.6 MBytes   676 Mbits/sec  71780  
[  5]  51.00-52.00  sec  80.2 MBytes   673 Mbits/sec  71390  
[  5]  52.00-53.00  sec  80.8 MBytes   678 Mbits/sec  71960  
[  5]  53.00-54.00  sec  80.8 MBytes   678 Mbits/sec  71910  
[  5]  54.00-55.00  sec  80.3 MBytes   674 Mbits/sec  71520  
[  5]  55.00-56.00  sec  79.7 MBytes   668 Mbits/sec  70900  
[  5]  56.00-57.00  sec  80.3 MBytes   673 Mbits/sec  71470  
[  5]  57.00-58.00  sec  80.4 MBytes   674 Mbits/sec  71560  
[  5]  58.00-59.00  sec  79.7 MBytes   668 Mbits/sec  70910  
[  5]  59.00-60.00  sec  80.1 MBytes   672 Mbits/sec  71260  
- - - - - - - - - - - - - - - - - - - - - - - - -
[ ID] Interval           Transfer     Bitrate         Jitter    Lost/Total Datagrams
[  5]   0.00-60.00  sec  4.45 GBytes   637 Mbits/sec  0.000 ms  0/4055290 (0%)  sender
[  5]   0.00-60.04  sec  4.45 GBytes   637 Mbits/sec  0.010 ms  1333/4055290 (0.033%)  receiver

iperf Done.
