Connecting to host 10.136.80.148, port 5201
[  5] local 10.136.173.113 port 40416 connected to 10.136.80.148 port 5201
[ ID] Interval           Transfer     Bitrate         Total Datagrams
[  5]   0.00-1.00   sec  82.5 MBytes   692 Mbits/sec  73420  (omitted)
[  5]   0.00-1.00   sec  83.0 MBytes   696 Mbits/sec  73900  
[  5]   1.00-2.00   sec  82.0 MBytes   688 Mbits/sec  73010  
[  5]   2.00-3.00   sec  82.4 MBytes   691 Mbits/sec  73320  
[  5]   3.00-4.00   sec  82.9 MBytes   695 Mbits/sec  73780  
[  5]   4.00-5.00   sec  82.7 MBytes   694 Mbits/sec  73610  
[  5]   5.00-6.00   sec  83.2 MBytes   698 Mbits/sec  74100  
[  5]   6.00-7.00   sec  83.2 MBytes   698 Mbits/sec  74070  
[  5]   7.00-8.00   sec  83.0 MBytes   696 Mbits/sec  73840  
[  5]   8.00-9.00   sec  82.3 MBytes   691 Mbits/sec  73300  
[  5]   9.00-10.00  sec  71.9 MBytes   603 Mbits/sec  64010  
[  5]  10.00-11.00  sec  68.0 MBytes   571 Mbits/sec  60540  
[  5]  11.00-12.00  sec  66.8 MBytes   560 Mbits/sec  59470  
[  5]  12.00-13.00  sec  66.0 MBytes   554 Mbits/sec  58750  
[  5]  13.00-14.00  sec  66.3 MBytes   556 Mbits/sec  59050  
[  5]  14.00-15.00  sec  65.6 MBytes   550 Mbits/sec  58360  
[  5]  15.00-16.00  sec  79.6 MBytes   667 Mbits/sec  70820  
[  5]  16.00-17.00  sec  82.1 MBytes   689 Mbits/sec  73120  
[  5]  17.00-18.00  sec  81.3 MBytes   682 Mbits/sec  72390  
[  5]  18.00-19.00  sec  81.0 MBytes   680 Mbits/sec  72140  
[  5]  19.00-20.00  sec  81.1 MBytes   680 Mbits/sec  72180  
[  5]  20.00-21.00  sec  82.3 MBytes   690 Mbits/sec  73260  
[  5]  21.00-22.00  sec  82.0 MBytes   688 Mbits/sec  72970  
[  5]  22.00-23.00  sec  73.0 MBytes   613 Mbits/sec  65000  
[  5]  23.00-24.00  sec  67.9 MBytes   570 Mbits/sec  60470  
[  5]  24.00-25.00  sec  67.3 MBytes   565 Mbits/sec  59940  
[  5]  25.00-26.00  sec  70.8 MBytes   594 Mbits/sec  63010  
[  5]  26.00-27.00  sec  82.6 MBytes   693 Mbits/sec  73500  
[  5]  27.00-28.00  sec  82.6 MBytes   693 Mbits/sec  73540  
[  5]  28.00-29.00  sec  83.1 MBytes   697 Mbits/sec  73980  
[  5]  29.00-30.00  sec  83.0 MBytes   696 Mbits/sec  73840  
[  5]  30.00-31.00  sec  82.7 MBytes   694 Mbits/sec  73600  
[  5]  31.00-32.00  sec  81.1 MBytes   680 Mbits/sec  72160  
[  5]  32.00-33.00  sec  82.4 MBytes   691 Mbits/sec  73350  
[  5]  33.00-34.00  sec  82.7 MBytes   694 Mbits/sec  73650  
[  5]  34.00-35.00  sec  81.8 MBytes   686 Mbits/sec  72790  
[  5]  35.00-36.00  sec  82.0 MBytes   688 Mbits/sec  72970  
[  5]  36.00-37.00  sec  81.9 MBytes   687 Mbits/sec  72940  
[  5]  37.00-38.00  sec  82.5 MBytes   692 Mbits/sec  73400  
[  5]  38.00-39.00  sec  81.8 MBytes   686 Mbits/sec  72810  
[  5]  39.00-40.00  sec  82.4 MBytes   691 Mbits/sec  73350  
[  5]  40.00-41.00  sec  82.6 MBytes   693 Mbits/sec  73550  
[  5]  41.00-42.00  sec  82.1 MBytes   689 Mbits/sec  73110  
[  5]  42.00-43.00  sec  82.4 MBytes   691 Mbits/sec  73310  
[  5]  43.00-44.00  sec  82.4 MBytes   692 Mbits/sec  73380  
[  5]  44.00-45.00  sec  82.6 MBytes   693 Mbits/sec  73500  
[  5]  45.00-46.00  sec  82.4 MBytes   691 Mbits/sec  73360  
[  5]  46.00-47.00  sec  82.4 MBytes   691 Mbits/sec  73310  
[  5]  47.00-48.00  sec  83.2 MBytes   698 Mbits/sec  74060  
[  5]  48.00-49.00  sec  82.5 MBytes   692 Mbits/sec  73410  
[  5]  49.00-50.00  sec  82.7 MBytes   694 Mbits/sec  73610  
[  5]  50.00-51.00  sec  83.1 MBytes   697 Mbits/sec  73990  
[  5]  51.00-52.00  sec  82.2 MBytes   690 Mbits/sec  73170  
[  5]  52.00-53.00  sec  81.0 MBytes   679 Mbits/sec  72060  
[  5]  53.00-54.00  sec  81.3 MBytes   682 Mbits/sec  72350  
[  5]  54.00-55.00  sec  80.5 MBytes   676 Mbits/sec  71700  
[  5]  55.00-56.00  sec  80.6 MBytes   676 Mbits/sec  71710  
[  5]  56.00-57.00  sec  80.8 MBytes   678 Mbits/sec  71930  
[  5]  57.00-58.00  sec  80.7 MBytes   677 Mbits/sec  71870  
[  5]  58.00-59.00  sec  81.7 MBytes   686 Mbits/sec  72750  
[  5]  59.00-60.00  sec  82.1 MBytes   689 Mbits/sec  73080  
- - - - - - - - - - - - - - - - - - - - - - - - -
[ ID] Interval           Transfer     Bitrate         Jitter    Lost/Total Datagrams
[  5]   0.00-60.00  sec  4.68 GBytes   670 Mbits/sec  0.000 ms  0/4263500 (0%)  sender
[  5]   0.00-60.04  sec  4.68 GBytes   670 Mbits/sec  0.013 ms  503/4263499 (0.012%)  receiver

iperf Done.
