Connecting to host knb-server-30234, port 5201
[  5] local 10.136.173.73 port 32809 connected to 10.43.25.69 port 5201
[ ID] Interval           Transfer     Bitrate         Total Datagrams
[  5]   0.00-1.00   sec  71.4 MBytes   599 Mbits/sec  63550  (omitted)
[  5]   0.00-1.00   sec  62.5 MBytes   524 Mbits/sec  55600  
[  5]   1.00-2.00   sec  63.8 MBytes   536 Mbits/sec  56820  
[  5]   2.00-3.00   sec  70.5 MBytes   591 Mbits/sec  62710  
[  5]   3.00-4.00   sec  70.9 MBytes   594 Mbits/sec  63080  
[  5]   4.00-5.00   sec  75.1 MBytes   630 Mbits/sec  66840  
[  5]   5.00-6.00   sec  71.5 MBytes   600 Mbits/sec  63610  
[  5]   6.00-7.00   sec  67.8 MBytes   569 Mbits/sec  60380  
[  5]   7.00-8.00   sec  74.3 MBytes   623 Mbits/sec  66140  
[  5]   8.00-9.00   sec  57.6 MBytes   484 Mbits/sec  51310  
[  5]   9.00-10.00  sec  56.9 MBytes   477 Mbits/sec  50660  
[  5]  10.00-11.00  sec  54.2 MBytes   455 Mbits/sec  48280  
[  5]  11.00-12.00  sec  69.1 MBytes   580 Mbits/sec  61530  
[  5]  12.00-13.00  sec  74.4 MBytes   624 Mbits/sec  66210  
[  5]  13.00-14.00  sec  73.8 MBytes   619 Mbits/sec  65690  
[  5]  14.00-15.00  sec  71.3 MBytes   598 Mbits/sec  63440  
[  5]  15.00-16.00  sec  74.1 MBytes   622 Mbits/sec  66000  
[  5]  16.00-17.00  sec  75.0 MBytes   629 Mbits/sec  66730  
[  5]  17.00-18.00  sec  74.0 MBytes   620 Mbits/sec  65830  
[  5]  18.00-19.00  sec  74.4 MBytes   624 Mbits/sec  66220  
[  5]  19.00-20.00  sec  74.3 MBytes   623 Mbits/sec  66160  
[  5]  20.00-21.00  sec  77.2 MBytes   647 Mbits/sec  68700  
[  5]  21.00-22.00  sec  74.6 MBytes   625 Mbits/sec  66370  
[  5]  22.00-23.00  sec  73.6 MBytes   617 Mbits/sec  65490  
[  5]  23.00-24.00  sec  73.0 MBytes   612 Mbits/sec  64960  
[  5]  24.00-25.00  sec  72.9 MBytes   612 Mbits/sec  64890  
[  5]  25.00-26.00  sec  72.8 MBytes   610 Mbits/sec  64760  
[  5]  26.00-27.00  sec  72.6 MBytes   609 Mbits/sec  64650  
[  5]  27.00-28.00  sec  72.0 MBytes   604 Mbits/sec  64080  
[  5]  28.00-29.00  sec  74.2 MBytes   622 Mbits/sec  66020  
[  5]  29.00-30.00  sec  74.9 MBytes   628 Mbits/sec  66630  
[  5]  30.00-31.00  sec  74.3 MBytes   623 Mbits/sec  66130  
[  5]  31.00-32.00  sec  76.6 MBytes   642 Mbits/sec  68140  
[  5]  32.00-33.00  sec  75.0 MBytes   629 Mbits/sec  66760  
[  5]  33.00-34.00  sec  72.5 MBytes   608 Mbits/sec  64560  
[  5]  34.00-35.00  sec  74.0 MBytes   620 Mbits/sec  65840  
[  5]  35.00-36.00  sec  73.2 MBytes   615 Mbits/sec  65200  
[  5]  36.00-37.00  sec  76.3 MBytes   640 Mbits/sec  67920  
[  5]  37.00-38.00  sec  74.9 MBytes   628 Mbits/sec  66690  
[  5]  38.00-39.00  sec  70.1 MBytes   588 Mbits/sec  62410  
[  5]  39.00-40.00  sec  65.9 MBytes   553 Mbits/sec  58640  
[  5]  40.00-41.00  sec  73.6 MBytes   618 Mbits/sec  65530  
[  5]  41.00-42.00  sec  73.2 MBytes   614 Mbits/sec  65130  
[  5]  42.00-43.00  sec  74.9 MBytes   628 Mbits/sec  66640  
[  5]  43.00-44.00  sec  73.9 MBytes   620 Mbits/sec  65780  
[  5]  44.00-45.00  sec  72.1 MBytes   605 Mbits/sec  64220  
[  5]  45.00-46.00  sec  65.4 MBytes   549 Mbits/sec  58230  
[  5]  46.00-47.00  sec  73.4 MBytes   616 Mbits/sec  65370  
[  5]  47.00-48.00  sec  73.3 MBytes   615 Mbits/sec  65280  
[  5]  48.00-49.00  sec  74.6 MBytes   625 Mbits/sec  66360  
[  5]  49.00-50.00  sec  73.7 MBytes   619 Mbits/sec  65640  
[  5]  50.00-51.00  sec  73.6 MBytes   617 Mbits/sec  65490  
[  5]  51.00-52.00  sec  73.4 MBytes   616 Mbits/sec  65350  
[  5]  52.00-53.00  sec  74.7 MBytes   627 Mbits/sec  66480  
[  5]  53.00-54.00  sec  73.9 MBytes   620 Mbits/sec  65800  
[  5]  54.00-55.00  sec  74.1 MBytes   622 Mbits/sec  65980  
[  5]  55.00-56.00  sec  75.1 MBytes   630 Mbits/sec  66850  
[  5]  56.00-57.00  sec  75.5 MBytes   633 Mbits/sec  67180  
[  5]  57.00-58.00  sec  74.8 MBytes   627 Mbits/sec  66560  
[  5]  58.00-59.00  sec  74.5 MBytes   625 Mbits/sec  66290  
[  5]  59.00-60.00  sec  73.8 MBytes   619 Mbits/sec  65650  
- - - - - - - - - - - - - - - - - - - - - - - - -
[ ID] Interval           Transfer     Bitrate         Jitter    Lost/Total Datagrams
[  5]   0.00-60.00  sec  4.23 GBytes   605 Mbits/sec  0.000 ms  0/3851890 (0%)  sender
[  5]   0.00-60.09  sec  1.62 GBytes   231 Mbits/sec  0.010 ms  2417504/3851890 (63%)  receiver

iperf Done.
