Connecting to host knb-server-1027297, port 5201
[  5] local 10.136.173.69 port 58972 connected to 10.43.153.83 port 5201
[ ID] Interval           Transfer     Bitrate         Retr  Cwnd
[  5]   0.00-1.00   sec  26.8 MBytes   225 Mbits/sec   53    268 KBytes       (omitted)
[  5]   0.00-1.00   sec  27.8 MBytes   233 Mbits/sec    0    328 KBytes       
[  5]   1.00-2.00   sec  24.1 MBytes   202 Mbits/sec    0    372 KBytes       
[  5]   2.00-3.00   sec  26.5 MBytes   222 Mbits/sec   51    297 KBytes       
[  5]   3.00-4.00   sec  26.1 MBytes   219 Mbits/sec   24    265 KBytes       
[  5]   4.00-5.00   sec  25.4 MBytes   213 Mbits/sec    0    320 KBytes       
[  5]   5.00-6.00   sec  25.9 MBytes   217 Mbits/sec    0    367 KBytes       
[  5]   6.00-7.00   sec  26.5 MBytes   222 Mbits/sec    0    410 KBytes       
[  5]   7.00-8.00   sec  27.7 MBytes   233 Mbits/sec    0    451 KBytes       
[  5]   8.00-9.00   sec  26.1 MBytes   219 Mbits/sec    0    485 KBytes       
[  5]   9.00-10.00  sec  31.3 MBytes   262 Mbits/sec   54    276 KBytes       
[  5]  10.00-11.00  sec  31.9 MBytes   268 Mbits/sec    1    267 KBytes       
[  5]  11.00-12.00  sec  34.0 MBytes   286 Mbits/sec   59    188 KBytes       
[  5]  12.00-13.00  sec  31.9 MBytes   268 Mbits/sec    5    196 KBytes       
[  5]  13.00-14.00  sec  26.5 MBytes   222 Mbits/sec    0    268 KBytes       
[  5]  14.00-15.00  sec  29.2 MBytes   245 Mbits/sec    0    329 KBytes       
[  5]  15.00-16.00  sec  26.5 MBytes   222 Mbits/sec    0    376 KBytes       
[  5]  16.00-17.00  sec  29.2 MBytes   245 Mbits/sec    6    300 KBytes       
[  5]  17.00-18.00  sec  29.9 MBytes   251 Mbits/sec    5    261 KBytes       
[  5]  18.00-19.00  sec  30.0 MBytes   251 Mbits/sec   27    247 KBytes       
[  5]  19.00-20.00  sec  29.9 MBytes   251 Mbits/sec    0    314 KBytes       
[  5]  20.00-21.00  sec  20.5 MBytes   172 Mbits/sec   20    248 KBytes       
[  5]  21.00-22.00  sec  27.9 MBytes   234 Mbits/sec    0    312 KBytes       
[  5]  22.00-23.00  sec  25.1 MBytes   211 Mbits/sec    0    360 KBytes       
[  5]  23.00-24.00  sec  28.1 MBytes   236 Mbits/sec    9    293 KBytes       
[  5]  24.00-25.00  sec  32.0 MBytes   268 Mbits/sec    0    357 KBytes       
[  5]  25.00-26.00  sec  32.9 MBytes   276 Mbits/sec   10    206 KBytes       
[  5]  26.00-27.00  sec  32.6 MBytes   274 Mbits/sec    3    235 KBytes       
[  5]  27.00-28.00  sec  29.9 MBytes   251 Mbits/sec    0    305 KBytes       
[  5]  28.00-29.00  sec  32.6 MBytes   274 Mbits/sec    0    366 KBytes       
[  5]  29.00-30.00  sec  29.9 MBytes   251 Mbits/sec    0    414 KBytes       
[  5]  30.00-31.00  sec  32.1 MBytes   269 Mbits/sec   14    252 KBytes       
[  5]  31.00-32.00  sec  30.6 MBytes   257 Mbits/sec   12    225 KBytes       
[  5]  32.00-33.00  sec  29.9 MBytes   251 Mbits/sec    0    298 KBytes       
[  5]  33.00-34.00  sec  26.5 MBytes   222 Mbits/sec   22    258 KBytes       
[  5]  34.00-35.00  sec  35.4 MBytes   297 Mbits/sec    2    253 KBytes       
[  5]  35.00-36.00  sec  27.9 MBytes   234 Mbits/sec    0    315 KBytes       
[  5]  36.00-37.00  sec  34.7 MBytes   291 Mbits/sec   44    219 KBytes       
[  5]  37.00-38.00  sec  27.9 MBytes   234 Mbits/sec    0    288 KBytes       
[  5]  38.00-39.00  sec  29.2 MBytes   245 Mbits/sec    0    345 KBytes       
[  5]  39.00-40.00  sec  31.9 MBytes   268 Mbits/sec   28    289 KBytes       
[  5]  40.00-41.00  sec  34.7 MBytes   291 Mbits/sec    2    265 KBytes       
[  5]  41.00-42.00  sec  29.4 MBytes   247 Mbits/sec    0    330 KBytes       
[  5]  42.00-43.00  sec  34.4 MBytes   289 Mbits/sec   88    209 KBytes       
[  5]  43.00-44.00  sec  27.9 MBytes   234 Mbits/sec    6    202 KBytes       
[  5]  44.00-45.00  sec  28.5 MBytes   239 Mbits/sec    0    277 KBytes       
[  5]  45.00-46.00  sec  31.3 MBytes   262 Mbits/sec    0    339 KBytes       
[  5]  46.00-47.00  sec  32.1 MBytes   269 Mbits/sec   16    217 KBytes       
[  5]  47.00-48.00  sec  29.9 MBytes   251 Mbits/sec    2    230 KBytes       
[  5]  48.00-49.00  sec  33.3 MBytes   279 Mbits/sec   65    152 KBytes       
[  5]  49.00-50.00  sec  30.6 MBytes   257 Mbits/sec    0    246 KBytes       
[  5]  50.00-51.00  sec  29.9 MBytes   251 Mbits/sec    8    247 KBytes       
[  5]  51.00-52.00  sec  30.6 MBytes   257 Mbits/sec   10    240 KBytes       
[  5]  52.00-53.00  sec  27.2 MBytes   228 Mbits/sec    0    304 KBytes       
[  5]  53.00-54.00  sec  28.6 MBytes   240 Mbits/sec   14    280 KBytes       
[  5]  54.00-55.00  sec  27.2 MBytes   228 Mbits/sec    0    336 KBytes       
[  5]  55.00-56.00  sec  29.3 MBytes   246 Mbits/sec   41    217 KBytes       
[  5]  56.00-57.00  sec  30.6 MBytes   257 Mbits/sec    0    292 KBytes       
[  5]  57.00-58.00  sec  29.3 MBytes   246 Mbits/sec   16    268 KBytes       
[  5]  58.00-59.00  sec  27.9 MBytes   234 Mbits/sec    0    329 KBytes       
[  5]  59.00-60.00  sec  33.3 MBytes   279 Mbits/sec   31    297 KBytes       
- - - - - - - - - - - - - - - - - - - - - - - - -
[ ID] Interval           Transfer     Bitrate         Retr
[  5]   0.00-60.00  sec  1.73 GBytes   247 Mbits/sec  695             sender
[  5]   0.00-60.05  sec  1.73 GBytes   247 Mbits/sec                  receiver

iperf Done.
