Connecting to host knb-server-4064161, port 5201
[  5] local 10.136.173.88 port 58701 connected to 10.43.64.45 port 5201
[ ID] Interval           Transfer     Bitrate         Total Datagrams
[  5]   0.00-1.00   sec  62.4 MBytes   523 Mbits/sec  55530  (omitted)
[  5]   0.00-1.00   sec  54.7 MBytes   459 Mbits/sec  48680  
[  5]   1.00-2.00   sec  53.6 MBytes   450 Mbits/sec  47730  
[  5]   2.00-3.00   sec  52.7 MBytes   442 Mbits/sec  46910  
[  5]   3.00-4.00   sec  61.2 MBytes   514 Mbits/sec  54490  
[  5]   4.00-5.00   sec  76.3 MBytes   640 Mbits/sec  67880  
[  5]   5.00-6.00   sec  73.7 MBytes   618 Mbits/sec  65570  
[  5]   6.00-7.00   sec  75.0 MBytes   629 Mbits/sec  66790  
[  5]   7.00-8.00   sec  74.8 MBytes   628 Mbits/sec  66610  
[  5]   8.00-9.00   sec  73.2 MBytes   614 Mbits/sec  65180  
[  5]   9.00-10.00  sec  68.5 MBytes   574 Mbits/sec  60940  
[  5]  10.00-11.00  sec  71.6 MBytes   601 Mbits/sec  63740  
[  5]  11.00-12.00  sec  75.3 MBytes   632 Mbits/sec  67050  
[  5]  12.00-13.00  sec  72.8 MBytes   611 Mbits/sec  64840  
[  5]  13.00-14.00  sec  61.1 MBytes   512 Mbits/sec  54370  
[  5]  14.00-15.00  sec  55.3 MBytes   464 Mbits/sec  49260  
[  5]  15.00-16.00  sec  71.2 MBytes   597 Mbits/sec  63360  
[  5]  16.00-17.00  sec  70.5 MBytes   591 Mbits/sec  62720  
[  5]  17.00-18.00  sec  68.8 MBytes   577 Mbits/sec  61280  
[  5]  18.00-19.00  sec  69.2 MBytes   580 Mbits/sec  61570  
[  5]  19.00-20.00  sec  72.6 MBytes   609 Mbits/sec  64610  
[  5]  20.00-21.00  sec  70.3 MBytes   590 Mbits/sec  62570  
[  5]  21.00-22.00  sec  59.5 MBytes   499 Mbits/sec  52920  
[  5]  22.00-23.00  sec  57.6 MBytes   484 Mbits/sec  51310  
[  5]  23.00-24.00  sec  53.1 MBytes   446 Mbits/sec  47280  
[  5]  24.00-25.00  sec  53.2 MBytes   446 Mbits/sec  47320  
[  5]  25.00-26.00  sec  64.4 MBytes   540 Mbits/sec  57340  
[  5]  26.00-27.00  sec  73.8 MBytes   619 Mbits/sec  65660  
[  5]  27.00-28.00  sec  75.1 MBytes   630 Mbits/sec  66810  
[  5]  28.00-29.00  sec  74.3 MBytes   623 Mbits/sec  66100  
[  5]  29.00-30.00  sec  75.6 MBytes   634 Mbits/sec  67260  
[  5]  30.00-31.00  sec  75.4 MBytes   633 Mbits/sec  67130  
[  5]  31.00-32.00  sec  75.0 MBytes   629 Mbits/sec  66720  
[  5]  32.00-33.00  sec  74.3 MBytes   624 Mbits/sec  66160  
[  5]  33.00-34.00  sec  74.3 MBytes   624 Mbits/sec  66170  
[  5]  34.00-35.00  sec  74.7 MBytes   627 Mbits/sec  66480  
[  5]  35.00-36.00  sec  71.2 MBytes   597 Mbits/sec  63380  
[  5]  36.00-37.00  sec  72.7 MBytes   610 Mbits/sec  64680  
[  5]  37.00-38.00  sec  74.8 MBytes   627 Mbits/sec  66540  
[  5]  38.00-39.00  sec  69.7 MBytes   585 Mbits/sec  62070  
[  5]  39.00-40.00  sec  70.9 MBytes   595 Mbits/sec  63090  
[  5]  40.00-41.00  sec  73.7 MBytes   618 Mbits/sec  65620  
[  5]  41.00-42.00  sec  71.9 MBytes   604 Mbits/sec  64040  
[  5]  42.00-43.00  sec  73.9 MBytes   620 Mbits/sec  65760  
[  5]  43.00-44.00  sec  74.1 MBytes   622 Mbits/sec  65970  
[  5]  44.00-45.00  sec  74.8 MBytes   628 Mbits/sec  66610  
[  5]  45.00-46.00  sec  64.4 MBytes   540 Mbits/sec  57320  
[  5]  46.00-47.00  sec  53.6 MBytes   450 Mbits/sec  47710  
[  5]  47.00-48.00  sec  53.7 MBytes   451 Mbits/sec  47820  
[  5]  48.00-49.00  sec  53.2 MBytes   446 Mbits/sec  47350  
[  5]  49.00-50.00  sec  56.3 MBytes   472 Mbits/sec  50080  
[  5]  50.00-51.00  sec  74.4 MBytes   624 Mbits/sec  66240  
[  5]  51.00-52.00  sec  75.5 MBytes   634 Mbits/sec  67230  
[  5]  52.00-53.00  sec  75.8 MBytes   636 Mbits/sec  67440  
[  5]  53.00-54.00  sec  75.2 MBytes   631 Mbits/sec  66930  
[  5]  54.00-55.00  sec  68.3 MBytes   573 Mbits/sec  60800  
[  5]  55.00-56.00  sec  73.7 MBytes   618 Mbits/sec  65560  
[  5]  56.00-57.00  sec  74.2 MBytes   622 Mbits/sec  66020  
[  5]  57.00-58.00  sec  74.4 MBytes   624 Mbits/sec  66250  
[  5]  58.00-59.00  sec  74.0 MBytes   621 Mbits/sec  65850  
[  5]  59.00-60.00  sec  71.4 MBytes   599 Mbits/sec  63580  
- - - - - - - - - - - - - - - - - - - - - - - - -
[ ID] Interval           Transfer     Bitrate         Jitter    Lost/Total Datagrams
[  5]   0.00-60.00  sec  4.03 GBytes   577 Mbits/sec  0.000 ms  0/3674750 (0%)  sender
[  5]   0.00-60.28  sec  1.12 GBytes   160 Mbits/sec  5.556 ms  2663910/3652616 (73%)  receiver

iperf Done.
