Connecting to host 10.136.80.191, port 5201
[  5] local 10.136.173.90 port 36532 connected to 10.136.80.191 port 5201
[ ID] Interval           Transfer     Bitrate         Total Datagrams
[  5]   0.00-1.00   sec  54.9 MBytes   460 Mbits/sec  48830  (omitted)
[  5]   0.00-1.00   sec  56.6 MBytes   474 Mbits/sec  50360  
[  5]   1.00-2.00   sec  55.6 MBytes   466 Mbits/sec  49480  
[  5]   2.00-3.00   sec  61.2 MBytes   513 Mbits/sec  54470  
[  5]   3.00-4.00   sec  74.1 MBytes   622 Mbits/sec  65980  
[  5]   4.00-5.00   sec  76.3 MBytes   640 Mbits/sec  67920  
[  5]   5.00-6.00   sec  75.4 MBytes   633 Mbits/sec  67140  
[  5]   6.00-7.00   sec  74.8 MBytes   627 Mbits/sec  66540  
[  5]   7.00-8.00   sec  69.2 MBytes   580 Mbits/sec  61560  
[  5]   8.00-9.00   sec  75.2 MBytes   631 Mbits/sec  66980  
[  5]   9.00-10.00  sec  76.0 MBytes   637 Mbits/sec  67630  
[  5]  10.00-11.00  sec  74.7 MBytes   627 Mbits/sec  66490  
[  5]  11.00-12.00  sec  73.4 MBytes   616 Mbits/sec  65340  
[  5]  12.00-13.00  sec  74.5 MBytes   625 Mbits/sec  66290  
[  5]  13.00-14.00  sec  74.6 MBytes   626 Mbits/sec  66410  
[  5]  14.00-15.00  sec  74.0 MBytes   621 Mbits/sec  65890  
[  5]  15.00-16.00  sec  73.7 MBytes   618 Mbits/sec  65560  
[  5]  16.00-17.00  sec  72.9 MBytes   612 Mbits/sec  64930  
[  5]  17.00-18.00  sec  73.4 MBytes   616 Mbits/sec  65350  
[  5]  18.00-19.00  sec  74.5 MBytes   625 Mbits/sec  66290  
[  5]  19.00-20.00  sec  75.2 MBytes   631 Mbits/sec  66930  
[  5]  20.00-21.00  sec  74.7 MBytes   626 Mbits/sec  66470  
[  5]  21.00-22.00  sec  68.2 MBytes   572 Mbits/sec  60730  
[  5]  22.00-23.00  sec  56.1 MBytes   471 Mbits/sec  49940  
[  5]  23.00-24.00  sec  59.9 MBytes   502 Mbits/sec  53280  
[  5]  24.00-25.00  sec  72.7 MBytes   609 Mbits/sec  64670  
[  5]  25.00-26.00  sec  74.8 MBytes   627 Mbits/sec  66580  
[  5]  26.00-27.00  sec  75.0 MBytes   629 Mbits/sec  66800  
[  5]  27.00-28.00  sec  70.4 MBytes   591 Mbits/sec  62670  
[  5]  28.00-29.00  sec  74.9 MBytes   628 Mbits/sec  66630  
[  5]  29.00-30.00  sec  76.3 MBytes   640 Mbits/sec  67920  
[  5]  30.00-31.00  sec  75.9 MBytes   637 Mbits/sec  67540  
[  5]  31.00-32.00  sec  73.6 MBytes   617 Mbits/sec  65510  
[  5]  32.00-33.00  sec  75.6 MBytes   634 Mbits/sec  67300  
[  5]  33.00-34.00  sec  75.0 MBytes   629 Mbits/sec  66780  
[  5]  34.00-35.00  sec  75.5 MBytes   633 Mbits/sec  67180  
[  5]  35.00-36.00  sec  73.8 MBytes   619 Mbits/sec  65700  
[  5]  36.00-37.00  sec  73.7 MBytes   618 Mbits/sec  65590  
[  5]  37.00-38.00  sec  68.5 MBytes   575 Mbits/sec  60990  
[  5]  38.00-39.00  sec  74.7 MBytes   626 Mbits/sec  66450  
[  5]  39.00-40.00  sec  74.3 MBytes   623 Mbits/sec  66150  
[  5]  40.00-41.00  sec  74.6 MBytes   626 Mbits/sec  66410  
[  5]  41.00-42.00  sec  74.3 MBytes   623 Mbits/sec  66100  
[  5]  42.00-43.00  sec  74.8 MBytes   628 Mbits/sec  66600  
[  5]  43.00-44.00  sec  75.4 MBytes   633 Mbits/sec  67140  
[  5]  44.00-45.00  sec  76.4 MBytes   641 Mbits/sec  67980  
[  5]  45.00-46.00  sec  75.9 MBytes   637 Mbits/sec  67560  
[  5]  46.00-47.00  sec  75.6 MBytes   634 Mbits/sec  67320  
[  5]  47.00-48.00  sec  73.2 MBytes   614 Mbits/sec  65200  
[  5]  48.00-49.00  sec  75.4 MBytes   633 Mbits/sec  67150  
[  5]  49.00-50.00  sec  76.2 MBytes   639 Mbits/sec  67810  
[  5]  50.00-51.00  sec  76.0 MBytes   638 Mbits/sec  67690  
[  5]  51.00-52.00  sec  72.9 MBytes   612 Mbits/sec  64900  
[  5]  52.00-53.00  sec  76.7 MBytes   643 Mbits/sec  68240  
[  5]  53.00-54.00  sec  72.7 MBytes   610 Mbits/sec  64710  
[  5]  54.00-55.00  sec  75.4 MBytes   633 Mbits/sec  67140  
[  5]  55.00-56.00  sec  75.8 MBytes   636 Mbits/sec  67470  
[  5]  56.00-57.00  sec  74.9 MBytes   628 Mbits/sec  66630  
[  5]  57.00-58.00  sec  61.3 MBytes   514 Mbits/sec  54590  
[  5]  58.00-59.00  sec  74.3 MBytes   623 Mbits/sec  66100  
[  5]  59.00-60.00  sec  74.6 MBytes   626 Mbits/sec  66420  
- - - - - - - - - - - - - - - - - - - - - - - - -
[ ID] Interval           Transfer     Bitrate         Jitter    Lost/Total Datagrams
[  5]   0.00-60.00  sec  4.26 GBytes   610 Mbits/sec  0.000 ms  0/3885580 (0%)  sender
[  5]   0.00-60.24  sec  1.01 GBytes   144 Mbits/sec  0.098 ms  2979280/3884487 (77%)  receiver

iperf Done.
