Connecting to host 10.136.80.144, port 5201
[  5] local 10.136.173.113 port 48118 connected to 10.136.80.144 port 5201
[ ID] Interval           Transfer     Bitrate         Total Datagrams
[  5]   0.00-1.00   sec  53.6 MBytes   449 Mbits/sec  47700  (omitted)
[  5]   0.00-1.00   sec  50.1 MBytes   420 Mbits/sec  44560  
[  5]   1.00-2.00   sec  53.1 MBytes   446 Mbits/sec  47280  
[  5]   2.00-3.00   sec  49.8 MBytes   417 Mbits/sec  44290  
[  5]   3.00-4.00   sec  54.0 MBytes   453 Mbits/sec  48030  
[  5]   4.00-5.00   sec  54.5 MBytes   457 Mbits/sec  48480  
[  5]   5.00-6.00   sec  50.7 MBytes   426 Mbits/sec  45160  
[  5]   6.00-7.00   sec  54.1 MBytes   454 Mbits/sec  48160  
[  5]   7.00-8.00   sec  54.4 MBytes   456 Mbits/sec  48430  
[  5]   8.00-9.00   sec  54.4 MBytes   457 Mbits/sec  48450  
[  5]   9.00-10.00  sec  54.7 MBytes   459 Mbits/sec  48730  
[  5]  10.00-11.00  sec  51.9 MBytes   436 Mbits/sec  46220  
[  5]  11.00-12.00  sec  55.2 MBytes   463 Mbits/sec  49160  
[  5]  12.00-13.00  sec  53.4 MBytes   448 Mbits/sec  47560  
[  5]  13.00-14.00  sec  56.7 MBytes   476 Mbits/sec  50500  
[  5]  14.00-15.00  sec  52.5 MBytes   441 Mbits/sec  46750  
[  5]  15.00-16.00  sec  50.4 MBytes   423 Mbits/sec  44860  
[  5]  16.00-17.00  sec  51.6 MBytes   433 Mbits/sec  45930  
[  5]  17.00-18.00  sec  57.2 MBytes   480 Mbits/sec  50900  
[  5]  18.00-19.00  sec  55.6 MBytes   466 Mbits/sec  49490  
[  5]  19.00-20.00  sec  52.6 MBytes   441 Mbits/sec  46840  
[  5]  20.00-21.00  sec  52.2 MBytes   438 Mbits/sec  46500  
[  5]  21.00-22.00  sec  49.5 MBytes   416 Mbits/sec  44090  
[  5]  22.00-23.00  sec  52.8 MBytes   443 Mbits/sec  46960  
[  5]  23.00-24.00  sec  55.6 MBytes   466 Mbits/sec  49480  
[  5]  24.00-25.00  sec  50.5 MBytes   424 Mbits/sec  44980  
[  5]  25.00-26.00  sec  60.0 MBytes   503 Mbits/sec  53380  
[  5]  26.00-27.00  sec  59.1 MBytes   496 Mbits/sec  52600  
[  5]  27.00-28.00  sec  53.7 MBytes   451 Mbits/sec  47800  
[  5]  28.00-29.00  sec  51.7 MBytes   434 Mbits/sec  46010  
[  5]  29.00-30.00  sec  53.0 MBytes   444 Mbits/sec  47160  
[  5]  30.00-31.00  sec  51.9 MBytes   435 Mbits/sec  46170  
[  5]  31.00-32.00  sec  54.1 MBytes   454 Mbits/sec  48160  
[  5]  32.00-33.00  sec  53.4 MBytes   448 Mbits/sec  47510  
[  5]  33.00-34.00  sec  54.5 MBytes   457 Mbits/sec  48490  
[  5]  34.00-35.00  sec  54.4 MBytes   457 Mbits/sec  48460  
[  5]  35.00-36.00  sec  60.1 MBytes   505 Mbits/sec  53540  
[  5]  36.00-37.00  sec  53.4 MBytes   448 Mbits/sec  47560  
[  5]  37.00-38.00  sec  53.9 MBytes   452 Mbits/sec  47990  
[  5]  38.00-39.00  sec  53.0 MBytes   445 Mbits/sec  47220  
[  5]  39.00-40.00  sec  61.2 MBytes   513 Mbits/sec  54460  
[  5]  40.00-41.00  sec  52.9 MBytes   444 Mbits/sec  47110  
[  5]  41.00-42.00  sec  59.0 MBytes   495 Mbits/sec  52490  
[  5]  42.00-43.00  sec  49.6 MBytes   416 Mbits/sec  44190  
[  5]  43.00-44.00  sec  51.4 MBytes   431 Mbits/sec  45790  
[  5]  44.00-45.00  sec  48.8 MBytes   409 Mbits/sec  43420  
[  5]  45.00-46.00  sec  55.9 MBytes   469 Mbits/sec  49770  
[  5]  46.00-47.00  sec  55.4 MBytes   465 Mbits/sec  49320  
[  5]  47.00-48.00  sec  54.6 MBytes   458 Mbits/sec  48570  
[  5]  48.00-49.00  sec  53.4 MBytes   448 Mbits/sec  47540  
[  5]  49.00-50.00  sec  51.1 MBytes   429 Mbits/sec  45510  
[  5]  50.00-51.00  sec  51.8 MBytes   434 Mbits/sec  46080  
[  5]  51.00-52.00  sec  56.0 MBytes   469 Mbits/sec  49810  
[  5]  52.00-53.00  sec  51.6 MBytes   433 Mbits/sec  45950  
[  5]  53.00-54.00  sec  51.6 MBytes   433 Mbits/sec  45900  
[  5]  54.00-55.00  sec  54.8 MBytes   460 Mbits/sec  48790  
[  5]  55.00-56.00  sec  53.0 MBytes   444 Mbits/sec  47140  
[  5]  56.00-57.00  sec  56.3 MBytes   472 Mbits/sec  50080  
[  5]  57.00-58.00  sec  53.0 MBytes   445 Mbits/sec  47190  
[  5]  58.00-59.00  sec  57.8 MBytes   485 Mbits/sec  51490  
[  5]  59.00-60.00  sec  50.7 MBytes   426 Mbits/sec  45170  
- - - - - - - - - - - - - - - - - - - - - - - - -
[ ID] Interval           Transfer     Bitrate         Jitter    Lost/Total Datagrams
[  5]   0.00-60.00  sec  3.15 GBytes   451 Mbits/sec  0.000 ms  0/2869610 (0%)  sender
[  5]   0.00-61.33  sec   194 MBytes  26.5 Mbits/sec  0.018 ms  2739737/2866777 (96%)  receiver

iperf Done.
