Connecting to host 10.136.80.168, port 5201
[  5] local 10.136.173.104 port 56264 connected to 10.136.80.168 port 5201
[ ID] Interval           Transfer     Bitrate         Total Datagrams
[  5]   0.00-1.00   sec  46.8 MBytes   392 Mbits/sec  41640  (omitted)
[  5]   0.00-1.00   sec  59.1 MBytes   496 Mbits/sec  52620  
[  5]   1.00-2.00   sec  56.5 MBytes   474 Mbits/sec  50260  
[  5]   2.00-3.00   sec  49.8 MBytes   418 Mbits/sec  44320  
[  5]   3.00-4.00   sec  55.5 MBytes   465 Mbits/sec  49390  
[  5]   4.00-5.00   sec  53.0 MBytes   444 Mbits/sec  47150  
[  5]   5.00-6.00   sec  53.7 MBytes   451 Mbits/sec  47810  
[  5]   6.00-7.00   sec  49.3 MBytes   414 Mbits/sec  43900  
[  5]   7.00-8.00   sec  59.7 MBytes   500 Mbits/sec  53100  
[  5]   8.00-9.00   sec  58.1 MBytes   488 Mbits/sec  51730  
[  5]   9.00-10.00  sec  55.5 MBytes   466 Mbits/sec  49420  
[  5]  10.00-11.00  sec  55.9 MBytes   469 Mbits/sec  49730  
[  5]  11.00-12.00  sec  56.3 MBytes   473 Mbits/sec  50150  
[  5]  12.00-13.00  sec  53.3 MBytes   447 Mbits/sec  47480  
[  5]  13.00-14.00  sec  49.0 MBytes   411 Mbits/sec  43620  
[  5]  14.00-15.00  sec  53.1 MBytes   446 Mbits/sec  47300  
[  5]  15.00-16.00  sec  54.6 MBytes   458 Mbits/sec  48610  
[  5]  16.00-17.00  sec  50.9 MBytes   427 Mbits/sec  45270  
[  5]  17.00-18.00  sec  52.6 MBytes   441 Mbits/sec  46810  
[  5]  18.00-19.00  sec  50.7 MBytes   426 Mbits/sec  45150  
[  5]  19.00-20.00  sec  54.6 MBytes   458 Mbits/sec  48610  
[  5]  20.00-21.00  sec  55.8 MBytes   468 Mbits/sec  49670  
[  5]  21.00-22.00  sec  54.3 MBytes   455 Mbits/sec  48300  
[  5]  22.00-23.00  sec  50.8 MBytes   427 Mbits/sec  45260  
[  5]  23.00-24.00  sec  52.1 MBytes   437 Mbits/sec  46410  
[  5]  24.00-25.00  sec  51.2 MBytes   430 Mbits/sec  45590  
[  5]  25.00-26.00  sec  55.8 MBytes   468 Mbits/sec  49650  
[  5]  26.00-27.00  sec  53.1 MBytes   445 Mbits/sec  47230  
[  5]  27.00-28.00  sec  58.7 MBytes   492 Mbits/sec  52250  
[  5]  28.00-29.00  sec  57.5 MBytes   482 Mbits/sec  51200  
[  5]  29.00-30.00  sec  55.4 MBytes   465 Mbits/sec  49340  
[  5]  30.00-31.00  sec  56.0 MBytes   470 Mbits/sec  49890  
[  5]  31.00-32.00  sec  52.5 MBytes   440 Mbits/sec  46700  
[  5]  32.00-33.00  sec  55.7 MBytes   467 Mbits/sec  49600  
[  5]  33.00-34.00  sec  49.5 MBytes   416 Mbits/sec  44100  
[  5]  34.00-35.00  sec  50.1 MBytes   420 Mbits/sec  44570  
[  5]  35.00-36.00  sec  59.5 MBytes   499 Mbits/sec  52970  
[  5]  36.00-37.00  sec  51.9 MBytes   435 Mbits/sec  46180  
[  5]  37.00-38.00  sec  55.5 MBytes   466 Mbits/sec  49430  
[  5]  38.00-39.00  sec  51.3 MBytes   430 Mbits/sec  45680  
[  5]  39.00-40.00  sec  50.6 MBytes   424 Mbits/sec  45030  
[  5]  40.00-41.00  sec  54.6 MBytes   458 Mbits/sec  48620  
[  5]  41.00-42.00  sec  54.8 MBytes   460 Mbits/sec  48810  
[  5]  42.00-43.00  sec  59.7 MBytes   501 Mbits/sec  53170  
[  5]  43.00-44.00  sec  58.0 MBytes   487 Mbits/sec  51630  
[  5]  44.00-45.00  sec  58.9 MBytes   494 Mbits/sec  52440  
[  5]  45.00-46.00  sec  59.3 MBytes   498 Mbits/sec  52810  
[  5]  46.00-47.00  sec  56.0 MBytes   470 Mbits/sec  49860  
[  5]  47.00-48.00  sec  58.0 MBytes   486 Mbits/sec  51610  
[  5]  48.00-49.00  sec  52.3 MBytes   439 Mbits/sec  46560  
[  5]  49.00-50.00  sec  52.1 MBytes   437 Mbits/sec  46400  
[  5]  50.00-51.00  sec  53.8 MBytes   451 Mbits/sec  47860  
[  5]  51.00-52.00  sec  51.0 MBytes   428 Mbits/sec  45370  
[  5]  52.00-53.00  sec  48.4 MBytes   406 Mbits/sec  43090  
[  5]  53.00-54.00  sec  47.7 MBytes   400 Mbits/sec  42490  
[  5]  54.00-55.00  sec  54.5 MBytes   457 Mbits/sec  48500  
[  5]  55.00-56.00  sec  54.6 MBytes   458 Mbits/sec  48580  
[  5]  56.00-57.00  sec  54.9 MBytes   460 Mbits/sec  48840  
[  5]  57.00-58.00  sec  54.6 MBytes   458 Mbits/sec  48560  
[  5]  58.00-59.00  sec  56.1 MBytes   471 Mbits/sec  49950  
[  5]  59.00-60.00  sec  62.6 MBytes   525 Mbits/sec  55710  
- - - - - - - - - - - - - - - - - - - - - - - - -
[ ID] Interval           Transfer     Bitrate         Jitter    Lost/Total Datagrams
[  5]   0.00-60.00  sec  3.18 GBytes   456 Mbits/sec  0.000 ms  0/2902340 (0%)  sender
[  5]   0.00-60.30  sec  1.96 GBytes   280 Mbits/sec  0.005 ms  1124221/2902340 (39%)  receiver

iperf Done.
