Connecting to host 10.136.80.181, port 5201
[  5] local 10.136.173.116 port 43732 connected to 10.136.80.181 port 5201
[ ID] Interval           Transfer     Bitrate         Total Datagrams
[  5]   0.00-1.00   sec  55.0 MBytes   461 Mbits/sec  48950  (omitted)
[  5]   0.00-1.00   sec  52.6 MBytes   441 Mbits/sec  46820  
[  5]   1.00-2.00   sec  59.6 MBytes   500 Mbits/sec  53070  
[  5]   2.00-3.00   sec  56.4 MBytes   473 Mbits/sec  50170  
[  5]   3.00-4.00   sec  54.0 MBytes   453 Mbits/sec  48090  
[  5]   4.00-5.00   sec  51.4 MBytes   432 Mbits/sec  45790  
[  5]   5.00-6.00   sec  52.3 MBytes   439 Mbits/sec  46570  
[  5]   6.00-7.00   sec  56.5 MBytes   474 Mbits/sec  50270  
[  5]   7.00-8.00   sec  56.9 MBytes   478 Mbits/sec  50690  
[  5]   8.00-9.00   sec  51.4 MBytes   431 Mbits/sec  45780  
[  5]   9.00-10.00  sec  58.0 MBytes   487 Mbits/sec  51660  
[  5]  10.00-11.00  sec  54.6 MBytes   458 Mbits/sec  48630  
[  5]  11.00-12.00  sec  54.7 MBytes   459 Mbits/sec  48710  
[  5]  12.00-13.00  sec  49.7 MBytes   417 Mbits/sec  44270  
[  5]  13.00-14.00  sec  55.2 MBytes   463 Mbits/sec  49100  
[  5]  14.00-15.00  sec  51.4 MBytes   431 Mbits/sec  45760  
[  5]  15.00-16.00  sec  53.4 MBytes   448 Mbits/sec  47510  
[  5]  16.00-17.00  sec  53.5 MBytes   449 Mbits/sec  47660  
[  5]  17.00-18.00  sec  57.6 MBytes   483 Mbits/sec  51250  
[  5]  18.00-19.00  sec  56.0 MBytes   469 Mbits/sec  49810  
[  5]  19.00-20.00  sec  50.7 MBytes   425 Mbits/sec  45130  
[  5]  20.00-21.00  sec  51.5 MBytes   432 Mbits/sec  45870  
[  5]  21.00-22.00  sec  55.0 MBytes   461 Mbits/sec  48930  
[  5]  22.00-23.00  sec  57.0 MBytes   478 Mbits/sec  50770  
[  5]  23.00-24.00  sec  54.3 MBytes   456 Mbits/sec  48340  
[  5]  24.00-25.00  sec  52.3 MBytes   439 Mbits/sec  46590  
[  5]  25.00-26.00  sec  52.3 MBytes   439 Mbits/sec  46580  
[  5]  26.00-27.00  sec  55.7 MBytes   467 Mbits/sec  49590  
[  5]  27.00-28.00  sec  54.0 MBytes   453 Mbits/sec  48080  
[  5]  28.00-29.00  sec  52.2 MBytes   438 Mbits/sec  46430  
[  5]  29.00-30.00  sec  56.0 MBytes   470 Mbits/sec  49870  
[  5]  30.00-31.00  sec  56.6 MBytes   474 Mbits/sec  50340  
[  5]  31.00-32.00  sec  57.3 MBytes   481 Mbits/sec  51010  
[  5]  32.00-33.00  sec  57.3 MBytes   481 Mbits/sec  50990  
[  5]  33.00-34.00  sec  60.3 MBytes   506 Mbits/sec  53690  
[  5]  34.00-35.00  sec  54.0 MBytes   453 Mbits/sec  48040  
[  5]  35.00-36.00  sec  52.4 MBytes   440 Mbits/sec  46660  
[  5]  36.00-37.00  sec  57.1 MBytes   479 Mbits/sec  50850  
[  5]  37.00-38.00  sec  54.2 MBytes   454 Mbits/sec  48220  
[  5]  38.00-39.00  sec  54.4 MBytes   456 Mbits/sec  48400  
[  5]  39.00-40.00  sec  54.2 MBytes   455 Mbits/sec  48270  
[  5]  40.00-41.00  sec  53.1 MBytes   446 Mbits/sec  47290  
[  5]  41.00-42.00  sec  52.5 MBytes   440 Mbits/sec  46690  
[  5]  42.00-43.00  sec  53.4 MBytes   448 Mbits/sec  47570  
[  5]  43.00-44.00  sec  54.8 MBytes   460 Mbits/sec  48800  
[  5]  44.00-45.00  sec  51.1 MBytes   429 Mbits/sec  45480  
[  5]  45.00-46.00  sec  49.0 MBytes   411 Mbits/sec  43630  
[  5]  46.00-47.00  sec  51.5 MBytes   432 Mbits/sec  45850  
[  5]  47.00-48.00  sec  57.9 MBytes   486 Mbits/sec  51570  
[  5]  48.00-49.00  sec  57.2 MBytes   480 Mbits/sec  50960  
[  5]  49.00-50.00  sec  54.3 MBytes   455 Mbits/sec  48310  
[  5]  50.00-51.00  sec  55.0 MBytes   462 Mbits/sec  48980  
[  5]  51.00-52.00  sec  54.8 MBytes   460 Mbits/sec  48810  
[  5]  52.00-53.00  sec  53.9 MBytes   452 Mbits/sec  47970  
[  5]  53.00-54.00  sec  52.3 MBytes   439 Mbits/sec  46580  
[  5]  54.00-55.00  sec  55.5 MBytes   466 Mbits/sec  49400  
[  5]  55.00-56.00  sec  54.2 MBytes   454 Mbits/sec  48220  
[  5]  56.00-57.00  sec  54.2 MBytes   454 Mbits/sec  48210  
[  5]  57.00-58.00  sec  53.8 MBytes   451 Mbits/sec  47860  
[  5]  58.00-59.00  sec  52.2 MBytes   438 Mbits/sec  46490  
[  5]  59.00-60.00  sec  53.0 MBytes   444 Mbits/sec  47140  
- - - - - - - - - - - - - - - - - - - - - - - - -
[ ID] Interval           Transfer     Bitrate         Jitter    Lost/Total Datagrams
[  5]   0.00-60.00  sec  3.18 GBytes   456 Mbits/sec  0.000 ms  0/2900070 (0%)  sender
[  5]   0.00-60.36  sec  2.15 GBytes   306 Mbits/sec  0.012 ms  957325/2900070 (33%)  receiver

iperf Done.
