Connecting to host 10.136.80.142, port 5201
[  5] local 10.136.173.66 port 33723 connected to 10.136.80.142 port 5201
[ ID] Interval           Transfer     Bitrate         Total Datagrams
[  5]   0.00-1.00   sec  93.6 MBytes   785 Mbits/sec  70170  (omitted)
[  5]   0.00-1.00   sec  94.5 MBytes   792 Mbits/sec  70850  
[  5]   1.00-2.00   sec  90.1 MBytes   756 Mbits/sec  67580  
[  5]   2.00-3.00   sec  93.7 MBytes   786 Mbits/sec  70270  
[  5]   3.00-4.00   sec  93.4 MBytes   783 Mbits/sec  70050  
[  5]   4.00-5.00   sec  93.8 MBytes   787 Mbits/sec  70360  
[  5]   5.00-6.00   sec  93.2 MBytes   782 Mbits/sec  69910  
[  5]   6.00-7.00   sec  93.1 MBytes   781 Mbits/sec  69800  
[  5]   7.00-8.00   sec  94.0 MBytes   789 Mbits/sec  70510  
[  5]   8.00-9.00   sec  93.9 MBytes   787 Mbits/sec  70410  
[  5]   9.00-10.00  sec  93.7 MBytes   786 Mbits/sec  70300  
[  5]  10.00-11.00  sec  93.9 MBytes   788 Mbits/sec  70430  
[  5]  11.00-12.00  sec  94.0 MBytes   788 Mbits/sec  70500  
[  5]  12.00-13.00  sec  94.2 MBytes   790 Mbits/sec  70650  
[  5]  13.00-14.00  sec  94.1 MBytes   789 Mbits/sec  70590  
[  5]  14.00-15.00  sec  93.0 MBytes   780 Mbits/sec  69780  
[  5]  15.00-16.00  sec  87.2 MBytes   731 Mbits/sec  65400  
[  5]  16.00-17.00  sec  91.2 MBytes   765 Mbits/sec  68390  
[  5]  17.00-18.00  sec  93.9 MBytes   787 Mbits/sec  70400  
[  5]  18.00-19.00  sec  94.5 MBytes   793 Mbits/sec  70880  
[  5]  19.00-20.00  sec  82.2 MBytes   689 Mbits/sec  61640  
[  5]  20.00-21.00  sec  80.0 MBytes   671 Mbits/sec  60030  
[  5]  21.00-22.00  sec  81.0 MBytes   680 Mbits/sec  60760  
[  5]  22.00-23.00  sec  80.9 MBytes   679 Mbits/sec  60670  
[  5]  23.00-24.00  sec  81.3 MBytes   682 Mbits/sec  60960  
[  5]  24.00-25.00  sec  79.9 MBytes   670 Mbits/sec  59900  
[  5]  25.00-26.00  sec  86.7 MBytes   727 Mbits/sec  65020  
[  5]  26.00-27.00  sec  94.3 MBytes   791 Mbits/sec  70720  
[  5]  27.00-28.00  sec  93.3 MBytes   783 Mbits/sec  70000  
[  5]  28.00-29.00  sec  93.5 MBytes   784 Mbits/sec  70130  
[  5]  29.00-30.00  sec  93.0 MBytes   780 Mbits/sec  69720  
[  5]  30.00-31.00  sec  93.0 MBytes   780 Mbits/sec  69740  
[  5]  31.00-32.00  sec  93.3 MBytes   783 Mbits/sec  70010  
[  5]  32.00-33.00  sec  93.4 MBytes   783 Mbits/sec  70020  
[  5]  33.00-34.00  sec  93.7 MBytes   786 Mbits/sec  70300  
[  5]  34.00-35.00  sec  93.3 MBytes   783 Mbits/sec  69980  
[  5]  35.00-36.00  sec  95.4 MBytes   800 Mbits/sec  71540  
[  5]  36.00-37.00  sec  94.9 MBytes   796 Mbits/sec  71160  
[  5]  37.00-38.00  sec  95.8 MBytes   804 Mbits/sec  71860  
[  5]  38.00-39.00  sec  94.3 MBytes   791 Mbits/sec  70730  
[  5]  39.00-40.00  sec  82.8 MBytes   695 Mbits/sec  62110  
[  5]  40.00-41.00  sec  79.9 MBytes   670 Mbits/sec  59900  
[  5]  41.00-42.00  sec  78.9 MBytes   662 Mbits/sec  59150  
[  5]  42.00-43.00  sec  79.6 MBytes   668 Mbits/sec  59700  
[  5]  43.00-44.00  sec  80.5 MBytes   675 Mbits/sec  60350  
[  5]  44.00-45.00  sec  79.8 MBytes   669 Mbits/sec  59860  
[  5]  45.00-46.00  sec  79.9 MBytes   670 Mbits/sec  59950  
[  5]  46.00-47.00  sec  76.7 MBytes   643 Mbits/sec  57510  
[  5]  47.00-48.00  sec  88.0 MBytes   738 Mbits/sec  65970  
[  5]  48.00-49.00  sec  96.2 MBytes   807 Mbits/sec  72130  
[  5]  49.00-50.00  sec  94.4 MBytes   792 Mbits/sec  70780  
[  5]  50.00-51.00  sec  93.2 MBytes   781 Mbits/sec  69870  
[  5]  51.00-52.00  sec  87.6 MBytes   735 Mbits/sec  65690  
[  5]  52.00-53.00  sec  80.1 MBytes   672 Mbits/sec  60060  
[  5]  53.00-54.00  sec  78.9 MBytes   662 Mbits/sec  59150  
[  5]  54.00-55.00  sec  78.2 MBytes   656 Mbits/sec  58680  
[  5]  55.00-56.00  sec  80.6 MBytes   676 Mbits/sec  60420  
[  5]  56.00-57.00  sec  83.3 MBytes   699 Mbits/sec  62510  
[  5]  57.00-58.00  sec  96.4 MBytes   809 Mbits/sec  72310  
[  5]  58.00-59.00  sec  93.8 MBytes   787 Mbits/sec  70340  
[  5]  59.00-60.00  sec  93.4 MBytes   784 Mbits/sec  70090  
- - - - - - - - - - - - - - - - - - - - - - - - -
[ ID] Interval           Transfer     Bitrate         Jitter    Lost/Total Datagrams
[  5]   0.00-60.00  sec  5.22 GBytes   747 Mbits/sec  0.000 ms  0/4008480 (0%)  sender
[  5]   0.00-60.04  sec  5.22 GBytes   747 Mbits/sec  0.022 ms  2126/4008471 (0.053%)  receiver

iperf Done.
