Connecting to host 10.136.80.166, port 5201
[  5] local 10.136.173.102 port 54147 connected to 10.136.80.166 port 5201
[ ID] Interval           Transfer     Bitrate         Total Datagrams
[  5]   0.00-1.00   sec  51.3 MBytes   430 Mbits/sec  45620  (omitted)
[  5]   0.00-1.00   sec  51.3 MBytes   430 Mbits/sec  45640  
[  5]   1.00-2.00   sec  51.9 MBytes   436 Mbits/sec  46240  
[  5]   2.00-3.00   sec  58.0 MBytes   486 Mbits/sec  51610  
[  5]   3.00-4.00   sec  57.2 MBytes   480 Mbits/sec  50930  
[  5]   4.00-5.00   sec  53.2 MBytes   446 Mbits/sec  47350  
[  5]   5.00-6.00   sec  54.0 MBytes   453 Mbits/sec  48060  
[  5]   6.00-7.00   sec  56.0 MBytes   470 Mbits/sec  49880  
[  5]   7.00-8.00   sec  55.0 MBytes   462 Mbits/sec  48980  
[  5]   8.00-9.00   sec  52.5 MBytes   440 Mbits/sec  46690  
[  5]   9.00-10.00  sec  51.4 MBytes   431 Mbits/sec  45710  
[  5]  10.00-11.00  sec  51.7 MBytes   434 Mbits/sec  46000  
[  5]  11.00-12.00  sec  57.2 MBytes   480 Mbits/sec  50930  
[  5]  12.00-13.00  sec  57.4 MBytes   481 Mbits/sec  51060  
[  5]  13.00-14.00  sec  53.2 MBytes   447 Mbits/sec  47390  
[  5]  14.00-15.00  sec  50.5 MBytes   424 Mbits/sec  44960  
[  5]  15.00-16.00  sec  53.4 MBytes   448 Mbits/sec  47550  
[  5]  16.00-17.00  sec  55.5 MBytes   466 Mbits/sec  49400  
[  5]  17.00-18.00  sec  56.6 MBytes   475 Mbits/sec  50390  
[  5]  18.00-19.00  sec  50.5 MBytes   423 Mbits/sec  44920  
[  5]  19.00-20.00  sec  56.8 MBytes   476 Mbits/sec  50540  
[  5]  20.00-21.00  sec  55.6 MBytes   466 Mbits/sec  49480  
[  5]  21.00-22.00  sec  55.7 MBytes   467 Mbits/sec  49560  
[  5]  22.00-23.00  sec  52.3 MBytes   439 Mbits/sec  46590  
[  5]  23.00-24.00  sec  53.1 MBytes   446 Mbits/sec  47300  
[  5]  24.00-25.00  sec  52.8 MBytes   443 Mbits/sec  47030  
[  5]  25.00-26.00  sec  49.2 MBytes   413 Mbits/sec  43810  
[  5]  26.00-27.00  sec  55.4 MBytes   465 Mbits/sec  49320  
[  5]  27.00-28.00  sec  59.5 MBytes   499 Mbits/sec  52940  
[  5]  28.00-29.00  sec  63.9 MBytes   536 Mbits/sec  56920  
[  5]  29.00-30.00  sec  57.3 MBytes   481 Mbits/sec  51040  
[  5]  30.00-31.00  sec  56.1 MBytes   470 Mbits/sec  49910  
[  5]  31.00-32.00  sec  58.0 MBytes   487 Mbits/sec  51640  
[  5]  32.00-33.00  sec  56.2 MBytes   472 Mbits/sec  50040  
[  5]  33.00-34.00  sec  56.0 MBytes   470 Mbits/sec  49860  
[  5]  34.00-35.00  sec  53.5 MBytes   449 Mbits/sec  47640  
[  5]  35.00-36.00  sec  53.8 MBytes   452 Mbits/sec  47920  
[  5]  36.00-37.00  sec  57.8 MBytes   485 Mbits/sec  51450  
[  5]  37.00-38.00  sec  51.0 MBytes   428 Mbits/sec  45420  
[  5]  38.00-39.00  sec  55.4 MBytes   464 Mbits/sec  49270  
[  5]  39.00-40.00  sec  54.9 MBytes   460 Mbits/sec  48830  
[  5]  40.00-41.00  sec  53.3 MBytes   447 Mbits/sec  47400  
[  5]  41.00-42.00  sec  51.0 MBytes   428 Mbits/sec  45400  
[  5]  42.00-43.00  sec  58.5 MBytes   491 Mbits/sec  52060  
[  5]  43.00-44.00  sec  53.3 MBytes   447 Mbits/sec  47450  
[  5]  44.00-45.00  sec  51.7 MBytes   434 Mbits/sec  46050  
[  5]  45.00-46.00  sec  53.7 MBytes   450 Mbits/sec  47790  
[  5]  46.00-47.00  sec  54.9 MBytes   460 Mbits/sec  48830  
[  5]  47.00-48.00  sec  57.7 MBytes   484 Mbits/sec  51340  
[  5]  48.00-49.00  sec  54.9 MBytes   460 Mbits/sec  48830  
[  5]  49.00-50.00  sec  50.9 MBytes   427 Mbits/sec  45350  
[  5]  50.00-51.00  sec  51.3 MBytes   430 Mbits/sec  45670  
[  5]  51.00-52.00  sec  52.5 MBytes   441 Mbits/sec  46760  
[  5]  52.00-53.00  sec  50.3 MBytes   422 Mbits/sec  44730  
[  5]  53.00-54.00  sec  54.7 MBytes   459 Mbits/sec  48660  
[  5]  54.00-55.00  sec  52.1 MBytes   437 Mbits/sec  46410  
[  5]  55.00-56.00  sec  52.5 MBytes   441 Mbits/sec  46770  
[  5]  56.00-57.00  sec  54.5 MBytes   457 Mbits/sec  48520  
[  5]  57.00-58.00  sec  55.5 MBytes   466 Mbits/sec  49420  
[  5]  58.00-59.00  sec  52.6 MBytes   442 Mbits/sec  46860  
[  5]  59.00-60.00  sec  51.2 MBytes   429 Mbits/sec  45550  
- - - - - - - - - - - - - - - - - - - - - - - - -
[ ID] Interval           Transfer     Bitrate         Jitter    Lost/Total Datagrams
[  5]   0.00-60.00  sec  3.18 GBytes   456 Mbits/sec  0.000 ms  0/2900050 (0%)  sender
[  5]   0.00-60.29  sec  2.19 GBytes   312 Mbits/sec  0.007 ms  916262/2900050 (32%)  receiver

iperf Done.
