Connecting to host 10.136.80.163, port 5201
[  5] local 10.136.173.77 port 60854 connected to 10.136.80.163 port 5201
[ ID] Interval           Transfer     Bitrate         Total Datagrams
[  5]   0.00-1.00   sec  96.9 MBytes   813 Mbits/sec  72660  (omitted)
[  5]   0.00-1.00   sec  98.2 MBytes   823 Mbits/sec  73630  
[  5]   1.00-2.00   sec  98.3 MBytes   825 Mbits/sec  73740  
[  5]   2.00-3.00   sec  98.4 MBytes   826 Mbits/sec  73810  
[  5]   3.00-4.00   sec  98.8 MBytes   829 Mbits/sec  74120  
[  5]   4.00-5.00   sec  97.8 MBytes   820 Mbits/sec  73360  
[  5]   5.00-6.00   sec  98.1 MBytes   823 Mbits/sec  73550  
[  5]   6.00-7.00   sec  97.5 MBytes   818 Mbits/sec  73160  
[  5]   7.00-8.00   sec  98.8 MBytes   829 Mbits/sec  74140  
[  5]   8.00-9.00   sec  99.5 MBytes   835 Mbits/sec  74630  
[  5]   9.00-10.00  sec  98.7 MBytes   828 Mbits/sec  74020  
[  5]  10.00-11.00  sec  98.7 MBytes   828 Mbits/sec  74060  
[  5]  11.00-12.00  sec  98.8 MBytes   829 Mbits/sec  74140  
[  5]  12.00-13.00  sec  98.7 MBytes   828 Mbits/sec  74040  
[  5]  13.00-14.00  sec  98.2 MBytes   824 Mbits/sec  73670  
[  5]  14.00-15.00  sec  98.6 MBytes   827 Mbits/sec  73960  
[  5]  15.00-16.00  sec  98.4 MBytes   826 Mbits/sec  73830  
[  5]  16.00-17.00  sec  98.2 MBytes   824 Mbits/sec  73690  
[  5]  17.00-18.00  sec  98.4 MBytes   826 Mbits/sec  73820  
[  5]  18.00-19.00  sec  97.5 MBytes   818 Mbits/sec  73140  
[  5]  19.00-20.00  sec  97.6 MBytes   818 Mbits/sec  73170  
[  5]  20.00-21.00  sec  97.6 MBytes   819 Mbits/sec  73200  
[  5]  21.00-22.00  sec  98.6 MBytes   827 Mbits/sec  73960  
[  5]  22.00-23.00  sec  97.8 MBytes   820 Mbits/sec  73330  
[  5]  23.00-24.00  sec  99.4 MBytes   834 Mbits/sec  74530  
[  5]  24.00-25.00  sec  98.7 MBytes   828 Mbits/sec  74020  
[  5]  25.00-26.00  sec  97.9 MBytes   821 Mbits/sec  73430  
[  5]  26.00-27.00  sec  97.9 MBytes   821 Mbits/sec  73440  
[  5]  27.00-28.00  sec  97.7 MBytes   820 Mbits/sec  73310  
[  5]  28.00-29.00  sec  97.0 MBytes   813 Mbits/sec  72730  
[  5]  29.00-30.00  sec  97.9 MBytes   821 Mbits/sec  73440  
[  5]  30.00-31.00  sec  96.9 MBytes   813 Mbits/sec  72680  
[  5]  31.00-32.00  sec  97.0 MBytes   814 Mbits/sec  72740  
[  5]  32.00-33.00  sec  97.6 MBytes   819 Mbits/sec  73230  
[  5]  33.00-34.00  sec  99.1 MBytes   831 Mbits/sec  74340  
[  5]  34.00-35.00  sec  98.5 MBytes   826 Mbits/sec  73850  
[  5]  35.00-36.00  sec  98.2 MBytes   823 Mbits/sec  73630  
[  5]  36.00-37.00  sec  98.7 MBytes   828 Mbits/sec  74050  
[  5]  37.00-38.00  sec  99.0 MBytes   830 Mbits/sec  74240  
[  5]  38.00-39.00  sec  99.3 MBytes   833 Mbits/sec  74470  
[  5]  39.00-40.00  sec  97.5 MBytes   818 Mbits/sec  73100  
[  5]  40.00-41.00  sec  98.1 MBytes   823 Mbits/sec  73570  
[  5]  41.00-42.00  sec  98.8 MBytes   829 Mbits/sec  74080  
[  5]  42.00-43.00  sec  97.8 MBytes   821 Mbits/sec  73380  
[  5]  43.00-44.00  sec  97.6 MBytes   819 Mbits/sec  73240  
[  5]  44.00-45.00  sec  98.7 MBytes   828 Mbits/sec  74060  
[  5]  45.00-46.00  sec  97.7 MBytes   819 Mbits/sec  73260  
[  5]  46.00-47.00  sec  99.4 MBytes   834 Mbits/sec  74540  
[  5]  47.00-48.00  sec  99.8 MBytes   837 Mbits/sec  74890  
[  5]  48.00-49.00  sec  99.0 MBytes   831 Mbits/sec  74280  
[  5]  49.00-50.00  sec  99.1 MBytes   832 Mbits/sec  74360  
[  5]  50.00-51.00  sec  98.8 MBytes   828 Mbits/sec  74080  
[  5]  51.00-52.00  sec  99.5 MBytes   835 Mbits/sec  74630  
[  5]  52.00-53.00  sec  98.4 MBytes   825 Mbits/sec  73770  
[  5]  53.00-54.00  sec   100 MBytes   839 Mbits/sec  75000  
[  5]  54.00-55.00  sec  99.8 MBytes   838 Mbits/sec  74890  
[  5]  55.00-56.00  sec  99.1 MBytes   832 Mbits/sec  74360  
[  5]  56.00-57.00  sec  99.2 MBytes   832 Mbits/sec  74380  
[  5]  57.00-58.00  sec  99.3 MBytes   833 Mbits/sec  74470  
[  5]  58.00-59.00  sec  99.2 MBytes   833 Mbits/sec  74440  
[  5]  59.00-60.00  sec  98.4 MBytes   825 Mbits/sec  73810  
- - - - - - - - - - - - - - - - - - - - - - - - -
[ ID] Interval           Transfer     Bitrate         Jitter    Lost/Total Datagrams
[  5]   0.00-60.00  sec  5.77 GBytes   826 Mbits/sec  0.000 ms  0/4430890 (0%)  sender
[  5]   0.00-61.31  sec   230 MBytes  31.5 Mbits/sec  0.029 ms  4328415/4430623 (98%)  receiver

iperf Done.
