Connecting to host 10.136.80.166, port 5201
[  5] local 10.136.173.102 port 36373 connected to 10.136.80.166 port 5201
[ ID] Interval           Transfer     Bitrate         Total Datagrams
[  5]   0.00-1.00   sec  62.7 MBytes   526 Mbits/sec  55780  (omitted)
[  5]   0.00-1.00   sec  62.3 MBytes   523 Mbits/sec  55480  
[  5]   1.00-2.00   sec  59.8 MBytes   501 Mbits/sec  53220  
[  5]   2.00-3.00   sec  61.9 MBytes   520 Mbits/sec  55130  
[  5]   3.00-4.00   sec  70.3 MBytes   590 Mbits/sec  62620  
[  5]   4.00-5.00   sec  61.5 MBytes   516 Mbits/sec  54740  
[  5]   5.00-6.00   sec  60.5 MBytes   507 Mbits/sec  53820  
[  5]   6.00-7.00   sec  64.3 MBytes   539 Mbits/sec  57220  
[  5]   7.00-8.00   sec  61.2 MBytes   514 Mbits/sec  54520  
[  5]   8.00-9.00   sec  68.5 MBytes   574 Mbits/sec  60950  
[  5]   9.00-10.00  sec  61.8 MBytes   518 Mbits/sec  55010  
[  5]  10.00-11.00  sec  61.8 MBytes   518 Mbits/sec  55000  
[  5]  11.00-12.00  sec  59.6 MBytes   500 Mbits/sec  53050  
[  5]  12.00-13.00  sec  57.1 MBytes   479 Mbits/sec  50840  
[  5]  13.00-14.00  sec  63.4 MBytes   532 Mbits/sec  56470  
[  5]  14.00-15.00  sec  61.9 MBytes   519 Mbits/sec  55070  
[  5]  15.00-16.00  sec  61.3 MBytes   514 Mbits/sec  54530  
[  5]  16.00-17.00  sec  61.9 MBytes   519 Mbits/sec  55070  
[  5]  17.00-18.00  sec  62.9 MBytes   528 Mbits/sec  56030  
[  5]  18.00-19.00  sec  66.6 MBytes   559 Mbits/sec  59280  
[  5]  19.00-20.00  sec  61.3 MBytes   514 Mbits/sec  54550  
[  5]  20.00-21.00  sec  65.2 MBytes   547 Mbits/sec  58080  
[  5]  21.00-22.00  sec  66.4 MBytes   557 Mbits/sec  59080  
[  5]  22.00-23.00  sec  62.6 MBytes   525 Mbits/sec  55760  
[  5]  23.00-24.00  sec  64.3 MBytes   540 Mbits/sec  57280  
[  5]  24.00-25.00  sec  60.6 MBytes   508 Mbits/sec  53920  
[  5]  25.00-26.00  sec  56.1 MBytes   470 Mbits/sec  49910  
[  5]  26.00-27.00  sec  59.8 MBytes   502 Mbits/sec  53260  
[  5]  27.00-28.00  sec  52.6 MBytes   441 Mbits/sec  46830  
[  5]  28.00-29.00  sec  60.7 MBytes   509 Mbits/sec  54050  
[  5]  29.00-30.00  sec  61.5 MBytes   516 Mbits/sec  54750  
[  5]  30.00-31.00  sec  63.5 MBytes   533 Mbits/sec  56530  
[  5]  31.00-32.00  sec  51.2 MBytes   430 Mbits/sec  45600  
[  5]  32.00-33.00  sec  63.6 MBytes   534 Mbits/sec  56630  
[  5]  33.00-34.00  sec  61.7 MBytes   518 Mbits/sec  54960  
[  5]  34.00-35.00  sec  62.2 MBytes   522 Mbits/sec  55380  
[  5]  35.00-36.00  sec  61.8 MBytes   519 Mbits/sec  55030  
[  5]  36.00-37.00  sec  64.4 MBytes   540 Mbits/sec  57350  
[  5]  37.00-38.00  sec  65.6 MBytes   550 Mbits/sec  58370  
[  5]  38.00-39.00  sec  65.1 MBytes   546 Mbits/sec  57930  
[  5]  39.00-40.00  sec  65.1 MBytes   546 Mbits/sec  57940  
[  5]  40.00-41.00  sec  52.6 MBytes   441 Mbits/sec  46800  
[  5]  41.00-42.00  sec  53.1 MBytes   446 Mbits/sec  47300  
[  5]  42.00-43.00  sec  53.2 MBytes   446 Mbits/sec  47320  
[  5]  43.00-44.00  sec  74.1 MBytes   622 Mbits/sec  65980  
[  5]  44.00-45.00  sec  82.6 MBytes   693 Mbits/sec  73530  
[  5]  45.00-46.00  sec  81.9 MBytes   687 Mbits/sec  72860  
[  5]  46.00-47.00  sec  79.6 MBytes   667 Mbits/sec  70820  
[  5]  47.00-48.00  sec  62.1 MBytes   521 Mbits/sec  55280  
[  5]  48.00-49.00  sec  62.6 MBytes   525 Mbits/sec  55740  
[  5]  49.00-50.00  sec  68.1 MBytes   571 Mbits/sec  60630  
[  5]  50.00-51.00  sec  62.2 MBytes   522 Mbits/sec  55360  
[  5]  51.00-52.00  sec  61.9 MBytes   520 Mbits/sec  55140  
[  5]  52.00-53.00  sec  64.8 MBytes   544 Mbits/sec  57700  
[  5]  53.00-54.00  sec  66.6 MBytes   559 Mbits/sec  59300  
[  5]  54.00-55.00  sec  65.2 MBytes   547 Mbits/sec  58070  
[  5]  55.00-56.00  sec  60.3 MBytes   506 Mbits/sec  53650  
[  5]  56.00-57.00  sec  63.0 MBytes   528 Mbits/sec  56060  
[  5]  57.00-58.00  sec  62.3 MBytes   522 Mbits/sec  55430  
[  5]  58.00-59.00  sec  61.3 MBytes   515 Mbits/sec  54590  
[  5]  59.00-60.00  sec  71.1 MBytes   596 Mbits/sec  63270  
- - - - - - - - - - - - - - - - - - - - - - - - -
[ ID] Interval           Transfer     Bitrate         Jitter    Lost/Total Datagrams
[  5]   0.00-60.00  sec  3.70 GBytes   530 Mbits/sec  0.000 ms  0/3376070 (0%)  sender
[  5]   0.00-60.04  sec  3.03 GBytes   433 Mbits/sec  0.022 ms  625704/3376069 (19%)  receiver

iperf Done.
