Connecting to host 10.136.80.160, port 5201
[  5] local 10.136.173.87 port 40701 connected to 10.136.80.160 port 5201
[ ID] Interval           Transfer     Bitrate         Total Datagrams
[  5]   0.00-1.00   sec  75.1 MBytes   630 Mbits/sec  66830  (omitted)
[  5]   0.00-1.00   sec  76.4 MBytes   641 Mbits/sec  67980  
[  5]   1.00-2.00   sec  74.7 MBytes   627 Mbits/sec  66520  
[  5]   2.00-3.00   sec  67.4 MBytes   565 Mbits/sec  60000  
[  5]   3.00-4.00   sec  75.9 MBytes   637 Mbits/sec  67550  
[  5]   4.00-5.00   sec  76.8 MBytes   644 Mbits/sec  68330  
[  5]   5.00-6.00   sec  75.7 MBytes   635 Mbits/sec  67350  
[  5]   6.00-7.00   sec  62.0 MBytes   520 Mbits/sec  55200  
[  5]   7.00-8.00   sec  75.0 MBytes   629 Mbits/sec  66740  
[  5]   8.00-9.00   sec  73.6 MBytes   617 Mbits/sec  65470  
[  5]   9.00-10.00  sec  61.4 MBytes   515 Mbits/sec  54630  
[  5]  10.00-11.00  sec  71.2 MBytes   597 Mbits/sec  63390  
[  5]  11.00-12.00  sec  68.3 MBytes   573 Mbits/sec  60790  
[  5]  12.00-13.00  sec  75.5 MBytes   633 Mbits/sec  67210  
[  5]  13.00-14.00  sec  74.7 MBytes   627 Mbits/sec  66490  
[  5]  14.00-15.00  sec  75.6 MBytes   634 Mbits/sec  67250  
[  5]  15.00-16.00  sec  75.4 MBytes   632 Mbits/sec  67110  
[  5]  16.00-17.00  sec  73.5 MBytes   617 Mbits/sec  65420  
[  5]  17.00-18.00  sec  76.0 MBytes   638 Mbits/sec  67670  
[  5]  18.00-19.00  sec  75.6 MBytes   634 Mbits/sec  67250  
[  5]  19.00-20.00  sec  76.4 MBytes   641 Mbits/sec  67980  
[  5]  20.00-21.00  sec  75.6 MBytes   634 Mbits/sec  67310  
[  5]  21.00-22.00  sec  75.5 MBytes   633 Mbits/sec  67200  
[  5]  22.00-23.00  sec  74.2 MBytes   622 Mbits/sec  66050  
[  5]  23.00-24.00  sec  68.4 MBytes   574 Mbits/sec  60900  
[  5]  24.00-25.00  sec  76.8 MBytes   644 Mbits/sec  68380  
[  5]  25.00-26.00  sec  74.7 MBytes   626 Mbits/sec  66450  
[  5]  26.00-27.00  sec  76.3 MBytes   640 Mbits/sec  67880  
[  5]  27.00-28.00  sec  75.9 MBytes   636 Mbits/sec  67520  
[  5]  28.00-29.00  sec  76.1 MBytes   639 Mbits/sec  67780  
[  5]  29.00-30.00  sec  75.7 MBytes   635 Mbits/sec  67410  
[  5]  30.00-31.00  sec  76.0 MBytes   638 Mbits/sec  67680  
[  5]  31.00-32.00  sec  75.6 MBytes   634 Mbits/sec  67250  
[  5]  32.00-33.00  sec  68.3 MBytes   573 Mbits/sec  60770  
[  5]  33.00-34.00  sec  74.6 MBytes   626 Mbits/sec  66400  
[  5]  34.00-35.00  sec  73.8 MBytes   619 Mbits/sec  65730  
[  5]  35.00-36.00  sec  74.2 MBytes   623 Mbits/sec  66070  
[  5]  36.00-37.00  sec  71.0 MBytes   595 Mbits/sec  63180  
[  5]  37.00-38.00  sec  75.0 MBytes   629 Mbits/sec  66760  
[  5]  38.00-39.00  sec  74.7 MBytes   626 Mbits/sec  66470  
[  5]  39.00-40.00  sec  74.9 MBytes   628 Mbits/sec  66650  
[  5]  40.00-41.00  sec  75.2 MBytes   631 Mbits/sec  66910  
[  5]  41.00-42.00  sec  75.3 MBytes   632 Mbits/sec  67050  
[  5]  42.00-43.00  sec  73.9 MBytes   620 Mbits/sec  65790  
[  5]  43.00-44.00  sec  74.5 MBytes   625 Mbits/sec  66340  
[  5]  44.00-45.00  sec  74.9 MBytes   628 Mbits/sec  66630  
[  5]  45.00-46.00  sec  74.5 MBytes   625 Mbits/sec  66340  
[  5]  46.00-47.00  sec  72.8 MBytes   611 Mbits/sec  64800  
[  5]  47.00-48.00  sec  74.5 MBytes   625 Mbits/sec  66330  
[  5]  48.00-49.00  sec  74.7 MBytes   626 Mbits/sec  66450  
[  5]  49.00-50.00  sec  80.2 MBytes   673 Mbits/sec  71410  
[  5]  50.00-51.00  sec  75.6 MBytes   634 Mbits/sec  67260  
[  5]  51.00-52.00  sec  74.5 MBytes   625 Mbits/sec  66300  
[  5]  52.00-53.00  sec  72.0 MBytes   604 Mbits/sec  64120  
[  5]  53.00-54.00  sec  75.4 MBytes   632 Mbits/sec  67110  
[  5]  54.00-55.00  sec  73.4 MBytes   615 Mbits/sec  65300  
[  5]  55.00-56.00  sec  74.5 MBytes   625 Mbits/sec  66340  
[  5]  56.00-57.00  sec  73.6 MBytes   618 Mbits/sec  65540  
[  5]  57.00-58.00  sec  70.4 MBytes   591 Mbits/sec  62660  
[  5]  58.00-59.00  sec  82.4 MBytes   691 Mbits/sec  73350  
[  5]  59.00-60.00  sec  78.2 MBytes   656 Mbits/sec  69650  
- - - - - - - - - - - - - - - - - - - - - - - - -
[ ID] Interval           Transfer     Bitrate         Jitter    Lost/Total Datagrams
[  5]   0.00-60.00  sec  4.34 GBytes   622 Mbits/sec  0.000 ms  0/3959850 (0%)  sender
[  5]   0.00-61.96  sec  55.5 MBytes  7.51 Mbits/sec  4.169 ms  3955331/3939829 (1e+02%)  receiver

iperf Done.
