Connecting to host knb-server-4094887, port 5201
[  5] local 10.136.173.112 port 59194 connected to 10.43.135.11 port 5201
[ ID] Interval           Transfer     Bitrate         Total Datagrams
[  5]   0.00-1.00   sec  70.3 MBytes   589 Mbits/sec  62540  (omitted)
[  5]   0.00-1.00   sec  72.6 MBytes   609 Mbits/sec  64650  
[  5]   1.00-2.00   sec  72.4 MBytes   607 Mbits/sec  64420  
[  5]   2.00-3.00   sec  70.7 MBytes   593 Mbits/sec  62930  
[  5]   3.00-4.00   sec  72.3 MBytes   606 Mbits/sec  64330  
[  5]   4.00-5.00   sec  61.8 MBytes   519 Mbits/sec  55030  
[  5]   5.00-6.00   sec  52.2 MBytes   438 Mbits/sec  46440  
[  5]   6.00-7.00   sec  53.4 MBytes   448 Mbits/sec  47510  
[  5]   7.00-8.00   sec  65.5 MBytes   550 Mbits/sec  58340  
[  5]   8.00-9.00   sec  59.9 MBytes   503 Mbits/sec  53350  
[  5]   9.00-10.00  sec  72.5 MBytes   608 Mbits/sec  64530  
[  5]  10.00-11.00  sec  67.9 MBytes   570 Mbits/sec  60440  
[  5]  11.00-12.00  sec  68.1 MBytes   572 Mbits/sec  60640  
[  5]  12.00-13.00  sec  71.8 MBytes   602 Mbits/sec  63910  
[  5]  13.00-14.00  sec  72.0 MBytes   604 Mbits/sec  64080  
[  5]  14.00-15.00  sec  71.4 MBytes   599 Mbits/sec  63570  
[  5]  15.00-16.00  sec  70.8 MBytes   594 Mbits/sec  63060  
[  5]  16.00-17.00  sec  70.9 MBytes   595 Mbits/sec  63090  
[  5]  17.00-18.00  sec  69.3 MBytes   582 Mbits/sec  61710  
[  5]  18.00-19.00  sec  71.5 MBytes   600 Mbits/sec  63630  
[  5]  19.00-20.00  sec  72.3 MBytes   607 Mbits/sec  64360  
[  5]  20.00-21.00  sec  71.7 MBytes   602 Mbits/sec  63850  
[  5]  21.00-22.00  sec  70.8 MBytes   594 Mbits/sec  62990  
[  5]  22.00-23.00  sec  73.3 MBytes   615 Mbits/sec  65230  
[  5]  23.00-24.00  sec  66.3 MBytes   556 Mbits/sec  58980  
[  5]  24.00-25.00  sec  71.4 MBytes   599 Mbits/sec  63530  
[  5]  25.00-26.00  sec  74.0 MBytes   620 Mbits/sec  65840  
[  5]  26.00-27.00  sec  71.6 MBytes   600 Mbits/sec  63700  
[  5]  27.00-28.00  sec  68.9 MBytes   578 Mbits/sec  61370  
[  5]  28.00-29.00  sec  70.9 MBytes   595 Mbits/sec  63130  
[  5]  29.00-30.00  sec  72.4 MBytes   607 Mbits/sec  64420  
[  5]  30.00-31.00  sec  71.2 MBytes   597 Mbits/sec  63390  
[  5]  31.00-32.00  sec  70.3 MBytes   590 Mbits/sec  62570  
[  5]  32.00-33.00  sec  70.9 MBytes   595 Mbits/sec  63100  
[  5]  33.00-34.00  sec  70.8 MBytes   594 Mbits/sec  63010  
[  5]  34.00-35.00  sec  71.5 MBytes   600 Mbits/sec  63660  
[  5]  35.00-36.00  sec  64.1 MBytes   538 Mbits/sec  57070  
[  5]  36.00-37.00  sec  51.9 MBytes   435 Mbits/sec  46160  
[  5]  37.00-38.00  sec  71.0 MBytes   596 Mbits/sec  63210  
[  5]  38.00-39.00  sec  71.2 MBytes   598 Mbits/sec  63420  
[  5]  39.00-40.00  sec  71.2 MBytes   598 Mbits/sec  63420  
[  5]  40.00-41.00  sec  73.6 MBytes   618 Mbits/sec  65530  
[  5]  41.00-42.00  sec  68.7 MBytes   577 Mbits/sec  61190  
[  5]  42.00-43.00  sec  65.9 MBytes   553 Mbits/sec  58630  
[  5]  43.00-44.00  sec  68.4 MBytes   574 Mbits/sec  60880  
[  5]  44.00-45.00  sec  72.1 MBytes   604 Mbits/sec  64140  
[  5]  45.00-46.00  sec  71.7 MBytes   601 Mbits/sec  63800  
[  5]  46.00-47.00  sec  72.2 MBytes   606 Mbits/sec  64270  
[  5]  47.00-48.00  sec  71.0 MBytes   596 Mbits/sec  63210  
[  5]  48.00-49.00  sec  65.3 MBytes   548 Mbits/sec  58110  
[  5]  49.00-50.00  sec  72.3 MBytes   607 Mbits/sec  64380  
[  5]  50.00-51.00  sec  72.4 MBytes   607 Mbits/sec  64440  
[  5]  51.00-52.00  sec  70.4 MBytes   591 Mbits/sec  62690  
[  5]  52.00-53.00  sec  73.0 MBytes   613 Mbits/sec  65010  
[  5]  53.00-54.00  sec  72.0 MBytes   604 Mbits/sec  64110  
[  5]  54.00-55.00  sec  72.3 MBytes   606 Mbits/sec  64340  
[  5]  55.00-56.00  sec  72.3 MBytes   607 Mbits/sec  64390  
[  5]  56.00-57.00  sec  71.6 MBytes   601 Mbits/sec  63760  
[  5]  57.00-58.00  sec  71.5 MBytes   600 Mbits/sec  63680  
[  5]  58.00-59.00  sec  72.1 MBytes   605 Mbits/sec  64150  
[  5]  59.00-60.00  sec  71.3 MBytes   599 Mbits/sec  63510  
- - - - - - - - - - - - - - - - - - - - - - - - -
[ ID] Interval           Transfer     Bitrate         Jitter    Lost/Total Datagrams
[  5]   0.00-60.00  sec  4.08 GBytes   584 Mbits/sec  0.000 ms  0/3716290 (0%)  sender
[  5]   0.00-60.30  sec   991 MBytes   138 Mbits/sec  0.288 ms  2872663/3708561 (77%)  receiver

iperf Done.
