Connecting to host 10.136.80.173, port 5201
[  5] local 10.136.173.73 port 60611 connected to 10.136.80.173 port 5201
[ ID] Interval           Transfer     Bitrate         Total Datagrams
[  5]   0.00-1.00   sec  55.8 MBytes   468 Mbits/sec  49670  (omitted)
[  5]   0.00-1.00   sec  54.1 MBytes   454 Mbits/sec  48150  
[  5]   1.00-2.00   sec  54.7 MBytes   459 Mbits/sec  48690  
[  5]   2.00-3.00   sec  51.1 MBytes   429 Mbits/sec  45470  
[  5]   3.00-4.00   sec  52.9 MBytes   443 Mbits/sec  47060  
[  5]   4.00-5.00   sec  53.4 MBytes   448 Mbits/sec  47520  
[  5]   5.00-6.00   sec  54.3 MBytes   455 Mbits/sec  48300  
[  5]   6.00-7.00   sec  56.4 MBytes   473 Mbits/sec  50180  
[  5]   7.00-8.00   sec  52.9 MBytes   443 Mbits/sec  47050  
[  5]   8.00-9.00   sec  53.0 MBytes   445 Mbits/sec  47180  
[  5]   9.00-10.00  sec  53.9 MBytes   452 Mbits/sec  47970  
[  5]  10.00-11.00  sec  36.0 MBytes   302 Mbits/sec  32070  
[  5]  11.00-12.00  sec  52.9 MBytes   444 Mbits/sec  47110  
[  5]  12.00-13.00  sec  55.8 MBytes   468 Mbits/sec  49700  
[  5]  13.00-14.00  sec  57.5 MBytes   482 Mbits/sec  51140  
[  5]  14.00-15.00  sec  53.6 MBytes   450 Mbits/sec  47700  
[  5]  15.00-16.00  sec  53.0 MBytes   444 Mbits/sec  47140  
[  5]  16.00-17.00  sec  52.8 MBytes   443 Mbits/sec  47000  
[  5]  17.00-18.00  sec  54.0 MBytes   453 Mbits/sec  48030  
[  5]  18.00-19.00  sec  54.1 MBytes   453 Mbits/sec  48120  
[  5]  19.00-20.00  sec  53.4 MBytes   448 Mbits/sec  47500  
[  5]  20.00-21.00  sec  53.5 MBytes   449 Mbits/sec  47610  
[  5]  21.00-22.00  sec  55.2 MBytes   463 Mbits/sec  49100  
[  5]  22.00-23.00  sec  55.9 MBytes   469 Mbits/sec  49800  
[  5]  23.00-24.00  sec  55.2 MBytes   463 Mbits/sec  49130  
[  5]  24.00-25.00  sec  54.6 MBytes   458 Mbits/sec  48620  
[  5]  25.00-26.00  sec  55.0 MBytes   461 Mbits/sec  48960  
[  5]  26.00-27.00  sec  52.9 MBytes   443 Mbits/sec  47060  
[  5]  27.00-28.00  sec  52.5 MBytes   440 Mbits/sec  46740  
[  5]  28.00-29.00  sec  55.3 MBytes   464 Mbits/sec  49200  
[  5]  29.00-30.00  sec  57.0 MBytes   478 Mbits/sec  50730  
[  5]  30.00-31.00  sec  54.3 MBytes   456 Mbits/sec  48350  
[  5]  31.00-32.00  sec  50.2 MBytes   421 Mbits/sec  44700  
[  5]  32.00-33.00  sec  53.8 MBytes   451 Mbits/sec  47890  
[  5]  33.00-34.00  sec  56.4 MBytes   473 Mbits/sec  50210  
[  5]  34.00-35.00  sec  56.9 MBytes   478 Mbits/sec  50680  
[  5]  35.00-36.00  sec  57.5 MBytes   482 Mbits/sec  51150  
[  5]  36.00-37.00  sec  54.4 MBytes   456 Mbits/sec  48410  
[  5]  37.00-38.00  sec  52.7 MBytes   442 Mbits/sec  46920  
[  5]  38.00-39.00  sec  55.3 MBytes   464 Mbits/sec  49250  
[  5]  39.00-40.00  sec  53.4 MBytes   448 Mbits/sec  47520  
[  5]  40.00-41.00  sec  54.8 MBytes   460 Mbits/sec  48790  
[  5]  41.00-42.00  sec  53.7 MBytes   451 Mbits/sec  47830  
[  5]  42.00-43.00  sec  53.9 MBytes   452 Mbits/sec  48000  
[  5]  43.00-44.00  sec  54.5 MBytes   457 Mbits/sec  48480  
[  5]  44.00-45.00  sec  53.4 MBytes   448 Mbits/sec  47540  
[  5]  45.00-46.00  sec  54.9 MBytes   461 Mbits/sec  48910  
[  5]  46.00-47.00  sec  54.8 MBytes   459 Mbits/sec  48760  
[  5]  47.00-48.00  sec  55.7 MBytes   468 Mbits/sec  49620  
[  5]  48.00-49.00  sec  54.5 MBytes   457 Mbits/sec  48520  
[  5]  49.00-50.00  sec  54.2 MBytes   454 Mbits/sec  48210  
[  5]  50.00-51.00  sec  52.5 MBytes   440 Mbits/sec  46690  
[  5]  51.00-52.00  sec  47.8 MBytes   401 Mbits/sec  42550  
[  5]  52.00-53.00  sec  56.2 MBytes   471 Mbits/sec  50000  
[  5]  53.00-54.00  sec  55.3 MBytes   464 Mbits/sec  49230  
[  5]  54.00-55.00  sec  54.3 MBytes   456 Mbits/sec  48350  
[  5]  55.00-56.00  sec  53.2 MBytes   446 Mbits/sec  47360  
[  5]  56.00-57.00  sec  52.6 MBytes   442 Mbits/sec  46860  
[  5]  57.00-58.00  sec  55.1 MBytes   462 Mbits/sec  49060  
[  5]  58.00-59.00  sec  52.3 MBytes   439 Mbits/sec  46560  
[  5]  59.00-60.00  sec  55.7 MBytes   467 Mbits/sec  49600  
- - - - - - - - - - - - - - - - - - - - - - - - -
[ ID] Interval           Transfer     Bitrate         Jitter    Lost/Total Datagrams
[  5]   0.00-60.00  sec  3.16 GBytes   452 Mbits/sec  0.000 ms  0/2876030 (0%)  sender
[  5]   0.00-60.23  sec  1.88 GBytes   268 Mbits/sec  0.157 ms  1186519/2876030 (41%)  receiver

iperf Done.
