Connecting to host knb-server-310049, port 5201
[  5] local 10.136.173.65 port 35909 connected to 10.43.186.77 port 5201
[ ID] Interval           Transfer     Bitrate         Total Datagrams
[  5]   0.00-1.00   sec  52.2 MBytes   438 Mbits/sec  46500  (omitted)
[  5]   0.00-1.00   sec  50.5 MBytes   424 Mbits/sec  44980  
[  5]   1.00-2.00   sec  51.7 MBytes   434 Mbits/sec  46060  
[  5]   2.00-3.00   sec  50.6 MBytes   424 Mbits/sec  45020  
[  5]   3.00-4.00   sec  53.1 MBytes   446 Mbits/sec  47270  
[  5]   4.00-5.00   sec  54.0 MBytes   453 Mbits/sec  48080  
[  5]   5.00-6.00   sec  52.1 MBytes   437 Mbits/sec  46380  
[  5]   6.00-7.00   sec  51.7 MBytes   434 Mbits/sec  46000  
[  5]   7.00-8.00   sec  50.6 MBytes   424 Mbits/sec  45020  
[  5]   8.00-9.00   sec  51.3 MBytes   430 Mbits/sec  45650  
[  5]   9.00-10.00  sec  50.7 MBytes   426 Mbits/sec  45160  
[  5]  10.00-11.00  sec  53.0 MBytes   445 Mbits/sec  47170  
[  5]  11.00-12.00  sec  50.4 MBytes   423 Mbits/sec  44850  
[  5]  12.00-13.00  sec  50.9 MBytes   427 Mbits/sec  45300  
[  5]  13.00-14.00  sec  52.0 MBytes   437 Mbits/sec  46330  
[  5]  14.00-15.00  sec  49.2 MBytes   413 Mbits/sec  43810  
[  5]  15.00-16.00  sec  52.7 MBytes   442 Mbits/sec  46950  
[  5]  16.00-17.00  sec  52.5 MBytes   440 Mbits/sec  46690  
[  5]  17.00-18.00  sec  52.9 MBytes   444 Mbits/sec  47100  
[  5]  18.00-19.00  sec  49.5 MBytes   415 Mbits/sec  44070  
[  5]  19.00-20.00  sec  51.6 MBytes   433 Mbits/sec  45970  
[  5]  20.00-21.00  sec  46.0 MBytes   386 Mbits/sec  40940  
[  5]  21.00-22.00  sec  50.7 MBytes   425 Mbits/sec  45130  
[  5]  22.00-23.00  sec  51.7 MBytes   434 Mbits/sec  46010  
[  5]  23.00-24.00  sec  53.1 MBytes   446 Mbits/sec  47300  
[  5]  24.00-25.00  sec  54.6 MBytes   458 Mbits/sec  48630  
[  5]  25.00-26.00  sec  57.0 MBytes   479 Mbits/sec  50780  
[  5]  26.00-27.00  sec  50.4 MBytes   423 Mbits/sec  44900  
[  5]  27.00-28.00  sec  49.9 MBytes   419 Mbits/sec  44460  
[  5]  28.00-29.00  sec  51.8 MBytes   435 Mbits/sec  46130  
[  5]  29.00-30.00  sec  51.5 MBytes   432 Mbits/sec  45830  
[  5]  30.00-31.00  sec  52.6 MBytes   441 Mbits/sec  46810  
[  5]  31.00-32.00  sec  51.4 MBytes   431 Mbits/sec  45720  
[  5]  32.00-33.00  sec  49.1 MBytes   412 Mbits/sec  43740  
[  5]  33.00-34.00  sec  50.6 MBytes   424 Mbits/sec  45000  
[  5]  34.00-35.00  sec  50.7 MBytes   425 Mbits/sec  45120  
[  5]  35.00-36.00  sec  51.8 MBytes   435 Mbits/sec  46110  
[  5]  36.00-37.00  sec  50.2 MBytes   421 Mbits/sec  44690  
[  5]  37.00-38.00  sec  51.4 MBytes   431 Mbits/sec  45750  
[  5]  38.00-39.00  sec  57.6 MBytes   484 Mbits/sec  51310  
[  5]  39.00-40.00  sec  51.8 MBytes   434 Mbits/sec  46100  
[  5]  40.00-41.00  sec  51.1 MBytes   429 Mbits/sec  45530  
[  5]  41.00-42.00  sec  52.4 MBytes   439 Mbits/sec  46600  
[  5]  42.00-43.00  sec  49.8 MBytes   418 Mbits/sec  44350  
[  5]  43.00-44.00  sec  52.2 MBytes   438 Mbits/sec  46450  
[  5]  44.00-45.00  sec  48.4 MBytes   406 Mbits/sec  43120  
[  5]  45.00-46.00  sec  51.5 MBytes   432 Mbits/sec  45820  
[  5]  46.00-47.00  sec  55.0 MBytes   462 Mbits/sec  49000  
[  5]  47.00-48.00  sec  49.5 MBytes   415 Mbits/sec  44080  
[  5]  48.00-49.00  sec  50.4 MBytes   422 Mbits/sec  44830  
[  5]  49.00-50.00  sec  50.2 MBytes   421 Mbits/sec  44690  
[  5]  50.00-51.00  sec  51.0 MBytes   428 Mbits/sec  45370  
[  5]  51.00-52.00  sec  51.8 MBytes   434 Mbits/sec  46080  
[  5]  52.00-53.00  sec  51.1 MBytes   428 Mbits/sec  45450  
[  5]  53.00-54.00  sec  52.0 MBytes   436 Mbits/sec  46280  
[  5]  54.00-55.00  sec  50.6 MBytes   424 Mbits/sec  45000  
[  5]  55.00-56.00  sec  51.3 MBytes   430 Mbits/sec  45660  
[  5]  56.00-57.00  sec  52.2 MBytes   438 Mbits/sec  46490  
[  5]  57.00-58.00  sec  45.8 MBytes   385 Mbits/sec  40810  
[  5]  58.00-59.00  sec  51.8 MBytes   434 Mbits/sec  46090  
[  5]  59.00-60.00  sec  56.6 MBytes   475 Mbits/sec  50360  
- - - - - - - - - - - - - - - - - - - - - - - - -
[ ID] Interval           Transfer     Bitrate         Jitter    Lost/Total Datagrams
[  5]   0.00-60.00  sec  3.02 GBytes   432 Mbits/sec  0.000 ms  0/2750380 (0%)  sender
[  5]   0.00-60.24  sec  1.87 GBytes   266 Mbits/sec  0.006 ms  1068962/2750380 (39%)  receiver

iperf Done.
