Connecting to host 10.136.80.168, port 5201
[  5] local 10.136.173.92 port 49641 connected to 10.136.80.168 port 5201
[ ID] Interval           Transfer     Bitrate         Total Datagrams
[  5]   0.00-1.00   sec  83.5 MBytes   701 Mbits/sec  62640  (omitted)
[  5]   0.00-1.00   sec  78.0 MBytes   654 Mbits/sec  58510  
[  5]   1.00-2.00   sec  77.9 MBytes   654 Mbits/sec  58460  
[  5]   2.00-3.00   sec  78.1 MBytes   655 Mbits/sec  58600  
[  5]   3.00-4.00   sec  78.6 MBytes   659 Mbits/sec  58950  
[  5]   4.00-5.00   sec  77.8 MBytes   653 Mbits/sec  58350  
[  5]   5.00-6.00   sec  78.6 MBytes   660 Mbits/sec  58990  
[  5]   6.00-7.00   sec  83.2 MBytes   698 Mbits/sec  62390  
[  5]   7.00-8.00   sec  93.7 MBytes   786 Mbits/sec  70270  
[  5]   8.00-9.00   sec  93.5 MBytes   784 Mbits/sec  70140  
[  5]   9.00-10.00  sec  92.9 MBytes   780 Mbits/sec  69710  
[  5]  10.00-11.00  sec  92.7 MBytes   778 Mbits/sec  69540  
[  5]  11.00-12.00  sec  93.3 MBytes   783 Mbits/sec  70000  
[  5]  12.00-13.00  sec  92.7 MBytes   778 Mbits/sec  69550  
[  5]  13.00-14.00  sec  93.5 MBytes   784 Mbits/sec  70120  
[  5]  14.00-15.00  sec  93.7 MBytes   786 Mbits/sec  70250  
[  5]  15.00-16.00  sec  93.1 MBytes   781 Mbits/sec  69860  
[  5]  16.00-17.00  sec  93.8 MBytes   787 Mbits/sec  70330  
[  5]  17.00-18.00  sec  88.4 MBytes   742 Mbits/sec  66330  
[  5]  18.00-19.00  sec  90.8 MBytes   762 Mbits/sec  68120  
[  5]  19.00-20.00  sec  92.9 MBytes   779 Mbits/sec  69700  
[  5]  20.00-21.00  sec  93.9 MBytes   788 Mbits/sec  70440  
[  5]  21.00-22.00  sec  94.0 MBytes   788 Mbits/sec  70480  
[  5]  22.00-23.00  sec  93.4 MBytes   784 Mbits/sec  70080  
[  5]  23.00-24.00  sec  93.7 MBytes   786 Mbits/sec  70300  
[  5]  24.00-25.00  sec  94.0 MBytes   788 Mbits/sec  70470  
[  5]  25.00-26.00  sec  93.5 MBytes   784 Mbits/sec  70100  
[  5]  26.00-27.00  sec  93.8 MBytes   787 Mbits/sec  70320  
[  5]  27.00-28.00  sec  93.8 MBytes   787 Mbits/sec  70370  
[  5]  28.00-29.00  sec  93.8 MBytes   787 Mbits/sec  70340  
[  5]  29.00-30.00  sec  91.6 MBytes   768 Mbits/sec  68670  
[  5]  30.00-31.00  sec  78.5 MBytes   659 Mbits/sec  58910  
[  5]  31.00-32.00  sec  80.8 MBytes   678 Mbits/sec  60640  
[  5]  32.00-33.00  sec  78.3 MBytes   657 Mbits/sec  58740  
[  5]  33.00-34.00  sec  80.6 MBytes   676 Mbits/sec  60480  
[  5]  34.00-35.00  sec  79.9 MBytes   670 Mbits/sec  59920  
[  5]  35.00-36.00  sec  78.4 MBytes   658 Mbits/sec  58810  
[  5]  36.00-37.00  sec  77.6 MBytes   651 Mbits/sec  58190  
[  5]  37.00-38.00  sec  80.3 MBytes   674 Mbits/sec  60260  
[  5]  38.00-39.00  sec  81.2 MBytes   681 Mbits/sec  60930  
[  5]  39.00-40.00  sec  80.2 MBytes   672 Mbits/sec  60120  
[  5]  40.00-41.00  sec  80.2 MBytes   672 Mbits/sec  60130  
[  5]  41.00-42.00  sec  80.4 MBytes   674 Mbits/sec  60290  
[  5]  42.00-43.00  sec  78.8 MBytes   661 Mbits/sec  59110  
[  5]  43.00-44.00  sec  80.9 MBytes   679 Mbits/sec  60680  
[  5]  44.00-45.00  sec  81.0 MBytes   679 Mbits/sec  60750  
[  5]  45.00-46.00  sec  80.0 MBytes   671 Mbits/sec  60030  
[  5]  46.00-47.00  sec  81.2 MBytes   681 Mbits/sec  60900  
[  5]  47.00-48.00  sec  79.9 MBytes   670 Mbits/sec  59920  
[  5]  48.00-49.00  sec  79.4 MBytes   666 Mbits/sec  59570  
[  5]  49.00-50.00  sec  80.0 MBytes   671 Mbits/sec  60010  
[  5]  50.00-51.00  sec  86.4 MBytes   725 Mbits/sec  64830  
[  5]  51.00-52.00  sec  94.0 MBytes   788 Mbits/sec  70480  
[  5]  52.00-53.00  sec  93.6 MBytes   785 Mbits/sec  70200  
[  5]  53.00-54.00  sec  93.5 MBytes   784 Mbits/sec  70130  
[  5]  54.00-55.00  sec  93.7 MBytes   786 Mbits/sec  70300  
[  5]  55.00-56.00  sec  94.1 MBytes   789 Mbits/sec  70580  
[  5]  56.00-57.00  sec  94.3 MBytes   791 Mbits/sec  70730  
[  5]  57.00-58.00  sec  94.3 MBytes   791 Mbits/sec  70700  
[  5]  58.00-59.00  sec  94.1 MBytes   789 Mbits/sec  70580  
[  5]  59.00-60.00  sec  93.7 MBytes   786 Mbits/sec  70270  
- - - - - - - - - - - - - - - - - - - - - - - - -
[ ID] Interval           Transfer     Bitrate         Jitter    Lost/Total Datagrams
[  5]   0.00-60.00  sec  5.10 GBytes   730 Mbits/sec  0.000 ms  0/3916930 (0%)  sender
[  5]   0.00-60.04  sec  5.10 GBytes   730 Mbits/sec  0.013 ms  84/3916930 (0.0021%)  receiver

iperf Done.
