Connecting to host 10.136.80.188, port 5201
[  5] local 10.136.173.72 port 58176 connected to 10.136.80.188 port 5201
[ ID] Interval           Transfer     Bitrate         Total Datagrams
[  5]   0.00-1.00   sec  74.4 MBytes   624 Mbits/sec  66230  (omitted)
[  5]   0.00-1.00   sec  70.6 MBytes   592 Mbits/sec  62840  
[  5]   1.00-2.00   sec  71.9 MBytes   603 Mbits/sec  64030  
[  5]   2.00-3.00   sec  73.0 MBytes   613 Mbits/sec  65000  
[  5]   3.00-4.00   sec  73.1 MBytes   613 Mbits/sec  65070  
[  5]   4.00-5.00   sec  70.4 MBytes   590 Mbits/sec  62630  
[  5]   5.00-6.00   sec  72.3 MBytes   607 Mbits/sec  64370  
[  5]   6.00-7.00   sec  71.2 MBytes   598 Mbits/sec  63410  
[  5]   7.00-8.00   sec  61.3 MBytes   514 Mbits/sec  54570  
[  5]   8.00-9.00   sec  72.4 MBytes   607 Mbits/sec  64450  
[  5]   9.00-10.00  sec  72.1 MBytes   605 Mbits/sec  64200  
[  5]  10.00-11.00  sec  65.9 MBytes   552 Mbits/sec  58620  
[  5]  11.00-12.00  sec  72.7 MBytes   610 Mbits/sec  64730  
[  5]  12.00-13.00  sec  72.5 MBytes   608 Mbits/sec  64560  
[  5]  13.00-14.00  sec  56.4 MBytes   473 Mbits/sec  50170  
[  5]  14.00-15.00  sec  73.3 MBytes   615 Mbits/sec  65260  
[  5]  15.00-16.00  sec  67.0 MBytes   562 Mbits/sec  59600  
[  5]  16.00-17.00  sec  66.2 MBytes   555 Mbits/sec  58940  
[  5]  17.00-18.00  sec  70.7 MBytes   593 Mbits/sec  62970  
[  5]  18.00-19.00  sec  69.8 MBytes   585 Mbits/sec  62090  
[  5]  19.00-20.00  sec  69.7 MBytes   585 Mbits/sec  62070  
[  5]  20.00-21.00  sec  64.9 MBytes   544 Mbits/sec  57730  
[  5]  21.00-22.00  sec  51.7 MBytes   434 Mbits/sec  46060  
[  5]  22.00-23.00  sec  52.3 MBytes   439 Mbits/sec  46580  
[  5]  23.00-24.00  sec  60.6 MBytes   509 Mbits/sec  53970  
[  5]  24.00-25.00  sec  72.9 MBytes   612 Mbits/sec  64900  
[  5]  25.00-26.00  sec  68.9 MBytes   578 Mbits/sec  61300  
[  5]  26.00-27.00  sec  67.2 MBytes   564 Mbits/sec  59800  
[  5]  27.00-28.00  sec  70.6 MBytes   592 Mbits/sec  62820  
[  5]  28.00-29.00  sec  73.1 MBytes   613 Mbits/sec  65030  
[  5]  29.00-30.00  sec  72.7 MBytes   610 Mbits/sec  64700  
[  5]  30.00-31.00  sec  65.2 MBytes   547 Mbits/sec  58020  
[  5]  31.00-32.00  sec  71.5 MBytes   600 Mbits/sec  63620  
[  5]  32.00-33.00  sec  71.0 MBytes   595 Mbits/sec  63160  
[  5]  33.00-34.00  sec  73.2 MBytes   614 Mbits/sec  65180  
[  5]  34.00-35.00  sec  75.7 MBytes   635 Mbits/sec  67400  
[  5]  35.00-36.00  sec  72.0 MBytes   604 Mbits/sec  64050  
[  5]  36.00-37.00  sec  53.0 MBytes   445 Mbits/sec  47210  
[  5]  37.00-38.00  sec  53.2 MBytes   446 Mbits/sec  47330  
[  5]  38.00-39.00  sec  52.5 MBytes   440 Mbits/sec  46700  
[  5]  39.00-40.00  sec  52.6 MBytes   441 Mbits/sec  46840  
[  5]  40.00-41.00  sec  57.3 MBytes   480 Mbits/sec  50970  
[  5]  41.00-42.00  sec  71.8 MBytes   602 Mbits/sec  63880  
[  5]  42.00-43.00  sec  71.6 MBytes   600 Mbits/sec  63710  
[  5]  43.00-44.00  sec  71.0 MBytes   595 Mbits/sec  63170  
[  5]  44.00-45.00  sec  68.0 MBytes   571 Mbits/sec  60550  
[  5]  45.00-46.00  sec  74.1 MBytes   621 Mbits/sec  65920  
[  5]  46.00-47.00  sec  73.0 MBytes   612 Mbits/sec  64990  
[  5]  47.00-48.00  sec  71.1 MBytes   596 Mbits/sec  63280  
[  5]  48.00-49.00  sec  73.6 MBytes   618 Mbits/sec  65530  
[  5]  49.00-50.00  sec  72.7 MBytes   610 Mbits/sec  64680  
[  5]  50.00-51.00  sec  74.8 MBytes   627 Mbits/sec  66560  
[  5]  51.00-52.00  sec  71.9 MBytes   603 Mbits/sec  63970  
[  5]  52.00-53.00  sec  71.1 MBytes   596 Mbits/sec  63270  
[  5]  53.00-54.00  sec  71.9 MBytes   603 Mbits/sec  64020  
[  5]  54.00-55.00  sec  70.7 MBytes   593 Mbits/sec  62970  
[  5]  55.00-56.00  sec  72.0 MBytes   604 Mbits/sec  64110  
[  5]  56.00-57.00  sec  72.2 MBytes   606 Mbits/sec  64310  
[  5]  57.00-58.00  sec  74.5 MBytes   625 Mbits/sec  66290  
[  5]  58.00-59.00  sec  69.6 MBytes   584 Mbits/sec  61930  
[  5]  59.00-60.00  sec  73.0 MBytes   613 Mbits/sec  65000  
- - - - - - - - - - - - - - - - - - - - - - - - -
[ ID] Interval           Transfer     Bitrate         Jitter    Lost/Total Datagrams
[  5]   0.00-60.00  sec  4.02 GBytes   575 Mbits/sec  0.000 ms  0/3661090 (0%)  sender
[  5]   0.00-60.11  sec  1.78 GBytes   255 Mbits/sec  0.008 ms  2076396/3661090 (57%)  receiver

iperf Done.
