Connecting to host 10.136.80.140, port 5201
[  5] local 10.136.173.77 port 38477 connected to 10.136.80.140 port 5201
[ ID] Interval           Transfer     Bitrate         Total Datagrams
[  5]   0.00-1.00   sec  64.7 MBytes   543 Mbits/sec  57620  (omitted)
[  5]   0.00-1.00   sec  64.1 MBytes   538 Mbits/sec  57080  
[  5]   1.00-2.00   sec  62.6 MBytes   525 Mbits/sec  55710  
[  5]   2.00-3.00   sec  61.9 MBytes   519 Mbits/sec  55100  
[  5]   3.00-4.00   sec  67.1 MBytes   563 Mbits/sec  59740  
[  5]   4.00-5.00   sec  65.5 MBytes   549 Mbits/sec  58260  
[  5]   5.00-6.00   sec  62.7 MBytes   526 Mbits/sec  55840  
[  5]   6.00-7.00   sec  62.1 MBytes   521 Mbits/sec  55250  
[  5]   7.00-8.00   sec  63.8 MBytes   536 Mbits/sec  56830  
[  5]   8.00-9.00   sec  68.2 MBytes   572 Mbits/sec  60690  
[  5]   9.00-10.00  sec  64.6 MBytes   542 Mbits/sec  57500  
[  5]  10.00-11.00  sec  62.1 MBytes   521 Mbits/sec  55300  
[  5]  11.00-12.00  sec  64.2 MBytes   539 Mbits/sec  57180  
[  5]  12.00-13.00  sec  65.6 MBytes   551 Mbits/sec  58420  
[  5]  13.00-14.00  sec  67.1 MBytes   563 Mbits/sec  59700  
[  5]  14.00-15.00  sec  61.9 MBytes   519 Mbits/sec  55110  
[  5]  15.00-16.00  sec  64.4 MBytes   540 Mbits/sec  57330  
[  5]  16.00-17.00  sec  62.8 MBytes   527 Mbits/sec  55870  
[  5]  17.00-18.00  sec  63.8 MBytes   535 Mbits/sec  56800  
[  5]  18.00-19.00  sec  66.2 MBytes   555 Mbits/sec  58940  
[  5]  19.00-20.00  sec  65.5 MBytes   550 Mbits/sec  58330  
[  5]  20.00-21.00  sec  65.7 MBytes   551 Mbits/sec  58450  
[  5]  21.00-22.00  sec  63.2 MBytes   531 Mbits/sec  56300  
[  5]  22.00-23.00  sec  66.9 MBytes   561 Mbits/sec  59530  
[  5]  23.00-24.00  sec  62.7 MBytes   526 Mbits/sec  55810  
[  5]  24.00-25.00  sec  61.5 MBytes   516 Mbits/sec  54700  
[  5]  25.00-26.00  sec  64.1 MBytes   538 Mbits/sec  57100  
[  5]  26.00-27.00  sec  65.8 MBytes   552 Mbits/sec  58600  
[  5]  27.00-28.00  sec  71.0 MBytes   595 Mbits/sec  63160  
[  5]  28.00-29.00  sec  63.5 MBytes   532 Mbits/sec  56500  
[  5]  29.00-30.00  sec  63.6 MBytes   533 Mbits/sec  56580  
[  5]  30.00-31.00  sec  65.2 MBytes   547 Mbits/sec  58060  
[  5]  31.00-32.00  sec  62.7 MBytes   526 Mbits/sec  55850  
[  5]  32.00-33.00  sec  61.8 MBytes   519 Mbits/sec  55050  
[  5]  33.00-34.00  sec  64.9 MBytes   544 Mbits/sec  57730  
[  5]  34.00-35.00  sec  62.7 MBytes   526 Mbits/sec  55800  
[  5]  35.00-36.00  sec  65.3 MBytes   548 Mbits/sec  58130  
[  5]  36.00-37.00  sec  61.0 MBytes   511 Mbits/sec  54270  
[  5]  37.00-38.00  sec  62.7 MBytes   526 Mbits/sec  55790  
[  5]  38.00-39.00  sec  61.9 MBytes   519 Mbits/sec  55100  
[  5]  39.00-40.00  sec  62.5 MBytes   525 Mbits/sec  55670  
[  5]  40.00-41.00  sec  61.0 MBytes   511 Mbits/sec  54270  
[  5]  41.00-42.00  sec  67.3 MBytes   565 Mbits/sec  59890  
[  5]  42.00-43.00  sec  63.4 MBytes   532 Mbits/sec  56450  
[  5]  43.00-44.00  sec  63.6 MBytes   534 Mbits/sec  56630  
[  5]  44.00-45.00  sec  61.7 MBytes   517 Mbits/sec  54900  
[  5]  45.00-46.00  sec  57.4 MBytes   482 Mbits/sec  51120  
[  5]  46.00-47.00  sec  61.8 MBytes   518 Mbits/sec  54980  
[  5]  47.00-48.00  sec  64.5 MBytes   541 Mbits/sec  57410  
[  5]  48.00-49.00  sec  68.7 MBytes   576 Mbits/sec  61170  
[  5]  49.00-50.00  sec  66.4 MBytes   557 Mbits/sec  59110  
[  5]  50.00-51.00  sec  57.6 MBytes   483 Mbits/sec  51300  
[  5]  51.00-52.00  sec  55.2 MBytes   463 Mbits/sec  49100  
[  5]  52.00-53.00  sec  65.4 MBytes   548 Mbits/sec  58190  
[  5]  53.00-54.00  sec  65.2 MBytes   547 Mbits/sec  58050  
[  5]  54.00-55.00  sec  62.3 MBytes   523 Mbits/sec  55460  
[  5]  55.00-56.00  sec  62.5 MBytes   524 Mbits/sec  55640  
[  5]  56.00-57.00  sec  61.5 MBytes   516 Mbits/sec  54720  
[  5]  57.00-58.00  sec  70.5 MBytes   591 Mbits/sec  62740  
[  5]  58.00-59.00  sec  65.6 MBytes   550 Mbits/sec  58380  
[  5]  59.00-60.00  sec  62.8 MBytes   527 Mbits/sec  55920  
- - - - - - - - - - - - - - - - - - - - - - - - -
[ ID] Interval           Transfer     Bitrate         Jitter    Lost/Total Datagrams
[  5]   0.00-60.00  sec  3.74 GBytes   535 Mbits/sec  0.000 ms  0/3408590 (0%)  sender
[  5]   0.00-60.04  sec  3.65 GBytes   522 Mbits/sec  0.019 ms  85700/3408582 (2.5%)  receiver

iperf Done.
