Connecting to host 10.136.80.153, port 5201
[  5] local 10.136.173.126 port 36844 connected to 10.136.80.153 port 5201
[ ID] Interval           Transfer     Bitrate         Retr  Cwnd
[  5]   0.00-1.00   sec  3.11 MBytes  26.1 Mbits/sec  276   2.30 KBytes       (omitted)
[  5]   0.00-1.00   sec   168 KBytes  1.37 Mbits/sec   21   1.15 KBytes       
[  5]   1.00-2.00   sec   327 KBytes  2.68 Mbits/sec   35   1.15 KBytes       
[  5]   2.00-3.00   sec   816 KBytes  6.68 Mbits/sec   84   4.60 KBytes       
[  5]   3.00-4.00   sec   510 KBytes  4.17 Mbits/sec   40   2.30 KBytes       
[  5]   4.00-5.00   sec  1.77 MBytes  14.9 Mbits/sec  155   1.15 KBytes       
[  5]   5.00-6.00   sec   247 KBytes  2.03 Mbits/sec   22   1.15 KBytes       
[  5]   6.00-7.00   sec   686 KBytes  5.62 Mbits/sec   77   9.20 KBytes       
[  5]   7.00-8.00   sec   643 KBytes  5.27 Mbits/sec   59   2.30 KBytes       
[  5]   8.00-9.00   sec   421 KBytes  3.45 Mbits/sec   60   3.45 KBytes       
[  5]   9.00-10.00  sec   420 KBytes  3.44 Mbits/sec   41   1.15 KBytes       
[  5]  10.00-11.00  sec   248 KBytes  2.04 Mbits/sec   36   2.30 KBytes       
[  5]  11.00-12.00  sec   166 KBytes  1.36 Mbits/sec   24   1.15 KBytes       
[  5]  12.00-13.00  sec  1.33 MBytes  11.2 Mbits/sec  123   2.30 KBytes       
[  5]  13.00-14.00  sec   581 KBytes  4.76 Mbits/sec   64   3.45 KBytes       
[  5]  14.00-15.00  sec  2.16 MBytes  18.2 Mbits/sec  214   1.15 KBytes       
[  5]  15.00-16.00  sec  1.53 MBytes  12.8 Mbits/sec  143   1.15 KBytes       
[  5]  16.00-17.00  sec   598 KBytes  4.90 Mbits/sec   55   2.30 KBytes       
[  5]  17.00-18.00  sec   165 KBytes  1.35 Mbits/sec   18   1.15 KBytes       
[  5]  18.00-19.00  sec   330 KBytes  2.71 Mbits/sec   28   1.15 KBytes       
[  5]  19.00-20.00  sec   329 KBytes  2.70 Mbits/sec   34   2.30 KBytes       
[  5]  20.00-21.00  sec   247 KBytes  2.03 Mbits/sec   32   2.30 KBytes       
[  5]  21.00-22.00  sec  1.09 MBytes  9.15 Mbits/sec  114   2.30 KBytes       
[  5]  22.00-23.00  sec  70.2 KBytes  0.57 Mbits/sec   10   1.15 KBytes       
[  5]  23.00-24.00  sec   422 KBytes  3.46 Mbits/sec   44   2.30 KBytes       
[  5]  24.00-25.00  sec  1019 KBytes  8.35 Mbits/sec   93   1.15 KBytes       
[  5]  25.00-26.00  sec   293 KBytes  2.40 Mbits/sec   24   2.30 KBytes       
[  5]  26.00-27.00  sec   531 KBytes  4.35 Mbits/sec   74   1.15 KBytes       
[  5]  27.00-28.00  sec   138 KBytes  1.13 Mbits/sec   18   1.15 KBytes       
[  5]  28.00-29.00  sec   213 KBytes  1.74 Mbits/sec   25   1.15 KBytes       
[  5]  29.00-30.00  sec   996 KBytes  8.17 Mbits/sec   93   1.15 KBytes       
[  5]  30.00-31.00  sec  70.2 KBytes  0.57 Mbits/sec    7   1.15 KBytes       
[  5]  31.00-32.00  sec  1.13 MBytes  9.49 Mbits/sec   94   1.15 KBytes       
[  5]  32.00-33.00  sec   260 KBytes  2.13 Mbits/sec   36   1.15 KBytes       
[  5]  33.00-34.00  sec   129 KBytes  1.06 Mbits/sec   17   1.15 KBytes       
[  5]  34.00-35.00  sec   928 KBytes  7.61 Mbits/sec   94   1.15 KBytes       
[  5]  35.00-36.00  sec  1.44 MBytes  12.1 Mbits/sec  125   3.45 KBytes       
[  5]  36.00-37.00  sec   691 KBytes  5.66 Mbits/sec   60   2.30 KBytes       
[  5]  37.00-38.00  sec   691 KBytes  5.67 Mbits/sec   67   1.15 KBytes       
[  5]  38.00-39.00  sec   872 KBytes  7.14 Mbits/sec   81   2.30 KBytes       
[  5]  39.00-40.00  sec   901 KBytes  7.38 Mbits/sec   89   1.15 KBytes       
[  5]  40.00-41.00  sec   196 KBytes  1.60 Mbits/sec   24   2.30 KBytes       
[  5]  41.00-42.00  sec   435 KBytes  3.56 Mbits/sec   40   8.05 KBytes       
[  5]  42.00-43.00  sec  1.75 MBytes  14.7 Mbits/sec  177   2.30 KBytes       
[  5]  43.00-44.00  sec   473 KBytes  3.87 Mbits/sec   40   1.15 KBytes       
[  5]  44.00-45.00  sec   492 KBytes  4.03 Mbits/sec   39   1.15 KBytes       
[  5]  45.00-46.00  sec   273 KBytes  2.23 Mbits/sec   25   1.15 KBytes       
[  5]  46.00-47.00  sec   326 KBytes  2.67 Mbits/sec   40   2.30 KBytes       
[  5]  47.00-48.00  sec   196 KBytes  1.60 Mbits/sec   25   1.15 KBytes       
[  5]  48.00-49.00  sec   263 KBytes  2.16 Mbits/sec   22   1.15 KBytes       
[  5]  49.00-50.00  sec   683 KBytes  5.60 Mbits/sec   61   1.15 KBytes       
[  5]  50.00-51.00  sec   327 KBytes  2.68 Mbits/sec   29   1.15 KBytes       
[  5]  51.00-52.00  sec   406 KBytes  3.33 Mbits/sec   43   3.45 KBytes       
[  5]  52.00-53.00  sec   688 KBytes  5.63 Mbits/sec   73   1.15 KBytes       
[  5]  53.00-54.00  sec   260 KBytes  2.13 Mbits/sec   20   1.15 KBytes       
[  5]  54.00-55.00  sec   698 KBytes  5.72 Mbits/sec   62   4.60 KBytes       
[  5]  55.00-56.00  sec   194 KBytes  1.59 Mbits/sec   22   2.30 KBytes       
[  5]  56.00-57.00  sec  1.09 MBytes  9.14 Mbits/sec   99   1.15 KBytes       
[  5]  57.00-58.00  sec   414 KBytes  3.39 Mbits/sec   53   1.15 KBytes       
[  5]  58.00-59.00  sec   693 KBytes  5.67 Mbits/sec   62   2.30 KBytes       
[  5]  59.00-60.00  sec  64.4 KBytes  0.53 Mbits/sec   14   2.30 KBytes       
- - - - - - - - - - - - - - - - - - - - - - - - -
[ ID] Interval           Transfer     Bitrate         Retr
[  5]   0.00-60.00  sec  35.0 MBytes  4.89 Mbits/sec  3500             sender
[  5]   0.00-60.00  sec  35.0 MBytes  4.90 Mbits/sec                  receiver

iperf Done.
