Connecting to host knb-server-668537, port 5201
[  5] local 10.136.173.69 port 39709 connected to 10.43.47.63 port 5201
[ ID] Interval           Transfer     Bitrate         Total Datagrams
[  5]   0.00-1.00   sec  79.5 MBytes   667 Mbits/sec  70770  (omitted)
[  5]   0.00-1.00   sec  78.5 MBytes   658 Mbits/sec  69870  
[  5]   1.00-2.00   sec  78.5 MBytes   658 Mbits/sec  69850  
[  5]   2.00-3.00   sec  78.4 MBytes   658 Mbits/sec  69800  
[  5]   3.00-4.00   sec  78.9 MBytes   662 Mbits/sec  70200  
[  5]   4.00-5.00   sec  78.5 MBytes   658 Mbits/sec  69860  
[  5]   5.00-6.00   sec  78.4 MBytes   658 Mbits/sec  69800  
[  5]   6.00-7.00   sec  77.7 MBytes   651 Mbits/sec  69120  
[  5]   7.00-8.00   sec  78.2 MBytes   656 Mbits/sec  69630  
[  5]   8.00-9.00   sec  77.9 MBytes   653 Mbits/sec  69310  
[  5]   9.00-10.00  sec  77.6 MBytes   651 Mbits/sec  69080  
[  5]  10.00-11.00  sec  79.5 MBytes   667 Mbits/sec  70730  
[  5]  11.00-12.00  sec  78.3 MBytes   657 Mbits/sec  69700  
[  5]  12.00-13.00  sec  78.4 MBytes   657 Mbits/sec  69750  
[  5]  13.00-14.00  sec  78.4 MBytes   658 Mbits/sec  69800  
[  5]  14.00-15.00  sec  78.7 MBytes   660 Mbits/sec  70040  
[  5]  15.00-16.00  sec  76.8 MBytes   644 Mbits/sec  68330  
[  5]  16.00-17.00  sec  78.3 MBytes   657 Mbits/sec  69730  
[  5]  17.00-18.00  sec  78.8 MBytes   661 Mbits/sec  70160  
[  5]  18.00-19.00  sec  77.0 MBytes   646 Mbits/sec  68520  
[  5]  19.00-20.00  sec  78.5 MBytes   658 Mbits/sec  69840  
[  5]  20.00-21.00  sec  79.9 MBytes   670 Mbits/sec  71110  
[  5]  21.00-22.00  sec  77.7 MBytes   652 Mbits/sec  69170  
[  5]  22.00-23.00  sec  78.6 MBytes   659 Mbits/sec  69940  
[  5]  23.00-24.00  sec  67.8 MBytes   569 Mbits/sec  60340  
[  5]  24.00-25.00  sec  79.8 MBytes   670 Mbits/sec  71060  
[  5]  25.00-26.00  sec  63.2 MBytes   530 Mbits/sec  56230  
[  5]  26.00-27.00  sec  67.0 MBytes   562 Mbits/sec  59660  
[  5]  27.00-28.00  sec  66.0 MBytes   553 Mbits/sec  58710  
[  5]  28.00-29.00  sec  64.8 MBytes   544 Mbits/sec  57720  
[  5]  29.00-30.00  sec  65.0 MBytes   545 Mbits/sec  57860  
[  5]  30.00-31.00  sec  66.3 MBytes   556 Mbits/sec  59040  
[  5]  31.00-32.00  sec  65.4 MBytes   548 Mbits/sec  58200  
[  5]  32.00-33.00  sec  65.6 MBytes   550 Mbits/sec  58370  
[  5]  33.00-34.00  sec  65.7 MBytes   551 Mbits/sec  58510  
[  5]  34.00-35.00  sec  66.6 MBytes   559 Mbits/sec  59270  
[  5]  35.00-36.00  sec  65.0 MBytes   545 Mbits/sec  57880  
[  5]  36.00-37.00  sec  62.5 MBytes   525 Mbits/sec  55670  
[  5]  37.00-38.00  sec  66.4 MBytes   557 Mbits/sec  59120  
[  5]  38.00-39.00  sec  63.1 MBytes   529 Mbits/sec  56160  
[  5]  39.00-40.00  sec  76.4 MBytes   641 Mbits/sec  67970  
[  5]  40.00-41.00  sec  78.5 MBytes   658 Mbits/sec  69870  
[  5]  41.00-42.00  sec  78.6 MBytes   659 Mbits/sec  69930  
[  5]  42.00-43.00  sec  80.4 MBytes   674 Mbits/sec  71560  
[  5]  43.00-44.00  sec  78.7 MBytes   660 Mbits/sec  70060  
[  5]  44.00-45.00  sec  78.5 MBytes   659 Mbits/sec  69910  
[  5]  45.00-46.00  sec  77.9 MBytes   653 Mbits/sec  69340  
[  5]  46.00-47.00  sec  77.9 MBytes   654 Mbits/sec  69350  
[  5]  47.00-48.00  sec  78.0 MBytes   654 Mbits/sec  69430  
[  5]  48.00-49.00  sec  77.2 MBytes   648 Mbits/sec  68750  
[  5]  49.00-50.00  sec  78.5 MBytes   658 Mbits/sec  69860  
[  5]  50.00-51.00  sec  78.3 MBytes   657 Mbits/sec  69680  
[  5]  51.00-52.00  sec  78.2 MBytes   656 Mbits/sec  69590  
[  5]  52.00-53.00  sec  78.3 MBytes   657 Mbits/sec  69740  
[  5]  53.00-54.00  sec  78.0 MBytes   655 Mbits/sec  69460  
[  5]  54.00-55.00  sec  79.1 MBytes   663 Mbits/sec  70370  
[  5]  55.00-56.00  sec  77.8 MBytes   653 Mbits/sec  69280  
[  5]  56.00-57.00  sec  76.5 MBytes   642 Mbits/sec  68120  
[  5]  57.00-58.00  sec  76.6 MBytes   643 Mbits/sec  68200  
[  5]  58.00-59.00  sec  71.3 MBytes   599 Mbits/sec  63510  
[  5]  59.00-60.00  sec  65.4 MBytes   549 Mbits/sec  58240  
- - - - - - - - - - - - - - - - - - - - - - - - -
[ ID] Interval           Transfer     Bitrate         Jitter    Lost/Total Datagrams
[  5]   0.00-60.00  sec  4.38 GBytes   627 Mbits/sec  0.000 ms  0/3989360 (0%)  sender
[  5]   0.00-60.25  sec  3.94 GBytes   561 Mbits/sec  0.015 ms  411457/3989360 (10%)  receiver

iperf Done.
