Connecting to host knb-server-668537, port 5201
[  5] local 10.136.173.65 port 49014 connected to 10.43.47.63 port 5201
[ ID] Interval           Transfer     Bitrate         Retr  Cwnd
[  5]   0.00-1.00   sec  1.03 MBytes  8.62 Mbits/sec   80   2.30 KBytes       (omitted)
[  5]   0.00-1.00   sec   818 KBytes  6.70 Mbits/sec   91   3.45 KBytes       
[  5]   1.00-2.00   sec   613 KBytes  5.02 Mbits/sec   54   2.30 KBytes       
[  5]   2.00-3.00   sec   383 KBytes  3.14 Mbits/sec   35   1.15 KBytes       
[  5]   3.00-4.00   sec   635 KBytes  5.20 Mbits/sec   63   1.15 KBytes       
[  5]   4.00-5.00   sec   382 KBytes  3.13 Mbits/sec   31   1.15 KBytes       
[  5]   5.00-6.00   sec   973 KBytes  7.98 Mbits/sec   86   1.15 KBytes       
[  5]   6.00-7.00   sec   384 KBytes  3.15 Mbits/sec   34   1.15 KBytes       
[  5]   7.00-8.00   sec   306 KBytes  2.51 Mbits/sec   37   2.30 KBytes       
[  5]   8.00-9.00   sec   465 KBytes  3.81 Mbits/sec   50   2.30 KBytes       
[  5]   9.00-10.00  sec  1.03 MBytes  8.63 Mbits/sec  105   2.30 KBytes       
[  5]  10.00-11.00  sec   332 KBytes  2.72 Mbits/sec   34   1.15 KBytes       
[  5]  11.00-12.00  sec  1.23 MBytes  10.3 Mbits/sec   96   2.30 KBytes       
[  5]  12.00-13.00  sec   471 KBytes  3.85 Mbits/sec   33   1.15 KBytes       
[  5]  13.00-14.00  sec  1.84 MBytes  15.4 Mbits/sec  169   1.15 KBytes       
[  5]  14.00-15.00  sec  1.56 MBytes  13.1 Mbits/sec  166   2.30 KBytes       
[  5]  15.00-16.00  sec   842 KBytes  6.90 Mbits/sec   81   1.15 KBytes       
[  5]  16.00-17.00  sec   231 KBytes  1.89 Mbits/sec   24   1.15 KBytes       
[  5]  17.00-18.00  sec   308 KBytes  2.53 Mbits/sec   28   2.30 KBytes       
[  5]  18.00-19.00  sec   484 KBytes  3.97 Mbits/sec   36   3.45 KBytes       
[  5]  19.00-20.00  sec   303 KBytes  2.48 Mbits/sec   37   2.30 KBytes       
[  5]  20.00-21.00  sec   730 KBytes  5.98 Mbits/sec   63   2.30 KBytes       
[  5]  21.00-22.00  sec   487 KBytes  3.99 Mbits/sec   46   1.15 KBytes       
[  5]  22.00-23.00  sec   832 KBytes  6.81 Mbits/sec   73   1.15 KBytes       
[  5]  23.00-24.00  sec   454 KBytes  3.72 Mbits/sec   56   2.30 KBytes       
[  5]  24.00-25.00  sec   444 KBytes  3.64 Mbits/sec   44   2.30 KBytes       
[  5]  25.00-26.00  sec   627 KBytes  5.14 Mbits/sec   80   1.15 KBytes       
[  5]  26.00-27.00  sec   299 KBytes  2.45 Mbits/sec   23   2.30 KBytes       
[  5]  27.00-28.00  sec   446 KBytes  3.66 Mbits/sec   42   1.15 KBytes       
[  5]  28.00-29.00  sec  73.6 KBytes  0.60 Mbits/sec   15   2.30 KBytes       
[  5]  29.00-30.00  sec  2.47 MBytes  20.7 Mbits/sec  216   1.15 KBytes       
[  5]  30.00-31.00  sec   863 KBytes  7.07 Mbits/sec   82   1.15 KBytes       
[  5]  31.00-32.00  sec   221 KBytes  1.81 Mbits/sec   26   1.15 KBytes       
[  5]  32.00-33.00  sec  0.00 Bytes  0.00 Mbits/sec    1   1.15 KBytes       
[  5]  33.00-34.00  sec   148 KBytes  1.22 Mbits/sec   21   1.15 KBytes       
[  5]  34.00-35.00  sec   223 KBytes  1.83 Mbits/sec   25   1.15 KBytes       
[  5]  35.00-36.00  sec   373 KBytes  3.05 Mbits/sec   27   1.15 KBytes       
[  5]  36.00-37.00  sec   232 KBytes  1.90 Mbits/sec   34   1.15 KBytes       
[  5]  37.00-38.00  sec   300 KBytes  2.46 Mbits/sec   33   1.15 KBytes       
[  5]  38.00-39.00  sec   984 KBytes  8.06 Mbits/sec   67   1.15 KBytes       
[  5]  39.00-40.00  sec   150 KBytes  1.22 Mbits/sec   18   2.30 KBytes       
[  5]  40.00-41.00  sec   298 KBytes  2.44 Mbits/sec   27   1.15 KBytes       
[  5]  41.00-42.00  sec   520 KBytes  4.26 Mbits/sec   47   2.30 KBytes       
[  5]  42.00-43.00  sec   297 KBytes  2.43 Mbits/sec   38   2.30 KBytes       
[  5]  43.00-44.00  sec   228 KBytes  1.87 Mbits/sec   27   4.60 KBytes       
[  5]  44.00-45.00  sec  1.73 MBytes  14.5 Mbits/sec  166   2.30 KBytes       
[  5]  45.00-46.00  sec  1.70 MBytes  14.3 Mbits/sec  165   1.15 KBytes       
[  5]  46.00-47.00  sec  1.02 MBytes  8.60 Mbits/sec   85   2.30 KBytes       
[  5]  47.00-48.00  sec   951 KBytes  7.79 Mbits/sec   83   2.30 KBytes       
[  5]  48.00-49.00  sec   903 KBytes  7.40 Mbits/sec   93   2.30 KBytes       
[  5]  49.00-50.00  sec   304 KBytes  2.49 Mbits/sec   41   1.15 KBytes       
[  5]  50.00-51.00  sec  1.41 MBytes  11.9 Mbits/sec  136   3.45 KBytes       
[  5]  51.00-52.00  sec   618 KBytes  5.06 Mbits/sec   69   2.30 KBytes       
[  5]  52.00-53.00  sec  1.20 MBytes  10.1 Mbits/sec  122   1.15 KBytes       
[  5]  53.00-54.00  sec   627 KBytes  5.14 Mbits/sec   53   2.30 KBytes       
[  5]  54.00-55.00  sec   953 KBytes  7.80 Mbits/sec   77   1.15 KBytes       
[  5]  55.00-56.00  sec   783 KBytes  6.42 Mbits/sec   72   1.15 KBytes       
[  5]  56.00-57.00  sec   227 KBytes  1.86 Mbits/sec   35   1.15 KBytes       
[  5]  57.00-58.00  sec   227 KBytes  1.86 Mbits/sec   31   1.15 KBytes       
[  5]  58.00-59.00  sec   796 KBytes  6.52 Mbits/sec   66   1.15 KBytes       
[  5]  59.00-60.00  sec   225 KBytes  1.85 Mbits/sec   26   2.30 KBytes       
- - - - - - - - - - - - - - - - - - - - - - - - -
[ ID] Interval           Transfer     Bitrate         Retr
[  5]   0.00-60.00  sec  38.4 MBytes  5.37 Mbits/sec  3741             sender
[  5]   0.00-60.00  sec  38.4 MBytes  5.37 Mbits/sec                  receiver

iperf Done.
