Connecting to host 10.136.80.190, port 5201
[  5] local 10.136.173.126 port 53844 connected to 10.136.80.190 port 5201
[ ID] Interval           Transfer     Bitrate         Retr  Cwnd
[  5]   0.00-1.00   sec  72.4 MBytes   607 Mbits/sec   72    216 KBytes       (omitted)
[  5]   0.00-1.00   sec  88.8 MBytes   745 Mbits/sec    0    395 KBytes       
[  5]   1.00-2.00   sec  88.7 MBytes   744 Mbits/sec   31    377 KBytes       
[  5]   2.00-3.00   sec  85.7 MBytes   719 Mbits/sec   16    260 KBytes       
[  5]   3.00-4.00   sec  88.5 MBytes   743 Mbits/sec    0    424 KBytes       
[  5]   4.00-5.00   sec  86.2 MBytes   723 Mbits/sec   31    224 KBytes       
[  5]   5.00-6.00   sec  85.6 MBytes   718 Mbits/sec   14    208 KBytes       
[  5]   6.00-7.00   sec  83.2 MBytes   698 Mbits/sec   15    245 KBytes       
[  5]   7.00-8.00   sec  80.5 MBytes   675 Mbits/sec   34    208 KBytes       
[  5]   8.00-9.00   sec  85.9 MBytes   720 Mbits/sec   14    237 KBytes       
[  5]   9.00-10.00  sec  87.0 MBytes   730 Mbits/sec    6    346 KBytes       
[  5]  10.00-11.00  sec  88.0 MBytes   738 Mbits/sec   19    216 KBytes       
[  5]  11.00-12.00  sec  81.6 MBytes   685 Mbits/sec   20    194 KBytes       
[  5]  12.00-13.00  sec  87.2 MBytes   731 Mbits/sec    0    375 KBytes       
[  5]  13.00-14.00  sec  87.6 MBytes   735 Mbits/sec   20    276 KBytes       
[  5]  14.00-15.00  sec  64.8 MBytes   544 Mbits/sec   40    239 KBytes       
[  5]  15.00-16.00  sec  90.0 MBytes   755 Mbits/sec    8    318 KBytes       
[  5]  16.00-17.00  sec  88.3 MBytes   741 Mbits/sec   73    301 KBytes       
[  5]  17.00-18.00  sec  86.0 MBytes   721 Mbits/sec   20    208 KBytes       
[  5]  18.00-19.00  sec  79.3 MBytes   666 Mbits/sec   12    245 KBytes       
[  5]  19.00-20.00  sec  80.6 MBytes   676 Mbits/sec   34    147 KBytes       
[  5]  20.00-21.00  sec  81.8 MBytes   686 Mbits/sec    9    257 KBytes       
[  5]  21.00-22.00  sec  84.0 MBytes   705 Mbits/sec   12    268 KBytes       
[  5]  22.00-23.00  sec  84.7 MBytes   711 Mbits/sec   15    257 KBytes       
[  5]  23.00-24.00  sec  80.8 MBytes   677 Mbits/sec   56    221 KBytes       
[  5]  24.00-25.00  sec  84.6 MBytes   707 Mbits/sec  162    163 KBytes       
[  5]  25.00-26.00  sec  85.6 MBytes   720 Mbits/sec   13    229 KBytes       
[  5]  26.00-27.00  sec  85.4 MBytes   716 Mbits/sec   14    237 KBytes       
[  5]  27.00-28.00  sec  86.1 MBytes   722 Mbits/sec   22    192 KBytes       
[  5]  28.00-29.00  sec  82.9 MBytes   695 Mbits/sec   51    277 KBytes       
[  5]  29.00-30.00  sec  82.7 MBytes   694 Mbits/sec   14    238 KBytes       
[  5]  30.00-31.00  sec  87.1 MBytes   730 Mbits/sec   15    209 KBytes       
[  5]  31.00-32.00  sec  85.7 MBytes   719 Mbits/sec   20    239 KBytes       
[  5]  32.00-33.00  sec  80.9 MBytes   679 Mbits/sec   49    199 KBytes       
[  5]  33.00-34.00  sec  85.1 MBytes   714 Mbits/sec    0    383 KBytes       
[  5]  34.00-35.00  sec  84.6 MBytes   710 Mbits/sec   21    235 KBytes       
[  5]  35.00-36.00  sec  87.6 MBytes   735 Mbits/sec    4    351 KBytes       
[  5]  36.00-37.00  sec  85.3 MBytes   715 Mbits/sec   20    260 KBytes       
[  5]  37.00-38.00  sec  82.0 MBytes   688 Mbits/sec   34    213 KBytes       
[  5]  38.00-39.00  sec  82.1 MBytes   689 Mbits/sec   11    267 KBytes       
[  5]  39.00-40.00  sec  87.1 MBytes   730 Mbits/sec    2    367 KBytes       
[  5]  40.00-41.00  sec  84.6 MBytes   709 Mbits/sec   21    257 KBytes       
[  5]  41.00-42.00  sec  85.8 MBytes   720 Mbits/sec    6    299 KBytes       
[  5]  42.00-43.00  sec  81.1 MBytes   681 Mbits/sec   20    220 KBytes       
[  5]  43.00-44.00  sec  85.2 MBytes   715 Mbits/sec    7    351 KBytes       
[  5]  44.00-45.00  sec  86.4 MBytes   725 Mbits/sec   29    257 KBytes       
[  5]  45.00-46.00  sec  87.7 MBytes   736 Mbits/sec    7    293 KBytes       
[  5]  46.00-47.00  sec  84.7 MBytes   710 Mbits/sec   15    274 KBytes       
[  5]  47.00-48.00  sec  82.4 MBytes   691 Mbits/sec   19    197 KBytes       
[  5]  48.00-49.00  sec  86.1 MBytes   722 Mbits/sec    0    377 KBytes       
[  5]  49.00-50.00  sec  82.5 MBytes   692 Mbits/sec   66    344 KBytes       
[  5]  50.00-51.00  sec  89.2 MBytes   748 Mbits/sec   12    293 KBytes       
[  5]  51.00-52.00  sec  85.0 MBytes   713 Mbits/sec   19    294 KBytes       
[  5]  52.00-53.00  sec  84.7 MBytes   710 Mbits/sec    7    374 KBytes       
[  5]  53.00-54.00  sec  87.2 MBytes   732 Mbits/sec   20    335 KBytes       
[  5]  54.00-55.00  sec  83.0 MBytes   696 Mbits/sec   43    199 KBytes       
[  5]  55.00-56.00  sec  85.6 MBytes   718 Mbits/sec   14    208 KBytes       
[  5]  56.00-57.00  sec  84.3 MBytes   708 Mbits/sec    4    311 KBytes       
[  5]  57.00-58.00  sec  84.0 MBytes   704 Mbits/sec   20    228 KBytes       
[  5]  58.00-59.00  sec  78.8 MBytes   661 Mbits/sec   34    234 KBytes       
[  5]  59.00-60.00  sec  86.0 MBytes   722 Mbits/sec    7    319 KBytes       
- - - - - - - - - - - - - - - - - - - - - - - - -
[ ID] Interval           Transfer     Bitrate         Retr
[  5]   0.00-60.00  sec  4.96 GBytes   709 Mbits/sec  1321             sender
[  5]   0.00-60.04  sec  4.96 GBytes   709 Mbits/sec                  receiver

iperf Done.
