Connecting to host 10.136.80.181, port 5201
[  5] local 10.136.173.85 port 54792 connected to 10.136.80.181 port 5201
[ ID] Interval           Transfer     Bitrate         Total Datagrams
[  5]   0.00-1.00   sec  53.4 MBytes   448 Mbits/sec  47500  (omitted)
[  5]   0.00-1.00   sec  52.9 MBytes   444 Mbits/sec  47130  
[  5]   1.00-2.00   sec  54.4 MBytes   456 Mbits/sec  48430  
[  5]   2.00-3.00   sec  56.3 MBytes   472 Mbits/sec  50120  
[  5]   3.00-4.00   sec  53.8 MBytes   451 Mbits/sec  47870  
[  5]   4.00-5.00   sec  54.0 MBytes   453 Mbits/sec  48030  
[  5]   5.00-6.00   sec  53.8 MBytes   452 Mbits/sec  47920  
[  5]   6.00-7.00   sec  49.3 MBytes   414 Mbits/sec  43890  
[  5]   7.00-8.00   sec  53.8 MBytes   451 Mbits/sec  47900  
[  5]   8.00-9.00   sec  49.0 MBytes   411 Mbits/sec  43650  
[  5]   9.00-10.00  sec  52.5 MBytes   440 Mbits/sec  46700  
[  5]  10.00-11.00  sec  51.1 MBytes   429 Mbits/sec  45490  
[  5]  11.00-12.00  sec  53.8 MBytes   451 Mbits/sec  47860  
[  5]  12.00-13.00  sec  55.9 MBytes   469 Mbits/sec  49760  
[  5]  13.00-14.00  sec  58.1 MBytes   487 Mbits/sec  51680  
[  5]  14.00-15.00  sec  53.1 MBytes   445 Mbits/sec  47230  
[  5]  15.00-16.00  sec  50.2 MBytes   421 Mbits/sec  44690  
[  5]  16.00-17.00  sec  55.7 MBytes   467 Mbits/sec  49580  
[  5]  17.00-18.00  sec  55.0 MBytes   462 Mbits/sec  49000  
[  5]  18.00-19.00  sec  54.8 MBytes   460 Mbits/sec  48790  
[  5]  19.00-20.00  sec  54.8 MBytes   460 Mbits/sec  48770  
[  5]  20.00-21.00  sec  55.4 MBytes   464 Mbits/sec  49280  
[  5]  21.00-22.00  sec  59.3 MBytes   497 Mbits/sec  52750  
[  5]  22.00-23.00  sec  54.0 MBytes   453 Mbits/sec  48030  
[  5]  23.00-24.00  sec  53.3 MBytes   447 Mbits/sec  47440  
[  5]  24.00-25.00  sec  58.7 MBytes   493 Mbits/sec  52260  
[  5]  25.00-26.00  sec  61.1 MBytes   512 Mbits/sec  54380  
[  5]  26.00-27.00  sec  49.5 MBytes   416 Mbits/sec  44090  
[  5]  27.00-28.00  sec  58.0 MBytes   486 Mbits/sec  51600  
[  5]  28.00-29.00  sec  52.4 MBytes   439 Mbits/sec  46610  
[  5]  29.00-30.00  sec  49.8 MBytes   418 Mbits/sec  44320  
[  5]  30.00-31.00  sec  51.4 MBytes   431 Mbits/sec  45750  
[  5]  31.00-32.00  sec  48.6 MBytes   408 Mbits/sec  43280  
[  5]  32.00-33.00  sec  53.2 MBytes   446 Mbits/sec  47330  
[  5]  33.00-34.00  sec  56.9 MBytes   477 Mbits/sec  50640  
[  5]  34.00-35.00  sec  55.1 MBytes   462 Mbits/sec  49010  
[  5]  35.00-36.00  sec  50.9 MBytes   427 Mbits/sec  45330  
[  5]  36.00-37.00  sec  60.1 MBytes   505 Mbits/sec  53540  
[  5]  37.00-38.00  sec  53.6 MBytes   450 Mbits/sec  47710  
[  5]  38.00-39.00  sec  55.6 MBytes   466 Mbits/sec  49460  
[  5]  39.00-40.00  sec  51.6 MBytes   433 Mbits/sec  45970  
[  5]  40.00-41.00  sec  51.0 MBytes   428 Mbits/sec  45430  
[  5]  41.00-42.00  sec  50.3 MBytes   422 Mbits/sec  44730  
[  5]  42.00-43.00  sec  61.2 MBytes   513 Mbits/sec  54460  
[  5]  43.00-44.00  sec  53.3 MBytes   447 Mbits/sec  47440  
[  5]  44.00-45.00  sec  57.8 MBytes   485 Mbits/sec  51450  
[  5]  45.00-46.00  sec  53.2 MBytes   446 Mbits/sec  47370  
[  5]  46.00-47.00  sec  56.4 MBytes   473 Mbits/sec  50200  
[  5]  47.00-48.00  sec  52.0 MBytes   436 Mbits/sec  46310  
[  5]  48.00-49.00  sec  49.6 MBytes   416 Mbits/sec  44140  
[  5]  49.00-50.00  sec  57.7 MBytes   484 Mbits/sec  51340  
[  5]  50.00-51.00  sec  61.3 MBytes   514 Mbits/sec  54570  
[  5]  51.00-52.00  sec  52.5 MBytes   440 Mbits/sec  46740  
[  5]  52.00-53.00  sec  50.7 MBytes   425 Mbits/sec  45100  
[  5]  53.00-54.00  sec  51.1 MBytes   429 Mbits/sec  45510  
[  5]  54.00-55.00  sec  54.2 MBytes   454 Mbits/sec  48220  
[  5]  55.00-56.00  sec  58.2 MBytes   488 Mbits/sec  51790  
[  5]  56.00-57.00  sec  55.0 MBytes   461 Mbits/sec  48920  
[  5]  57.00-58.00  sec  56.8 MBytes   477 Mbits/sec  50600  
[  5]  58.00-59.00  sec  58.2 MBytes   488 Mbits/sec  51780  
[  5]  59.00-60.00  sec  57.6 MBytes   483 Mbits/sec  51270  
- - - - - - - - - - - - - - - - - - - - - - - - -
[ ID] Interval           Transfer     Bitrate         Jitter    Lost/Total Datagrams
[  5]   0.00-60.00  sec  3.18 GBytes   456 Mbits/sec  0.000 ms  0/2900640 (0%)  sender
[  5]   0.00-60.12  sec  1.32 GBytes   188 Mbits/sec  0.017 ms  1729470/2900640 (60%)  receiver

iperf Done.
