Connecting to host knb-server-108047, port 5201
[  5] local 10.136.173.87 port 41639 connected to 10.43.29.171 port 5201
[ ID] Interval           Transfer     Bitrate         Total Datagrams
[  5]   0.00-1.00   sec  52.0 MBytes   437 Mbits/sec  46330  (omitted)
[  5]   0.00-1.00   sec  53.0 MBytes   445 Mbits/sec  47180  
[  5]   1.00-2.00   sec  45.9 MBytes   385 Mbits/sec  40900  
[  5]   2.00-3.00   sec  50.1 MBytes   420 Mbits/sec  44610  
[  5]   3.00-4.00   sec  53.5 MBytes   449 Mbits/sec  47640  
[  5]   4.00-5.00   sec  50.9 MBytes   427 Mbits/sec  45270  
[  5]   5.00-6.00   sec  51.0 MBytes   428 Mbits/sec  45380  
[  5]   6.00-7.00   sec  50.8 MBytes   426 Mbits/sec  45180  
[  5]   7.00-8.00   sec  51.7 MBytes   433 Mbits/sec  45980  
[  5]   8.00-9.00   sec  51.6 MBytes   432 Mbits/sec  45890  
[  5]   9.00-10.00  sec  43.5 MBytes   365 Mbits/sec  38690  
[  5]  10.00-11.00  sec  51.0 MBytes   428 Mbits/sec  45400  
[  5]  11.00-12.00  sec  50.9 MBytes   427 Mbits/sec  45270  
[  5]  12.00-13.00  sec  51.5 MBytes   432 Mbits/sec  45840  
[  5]  13.00-14.00  sec  54.3 MBytes   456 Mbits/sec  48340  
[  5]  14.00-15.00  sec  52.0 MBytes   436 Mbits/sec  46300  
[  5]  15.00-16.00  sec  51.6 MBytes   432 Mbits/sec  45900  
[  5]  16.00-17.00  sec  50.1 MBytes   420 Mbits/sec  44580  
[  5]  17.00-18.00  sec  51.0 MBytes   428 Mbits/sec  45380  
[  5]  18.00-19.00  sec  53.0 MBytes   445 Mbits/sec  47180  
[  5]  19.00-20.00  sec  51.9 MBytes   435 Mbits/sec  46170  
[  5]  20.00-21.00  sec  50.0 MBytes   420 Mbits/sec  44530  
[  5]  21.00-22.00  sec  50.3 MBytes   422 Mbits/sec  44740  
[  5]  22.00-23.00  sec  56.3 MBytes   472 Mbits/sec  50090  
[  5]  23.00-24.00  sec  50.6 MBytes   424 Mbits/sec  45010  
[  5]  24.00-25.00  sec  50.7 MBytes   425 Mbits/sec  45140  
[  5]  25.00-26.00  sec  51.6 MBytes   433 Mbits/sec  45920  
[  5]  26.00-27.00  sec  54.5 MBytes   457 Mbits/sec  48540  
[  5]  27.00-28.00  sec  53.2 MBytes   447 Mbits/sec  47380  
[  5]  28.00-29.00  sec  51.2 MBytes   430 Mbits/sec  45580  
[  5]  29.00-30.00  sec  57.2 MBytes   480 Mbits/sec  50880  
[  5]  30.00-31.00  sec  49.5 MBytes   415 Mbits/sec  44080  
[  5]  31.00-32.00  sec  53.8 MBytes   451 Mbits/sec  47870  
[  5]  32.00-33.00  sec  51.5 MBytes   432 Mbits/sec  45850  
[  5]  33.00-34.00  sec  53.2 MBytes   446 Mbits/sec  47330  
[  5]  34.00-35.00  sec  51.4 MBytes   431 Mbits/sec  45770  
[  5]  35.00-36.00  sec  42.2 MBytes   353 Mbits/sec  37520  
[  5]  36.00-37.00  sec  51.3 MBytes   431 Mbits/sec  45700  
[  5]  37.00-38.00  sec  53.3 MBytes   447 Mbits/sec  47450  
[  5]  38.00-39.00  sec  52.5 MBytes   440 Mbits/sec  46690  
[  5]  39.00-40.00  sec  53.0 MBytes   445 Mbits/sec  47210  
[  5]  40.00-41.00  sec  46.8 MBytes   393 Mbits/sec  41680  
[  5]  41.00-42.00  sec  55.2 MBytes   463 Mbits/sec  49140  
[  5]  42.00-43.00  sec  51.5 MBytes   432 Mbits/sec  45880  
[  5]  43.00-44.00  sec  51.7 MBytes   434 Mbits/sec  46050  
[  5]  44.00-45.00  sec  52.1 MBytes   437 Mbits/sec  46410  
[  5]  45.00-46.00  sec  50.0 MBytes   419 Mbits/sec  44490  
[  5]  46.00-47.00  sec  50.9 MBytes   427 Mbits/sec  45320  
[  5]  47.00-48.00  sec  56.3 MBytes   472 Mbits/sec  50100  
[  5]  48.00-49.00  sec  50.9 MBytes   427 Mbits/sec  45300  
[  5]  49.00-50.00  sec  51.4 MBytes   431 Mbits/sec  45750  
[  5]  50.00-51.00  sec  50.6 MBytes   424 Mbits/sec  45010  
[  5]  51.00-52.00  sec  52.9 MBytes   444 Mbits/sec  47120  
[  5]  52.00-53.00  sec  52.5 MBytes   440 Mbits/sec  46700  
[  5]  53.00-54.00  sec  53.5 MBytes   449 Mbits/sec  47590  
[  5]  54.00-55.00  sec  52.3 MBytes   438 Mbits/sec  46510  
[  5]  55.00-56.00  sec  55.1 MBytes   463 Mbits/sec  49090  
[  5]  56.00-57.00  sec  53.3 MBytes   447 Mbits/sec  47430  
[  5]  57.00-58.00  sec  52.1 MBytes   437 Mbits/sec  46380  
[  5]  58.00-59.00  sec  51.5 MBytes   432 Mbits/sec  45850  
[  5]  59.00-60.00  sec  51.0 MBytes   428 Mbits/sec  45400  
- - - - - - - - - - - - - - - - - - - - - - - - -
[ ID] Interval           Transfer     Bitrate         Jitter    Lost/Total Datagrams
[  5]   0.00-60.00  sec  3.03 GBytes   433 Mbits/sec  0.000 ms  0/2757560 (0%)  sender
[  5]   0.00-60.22  sec  1.87 GBytes   267 Mbits/sec  0.015 ms  1071716/2757560 (39%)  receiver

iperf Done.
