Connecting to host 10.136.80.187, port 5201
[  5] local 10.136.173.113 port 43952 connected to 10.136.80.187 port 5201
[ ID] Interval           Transfer     Bitrate         Total Datagrams
[  5]   0.00-1.00   sec  76.5 MBytes   641 Mbits/sec  68060  (omitted)
[  5]   0.00-1.00   sec  66.9 MBytes   561 Mbits/sec  59530  
[  5]   1.00-2.00   sec  67.1 MBytes   563 Mbits/sec  59700  
[  5]   2.00-3.00   sec  64.2 MBytes   539 Mbits/sec  57140  
[  5]   3.00-4.00   sec  66.9 MBytes   562 Mbits/sec  59590  
[  5]   4.00-5.00   sec  69.5 MBytes   583 Mbits/sec  61850  
[  5]   5.00-6.00   sec  66.0 MBytes   553 Mbits/sec  58710  
[  5]   6.00-7.00   sec  63.7 MBytes   535 Mbits/sec  56730  
[  5]   7.00-8.00   sec  67.8 MBytes   569 Mbits/sec  60350  
[  5]   8.00-9.00   sec  67.1 MBytes   563 Mbits/sec  59750  
[  5]   9.00-10.00  sec  61.8 MBytes   519 Mbits/sec  55020  
[  5]  10.00-11.00  sec  76.0 MBytes   637 Mbits/sec  67620  
[  5]  11.00-12.00  sec  83.0 MBytes   696 Mbits/sec  73870  
[  5]  12.00-13.00  sec  82.4 MBytes   691 Mbits/sec  73360  
[  5]  13.00-14.00  sec  81.5 MBytes   684 Mbits/sec  72590  
[  5]  14.00-15.00  sec  82.1 MBytes   689 Mbits/sec  73070  
[  5]  15.00-16.00  sec  82.7 MBytes   694 Mbits/sec  73620  
[  5]  16.00-17.00  sec  80.9 MBytes   679 Mbits/sec  72050  
[  5]  17.00-18.00  sec  81.3 MBytes   682 Mbits/sec  72380  
[  5]  18.00-19.00  sec  84.6 MBytes   710 Mbits/sec  75340  
[  5]  19.00-20.00  sec  81.9 MBytes   687 Mbits/sec  72870  
[  5]  20.00-21.00  sec  81.0 MBytes   680 Mbits/sec  72140  
[  5]  21.00-22.00  sec  78.4 MBytes   658 Mbits/sec  69820  
[  5]  22.00-23.00  sec  68.3 MBytes   573 Mbits/sec  60840  
[  5]  23.00-24.00  sec  66.5 MBytes   558 Mbits/sec  59220  
[  5]  24.00-25.00  sec  67.7 MBytes   568 Mbits/sec  60220  
[  5]  25.00-26.00  sec  65.3 MBytes   548 Mbits/sec  58150  
[  5]  26.00-27.00  sec  67.1 MBytes   563 Mbits/sec  59710  
[  5]  27.00-28.00  sec  67.1 MBytes   563 Mbits/sec  59760  
[  5]  28.00-29.00  sec  67.9 MBytes   570 Mbits/sec  60450  
[  5]  29.00-30.00  sec  68.7 MBytes   576 Mbits/sec  61120  
[  5]  30.00-31.00  sec  79.2 MBytes   664 Mbits/sec  70500  
[  5]  31.00-32.00  sec  82.3 MBytes   691 Mbits/sec  73280  
[  5]  32.00-33.00  sec  80.8 MBytes   678 Mbits/sec  71950  
[  5]  33.00-34.00  sec  80.9 MBytes   679 Mbits/sec  72020  
[  5]  34.00-35.00  sec  79.6 MBytes   668 Mbits/sec  70890  
[  5]  35.00-36.00  sec  79.0 MBytes   663 Mbits/sec  70350  
[  5]  36.00-37.00  sec  81.0 MBytes   680 Mbits/sec  72110  
[  5]  37.00-38.00  sec  81.4 MBytes   683 Mbits/sec  72440  
[  5]  38.00-39.00  sec  82.3 MBytes   690 Mbits/sec  73250  
[  5]  39.00-40.00  sec  81.5 MBytes   684 Mbits/sec  72580  
[  5]  40.00-41.00  sec  81.7 MBytes   685 Mbits/sec  72730  
[  5]  41.00-42.00  sec  82.9 MBytes   696 Mbits/sec  73830  
[  5]  42.00-43.00  sec  82.6 MBytes   693 Mbits/sec  73510  
[  5]  43.00-44.00  sec  81.6 MBytes   684 Mbits/sec  72610  
[  5]  44.00-45.00  sec  81.5 MBytes   684 Mbits/sec  72540  
[  5]  45.00-46.00  sec  82.1 MBytes   689 Mbits/sec  73090  
[  5]  46.00-47.00  sec  81.7 MBytes   685 Mbits/sec  72680  
[  5]  47.00-48.00  sec  80.9 MBytes   679 Mbits/sec  72040  
[  5]  48.00-49.00  sec  81.3 MBytes   682 Mbits/sec  72370  
[  5]  49.00-50.00  sec  81.1 MBytes   680 Mbits/sec  72210  
[  5]  50.00-51.00  sec  82.0 MBytes   687 Mbits/sec  72950  
[  5]  51.00-52.00  sec  82.6 MBytes   693 Mbits/sec  73540  
[  5]  52.00-53.00  sec  81.9 MBytes   687 Mbits/sec  72920  
[  5]  53.00-54.00  sec  82.9 MBytes   695 Mbits/sec  73790  
[  5]  54.00-55.00  sec  82.7 MBytes   694 Mbits/sec  73600  
[  5]  55.00-56.00  sec  82.6 MBytes   693 Mbits/sec  73540  
[  5]  56.00-57.00  sec  81.7 MBytes   685 Mbits/sec  72710  
[  5]  57.00-58.00  sec  81.7 MBytes   686 Mbits/sec  72760  
[  5]  58.00-59.00  sec  81.8 MBytes   686 Mbits/sec  72790  
[  5]  59.00-60.00  sec  82.2 MBytes   690 Mbits/sec  73200  
- - - - - - - - - - - - - - - - - - - - - - - - -
[ ID] Interval           Transfer     Bitrate         Jitter    Lost/Total Datagrams
[  5]   0.00-60.00  sec  4.51 GBytes   646 Mbits/sec  0.000 ms  0/4115350 (0%)  sender
[  5]   0.00-60.04  sec  4.52 GBytes   646 Mbits/sec  0.014 ms  2508/4115348 (0.061%)  receiver

iperf Done.
