Connecting to host 10.136.80.150, port 5201
[  5] local 10.136.173.86 port 60543 connected to 10.136.80.150 port 5201
[ ID] Interval           Transfer     Bitrate         Total Datagrams
[  5]   0.00-1.00   sec  68.1 MBytes   571 Mbits/sec  60580  (omitted)
[  5]   0.00-1.00   sec  67.7 MBytes   568 Mbits/sec  60300  
[  5]   1.00-2.00   sec  54.8 MBytes   460 Mbits/sec  48780  
[  5]   2.00-3.00   sec  52.3 MBytes   438 Mbits/sec  46510  
[  5]   3.00-4.00   sec  64.1 MBytes   538 Mbits/sec  57040  
[  5]   4.00-5.00   sec  62.5 MBytes   524 Mbits/sec  55630  
[  5]   5.00-6.00   sec  59.8 MBytes   501 Mbits/sec  53210  
[  5]   6.00-7.00   sec  67.1 MBytes   563 Mbits/sec  59750  
[  5]   7.00-8.00   sec  62.9 MBytes   528 Mbits/sec  56020  
[  5]   8.00-9.00   sec  65.4 MBytes   548 Mbits/sec  58210  
[  5]   9.00-10.00  sec  56.7 MBytes   476 Mbits/sec  50490  
[  5]  10.00-11.00  sec  65.5 MBytes   549 Mbits/sec  58260  
[  5]  11.00-12.00  sec  63.4 MBytes   532 Mbits/sec  56460  
[  5]  12.00-13.00  sec  62.4 MBytes   523 Mbits/sec  55510  
[  5]  13.00-14.00  sec  62.5 MBytes   524 Mbits/sec  55620  
[  5]  14.00-15.00  sec  58.1 MBytes   487 Mbits/sec  51710  
[  5]  15.00-16.00  sec  64.9 MBytes   544 Mbits/sec  57750  
[  5]  16.00-17.00  sec  60.8 MBytes   510 Mbits/sec  54110  
[  5]  17.00-18.00  sec  61.7 MBytes   518 Mbits/sec  54960  
[  5]  18.00-19.00  sec  55.1 MBytes   462 Mbits/sec  49030  
[  5]  19.00-20.00  sec  62.1 MBytes   521 Mbits/sec  55320  
[  5]  20.00-21.00  sec  68.2 MBytes   572 Mbits/sec  60750  
[  5]  21.00-22.00  sec  63.2 MBytes   530 Mbits/sec  56250  
[  5]  22.00-23.00  sec  65.0 MBytes   545 Mbits/sec  57860  
[  5]  23.00-24.00  sec  70.3 MBytes   589 Mbits/sec  62540  
[  5]  24.00-25.00  sec  60.7 MBytes   509 Mbits/sec  54000  
[  5]  25.00-26.00  sec  62.1 MBytes   521 Mbits/sec  55280  
[  5]  26.00-27.00  sec  59.6 MBytes   500 Mbits/sec  53010  
[  5]  27.00-28.00  sec  55.5 MBytes   465 Mbits/sec  49390  
[  5]  28.00-29.00  sec  57.7 MBytes   484 Mbits/sec  51370  
[  5]  29.00-30.00  sec  52.0 MBytes   436 Mbits/sec  46320  
[  5]  30.00-31.00  sec  64.7 MBytes   543 Mbits/sec  57570  
[  5]  31.00-32.00  sec  56.6 MBytes   475 Mbits/sec  50400  
[  5]  32.00-33.00  sec  64.4 MBytes   540 Mbits/sec  57290  
[  5]  33.00-34.00  sec  63.1 MBytes   530 Mbits/sec  56200  
[  5]  34.00-35.00  sec  62.9 MBytes   527 Mbits/sec  55970  
[  5]  35.00-36.00  sec  67.8 MBytes   568 Mbits/sec  60310  
[  5]  36.00-37.00  sec  64.3 MBytes   539 Mbits/sec  57210  
[  5]  37.00-38.00  sec  59.6 MBytes   500 Mbits/sec  53010  
[  5]  38.00-39.00  sec  60.0 MBytes   504 Mbits/sec  53450  
[  5]  39.00-40.00  sec  61.8 MBytes   518 Mbits/sec  54970  
[  5]  40.00-41.00  sec  64.0 MBytes   537 Mbits/sec  57010  
[  5]  41.00-42.00  sec  70.5 MBytes   592 Mbits/sec  62770  
[  5]  42.00-43.00  sec  56.3 MBytes   473 Mbits/sec  50140  
[  5]  43.00-44.00  sec  61.3 MBytes   514 Mbits/sec  54550  
[  5]  44.00-45.00  sec  61.9 MBytes   519 Mbits/sec  55110  
[  5]  45.00-46.00  sec  62.6 MBytes   525 Mbits/sec  55760  
[  5]  46.00-47.00  sec  62.9 MBytes   527 Mbits/sec  55960  
[  5]  47.00-48.00  sec  62.1 MBytes   521 Mbits/sec  55270  
[  5]  48.00-49.00  sec  63.5 MBytes   533 Mbits/sec  56540  
[  5]  49.00-50.00  sec  64.9 MBytes   544 Mbits/sec  57740  
[  5]  50.00-51.00  sec  66.5 MBytes   558 Mbits/sec  59180  
[  5]  51.00-52.00  sec  57.5 MBytes   483 Mbits/sec  51200  
[  5]  52.00-53.00  sec  52.3 MBytes   439 Mbits/sec  46540  
[  5]  53.00-54.00  sec  64.4 MBytes   540 Mbits/sec  57340  
[  5]  54.00-55.00  sec  52.5 MBytes   440 Mbits/sec  46730  
[  5]  55.00-56.00  sec  53.5 MBytes   449 Mbits/sec  47630  
[  5]  56.00-57.00  sec  58.4 MBytes   490 Mbits/sec  51960  
[  5]  57.00-58.00  sec  58.9 MBytes   494 Mbits/sec  52430  
[  5]  58.00-59.00  sec  63.9 MBytes   536 Mbits/sec  56890  
[  5]  59.00-60.00  sec  68.1 MBytes   572 Mbits/sec  60660  
- - - - - - - - - - - - - - - - - - - - - - - - -
[ ID] Interval           Transfer     Bitrate         Jitter    Lost/Total Datagrams
[  5]   0.00-60.00  sec  3.61 GBytes   517 Mbits/sec  0.000 ms  0/3289230 (0%)  sender
[  5]   0.00-60.05  sec  3.33 GBytes   476 Mbits/sec  0.018 ms  263060/3289230 (8%)  receiver

iperf Done.
