Connecting to host 10.136.80.140, port 5201
[  5] local 10.136.173.76 port 39700 connected to 10.136.80.140 port 5201
[ ID] Interval           Transfer     Bitrate         Total Datagrams
[  5]   0.00-1.00   sec  52.7 MBytes   442 Mbits/sec  46910  (omitted)
[  5]   0.00-1.00   sec  62.1 MBytes   521 Mbits/sec  55260  
[  5]   1.00-2.00   sec  53.7 MBytes   450 Mbits/sec  47800  
[  5]   2.00-3.00   sec  55.4 MBytes   465 Mbits/sec  49310  
[  5]   3.00-4.00   sec  57.1 MBytes   479 Mbits/sec  50860  
[  5]   4.00-5.00   sec  60.4 MBytes   506 Mbits/sec  53730  
[  5]   5.00-6.00   sec  53.9 MBytes   453 Mbits/sec  48010  
[  5]   6.00-7.00   sec  60.3 MBytes   506 Mbits/sec  53710  
[  5]   7.00-8.00   sec  54.0 MBytes   453 Mbits/sec  48030  
[  5]   8.00-9.00   sec  54.9 MBytes   460 Mbits/sec  48860  
[  5]   9.00-10.00  sec  57.6 MBytes   483 Mbits/sec  51280  
[  5]  10.00-11.00  sec  54.5 MBytes   457 Mbits/sec  48530  
[  5]  11.00-12.00  sec  56.4 MBytes   473 Mbits/sec  50160  
[  5]  12.00-13.00  sec  53.5 MBytes   448 Mbits/sec  47590  
[  5]  13.00-14.00  sec  54.2 MBytes   454 Mbits/sec  48220  
[  5]  14.00-15.00  sec  51.4 MBytes   431 Mbits/sec  45750  
[  5]  15.00-16.00  sec  60.0 MBytes   503 Mbits/sec  53420  
[  5]  16.00-17.00  sec  57.8 MBytes   485 Mbits/sec  51470  
[  5]  17.00-18.00  sec  62.2 MBytes   522 Mbits/sec  55360  
[  5]  18.00-19.00  sec  56.3 MBytes   472 Mbits/sec  50120  
[  5]  19.00-20.00  sec  56.1 MBytes   470 Mbits/sec  49920  
[  5]  20.00-21.00  sec  54.2 MBytes   454 Mbits/sec  48210  
[  5]  21.00-22.00  sec  56.2 MBytes   471 Mbits/sec  50010  
[  5]  22.00-23.00  sec  55.8 MBytes   468 Mbits/sec  49640  
[  5]  23.00-24.00  sec  63.0 MBytes   529 Mbits/sec  56120  
[  5]  24.00-25.00  sec  64.4 MBytes   540 Mbits/sec  57290  
[  5]  25.00-26.00  sec  54.0 MBytes   453 Mbits/sec  48060  
[  5]  26.00-27.00  sec  50.4 MBytes   423 Mbits/sec  44860  
[  5]  27.00-28.00  sec  61.8 MBytes   518 Mbits/sec  54990  
[  5]  28.00-29.00  sec  50.0 MBytes   420 Mbits/sec  44530  
[  5]  29.00-30.00  sec  51.9 MBytes   435 Mbits/sec  46210  
[  5]  30.00-31.00  sec  55.5 MBytes   465 Mbits/sec  49360  
[  5]  31.00-32.00  sec  43.9 MBytes   368 Mbits/sec  39060  
[  5]  32.00-33.00  sec  52.3 MBytes   438 Mbits/sec  46520  
[  5]  33.00-34.00  sec  55.5 MBytes   465 Mbits/sec  49390  
[  5]  34.00-35.00  sec  56.4 MBytes   473 Mbits/sec  50160  
[  5]  35.00-36.00  sec  52.9 MBytes   444 Mbits/sec  47120  
[  5]  36.00-37.00  sec  61.0 MBytes   512 Mbits/sec  54320  
[  5]  37.00-38.00  sec  50.8 MBytes   426 Mbits/sec  45240  
[  5]  38.00-39.00  sec  58.7 MBytes   492 Mbits/sec  52250  
[  5]  39.00-40.00  sec  60.3 MBytes   506 Mbits/sec  53640  
[  5]  40.00-41.00  sec  54.0 MBytes   453 Mbits/sec  48040  
[  5]  41.00-42.00  sec  48.2 MBytes   404 Mbits/sec  42870  
[  5]  42.00-43.00  sec  45.2 MBytes   379 Mbits/sec  40210  
[  5]  43.00-44.00  sec  61.4 MBytes   515 Mbits/sec  54610  
[  5]  44.00-45.00  sec  43.2 MBytes   362 Mbits/sec  38430  
[  5]  45.00-46.00  sec  58.1 MBytes   487 Mbits/sec  51690  
[  5]  46.00-47.00  sec  55.7 MBytes   467 Mbits/sec  49600  
[  5]  47.00-48.00  sec  45.3 MBytes   380 Mbits/sec  40310  
[  5]  48.00-49.00  sec  56.7 MBytes   475 Mbits/sec  50450  
[  5]  49.00-50.00  sec  58.9 MBytes   494 Mbits/sec  52460  
[  5]  50.00-51.00  sec  54.1 MBytes   454 Mbits/sec  48140  
[  5]  51.00-52.00  sec  47.5 MBytes   399 Mbits/sec  42300  
[  5]  52.00-53.00  sec  55.2 MBytes   463 Mbits/sec  49110  
[  5]  53.00-54.00  sec  54.4 MBytes   456 Mbits/sec  48420  
[  5]  54.00-55.00  sec  58.8 MBytes   493 Mbits/sec  52320  
[  5]  55.00-56.00  sec  57.4 MBytes   482 Mbits/sec  51120  
[  5]  56.00-57.00  sec  59.0 MBytes   495 Mbits/sec  52530  
[  5]  57.00-58.00  sec  56.8 MBytes   476 Mbits/sec  50520  
[  5]  58.00-59.00  sec  52.1 MBytes   437 Mbits/sec  46380  
[  5]  59.00-60.00  sec  50.7 MBytes   425 Mbits/sec  45100  
- - - - - - - - - - - - - - - - - - - - - - - - -
[ ID] Interval           Transfer     Bitrate         Jitter    Lost/Total Datagrams
[  5]   0.00-60.00  sec  3.24 GBytes   463 Mbits/sec  0.000 ms  0/2948980 (0%)  sender
[  5]   0.00-60.25  sec  2.01 GBytes   287 Mbits/sec  0.018 ms  1128521/2948961 (38%)  receiver

iperf Done.
