Connecting to host 10.136.80.174, port 5201
[  5] local 10.136.173.110 port 35983 connected to 10.136.80.174 port 5201
[ ID] Interval           Transfer     Bitrate         Total Datagrams
[  5]   0.00-1.00   sec  51.9 MBytes   435 Mbits/sec  46210  (omitted)
[  5]   0.00-1.00   sec  50.2 MBytes   421 Mbits/sec  44670  
[  5]   1.00-2.00   sec  55.8 MBytes   468 Mbits/sec  49690  
[  5]   2.00-3.00   sec  54.5 MBytes   457 Mbits/sec  48540  
[  5]   3.00-4.00   sec  57.1 MBytes   479 Mbits/sec  50840  
[  5]   4.00-5.00   sec  57.3 MBytes   480 Mbits/sec  50970  
[  5]   5.00-6.00   sec  56.2 MBytes   471 Mbits/sec  50010  
[  5]   6.00-7.00   sec  54.2 MBytes   454 Mbits/sec  48210  
[  5]   7.00-8.00   sec  54.0 MBytes   453 Mbits/sec  48030  
[  5]   8.00-9.00   sec  55.4 MBytes   465 Mbits/sec  49310  
[  5]   9.00-10.00  sec  53.9 MBytes   452 Mbits/sec  48010  
[  5]  10.00-11.00  sec  58.7 MBytes   493 Mbits/sec  52290  
[  5]  11.00-12.00  sec  58.2 MBytes   488 Mbits/sec  51800  
[  5]  12.00-13.00  sec  54.4 MBytes   456 Mbits/sec  48410  
[  5]  13.00-14.00  sec  51.0 MBytes   428 Mbits/sec  45430  
[  5]  14.00-15.00  sec  52.6 MBytes   442 Mbits/sec  46850  
[  5]  15.00-16.00  sec  55.7 MBytes   467 Mbits/sec  49560  
[  5]  16.00-17.00  sec  53.8 MBytes   452 Mbits/sec  47930  
[  5]  17.00-18.00  sec  51.7 MBytes   434 Mbits/sec  46040  
[  5]  18.00-19.00  sec  51.7 MBytes   433 Mbits/sec  45980  
[  5]  19.00-20.00  sec  52.4 MBytes   440 Mbits/sec  46650  
[  5]  20.00-21.00  sec  57.7 MBytes   484 Mbits/sec  51370  
[  5]  21.00-22.00  sec  51.5 MBytes   432 Mbits/sec  45870  
[  5]  22.00-23.00  sec  52.5 MBytes   440 Mbits/sec  46720  
[  5]  23.00-24.00  sec  50.7 MBytes   425 Mbits/sec  45100  
[  5]  24.00-25.00  sec  54.3 MBytes   455 Mbits/sec  48290  
[  5]  25.00-26.00  sec  57.0 MBytes   478 Mbits/sec  50700  
[  5]  26.00-27.00  sec  57.3 MBytes   481 Mbits/sec  51040  
[  5]  27.00-28.00  sec  57.5 MBytes   482 Mbits/sec  51140  
[  5]  28.00-29.00  sec  55.3 MBytes   464 Mbits/sec  49260  
[  5]  29.00-30.00  sec  53.7 MBytes   450 Mbits/sec  47760  
[  5]  30.00-31.00  sec  52.4 MBytes   440 Mbits/sec  46630  
[  5]  31.00-32.00  sec  54.1 MBytes   454 Mbits/sec  48200  
[  5]  32.00-33.00  sec  51.4 MBytes   431 Mbits/sec  45750  
[  5]  33.00-34.00  sec  50.0 MBytes   419 Mbits/sec  44510  
[  5]  34.00-35.00  sec  53.3 MBytes   448 Mbits/sec  47480  
[  5]  35.00-36.00  sec  51.6 MBytes   433 Mbits/sec  45940  
[  5]  36.00-37.00  sec  53.4 MBytes   448 Mbits/sec  47550  
[  5]  37.00-38.00  sec  51.5 MBytes   432 Mbits/sec  45830  
[  5]  38.00-39.00  sec  56.6 MBytes   474 Mbits/sec  50340  
[  5]  39.00-40.00  sec  56.1 MBytes   471 Mbits/sec  49970  
[  5]  40.00-41.00  sec  51.1 MBytes   429 Mbits/sec  45480  
[  5]  41.00-42.00  sec  49.8 MBytes   418 Mbits/sec  44300  
[  5]  42.00-43.00  sec  58.6 MBytes   492 Mbits/sec  52200  
[  5]  43.00-44.00  sec  51.6 MBytes   433 Mbits/sec  45970  
[  5]  44.00-45.00  sec  44.6 MBytes   374 Mbits/sec  39710  
[  5]  45.00-46.00  sec  55.7 MBytes   467 Mbits/sec  49580  
[  5]  46.00-47.00  sec  56.2 MBytes   472 Mbits/sec  50050  
[  5]  47.00-48.00  sec  56.8 MBytes   476 Mbits/sec  50530  
[  5]  48.00-49.00  sec  57.3 MBytes   481 Mbits/sec  50990  
[  5]  49.00-50.00  sec  58.7 MBytes   493 Mbits/sec  52270  
[  5]  50.00-51.00  sec  53.9 MBytes   452 Mbits/sec  48000  
[  5]  51.00-52.00  sec  52.3 MBytes   439 Mbits/sec  46560  
[  5]  52.00-53.00  sec  56.1 MBytes   471 Mbits/sec  49980  
[  5]  53.00-54.00  sec  52.7 MBytes   442 Mbits/sec  46890  
[  5]  54.00-55.00  sec  56.5 MBytes   474 Mbits/sec  50280  
[  5]  55.00-56.00  sec  58.0 MBytes   487 Mbits/sec  51630  
[  5]  56.00-57.00  sec  52.0 MBytes   436 Mbits/sec  46290  
[  5]  57.00-58.00  sec  55.2 MBytes   463 Mbits/sec  49120  
[  5]  58.00-59.00  sec  53.6 MBytes   449 Mbits/sec  47680  
[  5]  59.00-60.00  sec  54.9 MBytes   460 Mbits/sec  48830  
- - - - - - - - - - - - - - - - - - - - - - - - -
[ ID] Interval           Transfer     Bitrate         Jitter    Lost/Total Datagrams
[  5]   0.00-60.00  sec  3.18 GBytes   455 Mbits/sec  0.000 ms  0/2895010 (0%)  sender
[  5]   0.00-60.29  sec  2.17 GBytes   309 Mbits/sec  0.009 ms  930425/2893005 (32%)  receiver

iperf Done.
