Connecting to host 10.136.80.172, port 5201
[  5] local 10.136.173.109 port 36264 connected to 10.136.80.172 port 5201
[ ID] Interval           Transfer     Bitrate         Total Datagrams
[  5]   0.00-1.00   sec  60.2 MBytes   505 Mbits/sec  53630  (omitted)
[  5]   0.00-1.00   sec  61.5 MBytes   516 Mbits/sec  54730  
[  5]   1.00-2.00   sec  55.9 MBytes   469 Mbits/sec  49760  
[  5]   2.00-3.00   sec  63.0 MBytes   529 Mbits/sec  56080  
[  5]   3.00-4.00   sec  54.8 MBytes   459 Mbits/sec  48740  
[  5]   4.00-5.00   sec  63.2 MBytes   530 Mbits/sec  56270  
[  5]   5.00-6.00   sec  60.8 MBytes   510 Mbits/sec  54140  
[  5]   6.00-7.00   sec  60.1 MBytes   504 Mbits/sec  53530  
[  5]   7.00-8.00   sec  66.6 MBytes   559 Mbits/sec  59270  
[  5]   8.00-9.00   sec  59.4 MBytes   499 Mbits/sec  52910  
[  5]   9.00-10.00  sec  52.5 MBytes   440 Mbits/sec  46710  
[  5]  10.00-11.00  sec  49.0 MBytes   411 Mbits/sec  43620  
[  5]  11.00-12.00  sec  62.0 MBytes   520 Mbits/sec  55190  
[  5]  12.00-13.00  sec  68.5 MBytes   575 Mbits/sec  60980  
[  5]  13.00-14.00  sec  64.3 MBytes   540 Mbits/sec  57260  
[  5]  14.00-15.00  sec  60.8 MBytes   510 Mbits/sec  54080  
[  5]  15.00-16.00  sec  51.3 MBytes   431 Mbits/sec  45680  
[  5]  16.00-17.00  sec  61.1 MBytes   513 Mbits/sec  54420  
[  5]  17.00-18.00  sec  52.5 MBytes   440 Mbits/sec  46730  
[  5]  18.00-19.00  sec  58.6 MBytes   492 Mbits/sec  52160  
[  5]  19.00-20.00  sec  67.6 MBytes   567 Mbits/sec  60190  
[  5]  20.00-21.00  sec  63.1 MBytes   529 Mbits/sec  56180  
[  5]  21.00-22.00  sec  60.6 MBytes   508 Mbits/sec  53910  
[  5]  22.00-23.00  sec  64.5 MBytes   541 Mbits/sec  57390  
[  5]  23.00-24.00  sec  60.0 MBytes   503 Mbits/sec  53420  
[  5]  24.00-25.00  sec  62.7 MBytes   526 Mbits/sec  55830  
[  5]  25.00-26.00  sec  59.4 MBytes   498 Mbits/sec  52840  
[  5]  26.00-27.00  sec  68.8 MBytes   577 Mbits/sec  61210  
[  5]  27.00-28.00  sec  67.6 MBytes   567 Mbits/sec  60140  
[  5]  28.00-29.00  sec  58.0 MBytes   487 Mbits/sec  51640  
[  5]  29.00-30.00  sec  49.1 MBytes   412 Mbits/sec  43720  
[  5]  30.00-31.00  sec  50.2 MBytes   421 Mbits/sec  44710  
[  5]  31.00-32.00  sec  62.8 MBytes   527 Mbits/sec  55920  
[  5]  32.00-33.00  sec  66.3 MBytes   556 Mbits/sec  59020  
[  5]  33.00-34.00  sec  61.3 MBytes   514 Mbits/sec  54570  
[  5]  34.00-35.00  sec  57.9 MBytes   486 Mbits/sec  51550  
[  5]  35.00-36.00  sec  54.5 MBytes   458 Mbits/sec  48550  
[  5]  36.00-37.00  sec  56.6 MBytes   475 Mbits/sec  50390  
[  5]  37.00-38.00  sec  55.7 MBytes   467 Mbits/sec  49540  
[  5]  38.00-39.00  sec  60.3 MBytes   506 Mbits/sec  53640  
[  5]  39.00-40.00  sec  61.6 MBytes   517 Mbits/sec  54830  
[  5]  40.00-41.00  sec  55.6 MBytes   466 Mbits/sec  49450  
[  5]  41.00-42.00  sec  63.9 MBytes   536 Mbits/sec  56920  
[  5]  42.00-43.00  sec  61.6 MBytes   517 Mbits/sec  54810  
[  5]  43.00-44.00  sec  54.4 MBytes   457 Mbits/sec  48450  
[  5]  44.00-45.00  sec  67.2 MBytes   564 Mbits/sec  59840  
[  5]  45.00-46.00  sec  65.0 MBytes   545 Mbits/sec  57870  
[  5]  46.00-47.00  sec  61.0 MBytes   512 Mbits/sec  54340  
[  5]  47.00-48.00  sec  62.1 MBytes   521 Mbits/sec  55260  
[  5]  48.00-49.00  sec  61.8 MBytes   519 Mbits/sec  55030  
[  5]  49.00-50.00  sec  59.8 MBytes   501 Mbits/sec  53200  
[  5]  50.00-51.00  sec  64.4 MBytes   540 Mbits/sec  57290  
[  5]  51.00-52.00  sec  62.8 MBytes   527 Mbits/sec  55920  
[  5]  52.00-53.00  sec  55.7 MBytes   467 Mbits/sec  49600  
[  5]  53.00-54.00  sec  61.4 MBytes   515 Mbits/sec  54650  
[  5]  54.00-55.00  sec  67.8 MBytes   569 Mbits/sec  60380  
[  5]  55.00-56.00  sec  63.7 MBytes   534 Mbits/sec  56710  
[  5]  56.00-57.00  sec  61.7 MBytes   518 Mbits/sec  54930  
[  5]  57.00-58.00  sec  65.1 MBytes   546 Mbits/sec  57980  
[  5]  58.00-59.00  sec  60.8 MBytes   510 Mbits/sec  54110  
[  5]  59.00-60.00  sec  63.5 MBytes   533 Mbits/sec  56510  
- - - - - - - - - - - - - - - - - - - - - - - - -
[ ID] Interval           Transfer     Bitrate         Jitter    Lost/Total Datagrams
[  5]   0.00-60.00  sec  3.55 GBytes   508 Mbits/sec  0.000 ms  0/3234700 (0%)  sender
[  5]   0.00-60.04  sec  3.38 GBytes   483 Mbits/sec  0.023 ms  163106/3234686 (5%)  receiver

iperf Done.
