Connecting to host 10.136.80.142, port 5201
[  5] local 10.136.173.78 port 35509 connected to 10.136.80.142 port 5201
[ ID] Interval           Transfer     Bitrate         Total Datagrams
[  5]   0.00-1.00   sec  57.0 MBytes   478 Mbits/sec  50730  (omitted)
[  5]   0.00-1.00   sec  49.2 MBytes   412 Mbits/sec  43770  
[  5]   1.00-2.00   sec  48.4 MBytes   406 Mbits/sec  43090  
[  5]   2.00-3.00   sec  60.3 MBytes   506 Mbits/sec  53710  
[  5]   3.00-4.00   sec  56.1 MBytes   471 Mbits/sec  49940  
[  5]   4.00-5.00   sec  54.1 MBytes   454 Mbits/sec  48170  
[  5]   5.00-6.00   sec  53.2 MBytes   446 Mbits/sec  47350  
[  5]   6.00-7.00   sec  44.7 MBytes   375 Mbits/sec  39790  
[  5]   7.00-8.00   sec  45.0 MBytes   378 Mbits/sec  40070  
[  5]   8.00-9.00   sec  55.7 MBytes   468 Mbits/sec  49620  
[  5]   9.00-10.00  sec  54.2 MBytes   455 Mbits/sec  48280  
[  5]  10.00-11.00  sec  57.2 MBytes   480 Mbits/sec  50940  
[  5]  11.00-12.00  sec  57.5 MBytes   482 Mbits/sec  51180  
[  5]  12.00-13.00  sec  56.8 MBytes   477 Mbits/sec  50580  
[  5]  13.00-14.00  sec  58.9 MBytes   495 Mbits/sec  52470  
[  5]  14.00-15.00  sec  56.7 MBytes   476 Mbits/sec  50510  
[  5]  15.00-16.00  sec  57.3 MBytes   481 Mbits/sec  51000  
[  5]  16.00-17.00  sec  56.3 MBytes   472 Mbits/sec  50080  
[  5]  17.00-18.00  sec  42.8 MBytes   359 Mbits/sec  38120  
[  5]  18.00-19.00  sec  57.9 MBytes   486 Mbits/sec  51570  
[  5]  19.00-20.00  sec  55.4 MBytes   465 Mbits/sec  49330  
[  5]  20.00-21.00  sec  58.1 MBytes   487 Mbits/sec  51690  
[  5]  21.00-22.00  sec  60.0 MBytes   503 Mbits/sec  53400  
[  5]  22.00-23.00  sec  54.7 MBytes   459 Mbits/sec  48700  
[  5]  23.00-24.00  sec  55.6 MBytes   466 Mbits/sec  49480  
[  5]  24.00-25.00  sec  58.8 MBytes   493 Mbits/sec  52340  
[  5]  25.00-26.00  sec  60.9 MBytes   511 Mbits/sec  54180  
[  5]  26.00-27.00  sec  61.3 MBytes   514 Mbits/sec  54530  
[  5]  27.00-28.00  sec  54.6 MBytes   458 Mbits/sec  48610  
[  5]  28.00-29.00  sec  56.6 MBytes   475 Mbits/sec  50420  
[  5]  29.00-30.00  sec  54.9 MBytes   461 Mbits/sec  48910  
[  5]  30.00-31.00  sec  55.4 MBytes   464 Mbits/sec  49280  
[  5]  31.00-32.00  sec  54.1 MBytes   454 Mbits/sec  48150  
[  5]  32.00-33.00  sec  58.1 MBytes   487 Mbits/sec  51710  
[  5]  33.00-34.00  sec  56.6 MBytes   474 Mbits/sec  50340  
[  5]  34.00-35.00  sec  57.8 MBytes   485 Mbits/sec  51470  
[  5]  35.00-36.00  sec  54.5 MBytes   457 Mbits/sec  48500  
[  5]  36.00-37.00  sec  58.5 MBytes   491 Mbits/sec  52060  
[  5]  37.00-38.00  sec  59.3 MBytes   497 Mbits/sec  52760  
[  5]  38.00-39.00  sec  57.1 MBytes   479 Mbits/sec  50860  
[  5]  39.00-40.00  sec  50.6 MBytes   424 Mbits/sec  45020  
[  5]  40.00-41.00  sec  45.2 MBytes   379 Mbits/sec  40190  
[  5]  41.00-42.00  sec  57.3 MBytes   481 Mbits/sec  51000  
[  5]  42.00-43.00  sec  55.9 MBytes   469 Mbits/sec  49800  
[  5]  43.00-44.00  sec  59.8 MBytes   501 Mbits/sec  53210  
[  5]  44.00-45.00  sec  56.2 MBytes   471 Mbits/sec  49990  
[  5]  45.00-46.00  sec  55.7 MBytes   467 Mbits/sec  49560  
[  5]  46.00-47.00  sec  61.7 MBytes   517 Mbits/sec  54890  
[  5]  47.00-48.00  sec  60.3 MBytes   506 Mbits/sec  53670  
[  5]  48.00-49.00  sec  52.9 MBytes   444 Mbits/sec  47110  
[  5]  49.00-50.00  sec  58.0 MBytes   487 Mbits/sec  51640  
[  5]  50.00-51.00  sec  59.0 MBytes   495 Mbits/sec  52550  
[  5]  51.00-52.00  sec  58.0 MBytes   487 Mbits/sec  51670  
[  5]  52.00-53.00  sec  45.4 MBytes   381 Mbits/sec  40450  
[  5]  53.00-54.00  sec  49.5 MBytes   415 Mbits/sec  44030  
[  5]  54.00-55.00  sec  47.0 MBytes   394 Mbits/sec  41830  
[  5]  55.00-56.00  sec  62.7 MBytes   526 Mbits/sec  55780  
[  5]  56.00-57.00  sec  54.9 MBytes   461 Mbits/sec  48870  
[  5]  57.00-58.00  sec  51.9 MBytes   435 Mbits/sec  46180  
[  5]  58.00-59.00  sec  52.3 MBytes   439 Mbits/sec  46560  
[  5]  59.00-60.00  sec  58.2 MBytes   489 Mbits/sec  51850  
- - - - - - - - - - - - - - - - - - - - - - - - -
[ ID] Interval           Transfer     Bitrate         Jitter    Lost/Total Datagrams
[  5]   0.00-60.00  sec  3.24 GBytes   464 Mbits/sec  0.000 ms  0/2952810 (0%)  sender
[  5]   0.00-60.09  sec  1.29 GBytes   185 Mbits/sec  0.080 ms  1805569/2952809 (61%)  receiver

iperf Done.
