Connecting to host 10.136.80.168, port 5201
[  5] local 10.136.173.104 port 36663 connected to 10.136.80.168 port 5201
[ ID] Interval           Transfer     Bitrate         Total Datagrams
[  5]   0.00-1.00   sec  53.8 MBytes   451 Mbits/sec  47910  (omitted)
[  5]   0.00-1.00   sec  53.8 MBytes   451 Mbits/sec  47910  
[  5]   1.00-2.00   sec  60.4 MBytes   507 Mbits/sec  53750  
[  5]   2.00-3.00   sec  53.0 MBytes   445 Mbits/sec  47210  
[  5]   3.00-4.00   sec  56.4 MBytes   473 Mbits/sec  50190  
[  5]   4.00-5.00   sec  55.5 MBytes   465 Mbits/sec  49370  
[  5]   5.00-6.00   sec  58.2 MBytes   489 Mbits/sec  51830  
[  5]   6.00-7.00   sec  57.8 MBytes   485 Mbits/sec  51480  
[  5]   7.00-8.00   sec  50.7 MBytes   425 Mbits/sec  45100  
[  5]   8.00-9.00   sec  56.1 MBytes   470 Mbits/sec  49920  
[  5]   9.00-10.00  sec  58.6 MBytes   491 Mbits/sec  52140  
[  5]  10.00-11.00  sec  55.7 MBytes   467 Mbits/sec  49570  
[  5]  11.00-12.00  sec  59.4 MBytes   498 Mbits/sec  52880  
[  5]  12.00-13.00  sec  56.3 MBytes   472 Mbits/sec  50110  
[  5]  13.00-14.00  sec  55.0 MBytes   462 Mbits/sec  49000  
[  5]  14.00-15.00  sec  52.4 MBytes   440 Mbits/sec  46640  
[  5]  15.00-16.00  sec  55.1 MBytes   462 Mbits/sec  49050  
[  5]  16.00-17.00  sec  55.9 MBytes   469 Mbits/sec  49790  
[  5]  17.00-18.00  sec  55.0 MBytes   461 Mbits/sec  48960  
[  5]  18.00-19.00  sec  58.8 MBytes   494 Mbits/sec  52380  
[  5]  19.00-20.00  sec  58.5 MBytes   491 Mbits/sec  52100  
[  5]  20.00-21.00  sec  53.0 MBytes   444 Mbits/sec  47160  
[  5]  21.00-22.00  sec  53.7 MBytes   451 Mbits/sec  47810  
[  5]  22.00-23.00  sec  52.4 MBytes   440 Mbits/sec  46660  
[  5]  23.00-24.00  sec  50.7 MBytes   425 Mbits/sec  45110  
[  5]  24.00-25.00  sec  54.4 MBytes   457 Mbits/sec  48460  
[  5]  25.00-26.00  sec  53.9 MBytes   452 Mbits/sec  47940  
[  5]  26.00-27.00  sec  52.9 MBytes   444 Mbits/sec  47090  
[  5]  27.00-28.00  sec  53.1 MBytes   446 Mbits/sec  47270  
[  5]  28.00-29.00  sec  50.1 MBytes   421 Mbits/sec  44640  
[  5]  29.00-30.00  sec  42.4 MBytes   356 Mbits/sec  37760  
[  5]  30.00-31.00  sec  52.9 MBytes   443 Mbits/sec  47050  
[  5]  31.00-32.00  sec  57.6 MBytes   483 Mbits/sec  51240  
[  5]  32.00-33.00  sec  59.8 MBytes   502 Mbits/sec  53250  
[  5]  33.00-34.00  sec  54.3 MBytes   455 Mbits/sec  48320  
[  5]  34.00-35.00  sec  55.6 MBytes   466 Mbits/sec  49480  
[  5]  35.00-36.00  sec  52.4 MBytes   440 Mbits/sec  46640  
[  5]  36.00-37.00  sec  55.6 MBytes   466 Mbits/sec  49450  
[  5]  37.00-38.00  sec  52.0 MBytes   437 Mbits/sec  46330  
[  5]  38.00-39.00  sec  54.5 MBytes   457 Mbits/sec  48490  
[  5]  39.00-40.00  sec  52.4 MBytes   440 Mbits/sec  46650  
[  5]  40.00-41.00  sec  52.1 MBytes   437 Mbits/sec  46370  
[  5]  41.00-42.00  sec  50.3 MBytes   422 Mbits/sec  44790  
[  5]  42.00-43.00  sec  49.4 MBytes   414 Mbits/sec  43950  
[  5]  43.00-44.00  sec  55.9 MBytes   469 Mbits/sec  49800  
[  5]  44.00-45.00  sec  51.0 MBytes   428 Mbits/sec  45400  
[  5]  45.00-46.00  sec  59.8 MBytes   501 Mbits/sec  53190  
[  5]  46.00-47.00  sec  55.7 MBytes   467 Mbits/sec  49540  
[  5]  47.00-48.00  sec  58.3 MBytes   489 Mbits/sec  51890  
[  5]  48.00-49.00  sec  53.1 MBytes   446 Mbits/sec  47290  
[  5]  49.00-50.00  sec  57.9 MBytes   485 Mbits/sec  51500  
[  5]  50.00-51.00  sec  57.0 MBytes   478 Mbits/sec  50750  
[  5]  51.00-52.00  sec  57.1 MBytes   479 Mbits/sec  50820  
[  5]  52.00-53.00  sec  57.3 MBytes   481 Mbits/sec  51000  
[  5]  53.00-54.00  sec  55.0 MBytes   462 Mbits/sec  48980  
[  5]  54.00-55.00  sec  57.4 MBytes   481 Mbits/sec  51080  
[  5]  55.00-56.00  sec  53.8 MBytes   451 Mbits/sec  47870  
[  5]  56.00-57.00  sec  54.3 MBytes   456 Mbits/sec  48340  
[  5]  57.00-58.00  sec  57.1 MBytes   479 Mbits/sec  50790  
[  5]  58.00-59.00  sec  55.4 MBytes   465 Mbits/sec  49350  
[  5]  59.00-60.00  sec  53.7 MBytes   451 Mbits/sec  47820  
- - - - - - - - - - - - - - - - - - - - - - - - -
[ ID] Interval           Transfer     Bitrate         Jitter    Lost/Total Datagrams
[  5]   0.00-60.00  sec  3.21 GBytes   460 Mbits/sec  0.000 ms  0/2926700 (0%)  sender
[  5]   0.00-60.31  sec  1.98 GBytes   282 Mbits/sec  0.006 ms  1138211/2926672 (39%)  receiver

iperf Done.
