Connecting to host 10.136.80.185, port 5201
[  5] local 10.136.173.80 port 42435 connected to 10.136.80.185 port 5201
[ ID] Interval           Transfer     Bitrate         Total Datagrams
[  5]   0.00-1.00   sec  60.1 MBytes   504 Mbits/sec  53500  (omitted)
[  5]   0.00-1.00   sec  59.0 MBytes   495 Mbits/sec  52530  
[  5]   1.00-2.00   sec  61.1 MBytes   513 Mbits/sec  54430  
[  5]   2.00-3.00   sec  59.0 MBytes   495 Mbits/sec  52480  
[  5]   3.00-4.00   sec  58.2 MBytes   488 Mbits/sec  51810  
[  5]   4.00-5.00   sec  58.1 MBytes   488 Mbits/sec  51750  
[  5]   5.00-6.00   sec  53.3 MBytes   447 Mbits/sec  47470  
[  5]   6.00-7.00   sec  54.6 MBytes   458 Mbits/sec  48640  
[  5]   7.00-8.00   sec  54.8 MBytes   460 Mbits/sec  48790  
[  5]   8.00-9.00   sec  54.3 MBytes   455 Mbits/sec  48330  
[  5]   9.00-10.00  sec  56.4 MBytes   473 Mbits/sec  50170  
[  5]  10.00-11.00  sec  57.6 MBytes   483 Mbits/sec  51270  
[  5]  11.00-12.00  sec  57.0 MBytes   478 Mbits/sec  50750  
[  5]  12.00-13.00  sec  61.2 MBytes   514 Mbits/sec  54510  
[  5]  13.00-14.00  sec  56.5 MBytes   474 Mbits/sec  50250  
[  5]  14.00-15.00  sec  53.3 MBytes   447 Mbits/sec  47480  
[  5]  15.00-16.00  sec  60.9 MBytes   511 Mbits/sec  54190  
[  5]  16.00-17.00  sec  53.2 MBytes   447 Mbits/sec  47370  
[  5]  17.00-18.00  sec  54.2 MBytes   454 Mbits/sec  48210  
[  5]  18.00-19.00  sec  58.2 MBytes   488 Mbits/sec  51820  
[  5]  19.00-20.00  sec  58.1 MBytes   487 Mbits/sec  51690  
[  5]  20.00-21.00  sec  54.9 MBytes   460 Mbits/sec  48840  
[  5]  21.00-22.00  sec  56.8 MBytes   476 Mbits/sec  50520  
[  5]  22.00-23.00  sec  55.6 MBytes   467 Mbits/sec  49530  
[  5]  23.00-24.00  sec  57.4 MBytes   481 Mbits/sec  51090  
[  5]  24.00-25.00  sec  54.8 MBytes   460 Mbits/sec  48820  
[  5]  25.00-26.00  sec  54.7 MBytes   459 Mbits/sec  48690  
[  5]  26.00-27.00  sec  58.1 MBytes   487 Mbits/sec  51710  
[  5]  27.00-28.00  sec  55.5 MBytes   465 Mbits/sec  49370  
[  5]  28.00-29.00  sec  56.6 MBytes   475 Mbits/sec  50380  
[  5]  29.00-30.00  sec  57.2 MBytes   480 Mbits/sec  50930  
[  5]  30.00-31.00  sec  57.7 MBytes   484 Mbits/sec  51390  
[  5]  31.00-32.00  sec  58.0 MBytes   487 Mbits/sec  51640  
[  5]  32.00-33.00  sec  53.6 MBytes   450 Mbits/sec  47700  
[  5]  33.00-34.00  sec  58.6 MBytes   492 Mbits/sec  52170  
[  5]  34.00-35.00  sec  56.4 MBytes   473 Mbits/sec  50230  
[  5]  35.00-36.00  sec  56.8 MBytes   476 Mbits/sec  50550  
[  5]  36.00-37.00  sec  54.0 MBytes   453 Mbits/sec  48060  
[  5]  37.00-38.00  sec  57.4 MBytes   482 Mbits/sec  51130  
[  5]  38.00-39.00  sec  55.1 MBytes   462 Mbits/sec  49040  
[  5]  39.00-40.00  sec  55.1 MBytes   462 Mbits/sec  49070  
[  5]  40.00-41.00  sec  57.0 MBytes   478 Mbits/sec  50730  
[  5]  41.00-42.00  sec  58.9 MBytes   494 Mbits/sec  52420  
[  5]  42.00-43.00  sec  59.6 MBytes   500 Mbits/sec  53040  
[  5]  43.00-44.00  sec  55.0 MBytes   461 Mbits/sec  48930  
[  5]  44.00-45.00  sec  54.8 MBytes   460 Mbits/sec  48780  
[  5]  45.00-46.00  sec  58.4 MBytes   490 Mbits/sec  51970  
[  5]  46.00-47.00  sec  55.4 MBytes   465 Mbits/sec  49320  
[  5]  47.00-48.00  sec  54.3 MBytes   455 Mbits/sec  48320  
[  5]  48.00-49.00  sec  56.1 MBytes   471 Mbits/sec  49950  
[  5]  49.00-50.00  sec  60.9 MBytes   511 Mbits/sec  54180  
[  5]  50.00-51.00  sec  56.5 MBytes   474 Mbits/sec  50260  
[  5]  51.00-52.00  sec  60.7 MBytes   509 Mbits/sec  54000  
[  5]  52.00-53.00  sec  56.2 MBytes   471 Mbits/sec  50010  
[  5]  53.00-54.00  sec  56.0 MBytes   470 Mbits/sec  49880  
[  5]  54.00-55.00  sec  55.2 MBytes   463 Mbits/sec  49110  
[  5]  55.00-56.00  sec  51.5 MBytes   432 Mbits/sec  45830  
[  5]  56.00-57.00  sec  53.9 MBytes   452 Mbits/sec  47960  
[  5]  57.00-58.00  sec  53.2 MBytes   446 Mbits/sec  47370  
[  5]  58.00-59.00  sec  57.0 MBytes   479 Mbits/sec  50780  
[  5]  59.00-60.00  sec  60.5 MBytes   508 Mbits/sec  53860  
- - - - - - - - - - - - - - - - - - - - - - - - -
[ ID] Interval           Transfer     Bitrate         Jitter    Lost/Total Datagrams
[  5]   0.00-60.00  sec  3.31 GBytes   475 Mbits/sec  0.000 ms  0/3021500 (0%)  sender
[  5]   0.00-60.97  sec   258 MBytes  35.6 Mbits/sec  0.223 ms  2841701/3019505 (94%)  receiver

iperf Done.
