Connecting to host 10.136.80.148, port 5201
[  5] local 10.136.173.84 port 41182 connected to 10.136.80.148 port 5201
[ ID] Interval           Transfer     Bitrate         Retr  Cwnd
[  5]   0.00-1.00   sec  1.97 MBytes  16.5 Mbits/sec  117   1.15 KBytes       (omitted)
[  5]   0.00-1.00   sec   586 KBytes  4.80 Mbits/sec   39   2.30 KBytes       
[  5]   1.00-2.00   sec  2.49 MBytes  20.9 Mbits/sec  109   4.60 KBytes       
[  5]   2.00-3.00   sec   971 KBytes  7.95 Mbits/sec   46   2.30 KBytes       
[  5]   3.00-4.00   sec   836 KBytes  6.85 Mbits/sec   39   2.30 KBytes       
[  5]   4.00-5.00   sec   492 KBytes  4.03 Mbits/sec   26   1.15 KBytes       
[  5]   5.00-6.00   sec  1.20 MBytes  10.0 Mbits/sec   75   1.15 KBytes       
[  5]   6.00-7.00   sec  2.22 MBytes  18.7 Mbits/sec   90   5.75 KBytes       
[  5]   7.00-8.00   sec  2.61 MBytes  21.9 Mbits/sec  128   3.45 KBytes       
[  5]   8.00-9.00   sec  2.31 MBytes  19.4 Mbits/sec  104   2.30 KBytes       
[  5]   9.00-10.00  sec  1.84 MBytes  15.4 Mbits/sec   77   1.15 KBytes       
[  5]  10.00-11.00  sec  2.29 MBytes  19.2 Mbits/sec  107   2.30 KBytes       
[  5]  11.00-12.00  sec  1.88 MBytes  15.8 Mbits/sec   80   2.30 KBytes       
[  5]  12.00-13.00  sec  1.42 MBytes  11.9 Mbits/sec   59   1.15 KBytes       
[  5]  13.00-14.00  sec  2.02 MBytes  16.9 Mbits/sec   97   5.75 KBytes       
[  5]  14.00-15.00  sec  1.79 MBytes  15.0 Mbits/sec   77   2.30 KBytes       
[  5]  15.00-16.00  sec  2.15 MBytes  18.0 Mbits/sec  113   3.45 KBytes       
[  5]  16.00-17.00  sec  2.17 MBytes  18.2 Mbits/sec   89   2.30 KBytes       
[  5]  17.00-18.00  sec  2.32 MBytes  19.5 Mbits/sec  121   4.60 KBytes       
[  5]  18.00-19.00  sec  1.11 MBytes  9.27 Mbits/sec   56   5.75 KBytes       
[  5]  19.00-20.00  sec  2.23 MBytes  18.7 Mbits/sec  107   2.30 KBytes       
[  5]  20.00-21.00  sec  1.94 MBytes  16.3 Mbits/sec   94   2.30 KBytes       
[  5]  21.00-22.00  sec  1.01 MBytes  8.49 Mbits/sec   48   1.15 KBytes       
[  5]  22.00-23.00  sec  2.82 MBytes  23.7 Mbits/sec  144   1.15 KBytes       
[  5]  23.00-24.00  sec  1.52 MBytes  12.8 Mbits/sec   74   2.30 KBytes       
[  5]  24.00-25.00  sec  1.88 MBytes  15.7 Mbits/sec   92   6.90 KBytes       
[  5]  25.00-26.00  sec  2.14 MBytes  18.0 Mbits/sec  106   2.30 KBytes       
[  5]  26.00-27.00  sec  1.69 MBytes  14.2 Mbits/sec   71   2.30 KBytes       
[  5]  27.00-28.00  sec  1.99 MBytes  16.7 Mbits/sec   87   4.60 KBytes       
[  5]  28.00-29.00  sec  2.34 MBytes  19.6 Mbits/sec   86   2.30 KBytes       
[  5]  29.00-30.00  sec  2.48 MBytes  20.8 Mbits/sec   95   2.30 KBytes       
[  5]  30.00-31.00  sec  1.43 MBytes  12.0 Mbits/sec   65   1.15 KBytes       
[  5]  31.00-32.00  sec  1.98 MBytes  16.6 Mbits/sec  106   2.30 KBytes       
[  5]  32.00-33.00  sec   824 KBytes  6.75 Mbits/sec   38   1.15 KBytes       
[  5]  33.00-34.00  sec  1.82 MBytes  15.3 Mbits/sec   96   4.60 KBytes       
[  5]  34.00-35.00  sec  1.44 MBytes  12.0 Mbits/sec   57   2.30 KBytes       
[  5]  35.00-36.00  sec  2.53 MBytes  21.2 Mbits/sec  113   4.60 KBytes       
[  5]  36.00-37.00  sec  1.17 MBytes  9.78 Mbits/sec   50   3.45 KBytes       
[  5]  37.00-38.00  sec  2.35 MBytes  19.7 Mbits/sec  105   2.30 KBytes       
[  5]  38.00-39.00  sec  2.53 MBytes  21.2 Mbits/sec  107   2.30 KBytes       
[  5]  39.00-40.00  sec  1.21 MBytes  10.2 Mbits/sec   68   1.15 KBytes       
[  5]  40.00-41.00  sec  1.65 MBytes  13.9 Mbits/sec   84   1.15 KBytes       
[  5]  41.00-42.00  sec  1.07 MBytes  8.94 Mbits/sec   45   2.30 KBytes       
[  5]  42.00-43.00  sec  1.34 MBytes  11.2 Mbits/sec   60   8.05 KBytes       
[  5]  43.00-44.00  sec  1.57 MBytes  13.1 Mbits/sec   92   4.60 KBytes       
[  5]  44.00-45.00  sec  1.87 MBytes  15.7 Mbits/sec   71   2.30 KBytes       
[  5]  45.00-46.00  sec   903 KBytes  7.40 Mbits/sec   59   2.30 KBytes       
[  5]  46.00-47.00  sec   655 KBytes  5.36 Mbits/sec   31   3.45 KBytes       
[  5]  47.00-48.00  sec  2.50 MBytes  21.0 Mbits/sec  109   2.30 KBytes       
[  5]  48.00-49.00  sec  1.35 MBytes  11.3 Mbits/sec   53   2.30 KBytes       
[  5]  49.00-50.00  sec  1.73 MBytes  14.5 Mbits/sec   79   2.30 KBytes       
[  5]  50.00-51.00  sec  1.92 MBytes  16.1 Mbits/sec   95   2.30 KBytes       
[  5]  51.00-52.00  sec   244 KBytes  2.00 Mbits/sec   19   2.30 KBytes       
[  5]  52.00-53.00  sec  1.05 MBytes  8.85 Mbits/sec   62   3.45 KBytes       
[  5]  53.00-54.00  sec  1.84 MBytes  15.5 Mbits/sec   99   1.15 KBytes       
[  5]  54.00-55.00  sec  3.00 MBytes  25.1 Mbits/sec  144   3.45 KBytes       
[  5]  55.00-56.00  sec  3.24 MBytes  27.2 Mbits/sec  139   2.30 KBytes       
[  5]  56.00-57.00  sec  1.07 MBytes  9.00 Mbits/sec   65   2.30 KBytes       
[  5]  57.00-58.00  sec  1.69 MBytes  14.1 Mbits/sec   68   8.05 KBytes       
[  5]  58.00-59.00  sec  1.41 MBytes  11.8 Mbits/sec   71   1.15 KBytes       
[  5]  59.00-60.00  sec  1.39 MBytes  11.6 Mbits/sec   64   1.15 KBytes       
- - - - - - - - - - - - - - - - - - - - - - - - -
[ ID] Interval           Transfer     Bitrate         Retr
[  5]   0.00-60.00  sec   103 MBytes  14.5 Mbits/sec  4850             sender
[  5]   0.00-60.04  sec   103 MBytes  14.4 Mbits/sec                  receiver

iperf Done.
