Connecting to host knb-server-417478, port 5201
[  5] local 10.136.173.74 port 50201 connected to 10.43.34.23 port 5201
[ ID] Interval           Transfer     Bitrate         Total Datagrams
[  5]   0.00-1.00   sec  72.5 MBytes   608 Mbits/sec  64560  (omitted)
[  5]   0.00-1.00   sec  73.1 MBytes   613 Mbits/sec  65030  
[  5]   1.00-2.00   sec  73.8 MBytes   619 Mbits/sec  65670  
[  5]   2.00-3.00   sec  73.6 MBytes   618 Mbits/sec  65550  
[  5]   3.00-4.00   sec  75.0 MBytes   629 Mbits/sec  66740  
[  5]   4.00-5.00   sec  73.3 MBytes   615 Mbits/sec  65240  
[  5]   5.00-6.00   sec  74.6 MBytes   626 Mbits/sec  66410  
[  5]   6.00-7.00   sec  72.4 MBytes   608 Mbits/sec  64470  
[  5]   7.00-8.00   sec  59.7 MBytes   501 Mbits/sec  53170  
[  5]   8.00-9.00   sec  73.6 MBytes   617 Mbits/sec  65480  
[  5]   9.00-10.00  sec  74.3 MBytes   624 Mbits/sec  66180  
[  5]  10.00-11.00  sec  72.6 MBytes   609 Mbits/sec  64640  
[  5]  11.00-12.00  sec  75.0 MBytes   629 Mbits/sec  66780  
[  5]  12.00-13.00  sec  75.3 MBytes   632 Mbits/sec  67020  
[  5]  13.00-14.00  sec  76.0 MBytes   638 Mbits/sec  67680  
[  5]  14.00-15.00  sec  75.2 MBytes   631 Mbits/sec  66970  
[  5]  15.00-16.00  sec  72.6 MBytes   609 Mbits/sec  64640  
[  5]  16.00-17.00  sec  75.7 MBytes   635 Mbits/sec  67350  
[  5]  17.00-18.00  sec  75.4 MBytes   633 Mbits/sec  67140  
[  5]  18.00-19.00  sec  76.6 MBytes   643 Mbits/sec  68210  
[  5]  19.00-20.00  sec  76.7 MBytes   643 Mbits/sec  68250  
[  5]  20.00-21.00  sec  60.2 MBytes   505 Mbits/sec  53560  
[  5]  21.00-22.00  sec  75.1 MBytes   630 Mbits/sec  66830  
[  5]  22.00-23.00  sec  74.9 MBytes   628 Mbits/sec  66660  
[  5]  23.00-24.00  sec  74.3 MBytes   623 Mbits/sec  66110  
[  5]  24.00-25.00  sec  74.9 MBytes   628 Mbits/sec  66630  
[  5]  25.00-26.00  sec  74.3 MBytes   624 Mbits/sec  66170  
[  5]  26.00-27.00  sec  74.8 MBytes   627 Mbits/sec  66540  
[  5]  27.00-28.00  sec  73.9 MBytes   620 Mbits/sec  65760  
[  5]  28.00-29.00  sec  73.7 MBytes   618 Mbits/sec  65600  
[  5]  29.00-30.00  sec  74.4 MBytes   624 Mbits/sec  66200  
[  5]  30.00-31.00  sec  75.9 MBytes   637 Mbits/sec  67570  
[  5]  31.00-32.00  sec  72.5 MBytes   608 Mbits/sec  64520  
[  5]  32.00-33.00  sec  74.0 MBytes   621 Mbits/sec  65900  
[  5]  33.00-34.00  sec  73.3 MBytes   615 Mbits/sec  65220  
[  5]  34.00-35.00  sec  73.4 MBytes   616 Mbits/sec  65310  
[  5]  35.00-36.00  sec  72.7 MBytes   610 Mbits/sec  64700  
[  5]  36.00-37.00  sec  75.4 MBytes   632 Mbits/sec  67100  
[  5]  37.00-38.00  sec  75.9 MBytes   637 Mbits/sec  67540  
[  5]  38.00-39.00  sec  74.9 MBytes   628 Mbits/sec  66690  
[  5]  39.00-40.00  sec  73.8 MBytes   619 Mbits/sec  65730  
[  5]  40.00-41.00  sec  71.0 MBytes   596 Mbits/sec  63190  
[  5]  41.00-42.00  sec  75.8 MBytes   636 Mbits/sec  67480  
[  5]  42.00-43.00  sec  74.1 MBytes   621 Mbits/sec  65950  
[  5]  43.00-44.00  sec  75.1 MBytes   630 Mbits/sec  66830  
[  5]  44.00-45.00  sec  74.2 MBytes   623 Mbits/sec  66060  
[  5]  45.00-46.00  sec  74.0 MBytes   621 Mbits/sec  65870  
[  5]  46.00-47.00  sec  75.5 MBytes   633 Mbits/sec  67170  
[  5]  47.00-48.00  sec  76.4 MBytes   641 Mbits/sec  68010  
[  5]  48.00-49.00  sec  75.4 MBytes   632 Mbits/sec  67080  
[  5]  49.00-50.00  sec  74.2 MBytes   623 Mbits/sec  66060  
[  5]  50.00-51.00  sec  75.2 MBytes   631 Mbits/sec  66960  
[  5]  51.00-52.00  sec  74.6 MBytes   626 Mbits/sec  66440  
[  5]  52.00-53.00  sec  76.1 MBytes   638 Mbits/sec  67750  
[  5]  53.00-54.00  sec  76.1 MBytes   638 Mbits/sec  67730  
[  5]  54.00-55.00  sec  73.3 MBytes   615 Mbits/sec  65270  
[  5]  55.00-56.00  sec  75.8 MBytes   636 Mbits/sec  67480  
[  5]  56.00-57.00  sec  74.2 MBytes   623 Mbits/sec  66070  
[  5]  57.00-58.00  sec  75.3 MBytes   631 Mbits/sec  67000  
[  5]  58.00-59.00  sec  74.9 MBytes   628 Mbits/sec  66680  
[  5]  59.00-60.00  sec  75.1 MBytes   630 Mbits/sec  66870  
- - - - - - - - - - - - - - - - - - - - - - - - -
[ ID] Interval           Transfer     Bitrate         Jitter    Lost/Total Datagrams
[  5]   0.00-60.00  sec  4.34 GBytes   621 Mbits/sec  0.000 ms  0/3954910 (0%)  sender
[  5]   0.00-60.50  sec  1.49 GBytes   211 Mbits/sec  0.659 ms  2631882/3951498 (67%)  receiver

iperf Done.
