Connecting to host 10.136.80.137, port 5201
[  5] local 10.136.173.73 port 46636 connected to 10.136.80.137 port 5201
[ ID] Interval           Transfer     Bitrate         Total Datagrams
[  5]   0.00-1.00   sec  81.5 MBytes   684 Mbits/sec  72580  (omitted)
[  5]   0.00-1.00   sec  78.7 MBytes   660 Mbits/sec  70050  
[  5]   1.00-2.00   sec  79.6 MBytes   668 Mbits/sec  70830  
[  5]   2.00-3.00   sec  79.1 MBytes   663 Mbits/sec  70390  
[  5]   3.00-4.00   sec  78.7 MBytes   660 Mbits/sec  70020  
[  5]   4.00-5.00   sec  79.0 MBytes   662 Mbits/sec  70280  
[  5]   5.00-6.00   sec  79.2 MBytes   664 Mbits/sec  70480  
[  5]   6.00-7.00   sec  79.3 MBytes   665 Mbits/sec  70610  
[  5]   7.00-8.00   sec  78.3 MBytes   657 Mbits/sec  69690  
[  5]   8.00-9.00   sec  78.6 MBytes   660 Mbits/sec  69990  
[  5]   9.00-10.00  sec  78.6 MBytes   660 Mbits/sec  69990  
[  5]  10.00-11.00  sec  79.1 MBytes   664 Mbits/sec  70450  
[  5]  11.00-12.00  sec  79.6 MBytes   668 Mbits/sec  70850  
[  5]  12.00-13.00  sec  79.5 MBytes   667 Mbits/sec  70800  
[  5]  13.00-14.00  sec  79.9 MBytes   670 Mbits/sec  71100  
[  5]  14.00-15.00  sec  79.4 MBytes   666 Mbits/sec  70710  
[  5]  15.00-16.00  sec  79.7 MBytes   669 Mbits/sec  70950  
[  5]  16.00-17.00  sec  79.3 MBytes   665 Mbits/sec  70560  
[  5]  17.00-18.00  sec  79.2 MBytes   665 Mbits/sec  70540  
[  5]  18.00-19.00  sec  79.5 MBytes   667 Mbits/sec  70780  
[  5]  19.00-20.00  sec  79.6 MBytes   668 Mbits/sec  70890  
[  5]  20.00-21.00  sec  79.8 MBytes   670 Mbits/sec  71070  
[  5]  21.00-22.00  sec  80.0 MBytes   671 Mbits/sec  71190  
[  5]  22.00-23.00  sec  80.2 MBytes   673 Mbits/sec  71430  
[  5]  23.00-24.00  sec  73.6 MBytes   617 Mbits/sec  65490  
[  5]  24.00-25.00  sec  64.8 MBytes   544 Mbits/sec  57680  
[  5]  25.00-26.00  sec  65.1 MBytes   546 Mbits/sec  57970  
[  5]  26.00-27.00  sec  66.3 MBytes   556 Mbits/sec  59050  
[  5]  27.00-28.00  sec  65.1 MBytes   546 Mbits/sec  57970  
[  5]  28.00-29.00  sec  62.7 MBytes   526 Mbits/sec  55840  
[  5]  29.00-30.00  sec  61.1 MBytes   513 Mbits/sec  54410  
[  5]  30.00-31.00  sec  63.5 MBytes   533 Mbits/sec  56520  
[  5]  31.00-32.00  sec  61.5 MBytes   516 Mbits/sec  54750  
[  5]  32.00-33.00  sec  60.5 MBytes   507 Mbits/sec  53810  
[  5]  33.00-34.00  sec  61.0 MBytes   512 Mbits/sec  54300  
[  5]  34.00-35.00  sec  73.7 MBytes   619 Mbits/sec  65640  
[  5]  35.00-36.00  sec  78.8 MBytes   661 Mbits/sec  70110  
[  5]  36.00-37.00  sec  64.2 MBytes   538 Mbits/sec  57130  
[  5]  37.00-38.00  sec  63.3 MBytes   531 Mbits/sec  56370  
[  5]  38.00-39.00  sec  64.9 MBytes   545 Mbits/sec  57810  
[  5]  39.00-40.00  sec  63.9 MBytes   536 Mbits/sec  56840  
[  5]  40.00-41.00  sec  70.2 MBytes   589 Mbits/sec  62490  
[  5]  41.00-42.00  sec  78.2 MBytes   656 Mbits/sec  69630  
[  5]  42.00-43.00  sec  72.7 MBytes   610 Mbits/sec  64700  
[  5]  43.00-44.00  sec  64.0 MBytes   537 Mbits/sec  56940  
[  5]  44.00-45.00  sec  65.5 MBytes   549 Mbits/sec  58280  
[  5]  45.00-46.00  sec  63.6 MBytes   534 Mbits/sec  56650  
[  5]  46.00-47.00  sec  66.5 MBytes   558 Mbits/sec  59220  
[  5]  47.00-48.00  sec  62.7 MBytes   526 Mbits/sec  55850  
[  5]  48.00-49.00  sec  65.9 MBytes   553 Mbits/sec  58640  
[  5]  49.00-50.00  sec  61.4 MBytes   515 Mbits/sec  54630  
[  5]  50.00-51.00  sec  60.8 MBytes   510 Mbits/sec  54080  
[  5]  51.00-52.00  sec  75.0 MBytes   629 Mbits/sec  66770  
[  5]  52.00-53.00  sec  78.8 MBytes   661 Mbits/sec  70110  
[  5]  53.00-54.00  sec  78.6 MBytes   659 Mbits/sec  69920  
[  5]  54.00-55.00  sec  78.9 MBytes   662 Mbits/sec  70220  
[  5]  55.00-56.00  sec  80.0 MBytes   671 Mbits/sec  71240  
[  5]  56.00-57.00  sec  80.4 MBytes   674 Mbits/sec  71530  
[  5]  57.00-58.00  sec  79.0 MBytes   663 Mbits/sec  70360  
[  5]  58.00-59.00  sec  78.7 MBytes   661 Mbits/sec  70090  
[  5]  59.00-60.00  sec  78.7 MBytes   660 Mbits/sec  70040  
- - - - - - - - - - - - - - - - - - - - - - - - -
[ ID] Interval           Transfer     Bitrate         Jitter    Lost/Total Datagrams
[  5]   0.00-60.00  sec  4.28 GBytes   612 Mbits/sec  0.000 ms  0/3896730 (0%)  sender
[  5]   0.00-60.42  sec  4.07 GBytes   579 Mbits/sec  0.012 ms  201524/3896730 (5.2%)  receiver

iperf Done.
