Connecting to host 10.136.80.153, port 5201
[  5] local 10.136.173.65 port 50545 connected to 10.136.80.153 port 5201
[ ID] Interval           Transfer     Bitrate         Total Datagrams
[  5]   0.00-1.00   sec  51.6 MBytes   432 Mbits/sec  45890  (omitted)
[  5]   0.00-1.00   sec  54.8 MBytes   459 Mbits/sec  48750  
[  5]   1.00-2.00   sec  53.3 MBytes   447 Mbits/sec  47400  
[  5]   2.00-3.00   sec  49.5 MBytes   415 Mbits/sec  44070  
[  5]   3.00-4.00   sec  46.4 MBytes   390 Mbits/sec  41340  
[  5]   4.00-5.00   sec  40.2 MBytes   337 Mbits/sec  35790  
[  5]   5.00-6.00   sec  52.7 MBytes   442 Mbits/sec  46940  
[  5]   6.00-7.00   sec  53.2 MBytes   446 Mbits/sec  47320  
[  5]   7.00-8.00   sec  51.5 MBytes   432 Mbits/sec  45860  
[  5]   8.00-9.00   sec  50.9 MBytes   427 Mbits/sec  45320  
[  5]   9.00-10.00  sec  48.7 MBytes   409 Mbits/sec  43360  
[  5]  10.00-11.00  sec  50.9 MBytes   427 Mbits/sec  45310  
[  5]  11.00-12.00  sec  52.2 MBytes   438 Mbits/sec  46480  
[  5]  12.00-13.00  sec  49.8 MBytes   418 Mbits/sec  44320  
[  5]  13.00-14.00  sec  51.6 MBytes   433 Mbits/sec  45910  
[  5]  14.00-15.00  sec  53.0 MBytes   445 Mbits/sec  47220  
[  5]  15.00-16.00  sec  53.0 MBytes   445 Mbits/sec  47180  
[  5]  16.00-17.00  sec  51.3 MBytes   430 Mbits/sec  45650  
[  5]  17.00-18.00  sec  56.8 MBytes   477 Mbits/sec  50590  
[  5]  18.00-19.00  sec  53.9 MBytes   452 Mbits/sec  47990  
[  5]  19.00-20.00  sec  51.2 MBytes   430 Mbits/sec  45610  
[  5]  20.00-21.00  sec  52.4 MBytes   440 Mbits/sec  46640  
[  5]  21.00-22.00  sec  53.3 MBytes   447 Mbits/sec  47430  
[  5]  22.00-23.00  sec  53.6 MBytes   449 Mbits/sec  47670  
[  5]  23.00-24.00  sec  53.0 MBytes   444 Mbits/sec  47140  
[  5]  24.00-25.00  sec  52.3 MBytes   439 Mbits/sec  46540  
[  5]  25.00-26.00  sec  48.8 MBytes   409 Mbits/sec  43410  
[  5]  26.00-27.00  sec  53.7 MBytes   451 Mbits/sec  47820  
[  5]  27.00-28.00  sec  56.2 MBytes   471 Mbits/sec  50020  
[  5]  28.00-29.00  sec  52.1 MBytes   437 Mbits/sec  46340  
[  5]  29.00-30.00  sec  52.3 MBytes   439 Mbits/sec  46560  
[  5]  30.00-31.00  sec  49.2 MBytes   413 Mbits/sec  43820  
[  5]  31.00-32.00  sec  54.3 MBytes   455 Mbits/sec  48290  
[  5]  32.00-33.00  sec  53.6 MBytes   450 Mbits/sec  47730  
[  5]  33.00-34.00  sec  50.5 MBytes   424 Mbits/sec  44980  
[  5]  34.00-35.00  sec  53.5 MBytes   448 Mbits/sec  47590  
[  5]  35.00-36.00  sec  51.2 MBytes   430 Mbits/sec  45600  
[  5]  36.00-37.00  sec  53.1 MBytes   446 Mbits/sec  47280  
[  5]  37.00-38.00  sec  55.2 MBytes   463 Mbits/sec  49120  
[  5]  38.00-39.00  sec  52.6 MBytes   441 Mbits/sec  46820  
[  5]  39.00-40.00  sec  52.8 MBytes   443 Mbits/sec  47030  
[  5]  40.00-41.00  sec  51.2 MBytes   429 Mbits/sec  45580  
[  5]  41.00-42.00  sec  52.8 MBytes   443 Mbits/sec  46980  
[  5]  42.00-43.00  sec  55.4 MBytes   465 Mbits/sec  49300  
[  5]  43.00-44.00  sec  51.8 MBytes   434 Mbits/sec  46070  
[  5]  44.00-45.00  sec  51.2 MBytes   430 Mbits/sec  45600  
[  5]  45.00-46.00  sec  51.2 MBytes   429 Mbits/sec  45560  
[  5]  46.00-47.00  sec  52.1 MBytes   437 Mbits/sec  46360  
[  5]  47.00-48.00  sec  50.5 MBytes   424 Mbits/sec  44970  
[  5]  48.00-49.00  sec  53.8 MBytes   451 Mbits/sec  47880  
[  5]  49.00-50.00  sec  51.1 MBytes   429 Mbits/sec  45520  
[  5]  50.00-51.00  sec  52.6 MBytes   441 Mbits/sec  46790  
[  5]  51.00-52.00  sec  51.3 MBytes   430 Mbits/sec  45670  
[  5]  52.00-53.00  sec  55.5 MBytes   466 Mbits/sec  49410  
[  5]  53.00-54.00  sec  52.8 MBytes   443 Mbits/sec  47020  
[  5]  54.00-55.00  sec  52.0 MBytes   436 Mbits/sec  46270  
[  5]  55.00-56.00  sec  51.1 MBytes   429 Mbits/sec  45500  
[  5]  56.00-57.00  sec  53.2 MBytes   447 Mbits/sec  47390  
[  5]  57.00-58.00  sec  51.4 MBytes   431 Mbits/sec  45760  
[  5]  58.00-59.00  sec  55.8 MBytes   468 Mbits/sec  49650  
[  5]  59.00-60.00  sec  53.9 MBytes   452 Mbits/sec  47990  
- - - - - - - - - - - - - - - - - - - - - - - - -
[ ID] Interval           Transfer     Bitrate         Jitter    Lost/Total Datagrams
[  5]   0.00-60.00  sec  3.06 GBytes   438 Mbits/sec  0.000 ms  0/2785510 (0%)  sender
[  5]   0.00-60.24  sec  1.89 GBytes   269 Mbits/sec  0.270 ms  1084301/2785510 (39%)  receiver

iperf Done.
