Connecting to host knb-server-1021143, port 5201
[  5] local 10.136.173.125 port 57074 connected to 10.43.3.72 port 5201
[ ID] Interval           Transfer     Bitrate         Retr  Cwnd
[  5]   0.00-1.00   sec  25.2 MBytes   212 Mbits/sec    0   1.15 MBytes       (omitted)
[  5]   0.00-1.00   sec  22.5 MBytes   189 Mbits/sec   20    703 KBytes       
[  5]   1.00-2.00   sec  27.5 MBytes   231 Mbits/sec   12    536 KBytes       
[  5]   2.00-3.00   sec  26.2 MBytes   220 Mbits/sec   10    400 KBytes       
[  5]   3.00-4.00   sec  30.0 MBytes   252 Mbits/sec   18    185 KBytes       
[  5]   4.00-5.00   sec  28.8 MBytes   241 Mbits/sec    0    266 KBytes       
[  5]   5.00-6.00   sec  27.5 MBytes   231 Mbits/sec   25    252 KBytes       
[  5]   6.00-7.00   sec  30.0 MBytes   252 Mbits/sec    2    247 KBytes       
[  5]   7.00-8.00   sec  30.0 MBytes   252 Mbits/sec    9    237 KBytes       
[  5]   8.00-9.00   sec  32.5 MBytes   273 Mbits/sec   23    215 KBytes       
[  5]   9.00-10.00  sec  30.0 MBytes   252 Mbits/sec    0    290 KBytes       
[  5]  10.00-11.00  sec  31.2 MBytes   262 Mbits/sec    0    351 KBytes       
[  5]  11.00-12.00  sec  33.8 MBytes   283 Mbits/sec   36    237 KBytes       
[  5]  12.00-13.00  sec  30.0 MBytes   252 Mbits/sec    0    308 KBytes       
[  5]  13.00-14.00  sec  28.8 MBytes   241 Mbits/sec   21    261 KBytes       
[  5]  14.00-15.00  sec  28.8 MBytes   241 Mbits/sec    2    261 KBytes       
[  5]  15.00-16.00  sec  30.0 MBytes   252 Mbits/sec    0    324 KBytes       
[  5]  16.00-17.00  sec  23.8 MBytes   199 Mbits/sec    0    369 KBytes       
[  5]  17.00-18.00  sec  28.8 MBytes   241 Mbits/sec    4    222 KBytes       
[  5]  18.00-19.00  sec  28.8 MBytes   241 Mbits/sec    3    231 KBytes       
[  5]  19.00-20.00  sec  30.0 MBytes   252 Mbits/sec    0    301 KBytes       
[  5]  20.00-21.00  sec  28.8 MBytes   241 Mbits/sec    0    357 KBytes       
[  5]  21.00-22.00  sec  26.2 MBytes   220 Mbits/sec   29    298 KBytes       
[  5]  22.00-23.00  sec  22.5 MBytes   189 Mbits/sec   57    240 KBytes       
[  5]  23.00-24.00  sec  27.5 MBytes   231 Mbits/sec    0    304 KBytes       
[  5]  24.00-25.00  sec  27.5 MBytes   231 Mbits/sec    0    357 KBytes       
[  5]  25.00-26.00  sec  33.8 MBytes   283 Mbits/sec   93    224 KBytes       
[  5]  26.00-27.00  sec  32.5 MBytes   273 Mbits/sec    0    301 KBytes       
[  5]  27.00-28.00  sec  30.0 MBytes   252 Mbits/sec    0    360 KBytes       
[  5]  28.00-29.00  sec  32.5 MBytes   273 Mbits/sec   40    292 KBytes       
[  5]  29.00-30.00  sec  32.5 MBytes   273 Mbits/sec   29    179 KBytes       
[  5]  30.00-31.00  sec  28.8 MBytes   241 Mbits/sec    0    262 KBytes       
[  5]  31.00-32.00  sec  25.0 MBytes   210 Mbits/sec    0    316 KBytes       
[  5]  32.00-33.00  sec  25.0 MBytes   210 Mbits/sec   30    277 KBytes       
[  5]  33.00-34.00  sec  28.8 MBytes   241 Mbits/sec    7    260 KBytes       
[  5]  34.00-35.00  sec  27.5 MBytes   231 Mbits/sec   19    235 KBytes       
[  5]  35.00-36.00  sec  26.2 MBytes   220 Mbits/sec    7    211 KBytes       
[  5]  36.00-37.00  sec  27.5 MBytes   231 Mbits/sec    0    281 KBytes       
[  5]  37.00-38.00  sec  23.8 MBytes   199 Mbits/sec    0    330 KBytes       
[  5]  38.00-39.00  sec  25.0 MBytes   210 Mbits/sec   21    282 KBytes       
[  5]  39.00-40.00  sec  31.2 MBytes   262 Mbits/sec    0    343 KBytes       
[  5]  40.00-41.00  sec  26.2 MBytes   220 Mbits/sec    0    389 KBytes       
[  5]  41.00-42.00  sec  27.5 MBytes   231 Mbits/sec    0    431 KBytes       
[  5]  42.00-43.00  sec  27.5 MBytes   231 Mbits/sec    0    469 KBytes       
[  5]  43.00-44.00  sec  26.2 MBytes   220 Mbits/sec    0    504 KBytes       
[  5]  44.00-45.00  sec  31.2 MBytes   262 Mbits/sec   10    396 KBytes       
[  5]  45.00-46.00  sec  26.2 MBytes   220 Mbits/sec    0    445 KBytes       
[  5]  46.00-47.00  sec  27.5 MBytes   231 Mbits/sec   43    339 KBytes       
[  5]  47.00-48.00  sec  26.2 MBytes   220 Mbits/sec    0    384 KBytes       
[  5]  48.00-49.00  sec  28.8 MBytes   241 Mbits/sec    0    430 KBytes       
[  5]  49.00-50.00  sec  26.2 MBytes   220 Mbits/sec    0    467 KBytes       
[  5]  50.00-51.00  sec  25.0 MBytes   210 Mbits/sec  108    260 KBytes       
[  5]  51.00-52.00  sec  32.5 MBytes   273 Mbits/sec   11    267 KBytes       
[  5]  52.00-53.00  sec  26.2 MBytes   220 Mbits/sec   24    243 KBytes       
[  5]  53.00-54.00  sec  26.2 MBytes   220 Mbits/sec    6    224 KBytes       
[  5]  54.00-55.00  sec  25.0 MBytes   210 Mbits/sec    0    285 KBytes       
[  5]  55.00-56.00  sec  30.0 MBytes   252 Mbits/sec    9    247 KBytes       
[  5]  56.00-57.00  sec  32.5 MBytes   273 Mbits/sec   12    237 KBytes       
[  5]  57.00-58.00  sec  26.2 MBytes   220 Mbits/sec   10    209 KBytes       
[  5]  58.00-59.00  sec  30.0 MBytes   252 Mbits/sec    5    215 KBytes       
[  5]  59.00-60.00  sec  30.0 MBytes   252 Mbits/sec    9    214 KBytes       
- - - - - - - - - - - - - - - - - - - - - - - - -
[ ID] Interval           Transfer     Bitrate         Retr
[  5]   0.00-60.00  sec  1.66 GBytes   238 Mbits/sec  764             sender
[  5]   0.00-60.04  sec  1.66 GBytes   238 Mbits/sec                  receiver

iperf Done.
