Connecting to host 10.136.80.150, port 5201
[  5] local 10.136.173.109 port 59270 connected to 10.136.80.150 port 5201
[ ID] Interval           Transfer     Bitrate         Total Datagrams
[  5]   0.00-1.00   sec  73.5 MBytes   616 Mbits/sec  65420  (omitted)
[  5]   0.00-1.00   sec  75.9 MBytes   637 Mbits/sec  67570  
[  5]   1.00-2.00   sec  74.6 MBytes   626 Mbits/sec  66430  
[  5]   2.00-3.00   sec  74.8 MBytes   628 Mbits/sec  66610  
[  5]   3.00-4.00   sec  74.1 MBytes   622 Mbits/sec  65980  
[  5]   4.00-5.00   sec  75.7 MBytes   635 Mbits/sec  67380  
[  5]   5.00-6.00   sec  78.1 MBytes   656 Mbits/sec  69560  
[  5]   6.00-7.00   sec  78.0 MBytes   654 Mbits/sec  69450  
[  5]   7.00-8.00   sec  73.5 MBytes   616 Mbits/sec  65410  
[  5]   8.00-9.00   sec  74.8 MBytes   627 Mbits/sec  66560  
[  5]   9.00-10.00  sec  76.7 MBytes   644 Mbits/sec  68290  
[  5]  10.00-11.00  sec  76.2 MBytes   639 Mbits/sec  67830  
[  5]  11.00-12.00  sec  75.3 MBytes   632 Mbits/sec  67070  
[  5]  12.00-13.00  sec  75.6 MBytes   634 Mbits/sec  67320  
[  5]  13.00-14.00  sec  74.2 MBytes   623 Mbits/sec  66080  
[  5]  14.00-15.00  sec  51.7 MBytes   434 Mbits/sec  46050  
[  5]  15.00-16.00  sec  76.8 MBytes   644 Mbits/sec  68380  
[  5]  16.00-17.00  sec  77.7 MBytes   652 Mbits/sec  69190  
[  5]  17.00-18.00  sec  76.4 MBytes   641 Mbits/sec  67990  
[  5]  18.00-19.00  sec  65.8 MBytes   552 Mbits/sec  58530  
[  5]  19.00-20.00  sec  61.2 MBytes   513 Mbits/sec  54480  
[  5]  20.00-21.00  sec  61.6 MBytes   517 Mbits/sec  54860  
[  5]  21.00-22.00  sec  73.6 MBytes   617 Mbits/sec  65490  
[  5]  22.00-23.00  sec  74.1 MBytes   622 Mbits/sec  65980  
[  5]  23.00-24.00  sec  71.4 MBytes   599 Mbits/sec  63540  
[  5]  24.00-25.00  sec  67.0 MBytes   562 Mbits/sec  59620  
[  5]  25.00-26.00  sec  75.4 MBytes   633 Mbits/sec  67140  
[  5]  26.00-27.00  sec  75.8 MBytes   636 Mbits/sec  67460  
[  5]  27.00-28.00  sec  59.6 MBytes   500 Mbits/sec  53020  
[  5]  28.00-29.00  sec  82.2 MBytes   690 Mbits/sec  73200  
[  5]  29.00-30.00  sec  73.7 MBytes   618 Mbits/sec  65600  
[  5]  30.00-31.00  sec  69.9 MBytes   586 Mbits/sec  62180  
[  5]  31.00-32.00  sec  75.4 MBytes   633 Mbits/sec  67130  
[  5]  32.00-33.00  sec  76.2 MBytes   639 Mbits/sec  67810  
[  5]  33.00-34.00  sec  75.8 MBytes   636 Mbits/sec  67460  
[  5]  34.00-35.00  sec  75.7 MBytes   635 Mbits/sec  67350  
[  5]  35.00-36.00  sec  76.7 MBytes   644 Mbits/sec  68310  
[  5]  36.00-37.00  sec  77.4 MBytes   650 Mbits/sec  68940  
[  5]  37.00-38.00  sec  73.8 MBytes   619 Mbits/sec  65690  
[  5]  38.00-39.00  sec  75.9 MBytes   637 Mbits/sec  67570  
[  5]  39.00-40.00  sec  76.1 MBytes   638 Mbits/sec  67700  
[  5]  40.00-41.00  sec  76.0 MBytes   638 Mbits/sec  67690  
[  5]  41.00-42.00  sec  77.0 MBytes   646 Mbits/sec  68510  
[  5]  42.00-43.00  sec  66.2 MBytes   556 Mbits/sec  58960  
[  5]  43.00-44.00  sec  73.0 MBytes   613 Mbits/sec  65010  
[  5]  44.00-45.00  sec  69.1 MBytes   580 Mbits/sec  61540  
[  5]  45.00-46.00  sec  77.6 MBytes   651 Mbits/sec  69030  
[  5]  46.00-47.00  sec  70.1 MBytes   588 Mbits/sec  62440  
[  5]  47.00-48.00  sec  74.9 MBytes   628 Mbits/sec  66650  
[  5]  48.00-49.00  sec  79.3 MBytes   665 Mbits/sec  70580  
[  5]  49.00-50.00  sec  70.6 MBytes   592 Mbits/sec  62820  
[  5]  50.00-51.00  sec  75.6 MBytes   634 Mbits/sec  67310  
[  5]  51.00-52.00  sec  76.0 MBytes   638 Mbits/sec  67650  
[  5]  52.00-53.00  sec  75.0 MBytes   629 Mbits/sec  66760  
[  5]  53.00-54.00  sec  74.4 MBytes   624 Mbits/sec  66260  
[  5]  54.00-55.00  sec  75.5 MBytes   633 Mbits/sec  67170  
[  5]  55.00-56.00  sec  75.3 MBytes   631 Mbits/sec  67000  
[  5]  56.00-57.00  sec  75.4 MBytes   633 Mbits/sec  67140  
[  5]  57.00-58.00  sec  74.4 MBytes   624 Mbits/sec  66260  
[  5]  58.00-59.00  sec  78.0 MBytes   654 Mbits/sec  69390  
[  5]  59.00-60.00  sec  76.3 MBytes   640 Mbits/sec  67930  
- - - - - - - - - - - - - - - - - - - - - - - - -
[ ID] Interval           Transfer     Bitrate         Jitter    Lost/Total Datagrams
[  5]   0.00-60.00  sec  4.32 GBytes   619 Mbits/sec  0.000 ms  0/3938310 (0%)  sender
[  5]   0.00-60.29  sec  1.62 GBytes   231 Mbits/sec  0.007 ms  2503455/3937870 (64%)  receiver

iperf Done.
