Connecting to host 10.136.80.185, port 5201
[  5] local 10.136.173.106 port 55714 connected to 10.136.80.185 port 5201
[ ID] Interval           Transfer     Bitrate         Total Datagrams
[  5]   0.00-1.00   sec  55.1 MBytes   462 Mbits/sec  49040  (omitted)
[  5]   0.00-1.00   sec  57.1 MBytes   479 Mbits/sec  50800  
[  5]   1.00-2.00   sec  55.3 MBytes   464 Mbits/sec  49250  
[  5]   2.00-3.00   sec  57.1 MBytes   479 Mbits/sec  50810  
[  5]   3.00-4.00   sec  53.6 MBytes   450 Mbits/sec  47730  
[  5]   4.00-5.00   sec  56.0 MBytes   470 Mbits/sec  49870  
[  5]   5.00-6.00   sec  54.7 MBytes   459 Mbits/sec  48700  
[  5]   6.00-7.00   sec  55.5 MBytes   466 Mbits/sec  49420  
[  5]   7.00-8.00   sec  52.5 MBytes   441 Mbits/sec  46770  
[  5]   8.00-9.00   sec  53.9 MBytes   452 Mbits/sec  48000  
[  5]   9.00-10.00  sec  58.4 MBytes   489 Mbits/sec  51940  
[  5]  10.00-11.00  sec  58.7 MBytes   492 Mbits/sec  52260  
[  5]  11.00-12.00  sec  56.3 MBytes   472 Mbits/sec  50090  
[  5]  12.00-13.00  sec  59.4 MBytes   498 Mbits/sec  52880  
[  5]  13.00-14.00  sec  55.4 MBytes   465 Mbits/sec  49350  
[  5]  14.00-15.00  sec  57.1 MBytes   479 Mbits/sec  50860  
[  5]  15.00-16.00  sec  55.4 MBytes   464 Mbits/sec  49280  
[  5]  16.00-17.00  sec  54.1 MBytes   454 Mbits/sec  48200  
[  5]  17.00-18.00  sec  55.2 MBytes   463 Mbits/sec  49120  
[  5]  18.00-19.00  sec  59.2 MBytes   497 Mbits/sec  52740  
[  5]  19.00-20.00  sec  52.9 MBytes   444 Mbits/sec  47100  
[  5]  20.00-21.00  sec  57.5 MBytes   482 Mbits/sec  51140  
[  5]  21.00-22.00  sec  53.6 MBytes   450 Mbits/sec  47730  
[  5]  22.00-23.00  sec  54.3 MBytes   455 Mbits/sec  48310  
[  5]  23.00-24.00  sec  55.7 MBytes   467 Mbits/sec  49580  
[  5]  24.00-25.00  sec  53.3 MBytes   447 Mbits/sec  47460  
[  5]  25.00-26.00  sec  54.3 MBytes   456 Mbits/sec  48350  
[  5]  26.00-27.00  sec  53.1 MBytes   446 Mbits/sec  47310  
[  5]  27.00-28.00  sec  58.4 MBytes   490 Mbits/sec  51960  
[  5]  28.00-29.00  sec  54.0 MBytes   453 Mbits/sec  48110  
[  5]  29.00-30.00  sec  56.0 MBytes   470 Mbits/sec  49890  
[  5]  30.00-31.00  sec  57.6 MBytes   483 Mbits/sec  51240  
[  5]  31.00-32.00  sec  55.7 MBytes   468 Mbits/sec  49620  
[  5]  32.00-33.00  sec  53.4 MBytes   448 Mbits/sec  47490  
[  5]  33.00-34.00  sec  54.4 MBytes   456 Mbits/sec  48390  
[  5]  34.00-35.00  sec  56.7 MBytes   475 Mbits/sec  50440  
[  5]  35.00-36.00  sec  59.1 MBytes   496 Mbits/sec  52630  
[  5]  36.00-37.00  sec  48.3 MBytes   405 Mbits/sec  43000  
[  5]  37.00-38.00  sec  49.5 MBytes   415 Mbits/sec  44060  
[  5]  38.00-39.00  sec  53.6 MBytes   449 Mbits/sec  47680  
[  5]  39.00-40.00  sec  55.5 MBytes   466 Mbits/sec  49410  
[  5]  40.00-41.00  sec  53.8 MBytes   451 Mbits/sec  47890  
[  5]  41.00-42.00  sec  54.4 MBytes   456 Mbits/sec  48420  
[  5]  42.00-43.00  sec  59.0 MBytes   495 Mbits/sec  52530  
[  5]  43.00-44.00  sec  57.0 MBytes   478 Mbits/sec  50710  
[  5]  44.00-45.00  sec  52.9 MBytes   444 Mbits/sec  47090  
[  5]  45.00-46.00  sec  55.4 MBytes   465 Mbits/sec  49290  
[  5]  46.00-47.00  sec  53.8 MBytes   451 Mbits/sec  47880  
[  5]  47.00-48.00  sec  57.8 MBytes   484 Mbits/sec  51410  
[  5]  48.00-49.00  sec  55.0 MBytes   462 Mbits/sec  48990  
[  5]  49.00-50.00  sec  59.3 MBytes   498 Mbits/sec  52780  
[  5]  50.00-51.00  sec  54.0 MBytes   453 Mbits/sec  48040  
[  5]  51.00-52.00  sec  53.9 MBytes   452 Mbits/sec  47940  
[  5]  52.00-53.00  sec  59.0 MBytes   495 Mbits/sec  52540  
[  5]  53.00-54.00  sec  56.2 MBytes   471 Mbits/sec  50010  
[  5]  54.00-55.00  sec  53.0 MBytes   444 Mbits/sec  47140  
[  5]  55.00-56.00  sec  55.8 MBytes   468 Mbits/sec  49650  
[  5]  56.00-57.00  sec  51.4 MBytes   431 Mbits/sec  45740  
[  5]  57.00-58.00  sec  48.4 MBytes   406 Mbits/sec  43080  
[  5]  58.00-59.00  sec  57.8 MBytes   485 Mbits/sec  51450  
[  5]  59.00-60.00  sec  56.8 MBytes   477 Mbits/sec  50570  
- - - - - - - - - - - - - - - - - - - - - - - - -
[ ID] Interval           Transfer     Bitrate         Jitter    Lost/Total Datagrams
[  5]   0.00-60.00  sec  3.24 GBytes   464 Mbits/sec  0.000 ms  0/2952120 (0%)  sender
[  5]   0.00-61.12  sec   715 MBytes  98.1 Mbits/sec  0.028 ms  2333306/2941363 (79%)  receiver

iperf Done.
