Connecting to host 10.136.80.185, port 5201
[  5] local 10.136.173.105 port 55838 connected to 10.136.80.185 port 5201
[ ID] Interval           Transfer     Bitrate         Retr  Cwnd
[  5]   0.00-1.00   sec  9.09 MBytes  76.2 Mbits/sec   18    171 KBytes       (omitted)
[  5]   0.00-1.00   sec  5.50 MBytes  46.1 Mbits/sec   46   79.4 KBytes       
[  5]   1.00-2.00   sec  3.89 MBytes  32.6 Mbits/sec    1    297 KBytes       
[  5]   2.00-3.00   sec  10.3 MBytes  86.6 Mbits/sec  127   90.9 KBytes       
[  5]   3.00-4.00   sec  9.39 MBytes  78.8 Mbits/sec   27   94.3 KBytes       
[  5]   4.00-5.00   sec  12.4 MBytes   104 Mbits/sec   71   86.3 KBytes       
[  5]   5.00-6.00   sec  4.94 MBytes  41.5 Mbits/sec   25   67.9 KBytes       
[  5]   6.00-7.00   sec  12.0 MBytes   101 Mbits/sec  156   72.5 KBytes       
[  5]   7.00-8.00   sec  4.94 MBytes  41.5 Mbits/sec    8   85.1 KBytes       
[  5]   8.00-9.00   sec  8.40 MBytes  70.5 Mbits/sec    3   92.0 KBytes       
[  5]   9.00-10.00  sec  9.89 MBytes  82.9 Mbits/sec   30   90.9 KBytes       
[  5]  10.00-11.00  sec  5.93 MBytes  49.8 Mbits/sec   16   70.2 KBytes       
[  5]  11.00-12.00  sec  7.91 MBytes  66.3 Mbits/sec    7   74.8 KBytes       
[  5]  12.00-13.00  sec  7.91 MBytes  66.3 Mbits/sec   15    107 KBytes       
[  5]  13.00-14.00  sec  5.44 MBytes  45.6 Mbits/sec    2   81.7 KBytes       
[  5]  14.00-15.00  sec   506 KBytes  4.15 Mbits/sec    1    120 KBytes       
[  5]  15.00-16.00  sec  7.41 MBytes  62.2 Mbits/sec  204    100 KBytes       
[  5]  16.00-17.00  sec  10.4 MBytes  87.1 Mbits/sec   14    109 KBytes       
[  5]  17.00-18.00  sec  10.4 MBytes  87.1 Mbits/sec   40    113 KBytes       
[  5]  18.00-19.00  sec  7.41 MBytes  62.2 Mbits/sec    8   95.5 KBytes       
[  5]  19.00-20.00  sec  2.47 MBytes  20.7 Mbits/sec    1    113 KBytes       
[  5]  20.00-21.00  sec  3.46 MBytes  29.0 Mbits/sec  118   86.3 KBytes       
[  5]  21.00-22.00  sec  11.9 MBytes  99.5 Mbits/sec   25   79.4 KBytes       
[  5]  22.00-23.00  sec  9.39 MBytes  78.8 Mbits/sec   20    181 KBytes       
[  5]  23.00-24.00  sec  10.9 MBytes  91.2 Mbits/sec   68   92.0 KBytes       
[  5]  24.00-25.00  sec  7.41 MBytes  62.2 Mbits/sec  100   81.7 KBytes       
[  5]  25.00-26.00  sec  8.90 MBytes  74.6 Mbits/sec   22    117 KBytes       
[  5]  26.00-27.00  sec  10.4 MBytes  87.1 Mbits/sec   14   80.5 KBytes       
[  5]  27.00-28.00  sec  5.93 MBytes  49.8 Mbits/sec   22   84.0 KBytes       
[  5]  28.00-29.00  sec  9.39 MBytes  78.8 Mbits/sec   48    113 KBytes       
[  5]  29.00-30.00  sec  10.4 MBytes  87.1 Mbits/sec   41    238 KBytes       
[  5]  30.00-31.00  sec  13.8 MBytes   116 Mbits/sec  174    104 KBytes       
[  5]  31.00-32.00  sec  6.92 MBytes  58.0 Mbits/sec   24    202 KBytes       
[  5]  32.00-33.00  sec  7.91 MBytes  66.4 Mbits/sec    4    181 KBytes       
[  5]  33.00-34.00  sec  4.94 MBytes  41.5 Mbits/sec   35    108 KBytes       
[  5]  34.00-35.00  sec  9.39 MBytes  78.8 Mbits/sec    0    153 KBytes       
[  5]  35.00-36.00  sec  9.89 MBytes  82.9 Mbits/sec   46   70.2 KBytes       
[  5]  36.00-37.00  sec  6.43 MBytes  53.9 Mbits/sec   27   62.1 KBytes       
[  5]  37.00-38.00  sec  1012 KBytes  8.29 Mbits/sec    1    113 KBytes       
[  5]  38.00-39.00  sec  3.95 MBytes  33.2 Mbits/sec  110    151 KBytes       
[  5]  39.00-40.00  sec  11.9 MBytes  99.5 Mbits/sec   43    121 KBytes       
[  5]  40.00-41.00  sec  3.95 MBytes  33.2 Mbits/sec   10    105 KBytes       
[  5]  41.00-42.00  sec  7.41 MBytes  62.2 Mbits/sec   33   81.7 KBytes       
[  5]  42.00-43.00  sec  13.3 MBytes   112 Mbits/sec   56    107 KBytes       
[  5]  43.00-44.00  sec  5.44 MBytes  45.6 Mbits/sec   79    104 KBytes       
[  5]  44.00-45.00  sec  17.4 MBytes   146 Mbits/sec   46   73.6 KBytes       
[  5]  45.00-46.00  sec  12.9 MBytes   108 Mbits/sec   44   63.3 KBytes       
[  5]  46.00-47.00  sec  12.4 MBytes   104 Mbits/sec   31   93.2 KBytes       
[  5]  47.00-48.00  sec  4.45 MBytes  37.3 Mbits/sec   18   92.0 KBytes       
[  5]  48.00-49.00  sec  12.4 MBytes   104 Mbits/sec   54   81.7 KBytes       
[  5]  49.00-50.00  sec  1012 KBytes  8.29 Mbits/sec   39   70.2 KBytes       
[  5]  50.00-51.00  sec  11.9 MBytes  99.5 Mbits/sec    8    106 KBytes       
[  5]  51.00-52.00  sec  14.3 MBytes   120 Mbits/sec   65   80.5 KBytes       
[  5]  52.00-53.00  sec  4.94 MBytes  41.5 Mbits/sec    7   67.9 KBytes       
[  5]  53.00-54.00  sec  3.46 MBytes  29.0 Mbits/sec    0   93.2 KBytes       
[  5]  54.00-55.00  sec  13.3 MBytes   112 Mbits/sec   28   75.9 KBytes       
[  5]  55.00-56.00  sec  9.95 MBytes  83.4 Mbits/sec   10   85.1 KBytes       
[  5]  56.00-57.00  sec  4.94 MBytes  41.5 Mbits/sec   21   89.7 KBytes       
[  5]  57.00-58.00  sec  4.45 MBytes  37.3 Mbits/sec   15   74.8 KBytes       
[  5]  58.00-59.00  sec  7.48 MBytes  62.7 Mbits/sec   12   79.4 KBytes       
[  5]  59.00-60.00  sec  5.93 MBytes  49.8 Mbits/sec   11   80.5 KBytes       
- - - - - - - - - - - - - - - - - - - - - - - - -
[ ID] Interval           Transfer     Bitrate         Retr
[  5]   0.00-60.00  sec   483 MBytes  67.5 Mbits/sec  2331             sender
[  5]   0.00-60.04  sec   483 MBytes  67.5 Mbits/sec                  receiver

iperf Done.
