Connecting to host knb-server-399109, port 5201
[  5] local 10.136.173.73 port 41849 connected to 10.43.235.199 port 5201
[ ID] Interval           Transfer     Bitrate         Total Datagrams
[  5]   0.00-1.00   sec  66.4 MBytes   557 Mbits/sec  59110  (omitted)
[  5]   0.00-1.00   sec  72.4 MBytes   608 Mbits/sec  64490  
[  5]   1.00-2.00   sec  71.4 MBytes   599 Mbits/sec  63570  
[  5]   2.00-3.00   sec  71.2 MBytes   597 Mbits/sec  63360  
[  5]   3.00-4.00   sec  72.5 MBytes   608 Mbits/sec  64520  
[  5]   4.00-5.00   sec  56.7 MBytes   475 Mbits/sec  50430  
[  5]   5.00-6.00   sec  72.4 MBytes   608 Mbits/sec  64490  
[  5]   6.00-7.00   sec  70.9 MBytes   595 Mbits/sec  63110  
[  5]   7.00-8.00   sec  71.4 MBytes   599 Mbits/sec  63570  
[  5]   8.00-9.00   sec  73.5 MBytes   616 Mbits/sec  65400  
[  5]   9.00-10.00  sec  73.4 MBytes   616 Mbits/sec  65320  
[  5]  10.00-11.00  sec  64.5 MBytes   541 Mbits/sec  57370  
[  5]  11.00-12.00  sec  71.6 MBytes   601 Mbits/sec  63720  
[  5]  12.00-13.00  sec  69.4 MBytes   582 Mbits/sec  61800  
[  5]  13.00-14.00  sec  72.4 MBytes   607 Mbits/sec  64440  
[  5]  14.00-15.00  sec  70.6 MBytes   592 Mbits/sec  62820  
[  5]  15.00-16.00  sec  71.7 MBytes   602 Mbits/sec  63840  
[  5]  16.00-17.00  sec  74.0 MBytes   621 Mbits/sec  65860  
[  5]  17.00-18.00  sec  67.2 MBytes   563 Mbits/sec  59780  
[  5]  18.00-19.00  sec  64.8 MBytes   543 Mbits/sec  57660  
[  5]  19.00-20.00  sec  72.1 MBytes   605 Mbits/sec  64160  
[  5]  20.00-21.00  sec  72.6 MBytes   609 Mbits/sec  64610  
[  5]  21.00-22.00  sec  71.5 MBytes   600 Mbits/sec  63630  
[  5]  22.00-23.00  sec  69.8 MBytes   586 Mbits/sec  62170  
[  5]  23.00-24.00  sec  71.7 MBytes   602 Mbits/sec  63840  
[  5]  24.00-25.00  sec  72.3 MBytes   607 Mbits/sec  64400  
[  5]  25.00-26.00  sec  73.6 MBytes   617 Mbits/sec  65510  
[  5]  26.00-27.00  sec  71.4 MBytes   599 Mbits/sec  63520  
[  5]  27.00-28.00  sec  71.3 MBytes   598 Mbits/sec  63450  
[  5]  28.00-29.00  sec  62.6 MBytes   525 Mbits/sec  55740  
[  5]  29.00-30.00  sec  68.6 MBytes   575 Mbits/sec  61050  
[  5]  30.00-31.00  sec  72.6 MBytes   609 Mbits/sec  64590  
[  5]  31.00-32.00  sec  73.2 MBytes   614 Mbits/sec  65140  
[  5]  32.00-33.00  sec  71.5 MBytes   600 Mbits/sec  63680  
[  5]  33.00-34.00  sec  72.2 MBytes   606 Mbits/sec  64250  
[  5]  34.00-35.00  sec  72.6 MBytes   609 Mbits/sec  64590  
[  5]  35.00-36.00  sec  73.0 MBytes   612 Mbits/sec  64940  
[  5]  36.00-37.00  sec  70.3 MBytes   590 Mbits/sec  62610  
[  5]  37.00-38.00  sec  55.2 MBytes   463 Mbits/sec  49100  
[  5]  38.00-39.00  sec  62.3 MBytes   522 Mbits/sec  55430  
[  5]  39.00-40.00  sec  72.3 MBytes   606 Mbits/sec  64350  
[  5]  40.00-41.00  sec  70.9 MBytes   594 Mbits/sec  63070  
[  5]  41.00-42.00  sec  70.6 MBytes   592 Mbits/sec  62800  
[  5]  42.00-43.00  sec  71.7 MBytes   601 Mbits/sec  63790  
[  5]  43.00-44.00  sec  71.3 MBytes   598 Mbits/sec  63450  
[  5]  44.00-45.00  sec  69.2 MBytes   580 Mbits/sec  61580  
[  5]  45.00-46.00  sec  74.0 MBytes   621 Mbits/sec  65890  
[  5]  46.00-47.00  sec  71.7 MBytes   601 Mbits/sec  63820  
[  5]  47.00-48.00  sec  64.7 MBytes   543 Mbits/sec  57570  
[  5]  48.00-49.00  sec  71.6 MBytes   601 Mbits/sec  63750  
[  5]  49.00-50.00  sec  69.3 MBytes   581 Mbits/sec  61690  
[  5]  50.00-51.00  sec  72.1 MBytes   605 Mbits/sec  64180  
[  5]  51.00-52.00  sec  68.4 MBytes   574 Mbits/sec  60890  
[  5]  52.00-53.00  sec  64.9 MBytes   544 Mbits/sec  57740  
[  5]  53.00-54.00  sec  71.0 MBytes   595 Mbits/sec  63170  
[  5]  54.00-55.00  sec  62.7 MBytes   526 Mbits/sec  55800  
[  5]  55.00-56.00  sec  64.3 MBytes   540 Mbits/sec  57280  
[  5]  56.00-57.00  sec  72.0 MBytes   604 Mbits/sec  64100  
[  5]  57.00-58.00  sec  68.5 MBytes   575 Mbits/sec  61000  
[  5]  58.00-59.00  sec  70.5 MBytes   591 Mbits/sec  62710  
[  5]  59.00-60.00  sec  71.4 MBytes   599 Mbits/sec  63550  
- - - - - - - - - - - - - - - - - - - - - - - - -
[ ID] Interval           Transfer     Bitrate         Jitter    Lost/Total Datagrams
[  5]   0.00-60.00  sec  4.10 GBytes   587 Mbits/sec  0.000 ms  0/3734140 (0%)  sender
[  5]   0.00-60.13  sec  1.85 GBytes   264 Mbits/sec  0.006 ms  2089096/3734116 (56%)  receiver

iperf Done.
