Connecting to host 10.136.80.158, port 5201
[  5] local 10.136.173.96 port 59588 connected to 10.136.80.158 port 5201
[ ID] Interval           Transfer     Bitrate         Total Datagrams
[  5]   0.00-1.00   sec  75.1 MBytes   630 Mbits/sec  66810  (omitted)
[  5]   0.00-1.00   sec  80.0 MBytes   671 Mbits/sec  71210  
[  5]   1.00-2.00   sec  81.1 MBytes   680 Mbits/sec  72190  
[  5]   2.00-3.00   sec  77.4 MBytes   649 Mbits/sec  68900  
[  5]   3.00-4.00   sec  76.0 MBytes   638 Mbits/sec  67670  
[  5]   4.00-5.00   sec  76.8 MBytes   644 Mbits/sec  68320  
[  5]   5.00-6.00   sec  78.4 MBytes   658 Mbits/sec  69770  
[  5]   6.00-7.00   sec  81.7 MBytes   686 Mbits/sec  72750  
[  5]   7.00-8.00   sec  81.0 MBytes   680 Mbits/sec  72100  
[  5]   8.00-9.00   sec  82.0 MBytes   688 Mbits/sec  73030  
[  5]   9.00-10.00  sec  81.9 MBytes   687 Mbits/sec  72880  
[  5]  10.00-11.00  sec  81.8 MBytes   686 Mbits/sec  72790  
[  5]  11.00-12.00  sec  80.7 MBytes   677 Mbits/sec  71800  
[  5]  12.00-13.00  sec  81.7 MBytes   686 Mbits/sec  72740  
[  5]  13.00-14.00  sec  82.8 MBytes   694 Mbits/sec  73690  
[  5]  14.00-15.00  sec  82.7 MBytes   693 Mbits/sec  73570  
[  5]  15.00-16.00  sec  81.3 MBytes   682 Mbits/sec  72370  
[  5]  16.00-17.00  sec  81.1 MBytes   680 Mbits/sec  72150  
[  5]  17.00-18.00  sec  79.9 MBytes   670 Mbits/sec  71140  
[  5]  18.00-19.00  sec  80.7 MBytes   677 Mbits/sec  71820  
[  5]  19.00-20.00  sec  80.9 MBytes   679 Mbits/sec  72030  
[  5]  20.00-21.00  sec  80.9 MBytes   679 Mbits/sec  72050  
[  5]  21.00-22.00  sec  81.5 MBytes   684 Mbits/sec  72530  
[  5]  22.00-23.00  sec  81.3 MBytes   682 Mbits/sec  72340  
[  5]  23.00-24.00  sec  82.7 MBytes   694 Mbits/sec  73590  
[  5]  24.00-25.00  sec  81.2 MBytes   681 Mbits/sec  72310  
[  5]  25.00-26.00  sec  82.5 MBytes   692 Mbits/sec  73420  
[  5]  26.00-27.00  sec  81.6 MBytes   685 Mbits/sec  72650  
[  5]  27.00-28.00  sec  80.2 MBytes   673 Mbits/sec  71420  
[  5]  28.00-29.00  sec  66.7 MBytes   559 Mbits/sec  59360  
[  5]  29.00-30.00  sec  71.8 MBytes   603 Mbits/sec  63930  
[  5]  30.00-31.00  sec  76.5 MBytes   641 Mbits/sec  68060  
[  5]  31.00-32.00  sec  76.2 MBytes   639 Mbits/sec  67840  
[  5]  32.00-33.00  sec  86.0 MBytes   722 Mbits/sec  76580  
[  5]  33.00-34.00  sec  78.6 MBytes   660 Mbits/sec  69990  
[  5]  34.00-35.00  sec  77.3 MBytes   648 Mbits/sec  68790  
[  5]  35.00-36.00  sec  82.5 MBytes   692 Mbits/sec  73440  
[  5]  36.00-37.00  sec  81.1 MBytes   680 Mbits/sec  72210  
[  5]  37.00-38.00  sec  80.0 MBytes   671 Mbits/sec  71170  
[  5]  38.00-39.00  sec  76.1 MBytes   639 Mbits/sec  67780  
[  5]  39.00-40.00  sec  66.0 MBytes   554 Mbits/sec  58760  
[  5]  40.00-41.00  sec  76.3 MBytes   640 Mbits/sec  67960  
[  5]  41.00-42.00  sec  75.3 MBytes   632 Mbits/sec  67060  
[  5]  42.00-43.00  sec  76.5 MBytes   642 Mbits/sec  68110  
[  5]  43.00-44.00  sec  76.3 MBytes   640 Mbits/sec  67910  
[  5]  44.00-45.00  sec  76.0 MBytes   638 Mbits/sec  67650  
[  5]  45.00-46.00  sec  75.9 MBytes   637 Mbits/sec  67560  
[  5]  46.00-47.00  sec  76.5 MBytes   642 Mbits/sec  68120  
[  5]  47.00-48.00  sec  77.2 MBytes   647 Mbits/sec  68700  
[  5]  48.00-49.00  sec  82.0 MBytes   688 Mbits/sec  72980  
[  5]  49.00-50.00  sec  81.4 MBytes   683 Mbits/sec  72430  
[  5]  50.00-51.00  sec  81.4 MBytes   683 Mbits/sec  72500  
[  5]  51.00-52.00  sec  81.3 MBytes   682 Mbits/sec  72330  
[  5]  52.00-53.00  sec  80.1 MBytes   672 Mbits/sec  71330  
[  5]  53.00-54.00  sec  83.3 MBytes   699 Mbits/sec  74160  
[  5]  54.00-55.00  sec  81.5 MBytes   684 Mbits/sec  72540  
[  5]  55.00-56.00  sec  82.0 MBytes   688 Mbits/sec  73030  
[  5]  56.00-57.00  sec  81.3 MBytes   682 Mbits/sec  72410  
[  5]  57.00-58.00  sec  80.1 MBytes   672 Mbits/sec  71280  
[  5]  58.00-59.00  sec  80.9 MBytes   678 Mbits/sec  71970  
[  5]  59.00-60.00  sec  81.5 MBytes   684 Mbits/sec  72530  
- - - - - - - - - - - - - - - - - - - - - - - - -
[ ID] Interval           Transfer     Bitrate         Jitter    Lost/Total Datagrams
[  5]   0.00-60.00  sec  4.66 GBytes   667 Mbits/sec  0.000 ms  0/4243700 (0%)  sender
[  5]   0.00-60.26  sec  2.36 GBytes   337 Mbits/sec  0.021 ms  2132815/4243398 (50%)  receiver

iperf Done.
