Connecting to host 10.136.80.176, port 5201
[  5] local 10.136.173.112 port 51312 connected to 10.136.80.176 port 5201
[ ID] Interval           Transfer     Bitrate         Total Datagrams
[  5]   0.00-1.00   sec  59.0 MBytes   495 Mbits/sec  52490  (omitted)
[  5]   0.00-1.00   sec  58.2 MBytes   488 Mbits/sec  51780  
[  5]   1.00-2.00   sec  59.9 MBytes   503 Mbits/sec  53360  
[  5]   2.00-3.00   sec  61.3 MBytes   514 Mbits/sec  54590  
[  5]   3.00-4.00   sec  58.1 MBytes   487 Mbits/sec  51700  
[  5]   4.00-5.00   sec  61.2 MBytes   513 Mbits/sec  54440  
[  5]   5.00-6.00   sec  59.1 MBytes   496 Mbits/sec  52620  
[  5]   6.00-7.00   sec  62.3 MBytes   523 Mbits/sec  55440  
[  5]   7.00-8.00   sec  58.8 MBytes   494 Mbits/sec  52380  
[  5]   8.00-9.00   sec  59.1 MBytes   495 Mbits/sec  52570  
[  5]   9.00-10.00  sec  58.2 MBytes   489 Mbits/sec  51840  
[  5]  10.00-11.00  sec  58.6 MBytes   492 Mbits/sec  52180  
[  5]  11.00-12.00  sec  65.4 MBytes   549 Mbits/sec  58220  
[  5]  12.00-13.00  sec  59.6 MBytes   500 Mbits/sec  53040  
[  5]  13.00-14.00  sec  60.7 MBytes   509 Mbits/sec  54010  
[  5]  14.00-15.00  sec  61.9 MBytes   519 Mbits/sec  55060  
[  5]  15.00-16.00  sec  62.5 MBytes   524 Mbits/sec  55590  
[  5]  16.00-17.00  sec  66.9 MBytes   561 Mbits/sec  59570  
[  5]  17.00-18.00  sec  65.0 MBytes   545 Mbits/sec  57840  
[  5]  18.00-19.00  sec  69.0 MBytes   579 Mbits/sec  61440  
[  5]  19.00-20.00  sec  58.7 MBytes   492 Mbits/sec  52240  
[  5]  20.00-21.00  sec  58.3 MBytes   489 Mbits/sec  51920  
[  5]  21.00-22.00  sec  66.7 MBytes   559 Mbits/sec  59330  
[  5]  22.00-23.00  sec  57.5 MBytes   482 Mbits/sec  51190  
[  5]  23.00-24.00  sec  61.5 MBytes   516 Mbits/sec  54710  
[  5]  24.00-25.00  sec  59.0 MBytes   495 Mbits/sec  52500  
[  5]  25.00-26.00  sec  60.8 MBytes   510 Mbits/sec  54150  
[  5]  26.00-27.00  sec  60.2 MBytes   505 Mbits/sec  53570  
[  5]  27.00-28.00  sec  59.5 MBytes   499 Mbits/sec  52920  
[  5]  28.00-29.00  sec  59.9 MBytes   502 Mbits/sec  53320  
[  5]  29.00-30.00  sec  62.2 MBytes   522 Mbits/sec  55350  
[  5]  30.00-31.00  sec  61.8 MBytes   518 Mbits/sec  54970  
[  5]  31.00-32.00  sec  60.3 MBytes   506 Mbits/sec  53680  
[  5]  32.00-33.00  sec  61.9 MBytes   519 Mbits/sec  55070  
[  5]  33.00-34.00  sec  63.2 MBytes   530 Mbits/sec  56260  
[  5]  34.00-35.00  sec  65.8 MBytes   552 Mbits/sec  58550  
[  5]  35.00-36.00  sec  61.7 MBytes   518 Mbits/sec  54960  
[  5]  36.00-37.00  sec  58.3 MBytes   489 Mbits/sec  51910  
[  5]  37.00-38.00  sec  57.7 MBytes   484 Mbits/sec  51350  
[  5]  38.00-39.00  sec  61.3 MBytes   514 Mbits/sec  54540  
[  5]  39.00-40.00  sec  58.3 MBytes   489 Mbits/sec  51890  
[  5]  40.00-41.00  sec  58.5 MBytes   491 Mbits/sec  52060  
[  5]  41.00-42.00  sec  62.6 MBytes   525 Mbits/sec  55680  
[  5]  42.00-43.00  sec  63.1 MBytes   529 Mbits/sec  56150  
[  5]  43.00-44.00  sec  65.9 MBytes   553 Mbits/sec  58640  
[  5]  44.00-45.00  sec  58.8 MBytes   493 Mbits/sec  52350  
[  5]  45.00-46.00  sec  67.2 MBytes   564 Mbits/sec  59800  
[  5]  46.00-47.00  sec  58.2 MBytes   488 Mbits/sec  51820  
[  5]  47.00-48.00  sec  62.9 MBytes   528 Mbits/sec  56020  
[  5]  48.00-49.00  sec  58.0 MBytes   486 Mbits/sec  51620  
[  5]  49.00-50.00  sec  57.6 MBytes   484 Mbits/sec  51310  
[  5]  50.00-51.00  sec  64.9 MBytes   545 Mbits/sec  57810  
[  5]  51.00-52.00  sec  58.4 MBytes   489 Mbits/sec  51940  
[  5]  52.00-53.00  sec  57.9 MBytes   486 Mbits/sec  51550  
[  5]  53.00-54.00  sec  62.8 MBytes   527 Mbits/sec  55870  
[  5]  54.00-55.00  sec  63.0 MBytes   529 Mbits/sec  56110  
[  5]  55.00-56.00  sec  58.9 MBytes   494 Mbits/sec  52430  
[  5]  56.00-57.00  sec  60.5 MBytes   507 Mbits/sec  53820  
[  5]  57.00-58.00  sec  61.4 MBytes   515 Mbits/sec  54650  
[  5]  58.00-59.00  sec  59.8 MBytes   502 Mbits/sec  53230  
[  5]  59.00-60.00  sec  58.8 MBytes   493 Mbits/sec  52320  
- - - - - - - - - - - - - - - - - - - - - - - - -
[ ID] Interval           Transfer     Bitrate         Jitter    Lost/Total Datagrams
[  5]   0.00-60.00  sec  3.57 GBytes   512 Mbits/sec  0.000 ms  0/3257230 (0%)  sender
[  5]   0.00-60.04  sec  3.48 GBytes   498 Mbits/sec  0.018 ms  87399/3257230 (2.7%)  receiver

iperf Done.
